2023-03-31 19:15:40,431 : INFO : root : Loading config.
2023-03-31 19:15:40,831 : INFO : ConfigProcessor : Config spec file cache created: /var/folders/0y/x6b2lmrx6vq3nhkjncz48nhc0000gn/T/config_spec.mpf_cache
2023-03-31 19:15:40,831 : INFO : YamlMultifileConfigLoader : Machine config file #1: config.yaml
2023-03-31 19:15:40,831 : WARNING : ConfigProcessor : Config file in cache changed: /Users/tpetch/Documents/trashland_3/config/config.yaml
2023-03-31 19:15:40,831 : INFO : ConfigProcessor : Loading config from file /Users/tpetch/.local/pipx/venvs/mpf/lib/python3.9/site-packages/mpf/mpfconfig.yaml.
2023-03-31 19:15:40,902 : INFO : ConfigProcessor : Loading config: /Users/tpetch/.local/pipx/venvs/mpf/lib/python3.9/site-packages/mpf/mpfconfig.yaml
2023-03-31 19:15:40,903 : INFO : ConfigProcessor : Loading config from file /Users/tpetch/Documents/trashland_3/config/config.yaml.
2023-03-31 19:15:41,034 : INFO : ConfigProcessor : Loading config: /Users/tpetch/Documents/trashland_3/config/config.yaml
2023-03-31 19:15:41,038 : INFO : ConfigProcessor : Config file cache created: /var/folders/0y/x6b2lmrx6vq3nhkjncz48nhc0000gn/T/28c67afebeedf0bcd540f5dc9898a885.mpf_cache
2023-03-31 19:15:41,105 : INFO : ConfigProcessor : Loading config from cache: /var/folders/0y/x6b2lmrx6vq3nhkjncz48nhc0000gn/T/0c88cc6e742c1d6ff62a4ddd2bb23fa0.mpf_cache
2023-03-31 19:15:41,106 : INFO : ConfigProcessor : Loading config from cache: /var/folders/0y/x6b2lmrx6vq3nhkjncz48nhc0000gn/T/d3948d842c6309f14ab557c3c72320d0.mpf_cache
2023-03-31 19:15:41,106 : INFO : Machine : Mission Pinball Framework Core Engine v0.56.1.dev4
2023-03-31 19:15:41,106 : INFO : Machine : Command line arguments: {'no_load_cache': False, 'create_config_cache': True, 'bcp': False, 'configfile': ['config.yaml'], 'force_assets_load': False, 'jsonlogging': False, 'logfile': 'logs/2023-03-31-19-15-40-mpf-Tanners-MacBook-Pro-2.local.log', 'pause': False, 'production': False, 'text_ui': True, 'loglevel': 15, 'consoleloglevel': 20, 'force_platform': None, 'syslog_address': None, 'mc_file_name': None, 'no_sound': False}
2023-03-31 19:15:41,107 : INFO : Machine : MPF path: /Users/tpetch/.local/pipx/venvs/mpf/lib/python3.9/site-packages/mpf
2023-03-31 19:15:41,107 : INFO : Machine : Machine path: /Users/tpetch/Documents/trashland_3
2023-03-31 19:15:41,107 : INFO : Machine : Platform: darwin
2023-03-31 19:15:41,107 : INFO : Machine : Python executable location: /Users/tpetch/.local/pipx/venvs/mpf/bin/python
2023-03-31 19:15:41,107 : INFO : Machine : Python version: 3.9.13 (64-bit)
2023-03-31 19:15:41,115 : INFO : Machine : Initialise MPF.
2023-03-31 19:15:41,195 : INFO : [NET] : Trying to connect to /dev/tty.usbmodem14101 at 921600bps
2023-03-31 19:15:41,200 : INFO : [NET] : Connected to /dev/tty.usbmodem14101 at 921600bps
2023-03-31 19:15:41,213 : INFO : [NET] : Connected to FP-CPU-2000 with firmware v02.06
2023-03-31 19:15:41,213 : INFO : EventManager : Event: ======'machine_var_fast_net_firmware'====== Args={'value': '02.06', 'prev_value': None, 'change': True}
2023-03-31 19:15:41,213 : INFO : EventManager : Event: ======'machine_var_fast_net_model'====== Args={'value': 'FP-CPU-2000', 'prev_value': None, 'change': True}
2023-03-31 19:15:41,216 : INFO : [NET] : Registered I/O Board 0: Model: FP-I/O-0804, Firmware: 01.09, Switches: 8, Drivers: 4
2023-03-31 19:15:41,218 : INFO : [NET] : Registered I/O Board 1: Model: FP-I/O-0804, Firmware: 01.09, Switches: 8, Drivers: 4
2023-03-31 19:15:41,220 : INFO : [NET] : Registered I/O Board 2: Model: FP-I/O-3208, Firmware: 01.09, Switches: 32, Drivers: 8
2023-03-31 19:15:41,221 : INFO : [NET] : Registered I/O Board 3: Model: FP-I/O-1616, Firmware: 01.09, Switches: 16, Drivers: 16
2023-03-31 19:15:41,223 : INFO : [NET] : Registered I/O Board 4: Model: FP-I/O-3208, Firmware: 01.09, Switches: 32, Drivers: 8
2023-03-31 19:15:41,225 : INFO : [EXP] : Trying to connect to /dev/tty.usbmodem14103 at 921600bps
2023-03-31 19:15:41,229 : INFO : [EXP] : Connected to /dev/tty.usbmodem14103 at 921600bps
2023-03-31 19:15:41,235 : INFO : EventManager : Event: ======'machine_var_credits_string'====== Args={'value': 'FREE PLAY', 'prev_value': None, 'change': True}
2023-03-31 19:15:41,273 : INFO : EventManager : Event: ======'machine_var_master_volume'====== Args={'value': 0.5, 'prev_value': None, 'change': True}
2023-03-31 19:15:41,273 : INFO : EventManager : Event: ======'machine_var_mpf_version'====== Args={'value': 'MPF v0.56.1.dev4', 'prev_value': None, 'change': True}
2023-03-31 19:15:41,273 : INFO : EventManager : Event: ======'machine_var_mpf_extended_version'====== Args={'value': 'MPF v0.56.1.dev4, Config version:5, Show version: 5, BCP version:1.1', 'prev_value': None, 'change': True}
2023-03-31 19:15:41,273 : INFO : EventManager : Event: ======'machine_var_python_version'====== Args={'value': '3.9.13', 'prev_value': None, 'change': True}
2023-03-31 19:15:41,287 : INFO : EventManager : Event: ======'machine_var_platform'====== Args={'value': 'macOS-10.16-x86_64-i386-64bit', 'prev_value': None, 'change': True}
2023-03-31 19:15:41,287 : INFO : EventManager : Event: ======'machine_var_platform_system'====== Args={'value': 'Darwin', 'prev_value': None, 'change': True}
2023-03-31 19:15:41,287 : INFO : EventManager : Event: ======'machine_var_platform_release'====== Args={'value': '22.2.0', 'prev_value': None, 'change': True}
2023-03-31 19:15:41,287 : INFO : EventManager : Event: ======'machine_var_platform_version'====== Args={'value': 'Darwin Kernel Version 22.2.0: Fri Nov 11 02:08:47 PST 2022; root:xnu-8792.61.2~4/RELEASE_X86_64', 'prev_value': None, 'change': True}
2023-03-31 19:15:41,287 : INFO : EventManager : Event: ======'machine_var_platform_machine'====== Args={'value': 'x86_64', 'prev_value': None, 'change': True}
2023-03-31 19:15:41,288 : INFO : EventManager : Event: ======'init_phase_1'====== Args={}
2023-03-31 19:15:41,358 : INFO : EventManager : Event: ======'init_phase_2'====== Args={}
2023-03-31 19:15:41,359 : INFO : SwitchController : Found active switch: (('08', 0), <Platform.FAST>) <switch.s_l_vuk>
2023-03-31 19:15:41,359 : INFO : SwitchController : Found active switch: (('10', 0), <Platform.FAST>) <switch.s_inlane_left>
2023-03-31 19:15:41,359 : INFO : SwitchController : Found active switch: (('12', 0), <Platform.FAST>) <switch.s_inlane_right>
2023-03-31 19:15:41,359 : INFO : SwitchController : Found active switch: (('11', 0), <Platform.FAST>) <switch.s_outlane_left>
2023-03-31 19:15:41,359 : INFO : SwitchController : Found active switch: (('13', 0), <Platform.FAST>) <switch.s_outlane_right>
2023-03-31 19:15:41,360 : INFO : SwitchController : Found active switch: (('1D', 0), <Platform.FAST>) <switch.s_trough_1>
2023-03-31 19:15:41,360 : INFO : SwitchController : Found active switch: (('35', 0), <Platform.FAST>) <switch.s_drop_mid_left>
2023-03-31 19:15:41,360 : INFO : SwitchController : Found active switch: (('36', 0), <Platform.FAST>) <switch.s_drop_mid_center>
2023-03-31 19:15:41,360 : INFO : SwitchController : Found active switch: (('37', 0), <Platform.FAST>) <switch.s_drop_mid_right>
2023-03-31 19:15:41,360 : INFO : SwitchController : Found active switch: (('39', 0), <Platform.FAST>) <switch.s_drop_right_right>
2023-03-31 19:15:41,360 : INFO : SwitchController : Found active switch: (('3A', 0), <Platform.FAST>) <switch.s_drop_right_left>
2023-03-31 19:15:41,360 : INFO : SwitchController : Found active switch: (('3C', 0), <Platform.FAST>) <switch.s_rollover_right>
2023-03-31 19:15:41,364 : INFO : ball_device.bd_vuk_back : BCH: Initial count: 0
2023-03-31 19:15:41,365 : INFO : ball_device.bd_vuk_back : State: idle
2023-03-31 19:15:41,366 : INFO : ball_device.bd_vuk_right : BCH: Initial count: 0
2023-03-31 19:15:41,366 : INFO : ball_device.bd_vuk_right : State: idle
2023-03-31 19:15:41,367 : INFO : ball_device.bd_vuk_bot : BCH: Initial count: 1
2023-03-31 19:15:41,368 : INFO : ball_device.bd_vuk_bot : State: idle
2023-03-31 19:15:41,369 : INFO : ball_device.bd_trough : BCH: Initial count: 1
2023-03-31 19:15:41,369 : INFO : ball_device.bd_trough : State: idle
2023-03-31 19:15:41,370 : INFO : ball_device.bd_plunger : BCH: Initial count: 0
2023-03-31 19:15:41,370 : INFO : ball_device.bd_plunger : State: idle
2023-03-31 19:15:41,385 : INFO : EventManager : Event: ======'init_phase_3'====== Args={}
2023-03-31 19:15:41,389 : INFO : EventManager : Event: ======'init_phase_4'====== Args={}
2023-03-31 19:15:41,389 : INFO : BallController : Initial balls found: 2
2023-03-31 19:15:41,391 : INFO : EventManager : Event: ======'machine_var_audits_events_game_ended'====== Args={'value': 0, 'prev_value': None, 'change': True}
2023-03-31 19:15:41,391 : INFO : EventManager : Event: ======'machine_var_audits_events_game_started'====== Args={'value': 7, 'prev_value': None, 'change': True}
2023-03-31 19:15:41,391 : INFO : EventManager : Event: ======'machine_var_audits_player_score'====== Args={'value': {'average': 0, 'top': [], 'total': 0}, 'prev_value': None, 'change': True}
2023-03-31 19:15:41,392 : INFO : EventManager : Event: ======'machine_var_audits_switches_s_autolauncher'====== Args={'value': 12, 'prev_value': None, 'change': True}
2023-03-31 19:15:41,392 : INFO : EventManager : Event: ======'machine_var_audits_switches_s_b_eos'====== Args={'value': 139, 'prev_value': None, 'change': True}
2023-03-31 19:15:41,392 : INFO : EventManager : Event: ======'machine_var_audits_switches_s_b_pop'====== Args={'value': 32, 'prev_value': None, 'change': True}
2023-03-31 19:15:41,392 : INFO : EventManager : Event: ======'machine_var_audits_switches_s_b_rollover_interchange'====== Args={'value': 2, 'prev_value': None, 'change': True}
2023-03-31 19:15:41,392 : INFO : EventManager : Event: ======'machine_var_audits_switches_s_b_rollover_loop'====== Args={'value': 1, 'prev_value': None, 'change': True}
2023-03-31 19:15:41,392 : INFO : EventManager : Event: ======'machine_var_audits_switches_s_b_rollover_misc'====== Args={'value': 2, 'prev_value': None, 'change': True}
2023-03-31 19:15:41,392 : INFO : EventManager : Event: ======'machine_var_audits_switches_s_b_target_left'====== Args={'value': 1, 'prev_value': None, 'change': True}
2023-03-31 19:15:41,392 : INFO : EventManager : Event: ======'machine_var_audits_switches_s_b_target_right'====== Args={'value': 2, 'prev_value': None, 'change': True}
2023-03-31 19:15:41,392 : INFO : EventManager : Event: ======'machine_var_audits_switches_s_drop_mid_center'====== Args={'value': 0, 'prev_value': None, 'change': True}
2023-03-31 19:15:41,392 : INFO : EventManager : Event: ======'machine_var_audits_switches_s_drop_mid_left'====== Args={'value': 0, 'prev_value': None, 'change': True}
2023-03-31 19:15:41,393 : INFO : EventManager : Event: ======'machine_var_audits_switches_s_drop_mid_right'====== Args={'value': 0, 'prev_value': None, 'change': True}
2023-03-31 19:15:41,393 : INFO : EventManager : Event: ======'machine_var_audits_switches_s_drop_right_left'====== Args={'value': 0, 'prev_value': None, 'change': True}
2023-03-31 19:15:41,393 : INFO : EventManager : Event: ======'machine_var_audits_switches_s_drop_right_right'====== Args={'value': 0, 'prev_value': None, 'change': True}
2023-03-31 19:15:41,393 : INFO : EventManager : Event: ======'machine_var_audits_switches_s_drop_scoop'====== Args={'value': 0, 'prev_value': None, 'change': True}
2023-03-31 19:15:41,393 : INFO : EventManager : Event: ======'machine_var_audits_switches_s_drop_single'====== Args={'value': 1, 'prev_value': None, 'change': True}
2023-03-31 19:15:41,393 : INFO : EventManager : Event: ======'machine_var_audits_switches_s_flip_left_eos'====== Args={'value': 997, 'prev_value': None, 'change': True}
2023-03-31 19:15:41,393 : INFO : EventManager : Event: ======'machine_var_audits_switches_s_flip_left_top_eos'====== Args={'value': 61, 'prev_value': None, 'change': True}
2023-03-31 19:15:41,394 : INFO : EventManager : Event: ======'machine_var_audits_switches_s_flip_right_eos'====== Args={'value': 140, 'prev_value': None, 'change': True}
2023-03-31 19:15:41,394 : INFO : EventManager : Event: ======'machine_var_audits_switches_s_inlane_left'====== Args={'value': 0, 'prev_value': None, 'change': True}
2023-03-31 19:15:41,394 : INFO : EventManager : Event: ======'machine_var_audits_switches_s_inlane_right'====== Args={'value': 1, 'prev_value': None, 'change': True}
2023-03-31 19:15:41,394 : INFO : EventManager : Event: ======'machine_var_audits_switches_s_l_rollover'====== Args={'value': 1, 'prev_value': None, 'change': True}
2023-03-31 19:15:41,394 : INFO : EventManager : Event: ======'machine_var_audits_switches_s_l_target_far'====== Args={'value': 1, 'prev_value': None, 'change': True}
2023-03-31 19:15:41,394 : INFO : EventManager : Event: ======'machine_var_audits_switches_s_l_target_large'====== Args={'value': 1, 'prev_value': None, 'change': True}
2023-03-31 19:15:41,394 : INFO : EventManager : Event: ======'machine_var_audits_switches_s_l_target_left'====== Args={'value': 2, 'prev_value': None, 'change': True}
2023-03-31 19:15:41,395 : INFO : EventManager : Event: ======'machine_var_audits_switches_s_l_target_right'====== Args={'value': 1, 'prev_value': None, 'change': True}
2023-03-31 19:15:41,395 : INFO : EventManager : Event: ======'machine_var_audits_switches_s_l_vuk'====== Args={'value': 5, 'prev_value': None, 'change': True}
2023-03-31 19:15:41,395 : INFO : EventManager : Event: ======'machine_var_audits_switches_s_launch'====== Args={'value': 20, 'prev_value': None, 'change': True}
2023-03-31 19:15:41,395 : INFO : EventManager : Event: ======'machine_var_audits_switches_s_left_flipper_1'====== Args={'value': 73, 'prev_value': None, 'change': True}
2023-03-31 19:15:41,395 : INFO : EventManager : Event: ======'machine_var_audits_switches_s_left_flipper_2'====== Args={'value': 121, 'prev_value': None, 'change': True}
2023-03-31 19:15:41,395 : INFO : EventManager : Event: ======'machine_var_audits_switches_s_lock_1'====== Args={'value': 1, 'prev_value': None, 'change': True}
2023-03-31 19:15:41,395 : INFO : EventManager : Event: ======'machine_var_audits_switches_s_lock_2'====== Args={'value': 1, 'prev_value': None, 'change': True}
2023-03-31 19:15:41,396 : INFO : EventManager : Event: ======'machine_var_audits_switches_s_lock_3'====== Args={'value': 1, 'prev_value': None, 'change': True}
2023-03-31 19:15:41,396 : INFO : EventManager : Event: ======'machine_var_audits_switches_s_outlane_left'====== Args={'value': 0, 'prev_value': None, 'change': True}
2023-03-31 19:15:41,396 : INFO : EventManager : Event: ======'machine_var_audits_switches_s_outlane_right'====== Args={'value': 1, 'prev_value': None, 'change': True}
2023-03-31 19:15:41,396 : INFO : EventManager : Event: ======'machine_var_audits_switches_s_pop_left'====== Args={'value': 8, 'prev_value': None, 'change': True}
2023-03-31 19:15:41,396 : INFO : EventManager : Event: ======'machine_var_audits_switches_s_pop_lower'====== Args={'value': 21, 'prev_value': None, 'change': True}
2023-03-31 19:15:41,396 : INFO : EventManager : Event: ======'machine_var_audits_switches_s_pop_right'====== Args={'value': 19, 'prev_value': None, 'change': True}
2023-03-31 19:15:41,397 : INFO : EventManager : Event: ======'machine_var_audits_switches_s_right_flipper_1'====== Args={'value': 178, 'prev_value': None, 'change': True}
2023-03-31 19:15:41,397 : INFO : EventManager : Event: ======'machine_var_audits_switches_s_right_flipper_2'====== Args={'value': 541, 'prev_value': None, 'change': True}
2023-03-31 19:15:41,397 : INFO : EventManager : Event: ======'machine_var_audits_switches_s_rollover_left'====== Args={'value': 23, 'prev_value': None, 'change': True}
2023-03-31 19:15:41,397 : INFO : EventManager : Event: ======'machine_var_audits_switches_s_rollover_right'====== Args={'value': 480, 'prev_value': None, 'change': True}
2023-03-31 19:15:41,398 : INFO : EventManager : Event: ======'machine_var_audits_switches_s_sling_left'====== Args={'value': 2, 'prev_value': None, 'change': True}
2023-03-31 19:15:41,398 : INFO : EventManager : Event: ======'machine_var_audits_switches_s_sling_right'====== Args={'value': 6, 'prev_value': None, 'change': True}
2023-03-31 19:15:41,398 : INFO : EventManager : Event: ======'machine_var_audits_switches_s_start'====== Args={'value': 5, 'prev_value': None, 'change': True}
2023-03-31 19:15:41,398 : INFO : EventManager : Event: ======'machine_var_audits_switches_s_tilt'====== Args={'value': 1, 'prev_value': None, 'change': True}
2023-03-31 19:15:41,399 : INFO : EventManager : Event: ======'machine_var_audits_switches_s_trough_1'====== Args={'value': 0, 'prev_value': None, 'change': True}
2023-03-31 19:15:41,399 : INFO : EventManager : Event: ======'machine_var_audits_switches_s_trough_2'====== Args={'value': 6, 'prev_value': None, 'change': True}
2023-03-31 19:15:41,399 : INFO : EventManager : Event: ======'machine_var_audits_switches_s_trough_3'====== Args={'value': 4, 'prev_value': None, 'change': True}
2023-03-31 19:15:41,399 : INFO : EventManager : Event: ======'machine_var_audits_switches_s_trough_4'====== Args={'value': 4, 'prev_value': None, 'change': True}
2023-03-31 19:15:41,399 : INFO : EventManager : Event: ======'machine_var_audits_switches_s_trough_5'====== Args={'value': 4, 'prev_value': None, 'change': True}
2023-03-31 19:15:41,400 : INFO : EventManager : Event: ======'machine_var_audits_switches_s_trough_6'====== Args={'value': 4, 'prev_value': None, 'change': True}
2023-03-31 19:15:41,400 : INFO : EventManager : Event: ======'machine_var_audits_switches_s_trough_jam'====== Args={'value': 10, 'prev_value': None, 'change': True}
2023-03-31 19:15:41,400 : INFO : EventManager : Event: ======'machine_var_audits_switches_s_vuk_back'====== Args={'value': 10, 'prev_value': None, 'change': True}
2023-03-31 19:15:41,401 : INFO : EventManager : Event: ======'machine_var_audits_switches_s_vuk_right'====== Args={'value': 0, 'prev_value': None, 'change': True}
2023-03-31 19:15:41,415 : INFO : EventManager : Event: ======'init_phase_5'====== Args={}
2023-03-31 19:15:41,415 : INFO : EventManager : Event: ======'init_done'====== Args={}
2023-03-31 19:15:41,416 : INFO : EventManager : Event: ======'machine_reset_phase_1'====== Args={}
2023-03-31 19:15:41,417 : INFO : EventManager : Event: ======'machine_reset_phase_2'====== Args={}
2023-03-31 19:15:41,418 : INFO : EventManager : Event: ======'machine_reset_phase_3'====== Args={}
2023-03-31 19:15:41,420 : INFO : EventManager : Event: ======'reset_complete'====== Args={}
2023-03-31 19:15:41,420 : INFO : EventManager : Event: ======'mode_attract_will_start'====== Args={}
2023-03-31 19:15:41,420 : INFO : EventManager : Event: ======'mode_attract_starting'====== Args={}
2023-03-31 19:15:41,420 : INFO : Mode.attract : Started. Priority: 10
2023-03-31 19:15:41,420 : INFO : EventManager : Event: ======'modes_active_modes_changed'====== Args={}
2023-03-31 19:15:41,420 : INFO : EventManager : Event: ======'mode_attract_started'====== Args={}
2023-03-31 19:15:41,421 : INFO : EventManager : Event: ======'collecting_balls'====== Args={}
2023-03-31 19:15:41,421 : INFO : ball_device.bd_vuk_bot : Adding 1 ball(s) to the eject_queue with target <playfield.playfield>.
2023-03-31 19:15:41,421 : INFO : EventManager : Event: ======'balldevice_balls_available'====== Args={}
2023-03-31 19:15:41,422 : INFO : Machine : Starting the main run loop.
2023-03-31 19:15:41,422 : INFO : ball_device.bd_vuk_bot : State: waiting_for_target_ready
2023-03-31 19:15:41,422 : INFO : EventManager : Event: ======'balldevice_bd_vuk_bot_ball_eject_attempt'====== Args={'balls': 1, 'target': <playfield.playfield>, 'source': <ball_device.bd_vuk_bot>, 'mechanical_eject': False, 'num_attempts': 0}
2023-03-31 19:15:41,423 : INFO : ball_device.bd_vuk_bot : State: ejecting
2023-03-31 19:15:41,423 : INFO : ball_device.bd_vuk_bot : Ejecting ball to <playfield.playfield>
2023-03-31 19:15:41,423 : INFO : EventManager : Event: ======'balldevice_bd_vuk_bot_ejecting_ball'====== Args={'balls': 1, 'target': <playfield.playfield>, 'source': <ball_device.bd_vuk_bot>, 'mechanical_eject': False, 'num_attempts': 0}
2023-03-31 19:15:41,423 : INFO : ball_device.bd_vuk_bot : Wait for ball to leave device
2023-03-31 19:15:41,423 : INFO : coil.c_l_vuk : Pulsing Driver for 120ms (1.0 pulse_power)
2023-03-31 19:15:43,423 : INFO : EventManager : Event: ======'balldevice_bd_vuk_bot_ball_eject_failed'====== Args={'target': <playfield.playfield>, 'balls': 1, 'retry': True, 'num_attempts': 1}
2023-03-31 19:15:43,423 : INFO : ball_device.bd_vuk_bot : State: waiting_for_target_ready
2023-03-31 19:15:43,423 : INFO : EventManager : Event: ======'balldevice_bd_vuk_bot_ball_eject_attempt'====== Args={'balls': 1, 'target': <playfield.playfield>, 'source': <ball_device.bd_vuk_bot>, 'mechanical_eject': False, 'num_attempts': 1}
2023-03-31 19:15:43,424 : INFO : ball_device.bd_vuk_bot : State: ejecting
2023-03-31 19:15:43,424 : INFO : ball_device.bd_vuk_bot : Ejecting ball to <playfield.playfield>
2023-03-31 19:15:43,424 : INFO : EventManager : Event: ======'balldevice_bd_vuk_bot_ejecting_ball'====== Args={'balls': 1, 'target': <playfield.playfield>, 'source': <ball_device.bd_vuk_bot>, 'mechanical_eject': False, 'num_attempts': 1}
2023-03-31 19:15:43,424 : INFO : ball_device.bd_vuk_bot : Wait for ball to leave device
2023-03-31 19:15:43,424 : INFO : coil.c_l_vuk : Pulsing Driver for 120ms (1.0 pulse_power)
2023-03-31 19:15:45,425 : INFO : EventManager : Event: ======'balldevice_bd_vuk_bot_ball_eject_failed'====== Args={'target': <playfield.playfield>, 'balls': 1, 'retry': True, 'num_attempts': 2}
2023-03-31 19:15:45,425 : INFO : ball_device.bd_vuk_bot : State: waiting_for_target_ready
2023-03-31 19:15:45,425 : INFO : EventManager : Event: ======'balldevice_bd_vuk_bot_ball_eject_attempt'====== Args={'balls': 1, 'target': <playfield.playfield>, 'source': <ball_device.bd_vuk_bot>, 'mechanical_eject': False, 'num_attempts': 2}
2023-03-31 19:15:45,426 : INFO : ball_device.bd_vuk_bot : State: ejecting
2023-03-31 19:15:45,426 : INFO : ball_device.bd_vuk_bot : Ejecting ball to <playfield.playfield>
2023-03-31 19:15:45,426 : INFO : EventManager : Event: ======'balldevice_bd_vuk_bot_ejecting_ball'====== Args={'balls': 1, 'target': <playfield.playfield>, 'source': <ball_device.bd_vuk_bot>, 'mechanical_eject': False, 'num_attempts': 2}
2023-03-31 19:15:45,426 : INFO : ball_device.bd_vuk_bot : Wait for ball to leave device
2023-03-31 19:15:45,426 : INFO : coil.c_l_vuk : Pulsing Driver for 120ms (1.0 pulse_power)
2023-03-31 19:15:47,427 : INFO : EventManager : Event: ======'balldevice_bd_vuk_bot_ball_eject_failed'====== Args={'target': <playfield.playfield>, 'balls': 1, 'retry': True, 'num_attempts': 3}
2023-03-31 19:15:47,428 : INFO : ball_device.bd_vuk_bot : State: waiting_for_target_ready
2023-03-31 19:15:47,428 : INFO : EventManager : Event: ======'balldevice_bd_vuk_bot_ball_eject_attempt'====== Args={'balls': 1, 'target': <playfield.playfield>, 'source': <ball_device.bd_vuk_bot>, 'mechanical_eject': False, 'num_attempts': 3}
2023-03-31 19:15:47,428 : INFO : ball_device.bd_vuk_bot : State: ejecting
2023-03-31 19:15:47,428 : INFO : ball_device.bd_vuk_bot : Ejecting ball to <playfield.playfield>
2023-03-31 19:15:47,428 : INFO : EventManager : Event: ======'balldevice_bd_vuk_bot_ejecting_ball'====== Args={'balls': 1, 'target': <playfield.playfield>, 'source': <ball_device.bd_vuk_bot>, 'mechanical_eject': False, 'num_attempts': 3}
2023-03-31 19:15:47,429 : INFO : ball_device.bd_vuk_bot : Wait for ball to leave device
2023-03-31 19:15:47,429 : INFO : coil.c_l_vuk : Pulsing Driver for 120ms (1.0 pulse_power)
2023-03-31 19:15:49,430 : INFO : EventManager : Event: ======'balldevice_bd_vuk_bot_ball_eject_failed'====== Args={'target': <playfield.playfield>, 'balls': 1, 'retry': True, 'num_attempts': 4}
2023-03-31 19:15:49,431 : INFO : ball_device.bd_vuk_bot : State: waiting_for_target_ready
2023-03-31 19:15:49,431 : INFO : EventManager : Event: ======'balldevice_bd_vuk_bot_ball_eject_attempt'====== Args={'balls': 1, 'target': <playfield.playfield>, 'source': <ball_device.bd_vuk_bot>, 'mechanical_eject': False, 'num_attempts': 4}
2023-03-31 19:15:49,431 : INFO : ball_device.bd_vuk_bot : State: ejecting
2023-03-31 19:15:49,431 : INFO : ball_device.bd_vuk_bot : Ejecting ball to <playfield.playfield>
2023-03-31 19:15:49,431 : INFO : EventManager : Event: ======'balldevice_bd_vuk_bot_ejecting_ball'====== Args={'balls': 1, 'target': <playfield.playfield>, 'source': <ball_device.bd_vuk_bot>, 'mechanical_eject': False, 'num_attempts': 4}
2023-03-31 19:15:49,432 : INFO : ball_device.bd_vuk_bot : Wait for ball to leave device
2023-03-31 19:15:49,432 : INFO : coil.c_l_vuk : Pulsing Driver for 120ms (1.0 pulse_power)
2023-03-31 19:15:49,465 : INFO : BcpServer : New client connected.
2023-03-31 19:15:51,432 : INFO : EventManager : Event: ======'balldevice_bd_vuk_bot_ball_eject_failed'====== Args={'target': <playfield.playfield>, 'balls': 1, 'retry': True, 'num_attempts': 5}
2023-03-31 19:15:51,433 : INFO : ball_device.bd_vuk_bot : State: waiting_for_target_ready
2023-03-31 19:15:51,433 : INFO : EventManager : Event: ======'balldevice_bd_vuk_bot_ball_eject_attempt'====== Args={'balls': 1, 'target': <playfield.playfield>, 'source': <ball_device.bd_vuk_bot>, 'mechanical_eject': False, 'num_attempts': 5}
2023-03-31 19:15:51,434 : INFO : ball_device.bd_vuk_bot : State: ejecting
2023-03-31 19:15:51,434 : INFO : ball_device.bd_vuk_bot : Ejecting ball to <playfield.playfield>
2023-03-31 19:15:51,434 : INFO : EventManager : Event: ======'balldevice_bd_vuk_bot_ejecting_ball'====== Args={'balls': 1, 'target': <playfield.playfield>, 'source': <ball_device.bd_vuk_bot>, 'mechanical_eject': False, 'num_attempts': 5}
2023-03-31 19:15:51,435 : INFO : ball_device.bd_vuk_bot : Wait for ball to leave device
2023-03-31 19:15:51,435 : INFO : coil.c_l_vuk : Pulsing Driver for 120ms (1.0 pulse_power)
2023-03-31 19:15:53,436 : INFO : EventManager : Event: ======'balldevice_bd_vuk_bot_ball_eject_failed'====== Args={'target': <playfield.playfield>, 'balls': 1, 'retry': True, 'num_attempts': 6}
2023-03-31 19:15:53,437 : INFO : ball_device.bd_vuk_bot : State: waiting_for_target_ready
2023-03-31 19:15:53,437 : INFO : EventManager : Event: ======'balldevice_bd_vuk_bot_ball_eject_attempt'====== Args={'balls': 1, 'target': <playfield.playfield>, 'source': <ball_device.bd_vuk_bot>, 'mechanical_eject': False, 'num_attempts': 6}
2023-03-31 19:15:53,437 : INFO : ball_device.bd_vuk_bot : State: ejecting
2023-03-31 19:15:53,437 : INFO : ball_device.bd_vuk_bot : Ejecting ball to <playfield.playfield>
2023-03-31 19:15:53,437 : INFO : EventManager : Event: ======'balldevice_bd_vuk_bot_ejecting_ball'====== Args={'balls': 1, 'target': <playfield.playfield>, 'source': <ball_device.bd_vuk_bot>, 'mechanical_eject': False, 'num_attempts': 6}
2023-03-31 19:15:53,438 : INFO : ball_device.bd_vuk_bot : Wait for ball to leave device
2023-03-31 19:15:53,438 : INFO : coil.c_l_vuk : Pulsing Driver for 120ms (1.0 pulse_power)
2023-03-31 19:15:55,438 : INFO : EventManager : Event: ======'balldevice_bd_vuk_bot_ball_eject_failed'====== Args={'target': <playfield.playfield>, 'balls': 1, 'retry': True, 'num_attempts': 7}
2023-03-31 19:15:55,439 : INFO : ball_device.bd_vuk_bot : State: waiting_for_target_ready
2023-03-31 19:15:55,439 : INFO : EventManager : Event: ======'balldevice_bd_vuk_bot_ball_eject_attempt'====== Args={'balls': 1, 'target': <playfield.playfield>, 'source': <ball_device.bd_vuk_bot>, 'mechanical_eject': False, 'num_attempts': 7}
2023-03-31 19:15:55,440 : INFO : ball_device.bd_vuk_bot : State: ejecting
2023-03-31 19:15:55,440 : INFO : ball_device.bd_vuk_bot : Ejecting ball to <playfield.playfield>
2023-03-31 19:15:55,440 : INFO : EventManager : Event: ======'balldevice_bd_vuk_bot_ejecting_ball'====== Args={'balls': 1, 'target': <playfield.playfield>, 'source': <ball_device.bd_vuk_bot>, 'mechanical_eject': False, 'num_attempts': 7}
2023-03-31 19:15:55,441 : INFO : ball_device.bd_vuk_bot : Wait for ball to leave device
2023-03-31 19:15:55,441 : INFO : coil.c_l_vuk : Pulsing Driver for 120ms (1.0 pulse_power)
2023-03-31 19:15:57,441 : INFO : EventManager : Event: ======'balldevice_bd_vuk_bot_ball_eject_failed'====== Args={'target': <playfield.playfield>, 'balls': 1, 'retry': True, 'num_attempts': 8}
2023-03-31 19:15:57,442 : INFO : ball_device.bd_vuk_bot : State: waiting_for_target_ready
2023-03-31 19:15:57,442 : INFO : EventManager : Event: ======'balldevice_bd_vuk_bot_ball_eject_attempt'====== Args={'balls': 1, 'target': <playfield.playfield>, 'source': <ball_device.bd_vuk_bot>, 'mechanical_eject': False, 'num_attempts': 8}
2023-03-31 19:15:57,442 : INFO : ball_device.bd_vuk_bot : State: ejecting
2023-03-31 19:15:57,442 : INFO : ball_device.bd_vuk_bot : Ejecting ball to <playfield.playfield>
2023-03-31 19:15:57,442 : INFO : EventManager : Event: ======'balldevice_bd_vuk_bot_ejecting_ball'====== Args={'balls': 1, 'target': <playfield.playfield>, 'source': <ball_device.bd_vuk_bot>, 'mechanical_eject': False, 'num_attempts': 8}
2023-03-31 19:15:57,443 : INFO : ball_device.bd_vuk_bot : Wait for ball to leave device
2023-03-31 19:15:57,443 : INFO : coil.c_l_vuk : Pulsing Driver for 120ms (1.0 pulse_power)
2023-03-31 19:15:59,445 : INFO : EventManager : Event: ======'balldevice_bd_vuk_bot_ball_eject_failed'====== Args={'target': <playfield.playfield>, 'balls': 1, 'retry': True, 'num_attempts': 9}
2023-03-31 19:15:59,446 : INFO : ball_device.bd_vuk_bot : State: waiting_for_target_ready
2023-03-31 19:15:59,446 : INFO : EventManager : Event: ======'balldevice_bd_vuk_bot_ball_eject_attempt'====== Args={'balls': 1, 'target': <playfield.playfield>, 'source': <ball_device.bd_vuk_bot>, 'mechanical_eject': False, 'num_attempts': 9}
2023-03-31 19:15:59,447 : INFO : ball_device.bd_vuk_bot : State: ejecting
2023-03-31 19:15:59,447 : INFO : ball_device.bd_vuk_bot : Ejecting ball to <playfield.playfield>
2023-03-31 19:15:59,447 : INFO : EventManager : Event: ======'balldevice_bd_vuk_bot_ejecting_ball'====== Args={'balls': 1, 'target': <playfield.playfield>, 'source': <ball_device.bd_vuk_bot>, 'mechanical_eject': False, 'num_attempts': 9}
2023-03-31 19:15:59,448 : INFO : ball_device.bd_vuk_bot : Wait for ball to leave device
2023-03-31 19:15:59,448 : INFO : coil.c_l_vuk : Pulsing Driver for 120ms (1.0 pulse_power)
2023-03-31 19:16:01,448 : INFO : EventManager : Event: ======'balldevice_bd_vuk_bot_ball_eject_failed'====== Args={'target': <playfield.playfield>, 'balls': 1, 'retry': True, 'num_attempts': 10}
2023-03-31 19:16:01,449 : INFO : ball_device.bd_vuk_bot : State: waiting_for_target_ready
2023-03-31 19:16:01,449 : INFO : EventManager : Event: ======'balldevice_bd_vuk_bot_ball_eject_attempt'====== Args={'balls': 1, 'target': <playfield.playfield>, 'source': <ball_device.bd_vuk_bot>, 'mechanical_eject': False, 'num_attempts': 10}
2023-03-31 19:16:01,450 : INFO : ball_device.bd_vuk_bot : State: ejecting
2023-03-31 19:16:01,450 : INFO : ball_device.bd_vuk_bot : Ejecting ball to <playfield.playfield>
2023-03-31 19:16:01,450 : INFO : EventManager : Event: ======'balldevice_bd_vuk_bot_ejecting_ball'====== Args={'balls': 1, 'target': <playfield.playfield>, 'source': <ball_device.bd_vuk_bot>, 'mechanical_eject': False, 'num_attempts': 10}
2023-03-31 19:16:01,451 : INFO : ball_device.bd_vuk_bot : Wait for ball to leave device
2023-03-31 19:16:01,451 : INFO : coil.c_l_vuk : Pulsing Driver for 120ms (1.0 pulse_power)
2023-03-31 19:16:03,451 : INFO : EventManager : Event: ======'balldevice_bd_vuk_bot_ball_eject_failed'====== Args={'target': <playfield.playfield>, 'balls': 1, 'retry': True, 'num_attempts': 11}
2023-03-31 19:16:03,452 : INFO : ball_device.bd_vuk_bot : State: waiting_for_target_ready
2023-03-31 19:16:03,452 : INFO : EventManager : Event: ======'balldevice_bd_vuk_bot_ball_eject_attempt'====== Args={'balls': 1, 'target': <playfield.playfield>, 'source': <ball_device.bd_vuk_bot>, 'mechanical_eject': False, 'num_attempts': 11}
2023-03-31 19:16:03,452 : INFO : ball_device.bd_vuk_bot : State: ejecting
2023-03-31 19:16:03,452 : INFO : ball_device.bd_vuk_bot : Ejecting ball to <playfield.playfield>
2023-03-31 19:16:03,452 : INFO : EventManager : Event: ======'balldevice_bd_vuk_bot_ejecting_ball'====== Args={'balls': 1, 'target': <playfield.playfield>, 'source': <ball_device.bd_vuk_bot>, 'mechanical_eject': False, 'num_attempts': 11}
2023-03-31 19:16:03,453 : INFO : ball_device.bd_vuk_bot : Wait for ball to leave device
2023-03-31 19:16:03,453 : INFO : coil.c_l_vuk : Pulsing Driver for 120ms (1.0 pulse_power)
2023-03-31 19:16:05,453 : INFO : EventManager : Event: ======'balldevice_bd_vuk_bot_ball_eject_failed'====== Args={'target': <playfield.playfield>, 'balls': 1, 'retry': True, 'num_attempts': 12}
2023-03-31 19:16:05,453 : INFO : ball_device.bd_vuk_bot : State: waiting_for_target_ready
2023-03-31 19:16:05,454 : INFO : EventManager : Event: ======'balldevice_bd_vuk_bot_ball_eject_attempt'====== Args={'balls': 1, 'target': <playfield.playfield>, 'source': <ball_device.bd_vuk_bot>, 'mechanical_eject': False, 'num_attempts': 12}
2023-03-31 19:16:05,454 : INFO : ball_device.bd_vuk_bot : State: ejecting
2023-03-31 19:16:05,454 : INFO : ball_device.bd_vuk_bot : Ejecting ball to <playfield.playfield>
2023-03-31 19:16:05,454 : INFO : EventManager : Event: ======'balldevice_bd_vuk_bot_ejecting_ball'====== Args={'balls': 1, 'target': <playfield.playfield>, 'source': <ball_device.bd_vuk_bot>, 'mechanical_eject': False, 'num_attempts': 12}
2023-03-31 19:16:05,455 : INFO : ball_device.bd_vuk_bot : Wait for ball to leave device
2023-03-31 19:16:05,455 : INFO : coil.c_l_vuk : Pulsing Driver for 120ms (1.0 pulse_power)
2023-03-31 19:16:07,455 : INFO : EventManager : Event: ======'balldevice_bd_vuk_bot_ball_eject_failed'====== Args={'target': <playfield.playfield>, 'balls': 1, 'retry': True, 'num_attempts': 13}
2023-03-31 19:16:07,456 : INFO : ball_device.bd_vuk_bot : State: waiting_for_target_ready
2023-03-31 19:16:07,456 : INFO : EventManager : Event: ======'balldevice_bd_vuk_bot_ball_eject_attempt'====== Args={'balls': 1, 'target': <playfield.playfield>, 'source': <ball_device.bd_vuk_bot>, 'mechanical_eject': False, 'num_attempts': 13}
2023-03-31 19:16:07,457 : INFO : ball_device.bd_vuk_bot : State: ejecting
2023-03-31 19:16:07,457 : INFO : ball_device.bd_vuk_bot : Ejecting ball to <playfield.playfield>
2023-03-31 19:16:07,457 : INFO : EventManager : Event: ======'balldevice_bd_vuk_bot_ejecting_ball'====== Args={'balls': 1, 'target': <playfield.playfield>, 'source': <ball_device.bd_vuk_bot>, 'mechanical_eject': False, 'num_attempts': 13}
2023-03-31 19:16:07,458 : INFO : ball_device.bd_vuk_bot : Wait for ball to leave device
2023-03-31 19:16:07,458 : INFO : coil.c_l_vuk : Pulsing Driver for 120ms (1.0 pulse_power)
2023-03-31 19:16:09,458 : INFO : EventManager : Event: ======'balldevice_bd_vuk_bot_ball_eject_failed'====== Args={'target': <playfield.playfield>, 'balls': 1, 'retry': True, 'num_attempts': 14}
2023-03-31 19:16:09,458 : INFO : ball_device.bd_vuk_bot : State: waiting_for_target_ready
2023-03-31 19:16:09,459 : INFO : EventManager : Event: ======'balldevice_bd_vuk_bot_ball_eject_attempt'====== Args={'balls': 1, 'target': <playfield.playfield>, 'source': <ball_device.bd_vuk_bot>, 'mechanical_eject': False, 'num_attempts': 14}
2023-03-31 19:16:09,459 : INFO : ball_device.bd_vuk_bot : State: ejecting
2023-03-31 19:16:09,459 : INFO : ball_device.bd_vuk_bot : Ejecting ball to <playfield.playfield>
2023-03-31 19:16:09,459 : INFO : EventManager : Event: ======'balldevice_bd_vuk_bot_ejecting_ball'====== Args={'balls': 1, 'target': <playfield.playfield>, 'source': <ball_device.bd_vuk_bot>, 'mechanical_eject': False, 'num_attempts': 14}
2023-03-31 19:16:09,460 : INFO : ball_device.bd_vuk_bot : Wait for ball to leave device
2023-03-31 19:16:09,460 : INFO : coil.c_l_vuk : Pulsing Driver for 120ms (1.0 pulse_power)
2023-03-31 19:16:11,460 : INFO : EventManager : Event: ======'balldevice_bd_vuk_bot_ball_eject_failed'====== Args={'target': <playfield.playfield>, 'balls': 1, 'retry': True, 'num_attempts': 15}
2023-03-31 19:16:11,461 : INFO : ball_device.bd_vuk_bot : State: waiting_for_target_ready
2023-03-31 19:16:11,461 : INFO : EventManager : Event: ======'balldevice_bd_vuk_bot_ball_eject_attempt'====== Args={'balls': 1, 'target': <playfield.playfield>, 'source': <ball_device.bd_vuk_bot>, 'mechanical_eject': False, 'num_attempts': 15}
2023-03-31 19:16:11,461 : INFO : ball_device.bd_vuk_bot : State: ejecting
2023-03-31 19:16:11,461 : INFO : ball_device.bd_vuk_bot : Ejecting ball to <playfield.playfield>
2023-03-31 19:16:11,461 : INFO : EventManager : Event: ======'balldevice_bd_vuk_bot_ejecting_ball'====== Args={'balls': 1, 'target': <playfield.playfield>, 'source': <ball_device.bd_vuk_bot>, 'mechanical_eject': False, 'num_attempts': 15}
2023-03-31 19:16:11,462 : INFO : ball_device.bd_vuk_bot : Wait for ball to leave device
2023-03-31 19:16:11,462 : INFO : coil.c_l_vuk : Pulsing Driver for 120ms (1.0 pulse_power)
2023-03-31 19:16:13,462 : INFO : EventManager : Event: ======'balldevice_bd_vuk_bot_ball_eject_failed'====== Args={'target': <playfield.playfield>, 'balls': 1, 'retry': True, 'num_attempts': 16}
2023-03-31 19:16:13,463 : INFO : ball_device.bd_vuk_bot : State: waiting_for_target_ready
2023-03-31 19:16:13,463 : INFO : EventManager : Event: ======'balldevice_bd_vuk_bot_ball_eject_attempt'====== Args={'balls': 1, 'target': <playfield.playfield>, 'source': <ball_device.bd_vuk_bot>, 'mechanical_eject': False, 'num_attempts': 16}
2023-03-31 19:16:13,464 : INFO : ball_device.bd_vuk_bot : State: ejecting
2023-03-31 19:16:13,465 : INFO : ball_device.bd_vuk_bot : Ejecting ball to <playfield.playfield>
2023-03-31 19:16:13,465 : INFO : EventManager : Event: ======'balldevice_bd_vuk_bot_ejecting_ball'====== Args={'balls': 1, 'target': <playfield.playfield>, 'source': <ball_device.bd_vuk_bot>, 'mechanical_eject': False, 'num_attempts': 16}
2023-03-31 19:16:13,466 : INFO : ball_device.bd_vuk_bot : Wait for ball to leave device
2023-03-31 19:16:13,466 : INFO : coil.c_l_vuk : Pulsing Driver for 120ms (1.0 pulse_power)
2023-03-31 19:16:15,466 : INFO : EventManager : Event: ======'balldevice_bd_vuk_bot_ball_eject_failed'====== Args={'target': <playfield.playfield>, 'balls': 1, 'retry': True, 'num_attempts': 17}
2023-03-31 19:16:15,468 : INFO : ball_device.bd_vuk_bot : State: waiting_for_target_ready
2023-03-31 19:16:15,468 : INFO : EventManager : Event: ======'balldevice_bd_vuk_bot_ball_eject_attempt'====== Args={'balls': 1, 'target': <playfield.playfield>, 'source': <ball_device.bd_vuk_bot>, 'mechanical_eject': False, 'num_attempts': 17}
2023-03-31 19:16:15,469 : INFO : ball_device.bd_vuk_bot : State: ejecting
2023-03-31 19:16:15,469 : INFO : ball_device.bd_vuk_bot : Ejecting ball to <playfield.playfield>
2023-03-31 19:16:15,469 : INFO : EventManager : Event: ======'balldevice_bd_vuk_bot_ejecting_ball'====== Args={'balls': 1, 'target': <playfield.playfield>, 'source': <ball_device.bd_vuk_bot>, 'mechanical_eject': False, 'num_attempts': 17}
2023-03-31 19:16:15,470 : INFO : ball_device.bd_vuk_bot : Wait for ball to leave device
2023-03-31 19:16:15,470 : INFO : coil.c_l_vuk : Pulsing Driver for 120ms (1.0 pulse_power)
2023-03-31 19:16:17,471 : INFO : EventManager : Event: ======'balldevice_bd_vuk_bot_ball_eject_failed'====== Args={'target': <playfield.playfield>, 'balls': 1, 'retry': True, 'num_attempts': 18}
2023-03-31 19:16:17,472 : INFO : ball_device.bd_vuk_bot : State: waiting_for_target_ready
2023-03-31 19:16:17,472 : INFO : EventManager : Event: ======'balldevice_bd_vuk_bot_ball_eject_attempt'====== Args={'balls': 1, 'target': <playfield.playfield>, 'source': <ball_device.bd_vuk_bot>, 'mechanical_eject': False, 'num_attempts': 18}
2023-03-31 19:16:17,473 : INFO : ball_device.bd_vuk_bot : State: ejecting
2023-03-31 19:16:17,473 : INFO : ball_device.bd_vuk_bot : Ejecting ball to <playfield.playfield>
2023-03-31 19:16:17,473 : INFO : EventManager : Event: ======'balldevice_bd_vuk_bot_ejecting_ball'====== Args={'balls': 1, 'target': <playfield.playfield>, 'source': <ball_device.bd_vuk_bot>, 'mechanical_eject': False, 'num_attempts': 18}
2023-03-31 19:16:17,474 : INFO : ball_device.bd_vuk_bot : Wait for ball to leave device
2023-03-31 19:16:17,474 : INFO : coil.c_l_vuk : Pulsing Driver for 120ms (1.0 pulse_power)
2023-03-31 19:16:19,474 : INFO : EventManager : Event: ======'balldevice_bd_vuk_bot_ball_eject_failed'====== Args={'target': <playfield.playfield>, 'balls': 1, 'retry': True, 'num_attempts': 19}
2023-03-31 19:16:19,474 : INFO : ball_device.bd_vuk_bot : State: waiting_for_target_ready
2023-03-31 19:16:19,475 : INFO : EventManager : Event: ======'balldevice_bd_vuk_bot_ball_eject_attempt'====== Args={'balls': 1, 'target': <playfield.playfield>, 'source': <ball_device.bd_vuk_bot>, 'mechanical_eject': False, 'num_attempts': 19}
2023-03-31 19:16:19,475 : INFO : ball_device.bd_vuk_bot : State: ejecting
2023-03-31 19:16:19,475 : INFO : ball_device.bd_vuk_bot : Ejecting ball to <playfield.playfield>
2023-03-31 19:16:19,475 : INFO : EventManager : Event: ======'balldevice_bd_vuk_bot_ejecting_ball'====== Args={'balls': 1, 'target': <playfield.playfield>, 'source': <ball_device.bd_vuk_bot>, 'mechanical_eject': False, 'num_attempts': 19}
2023-03-31 19:16:19,476 : INFO : ball_device.bd_vuk_bot : Wait for ball to leave device
2023-03-31 19:16:19,476 : INFO : coil.c_l_vuk : Pulsing Driver for 120ms (1.0 pulse_power)
2023-03-31 19:16:21,476 : INFO : EventManager : Event: ======'balldevice_bd_vuk_bot_ball_eject_failed'====== Args={'target': <playfield.playfield>, 'balls': 1, 'retry': True, 'num_attempts': 20}
2023-03-31 19:16:21,477 : INFO : ball_device.bd_vuk_bot : State: waiting_for_target_ready
2023-03-31 19:16:21,477 : INFO : EventManager : Event: ======'balldevice_bd_vuk_bot_ball_eject_attempt'====== Args={'balls': 1, 'target': <playfield.playfield>, 'source': <ball_device.bd_vuk_bot>, 'mechanical_eject': False, 'num_attempts': 20}
2023-03-31 19:16:21,478 : INFO : ball_device.bd_vuk_bot : State: ejecting
2023-03-31 19:16:21,478 : INFO : ball_device.bd_vuk_bot : Ejecting ball to <playfield.playfield>
2023-03-31 19:16:21,478 : INFO : EventManager : Event: ======'balldevice_bd_vuk_bot_ejecting_ball'====== Args={'balls': 1, 'target': <playfield.playfield>, 'source': <ball_device.bd_vuk_bot>, 'mechanical_eject': False, 'num_attempts': 20}
2023-03-31 19:16:21,478 : INFO : ball_device.bd_vuk_bot : Wait for ball to leave device
2023-03-31 19:16:21,479 : INFO : coil.c_l_vuk : Pulsing Driver for 120ms (1.0 pulse_power)
2023-03-31 19:16:23,479 : INFO : EventManager : Event: ======'balldevice_bd_vuk_bot_ball_eject_failed'====== Args={'target': <playfield.playfield>, 'balls': 1, 'retry': True, 'num_attempts': 21}
2023-03-31 19:16:23,480 : INFO : ball_device.bd_vuk_bot : State: waiting_for_target_ready
2023-03-31 19:16:23,480 : INFO : EventManager : Event: ======'balldevice_bd_vuk_bot_ball_eject_attempt'====== Args={'balls': 1, 'target': <playfield.playfield>, 'source': <ball_device.bd_vuk_bot>, 'mechanical_eject': False, 'num_attempts': 21}
2023-03-31 19:16:23,481 : INFO : ball_device.bd_vuk_bot : State: ejecting
2023-03-31 19:16:23,481 : INFO : ball_device.bd_vuk_bot : Ejecting ball to <playfield.playfield>
2023-03-31 19:16:23,481 : INFO : EventManager : Event: ======'balldevice_bd_vuk_bot_ejecting_ball'====== Args={'balls': 1, 'target': <playfield.playfield>, 'source': <ball_device.bd_vuk_bot>, 'mechanical_eject': False, 'num_attempts': 21}
2023-03-31 19:16:23,482 : INFO : ball_device.bd_vuk_bot : Wait for ball to leave device
2023-03-31 19:16:23,482 : INFO : coil.c_l_vuk : Pulsing Driver for 120ms (1.0 pulse_power)
2023-03-31 19:16:25,484 : INFO : EventManager : Event: ======'balldevice_bd_vuk_bot_ball_eject_failed'====== Args={'target': <playfield.playfield>, 'balls': 1, 'retry': True, 'num_attempts': 22}
2023-03-31 19:16:25,485 : INFO : ball_device.bd_vuk_bot : State: waiting_for_target_ready
2023-03-31 19:16:25,485 : INFO : EventManager : Event: ======'balldevice_bd_vuk_bot_ball_eject_attempt'====== Args={'balls': 1, 'target': <playfield.playfield>, 'source': <ball_device.bd_vuk_bot>, 'mechanical_eject': False, 'num_attempts': 22}
2023-03-31 19:16:25,485 : INFO : ball_device.bd_vuk_bot : State: ejecting
2023-03-31 19:16:25,485 : INFO : ball_device.bd_vuk_bot : Ejecting ball to <playfield.playfield>
2023-03-31 19:16:25,485 : INFO : EventManager : Event: ======'balldevice_bd_vuk_bot_ejecting_ball'====== Args={'balls': 1, 'target': <playfield.playfield>, 'source': <ball_device.bd_vuk_bot>, 'mechanical_eject': False, 'num_attempts': 22}
2023-03-31 19:16:25,486 : INFO : ball_device.bd_vuk_bot : Wait for ball to leave device
2023-03-31 19:16:25,486 : INFO : coil.c_l_vuk : Pulsing Driver for 120ms (1.0 pulse_power)
2023-03-31 19:16:27,486 : INFO : EventManager : Event: ======'balldevice_bd_vuk_bot_ball_eject_failed'====== Args={'target': <playfield.playfield>, 'balls': 1, 'retry': True, 'num_attempts': 23}
2023-03-31 19:16:27,487 : INFO : ball_device.bd_vuk_bot : State: waiting_for_target_ready
2023-03-31 19:16:27,487 : INFO : EventManager : Event: ======'balldevice_bd_vuk_bot_ball_eject_attempt'====== Args={'balls': 1, 'target': <playfield.playfield>, 'source': <ball_device.bd_vuk_bot>, 'mechanical_eject': False, 'num_attempts': 23}
2023-03-31 19:16:27,488 : INFO : ball_device.bd_vuk_bot : State: ejecting
2023-03-31 19:16:27,488 : INFO : ball_device.bd_vuk_bot : Ejecting ball to <playfield.playfield>
2023-03-31 19:16:27,488 : INFO : EventManager : Event: ======'balldevice_bd_vuk_bot_ejecting_ball'====== Args={'balls': 1, 'target': <playfield.playfield>, 'source': <ball_device.bd_vuk_bot>, 'mechanical_eject': False, 'num_attempts': 23}
2023-03-31 19:16:27,489 : INFO : ball_device.bd_vuk_bot : Wait for ball to leave device
2023-03-31 19:16:27,489 : INFO : coil.c_l_vuk : Pulsing Driver for 120ms (1.0 pulse_power)
2023-03-31 19:16:29,489 : INFO : EventManager : Event: ======'balldevice_bd_vuk_bot_ball_eject_failed'====== Args={'target': <playfield.playfield>, 'balls': 1, 'retry': True, 'num_attempts': 24}
2023-03-31 19:16:29,490 : INFO : ball_device.bd_vuk_bot : State: waiting_for_target_ready
2023-03-31 19:16:29,490 : INFO : EventManager : Event: ======'balldevice_bd_vuk_bot_ball_eject_attempt'====== Args={'balls': 1, 'target': <playfield.playfield>, 'source': <ball_device.bd_vuk_bot>, 'mechanical_eject': False, 'num_attempts': 24}
2023-03-31 19:16:29,490 : INFO : ball_device.bd_vuk_bot : State: ejecting
2023-03-31 19:16:29,491 : INFO : ball_device.bd_vuk_bot : Ejecting ball to <playfield.playfield>
2023-03-31 19:16:29,491 : INFO : EventManager : Event: ======'balldevice_bd_vuk_bot_ejecting_ball'====== Args={'balls': 1, 'target': <playfield.playfield>, 'source': <ball_device.bd_vuk_bot>, 'mechanical_eject': False, 'num_attempts': 24}
2023-03-31 19:16:29,491 : INFO : ball_device.bd_vuk_bot : Wait for ball to leave device
2023-03-31 19:16:29,491 : INFO : coil.c_l_vuk : Pulsing Driver for 120ms (1.0 pulse_power)
2023-03-31 19:16:31,491 : INFO : EventManager : Event: ======'balldevice_bd_vuk_bot_ball_eject_failed'====== Args={'target': <playfield.playfield>, 'balls': 1, 'retry': True, 'num_attempts': 25}
2023-03-31 19:16:31,492 : INFO : ball_device.bd_vuk_bot : State: waiting_for_target_ready
2023-03-31 19:16:31,493 : INFO : EventManager : Event: ======'balldevice_bd_vuk_bot_ball_eject_attempt'====== Args={'balls': 1, 'target': <playfield.playfield>, 'source': <ball_device.bd_vuk_bot>, 'mechanical_eject': False, 'num_attempts': 25}
2023-03-31 19:16:31,493 : INFO : ball_device.bd_vuk_bot : State: ejecting
2023-03-31 19:16:31,493 : INFO : ball_device.bd_vuk_bot : Ejecting ball to <playfield.playfield>
2023-03-31 19:16:31,493 : INFO : EventManager : Event: ======'balldevice_bd_vuk_bot_ejecting_ball'====== Args={'balls': 1, 'target': <playfield.playfield>, 'source': <ball_device.bd_vuk_bot>, 'mechanical_eject': False, 'num_attempts': 25}
2023-03-31 19:16:31,494 : INFO : ball_device.bd_vuk_bot : Wait for ball to leave device
2023-03-31 19:16:31,494 : INFO : coil.c_l_vuk : Pulsing Driver for 120ms (1.0 pulse_power)
2023-03-31 19:16:33,495 : INFO : EventManager : Event: ======'balldevice_bd_vuk_bot_ball_eject_failed'====== Args={'target': <playfield.playfield>, 'balls': 1, 'retry': True, 'num_attempts': 26}
2023-03-31 19:16:33,496 : INFO : ball_device.bd_vuk_bot : State: waiting_for_target_ready
2023-03-31 19:16:33,496 : INFO : EventManager : Event: ======'balldevice_bd_vuk_bot_ball_eject_attempt'====== Args={'balls': 1, 'target': <playfield.playfield>, 'source': <ball_device.bd_vuk_bot>, 'mechanical_eject': False, 'num_attempts': 26}
2023-03-31 19:16:33,497 : INFO : ball_device.bd_vuk_bot : State: ejecting
2023-03-31 19:16:33,497 : INFO : ball_device.bd_vuk_bot : Ejecting ball to <playfield.playfield>
2023-03-31 19:16:33,497 : INFO : EventManager : Event: ======'balldevice_bd_vuk_bot_ejecting_ball'====== Args={'balls': 1, 'target': <playfield.playfield>, 'source': <ball_device.bd_vuk_bot>, 'mechanical_eject': False, 'num_attempts': 26}
2023-03-31 19:16:33,498 : INFO : ball_device.bd_vuk_bot : Wait for ball to leave device
2023-03-31 19:16:33,498 : INFO : coil.c_l_vuk : Pulsing Driver for 120ms (1.0 pulse_power)
2023-03-31 19:16:35,498 : INFO : EventManager : Event: ======'balldevice_bd_vuk_bot_ball_eject_failed'====== Args={'target': <playfield.playfield>, 'balls': 1, 'retry': True, 'num_attempts': 27}
2023-03-31 19:16:35,499 : INFO : ball_device.bd_vuk_bot : State: waiting_for_target_ready
2023-03-31 19:16:35,499 : INFO : EventManager : Event: ======'balldevice_bd_vuk_bot_ball_eject_attempt'====== Args={'balls': 1, 'target': <playfield.playfield>, 'source': <ball_device.bd_vuk_bot>, 'mechanical_eject': False, 'num_attempts': 27}
2023-03-31 19:16:35,500 : INFO : ball_device.bd_vuk_bot : State: ejecting
2023-03-31 19:16:35,500 : INFO : ball_device.bd_vuk_bot : Ejecting ball to <playfield.playfield>
2023-03-31 19:16:35,500 : INFO : EventManager : Event: ======'balldevice_bd_vuk_bot_ejecting_ball'====== Args={'balls': 1, 'target': <playfield.playfield>, 'source': <ball_device.bd_vuk_bot>, 'mechanical_eject': False, 'num_attempts': 27}
2023-03-31 19:16:35,501 : INFO : ball_device.bd_vuk_bot : Wait for ball to leave device
2023-03-31 19:16:35,501 : INFO : coil.c_l_vuk : Pulsing Driver for 120ms (1.0 pulse_power)
2023-03-31 19:16:37,502 : INFO : EventManager : Event: ======'balldevice_bd_vuk_bot_ball_eject_failed'====== Args={'target': <playfield.playfield>, 'balls': 1, 'retry': True, 'num_attempts': 28}
2023-03-31 19:16:37,503 : INFO : ball_device.bd_vuk_bot : State: waiting_for_target_ready
2023-03-31 19:16:37,503 : INFO : EventManager : Event: ======'balldevice_bd_vuk_bot_ball_eject_attempt'====== Args={'balls': 1, 'target': <playfield.playfield>, 'source': <ball_device.bd_vuk_bot>, 'mechanical_eject': False, 'num_attempts': 28}
2023-03-31 19:16:37,504 : INFO : ball_device.bd_vuk_bot : State: ejecting
2023-03-31 19:16:37,504 : INFO : ball_device.bd_vuk_bot : Ejecting ball to <playfield.playfield>
2023-03-31 19:16:37,504 : INFO : EventManager : Event: ======'balldevice_bd_vuk_bot_ejecting_ball'====== Args={'balls': 1, 'target': <playfield.playfield>, 'source': <ball_device.bd_vuk_bot>, 'mechanical_eject': False, 'num_attempts': 28}
2023-03-31 19:16:37,504 : INFO : ball_device.bd_vuk_bot : Wait for ball to leave device
2023-03-31 19:16:37,505 : INFO : coil.c_l_vuk : Pulsing Driver for 120ms (1.0 pulse_power)
2023-03-31 19:16:39,505 : INFO : EventManager : Event: ======'balldevice_bd_vuk_bot_ball_eject_failed'====== Args={'target': <playfield.playfield>, 'balls': 1, 'retry': True, 'num_attempts': 29}
2023-03-31 19:16:39,506 : INFO : ball_device.bd_vuk_bot : State: waiting_for_target_ready
2023-03-31 19:16:39,506 : INFO : EventManager : Event: ======'balldevice_bd_vuk_bot_ball_eject_attempt'====== Args={'balls': 1, 'target': <playfield.playfield>, 'source': <ball_device.bd_vuk_bot>, 'mechanical_eject': False, 'num_attempts': 29}
2023-03-31 19:16:39,507 : INFO : ball_device.bd_vuk_bot : State: ejecting
2023-03-31 19:16:39,507 : INFO : ball_device.bd_vuk_bot : Ejecting ball to <playfield.playfield>
2023-03-31 19:16:39,507 : INFO : EventManager : Event: ======'balldevice_bd_vuk_bot_ejecting_ball'====== Args={'balls': 1, 'target': <playfield.playfield>, 'source': <ball_device.bd_vuk_bot>, 'mechanical_eject': False, 'num_attempts': 29}
2023-03-31 19:16:39,507 : INFO : ball_device.bd_vuk_bot : Wait for ball to leave device
2023-03-31 19:16:39,508 : INFO : coil.c_l_vuk : Pulsing Driver for 120ms (1.0 pulse_power)
2023-03-31 19:16:41,509 : INFO : EventManager : Event: ======'balldevice_bd_vuk_bot_ball_eject_failed'====== Args={'target': <playfield.playfield>, 'balls': 1, 'retry': True, 'num_attempts': 30}
2023-03-31 19:16:41,510 : INFO : ball_device.bd_vuk_bot : State: waiting_for_target_ready
2023-03-31 19:16:41,510 : INFO : EventManager : Event: ======'balldevice_bd_vuk_bot_ball_eject_attempt'====== Args={'balls': 1, 'target': <playfield.playfield>, 'source': <ball_device.bd_vuk_bot>, 'mechanical_eject': False, 'num_attempts': 30}
2023-03-31 19:16:41,511 : INFO : ball_device.bd_vuk_bot : State: ejecting
2023-03-31 19:16:41,511 : INFO : ball_device.bd_vuk_bot : Ejecting ball to <playfield.playfield>
2023-03-31 19:16:41,511 : INFO : EventManager : Event: ======'balldevice_bd_vuk_bot_ejecting_ball'====== Args={'balls': 1, 'target': <playfield.playfield>, 'source': <ball_device.bd_vuk_bot>, 'mechanical_eject': False, 'num_attempts': 30}
2023-03-31 19:16:41,511 : INFO : ball_device.bd_vuk_bot : Wait for ball to leave device
2023-03-31 19:16:41,512 : INFO : coil.c_l_vuk : Pulsing Driver for 120ms (1.0 pulse_power)
2023-03-31 19:16:43,513 : INFO : EventManager : Event: ======'balldevice_bd_vuk_bot_ball_eject_failed'====== Args={'target': <playfield.playfield>, 'balls': 1, 'retry': True, 'num_attempts': 31}
2023-03-31 19:16:43,514 : INFO : ball_device.bd_vuk_bot : State: waiting_for_target_ready
2023-03-31 19:16:43,514 : INFO : EventManager : Event: ======'balldevice_bd_vuk_bot_ball_eject_attempt'====== Args={'balls': 1, 'target': <playfield.playfield>, 'source': <ball_device.bd_vuk_bot>, 'mechanical_eject': False, 'num_attempts': 31}
2023-03-31 19:16:43,515 : INFO : ball_device.bd_vuk_bot : State: ejecting
2023-03-31 19:16:43,515 : INFO : ball_device.bd_vuk_bot : Ejecting ball to <playfield.playfield>
2023-03-31 19:16:43,515 : INFO : EventManager : Event: ======'balldevice_bd_vuk_bot_ejecting_ball'====== Args={'balls': 1, 'target': <playfield.playfield>, 'source': <ball_device.bd_vuk_bot>, 'mechanical_eject': False, 'num_attempts': 31}
2023-03-31 19:16:43,516 : INFO : ball_device.bd_vuk_bot : Wait for ball to leave device
2023-03-31 19:16:43,516 : INFO : coil.c_l_vuk : Pulsing Driver for 120ms (1.0 pulse_power)
2023-03-31 19:16:45,517 : INFO : EventManager : Event: ======'balldevice_bd_vuk_bot_ball_eject_failed'====== Args={'target': <playfield.playfield>, 'balls': 1, 'retry': True, 'num_attempts': 32}
2023-03-31 19:16:45,518 : INFO : ball_device.bd_vuk_bot : State: waiting_for_target_ready
2023-03-31 19:16:45,518 : INFO : EventManager : Event: ======'balldevice_bd_vuk_bot_ball_eject_attempt'====== Args={'balls': 1, 'target': <playfield.playfield>, 'source': <ball_device.bd_vuk_bot>, 'mechanical_eject': False, 'num_attempts': 32}
2023-03-31 19:16:45,519 : INFO : ball_device.bd_vuk_bot : State: ejecting
2023-03-31 19:16:45,519 : INFO : ball_device.bd_vuk_bot : Ejecting ball to <playfield.playfield>
2023-03-31 19:16:45,519 : INFO : EventManager : Event: ======'balldevice_bd_vuk_bot_ejecting_ball'====== Args={'balls': 1, 'target': <playfield.playfield>, 'source': <ball_device.bd_vuk_bot>, 'mechanical_eject': False, 'num_attempts': 32}
2023-03-31 19:16:45,520 : INFO : ball_device.bd_vuk_bot : Wait for ball to leave device
2023-03-31 19:16:45,520 : INFO : coil.c_l_vuk : Pulsing Driver for 120ms (1.0 pulse_power)
2023-03-31 19:16:47,520 : INFO : EventManager : Event: ======'balldevice_bd_vuk_bot_ball_eject_failed'====== Args={'target': <playfield.playfield>, 'balls': 1, 'retry': True, 'num_attempts': 33}
2023-03-31 19:16:47,521 : INFO : ball_device.bd_vuk_bot : State: waiting_for_target_ready
2023-03-31 19:16:47,521 : INFO : EventManager : Event: ======'balldevice_bd_vuk_bot_ball_eject_attempt'====== Args={'balls': 1, 'target': <playfield.playfield>, 'source': <ball_device.bd_vuk_bot>, 'mechanical_eject': False, 'num_attempts': 33}
2023-03-31 19:16:47,522 : INFO : ball_device.bd_vuk_bot : State: ejecting
2023-03-31 19:16:47,522 : INFO : ball_device.bd_vuk_bot : Ejecting ball to <playfield.playfield>
2023-03-31 19:16:47,522 : INFO : EventManager : Event: ======'balldevice_bd_vuk_bot_ejecting_ball'====== Args={'balls': 1, 'target': <playfield.playfield>, 'source': <ball_device.bd_vuk_bot>, 'mechanical_eject': False, 'num_attempts': 33}
2023-03-31 19:16:47,523 : INFO : ball_device.bd_vuk_bot : Wait for ball to leave device
2023-03-31 19:16:47,523 : INFO : coil.c_l_vuk : Pulsing Driver for 120ms (1.0 pulse_power)
2023-03-31 19:16:49,524 : INFO : EventManager : Event: ======'balldevice_bd_vuk_bot_ball_eject_failed'====== Args={'target': <playfield.playfield>, 'balls': 1, 'retry': True, 'num_attempts': 34}
2023-03-31 19:16:49,525 : INFO : ball_device.bd_vuk_bot : State: waiting_for_target_ready
2023-03-31 19:16:49,526 : INFO : EventManager : Event: ======'balldevice_bd_vuk_bot_ball_eject_attempt'====== Args={'balls': 1, 'target': <playfield.playfield>, 'source': <ball_device.bd_vuk_bot>, 'mechanical_eject': False, 'num_attempts': 34}
2023-03-31 19:16:49,526 : INFO : ball_device.bd_vuk_bot : State: ejecting
2023-03-31 19:16:49,526 : INFO : ball_device.bd_vuk_bot : Ejecting ball to <playfield.playfield>
2023-03-31 19:16:49,526 : INFO : EventManager : Event: ======'balldevice_bd_vuk_bot_ejecting_ball'====== Args={'balls': 1, 'target': <playfield.playfield>, 'source': <ball_device.bd_vuk_bot>, 'mechanical_eject': False, 'num_attempts': 34}
2023-03-31 19:16:49,527 : INFO : ball_device.bd_vuk_bot : Wait for ball to leave device
2023-03-31 19:16:49,527 : INFO : coil.c_l_vuk : Pulsing Driver for 120ms (1.0 pulse_power)
2023-03-31 19:16:51,527 : INFO : EventManager : Event: ======'balldevice_bd_vuk_bot_ball_eject_failed'====== Args={'target': <playfield.playfield>, 'balls': 1, 'retry': True, 'num_attempts': 35}
2023-03-31 19:16:51,528 : INFO : ball_device.bd_vuk_bot : State: waiting_for_target_ready
2023-03-31 19:16:51,528 : INFO : EventManager : Event: ======'balldevice_bd_vuk_bot_ball_eject_attempt'====== Args={'balls': 1, 'target': <playfield.playfield>, 'source': <ball_device.bd_vuk_bot>, 'mechanical_eject': False, 'num_attempts': 35}
2023-03-31 19:16:51,529 : INFO : ball_device.bd_vuk_bot : State: ejecting
2023-03-31 19:16:51,529 : INFO : ball_device.bd_vuk_bot : Ejecting ball to <playfield.playfield>
2023-03-31 19:16:51,529 : INFO : EventManager : Event: ======'balldevice_bd_vuk_bot_ejecting_ball'====== Args={'balls': 1, 'target': <playfield.playfield>, 'source': <ball_device.bd_vuk_bot>, 'mechanical_eject': False, 'num_attempts': 35}
2023-03-31 19:16:51,530 : INFO : ball_device.bd_vuk_bot : Wait for ball to leave device
2023-03-31 19:16:51,530 : INFO : coil.c_l_vuk : Pulsing Driver for 120ms (1.0 pulse_power)
2023-03-31 19:16:53,530 : INFO : EventManager : Event: ======'balldevice_bd_vuk_bot_ball_eject_failed'====== Args={'target': <playfield.playfield>, 'balls': 1, 'retry': True, 'num_attempts': 36}
2023-03-31 19:16:53,532 : INFO : ball_device.bd_vuk_bot : State: waiting_for_target_ready
2023-03-31 19:16:53,532 : INFO : EventManager : Event: ======'balldevice_bd_vuk_bot_ball_eject_attempt'====== Args={'balls': 1, 'target': <playfield.playfield>, 'source': <ball_device.bd_vuk_bot>, 'mechanical_eject': False, 'num_attempts': 36}
2023-03-31 19:16:53,532 : INFO : ball_device.bd_vuk_bot : State: ejecting
2023-03-31 19:16:53,533 : INFO : ball_device.bd_vuk_bot : Ejecting ball to <playfield.playfield>
2023-03-31 19:16:53,533 : INFO : EventManager : Event: ======'balldevice_bd_vuk_bot_ejecting_ball'====== Args={'balls': 1, 'target': <playfield.playfield>, 'source': <ball_device.bd_vuk_bot>, 'mechanical_eject': False, 'num_attempts': 36}
2023-03-31 19:16:53,534 : INFO : ball_device.bd_vuk_bot : Wait for ball to leave device
2023-03-31 19:16:53,534 : INFO : coil.c_l_vuk : Pulsing Driver for 120ms (1.0 pulse_power)
2023-03-31 19:16:55,535 : INFO : EventManager : Event: ======'balldevice_bd_vuk_bot_ball_eject_failed'====== Args={'target': <playfield.playfield>, 'balls': 1, 'retry': True, 'num_attempts': 37}
2023-03-31 19:16:55,535 : INFO : ball_device.bd_vuk_bot : State: waiting_for_target_ready
2023-03-31 19:16:55,536 : INFO : EventManager : Event: ======'balldevice_bd_vuk_bot_ball_eject_attempt'====== Args={'balls': 1, 'target': <playfield.playfield>, 'source': <ball_device.bd_vuk_bot>, 'mechanical_eject': False, 'num_attempts': 37}
2023-03-31 19:16:55,536 : INFO : ball_device.bd_vuk_bot : State: ejecting
2023-03-31 19:16:55,536 : INFO : ball_device.bd_vuk_bot : Ejecting ball to <playfield.playfield>
2023-03-31 19:16:55,536 : INFO : EventManager : Event: ======'balldevice_bd_vuk_bot_ejecting_ball'====== Args={'balls': 1, 'target': <playfield.playfield>, 'source': <ball_device.bd_vuk_bot>, 'mechanical_eject': False, 'num_attempts': 37}
2023-03-31 19:16:55,537 : INFO : ball_device.bd_vuk_bot : Wait for ball to leave device
2023-03-31 19:16:55,537 : INFO : coil.c_l_vuk : Pulsing Driver for 120ms (1.0 pulse_power)
2023-03-31 19:16:57,538 : INFO : EventManager : Event: ======'balldevice_bd_vuk_bot_ball_eject_failed'====== Args={'target': <playfield.playfield>, 'balls': 1, 'retry': True, 'num_attempts': 38}
2023-03-31 19:16:57,539 : INFO : ball_device.bd_vuk_bot : State: waiting_for_target_ready
2023-03-31 19:16:57,539 : INFO : EventManager : Event: ======'balldevice_bd_vuk_bot_ball_eject_attempt'====== Args={'balls': 1, 'target': <playfield.playfield>, 'source': <ball_device.bd_vuk_bot>, 'mechanical_eject': False, 'num_attempts': 38}
2023-03-31 19:16:57,539 : INFO : ball_device.bd_vuk_bot : State: ejecting
2023-03-31 19:16:57,539 : INFO : ball_device.bd_vuk_bot : Ejecting ball to <playfield.playfield>
2023-03-31 19:16:57,539 : INFO : EventManager : Event: ======'balldevice_bd_vuk_bot_ejecting_ball'====== Args={'balls': 1, 'target': <playfield.playfield>, 'source': <ball_device.bd_vuk_bot>, 'mechanical_eject': False, 'num_attempts': 38}
2023-03-31 19:16:57,540 : INFO : ball_device.bd_vuk_bot : Wait for ball to leave device
2023-03-31 19:16:57,540 : INFO : coil.c_l_vuk : Pulsing Driver for 120ms (1.0 pulse_power)
2023-03-31 19:16:59,541 : INFO : EventManager : Event: ======'balldevice_bd_vuk_bot_ball_eject_failed'====== Args={'target': <playfield.playfield>, 'balls': 1, 'retry': True, 'num_attempts': 39}
2023-03-31 19:16:59,541 : INFO : ball_device.bd_vuk_bot : State: waiting_for_target_ready
2023-03-31 19:16:59,542 : INFO : EventManager : Event: ======'balldevice_bd_vuk_bot_ball_eject_attempt'====== Args={'balls': 1, 'target': <playfield.playfield>, 'source': <ball_device.bd_vuk_bot>, 'mechanical_eject': False, 'num_attempts': 39}
2023-03-31 19:16:59,542 : INFO : ball_device.bd_vuk_bot : State: ejecting
2023-03-31 19:16:59,542 : INFO : ball_device.bd_vuk_bot : Ejecting ball to <playfield.playfield>
2023-03-31 19:16:59,542 : INFO : EventManager : Event: ======'balldevice_bd_vuk_bot_ejecting_ball'====== Args={'balls': 1, 'target': <playfield.playfield>, 'source': <ball_device.bd_vuk_bot>, 'mechanical_eject': False, 'num_attempts': 39}
2023-03-31 19:16:59,543 : INFO : ball_device.bd_vuk_bot : Wait for ball to leave device
2023-03-31 19:16:59,543 : INFO : coil.c_l_vuk : Pulsing Driver for 120ms (1.0 pulse_power)
2023-03-31 19:17:01,544 : INFO : EventManager : Event: ======'balldevice_bd_vuk_bot_ball_eject_failed'====== Args={'target': <playfield.playfield>, 'balls': 1, 'retry': True, 'num_attempts': 40}
2023-03-31 19:17:01,545 : INFO : ball_device.bd_vuk_bot : State: waiting_for_target_ready
2023-03-31 19:17:01,545 : INFO : EventManager : Event: ======'balldevice_bd_vuk_bot_ball_eject_attempt'====== Args={'balls': 1, 'target': <playfield.playfield>, 'source': <ball_device.bd_vuk_bot>, 'mechanical_eject': False, 'num_attempts': 40}
2023-03-31 19:17:01,545 : INFO : ball_device.bd_vuk_bot : State: ejecting
2023-03-31 19:17:01,545 : INFO : ball_device.bd_vuk_bot : Ejecting ball to <playfield.playfield>
2023-03-31 19:17:01,545 : INFO : EventManager : Event: ======'balldevice_bd_vuk_bot_ejecting_ball'====== Args={'balls': 1, 'target': <playfield.playfield>, 'source': <ball_device.bd_vuk_bot>, 'mechanical_eject': False, 'num_attempts': 40}
2023-03-31 19:17:01,546 : INFO : ball_device.bd_vuk_bot : Wait for ball to leave device
2023-03-31 19:17:01,546 : INFO : coil.c_l_vuk : Pulsing Driver for 120ms (1.0 pulse_power)
2023-03-31 19:17:03,547 : INFO : EventManager : Event: ======'balldevice_bd_vuk_bot_ball_eject_failed'====== Args={'target': <playfield.playfield>, 'balls': 1, 'retry': True, 'num_attempts': 41}
2023-03-31 19:17:03,548 : INFO : ball_device.bd_vuk_bot : State: waiting_for_target_ready
2023-03-31 19:17:03,548 : INFO : EventManager : Event: ======'balldevice_bd_vuk_bot_ball_eject_attempt'====== Args={'balls': 1, 'target': <playfield.playfield>, 'source': <ball_device.bd_vuk_bot>, 'mechanical_eject': False, 'num_attempts': 41}
2023-03-31 19:17:03,548 : INFO : ball_device.bd_vuk_bot : State: ejecting
2023-03-31 19:17:03,548 : INFO : ball_device.bd_vuk_bot : Ejecting ball to <playfield.playfield>
2023-03-31 19:17:03,548 : INFO : EventManager : Event: ======'balldevice_bd_vuk_bot_ejecting_ball'====== Args={'balls': 1, 'target': <playfield.playfield>, 'source': <ball_device.bd_vuk_bot>, 'mechanical_eject': False, 'num_attempts': 41}
2023-03-31 19:17:03,549 : INFO : ball_device.bd_vuk_bot : Wait for ball to leave device
2023-03-31 19:17:03,549 : INFO : coil.c_l_vuk : Pulsing Driver for 120ms (1.0 pulse_power)
2023-03-31 19:17:05,550 : INFO : EventManager : Event: ======'balldevice_bd_vuk_bot_ball_eject_failed'====== Args={'target': <playfield.playfield>, 'balls': 1, 'retry': True, 'num_attempts': 42}
2023-03-31 19:17:05,551 : INFO : ball_device.bd_vuk_bot : State: waiting_for_target_ready
2023-03-31 19:17:05,551 : INFO : EventManager : Event: ======'balldevice_bd_vuk_bot_ball_eject_attempt'====== Args={'balls': 1, 'target': <playfield.playfield>, 'source': <ball_device.bd_vuk_bot>, 'mechanical_eject': False, 'num_attempts': 42}
2023-03-31 19:17:05,551 : INFO : ball_device.bd_vuk_bot : State: ejecting
2023-03-31 19:17:05,551 : INFO : ball_device.bd_vuk_bot : Ejecting ball to <playfield.playfield>
2023-03-31 19:17:05,551 : INFO : EventManager : Event: ======'balldevice_bd_vuk_bot_ejecting_ball'====== Args={'balls': 1, 'target': <playfield.playfield>, 'source': <ball_device.bd_vuk_bot>, 'mechanical_eject': False, 'num_attempts': 42}
2023-03-31 19:17:05,552 : INFO : ball_device.bd_vuk_bot : Wait for ball to leave device
2023-03-31 19:17:05,552 : INFO : coil.c_l_vuk : Pulsing Driver for 120ms (1.0 pulse_power)
2023-03-31 19:17:07,552 : INFO : EventManager : Event: ======'balldevice_bd_vuk_bot_ball_eject_failed'====== Args={'target': <playfield.playfield>, 'balls': 1, 'retry': True, 'num_attempts': 43}
2023-03-31 19:17:07,553 : INFO : ball_device.bd_vuk_bot : State: waiting_for_target_ready
2023-03-31 19:17:07,553 : INFO : EventManager : Event: ======'balldevice_bd_vuk_bot_ball_eject_attempt'====== Args={'balls': 1, 'target': <playfield.playfield>, 'source': <ball_device.bd_vuk_bot>, 'mechanical_eject': False, 'num_attempts': 43}
2023-03-31 19:17:07,553 : INFO : ball_device.bd_vuk_bot : State: ejecting
2023-03-31 19:17:07,554 : INFO : ball_device.bd_vuk_bot : Ejecting ball to <playfield.playfield>
2023-03-31 19:17:07,554 : INFO : EventManager : Event: ======'balldevice_bd_vuk_bot_ejecting_ball'====== Args={'balls': 1, 'target': <playfield.playfield>, 'source': <ball_device.bd_vuk_bot>, 'mechanical_eject': False, 'num_attempts': 43}
2023-03-31 19:17:07,554 : INFO : ball_device.bd_vuk_bot : Wait for ball to leave device
2023-03-31 19:17:07,554 : INFO : coil.c_l_vuk : Pulsing Driver for 120ms (1.0 pulse_power)
2023-03-31 19:17:09,556 : INFO : EventManager : Event: ======'balldevice_bd_vuk_bot_ball_eject_failed'====== Args={'target': <playfield.playfield>, 'balls': 1, 'retry': True, 'num_attempts': 44}
2023-03-31 19:17:09,557 : INFO : ball_device.bd_vuk_bot : State: waiting_for_target_ready
2023-03-31 19:17:09,558 : INFO : EventManager : Event: ======'balldevice_bd_vuk_bot_ball_eject_attempt'====== Args={'balls': 1, 'target': <playfield.playfield>, 'source': <ball_device.bd_vuk_bot>, 'mechanical_eject': False, 'num_attempts': 44}
2023-03-31 19:17:09,558 : INFO : ball_device.bd_vuk_bot : State: ejecting
2023-03-31 19:17:09,558 : INFO : ball_device.bd_vuk_bot : Ejecting ball to <playfield.playfield>
2023-03-31 19:17:09,558 : INFO : EventManager : Event: ======'balldevice_bd_vuk_bot_ejecting_ball'====== Args={'balls': 1, 'target': <playfield.playfield>, 'source': <ball_device.bd_vuk_bot>, 'mechanical_eject': False, 'num_attempts': 44}
2023-03-31 19:17:09,559 : INFO : ball_device.bd_vuk_bot : Wait for ball to leave device
2023-03-31 19:17:09,559 : INFO : coil.c_l_vuk : Pulsing Driver for 120ms (1.0 pulse_power)
2023-03-31 19:17:11,559 : INFO : EventManager : Event: ======'balldevice_bd_vuk_bot_ball_eject_failed'====== Args={'target': <playfield.playfield>, 'balls': 1, 'retry': True, 'num_attempts': 45}
2023-03-31 19:17:11,559 : INFO : ball_device.bd_vuk_bot : State: waiting_for_target_ready
2023-03-31 19:17:11,560 : INFO : EventManager : Event: ======'balldevice_bd_vuk_bot_ball_eject_attempt'====== Args={'balls': 1, 'target': <playfield.playfield>, 'source': <ball_device.bd_vuk_bot>, 'mechanical_eject': False, 'num_attempts': 45}
2023-03-31 19:17:11,560 : INFO : ball_device.bd_vuk_bot : State: ejecting
2023-03-31 19:17:11,560 : INFO : ball_device.bd_vuk_bot : Ejecting ball to <playfield.playfield>
2023-03-31 19:17:11,560 : INFO : EventManager : Event: ======'balldevice_bd_vuk_bot_ejecting_ball'====== Args={'balls': 1, 'target': <playfield.playfield>, 'source': <ball_device.bd_vuk_bot>, 'mechanical_eject': False, 'num_attempts': 45}
2023-03-31 19:17:11,561 : INFO : ball_device.bd_vuk_bot : Wait for ball to leave device
2023-03-31 19:17:11,561 : INFO : coil.c_l_vuk : Pulsing Driver for 120ms (1.0 pulse_power)
2023-03-31 19:17:13,562 : INFO : EventManager : Event: ======'balldevice_bd_vuk_bot_ball_eject_failed'====== Args={'target': <playfield.playfield>, 'balls': 1, 'retry': True, 'num_attempts': 46}
2023-03-31 19:17:13,563 : INFO : ball_device.bd_vuk_bot : State: waiting_for_target_ready
2023-03-31 19:17:13,564 : INFO : EventManager : Event: ======'balldevice_bd_vuk_bot_ball_eject_attempt'====== Args={'balls': 1, 'target': <playfield.playfield>, 'source': <ball_device.bd_vuk_bot>, 'mechanical_eject': False, 'num_attempts': 46}
2023-03-31 19:17:13,564 : INFO : ball_device.bd_vuk_bot : State: ejecting
2023-03-31 19:17:13,564 : INFO : ball_device.bd_vuk_bot : Ejecting ball to <playfield.playfield>
2023-03-31 19:17:13,564 : INFO : EventManager : Event: ======'balldevice_bd_vuk_bot_ejecting_ball'====== Args={'balls': 1, 'target': <playfield.playfield>, 'source': <ball_device.bd_vuk_bot>, 'mechanical_eject': False, 'num_attempts': 46}
2023-03-31 19:17:13,565 : INFO : ball_device.bd_vuk_bot : Wait for ball to leave device
2023-03-31 19:17:13,565 : INFO : coil.c_l_vuk : Pulsing Driver for 120ms (1.0 pulse_power)
2023-03-31 19:17:15,567 : INFO : EventManager : Event: ======'balldevice_bd_vuk_bot_ball_eject_failed'====== Args={'target': <playfield.playfield>, 'balls': 1, 'retry': True, 'num_attempts': 47}
2023-03-31 19:17:15,567 : INFO : ball_device.bd_vuk_bot : State: waiting_for_target_ready
2023-03-31 19:17:15,568 : INFO : EventManager : Event: ======'balldevice_bd_vuk_bot_ball_eject_attempt'====== Args={'balls': 1, 'target': <playfield.playfield>, 'source': <ball_device.bd_vuk_bot>, 'mechanical_eject': False, 'num_attempts': 47}
2023-03-31 19:17:15,568 : INFO : ball_device.bd_vuk_bot : State: ejecting
2023-03-31 19:17:15,568 : INFO : ball_device.bd_vuk_bot : Ejecting ball to <playfield.playfield>
2023-03-31 19:17:15,568 : INFO : EventManager : Event: ======'balldevice_bd_vuk_bot_ejecting_ball'====== Args={'balls': 1, 'target': <playfield.playfield>, 'source': <ball_device.bd_vuk_bot>, 'mechanical_eject': False, 'num_attempts': 47}
2023-03-31 19:17:15,569 : INFO : ball_device.bd_vuk_bot : Wait for ball to leave device
2023-03-31 19:17:15,569 : INFO : coil.c_l_vuk : Pulsing Driver for 120ms (1.0 pulse_power)
2023-03-31 19:17:17,569 : INFO : EventManager : Event: ======'balldevice_bd_vuk_bot_ball_eject_failed'====== Args={'target': <playfield.playfield>, 'balls': 1, 'retry': True, 'num_attempts': 48}
2023-03-31 19:17:17,570 : INFO : ball_device.bd_vuk_bot : State: waiting_for_target_ready
2023-03-31 19:17:17,570 : INFO : EventManager : Event: ======'balldevice_bd_vuk_bot_ball_eject_attempt'====== Args={'balls': 1, 'target': <playfield.playfield>, 'source': <ball_device.bd_vuk_bot>, 'mechanical_eject': False, 'num_attempts': 48}
2023-03-31 19:17:17,571 : INFO : ball_device.bd_vuk_bot : State: ejecting
2023-03-31 19:17:17,571 : INFO : ball_device.bd_vuk_bot : Ejecting ball to <playfield.playfield>
2023-03-31 19:17:17,571 : INFO : EventManager : Event: ======'balldevice_bd_vuk_bot_ejecting_ball'====== Args={'balls': 1, 'target': <playfield.playfield>, 'source': <ball_device.bd_vuk_bot>, 'mechanical_eject': False, 'num_attempts': 48}
2023-03-31 19:17:17,572 : INFO : ball_device.bd_vuk_bot : Wait for ball to leave device
2023-03-31 19:17:17,572 : INFO : coil.c_l_vuk : Pulsing Driver for 120ms (1.0 pulse_power)
2023-03-31 19:17:19,571 : INFO : EventManager : Event: ======'balldevice_bd_vuk_bot_ball_eject_failed'====== Args={'target': <playfield.playfield>, 'balls': 1, 'retry': True, 'num_attempts': 49}
2023-03-31 19:17:19,572 : INFO : ball_device.bd_vuk_bot : State: waiting_for_target_ready
2023-03-31 19:17:19,572 : INFO : EventManager : Event: ======'balldevice_bd_vuk_bot_ball_eject_attempt'====== Args={'balls': 1, 'target': <playfield.playfield>, 'source': <ball_device.bd_vuk_bot>, 'mechanical_eject': False, 'num_attempts': 49}
2023-03-31 19:17:19,572 : INFO : ball_device.bd_vuk_bot : State: ejecting
2023-03-31 19:17:19,572 : INFO : ball_device.bd_vuk_bot : Ejecting ball to <playfield.playfield>
2023-03-31 19:17:19,573 : INFO : EventManager : Event: ======'balldevice_bd_vuk_bot_ejecting_ball'====== Args={'balls': 1, 'target': <playfield.playfield>, 'source': <ball_device.bd_vuk_bot>, 'mechanical_eject': False, 'num_attempts': 49}
2023-03-31 19:17:19,573 : INFO : ball_device.bd_vuk_bot : Wait for ball to leave device
2023-03-31 19:17:19,573 : INFO : coil.c_l_vuk : Pulsing Driver for 120ms (1.0 pulse_power)
2023-03-31 19:17:21,574 : INFO : EventManager : Event: ======'balldevice_bd_vuk_bot_ball_eject_failed'====== Args={'target': <playfield.playfield>, 'balls': 1, 'retry': True, 'num_attempts': 50}
2023-03-31 19:17:21,575 : INFO : ball_device.bd_vuk_bot : State: waiting_for_target_ready
2023-03-31 19:17:21,575 : INFO : EventManager : Event: ======'balldevice_bd_vuk_bot_ball_eject_attempt'====== Args={'balls': 1, 'target': <playfield.playfield>, 'source': <ball_device.bd_vuk_bot>, 'mechanical_eject': False, 'num_attempts': 50}
2023-03-31 19:17:21,576 : INFO : ball_device.bd_vuk_bot : State: ejecting
2023-03-31 19:17:21,576 : INFO : ball_device.bd_vuk_bot : Ejecting ball to <playfield.playfield>
2023-03-31 19:17:21,576 : INFO : EventManager : Event: ======'balldevice_bd_vuk_bot_ejecting_ball'====== Args={'balls': 1, 'target': <playfield.playfield>, 'source': <ball_device.bd_vuk_bot>, 'mechanical_eject': False, 'num_attempts': 50}
2023-03-31 19:17:21,577 : INFO : ball_device.bd_vuk_bot : Wait for ball to leave device
2023-03-31 19:17:21,577 : INFO : coil.c_l_vuk : Pulsing Driver for 120ms (1.0 pulse_power)
2023-03-31 19:17:23,579 : INFO : EventManager : Event: ======'balldevice_bd_vuk_bot_ball_eject_failed'====== Args={'target': <playfield.playfield>, 'balls': 1, 'retry': True, 'num_attempts': 51}
2023-03-31 19:17:23,580 : INFO : ball_device.bd_vuk_bot : State: waiting_for_target_ready
2023-03-31 19:17:23,580 : INFO : EventManager : Event: ======'balldevice_bd_vuk_bot_ball_eject_attempt'====== Args={'balls': 1, 'target': <playfield.playfield>, 'source': <ball_device.bd_vuk_bot>, 'mechanical_eject': False, 'num_attempts': 51}
2023-03-31 19:17:23,580 : INFO : ball_device.bd_vuk_bot : State: ejecting
2023-03-31 19:17:23,581 : INFO : ball_device.bd_vuk_bot : Ejecting ball to <playfield.playfield>
2023-03-31 19:17:23,581 : INFO : EventManager : Event: ======'balldevice_bd_vuk_bot_ejecting_ball'====== Args={'balls': 1, 'target': <playfield.playfield>, 'source': <ball_device.bd_vuk_bot>, 'mechanical_eject': False, 'num_attempts': 51}
2023-03-31 19:17:23,581 : INFO : ball_device.bd_vuk_bot : Wait for ball to leave device
2023-03-31 19:17:23,582 : INFO : coil.c_l_vuk : Pulsing Driver for 120ms (1.0 pulse_power)
2023-03-31 19:17:25,581 : INFO : EventManager : Event: ======'balldevice_bd_vuk_bot_ball_eject_failed'====== Args={'target': <playfield.playfield>, 'balls': 1, 'retry': True, 'num_attempts': 52}
2023-03-31 19:17:25,582 : INFO : ball_device.bd_vuk_bot : State: waiting_for_target_ready
2023-03-31 19:17:25,582 : INFO : EventManager : Event: ======'balldevice_bd_vuk_bot_ball_eject_attempt'====== Args={'balls': 1, 'target': <playfield.playfield>, 'source': <ball_device.bd_vuk_bot>, 'mechanical_eject': False, 'num_attempts': 52}
2023-03-31 19:17:25,582 : INFO : ball_device.bd_vuk_bot : State: ejecting
2023-03-31 19:17:25,583 : INFO : ball_device.bd_vuk_bot : Ejecting ball to <playfield.playfield>
2023-03-31 19:17:25,583 : INFO : EventManager : Event: ======'balldevice_bd_vuk_bot_ejecting_ball'====== Args={'balls': 1, 'target': <playfield.playfield>, 'source': <ball_device.bd_vuk_bot>, 'mechanical_eject': False, 'num_attempts': 52}
2023-03-31 19:17:25,583 : INFO : ball_device.bd_vuk_bot : Wait for ball to leave device
2023-03-31 19:17:25,583 : INFO : coil.c_l_vuk : Pulsing Driver for 120ms (1.0 pulse_power)
2023-03-31 19:17:26,533 : INFO : Machine : Shutting down...
2023-03-31 19:17:26,533 : INFO : EventManager : Event: ======'shutdown'====== Args={}
2023-03-31 19:17:26,646 : INFO : root : MPF run loop ended.
