2023-03-31 20:06:11,646 : INFO : root : Loading config.
2023-03-31 20:06:12,045 : INFO : ConfigProcessor : Config spec file cache created: /var/folders/0y/x6b2lmrx6vq3nhkjncz48nhc0000gn/T/config_spec.mpf_cache
2023-03-31 20:06:12,046 : INFO : YamlMultifileConfigLoader : Machine config file #1: config.yaml
2023-03-31 20:06:12,046 : WARNING : ConfigProcessor : Config file in cache changed: /Users/tpetch/Documents/trashland_3/config/config.yaml
2023-03-31 20:06:12,046 : INFO : ConfigProcessor : Loading config from file /Users/tpetch/.local/pipx/venvs/mpf/lib/python3.9/site-packages/mpf/mpfconfig.yaml.
2023-03-31 20:06:12,118 : INFO : ConfigProcessor : Loading config: /Users/tpetch/.local/pipx/venvs/mpf/lib/python3.9/site-packages/mpf/mpfconfig.yaml
2023-03-31 20:06:12,119 : INFO : ConfigProcessor : Loading config from file /Users/tpetch/Documents/trashland_3/config/config.yaml.
2023-03-31 20:06:12,252 : INFO : ConfigProcessor : Loading config: /Users/tpetch/Documents/trashland_3/config/config.yaml
2023-03-31 20:06:12,254 : INFO : ConfigProcessor : Config file cache created: /var/folders/0y/x6b2lmrx6vq3nhkjncz48nhc0000gn/T/28c67afebeedf0bcd540f5dc9898a885.mpf_cache
2023-03-31 20:06:12,292 : INFO : ConfigProcessor : Loading config from cache: /var/folders/0y/x6b2lmrx6vq3nhkjncz48nhc0000gn/T/0c88cc6e742c1d6ff62a4ddd2bb23fa0.mpf_cache
2023-03-31 20:06:12,292 : INFO : ConfigProcessor : Loading config from cache: /var/folders/0y/x6b2lmrx6vq3nhkjncz48nhc0000gn/T/d3948d842c6309f14ab557c3c72320d0.mpf_cache
2023-03-31 20:06:12,293 : INFO : Machine : Mission Pinball Framework Core Engine v0.56.1.dev4
2023-03-31 20:06:12,293 : INFO : Machine : Command line arguments: {'no_load_cache': False, 'create_config_cache': True, 'bcp': False, 'configfile': ['config.yaml'], 'force_assets_load': False, 'jsonlogging': False, 'logfile': 'logs/2023-03-31-20-06-11-mpf-Tanners-MacBook-Pro-2.local.log', 'pause': False, 'production': False, 'text_ui': True, 'loglevel': 15, 'consoleloglevel': 20, 'force_platform': None, 'syslog_address': None, 'mc_file_name': None, 'no_sound': False}
2023-03-31 20:06:12,293 : INFO : Machine : MPF path: /Users/tpetch/.local/pipx/venvs/mpf/lib/python3.9/site-packages/mpf
2023-03-31 20:06:12,293 : INFO : Machine : Machine path: /Users/tpetch/Documents/trashland_3
2023-03-31 20:06:12,293 : INFO : Machine : Platform: darwin
2023-03-31 20:06:12,293 : INFO : Machine : Python executable location: /Users/tpetch/.local/pipx/venvs/mpf/bin/python
2023-03-31 20:06:12,293 : INFO : Machine : Python version: 3.9.13 (64-bit)
2023-03-31 20:06:12,298 : INFO : Machine : Initialise MPF.
2023-03-31 20:06:12,356 : INFO : [NET] : Trying to connect to /dev/tty.usbmodem14101 at 921600bps
2023-03-31 20:06:12,363 : INFO : [NET] : Connected to /dev/tty.usbmodem14101 at 921600bps
2023-03-31 20:06:12,376 : INFO : [NET] : Connected to FP-CPU-2000 with firmware v02.06
2023-03-31 20:06:12,376 : INFO : EventManager : Event: ======'machine_var_fast_net_firmware'====== Args={'value': '02.06', 'prev_value': None, 'change': True}
2023-03-31 20:06:12,376 : INFO : EventManager : Event: ======'machine_var_fast_net_model'====== Args={'value': 'FP-CPU-2000', 'prev_value': None, 'change': True}
2023-03-31 20:06:12,378 : INFO : [NET] : Registered I/O Board 0: Model: FP-I/O-0804, Firmware: 01.09, Switches: 8, Drivers: 4
2023-03-31 20:06:12,380 : INFO : [NET] : Registered I/O Board 1: Model: FP-I/O-0804, Firmware: 01.09, Switches: 8, Drivers: 4
2023-03-31 20:06:12,381 : INFO : [NET] : Registered I/O Board 2: Model: FP-I/O-3208, Firmware: 01.09, Switches: 32, Drivers: 8
2023-03-31 20:06:12,382 : INFO : [NET] : Registered I/O Board 3: Model: FP-I/O-1616, Firmware: 01.09, Switches: 16, Drivers: 16
2023-03-31 20:06:12,384 : INFO : [NET] : Registered I/O Board 4: Model: FP-I/O-3208, Firmware: 01.09, Switches: 32, Drivers: 8
2023-03-31 20:06:12,386 : INFO : [EXP] : Trying to connect to /dev/tty.usbmodem14103 at 921600bps
2023-03-31 20:06:12,389 : INFO : [EXP] : Connected to /dev/tty.usbmodem14103 at 921600bps
2023-03-31 20:06:12,395 : INFO : EventManager : Event: ======'machine_var_credits_string'====== Args={'value': 'FREE PLAY', 'prev_value': None, 'change': True}
2023-03-31 20:06:12,420 : INFO : EventManager : Event: ======'machine_var_master_volume'====== Args={'value': 0.5, 'prev_value': None, 'change': True}
2023-03-31 20:06:12,421 : INFO : EventManager : Event: ======'machine_var_mpf_version'====== Args={'value': 'MPF v0.56.1.dev4', 'prev_value': None, 'change': True}
2023-03-31 20:06:12,421 : INFO : EventManager : Event: ======'machine_var_mpf_extended_version'====== Args={'value': 'MPF v0.56.1.dev4, Config version:5, Show version: 5, BCP version:1.1', 'prev_value': None, 'change': True}
2023-03-31 20:06:12,421 : INFO : EventManager : Event: ======'machine_var_python_version'====== Args={'value': '3.9.13', 'prev_value': None, 'change': True}
2023-03-31 20:06:12,431 : INFO : EventManager : Event: ======'machine_var_platform'====== Args={'value': 'macOS-10.16-x86_64-i386-64bit', 'prev_value': None, 'change': True}
2023-03-31 20:06:12,431 : INFO : EventManager : Event: ======'machine_var_platform_system'====== Args={'value': 'Darwin', 'prev_value': None, 'change': True}
2023-03-31 20:06:12,431 : INFO : EventManager : Event: ======'machine_var_platform_release'====== Args={'value': '22.2.0', 'prev_value': None, 'change': True}
2023-03-31 20:06:12,431 : INFO : EventManager : Event: ======'machine_var_platform_version'====== Args={'value': 'Darwin Kernel Version 22.2.0: Fri Nov 11 02:08:47 PST 2022; root:xnu-8792.61.2~4/RELEASE_X86_64', 'prev_value': None, 'change': True}
2023-03-31 20:06:12,431 : INFO : EventManager : Event: ======'machine_var_platform_machine'====== Args={'value': 'x86_64', 'prev_value': None, 'change': True}
2023-03-31 20:06:12,431 : INFO : EventManager : Event: ======'init_phase_1'====== Args={}
2023-03-31 20:06:12,498 : INFO : EventManager : Event: ======'init_phase_2'====== Args={}
2023-03-31 20:06:12,499 : INFO : SwitchController : Found active switch: (('1D', 0), <Platform.FAST>) <switch.s_trough_1>
2023-03-31 20:06:12,499 : INFO : SwitchController : Found active switch: (('34', 0), <Platform.FAST>) <switch.s_drop_scoop>
2023-03-31 20:06:12,499 : INFO : SwitchController : Found active switch: (('40', 0), <Platform.FAST>) <switch.s_b_eos>
2023-03-31 20:06:12,505 : INFO : ball_device.bd_vuk_back : BCH: Initial count: 0
2023-03-31 20:06:12,505 : INFO : ball_device.bd_vuk_back : State: idle
2023-03-31 20:06:12,505 : INFO : ball_device.bd_vuk_right : BCH: Initial count: 0
2023-03-31 20:06:12,506 : INFO : ball_device.bd_vuk_right : State: idle
2023-03-31 20:06:12,506 : INFO : ball_device.bd_vuk_bot : BCH: Initial count: 0
2023-03-31 20:06:12,506 : INFO : ball_device.bd_vuk_bot : State: idle
2023-03-31 20:06:12,507 : INFO : ball_device.bd_trough : BCH: Initial count: 1
2023-03-31 20:06:12,507 : INFO : ball_device.bd_trough : State: idle
2023-03-31 20:06:12,508 : INFO : ball_device.bd_plunger : BCH: Initial count: 0
2023-03-31 20:06:12,508 : INFO : ball_device.bd_plunger : State: idle
2023-03-31 20:06:12,521 : INFO : EventManager : Event: ======'init_phase_3'====== Args={}
2023-03-31 20:06:12,525 : INFO : EventManager : Event: ======'init_phase_4'====== Args={}
2023-03-31 20:06:12,525 : INFO : BallController : Initial balls found: 1
2023-03-31 20:06:12,527 : INFO : EventManager : Event: ======'machine_var_audits_events_game_ended'====== Args={'value': 0, 'prev_value': None, 'change': True}
2023-03-31 20:06:12,527 : INFO : EventManager : Event: ======'machine_var_audits_events_game_started'====== Args={'value': 7, 'prev_value': None, 'change': True}
2023-03-31 20:06:12,527 : INFO : EventManager : Event: ======'machine_var_audits_player_score'====== Args={'value': {'average': 0, 'top': [], 'total': 0}, 'prev_value': None, 'change': True}
2023-03-31 20:06:12,527 : INFO : EventManager : Event: ======'machine_var_audits_switches_s_autolauncher'====== Args={'value': 12, 'prev_value': None, 'change': True}
2023-03-31 20:06:12,527 : INFO : EventManager : Event: ======'machine_var_audits_switches_s_b_eos'====== Args={'value': 139, 'prev_value': None, 'change': True}
2023-03-31 20:06:12,527 : INFO : EventManager : Event: ======'machine_var_audits_switches_s_b_pop'====== Args={'value': 32, 'prev_value': None, 'change': True}
2023-03-31 20:06:12,527 : INFO : EventManager : Event: ======'machine_var_audits_switches_s_b_rollover_interchange'====== Args={'value': 2, 'prev_value': None, 'change': True}
2023-03-31 20:06:12,528 : INFO : EventManager : Event: ======'machine_var_audits_switches_s_b_rollover_loop'====== Args={'value': 1, 'prev_value': None, 'change': True}
2023-03-31 20:06:12,528 : INFO : EventManager : Event: ======'machine_var_audits_switches_s_b_rollover_misc'====== Args={'value': 2, 'prev_value': None, 'change': True}
2023-03-31 20:06:12,528 : INFO : EventManager : Event: ======'machine_var_audits_switches_s_b_target_left'====== Args={'value': 1, 'prev_value': None, 'change': True}
2023-03-31 20:06:12,528 : INFO : EventManager : Event: ======'machine_var_audits_switches_s_b_target_right'====== Args={'value': 2, 'prev_value': None, 'change': True}
2023-03-31 20:06:12,528 : INFO : EventManager : Event: ======'machine_var_audits_switches_s_drop_mid_center'====== Args={'value': 0, 'prev_value': None, 'change': True}
2023-03-31 20:06:12,528 : INFO : EventManager : Event: ======'machine_var_audits_switches_s_drop_mid_left'====== Args={'value': 0, 'prev_value': None, 'change': True}
2023-03-31 20:06:12,528 : INFO : EventManager : Event: ======'machine_var_audits_switches_s_drop_mid_right'====== Args={'value': 0, 'prev_value': None, 'change': True}
2023-03-31 20:06:12,528 : INFO : EventManager : Event: ======'machine_var_audits_switches_s_drop_right_left'====== Args={'value': 0, 'prev_value': None, 'change': True}
2023-03-31 20:06:12,529 : INFO : EventManager : Event: ======'machine_var_audits_switches_s_drop_right_right'====== Args={'value': 0, 'prev_value': None, 'change': True}
2023-03-31 20:06:12,529 : INFO : EventManager : Event: ======'machine_var_audits_switches_s_drop_scoop'====== Args={'value': 0, 'prev_value': None, 'change': True}
2023-03-31 20:06:12,529 : INFO : EventManager : Event: ======'machine_var_audits_switches_s_drop_single'====== Args={'value': 1, 'prev_value': None, 'change': True}
2023-03-31 20:06:12,529 : INFO : EventManager : Event: ======'machine_var_audits_switches_s_flip_left_eos'====== Args={'value': 997, 'prev_value': None, 'change': True}
2023-03-31 20:06:12,529 : INFO : EventManager : Event: ======'machine_var_audits_switches_s_flip_left_top_eos'====== Args={'value': 61, 'prev_value': None, 'change': True}
2023-03-31 20:06:12,529 : INFO : EventManager : Event: ======'machine_var_audits_switches_s_flip_right_eos'====== Args={'value': 140, 'prev_value': None, 'change': True}
2023-03-31 20:06:12,529 : INFO : EventManager : Event: ======'machine_var_audits_switches_s_inlane_left'====== Args={'value': 0, 'prev_value': None, 'change': True}
2023-03-31 20:06:12,530 : INFO : EventManager : Event: ======'machine_var_audits_switches_s_inlane_right'====== Args={'value': 1, 'prev_value': None, 'change': True}
2023-03-31 20:06:12,530 : INFO : EventManager : Event: ======'machine_var_audits_switches_s_l_rollover'====== Args={'value': 1, 'prev_value': None, 'change': True}
2023-03-31 20:06:12,530 : INFO : EventManager : Event: ======'machine_var_audits_switches_s_l_target_far'====== Args={'value': 1, 'prev_value': None, 'change': True}
2023-03-31 20:06:12,530 : INFO : EventManager : Event: ======'machine_var_audits_switches_s_l_target_large'====== Args={'value': 1, 'prev_value': None, 'change': True}
2023-03-31 20:06:12,530 : INFO : EventManager : Event: ======'machine_var_audits_switches_s_l_target_left'====== Args={'value': 2, 'prev_value': None, 'change': True}
2023-03-31 20:06:12,530 : INFO : EventManager : Event: ======'machine_var_audits_switches_s_l_target_right'====== Args={'value': 1, 'prev_value': None, 'change': True}
2023-03-31 20:06:12,530 : INFO : EventManager : Event: ======'machine_var_audits_switches_s_l_vuk'====== Args={'value': 5, 'prev_value': None, 'change': True}
2023-03-31 20:06:12,531 : INFO : EventManager : Event: ======'machine_var_audits_switches_s_launch'====== Args={'value': 20, 'prev_value': None, 'change': True}
2023-03-31 20:06:12,531 : INFO : EventManager : Event: ======'machine_var_audits_switches_s_left_flipper_1'====== Args={'value': 73, 'prev_value': None, 'change': True}
2023-03-31 20:06:12,531 : INFO : EventManager : Event: ======'machine_var_audits_switches_s_left_flipper_2'====== Args={'value': 121, 'prev_value': None, 'change': True}
2023-03-31 20:06:12,531 : INFO : EventManager : Event: ======'machine_var_audits_switches_s_lock_1'====== Args={'value': 1, 'prev_value': None, 'change': True}
2023-03-31 20:06:12,531 : INFO : EventManager : Event: ======'machine_var_audits_switches_s_lock_2'====== Args={'value': 1, 'prev_value': None, 'change': True}
2023-03-31 20:06:12,531 : INFO : EventManager : Event: ======'machine_var_audits_switches_s_lock_3'====== Args={'value': 1, 'prev_value': None, 'change': True}
2023-03-31 20:06:12,532 : INFO : EventManager : Event: ======'machine_var_audits_switches_s_outlane_left'====== Args={'value': 0, 'prev_value': None, 'change': True}
2023-03-31 20:06:12,532 : INFO : EventManager : Event: ======'machine_var_audits_switches_s_outlane_right'====== Args={'value': 1, 'prev_value': None, 'change': True}
2023-03-31 20:06:12,532 : INFO : EventManager : Event: ======'machine_var_audits_switches_s_pop_left'====== Args={'value': 8, 'prev_value': None, 'change': True}
2023-03-31 20:06:12,532 : INFO : EventManager : Event: ======'machine_var_audits_switches_s_pop_lower'====== Args={'value': 21, 'prev_value': None, 'change': True}
2023-03-31 20:06:12,532 : INFO : EventManager : Event: ======'machine_var_audits_switches_s_pop_right'====== Args={'value': 19, 'prev_value': None, 'change': True}
2023-03-31 20:06:12,532 : INFO : EventManager : Event: ======'machine_var_audits_switches_s_right_flipper_1'====== Args={'value': 178, 'prev_value': None, 'change': True}
2023-03-31 20:06:12,533 : INFO : EventManager : Event: ======'machine_var_audits_switches_s_right_flipper_2'====== Args={'value': 541, 'prev_value': None, 'change': True}
2023-03-31 20:06:12,533 : INFO : EventManager : Event: ======'machine_var_audits_switches_s_rollover_left'====== Args={'value': 23, 'prev_value': None, 'change': True}
2023-03-31 20:06:12,533 : INFO : EventManager : Event: ======'machine_var_audits_switches_s_rollover_right'====== Args={'value': 480, 'prev_value': None, 'change': True}
2023-03-31 20:06:12,534 : INFO : EventManager : Event: ======'machine_var_audits_switches_s_sling_left'====== Args={'value': 2, 'prev_value': None, 'change': True}
2023-03-31 20:06:12,534 : INFO : EventManager : Event: ======'machine_var_audits_switches_s_sling_right'====== Args={'value': 6, 'prev_value': None, 'change': True}
2023-03-31 20:06:12,534 : INFO : EventManager : Event: ======'machine_var_audits_switches_s_start'====== Args={'value': 5, 'prev_value': None, 'change': True}
2023-03-31 20:06:12,534 : INFO : EventManager : Event: ======'machine_var_audits_switches_s_tilt'====== Args={'value': 1, 'prev_value': None, 'change': True}
2023-03-31 20:06:12,534 : INFO : EventManager : Event: ======'machine_var_audits_switches_s_trough_1'====== Args={'value': 0, 'prev_value': None, 'change': True}
2023-03-31 20:06:12,535 : INFO : EventManager : Event: ======'machine_var_audits_switches_s_trough_2'====== Args={'value': 6, 'prev_value': None, 'change': True}
2023-03-31 20:06:12,535 : INFO : EventManager : Event: ======'machine_var_audits_switches_s_trough_3'====== Args={'value': 4, 'prev_value': None, 'change': True}
2023-03-31 20:06:12,535 : INFO : EventManager : Event: ======'machine_var_audits_switches_s_trough_4'====== Args={'value': 4, 'prev_value': None, 'change': True}
2023-03-31 20:06:12,535 : INFO : EventManager : Event: ======'machine_var_audits_switches_s_trough_5'====== Args={'value': 4, 'prev_value': None, 'change': True}
2023-03-31 20:06:12,535 : INFO : EventManager : Event: ======'machine_var_audits_switches_s_trough_6'====== Args={'value': 4, 'prev_value': None, 'change': True}
2023-03-31 20:06:12,536 : INFO : EventManager : Event: ======'machine_var_audits_switches_s_trough_jam'====== Args={'value': 10, 'prev_value': None, 'change': True}
2023-03-31 20:06:12,536 : INFO : EventManager : Event: ======'machine_var_audits_switches_s_vuk_back'====== Args={'value': 10, 'prev_value': None, 'change': True}
2023-03-31 20:06:12,536 : INFO : EventManager : Event: ======'machine_var_audits_switches_s_vuk_right'====== Args={'value': 0, 'prev_value': None, 'change': True}
2023-03-31 20:06:12,536 : INFO : EventManager : Event: ======'machine_var_audits_switches_s_u_rollover'====== Args={'value': 0, 'prev_value': None, 'change': True}
2023-03-31 20:06:12,537 : INFO : EventManager : Event: ======'machine_var_audits_switches_s_u_target'====== Args={'value': 0, 'prev_value': None, 'change': True}
2023-03-31 20:06:12,537 : INFO : EventManager : Event: ======'machine_var_audits_switches_s_u_lane_r'====== Args={'value': 0, 'prev_value': None, 'change': True}
2023-03-31 20:06:12,537 : INFO : EventManager : Event: ======'machine_var_audits_switches_s_u_lane_l'====== Args={'value': 0, 'prev_value': None, 'change': True}
2023-03-31 20:06:12,553 : INFO : EventManager : Event: ======'init_phase_5'====== Args={}
2023-03-31 20:06:12,554 : INFO : EventManager : Event: ======'init_done'====== Args={}
2023-03-31 20:06:12,554 : INFO : EventManager : Event: ======'machine_reset_phase_1'====== Args={}
2023-03-31 20:06:12,555 : INFO : EventManager : Event: ======'machine_reset_phase_2'====== Args={}
2023-03-31 20:06:12,555 : INFO : EventManager : Event: ======'machine_reset_phase_3'====== Args={}
2023-03-31 20:06:12,557 : INFO : EventManager : Event: ======'reset_complete'====== Args={}
2023-03-31 20:06:12,557 : INFO : EventManager : Event: ======'mode_attract_will_start'====== Args={}
2023-03-31 20:06:12,557 : INFO : EventManager : Event: ======'mode_attract_starting'====== Args={}
2023-03-31 20:06:12,557 : INFO : Mode.attract : Started. Priority: 10
2023-03-31 20:06:12,557 : INFO : EventManager : Event: ======'modes_active_modes_changed'====== Args={}
2023-03-31 20:06:12,557 : INFO : EventManager : Event: ======'mode_attract_started'====== Args={}
2023-03-31 20:06:12,557 : INFO : EventManager : Event: ======'collecting_balls_complete'====== Args={}
2023-03-31 20:06:12,558 : INFO : Machine : Starting the main run loop.
2023-03-31 20:06:15,628 : INFO : SwitchController : <<<<<<< 's_autolauncher' active >>>>>>>
2023-03-31 20:06:16,128 : INFO : EventManager : Event: ======'balldevice_bd_plunger_ball_count_changed'====== Args={'balls': 1}
2023-03-31 20:06:16,128 : INFO : ball_device.bd_plunger : Received unexpected ball
2023-03-31 20:06:16,128 : INFO : EventManager : Event: ======'balldevice_captured_from_playfield'====== Args={'balls': 1}
2023-03-31 20:06:16,129 : INFO : EventManager : Event: ======'sw_playfield_active'====== Args={'balls': 1}
2023-03-31 20:06:16,129 : INFO : EventManager : Event: ======'playfield_active'====== Args={}
2023-03-31 20:06:16,129 : INFO : EventManager : Event: ======'unexpected_ball_on_playfield'====== Args={}
2023-03-31 20:06:16,129 : INFO : EventManager : Event: ======'playfield_ball_count_change'====== Args={'balls': -1, 'change': -1}
2023-03-31 20:06:16,129 : INFO : EventManager : Event: ======'balldevice_playfield_ball_enter'====== Args={'new_balls': 1, 'unclaimed_balls': 1, 'device': <playfield.playfield>}
2023-03-31 20:06:16,129 : INFO : EventManager : Event: ======'playfield_ball_count_change'====== Args={'balls': 0, 'change': 1}
2023-03-31 20:06:16,129 : INFO : BallController : Found a new ball which was captured from playfield. Known balls: 2
2023-03-31 20:06:16,129 : INFO : EventManager : Event: ======'found_new_ball'====== Args={}
2023-03-31 20:06:16,129 : INFO : EventManager : Event: ======'balldevice_bd_plunger_ball_enter'====== Args={'new_balls': 1, 'unclaimed_balls': 1, 'new_available_balls': 1, 'device': <ball_device.bd_plunger>}
2023-03-31 20:06:16,130 : INFO : ball_device.bd_plunger : Ejecting 1 unexpected balls using path deque([<ball_device.bd_plunger>, <playfield.playfield>])
2023-03-31 20:06:16,130 : INFO : EventManager : Event: ======'balldevice_balls_available'====== Args={}
2023-03-31 20:06:16,130 : INFO : EventManager : Event: ======'balldevice_balls_available'====== Args={}
2023-03-31 20:06:16,130 : INFO : EventManager : Event: ======'balldevice_bd_plunger_ball_entered'====== Args={'new_balls': 1, 'device': <ball_device.bd_plunger>}
2023-03-31 20:06:16,131 : INFO : ball_device.bd_plunger : State: waiting_for_target_ready
2023-03-31 20:06:16,131 : INFO : EventManager : Event: ======'balldevice_bd_plunger_ball_eject_attempt'====== Args={'balls': 1, 'target': <playfield.playfield>, 'source': <ball_device.bd_plunger>, 'mechanical_eject': False, 'num_attempts': 0}
2023-03-31 20:06:16,131 : INFO : ball_device.bd_plunger : State: ejecting
2023-03-31 20:06:16,131 : INFO : ball_device.bd_plunger : Ejecting ball to <playfield.playfield>
2023-03-31 20:06:16,131 : INFO : EventManager : Event: ======'balldevice_bd_plunger_ejecting_ball'====== Args={'balls': 1, 'target': <playfield.playfield>, 'source': <ball_device.bd_plunger>, 'mechanical_eject': False, 'num_attempts': 0}
2023-03-31 20:06:16,132 : INFO : ball_device.bd_plunger : Wait for ball to leave device
2023-03-31 20:06:16,132 : INFO : coil.c_autolauncher : Pulsing Driver for 17ms (0.9 pulse_power)
2023-03-31 20:06:16,160 : INFO : SwitchController : <<<<<<< 's_autolauncher' inactive >>>>>>>
2023-03-31 20:06:16,161 : INFO : SwitchController : <<<<<<< 's_flip_left_eos' active >>>>>>>
2023-03-31 20:06:16,161 : INFO : ball_device.bd_plunger : State: ball_left
2023-03-31 20:06:16,161 : INFO : ball_device.bd_plunger : Ball left
2023-03-31 20:06:16,162 : INFO : ball_device.bd_plunger : Wait for confirm with timeout 2.0
2023-03-31 20:06:16,163 : INFO : SwitchController : <<<<<<< 's_flip_left_eos' inactive >>>>>>>
2023-03-31 20:06:16,167 : INFO : SwitchController : <<<<<<< 's_flip_left_eos' active >>>>>>>
2023-03-31 20:06:16,170 : INFO : SwitchController : <<<<<<< 's_flip_left_eos' inactive >>>>>>>
2023-03-31 20:06:16,181 : INFO : SwitchController : <<<<<<< 's_flip_left_eos' active >>>>>>>
2023-03-31 20:06:16,181 : INFO : SwitchController : <<<<<<< 's_flip_left_eos' inactive >>>>>>>
2023-03-31 20:06:17,297 : INFO : SwitchController : <<<<<<< 's_flip_left_eos' active >>>>>>>
2023-03-31 20:06:17,299 : INFO : SwitchController : <<<<<<< 's_flip_left_eos' inactive >>>>>>>
2023-03-31 20:06:18,162 : INFO : ball_device.bd_plunger : State: failed_confirm
2023-03-31 20:06:18,163 : INFO : ball_device.bd_plunger : Got timeout (2.0s) before confirm from <playfield.playfield>
2023-03-31 20:06:18,263 : INFO : ball_device.bd_plunger : Confirming eject because target is playfield and ball did not return.
2023-03-31 20:06:18,263 : INFO : ball_device.bd_plunger : Eject successful
2023-03-31 20:06:18,263 : INFO : EventManager : Event: ======'balldevice_bd_plunger_ball_eject_success'====== Args={'balls': 1, 'target': <playfield.playfield>}
2023-03-31 20:06:18,263 : INFO : EventManager : Event: ======'balldevice_playfield_ball_enter'====== Args={'new_balls': 1, 'unclaimed_balls': 1, 'device': <playfield.playfield>}
2023-03-31 20:06:18,263 : INFO : EventManager : Event: ======'playfield_ball_count_change'====== Args={'balls': 1, 'change': 1}
2023-03-31 20:06:18,263 : INFO : EventManager : Event: ======'balldevice_bd_plunger_ball_count_changed'====== Args={'balls': 0}
2023-03-31 20:06:18,264 : INFO : ball_device.bd_plunger : State: idle
2023-03-31 20:06:20,875 : INFO : BcpServer : New client connected.
2023-03-31 20:06:26,286 : INFO : SwitchController : <<<<<<< 's_autolauncher' active >>>>>>>
2023-03-31 20:06:26,786 : INFO : EventManager : Event: ======'balldevice_bd_plunger_ball_count_changed'====== Args={'balls': 1}
2023-03-31 20:06:26,787 : INFO : ball_device.bd_plunger : Received unexpected ball
2023-03-31 20:06:26,787 : INFO : EventManager : Event: ======'balldevice_captured_from_playfield'====== Args={'balls': 1}
2023-03-31 20:06:26,788 : INFO : EventManager : Event: ======'sw_playfield_active'====== Args={'balls': 1}
2023-03-31 20:06:26,788 : INFO : EventManager : Event: ======'playfield_ball_count_change'====== Args={'balls': 0, 'change': -1}
2023-03-31 20:06:26,789 : INFO : EventManager : Event: ======'balldevice_bd_plunger_ball_enter'====== Args={'new_balls': 1, 'unclaimed_balls': 1, 'new_available_balls': 1, 'device': <ball_device.bd_plunger>}
2023-03-31 20:06:26,789 : INFO : ball_device.bd_plunger : Ejecting 1 unexpected balls using path deque([<ball_device.bd_plunger>, <playfield.playfield>])
2023-03-31 20:06:26,790 : INFO : EventManager : Event: ======'balldevice_balls_available'====== Args={}
2023-03-31 20:06:26,790 : INFO : EventManager : Event: ======'balldevice_balls_available'====== Args={}
2023-03-31 20:06:26,790 : INFO : EventManager : Event: ======'balldevice_bd_plunger_ball_entered'====== Args={'new_balls': 1, 'device': <ball_device.bd_plunger>}
2023-03-31 20:06:26,791 : INFO : ball_device.bd_plunger : State: waiting_for_target_ready
2023-03-31 20:06:26,792 : INFO : EventManager : Event: ======'balldevice_bd_plunger_ball_eject_attempt'====== Args={'balls': 1, 'target': <playfield.playfield>, 'source': <ball_device.bd_plunger>, 'mechanical_eject': False, 'num_attempts': 0}
2023-03-31 20:06:26,792 : INFO : ball_device.bd_plunger : State: ejecting
2023-03-31 20:06:26,792 : INFO : ball_device.bd_plunger : Ejecting ball to <playfield.playfield>
2023-03-31 20:06:26,792 : INFO : EventManager : Event: ======'balldevice_bd_plunger_ejecting_ball'====== Args={'balls': 1, 'target': <playfield.playfield>, 'source': <ball_device.bd_plunger>, 'mechanical_eject': False, 'num_attempts': 0}
2023-03-31 20:06:26,794 : INFO : ball_device.bd_plunger : Wait for ball to leave device
2023-03-31 20:06:26,794 : INFO : coil.c_autolauncher : Pulsing Driver for 17ms (0.9 pulse_power)
2023-03-31 20:06:26,822 : INFO : SwitchController : <<<<<<< 's_autolauncher' inactive >>>>>>>
2023-03-31 20:06:26,822 : INFO : SwitchController : <<<<<<< 's_flip_left_eos' active >>>>>>>
2023-03-31 20:06:26,823 : INFO : ball_device.bd_plunger : State: ball_left
2023-03-31 20:06:26,823 : INFO : ball_device.bd_plunger : Ball left
2023-03-31 20:06:26,823 : INFO : ball_device.bd_plunger : Wait for confirm with timeout 2.0
2023-03-31 20:06:26,824 : INFO : SwitchController : <<<<<<< 's_flip_left_eos' inactive >>>>>>>
2023-03-31 20:06:26,827 : INFO : SwitchController : <<<<<<< 's_flip_left_eos' active >>>>>>>
2023-03-31 20:06:26,848 : INFO : SwitchController : <<<<<<< 's_flip_left_eos' inactive >>>>>>>
2023-03-31 20:06:27,839 : INFO : SwitchController : <<<<<<< 's_flip_left_eos' active >>>>>>>
2023-03-31 20:06:27,842 : INFO : SwitchController : <<<<<<< 's_flip_left_eos' inactive >>>>>>>
2023-03-31 20:06:27,846 : INFO : SwitchController : <<<<<<< 's_flip_left_eos' active >>>>>>>
2023-03-31 20:06:27,864 : INFO : SwitchController : <<<<<<< 's_flip_left_eos' inactive >>>>>>>
2023-03-31 20:06:27,865 : INFO : SwitchController : <<<<<<< 's_flip_left_eos' active >>>>>>>
2023-03-31 20:06:27,865 : INFO : SwitchController : <<<<<<< 's_flip_left_eos' inactive >>>>>>>
2023-03-31 20:06:27,865 : INFO : SwitchController : <<<<<<< 's_flip_left_eos' active >>>>>>>
2023-03-31 20:06:27,865 : INFO : SwitchController : <<<<<<< 's_flip_left_eos' inactive >>>>>>>
2023-03-31 20:06:27,866 : INFO : SwitchController : <<<<<<< 's_flip_left_eos' active >>>>>>>
2023-03-31 20:06:27,866 : INFO : SwitchController : <<<<<<< 's_flip_left_eos' inactive >>>>>>>
2023-03-31 20:06:27,867 : INFO : SwitchController : <<<<<<< 's_flip_left_eos' active >>>>>>>
2023-03-31 20:06:27,870 : INFO : SwitchController : <<<<<<< 's_flip_left_eos' inactive >>>>>>>
2023-03-31 20:06:27,873 : INFO : SwitchController : <<<<<<< 's_flip_left_eos' active >>>>>>>
2023-03-31 20:06:27,890 : INFO : SwitchController : <<<<<<< 's_flip_left_eos' inactive >>>>>>>
2023-03-31 20:06:27,890 : INFO : SwitchController : <<<<<<< 's_flip_left_eos' active >>>>>>>
2023-03-31 20:06:27,891 : INFO : SwitchController : <<<<<<< 's_flip_left_eos' inactive >>>>>>>
2023-03-31 20:06:27,891 : INFO : SwitchController : <<<<<<< 's_flip_left_eos' active >>>>>>>
2023-03-31 20:06:27,891 : INFO : SwitchController : <<<<<<< 's_flip_left_eos' inactive >>>>>>>
2023-03-31 20:06:28,824 : INFO : ball_device.bd_plunger : State: failed_confirm
2023-03-31 20:06:28,825 : INFO : ball_device.bd_plunger : Got timeout (2.0s) before confirm from <playfield.playfield>
2023-03-31 20:06:28,926 : INFO : ball_device.bd_plunger : Confirming eject because target is playfield and ball did not return.
2023-03-31 20:06:28,926 : INFO : ball_device.bd_plunger : Eject successful
2023-03-31 20:06:28,926 : INFO : EventManager : Event: ======'balldevice_bd_plunger_ball_eject_success'====== Args={'balls': 1, 'target': <playfield.playfield>}
2023-03-31 20:06:28,927 : INFO : EventManager : Event: ======'balldevice_playfield_ball_enter'====== Args={'new_balls': 1, 'unclaimed_balls': 1, 'device': <playfield.playfield>}
2023-03-31 20:06:28,927 : INFO : EventManager : Event: ======'playfield_ball_count_change'====== Args={'balls': 1, 'change': 1}
2023-03-31 20:06:28,928 : INFO : EventManager : Event: ======'balldevice_bd_plunger_ball_count_changed'====== Args={'balls': 0}
2023-03-31 20:06:28,928 : INFO : ball_device.bd_plunger : State: idle
2023-03-31 20:06:38,161 : INFO : Machine : Shutting down...
2023-03-31 20:06:38,161 : INFO : EventManager : Event: ======'shutdown'====== Args={}
2023-03-31 20:06:38,270 : INFO : root : MPF run loop ended.
