2023-04-01 14:00:21,615 : INFO : root : Loading config.
2023-04-01 14:00:22,023 : INFO : ConfigProcessor : Config spec file cache created: /var/folders/0y/x6b2lmrx6vq3nhkjncz48nhc0000gn/T/config_spec.mpf_cache
2023-04-01 14:00:22,023 : INFO : YamlMultifileConfigLoader : Machine config file #1: config.yaml
2023-04-01 14:00:22,023 : INFO : ConfigProcessor : Loading config from cache: /var/folders/0y/x6b2lmrx6vq3nhkjncz48nhc0000gn/T/28c67afebeedf0bcd540f5dc9898a885.mpf_cache
2023-04-01 14:00:22,069 : INFO : ConfigProcessor : Loading config from cache: /var/folders/0y/x6b2lmrx6vq3nhkjncz48nhc0000gn/T/03cea1619b79a61f4f0eef3c59cdaa46.mpf_cache
2023-04-01 14:00:22,069 : INFO : ConfigProcessor : Loading config from cache: /var/folders/0y/x6b2lmrx6vq3nhkjncz48nhc0000gn/T/d3948d842c6309f14ab557c3c72320d0.mpf_cache
2023-04-01 14:00:22,069 : INFO : ConfigProcessor : Loading config from cache: /var/folders/0y/x6b2lmrx6vq3nhkjncz48nhc0000gn/T/a37a2141962f60258a07880b3484644a.mpf_cache
2023-04-01 14:00:22,070 : INFO : ConfigProcessor : Loading config from cache: /var/folders/0y/x6b2lmrx6vq3nhkjncz48nhc0000gn/T/1abbb484e5c2eb8b7dba517683fc6f83.mpf_cache
2023-04-01 14:00:22,070 : INFO : Machine : Mission Pinball Framework Core Engine v0.56.1.dev4
2023-04-01 14:00:22,070 : INFO : Machine : Command line arguments: {'no_load_cache': False, 'create_config_cache': True, 'bcp': False, 'configfile': ['config.yaml'], 'force_assets_load': False, 'jsonlogging': False, 'logfile': 'logs/2023-04-01-14-00-21-mpf-Tanners-MacBook-Pro-2.local.log', 'pause': False, 'production': False, 'text_ui': True, 'loglevel': 15, 'consoleloglevel': 20, 'force_platform': None, 'syslog_address': None, 'mc_file_name': None, 'no_sound': False}
2023-04-01 14:00:22,070 : INFO : Machine : MPF path: /Users/tpetch/.local/pipx/venvs/mpf/lib/python3.9/site-packages/mpf
2023-04-01 14:00:22,070 : INFO : Machine : Machine path: /Users/tpetch/Documents/trashland_3
2023-04-01 14:00:22,070 : INFO : Machine : Platform: darwin
2023-04-01 14:00:22,070 : INFO : Machine : Python executable location: /Users/tpetch/.local/pipx/venvs/mpf/bin/python
2023-04-01 14:00:22,070 : INFO : Machine : Python version: 3.9.13 (64-bit)
2023-04-01 14:00:22,076 : INFO : Machine : Initialise MPF.
2023-04-01 14:00:22,134 : INFO : [NET] : Trying to connect to /dev/tty.usbmodem141401 at 921600bps
2023-04-01 14:00:22,140 : INFO : [NET] : Connected to /dev/tty.usbmodem141401 at 921600bps
2023-04-01 14:00:22,153 : INFO : [NET] : Connected to FP-CPU-2000 with firmware v02.06
2023-04-01 14:00:22,153 : INFO : EventManager : Event: ======'machine_var_fast_net_firmware'====== Args={'value': '02.06', 'prev_value': None, 'change': True}
2023-04-01 14:00:22,153 : INFO : EventManager : Event: ======'machine_var_fast_net_model'====== Args={'value': 'FP-CPU-2000', 'prev_value': None, 'change': True}
2023-04-01 14:00:22,155 : INFO : [NET] : Registered I/O Board 0: Model: FP-I/O-0804, Firmware: 01.09, Switches: 8, Drivers: 4
2023-04-01 14:00:22,157 : INFO : [NET] : Registered I/O Board 1: Model: FP-I/O-0804, Firmware: 01.09, Switches: 8, Drivers: 4
2023-04-01 14:00:22,158 : INFO : [NET] : Registered I/O Board 2: Model: FP-I/O-3208, Firmware: 01.09, Switches: 32, Drivers: 8
2023-04-01 14:00:22,159 : INFO : [NET] : Registered I/O Board 3: Model: FP-I/O-1616, Firmware: 01.09, Switches: 16, Drivers: 16
2023-04-01 14:00:22,161 : INFO : [NET] : Registered I/O Board 4: Model: FP-I/O-3208, Firmware: 01.09, Switches: 32, Drivers: 8
2023-04-01 14:00:22,163 : INFO : [EXP] : Trying to connect to /dev/tty.usbmodem141403 at 921600bps
2023-04-01 14:00:22,167 : INFO : [EXP] : Connected to /dev/tty.usbmodem141403 at 921600bps
2023-04-01 14:00:22,173 : INFO : EventManager : Event: ======'machine_var_credits_string'====== Args={'value': 'FREE PLAY', 'prev_value': None, 'change': True}
2023-04-01 14:00:22,200 : INFO : EventManager : Event: ======'machine_var_master_volume'====== Args={'value': 0.5, 'prev_value': None, 'change': True}
2023-04-01 14:00:22,200 : INFO : EventManager : Event: ======'machine_var_player1_score'====== Args={'value': 0, 'prev_value': None, 'change': True}
2023-04-01 14:00:22,201 : INFO : EventManager : Event: ======'machine_var_mpf_version'====== Args={'value': 'MPF v0.56.1.dev4', 'prev_value': None, 'change': True}
2023-04-01 14:00:22,201 : INFO : EventManager : Event: ======'machine_var_mpf_extended_version'====== Args={'value': 'MPF v0.56.1.dev4, Config version:5, Show version: 5, BCP version:1.1', 'prev_value': None, 'change': True}
2023-04-01 14:00:22,201 : INFO : EventManager : Event: ======'machine_var_python_version'====== Args={'value': '3.9.13', 'prev_value': None, 'change': True}
2023-04-01 14:00:22,211 : INFO : EventManager : Event: ======'machine_var_platform'====== Args={'value': 'macOS-10.16-x86_64-i386-64bit', 'prev_value': None, 'change': True}
2023-04-01 14:00:22,211 : INFO : EventManager : Event: ======'machine_var_platform_system'====== Args={'value': 'Darwin', 'prev_value': None, 'change': True}
2023-04-01 14:00:22,212 : INFO : EventManager : Event: ======'machine_var_platform_release'====== Args={'value': '22.2.0', 'prev_value': None, 'change': True}
2023-04-01 14:00:22,212 : INFO : EventManager : Event: ======'machine_var_platform_version'====== Args={'value': 'Darwin Kernel Version 22.2.0: Fri Nov 11 02:08:47 PST 2022; root:xnu-8792.61.2~4/RELEASE_X86_64', 'prev_value': None, 'change': True}
2023-04-01 14:00:22,212 : INFO : EventManager : Event: ======'machine_var_platform_machine'====== Args={'value': 'x86_64', 'prev_value': None, 'change': True}
2023-04-01 14:00:22,212 : INFO : EventManager : Event: ======'init_phase_1'====== Args={}
2023-04-01 14:00:22,283 : INFO : EventManager : Event: ======'drop_target_bank_single_main_up'====== Args={}
2023-04-01 14:00:22,283 : INFO : EventManager : Event: ======'drop_target_bank_mid_up'====== Args={}
2023-04-01 14:00:22,283 : INFO : EventManager : Event: ======'drop_target_bank_right_up'====== Args={}
2023-04-01 14:00:22,284 : INFO : EventManager : Event: ======'init_phase_2'====== Args={}
2023-04-01 14:00:22,285 : INFO : SwitchController : Found active switch: (('03', 0), <Platform.FAST>) <switch.s_left_flipper_2>
2023-04-01 14:00:22,285 : INFO : SwitchController : Found active switch: (('1D', 0), <Platform.FAST>) <switch.s_trough_1>
2023-04-01 14:00:22,285 : INFO : SwitchController : Found active switch: (('1C', 0), <Platform.FAST>) <switch.s_trough_2>
2023-04-01 14:00:22,285 : INFO : SwitchController : Found active switch: (('1B', 0), <Platform.FAST>) <switch.s_trough_3>
2023-04-01 14:00:22,285 : INFO : SwitchController : Found active switch: (('1A', 0), <Platform.FAST>) <switch.s_trough_4>
2023-04-01 14:00:22,285 : INFO : SwitchController : Found active switch: (('34', 0), <Platform.FAST>) <switch.s_drop_scoop>
2023-04-01 14:00:22,285 : INFO : SwitchController : Found active switch: (('37', 0), <Platform.FAST>) <switch.s_drop_mid_right>
2023-04-01 14:00:22,292 : INFO : ball_device.bd_vuk_back : BCH: Initial count: 0
2023-04-01 14:00:22,292 : INFO : ball_device.bd_vuk_back : State: idle
2023-04-01 14:00:22,293 : INFO : ball_device.bd_vuk_right : BCH: Initial count: 0
2023-04-01 14:00:22,293 : INFO : ball_device.bd_vuk_right : State: idle
2023-04-01 14:00:22,294 : INFO : ball_device.bd_b_lock : BCH: Initial count: 0
2023-04-01 14:00:22,294 : INFO : ball_device.bd_b_lock : State: idle
2023-04-01 14:00:22,295 : INFO : ball_device.bd_vuk_bot : BCH: Initial count: 0
2023-04-01 14:00:22,295 : INFO : ball_device.bd_vuk_bot : State: idle
2023-04-01 14:00:22,296 : INFO : ball_device.bd_trough : BCH: Initial count: 4
2023-04-01 14:00:22,296 : INFO : ball_device.bd_trough : State: idle
2023-04-01 14:00:22,297 : INFO : ball_device.bd_plunger : BCH: Initial count: 0
2023-04-01 14:00:22,297 : INFO : ball_device.bd_plunger : State: idle
2023-04-01 14:00:22,311 : INFO : EventManager : Event: ======'init_phase_3'====== Args={}
2023-04-01 14:00:22,319 : INFO : EventManager : Event: ======'init_phase_4'====== Args={}
2023-04-01 14:00:22,319 : INFO : EventManager : Event: ======'drop_target_mid_right_down'====== Args={'device': <drop_target.mid_right>}
2023-04-01 14:00:22,320 : INFO : EventManager : Event: ======'drop_target_bank_mid_mixed'====== Args={'prev_value': <DropTargetBankState.UP: 'up'>, 'down': 1}
2023-04-01 14:00:22,320 : INFO : BallController : Initial balls found: 4
2023-04-01 14:00:22,322 : INFO : EventManager : Event: ======'machine_var_audits_events_game_ended'====== Args={'value': 9, 'prev_value': None, 'change': True}
2023-04-01 14:00:22,322 : INFO : EventManager : Event: ======'machine_var_audits_events_game_started'====== Args={'value': 32, 'prev_value': None, 'change': True}
2023-04-01 14:00:22,322 : INFO : EventManager : Event: ======'machine_var_audits_player_score'====== Args={'value': {'average': 0.0, 'top': [0, 0, 0, 0, 0, 0, 0, 0, 0], 'total': 9}, 'prev_value': None, 'change': True}
2023-04-01 14:00:22,322 : INFO : EventManager : Event: ======'machine_var_audits_switches_s_autolauncher'====== Args={'value': 153, 'prev_value': None, 'change': True}
2023-04-01 14:00:22,322 : INFO : EventManager : Event: ======'machine_var_audits_switches_s_b_eos'====== Args={'value': 453, 'prev_value': None, 'change': True}
2023-04-01 14:00:22,322 : INFO : EventManager : Event: ======'machine_var_audits_switches_s_b_pop'====== Args={'value': 88, 'prev_value': None, 'change': True}
2023-04-01 14:00:22,322 : INFO : EventManager : Event: ======'machine_var_audits_switches_s_b_rollover_interchange'====== Args={'value': 3, 'prev_value': None, 'change': True}
2023-04-01 14:00:22,322 : INFO : EventManager : Event: ======'machine_var_audits_switches_s_b_rollover_loop'====== Args={'value': 4, 'prev_value': None, 'change': True}
2023-04-01 14:00:22,323 : INFO : EventManager : Event: ======'machine_var_audits_switches_s_b_rollover_misc'====== Args={'value': 12, 'prev_value': None, 'change': True}
2023-04-01 14:00:22,323 : INFO : EventManager : Event: ======'machine_var_audits_switches_s_b_target_left'====== Args={'value': 2, 'prev_value': None, 'change': True}
2023-04-01 14:00:22,323 : INFO : EventManager : Event: ======'machine_var_audits_switches_s_b_target_right'====== Args={'value': 3, 'prev_value': None, 'change': True}
2023-04-01 14:00:22,323 : INFO : EventManager : Event: ======'machine_var_audits_switches_s_drop_mid_center'====== Args={'value': 8, 'prev_value': None, 'change': True}
2023-04-01 14:00:22,323 : INFO : EventManager : Event: ======'machine_var_audits_switches_s_drop_mid_left'====== Args={'value': 17, 'prev_value': None, 'change': True}
2023-04-01 14:00:22,323 : INFO : EventManager : Event: ======'machine_var_audits_switches_s_drop_mid_right'====== Args={'value': 10, 'prev_value': None, 'change': True}
2023-04-01 14:00:22,323 : INFO : EventManager : Event: ======'machine_var_audits_switches_s_drop_right_left'====== Args={'value': 3, 'prev_value': None, 'change': True}
2023-04-01 14:00:22,323 : INFO : EventManager : Event: ======'machine_var_audits_switches_s_drop_right_right'====== Args={'value': 3, 'prev_value': None, 'change': True}
2023-04-01 14:00:22,324 : INFO : EventManager : Event: ======'machine_var_audits_switches_s_drop_scoop'====== Args={'value': 0, 'prev_value': None, 'change': True}
2023-04-01 14:00:22,324 : INFO : EventManager : Event: ======'machine_var_audits_switches_s_drop_single'====== Args={'value': 17, 'prev_value': None, 'change': True}
2023-04-01 14:00:22,324 : INFO : EventManager : Event: ======'machine_var_audits_switches_s_flip_left_eos'====== Args={'value': 3953, 'prev_value': None, 'change': True}
2023-04-01 14:00:22,324 : INFO : EventManager : Event: ======'machine_var_audits_switches_s_flip_left_top_eos'====== Args={'value': 224, 'prev_value': None, 'change': True}
2023-04-01 14:00:22,324 : INFO : EventManager : Event: ======'machine_var_audits_switches_s_flip_right_eos'====== Args={'value': 430, 'prev_value': None, 'change': True}
2023-04-01 14:00:22,324 : INFO : EventManager : Event: ======'machine_var_audits_switches_s_inlane_left'====== Args={'value': 0, 'prev_value': None, 'change': True}
2023-04-01 14:00:22,324 : INFO : EventManager : Event: ======'machine_var_audits_switches_s_inlane_right'====== Args={'value': 9, 'prev_value': None, 'change': True}
2023-04-01 14:00:22,325 : INFO : EventManager : Event: ======'machine_var_audits_switches_s_l_rollover'====== Args={'value': 2, 'prev_value': None, 'change': True}
2023-04-01 14:00:22,325 : INFO : EventManager : Event: ======'machine_var_audits_switches_s_l_target_far'====== Args={'value': 2, 'prev_value': None, 'change': True}
2023-04-01 14:00:22,325 : INFO : EventManager : Event: ======'machine_var_audits_switches_s_l_target_large'====== Args={'value': 2, 'prev_value': None, 'change': True}
2023-04-01 14:00:22,325 : INFO : EventManager : Event: ======'machine_var_audits_switches_s_l_target_left'====== Args={'value': 3, 'prev_value': None, 'change': True}
2023-04-01 14:00:22,325 : INFO : EventManager : Event: ======'machine_var_audits_switches_s_l_target_right'====== Args={'value': 2, 'prev_value': None, 'change': True}
2023-04-01 14:00:22,326 : INFO : EventManager : Event: ======'machine_var_audits_switches_s_l_vuk'====== Args={'value': 5, 'prev_value': None, 'change': True}
2023-04-01 14:00:22,326 : INFO : EventManager : Event: ======'machine_var_audits_switches_s_launch'====== Args={'value': 148, 'prev_value': None, 'change': True}
2023-04-01 14:00:22,326 : INFO : EventManager : Event: ======'machine_var_audits_switches_s_left_flipper_1'====== Args={'value': 267, 'prev_value': None, 'change': True}
2023-04-01 14:00:22,326 : INFO : EventManager : Event: ======'machine_var_audits_switches_s_left_flipper_2'====== Args={'value': 344, 'prev_value': None, 'change': True}
2023-04-01 14:00:22,326 : INFO : EventManager : Event: ======'machine_var_audits_switches_s_lock_1'====== Args={'value': 1, 'prev_value': None, 'change': True}
2023-04-01 14:00:22,326 : INFO : EventManager : Event: ======'machine_var_audits_switches_s_lock_2'====== Args={'value': 1, 'prev_value': None, 'change': True}
2023-04-01 14:00:22,327 : INFO : EventManager : Event: ======'machine_var_audits_switches_s_lock_3'====== Args={'value': 1, 'prev_value': None, 'change': True}
2023-04-01 14:00:22,327 : INFO : EventManager : Event: ======'machine_var_audits_switches_s_outlane_left'====== Args={'value': 0, 'prev_value': None, 'change': True}
2023-04-01 14:00:22,327 : INFO : EventManager : Event: ======'machine_var_audits_switches_s_outlane_right'====== Args={'value': 4, 'prev_value': None, 'change': True}
2023-04-01 14:00:22,328 : INFO : EventManager : Event: ======'machine_var_audits_switches_s_pop_left'====== Args={'value': 38, 'prev_value': None, 'change': True}
2023-04-01 14:00:22,328 : INFO : EventManager : Event: ======'machine_var_audits_switches_s_pop_lower'====== Args={'value': 81, 'prev_value': None, 'change': True}
2023-04-01 14:00:22,328 : INFO : EventManager : Event: ======'machine_var_audits_switches_s_pop_right'====== Args={'value': 269, 'prev_value': None, 'change': True}
2023-04-01 14:00:22,328 : INFO : EventManager : Event: ======'machine_var_audits_switches_s_right_flipper_1'====== Args={'value': 710, 'prev_value': None, 'change': True}
2023-04-01 14:00:22,329 : INFO : EventManager : Event: ======'machine_var_audits_switches_s_right_flipper_2'====== Args={'value': 715, 'prev_value': None, 'change': True}
2023-04-01 14:00:22,329 : INFO : EventManager : Event: ======'machine_var_audits_switches_s_rollover_left'====== Args={'value': 30, 'prev_value': None, 'change': True}
2023-04-01 14:00:22,329 : INFO : EventManager : Event: ======'machine_var_audits_switches_s_rollover_right'====== Args={'value': 481, 'prev_value': None, 'change': True}
2023-04-01 14:00:22,329 : INFO : EventManager : Event: ======'machine_var_audits_switches_s_sling_left'====== Args={'value': 19, 'prev_value': None, 'change': True}
2023-04-01 14:00:22,329 : INFO : EventManager : Event: ======'machine_var_audits_switches_s_sling_right'====== Args={'value': 39, 'prev_value': None, 'change': True}
2023-04-01 14:00:22,330 : INFO : EventManager : Event: ======'machine_var_audits_switches_s_start'====== Args={'value': 44, 'prev_value': None, 'change': True}
2023-04-01 14:00:22,330 : INFO : EventManager : Event: ======'machine_var_audits_switches_s_tilt'====== Args={'value': 275, 'prev_value': None, 'change': True}
2023-04-01 14:00:22,330 : INFO : EventManager : Event: ======'machine_var_audits_switches_s_trough_1'====== Args={'value': 0, 'prev_value': None, 'change': True}
2023-04-01 14:00:22,330 : INFO : EventManager : Event: ======'machine_var_audits_switches_s_trough_2'====== Args={'value': 67, 'prev_value': None, 'change': True}
2023-04-01 14:00:22,330 : INFO : EventManager : Event: ======'machine_var_audits_switches_s_trough_3'====== Args={'value': 55, 'prev_value': None, 'change': True}
2023-04-01 14:00:22,331 : INFO : EventManager : Event: ======'machine_var_audits_switches_s_trough_4'====== Args={'value': 55, 'prev_value': None, 'change': True}
2023-04-01 14:00:22,331 : INFO : EventManager : Event: ======'machine_var_audits_switches_s_trough_5'====== Args={'value': 46, 'prev_value': None, 'change': True}
2023-04-01 14:00:22,331 : INFO : EventManager : Event: ======'machine_var_audits_switches_s_trough_6'====== Args={'value': 43, 'prev_value': None, 'change': True}
2023-04-01 14:00:22,331 : INFO : EventManager : Event: ======'machine_var_audits_switches_s_trough_jam'====== Args={'value': 69, 'prev_value': None, 'change': True}
2023-04-01 14:00:22,332 : INFO : EventManager : Event: ======'machine_var_audits_switches_s_u_lane_l'====== Args={'value': 1, 'prev_value': None, 'change': True}
2023-04-01 14:00:22,332 : INFO : EventManager : Event: ======'machine_var_audits_switches_s_u_lane_r'====== Args={'value': 1, 'prev_value': None, 'change': True}
2023-04-01 14:00:22,332 : INFO : EventManager : Event: ======'machine_var_audits_switches_s_u_rollover'====== Args={'value': 1, 'prev_value': None, 'change': True}
2023-04-01 14:00:22,332 : INFO : EventManager : Event: ======'machine_var_audits_switches_s_u_target'====== Args={'value': 1, 'prev_value': None, 'change': True}
2023-04-01 14:00:22,332 : INFO : EventManager : Event: ======'machine_var_audits_switches_s_vuk_back'====== Args={'value': 99, 'prev_value': None, 'change': True}
2023-04-01 14:00:22,333 : INFO : EventManager : Event: ======'machine_var_audits_switches_s_vuk_right'====== Args={'value': 0, 'prev_value': None, 'change': True}
2023-04-01 14:00:22,350 : INFO : EventManager : Event: ======'init_phase_5'====== Args={}
2023-04-01 14:00:22,350 : INFO : EventManager : Event: ======'init_done'====== Args={}
2023-04-01 14:00:22,351 : INFO : EventManager : Event: ======'machine_reset_phase_1'====== Args={}
2023-04-01 14:00:22,351 : INFO : EventManager : Event: ======'machine_reset_phase_2'====== Args={}
2023-04-01 14:00:22,351 : INFO : EventManager : Event: ======'machine_reset_phase_3'====== Args={}
2023-04-01 14:00:22,352 : INFO : EventManager : Event: ======'reset_complete'====== Args={}
2023-04-01 14:00:22,352 : INFO : EventManager : Event: ======'mode_attract_will_start'====== Args={}
2023-04-01 14:00:22,352 : INFO : EventManager : Event: ======'mode_attract_starting'====== Args={}
2023-04-01 14:00:22,352 : INFO : Mode.attract : Started. Priority: 10
2023-04-01 14:00:22,352 : INFO : EventManager : Event: ======'modes_active_modes_changed'====== Args={}
2023-04-01 14:00:22,352 : INFO : EventManager : Event: ======'mode_attract_started'====== Args={}
2023-04-01 14:00:22,355 : INFO : EventManager : Event: ======'collecting_balls_complete'====== Args={}
2023-04-01 14:00:22,355 : INFO : Machine : Starting the main run loop.
2023-04-01 14:00:25,592 : INFO : SwitchController : <<<<<<< 's_start' active >>>>>>>
2023-04-01 14:00:25,684 : INFO : SwitchController : <<<<<<< 's_start' inactive >>>>>>>
2023-04-01 14:00:25,684 : INFO : EventManager : Event: ======'request_to_start_game'====== Args={}
2023-04-01 14:00:25,685 : INFO : EventManager : Event: ======'game_start'====== Args={'buttons': [], 'hold_time': 0.09299999987706542}
2023-04-01 14:00:25,685 : INFO : EventManager : Event: ======'mode_game_will_start'====== Args={'buttons': [], 'hold_time': 0.09299999987706542}
2023-04-01 14:00:25,686 : INFO : EventManager : Event: ======'mode_game_starting'====== Args={'buttons': [], 'hold_time': 0.09299999987706542}
2023-04-01 14:00:25,686 : INFO : EventManager : Event: ======'mode_attract_will_stop'====== Args={}
2023-04-01 14:00:25,686 : INFO : EventManager : Event: ======'mode_attract_stopping'====== Args={}
2023-04-01 14:00:25,686 : INFO : Mode.attract : Stopped.
2023-04-01 14:00:25,686 : INFO : EventManager : Event: ======'modes_active_modes_changed'====== Args={}
2023-04-01 14:00:25,687 : INFO : EventManager : Event: ======'mode_attract_stopped'====== Args={}
2023-04-01 14:00:25,687 : INFO : EventManager : Event: ======'clear'====== Args={'key': 'attract'}
2023-04-01 14:00:25,688 : INFO : Mode.game : Started. Priority: 20
2023-04-01 14:00:25,688 : INFO : EventManager : Event: ======'modes_active_modes_changed'====== Args={}
2023-04-01 14:00:25,688 : INFO : EventManager : Event: ======'mode_game_started'====== Args={'buttons': [], 'hold_time': 0.09299999987706542}
2023-04-01 14:00:25,689 : INFO : EventManager : Event: ======'game_will_start'====== Args={}
2023-04-01 14:00:25,689 : INFO : EventManager : Event: ======'game_starting'====== Args={'game': <Mode.game>}
2023-04-01 14:00:25,690 : INFO : EventManager : Event: ======'player_add_request'====== Args={}
2023-04-01 14:00:25,690 : INFO : EventManager : Event: ======'player_will_add'====== Args={'number': 1}
2023-04-01 14:00:25,690 : INFO : EventManager : Event: ======'player_adding'====== Args={'player': <Player 1>, 'number': 1}
2023-04-01 14:00:25,690 : INFO : EventManager : Event: ======'player_added'====== Args={'player': <Player 1>, 'num': 1}
2023-04-01 14:00:25,690 : INFO : Mode.game : Player added successfully. Total players: 1
2023-04-01 14:00:25,690 : INFO : EventManager : Event: ======'player_index'====== Args={'value': 0, 'prev_value': 0, 'change': 0, 'player_num': 1}
2023-04-01 14:00:25,690 : INFO : EventManager : Event: ======'player_number'====== Args={'value': 1, 'prev_value': 1, 'change': 0, 'player_num': 1}
2023-04-01 14:00:25,690 : INFO : EventManager : Event: ======'player_score'====== Args={'value': 0, 'prev_value': 0, 'change': 0, 'player_num': 1}
2023-04-01 14:00:25,691 : INFO : EventManager : Event: ======'game_started'====== Args={}
2023-04-01 14:00:25,697 : INFO : EventManager : Event: ======'player_turn_will_start'====== Args={'player': <Player 1>, 'number': 1}
2023-04-01 14:00:25,710 : INFO : EventManager : Event: ======'player_turn_starting'====== Args={'player': <Player 1>, 'number': 1}
2023-04-01 14:00:25,710 : INFO : EventManager : Event: ======'player_ball'====== Args={'value': 1, 'prev_value': 0, 'change': 1, 'player_num': 1}
2023-04-01 14:00:25,710 : INFO : EventManager : Event: ======'player_turn_started'====== Args={'player': <Player 1>, 'number': 1}
2023-04-01 14:00:25,711 : INFO : EventManager : Event: ======'ball_will_start'====== Args={'player': 1, 'ball': 1, 'balls_remaining': 2, 'is_extra_ball': False}
2023-04-01 14:00:25,712 : INFO : EventManager : Event: ======'ball_starting'====== Args={'player': 1, 'ball': 1, 'balls_remaining': 2, 'is_extra_ball': False}
2023-04-01 14:00:25,713 : INFO : EventManager : Event: ======'balls_in_play'====== Args={'balls': 1}
2023-04-01 14:00:25,713 : INFO : EventManager : Event: ======'ball_started'====== Args={'player': 1, 'ball': 1, 'balls_remaining': 2, 'is_extra_ball': False}
2023-04-01 14:00:25,713 : INFO : drop_target_bank.single_main : All targets are already up. Will not reset bank.
2023-04-01 14:00:25,714 : INFO : drop_target_bank.mid : 1 targets are down. Will reset those.
2023-04-01 14:00:25,714 : INFO : coil.c_drop_mid : Pulsing Driver for 50ms (0.7 pulse_power)
2023-04-01 14:00:25,714 : INFO : drop_target_bank.right : All targets are already up. Will not reset bank.
2023-04-01 14:00:25,715 : INFO : EventManager : Event: ======'single_player_ball_started'====== Args={}
2023-04-01 14:00:25,715 : INFO : EventManager : Event: ======'ball_start_target'====== Args={'target': 'playfield'}
2023-04-01 14:00:25,716 : INFO : ball_device.bd_plunger : Setting up player-controlled eject. Balls: 1, Target: <playfield.playfield>, player_controlled_eject_event: s_launch_active
2023-04-01 14:00:25,716 : INFO : EventManager : Event: ======'balldevice_balls_available'====== Args={}
2023-04-01 14:00:25,716 : INFO : ball_device.bd_trough : State: waiting_for_target_ready
2023-04-01 14:00:25,717 : INFO : EventManager : Event: ======'balldevice_bd_trough_ball_eject_attempt'====== Args={'balls': 1, 'target': <ball_device.bd_plunger>, 'source': <ball_device.bd_trough>, 'mechanical_eject': True, 'num_attempts': 0}
2023-04-01 14:00:25,717 : INFO : ball_device.bd_plunger : State: waiting_for_ball
2023-04-01 14:00:25,717 : INFO : ball_device.bd_vuk_back : State: waiting_for_ball
2023-04-01 14:00:25,717 : INFO : ball_device.bd_trough : State: ejecting
2023-04-01 14:00:25,717 : INFO : ball_device.bd_trough : Ejecting ball to <ball_device.bd_plunger>
2023-04-01 14:00:25,717 : INFO : EventManager : Event: ======'balldevice_bd_trough_ejecting_ball'====== Args={'balls': 1, 'target': <ball_device.bd_plunger>, 'source': <ball_device.bd_trough>, 'mechanical_eject': True, 'num_attempts': 0}
2023-04-01 14:00:25,718 : INFO : ball_device.bd_trough : Wait for ball to leave device
2023-04-01 14:00:25,750 : INFO : SwitchController : <<<<<<< 's_drop_mid_right' inactive >>>>>>>
2023-04-01 14:00:25,774 : INFO : coil.c_trough : Pulsing Driver for 13ms (0.8 pulse_power)
2023-04-01 14:00:25,798 : INFO : SwitchController : <<<<<<< 's_trough_jam' active >>>>>>>
2023-04-01 14:00:25,798 : INFO : EventManager : Event: ======'machine_var_audits_switches_s_trough_jam'====== Args={'value': 70, 'prev_value': 69, 'change': 1}
2023-04-01 14:00:25,802 : INFO : SwitchController : <<<<<<< 's_flip_left_eos' active >>>>>>>
2023-04-01 14:00:25,802 : INFO : EventManager : Event: ======'machine_var_audits_switches_s_flip_left_eos'====== Args={'value': 3954, 'prev_value': 3953, 'change': 1}
2023-04-01 14:00:25,804 : INFO : SwitchController : <<<<<<< 's_flip_left_eos' inactive >>>>>>>
2023-04-01 14:00:25,820 : INFO : SwitchController : <<<<<<< 's_trough_jam' inactive >>>>>>>
2023-04-01 14:00:25,820 : INFO : SwitchController : <<<<<<< 's_flip_left_eos' active >>>>>>>
2023-04-01 14:00:25,820 : INFO : EventManager : Event: ======'machine_var_audits_switches_s_flip_left_eos'====== Args={'value': 3955, 'prev_value': 3954, 'change': 1}
2023-04-01 14:00:25,821 : INFO : SwitchController : <<<<<<< 's_flip_left_eos' inactive >>>>>>>
2023-04-01 14:00:25,827 : INFO : SwitchController : <<<<<<< 's_flip_left_eos' active >>>>>>>
2023-04-01 14:00:25,827 : INFO : EventManager : Event: ======'machine_var_audits_switches_s_flip_left_eos'====== Args={'value': 3956, 'prev_value': 3955, 'change': 1}
2023-04-01 14:00:25,841 : INFO : SwitchController : <<<<<<< 's_flip_left_eos' inactive >>>>>>>
2023-04-01 14:00:25,850 : INFO : SwitchController : <<<<<<< 's_flip_left_eos' active >>>>>>>
2023-04-01 14:00:25,851 : INFO : EventManager : Event: ======'machine_var_audits_switches_s_flip_left_eos'====== Args={'value': 3957, 'prev_value': 3956, 'change': 1}
2023-04-01 14:00:25,864 : INFO : SwitchController : <<<<<<< 's_flip_left_eos' inactive >>>>>>>
2023-04-01 14:00:25,864 : INFO : SwitchController : <<<<<<< 's_flip_left_eos' active >>>>>>>
2023-04-01 14:00:25,864 : INFO : EventManager : Event: ======'machine_var_audits_switches_s_flip_left_eos'====== Args={'value': 3958, 'prev_value': 3957, 'change': 1}
2023-04-01 14:00:25,864 : INFO : SwitchController : <<<<<<< 's_flip_left_eos' inactive >>>>>>>
2023-04-01 14:00:25,864 : INFO : SwitchController : <<<<<<< 's_flip_left_eos' active >>>>>>>
2023-04-01 14:00:25,864 : INFO : EventManager : Event: ======'machine_var_audits_switches_s_flip_left_eos'====== Args={'value': 3959, 'prev_value': 3958, 'change': 1}
2023-04-01 14:00:25,866 : INFO : SwitchController : <<<<<<< 's_flip_left_eos' inactive >>>>>>>
2023-04-01 14:00:25,884 : INFO : SwitchController : <<<<<<< 's_flip_left_eos' active >>>>>>>
2023-04-01 14:00:25,884 : INFO : EventManager : Event: ======'machine_var_audits_switches_s_flip_left_eos'====== Args={'value': 3960, 'prev_value': 3959, 'change': 1}
2023-04-01 14:00:25,885 : INFO : SwitchController : <<<<<<< 's_flip_left_eos' inactive >>>>>>>
2023-04-01 14:00:25,988 : INFO : SwitchController : <<<<<<< 's_trough_3' inactive >>>>>>>
2023-04-01 14:00:25,989 : INFO : ball_device.bd_trough : State: ball_left
2023-04-01 14:00:25,989 : INFO : ball_device.bd_trough : Ball left
2023-04-01 14:00:25,989 : INFO : ball_device.bd_trough : Wait for confirm with timeout 10.0
2023-04-01 14:00:25,991 : INFO : SwitchController : <<<<<<< 's_trough_4' inactive >>>>>>>
2023-04-01 14:00:26,008 : INFO : SwitchController : <<<<<<< 's_trough_2' inactive >>>>>>>
2023-04-01 14:00:26,133 : INFO : SwitchController : <<<<<<< 's_trough_2' active >>>>>>>
2023-04-01 14:00:26,133 : INFO : EventManager : Event: ======'machine_var_audits_switches_s_trough_2'====== Args={'value': 68, 'prev_value': 67, 'change': 1}
2023-04-01 14:00:26,134 : INFO : SwitchController : <<<<<<< 's_trough_3' active >>>>>>>
2023-04-01 14:00:26,134 : INFO : EventManager : Event: ======'machine_var_audits_switches_s_trough_3'====== Args={'value': 56, 'prev_value': 55, 'change': 1}
2023-04-01 14:00:26,214 : INFO : EventManager : Event: ======'drop_target_mid_right_up'====== Args={'device': <drop_target.mid_right>}
2023-04-01 14:00:26,214 : INFO : EventManager : Event: ======'drop_target_bank_mid_up'====== Args={}
2023-04-01 14:00:28,556 : INFO : SwitchController : <<<<<<< 's_launch' active >>>>>>>
2023-04-01 14:00:28,556 : INFO : EventManager : Event: ======'machine_var_audits_switches_s_launch'====== Args={'value': 149, 'prev_value': 148, 'change': 1}
2023-04-01 14:00:28,645 : INFO : SwitchController : <<<<<<< 's_launch' inactive >>>>>>>
2023-04-01 14:00:30,652 : INFO : SwitchController : <<<<<<< 's_launch' active >>>>>>>
2023-04-01 14:00:30,653 : INFO : EventManager : Event: ======'machine_var_audits_switches_s_launch'====== Args={'value': 150, 'prev_value': 149, 'change': 1}
2023-04-01 14:00:30,759 : INFO : SwitchController : <<<<<<< 's_launch' inactive >>>>>>>
2023-04-01 14:00:30,953 : INFO : SwitchController : <<<<<<< 's_launch' active >>>>>>>
2023-04-01 14:00:30,954 : INFO : EventManager : Event: ======'machine_var_audits_switches_s_launch'====== Args={'value': 151, 'prev_value': 150, 'change': 1}
2023-04-01 14:00:31,063 : INFO : SwitchController : <<<<<<< 's_launch' inactive >>>>>>>
2023-04-01 14:00:31,135 : INFO : BcpServer : New client connected.
2023-04-01 14:00:31,333 : INFO : SwitchController : <<<<<<< 's_launch' active >>>>>>>
2023-04-01 14:00:31,333 : INFO : EventManager : Event: ======'machine_var_audits_switches_s_launch'====== Args={'value': 152, 'prev_value': 151, 'change': 1}
2023-04-01 14:00:31,416 : INFO : SwitchController : <<<<<<< 's_launch' inactive >>>>>>>
2023-04-01 14:00:31,699 : INFO : SwitchController : <<<<<<< 's_launch' active >>>>>>>
2023-04-01 14:00:31,699 : INFO : EventManager : Event: ======'machine_var_audits_switches_s_launch'====== Args={'value': 153, 'prev_value': 152, 'change': 1}
2023-04-01 14:00:31,772 : INFO : SwitchController : <<<<<<< 's_launch' inactive >>>>>>>
2023-04-01 14:00:32,257 : INFO : SwitchController : <<<<<<< 's_start' active >>>>>>>
2023-04-01 14:00:32,257 : INFO : EventManager : Event: ======'sw_start'====== Args={}
2023-04-01 14:00:32,257 : INFO : EventManager : Event: ======'machine_var_audits_switches_s_start'====== Args={'value': 45, 'prev_value': 44, 'change': 1}
2023-04-01 14:00:32,258 : INFO : EventManager : Event: ======'player_add_request'====== Args={}
2023-04-01 14:00:32,258 : INFO : EventManager : Event: ======'player_will_add'====== Args={'number': 2}
2023-04-01 14:00:32,258 : INFO : EventManager : Event: ======'player_adding'====== Args={'player': <Player 2>, 'number': 2}
2023-04-01 14:00:32,258 : INFO : EventManager : Event: ======'player_added'====== Args={'player': <Player 2>, 'num': 2}
2023-04-01 14:00:32,258 : INFO : Mode.game : Player added successfully. Total players: 2
2023-04-01 14:00:32,258 : INFO : EventManager : Event: ======'multiplayer_game'====== Args={}
2023-04-01 14:00:32,258 : INFO : EventManager : Event: ======'player_index'====== Args={'value': 1, 'prev_value': 1, 'change': 0, 'player_num': 2}
2023-04-01 14:00:32,258 : INFO : EventManager : Event: ======'player_number'====== Args={'value': 2, 'prev_value': 2, 'change': 0, 'player_num': 2}
2023-04-01 14:00:32,259 : INFO : EventManager : Event: ======'player_score'====== Args={'value': 0, 'prev_value': 0, 'change': 0, 'player_num': 2}
2023-04-01 14:00:32,371 : INFO : SwitchController : <<<<<<< 's_start' inactive >>>>>>>
2023-04-01 14:00:32,515 : INFO : SwitchController : <<<<<<< 's_start' active >>>>>>>
2023-04-01 14:00:32,515 : INFO : EventManager : Event: ======'sw_start'====== Args={}
2023-04-01 14:00:32,515 : INFO : EventManager : Event: ======'machine_var_audits_switches_s_start'====== Args={'value': 46, 'prev_value': 45, 'change': 1}
2023-04-01 14:00:32,516 : INFO : EventManager : Event: ======'player_add_request'====== Args={}
2023-04-01 14:00:32,516 : INFO : EventManager : Event: ======'player_will_add'====== Args={'number': 3}
2023-04-01 14:00:32,516 : INFO : EventManager : Event: ======'player_adding'====== Args={'player': <Player 3>, 'number': 3}
2023-04-01 14:00:32,516 : INFO : EventManager : Event: ======'player_added'====== Args={'player': <Player 3>, 'num': 3}
2023-04-01 14:00:32,517 : INFO : Mode.game : Player added successfully. Total players: 3
2023-04-01 14:00:32,517 : INFO : EventManager : Event: ======'player_index'====== Args={'value': 2, 'prev_value': 2, 'change': 0, 'player_num': 3}
2023-04-01 14:00:32,517 : INFO : EventManager : Event: ======'player_number'====== Args={'value': 3, 'prev_value': 3, 'change': 0, 'player_num': 3}
2023-04-01 14:00:32,517 : INFO : EventManager : Event: ======'player_score'====== Args={'value': 0, 'prev_value': 0, 'change': 0, 'player_num': 3}
2023-04-01 14:00:32,600 : INFO : SwitchController : <<<<<<< 's_start' inactive >>>>>>>
2023-04-01 14:00:35,990 : INFO : ball_device.bd_trough : State: failed_confirm
2023-04-01 14:00:35,990 : INFO : ball_device.bd_trough : Got timeout (10.0s) before confirm from <ball_device.bd_plunger>
2023-04-01 14:00:55,991 : INFO : EventManager : Event: ======'balldevice_bd_trough_ball_eject_failed'====== Args={'target': <ball_device.bd_plunger>, 'balls': 1, 'retry': True, 'num_attempts': 0}
2023-04-01 14:00:55,991 : WARNING : ball_device.bd_trough : Path to <ball_device.bd_plunger> canceled. Assuming the ball jumped to <playfield.playfield>.
2023-04-01 14:00:55,992 : INFO : EventManager : Event: ======'balldevice_playfield_ball_enter'====== Args={'new_balls': 1, 'unclaimed_balls': 1, 'device': <playfield.playfield>}
2023-04-01 14:00:55,992 : INFO : EventManager : Event: ======'playfield_ball_count_change'====== Args={'balls': 1, 'change': 1}
2023-04-01 14:00:55,992 : INFO : ball_device.bd_trough : 1 ball(s) missing from device. Mechanical eject? False
2023-04-01 14:00:55,992 : INFO : EventManager : Event: ======'balldevice_bd_trough_ball_missing'====== Args={'balls': 1}
2023-04-01 14:00:55,993 : INFO : ball_device.bd_vuk_back : State: idle
2023-04-01 14:00:55,993 : INFO : ball_device.bd_plunger : State: idle
2023-04-01 14:00:55,993 : INFO : EventManager : Event: ======'balldevice_ball_missing'====== Args={'balls': 1, 'name': 'bd_trough'}
2023-04-01 14:00:55,994 : INFO : EventManager : Event: ======'balldevice_bd_trough_ball_count_changed'====== Args={'balls': 3}
2023-04-01 14:00:55,994 : INFO : ball_device.bd_trough : State: idle
2023-04-01 14:02:35,233 : INFO : Machine : Shutting down...
2023-04-01 14:02:35,233 : INFO : EventManager : Event: ======'shutdown'====== Args={}
2023-04-01 14:02:35,234 : INFO : EventManager : Event: ======'mode_game_will_stop'====== Args={}
2023-04-01 14:02:35,234 : INFO : EventManager : Event: ======'mode_game_stopping'====== Args={}
2023-04-01 14:02:35,234 : INFO : Mode.game : Stopped.
2023-04-01 14:02:35,234 : INFO : EventManager : Event: ======'modes_active_modes_changed'====== Args={}
2023-04-01 14:02:35,234 : INFO : EventManager : Event: ======'mode_game_stopped'====== Args={}
2023-04-01 14:02:35,235 : INFO : EventManager : Event: ======'clear'====== Args={'key': 'game'}
2023-04-01 14:02:35,347 : INFO : root : MPF run loop ended.
