2023-04-01 11:47:13,977 : INFO : root : Loading config.
2023-04-01 11:47:14,383 : INFO : ConfigProcessor : Config spec file cache created: /var/folders/0y/x6b2lmrx6vq3nhkjncz48nhc0000gn/T/config_spec.mpf_cache
2023-04-01 11:47:14,383 : INFO : YamlMultifileConfigLoader : Machine config file #1: config.yaml
2023-04-01 11:47:14,383 : INFO : ConfigProcessor : Loading config from cache: /var/folders/0y/x6b2lmrx6vq3nhkjncz48nhc0000gn/T/28c67afebeedf0bcd540f5dc9898a885.mpf_cache
2023-04-01 11:47:14,476 : INFO : ConfigProcessor : Loading config from cache: /var/folders/0y/x6b2lmrx6vq3nhkjncz48nhc0000gn/T/03cea1619b79a61f4f0eef3c59cdaa46.mpf_cache
2023-04-01 11:47:14,477 : INFO : ConfigProcessor : Loading config from cache: /var/folders/0y/x6b2lmrx6vq3nhkjncz48nhc0000gn/T/d3948d842c6309f14ab557c3c72320d0.mpf_cache
2023-04-01 11:47:14,478 : INFO : ConfigProcessor : Loading config from cache: /var/folders/0y/x6b2lmrx6vq3nhkjncz48nhc0000gn/T/a37a2141962f60258a07880b3484644a.mpf_cache
2023-04-01 11:47:14,479 : INFO : Machine : Mission Pinball Framework Core Engine v0.56.1.dev4
2023-04-01 11:47:14,479 : INFO : Machine : Command line arguments: {'no_load_cache': False, 'create_config_cache': True, 'bcp': False, 'configfile': ['config.yaml'], 'force_assets_load': False, 'jsonlogging': False, 'logfile': 'logs/2023-04-01-11-47-13-mpf-Tanners-MacBook-Pro-2.local.log', 'pause': False, 'production': False, 'text_ui': True, 'loglevel': 15, 'consoleloglevel': 20, 'force_platform': None, 'syslog_address': None, 'mc_file_name': None, 'no_sound': False}
2023-04-01 11:47:14,479 : INFO : Machine : MPF path: /Users/tpetch/.local/pipx/venvs/mpf/lib/python3.9/site-packages/mpf
2023-04-01 11:47:14,479 : INFO : Machine : Machine path: /Users/tpetch/Documents/trashland_3
2023-04-01 11:47:14,479 : INFO : Machine : Platform: darwin
2023-04-01 11:47:14,479 : INFO : Machine : Python executable location: /Users/tpetch/.local/pipx/venvs/mpf/bin/python
2023-04-01 11:47:14,479 : INFO : Machine : Python version: 3.9.13 (64-bit)
2023-04-01 11:47:14,488 : INFO : Machine : Initialise MPF.
2023-04-01 11:47:14,574 : INFO : [NET] : Trying to connect to /dev/tty.usbmodem141401 at 921600bps
2023-04-01 11:47:14,580 : INFO : [NET] : Connected to /dev/tty.usbmodem141401 at 921600bps
2023-04-01 11:47:14,593 : INFO : [NET] : Connected to FP-CPU-2000 with firmware v02.06
2023-04-01 11:47:14,593 : INFO : EventManager : Event: ======'machine_var_fast_net_firmware'====== Args={'value': '02.06', 'prev_value': None, 'change': True}
2023-04-01 11:47:14,593 : INFO : EventManager : Event: ======'machine_var_fast_net_model'====== Args={'value': 'FP-CPU-2000', 'prev_value': None, 'change': True}
2023-04-01 11:47:14,595 : INFO : [NET] : Registered I/O Board 0: Model: FP-I/O-0804, Firmware: 01.09, Switches: 8, Drivers: 4
2023-04-01 11:47:14,597 : INFO : [NET] : Registered I/O Board 1: Model: FP-I/O-0804, Firmware: 01.09, Switches: 8, Drivers: 4
2023-04-01 11:47:14,599 : INFO : [NET] : Registered I/O Board 2: Model: FP-I/O-3208, Firmware: 01.09, Switches: 32, Drivers: 8
2023-04-01 11:47:14,600 : INFO : [NET] : Registered I/O Board 3: Model: FP-I/O-1616, Firmware: 01.09, Switches: 16, Drivers: 16
2023-04-01 11:47:14,601 : INFO : [NET] : Registered I/O Board 4: Model: FP-I/O-3208, Firmware: 01.09, Switches: 32, Drivers: 8
2023-04-01 11:47:14,603 : INFO : [EXP] : Trying to connect to /dev/tty.usbmodem141403 at 921600bps
2023-04-01 11:47:14,608 : INFO : [EXP] : Connected to /dev/tty.usbmodem141403 at 921600bps
2023-04-01 11:47:14,614 : INFO : EventManager : Event: ======'machine_var_credits_string'====== Args={'value': 'FREE PLAY', 'prev_value': None, 'change': True}
2023-04-01 11:47:14,658 : INFO : EventManager : Event: ======'machine_var_master_volume'====== Args={'value': 0.5, 'prev_value': None, 'change': True}
2023-04-01 11:47:14,658 : INFO : EventManager : Event: ======'machine_var_player1_score'====== Args={'value': 0, 'prev_value': None, 'change': True}
2023-04-01 11:47:14,658 : INFO : EventManager : Event: ======'machine_var_mpf_version'====== Args={'value': 'MPF v0.56.1.dev4', 'prev_value': None, 'change': True}
2023-04-01 11:47:14,658 : INFO : EventManager : Event: ======'machine_var_mpf_extended_version'====== Args={'value': 'MPF v0.56.1.dev4, Config version:5, Show version: 5, BCP version:1.1', 'prev_value': None, 'change': True}
2023-04-01 11:47:14,658 : INFO : EventManager : Event: ======'machine_var_python_version'====== Args={'value': '3.9.13', 'prev_value': None, 'change': True}
2023-04-01 11:47:14,672 : INFO : EventManager : Event: ======'machine_var_platform'====== Args={'value': 'macOS-10.16-x86_64-i386-64bit', 'prev_value': None, 'change': True}
2023-04-01 11:47:14,673 : INFO : EventManager : Event: ======'machine_var_platform_system'====== Args={'value': 'Darwin', 'prev_value': None, 'change': True}
2023-04-01 11:47:14,673 : INFO : EventManager : Event: ======'machine_var_platform_release'====== Args={'value': '22.2.0', 'prev_value': None, 'change': True}
2023-04-01 11:47:14,673 : INFO : EventManager : Event: ======'machine_var_platform_version'====== Args={'value': 'Darwin Kernel Version 22.2.0: Fri Nov 11 02:08:47 PST 2022; root:xnu-8792.61.2~4/RELEASE_X86_64', 'prev_value': None, 'change': True}
2023-04-01 11:47:14,673 : INFO : EventManager : Event: ======'machine_var_platform_machine'====== Args={'value': 'x86_64', 'prev_value': None, 'change': True}
2023-04-01 11:47:14,673 : INFO : EventManager : Event: ======'init_phase_1'====== Args={}
2023-04-01 11:47:14,747 : INFO : EventManager : Event: ======'drop_target_bank_single_main_up'====== Args={}
2023-04-01 11:47:14,747 : INFO : EventManager : Event: ======'drop_target_bank_mid_up'====== Args={}
2023-04-01 11:47:14,747 : INFO : EventManager : Event: ======'drop_target_bank_right_up'====== Args={}
2023-04-01 11:47:14,748 : INFO : EventManager : Event: ======'init_phase_2'====== Args={}
2023-04-01 11:47:14,748 : INFO : SwitchController : Found active switch: (('1D', 0), <Platform.FAST>) <switch.s_trough_1>
2023-04-01 11:47:14,749 : INFO : SwitchController : Found active switch: (('1C', 0), <Platform.FAST>) <switch.s_trough_2>
2023-04-01 11:47:14,749 : INFO : SwitchController : Found active switch: (('1B', 0), <Platform.FAST>) <switch.s_trough_3>
2023-04-01 11:47:14,749 : INFO : SwitchController : Found active switch: (('1A', 0), <Platform.FAST>) <switch.s_trough_4>
2023-04-01 11:47:14,749 : INFO : SwitchController : Found active switch: (('19', 0), <Platform.FAST>) <switch.s_trough_5>
2023-04-01 11:47:14,749 : INFO : SwitchController : Found active switch: (('18', 0), <Platform.FAST>) <switch.s_trough_6>
2023-04-01 11:47:14,749 : INFO : SwitchController : Found active switch: (('34', 0), <Platform.FAST>) <switch.s_drop_scoop>
2023-04-01 11:47:14,754 : INFO : ball_device.bd_vuk_back : BCH: Initial count: 0
2023-04-01 11:47:14,755 : INFO : ball_device.bd_vuk_back : State: idle
2023-04-01 11:47:14,755 : INFO : ball_device.bd_vuk_right : BCH: Initial count: 0
2023-04-01 11:47:14,755 : INFO : ball_device.bd_vuk_right : State: idle
2023-04-01 11:47:14,756 : INFO : ball_device.bd_b_lock : BCH: Initial count: 0
2023-04-01 11:47:14,756 : INFO : ball_device.bd_b_lock : State: idle
2023-04-01 11:47:14,757 : INFO : ball_device.bd_vuk_bot : BCH: Initial count: 0
2023-04-01 11:47:14,757 : INFO : ball_device.bd_vuk_bot : State: idle
2023-04-01 11:47:14,757 : INFO : ball_device.bd_trough : BCH: Initial count: 5
2023-04-01 11:47:14,758 : INFO : ball_device.bd_trough : State: idle
2023-04-01 11:47:14,758 : INFO : ball_device.bd_plunger : BCH: Initial count: 0
2023-04-01 11:47:14,758 : INFO : ball_device.bd_plunger : State: idle
2023-04-01 11:47:14,775 : INFO : EventManager : Event: ======'init_phase_3'====== Args={}
2023-04-01 11:47:14,781 : INFO : EventManager : Event: ======'init_phase_4'====== Args={}
2023-04-01 11:47:14,782 : INFO : BallController : Initial balls found: 5
2023-04-01 11:47:14,783 : INFO : EventManager : Event: ======'machine_var_audits_events_game_ended'====== Args={'value': 1, 'prev_value': None, 'change': True}
2023-04-01 11:47:14,783 : INFO : EventManager : Event: ======'machine_var_audits_events_game_started'====== Args={'value': 10, 'prev_value': None, 'change': True}
2023-04-01 11:47:14,783 : INFO : EventManager : Event: ======'machine_var_audits_player_score'====== Args={'value': {'average': 0.0, 'top': [0], 'total': 1}, 'prev_value': None, 'change': True}
2023-04-01 11:47:14,784 : INFO : EventManager : Event: ======'machine_var_audits_switches_s_autolauncher'====== Args={'value': 31, 'prev_value': None, 'change': True}
2023-04-01 11:47:14,784 : INFO : EventManager : Event: ======'machine_var_audits_switches_s_b_eos'====== Args={'value': 176, 'prev_value': None, 'change': True}
2023-04-01 11:47:14,784 : INFO : EventManager : Event: ======'machine_var_audits_switches_s_b_pop'====== Args={'value': 32, 'prev_value': None, 'change': True}
2023-04-01 11:47:14,784 : INFO : EventManager : Event: ======'machine_var_audits_switches_s_b_rollover_interchange'====== Args={'value': 2, 'prev_value': None, 'change': True}
2023-04-01 11:47:14,784 : INFO : EventManager : Event: ======'machine_var_audits_switches_s_b_rollover_loop'====== Args={'value': 1, 'prev_value': None, 'change': True}
2023-04-01 11:47:14,784 : INFO : EventManager : Event: ======'machine_var_audits_switches_s_b_rollover_misc'====== Args={'value': 2, 'prev_value': None, 'change': True}
2023-04-01 11:47:14,784 : INFO : EventManager : Event: ======'machine_var_audits_switches_s_b_target_left'====== Args={'value': 1, 'prev_value': None, 'change': True}
2023-04-01 11:47:14,784 : INFO : EventManager : Event: ======'machine_var_audits_switches_s_b_target_right'====== Args={'value': 2, 'prev_value': None, 'change': True}
2023-04-01 11:47:14,785 : INFO : EventManager : Event: ======'machine_var_audits_switches_s_drop_mid_center'====== Args={'value': 0, 'prev_value': None, 'change': True}
2023-04-01 11:47:14,785 : INFO : EventManager : Event: ======'machine_var_audits_switches_s_drop_mid_left'====== Args={'value': 0, 'prev_value': None, 'change': True}
2023-04-01 11:47:14,785 : INFO : EventManager : Event: ======'machine_var_audits_switches_s_drop_mid_right'====== Args={'value': 0, 'prev_value': None, 'change': True}
2023-04-01 11:47:14,785 : INFO : EventManager : Event: ======'machine_var_audits_switches_s_drop_right_left'====== Args={'value': 0, 'prev_value': None, 'change': True}
2023-04-01 11:47:14,785 : INFO : EventManager : Event: ======'machine_var_audits_switches_s_drop_right_right'====== Args={'value': 0, 'prev_value': None, 'change': True}
2023-04-01 11:47:14,785 : INFO : EventManager : Event: ======'machine_var_audits_switches_s_drop_scoop'====== Args={'value': 0, 'prev_value': None, 'change': True}
2023-04-01 11:47:14,785 : INFO : EventManager : Event: ======'machine_var_audits_switches_s_drop_single'====== Args={'value': 16, 'prev_value': None, 'change': True}
2023-04-01 11:47:14,786 : INFO : EventManager : Event: ======'machine_var_audits_switches_s_flip_left_eos'====== Args={'value': 1175, 'prev_value': None, 'change': True}
2023-04-01 11:47:14,786 : INFO : EventManager : Event: ======'machine_var_audits_switches_s_flip_left_top_eos'====== Args={'value': 68, 'prev_value': None, 'change': True}
2023-04-01 11:47:14,786 : INFO : EventManager : Event: ======'machine_var_audits_switches_s_flip_right_eos'====== Args={'value': 147, 'prev_value': None, 'change': True}
2023-04-01 11:47:14,786 : INFO : EventManager : Event: ======'machine_var_audits_switches_s_inlane_left'====== Args={'value': 0, 'prev_value': None, 'change': True}
2023-04-01 11:47:14,786 : INFO : EventManager : Event: ======'machine_var_audits_switches_s_inlane_right'====== Args={'value': 1, 'prev_value': None, 'change': True}
2023-04-01 11:47:14,786 : INFO : EventManager : Event: ======'machine_var_audits_switches_s_l_rollover'====== Args={'value': 1, 'prev_value': None, 'change': True}
2023-04-01 11:47:14,786 : INFO : EventManager : Event: ======'machine_var_audits_switches_s_l_target_far'====== Args={'value': 1, 'prev_value': None, 'change': True}
2023-04-01 11:47:14,787 : INFO : EventManager : Event: ======'machine_var_audits_switches_s_l_target_large'====== Args={'value': 1, 'prev_value': None, 'change': True}
2023-04-01 11:47:14,787 : INFO : EventManager : Event: ======'machine_var_audits_switches_s_l_target_left'====== Args={'value': 2, 'prev_value': None, 'change': True}
2023-04-01 11:47:14,787 : INFO : EventManager : Event: ======'machine_var_audits_switches_s_l_target_right'====== Args={'value': 1, 'prev_value': None, 'change': True}
2023-04-01 11:47:14,787 : INFO : EventManager : Event: ======'machine_var_audits_switches_s_l_vuk'====== Args={'value': 5, 'prev_value': None, 'change': True}
2023-04-01 11:47:14,787 : INFO : EventManager : Event: ======'machine_var_audits_switches_s_launch'====== Args={'value': 35, 'prev_value': None, 'change': True}
2023-04-01 11:47:14,787 : INFO : EventManager : Event: ======'machine_var_audits_switches_s_left_flipper_1'====== Args={'value': 92, 'prev_value': None, 'change': True}
2023-04-01 11:47:14,788 : INFO : EventManager : Event: ======'machine_var_audits_switches_s_left_flipper_2'====== Args={'value': 165, 'prev_value': None, 'change': True}
2023-04-01 11:47:14,788 : INFO : EventManager : Event: ======'machine_var_audits_switches_s_lock_1'====== Args={'value': 1, 'prev_value': None, 'change': True}
2023-04-01 11:47:14,788 : INFO : EventManager : Event: ======'machine_var_audits_switches_s_lock_2'====== Args={'value': 1, 'prev_value': None, 'change': True}
2023-04-01 11:47:14,788 : INFO : EventManager : Event: ======'machine_var_audits_switches_s_lock_3'====== Args={'value': 1, 'prev_value': None, 'change': True}
2023-04-01 11:47:14,788 : INFO : EventManager : Event: ======'machine_var_audits_switches_s_outlane_left'====== Args={'value': 0, 'prev_value': None, 'change': True}
2023-04-01 11:47:14,788 : INFO : EventManager : Event: ======'machine_var_audits_switches_s_outlane_right'====== Args={'value': 1, 'prev_value': None, 'change': True}
2023-04-01 11:47:14,789 : INFO : EventManager : Event: ======'machine_var_audits_switches_s_pop_left'====== Args={'value': 13, 'prev_value': None, 'change': True}
2023-04-01 11:47:14,789 : INFO : EventManager : Event: ======'machine_var_audits_switches_s_pop_lower'====== Args={'value': 23, 'prev_value': None, 'change': True}
2023-04-01 11:47:14,789 : INFO : EventManager : Event: ======'machine_var_audits_switches_s_pop_right'====== Args={'value': 30, 'prev_value': None, 'change': True}
2023-04-01 11:47:14,790 : INFO : EventManager : Event: ======'machine_var_audits_switches_s_right_flipper_1'====== Args={'value': 212, 'prev_value': None, 'change': True}
2023-04-01 11:47:14,790 : INFO : EventManager : Event: ======'machine_var_audits_switches_s_right_flipper_2'====== Args={'value': 551, 'prev_value': None, 'change': True}
2023-04-01 11:47:14,790 : INFO : EventManager : Event: ======'machine_var_audits_switches_s_rollover_left'====== Args={'value': 24, 'prev_value': None, 'change': True}
2023-04-01 11:47:14,790 : INFO : EventManager : Event: ======'machine_var_audits_switches_s_rollover_right'====== Args={'value': 480, 'prev_value': None, 'change': True}
2023-04-01 11:47:14,790 : INFO : EventManager : Event: ======'machine_var_audits_switches_s_sling_left'====== Args={'value': 5, 'prev_value': None, 'change': True}
2023-04-01 11:47:14,790 : INFO : EventManager : Event: ======'machine_var_audits_switches_s_sling_right'====== Args={'value': 12, 'prev_value': None, 'change': True}
2023-04-01 11:47:14,791 : INFO : EventManager : Event: ======'machine_var_audits_switches_s_start'====== Args={'value': 5, 'prev_value': None, 'change': True}
2023-04-01 11:47:14,791 : INFO : EventManager : Event: ======'machine_var_audits_switches_s_tilt'====== Args={'value': 1, 'prev_value': None, 'change': True}
2023-04-01 11:47:14,791 : INFO : EventManager : Event: ======'machine_var_audits_switches_s_trough_1'====== Args={'value': 0, 'prev_value': None, 'change': True}
2023-04-01 11:47:14,791 : INFO : EventManager : Event: ======'machine_var_audits_switches_s_trough_2'====== Args={'value': 11, 'prev_value': None, 'change': True}
2023-04-01 11:47:14,792 : INFO : EventManager : Event: ======'machine_var_audits_switches_s_trough_3'====== Args={'value': 9, 'prev_value': None, 'change': True}
2023-04-01 11:47:14,792 : INFO : EventManager : Event: ======'machine_var_audits_switches_s_trough_4'====== Args={'value': 10, 'prev_value': None, 'change': True}
2023-04-01 11:47:14,792 : INFO : EventManager : Event: ======'machine_var_audits_switches_s_trough_5'====== Args={'value': 9, 'prev_value': None, 'change': True}
2023-04-01 11:47:14,792 : INFO : EventManager : Event: ======'machine_var_audits_switches_s_trough_6'====== Args={'value': 9, 'prev_value': None, 'change': True}
2023-04-01 11:47:14,792 : INFO : EventManager : Event: ======'machine_var_audits_switches_s_trough_jam'====== Args={'value': 15, 'prev_value': None, 'change': True}
2023-04-01 11:47:14,793 : INFO : EventManager : Event: ======'machine_var_audits_switches_s_u_lane_l'====== Args={'value': 0, 'prev_value': None, 'change': True}
2023-04-01 11:47:14,793 : INFO : EventManager : Event: ======'machine_var_audits_switches_s_u_lane_r'====== Args={'value': 0, 'prev_value': None, 'change': True}
2023-04-01 11:47:14,793 : INFO : EventManager : Event: ======'machine_var_audits_switches_s_u_rollover'====== Args={'value': 0, 'prev_value': None, 'change': True}
2023-04-01 11:47:14,793 : INFO : EventManager : Event: ======'machine_var_audits_switches_s_u_target'====== Args={'value': 0, 'prev_value': None, 'change': True}
2023-04-01 11:47:14,794 : INFO : EventManager : Event: ======'machine_var_audits_switches_s_vuk_back'====== Args={'value': 28, 'prev_value': None, 'change': True}
2023-04-01 11:47:14,794 : INFO : EventManager : Event: ======'machine_var_audits_switches_s_vuk_right'====== Args={'value': 0, 'prev_value': None, 'change': True}
2023-04-01 11:47:14,811 : INFO : EventManager : Event: ======'init_phase_5'====== Args={}
2023-04-01 11:47:14,811 : INFO : EventManager : Event: ======'init_done'====== Args={}
2023-04-01 11:47:14,812 : INFO : EventManager : Event: ======'machine_reset_phase_1'====== Args={}
2023-04-01 11:47:14,813 : INFO : EventManager : Event: ======'machine_reset_phase_2'====== Args={}
2023-04-01 11:47:14,813 : INFO : EventManager : Event: ======'machine_reset_phase_3'====== Args={}
2023-04-01 11:47:14,814 : INFO : EventManager : Event: ======'reset_complete'====== Args={}
2023-04-01 11:47:14,814 : INFO : EventManager : Event: ======'mode_attract_will_start'====== Args={}
2023-04-01 11:47:14,814 : INFO : EventManager : Event: ======'mode_attract_starting'====== Args={}
2023-04-01 11:47:14,815 : INFO : Mode.attract : Started. Priority: 10
2023-04-01 11:47:14,815 : INFO : EventManager : Event: ======'modes_active_modes_changed'====== Args={}
2023-04-01 11:47:14,815 : INFO : EventManager : Event: ======'mode_attract_started'====== Args={}
2023-04-01 11:47:14,815 : INFO : EventManager : Event: ======'collecting_balls_complete'====== Args={}
2023-04-01 11:47:14,816 : INFO : Machine : Starting the main run loop.
2023-04-01 11:47:15,422 : INFO : SwitchController : <<<<<<< 's_b_eos' active >>>>>>>
2023-04-01 11:47:15,430 : INFO : SwitchController : <<<<<<< 's_b_eos' inactive >>>>>>>
2023-04-01 11:47:15,446 : INFO : SwitchController : <<<<<<< 's_b_eos' active >>>>>>>
2023-04-01 11:47:15,662 : INFO : SwitchController : <<<<<<< 's_b_eos' inactive >>>>>>>
2023-04-01 11:47:19,311 : INFO : SwitchController : <<<<<<< 's_start' active >>>>>>>
2023-04-01 11:47:19,469 : INFO : SwitchController : <<<<<<< 's_start' inactive >>>>>>>
2023-04-01 11:47:19,470 : INFO : EventManager : Event: ======'request_to_start_game'====== Args={}
2023-04-01 11:47:19,470 : INFO : EventManager : Event: ======'game_start'====== Args={'buttons': [], 'hold_time': 0.1580000000540167}
2023-04-01 11:47:19,470 : INFO : EventManager : Event: ======'mode_game_will_start'====== Args={'buttons': [], 'hold_time': 0.1580000000540167}
2023-04-01 11:47:19,471 : INFO : EventManager : Event: ======'mode_game_starting'====== Args={'buttons': [], 'hold_time': 0.1580000000540167}
2023-04-01 11:47:19,471 : INFO : EventManager : Event: ======'mode_attract_will_stop'====== Args={}
2023-04-01 11:47:19,471 : INFO : EventManager : Event: ======'mode_attract_stopping'====== Args={}
2023-04-01 11:47:19,471 : INFO : Mode.attract : Stopped.
2023-04-01 11:47:19,471 : INFO : EventManager : Event: ======'modes_active_modes_changed'====== Args={}
2023-04-01 11:47:19,471 : INFO : EventManager : Event: ======'mode_attract_stopped'====== Args={}
2023-04-01 11:47:19,471 : INFO : EventManager : Event: ======'clear'====== Args={'key': 'attract'}
2023-04-01 11:47:19,471 : INFO : Mode.game : Started. Priority: 20
2023-04-01 11:47:19,471 : INFO : EventManager : Event: ======'modes_active_modes_changed'====== Args={}
2023-04-01 11:47:19,471 : INFO : EventManager : Event: ======'mode_game_started'====== Args={'buttons': [], 'hold_time': 0.1580000000540167}
2023-04-01 11:47:19,472 : INFO : EventManager : Event: ======'game_will_start'====== Args={}
2023-04-01 11:47:19,472 : INFO : EventManager : Event: ======'game_starting'====== Args={'game': <Mode.game>}
2023-04-01 11:47:19,473 : INFO : EventManager : Event: ======'player_add_request'====== Args={}
2023-04-01 11:47:19,473 : INFO : EventManager : Event: ======'player_will_add'====== Args={'number': 1}
2023-04-01 11:47:19,473 : INFO : EventManager : Event: ======'player_adding'====== Args={'player': <Player 1>, 'number': 1}
2023-04-01 11:47:19,473 : INFO : EventManager : Event: ======'player_added'====== Args={'player': <Player 1>, 'num': 1}
2023-04-01 11:47:19,473 : INFO : Mode.game : Player added successfully. Total players: 1
2023-04-01 11:47:19,473 : INFO : EventManager : Event: ======'player_index'====== Args={'value': 0, 'prev_value': 0, 'change': 0, 'player_num': 1}
2023-04-01 11:47:19,473 : INFO : EventManager : Event: ======'player_number'====== Args={'value': 1, 'prev_value': 1, 'change': 0, 'player_num': 1}
2023-04-01 11:47:19,473 : INFO : EventManager : Event: ======'player_score'====== Args={'value': 0, 'prev_value': 0, 'change': 0, 'player_num': 1}
2023-04-01 11:47:19,474 : INFO : EventManager : Event: ======'game_started'====== Args={}
2023-04-01 11:47:19,474 : INFO : EventManager : Event: ======'player_turn_will_start'====== Args={'player': <Player 1>, 'number': 1}
2023-04-01 11:47:19,491 : INFO : EventManager : Event: ======'player_turn_starting'====== Args={'player': <Player 1>, 'number': 1}
2023-04-01 11:47:19,492 : INFO : EventManager : Event: ======'player_ball'====== Args={'value': 1, 'prev_value': 0, 'change': 1, 'player_num': 1}
2023-04-01 11:47:19,492 : INFO : EventManager : Event: ======'player_turn_started'====== Args={'player': <Player 1>, 'number': 1}
2023-04-01 11:47:19,493 : INFO : EventManager : Event: ======'ball_will_start'====== Args={'player': 1, 'ball': 1, 'balls_remaining': 2, 'is_extra_ball': False}
2023-04-01 11:47:19,493 : INFO : EventManager : Event: ======'ball_starting'====== Args={'player': 1, 'ball': 1, 'balls_remaining': 2, 'is_extra_ball': False}
2023-04-01 11:47:19,494 : INFO : EventManager : Event: ======'balls_in_play'====== Args={'balls': 1}
2023-04-01 11:47:19,494 : INFO : EventManager : Event: ======'ball_started'====== Args={'player': 1, 'ball': 1, 'balls_remaining': 2, 'is_extra_ball': False}
2023-04-01 11:47:19,495 : INFO : drop_target_bank.single_main : All targets are already up. Will not reset bank.
2023-04-01 11:47:19,495 : INFO : drop_target_bank.mid : All targets are already up. Will not reset bank.
2023-04-01 11:47:19,495 : INFO : drop_target_bank.right : All targets are already up. Will not reset bank.
2023-04-01 11:47:19,497 : INFO : EventManager : Event: ======'single_player_ball_started'====== Args={}
2023-04-01 11:47:19,497 : INFO : EventManager : Event: ======'ball_start_target'====== Args={'target': 'playfield'}
2023-04-01 11:47:19,497 : INFO : ball_device.bd_plunger : Setting up player-controlled eject. Balls: 1, Target: <playfield.playfield>, player_controlled_eject_event: s_launch_active
2023-04-01 11:47:19,498 : INFO : EventManager : Event: ======'balldevice_balls_available'====== Args={}
2023-04-01 11:47:19,498 : INFO : ball_device.bd_trough : State: waiting_for_target_ready
2023-04-01 11:47:19,499 : INFO : EventManager : Event: ======'balldevice_bd_trough_ball_eject_attempt'====== Args={'balls': 1, 'target': <ball_device.bd_plunger>, 'source': <ball_device.bd_trough>, 'mechanical_eject': True, 'num_attempts': 0}
2023-04-01 11:47:19,499 : INFO : ball_device.bd_plunger : State: waiting_for_ball
2023-04-01 11:47:19,499 : INFO : ball_device.bd_vuk_back : State: waiting_for_ball
2023-04-01 11:47:19,499 : INFO : ball_device.bd_trough : State: ejecting
2023-04-01 11:47:19,499 : INFO : ball_device.bd_trough : Ejecting ball to <ball_device.bd_plunger>
2023-04-01 11:47:19,499 : INFO : EventManager : Event: ======'balldevice_bd_trough_ejecting_ball'====== Args={'balls': 1, 'target': <ball_device.bd_plunger>, 'source': <ball_device.bd_trough>, 'mechanical_eject': True, 'num_attempts': 0}
2023-04-01 11:47:19,500 : INFO : ball_device.bd_trough : Wait for ball to leave device
2023-04-01 11:47:19,500 : INFO : coil.c_trough : Pulsing Driver for 20ms (0.8 pulse_power)
2023-04-01 11:47:19,565 : INFO : SwitchController : <<<<<<< 's_trough_jam' active >>>>>>>
2023-04-01 11:47:19,565 : INFO : EventManager : Event: ======'machine_var_audits_switches_s_trough_jam'====== Args={'value': 16, 'prev_value': 15, 'change': 1}
2023-04-01 11:47:19,565 : INFO : SwitchController : <<<<<<< 's_flip_left_eos' active >>>>>>>
2023-04-01 11:47:19,566 : INFO : EventManager : Event: ======'machine_var_audits_switches_s_flip_left_eos'====== Args={'value': 1176, 'prev_value': 1175, 'change': 1}
2023-04-01 11:47:19,567 : INFO : SwitchController : <<<<<<< 's_trough_jam' inactive >>>>>>>
2023-04-01 11:47:19,586 : INFO : SwitchController : <<<<<<< 's_flip_left_eos' inactive >>>>>>>
2023-04-01 11:47:19,606 : INFO : SwitchController : <<<<<<< 's_flip_left_eos' active >>>>>>>
2023-04-01 11:47:19,606 : INFO : EventManager : Event: ======'machine_var_audits_switches_s_flip_left_eos'====== Args={'value': 1177, 'prev_value': 1176, 'change': 1}
2023-04-01 11:47:19,607 : INFO : SwitchController : <<<<<<< 's_flip_left_eos' inactive >>>>>>>
2023-04-01 11:47:19,651 : INFO : SwitchController : <<<<<<< 's_flip_left_eos' active >>>>>>>
2023-04-01 11:47:19,652 : INFO : EventManager : Event: ======'machine_var_audits_switches_s_flip_left_eos'====== Args={'value': 1178, 'prev_value': 1177, 'change': 1}
2023-04-01 11:47:19,655 : INFO : SwitchController : <<<<<<< 's_flip_left_eos' inactive >>>>>>>
2023-04-01 11:47:19,735 : INFO : SwitchController : <<<<<<< 's_trough_2' inactive >>>>>>>
2023-04-01 11:47:19,735 : INFO : ball_device.bd_trough : State: ball_left
2023-04-01 11:47:19,736 : INFO : ball_device.bd_trough : Ball left
2023-04-01 11:47:19,736 : INFO : ball_device.bd_trough : Wait for confirm with timeout 10.0
2023-04-01 11:47:19,738 : INFO : SwitchController : <<<<<<< 's_trough_4' inactive >>>>>>>
2023-04-01 11:47:19,741 : INFO : SwitchController : <<<<<<< 's_trough_3' inactive >>>>>>>
2023-04-01 11:47:19,759 : INFO : SwitchController : <<<<<<< 's_trough_5' inactive >>>>>>>
2023-04-01 11:47:19,760 : INFO : SwitchController : <<<<<<< 's_trough_4' active >>>>>>>
2023-04-01 11:47:19,760 : INFO : EventManager : Event: ======'machine_var_audits_switches_s_trough_4'====== Args={'value': 11, 'prev_value': 10, 'change': 1}
2023-04-01 11:47:19,791 : INFO : SwitchController : <<<<<<< 's_trough_6' inactive >>>>>>>
2023-04-01 11:47:19,852 : INFO : SwitchController : <<<<<<< 's_autolauncher' active >>>>>>>
2023-04-01 11:47:19,852 : INFO : EventManager : Event: ======'machine_var_audits_switches_s_autolauncher'====== Args={'value': 32, 'prev_value': 31, 'change': 1}
2023-04-01 11:47:19,873 : INFO : SwitchController : <<<<<<< 's_trough_4' inactive >>>>>>>
2023-04-01 11:47:19,878 : INFO : SwitchController : <<<<<<< 's_trough_2' active >>>>>>>
2023-04-01 11:47:19,878 : INFO : EventManager : Event: ======'machine_var_audits_switches_s_trough_2'====== Args={'value': 12, 'prev_value': 11, 'change': 1}
2023-04-01 11:47:19,882 : INFO : SwitchController : <<<<<<< 's_trough_3' active >>>>>>>
2023-04-01 11:47:19,882 : INFO : EventManager : Event: ======'machine_var_audits_switches_s_trough_3'====== Args={'value': 10, 'prev_value': 9, 'change': 1}
2023-04-01 11:47:19,895 : INFO : SwitchController : <<<<<<< 's_trough_4' active >>>>>>>
2023-04-01 11:47:19,895 : INFO : EventManager : Event: ======'machine_var_audits_switches_s_trough_4'====== Args={'value': 12, 'prev_value': 11, 'change': 1}
2023-04-01 11:47:19,917 : INFO : SwitchController : <<<<<<< 's_trough_5' active >>>>>>>
2023-04-01 11:47:19,917 : INFO : EventManager : Event: ======'machine_var_audits_switches_s_trough_5'====== Args={'value': 10, 'prev_value': 9, 'change': 1}
2023-04-01 11:47:20,354 : INFO : ball_device.bd_plunger : Received ball from <ball_device.bd_trough>
2023-04-01 11:47:20,354 : INFO : EventManager : Event: ======'balldevice_bd_plunger_ball_enter'====== Args={'new_balls': 1, 'unclaimed_balls': 0, 'new_available_balls': 0, 'device': <ball_device.bd_plunger>}
2023-04-01 11:47:20,355 : INFO : EventManager : Event: ======'balldevice_bd_plunger_ball_entered'====== Args={'new_balls': 0, 'device': <ball_device.bd_plunger>}
2023-04-01 11:47:20,355 : INFO : EventManager : Event: ======'balldevice_bd_plunger_ball_count_changed'====== Args={'balls': 1}
2023-04-01 11:47:20,355 : INFO : ball_device.bd_trough : Got eject confirm
2023-04-01 11:47:20,355 : INFO : ball_device.bd_trough : Eject successful
2023-04-01 11:47:20,355 : INFO : EventManager : Event: ======'balldevice_bd_trough_ball_eject_success'====== Args={'balls': 1, 'target': <ball_device.bd_plunger>}
2023-04-01 11:47:20,355 : INFO : ball_device.bd_plunger : State: waiting_for_target_ready
2023-04-01 11:47:20,355 : INFO : EventManager : Event: ======'balldevice_bd_plunger_ball_eject_attempt'====== Args={'balls': 1, 'target': <ball_device.bd_vuk_back>, 'source': <ball_device.bd_plunger>, 'mechanical_eject': True, 'num_attempts': 0}
2023-04-01 11:47:20,356 : INFO : EventManager : Event: ======'balldevice_bd_trough_ball_count_changed'====== Args={'balls': 4}
2023-04-01 11:47:20,356 : INFO : ball_device.bd_trough : State: idle
2023-04-01 11:47:20,356 : INFO : ball_device.bd_plunger : State: ejecting
2023-04-01 11:47:20,356 : INFO : ball_device.bd_plunger : Ejecting ball to <ball_device.bd_vuk_back>
2023-04-01 11:47:20,356 : INFO : EventManager : Event: ======'balldevice_bd_plunger_ejecting_ball'====== Args={'balls': 1, 'target': <ball_device.bd_vuk_back>, 'source': <ball_device.bd_plunger>, 'mechanical_eject': True, 'num_attempts': 0}
2023-04-01 11:47:20,357 : INFO : ball_device.bd_plunger : Wait for ball to leave device
2023-04-01 11:47:20,418 : INFO : EventManager : Event: ======'balldevice_bd_trough_ball_count_changed'====== Args={'balls': 5}
2023-04-01 11:47:20,418 : INFO : ball_device.bd_trough : Received unexpected ball
2023-04-01 11:47:20,418 : INFO : EventManager : Event: ======'balldevice_captured_from_playfield'====== Args={'balls': 1}
2023-04-01 11:47:20,418 : INFO : EventManager : Event: ======'sw_playfield_active'====== Args={'balls': 1}
2023-04-01 11:47:20,418 : INFO : EventManager : Event: ======'playfield_active'====== Args={}
2023-04-01 11:47:20,419 : INFO : EventManager : Event: ======'unexpected_ball_on_playfield'====== Args={}
2023-04-01 11:47:20,419 : INFO : EventManager : Event: ======'playfield_ball_count_change'====== Args={'balls': -1, 'change': -1}
2023-04-01 11:47:20,419 : INFO : EventManager : Event: ======'balldevice_playfield_ball_enter'====== Args={'new_balls': 1, 'unclaimed_balls': 1, 'device': <playfield.playfield>}
2023-04-01 11:47:20,419 : INFO : EventManager : Event: ======'playfield_ball_count_change'====== Args={'balls': 0, 'change': 1}
2023-04-01 11:47:20,419 : INFO : BallController : Found a new ball which was captured from playfield. Known balls: 6
2023-04-01 11:47:20,419 : INFO : EventManager : Event: ======'found_new_ball'====== Args={}
2023-04-01 11:47:20,419 : INFO : EventManager : Event: ======'balldevice_bd_trough_ball_enter'====== Args={'new_balls': 1, 'unclaimed_balls': 1, 'new_available_balls': 1, 'device': <ball_device.bd_trough>}
2023-04-01 11:47:20,419 : INFO : EventManager : Event: ======'ball_drain'====== Args={'device': <ball_device.bd_trough>, 'balls': 1}
2023-04-01 11:47:20,420 : INFO : EventManager : Event: ======'ball_will_end'====== Args={}
2023-04-01 11:47:20,420 : INFO : EventManager : Event: ======'balldevice_balls_available'====== Args={}
2023-04-01 11:47:20,420 : INFO : EventManager : Event: ======'balldevice_bd_trough_ball_entered'====== Args={'new_balls': 1, 'device': <ball_device.bd_trough>}
2023-04-01 11:47:20,421 : INFO : EventManager : Event: ======'ball_ending'====== Args={}
2023-04-01 11:47:20,421 : INFO : EventManager : Event: ======'ball_ended'====== Args={}
2023-04-01 11:47:20,422 : INFO : EventManager : Event: ======'player_turn_will_end'====== Args={'player': <Player 1>, 'number': 1}
2023-04-01 11:47:20,422 : INFO : EventManager : Event: ======'player_turn_ending'====== Args={'player': <Player 1>, 'number': 1}
2023-04-01 11:47:20,422 : INFO : EventManager : Event: ======'player_turn_ended'====== Args={'player': <Player 1>, 'number': 1}
2023-04-01 11:47:20,422 : INFO : EventManager : Event: ======'player_turn_will_start'====== Args={'player': <Player 1>, 'number': 1}
2023-04-01 11:47:20,423 : INFO : EventManager : Event: ======'player_turn_starting'====== Args={'player': <Player 1>, 'number': 1}
2023-04-01 11:47:20,423 : INFO : EventManager : Event: ======'player_ball'====== Args={'value': 2, 'prev_value': 1, 'change': 1, 'player_num': 1}
2023-04-01 11:47:20,423 : INFO : EventManager : Event: ======'player_turn_started'====== Args={'player': <Player 1>, 'number': 1}
2023-04-01 11:47:20,423 : INFO : EventManager : Event: ======'ball_will_start'====== Args={'player': 1, 'ball': 2, 'balls_remaining': 1, 'is_extra_ball': False}
2023-04-01 11:47:20,424 : INFO : BallController : Found 1 ball(s) on playfield.
2023-04-01 11:47:20,424 : WARNING : BallController : Playfields still contain balls. Waiting for those to drain.
2023-04-01 11:47:21,424 : INFO : BallController : Found 1 ball(s) on playfield.
2023-04-01 11:47:21,424 : WARNING : BallController : Playfields still contain balls. Waiting for those to drain.
2023-04-01 11:47:22,425 : INFO : BallController : Found 1 ball(s) on playfield.
2023-04-01 11:47:22,425 : WARNING : BallController : Playfields still contain balls. Waiting for those to drain.
2023-04-01 11:47:23,426 : INFO : BallController : Found 1 ball(s) on playfield.
2023-04-01 11:47:23,426 : WARNING : BallController : Playfields still contain balls. Waiting for those to drain.
2023-04-01 11:47:23,572 : INFO : BcpServer : New client connected.
2023-04-01 11:47:24,010 : INFO : SwitchController : <<<<<<< 's_b_eos' active >>>>>>>
2023-04-01 11:47:24,010 : INFO : EventManager : Event: ======'machine_var_audits_switches_s_b_eos'====== Args={'value': 177, 'prev_value': 176, 'change': 1}
2023-04-01 11:47:24,092 : INFO : SwitchController : <<<<<<< 's_b_eos' inactive >>>>>>>
2023-04-01 11:47:24,202 : INFO : SwitchController : <<<<<<< 's_b_eos' active >>>>>>>
2023-04-01 11:47:24,202 : INFO : EventManager : Event: ======'machine_var_audits_switches_s_b_eos'====== Args={'value': 178, 'prev_value': 177, 'change': 1}
2023-04-01 11:47:24,228 : INFO : SwitchController : <<<<<<< 's_b_eos' inactive >>>>>>>
2023-04-01 11:47:24,232 : INFO : SwitchController : <<<<<<< 's_b_eos' active >>>>>>>
2023-04-01 11:47:24,232 : INFO : EventManager : Event: ======'machine_var_audits_switches_s_b_eos'====== Args={'value': 179, 'prev_value': 178, 'change': 1}
2023-04-01 11:47:24,426 : INFO : BallController : Found 1 ball(s) on playfield.
2023-04-01 11:47:24,426 : WARNING : BallController : Playfields still contain balls. Waiting for those to drain.
2023-04-01 11:47:24,514 : INFO : SwitchController : <<<<<<< 's_b_eos' inactive >>>>>>>
2023-04-01 11:47:25,055 : INFO : SwitchController : <<<<<<< 's_b_eos' active >>>>>>>
2023-04-01 11:47:25,055 : INFO : EventManager : Event: ======'machine_var_audits_switches_s_b_eos'====== Args={'value': 180, 'prev_value': 179, 'change': 1}
2023-04-01 11:47:25,192 : INFO : SwitchController : <<<<<<< 's_b_eos' inactive >>>>>>>
2023-04-01 11:47:25,213 : INFO : SwitchController : <<<<<<< 's_b_eos' active >>>>>>>
2023-04-01 11:47:25,213 : INFO : EventManager : Event: ======'machine_var_audits_switches_s_b_eos'====== Args={'value': 181, 'prev_value': 180, 'change': 1}
2023-04-01 11:47:25,234 : INFO : SwitchController : <<<<<<< 's_b_eos' inactive >>>>>>>
2023-04-01 11:47:25,240 : INFO : SwitchController : <<<<<<< 's_b_eos' active >>>>>>>
2023-04-01 11:47:25,240 : INFO : EventManager : Event: ======'machine_var_audits_switches_s_b_eos'====== Args={'value': 182, 'prev_value': 181, 'change': 1}
2023-04-01 11:47:25,426 : INFO : BallController : Found 1 ball(s) on playfield.
2023-04-01 11:47:25,427 : WARNING : BallController : Playfields still contain balls. Waiting for those to drain.
2023-04-01 11:47:25,454 : INFO : SwitchController : <<<<<<< 's_b_eos' inactive >>>>>>>
2023-04-01 11:47:25,707 : INFO : SwitchController : <<<<<<< 's_b_eos' active >>>>>>>
2023-04-01 11:47:25,708 : INFO : EventManager : Event: ======'machine_var_audits_switches_s_b_eos'====== Args={'value': 183, 'prev_value': 182, 'change': 1}
2023-04-01 11:47:25,729 : INFO : SwitchController : <<<<<<< 's_b_eos' inactive >>>>>>>
2023-04-01 11:47:25,729 : INFO : SwitchController : <<<<<<< 's_b_eos' active >>>>>>>
2023-04-01 11:47:25,729 : INFO : EventManager : Event: ======'machine_var_audits_switches_s_b_eos'====== Args={'value': 184, 'prev_value': 183, 'change': 1}
2023-04-01 11:47:25,750 : INFO : SwitchController : <<<<<<< 's_b_eos' inactive >>>>>>>
2023-04-01 11:47:25,751 : INFO : SwitchController : <<<<<<< 's_b_eos' active >>>>>>>
2023-04-01 11:47:25,751 : INFO : EventManager : Event: ======'machine_var_audits_switches_s_b_eos'====== Args={'value': 185, 'prev_value': 184, 'change': 1}
2023-04-01 11:47:25,771 : INFO : SwitchController : <<<<<<< 's_b_eos' inactive >>>>>>>
2023-04-01 11:47:25,772 : INFO : SwitchController : <<<<<<< 's_b_eos' active >>>>>>>
2023-04-01 11:47:25,772 : INFO : EventManager : Event: ======'machine_var_audits_switches_s_b_eos'====== Args={'value': 186, 'prev_value': 185, 'change': 1}
2023-04-01 11:47:25,808 : INFO : SwitchController : <<<<<<< 's_b_eos' inactive >>>>>>>
2023-04-01 11:47:25,943 : INFO : SwitchController : <<<<<<< 's_b_eos' active >>>>>>>
2023-04-01 11:47:25,943 : INFO : EventManager : Event: ======'machine_var_audits_switches_s_b_eos'====== Args={'value': 187, 'prev_value': 186, 'change': 1}
2023-04-01 11:47:25,947 : INFO : SwitchController : <<<<<<< 's_b_eos' inactive >>>>>>>
2023-04-01 11:47:25,951 : INFO : SwitchController : <<<<<<< 's_b_eos' active >>>>>>>
2023-04-01 11:47:25,951 : INFO : EventManager : Event: ======'machine_var_audits_switches_s_b_eos'====== Args={'value': 188, 'prev_value': 187, 'change': 1}
2023-04-01 11:47:26,007 : INFO : SwitchController : <<<<<<< 's_b_eos' inactive >>>>>>>
2023-04-01 11:47:26,013 : INFO : SwitchController : <<<<<<< 's_b_eos' active >>>>>>>
2023-04-01 11:47:26,013 : INFO : EventManager : Event: ======'machine_var_audits_switches_s_b_eos'====== Args={'value': 189, 'prev_value': 188, 'change': 1}
2023-04-01 11:47:26,427 : INFO : BallController : Found 1 ball(s) on playfield.
2023-04-01 11:47:26,427 : WARNING : BallController : Playfields still contain balls. Waiting for those to drain.
2023-04-01 11:47:27,428 : INFO : BallController : Found 1 ball(s) on playfield.
2023-04-01 11:47:27,428 : WARNING : BallController : Playfields still contain balls. Waiting for those to drain.
2023-04-01 11:47:27,760 : INFO : SwitchController : <<<<<<< 's_b_eos' inactive >>>>>>>
2023-04-01 11:47:28,428 : INFO : BallController : Found 1 ball(s) on playfield.
2023-04-01 11:47:28,428 : WARNING : BallController : Playfields still contain balls. Waiting for those to drain.
2023-04-01 11:47:29,429 : INFO : BallController : Found 1 ball(s) on playfield.
2023-04-01 11:47:29,429 : WARNING : BallController : Playfields still contain balls. Waiting for those to drain.
2023-04-01 11:47:30,270 : INFO : SwitchController : <<<<<<< 's_b_eos' active >>>>>>>
2023-04-01 11:47:30,270 : INFO : EventManager : Event: ======'machine_var_audits_switches_s_b_eos'====== Args={'value': 190, 'prev_value': 189, 'change': 1}
2023-04-01 11:47:30,430 : INFO : BallController : Found 1 ball(s) on playfield.
2023-04-01 11:47:30,430 : WARNING : BallController : Playfields still contain balls. Waiting for those to drain.
2023-04-01 11:47:30,919 : INFO : SwitchController : <<<<<<< 's_b_eos' inactive >>>>>>>
2023-04-01 11:47:31,431 : INFO : BallController : Found 1 ball(s) on playfield.
2023-04-01 11:47:31,431 : WARNING : BallController : Playfields still contain balls. Waiting for those to drain.
2023-04-01 11:47:32,432 : INFO : BallController : Found 1 ball(s) on playfield.
2023-04-01 11:47:32,432 : WARNING : BallController : Playfields still contain balls. Waiting for those to drain.
2023-04-01 11:47:33,433 : INFO : BallController : Found 1 ball(s) on playfield.
2023-04-01 11:47:33,434 : WARNING : BallController : Playfields still contain balls. Waiting for those to drain.
2023-04-01 11:47:34,434 : INFO : BallController : Found 1 ball(s) on playfield.
2023-04-01 11:47:34,434 : WARNING : BallController : Playfields still contain balls. Waiting for those to drain.
2023-04-01 11:47:35,434 : INFO : BallController : Found 1 ball(s) on playfield.
2023-04-01 11:47:35,434 : WARNING : BallController : Playfields still contain balls. Waiting for those to drain.
2023-04-01 11:47:36,434 : INFO : BallController : Found 1 ball(s) on playfield.
2023-04-01 11:47:36,435 : WARNING : BallController : Playfields still contain balls. Waiting for those to drain.
2023-04-01 11:47:37,426 : INFO : SwitchController : <<<<<<< 's_b_eos' active >>>>>>>
2023-04-01 11:47:37,426 : INFO : EventManager : Event: ======'machine_var_audits_switches_s_b_eos'====== Args={'value': 191, 'prev_value': 190, 'change': 1}
2023-04-01 11:47:37,452 : INFO : BallController : Found 1 ball(s) on playfield.
2023-04-01 11:47:37,452 : WARNING : BallController : Playfields still contain balls. Waiting for those to drain.
2023-04-01 11:47:37,452 : INFO : SwitchController : <<<<<<< 's_b_eos' inactive >>>>>>>
2023-04-01 11:47:37,521 : INFO : SwitchController : <<<<<<< 's_left_flipper_1' active >>>>>>>
2023-04-01 11:47:37,522 : INFO : EventManager : Event: ======'machine_var_audits_switches_s_left_flipper_1'====== Args={'value': 93, 'prev_value': 92, 'change': 1}
2023-04-01 11:47:37,541 : INFO : SwitchController : <<<<<<< 's_left_flipper_2' active >>>>>>>
2023-04-01 11:47:37,541 : INFO : EventManager : Event: ======'machine_var_audits_switches_s_left_flipper_2'====== Args={'value': 166, 'prev_value': 165, 'change': 1}
2023-04-01 11:47:37,589 : INFO : SwitchController : <<<<<<< 's_left_flipper_2' inactive >>>>>>>
2023-04-01 11:47:37,609 : INFO : SwitchController : <<<<<<< 's_left_flipper_2' active >>>>>>>
2023-04-01 11:47:37,609 : INFO : EventManager : Event: ======'machine_var_audits_switches_s_left_flipper_2'====== Args={'value': 167, 'prev_value': 166, 'change': 1}
2023-04-01 11:47:37,631 : INFO : SwitchController : <<<<<<< 's_left_flipper_2' inactive >>>>>>>
2023-04-01 11:47:37,670 : INFO : SwitchController : <<<<<<< 's_left_flipper_2' active >>>>>>>
2023-04-01 11:47:37,670 : INFO : EventManager : Event: ======'machine_var_audits_switches_s_left_flipper_2'====== Args={'value': 168, 'prev_value': 167, 'change': 1}
2023-04-01 11:47:37,690 : INFO : SwitchController : <<<<<<< 's_left_flipper_2' inactive >>>>>>>
2023-04-01 11:47:37,711 : INFO : SwitchController : <<<<<<< 's_left_flipper_1' inactive >>>>>>>
2023-04-01 11:47:37,743 : INFO : SwitchController : <<<<<<< 's_left_flipper_1' active >>>>>>>
2023-04-01 11:47:37,743 : INFO : EventManager : Event: ======'machine_var_audits_switches_s_left_flipper_1'====== Args={'value': 94, 'prev_value': 93, 'change': 1}
2023-04-01 11:47:37,764 : INFO : SwitchController : <<<<<<< 's_left_flipper_2' active >>>>>>>
2023-04-01 11:47:37,764 : INFO : EventManager : Event: ======'machine_var_audits_switches_s_left_flipper_2'====== Args={'value': 169, 'prev_value': 168, 'change': 1}
2023-04-01 11:47:37,765 : INFO : SwitchController : <<<<<<< 's_left_flipper_2' inactive >>>>>>>
2023-04-01 11:47:37,773 : INFO : SwitchController : <<<<<<< 's_left_flipper_2' active >>>>>>>
2023-04-01 11:47:37,774 : INFO : EventManager : Event: ======'machine_var_audits_switches_s_left_flipper_2'====== Args={'value': 170, 'prev_value': 169, 'change': 1}
2023-04-01 11:47:37,967 : INFO : SwitchController : <<<<<<< 's_left_flipper_2' inactive >>>>>>>
2023-04-01 11:47:37,993 : INFO : SwitchController : <<<<<<< 's_left_flipper_1' inactive >>>>>>>
2023-04-01 11:47:38,109 : INFO : SwitchController : <<<<<<< 's_left_flipper_1' active >>>>>>>
2023-04-01 11:47:38,109 : INFO : EventManager : Event: ======'machine_var_audits_switches_s_left_flipper_1'====== Args={'value': 95, 'prev_value': 94, 'change': 1}
2023-04-01 11:47:38,132 : INFO : SwitchController : <<<<<<< 's_left_flipper_2' active >>>>>>>
2023-04-01 11:47:38,132 : INFO : EventManager : Event: ======'machine_var_audits_switches_s_left_flipper_2'====== Args={'value': 171, 'prev_value': 170, 'change': 1}
2023-04-01 11:47:38,328 : INFO : SwitchController : <<<<<<< 's_left_flipper_2' inactive >>>>>>>
2023-04-01 11:47:38,350 : INFO : SwitchController : <<<<<<< 's_left_flipper_1' inactive >>>>>>>
2023-04-01 11:47:38,453 : INFO : BallController : Found 1 ball(s) on playfield.
2023-04-01 11:47:38,453 : WARNING : BallController : Playfields still contain balls. Waiting for those to drain.
2023-04-01 11:47:38,458 : INFO : SwitchController : <<<<<<< 's_left_flipper_1' active >>>>>>>
2023-04-01 11:47:38,458 : INFO : EventManager : Event: ======'machine_var_audits_switches_s_left_flipper_1'====== Args={'value': 96, 'prev_value': 95, 'change': 1}
2023-04-01 11:47:38,481 : INFO : SwitchController : <<<<<<< 's_left_flipper_2' active >>>>>>>
2023-04-01 11:47:38,481 : INFO : EventManager : Event: ======'machine_var_audits_switches_s_left_flipper_2'====== Args={'value': 172, 'prev_value': 171, 'change': 1}
2023-04-01 11:47:38,660 : INFO : SwitchController : <<<<<<< 's_left_flipper_2' inactive >>>>>>>
2023-04-01 11:47:38,669 : INFO : SwitchController : <<<<<<< 's_left_flipper_1' inactive >>>>>>>
2023-04-01 11:47:38,890 : INFO : SwitchController : <<<<<<< 's_b_eos' active >>>>>>>
2023-04-01 11:47:38,890 : INFO : EventManager : Event: ======'machine_var_audits_switches_s_b_eos'====== Args={'value': 192, 'prev_value': 191, 'change': 1}
2023-04-01 11:47:38,899 : INFO : SwitchController : <<<<<<< 's_b_eos' inactive >>>>>>>
2023-04-01 11:47:38,965 : INFO : SwitchController : <<<<<<< 's_b_eos' active >>>>>>>
2023-04-01 11:47:38,965 : INFO : EventManager : Event: ======'machine_var_audits_switches_s_b_eos'====== Args={'value': 193, 'prev_value': 192, 'change': 1}
2023-04-01 11:47:38,972 : INFO : SwitchController : <<<<<<< 's_b_eos' inactive >>>>>>>
2023-04-01 11:47:38,987 : INFO : SwitchController : <<<<<<< 's_b_eos' active >>>>>>>
2023-04-01 11:47:38,987 : INFO : EventManager : Event: ======'machine_var_audits_switches_s_b_eos'====== Args={'value': 194, 'prev_value': 193, 'change': 1}
2023-04-01 11:47:39,008 : INFO : SwitchController : <<<<<<< 's_b_eos' inactive >>>>>>>
2023-04-01 11:47:39,011 : INFO : SwitchController : <<<<<<< 's_b_eos' active >>>>>>>
2023-04-01 11:47:39,011 : INFO : EventManager : Event: ======'machine_var_audits_switches_s_b_eos'====== Args={'value': 195, 'prev_value': 194, 'change': 1}
2023-04-01 11:47:39,031 : INFO : SwitchController : <<<<<<< 's_b_eos' inactive >>>>>>>
2023-04-01 11:47:39,453 : INFO : BallController : Found 1 ball(s) on playfield.
2023-04-01 11:47:39,453 : WARNING : BallController : Playfields still contain balls. Waiting for those to drain.
2023-04-01 11:47:40,453 : INFO : BallController : Found 1 ball(s) on playfield.
2023-04-01 11:47:40,453 : WARNING : BallController : Playfields still contain balls. Waiting for those to drain.
2023-04-01 11:47:41,453 : INFO : BallController : Found 1 ball(s) on playfield.
2023-04-01 11:47:41,453 : WARNING : BallController : Playfields still contain balls. Waiting for those to drain.
2023-04-01 11:47:42,453 : INFO : BallController : Found 1 ball(s) on playfield.
2023-04-01 11:47:42,453 : WARNING : BallController : Playfields still contain balls. Waiting for those to drain.
2023-04-01 11:47:43,454 : INFO : BallController : Found 1 ball(s) on playfield.
2023-04-01 11:47:43,454 : WARNING : BallController : Playfields still contain balls. Waiting for those to drain.
2023-04-01 11:47:44,454 : INFO : BallController : Found 1 ball(s) on playfield.
2023-04-01 11:47:44,454 : WARNING : BallController : Playfields still contain balls. Waiting for those to drain.
2023-04-01 11:47:45,456 : INFO : BallController : Found 1 ball(s) on playfield.
2023-04-01 11:47:45,456 : WARNING : BallController : Playfields still contain balls. Waiting for those to drain.
2023-04-01 11:47:46,455 : INFO : BallController : Found 1 ball(s) on playfield.
2023-04-01 11:47:46,455 : WARNING : BallController : Playfields still contain balls. Waiting for those to drain.
2023-04-01 11:47:47,456 : INFO : BallController : Found 1 ball(s) on playfield.
2023-04-01 11:47:47,456 : WARNING : BallController : Playfields still contain balls. Waiting for those to drain.
2023-04-01 11:47:48,180 : INFO : SwitchController : <<<<<<< 's_b_eos' active >>>>>>>
2023-04-01 11:47:48,180 : INFO : EventManager : Event: ======'machine_var_audits_switches_s_b_eos'====== Args={'value': 196, 'prev_value': 195, 'change': 1}
2023-04-01 11:47:48,204 : INFO : SwitchController : <<<<<<< 's_b_eos' inactive >>>>>>>
2023-04-01 11:47:48,210 : INFO : SwitchController : <<<<<<< 's_b_eos' active >>>>>>>
2023-04-01 11:47:48,210 : INFO : EventManager : Event: ======'machine_var_audits_switches_s_b_eos'====== Args={'value': 197, 'prev_value': 196, 'change': 1}
2023-04-01 11:47:48,336 : INFO : SwitchController : <<<<<<< 's_b_eos' inactive >>>>>>>
2023-04-01 11:47:48,372 : INFO : SwitchController : <<<<<<< 's_b_eos' active >>>>>>>
2023-04-01 11:47:48,373 : INFO : EventManager : Event: ======'machine_var_audits_switches_s_b_eos'====== Args={'value': 198, 'prev_value': 197, 'change': 1}
2023-04-01 11:47:48,394 : INFO : SwitchController : <<<<<<< 's_b_eos' inactive >>>>>>>
2023-04-01 11:47:48,394 : INFO : SwitchController : <<<<<<< 's_b_eos' active >>>>>>>
2023-04-01 11:47:48,395 : INFO : EventManager : Event: ======'machine_var_audits_switches_s_b_eos'====== Args={'value': 199, 'prev_value': 198, 'change': 1}
2023-04-01 11:47:48,417 : INFO : SwitchController : <<<<<<< 's_b_eos' inactive >>>>>>>
2023-04-01 11:47:48,420 : INFO : SwitchController : <<<<<<< 's_b_eos' active >>>>>>>
2023-04-01 11:47:48,420 : INFO : EventManager : Event: ======'machine_var_audits_switches_s_b_eos'====== Args={'value': 200, 'prev_value': 199, 'change': 1}
2023-04-01 11:47:48,458 : INFO : BallController : Found 1 ball(s) on playfield.
2023-04-01 11:47:48,458 : WARNING : BallController : Playfields still contain balls. Waiting for those to drain.
2023-04-01 11:47:48,564 : INFO : SwitchController : <<<<<<< 's_b_eos' inactive >>>>>>>
2023-04-01 11:47:49,459 : INFO : BallController : Found 1 ball(s) on playfield.
2023-04-01 11:47:49,459 : WARNING : BallController : Playfields still contain balls. Waiting for those to drain.
2023-04-01 11:47:50,460 : INFO : BallController : Found 1 ball(s) on playfield.
2023-04-01 11:47:50,460 : WARNING : BallController : Playfields still contain balls. Waiting for those to drain.
2023-04-01 11:47:51,460 : INFO : BallController : Found 1 ball(s) on playfield.
2023-04-01 11:47:51,461 : WARNING : BallController : Playfields still contain balls. Waiting for those to drain.
2023-04-01 11:47:52,461 : INFO : BallController : Found 1 ball(s) on playfield.
2023-04-01 11:47:52,461 : WARNING : BallController : Playfields still contain balls. Waiting for those to drain.
2023-04-01 11:47:53,462 : INFO : BallController : Found 1 ball(s) on playfield.
2023-04-01 11:47:53,462 : WARNING : BallController : Playfields still contain balls. Waiting for those to drain.
2023-04-01 11:47:54,462 : INFO : BallController : Found 1 ball(s) on playfield.
2023-04-01 11:47:54,462 : WARNING : BallController : Playfields still contain balls. Waiting for those to drain.
2023-04-01 11:47:55,462 : INFO : BallController : Found 1 ball(s) on playfield.
2023-04-01 11:47:55,462 : WARNING : BallController : Playfields still contain balls. Waiting for those to drain.
2023-04-01 11:47:56,463 : INFO : BallController : Found 1 ball(s) on playfield.
2023-04-01 11:47:56,463 : WARNING : BallController : Playfields still contain balls. Waiting for those to drain.
2023-04-01 11:47:57,464 : INFO : BallController : Found 1 ball(s) on playfield.
2023-04-01 11:47:57,464 : WARNING : BallController : Playfields still contain balls. Waiting for those to drain.
2023-04-01 11:47:58,464 : INFO : BallController : Found 1 ball(s) on playfield.
2023-04-01 11:47:58,464 : WARNING : BallController : Playfields still contain balls. Waiting for those to drain.
2023-04-01 11:47:59,464 : INFO : BallController : Found 1 ball(s) on playfield.
2023-04-01 11:47:59,464 : WARNING : BallController : Playfields still contain balls. Waiting for those to drain.
2023-04-01 11:48:00,464 : INFO : BallController : Found 1 ball(s) on playfield.
2023-04-01 11:48:00,464 : WARNING : BallController : Playfields still contain balls. Waiting for those to drain.
2023-04-01 11:48:01,465 : INFO : BallController : Found 1 ball(s) on playfield.
2023-04-01 11:48:01,465 : WARNING : BallController : Playfields still contain balls. Waiting for those to drain.
2023-04-01 11:48:02,466 : INFO : BallController : Found 1 ball(s) on playfield.
2023-04-01 11:48:02,466 : WARNING : BallController : Playfields still contain balls. Waiting for those to drain.
2023-04-01 11:48:03,465 : INFO : BallController : Found 1 ball(s) on playfield.
2023-04-01 11:48:03,466 : WARNING : BallController : Playfields still contain balls. Waiting for those to drain.
2023-04-01 11:48:04,467 : INFO : BallController : Found 1 ball(s) on playfield.
2023-04-01 11:48:04,467 : WARNING : BallController : Playfields still contain balls. Waiting for those to drain.
2023-04-01 11:48:05,468 : INFO : BallController : Found 1 ball(s) on playfield.
2023-04-01 11:48:05,468 : WARNING : BallController : Playfields still contain balls. Waiting for those to drain.
2023-04-01 11:48:06,468 : INFO : BallController : Found 1 ball(s) on playfield.
2023-04-01 11:48:06,469 : WARNING : BallController : Playfields still contain balls. Waiting for those to drain.
2023-04-01 11:48:07,470 : INFO : BallController : Found 1 ball(s) on playfield.
2023-04-01 11:48:07,471 : WARNING : BallController : Playfields still contain balls. Waiting for those to drain.
2023-04-01 11:48:08,471 : INFO : BallController : Found 1 ball(s) on playfield.
2023-04-01 11:48:08,471 : WARNING : BallController : Playfields still contain balls. Waiting for those to drain.
2023-04-01 11:48:09,472 : INFO : BallController : Found 1 ball(s) on playfield.
2023-04-01 11:48:09,472 : WARNING : BallController : Playfields still contain balls. Waiting for those to drain.
2023-04-01 11:48:10,472 : INFO : BallController : Found 1 ball(s) on playfield.
2023-04-01 11:48:10,472 : WARNING : BallController : Playfields still contain balls. Waiting for those to drain.
2023-04-01 11:48:11,472 : INFO : BallController : Found 1 ball(s) on playfield.
2023-04-01 11:48:11,472 : WARNING : BallController : Playfields still contain balls. Waiting for those to drain.
2023-04-01 11:48:12,473 : INFO : BallController : Found 1 ball(s) on playfield.
2023-04-01 11:48:12,473 : WARNING : BallController : Playfields still contain balls. Waiting for those to drain.
2023-04-01 11:48:13,474 : INFO : BallController : Found 1 ball(s) on playfield.
2023-04-01 11:48:13,474 : WARNING : BallController : Playfields still contain balls. Waiting for those to drain.
2023-04-01 11:48:14,474 : INFO : BallController : Found 1 ball(s) on playfield.
2023-04-01 11:48:14,474 : WARNING : BallController : Playfields still contain balls. Waiting for those to drain.
2023-04-01 11:48:15,475 : INFO : BallController : Found 1 ball(s) on playfield.
2023-04-01 11:48:15,475 : WARNING : BallController : Playfields still contain balls. Waiting for those to drain.
2023-04-01 11:48:16,475 : INFO : BallController : Found 1 ball(s) on playfield.
2023-04-01 11:48:16,476 : WARNING : BallController : Playfields still contain balls. Waiting for those to drain.
2023-04-01 11:48:17,477 : INFO : BallController : Found 1 ball(s) on playfield.
2023-04-01 11:48:17,477 : WARNING : BallController : Playfields still contain balls. Waiting for those to drain.
2023-04-01 11:48:18,478 : INFO : BallController : Found 1 ball(s) on playfield.
2023-04-01 11:48:18,478 : WARNING : BallController : Playfields still contain balls. Waiting for those to drain.
2023-04-01 11:48:19,478 : INFO : BallController : Found 1 ball(s) on playfield.
2023-04-01 11:48:19,478 : WARNING : BallController : Playfields still contain balls. Waiting for those to drain.
2023-04-01 11:48:20,169 : INFO : SwitchController : <<<<<<< 's_b_eos' active >>>>>>>
2023-04-01 11:48:20,170 : INFO : EventManager : Event: ======'machine_var_audits_switches_s_b_eos'====== Args={'value': 201, 'prev_value': 200, 'change': 1}
2023-04-01 11:48:20,192 : INFO : SwitchController : <<<<<<< 's_b_eos' inactive >>>>>>>
2023-04-01 11:48:20,480 : INFO : BallController : Found 1 ball(s) on playfield.
2023-04-01 11:48:20,480 : WARNING : BallController : Playfields still contain balls. Waiting for those to drain.
2023-04-01 11:48:21,480 : INFO : BallController : Found 1 ball(s) on playfield.
2023-04-01 11:48:21,480 : WARNING : BallController : Playfields still contain balls. Waiting for those to drain.
2023-04-01 11:48:22,480 : INFO : BallController : Found 1 ball(s) on playfield.
2023-04-01 11:48:22,480 : WARNING : BallController : Playfields still contain balls. Waiting for those to drain.
2023-04-01 11:48:23,481 : INFO : BallController : Found 1 ball(s) on playfield.
2023-04-01 11:48:23,482 : WARNING : BallController : Playfields still contain balls. Waiting for those to drain.
2023-04-01 11:48:24,482 : INFO : BallController : Found 1 ball(s) on playfield.
2023-04-01 11:48:24,482 : WARNING : BallController : Playfields still contain balls. Waiting for those to drain.
2023-04-01 11:48:25,482 : INFO : BallController : Found 1 ball(s) on playfield.
2023-04-01 11:48:25,482 : WARNING : BallController : Playfields still contain balls. Waiting for those to drain.
2023-04-01 11:48:26,482 : INFO : BallController : Found 1 ball(s) on playfield.
2023-04-01 11:48:26,482 : WARNING : BallController : Playfields still contain balls. Waiting for those to drain.
2023-04-01 11:48:27,482 : INFO : BallController : Found 1 ball(s) on playfield.
2023-04-01 11:48:27,482 : WARNING : BallController : Playfields still contain balls. Waiting for those to drain.
2023-04-01 11:48:28,482 : INFO : BallController : Found 1 ball(s) on playfield.
2023-04-01 11:48:28,482 : WARNING : BallController : Playfields still contain balls. Waiting for those to drain.
2023-04-01 11:48:29,483 : INFO : BallController : Found 1 ball(s) on playfield.
2023-04-01 11:48:29,483 : WARNING : BallController : Playfields still contain balls. Waiting for those to drain.
2023-04-01 11:48:30,484 : INFO : BallController : Found 1 ball(s) on playfield.
2023-04-01 11:48:30,484 : WARNING : BallController : Playfields still contain balls. Waiting for those to drain.
2023-04-01 11:48:30,564 : INFO : SwitchController : <<<<<<< 's_b_eos' active >>>>>>>
2023-04-01 11:48:30,564 : INFO : EventManager : Event: ======'machine_var_audits_switches_s_b_eos'====== Args={'value': 202, 'prev_value': 201, 'change': 1}
2023-04-01 11:48:30,654 : INFO : SwitchController : <<<<<<< 's_b_eos' inactive >>>>>>>
2023-04-01 11:48:31,484 : INFO : BallController : Found 1 ball(s) on playfield.
2023-04-01 11:48:31,484 : WARNING : BallController : Playfields still contain balls. Waiting for those to drain.
2023-04-01 11:48:32,191 : INFO : SwitchController : <<<<<<< 's_b_eos' active >>>>>>>
2023-04-01 11:48:32,191 : INFO : EventManager : Event: ======'machine_var_audits_switches_s_b_eos'====== Args={'value': 203, 'prev_value': 202, 'change': 1}
2023-04-01 11:48:32,200 : INFO : SwitchController : <<<<<<< 's_b_eos' inactive >>>>>>>
2023-04-01 11:48:32,485 : INFO : BallController : Found 1 ball(s) on playfield.
2023-04-01 11:48:32,485 : WARNING : BallController : Playfields still contain balls. Waiting for those to drain.
2023-04-01 11:48:33,486 : INFO : BallController : Found 1 ball(s) on playfield.
2023-04-01 11:48:33,486 : WARNING : BallController : Playfields still contain balls. Waiting for those to drain.
2023-04-01 11:48:34,486 : INFO : BallController : Found 1 ball(s) on playfield.
2023-04-01 11:48:34,486 : WARNING : BallController : Playfields still contain balls. Waiting for those to drain.
2023-04-01 11:48:34,506 : INFO : Machine : Shutting down...
2023-04-01 11:48:34,506 : INFO : EventManager : Event: ======'shutdown'====== Args={}
2023-04-01 11:48:34,510 : INFO : EventManager : Event: ======'mode_game_will_stop'====== Args={}
2023-04-01 11:48:34,510 : INFO : EventManager : Event: ======'mode_game_stopping'====== Args={}
2023-04-01 11:48:34,511 : INFO : Mode.game : Stopped.
2023-04-01 11:48:34,511 : INFO : EventManager : Event: ======'modes_active_modes_changed'====== Args={}
2023-04-01 11:48:34,511 : INFO : EventManager : Event: ======'mode_game_stopped'====== Args={}
2023-04-01 11:48:34,512 : INFO : EventManager : Event: ======'clear'====== Args={'key': 'game'}
2023-04-01 11:48:34,626 : INFO : root : MPF run loop ended.
