2023-03-31 19:57:58,991 : INFO : root : Loading config.
2023-03-31 19:57:59,384 : INFO : ConfigProcessor : Config spec file cache created: /var/folders/0y/x6b2lmrx6vq3nhkjncz48nhc0000gn/T/config_spec.mpf_cache
2023-03-31 19:57:59,385 : INFO : YamlMultifileConfigLoader : Machine config file #1: config.yaml
2023-03-31 19:57:59,385 : WARNING : ConfigProcessor : Config file in cache changed: /Users/tpetch/Documents/trashland_3/config/config.yaml
2023-03-31 19:57:59,385 : INFO : ConfigProcessor : Loading config from file /Users/tpetch/.local/pipx/venvs/mpf/lib/python3.9/site-packages/mpf/mpfconfig.yaml.
2023-03-31 19:57:59,456 : INFO : ConfigProcessor : Loading config: /Users/tpetch/.local/pipx/venvs/mpf/lib/python3.9/site-packages/mpf/mpfconfig.yaml
2023-03-31 19:57:59,457 : INFO : ConfigProcessor : Loading config from file /Users/tpetch/Documents/trashland_3/config/config.yaml.
2023-03-31 19:57:59,590 : INFO : ConfigProcessor : Loading config: /Users/tpetch/Documents/trashland_3/config/config.yaml
2023-03-31 19:57:59,594 : INFO : ConfigProcessor : Config file cache created: /var/folders/0y/x6b2lmrx6vq3nhkjncz48nhc0000gn/T/28c67afebeedf0bcd540f5dc9898a885.mpf_cache
2023-03-31 19:57:59,671 : INFO : ConfigProcessor : Loading config from cache: /var/folders/0y/x6b2lmrx6vq3nhkjncz48nhc0000gn/T/0c88cc6e742c1d6ff62a4ddd2bb23fa0.mpf_cache
2023-03-31 19:57:59,672 : INFO : ConfigProcessor : Loading config from cache: /var/folders/0y/x6b2lmrx6vq3nhkjncz48nhc0000gn/T/d3948d842c6309f14ab557c3c72320d0.mpf_cache
2023-03-31 19:57:59,673 : INFO : Machine : Mission Pinball Framework Core Engine v0.56.1.dev4
2023-03-31 19:57:59,673 : INFO : Machine : Command line arguments: {'no_load_cache': False, 'create_config_cache': True, 'bcp': False, 'configfile': ['config.yaml'], 'force_assets_load': False, 'jsonlogging': False, 'logfile': 'logs/2023-03-31-19-57-58-mpf-Tanners-MacBook-Pro-2.local.log', 'pause': False, 'production': False, 'text_ui': True, 'loglevel': 15, 'consoleloglevel': 20, 'force_platform': None, 'syslog_address': None, 'mc_file_name': None, 'no_sound': False}
2023-03-31 19:57:59,673 : INFO : Machine : MPF path: /Users/tpetch/.local/pipx/venvs/mpf/lib/python3.9/site-packages/mpf
2023-03-31 19:57:59,673 : INFO : Machine : Machine path: /Users/tpetch/Documents/trashland_3
2023-03-31 19:57:59,673 : INFO : Machine : Platform: darwin
2023-03-31 19:57:59,673 : INFO : Machine : Python executable location: /Users/tpetch/.local/pipx/venvs/mpf/bin/python
2023-03-31 19:57:59,673 : INFO : Machine : Python version: 3.9.13 (64-bit)
2023-03-31 19:57:59,689 : INFO : Machine : Initialise MPF.
2023-03-31 19:57:59,791 : INFO : [NET] : Trying to connect to /dev/tty.usbmodem14101 at 921600bps
2023-03-31 19:57:59,797 : INFO : [NET] : Connected to /dev/tty.usbmodem14101 at 921600bps
2023-03-31 19:57:59,810 : INFO : [NET] : Connected to FP-CPU-2000 with firmware v02.06
2023-03-31 19:57:59,810 : INFO : EventManager : Event: ======'machine_var_fast_net_firmware'====== Args={'value': '02.06', 'prev_value': None, 'change': True}
2023-03-31 19:57:59,810 : INFO : EventManager : Event: ======'machine_var_fast_net_model'====== Args={'value': 'FP-CPU-2000', 'prev_value': None, 'change': True}
2023-03-31 19:57:59,813 : INFO : [NET] : Registered I/O Board 0: Model: FP-I/O-0804, Firmware: 01.09, Switches: 8, Drivers: 4
2023-03-31 19:57:59,814 : INFO : [NET] : Registered I/O Board 1: Model: FP-I/O-0804, Firmware: 01.09, Switches: 8, Drivers: 4
2023-03-31 19:57:59,816 : INFO : [NET] : Registered I/O Board 2: Model: FP-I/O-3208, Firmware: 01.09, Switches: 32, Drivers: 8
2023-03-31 19:57:59,817 : INFO : [NET] : Registered I/O Board 3: Model: FP-I/O-1616, Firmware: 01.09, Switches: 16, Drivers: 16
2023-03-31 19:57:59,818 : INFO : [NET] : Registered I/O Board 4: Model: FP-I/O-3208, Firmware: 01.09, Switches: 32, Drivers: 8
2023-03-31 19:57:59,821 : INFO : [EXP] : Trying to connect to /dev/tty.usbmodem14103 at 921600bps
2023-03-31 19:57:59,825 : INFO : [EXP] : Connected to /dev/tty.usbmodem14103 at 921600bps
2023-03-31 19:57:59,830 : INFO : EventManager : Event: ======'machine_var_credits_string'====== Args={'value': 'FREE PLAY', 'prev_value': None, 'change': True}
2023-03-31 19:57:59,872 : INFO : EventManager : Event: ======'machine_var_master_volume'====== Args={'value': 0.5, 'prev_value': None, 'change': True}
2023-03-31 19:57:59,872 : INFO : EventManager : Event: ======'machine_var_mpf_version'====== Args={'value': 'MPF v0.56.1.dev4', 'prev_value': None, 'change': True}
2023-03-31 19:57:59,872 : INFO : EventManager : Event: ======'machine_var_mpf_extended_version'====== Args={'value': 'MPF v0.56.1.dev4, Config version:5, Show version: 5, BCP version:1.1', 'prev_value': None, 'change': True}
2023-03-31 19:57:59,872 : INFO : EventManager : Event: ======'machine_var_python_version'====== Args={'value': '3.9.13', 'prev_value': None, 'change': True}
2023-03-31 19:57:59,887 : INFO : EventManager : Event: ======'machine_var_platform'====== Args={'value': 'macOS-10.16-x86_64-i386-64bit', 'prev_value': None, 'change': True}
2023-03-31 19:57:59,887 : INFO : EventManager : Event: ======'machine_var_platform_system'====== Args={'value': 'Darwin', 'prev_value': None, 'change': True}
2023-03-31 19:57:59,887 : INFO : EventManager : Event: ======'machine_var_platform_release'====== Args={'value': '22.2.0', 'prev_value': None, 'change': True}
2023-03-31 19:57:59,888 : INFO : EventManager : Event: ======'machine_var_platform_version'====== Args={'value': 'Darwin Kernel Version 22.2.0: Fri Nov 11 02:08:47 PST 2022; root:xnu-8792.61.2~4/RELEASE_X86_64', 'prev_value': None, 'change': True}
2023-03-31 19:57:59,888 : INFO : EventManager : Event: ======'machine_var_platform_machine'====== Args={'value': 'x86_64', 'prev_value': None, 'change': True}
2023-03-31 19:57:59,888 : INFO : EventManager : Event: ======'init_phase_1'====== Args={}
2023-03-31 19:57:59,960 : INFO : EventManager : Event: ======'init_phase_2'====== Args={}
2023-03-31 19:57:59,961 : INFO : SwitchController : Found active switch: (('1D', 0), <Platform.FAST>) <switch.s_trough_1>
2023-03-31 19:57:59,961 : INFO : SwitchController : Found active switch: (('34', 0), <Platform.FAST>) <switch.s_drop_scoop>
2023-03-31 19:57:59,961 : INFO : SwitchController : Found active switch: (('40', 0), <Platform.FAST>) <switch.s_b_eos>
2023-03-31 19:57:59,965 : INFO : ball_device.bd_vuk_back : BCH: Initial count: 0
2023-03-31 19:57:59,966 : INFO : ball_device.bd_vuk_back : State: idle
2023-03-31 19:57:59,966 : INFO : ball_device.bd_vuk_right : BCH: Initial count: 0
2023-03-31 19:57:59,967 : INFO : ball_device.bd_vuk_right : State: idle
2023-03-31 19:57:59,967 : INFO : ball_device.bd_vuk_bot : BCH: Initial count: 0
2023-03-31 19:57:59,968 : INFO : ball_device.bd_vuk_bot : State: idle
2023-03-31 19:57:59,968 : INFO : ball_device.bd_trough : BCH: Initial count: 1
2023-03-31 19:57:59,968 : INFO : ball_device.bd_trough : State: idle
2023-03-31 19:57:59,969 : INFO : ball_device.bd_plunger : BCH: Initial count: 0
2023-03-31 19:57:59,969 : INFO : ball_device.bd_plunger : State: idle
2023-03-31 19:57:59,985 : INFO : EventManager : Event: ======'init_phase_3'====== Args={}
2023-03-31 19:57:59,988 : INFO : EventManager : Event: ======'init_phase_4'====== Args={}
2023-03-31 19:57:59,989 : INFO : BallController : Initial balls found: 1
2023-03-31 19:57:59,994 : INFO : EventManager : Event: ======'machine_var_audits_events_game_ended'====== Args={'value': 0, 'prev_value': None, 'change': True}
2023-03-31 19:57:59,994 : INFO : EventManager : Event: ======'machine_var_audits_events_game_started'====== Args={'value': 7, 'prev_value': None, 'change': True}
2023-03-31 19:57:59,995 : INFO : EventManager : Event: ======'machine_var_audits_player_score'====== Args={'value': {'average': 0, 'top': [], 'total': 0}, 'prev_value': None, 'change': True}
2023-03-31 19:57:59,995 : INFO : EventManager : Event: ======'machine_var_audits_switches_s_autolauncher'====== Args={'value': 12, 'prev_value': None, 'change': True}
2023-03-31 19:57:59,995 : INFO : EventManager : Event: ======'machine_var_audits_switches_s_b_eos'====== Args={'value': 139, 'prev_value': None, 'change': True}
2023-03-31 19:57:59,995 : INFO : EventManager : Event: ======'machine_var_audits_switches_s_b_pop'====== Args={'value': 32, 'prev_value': None, 'change': True}
2023-03-31 19:57:59,995 : INFO : EventManager : Event: ======'machine_var_audits_switches_s_b_rollover_interchange'====== Args={'value': 2, 'prev_value': None, 'change': True}
2023-03-31 19:57:59,995 : INFO : EventManager : Event: ======'machine_var_audits_switches_s_b_rollover_loop'====== Args={'value': 1, 'prev_value': None, 'change': True}
2023-03-31 19:57:59,995 : INFO : EventManager : Event: ======'machine_var_audits_switches_s_b_rollover_misc'====== Args={'value': 2, 'prev_value': None, 'change': True}
2023-03-31 19:57:59,995 : INFO : EventManager : Event: ======'machine_var_audits_switches_s_b_target_left'====== Args={'value': 1, 'prev_value': None, 'change': True}
2023-03-31 19:57:59,996 : INFO : EventManager : Event: ======'machine_var_audits_switches_s_b_target_right'====== Args={'value': 2, 'prev_value': None, 'change': True}
2023-03-31 19:57:59,996 : INFO : EventManager : Event: ======'machine_var_audits_switches_s_drop_mid_center'====== Args={'value': 0, 'prev_value': None, 'change': True}
2023-03-31 19:57:59,996 : INFO : EventManager : Event: ======'machine_var_audits_switches_s_drop_mid_left'====== Args={'value': 0, 'prev_value': None, 'change': True}
2023-03-31 19:57:59,996 : INFO : EventManager : Event: ======'machine_var_audits_switches_s_drop_mid_right'====== Args={'value': 0, 'prev_value': None, 'change': True}
2023-03-31 19:57:59,996 : INFO : EventManager : Event: ======'machine_var_audits_switches_s_drop_right_left'====== Args={'value': 0, 'prev_value': None, 'change': True}
2023-03-31 19:57:59,996 : INFO : EventManager : Event: ======'machine_var_audits_switches_s_drop_right_right'====== Args={'value': 0, 'prev_value': None, 'change': True}
2023-03-31 19:57:59,996 : INFO : EventManager : Event: ======'machine_var_audits_switches_s_drop_scoop'====== Args={'value': 0, 'prev_value': None, 'change': True}
2023-03-31 19:57:59,996 : INFO : EventManager : Event: ======'machine_var_audits_switches_s_drop_single'====== Args={'value': 1, 'prev_value': None, 'change': True}
2023-03-31 19:57:59,997 : INFO : EventManager : Event: ======'machine_var_audits_switches_s_flip_left_eos'====== Args={'value': 997, 'prev_value': None, 'change': True}
2023-03-31 19:57:59,997 : INFO : EventManager : Event: ======'machine_var_audits_switches_s_flip_left_top_eos'====== Args={'value': 61, 'prev_value': None, 'change': True}
2023-03-31 19:57:59,997 : INFO : EventManager : Event: ======'machine_var_audits_switches_s_flip_right_eos'====== Args={'value': 140, 'prev_value': None, 'change': True}
2023-03-31 19:57:59,997 : INFO : EventManager : Event: ======'machine_var_audits_switches_s_inlane_left'====== Args={'value': 0, 'prev_value': None, 'change': True}
2023-03-31 19:57:59,997 : INFO : EventManager : Event: ======'machine_var_audits_switches_s_inlane_right'====== Args={'value': 1, 'prev_value': None, 'change': True}
2023-03-31 19:57:59,997 : INFO : EventManager : Event: ======'machine_var_audits_switches_s_l_rollover'====== Args={'value': 1, 'prev_value': None, 'change': True}
2023-03-31 19:57:59,997 : INFO : EventManager : Event: ======'machine_var_audits_switches_s_l_target_far'====== Args={'value': 1, 'prev_value': None, 'change': True}
2023-03-31 19:57:59,997 : INFO : EventManager : Event: ======'machine_var_audits_switches_s_l_target_large'====== Args={'value': 1, 'prev_value': None, 'change': True}
2023-03-31 19:57:59,998 : INFO : EventManager : Event: ======'machine_var_audits_switches_s_l_target_left'====== Args={'value': 2, 'prev_value': None, 'change': True}
2023-03-31 19:57:59,998 : INFO : EventManager : Event: ======'machine_var_audits_switches_s_l_target_right'====== Args={'value': 1, 'prev_value': None, 'change': True}
2023-03-31 19:57:59,998 : INFO : EventManager : Event: ======'machine_var_audits_switches_s_l_vuk'====== Args={'value': 5, 'prev_value': None, 'change': True}
2023-03-31 19:57:59,998 : INFO : EventManager : Event: ======'machine_var_audits_switches_s_launch'====== Args={'value': 20, 'prev_value': None, 'change': True}
2023-03-31 19:57:59,998 : INFO : EventManager : Event: ======'machine_var_audits_switches_s_left_flipper_1'====== Args={'value': 73, 'prev_value': None, 'change': True}
2023-03-31 19:57:59,998 : INFO : EventManager : Event: ======'machine_var_audits_switches_s_left_flipper_2'====== Args={'value': 121, 'prev_value': None, 'change': True}
2023-03-31 19:57:59,999 : INFO : EventManager : Event: ======'machine_var_audits_switches_s_lock_1'====== Args={'value': 1, 'prev_value': None, 'change': True}
2023-03-31 19:57:59,999 : INFO : EventManager : Event: ======'machine_var_audits_switches_s_lock_2'====== Args={'value': 1, 'prev_value': None, 'change': True}
2023-03-31 19:57:59,999 : INFO : EventManager : Event: ======'machine_var_audits_switches_s_lock_3'====== Args={'value': 1, 'prev_value': None, 'change': True}
2023-03-31 19:57:59,999 : INFO : EventManager : Event: ======'machine_var_audits_switches_s_outlane_left'====== Args={'value': 0, 'prev_value': None, 'change': True}
2023-03-31 19:57:59,999 : INFO : EventManager : Event: ======'machine_var_audits_switches_s_outlane_right'====== Args={'value': 1, 'prev_value': None, 'change': True}
2023-03-31 19:58:00,000 : INFO : EventManager : Event: ======'machine_var_audits_switches_s_pop_left'====== Args={'value': 8, 'prev_value': None, 'change': True}
2023-03-31 19:58:00,000 : INFO : EventManager : Event: ======'machine_var_audits_switches_s_pop_lower'====== Args={'value': 21, 'prev_value': None, 'change': True}
2023-03-31 19:58:00,000 : INFO : EventManager : Event: ======'machine_var_audits_switches_s_pop_right'====== Args={'value': 19, 'prev_value': None, 'change': True}
2023-03-31 19:58:00,001 : INFO : EventManager : Event: ======'machine_var_audits_switches_s_right_flipper_1'====== Args={'value': 178, 'prev_value': None, 'change': True}
2023-03-31 19:58:00,001 : INFO : EventManager : Event: ======'machine_var_audits_switches_s_right_flipper_2'====== Args={'value': 541, 'prev_value': None, 'change': True}
2023-03-31 19:58:00,001 : INFO : EventManager : Event: ======'machine_var_audits_switches_s_rollover_left'====== Args={'value': 23, 'prev_value': None, 'change': True}
2023-03-31 19:58:00,002 : INFO : EventManager : Event: ======'machine_var_audits_switches_s_rollover_right'====== Args={'value': 480, 'prev_value': None, 'change': True}
2023-03-31 19:58:00,002 : INFO : EventManager : Event: ======'machine_var_audits_switches_s_sling_left'====== Args={'value': 2, 'prev_value': None, 'change': True}
2023-03-31 19:58:00,002 : INFO : EventManager : Event: ======'machine_var_audits_switches_s_sling_right'====== Args={'value': 6, 'prev_value': None, 'change': True}
2023-03-31 19:58:00,002 : INFO : EventManager : Event: ======'machine_var_audits_switches_s_start'====== Args={'value': 5, 'prev_value': None, 'change': True}
2023-03-31 19:58:00,002 : INFO : EventManager : Event: ======'machine_var_audits_switches_s_tilt'====== Args={'value': 1, 'prev_value': None, 'change': True}
2023-03-31 19:58:00,003 : INFO : EventManager : Event: ======'machine_var_audits_switches_s_trough_1'====== Args={'value': 0, 'prev_value': None, 'change': True}
2023-03-31 19:58:00,003 : INFO : EventManager : Event: ======'machine_var_audits_switches_s_trough_2'====== Args={'value': 6, 'prev_value': None, 'change': True}
2023-03-31 19:58:00,003 : INFO : EventManager : Event: ======'machine_var_audits_switches_s_trough_3'====== Args={'value': 4, 'prev_value': None, 'change': True}
2023-03-31 19:58:00,003 : INFO : EventManager : Event: ======'machine_var_audits_switches_s_trough_4'====== Args={'value': 4, 'prev_value': None, 'change': True}
2023-03-31 19:58:00,004 : INFO : EventManager : Event: ======'machine_var_audits_switches_s_trough_5'====== Args={'value': 4, 'prev_value': None, 'change': True}
2023-03-31 19:58:00,004 : INFO : EventManager : Event: ======'machine_var_audits_switches_s_trough_6'====== Args={'value': 4, 'prev_value': None, 'change': True}
2023-03-31 19:58:00,004 : INFO : EventManager : Event: ======'machine_var_audits_switches_s_trough_jam'====== Args={'value': 10, 'prev_value': None, 'change': True}
2023-03-31 19:58:00,004 : INFO : EventManager : Event: ======'machine_var_audits_switches_s_vuk_back'====== Args={'value': 10, 'prev_value': None, 'change': True}
2023-03-31 19:58:00,004 : INFO : EventManager : Event: ======'machine_var_audits_switches_s_vuk_right'====== Args={'value': 0, 'prev_value': None, 'change': True}
2023-03-31 19:58:00,005 : INFO : EventManager : Event: ======'machine_var_audits_switches_s_8'====== Args={'value': 0, 'prev_value': None, 'change': True}
2023-03-31 19:58:00,005 : INFO : EventManager : Event: ======'machine_var_audits_switches_s_9'====== Args={'value': 0, 'prev_value': None, 'change': True}
2023-03-31 19:58:00,005 : INFO : EventManager : Event: ======'machine_var_audits_switches_s_10'====== Args={'value': 0, 'prev_value': None, 'change': True}
2023-03-31 19:58:00,005 : INFO : EventManager : Event: ======'machine_var_audits_switches_s_11'====== Args={'value': 0, 'prev_value': None, 'change': True}
2023-03-31 19:58:00,021 : INFO : EventManager : Event: ======'init_phase_5'====== Args={}
2023-03-31 19:58:00,022 : INFO : EventManager : Event: ======'init_done'====== Args={}
2023-03-31 19:58:00,022 : INFO : EventManager : Event: ======'machine_reset_phase_1'====== Args={}
2023-03-31 19:58:00,022 : INFO : EventManager : Event: ======'machine_reset_phase_2'====== Args={}
2023-03-31 19:58:00,023 : INFO : EventManager : Event: ======'machine_reset_phase_3'====== Args={}
2023-03-31 19:58:00,025 : INFO : EventManager : Event: ======'reset_complete'====== Args={}
2023-03-31 19:58:00,025 : INFO : EventManager : Event: ======'mode_attract_will_start'====== Args={}
2023-03-31 19:58:00,025 : INFO : EventManager : Event: ======'mode_attract_starting'====== Args={}
2023-03-31 19:58:00,025 : INFO : Mode.attract : Started. Priority: 10
2023-03-31 19:58:00,025 : INFO : EventManager : Event: ======'modes_active_modes_changed'====== Args={}
2023-03-31 19:58:00,025 : INFO : EventManager : Event: ======'mode_attract_started'====== Args={}
2023-03-31 19:58:00,026 : INFO : EventManager : Event: ======'collecting_balls_complete'====== Args={}
2023-03-31 19:58:00,027 : INFO : Machine : Starting the main run loop.
2023-03-31 19:58:07,480 : INFO : SwitchController : <<<<<<< 's_9' active >>>>>>>
2023-03-31 19:58:07,616 : INFO : SwitchController : <<<<<<< 's_9' inactive >>>>>>>
2023-03-31 19:58:07,787 : INFO : BcpServer : New client connected.
2023-03-31 19:58:07,835 : INFO : SwitchController : <<<<<<< 's_9' active >>>>>>>
2023-03-31 19:58:07,985 : INFO : SwitchController : <<<<<<< 's_9' inactive >>>>>>>
2023-03-31 19:58:08,738 : INFO : SwitchController : <<<<<<< 's_9' active >>>>>>>
2023-03-31 19:58:08,910 : INFO : SwitchController : <<<<<<< 's_9' inactive >>>>>>>
2023-03-31 19:58:15,212 : INFO : SwitchController : <<<<<<< 's_b_eos' inactive >>>>>>>
2023-03-31 19:58:30,284 : INFO : SwitchController : <<<<<<< 's_10' active >>>>>>>
2023-03-31 19:58:30,290 : INFO : SwitchController : <<<<<<< 's_10' inactive >>>>>>>
2023-03-31 19:58:30,304 : INFO : SwitchController : <<<<<<< 's_10' active >>>>>>>
2023-03-31 19:58:30,718 : INFO : SwitchController : <<<<<<< 's_10' inactive >>>>>>>
2023-03-31 19:58:30,867 : INFO : SwitchController : <<<<<<< 's_10' active >>>>>>>
2023-03-31 19:58:31,143 : INFO : SwitchController : <<<<<<< 's_10' inactive >>>>>>>
2023-03-31 19:58:31,363 : INFO : SwitchController : <<<<<<< 's_10' active >>>>>>>
2023-03-31 19:58:31,568 : INFO : SwitchController : <<<<<<< 's_10' inactive >>>>>>>
2023-03-31 19:58:31,731 : INFO : SwitchController : <<<<<<< 's_10' active >>>>>>>
2023-03-31 19:58:31,992 : INFO : SwitchController : <<<<<<< 's_10' inactive >>>>>>>
2023-03-31 19:58:32,112 : INFO : SwitchController : <<<<<<< 's_10' active >>>>>>>
2023-03-31 19:58:32,335 : INFO : SwitchController : <<<<<<< 's_10' inactive >>>>>>>
2023-03-31 19:58:34,971 : INFO : SwitchController : <<<<<<< 's_11' active >>>>>>>
2023-03-31 19:58:35,062 : INFO : SwitchController : <<<<<<< 's_11' inactive >>>>>>>
2023-03-31 19:58:35,304 : INFO : SwitchController : <<<<<<< 's_11' active >>>>>>>
2023-03-31 19:58:35,424 : INFO : SwitchController : <<<<<<< 's_11' inactive >>>>>>>
2023-03-31 19:58:35,596 : INFO : SwitchController : <<<<<<< 's_11' active >>>>>>>
2023-03-31 19:58:35,775 : INFO : SwitchController : <<<<<<< 's_11' inactive >>>>>>>
2023-03-31 19:58:36,952 : INFO : SwitchController : <<<<<<< 's_11' active >>>>>>>
2023-03-31 19:58:37,220 : INFO : SwitchController : <<<<<<< 's_11' inactive >>>>>>>
2023-03-31 19:58:37,310 : INFO : SwitchController : <<<<<<< 's_11' active >>>>>>>
2023-03-31 19:58:37,477 : INFO : SwitchController : <<<<<<< 's_11' inactive >>>>>>>
2023-03-31 19:58:37,651 : INFO : SwitchController : <<<<<<< 's_11' active >>>>>>>
2023-03-31 19:58:37,781 : INFO : SwitchController : <<<<<<< 's_11' inactive >>>>>>>
2023-03-31 19:58:37,940 : INFO : SwitchController : <<<<<<< 's_11' active >>>>>>>
2023-03-31 19:58:38,032 : INFO : SwitchController : <<<<<<< 's_11' inactive >>>>>>>
2023-03-31 19:58:40,113 : INFO : SwitchController : <<<<<<< 's_8' active >>>>>>>
2023-03-31 19:58:40,133 : INFO : SwitchController : <<<<<<< 's_8' inactive >>>>>>>
2023-03-31 19:58:40,140 : INFO : SwitchController : <<<<<<< 's_8' active >>>>>>>
2023-03-31 19:58:40,153 : INFO : SwitchController : <<<<<<< 's_8' inactive >>>>>>>
2023-03-31 19:58:40,161 : INFO : SwitchController : <<<<<<< 's_8' active >>>>>>>
2023-03-31 19:58:40,294 : INFO : SwitchController : <<<<<<< 's_8' inactive >>>>>>>
2023-03-31 19:58:40,413 : INFO : SwitchController : <<<<<<< 's_8' active >>>>>>>
2023-03-31 19:58:40,512 : INFO : SwitchController : <<<<<<< 's_8' inactive >>>>>>>
2023-03-31 19:58:40,654 : INFO : SwitchController : <<<<<<< 's_8' active >>>>>>>
2023-03-31 19:58:40,747 : INFO : SwitchController : <<<<<<< 's_8' inactive >>>>>>>
2023-03-31 19:58:40,879 : INFO : SwitchController : <<<<<<< 's_8' active >>>>>>>
2023-03-31 19:58:40,965 : INFO : SwitchController : <<<<<<< 's_8' inactive >>>>>>>
2023-03-31 19:58:41,103 : INFO : SwitchController : <<<<<<< 's_8' active >>>>>>>
2023-03-31 19:58:41,208 : INFO : SwitchController : <<<<<<< 's_8' inactive >>>>>>>
2023-03-31 19:58:41,338 : INFO : SwitchController : <<<<<<< 's_8' active >>>>>>>
2023-03-31 19:58:41,433 : INFO : SwitchController : <<<<<<< 's_8' inactive >>>>>>>
2023-03-31 19:58:41,557 : INFO : SwitchController : <<<<<<< 's_8' active >>>>>>>
2023-03-31 19:58:41,688 : INFO : SwitchController : <<<<<<< 's_8' inactive >>>>>>>
2023-03-31 19:58:41,840 : INFO : SwitchController : <<<<<<< 's_8' active >>>>>>>
2023-03-31 19:58:41,990 : INFO : SwitchController : <<<<<<< 's_8' inactive >>>>>>>
2023-03-31 19:58:42,115 : INFO : SwitchController : <<<<<<< 's_8' active >>>>>>>
2023-03-31 19:58:42,499 : INFO : SwitchController : <<<<<<< 's_8' inactive >>>>>>>
2023-03-31 19:58:42,625 : INFO : SwitchController : <<<<<<< 's_8' active >>>>>>>
2023-03-31 19:58:42,797 : INFO : SwitchController : <<<<<<< 's_8' inactive >>>>>>>
2023-03-31 19:58:59,527 : INFO : SwitchController : <<<<<<< 's_9' active >>>>>>>
2023-03-31 19:58:59,589 : INFO : SwitchController : <<<<<<< 's_9' inactive >>>>>>>
2023-03-31 19:59:04,590 : INFO : SwitchController : <<<<<<< 's_9' active >>>>>>>
2023-03-31 19:59:04,750 : INFO : SwitchController : <<<<<<< 's_9' inactive >>>>>>>
2023-03-31 19:59:04,965 : INFO : SwitchController : <<<<<<< 's_9' active >>>>>>>
2023-03-31 19:59:05,069 : INFO : SwitchController : <<<<<<< 's_9' inactive >>>>>>>
2023-03-31 19:59:05,306 : INFO : SwitchController : <<<<<<< 's_9' active >>>>>>>
2023-03-31 19:59:05,380 : INFO : SwitchController : <<<<<<< 's_9' inactive >>>>>>>
2023-03-31 19:59:17,382 : INFO : SwitchController : <<<<<<< 's_11' active >>>>>>>
2023-03-31 19:59:17,469 : INFO : SwitchController : <<<<<<< 's_11' inactive >>>>>>>
2023-03-31 19:59:17,654 : INFO : SwitchController : <<<<<<< 's_11' active >>>>>>>
2023-03-31 19:59:17,785 : INFO : SwitchController : <<<<<<< 's_11' inactive >>>>>>>
2023-03-31 19:59:17,917 : INFO : SwitchController : <<<<<<< 's_11' active >>>>>>>
2023-03-31 19:59:18,019 : INFO : SwitchController : <<<<<<< 's_11' inactive >>>>>>>
2023-03-31 19:59:18,159 : INFO : SwitchController : <<<<<<< 's_11' active >>>>>>>
2023-03-31 19:59:18,244 : INFO : SwitchController : <<<<<<< 's_11' inactive >>>>>>>
2023-03-31 19:59:18,385 : INFO : SwitchController : <<<<<<< 's_11' active >>>>>>>
2023-03-31 19:59:18,434 : INFO : SwitchController : <<<<<<< 's_11' inactive >>>>>>>
2023-03-31 19:59:18,600 : INFO : SwitchController : <<<<<<< 's_11' active >>>>>>>
2023-03-31 19:59:18,666 : INFO : SwitchController : <<<<<<< 's_11' inactive >>>>>>>
2023-03-31 19:59:18,859 : INFO : SwitchController : <<<<<<< 's_11' active >>>>>>>
2023-03-31 19:59:18,999 : INFO : SwitchController : <<<<<<< 's_11' inactive >>>>>>>
2023-03-31 19:59:23,617 : INFO : SwitchController : <<<<<<< 's_10' active >>>>>>>
2023-03-31 19:59:23,797 : INFO : SwitchController : <<<<<<< 's_10' inactive >>>>>>>
2023-03-31 19:59:23,865 : INFO : SwitchController : <<<<<<< 's_10' active >>>>>>>
2023-03-31 19:59:24,030 : INFO : SwitchController : <<<<<<< 's_10' inactive >>>>>>>
2023-03-31 19:59:24,113 : INFO : SwitchController : <<<<<<< 's_10' active >>>>>>>
2023-03-31 19:59:24,266 : INFO : SwitchController : <<<<<<< 's_10' inactive >>>>>>>
2023-03-31 19:59:24,325 : INFO : SwitchController : <<<<<<< 's_10' active >>>>>>>
2023-03-31 19:59:24,475 : INFO : SwitchController : <<<<<<< 's_10' inactive >>>>>>>
2023-03-31 19:59:50,387 : INFO : Machine : Shutting down...
2023-03-31 19:59:50,387 : INFO : EventManager : Event: ======'shutdown'====== Args={}
2023-03-31 19:59:50,400 : INFO : SwitchController : <<<<<<< 's_flip_left_eos' active >>>>>>>
2023-03-31 19:59:50,403 : INFO : SwitchController : <<<<<<< 's_flip_left_eos' inactive >>>>>>>
2023-03-31 19:59:50,494 : INFO : root : MPF run loop ended.
