2023-04-01 11:28:56,721 : INFO : root : Loading config.
2023-04-01 11:28:57,122 : INFO : ConfigProcessor : Config spec file cache created: /var/folders/0y/x6b2lmrx6vq3nhkjncz48nhc0000gn/T/config_spec.mpf_cache
2023-04-01 11:28:57,122 : INFO : YamlMultifileConfigLoader : Machine config file #1: config.yaml
2023-04-01 11:28:57,122 : WARNING : ConfigProcessor : Config file in cache changed: /Users/tpetch/Documents/trashland_3/config/config.yaml
2023-04-01 11:28:57,122 : INFO : ConfigProcessor : Loading config from file /Users/tpetch/.local/pipx/venvs/mpf/lib/python3.9/site-packages/mpf/mpfconfig.yaml.
2023-04-01 11:28:57,193 : INFO : ConfigProcessor : Loading config: /Users/tpetch/.local/pipx/venvs/mpf/lib/python3.9/site-packages/mpf/mpfconfig.yaml
2023-04-01 11:28:57,193 : INFO : ConfigProcessor : Loading config from file /Users/tpetch/Documents/trashland_3/config/config.yaml.
2023-04-01 11:28:57,329 : INFO : ConfigProcessor : Loading config: /Users/tpetch/Documents/trashland_3/config/config.yaml
2023-04-01 11:28:57,332 : INFO : ConfigProcessor : Config file cache created: /var/folders/0y/x6b2lmrx6vq3nhkjncz48nhc0000gn/T/28c67afebeedf0bcd540f5dc9898a885.mpf_cache
2023-04-01 11:28:57,369 : INFO : ConfigProcessor : Loading config from cache: /var/folders/0y/x6b2lmrx6vq3nhkjncz48nhc0000gn/T/03cea1619b79a61f4f0eef3c59cdaa46.mpf_cache
2023-04-01 11:28:57,369 : INFO : ConfigProcessor : Loading config from cache: /var/folders/0y/x6b2lmrx6vq3nhkjncz48nhc0000gn/T/d3948d842c6309f14ab557c3c72320d0.mpf_cache
2023-04-01 11:28:57,370 : INFO : ConfigProcessor : Loading config from cache: /var/folders/0y/x6b2lmrx6vq3nhkjncz48nhc0000gn/T/a37a2141962f60258a07880b3484644a.mpf_cache
2023-04-01 11:28:57,370 : INFO : Machine : Mission Pinball Framework Core Engine v0.56.1.dev4
2023-04-01 11:28:57,370 : INFO : Machine : Command line arguments: {'no_load_cache': False, 'create_config_cache': True, 'bcp': False, 'configfile': ['config.yaml'], 'force_assets_load': False, 'jsonlogging': False, 'logfile': 'logs/2023-04-01-11-28-56-mpf-Tanners-MacBook-Pro-2.local.log', 'pause': False, 'production': False, 'text_ui': True, 'loglevel': 15, 'consoleloglevel': 20, 'force_platform': None, 'syslog_address': None, 'mc_file_name': None, 'no_sound': False}
2023-04-01 11:28:57,370 : INFO : Machine : MPF path: /Users/tpetch/.local/pipx/venvs/mpf/lib/python3.9/site-packages/mpf
2023-04-01 11:28:57,370 : INFO : Machine : Machine path: /Users/tpetch/Documents/trashland_3
2023-04-01 11:28:57,370 : INFO : Machine : Platform: darwin
2023-04-01 11:28:57,370 : INFO : Machine : Python executable location: /Users/tpetch/.local/pipx/venvs/mpf/bin/python
2023-04-01 11:28:57,370 : INFO : Machine : Python version: 3.9.13 (64-bit)
2023-04-01 11:28:57,376 : INFO : Machine : Initialise MPF.
2023-04-01 11:28:57,432 : INFO : [NET] : Trying to connect to /dev/tty.usbmodem141401 at 921600bps
2023-04-01 11:28:57,438 : INFO : [NET] : Connected to /dev/tty.usbmodem141401 at 921600bps
2023-04-01 11:28:57,451 : INFO : [NET] : Connected to FP-CPU-2000 with firmware v02.06
2023-04-01 11:28:57,451 : INFO : EventManager : Event: ======'machine_var_fast_net_firmware'====== Args={'value': '02.06', 'prev_value': None, 'change': True}
2023-04-01 11:28:57,452 : INFO : EventManager : Event: ======'machine_var_fast_net_model'====== Args={'value': 'FP-CPU-2000', 'prev_value': None, 'change': True}
2023-04-01 11:28:57,454 : INFO : [NET] : Registered I/O Board 0: Model: FP-I/O-0804, Firmware: 01.09, Switches: 8, Drivers: 4
2023-04-01 11:28:57,455 : INFO : [NET] : Registered I/O Board 1: Model: FP-I/O-0804, Firmware: 01.09, Switches: 8, Drivers: 4
2023-04-01 11:28:57,457 : INFO : [NET] : Registered I/O Board 2: Model: FP-I/O-3208, Firmware: 01.09, Switches: 32, Drivers: 8
2023-04-01 11:28:57,458 : INFO : [NET] : Registered I/O Board 3: Model: FP-I/O-1616, Firmware: 01.09, Switches: 16, Drivers: 16
2023-04-01 11:28:57,459 : INFO : [NET] : Registered I/O Board 4: Model: FP-I/O-3208, Firmware: 01.09, Switches: 32, Drivers: 8
2023-04-01 11:28:57,462 : INFO : [EXP] : Trying to connect to /dev/tty.usbmodem141403 at 921600bps
2023-04-01 11:28:57,467 : INFO : [EXP] : Connected to /dev/tty.usbmodem141403 at 921600bps
2023-04-01 11:28:57,473 : INFO : EventManager : Event: ======'machine_var_credits_string'====== Args={'value': 'FREE PLAY', 'prev_value': None, 'change': True}
2023-04-01 11:28:57,497 : INFO : EventManager : Event: ======'machine_var_master_volume'====== Args={'value': 0.5, 'prev_value': None, 'change': True}
2023-04-01 11:28:57,497 : INFO : EventManager : Event: ======'machine_var_mpf_version'====== Args={'value': 'MPF v0.56.1.dev4', 'prev_value': None, 'change': True}
2023-04-01 11:28:57,498 : INFO : EventManager : Event: ======'machine_var_mpf_extended_version'====== Args={'value': 'MPF v0.56.1.dev4, Config version:5, Show version: 5, BCP version:1.1', 'prev_value': None, 'change': True}
2023-04-01 11:28:57,498 : INFO : EventManager : Event: ======'machine_var_python_version'====== Args={'value': '3.9.13', 'prev_value': None, 'change': True}
2023-04-01 11:28:57,508 : INFO : EventManager : Event: ======'machine_var_platform'====== Args={'value': 'macOS-10.16-x86_64-i386-64bit', 'prev_value': None, 'change': True}
2023-04-01 11:28:57,509 : INFO : EventManager : Event: ======'machine_var_platform_system'====== Args={'value': 'Darwin', 'prev_value': None, 'change': True}
2023-04-01 11:28:57,509 : INFO : EventManager : Event: ======'machine_var_platform_release'====== Args={'value': '22.2.0', 'prev_value': None, 'change': True}
2023-04-01 11:28:57,509 : INFO : EventManager : Event: ======'machine_var_platform_version'====== Args={'value': 'Darwin Kernel Version 22.2.0: Fri Nov 11 02:08:47 PST 2022; root:xnu-8792.61.2~4/RELEASE_X86_64', 'prev_value': None, 'change': True}
2023-04-01 11:28:57,509 : INFO : EventManager : Event: ======'machine_var_platform_machine'====== Args={'value': 'x86_64', 'prev_value': None, 'change': True}
2023-04-01 11:28:57,509 : INFO : EventManager : Event: ======'init_phase_1'====== Args={}
2023-04-01 11:28:57,578 : INFO : EventManager : Event: ======'init_phase_2'====== Args={}
2023-04-01 11:28:57,579 : INFO : SwitchController : Found active switch: (('1D', 0), <Platform.FAST>) <switch.s_trough_1>
2023-04-01 11:28:57,579 : INFO : SwitchController : Found active switch: (('1C', 0), <Platform.FAST>) <switch.s_trough_2>
2023-04-01 11:28:57,579 : INFO : SwitchController : Found active switch: (('1B', 0), <Platform.FAST>) <switch.s_trough_3>
2023-04-01 11:28:57,579 : INFO : SwitchController : Found active switch: (('1A', 0), <Platform.FAST>) <switch.s_trough_4>
2023-04-01 11:28:57,579 : INFO : SwitchController : Found active switch: (('19', 0), <Platform.FAST>) <switch.s_trough_5>
2023-04-01 11:28:57,579 : INFO : SwitchController : Found active switch: (('18', 0), <Platform.FAST>) <switch.s_trough_6>
2023-04-01 11:28:57,579 : INFO : SwitchController : Found active switch: (('34', 0), <Platform.FAST>) <switch.s_drop_scoop>
2023-04-01 11:28:57,579 : INFO : SwitchController : Found active switch: (('35', 0), <Platform.FAST>) <switch.s_drop_mid_left>
2023-04-01 11:28:57,579 : INFO : SwitchController : Found active switch: (('36', 0), <Platform.FAST>) <switch.s_drop_mid_center>
2023-04-01 11:28:57,579 : INFO : SwitchController : Found active switch: (('37', 0), <Platform.FAST>) <switch.s_drop_mid_right>
2023-04-01 11:28:57,579 : INFO : SwitchController : Found active switch: (('40', 0), <Platform.FAST>) <switch.s_b_eos>
2023-04-01 11:28:57,585 : INFO : ball_device.bd_vuk_back : BCH: Initial count: 0
2023-04-01 11:28:57,586 : INFO : ball_device.bd_vuk_back : State: idle
2023-04-01 11:28:57,586 : INFO : ball_device.bd_vuk_right : BCH: Initial count: 0
2023-04-01 11:28:57,586 : INFO : ball_device.bd_vuk_right : State: idle
2023-04-01 11:28:57,587 : INFO : ball_device.bd_b_lock : BCH: Initial count: 0
2023-04-01 11:28:57,587 : INFO : ball_device.bd_b_lock : State: idle
2023-04-01 11:28:57,587 : INFO : ball_device.bd_vuk_bot : BCH: Initial count: 0
2023-04-01 11:28:57,588 : INFO : ball_device.bd_vuk_bot : State: idle
2023-04-01 11:28:57,588 : INFO : ball_device.bd_trough : BCH: Initial count: 5
2023-04-01 11:28:57,588 : INFO : ball_device.bd_trough : State: idle
2023-04-01 11:28:57,589 : INFO : ball_device.bd_plunger : BCH: Initial count: 0
2023-04-01 11:28:57,589 : INFO : ball_device.bd_plunger : State: idle
2023-04-01 11:28:57,605 : INFO : EventManager : Event: ======'init_phase_3'====== Args={}
2023-04-01 11:28:57,611 : INFO : EventManager : Event: ======'init_phase_4'====== Args={}
2023-04-01 11:28:57,611 : INFO : BallController : Initial balls found: 5
2023-04-01 11:28:57,614 : INFO : EventManager : Event: ======'machine_var_audits_events_game_ended'====== Args={'value': 0, 'prev_value': None, 'change': True}
2023-04-01 11:28:57,615 : INFO : EventManager : Event: ======'machine_var_audits_events_game_started'====== Args={'value': 7, 'prev_value': None, 'change': True}
2023-04-01 11:28:57,615 : INFO : EventManager : Event: ======'machine_var_audits_player_score'====== Args={'value': {'average': 0, 'top': [], 'total': 0}, 'prev_value': None, 'change': True}
2023-04-01 11:28:57,615 : INFO : EventManager : Event: ======'machine_var_audits_switches_s_autolauncher'====== Args={'value': 12, 'prev_value': None, 'change': True}
2023-04-01 11:28:57,615 : INFO : EventManager : Event: ======'machine_var_audits_switches_s_b_eos'====== Args={'value': 139, 'prev_value': None, 'change': True}
2023-04-01 11:28:57,615 : INFO : EventManager : Event: ======'machine_var_audits_switches_s_b_pop'====== Args={'value': 32, 'prev_value': None, 'change': True}
2023-04-01 11:28:57,615 : INFO : EventManager : Event: ======'machine_var_audits_switches_s_b_rollover_interchange'====== Args={'value': 2, 'prev_value': None, 'change': True}
2023-04-01 11:28:57,615 : INFO : EventManager : Event: ======'machine_var_audits_switches_s_b_rollover_loop'====== Args={'value': 1, 'prev_value': None, 'change': True}
2023-04-01 11:28:57,615 : INFO : EventManager : Event: ======'machine_var_audits_switches_s_b_rollover_misc'====== Args={'value': 2, 'prev_value': None, 'change': True}
2023-04-01 11:28:57,616 : INFO : EventManager : Event: ======'machine_var_audits_switches_s_b_target_left'====== Args={'value': 1, 'prev_value': None, 'change': True}
2023-04-01 11:28:57,616 : INFO : EventManager : Event: ======'machine_var_audits_switches_s_b_target_right'====== Args={'value': 2, 'prev_value': None, 'change': True}
2023-04-01 11:28:57,616 : INFO : EventManager : Event: ======'machine_var_audits_switches_s_drop_mid_center'====== Args={'value': 0, 'prev_value': None, 'change': True}
2023-04-01 11:28:57,616 : INFO : EventManager : Event: ======'machine_var_audits_switches_s_drop_mid_left'====== Args={'value': 0, 'prev_value': None, 'change': True}
2023-04-01 11:28:57,616 : INFO : EventManager : Event: ======'machine_var_audits_switches_s_drop_mid_right'====== Args={'value': 0, 'prev_value': None, 'change': True}
2023-04-01 11:28:57,616 : INFO : EventManager : Event: ======'machine_var_audits_switches_s_drop_right_left'====== Args={'value': 0, 'prev_value': None, 'change': True}
2023-04-01 11:28:57,616 : INFO : EventManager : Event: ======'machine_var_audits_switches_s_drop_right_right'====== Args={'value': 0, 'prev_value': None, 'change': True}
2023-04-01 11:28:57,616 : INFO : EventManager : Event: ======'machine_var_audits_switches_s_drop_scoop'====== Args={'value': 0, 'prev_value': None, 'change': True}
2023-04-01 11:28:57,617 : INFO : EventManager : Event: ======'machine_var_audits_switches_s_drop_single'====== Args={'value': 1, 'prev_value': None, 'change': True}
2023-04-01 11:28:57,617 : INFO : EventManager : Event: ======'machine_var_audits_switches_s_flip_left_eos'====== Args={'value': 997, 'prev_value': None, 'change': True}
2023-04-01 11:28:57,617 : INFO : EventManager : Event: ======'machine_var_audits_switches_s_flip_left_top_eos'====== Args={'value': 61, 'prev_value': None, 'change': True}
2023-04-01 11:28:57,617 : INFO : EventManager : Event: ======'machine_var_audits_switches_s_flip_right_eos'====== Args={'value': 140, 'prev_value': None, 'change': True}
2023-04-01 11:28:57,617 : INFO : EventManager : Event: ======'machine_var_audits_switches_s_inlane_left'====== Args={'value': 0, 'prev_value': None, 'change': True}
2023-04-01 11:28:57,617 : INFO : EventManager : Event: ======'machine_var_audits_switches_s_inlane_right'====== Args={'value': 1, 'prev_value': None, 'change': True}
2023-04-01 11:28:57,617 : INFO : EventManager : Event: ======'machine_var_audits_switches_s_l_rollover'====== Args={'value': 1, 'prev_value': None, 'change': True}
2023-04-01 11:28:57,617 : INFO : EventManager : Event: ======'machine_var_audits_switches_s_l_target_far'====== Args={'value': 1, 'prev_value': None, 'change': True}
2023-04-01 11:28:57,618 : INFO : EventManager : Event: ======'machine_var_audits_switches_s_l_target_large'====== Args={'value': 1, 'prev_value': None, 'change': True}
2023-04-01 11:28:57,618 : INFO : EventManager : Event: ======'machine_var_audits_switches_s_l_target_left'====== Args={'value': 2, 'prev_value': None, 'change': True}
2023-04-01 11:28:57,618 : INFO : EventManager : Event: ======'machine_var_audits_switches_s_l_target_right'====== Args={'value': 1, 'prev_value': None, 'change': True}
2023-04-01 11:28:57,618 : INFO : EventManager : Event: ======'machine_var_audits_switches_s_l_vuk'====== Args={'value': 5, 'prev_value': None, 'change': True}
2023-04-01 11:28:57,618 : INFO : EventManager : Event: ======'machine_var_audits_switches_s_launch'====== Args={'value': 20, 'prev_value': None, 'change': True}
2023-04-01 11:28:57,618 : INFO : EventManager : Event: ======'machine_var_audits_switches_s_left_flipper_1'====== Args={'value': 73, 'prev_value': None, 'change': True}
2023-04-01 11:28:57,619 : INFO : EventManager : Event: ======'machine_var_audits_switches_s_left_flipper_2'====== Args={'value': 121, 'prev_value': None, 'change': True}
2023-04-01 11:28:57,619 : INFO : EventManager : Event: ======'machine_var_audits_switches_s_lock_1'====== Args={'value': 1, 'prev_value': None, 'change': True}
2023-04-01 11:28:57,619 : INFO : EventManager : Event: ======'machine_var_audits_switches_s_lock_2'====== Args={'value': 1, 'prev_value': None, 'change': True}
2023-04-01 11:28:57,619 : INFO : EventManager : Event: ======'machine_var_audits_switches_s_lock_3'====== Args={'value': 1, 'prev_value': None, 'change': True}
2023-04-01 11:28:57,619 : INFO : EventManager : Event: ======'machine_var_audits_switches_s_outlane_left'====== Args={'value': 0, 'prev_value': None, 'change': True}
2023-04-01 11:28:57,619 : INFO : EventManager : Event: ======'machine_var_audits_switches_s_outlane_right'====== Args={'value': 1, 'prev_value': None, 'change': True}
2023-04-01 11:28:57,619 : INFO : EventManager : Event: ======'machine_var_audits_switches_s_pop_left'====== Args={'value': 8, 'prev_value': None, 'change': True}
2023-04-01 11:28:57,620 : INFO : EventManager : Event: ======'machine_var_audits_switches_s_pop_lower'====== Args={'value': 21, 'prev_value': None, 'change': True}
2023-04-01 11:28:57,620 : INFO : EventManager : Event: ======'machine_var_audits_switches_s_pop_right'====== Args={'value': 19, 'prev_value': None, 'change': True}
2023-04-01 11:28:57,620 : INFO : EventManager : Event: ======'machine_var_audits_switches_s_right_flipper_1'====== Args={'value': 178, 'prev_value': None, 'change': True}
2023-04-01 11:28:57,620 : INFO : EventManager : Event: ======'machine_var_audits_switches_s_right_flipper_2'====== Args={'value': 541, 'prev_value': None, 'change': True}
2023-04-01 11:28:57,620 : INFO : EventManager : Event: ======'machine_var_audits_switches_s_rollover_left'====== Args={'value': 23, 'prev_value': None, 'change': True}
2023-04-01 11:28:57,620 : INFO : EventManager : Event: ======'machine_var_audits_switches_s_rollover_right'====== Args={'value': 480, 'prev_value': None, 'change': True}
2023-04-01 11:28:57,621 : INFO : EventManager : Event: ======'machine_var_audits_switches_s_sling_left'====== Args={'value': 2, 'prev_value': None, 'change': True}
2023-04-01 11:28:57,621 : INFO : EventManager : Event: ======'machine_var_audits_switches_s_sling_right'====== Args={'value': 6, 'prev_value': None, 'change': True}
2023-04-01 11:28:57,621 : INFO : EventManager : Event: ======'machine_var_audits_switches_s_start'====== Args={'value': 5, 'prev_value': None, 'change': True}
2023-04-01 11:28:57,622 : INFO : EventManager : Event: ======'machine_var_audits_switches_s_tilt'====== Args={'value': 1, 'prev_value': None, 'change': True}
2023-04-01 11:28:57,622 : INFO : EventManager : Event: ======'machine_var_audits_switches_s_trough_1'====== Args={'value': 0, 'prev_value': None, 'change': True}
2023-04-01 11:28:57,622 : INFO : EventManager : Event: ======'machine_var_audits_switches_s_trough_2'====== Args={'value': 6, 'prev_value': None, 'change': True}
2023-04-01 11:28:57,622 : INFO : EventManager : Event: ======'machine_var_audits_switches_s_trough_3'====== Args={'value': 4, 'prev_value': None, 'change': True}
2023-04-01 11:28:57,622 : INFO : EventManager : Event: ======'machine_var_audits_switches_s_trough_4'====== Args={'value': 4, 'prev_value': None, 'change': True}
2023-04-01 11:28:57,623 : INFO : EventManager : Event: ======'machine_var_audits_switches_s_trough_5'====== Args={'value': 4, 'prev_value': None, 'change': True}
2023-04-01 11:28:57,623 : INFO : EventManager : Event: ======'machine_var_audits_switches_s_trough_6'====== Args={'value': 4, 'prev_value': None, 'change': True}
2023-04-01 11:28:57,623 : INFO : EventManager : Event: ======'machine_var_audits_switches_s_trough_jam'====== Args={'value': 10, 'prev_value': None, 'change': True}
2023-04-01 11:28:57,623 : INFO : EventManager : Event: ======'machine_var_audits_switches_s_vuk_back'====== Args={'value': 10, 'prev_value': None, 'change': True}
2023-04-01 11:28:57,623 : INFO : EventManager : Event: ======'machine_var_audits_switches_s_vuk_right'====== Args={'value': 0, 'prev_value': None, 'change': True}
2023-04-01 11:28:57,624 : INFO : EventManager : Event: ======'machine_var_audits_switches_s_u_rollover'====== Args={'value': 0, 'prev_value': None, 'change': True}
2023-04-01 11:28:57,624 : INFO : EventManager : Event: ======'machine_var_audits_switches_s_u_target'====== Args={'value': 0, 'prev_value': None, 'change': True}
2023-04-01 11:28:57,624 : INFO : EventManager : Event: ======'machine_var_audits_switches_s_u_lane_r'====== Args={'value': 0, 'prev_value': None, 'change': True}
2023-04-01 11:28:57,624 : INFO : EventManager : Event: ======'machine_var_audits_switches_s_u_lane_l'====== Args={'value': 0, 'prev_value': None, 'change': True}
2023-04-01 11:28:57,641 : INFO : EventManager : Event: ======'init_phase_5'====== Args={}
2023-04-01 11:28:57,641 : INFO : EventManager : Event: ======'init_done'====== Args={}
2023-04-01 11:28:57,642 : INFO : EventManager : Event: ======'machine_reset_phase_1'====== Args={}
2023-04-01 11:28:57,643 : INFO : EventManager : Event: ======'machine_reset_phase_2'====== Args={}
2023-04-01 11:28:57,643 : INFO : EventManager : Event: ======'machine_reset_phase_3'====== Args={}
2023-04-01 11:28:57,645 : INFO : EventManager : Event: ======'reset_complete'====== Args={}
2023-04-01 11:28:57,645 : INFO : EventManager : Event: ======'mode_attract_will_start'====== Args={}
2023-04-01 11:28:57,646 : INFO : EventManager : Event: ======'mode_attract_starting'====== Args={}
2023-04-01 11:28:57,646 : INFO : Mode.attract : Started. Priority: 10
2023-04-01 11:28:57,646 : INFO : EventManager : Event: ======'modes_active_modes_changed'====== Args={}
2023-04-01 11:28:57,646 : INFO : EventManager : Event: ======'mode_attract_started'====== Args={}
2023-04-01 11:28:57,646 : INFO : EventManager : Event: ======'collecting_balls_complete'====== Args={}
2023-04-01 11:28:57,647 : INFO : Machine : Starting the main run loop.
2023-04-01 11:28:59,630 : INFO : SwitchController : <<<<<<< 's_left_flipper_1' active >>>>>>>
2023-04-01 11:28:59,633 : INFO : SwitchController : <<<<<<< 's_left_flipper_2' active >>>>>>>
2023-04-01 11:28:59,636 : INFO : SwitchController : <<<<<<< 's_left_flipper_2' inactive >>>>>>>
2023-04-01 11:28:59,636 : INFO : SwitchController : <<<<<<< 's_flip_left_eos' active >>>>>>>
2023-04-01 11:28:59,651 : INFO : SwitchController : <<<<<<< 's_left_flipper_2' active >>>>>>>
2023-04-01 11:28:59,651 : INFO : SwitchController : <<<<<<< 's_left_flipper_2' inactive >>>>>>>
2023-04-01 11:28:59,652 : INFO : SwitchController : <<<<<<< 's_flip_left_top_eos' active >>>>>>>
2023-04-01 11:28:59,653 : INFO : SwitchController : <<<<<<< 's_left_flipper_2' active >>>>>>>
2023-04-01 11:28:59,675 : INFO : SwitchController : <<<<<<< 's_left_flipper_2' inactive >>>>>>>
2023-04-01 11:28:59,676 : INFO : SwitchController : <<<<<<< 's_left_flipper_2' active >>>>>>>
2023-04-01 11:28:59,746 : INFO : SwitchController : <<<<<<< 's_left_flipper_2' inactive >>>>>>>
2023-04-01 11:28:59,752 : INFO : SwitchController : <<<<<<< 's_left_flipper_2' active >>>>>>>
2023-04-01 11:28:59,755 : INFO : SwitchController : <<<<<<< 's_left_flipper_2' inactive >>>>>>>
2023-04-01 11:28:59,766 : INFO : SwitchController : <<<<<<< 's_left_flipper_2' active >>>>>>>
2023-04-01 11:28:59,766 : INFO : SwitchController : <<<<<<< 's_left_flipper_2' inactive >>>>>>>
2023-04-01 11:28:59,787 : INFO : SwitchController : <<<<<<< 's_left_flipper_2' active >>>>>>>
2023-04-01 11:28:59,788 : INFO : SwitchController : <<<<<<< 's_left_flipper_2' inactive >>>>>>>
2023-04-01 11:28:59,788 : INFO : SwitchController : <<<<<<< 's_left_flipper_2' active >>>>>>>
2023-04-01 11:28:59,791 : INFO : SwitchController : <<<<<<< 's_left_flipper_2' inactive >>>>>>>
2023-04-01 11:28:59,797 : INFO : SwitchController : <<<<<<< 's_left_flipper_1' inactive >>>>>>>
2023-04-01 11:28:59,887 : INFO : SwitchController : <<<<<<< 's_flip_left_top_eos' inactive >>>>>>>
2023-04-01 11:28:59,926 : INFO : SwitchController : <<<<<<< 's_flip_left_eos' inactive >>>>>>>
2023-04-01 11:28:59,929 : INFO : SwitchController : <<<<<<< 's_flip_left_eos' active >>>>>>>
2023-04-01 11:28:59,931 : INFO : SwitchController : <<<<<<< 's_flip_left_eos' inactive >>>>>>>
2023-04-01 11:28:59,974 : INFO : SwitchController : <<<<<<< 's_flip_left_eos' active >>>>>>>
2023-04-01 11:28:59,976 : INFO : SwitchController : <<<<<<< 's_flip_left_eos' inactive >>>>>>>
2023-04-01 11:29:00,019 : INFO : SwitchController : <<<<<<< 's_flip_left_eos' active >>>>>>>
2023-04-01 11:29:00,021 : INFO : SwitchController : <<<<<<< 's_left_flipper_1' active >>>>>>>
2023-04-01 11:29:00,021 : INFO : SwitchController : <<<<<<< 's_flip_left_eos' inactive >>>>>>>
2023-04-01 11:29:00,027 : INFO : SwitchController : <<<<<<< 's_left_flipper_2' active >>>>>>>
2023-04-01 11:29:00,027 : INFO : SwitchController : <<<<<<< 's_flip_left_eos' active >>>>>>>
2023-04-01 11:29:00,039 : INFO : SwitchController : <<<<<<< 's_left_flipper_2' inactive >>>>>>>
2023-04-01 11:29:00,040 : INFO : SwitchController : <<<<<<< 's_left_flipper_2' active >>>>>>>
2023-04-01 11:29:00,040 : INFO : SwitchController : <<<<<<< 's_flip_left_top_eos' active >>>>>>>
2023-04-01 11:29:00,043 : INFO : SwitchController : <<<<<<< 's_left_flipper_2' inactive >>>>>>>
2023-04-01 11:29:00,059 : INFO : SwitchController : <<<<<<< 's_left_flipper_2' active >>>>>>>
2023-04-01 11:29:00,093 : INFO : SwitchController : <<<<<<< 's_left_flipper_2' inactive >>>>>>>
2023-04-01 11:29:00,094 : INFO : SwitchController : <<<<<<< 's_left_flipper_2' active >>>>>>>
2023-04-01 11:29:00,094 : INFO : SwitchController : <<<<<<< 's_left_flipper_2' inactive >>>>>>>
2023-04-01 11:29:00,094 : INFO : SwitchController : <<<<<<< 's_left_flipper_2' active >>>>>>>
2023-04-01 11:29:00,169 : INFO : SwitchController : <<<<<<< 's_left_flipper_2' inactive >>>>>>>
2023-04-01 11:29:00,174 : INFO : SwitchController : <<<<<<< 's_left_flipper_2' active >>>>>>>
2023-04-01 11:29:00,177 : INFO : SwitchController : <<<<<<< 's_left_flipper_2' inactive >>>>>>>
2023-04-01 11:29:00,189 : INFO : SwitchController : <<<<<<< 's_left_flipper_2' active >>>>>>>
2023-04-01 11:29:00,189 : INFO : SwitchController : <<<<<<< 's_left_flipper_2' inactive >>>>>>>
2023-04-01 11:29:00,209 : INFO : SwitchController : <<<<<<< 's_left_flipper_2' active >>>>>>>
2023-04-01 11:29:00,209 : INFO : SwitchController : <<<<<<< 's_left_flipper_2' inactive >>>>>>>
2023-04-01 11:29:00,213 : INFO : SwitchController : <<<<<<< 's_left_flipper_1' inactive >>>>>>>
2023-04-01 11:29:00,305 : INFO : SwitchController : <<<<<<< 's_flip_left_top_eos' inactive >>>>>>>
2023-04-01 11:29:00,337 : INFO : SwitchController : <<<<<<< 's_flip_left_eos' inactive >>>>>>>
2023-04-01 11:29:00,339 : INFO : SwitchController : <<<<<<< 's_flip_left_eos' active >>>>>>>
2023-04-01 11:29:00,342 : INFO : SwitchController : <<<<<<< 's_flip_left_eos' inactive >>>>>>>
2023-04-01 11:29:00,358 : INFO : SwitchController : <<<<<<< 's_flip_left_eos' active >>>>>>>
2023-04-01 11:29:00,358 : INFO : SwitchController : <<<<<<< 's_flip_left_eos' inactive >>>>>>>
2023-04-01 11:29:00,389 : INFO : SwitchController : <<<<<<< 's_flip_left_eos' active >>>>>>>
2023-04-01 11:29:00,393 : INFO : SwitchController : <<<<<<< 's_flip_left_eos' inactive >>>>>>>
2023-04-01 11:29:00,438 : INFO : SwitchController : <<<<<<< 's_left_flipper_1' active >>>>>>>
2023-04-01 11:29:00,444 : INFO : SwitchController : <<<<<<< 's_flip_left_eos' active >>>>>>>
2023-04-01 11:29:00,446 : INFO : SwitchController : <<<<<<< 's_flip_left_eos' inactive >>>>>>>
2023-04-01 11:29:00,447 : INFO : SwitchController : <<<<<<< 's_left_flipper_2' active >>>>>>>
2023-04-01 11:29:00,458 : INFO : SwitchController : <<<<<<< 's_flip_left_eos' active >>>>>>>
2023-04-01 11:29:00,458 : INFO : SwitchController : <<<<<<< 's_left_flipper_2' inactive >>>>>>>
2023-04-01 11:29:00,458 : INFO : SwitchController : <<<<<<< 's_flip_left_eos' inactive >>>>>>>
2023-04-01 11:29:00,458 : INFO : SwitchController : <<<<<<< 's_flip_left_eos' active >>>>>>>
2023-04-01 11:29:00,458 : INFO : SwitchController : <<<<<<< 's_flip_left_top_eos' active >>>>>>>
2023-04-01 11:29:00,477 : INFO : SwitchController : <<<<<<< 's_left_flipper_2' active >>>>>>>
2023-04-01 11:29:00,532 : INFO : SwitchController : <<<<<<< 's_left_flipper_2' inactive >>>>>>>
2023-04-01 11:29:00,598 : INFO : SwitchController : <<<<<<< 's_left_flipper_2' active >>>>>>>
2023-04-01 11:29:00,646 : INFO : SwitchController : <<<<<<< 's_left_flipper_2' inactive >>>>>>>
2023-04-01 11:29:00,649 : INFO : SwitchController : <<<<<<< 's_left_flipper_2' active >>>>>>>
2023-04-01 11:29:00,680 : INFO : SwitchController : <<<<<<< 's_left_flipper_2' inactive >>>>>>>
2023-04-01 11:29:00,701 : INFO : SwitchController : <<<<<<< 's_left_flipper_2' active >>>>>>>
2023-04-01 11:29:00,707 : INFO : SwitchController : <<<<<<< 's_left_flipper_2' inactive >>>>>>>
2023-04-01 11:29:00,711 : INFO : SwitchController : <<<<<<< 's_left_flipper_2' active >>>>>>>
2023-04-01 11:29:00,730 : INFO : SwitchController : <<<<<<< 's_left_flipper_2' inactive >>>>>>>
2023-04-01 11:29:00,764 : INFO : SwitchController : <<<<<<< 's_left_flipper_2' active >>>>>>>
2023-04-01 11:29:00,768 : INFO : SwitchController : <<<<<<< 's_left_flipper_2' inactive >>>>>>>
2023-04-01 11:29:00,772 : INFO : SwitchController : <<<<<<< 's_left_flipper_2' active >>>>>>>
2023-04-01 11:29:00,783 : INFO : SwitchController : <<<<<<< 's_left_flipper_2' inactive >>>>>>>
2023-04-01 11:29:00,789 : INFO : SwitchController : <<<<<<< 's_left_flipper_1' inactive >>>>>>>
2023-04-01 11:29:00,879 : INFO : SwitchController : <<<<<<< 's_flip_left_top_eos' inactive >>>>>>>
2023-04-01 11:29:00,907 : INFO : SwitchController : <<<<<<< 's_flip_left_eos' inactive >>>>>>>
2023-04-01 11:29:00,909 : INFO : SwitchController : <<<<<<< 's_flip_left_eos' active >>>>>>>
2023-04-01 11:29:00,927 : INFO : SwitchController : <<<<<<< 's_flip_left_eos' inactive >>>>>>>
2023-04-01 11:29:00,928 : INFO : SwitchController : <<<<<<< 's_flip_left_eos' active >>>>>>>
2023-04-01 11:29:00,928 : INFO : SwitchController : <<<<<<< 's_flip_left_eos' inactive >>>>>>>
2023-04-01 11:29:00,928 : INFO : SwitchController : <<<<<<< 's_flip_left_eos' active >>>>>>>
2023-04-01 11:29:00,928 : INFO : SwitchController : <<<<<<< 's_flip_left_eos' inactive >>>>>>>
2023-04-01 11:29:00,964 : INFO : SwitchController : <<<<<<< 's_flip_left_eos' active >>>>>>>
2023-04-01 11:29:00,972 : INFO : SwitchController : <<<<<<< 's_flip_left_eos' inactive >>>>>>>
2023-04-01 11:29:01,531 : INFO : SwitchController : <<<<<<< 's_left_flipper_1' active >>>>>>>
2023-04-01 11:29:01,553 : INFO : SwitchController : <<<<<<< 's_flip_left_eos' active >>>>>>>
2023-04-01 11:29:01,553 : INFO : SwitchController : <<<<<<< 's_left_flipper_2' active >>>>>>>
2023-04-01 11:29:01,553 : INFO : SwitchController : <<<<<<< 's_flip_left_eos' inactive >>>>>>>
2023-04-01 11:29:01,553 : INFO : SwitchController : <<<<<<< 's_flip_left_top_eos' active >>>>>>>
2023-04-01 11:29:01,553 : INFO : SwitchController : <<<<<<< 's_flip_left_eos' active >>>>>>>
2023-04-01 11:29:01,555 : INFO : SwitchController : <<<<<<< 's_left_flipper_2' inactive >>>>>>>
2023-04-01 11:29:01,572 : INFO : SwitchController : <<<<<<< 's_left_flipper_2' active >>>>>>>
2023-04-01 11:29:01,575 : INFO : SwitchController : <<<<<<< 's_left_flipper_2' inactive >>>>>>>
2023-04-01 11:29:01,592 : INFO : SwitchController : <<<<<<< 's_left_flipper_2' active >>>>>>>
2023-04-01 11:29:01,616 : INFO : SwitchController : <<<<<<< 's_left_flipper_2' inactive >>>>>>>
2023-04-01 11:29:01,616 : INFO : SwitchController : <<<<<<< 's_left_flipper_2' active >>>>>>>
2023-04-01 11:29:01,753 : INFO : SwitchController : <<<<<<< 's_left_flipper_2' inactive >>>>>>>
2023-04-01 11:29:01,755 : INFO : SwitchController : <<<<<<< 's_left_flipper_2' active >>>>>>>
2023-04-01 11:29:01,790 : INFO : SwitchController : <<<<<<< 's_left_flipper_2' inactive >>>>>>>
2023-04-01 11:29:01,810 : INFO : SwitchController : <<<<<<< 's_left_flipper_2' active >>>>>>>
2023-04-01 11:29:01,811 : INFO : SwitchController : <<<<<<< 's_left_flipper_2' inactive >>>>>>>
2023-04-01 11:29:01,811 : INFO : SwitchController : <<<<<<< 's_left_flipper_2' active >>>>>>>
2023-04-01 11:29:01,838 : INFO : SwitchController : <<<<<<< 's_left_flipper_2' inactive >>>>>>>
2023-04-01 11:29:01,878 : INFO : SwitchController : <<<<<<< 's_left_flipper_2' active >>>>>>>
2023-04-01 11:29:01,880 : INFO : SwitchController : <<<<<<< 's_left_flipper_2' inactive >>>>>>>
2023-04-01 11:29:01,900 : INFO : SwitchController : <<<<<<< 's_left_flipper_2' active >>>>>>>
2023-04-01 11:29:01,904 : INFO : SwitchController : <<<<<<< 's_left_flipper_2' inactive >>>>>>>
2023-04-01 11:29:01,920 : INFO : SwitchController : <<<<<<< 's_left_flipper_1' inactive >>>>>>>
2023-04-01 11:29:01,921 : INFO : SwitchController : <<<<<<< 's_left_flipper_2' active >>>>>>>
2023-04-01 11:29:01,923 : INFO : SwitchController : <<<<<<< 's_left_flipper_2' inactive >>>>>>>
2023-04-01 11:29:02,004 : INFO : SwitchController : <<<<<<< 's_flip_left_top_eos' inactive >>>>>>>
2023-04-01 11:29:02,032 : INFO : SwitchController : <<<<<<< 's_flip_left_eos' inactive >>>>>>>
2023-04-01 11:29:02,034 : INFO : SwitchController : <<<<<<< 's_flip_left_eos' active >>>>>>>
2023-04-01 11:29:02,036 : INFO : SwitchController : <<<<<<< 's_flip_left_eos' inactive >>>>>>>
2023-04-01 11:29:02,038 : INFO : SwitchController : <<<<<<< 's_flip_left_eos' active >>>>>>>
2023-04-01 11:29:02,041 : INFO : SwitchController : <<<<<<< 's_flip_left_eos' inactive >>>>>>>
2023-04-01 11:29:02,086 : INFO : SwitchController : <<<<<<< 's_flip_left_eos' active >>>>>>>
2023-04-01 11:29:02,089 : INFO : SwitchController : <<<<<<< 's_flip_left_eos' inactive >>>>>>>
2023-04-01 11:29:05,418 : INFO : BcpServer : New client connected.
2023-04-01 11:29:06,734 : INFO : SwitchController : <<<<<<< 's_left_flipper_1' active >>>>>>>
2023-04-01 11:29:06,742 : INFO : SwitchController : <<<<<<< 's_left_flipper_2' active >>>>>>>
2023-04-01 11:29:06,755 : INFO : SwitchController : <<<<<<< 's_left_flipper_2' inactive >>>>>>>
2023-04-01 11:29:06,755 : INFO : SwitchController : <<<<<<< 's_flip_left_eos' active >>>>>>>
2023-04-01 11:29:06,755 : INFO : SwitchController : <<<<<<< 's_flip_left_top_eos' active >>>>>>>
2023-04-01 11:29:06,758 : INFO : SwitchController : <<<<<<< 's_left_flipper_2' active >>>>>>>
2023-04-01 11:29:06,774 : INFO : SwitchController : <<<<<<< 's_left_flipper_2' inactive >>>>>>>
2023-04-01 11:29:06,775 : INFO : SwitchController : <<<<<<< 's_left_flipper_2' active >>>>>>>
2023-04-01 11:29:06,798 : INFO : SwitchController : <<<<<<< 's_left_flipper_2' inactive >>>>>>>
2023-04-01 11:29:06,800 : INFO : SwitchController : <<<<<<< 's_left_flipper_2' active >>>>>>>
2023-04-01 11:29:06,818 : INFO : SwitchController : <<<<<<< 's_left_flipper_2' inactive >>>>>>>
2023-04-01 11:29:06,878 : INFO : SwitchController : <<<<<<< 's_left_flipper_2' active >>>>>>>
2023-04-01 11:29:06,887 : INFO : SwitchController : <<<<<<< 's_left_flipper_2' inactive >>>>>>>
2023-04-01 11:29:06,899 : INFO : SwitchController : <<<<<<< 's_left_flipper_2' active >>>>>>>
2023-04-01 11:29:06,899 : INFO : SwitchController : <<<<<<< 's_left_flipper_2' inactive >>>>>>>
2023-04-01 11:29:06,901 : INFO : SwitchController : <<<<<<< 's_left_flipper_2' active >>>>>>>
2023-04-01 11:29:06,903 : INFO : SwitchController : <<<<<<< 's_left_flipper_2' inactive >>>>>>>
2023-04-01 11:29:06,922 : INFO : SwitchController : <<<<<<< 's_left_flipper_1' inactive >>>>>>>
2023-04-01 11:29:07,012 : INFO : SwitchController : <<<<<<< 's_flip_left_top_eos' inactive >>>>>>>
2023-04-01 11:29:07,049 : INFO : SwitchController : <<<<<<< 's_flip_left_eos' inactive >>>>>>>
2023-04-01 11:29:07,052 : INFO : SwitchController : <<<<<<< 's_flip_left_eos' active >>>>>>>
2023-04-01 11:29:07,054 : INFO : SwitchController : <<<<<<< 's_flip_left_eos' inactive >>>>>>>
2023-04-01 11:29:07,070 : INFO : SwitchController : <<<<<<< 's_flip_left_eos' active >>>>>>>
2023-04-01 11:29:07,070 : INFO : SwitchController : <<<<<<< 's_flip_left_eos' inactive >>>>>>>
2023-04-01 11:29:07,101 : INFO : SwitchController : <<<<<<< 's_flip_left_eos' active >>>>>>>
2023-04-01 11:29:07,103 : INFO : SwitchController : <<<<<<< 's_flip_left_eos' inactive >>>>>>>
2023-04-01 11:29:07,121 : INFO : SwitchController : <<<<<<< 's_flip_left_eos' active >>>>>>>
2023-04-01 11:29:07,121 : INFO : SwitchController : <<<<<<< 's_flip_left_eos' inactive >>>>>>>
2023-04-01 11:29:07,246 : INFO : SwitchController : <<<<<<< 's_left_flipper_1' active >>>>>>>
2023-04-01 11:29:07,250 : INFO : SwitchController : <<<<<<< 's_left_flipper_2' active >>>>>>>
2023-04-01 11:29:07,253 : INFO : SwitchController : <<<<<<< 's_left_flipper_2' inactive >>>>>>>
2023-04-01 11:29:07,267 : INFO : SwitchController : <<<<<<< 's_flip_left_eos' active >>>>>>>
2023-04-01 11:29:07,267 : INFO : SwitchController : <<<<<<< 's_left_flipper_2' active >>>>>>>
2023-04-01 11:29:07,267 : INFO : SwitchController : <<<<<<< 's_flip_left_top_eos' active >>>>>>>
2023-04-01 11:29:07,267 : INFO : SwitchController : <<<<<<< 's_left_flipper_2' inactive >>>>>>>
2023-04-01 11:29:07,268 : INFO : SwitchController : <<<<<<< 's_left_flipper_2' active >>>>>>>
2023-04-01 11:29:07,303 : INFO : SwitchController : <<<<<<< 's_left_flipper_2' inactive >>>>>>>
2023-04-01 11:29:07,412 : INFO : SwitchController : <<<<<<< 's_left_flipper_2' active >>>>>>>
2023-04-01 11:29:07,431 : INFO : SwitchController : <<<<<<< 's_left_flipper_2' inactive >>>>>>>
2023-04-01 11:29:07,452 : INFO : SwitchController : <<<<<<< 's_left_flipper_1' inactive >>>>>>>
2023-04-01 11:29:07,536 : INFO : SwitchController : <<<<<<< 's_flip_left_top_eos' inactive >>>>>>>
2023-04-01 11:29:07,564 : INFO : SwitchController : <<<<<<< 's_flip_left_eos' inactive >>>>>>>
2023-04-01 11:29:07,566 : INFO : SwitchController : <<<<<<< 's_flip_left_eos' active >>>>>>>
2023-04-01 11:29:07,585 : INFO : SwitchController : <<<<<<< 's_flip_left_eos' inactive >>>>>>>
2023-04-01 11:29:07,585 : INFO : SwitchController : <<<<<<< 's_flip_left_eos' active >>>>>>>
2023-04-01 11:29:07,585 : INFO : SwitchController : <<<<<<< 's_flip_left_eos' inactive >>>>>>>
2023-04-01 11:29:07,585 : INFO : SwitchController : <<<<<<< 's_flip_left_eos' active >>>>>>>
2023-04-01 11:29:07,586 : INFO : SwitchController : <<<<<<< 's_flip_left_eos' inactive >>>>>>>
2023-04-01 11:29:07,620 : INFO : SwitchController : <<<<<<< 's_flip_left_eos' active >>>>>>>
2023-04-01 11:29:07,630 : INFO : SwitchController : <<<<<<< 's_flip_left_eos' inactive >>>>>>>
2023-04-01 11:29:08,232 : INFO : SwitchController : <<<<<<< 's_right_flipper_1' active >>>>>>>
2023-04-01 11:29:08,254 : INFO : SwitchController : <<<<<<< 's_flip_left_eos' active >>>>>>>
2023-04-01 11:29:08,254 : INFO : SwitchController : <<<<<<< 's_flip_left_eos' inactive >>>>>>>
2023-04-01 11:29:08,255 : INFO : SwitchController : <<<<<<< 's_b_eos' inactive >>>>>>>
2023-04-01 11:29:08,255 : INFO : SwitchController : <<<<<<< 's_right_flipper_1' inactive >>>>>>>
2023-04-01 11:29:08,255 : INFO : SwitchController : <<<<<<< 's_flip_right_eos' active >>>>>>>
2023-04-01 11:29:08,255 : INFO : SwitchController : <<<<<<< 's_b_eos' active >>>>>>>
2023-04-01 11:29:08,255 : INFO : SwitchController : <<<<<<< 's_flip_left_eos' active >>>>>>>
2023-04-01 11:29:08,256 : INFO : SwitchController : <<<<<<< 's_right_flipper_1' active >>>>>>>
2023-04-01 11:29:08,275 : INFO : SwitchController : <<<<<<< 's_flip_left_eos' inactive >>>>>>>
2023-04-01 11:29:08,278 : INFO : SwitchController : <<<<<<< 's_flip_left_eos' active >>>>>>>
2023-04-01 11:29:08,280 : INFO : SwitchController : <<<<<<< 's_flip_left_eos' inactive >>>>>>>
2023-04-01 11:29:08,282 : INFO : SwitchController : <<<<<<< 's_flip_left_eos' active >>>>>>>
2023-04-01 11:29:08,284 : INFO : SwitchController : <<<<<<< 's_flip_left_eos' inactive >>>>>>>
2023-04-01 11:29:08,295 : INFO : SwitchController : <<<<<<< 's_flip_left_eos' active >>>>>>>
2023-04-01 11:29:08,295 : INFO : SwitchController : <<<<<<< 's_flip_left_eos' inactive >>>>>>>
2023-04-01 11:29:08,399 : INFO : SwitchController : <<<<<<< 's_right_flipper_1' inactive >>>>>>>
2023-04-01 11:29:08,486 : INFO : SwitchController : <<<<<<< 's_flip_right_eos' inactive >>>>>>>
2023-04-01 11:29:08,521 : INFO : SwitchController : <<<<<<< 's_b_eos' inactive >>>>>>>
2023-04-01 11:29:08,565 : INFO : SwitchController : <<<<<<< 's_left_flipper_1' active >>>>>>>
2023-04-01 11:29:08,571 : INFO : SwitchController : <<<<<<< 's_left_flipper_2' active >>>>>>>
2023-04-01 11:29:08,585 : INFO : SwitchController : <<<<<<< 's_flip_left_eos' active >>>>>>>
2023-04-01 11:29:08,585 : INFO : SwitchController : <<<<<<< 's_left_flipper_2' inactive >>>>>>>
2023-04-01 11:29:08,585 : INFO : SwitchController : <<<<<<< 's_flip_left_top_eos' active >>>>>>>
2023-04-01 11:29:08,586 : INFO : SwitchController : <<<<<<< 's_left_flipper_2' active >>>>>>>
2023-04-01 11:29:08,588 : INFO : SwitchController : <<<<<<< 's_left_flipper_2' inactive >>>>>>>
2023-04-01 11:29:08,591 : INFO : SwitchController : <<<<<<< 's_left_flipper_2' active >>>>>>>
2023-04-01 11:29:08,665 : INFO : SwitchController : <<<<<<< 's_left_flipper_2' inactive >>>>>>>
2023-04-01 11:29:08,780 : INFO : SwitchController : <<<<<<< 's_left_flipper_2' active >>>>>>>
2023-04-01 11:29:08,801 : INFO : SwitchController : <<<<<<< 's_left_flipper_2' inactive >>>>>>>
2023-04-01 11:29:08,821 : INFO : SwitchController : <<<<<<< 's_left_flipper_2' active >>>>>>>
2023-04-01 11:29:08,842 : INFO : SwitchController : <<<<<<< 's_left_flipper_2' inactive >>>>>>>
2023-04-01 11:29:08,845 : INFO : SwitchController : <<<<<<< 's_left_flipper_2' active >>>>>>>
2023-04-01 11:29:08,846 : INFO : SwitchController : <<<<<<< 's_left_flipper_1' inactive >>>>>>>
2023-04-01 11:29:08,848 : INFO : SwitchController : <<<<<<< 's_left_flipper_2' inactive >>>>>>>
2023-04-01 11:29:08,936 : INFO : SwitchController : <<<<<<< 's_flip_left_top_eos' inactive >>>>>>>
2023-04-01 11:29:08,968 : INFO : SwitchController : <<<<<<< 's_flip_left_eos' inactive >>>>>>>
2023-04-01 11:29:08,971 : INFO : SwitchController : <<<<<<< 's_flip_left_eos' active >>>>>>>
2023-04-01 11:29:08,973 : INFO : SwitchController : <<<<<<< 's_flip_left_eos' inactive >>>>>>>
2023-04-01 11:29:08,976 : INFO : SwitchController : <<<<<<< 's_flip_left_eos' active >>>>>>>
2023-04-01 11:29:08,988 : INFO : SwitchController : <<<<<<< 's_flip_left_eos' inactive >>>>>>>
2023-04-01 11:29:09,020 : INFO : SwitchController : <<<<<<< 's_flip_left_eos' active >>>>>>>
2023-04-01 11:29:09,027 : INFO : SwitchController : <<<<<<< 's_flip_left_eos' inactive >>>>>>>
2023-04-01 11:29:09,712 : INFO : SwitchController : <<<<<<< 's_left_flipper_1' active >>>>>>>
2023-04-01 11:29:09,716 : INFO : SwitchController : <<<<<<< 's_left_flipper_2' active >>>>>>>
2023-04-01 11:29:09,718 : INFO : SwitchController : <<<<<<< 's_left_flipper_2' inactive >>>>>>>
2023-04-01 11:29:09,720 : INFO : SwitchController : <<<<<<< 's_left_flipper_2' active >>>>>>>
2023-04-01 11:29:09,734 : INFO : SwitchController : <<<<<<< 's_left_flipper_2' inactive >>>>>>>
2023-04-01 11:29:09,735 : INFO : SwitchController : <<<<<<< 's_flip_left_eos' active >>>>>>>
2023-04-01 11:29:09,735 : INFO : SwitchController : <<<<<<< 's_flip_left_top_eos' active >>>>>>>
2023-04-01 11:29:09,735 : INFO : SwitchController : <<<<<<< 's_left_flipper_2' active >>>>>>>
2023-04-01 11:29:09,737 : INFO : SwitchController : <<<<<<< 's_left_flipper_2' inactive >>>>>>>
2023-04-01 11:29:09,739 : INFO : SwitchController : <<<<<<< 's_left_flipper_2' active >>>>>>>
2023-04-01 11:29:09,757 : INFO : SwitchController : <<<<<<< 's_left_flipper_2' inactive >>>>>>>
2023-04-01 11:29:09,795 : INFO : SwitchController : <<<<<<< 's_left_flipper_2' active >>>>>>>
2023-04-01 11:29:10,040 : INFO : SwitchController : <<<<<<< 's_left_flipper_2' inactive >>>>>>>
2023-04-01 11:29:10,048 : INFO : SwitchController : <<<<<<< 's_left_flipper_2' active >>>>>>>
2023-04-01 11:29:10,064 : INFO : SwitchController : <<<<<<< 's_left_flipper_2' inactive >>>>>>>
2023-04-01 11:29:10,086 : INFO : SwitchController : <<<<<<< 's_left_flipper_2' active >>>>>>>
2023-04-01 11:29:10,086 : INFO : SwitchController : <<<<<<< 's_left_flipper_1' inactive >>>>>>>
2023-04-01 11:29:10,086 : INFO : SwitchController : <<<<<<< 's_left_flipper_2' inactive >>>>>>>
2023-04-01 11:29:10,087 : INFO : SwitchController : <<<<<<< 's_left_flipper_2' active >>>>>>>
2023-04-01 11:29:10,091 : INFO : SwitchController : <<<<<<< 's_left_flipper_2' inactive >>>>>>>
2023-04-01 11:29:10,094 : INFO : SwitchController : <<<<<<< 's_left_flipper_2' active >>>>>>>
2023-04-01 11:29:10,105 : INFO : SwitchController : <<<<<<< 's_left_flipper_2' inactive >>>>>>>
2023-04-01 11:29:10,170 : INFO : SwitchController : <<<<<<< 's_flip_left_top_eos' inactive >>>>>>>
2023-04-01 11:29:10,198 : INFO : SwitchController : <<<<<<< 's_flip_left_eos' inactive >>>>>>>
2023-04-01 11:29:10,200 : INFO : SwitchController : <<<<<<< 's_flip_left_eos' active >>>>>>>
2023-04-01 11:29:10,219 : INFO : SwitchController : <<<<<<< 's_flip_left_eos' inactive >>>>>>>
2023-04-01 11:29:10,219 : INFO : SwitchController : <<<<<<< 's_flip_left_eos' active >>>>>>>
2023-04-01 11:29:10,219 : INFO : SwitchController : <<<<<<< 's_flip_left_eos' inactive >>>>>>>
2023-04-01 11:29:10,219 : INFO : SwitchController : <<<<<<< 's_flip_left_eos' active >>>>>>>
2023-04-01 11:29:10,219 : INFO : SwitchController : <<<<<<< 's_flip_left_eos' inactive >>>>>>>
2023-04-01 11:29:10,607 : INFO : SwitchController : <<<<<<< 's_left_flipper_1' active >>>>>>>
2023-04-01 11:29:10,610 : INFO : SwitchController : <<<<<<< 's_left_flipper_2' active >>>>>>>
2023-04-01 11:29:10,612 : INFO : SwitchController : <<<<<<< 's_left_flipper_2' inactive >>>>>>>
2023-04-01 11:29:10,628 : INFO : SwitchController : <<<<<<< 's_flip_left_eos' active >>>>>>>
2023-04-01 11:29:10,628 : INFO : SwitchController : <<<<<<< 's_left_flipper_2' active >>>>>>>
2023-04-01 11:29:10,628 : INFO : SwitchController : <<<<<<< 's_flip_left_top_eos' active >>>>>>>
2023-04-01 11:29:10,649 : INFO : SwitchController : <<<<<<< 's_left_flipper_2' inactive >>>>>>>
2023-04-01 11:29:10,649 : INFO : SwitchController : <<<<<<< 's_left_flipper_2' active >>>>>>>
2023-04-01 11:29:10,655 : INFO : SwitchController : <<<<<<< 's_left_flipper_2' inactive >>>>>>>
2023-04-01 11:29:10,689 : INFO : SwitchController : <<<<<<< 's_left_flipper_2' active >>>>>>>
2023-04-01 11:29:10,725 : INFO : SwitchController : <<<<<<< 's_left_flipper_2' inactive >>>>>>>
2023-04-01 11:29:10,732 : INFO : SwitchController : <<<<<<< 's_left_flipper_2' active >>>>>>>
2023-04-01 11:29:10,744 : INFO : SwitchController : <<<<<<< 's_left_flipper_2' inactive >>>>>>>
2023-04-01 11:29:10,745 : INFO : SwitchController : <<<<<<< 's_left_flipper_2' active >>>>>>>
2023-04-01 11:29:10,749 : INFO : SwitchController : <<<<<<< 's_left_flipper_2' inactive >>>>>>>
2023-04-01 11:29:10,776 : INFO : SwitchController : <<<<<<< 's_left_flipper_1' inactive >>>>>>>
2023-04-01 11:29:10,869 : INFO : SwitchController : <<<<<<< 's_flip_left_top_eos' inactive >>>>>>>
2023-04-01 11:29:10,871 : INFO : SwitchController : <<<<<<< 's_flip_left_top_eos' active >>>>>>>
2023-04-01 11:29:10,873 : INFO : SwitchController : <<<<<<< 's_flip_left_top_eos' inactive >>>>>>>
2023-04-01 11:29:10,875 : INFO : SwitchController : <<<<<<< 's_flip_left_top_eos' active >>>>>>>
2023-04-01 11:29:10,898 : INFO : SwitchController : <<<<<<< 's_flip_left_eos' inactive >>>>>>>
2023-04-01 11:29:10,900 : INFO : SwitchController : <<<<<<< 's_flip_left_eos' active >>>>>>>
2023-04-01 11:29:10,901 : INFO : SwitchController : <<<<<<< 's_left_flipper_1' active >>>>>>>
2023-04-01 11:29:10,903 : INFO : SwitchController : <<<<<<< 's_flip_left_eos' inactive >>>>>>>
2023-04-01 11:29:10,905 : INFO : SwitchController : <<<<<<< 's_flip_left_eos' active >>>>>>>
2023-04-01 11:29:10,918 : INFO : SwitchController : <<<<<<< 's_flip_left_eos' inactive >>>>>>>
2023-04-01 11:29:10,918 : INFO : SwitchController : <<<<<<< 's_flip_left_eos' active >>>>>>>
2023-04-01 11:29:10,918 : INFO : SwitchController : <<<<<<< 's_flip_left_top_eos' inactive >>>>>>>
2023-04-01 11:29:10,918 : INFO : SwitchController : <<<<<<< 's_left_flipper_2' active >>>>>>>
2023-04-01 11:29:10,938 : INFO : SwitchController : <<<<<<< 's_left_flipper_2' inactive >>>>>>>
2023-04-01 11:29:10,942 : INFO : SwitchController : <<<<<<< 's_left_flipper_2' active >>>>>>>
2023-04-01 11:29:10,995 : INFO : SwitchController : <<<<<<< 's_left_flipper_2' inactive >>>>>>>
2023-04-01 11:29:11,002 : INFO : SwitchController : <<<<<<< 's_left_flipper_2' active >>>>>>>
2023-04-01 11:29:11,015 : INFO : SwitchController : <<<<<<< 's_left_flipper_2' inactive >>>>>>>
2023-04-01 11:29:11,015 : INFO : SwitchController : <<<<<<< 's_left_flipper_2' active >>>>>>>
2023-04-01 11:29:11,015 : INFO : SwitchController : <<<<<<< 's_left_flipper_2' inactive >>>>>>>
2023-04-01 11:29:11,016 : INFO : SwitchController : <<<<<<< 's_left_flipper_2' active >>>>>>>
2023-04-01 11:29:11,021 : INFO : SwitchController : <<<<<<< 's_left_flipper_2' inactive >>>>>>>
2023-04-01 11:29:11,037 : INFO : SwitchController : <<<<<<< 's_left_flipper_1' inactive >>>>>>>
2023-04-01 11:29:11,158 : INFO : SwitchController : <<<<<<< 's_flip_left_eos' inactive >>>>>>>
2023-04-01 11:29:11,160 : INFO : SwitchController : <<<<<<< 's_flip_left_eos' active >>>>>>>
2023-04-01 11:29:11,164 : INFO : SwitchController : <<<<<<< 's_flip_left_eos' inactive >>>>>>>
2023-04-01 11:29:11,166 : INFO : SwitchController : <<<<<<< 's_flip_left_eos' active >>>>>>>
2023-04-01 11:29:11,177 : INFO : SwitchController : <<<<<<< 's_flip_left_eos' inactive >>>>>>>
2023-04-01 11:29:11,218 : INFO : SwitchController : <<<<<<< 's_flip_left_eos' active >>>>>>>
2023-04-01 11:29:11,219 : INFO : SwitchController : <<<<<<< 's_left_flipper_1' active >>>>>>>
2023-04-01 11:29:11,221 : INFO : SwitchController : <<<<<<< 's_flip_left_eos' inactive >>>>>>>
2023-04-01 11:29:11,225 : INFO : SwitchController : <<<<<<< 's_left_flipper_2' active >>>>>>>
2023-04-01 11:29:11,240 : INFO : SwitchController : <<<<<<< 's_flip_left_eos' active >>>>>>>
2023-04-01 11:29:11,240 : INFO : SwitchController : <<<<<<< 's_flip_left_eos' inactive >>>>>>>
2023-04-01 11:29:11,240 : INFO : SwitchController : <<<<<<< 's_flip_left_eos' active >>>>>>>
2023-04-01 11:29:11,240 : INFO : SwitchController : <<<<<<< 's_flip_left_top_eos' active >>>>>>>
2023-04-01 11:29:11,247 : INFO : SwitchController : <<<<<<< 's_left_flipper_2' inactive >>>>>>>
2023-04-01 11:29:11,249 : INFO : SwitchController : <<<<<<< 's_left_flipper_2' active >>>>>>>
2023-04-01 11:29:11,260 : INFO : SwitchController : <<<<<<< 's_left_flipper_2' inactive >>>>>>>
2023-04-01 11:29:11,329 : INFO : SwitchController : <<<<<<< 's_left_flipper_2' active >>>>>>>
2023-04-01 11:29:11,349 : INFO : SwitchController : <<<<<<< 's_left_flipper_2' inactive >>>>>>>
2023-04-01 11:29:11,354 : INFO : SwitchController : <<<<<<< 's_left_flipper_2' active >>>>>>>
2023-04-01 11:29:11,359 : INFO : SwitchController : <<<<<<< 's_left_flipper_2' inactive >>>>>>>
2023-04-01 11:29:11,383 : INFO : SwitchController : <<<<<<< 's_left_flipper_1' inactive >>>>>>>
2023-04-01 11:29:11,475 : INFO : SwitchController : <<<<<<< 's_flip_left_top_eos' inactive >>>>>>>
2023-04-01 11:29:11,514 : INFO : SwitchController : <<<<<<< 's_flip_left_eos' inactive >>>>>>>
2023-04-01 11:29:11,516 : INFO : SwitchController : <<<<<<< 's_flip_left_eos' active >>>>>>>
2023-04-01 11:29:11,519 : INFO : SwitchController : <<<<<<< 's_flip_left_eos' inactive >>>>>>>
2023-04-01 11:29:11,534 : INFO : SwitchController : <<<<<<< 's_flip_left_eos' active >>>>>>>
2023-04-01 11:29:11,534 : INFO : SwitchController : <<<<<<< 's_flip_left_eos' inactive >>>>>>>
2023-04-01 11:29:12,359 : INFO : SwitchController : <<<<<<< 's_right_flipper_1' active >>>>>>>
2023-04-01 11:29:12,361 : INFO : SwitchController : <<<<<<< 's_right_flipper_1' inactive >>>>>>>
2023-04-01 11:29:12,364 : INFO : SwitchController : <<<<<<< 's_right_flipper_1' active >>>>>>>
2023-04-01 11:29:12,366 : INFO : SwitchController : <<<<<<< 's_right_flipper_1' inactive >>>>>>>
2023-04-01 11:29:12,368 : INFO : SwitchController : <<<<<<< 's_right_flipper_1' active >>>>>>>
2023-04-01 11:29:12,380 : INFO : SwitchController : <<<<<<< 's_flip_left_eos' active >>>>>>>
2023-04-01 11:29:12,380 : INFO : SwitchController : <<<<<<< 's_flip_left_eos' inactive >>>>>>>
2023-04-01 11:29:12,380 : INFO : SwitchController : <<<<<<< 's_flip_right_eos' active >>>>>>>
2023-04-01 11:29:12,381 : INFO : SwitchController : <<<<<<< 's_flip_left_eos' active >>>>>>>
2023-04-01 11:29:12,384 : INFO : SwitchController : <<<<<<< 's_flip_left_eos' inactive >>>>>>>
2023-04-01 11:29:12,386 : INFO : SwitchController : <<<<<<< 's_b_eos' active >>>>>>>
2023-04-01 11:29:12,387 : INFO : SwitchController : <<<<<<< 's_flip_left_eos' active >>>>>>>
2023-04-01 11:29:12,389 : INFO : SwitchController : <<<<<<< 's_flip_left_eos' inactive >>>>>>>
2023-04-01 11:29:12,401 : INFO : SwitchController : <<<<<<< 's_flip_left_eos' active >>>>>>>
2023-04-01 11:29:12,401 : INFO : SwitchController : <<<<<<< 's_flip_left_eos' inactive >>>>>>>
2023-04-01 11:29:12,401 : INFO : SwitchController : <<<<<<< 's_flip_left_eos' active >>>>>>>
2023-04-01 11:29:12,401 : INFO : SwitchController : <<<<<<< 's_flip_left_eos' inactive >>>>>>>
2023-04-01 11:29:12,403 : INFO : SwitchController : <<<<<<< 's_flip_left_eos' active >>>>>>>
2023-04-01 11:29:12,405 : INFO : SwitchController : <<<<<<< 's_flip_left_eos' inactive >>>>>>>
2023-04-01 11:29:12,421 : INFO : SwitchController : <<<<<<< 's_flip_left_eos' active >>>>>>>
2023-04-01 11:29:12,421 : INFO : SwitchController : <<<<<<< 's_flip_left_eos' inactive >>>>>>>
2023-04-01 11:29:12,422 : INFO : SwitchController : <<<<<<< 's_flip_left_eos' active >>>>>>>
2023-04-01 11:29:12,422 : INFO : SwitchController : <<<<<<< 's_flip_left_eos' inactive >>>>>>>
2023-04-01 11:29:12,550 : INFO : SwitchController : <<<<<<< 's_right_flipper_2' active >>>>>>>
2023-04-01 11:29:12,570 : INFO : SwitchController : <<<<<<< 's_right_flipper_1' inactive >>>>>>>
2023-04-01 11:29:12,570 : INFO : SwitchController : <<<<<<< 's_right_flipper_2' inactive >>>>>>>
2023-04-01 11:29:12,570 : INFO : SwitchController : <<<<<<< 's_right_flipper_2' active >>>>>>>
2023-04-01 11:29:12,590 : INFO : SwitchController : <<<<<<< 's_right_flipper_2' inactive >>>>>>>
2023-04-01 11:29:12,590 : INFO : SwitchController : <<<<<<< 's_flip_left_eos' active >>>>>>>
2023-04-01 11:29:12,591 : INFO : SwitchController : <<<<<<< 's_flip_left_eos' inactive >>>>>>>
2023-04-01 11:29:12,591 : INFO : SwitchController : <<<<<<< 's_flip_left_eos' active >>>>>>>
2023-04-01 11:29:12,591 : INFO : SwitchController : <<<<<<< 's_flip_left_eos' inactive >>>>>>>
2023-04-01 11:29:12,650 : INFO : SwitchController : <<<<<<< 's_flip_right_eos' inactive >>>>>>>
2023-04-01 11:29:13,114 : INFO : SwitchController : <<<<<<< 's_right_flipper_1' active >>>>>>>
2023-04-01 11:29:13,134 : INFO : SwitchController : <<<<<<< 's_flip_left_eos' active >>>>>>>
2023-04-01 11:29:13,134 : INFO : SwitchController : <<<<<<< 's_flip_left_eos' inactive >>>>>>>
2023-04-01 11:29:13,134 : INFO : SwitchController : <<<<<<< 's_b_eos' inactive >>>>>>>
2023-04-01 11:29:13,134 : INFO : SwitchController : <<<<<<< 's_b_eos' active >>>>>>>
2023-04-01 11:29:13,135 : INFO : SwitchController : <<<<<<< 's_flip_right_eos' active >>>>>>>
2023-04-01 11:29:13,136 : INFO : SwitchController : <<<<<<< 's_flip_left_eos' active >>>>>>>
2023-04-01 11:29:13,139 : INFO : SwitchController : <<<<<<< 's_flip_left_eos' inactive >>>>>>>
2023-04-01 11:29:13,141 : INFO : SwitchController : <<<<<<< 's_flip_left_eos' active >>>>>>>
2023-04-01 11:29:13,154 : INFO : SwitchController : <<<<<<< 's_flip_left_eos' inactive >>>>>>>
2023-04-01 11:29:13,260 : INFO : SwitchController : <<<<<<< 's_right_flipper_1' inactive >>>>>>>
2023-04-01 11:29:13,349 : INFO : SwitchController : <<<<<<< 's_flip_right_eos' inactive >>>>>>>
2023-04-01 11:29:13,718 : INFO : SwitchController : <<<<<<< 's_right_flipper_1' active >>>>>>>
2023-04-01 11:29:13,740 : INFO : SwitchController : <<<<<<< 's_flip_right_eos' active >>>>>>>
2023-04-01 11:29:13,740 : INFO : SwitchController : <<<<<<< 's_flip_left_eos' active >>>>>>>
2023-04-01 11:29:13,743 : INFO : SwitchController : <<<<<<< 's_flip_left_eos' inactive >>>>>>>
2023-04-01 11:29:13,745 : INFO : SwitchController : <<<<<<< 's_flip_left_eos' active >>>>>>>
2023-04-01 11:29:13,745 : INFO : SwitchController : <<<<<<< 's_right_flipper_1' inactive >>>>>>>
2023-04-01 11:29:13,747 : INFO : SwitchController : <<<<<<< 's_right_flipper_1' active >>>>>>>
2023-04-01 11:29:13,748 : INFO : SwitchController : <<<<<<< 's_flip_left_eos' inactive >>>>>>>
2023-04-01 11:29:13,760 : INFO : SwitchController : <<<<<<< 's_right_flipper_1' inactive >>>>>>>
2023-04-01 11:29:13,760 : INFO : SwitchController : <<<<<<< 's_flip_left_eos' active >>>>>>>
2023-04-01 11:29:13,760 : INFO : SwitchController : <<<<<<< 's_flip_left_eos' inactive >>>>>>>
2023-04-01 11:29:13,762 : INFO : SwitchController : <<<<<<< 's_flip_left_eos' active >>>>>>>
2023-04-01 11:29:13,764 : INFO : SwitchController : <<<<<<< 's_flip_left_eos' inactive >>>>>>>
2023-04-01 11:29:13,766 : INFO : SwitchController : <<<<<<< 's_flip_left_eos' active >>>>>>>
2023-04-01 11:29:13,769 : INFO : SwitchController : <<<<<<< 's_flip_left_eos' inactive >>>>>>>
2023-04-01 11:29:13,852 : INFO : SwitchController : <<<<<<< 's_flip_right_eos' inactive >>>>>>>
2023-04-01 11:29:15,005 : INFO : SwitchController : <<<<<<< 's_right_flipper_2' active >>>>>>>
2023-04-01 11:29:15,008 : INFO : SwitchController : <<<<<<< 's_right_flipper_2' inactive >>>>>>>
2023-04-01 11:29:15,024 : INFO : SwitchController : <<<<<<< 's_right_flipper_2' active >>>>>>>
2023-04-01 11:29:15,046 : INFO : SwitchController : <<<<<<< 's_right_flipper_2' inactive >>>>>>>
2023-04-01 11:29:15,055 : INFO : SwitchController : <<<<<<< 's_right_flipper_2' active >>>>>>>
2023-04-01 11:29:15,067 : INFO : SwitchController : <<<<<<< 's_right_flipper_2' inactive >>>>>>>
2023-04-01 11:29:15,067 : INFO : SwitchController : <<<<<<< 's_right_flipper_1' active >>>>>>>
2023-04-01 11:29:15,067 : INFO : SwitchController : <<<<<<< 's_right_flipper_2' active >>>>>>>
2023-04-01 11:29:15,068 : INFO : SwitchController : <<<<<<< 's_right_flipper_1' inactive >>>>>>>
2023-04-01 11:29:15,068 : INFO : SwitchController : <<<<<<< 's_right_flipper_2' inactive >>>>>>>
2023-04-01 11:29:15,072 : INFO : SwitchController : <<<<<<< 's_right_flipper_2' active >>>>>>>
2023-04-01 11:29:15,087 : INFO : SwitchController : <<<<<<< 's_flip_right_eos' active >>>>>>>
2023-04-01 11:29:15,087 : INFO : SwitchController : <<<<<<< 's_flip_left_eos' active >>>>>>>
2023-04-01 11:29:15,088 : INFO : SwitchController : <<<<<<< 's_right_flipper_1' active >>>>>>>
2023-04-01 11:29:15,088 : INFO : SwitchController : <<<<<<< 's_flip_left_eos' inactive >>>>>>>
2023-04-01 11:29:15,088 : INFO : SwitchController : <<<<<<< 's_flip_left_eos' active >>>>>>>
2023-04-01 11:29:15,095 : INFO : SwitchController : <<<<<<< 's_flip_left_eos' inactive >>>>>>>
2023-04-01 11:29:15,107 : INFO : SwitchController : <<<<<<< 's_flip_left_eos' active >>>>>>>
2023-04-01 11:29:15,108 : INFO : SwitchController : <<<<<<< 's_flip_left_eos' inactive >>>>>>>
2023-04-01 11:29:15,108 : INFO : SwitchController : <<<<<<< 's_right_flipper_1' inactive >>>>>>>
2023-04-01 11:29:15,108 : INFO : SwitchController : <<<<<<< 's_flip_left_eos' active >>>>>>>
2023-04-01 11:29:15,108 : INFO : SwitchController : <<<<<<< 's_flip_left_eos' inactive >>>>>>>
2023-04-01 11:29:15,108 : INFO : SwitchController : <<<<<<< 's_flip_left_eos' active >>>>>>>
2023-04-01 11:29:15,110 : INFO : SwitchController : <<<<<<< 's_flip_left_eos' inactive >>>>>>>
2023-04-01 11:29:15,128 : INFO : SwitchController : <<<<<<< 's_right_flipper_2' inactive >>>>>>>
2023-04-01 11:29:15,129 : INFO : SwitchController : <<<<<<< 's_right_flipper_2' active >>>>>>>
2023-04-01 11:29:15,155 : INFO : SwitchController : <<<<<<< 's_right_flipper_1' active >>>>>>>
2023-04-01 11:29:15,195 : INFO : SwitchController : <<<<<<< 's_right_flipper_2' inactive >>>>>>>
2023-04-01 11:29:15,396 : INFO : SwitchController : <<<<<<< 's_right_flipper_2' active >>>>>>>
2023-04-01 11:29:15,465 : INFO : SwitchController : <<<<<<< 's_right_flipper_1' inactive >>>>>>>
2023-04-01 11:29:15,503 : INFO : SwitchController : <<<<<<< 's_right_flipper_2' inactive >>>>>>>
2023-04-01 11:29:15,505 : INFO : SwitchController : <<<<<<< 's_right_flipper_2' active >>>>>>>
2023-04-01 11:29:15,507 : INFO : SwitchController : <<<<<<< 's_right_flipper_2' inactive >>>>>>>
2023-04-01 11:29:15,550 : INFO : SwitchController : <<<<<<< 's_flip_right_eos' inactive >>>>>>>
2023-04-01 11:29:16,237 : INFO : SwitchController : <<<<<<< 's_right_flipper_2' active >>>>>>>
2023-04-01 11:29:16,241 : INFO : SwitchController : <<<<<<< 's_right_flipper_2' inactive >>>>>>>
2023-04-01 11:29:16,283 : INFO : SwitchController : <<<<<<< 's_right_flipper_2' active >>>>>>>
2023-04-01 11:29:16,319 : INFO : SwitchController : <<<<<<< 's_flip_left_eos' active >>>>>>>
2023-04-01 11:29:16,321 : INFO : SwitchController : <<<<<<< 's_flip_left_eos' inactive >>>>>>>
2023-04-01 11:29:16,357 : INFO : SwitchController : <<<<<<< 's_right_flipper_2' inactive >>>>>>>
2023-04-01 11:29:16,381 : INFO : SwitchController : <<<<<<< 's_right_flipper_1' active >>>>>>>
2023-04-01 11:29:16,384 : INFO : SwitchController : <<<<<<< 's_right_flipper_1' inactive >>>>>>>
2023-04-01 11:29:16,388 : INFO : SwitchController : <<<<<<< 's_right_flipper_2' active >>>>>>>
2023-04-01 11:29:16,401 : INFO : SwitchController : <<<<<<< 's_right_flipper_1' active >>>>>>>
2023-04-01 11:29:16,401 : INFO : SwitchController : <<<<<<< 's_right_flipper_2' inactive >>>>>>>
2023-04-01 11:29:16,401 : INFO : SwitchController : <<<<<<< 's_right_flipper_1' inactive >>>>>>>
2023-04-01 11:29:16,401 : INFO : SwitchController : <<<<<<< 's_flip_right_eos' active >>>>>>>
2023-04-01 11:29:16,401 : INFO : SwitchController : <<<<<<< 's_flip_left_eos' active >>>>>>>
2023-04-01 11:29:16,410 : INFO : SwitchController : <<<<<<< 's_flip_left_eos' inactive >>>>>>>
2023-04-01 11:29:16,422 : INFO : SwitchController : <<<<<<< 's_flip_left_eos' active >>>>>>>
2023-04-01 11:29:16,422 : INFO : SwitchController : <<<<<<< 's_flip_left_eos' inactive >>>>>>>
2023-04-01 11:29:16,423 : INFO : SwitchController : <<<<<<< 's_flip_left_eos' active >>>>>>>
2023-04-01 11:29:16,425 : INFO : SwitchController : <<<<<<< 's_flip_left_eos' inactive >>>>>>>
2023-04-01 11:29:16,512 : INFO : SwitchController : <<<<<<< 's_flip_right_eos' inactive >>>>>>>
2023-04-01 11:29:16,779 : INFO : SwitchController : <<<<<<< 's_right_flipper_1' active >>>>>>>
2023-04-01 11:29:16,781 : INFO : SwitchController : <<<<<<< 's_right_flipper_1' inactive >>>>>>>
2023-04-01 11:29:16,800 : INFO : SwitchController : <<<<<<< 's_right_flipper_1' active >>>>>>>
2023-04-01 11:29:16,800 : INFO : SwitchController : <<<<<<< 's_flip_right_eos' active >>>>>>>
2023-04-01 11:29:16,801 : INFO : SwitchController : <<<<<<< 's_flip_left_eos' active >>>>>>>
2023-04-01 11:29:16,803 : INFO : SwitchController : <<<<<<< 's_flip_left_eos' inactive >>>>>>>
2023-04-01 11:29:16,806 : INFO : SwitchController : <<<<<<< 's_flip_left_eos' active >>>>>>>
2023-04-01 11:29:16,821 : INFO : SwitchController : <<<<<<< 's_flip_left_eos' inactive >>>>>>>
2023-04-01 11:29:16,821 : INFO : SwitchController : <<<<<<< 's_flip_left_eos' active >>>>>>>
2023-04-01 11:29:16,821 : INFO : SwitchController : <<<<<<< 's_flip_left_eos' inactive >>>>>>>
2023-04-01 11:29:16,822 : INFO : SwitchController : <<<<<<< 's_flip_left_eos' active >>>>>>>
2023-04-01 11:29:16,824 : INFO : SwitchController : <<<<<<< 's_flip_left_eos' inactive >>>>>>>
2023-04-01 11:29:16,955 : INFO : SwitchController : <<<<<<< 's_right_flipper_1' inactive >>>>>>>
2023-04-01 11:29:16,956 : INFO : SwitchController : <<<<<<< 's_right_flipper_1' active >>>>>>>
2023-04-01 11:29:16,959 : INFO : SwitchController : <<<<<<< 's_right_flipper_1' inactive >>>>>>>
2023-04-01 11:29:17,046 : INFO : SwitchController : <<<<<<< 's_flip_right_eos' inactive >>>>>>>
2023-04-01 11:29:17,099 : INFO : SwitchController : <<<<<<< 's_b_eos' inactive >>>>>>>
2023-04-01 11:29:17,340 : INFO : SwitchController : <<<<<<< 's_right_flipper_1' active >>>>>>>
2023-04-01 11:29:17,349 : INFO : SwitchController : <<<<<<< 's_right_flipper_2' active >>>>>>>
2023-04-01 11:29:17,349 : INFO : SwitchController : <<<<<<< 's_flip_left_eos' active >>>>>>>
2023-04-01 11:29:17,360 : INFO : SwitchController : <<<<<<< 's_flip_left_eos' inactive >>>>>>>
2023-04-01 11:29:17,361 : INFO : SwitchController : <<<<<<< 's_b_eos' active >>>>>>>
2023-04-01 11:29:17,361 : INFO : SwitchController : <<<<<<< 's_flip_right_eos' active >>>>>>>
2023-04-01 11:29:17,362 : INFO : SwitchController : <<<<<<< 's_flip_left_eos' active >>>>>>>
2023-04-01 11:29:17,365 : INFO : SwitchController : <<<<<<< 's_flip_left_eos' inactive >>>>>>>
2023-04-01 11:29:17,367 : INFO : SwitchController : <<<<<<< 's_flip_left_eos' active >>>>>>>
2023-04-01 11:29:17,380 : INFO : SwitchController : <<<<<<< 's_flip_left_eos' inactive >>>>>>>
2023-04-01 11:29:17,381 : INFO : SwitchController : <<<<<<< 's_flip_left_eos' active >>>>>>>
2023-04-01 11:29:17,382 : INFO : SwitchController : <<<<<<< 's_flip_left_eos' inactive >>>>>>>
2023-04-01 11:29:17,388 : INFO : SwitchController : <<<<<<< 's_flip_left_eos' active >>>>>>>
2023-04-01 11:29:17,391 : INFO : SwitchController : <<<<<<< 's_flip_left_eos' inactive >>>>>>>
2023-04-01 11:29:17,484 : INFO : SwitchController : <<<<<<< 's_right_flipper_2' inactive >>>>>>>
2023-04-01 11:29:17,506 : INFO : SwitchController : <<<<<<< 's_right_flipper_2' active >>>>>>>
2023-04-01 11:29:17,506 : INFO : SwitchController : <<<<<<< 's_right_flipper_1' inactive >>>>>>>
2023-04-01 11:29:17,506 : INFO : SwitchController : <<<<<<< 's_right_flipper_2' inactive >>>>>>>
2023-04-01 11:29:17,506 : INFO : SwitchController : <<<<<<< 's_right_flipper_1' active >>>>>>>
2023-04-01 11:29:17,507 : INFO : SwitchController : <<<<<<< 's_right_flipper_2' active >>>>>>>
2023-04-01 11:29:17,507 : INFO : SwitchController : <<<<<<< 's_right_flipper_2' inactive >>>>>>>
2023-04-01 11:29:17,508 : INFO : SwitchController : <<<<<<< 's_right_flipper_1' inactive >>>>>>>
2023-04-01 11:29:17,595 : INFO : SwitchController : <<<<<<< 's_flip_right_eos' inactive >>>>>>>
2023-04-01 11:29:17,816 : INFO : SwitchController : <<<<<<< 's_right_flipper_1' active >>>>>>>
2023-04-01 11:29:17,837 : INFO : SwitchController : <<<<<<< 's_flip_left_eos' active >>>>>>>
2023-04-01 11:29:17,838 : INFO : SwitchController : <<<<<<< 's_right_flipper_2' active >>>>>>>
2023-04-01 11:29:17,838 : INFO : SwitchController : <<<<<<< 's_flip_left_eos' inactive >>>>>>>
2023-04-01 11:29:17,838 : INFO : SwitchController : <<<<<<< 's_flip_right_eos' active >>>>>>>
2023-04-01 11:29:17,838 : INFO : SwitchController : <<<<<<< 's_flip_left_eos' active >>>>>>>
2023-04-01 11:29:17,842 : INFO : SwitchController : <<<<<<< 's_flip_left_eos' inactive >>>>>>>
2023-04-01 11:29:17,844 : INFO : SwitchController : <<<<<<< 's_flip_left_eos' active >>>>>>>
2023-04-01 11:29:17,857 : INFO : SwitchController : <<<<<<< 's_flip_left_eos' inactive >>>>>>>
2023-04-01 11:29:18,058 : INFO : SwitchController : <<<<<<< 's_right_flipper_2' inactive >>>>>>>
2023-04-01 11:29:18,065 : INFO : SwitchController : <<<<<<< 's_right_flipper_2' active >>>>>>>
2023-04-01 11:29:18,068 : INFO : SwitchController : <<<<<<< 's_right_flipper_2' inactive >>>>>>>
2023-04-01 11:29:18,079 : INFO : SwitchController : <<<<<<< 's_right_flipper_2' active >>>>>>>
2023-04-01 11:29:18,079 : INFO : SwitchController : <<<<<<< 's_right_flipper_2' inactive >>>>>>>
2023-04-01 11:29:18,114 : INFO : SwitchController : <<<<<<< 's_right_flipper_1' inactive >>>>>>>
2023-04-01 11:29:18,117 : INFO : SwitchController : <<<<<<< 's_right_flipper_1' active >>>>>>>
2023-04-01 11:29:18,120 : INFO : SwitchController : <<<<<<< 's_right_flipper_1' inactive >>>>>>>
2023-04-01 11:29:18,208 : INFO : SwitchController : <<<<<<< 's_flip_right_eos' inactive >>>>>>>
2023-04-01 11:29:18,231 : INFO : SwitchController : <<<<<<< 's_right_flipper_1' active >>>>>>>
2023-04-01 11:29:18,232 : INFO : SwitchController : <<<<<<< 's_right_flipper_1' inactive >>>>>>>
2023-04-01 11:29:18,251 : INFO : SwitchController : <<<<<<< 's_flip_right_eos' active >>>>>>>
2023-04-01 11:29:18,252 : INFO : SwitchController : <<<<<<< 's_flip_left_eos' active >>>>>>>
2023-04-01 11:29:18,254 : INFO : SwitchController : <<<<<<< 's_flip_left_eos' inactive >>>>>>>
2023-04-01 11:29:18,256 : INFO : SwitchController : <<<<<<< 's_flip_left_eos' active >>>>>>>
2023-04-01 11:29:18,272 : INFO : SwitchController : <<<<<<< 's_flip_left_eos' inactive >>>>>>>
2023-04-01 11:29:18,272 : INFO : SwitchController : <<<<<<< 's_flip_left_eos' active >>>>>>>
2023-04-01 11:29:18,274 : INFO : SwitchController : <<<<<<< 's_flip_left_eos' inactive >>>>>>>
2023-04-01 11:29:18,359 : INFO : SwitchController : <<<<<<< 's_flip_right_eos' inactive >>>>>>>
2023-04-01 11:29:19,045 : INFO : SwitchController : <<<<<<< 's_left_flipper_1' active >>>>>>>
2023-04-01 11:29:19,066 : INFO : SwitchController : <<<<<<< 's_left_flipper_2' active >>>>>>>
2023-04-01 11:29:19,067 : INFO : SwitchController : <<<<<<< 's_flip_left_eos' active >>>>>>>
2023-04-01 11:29:19,067 : INFO : SwitchController : <<<<<<< 's_flip_left_top_eos' active >>>>>>>
2023-04-01 11:29:19,071 : INFO : SwitchController : <<<<<<< 's_left_flipper_2' inactive >>>>>>>
2023-04-01 11:29:19,087 : INFO : SwitchController : <<<<<<< 's_left_flipper_2' active >>>>>>>
2023-04-01 11:29:19,091 : INFO : SwitchController : <<<<<<< 's_right_flipper_1' active >>>>>>>
2023-04-01 11:29:19,092 : INFO : EventManager : Event: ======'flipper_cancel'====== Args={'triggering_group': 2, 'triggering_switch': 's_right_flipper_1'}
2023-04-01 11:29:19,096 : INFO : SwitchController : <<<<<<< 's_left_flipper_2' inactive >>>>>>>
2023-04-01 11:29:19,107 : INFO : SwitchController : <<<<<<< 's_right_flipper_2' active >>>>>>>
2023-04-01 11:29:19,107 : INFO : SwitchController : <<<<<<< 's_right_flipper_2' inactive >>>>>>>
2023-04-01 11:29:19,108 : INFO : SwitchController : <<<<<<< 's_left_flipper_2' active >>>>>>>
2023-04-01 11:29:19,108 : INFO : SwitchController : <<<<<<< 's_right_flipper_2' active >>>>>>>
2023-04-01 11:29:19,108 : INFO : SwitchController : <<<<<<< 's_right_flipper_2' inactive >>>>>>>
2023-04-01 11:29:19,112 : INFO : SwitchController : <<<<<<< 's_flip_right_eos' active >>>>>>>
2023-04-01 11:29:19,277 : INFO : SwitchController : <<<<<<< 's_right_flipper_1' inactive >>>>>>>
2023-04-01 11:29:19,277 : INFO : EventManager : Event: ======'both_flippers_one'====== Args={'triggering_group': 2, 'triggering_switch': 's_right_flipper_1'}
2023-04-01 11:29:19,365 : INFO : SwitchController : <<<<<<< 's_flip_right_eos' inactive >>>>>>>
2023-04-01 11:29:19,387 : INFO : SwitchController : <<<<<<< 's_left_flipper_2' inactive >>>>>>>
2023-04-01 11:29:19,393 : INFO : SwitchController : <<<<<<< 's_left_flipper_2' active >>>>>>>
2023-04-01 11:29:19,407 : INFO : SwitchController : <<<<<<< 's_left_flipper_2' inactive >>>>>>>
2023-04-01 11:29:19,407 : INFO : SwitchController : <<<<<<< 's_left_flipper_2' active >>>>>>>
2023-04-01 11:29:19,410 : INFO : SwitchController : <<<<<<< 's_left_flipper_2' inactive >>>>>>>
2023-04-01 11:29:19,427 : INFO : SwitchController : <<<<<<< 's_left_flipper_1' inactive >>>>>>>
2023-04-01 11:29:19,427 : INFO : EventManager : Event: ======'both_flippers_inactive'====== Args={'triggering_group': 1, 'triggering_switch': 's_left_flipper_1'}
2023-04-01 11:29:19,510 : INFO : SwitchController : <<<<<<< 's_flip_left_top_eos' inactive >>>>>>>
2023-04-01 11:29:19,539 : INFO : SwitchController : <<<<<<< 's_flip_left_eos' inactive >>>>>>>
2023-04-01 11:29:19,541 : INFO : SwitchController : <<<<<<< 's_flip_left_eos' active >>>>>>>
2023-04-01 11:29:19,544 : INFO : SwitchController : <<<<<<< 's_flip_left_eos' inactive >>>>>>>
2023-04-01 11:29:19,548 : INFO : SwitchController : <<<<<<< 's_flip_left_eos' active >>>>>>>
2023-04-01 11:29:19,549 : INFO : SwitchController : <<<<<<< 's_flip_left_eos' inactive >>>>>>>
2023-04-01 11:29:19,559 : INFO : SwitchController : <<<<<<< 's_flip_left_eos' active >>>>>>>
2023-04-01 11:29:19,559 : INFO : SwitchController : <<<<<<< 's_flip_left_eos' inactive >>>>>>>
2023-04-01 11:29:19,618 : INFO : SwitchController : <<<<<<< 's_left_flipper_1' active >>>>>>>
2023-04-01 11:29:19,623 : INFO : SwitchController : <<<<<<< 's_left_flipper_2' active >>>>>>>
2023-04-01 11:29:19,625 : INFO : SwitchController : <<<<<<< 's_flip_left_eos' active >>>>>>>
2023-04-01 11:29:19,639 : INFO : SwitchController : <<<<<<< 's_left_flipper_2' inactive >>>>>>>
2023-04-01 11:29:19,639 : INFO : SwitchController : <<<<<<< 's_flip_left_eos' inactive >>>>>>>
2023-04-01 11:29:19,639 : INFO : SwitchController : <<<<<<< 's_left_flipper_2' active >>>>>>>
2023-04-01 11:29:19,639 : INFO : SwitchController : <<<<<<< 's_flip_left_eos' active >>>>>>>
2023-04-01 11:29:19,640 : INFO : SwitchController : <<<<<<< 's_flip_left_top_eos' active >>>>>>>
2023-04-01 11:29:19,903 : INFO : SwitchController : <<<<<<< 's_left_flipper_2' inactive >>>>>>>
2023-04-01 11:29:19,909 : INFO : SwitchController : <<<<<<< 's_left_flipper_2' active >>>>>>>
2023-04-01 11:29:19,924 : INFO : SwitchController : <<<<<<< 's_left_flipper_2' inactive >>>>>>>
2023-04-01 11:29:19,944 : INFO : SwitchController : <<<<<<< 's_left_flipper_1' inactive >>>>>>>
2023-04-01 11:29:20,028 : INFO : SwitchController : <<<<<<< 's_flip_left_top_eos' inactive >>>>>>>
2023-04-01 11:29:20,058 : INFO : SwitchController : <<<<<<< 's_flip_left_eos' inactive >>>>>>>
2023-04-01 11:29:20,060 : INFO : SwitchController : <<<<<<< 's_flip_left_eos' active >>>>>>>
2023-04-01 11:29:20,078 : INFO : SwitchController : <<<<<<< 's_flip_left_eos' inactive >>>>>>>
2023-04-01 11:29:20,504 : INFO : SwitchController : <<<<<<< 's_right_flipper_1' active >>>>>>>
2023-04-01 11:29:20,506 : INFO : SwitchController : <<<<<<< 's_right_flipper_1' inactive >>>>>>>
2023-04-01 11:29:20,508 : INFO : SwitchController : <<<<<<< 's_right_flipper_1' active >>>>>>>
2023-04-01 11:29:20,524 : INFO : SwitchController : <<<<<<< 's_right_flipper_2' active >>>>>>>
2023-04-01 11:29:20,524 : INFO : SwitchController : <<<<<<< 's_right_flipper_1' inactive >>>>>>>
2023-04-01 11:29:20,525 : INFO : SwitchController : <<<<<<< 's_flip_right_eos' active >>>>>>>
2023-04-01 11:29:20,525 : INFO : SwitchController : <<<<<<< 's_flip_left_eos' active >>>>>>>
2023-04-01 11:29:20,528 : INFO : SwitchController : <<<<<<< 's_flip_left_eos' inactive >>>>>>>
2023-04-01 11:29:20,530 : INFO : SwitchController : <<<<<<< 's_flip_left_eos' active >>>>>>>
2023-04-01 11:29:20,533 : INFO : SwitchController : <<<<<<< 's_flip_left_eos' inactive >>>>>>>
2023-04-01 11:29:20,544 : INFO : SwitchController : <<<<<<< 's_flip_left_eos' active >>>>>>>
2023-04-01 11:29:20,544 : INFO : SwitchController : <<<<<<< 's_flip_left_eos' inactive >>>>>>>
2023-04-01 11:29:20,545 : INFO : SwitchController : <<<<<<< 's_flip_left_eos' active >>>>>>>
2023-04-01 11:29:20,545 : INFO : SwitchController : <<<<<<< 's_flip_left_eos' inactive >>>>>>>
2023-04-01 11:29:20,550 : INFO : SwitchController : <<<<<<< 's_flip_left_eos' active >>>>>>>
2023-04-01 11:29:20,564 : INFO : SwitchController : <<<<<<< 's_flip_left_eos' inactive >>>>>>>
2023-04-01 11:29:20,567 : INFO : SwitchController : <<<<<<< 's_flip_left_eos' active >>>>>>>
2023-04-01 11:29:20,569 : INFO : SwitchController : <<<<<<< 's_flip_left_eos' inactive >>>>>>>
2023-04-01 11:29:20,571 : INFO : SwitchController : <<<<<<< 's_flip_left_eos' active >>>>>>>
2023-04-01 11:29:20,573 : INFO : SwitchController : <<<<<<< 's_flip_left_eos' inactive >>>>>>>
2023-04-01 11:29:20,635 : INFO : SwitchController : <<<<<<< 's_flip_right_eos' inactive >>>>>>>
2023-04-01 11:29:20,669 : INFO : SwitchController : <<<<<<< 's_right_flipper_1' active >>>>>>>
2023-04-01 11:29:20,670 : INFO : SwitchController : <<<<<<< 's_right_flipper_2' inactive >>>>>>>
2023-04-01 11:29:20,689 : INFO : SwitchController : <<<<<<< 's_right_flipper_1' inactive >>>>>>>
2023-04-01 11:29:20,689 : INFO : SwitchController : <<<<<<< 's_flip_right_eos' active >>>>>>>
2023-04-01 11:29:20,690 : INFO : SwitchController : <<<<<<< 's_flip_left_eos' active >>>>>>>
2023-04-01 11:29:20,693 : INFO : SwitchController : <<<<<<< 's_flip_left_eos' inactive >>>>>>>
2023-04-01 11:29:20,695 : INFO : SwitchController : <<<<<<< 's_flip_left_eos' active >>>>>>>
2023-04-01 11:29:20,708 : INFO : SwitchController : <<<<<<< 's_flip_left_eos' inactive >>>>>>>
2023-04-01 11:29:20,709 : INFO : SwitchController : <<<<<<< 's_flip_left_eos' active >>>>>>>
2023-04-01 11:29:20,709 : INFO : SwitchController : <<<<<<< 's_flip_left_eos' inactive >>>>>>>
2023-04-01 11:29:20,709 : INFO : SwitchController : <<<<<<< 's_left_flipper_1' active >>>>>>>
2023-04-01 11:29:20,729 : INFO : SwitchController : <<<<<<< 's_flip_left_eos' active >>>>>>>
2023-04-01 11:29:20,730 : INFO : SwitchController : <<<<<<< 's_flip_left_top_eos' active >>>>>>>
2023-04-01 11:29:20,730 : INFO : SwitchController : <<<<<<< 's_left_flipper_2' active >>>>>>>
2023-04-01 11:29:20,736 : INFO : SwitchController : <<<<<<< 's_left_flipper_2' inactive >>>>>>>
2023-04-01 11:29:20,749 : INFO : SwitchController : <<<<<<< 's_left_flipper_2' active >>>>>>>
2023-04-01 11:29:20,749 : INFO : SwitchController : <<<<<<< 's_left_flipper_2' inactive >>>>>>>
2023-04-01 11:29:20,750 : INFO : SwitchController : <<<<<<< 's_left_flipper_2' active >>>>>>>
2023-04-01 11:29:20,752 : INFO : SwitchController : <<<<<<< 's_left_flipper_2' inactive >>>>>>>
2023-04-01 11:29:20,758 : INFO : SwitchController : <<<<<<< 's_left_flipper_2' active >>>>>>>
2023-04-01 11:29:20,799 : INFO : SwitchController : <<<<<<< 's_flip_right_eos' inactive >>>>>>>
2023-04-01 11:29:20,873 : INFO : SwitchController : <<<<<<< 's_left_flipper_2' inactive >>>>>>>
2023-04-01 11:29:20,883 : INFO : SwitchController : <<<<<<< 's_left_flipper_2' active >>>>>>>
2023-04-01 11:29:20,892 : INFO : SwitchController : <<<<<<< 's_left_flipper_2' inactive >>>>>>>
2023-04-01 11:29:20,913 : INFO : SwitchController : <<<<<<< 's_left_flipper_1' inactive >>>>>>>
2023-04-01 11:29:20,998 : INFO : SwitchController : <<<<<<< 's_flip_left_top_eos' inactive >>>>>>>
2023-04-01 11:29:21,027 : INFO : SwitchController : <<<<<<< 's_flip_left_eos' inactive >>>>>>>
2023-04-01 11:29:21,029 : INFO : SwitchController : <<<<<<< 's_flip_left_eos' active >>>>>>>
2023-04-01 11:29:21,049 : INFO : SwitchController : <<<<<<< 's_flip_left_eos' inactive >>>>>>>
2023-04-01 11:29:21,049 : INFO : SwitchController : <<<<<<< 's_flip_left_eos' active >>>>>>>
2023-04-01 11:29:21,051 : INFO : SwitchController : <<<<<<< 's_flip_left_eos' inactive >>>>>>>
2023-04-01 11:29:21,083 : INFO : SwitchController : <<<<<<< 's_flip_left_eos' active >>>>>>>
2023-04-01 11:29:21,085 : INFO : SwitchController : <<<<<<< 's_flip_left_eos' inactive >>>>>>>
2023-04-01 11:29:21,088 : INFO : SwitchController : <<<<<<< 's_flip_left_eos' active >>>>>>>
2023-04-01 11:29:21,091 : INFO : SwitchController : <<<<<<< 's_flip_left_eos' inactive >>>>>>>
2023-04-01 11:29:21,512 : INFO : SwitchController : <<<<<<< 's_right_flipper_2' active >>>>>>>
2023-04-01 11:29:21,515 : INFO : SwitchController : <<<<<<< 's_right_flipper_2' inactive >>>>>>>
2023-04-01 11:29:21,518 : INFO : SwitchController : <<<<<<< 's_right_flipper_2' active >>>>>>>
2023-04-01 11:29:21,520 : INFO : SwitchController : <<<<<<< 's_right_flipper_2' inactive >>>>>>>
2023-04-01 11:29:21,532 : INFO : SwitchController : <<<<<<< 's_right_flipper_2' active >>>>>>>
2023-04-01 11:29:21,533 : INFO : SwitchController : <<<<<<< 's_right_flipper_2' inactive >>>>>>>
2023-04-01 11:29:21,598 : INFO : SwitchController : <<<<<<< 's_right_flipper_2' active >>>>>>>
2023-04-01 11:29:21,628 : INFO : SwitchController : <<<<<<< 's_flip_left_eos' active >>>>>>>
2023-04-01 11:29:21,630 : INFO : SwitchController : <<<<<<< 's_flip_left_eos' inactive >>>>>>>
2023-04-01 11:29:21,786 : INFO : SwitchController : <<<<<<< 's_right_flipper_1' active >>>>>>>
2023-04-01 11:29:21,786 : INFO : SwitchController : <<<<<<< 's_right_flipper_2' inactive >>>>>>>
2023-04-01 11:29:21,789 : INFO : SwitchController : <<<<<<< 's_right_flipper_1' inactive >>>>>>>
2023-04-01 11:29:21,791 : INFO : SwitchController : <<<<<<< 's_right_flipper_2' active >>>>>>>
2023-04-01 11:29:21,794 : INFO : SwitchController : <<<<<<< 's_right_flipper_2' inactive >>>>>>>
2023-04-01 11:29:21,807 : INFO : SwitchController : <<<<<<< 's_b_eos' inactive >>>>>>>
2023-04-01 11:29:21,807 : INFO : SwitchController : <<<<<<< 's_flip_right_eos' active >>>>>>>
2023-04-01 11:29:21,808 : INFO : SwitchController : <<<<<<< 's_flip_left_eos' active >>>>>>>
2023-04-01 11:29:21,811 : INFO : SwitchController : <<<<<<< 's_flip_left_eos' inactive >>>>>>>
2023-04-01 11:29:21,813 : INFO : SwitchController : <<<<<<< 's_flip_left_eos' active >>>>>>>
2023-04-01 11:29:21,827 : INFO : SwitchController : <<<<<<< 's_flip_left_eos' inactive >>>>>>>
2023-04-01 11:29:21,827 : INFO : SwitchController : <<<<<<< 's_flip_left_eos' active >>>>>>>
2023-04-01 11:29:21,828 : INFO : SwitchController : <<<<<<< 's_flip_left_eos' inactive >>>>>>>
2023-04-01 11:29:21,833 : INFO : SwitchController : <<<<<<< 's_flip_left_eos' active >>>>>>>
2023-04-01 11:29:21,835 : INFO : SwitchController : <<<<<<< 's_flip_left_eos' inactive >>>>>>>
2023-04-01 11:29:21,919 : INFO : SwitchController : <<<<<<< 's_flip_right_eos' inactive >>>>>>>
2023-04-01 11:29:23,631 : INFO : SwitchController : <<<<<<< 's_right_flipper_2' active >>>>>>>
2023-04-01 11:29:23,633 : INFO : SwitchController : <<<<<<< 's_right_flipper_2' inactive >>>>>>>
2023-04-01 11:29:23,635 : INFO : SwitchController : <<<<<<< 's_right_flipper_1' active >>>>>>>
2023-04-01 11:29:23,640 : INFO : SwitchController : <<<<<<< 's_right_flipper_2' active >>>>>>>
2023-04-01 11:29:23,653 : INFO : SwitchController : <<<<<<< 's_right_flipper_2' inactive >>>>>>>
2023-04-01 11:29:23,653 : INFO : SwitchController : <<<<<<< 's_flip_left_eos' active >>>>>>>
2023-04-01 11:29:23,653 : INFO : SwitchController : <<<<<<< 's_b_eos' active >>>>>>>
2023-04-01 11:29:23,653 : INFO : SwitchController : <<<<<<< 's_flip_left_eos' inactive >>>>>>>
2023-04-01 11:29:23,653 : INFO : SwitchController : <<<<<<< 's_right_flipper_2' active >>>>>>>
2023-04-01 11:29:23,655 : INFO : SwitchController : <<<<<<< 's_flip_right_eos' active >>>>>>>
2023-04-01 11:29:23,658 : INFO : SwitchController : <<<<<<< 's_flip_left_eos' active >>>>>>>
2023-04-01 11:29:23,673 : INFO : SwitchController : <<<<<<< 's_flip_left_eos' inactive >>>>>>>
2023-04-01 11:29:23,674 : INFO : SwitchController : <<<<<<< 's_flip_left_eos' active >>>>>>>
2023-04-01 11:29:23,675 : INFO : SwitchController : <<<<<<< 's_right_flipper_1' inactive >>>>>>>
2023-04-01 11:29:23,675 : INFO : SwitchController : <<<<<<< 's_right_flipper_2' inactive >>>>>>>
2023-04-01 11:29:23,676 : INFO : SwitchController : <<<<<<< 's_flip_left_eos' inactive >>>>>>>
2023-04-01 11:29:23,679 : INFO : SwitchController : <<<<<<< 's_flip_left_eos' active >>>>>>>
2023-04-01 11:29:23,682 : INFO : SwitchController : <<<<<<< 's_flip_left_eos' inactive >>>>>>>
2023-04-01 11:29:23,693 : INFO : SwitchController : <<<<<<< 's_flip_left_eos' active >>>>>>>
2023-04-01 11:29:23,693 : INFO : SwitchController : <<<<<<< 's_flip_left_eos' inactive >>>>>>>
2023-04-01 11:29:23,693 : INFO : SwitchController : <<<<<<< 's_flip_left_eos' active >>>>>>>
2023-04-01 11:29:23,693 : INFO : SwitchController : <<<<<<< 's_flip_left_eos' inactive >>>>>>>
2023-04-01 11:29:23,694 : INFO : SwitchController : <<<<<<< 's_flip_left_eos' active >>>>>>>
2023-04-01 11:29:23,696 : INFO : SwitchController : <<<<<<< 's_flip_left_eos' inactive >>>>>>>
2023-04-01 11:29:23,774 : INFO : SwitchController : <<<<<<< 's_flip_right_eos' inactive >>>>>>>
2023-04-01 11:29:24,047 : INFO : SwitchController : <<<<<<< 's_right_flipper_2' active >>>>>>>
2023-04-01 11:29:24,051 : INFO : SwitchController : <<<<<<< 's_right_flipper_1' active >>>>>>>
2023-04-01 11:29:24,070 : INFO : SwitchController : <<<<<<< 's_right_flipper_2' inactive >>>>>>>
2023-04-01 11:29:24,071 : INFO : SwitchController : <<<<<<< 's_right_flipper_1' inactive >>>>>>>
2023-04-01 11:29:24,071 : INFO : SwitchController : <<<<<<< 's_right_flipper_2' active >>>>>>>
2023-04-01 11:29:24,072 : INFO : SwitchController : <<<<<<< 's_right_flipper_2' inactive >>>>>>>
2023-04-01 11:29:24,072 : INFO : SwitchController : <<<<<<< 's_flip_right_eos' active >>>>>>>
2023-04-01 11:29:24,073 : INFO : SwitchController : <<<<<<< 's_flip_left_eos' active >>>>>>>
2023-04-01 11:29:24,091 : INFO : SwitchController : <<<<<<< 's_flip_left_eos' inactive >>>>>>>
2023-04-01 11:29:24,091 : INFO : SwitchController : <<<<<<< 's_flip_left_eos' active >>>>>>>
2023-04-01 11:29:24,092 : INFO : SwitchController : <<<<<<< 's_flip_left_eos' inactive >>>>>>>
2023-04-01 11:29:24,095 : INFO : SwitchController : <<<<<<< 's_flip_left_eos' active >>>>>>>
2023-04-01 11:29:24,098 : INFO : SwitchController : <<<<<<< 's_flip_left_eos' inactive >>>>>>>
2023-04-01 11:29:24,111 : INFO : SwitchController : <<<<<<< 's_flip_left_eos' active >>>>>>>
2023-04-01 11:29:24,111 : INFO : SwitchController : <<<<<<< 's_flip_left_eos' inactive >>>>>>>
2023-04-01 11:29:24,111 : INFO : SwitchController : <<<<<<< 's_flip_left_eos' active >>>>>>>
2023-04-01 11:29:24,111 : INFO : SwitchController : <<<<<<< 's_flip_left_eos' inactive >>>>>>>
2023-04-01 11:29:24,182 : INFO : SwitchController : <<<<<<< 's_flip_right_eos' inactive >>>>>>>
2023-04-01 11:29:25,392 : INFO : SwitchController : <<<<<<< 's_right_flipper_1' active >>>>>>>
2023-04-01 11:29:25,395 : INFO : SwitchController : <<<<<<< 's_right_flipper_1' inactive >>>>>>>
2023-04-01 11:29:25,412 : INFO : SwitchController : <<<<<<< 's_flip_left_eos' active >>>>>>>
2023-04-01 11:29:25,412 : INFO : SwitchController : <<<<<<< 's_flip_left_eos' inactive >>>>>>>
2023-04-01 11:29:25,412 : INFO : SwitchController : <<<<<<< 's_right_flipper_1' active >>>>>>>
2023-04-01 11:29:25,413 : INFO : SwitchController : <<<<<<< 's_right_flipper_1' inactive >>>>>>>
2023-04-01 11:29:25,413 : INFO : SwitchController : <<<<<<< 's_flip_right_eos' active >>>>>>>
2023-04-01 11:29:25,413 : INFO : SwitchController : <<<<<<< 's_flip_left_eos' active >>>>>>>
2023-04-01 11:29:25,416 : INFO : SwitchController : <<<<<<< 's_flip_left_eos' inactive >>>>>>>
2023-04-01 11:29:25,419 : INFO : SwitchController : <<<<<<< 's_flip_left_eos' active >>>>>>>
2023-04-01 11:29:25,434 : INFO : SwitchController : <<<<<<< 's_flip_left_eos' inactive >>>>>>>
2023-04-01 11:29:25,434 : INFO : SwitchController : <<<<<<< 's_flip_left_eos' active >>>>>>>
2023-04-01 11:29:25,435 : INFO : SwitchController : <<<<<<< 's_flip_left_eos' inactive >>>>>>>
2023-04-01 11:29:25,435 : INFO : SwitchController : <<<<<<< 's_flip_left_eos' active >>>>>>>
2023-04-01 11:29:25,436 : INFO : SwitchController : <<<<<<< 's_flip_left_eos' inactive >>>>>>>
2023-04-01 11:29:25,524 : INFO : SwitchController : <<<<<<< 's_flip_right_eos' inactive >>>>>>>
2023-04-01 11:29:25,599 : INFO : SwitchController : <<<<<<< 's_right_flipper_1' active >>>>>>>
2023-04-01 11:29:25,603 : INFO : SwitchController : <<<<<<< 's_right_flipper_1' inactive >>>>>>>
2023-04-01 11:29:25,620 : INFO : SwitchController : <<<<<<< 's_flip_right_eos' active >>>>>>>
2023-04-01 11:29:25,620 : INFO : SwitchController : <<<<<<< 's_flip_left_eos' active >>>>>>>
2023-04-01 11:29:25,624 : INFO : SwitchController : <<<<<<< 's_right_flipper_1' active >>>>>>>
2023-04-01 11:29:25,642 : INFO : SwitchController : <<<<<<< 's_flip_left_eos' inactive >>>>>>>
2023-04-01 11:29:25,644 : INFO : SwitchController : <<<<<<< 's_flip_left_eos' active >>>>>>>
2023-04-01 11:29:25,645 : INFO : SwitchController : <<<<<<< 's_flip_left_eos' inactive >>>>>>>
2023-04-01 11:29:25,682 : INFO : SwitchController : <<<<<<< 's_right_flipper_1' inactive >>>>>>>
2023-04-01 11:29:25,772 : INFO : SwitchController : <<<<<<< 's_flip_right_eos' inactive >>>>>>>
2023-04-01 11:29:26,400 : INFO : SwitchController : <<<<<<< 's_right_flipper_1' active >>>>>>>
2023-04-01 11:29:26,402 : INFO : SwitchController : <<<<<<< 's_right_flipper_1' inactive >>>>>>>
2023-04-01 11:29:26,422 : INFO : SwitchController : <<<<<<< 's_right_flipper_1' active >>>>>>>
2023-04-01 11:29:26,422 : INFO : SwitchController : <<<<<<< 's_right_flipper_1' inactive >>>>>>>
2023-04-01 11:29:26,422 : INFO : SwitchController : <<<<<<< 's_flip_right_eos' active >>>>>>>
2023-04-01 11:29:26,422 : INFO : SwitchController : <<<<<<< 's_flip_left_eos' active >>>>>>>
2023-04-01 11:29:26,423 : INFO : SwitchController : <<<<<<< 's_right_flipper_1' active >>>>>>>
2023-04-01 11:29:26,442 : INFO : SwitchController : <<<<<<< 's_flip_left_eos' inactive >>>>>>>
2023-04-01 11:29:26,442 : INFO : SwitchController : <<<<<<< 's_flip_left_eos' active >>>>>>>
2023-04-01 11:29:26,445 : INFO : SwitchController : <<<<<<< 's_flip_left_eos' inactive >>>>>>>
2023-04-01 11:29:26,448 : INFO : SwitchController : <<<<<<< 's_flip_left_eos' active >>>>>>>
2023-04-01 11:29:26,450 : INFO : SwitchController : <<<<<<< 's_flip_left_eos' inactive >>>>>>>
2023-04-01 11:29:26,542 : INFO : SwitchController : <<<<<<< 's_right_flipper_1' inactive >>>>>>>
2023-04-01 11:29:26,544 : INFO : SwitchController : <<<<<<< 's_right_flipper_1' active >>>>>>>
2023-04-01 11:29:26,549 : INFO : SwitchController : <<<<<<< 's_right_flipper_1' inactive >>>>>>>
2023-04-01 11:29:26,561 : INFO : SwitchController : <<<<<<< 's_right_flipper_1' active >>>>>>>
2023-04-01 11:29:26,566 : INFO : SwitchController : <<<<<<< 's_right_flipper_1' inactive >>>>>>>
2023-04-01 11:29:26,587 : INFO : SwitchController : <<<<<<< 's_right_flipper_1' active >>>>>>>
2023-04-01 11:29:26,589 : INFO : SwitchController : <<<<<<< 's_right_flipper_1' inactive >>>>>>>
2023-04-01 11:29:26,659 : INFO : SwitchController : <<<<<<< 's_flip_right_eos' inactive >>>>>>>
2023-04-01 11:29:26,864 : INFO : SwitchController : <<<<<<< 's_right_flipper_1' active >>>>>>>
2023-04-01 11:29:26,867 : INFO : SwitchController : <<<<<<< 's_right_flipper_1' inactive >>>>>>>
2023-04-01 11:29:26,871 : INFO : SwitchController : <<<<<<< 's_right_flipper_1' active >>>>>>>
2023-04-01 11:29:26,873 : INFO : SwitchController : <<<<<<< 's_flip_left_eos' active >>>>>>>
2023-04-01 11:29:26,885 : INFO : SwitchController : <<<<<<< 's_flip_left_eos' inactive >>>>>>>
2023-04-01 11:29:26,885 : INFO : SwitchController : <<<<<<< 's_flip_right_eos' active >>>>>>>
2023-04-01 11:29:26,885 : INFO : SwitchController : <<<<<<< 's_flip_left_eos' active >>>>>>>
2023-04-01 11:29:26,905 : INFO : SwitchController : <<<<<<< 's_flip_left_eos' inactive >>>>>>>
2023-04-01 11:29:26,906 : INFO : SwitchController : <<<<<<< 's_flip_left_eos' active >>>>>>>
2023-04-01 11:29:26,909 : INFO : SwitchController : <<<<<<< 's_flip_left_eos' inactive >>>>>>>
2023-04-01 11:29:26,924 : INFO : SwitchController : <<<<<<< 's_flip_left_eos' active >>>>>>>
2023-04-01 11:29:26,925 : INFO : SwitchController : <<<<<<< 's_flip_left_eos' inactive >>>>>>>
2023-04-01 11:29:27,583 : INFO : SwitchController : <<<<<<< 's_right_flipper_1' inactive >>>>>>>
2023-04-01 11:29:27,670 : INFO : SwitchController : <<<<<<< 's_flip_right_eos' inactive >>>>>>>
2023-04-01 11:29:52,767 : INFO : Machine : Shutting down...
2023-04-01 11:29:52,767 : INFO : EventManager : Event: ======'shutdown'====== Args={}
2023-04-01 11:29:52,878 : INFO : root : MPF run loop ended.
