2023-03-31 19:59:51,371 : INFO : root : Loading config.
2023-03-31 19:59:51,771 : INFO : ConfigProcessor : Config spec file cache created: /var/folders/0y/x6b2lmrx6vq3nhkjncz48nhc0000gn/T/config_spec.mpf_cache
2023-03-31 19:59:51,772 : INFO : YamlMultifileConfigLoader : Machine config file #1: config.yaml
2023-03-31 19:59:51,772 : WARNING : ConfigProcessor : Config file in cache changed: /Users/tpetch/Documents/trashland_3/config/config.yaml
2023-03-31 19:59:51,772 : INFO : ConfigProcessor : Loading config from file /Users/tpetch/.local/pipx/venvs/mpf/lib/python3.9/site-packages/mpf/mpfconfig.yaml.
2023-03-31 19:59:51,844 : INFO : ConfigProcessor : Loading config: /Users/tpetch/.local/pipx/venvs/mpf/lib/python3.9/site-packages/mpf/mpfconfig.yaml
2023-03-31 19:59:51,844 : INFO : ConfigProcessor : Loading config from file /Users/tpetch/Documents/trashland_3/config/config.yaml.
2023-03-31 19:59:51,976 : INFO : ConfigProcessor : Loading config: /Users/tpetch/Documents/trashland_3/config/config.yaml
2023-03-31 19:59:51,980 : INFO : ConfigProcessor : Config file cache created: /var/folders/0y/x6b2lmrx6vq3nhkjncz48nhc0000gn/T/28c67afebeedf0bcd540f5dc9898a885.mpf_cache
2023-03-31 19:59:52,054 : INFO : ConfigProcessor : Loading config from cache: /var/folders/0y/x6b2lmrx6vq3nhkjncz48nhc0000gn/T/0c88cc6e742c1d6ff62a4ddd2bb23fa0.mpf_cache
2023-03-31 19:59:52,054 : INFO : ConfigProcessor : Loading config from cache: /var/folders/0y/x6b2lmrx6vq3nhkjncz48nhc0000gn/T/d3948d842c6309f14ab557c3c72320d0.mpf_cache
2023-03-31 19:59:52,055 : INFO : Machine : Mission Pinball Framework Core Engine v0.56.1.dev4
2023-03-31 19:59:52,055 : INFO : Machine : Command line arguments: {'no_load_cache': False, 'create_config_cache': True, 'bcp': False, 'configfile': ['config.yaml'], 'force_assets_load': False, 'jsonlogging': False, 'logfile': 'logs/2023-03-31-19-59-51-mpf-Tanners-MacBook-Pro-2.local.log', 'pause': False, 'production': False, 'text_ui': True, 'loglevel': 15, 'consoleloglevel': 20, 'force_platform': None, 'syslog_address': None, 'mc_file_name': None, 'no_sound': False}
2023-03-31 19:59:52,055 : INFO : Machine : MPF path: /Users/tpetch/.local/pipx/venvs/mpf/lib/python3.9/site-packages/mpf
2023-03-31 19:59:52,055 : INFO : Machine : Machine path: /Users/tpetch/Documents/trashland_3
2023-03-31 19:59:52,055 : INFO : Machine : Platform: darwin
2023-03-31 19:59:52,055 : INFO : Machine : Python executable location: /Users/tpetch/.local/pipx/venvs/mpf/bin/python
2023-03-31 19:59:52,055 : INFO : Machine : Python version: 3.9.13 (64-bit)
2023-03-31 19:59:52,063 : INFO : Machine : Initialise MPF.
2023-03-31 19:59:52,148 : INFO : [NET] : Trying to connect to /dev/tty.usbmodem14101 at 921600bps
2023-03-31 19:59:52,154 : INFO : [NET] : Connected to /dev/tty.usbmodem14101 at 921600bps
2023-03-31 19:59:52,166 : INFO : [NET] : Connected to FP-CPU-2000 with firmware v02.06
2023-03-31 19:59:52,167 : INFO : EventManager : Event: ======'machine_var_fast_net_firmware'====== Args={'value': '02.06', 'prev_value': None, 'change': True}
2023-03-31 19:59:52,167 : INFO : EventManager : Event: ======'machine_var_fast_net_model'====== Args={'value': 'FP-CPU-2000', 'prev_value': None, 'change': True}
2023-03-31 19:59:52,169 : INFO : [NET] : Registered I/O Board 0: Model: FP-I/O-0804, Firmware: 01.09, Switches: 8, Drivers: 4
2023-03-31 19:59:52,170 : INFO : [NET] : Registered I/O Board 1: Model: FP-I/O-0804, Firmware: 01.09, Switches: 8, Drivers: 4
2023-03-31 19:59:52,171 : INFO : [NET] : Registered I/O Board 2: Model: FP-I/O-3208, Firmware: 01.09, Switches: 32, Drivers: 8
2023-03-31 19:59:52,173 : INFO : [NET] : Registered I/O Board 3: Model: FP-I/O-1616, Firmware: 01.09, Switches: 16, Drivers: 16
2023-03-31 19:59:52,174 : INFO : [NET] : Registered I/O Board 4: Model: FP-I/O-3208, Firmware: 01.09, Switches: 32, Drivers: 8
2023-03-31 19:59:52,176 : INFO : [EXP] : Trying to connect to /dev/tty.usbmodem14103 at 921600bps
2023-03-31 19:59:52,180 : INFO : [EXP] : Connected to /dev/tty.usbmodem14103 at 921600bps
2023-03-31 19:59:52,186 : INFO : EventManager : Event: ======'machine_var_credits_string'====== Args={'value': 'FREE PLAY', 'prev_value': None, 'change': True}
2023-03-31 19:59:52,226 : INFO : EventManager : Event: ======'machine_var_master_volume'====== Args={'value': 0.5, 'prev_value': None, 'change': True}
2023-03-31 19:59:52,226 : INFO : EventManager : Event: ======'machine_var_mpf_version'====== Args={'value': 'MPF v0.56.1.dev4', 'prev_value': None, 'change': True}
2023-03-31 19:59:52,226 : INFO : EventManager : Event: ======'machine_var_mpf_extended_version'====== Args={'value': 'MPF v0.56.1.dev4, Config version:5, Show version: 5, BCP version:1.1', 'prev_value': None, 'change': True}
2023-03-31 19:59:52,226 : INFO : EventManager : Event: ======'machine_var_python_version'====== Args={'value': '3.9.13', 'prev_value': None, 'change': True}
2023-03-31 19:59:52,241 : INFO : EventManager : Event: ======'machine_var_platform'====== Args={'value': 'macOS-10.16-x86_64-i386-64bit', 'prev_value': None, 'change': True}
2023-03-31 19:59:52,241 : INFO : EventManager : Event: ======'machine_var_platform_system'====== Args={'value': 'Darwin', 'prev_value': None, 'change': True}
2023-03-31 19:59:52,241 : INFO : EventManager : Event: ======'machine_var_platform_release'====== Args={'value': '22.2.0', 'prev_value': None, 'change': True}
2023-03-31 19:59:52,241 : INFO : EventManager : Event: ======'machine_var_platform_version'====== Args={'value': 'Darwin Kernel Version 22.2.0: Fri Nov 11 02:08:47 PST 2022; root:xnu-8792.61.2~4/RELEASE_X86_64', 'prev_value': None, 'change': True}
2023-03-31 19:59:52,241 : INFO : EventManager : Event: ======'machine_var_platform_machine'====== Args={'value': 'x86_64', 'prev_value': None, 'change': True}
2023-03-31 19:59:52,242 : INFO : EventManager : Event: ======'init_phase_1'====== Args={}
2023-03-31 19:59:52,311 : INFO : EventManager : Event: ======'init_phase_2'====== Args={}
2023-03-31 19:59:52,312 : INFO : SwitchController : Found active switch: (('1D', 0), <Platform.FAST>) <switch.s_trough_1>
2023-03-31 19:59:52,312 : INFO : SwitchController : Found active switch: (('34', 0), <Platform.FAST>) <switch.s_drop_scoop>
2023-03-31 19:59:52,318 : INFO : ball_device.bd_vuk_back : BCH: Initial count: 0
2023-03-31 19:59:52,318 : INFO : ball_device.bd_vuk_back : State: idle
2023-03-31 19:59:52,319 : INFO : ball_device.bd_vuk_right : BCH: Initial count: 0
2023-03-31 19:59:52,319 : INFO : ball_device.bd_vuk_right : State: idle
2023-03-31 19:59:52,320 : INFO : ball_device.bd_vuk_bot : BCH: Initial count: 0
2023-03-31 19:59:52,320 : INFO : ball_device.bd_vuk_bot : State: idle
2023-03-31 19:59:52,320 : INFO : ball_device.bd_trough : BCH: Initial count: 1
2023-03-31 19:59:52,321 : INFO : ball_device.bd_trough : State: idle
2023-03-31 19:59:52,321 : INFO : ball_device.bd_plunger : BCH: Initial count: 0
2023-03-31 19:59:52,321 : INFO : ball_device.bd_plunger : State: idle
2023-03-31 19:59:52,337 : INFO : EventManager : Event: ======'init_phase_3'====== Args={}
2023-03-31 19:59:52,341 : INFO : EventManager : Event: ======'init_phase_4'====== Args={}
2023-03-31 19:59:52,341 : INFO : BallController : Initial balls found: 1
2023-03-31 19:59:52,343 : INFO : EventManager : Event: ======'machine_var_audits_events_game_ended'====== Args={'value': 0, 'prev_value': None, 'change': True}
2023-03-31 19:59:52,344 : INFO : EventManager : Event: ======'machine_var_audits_events_game_started'====== Args={'value': 7, 'prev_value': None, 'change': True}
2023-03-31 19:59:52,344 : INFO : EventManager : Event: ======'machine_var_audits_player_score'====== Args={'value': {'average': 0, 'top': [], 'total': 0}, 'prev_value': None, 'change': True}
2023-03-31 19:59:52,344 : INFO : EventManager : Event: ======'machine_var_audits_switches_s_autolauncher'====== Args={'value': 12, 'prev_value': None, 'change': True}
2023-03-31 19:59:52,344 : INFO : EventManager : Event: ======'machine_var_audits_switches_s_b_eos'====== Args={'value': 139, 'prev_value': None, 'change': True}
2023-03-31 19:59:52,344 : INFO : EventManager : Event: ======'machine_var_audits_switches_s_b_pop'====== Args={'value': 32, 'prev_value': None, 'change': True}
2023-03-31 19:59:52,344 : INFO : EventManager : Event: ======'machine_var_audits_switches_s_b_rollover_interchange'====== Args={'value': 2, 'prev_value': None, 'change': True}
2023-03-31 19:59:52,344 : INFO : EventManager : Event: ======'machine_var_audits_switches_s_b_rollover_loop'====== Args={'value': 1, 'prev_value': None, 'change': True}
2023-03-31 19:59:52,345 : INFO : EventManager : Event: ======'machine_var_audits_switches_s_b_rollover_misc'====== Args={'value': 2, 'prev_value': None, 'change': True}
2023-03-31 19:59:52,345 : INFO : EventManager : Event: ======'machine_var_audits_switches_s_b_target_left'====== Args={'value': 1, 'prev_value': None, 'change': True}
2023-03-31 19:59:52,345 : INFO : EventManager : Event: ======'machine_var_audits_switches_s_b_target_right'====== Args={'value': 2, 'prev_value': None, 'change': True}
2023-03-31 19:59:52,345 : INFO : EventManager : Event: ======'machine_var_audits_switches_s_drop_mid_center'====== Args={'value': 0, 'prev_value': None, 'change': True}
2023-03-31 19:59:52,345 : INFO : EventManager : Event: ======'machine_var_audits_switches_s_drop_mid_left'====== Args={'value': 0, 'prev_value': None, 'change': True}
2023-03-31 19:59:52,345 : INFO : EventManager : Event: ======'machine_var_audits_switches_s_drop_mid_right'====== Args={'value': 0, 'prev_value': None, 'change': True}
2023-03-31 19:59:52,345 : INFO : EventManager : Event: ======'machine_var_audits_switches_s_drop_right_left'====== Args={'value': 0, 'prev_value': None, 'change': True}
2023-03-31 19:59:52,345 : INFO : EventManager : Event: ======'machine_var_audits_switches_s_drop_right_right'====== Args={'value': 0, 'prev_value': None, 'change': True}
2023-03-31 19:59:52,345 : INFO : EventManager : Event: ======'machine_var_audits_switches_s_drop_scoop'====== Args={'value': 0, 'prev_value': None, 'change': True}
2023-03-31 19:59:52,346 : INFO : EventManager : Event: ======'machine_var_audits_switches_s_drop_single'====== Args={'value': 1, 'prev_value': None, 'change': True}
2023-03-31 19:59:52,346 : INFO : EventManager : Event: ======'machine_var_audits_switches_s_flip_left_eos'====== Args={'value': 997, 'prev_value': None, 'change': True}
2023-03-31 19:59:52,346 : INFO : EventManager : Event: ======'machine_var_audits_switches_s_flip_left_top_eos'====== Args={'value': 61, 'prev_value': None, 'change': True}
2023-03-31 19:59:52,346 : INFO : EventManager : Event: ======'machine_var_audits_switches_s_flip_right_eos'====== Args={'value': 140, 'prev_value': None, 'change': True}
2023-03-31 19:59:52,346 : INFO : EventManager : Event: ======'machine_var_audits_switches_s_inlane_left'====== Args={'value': 0, 'prev_value': None, 'change': True}
2023-03-31 19:59:52,346 : INFO : EventManager : Event: ======'machine_var_audits_switches_s_inlane_right'====== Args={'value': 1, 'prev_value': None, 'change': True}
2023-03-31 19:59:52,347 : INFO : EventManager : Event: ======'machine_var_audits_switches_s_l_rollover'====== Args={'value': 1, 'prev_value': None, 'change': True}
2023-03-31 19:59:52,347 : INFO : EventManager : Event: ======'machine_var_audits_switches_s_l_target_far'====== Args={'value': 1, 'prev_value': None, 'change': True}
2023-03-31 19:59:52,347 : INFO : EventManager : Event: ======'machine_var_audits_switches_s_l_target_large'====== Args={'value': 1, 'prev_value': None, 'change': True}
2023-03-31 19:59:52,347 : INFO : EventManager : Event: ======'machine_var_audits_switches_s_l_target_left'====== Args={'value': 2, 'prev_value': None, 'change': True}
2023-03-31 19:59:52,347 : INFO : EventManager : Event: ======'machine_var_audits_switches_s_l_target_right'====== Args={'value': 1, 'prev_value': None, 'change': True}
2023-03-31 19:59:52,347 : INFO : EventManager : Event: ======'machine_var_audits_switches_s_l_vuk'====== Args={'value': 5, 'prev_value': None, 'change': True}
2023-03-31 19:59:52,348 : INFO : EventManager : Event: ======'machine_var_audits_switches_s_launch'====== Args={'value': 20, 'prev_value': None, 'change': True}
2023-03-31 19:59:52,348 : INFO : EventManager : Event: ======'machine_var_audits_switches_s_left_flipper_1'====== Args={'value': 73, 'prev_value': None, 'change': True}
2023-03-31 19:59:52,348 : INFO : EventManager : Event: ======'machine_var_audits_switches_s_left_flipper_2'====== Args={'value': 121, 'prev_value': None, 'change': True}
2023-03-31 19:59:52,348 : INFO : EventManager : Event: ======'machine_var_audits_switches_s_lock_1'====== Args={'value': 1, 'prev_value': None, 'change': True}
2023-03-31 19:59:52,348 : INFO : EventManager : Event: ======'machine_var_audits_switches_s_lock_2'====== Args={'value': 1, 'prev_value': None, 'change': True}
2023-03-31 19:59:52,349 : INFO : EventManager : Event: ======'machine_var_audits_switches_s_lock_3'====== Args={'value': 1, 'prev_value': None, 'change': True}
2023-03-31 19:59:52,349 : INFO : EventManager : Event: ======'machine_var_audits_switches_s_outlane_left'====== Args={'value': 0, 'prev_value': None, 'change': True}
2023-03-31 19:59:52,349 : INFO : EventManager : Event: ======'machine_var_audits_switches_s_outlane_right'====== Args={'value': 1, 'prev_value': None, 'change': True}
2023-03-31 19:59:52,350 : INFO : EventManager : Event: ======'machine_var_audits_switches_s_pop_left'====== Args={'value': 8, 'prev_value': None, 'change': True}
2023-03-31 19:59:52,350 : INFO : EventManager : Event: ======'machine_var_audits_switches_s_pop_lower'====== Args={'value': 21, 'prev_value': None, 'change': True}
2023-03-31 19:59:52,350 : INFO : EventManager : Event: ======'machine_var_audits_switches_s_pop_right'====== Args={'value': 19, 'prev_value': None, 'change': True}
2023-03-31 19:59:52,350 : INFO : EventManager : Event: ======'machine_var_audits_switches_s_right_flipper_1'====== Args={'value': 178, 'prev_value': None, 'change': True}
2023-03-31 19:59:52,350 : INFO : EventManager : Event: ======'machine_var_audits_switches_s_right_flipper_2'====== Args={'value': 541, 'prev_value': None, 'change': True}
2023-03-31 19:59:52,350 : INFO : EventManager : Event: ======'machine_var_audits_switches_s_rollover_left'====== Args={'value': 23, 'prev_value': None, 'change': True}
2023-03-31 19:59:52,351 : INFO : EventManager : Event: ======'machine_var_audits_switches_s_rollover_right'====== Args={'value': 480, 'prev_value': None, 'change': True}
2023-03-31 19:59:52,351 : INFO : EventManager : Event: ======'machine_var_audits_switches_s_sling_left'====== Args={'value': 2, 'prev_value': None, 'change': True}
2023-03-31 19:59:52,351 : INFO : EventManager : Event: ======'machine_var_audits_switches_s_sling_right'====== Args={'value': 6, 'prev_value': None, 'change': True}
2023-03-31 19:59:52,351 : INFO : EventManager : Event: ======'machine_var_audits_switches_s_start'====== Args={'value': 5, 'prev_value': None, 'change': True}
2023-03-31 19:59:52,351 : INFO : EventManager : Event: ======'machine_var_audits_switches_s_tilt'====== Args={'value': 1, 'prev_value': None, 'change': True}
2023-03-31 19:59:52,352 : INFO : EventManager : Event: ======'machine_var_audits_switches_s_trough_1'====== Args={'value': 0, 'prev_value': None, 'change': True}
2023-03-31 19:59:52,352 : INFO : EventManager : Event: ======'machine_var_audits_switches_s_trough_2'====== Args={'value': 6, 'prev_value': None, 'change': True}
2023-03-31 19:59:52,352 : INFO : EventManager : Event: ======'machine_var_audits_switches_s_trough_3'====== Args={'value': 4, 'prev_value': None, 'change': True}
2023-03-31 19:59:52,352 : INFO : EventManager : Event: ======'machine_var_audits_switches_s_trough_4'====== Args={'value': 4, 'prev_value': None, 'change': True}
2023-03-31 19:59:52,352 : INFO : EventManager : Event: ======'machine_var_audits_switches_s_trough_5'====== Args={'value': 4, 'prev_value': None, 'change': True}
2023-03-31 19:59:52,353 : INFO : EventManager : Event: ======'machine_var_audits_switches_s_trough_6'====== Args={'value': 4, 'prev_value': None, 'change': True}
2023-03-31 19:59:52,353 : INFO : EventManager : Event: ======'machine_var_audits_switches_s_trough_jam'====== Args={'value': 10, 'prev_value': None, 'change': True}
2023-03-31 19:59:52,353 : INFO : EventManager : Event: ======'machine_var_audits_switches_s_vuk_back'====== Args={'value': 10, 'prev_value': None, 'change': True}
2023-03-31 19:59:52,353 : INFO : EventManager : Event: ======'machine_var_audits_switches_s_vuk_right'====== Args={'value': 0, 'prev_value': None, 'change': True}
2023-03-31 19:59:52,354 : INFO : EventManager : Event: ======'machine_var_audits_switches_s_u_rollover'====== Args={'value': 0, 'prev_value': None, 'change': True}
2023-03-31 19:59:52,354 : INFO : EventManager : Event: ======'machine_var_audits_switches_s_u_target'====== Args={'value': 0, 'prev_value': None, 'change': True}
2023-03-31 19:59:52,354 : INFO : EventManager : Event: ======'machine_var_audits_switches_s_u_lane_r'====== Args={'value': 0, 'prev_value': None, 'change': True}
2023-03-31 19:59:52,354 : INFO : EventManager : Event: ======'machine_var_audits_switches_s_u_lane_l'====== Args={'value': 0, 'prev_value': None, 'change': True}
2023-03-31 19:59:52,370 : INFO : EventManager : Event: ======'init_phase_5'====== Args={}
2023-03-31 19:59:52,371 : INFO : EventManager : Event: ======'init_done'====== Args={}
2023-03-31 19:59:52,371 : INFO : EventManager : Event: ======'machine_reset_phase_1'====== Args={}
2023-03-31 19:59:52,371 : INFO : EventManager : Event: ======'machine_reset_phase_2'====== Args={}
2023-03-31 19:59:52,371 : INFO : EventManager : Event: ======'machine_reset_phase_3'====== Args={}
2023-03-31 19:59:52,373 : INFO : EventManager : Event: ======'reset_complete'====== Args={}
2023-03-31 19:59:52,373 : INFO : EventManager : Event: ======'mode_attract_will_start'====== Args={}
2023-03-31 19:59:52,374 : INFO : EventManager : Event: ======'mode_attract_starting'====== Args={}
2023-03-31 19:59:52,374 : INFO : Mode.attract : Started. Priority: 10
2023-03-31 19:59:52,374 : INFO : EventManager : Event: ======'modes_active_modes_changed'====== Args={}
2023-03-31 19:59:52,374 : INFO : EventManager : Event: ======'mode_attract_started'====== Args={}
2023-03-31 19:59:52,374 : INFO : EventManager : Event: ======'collecting_balls_complete'====== Args={}
2023-03-31 19:59:52,375 : INFO : Machine : Starting the main run loop.
2023-03-31 19:59:59,416 : INFO : SwitchController : <<<<<<< 's_right_flipper_1' active >>>>>>>
2023-03-31 19:59:59,423 : INFO : SwitchController : <<<<<<< 's_right_flipper_1' inactive >>>>>>>
2023-03-31 19:59:59,436 : INFO : SwitchController : <<<<<<< 's_b_eos' active >>>>>>>
2023-03-31 19:59:59,436 : INFO : SwitchController : <<<<<<< 's_b_eos' inactive >>>>>>>
2023-03-31 19:59:59,436 : INFO : SwitchController : <<<<<<< 's_flip_left_eos' active >>>>>>>
2023-03-31 19:59:59,436 : INFO : SwitchController : <<<<<<< 's_flip_right_eos' active >>>>>>>
2023-03-31 19:59:59,438 : INFO : SwitchController : <<<<<<< 's_right_flipper_1' active >>>>>>>
2023-03-31 19:59:59,439 : INFO : SwitchController : <<<<<<< 's_right_flipper_2' active >>>>>>>
2023-03-31 19:59:59,441 : INFO : SwitchController : <<<<<<< 's_right_flipper_1' inactive >>>>>>>
2023-03-31 19:59:59,441 : INFO : SwitchController : <<<<<<< 's_flip_left_eos' inactive >>>>>>>
2023-03-31 19:59:59,444 : INFO : SwitchController : <<<<<<< 's_right_flipper_1' active >>>>>>>
2023-03-31 19:59:59,445 : INFO : SwitchController : <<<<<<< 's_b_eos' active >>>>>>>
2023-03-31 19:59:59,455 : INFO : SwitchController : <<<<<<< 's_right_flipper_1' inactive >>>>>>>
2023-03-31 19:59:59,455 : INFO : SwitchController : <<<<<<< 's_flip_left_eos' active >>>>>>>
2023-03-31 19:59:59,456 : INFO : SwitchController : <<<<<<< 's_right_flipper_1' active >>>>>>>
2023-03-31 19:59:59,456 : INFO : SwitchController : <<<<<<< 's_right_flipper_1' inactive >>>>>>>
2023-03-31 19:59:59,456 : INFO : SwitchController : <<<<<<< 's_flip_left_eos' inactive >>>>>>>
2023-03-31 19:59:59,459 : INFO : SwitchController : <<<<<<< 's_flip_left_eos' active >>>>>>>
2023-03-31 19:59:59,461 : INFO : SwitchController : <<<<<<< 's_flip_left_eos' inactive >>>>>>>
2023-03-31 19:59:59,547 : INFO : SwitchController : <<<<<<< 's_flip_right_eos' inactive >>>>>>>
2023-03-31 19:59:59,591 : INFO : SwitchController : <<<<<<< 's_b_eos' inactive >>>>>>>
2023-03-31 19:59:59,611 : INFO : SwitchController : <<<<<<< 's_right_flipper_1' active >>>>>>>
2023-03-31 19:59:59,631 : INFO : SwitchController : <<<<<<< 's_flip_right_eos' active >>>>>>>
2023-03-31 19:59:59,631 : INFO : SwitchController : <<<<<<< 's_b_eos' active >>>>>>>
2023-03-31 19:59:59,631 : INFO : SwitchController : <<<<<<< 's_flip_left_eos' active >>>>>>>
2023-03-31 19:59:59,638 : INFO : SwitchController : <<<<<<< 's_flip_left_eos' inactive >>>>>>>
2023-03-31 19:59:59,640 : INFO : SwitchController : <<<<<<< 's_flip_left_eos' active >>>>>>>
2023-03-31 19:59:59,652 : INFO : SwitchController : <<<<<<< 's_flip_left_eos' inactive >>>>>>>
2023-03-31 20:00:00,298 : INFO : SwitchController : <<<<<<< 's_right_flipper_1' inactive >>>>>>>
2023-03-31 20:00:00,303 : INFO : SwitchController : <<<<<<< 's_right_flipper_2' inactive >>>>>>>
2023-03-31 20:00:00,383 : INFO : SwitchController : <<<<<<< 's_flip_right_eos' inactive >>>>>>>
2023-03-31 20:00:00,408 : INFO : SwitchController : <<<<<<< 's_b_eos' inactive >>>>>>>
2023-03-31 20:00:00,597 : INFO : BcpServer : New client connected.
2023-03-31 20:00:00,802 : INFO : SwitchController : <<<<<<< 's_right_flipper_1' active >>>>>>>
2023-03-31 20:00:00,804 : INFO : SwitchController : <<<<<<< 's_right_flipper_1' inactive >>>>>>>
2023-03-31 20:00:00,806 : INFO : SwitchController : <<<<<<< 's_right_flipper_1' active >>>>>>>
2023-03-31 20:00:00,808 : INFO : SwitchController : <<<<<<< 's_right_flipper_1' inactive >>>>>>>
2023-03-31 20:00:00,823 : INFO : SwitchController : <<<<<<< 's_right_flipper_1' active >>>>>>>
2023-03-31 20:00:00,823 : INFO : SwitchController : <<<<<<< 's_flip_right_eos' active >>>>>>>
2023-03-31 20:00:00,824 : INFO : SwitchController : <<<<<<< 's_flip_left_eos' active >>>>>>>
2023-03-31 20:00:00,832 : INFO : SwitchController : <<<<<<< 's_b_eos' active >>>>>>>
2023-03-31 20:00:00,844 : INFO : SwitchController : <<<<<<< 's_flip_left_eos' inactive >>>>>>>
2023-03-31 20:00:00,844 : INFO : SwitchController : <<<<<<< 's_flip_left_eos' active >>>>>>>
2023-03-31 20:00:00,844 : INFO : SwitchController : <<<<<<< 's_flip_left_eos' inactive >>>>>>>
2023-03-31 20:00:00,846 : INFO : SwitchController : <<<<<<< 's_flip_left_eos' active >>>>>>>
2023-03-31 20:00:00,849 : INFO : SwitchController : <<<<<<< 's_flip_left_eos' inactive >>>>>>>
2023-03-31 20:00:00,852 : INFO : SwitchController : <<<<<<< 's_flip_left_eos' active >>>>>>>
2023-03-31 20:00:00,854 : INFO : SwitchController : <<<<<<< 's_flip_left_eos' inactive >>>>>>>
2023-03-31 20:00:00,926 : INFO : SwitchController : <<<<<<< 's_right_flipper_2' active >>>>>>>
2023-03-31 20:00:01,223 : INFO : SwitchController : <<<<<<< 's_right_flipper_2' inactive >>>>>>>
2023-03-31 20:00:01,246 : INFO : SwitchController : <<<<<<< 's_right_flipper_2' active >>>>>>>
2023-03-31 20:00:01,257 : INFO : SwitchController : <<<<<<< 's_right_flipper_2' inactive >>>>>>>
2023-03-31 20:00:01,268 : INFO : SwitchController : <<<<<<< 's_right_flipper_1' inactive >>>>>>>
2023-03-31 20:00:01,269 : INFO : SwitchController : <<<<<<< 's_right_flipper_1' active >>>>>>>
2023-03-31 20:00:01,269 : INFO : SwitchController : <<<<<<< 's_right_flipper_1' inactive >>>>>>>
2023-03-31 20:00:01,354 : INFO : SwitchController : <<<<<<< 's_flip_right_eos' inactive >>>>>>>
2023-03-31 20:00:01,396 : INFO : SwitchController : <<<<<<< 's_b_eos' inactive >>>>>>>
2023-03-31 20:00:19,592 : INFO : SwitchController : <<<<<<< 's_u_rollover' active >>>>>>>
2023-03-31 20:00:19,761 : INFO : SwitchController : <<<<<<< 's_u_rollover' inactive >>>>>>>
2023-03-31 20:00:19,882 : INFO : SwitchController : <<<<<<< 's_u_rollover' active >>>>>>>
2023-03-31 20:00:19,970 : INFO : SwitchController : <<<<<<< 's_u_rollover' inactive >>>>>>>
2023-03-31 20:00:20,053 : INFO : SwitchController : <<<<<<< 's_u_rollover' active >>>>>>>
2023-03-31 20:00:20,160 : INFO : SwitchController : <<<<<<< 's_u_rollover' inactive >>>>>>>
2023-03-31 20:00:20,238 : INFO : SwitchController : <<<<<<< 's_u_rollover' active >>>>>>>
2023-03-31 20:00:20,355 : INFO : SwitchController : <<<<<<< 's_u_rollover' inactive >>>>>>>
2023-03-31 20:00:20,431 : INFO : SwitchController : <<<<<<< 's_u_rollover' active >>>>>>>
2023-03-31 20:00:20,567 : INFO : SwitchController : <<<<<<< 's_u_rollover' inactive >>>>>>>
2023-03-31 20:00:20,668 : INFO : SwitchController : <<<<<<< 's_u_rollover' active >>>>>>>
2023-03-31 20:00:21,112 : INFO : SwitchController : <<<<<<< 's_u_rollover' inactive >>>>>>>
2023-03-31 20:00:42,962 : INFO : SwitchController : <<<<<<< 's_b_rollover_interchange' active >>>>>>>
2023-03-31 20:00:43,078 : INFO : SwitchController : <<<<<<< 's_b_rollover_interchange' inactive >>>>>>>
2023-03-31 20:00:43,185 : INFO : SwitchController : <<<<<<< 's_b_rollover_interchange' active >>>>>>>
2023-03-31 20:01:20,902 : INFO : SwitchController : <<<<<<< 's_b_rollover_interchange' inactive >>>>>>>
2023-03-31 20:01:20,909 : INFO : SwitchController : <<<<<<< 's_b_rollover_interchange' active >>>>>>>
2023-03-31 20:01:20,932 : INFO : SwitchController : <<<<<<< 's_b_rollover_interchange' inactive >>>>>>>
2023-03-31 20:01:20,952 : INFO : SwitchController : <<<<<<< 's_b_rollover_interchange' active >>>>>>>
2023-03-31 20:01:20,996 : INFO : SwitchController : <<<<<<< 's_b_rollover_interchange' inactive >>>>>>>
2023-03-31 20:01:21,018 : INFO : SwitchController : <<<<<<< 's_b_rollover_interchange' active >>>>>>>
2023-03-31 20:01:21,023 : INFO : SwitchController : <<<<<<< 's_b_rollover_interchange' inactive >>>>>>>
2023-03-31 20:01:21,027 : INFO : SwitchController : <<<<<<< 's_b_rollover_interchange' active >>>>>>>
2023-03-31 20:01:21,040 : INFO : SwitchController : <<<<<<< 's_b_rollover_interchange' inactive >>>>>>>
2023-03-31 20:01:21,544 : INFO : SwitchController : <<<<<<< 's_b_rollover_interchange' active >>>>>>>
2023-03-31 20:01:21,608 : INFO : SwitchController : <<<<<<< 's_b_rollover_interchange' inactive >>>>>>>
2023-03-31 20:01:21,811 : INFO : SwitchController : <<<<<<< 's_b_rollover_interchange' active >>>>>>>
2023-03-31 20:01:21,841 : INFO : SwitchController : <<<<<<< 's_b_rollover_interchange' inactive >>>>>>>
2023-03-31 20:01:22,222 : INFO : SwitchController : <<<<<<< 's_b_rollover_interchange' active >>>>>>>
2023-03-31 20:01:22,287 : INFO : SwitchController : <<<<<<< 's_b_rollover_interchange' inactive >>>>>>>
2023-03-31 20:01:22,547 : INFO : SwitchController : <<<<<<< 's_b_rollover_interchange' active >>>>>>>
2023-03-31 20:01:22,594 : INFO : SwitchController : <<<<<<< 's_b_rollover_interchange' inactive >>>>>>>
2023-03-31 20:01:22,881 : INFO : SwitchController : <<<<<<< 's_b_rollover_interchange' active >>>>>>>
2023-03-31 20:01:22,902 : INFO : SwitchController : <<<<<<< 's_b_rollover_interchange' inactive >>>>>>>
2023-03-31 20:01:35,188 : INFO : SwitchController : <<<<<<< 's_l_target_right' active >>>>>>>
2023-03-31 20:01:35,188 : INFO : EventManager : Event: ======'sw_playfield_active'====== Args={}
2023-03-31 20:01:35,188 : INFO : EventManager : Event: ======'playfield_active'====== Args={}
2023-03-31 20:01:35,188 : INFO : EventManager : Event: ======'unexpected_ball_on_playfield'====== Args={}
2023-03-31 20:01:35,211 : INFO : SwitchController : <<<<<<< 's_l_target_right' inactive >>>>>>>
2023-03-31 20:01:35,214 : INFO : SwitchController : <<<<<<< 's_l_target_right' active >>>>>>>
2023-03-31 20:01:35,214 : INFO : EventManager : Event: ======'sw_playfield_active'====== Args={}
2023-03-31 20:01:35,214 : INFO : EventManager : Event: ======'playfield_active'====== Args={}
2023-03-31 20:01:35,214 : INFO : EventManager : Event: ======'unexpected_ball_on_playfield'====== Args={}
2023-03-31 20:01:35,232 : INFO : SwitchController : <<<<<<< 's_l_target_right' inactive >>>>>>>
2023-03-31 20:01:35,232 : INFO : SwitchController : <<<<<<< 's_l_target_right' active >>>>>>>
2023-03-31 20:01:35,232 : INFO : EventManager : Event: ======'sw_playfield_active'====== Args={}
2023-03-31 20:01:35,233 : INFO : EventManager : Event: ======'playfield_active'====== Args={}
2023-03-31 20:01:35,233 : INFO : EventManager : Event: ======'unexpected_ball_on_playfield'====== Args={}
2023-03-31 20:01:35,275 : INFO : SwitchController : <<<<<<< 's_l_target_right' inactive >>>>>>>
2023-03-31 20:01:36,080 : INFO : SwitchController : <<<<<<< 's_l_target_right' active >>>>>>>
2023-03-31 20:01:36,080 : INFO : EventManager : Event: ======'sw_playfield_active'====== Args={}
2023-03-31 20:01:36,080 : INFO : EventManager : Event: ======'playfield_active'====== Args={}
2023-03-31 20:01:36,081 : INFO : EventManager : Event: ======'unexpected_ball_on_playfield'====== Args={}
2023-03-31 20:01:36,125 : INFO : SwitchController : <<<<<<< 's_l_target_right' inactive >>>>>>>
2023-03-31 20:01:36,190 : INFO : SwitchController : <<<<<<< 's_l_target_right' active >>>>>>>
2023-03-31 20:01:36,190 : INFO : EventManager : Event: ======'sw_playfield_active'====== Args={}
2023-03-31 20:01:36,191 : INFO : EventManager : Event: ======'playfield_active'====== Args={}
2023-03-31 20:01:36,191 : INFO : EventManager : Event: ======'unexpected_ball_on_playfield'====== Args={}
2023-03-31 20:01:36,225 : INFO : SwitchController : <<<<<<< 's_l_target_right' inactive >>>>>>>
2023-03-31 20:01:36,454 : INFO : SwitchController : <<<<<<< 's_l_target_right' active >>>>>>>
2023-03-31 20:01:36,455 : INFO : EventManager : Event: ======'sw_playfield_active'====== Args={}
2023-03-31 20:01:36,455 : INFO : EventManager : Event: ======'playfield_active'====== Args={}
2023-03-31 20:01:36,455 : INFO : EventManager : Event: ======'unexpected_ball_on_playfield'====== Args={}
2023-03-31 20:01:36,536 : INFO : SwitchController : <<<<<<< 's_l_target_right' inactive >>>>>>>
2023-03-31 20:01:36,759 : INFO : SwitchController : <<<<<<< 's_l_target_right' active >>>>>>>
2023-03-31 20:01:36,759 : INFO : EventManager : Event: ======'sw_playfield_active'====== Args={}
2023-03-31 20:01:36,760 : INFO : EventManager : Event: ======'playfield_active'====== Args={}
2023-03-31 20:01:36,760 : INFO : EventManager : Event: ======'unexpected_ball_on_playfield'====== Args={}
2023-03-31 20:01:36,835 : INFO : SwitchController : <<<<<<< 's_l_target_right' inactive >>>>>>>
2023-03-31 20:01:37,035 : INFO : SwitchController : <<<<<<< 's_l_target_right' active >>>>>>>
2023-03-31 20:01:37,035 : INFO : EventManager : Event: ======'sw_playfield_active'====== Args={}
2023-03-31 20:01:37,035 : INFO : EventManager : Event: ======'playfield_active'====== Args={}
2023-03-31 20:01:37,035 : INFO : EventManager : Event: ======'unexpected_ball_on_playfield'====== Args={}
2023-03-31 20:01:37,145 : INFO : SwitchController : <<<<<<< 's_l_target_right' inactive >>>>>>>
2023-03-31 20:01:37,307 : INFO : SwitchController : <<<<<<< 's_l_target_right' active >>>>>>>
2023-03-31 20:01:37,307 : INFO : EventManager : Event: ======'sw_playfield_active'====== Args={}
2023-03-31 20:01:37,308 : INFO : EventManager : Event: ======'playfield_active'====== Args={}
2023-03-31 20:01:37,308 : INFO : EventManager : Event: ======'unexpected_ball_on_playfield'====== Args={}
2023-03-31 20:01:37,405 : INFO : SwitchController : <<<<<<< 's_l_target_right' inactive >>>>>>>
2023-03-31 20:01:42,233 : INFO : SwitchController : <<<<<<< 's_l_target_left' active >>>>>>>
2023-03-31 20:01:42,233 : INFO : EventManager : Event: ======'sw_playfield_active'====== Args={}
2023-03-31 20:01:42,234 : INFO : EventManager : Event: ======'playfield_active'====== Args={}
2023-03-31 20:01:42,234 : INFO : EventManager : Event: ======'unexpected_ball_on_playfield'====== Args={}
2023-03-31 20:01:42,417 : INFO : SwitchController : <<<<<<< 's_l_target_left' inactive >>>>>>>
2023-03-31 20:01:42,482 : INFO : SwitchController : <<<<<<< 's_l_target_left' active >>>>>>>
2023-03-31 20:01:42,482 : INFO : EventManager : Event: ======'sw_playfield_active'====== Args={}
2023-03-31 20:01:42,482 : INFO : EventManager : Event: ======'playfield_active'====== Args={}
2023-03-31 20:01:42,482 : INFO : EventManager : Event: ======'unexpected_ball_on_playfield'====== Args={}
2023-03-31 20:01:42,645 : INFO : SwitchController : <<<<<<< 's_l_target_left' inactive >>>>>>>
2023-03-31 20:01:42,714 : INFO : SwitchController : <<<<<<< 's_l_target_left' active >>>>>>>
2023-03-31 20:01:42,715 : INFO : EventManager : Event: ======'sw_playfield_active'====== Args={}
2023-03-31 20:01:42,715 : INFO : EventManager : Event: ======'playfield_active'====== Args={}
2023-03-31 20:01:42,715 : INFO : EventManager : Event: ======'unexpected_ball_on_playfield'====== Args={}
2023-03-31 20:01:42,858 : INFO : SwitchController : <<<<<<< 's_l_target_left' inactive >>>>>>>
2023-03-31 20:01:42,952 : INFO : SwitchController : <<<<<<< 's_l_target_left' active >>>>>>>
2023-03-31 20:01:42,952 : INFO : EventManager : Event: ======'sw_playfield_active'====== Args={}
2023-03-31 20:01:42,953 : INFO : EventManager : Event: ======'playfield_active'====== Args={}
2023-03-31 20:01:42,953 : INFO : EventManager : Event: ======'unexpected_ball_on_playfield'====== Args={}
2023-03-31 20:01:43,076 : INFO : SwitchController : <<<<<<< 's_l_target_left' inactive >>>>>>>
2023-03-31 20:01:43,200 : INFO : SwitchController : <<<<<<< 's_l_target_left' active >>>>>>>
2023-03-31 20:01:43,200 : INFO : EventManager : Event: ======'sw_playfield_active'====== Args={}
2023-03-31 20:01:43,201 : INFO : EventManager : Event: ======'playfield_active'====== Args={}
2023-03-31 20:01:43,201 : INFO : EventManager : Event: ======'unexpected_ball_on_playfield'====== Args={}
2023-03-31 20:01:43,324 : INFO : SwitchController : <<<<<<< 's_l_target_left' inactive >>>>>>>
2023-03-31 20:01:43,430 : INFO : SwitchController : <<<<<<< 's_l_target_left' active >>>>>>>
2023-03-31 20:01:43,430 : INFO : EventManager : Event: ======'sw_playfield_active'====== Args={}
2023-03-31 20:01:43,431 : INFO : EventManager : Event: ======'playfield_active'====== Args={}
2023-03-31 20:01:43,431 : INFO : EventManager : Event: ======'unexpected_ball_on_playfield'====== Args={}
2023-03-31 20:01:43,546 : INFO : SwitchController : <<<<<<< 's_l_target_left' inactive >>>>>>>
2023-03-31 20:02:15,046 : INFO : SwitchController : <<<<<<< 's_left_flipper_1' active >>>>>>>
2023-03-31 20:02:15,053 : INFO : SwitchController : <<<<<<< 's_flip_left_eos' active >>>>>>>
2023-03-31 20:02:15,054 : INFO : SwitchController : <<<<<<< 's_left_flipper_1' inactive >>>>>>>
2023-03-31 20:02:15,067 : INFO : SwitchController : <<<<<<< 's_flip_left_eos' inactive >>>>>>>
2023-03-31 20:02:15,067 : INFO : SwitchController : <<<<<<< 's_flip_left_top_eos' active >>>>>>>
2023-03-31 20:02:15,068 : INFO : SwitchController : <<<<<<< 's_flip_left_eos' active >>>>>>>
2023-03-31 20:02:15,072 : INFO : SwitchController : <<<<<<< 's_left_flipper_1' active >>>>>>>
2023-03-31 20:02:15,088 : INFO : SwitchController : <<<<<<< 's_left_flipper_2' active >>>>>>>
2023-03-31 20:02:15,109 : INFO : SwitchController : <<<<<<< 's_left_flipper_2' inactive >>>>>>>
2023-03-31 20:02:15,132 : INFO : SwitchController : <<<<<<< 's_left_flipper_2' active >>>>>>>
2023-03-31 20:02:15,193 : INFO : SwitchController : <<<<<<< 's_left_flipper_2' inactive >>>>>>>
2023-03-31 20:02:15,229 : INFO : SwitchController : <<<<<<< 's_left_flipper_1' inactive >>>>>>>
2023-03-31 20:02:15,352 : INFO : SwitchController : <<<<<<< 's_flip_left_eos' inactive >>>>>>>
2023-03-31 20:02:15,354 : INFO : SwitchController : <<<<<<< 's_flip_left_eos' active >>>>>>>
2023-03-31 20:02:15,359 : INFO : SwitchController : <<<<<<< 's_flip_left_eos' inactive >>>>>>>
2023-03-31 20:02:15,371 : INFO : SwitchController : <<<<<<< 's_flip_left_top_eos' inactive >>>>>>>
2023-03-31 20:02:15,404 : INFO : SwitchController : <<<<<<< 's_flip_left_eos' active >>>>>>>
2023-03-31 20:02:15,406 : INFO : SwitchController : <<<<<<< 's_flip_left_eos' inactive >>>>>>>
2023-03-31 20:02:15,423 : INFO : SwitchController : <<<<<<< 's_flip_left_eos' active >>>>>>>
2023-03-31 20:02:15,423 : INFO : SwitchController : <<<<<<< 's_flip_left_eos' inactive >>>>>>>
2023-03-31 20:02:16,302 : INFO : SwitchController : <<<<<<< 's_flip_left_eos' active >>>>>>>
2023-03-31 20:02:16,321 : INFO : SwitchController : <<<<<<< 's_flip_left_eos' inactive >>>>>>>
2023-03-31 20:02:16,341 : INFO : SwitchController : <<<<<<< 's_flip_left_eos' active >>>>>>>
2023-03-31 20:02:16,344 : INFO : SwitchController : <<<<<<< 's_flip_left_eos' inactive >>>>>>>
2023-03-31 20:02:16,347 : INFO : SwitchController : <<<<<<< 's_flip_left_eos' active >>>>>>>
2023-03-31 20:02:16,364 : INFO : SwitchController : <<<<<<< 's_flip_left_eos' inactive >>>>>>>
2023-03-31 20:02:16,364 : INFO : SwitchController : <<<<<<< 's_flip_left_eos' active >>>>>>>
2023-03-31 20:02:16,365 : INFO : SwitchController : <<<<<<< 's_flip_left_eos' inactive >>>>>>>
2023-03-31 20:02:16,384 : INFO : SwitchController : <<<<<<< 's_flip_left_eos' active >>>>>>>
2023-03-31 20:02:16,384 : INFO : SwitchController : <<<<<<< 's_flip_left_eos' inactive >>>>>>>
2023-03-31 20:02:16,388 : INFO : SwitchController : <<<<<<< 's_flip_left_eos' active >>>>>>>
2023-03-31 20:02:16,391 : INFO : SwitchController : <<<<<<< 's_flip_left_eos' inactive >>>>>>>
2023-03-31 20:02:16,714 : INFO : SwitchController : <<<<<<< 's_left_flipper_1' active >>>>>>>
2023-03-31 20:02:16,720 : INFO : SwitchController : <<<<<<< 's_flip_left_eos' active >>>>>>>
2023-03-31 20:02:16,723 : INFO : SwitchController : <<<<<<< 's_flip_left_eos' inactive >>>>>>>
2023-03-31 20:02:16,733 : INFO : SwitchController : <<<<<<< 's_flip_left_top_eos' active >>>>>>>
2023-03-31 20:02:16,733 : INFO : SwitchController : <<<<<<< 's_flip_left_eos' active >>>>>>>
2023-03-31 20:02:16,739 : INFO : SwitchController : <<<<<<< 's_left_flipper_2' active >>>>>>>
2023-03-31 20:02:16,771 : INFO : SwitchController : <<<<<<< 's_left_flipper_2' inactive >>>>>>>
2023-03-31 20:02:16,891 : INFO : SwitchController : <<<<<<< 's_left_flipper_2' active >>>>>>>
2023-03-31 20:02:16,913 : INFO : SwitchController : <<<<<<< 's_left_flipper_2' inactive >>>>>>>
2023-03-31 20:02:16,914 : INFO : SwitchController : <<<<<<< 's_pop_right' active >>>>>>>
2023-03-31 20:02:16,914 : INFO : EventManager : Event: ======'playfield_active'====== Args={}
2023-03-31 20:02:16,914 : INFO : EventManager : Event: ======'unexpected_ball_on_playfield'====== Args={}
2023-03-31 20:02:16,916 : INFO : SwitchController : <<<<<<< 's_pop_right' inactive >>>>>>>
2023-03-31 20:02:16,934 : INFO : SwitchController : <<<<<<< 's_pop_right' active >>>>>>>
2023-03-31 20:02:16,934 : INFO : EventManager : Event: ======'playfield_active'====== Args={}
2023-03-31 20:02:16,934 : INFO : EventManager : Event: ======'unexpected_ball_on_playfield'====== Args={}
2023-03-31 20:02:16,935 : INFO : SwitchController : <<<<<<< 's_pop_right' inactive >>>>>>>
2023-03-31 20:02:16,953 : INFO : SwitchController : <<<<<<< 's_left_flipper_1' inactive >>>>>>>
2023-03-31 20:02:17,038 : INFO : SwitchController : <<<<<<< 's_flip_left_top_eos' inactive >>>>>>>
2023-03-31 20:02:17,078 : INFO : SwitchController : <<<<<<< 's_flip_left_eos' inactive >>>>>>>
2023-03-31 20:02:17,081 : INFO : SwitchController : <<<<<<< 's_flip_left_eos' active >>>>>>>
2023-03-31 20:02:17,084 : INFO : SwitchController : <<<<<<< 's_flip_left_eos' inactive >>>>>>>
2023-03-31 20:02:17,135 : INFO : SwitchController : <<<<<<< 's_flip_left_eos' active >>>>>>>
2023-03-31 20:02:17,135 : INFO : SwitchController : <<<<<<< 's_flip_left_eos' inactive >>>>>>>
2023-03-31 20:02:17,135 : INFO : SwitchController : <<<<<<< 's_flip_left_eos' active >>>>>>>
2023-03-31 20:02:17,135 : INFO : SwitchController : <<<<<<< 's_flip_left_eos' inactive >>>>>>>
2023-03-31 20:02:17,137 : INFO : SwitchController : <<<<<<< 's_flip_left_eos' active >>>>>>>
2023-03-31 20:02:17,139 : INFO : SwitchController : <<<<<<< 's_flip_left_eos' inactive >>>>>>>
2023-03-31 20:02:17,225 : INFO : SwitchController : <<<<<<< 's_left_flipper_1' active >>>>>>>
2023-03-31 20:02:17,246 : INFO : SwitchController : <<<<<<< 's_flip_left_eos' active >>>>>>>
2023-03-31 20:02:17,247 : INFO : SwitchController : <<<<<<< 's_left_flipper_2' active >>>>>>>
2023-03-31 20:02:17,247 : INFO : SwitchController : <<<<<<< 's_flip_left_top_eos' active >>>>>>>
2023-03-31 20:02:17,354 : INFO : SwitchController : <<<<<<< 's_left_flipper_2' inactive >>>>>>>
2023-03-31 20:02:17,385 : INFO : SwitchController : <<<<<<< 's_left_flipper_1' inactive >>>>>>>
2023-03-31 20:02:17,442 : INFO : SwitchController : <<<<<<< 's_flip_left_top_eos' inactive >>>>>>>
2023-03-31 20:02:17,502 : INFO : SwitchController : <<<<<<< 's_flip_left_eos' inactive >>>>>>>
2023-03-31 20:02:17,504 : INFO : SwitchController : <<<<<<< 's_flip_left_eos' active >>>>>>>
2023-03-31 20:02:17,507 : INFO : SwitchController : <<<<<<< 's_flip_left_eos' inactive >>>>>>>
2023-03-31 20:02:17,556 : INFO : SwitchController : <<<<<<< 's_flip_left_eos' active >>>>>>>
2023-03-31 20:02:17,564 : INFO : SwitchController : <<<<<<< 's_flip_left_eos' inactive >>>>>>>
2023-03-31 20:02:18,748 : INFO : SwitchController : <<<<<<< 's_left_flipper_1' active >>>>>>>
2023-03-31 20:02:18,768 : INFO : SwitchController : <<<<<<< 's_flip_left_eos' active >>>>>>>
2023-03-31 20:02:18,768 : INFO : SwitchController : <<<<<<< 's_left_flipper_2' active >>>>>>>
2023-03-31 20:02:18,769 : INFO : SwitchController : <<<<<<< 's_flip_left_top_eos' active >>>>>>>
2023-03-31 20:02:18,880 : INFO : SwitchController : <<<<<<< 's_left_flipper_2' inactive >>>>>>>
2023-03-31 20:02:18,914 : INFO : SwitchController : <<<<<<< 's_left_flipper_1' inactive >>>>>>>
2023-03-31 20:02:18,965 : INFO : SwitchController : <<<<<<< 's_pop_right' active >>>>>>>
2023-03-31 20:02:18,965 : INFO : EventManager : Event: ======'playfield_active'====== Args={}
2023-03-31 20:02:18,965 : INFO : EventManager : Event: ======'unexpected_ball_on_playfield'====== Args={}
2023-03-31 20:02:18,971 : INFO : SwitchController : <<<<<<< 's_pop_right' inactive >>>>>>>
2023-03-31 20:02:18,985 : INFO : SwitchController : <<<<<<< 's_pop_right' active >>>>>>>
2023-03-31 20:02:18,985 : INFO : EventManager : Event: ======'playfield_active'====== Args={}
2023-03-31 20:02:18,985 : INFO : EventManager : Event: ======'unexpected_ball_on_playfield'====== Args={}
2023-03-31 20:02:18,985 : INFO : SwitchController : <<<<<<< 's_pop_right' inactive >>>>>>>
2023-03-31 20:02:18,985 : INFO : SwitchController : <<<<<<< 's_pop_right' active >>>>>>>
2023-03-31 20:02:18,986 : INFO : EventManager : Event: ======'playfield_active'====== Args={}
2023-03-31 20:02:18,986 : INFO : EventManager : Event: ======'unexpected_ball_on_playfield'====== Args={}
2023-03-31 20:02:18,990 : INFO : SwitchController : <<<<<<< 's_pop_right' inactive >>>>>>>
2023-03-31 20:02:19,004 : INFO : SwitchController : <<<<<<< 's_flip_left_top_eos' inactive >>>>>>>
2023-03-31 20:02:19,031 : INFO : SwitchController : <<<<<<< 's_flip_left_eos' inactive >>>>>>>
2023-03-31 20:02:19,033 : INFO : SwitchController : <<<<<<< 's_flip_left_eos' active >>>>>>>
2023-03-31 20:02:19,052 : INFO : SwitchController : <<<<<<< 's_flip_left_eos' inactive >>>>>>>
2023-03-31 20:02:19,088 : INFO : SwitchController : <<<<<<< 's_flip_left_eos' active >>>>>>>
2023-03-31 20:02:19,090 : INFO : SwitchController : <<<<<<< 's_flip_left_eos' inactive >>>>>>>
2023-03-31 20:02:19,092 : INFO : SwitchController : <<<<<<< 's_flip_left_eos' active >>>>>>>
2023-03-31 20:02:19,094 : INFO : SwitchController : <<<<<<< 's_flip_left_eos' inactive >>>>>>>
2023-03-31 20:02:19,107 : INFO : SwitchController : <<<<<<< 's_flip_left_eos' active >>>>>>>
2023-03-31 20:02:19,107 : INFO : SwitchController : <<<<<<< 's_flip_left_eos' inactive >>>>>>>
2023-03-31 20:02:19,230 : INFO : SwitchController : <<<<<<< 's_flip_left_eos' active >>>>>>>
2023-03-31 20:02:19,234 : INFO : SwitchController : <<<<<<< 's_flip_left_eos' inactive >>>>>>>
2023-03-31 20:02:19,912 : INFO : SwitchController : <<<<<<< 's_left_flipper_1' active >>>>>>>
2023-03-31 20:02:19,933 : INFO : SwitchController : <<<<<<< 's_flip_left_eos' active >>>>>>>
2023-03-31 20:02:19,933 : INFO : SwitchController : <<<<<<< 's_flip_left_top_eos' active >>>>>>>
2023-03-31 20:02:19,939 : INFO : SwitchController : <<<<<<< 's_left_flipper_2' active >>>>>>>
2023-03-31 20:02:20,349 : INFO : SwitchController : <<<<<<< 's_left_flipper_2' inactive >>>>>>>
2023-03-31 20:02:20,398 : INFO : SwitchController : <<<<<<< 's_left_flipper_1' inactive >>>>>>>
2023-03-31 20:02:20,489 : INFO : SwitchController : <<<<<<< 's_flip_left_top_eos' inactive >>>>>>>
2023-03-31 20:02:20,516 : INFO : SwitchController : <<<<<<< 's_flip_left_eos' inactive >>>>>>>
2023-03-31 20:02:20,519 : INFO : SwitchController : <<<<<<< 's_flip_left_eos' active >>>>>>>
2023-03-31 20:02:20,536 : INFO : SwitchController : <<<<<<< 's_flip_left_eos' inactive >>>>>>>
2023-03-31 20:02:20,536 : INFO : SwitchController : <<<<<<< 's_flip_left_eos' active >>>>>>>
2023-03-31 20:02:20,536 : INFO : SwitchController : <<<<<<< 's_flip_left_eos' inactive >>>>>>>
2023-03-31 20:02:20,538 : INFO : SwitchController : <<<<<<< 's_trough_6' active >>>>>>>
2023-03-31 20:02:20,540 : INFO : SwitchController : <<<<<<< 's_flip_left_eos' active >>>>>>>
2023-03-31 20:02:20,542 : INFO : SwitchController : <<<<<<< 's_flip_left_eos' inactive >>>>>>>
2023-03-31 20:02:20,544 : INFO : SwitchController : <<<<<<< 's_flip_left_eos' active >>>>>>>
2023-03-31 20:02:20,545 : INFO : SwitchController : <<<<<<< 's_trough_6' inactive >>>>>>>
2023-03-31 20:02:20,555 : INFO : SwitchController : <<<<<<< 's_flip_left_eos' inactive >>>>>>>
2023-03-31 20:02:20,575 : INFO : SwitchController : <<<<<<< 's_flip_left_eos' active >>>>>>>
2023-03-31 20:02:20,575 : INFO : SwitchController : <<<<<<< 's_flip_left_eos' inactive >>>>>>>
2023-03-31 20:02:20,575 : INFO : SwitchController : <<<<<<< 's_flip_left_eos' active >>>>>>>
2023-03-31 20:02:20,576 : INFO : SwitchController : <<<<<<< 's_flip_left_eos' inactive >>>>>>>
2023-03-31 20:02:20,578 : INFO : SwitchController : <<<<<<< 's_flip_left_eos' active >>>>>>>
2023-03-31 20:02:20,581 : INFO : SwitchController : <<<<<<< 's_flip_left_eos' inactive >>>>>>>
2023-03-31 20:02:20,669 : INFO : SwitchController : <<<<<<< 's_trough_6' active >>>>>>>
2023-03-31 20:02:20,784 : INFO : SwitchController : <<<<<<< 's_trough_6' inactive >>>>>>>
2023-03-31 20:02:20,856 : INFO : SwitchController : <<<<<<< 's_trough_5' active >>>>>>>
2023-03-31 20:02:20,946 : INFO : SwitchController : <<<<<<< 's_trough_5' inactive >>>>>>>
2023-03-31 20:02:21,006 : INFO : SwitchController : <<<<<<< 's_trough_4' active >>>>>>>
2023-03-31 20:02:21,072 : INFO : SwitchController : <<<<<<< 's_trough_4' inactive >>>>>>>
2023-03-31 20:02:21,136 : INFO : SwitchController : <<<<<<< 's_trough_3' active >>>>>>>
2023-03-31 20:02:21,186 : INFO : SwitchController : <<<<<<< 's_trough_3' inactive >>>>>>>
2023-03-31 20:02:21,230 : INFO : SwitchController : <<<<<<< 's_trough_2' active >>>>>>>
2023-03-31 20:02:21,286 : INFO : SwitchController : <<<<<<< 's_trough_2' inactive >>>>>>>
2023-03-31 20:02:21,347 : INFO : SwitchController : <<<<<<< 's_flip_left_eos' active >>>>>>>
2023-03-31 20:02:21,349 : INFO : SwitchController : <<<<<<< 's_flip_left_eos' inactive >>>>>>>
2023-03-31 20:02:24,750 : INFO : SwitchController : <<<<<<< 's_flip_left_eos' active >>>>>>>
2023-03-31 20:02:24,770 : INFO : SwitchController : <<<<<<< 's_flip_left_eos' inactive >>>>>>>
2023-03-31 20:02:24,774 : INFO : SwitchController : <<<<<<< 's_flip_left_eos' active >>>>>>>
2023-03-31 20:02:24,775 : INFO : SwitchController : <<<<<<< 's_flip_left_eos' inactive >>>>>>>
2023-03-31 20:02:24,793 : INFO : SwitchController : <<<<<<< 's_flip_left_eos' active >>>>>>>
2023-03-31 20:02:24,801 : INFO : SwitchController : <<<<<<< 's_flip_left_eos' inactive >>>>>>>
2023-03-31 20:02:24,803 : INFO : SwitchController : <<<<<<< 's_flip_left_eos' active >>>>>>>
2023-03-31 20:02:24,815 : INFO : SwitchController : <<<<<<< 's_flip_left_eos' inactive >>>>>>>
2023-03-31 20:02:25,756 : INFO : SwitchController : <<<<<<< 's_right_flipper_1' active >>>>>>>
2023-03-31 20:02:25,777 : INFO : SwitchController : <<<<<<< 's_b_eos' active >>>>>>>
2023-03-31 20:02:25,777 : INFO : SwitchController : <<<<<<< 's_flip_left_eos' active >>>>>>>
2023-03-31 20:02:25,777 : INFO : SwitchController : <<<<<<< 's_flip_left_eos' inactive >>>>>>>
2023-03-31 20:02:25,783 : INFO : SwitchController : <<<<<<< 's_right_flipper_2' active >>>>>>>
2023-03-31 20:02:25,785 : INFO : SwitchController : <<<<<<< 's_flip_left_eos' active >>>>>>>
2023-03-31 20:02:25,787 : INFO : SwitchController : <<<<<<< 's_flip_left_eos' inactive >>>>>>>
2023-03-31 20:02:25,798 : INFO : SwitchController : <<<<<<< 's_flip_right_eos' active >>>>>>>
2023-03-31 20:02:25,798 : INFO : SwitchController : <<<<<<< 's_right_flipper_2' inactive >>>>>>>
2023-03-31 20:02:25,798 : INFO : SwitchController : <<<<<<< 's_flip_left_eos' active >>>>>>>
2023-03-31 20:02:25,798 : INFO : SwitchController : <<<<<<< 's_right_flipper_2' active >>>>>>>
2023-03-31 20:02:25,818 : INFO : SwitchController : <<<<<<< 's_flip_left_eos' inactive >>>>>>>
2023-03-31 20:02:26,002 : INFO : SwitchController : <<<<<<< 's_pop_left' active >>>>>>>
2023-03-31 20:02:26,003 : INFO : EventManager : Event: ======'playfield_active'====== Args={}
2023-03-31 20:02:26,003 : INFO : EventManager : Event: ======'unexpected_ball_on_playfield'====== Args={}
2023-03-31 20:02:26,004 : INFO : SwitchController : <<<<<<< 's_pop_left' inactive >>>>>>>
2023-03-31 20:02:26,007 : INFO : SwitchController : <<<<<<< 's_pop_left' active >>>>>>>
2023-03-31 20:02:26,007 : INFO : EventManager : Event: ======'playfield_active'====== Args={}
2023-03-31 20:02:26,007 : INFO : EventManager : Event: ======'unexpected_ball_on_playfield'====== Args={}
2023-03-31 20:02:26,023 : INFO : SwitchController : <<<<<<< 's_pop_left' inactive >>>>>>>
2023-03-31 20:02:26,026 : INFO : SwitchController : <<<<<<< 's_flip_left_eos' active >>>>>>>
2023-03-31 20:02:26,029 : INFO : SwitchController : <<<<<<< 's_flip_left_eos' inactive >>>>>>>
2023-03-31 20:02:26,046 : INFO : SwitchController : <<<<<<< 's_flip_left_eos' active >>>>>>>
2023-03-31 20:02:26,048 : INFO : SwitchController : <<<<<<< 's_flip_left_eos' inactive >>>>>>>
2023-03-31 20:02:26,066 : INFO : SwitchController : <<<<<<< 's_flip_left_eos' active >>>>>>>
2023-03-31 20:02:26,066 : INFO : SwitchController : <<<<<<< 's_flip_left_eos' inactive >>>>>>>
2023-03-31 20:02:26,119 : INFO : SwitchController : <<<<<<< 's_sling_left' active >>>>>>>
2023-03-31 20:02:26,119 : INFO : EventManager : Event: ======'playfield_active'====== Args={}
2023-03-31 20:02:26,119 : INFO : EventManager : Event: ======'unexpected_ball_on_playfield'====== Args={}
2023-03-31 20:02:26,121 : INFO : SwitchController : <<<<<<< 's_sling_left' inactive >>>>>>>
2023-03-31 20:02:26,136 : INFO : SwitchController : <<<<<<< 's_right_flipper_1' inactive >>>>>>>
2023-03-31 20:02:26,136 : INFO : SwitchController : <<<<<<< 's_right_flipper_2' inactive >>>>>>>
2023-03-31 20:02:26,136 : INFO : SwitchController : <<<<<<< 's_flip_left_eos' active >>>>>>>
2023-03-31 20:02:26,157 : INFO : SwitchController : <<<<<<< 's_flip_left_eos' inactive >>>>>>>
2023-03-31 20:02:26,219 : INFO : SwitchController : <<<<<<< 's_flip_right_eos' inactive >>>>>>>
2023-03-31 20:02:26,244 : INFO : SwitchController : <<<<<<< 's_b_eos' inactive >>>>>>>
2023-03-31 20:02:26,333 : INFO : SwitchController : <<<<<<< 's_left_flipper_1' active >>>>>>>
2023-03-31 20:02:26,353 : INFO : SwitchController : <<<<<<< 's_flip_left_eos' active >>>>>>>
2023-03-31 20:02:26,353 : INFO : SwitchController : <<<<<<< 's_flip_left_top_eos' active >>>>>>>
2023-03-31 20:02:26,391 : INFO : SwitchController : <<<<<<< 's_sling_right' active >>>>>>>
2023-03-31 20:02:26,391 : INFO : EventManager : Event: ======'playfield_active'====== Args={}
2023-03-31 20:02:26,392 : INFO : EventManager : Event: ======'unexpected_ball_on_playfield'====== Args={}
2023-03-31 20:02:26,399 : INFO : SwitchController : <<<<<<< 's_left_flipper_2' active >>>>>>>
2023-03-31 20:02:26,413 : INFO : SwitchController : <<<<<<< 's_left_flipper_2' inactive >>>>>>>
2023-03-31 20:02:26,413 : INFO : SwitchController : <<<<<<< 's_sling_right' inactive >>>>>>>
2023-03-31 20:02:26,418 : INFO : SwitchController : <<<<<<< 's_sling_right' active >>>>>>>
2023-03-31 20:02:26,419 : INFO : EventManager : Event: ======'playfield_active'====== Args={}
2023-03-31 20:02:26,419 : INFO : EventManager : Event: ======'unexpected_ball_on_playfield'====== Args={}
2023-03-31 20:02:26,420 : INFO : SwitchController : <<<<<<< 's_sling_right' inactive >>>>>>>
2023-03-31 20:02:26,538 : INFO : SwitchController : <<<<<<< 's_left_flipper_1' inactive >>>>>>>
2023-03-31 20:02:26,653 : INFO : SwitchController : <<<<<<< 's_flip_left_eos' inactive >>>>>>>
2023-03-31 20:02:26,656 : INFO : SwitchController : <<<<<<< 's_flip_left_eos' active >>>>>>>
2023-03-31 20:02:26,675 : INFO : SwitchController : <<<<<<< 's_flip_left_eos' inactive >>>>>>>
2023-03-31 20:02:26,675 : INFO : SwitchController : <<<<<<< 's_flip_left_eos' active >>>>>>>
2023-03-31 20:02:26,675 : INFO : SwitchController : <<<<<<< 's_flip_left_eos' inactive >>>>>>>
2023-03-31 20:02:26,675 : INFO : SwitchController : <<<<<<< 's_flip_left_eos' active >>>>>>>
2023-03-31 20:02:26,675 : INFO : SwitchController : <<<<<<< 's_flip_left_top_eos' inactive >>>>>>>
2023-03-31 20:02:26,676 : INFO : SwitchController : <<<<<<< 's_flip_left_eos' inactive >>>>>>>
2023-03-31 20:02:26,710 : INFO : SwitchController : <<<<<<< 's_flip_left_eos' active >>>>>>>
2023-03-31 20:02:26,714 : INFO : SwitchController : <<<<<<< 's_flip_left_eos' inactive >>>>>>>
2023-03-31 20:02:26,730 : INFO : SwitchController : <<<<<<< 's_flip_left_eos' active >>>>>>>
2023-03-31 20:02:26,731 : INFO : SwitchController : <<<<<<< 's_flip_left_eos' inactive >>>>>>>
2023-03-31 20:02:28,400 : INFO : SwitchController : <<<<<<< 's_flip_left_eos' active >>>>>>>
2023-03-31 20:02:28,403 : INFO : SwitchController : <<<<<<< 's_flip_left_eos' inactive >>>>>>>
2023-03-31 20:03:26,300 : INFO : SwitchController : <<<<<<< 's_launch' active >>>>>>>
2023-03-31 20:03:29,679 : INFO : SwitchController : <<<<<<< 's_launch' inactive >>>>>>>
2023-03-31 20:03:42,152 : INFO : SwitchController : <<<<<<< 's_launch' active >>>>>>>
2023-03-31 20:03:42,462 : INFO : SwitchController : <<<<<<< 's_launch' inactive >>>>>>>
2023-03-31 20:03:44,521 : INFO : SwitchController : <<<<<<< 's_launch' active >>>>>>>
2023-03-31 20:03:47,091 : INFO : SwitchController : <<<<<<< 's_launch' inactive >>>>>>>
2023-03-31 20:03:49,710 : INFO : SwitchController : <<<<<<< 's_launch' active >>>>>>>
2023-03-31 20:03:50,855 : INFO : SwitchController : <<<<<<< 's_launch' inactive >>>>>>>
2023-03-31 20:03:51,612 : INFO : SwitchController : <<<<<<< 's_launch' active >>>>>>>
2023-03-31 20:03:51,883 : INFO : SwitchController : <<<<<<< 's_launch' inactive >>>>>>>
2023-03-31 20:03:55,805 : INFO : SwitchController : <<<<<<< 's_launch' active >>>>>>>
2023-03-31 20:04:01,928 : INFO : SwitchController : <<<<<<< 's_launch' inactive >>>>>>>
2023-03-31 20:05:00,098 : INFO : SwitchController : <<<<<<< 's_autolauncher' active >>>>>>>
2023-03-31 20:05:00,598 : INFO : EventManager : Event: ======'balldevice_bd_plunger_ball_count_changed'====== Args={'balls': 1}
2023-03-31 20:05:00,598 : INFO : ball_device.bd_plunger : Received unexpected ball
2023-03-31 20:05:00,598 : INFO : EventManager : Event: ======'balldevice_captured_from_playfield'====== Args={'balls': 1}
2023-03-31 20:05:00,598 : INFO : EventManager : Event: ======'sw_playfield_active'====== Args={'balls': 1}
2023-03-31 20:05:00,598 : INFO : EventManager : Event: ======'playfield_active'====== Args={}
2023-03-31 20:05:00,599 : INFO : EventManager : Event: ======'unexpected_ball_on_playfield'====== Args={}
2023-03-31 20:05:00,599 : INFO : EventManager : Event: ======'playfield_ball_count_change'====== Args={'balls': -1, 'change': -1}
2023-03-31 20:05:00,599 : INFO : EventManager : Event: ======'balldevice_playfield_ball_enter'====== Args={'new_balls': 1, 'unclaimed_balls': 1, 'device': <playfield.playfield>}
2023-03-31 20:05:00,599 : INFO : EventManager : Event: ======'playfield_ball_count_change'====== Args={'balls': 0, 'change': 1}
2023-03-31 20:05:00,599 : INFO : BallController : Found a new ball which was captured from playfield. Known balls: 2
2023-03-31 20:05:00,599 : INFO : EventManager : Event: ======'found_new_ball'====== Args={}
2023-03-31 20:05:00,600 : INFO : EventManager : Event: ======'balldevice_bd_plunger_ball_enter'====== Args={'new_balls': 1, 'unclaimed_balls': 1, 'new_available_balls': 1, 'device': <ball_device.bd_plunger>}
2023-03-31 20:05:00,600 : INFO : ball_device.bd_plunger : Ejecting 1 unexpected balls using path deque([<ball_device.bd_plunger>, <playfield.playfield>])
2023-03-31 20:05:00,600 : INFO : EventManager : Event: ======'balldevice_balls_available'====== Args={}
2023-03-31 20:05:00,601 : INFO : EventManager : Event: ======'balldevice_balls_available'====== Args={}
2023-03-31 20:05:00,601 : INFO : EventManager : Event: ======'balldevice_bd_plunger_ball_entered'====== Args={'new_balls': 1, 'device': <ball_device.bd_plunger>}
2023-03-31 20:05:00,601 : INFO : ball_device.bd_plunger : State: waiting_for_target_ready
2023-03-31 20:05:00,601 : INFO : EventManager : Event: ======'balldevice_bd_plunger_ball_eject_attempt'====== Args={'balls': 1, 'target': <playfield.playfield>, 'source': <ball_device.bd_plunger>, 'mechanical_eject': False, 'num_attempts': 0}
2023-03-31 20:05:00,602 : INFO : ball_device.bd_plunger : State: ejecting
2023-03-31 20:05:00,602 : INFO : ball_device.bd_plunger : Ejecting ball to <playfield.playfield>
2023-03-31 20:05:00,602 : INFO : EventManager : Event: ======'balldevice_bd_plunger_ejecting_ball'====== Args={'balls': 1, 'target': <playfield.playfield>, 'source': <ball_device.bd_plunger>, 'mechanical_eject': False, 'num_attempts': 0}
2023-03-31 20:05:00,604 : INFO : ball_device.bd_plunger : Wait for ball to leave device
2023-03-31 20:05:00,604 : INFO : coil.c_autolauncher : Pulsing Driver for 19ms (0.9 pulse_power)
2023-03-31 20:05:00,632 : INFO : SwitchController : <<<<<<< 's_autolauncher' inactive >>>>>>>
2023-03-31 20:05:00,633 : INFO : SwitchController : <<<<<<< 's_flip_left_eos' active >>>>>>>
2023-03-31 20:05:00,633 : INFO : ball_device.bd_plunger : State: ball_left
2023-03-31 20:05:00,633 : INFO : ball_device.bd_plunger : Ball left
2023-03-31 20:05:00,633 : INFO : ball_device.bd_plunger : Wait for confirm with timeout 2.0
2023-03-31 20:05:00,652 : INFO : SwitchController : <<<<<<< 's_flip_left_eos' inactive >>>>>>>
2023-03-31 20:05:00,659 : INFO : SwitchController : <<<<<<< 's_flip_left_eos' active >>>>>>>
2023-03-31 20:05:00,661 : INFO : SwitchController : <<<<<<< 's_flip_left_eos' inactive >>>>>>>
2023-03-31 20:05:00,690 : INFO : SwitchController : <<<<<<< 's_flip_left_eos' active >>>>>>>
2023-03-31 20:05:00,692 : INFO : SwitchController : <<<<<<< 's_flip_left_eos' inactive >>>>>>>
2023-03-31 20:05:00,710 : INFO : SwitchController : <<<<<<< 's_flip_left_eos' active >>>>>>>
2023-03-31 20:05:00,711 : INFO : SwitchController : <<<<<<< 's_flip_left_eos' inactive >>>>>>>
2023-03-31 20:05:00,748 : INFO : SwitchController : <<<<<<< 's_flip_left_eos' active >>>>>>>
2023-03-31 20:05:00,750 : INFO : SwitchController : <<<<<<< 's_flip_left_eos' inactive >>>>>>>
2023-03-31 20:05:00,754 : INFO : SwitchController : <<<<<<< 's_flip_left_eos' active >>>>>>>
2023-03-31 20:05:00,755 : INFO : SwitchController : <<<<<<< 's_flip_left_eos' inactive >>>>>>>
2023-03-31 20:05:00,768 : INFO : SwitchController : <<<<<<< 's_flip_left_eos' active >>>>>>>
2023-03-31 20:05:00,768 : INFO : SwitchController : <<<<<<< 's_flip_left_eos' inactive >>>>>>>
2023-03-31 20:05:01,392 : INFO : SwitchController : <<<<<<< 's_vuk_back' active >>>>>>>
2023-03-31 20:05:01,892 : INFO : EventManager : Event: ======'balldevice_bd_vuk_back_ball_count_changed'====== Args={'balls': 1}
2023-03-31 20:05:01,892 : INFO : ball_device.bd_vuk_back : Received unexpected ball
2023-03-31 20:05:01,892 : INFO : EventManager : Event: ======'balldevice_captured_from_playfield'====== Args={'balls': 1}
2023-03-31 20:05:01,893 : INFO : EventManager : Event: ======'sw_playfield_active'====== Args={'balls': 1}
2023-03-31 20:05:01,893 : INFO : EventManager : Event: ======'playfield_active'====== Args={}
2023-03-31 20:05:01,893 : INFO : EventManager : Event: ======'playfield_ball_count_change'====== Args={'balls': -1, 'change': -1}
2023-03-31 20:05:01,894 : INFO : EventManager : Event: ======'balldevice_bd_vuk_back_ball_enter'====== Args={'new_balls': 1, 'unclaimed_balls': 1, 'new_available_balls': 1, 'device': <ball_device.bd_vuk_back>}
2023-03-31 20:05:01,894 : INFO : ball_device.bd_plunger : Got eject confirm
2023-03-31 20:05:01,894 : INFO : ball_device.bd_plunger : Eject successful
2023-03-31 20:05:01,894 : INFO : EventManager : Event: ======'balldevice_bd_plunger_ball_eject_success'====== Args={'balls': 1, 'target': <playfield.playfield>}
2023-03-31 20:05:01,894 : INFO : ball_device.bd_vuk_back : Ejecting 1 unexpected balls using path deque([<ball_device.bd_vuk_back>, <playfield.playfield>])
2023-03-31 20:05:01,895 : INFO : EventManager : Event: ======'balldevice_balls_available'====== Args={}
2023-03-31 20:05:01,895 : INFO : EventManager : Event: ======'balldevice_balls_available'====== Args={}
2023-03-31 20:05:01,895 : INFO : EventManager : Event: ======'balldevice_bd_vuk_back_ball_entered'====== Args={'new_balls': 1, 'device': <ball_device.bd_vuk_back>}
2023-03-31 20:05:01,895 : INFO : EventManager : Event: ======'balldevice_playfield_ball_enter'====== Args={'new_balls': 1, 'unclaimed_balls': 1, 'device': <playfield.playfield>}
2023-03-31 20:05:01,895 : INFO : EventManager : Event: ======'playfield_ball_count_change'====== Args={'balls': 0, 'change': 1}
2023-03-31 20:05:01,896 : INFO : EventManager : Event: ======'balldevice_bd_plunger_ball_count_changed'====== Args={'balls': 0}
2023-03-31 20:05:01,896 : INFO : ball_device.bd_plunger : State: idle
2023-03-31 20:05:01,897 : INFO : ball_device.bd_vuk_back : State: waiting_for_target_ready
2023-03-31 20:05:01,897 : INFO : EventManager : Event: ======'balldevice_bd_vuk_back_ball_eject_attempt'====== Args={'balls': 1, 'target': <playfield.playfield>, 'source': <ball_device.bd_vuk_back>, 'mechanical_eject': False, 'num_attempts': 0}
2023-03-31 20:05:01,897 : INFO : ball_device.bd_vuk_back : State: ejecting
2023-03-31 20:05:01,898 : INFO : ball_device.bd_vuk_back : Ejecting ball to <playfield.playfield>
2023-03-31 20:05:01,898 : INFO : EventManager : Event: ======'balldevice_bd_vuk_back_ejecting_ball'====== Args={'balls': 1, 'target': <playfield.playfield>, 'source': <ball_device.bd_vuk_back>, 'mechanical_eject': False, 'num_attempts': 0}
2023-03-31 20:05:01,898 : INFO : ball_device.bd_vuk_back : Wait for ball to leave device
2023-03-31 20:05:01,898 : INFO : coil.c_vuk_back : Pulsing Driver for 40ms (1.0 pulse_power)
2023-03-31 20:05:01,970 : INFO : SwitchController : <<<<<<< 's_vuk_back' inactive >>>>>>>
2023-03-31 20:05:01,971 : INFO : ball_device.bd_vuk_back : State: ball_left
2023-03-31 20:05:01,971 : INFO : ball_device.bd_vuk_back : Ball left
2023-03-31 20:05:01,971 : INFO : ball_device.bd_vuk_back : Wait for confirm with timeout 2.0
2023-03-31 20:05:01,980 : INFO : SwitchController : <<<<<<< 's_b_eos' active >>>>>>>
2023-03-31 20:05:01,990 : INFO : SwitchController : <<<<<<< 's_flip_left_eos' active >>>>>>>
2023-03-31 20:05:01,990 : INFO : SwitchController : <<<<<<< 's_flip_left_eos' inactive >>>>>>>
2023-03-31 20:05:01,992 : INFO : SwitchController : <<<<<<< 's_flip_left_eos' active >>>>>>>
2023-03-31 20:05:01,994 : INFO : SwitchController : <<<<<<< 's_flip_left_eos' inactive >>>>>>>
2023-03-31 20:05:02,011 : INFO : SwitchController : <<<<<<< 's_b_eos' inactive >>>>>>>
2023-03-31 20:05:03,009 : INFO : SwitchController : <<<<<<< 's_flip_left_eos' active >>>>>>>
2023-03-31 20:05:03,011 : INFO : SwitchController : <<<<<<< 's_flip_left_eos' inactive >>>>>>>
2023-03-31 20:05:03,014 : INFO : SwitchController : <<<<<<< 's_flip_left_eos' active >>>>>>>
2023-03-31 20:05:03,015 : INFO : SwitchController : <<<<<<< 's_flip_left_eos' inactive >>>>>>>
2023-03-31 20:05:03,064 : INFO : SwitchController : <<<<<<< 's_flip_left_eos' active >>>>>>>
2023-03-31 20:05:03,066 : INFO : SwitchController : <<<<<<< 's_flip_left_eos' inactive >>>>>>>
2023-03-31 20:05:03,971 : INFO : ball_device.bd_vuk_back : State: failed_confirm
2023-03-31 20:05:03,971 : INFO : ball_device.bd_vuk_back : Got timeout (2.0s) before confirm from <playfield.playfield>
2023-03-31 20:05:04,071 : INFO : ball_device.bd_vuk_back : Confirming eject because target is playfield and ball did not return.
2023-03-31 20:05:04,072 : INFO : ball_device.bd_vuk_back : Eject successful
2023-03-31 20:05:04,072 : INFO : EventManager : Event: ======'balldevice_bd_vuk_back_ball_eject_success'====== Args={'balls': 1, 'target': <playfield.playfield>}
2023-03-31 20:05:04,072 : INFO : EventManager : Event: ======'balldevice_playfield_ball_enter'====== Args={'new_balls': 1, 'unclaimed_balls': 1, 'device': <playfield.playfield>}
2023-03-31 20:05:04,072 : INFO : EventManager : Event: ======'playfield_ball_count_change'====== Args={'balls': 1, 'change': 1}
2023-03-31 20:05:04,073 : INFO : EventManager : Event: ======'balldevice_bd_vuk_back_ball_count_changed'====== Args={'balls': 0}
2023-03-31 20:05:04,073 : INFO : ball_device.bd_vuk_back : State: idle
2023-03-31 20:05:09,313 : INFO : SwitchController : <<<<<<< 's_flip_left_eos' active >>>>>>>
2023-03-31 20:05:09,317 : INFO : SwitchController : <<<<<<< 's_flip_left_eos' inactive >>>>>>>
2023-03-31 20:05:15,565 : INFO : SwitchController : <<<<<<< 's_autolauncher' active >>>>>>>
2023-03-31 20:05:16,066 : INFO : EventManager : Event: ======'balldevice_bd_plunger_ball_count_changed'====== Args={'balls': 1}
2023-03-31 20:05:16,066 : INFO : ball_device.bd_plunger : Received unexpected ball
2023-03-31 20:05:16,066 : INFO : EventManager : Event: ======'balldevice_captured_from_playfield'====== Args={'balls': 1}
2023-03-31 20:05:16,066 : INFO : EventManager : Event: ======'sw_playfield_active'====== Args={'balls': 1}
2023-03-31 20:05:16,066 : INFO : EventManager : Event: ======'playfield_ball_count_change'====== Args={'balls': 0, 'change': -1}
2023-03-31 20:05:16,067 : INFO : EventManager : Event: ======'balldevice_bd_plunger_ball_enter'====== Args={'new_balls': 1, 'unclaimed_balls': 1, 'new_available_balls': 1, 'device': <ball_device.bd_plunger>}
2023-03-31 20:05:16,067 : INFO : ball_device.bd_plunger : Ejecting 1 unexpected balls using path deque([<ball_device.bd_plunger>, <playfield.playfield>])
2023-03-31 20:05:16,068 : INFO : EventManager : Event: ======'balldevice_balls_available'====== Args={}
2023-03-31 20:05:16,068 : INFO : EventManager : Event: ======'balldevice_balls_available'====== Args={}
2023-03-31 20:05:16,068 : INFO : EventManager : Event: ======'balldevice_bd_plunger_ball_entered'====== Args={'new_balls': 1, 'device': <ball_device.bd_plunger>}
2023-03-31 20:05:16,069 : INFO : ball_device.bd_plunger : State: waiting_for_target_ready
2023-03-31 20:05:16,069 : INFO : EventManager : Event: ======'balldevice_bd_plunger_ball_eject_attempt'====== Args={'balls': 1, 'target': <playfield.playfield>, 'source': <ball_device.bd_plunger>, 'mechanical_eject': False, 'num_attempts': 0}
2023-03-31 20:05:16,070 : INFO : ball_device.bd_plunger : State: ejecting
2023-03-31 20:05:16,070 : INFO : ball_device.bd_plunger : Ejecting ball to <playfield.playfield>
2023-03-31 20:05:16,070 : INFO : EventManager : Event: ======'balldevice_bd_plunger_ejecting_ball'====== Args={'balls': 1, 'target': <playfield.playfield>, 'source': <ball_device.bd_plunger>, 'mechanical_eject': False, 'num_attempts': 0}
2023-03-31 20:05:16,071 : INFO : ball_device.bd_plunger : Wait for ball to leave device
2023-03-31 20:05:16,071 : INFO : coil.c_autolauncher : Pulsing Driver for 19ms (0.9 pulse_power)
2023-03-31 20:05:16,098 : INFO : SwitchController : <<<<<<< 's_autolauncher' inactive >>>>>>>
2023-03-31 20:05:16,098 : INFO : SwitchController : <<<<<<< 's_flip_left_eos' active >>>>>>>
2023-03-31 20:05:16,099 : INFO : ball_device.bd_plunger : State: ball_left
2023-03-31 20:05:16,099 : INFO : ball_device.bd_plunger : Ball left
2023-03-31 20:05:16,099 : INFO : ball_device.bd_plunger : Wait for confirm with timeout 2.0
2023-03-31 20:05:16,103 : INFO : SwitchController : <<<<<<< 's_flip_left_eos' inactive >>>>>>>
2023-03-31 20:05:16,105 : INFO : SwitchController : <<<<<<< 's_flip_left_eos' active >>>>>>>
2023-03-31 20:05:16,106 : INFO : SwitchController : <<<<<<< 's_flip_left_eos' inactive >>>>>>>
2023-03-31 20:05:16,117 : INFO : SwitchController : <<<<<<< 's_flip_left_eos' active >>>>>>>
2023-03-31 20:05:16,119 : INFO : SwitchController : <<<<<<< 's_flip_left_eos' inactive >>>>>>>
2023-03-31 20:05:16,121 : INFO : SwitchController : <<<<<<< 's_flip_left_eos' active >>>>>>>
2023-03-31 20:05:16,137 : INFO : SwitchController : <<<<<<< 's_flip_left_eos' inactive >>>>>>>
2023-03-31 20:05:16,137 : INFO : SwitchController : <<<<<<< 's_flip_left_eos' active >>>>>>>
2023-03-31 20:05:16,138 : INFO : SwitchController : <<<<<<< 's_flip_left_eos' inactive >>>>>>>
2023-03-31 20:05:16,146 : INFO : SwitchController : <<<<<<< 's_flip_left_eos' active >>>>>>>
2023-03-31 20:05:16,158 : INFO : SwitchController : <<<<<<< 's_flip_left_eos' inactive >>>>>>>
2023-03-31 20:05:16,165 : INFO : SwitchController : <<<<<<< 's_flip_left_eos' active >>>>>>>
2023-03-31 20:05:16,167 : INFO : SwitchController : <<<<<<< 's_flip_left_eos' inactive >>>>>>>
2023-03-31 20:05:16,457 : INFO : SwitchController : <<<<<<< 's_b_eos' active >>>>>>>
2023-03-31 20:05:17,191 : INFO : SwitchController : <<<<<<< 's_autolauncher' active >>>>>>>
2023-03-31 20:05:17,200 : INFO : SwitchController : <<<<<<< 's_autolauncher' inactive >>>>>>>
2023-03-31 20:05:17,212 : INFO : SwitchController : <<<<<<< 's_flip_left_eos' active >>>>>>>
2023-03-31 20:05:17,212 : INFO : SwitchController : <<<<<<< 's_flip_left_eos' inactive >>>>>>>
2023-03-31 20:05:18,100 : INFO : ball_device.bd_plunger : State: failed_confirm
2023-03-31 20:05:18,100 : INFO : ball_device.bd_plunger : Got timeout (2.0s) before confirm from <playfield.playfield>
2023-03-31 20:05:18,200 : INFO : ball_device.bd_plunger : Confirming eject because target is playfield and ball did not return.
2023-03-31 20:05:18,201 : INFO : ball_device.bd_plunger : Eject successful
2023-03-31 20:05:18,201 : INFO : EventManager : Event: ======'balldevice_bd_plunger_ball_eject_success'====== Args={'balls': 1, 'target': <playfield.playfield>}
2023-03-31 20:05:18,201 : INFO : EventManager : Event: ======'balldevice_playfield_ball_enter'====== Args={'new_balls': 1, 'unclaimed_balls': 1, 'device': <playfield.playfield>}
2023-03-31 20:05:18,202 : INFO : EventManager : Event: ======'playfield_ball_count_change'====== Args={'balls': 1, 'change': 1}
2023-03-31 20:05:18,202 : INFO : EventManager : Event: ======'balldevice_bd_plunger_ball_count_changed'====== Args={'balls': 0}
2023-03-31 20:05:18,202 : INFO : ball_device.bd_plunger : State: idle
2023-03-31 20:05:20,394 : INFO : SwitchController : <<<<<<< 's_flip_left_eos' active >>>>>>>
2023-03-31 20:05:20,396 : INFO : SwitchController : <<<<<<< 's_flip_left_eos' inactive >>>>>>>
2023-03-31 20:05:26,971 : INFO : SwitchController : <<<<<<< 's_autolauncher' active >>>>>>>
2023-03-31 20:05:27,471 : INFO : EventManager : Event: ======'balldevice_bd_plunger_ball_count_changed'====== Args={'balls': 1}
2023-03-31 20:05:27,471 : INFO : ball_device.bd_plunger : Received unexpected ball
2023-03-31 20:05:27,471 : INFO : EventManager : Event: ======'balldevice_captured_from_playfield'====== Args={'balls': 1}
2023-03-31 20:05:27,472 : INFO : EventManager : Event: ======'sw_playfield_active'====== Args={'balls': 1}
2023-03-31 20:05:27,472 : INFO : EventManager : Event: ======'playfield_ball_count_change'====== Args={'balls': 0, 'change': -1}
2023-03-31 20:05:27,472 : INFO : EventManager : Event: ======'balldevice_bd_plunger_ball_enter'====== Args={'new_balls': 1, 'unclaimed_balls': 1, 'new_available_balls': 1, 'device': <ball_device.bd_plunger>}
2023-03-31 20:05:27,473 : INFO : ball_device.bd_plunger : Ejecting 1 unexpected balls using path deque([<ball_device.bd_plunger>, <playfield.playfield>])
2023-03-31 20:05:27,473 : INFO : EventManager : Event: ======'balldevice_balls_available'====== Args={}
2023-03-31 20:05:27,473 : INFO : EventManager : Event: ======'balldevice_balls_available'====== Args={}
2023-03-31 20:05:27,473 : INFO : EventManager : Event: ======'balldevice_bd_plunger_ball_entered'====== Args={'new_balls': 1, 'device': <ball_device.bd_plunger>}
2023-03-31 20:05:27,474 : INFO : ball_device.bd_plunger : State: waiting_for_target_ready
2023-03-31 20:05:27,474 : INFO : EventManager : Event: ======'balldevice_bd_plunger_ball_eject_attempt'====== Args={'balls': 1, 'target': <playfield.playfield>, 'source': <ball_device.bd_plunger>, 'mechanical_eject': False, 'num_attempts': 0}
2023-03-31 20:05:27,475 : INFO : ball_device.bd_plunger : State: ejecting
2023-03-31 20:05:27,475 : INFO : ball_device.bd_plunger : Ejecting ball to <playfield.playfield>
2023-03-31 20:05:27,475 : INFO : EventManager : Event: ======'balldevice_bd_plunger_ejecting_ball'====== Args={'balls': 1, 'target': <playfield.playfield>, 'source': <ball_device.bd_plunger>, 'mechanical_eject': False, 'num_attempts': 0}
2023-03-31 20:05:27,475 : INFO : ball_device.bd_plunger : Wait for ball to leave device
2023-03-31 20:05:27,475 : INFO : coil.c_autolauncher : Pulsing Driver for 19ms (0.9 pulse_power)
2023-03-31 20:05:27,498 : INFO : SwitchController : <<<<<<< 's_flip_left_eos' active >>>>>>>
2023-03-31 20:05:27,500 : INFO : SwitchController : <<<<<<< 's_flip_left_eos' inactive >>>>>>>
2023-03-31 20:05:27,503 : INFO : SwitchController : <<<<<<< 's_autolauncher' inactive >>>>>>>
2023-03-31 20:05:27,504 : INFO : SwitchController : <<<<<<< 's_flip_left_eos' active >>>>>>>
2023-03-31 20:05:27,504 : INFO : ball_device.bd_plunger : State: ball_left
2023-03-31 20:05:27,504 : INFO : ball_device.bd_plunger : Ball left
2023-03-31 20:05:27,504 : INFO : ball_device.bd_plunger : Wait for confirm with timeout 2.0
2023-03-31 20:05:27,506 : INFO : SwitchController : <<<<<<< 's_flip_left_eos' inactive >>>>>>>
2023-03-31 20:05:27,517 : INFO : SwitchController : <<<<<<< 's_flip_left_eos' active >>>>>>>
2023-03-31 20:05:27,517 : INFO : SwitchController : <<<<<<< 's_flip_left_eos' inactive >>>>>>>
2023-03-31 20:05:27,517 : INFO : SwitchController : <<<<<<< 's_flip_left_eos' active >>>>>>>
2023-03-31 20:05:27,517 : INFO : SwitchController : <<<<<<< 's_flip_left_eos' inactive >>>>>>>
2023-03-31 20:05:27,519 : INFO : SwitchController : <<<<<<< 's_flip_left_eos' active >>>>>>>
2023-03-31 20:05:27,523 : INFO : SwitchController : <<<<<<< 's_flip_left_eos' inactive >>>>>>>
2023-03-31 20:05:27,525 : INFO : SwitchController : <<<<<<< 's_flip_left_eos' active >>>>>>>
2023-03-31 20:05:27,538 : INFO : SwitchController : <<<<<<< 's_flip_left_eos' inactive >>>>>>>
2023-03-31 20:05:27,538 : INFO : SwitchController : <<<<<<< 's_flip_left_eos' active >>>>>>>
2023-03-31 20:05:27,538 : INFO : SwitchController : <<<<<<< 's_flip_left_eos' inactive >>>>>>>
2023-03-31 20:05:27,538 : INFO : SwitchController : <<<<<<< 's_flip_left_eos' active >>>>>>>
2023-03-31 20:05:27,538 : INFO : SwitchController : <<<<<<< 's_flip_left_eos' inactive >>>>>>>
2023-03-31 20:05:27,540 : INFO : SwitchController : <<<<<<< 's_flip_left_eos' active >>>>>>>
2023-03-31 20:05:27,542 : INFO : SwitchController : <<<<<<< 's_flip_left_eos' inactive >>>>>>>
2023-03-31 20:05:27,545 : INFO : SwitchController : <<<<<<< 's_flip_left_eos' active >>>>>>>
2023-03-31 20:05:27,547 : INFO : SwitchController : <<<<<<< 's_flip_left_eos' inactive >>>>>>>
2023-03-31 20:05:27,558 : INFO : SwitchController : <<<<<<< 's_flip_left_eos' active >>>>>>>
2023-03-31 20:05:27,559 : INFO : SwitchController : <<<<<<< 's_flip_left_eos' inactive >>>>>>>
2023-03-31 20:05:27,560 : INFO : SwitchController : <<<<<<< 's_flip_left_eos' active >>>>>>>
2023-03-31 20:05:27,562 : INFO : SwitchController : <<<<<<< 's_flip_left_eos' inactive >>>>>>>
2023-03-31 20:05:27,565 : INFO : SwitchController : <<<<<<< 's_flip_left_eos' active >>>>>>>
2023-03-31 20:05:27,567 : INFO : SwitchController : <<<<<<< 's_flip_left_eos' inactive >>>>>>>
2023-03-31 20:05:27,590 : INFO : SwitchController : <<<<<<< 's_flip_left_eos' active >>>>>>>
2023-03-31 20:05:27,590 : INFO : SwitchController : <<<<<<< 's_flip_left_eos' inactive >>>>>>>
2023-03-31 20:05:28,556 : INFO : SwitchController : <<<<<<< 's_flip_left_eos' active >>>>>>>
2023-03-31 20:05:28,560 : INFO : SwitchController : <<<<<<< 's_flip_left_eos' inactive >>>>>>>
2023-03-31 20:05:28,578 : INFO : SwitchController : <<<<<<< 's_flip_left_eos' active >>>>>>>
2023-03-31 20:05:28,578 : INFO : SwitchController : <<<<<<< 's_flip_left_eos' inactive >>>>>>>
2023-03-31 20:05:28,606 : INFO : SwitchController : <<<<<<< 's_flip_left_eos' active >>>>>>>
2023-03-31 20:05:28,608 : INFO : SwitchController : <<<<<<< 's_flip_left_eos' inactive >>>>>>>
2023-03-31 20:05:28,614 : INFO : SwitchController : <<<<<<< 's_flip_left_eos' active >>>>>>>
2023-03-31 20:05:28,616 : INFO : SwitchController : <<<<<<< 's_flip_left_eos' inactive >>>>>>>
2023-03-31 20:05:29,505 : INFO : ball_device.bd_plunger : State: failed_confirm
2023-03-31 20:05:29,506 : INFO : ball_device.bd_plunger : Got timeout (2.0s) before confirm from <playfield.playfield>
2023-03-31 20:05:29,607 : INFO : ball_device.bd_plunger : Confirming eject because target is playfield and ball did not return.
2023-03-31 20:05:29,607 : INFO : ball_device.bd_plunger : Eject successful
2023-03-31 20:05:29,607 : INFO : EventManager : Event: ======'balldevice_bd_plunger_ball_eject_success'====== Args={'balls': 1, 'target': <playfield.playfield>}
2023-03-31 20:05:29,607 : INFO : EventManager : Event: ======'balldevice_playfield_ball_enter'====== Args={'new_balls': 1, 'unclaimed_balls': 1, 'device': <playfield.playfield>}
2023-03-31 20:05:29,607 : INFO : EventManager : Event: ======'playfield_ball_count_change'====== Args={'balls': 1, 'change': 1}
2023-03-31 20:05:29,608 : INFO : EventManager : Event: ======'balldevice_bd_plunger_ball_count_changed'====== Args={'balls': 0}
2023-03-31 20:05:29,608 : INFO : ball_device.bd_plunger : State: idle
2023-03-31 20:05:31,073 : INFO : SwitchController : <<<<<<< 's_autolauncher' active >>>>>>>
2023-03-31 20:05:31,073 : INFO : SwitchController : <<<<<<< 's_flip_left_eos' active >>>>>>>
2023-03-31 20:05:31,075 : INFO : SwitchController : <<<<<<< 's_flip_left_eos' inactive >>>>>>>
2023-03-31 20:05:31,575 : INFO : EventManager : Event: ======'balldevice_bd_plunger_ball_count_changed'====== Args={'balls': 1}
2023-03-31 20:05:31,575 : INFO : ball_device.bd_plunger : Received unexpected ball
2023-03-31 20:05:31,575 : INFO : EventManager : Event: ======'balldevice_captured_from_playfield'====== Args={'balls': 1}
2023-03-31 20:05:31,575 : INFO : EventManager : Event: ======'sw_playfield_active'====== Args={'balls': 1}
2023-03-31 20:05:31,575 : INFO : EventManager : Event: ======'playfield_ball_count_change'====== Args={'balls': 0, 'change': -1}
2023-03-31 20:05:31,576 : INFO : EventManager : Event: ======'balldevice_bd_plunger_ball_enter'====== Args={'new_balls': 1, 'unclaimed_balls': 1, 'new_available_balls': 1, 'device': <ball_device.bd_plunger>}
2023-03-31 20:05:31,576 : INFO : ball_device.bd_plunger : Ejecting 1 unexpected balls using path deque([<ball_device.bd_plunger>, <playfield.playfield>])
2023-03-31 20:05:31,576 : INFO : EventManager : Event: ======'balldevice_balls_available'====== Args={}
2023-03-31 20:05:31,576 : INFO : EventManager : Event: ======'balldevice_balls_available'====== Args={}
2023-03-31 20:05:31,577 : INFO : EventManager : Event: ======'balldevice_bd_plunger_ball_entered'====== Args={'new_balls': 1, 'device': <ball_device.bd_plunger>}
2023-03-31 20:05:31,578 : INFO : ball_device.bd_plunger : State: waiting_for_target_ready
2023-03-31 20:05:31,578 : INFO : EventManager : Event: ======'balldevice_bd_plunger_ball_eject_attempt'====== Args={'balls': 1, 'target': <playfield.playfield>, 'source': <ball_device.bd_plunger>, 'mechanical_eject': False, 'num_attempts': 0}
2023-03-31 20:05:31,578 : INFO : ball_device.bd_plunger : State: ejecting
2023-03-31 20:05:31,578 : INFO : ball_device.bd_plunger : Ejecting ball to <playfield.playfield>
2023-03-31 20:05:31,578 : INFO : EventManager : Event: ======'balldevice_bd_plunger_ejecting_ball'====== Args={'balls': 1, 'target': <playfield.playfield>, 'source': <ball_device.bd_plunger>, 'mechanical_eject': False, 'num_attempts': 0}
2023-03-31 20:05:31,579 : INFO : ball_device.bd_plunger : Wait for ball to leave device
2023-03-31 20:05:31,579 : INFO : coil.c_autolauncher : Pulsing Driver for 19ms (0.9 pulse_power)
2023-03-31 20:05:31,607 : INFO : SwitchController : <<<<<<< 's_autolauncher' inactive >>>>>>>
2023-03-31 20:05:31,607 : INFO : SwitchController : <<<<<<< 's_flip_left_eos' active >>>>>>>
2023-03-31 20:05:31,608 : INFO : ball_device.bd_plunger : State: ball_left
2023-03-31 20:05:31,608 : INFO : ball_device.bd_plunger : Ball left
2023-03-31 20:05:31,608 : INFO : ball_device.bd_plunger : Wait for confirm with timeout 2.0
2023-03-31 20:05:31,615 : INFO : SwitchController : <<<<<<< 's_flip_left_eos' inactive >>>>>>>
2023-03-31 20:05:31,627 : INFO : SwitchController : <<<<<<< 's_flip_left_eos' active >>>>>>>
2023-03-31 20:05:31,627 : INFO : SwitchController : <<<<<<< 's_flip_left_eos' inactive >>>>>>>
2023-03-31 20:05:31,627 : INFO : SwitchController : <<<<<<< 's_flip_left_eos' active >>>>>>>
2023-03-31 20:05:31,627 : INFO : SwitchController : <<<<<<< 's_flip_left_eos' inactive >>>>>>>
2023-03-31 20:05:31,633 : INFO : SwitchController : <<<<<<< 's_flip_left_eos' active >>>>>>>
2023-03-31 20:05:31,636 : INFO : SwitchController : <<<<<<< 's_flip_left_eos' inactive >>>>>>>
2023-03-31 20:05:31,646 : INFO : SwitchController : <<<<<<< 's_flip_left_eos' active >>>>>>>
2023-03-31 20:05:31,646 : INFO : SwitchController : <<<<<<< 's_flip_left_eos' inactive >>>>>>>
2023-03-31 20:05:31,653 : INFO : SwitchController : <<<<<<< 's_flip_left_eos' active >>>>>>>
2023-03-31 20:05:31,665 : INFO : SwitchController : <<<<<<< 's_flip_left_eos' inactive >>>>>>>
2023-03-31 20:05:31,666 : INFO : SwitchController : <<<<<<< 's_flip_left_eos' active >>>>>>>
2023-03-31 20:05:31,666 : INFO : SwitchController : <<<<<<< 's_flip_left_eos' inactive >>>>>>>
2023-03-31 20:05:31,668 : INFO : SwitchController : <<<<<<< 's_flip_left_eos' active >>>>>>>
2023-03-31 20:05:31,670 : INFO : SwitchController : <<<<<<< 's_flip_left_eos' inactive >>>>>>>
2023-03-31 20:05:31,673 : INFO : SwitchController : <<<<<<< 's_flip_left_eos' active >>>>>>>
2023-03-31 20:05:31,684 : INFO : SwitchController : <<<<<<< 's_flip_left_eos' inactive >>>>>>>
2023-03-31 20:05:32,660 : INFO : SwitchController : <<<<<<< 's_flip_left_eos' active >>>>>>>
2023-03-31 20:05:32,663 : INFO : SwitchController : <<<<<<< 's_flip_left_eos' inactive >>>>>>>
2023-03-31 20:05:33,607 : INFO : ball_device.bd_plunger : State: failed_confirm
2023-03-31 20:05:33,608 : INFO : ball_device.bd_plunger : Got timeout (2.0s) before confirm from <playfield.playfield>
2023-03-31 20:05:33,708 : INFO : ball_device.bd_plunger : Confirming eject because target is playfield and ball did not return.
2023-03-31 20:05:33,708 : INFO : ball_device.bd_plunger : Eject successful
2023-03-31 20:05:33,708 : INFO : EventManager : Event: ======'balldevice_bd_plunger_ball_eject_success'====== Args={'balls': 1, 'target': <playfield.playfield>}
2023-03-31 20:05:33,708 : INFO : EventManager : Event: ======'balldevice_playfield_ball_enter'====== Args={'new_balls': 1, 'unclaimed_balls': 1, 'device': <playfield.playfield>}
2023-03-31 20:05:33,708 : INFO : EventManager : Event: ======'playfield_ball_count_change'====== Args={'balls': 1, 'change': 1}
2023-03-31 20:05:33,709 : INFO : EventManager : Event: ======'balldevice_bd_plunger_ball_count_changed'====== Args={'balls': 0}
2023-03-31 20:05:33,709 : INFO : ball_device.bd_plunger : State: idle
2023-03-31 20:05:37,711 : INFO : Machine : Shutting down...
2023-03-31 20:05:37,711 : INFO : EventManager : Event: ======'shutdown'====== Args={}
2023-03-31 20:05:37,817 : INFO : root : MPF run loop ended.
