2023-04-02 01:23:18,473 : INFO : root : Loading config.
2023-04-02 01:23:18,878 : INFO : ConfigProcessor : Config spec file cache created: /var/folders/0y/x6b2lmrx6vq3nhkjncz48nhc0000gn/T/config_spec.mpf_cache
2023-04-02 01:23:18,878 : INFO : YamlMultifileConfigLoader : Machine config file #1: config.yaml
2023-04-02 01:23:18,878 : WARNING : ConfigProcessor : Config file in cache changed: /Users/tpetch/Documents/trashland_3/config/config.yaml
2023-04-02 01:23:18,879 : INFO : ConfigProcessor : Loading config from file /Users/tpetch/.local/pipx/venvs/mpf/lib/python3.9/site-packages/mpf/mpfconfig.yaml.
2023-04-02 01:23:18,951 : INFO : ConfigProcessor : Loading config: /Users/tpetch/.local/pipx/venvs/mpf/lib/python3.9/site-packages/mpf/mpfconfig.yaml
2023-04-02 01:23:18,952 : INFO : ConfigProcessor : Loading config from file /Users/tpetch/Documents/trashland_3/config/config.yaml.
2023-04-02 01:23:19,119 : INFO : ConfigProcessor : Loading config: /Users/tpetch/Documents/trashland_3/config/config.yaml
2023-04-02 01:23:19,121 : INFO : ConfigProcessor : Config file cache created: /var/folders/0y/x6b2lmrx6vq3nhkjncz48nhc0000gn/T/28c67afebeedf0bcd540f5dc9898a885.mpf_cache
2023-04-02 01:23:19,157 : INFO : ConfigProcessor : Loading config from cache: /var/folders/0y/x6b2lmrx6vq3nhkjncz48nhc0000gn/T/03cea1619b79a61f4f0eef3c59cdaa46.mpf_cache
2023-04-02 01:23:19,157 : INFO : ConfigProcessor : Loading config from cache: /var/folders/0y/x6b2lmrx6vq3nhkjncz48nhc0000gn/T/d3948d842c6309f14ab557c3c72320d0.mpf_cache
2023-04-02 01:23:19,158 : INFO : ConfigProcessor : Loading config from cache: /var/folders/0y/x6b2lmrx6vq3nhkjncz48nhc0000gn/T/03cea1619b79a61f4f0eef3c59cdaa46.mpf_cache
2023-04-02 01:23:19,158 : INFO : ConfigProcessor : Loading config from cache: /var/folders/0y/x6b2lmrx6vq3nhkjncz48nhc0000gn/T/1a491952b1b86d65aa143eb7204b9608.mpf_cache
2023-04-02 01:23:19,159 : INFO : ConfigProcessor : Loading config from cache: /var/folders/0y/x6b2lmrx6vq3nhkjncz48nhc0000gn/T/a37a2141962f60258a07880b3484644a.mpf_cache
2023-04-02 01:23:19,159 : INFO : ConfigProcessor : Loading config from cache: /var/folders/0y/x6b2lmrx6vq3nhkjncz48nhc0000gn/T/1abbb484e5c2eb8b7dba517683fc6f83.mpf_cache
2023-04-02 01:23:19,160 : INFO : Machine : Mission Pinball Framework Core Engine v0.56.1.dev4
2023-04-02 01:23:19,160 : INFO : Machine : Command line arguments: {'no_load_cache': False, 'create_config_cache': True, 'bcp': False, 'configfile': ['config.yaml'], 'force_assets_load': False, 'jsonlogging': False, 'logfile': 'logs/2023-04-02-01-23-18-mpf-Tanners-MacBook-Pro-2.local.log', 'pause': False, 'production': False, 'text_ui': True, 'loglevel': 15, 'consoleloglevel': 20, 'force_platform': None, 'syslog_address': None, 'mc_file_name': None, 'no_sound': False}
2023-04-02 01:23:19,160 : INFO : Machine : MPF path: /Users/tpetch/.local/pipx/venvs/mpf/lib/python3.9/site-packages/mpf
2023-04-02 01:23:19,160 : INFO : Machine : Machine path: /Users/tpetch/Documents/trashland_3
2023-04-02 01:23:19,160 : INFO : Machine : Platform: darwin
2023-04-02 01:23:19,160 : INFO : Machine : Python executable location: /Users/tpetch/.local/pipx/venvs/mpf/bin/python
2023-04-02 01:23:19,160 : INFO : Machine : Python version: 3.9.13 (64-bit)
2023-04-02 01:23:19,167 : INFO : Machine : Initialise MPF.
2023-04-02 01:23:19,223 : INFO : [NET] : Trying to connect to /dev/tty.usbmodem141401 at 921600bps
2023-04-02 01:23:19,228 : INFO : [NET] : Connected to /dev/tty.usbmodem141401 at 921600bps
2023-04-02 01:23:19,241 : INFO : [NET] : Connected to FP-CPU-2000 with firmware v02.06
2023-04-02 01:23:19,241 : INFO : EventManager : Event: ======'machine_var_fast_net_firmware'====== Args={'value': '02.06', 'prev_value': None, 'change': True}
2023-04-02 01:23:19,242 : INFO : EventManager : Event: ======'machine_var_fast_net_model'====== Args={'value': 'FP-CPU-2000', 'prev_value': None, 'change': True}
2023-04-02 01:23:19,244 : INFO : [NET] : Registered I/O Board 0: Model: FP-I/O-0804, Firmware: 01.09, Switches: 8, Drivers: 4
2023-04-02 01:23:19,246 : INFO : [NET] : Registered I/O Board 1: Model: FP-I/O-0804, Firmware: 01.09, Switches: 8, Drivers: 4
2023-04-02 01:23:19,247 : INFO : [NET] : Registered I/O Board 2: Model: FP-I/O-3208, Firmware: 01.09, Switches: 32, Drivers: 8
2023-04-02 01:23:19,249 : INFO : [NET] : Registered I/O Board 3: Model: FP-I/O-1616, Firmware: 01.09, Switches: 16, Drivers: 16
2023-04-02 01:23:19,250 : INFO : [NET] : Registered I/O Board 4: Model: FP-I/O-3208, Firmware: 01.09, Switches: 32, Drivers: 8
2023-04-02 01:23:19,252 : INFO : [EXP] : Trying to connect to /dev/tty.usbmodem141403 at 921600bps
2023-04-02 01:23:19,257 : INFO : [EXP] : Connected to /dev/tty.usbmodem141403 at 921600bps
2023-04-02 01:23:19,263 : INFO : EventManager : Event: ======'machine_var_credits_string'====== Args={'value': 'FREE PLAY', 'prev_value': None, 'change': True}
2023-04-02 01:23:19,292 : INFO : EventManager : Event: ======'machine_var_master_volume'====== Args={'value': 0.5, 'prev_value': None, 'change': True}
2023-04-02 01:23:19,292 : INFO : EventManager : Event: ======'machine_var_player1_score'====== Args={'value': 0, 'prev_value': None, 'change': True}
2023-04-02 01:23:19,292 : INFO : EventManager : Event: ======'machine_var_mpf_version'====== Args={'value': 'MPF v0.56.1.dev4', 'prev_value': None, 'change': True}
2023-04-02 01:23:19,292 : INFO : EventManager : Event: ======'machine_var_mpf_extended_version'====== Args={'value': 'MPF v0.56.1.dev4, Config version:5, Show version: 5, BCP version:1.1', 'prev_value': None, 'change': True}
2023-04-02 01:23:19,292 : INFO : EventManager : Event: ======'machine_var_python_version'====== Args={'value': '3.9.13', 'prev_value': None, 'change': True}
2023-04-02 01:23:19,304 : INFO : EventManager : Event: ======'machine_var_platform'====== Args={'value': 'macOS-10.16-x86_64-i386-64bit', 'prev_value': None, 'change': True}
2023-04-02 01:23:19,305 : INFO : EventManager : Event: ======'machine_var_platform_system'====== Args={'value': 'Darwin', 'prev_value': None, 'change': True}
2023-04-02 01:23:19,305 : INFO : EventManager : Event: ======'machine_var_platform_release'====== Args={'value': '22.2.0', 'prev_value': None, 'change': True}
2023-04-02 01:23:19,305 : INFO : EventManager : Event: ======'machine_var_platform_version'====== Args={'value': 'Darwin Kernel Version 22.2.0: Fri Nov 11 02:08:47 PST 2022; root:xnu-8792.61.2~4/RELEASE_X86_64', 'prev_value': None, 'change': True}
2023-04-02 01:23:19,305 : INFO : EventManager : Event: ======'machine_var_platform_machine'====== Args={'value': 'x86_64', 'prev_value': None, 'change': True}
2023-04-02 01:23:19,305 : INFO : EventManager : Event: ======'init_phase_1'====== Args={}
2023-04-02 01:23:19,372 : INFO : EventManager : Event: ======'drop_target_bank_single_main_up'====== Args={}
2023-04-02 01:23:19,373 : INFO : EventManager : Event: ======'drop_target_bank_mid_up'====== Args={}
2023-04-02 01:23:19,373 : INFO : EventManager : Event: ======'drop_target_bank_right_up'====== Args={}
2023-04-02 01:23:19,374 : INFO : EventManager : Event: ======'init_phase_2'====== Args={}
2023-04-02 01:23:19,374 : INFO : SwitchController : Found active switch: (('03', 0), <Platform.FAST>) <switch.s_left_flipper_2>
2023-04-02 01:23:19,374 : INFO : SwitchController : Found active switch: (('1D', 0), <Platform.FAST>) <switch.s_trough_1>
2023-04-02 01:23:19,375 : INFO : SwitchController : Found active switch: (('1C', 0), <Platform.FAST>) <switch.s_trough_2>
2023-04-02 01:23:19,375 : INFO : SwitchController : Found active switch: (('34', 0), <Platform.FAST>) <switch.s_drop_scoop>
2023-04-02 01:23:19,375 : INFO : SwitchController : Found active switch: (('36', 0), <Platform.FAST>) <switch.s_drop_mid_center>
2023-04-02 01:23:19,375 : INFO : SwitchController : Found active switch: (('37', 0), <Platform.FAST>) <switch.s_drop_mid_right>
2023-04-02 01:23:19,375 : INFO : SwitchController : Found active switch: (('4B', 0), <Platform.FAST>) <switch.s_u_lane_l>
2023-04-02 01:23:19,381 : INFO : ball_device.bd_vuk_back : BCH: Initial count: 0
2023-04-02 01:23:19,382 : INFO : ball_device.bd_vuk_back : State: idle
2023-04-02 01:23:19,382 : INFO : ball_device.bd_vuk_right : BCH: Initial count: 0
2023-04-02 01:23:19,382 : INFO : ball_device.bd_vuk_right : State: idle
2023-04-02 01:23:19,383 : INFO : ball_device.bd_b_lock : BCH: Initial count: 0
2023-04-02 01:23:19,383 : INFO : ball_device.bd_b_lock : State: idle
2023-04-02 01:23:19,384 : INFO : ball_device.bd_vuk_bot : BCH: Initial count: 0
2023-04-02 01:23:19,384 : INFO : ball_device.bd_vuk_bot : State: idle
2023-04-02 01:23:19,384 : INFO : ball_device.bd_trough : BCH: Initial count: 2
2023-04-02 01:23:19,385 : INFO : ball_device.bd_trough : State: idle
2023-04-02 01:23:19,385 : INFO : ball_device.bd_plunger : BCH: Initial count: 0
2023-04-02 01:23:19,385 : INFO : ball_device.bd_plunger : State: idle
2023-04-02 01:23:19,399 : INFO : EventManager : Event: ======'init_phase_3'====== Args={}
2023-04-02 01:23:19,407 : INFO : EventManager : Event: ======'init_phase_4'====== Args={}
2023-04-02 01:23:19,407 : INFO : EventManager : Event: ======'drop_target_mid_right_down'====== Args={'device': <drop_target.mid_right>}
2023-04-02 01:23:19,407 : INFO : EventManager : Event: ======'drop_target_bank_mid_mixed'====== Args={'prev_value': <DropTargetBankState.UP: 'up'>, 'down': 1}
2023-04-02 01:23:19,408 : INFO : EventManager : Event: ======'drop_target_mid_mid_down'====== Args={'device': <drop_target.mid_mid>}
2023-04-02 01:23:19,408 : INFO : EventManager : Event: ======'drop_target_bank_mid_mixed'====== Args={'prev_value': <DropTargetBankState.MIXED: 'mixed'>, 'down': 2}
2023-04-02 01:23:19,408 : INFO : BallController : Initial balls found: 2
2023-04-02 01:23:19,410 : INFO : EventManager : Event: ======'machine_var_audits_events_game_ended'====== Args={'value': 39, 'prev_value': None, 'change': True}
2023-04-02 01:23:19,410 : INFO : EventManager : Event: ======'machine_var_audits_events_game_started'====== Args={'value': 102, 'prev_value': None, 'change': True}
2023-04-02 01:23:19,410 : INFO : EventManager : Event: ======'machine_var_audits_player_score'====== Args={'value': {'average': 0.0, 'top': [0, 0, 0, 0, 0, 0, 0, 0, 0, 0], 'total': 39}, 'prev_value': None, 'change': True}
2023-04-02 01:23:19,410 : INFO : EventManager : Event: ======'machine_var_audits_switches_s_autolauncher'====== Args={'value': 374, 'prev_value': None, 'change': True}
2023-04-02 01:23:19,411 : INFO : EventManager : Event: ======'machine_var_audits_switches_s_b_eos'====== Args={'value': 2147, 'prev_value': None, 'change': True}
2023-04-02 01:23:19,411 : INFO : EventManager : Event: ======'machine_var_audits_switches_s_b_pop'====== Args={'value': 411, 'prev_value': None, 'change': True}
2023-04-02 01:23:19,411 : INFO : EventManager : Event: ======'machine_var_audits_switches_s_b_rollover_interchange'====== Args={'value': 7, 'prev_value': None, 'change': True}
2023-04-02 01:23:19,411 : INFO : EventManager : Event: ======'machine_var_audits_switches_s_b_rollover_loop'====== Args={'value': 21, 'prev_value': None, 'change': True}
2023-04-02 01:23:19,411 : INFO : EventManager : Event: ======'machine_var_audits_switches_s_b_rollover_misc'====== Args={'value': 29, 'prev_value': None, 'change': True}
2023-04-02 01:23:19,411 : INFO : EventManager : Event: ======'machine_var_audits_switches_s_b_target_left'====== Args={'value': 16, 'prev_value': None, 'change': True}
2023-04-02 01:23:19,412 : INFO : EventManager : Event: ======'machine_var_audits_switches_s_b_target_right'====== Args={'value': 31, 'prev_value': None, 'change': True}
2023-04-02 01:23:19,412 : INFO : EventManager : Event: ======'machine_var_audits_switches_s_drop_mid_center'====== Args={'value': 100, 'prev_value': None, 'change': True}
2023-04-02 01:23:19,412 : INFO : EventManager : Event: ======'machine_var_audits_switches_s_drop_mid_left'====== Args={'value': 67, 'prev_value': None, 'change': True}
2023-04-02 01:23:19,412 : INFO : EventManager : Event: ======'machine_var_audits_switches_s_drop_mid_right'====== Args={'value': 80, 'prev_value': None, 'change': True}
2023-04-02 01:23:19,412 : INFO : EventManager : Event: ======'machine_var_audits_switches_s_drop_right_left'====== Args={'value': 27, 'prev_value': None, 'change': True}
2023-04-02 01:23:19,412 : INFO : EventManager : Event: ======'machine_var_audits_switches_s_drop_right_right'====== Args={'value': 26, 'prev_value': None, 'change': True}
2023-04-02 01:23:19,412 : INFO : EventManager : Event: ======'machine_var_audits_switches_s_drop_scoop'====== Args={'value': 0, 'prev_value': None, 'change': True}
2023-04-02 01:23:19,413 : INFO : EventManager : Event: ======'machine_var_audits_switches_s_drop_single'====== Args={'value': 21, 'prev_value': None, 'change': True}
2023-04-02 01:23:19,413 : INFO : EventManager : Event: ======'machine_var_audits_switches_s_flip_left_eos'====== Args={'value': 21731, 'prev_value': None, 'change': True}
2023-04-02 01:23:19,413 : INFO : EventManager : Event: ======'machine_var_audits_switches_s_flip_left_top_eos'====== Args={'value': 1468, 'prev_value': None, 'change': True}
2023-04-02 01:23:19,413 : INFO : EventManager : Event: ======'machine_var_audits_switches_s_flip_right_eos'====== Args={'value': 1807, 'prev_value': None, 'change': True}
2023-04-02 01:23:19,413 : INFO : EventManager : Event: ======'machine_var_audits_switches_s_inlane_left'====== Args={'value': 29, 'prev_value': None, 'change': True}
2023-04-02 01:23:19,413 : INFO : EventManager : Event: ======'machine_var_audits_switches_s_inlane_right'====== Args={'value': 53, 'prev_value': None, 'change': True}
2023-04-02 01:23:19,413 : INFO : EventManager : Event: ======'machine_var_audits_switches_s_l_rollover'====== Args={'value': 6, 'prev_value': None, 'change': True}
2023-04-02 01:23:19,414 : INFO : EventManager : Event: ======'machine_var_audits_switches_s_l_target_far'====== Args={'value': 6, 'prev_value': None, 'change': True}
2023-04-02 01:23:19,414 : INFO : EventManager : Event: ======'machine_var_audits_switches_s_l_target_large'====== Args={'value': 6, 'prev_value': None, 'change': True}
2023-04-02 01:23:19,414 : INFO : EventManager : Event: ======'machine_var_audits_switches_s_l_target_left'====== Args={'value': 7, 'prev_value': None, 'change': True}
2023-04-02 01:23:19,414 : INFO : EventManager : Event: ======'machine_var_audits_switches_s_l_target_right'====== Args={'value': 6, 'prev_value': None, 'change': True}
2023-04-02 01:23:19,414 : INFO : EventManager : Event: ======'machine_var_audits_switches_s_l_vuk'====== Args={'value': 6, 'prev_value': None, 'change': True}
2023-04-02 01:23:19,414 : INFO : EventManager : Event: ======'machine_var_audits_switches_s_launch'====== Args={'value': 409, 'prev_value': None, 'change': True}
2023-04-02 01:23:19,415 : INFO : EventManager : Event: ======'machine_var_audits_switches_s_left_flipper_1'====== Args={'value': 1583, 'prev_value': None, 'change': True}
2023-04-02 01:23:19,415 : INFO : EventManager : Event: ======'machine_var_audits_switches_s_left_flipper_2'====== Args={'value': 650, 'prev_value': None, 'change': True}
2023-04-02 01:23:19,415 : INFO : EventManager : Event: ======'machine_var_audits_switches_s_lock_1'====== Args={'value': 1, 'prev_value': None, 'change': True}
2023-04-02 01:23:19,415 : INFO : EventManager : Event: ======'machine_var_audits_switches_s_lock_2'====== Args={'value': 1, 'prev_value': None, 'change': True}
2023-04-02 01:23:19,415 : INFO : EventManager : Event: ======'machine_var_audits_switches_s_lock_3'====== Args={'value': 1, 'prev_value': None, 'change': True}
2023-04-02 01:23:19,416 : INFO : EventManager : Event: ======'machine_var_audits_switches_s_outlane_left'====== Args={'value': 11, 'prev_value': None, 'change': True}
2023-04-02 01:23:19,416 : INFO : EventManager : Event: ======'machine_var_audits_switches_s_outlane_right'====== Args={'value': 26, 'prev_value': None, 'change': True}
2023-04-02 01:23:19,416 : INFO : EventManager : Event: ======'machine_var_audits_switches_s_pop_left'====== Args={'value': 137, 'prev_value': None, 'change': True}
2023-04-02 01:23:19,416 : INFO : EventManager : Event: ======'machine_var_audits_switches_s_pop_lower'====== Args={'value': 475, 'prev_value': None, 'change': True}
2023-04-02 01:23:19,416 : INFO : EventManager : Event: ======'machine_var_audits_switches_s_pop_right'====== Args={'value': 2206, 'prev_value': None, 'change': True}
2023-04-02 01:23:19,417 : INFO : EventManager : Event: ======'machine_var_audits_switches_s_right_flipper_1'====== Args={'value': 3018, 'prev_value': None, 'change': True}
2023-04-02 01:23:19,417 : INFO : EventManager : Event: ======'machine_var_audits_switches_s_right_flipper_2'====== Args={'value': 2887, 'prev_value': None, 'change': True}
2023-04-02 01:23:19,417 : INFO : EventManager : Event: ======'machine_var_audits_switches_s_rollover_left'====== Args={'value': 70, 'prev_value': None, 'change': True}
2023-04-02 01:23:19,417 : INFO : EventManager : Event: ======'machine_var_audits_switches_s_rollover_right'====== Args={'value': 485, 'prev_value': None, 'change': True}
2023-04-02 01:23:19,418 : INFO : EventManager : Event: ======'machine_var_audits_switches_s_sling_left'====== Args={'value': 137, 'prev_value': None, 'change': True}
2023-04-02 01:23:19,418 : INFO : EventManager : Event: ======'machine_var_audits_switches_s_sling_right'====== Args={'value': 201, 'prev_value': None, 'change': True}
2023-04-02 01:23:19,418 : INFO : EventManager : Event: ======'machine_var_audits_switches_s_start'====== Args={'value': 96, 'prev_value': None, 'change': True}
2023-04-02 01:23:19,418 : INFO : EventManager : Event: ======'machine_var_audits_switches_s_tilt'====== Args={'value': 2364, 'prev_value': None, 'change': True}
2023-04-02 01:23:19,418 : INFO : EventManager : Event: ======'machine_var_audits_switches_s_trough_1'====== Args={'value': 0, 'prev_value': None, 'change': True}
2023-04-02 01:23:19,419 : INFO : EventManager : Event: ======'machine_var_audits_switches_s_trough_2'====== Args={'value': 367, 'prev_value': None, 'change': True}
2023-04-02 01:23:19,419 : INFO : EventManager : Event: ======'machine_var_audits_switches_s_trough_3'====== Args={'value': 333, 'prev_value': None, 'change': True}
2023-04-02 01:23:19,419 : INFO : EventManager : Event: ======'machine_var_audits_switches_s_trough_4'====== Args={'value': 329, 'prev_value': None, 'change': True}
2023-04-02 01:23:19,419 : INFO : EventManager : Event: ======'machine_var_audits_switches_s_trough_5'====== Args={'value': 242, 'prev_value': None, 'change': True}
2023-04-02 01:23:19,420 : INFO : EventManager : Event: ======'machine_var_audits_switches_s_trough_6'====== Args={'value': 234, 'prev_value': None, 'change': True}
2023-04-02 01:23:19,420 : INFO : EventManager : Event: ======'machine_var_audits_switches_s_trough_jam'====== Args={'value': 301, 'prev_value': None, 'change': True}
2023-04-02 01:23:19,420 : INFO : EventManager : Event: ======'machine_var_audits_switches_s_u_lane_l'====== Args={'value': 12, 'prev_value': None, 'change': True}
2023-04-02 01:23:19,420 : INFO : EventManager : Event: ======'machine_var_audits_switches_s_u_lane_r'====== Args={'value': 16, 'prev_value': None, 'change': True}
2023-04-02 01:23:19,421 : INFO : EventManager : Event: ======'machine_var_audits_switches_s_u_rollover'====== Args={'value': 6, 'prev_value': None, 'change': True}
2023-04-02 01:23:19,421 : INFO : EventManager : Event: ======'machine_var_audits_switches_s_u_target'====== Args={'value': 5, 'prev_value': None, 'change': True}
2023-04-02 01:23:19,421 : INFO : EventManager : Event: ======'machine_var_audits_switches_s_vuk_back'====== Args={'value': 431, 'prev_value': None, 'change': True}
2023-04-02 01:23:19,421 : INFO : EventManager : Event: ======'machine_var_audits_switches_s_vuk_right'====== Args={'value': 0, 'prev_value': None, 'change': True}
2023-04-02 01:23:19,438 : INFO : EventManager : Event: ======'init_phase_5'====== Args={}
2023-04-02 01:23:19,438 : INFO : EventManager : Event: ======'init_done'====== Args={}
2023-04-02 01:23:19,438 : INFO : EventManager : Event: ======'machine_reset_phase_1'====== Args={}
2023-04-02 01:23:19,439 : INFO : EventManager : Event: ======'machine_reset_phase_2'====== Args={}
2023-04-02 01:23:19,439 : INFO : EventManager : Event: ======'machine_reset_phase_3'====== Args={}
2023-04-02 01:23:19,440 : INFO : EventManager : Event: ======'reset_complete'====== Args={}
2023-04-02 01:23:19,440 : INFO : EventManager : Event: ======'mode_attract_will_start'====== Args={}
2023-04-02 01:23:19,440 : INFO : EventManager : Event: ======'mode_attract_starting'====== Args={}
2023-04-02 01:23:19,440 : INFO : Mode.attract : Started. Priority: 10
2023-04-02 01:23:19,440 : INFO : EventManager : Event: ======'modes_active_modes_changed'====== Args={}
2023-04-02 01:23:19,440 : INFO : EventManager : Event: ======'mode_attract_started'====== Args={}
2023-04-02 01:23:19,442 : INFO : EventManager : Event: ======'collecting_balls_complete'====== Args={}
2023-04-02 01:23:19,443 : INFO : Machine : Starting the main run loop.
2023-04-02 01:23:20,537 : INFO : SwitchController : <<<<<<< 's_start' active >>>>>>>
2023-04-02 01:23:20,650 : INFO : SwitchController : <<<<<<< 's_start' inactive >>>>>>>
2023-04-02 01:23:20,650 : INFO : EventManager : Event: ======'request_to_start_game'====== Args={}
2023-04-02 01:23:20,650 : INFO : EventManager : Event: ======'game_start'====== Args={'buttons': [], 'hold_time': 0.11299999989569187}
2023-04-02 01:23:20,650 : INFO : EventManager : Event: ======'mode_game_will_start'====== Args={'buttons': [], 'hold_time': 0.11299999989569187}
2023-04-02 01:23:20,651 : INFO : EventManager : Event: ======'mode_game_starting'====== Args={'buttons': [], 'hold_time': 0.11299999989569187}
2023-04-02 01:23:20,651 : INFO : EventManager : Event: ======'mode_attract_will_stop'====== Args={}
2023-04-02 01:23:20,651 : INFO : EventManager : Event: ======'mode_attract_stopping'====== Args={}
2023-04-02 01:23:20,651 : INFO : Mode.attract : Stopped.
2023-04-02 01:23:20,651 : INFO : EventManager : Event: ======'modes_active_modes_changed'====== Args={}
2023-04-02 01:23:20,652 : INFO : EventManager : Event: ======'mode_attract_stopped'====== Args={}
2023-04-02 01:23:20,652 : INFO : EventManager : Event: ======'clear'====== Args={'key': 'attract'}
2023-04-02 01:23:20,653 : INFO : Mode.game : Started. Priority: 20
2023-04-02 01:23:20,653 : INFO : EventManager : Event: ======'modes_active_modes_changed'====== Args={}
2023-04-02 01:23:20,653 : INFO : EventManager : Event: ======'mode_game_started'====== Args={'buttons': [], 'hold_time': 0.11299999989569187}
2023-04-02 01:23:20,654 : INFO : EventManager : Event: ======'game_will_start'====== Args={}
2023-04-02 01:23:20,654 : INFO : EventManager : Event: ======'game_starting'====== Args={'game': <Mode.game>}
2023-04-02 01:23:20,654 : INFO : EventManager : Event: ======'player_add_request'====== Args={}
2023-04-02 01:23:20,655 : INFO : EventManager : Event: ======'player_will_add'====== Args={'number': 1}
2023-04-02 01:23:20,655 : INFO : EventManager : Event: ======'player_adding'====== Args={'player': <Player 1>, 'number': 1}
2023-04-02 01:23:20,655 : INFO : EventManager : Event: ======'player_added'====== Args={'player': <Player 1>, 'num': 1}
2023-04-02 01:23:20,655 : INFO : Mode.game : Player added successfully. Total players: 1
2023-04-02 01:23:20,655 : INFO : EventManager : Event: ======'player_index'====== Args={'value': 0, 'prev_value': 0, 'change': 0, 'player_num': 1}
2023-04-02 01:23:20,655 : INFO : EventManager : Event: ======'player_number'====== Args={'value': 1, 'prev_value': 1, 'change': 0, 'player_num': 1}
2023-04-02 01:23:20,655 : INFO : EventManager : Event: ======'player_score'====== Args={'value': 0, 'prev_value': 0, 'change': 0, 'player_num': 1}
2023-04-02 01:23:20,656 : INFO : EventManager : Event: ======'game_started'====== Args={}
2023-04-02 01:23:20,661 : INFO : EventManager : Event: ======'player_turn_will_start'====== Args={'player': <Player 1>, 'number': 1}
2023-04-02 01:23:20,674 : INFO : EventManager : Event: ======'player_turn_starting'====== Args={'player': <Player 1>, 'number': 1}
2023-04-02 01:23:20,675 : INFO : EventManager : Event: ======'player_ball'====== Args={'value': 1, 'prev_value': 0, 'change': 1, 'player_num': 1}
2023-04-02 01:23:20,676 : INFO : EventManager : Event: ======'player_turn_started'====== Args={'player': <Player 1>, 'number': 1}
2023-04-02 01:23:20,676 : INFO : EventManager : Event: ======'ball_will_start'====== Args={'player': 1, 'ball': 1, 'balls_remaining': 2, 'is_extra_ball': False}
2023-04-02 01:23:20,677 : INFO : EventManager : Event: ======'ball_starting'====== Args={'player': 1, 'ball': 1, 'balls_remaining': 2, 'is_extra_ball': False}
2023-04-02 01:23:20,677 : INFO : EventManager : Event: ======'balls_in_play'====== Args={'balls': 1}
2023-04-02 01:23:20,677 : INFO : EventManager : Event: ======'ball_started'====== Args={'player': 1, 'ball': 1, 'balls_remaining': 2, 'is_extra_ball': False}
2023-04-02 01:23:20,677 : INFO : EventManager : Event: ======'mode_start_ball_save_will_start'====== Args={'player': 1, 'ball': 1, 'balls_remaining': 2, 'is_extra_ball': False}
2023-04-02 01:23:20,678 : INFO : EventManager : Event: ======'mode_start_ball_save_starting'====== Args={'player': 1, 'ball': 1, 'balls_remaining': 2, 'is_extra_ball': False}
2023-04-02 01:23:20,678 : INFO : drop_target_bank.single_main : All targets are already up. Will not reset bank.
2023-04-02 01:23:20,678 : INFO : drop_target_bank.mid : 2 targets are down. Will reset those.
2023-04-02 01:23:20,678 : INFO : coil.c_drop_mid : Pulsing Driver for 50ms (0.7 pulse_power)
2023-04-02 01:23:20,678 : INFO : drop_target_bank.right : All targets are already up. Will not reset bank.
2023-04-02 01:23:20,680 : INFO : Mode.start_ball_save : Started. Priority: 100
2023-04-02 01:23:20,680 : INFO : EventManager : Event: ======'modes_active_modes_changed'====== Args={}
2023-04-02 01:23:20,680 : INFO : EventManager : Event: ======'mode_start_ball_save_started'====== Args={'player': 1, 'ball': 1, 'balls_remaining': 2, 'is_extra_ball': False}
2023-04-02 01:23:20,680 : INFO : EventManager : Event: ======'ball_save_ball_save_ball_save_enabled'====== Args={}
2023-04-02 01:23:20,681 : INFO : EventManager : Event: ======'single_player_ball_started'====== Args={}
2023-04-02 01:23:20,681 : INFO : EventManager : Event: ======'ball_start_target'====== Args={'target': 'playfield'}
2023-04-02 01:23:20,681 : INFO : ball_device.bd_plunger : Setting up player-controlled eject. Balls: 1, Target: <playfield.playfield>, player_controlled_eject_event: s_launch_active
2023-04-02 01:23:20,681 : INFO : EventManager : Event: ======'balldevice_balls_available'====== Args={}
2023-04-02 01:23:20,682 : INFO : ball_device.bd_trough : State: waiting_for_target_ready
2023-04-02 01:23:20,682 : INFO : EventManager : Event: ======'balldevice_bd_trough_ball_eject_attempt'====== Args={'balls': 1, 'target': <ball_device.bd_plunger>, 'source': <ball_device.bd_trough>, 'mechanical_eject': True, 'num_attempts': 0}
2023-04-02 01:23:20,682 : INFO : ball_device.bd_plunger : State: waiting_for_ball
2023-04-02 01:23:20,682 : INFO : ball_device.bd_vuk_back : State: waiting_for_ball
2023-04-02 01:23:20,683 : INFO : ball_device.bd_trough : State: ejecting
2023-04-02 01:23:20,683 : INFO : ball_device.bd_trough : Ejecting ball to <ball_device.bd_plunger>
2023-04-02 01:23:20,683 : INFO : EventManager : Event: ======'balldevice_bd_trough_ejecting_ball'====== Args={'balls': 1, 'target': <ball_device.bd_plunger>, 'source': <ball_device.bd_trough>, 'mechanical_eject': True, 'num_attempts': 0}
2023-04-02 01:23:20,683 : INFO : ball_device.bd_trough : Wait for ball to leave device
2023-04-02 01:23:20,720 : INFO : SwitchController : <<<<<<< 's_drop_mid_right' inactive >>>>>>>
2023-04-02 01:23:20,722 : INFO : SwitchController : <<<<<<< 's_drop_mid_center' inactive >>>>>>>
2023-04-02 01:23:20,741 : INFO : coil.c_trough : Pulsing Driver for 20ms (0.8 pulse_power)
2023-04-02 01:23:20,765 : INFO : SwitchController : <<<<<<< 's_trough_jam' active >>>>>>>
2023-04-02 01:23:20,766 : INFO : EventManager : Event: ======'machine_var_audits_switches_s_trough_jam'====== Args={'value': 302, 'prev_value': 301, 'change': 1}
2023-04-02 01:23:20,766 : INFO : SwitchController : <<<<<<< 's_flip_left_eos' active >>>>>>>
2023-04-02 01:23:20,766 : INFO : EventManager : Event: ======'machine_var_audits_switches_s_flip_left_eos'====== Args={'value': 21732, 'prev_value': 21731, 'change': 1}
2023-04-02 01:23:20,769 : INFO : SwitchController : <<<<<<< 's_flip_left_eos' inactive >>>>>>>
2023-04-02 01:23:20,774 : INFO : SwitchController : <<<<<<< 's_flip_left_eos' active >>>>>>>
2023-04-02 01:23:20,774 : INFO : EventManager : Event: ======'machine_var_audits_switches_s_flip_left_eos'====== Args={'value': 21733, 'prev_value': 21732, 'change': 1}
2023-04-02 01:23:20,786 : INFO : SwitchController : <<<<<<< 's_trough_jam' inactive >>>>>>>
2023-04-02 01:23:20,786 : INFO : SwitchController : <<<<<<< 's_flip_left_eos' inactive >>>>>>>
2023-04-02 01:23:20,787 : INFO : SwitchController : <<<<<<< 's_flip_left_eos' active >>>>>>>
2023-04-02 01:23:20,788 : INFO : EventManager : Event: ======'machine_var_audits_switches_s_flip_left_eos'====== Args={'value': 21734, 'prev_value': 21733, 'change': 1}
2023-04-02 01:23:20,790 : INFO : SwitchController : <<<<<<< 's_flip_left_eos' inactive >>>>>>>
2023-04-02 01:23:20,807 : INFO : SwitchController : <<<<<<< 's_flip_left_eos' active >>>>>>>
2023-04-02 01:23:20,808 : INFO : EventManager : Event: ======'machine_var_audits_switches_s_flip_left_eos'====== Args={'value': 21735, 'prev_value': 21734, 'change': 1}
2023-04-02 01:23:20,808 : INFO : SwitchController : <<<<<<< 's_flip_left_eos' inactive >>>>>>>
2023-04-02 01:23:20,851 : INFO : SwitchController : <<<<<<< 's_flip_left_eos' active >>>>>>>
2023-04-02 01:23:20,851 : INFO : EventManager : Event: ======'machine_var_audits_switches_s_flip_left_eos'====== Args={'value': 21736, 'prev_value': 21735, 'change': 1}
2023-04-02 01:23:20,853 : INFO : SwitchController : <<<<<<< 's_flip_left_eos' inactive >>>>>>>
2023-04-02 01:23:20,861 : INFO : SwitchController : <<<<<<< 's_flip_left_eos' active >>>>>>>
2023-04-02 01:23:20,861 : INFO : EventManager : Event: ======'machine_var_audits_switches_s_flip_left_eos'====== Args={'value': 21737, 'prev_value': 21736, 'change': 1}
2023-04-02 01:23:20,873 : INFO : SwitchController : <<<<<<< 's_flip_left_eos' inactive >>>>>>>
2023-04-02 01:23:20,873 : INFO : SwitchController : <<<<<<< 's_flip_left_eos' active >>>>>>>
2023-04-02 01:23:20,873 : INFO : EventManager : Event: ======'machine_var_audits_switches_s_flip_left_eos'====== Args={'value': 21738, 'prev_value': 21737, 'change': 1}
2023-04-02 01:23:20,873 : INFO : SwitchController : <<<<<<< 's_flip_left_eos' inactive >>>>>>>
2023-04-02 01:23:20,875 : INFO : SwitchController : <<<<<<< 's_flip_left_eos' active >>>>>>>
2023-04-02 01:23:20,875 : INFO : EventManager : Event: ======'machine_var_audits_switches_s_flip_left_eos'====== Args={'value': 21739, 'prev_value': 21738, 'change': 1}
2023-04-02 01:23:20,879 : INFO : SwitchController : <<<<<<< 's_flip_left_eos' inactive >>>>>>>
2023-04-02 01:23:20,881 : INFO : SwitchController : <<<<<<< 's_flip_left_eos' active >>>>>>>
2023-04-02 01:23:20,881 : INFO : EventManager : Event: ======'machine_var_audits_switches_s_flip_left_eos'====== Args={'value': 21740, 'prev_value': 21739, 'change': 1}
2023-04-02 01:23:20,893 : INFO : SwitchController : <<<<<<< 's_flip_left_eos' inactive >>>>>>>
2023-04-02 01:23:20,893 : INFO : SwitchController : <<<<<<< 's_flip_left_eos' active >>>>>>>
2023-04-02 01:23:20,893 : INFO : EventManager : Event: ======'machine_var_audits_switches_s_flip_left_eos'====== Args={'value': 21741, 'prev_value': 21740, 'change': 1}
2023-04-02 01:23:20,894 : INFO : SwitchController : <<<<<<< 's_flip_left_eos' inactive >>>>>>>
2023-04-02 01:23:20,895 : INFO : SwitchController : <<<<<<< 's_flip_left_eos' active >>>>>>>
2023-04-02 01:23:20,895 : INFO : EventManager : Event: ======'machine_var_audits_switches_s_flip_left_eos'====== Args={'value': 21742, 'prev_value': 21741, 'change': 1}
2023-04-02 01:23:20,898 : INFO : SwitchController : <<<<<<< 's_flip_left_eos' inactive >>>>>>>
2023-04-02 01:23:20,901 : INFO : SwitchController : <<<<<<< 's_flip_left_eos' active >>>>>>>
2023-04-02 01:23:20,901 : INFO : EventManager : Event: ======'machine_var_audits_switches_s_flip_left_eos'====== Args={'value': 21743, 'prev_value': 21742, 'change': 1}
2023-04-02 01:23:20,915 : INFO : SwitchController : <<<<<<< 's_flip_left_eos' inactive >>>>>>>
2023-04-02 01:23:20,915 : INFO : SwitchController : <<<<<<< 's_flip_left_eos' active >>>>>>>
2023-04-02 01:23:20,915 : INFO : EventManager : Event: ======'machine_var_audits_switches_s_flip_left_eos'====== Args={'value': 21744, 'prev_value': 21743, 'change': 1}
2023-04-02 01:23:20,915 : INFO : SwitchController : <<<<<<< 's_flip_left_eos' inactive >>>>>>>
2023-04-02 01:23:20,916 : INFO : SwitchController : <<<<<<< 's_flip_left_eos' active >>>>>>>
2023-04-02 01:23:20,917 : INFO : EventManager : Event: ======'machine_var_audits_switches_s_flip_left_eos'====== Args={'value': 21745, 'prev_value': 21744, 'change': 1}
2023-04-02 01:23:20,918 : INFO : SwitchController : <<<<<<< 's_flip_left_eos' inactive >>>>>>>
2023-04-02 01:23:20,921 : INFO : SwitchController : <<<<<<< 's_flip_left_eos' active >>>>>>>
2023-04-02 01:23:20,922 : INFO : EventManager : Event: ======'machine_var_audits_switches_s_flip_left_eos'====== Args={'value': 21746, 'prev_value': 21745, 'change': 1}
2023-04-02 01:23:20,923 : INFO : SwitchController : <<<<<<< 's_flip_left_eos' inactive >>>>>>>
2023-04-02 01:23:20,946 : INFO : SwitchController : <<<<<<< 's_trough_2' inactive >>>>>>>
2023-04-02 01:23:20,946 : INFO : ball_device.bd_trough : State: ball_left
2023-04-02 01:23:20,946 : INFO : ball_device.bd_trough : Ball left
2023-04-02 01:23:20,946 : INFO : ball_device.bd_trough : Wait for confirm with timeout 10.0
2023-04-02 01:23:21,178 : INFO : EventManager : Event: ======'drop_target_mid_right_up'====== Args={'device': <drop_target.mid_right>}
2023-04-02 01:23:21,179 : INFO : EventManager : Event: ======'drop_target_mid_mid_up'====== Args={'device': <drop_target.mid_mid>}
2023-04-02 01:23:21,179 : INFO : EventManager : Event: ======'drop_target_bank_mid_up'====== Args={}
2023-04-02 01:23:28,732 : INFO : BcpServer : New client connected.
2023-04-02 01:23:30,947 : INFO : ball_device.bd_trough : State: failed_confirm
2023-04-02 01:23:30,947 : INFO : ball_device.bd_trough : Got timeout (10.0s) before confirm from <ball_device.bd_plunger>
2023-04-02 01:23:32,547 : INFO : SwitchController : <<<<<<< 's_right_flipper_1' active >>>>>>>
2023-04-02 01:23:32,548 : INFO : EventManager : Event: ======'machine_var_audits_switches_s_right_flipper_1'====== Args={'value': 3019, 'prev_value': 3018, 'change': 1}
2023-04-02 01:23:32,554 : INFO : SwitchController : <<<<<<< 's_right_flipper_2' active >>>>>>>
2023-04-02 01:23:32,554 : INFO : EventManager : Event: ======'machine_var_audits_switches_s_right_flipper_2'====== Args={'value': 2888, 'prev_value': 2887, 'change': 1}
2023-04-02 01:23:32,557 : INFO : SwitchController : <<<<<<< 's_flip_left_eos' active >>>>>>>
2023-04-02 01:23:32,557 : INFO : EventManager : Event: ======'machine_var_audits_switches_s_flip_left_eos'====== Args={'value': 21747, 'prev_value': 21746, 'change': 1}
2023-04-02 01:23:32,569 : INFO : SwitchController : <<<<<<< 's_flip_left_eos' inactive >>>>>>>
2023-04-02 01:23:32,569 : INFO : SwitchController : <<<<<<< 's_flip_right_eos' active >>>>>>>
2023-04-02 01:23:32,569 : INFO : EventManager : Event: ======'machine_var_audits_switches_s_flip_right_eos'====== Args={'value': 1808, 'prev_value': 1807, 'change': 1}
2023-04-02 01:23:32,570 : INFO : SwitchController : <<<<<<< 's_b_eos' active >>>>>>>
2023-04-02 01:23:32,570 : INFO : EventManager : Event: ======'machine_var_audits_switches_s_b_eos'====== Args={'value': 2148, 'prev_value': 2147, 'change': 1}
2023-04-02 01:23:32,573 : INFO : SwitchController : <<<<<<< 's_flip_left_eos' active >>>>>>>
2023-04-02 01:23:32,573 : INFO : EventManager : Event: ======'machine_var_audits_switches_s_flip_left_eos'====== Args={'value': 21748, 'prev_value': 21747, 'change': 1}
2023-04-02 01:23:32,589 : INFO : SwitchController : <<<<<<< 's_flip_left_eos' inactive >>>>>>>
2023-04-02 01:23:32,590 : INFO : SwitchController : <<<<<<< 's_flip_left_eos' active >>>>>>>
2023-04-02 01:23:32,590 : INFO : EventManager : Event: ======'machine_var_audits_switches_s_flip_left_eos'====== Args={'value': 21749, 'prev_value': 21748, 'change': 1}
2023-04-02 01:23:32,594 : INFO : SwitchController : <<<<<<< 's_flip_left_eos' inactive >>>>>>>
2023-04-02 01:23:32,887 : INFO : SwitchController : <<<<<<< 's_launch' active >>>>>>>
2023-04-02 01:23:32,887 : INFO : EventManager : Event: ======'machine_var_audits_switches_s_launch'====== Args={'value': 410, 'prev_value': 409, 'change': 1}
2023-04-02 01:23:33,066 : INFO : SwitchController : <<<<<<< 's_launch' inactive >>>>>>>
2023-04-02 01:23:33,980 : INFO : SwitchController : <<<<<<< 's_right_flipper_1' inactive >>>>>>>
2023-04-02 01:23:33,982 : INFO : SwitchController : <<<<<<< 's_right_flipper_2' inactive >>>>>>>
2023-04-02 01:23:33,983 : INFO : SwitchController : <<<<<<< 's_right_flipper_1' active >>>>>>>
2023-04-02 01:23:33,983 : INFO : EventManager : Event: ======'machine_var_audits_switches_s_right_flipper_1'====== Args={'value': 3020, 'prev_value': 3019, 'change': 1}
2023-04-02 01:23:33,985 : INFO : SwitchController : <<<<<<< 's_right_flipper_1' inactive >>>>>>>
2023-04-02 01:23:34,111 : INFO : SwitchController : <<<<<<< 's_b_eos' inactive >>>>>>>
2023-04-02 01:23:34,135 : INFO : SwitchController : <<<<<<< 's_flip_right_eos' inactive >>>>>>>
2023-04-02 01:23:36,783 : INFO : SwitchController : <<<<<<< 's_left_flipper_1' active >>>>>>>
2023-04-02 01:23:36,783 : INFO : EventManager : Event: ======'machine_var_audits_switches_s_left_flipper_1'====== Args={'value': 1584, 'prev_value': 1583, 'change': 1}
2023-04-02 01:23:36,806 : INFO : SwitchController : <<<<<<< 's_flip_left_eos' active >>>>>>>
2023-04-02 01:23:36,806 : INFO : EventManager : Event: ======'machine_var_audits_switches_s_flip_left_eos'====== Args={'value': 21750, 'prev_value': 21749, 'change': 1}
2023-04-02 01:23:36,807 : INFO : SwitchController : <<<<<<< 's_flip_left_top_eos' active >>>>>>>
2023-04-02 01:23:36,807 : INFO : EventManager : Event: ======'machine_var_audits_switches_s_flip_left_top_eos'====== Args={'value': 1469, 'prev_value': 1468, 'change': 1}
2023-04-02 01:23:36,862 : INFO : SwitchController : <<<<<<< 's_tilt' active >>>>>>>
2023-04-02 01:23:36,863 : INFO : EventManager : Event: ======'machine_var_audits_switches_s_tilt'====== Args={'value': 2365, 'prev_value': 2364, 'change': 1}
2023-04-02 01:23:36,868 : INFO : SwitchController : <<<<<<< 's_tilt' inactive >>>>>>>
2023-04-02 01:23:36,967 : INFO : SwitchController : <<<<<<< 's_left_flipper_1' inactive >>>>>>>
2023-04-02 01:23:37,054 : INFO : SwitchController : <<<<<<< 's_flip_left_top_eos' inactive >>>>>>>
2023-04-02 01:23:37,076 : INFO : SwitchController : <<<<<<< 's_tilt' active >>>>>>>
2023-04-02 01:23:37,076 : INFO : EventManager : Event: ======'machine_var_audits_switches_s_tilt'====== Args={'value': 2366, 'prev_value': 2365, 'change': 1}
2023-04-02 01:23:37,097 : INFO : SwitchController : <<<<<<< 's_tilt' inactive >>>>>>>
2023-04-02 01:23:37,098 : INFO : SwitchController : <<<<<<< 's_flip_left_eos' inactive >>>>>>>
2023-04-02 01:23:37,099 : INFO : SwitchController : <<<<<<< 's_flip_left_eos' active >>>>>>>
2023-04-02 01:23:37,099 : INFO : EventManager : Event: ======'machine_var_audits_switches_s_flip_left_eos'====== Args={'value': 21751, 'prev_value': 21750, 'change': 1}
2023-04-02 01:23:37,106 : INFO : SwitchController : <<<<<<< 's_flip_left_eos' inactive >>>>>>>
2023-04-02 01:23:37,119 : INFO : SwitchController : <<<<<<< 's_flip_left_eos' active >>>>>>>
2023-04-02 01:23:37,119 : INFO : EventManager : Event: ======'machine_var_audits_switches_s_flip_left_eos'====== Args={'value': 21752, 'prev_value': 21751, 'change': 1}
2023-04-02 01:23:37,120 : INFO : SwitchController : <<<<<<< 's_flip_left_eos' inactive >>>>>>>
2023-04-02 01:23:37,120 : INFO : SwitchController : <<<<<<< 's_flip_left_eos' active >>>>>>>
2023-04-02 01:23:37,120 : INFO : EventManager : Event: ======'machine_var_audits_switches_s_flip_left_eos'====== Args={'value': 21753, 'prev_value': 21752, 'change': 1}
2023-04-02 01:23:37,121 : INFO : SwitchController : <<<<<<< 's_flip_left_eos' inactive >>>>>>>
2023-04-02 01:23:37,124 : INFO : SwitchController : <<<<<<< 's_flip_left_eos' active >>>>>>>
2023-04-02 01:23:37,124 : INFO : EventManager : Event: ======'machine_var_audits_switches_s_flip_left_eos'====== Args={'value': 21754, 'prev_value': 21753, 'change': 1}
2023-04-02 01:23:37,127 : INFO : SwitchController : <<<<<<< 's_flip_left_eos' inactive >>>>>>>
2023-04-02 01:23:37,157 : INFO : SwitchController : <<<<<<< 's_tilt' active >>>>>>>
2023-04-02 01:23:37,158 : INFO : EventManager : Event: ======'machine_var_audits_switches_s_tilt'====== Args={'value': 2367, 'prev_value': 2366, 'change': 1}
2023-04-02 01:23:37,165 : INFO : SwitchController : <<<<<<< 's_tilt' inactive >>>>>>>
2023-04-02 01:23:37,178 : INFO : SwitchController : <<<<<<< 's_flip_left_eos' active >>>>>>>
2023-04-02 01:23:37,179 : INFO : EventManager : Event: ======'machine_var_audits_switches_s_flip_left_eos'====== Args={'value': 21755, 'prev_value': 21754, 'change': 1}
2023-04-02 01:23:37,179 : INFO : SwitchController : <<<<<<< 's_flip_left_eos' inactive >>>>>>>
2023-04-02 01:23:37,238 : INFO : SwitchController : <<<<<<< 's_tilt' active >>>>>>>
2023-04-02 01:23:37,238 : INFO : EventManager : Event: ======'machine_var_audits_switches_s_tilt'====== Args={'value': 2368, 'prev_value': 2367, 'change': 1}
2023-04-02 01:23:37,246 : INFO : SwitchController : <<<<<<< 's_tilt' inactive >>>>>>>
2023-04-02 01:23:37,411 : INFO : SwitchController : <<<<<<< 's_tilt' active >>>>>>>
2023-04-02 01:23:37,411 : INFO : EventManager : Event: ======'machine_var_audits_switches_s_tilt'====== Args={'value': 2369, 'prev_value': 2368, 'change': 1}
2023-04-02 01:23:37,419 : INFO : SwitchController : <<<<<<< 's_tilt' inactive >>>>>>>
2023-04-02 01:23:37,548 : INFO : SwitchController : <<<<<<< 's_tilt' active >>>>>>>
2023-04-02 01:23:37,548 : INFO : EventManager : Event: ======'machine_var_audits_switches_s_tilt'====== Args={'value': 2370, 'prev_value': 2369, 'change': 1}
2023-04-02 01:23:37,553 : INFO : SwitchController : <<<<<<< 's_tilt' inactive >>>>>>>
2023-04-02 01:23:37,763 : INFO : SwitchController : <<<<<<< 's_tilt' active >>>>>>>
2023-04-02 01:23:37,764 : INFO : EventManager : Event: ======'machine_var_audits_switches_s_tilt'====== Args={'value': 2371, 'prev_value': 2370, 'change': 1}
2023-04-02 01:23:37,785 : INFO : SwitchController : <<<<<<< 's_tilt' inactive >>>>>>>
2023-04-02 01:23:37,844 : INFO : SwitchController : <<<<<<< 's_tilt' active >>>>>>>
2023-04-02 01:23:37,844 : INFO : EventManager : Event: ======'machine_var_audits_switches_s_tilt'====== Args={'value': 2372, 'prev_value': 2371, 'change': 1}
2023-04-02 01:23:37,852 : INFO : SwitchController : <<<<<<< 's_tilt' inactive >>>>>>>
2023-04-02 01:23:37,929 : INFO : SwitchController : <<<<<<< 's_tilt' active >>>>>>>
2023-04-02 01:23:37,929 : INFO : EventManager : Event: ======'machine_var_audits_switches_s_tilt'====== Args={'value': 2373, 'prev_value': 2372, 'change': 1}
2023-04-02 01:23:37,933 : INFO : SwitchController : <<<<<<< 's_tilt' inactive >>>>>>>
2023-04-02 01:23:37,967 : INFO : SwitchController : <<<<<<< 's_trough_2' active >>>>>>>
2023-04-02 01:23:37,967 : INFO : EventManager : Event: ======'machine_var_audits_switches_s_trough_2'====== Args={'value': 368, 'prev_value': 367, 'change': 1}
2023-04-02 01:23:37,987 : INFO : SwitchController : <<<<<<< 's_tilt' active >>>>>>>
2023-04-02 01:23:37,987 : INFO : EventManager : Event: ======'machine_var_audits_switches_s_tilt'====== Args={'value': 2374, 'prev_value': 2373, 'change': 1}
2023-04-02 01:23:37,990 : INFO : SwitchController : <<<<<<< 's_tilt' inactive >>>>>>>
2023-04-02 01:23:38,006 : INFO : SwitchController : <<<<<<< 's_trough_2' inactive >>>>>>>
2023-04-02 01:23:38,034 : INFO : SwitchController : <<<<<<< 's_trough_3' active >>>>>>>
2023-04-02 01:23:38,035 : INFO : EventManager : Event: ======'machine_var_audits_switches_s_trough_3'====== Args={'value': 334, 'prev_value': 333, 'change': 1}
2023-04-02 01:23:38,071 : INFO : SwitchController : <<<<<<< 's_flip_left_eos' active >>>>>>>
2023-04-02 01:23:38,071 : INFO : EventManager : Event: ======'machine_var_audits_switches_s_flip_left_eos'====== Args={'value': 21756, 'prev_value': 21755, 'change': 1}
2023-04-02 01:23:38,073 : INFO : SwitchController : <<<<<<< 's_flip_left_eos' inactive >>>>>>>
2023-04-02 01:23:38,092 : INFO : SwitchController : <<<<<<< 's_trough_3' inactive >>>>>>>
2023-04-02 01:23:38,113 : INFO : SwitchController : <<<<<<< 's_tilt' active >>>>>>>
2023-04-02 01:23:38,113 : INFO : EventManager : Event: ======'machine_var_audits_switches_s_tilt'====== Args={'value': 2375, 'prev_value': 2374, 'change': 1}
2023-04-02 01:23:38,114 : INFO : SwitchController : <<<<<<< 's_tilt' inactive >>>>>>>
2023-04-02 01:23:38,150 : INFO : SwitchController : <<<<<<< 's_tilt' active >>>>>>>
2023-04-02 01:23:38,150 : INFO : EventManager : Event: ======'machine_var_audits_switches_s_tilt'====== Args={'value': 2376, 'prev_value': 2375, 'change': 1}
2023-04-02 01:23:38,156 : INFO : SwitchController : <<<<<<< 's_trough_3' active >>>>>>>
2023-04-02 01:23:38,156 : INFO : EventManager : Event: ======'machine_var_audits_switches_s_trough_3'====== Args={'value': 335, 'prev_value': 334, 'change': 1}
2023-04-02 01:23:38,160 : INFO : SwitchController : <<<<<<< 's_tilt' inactive >>>>>>>
2023-04-02 01:23:38,206 : INFO : SwitchController : <<<<<<< 's_tilt' active >>>>>>>
2023-04-02 01:23:38,206 : INFO : EventManager : Event: ======'machine_var_audits_switches_s_tilt'====== Args={'value': 2377, 'prev_value': 2376, 'change': 1}
2023-04-02 01:23:38,222 : INFO : SwitchController : <<<<<<< 's_tilt' inactive >>>>>>>
2023-04-02 01:23:38,243 : INFO : SwitchController : <<<<<<< 's_tilt' active >>>>>>>
2023-04-02 01:23:38,243 : INFO : EventManager : Event: ======'machine_var_audits_switches_s_tilt'====== Args={'value': 2378, 'prev_value': 2377, 'change': 1}
2023-04-02 01:23:38,247 : INFO : SwitchController : <<<<<<< 's_tilt' inactive >>>>>>>
2023-04-02 01:23:38,265 : INFO : SwitchController : <<<<<<< 's_tilt' active >>>>>>>
2023-04-02 01:23:38,265 : INFO : EventManager : Event: ======'machine_var_audits_switches_s_tilt'====== Args={'value': 2379, 'prev_value': 2378, 'change': 1}
2023-04-02 01:23:38,270 : INFO : SwitchController : <<<<<<< 's_tilt' inactive >>>>>>>
2023-04-02 01:23:38,286 : INFO : SwitchController : <<<<<<< 's_tilt' active >>>>>>>
2023-04-02 01:23:38,286 : INFO : EventManager : Event: ======'machine_var_audits_switches_s_tilt'====== Args={'value': 2380, 'prev_value': 2379, 'change': 1}
2023-04-02 01:23:38,286 : INFO : SwitchController : <<<<<<< 's_trough_3' inactive >>>>>>>
2023-04-02 01:23:38,349 : INFO : SwitchController : <<<<<<< 's_autolauncher' active >>>>>>>
2023-04-02 01:23:38,349 : INFO : EventManager : Event: ======'machine_var_audits_switches_s_autolauncher'====== Args={'value': 375, 'prev_value': 374, 'change': 1}
2023-04-02 01:23:38,414 : INFO : SwitchController : <<<<<<< 's_tilt' inactive >>>>>>>
2023-04-02 01:23:38,421 : INFO : SwitchController : <<<<<<< 's_tilt' active >>>>>>>
2023-04-02 01:23:38,421 : INFO : EventManager : Event: ======'machine_var_audits_switches_s_tilt'====== Args={'value': 2381, 'prev_value': 2380, 'change': 1}
2023-04-02 01:23:38,435 : INFO : SwitchController : <<<<<<< 's_tilt' inactive >>>>>>>
2023-04-02 01:23:38,441 : INFO : SwitchController : <<<<<<< 's_tilt' active >>>>>>>
2023-04-02 01:23:38,441 : INFO : EventManager : Event: ======'machine_var_audits_switches_s_tilt'====== Args={'value': 2382, 'prev_value': 2381, 'change': 1}
2023-04-02 01:23:38,525 : INFO : SwitchController : <<<<<<< 's_tilt' inactive >>>>>>>
2023-04-02 01:23:38,531 : INFO : SwitchController : <<<<<<< 's_tilt' active >>>>>>>
2023-04-02 01:23:38,531 : INFO : EventManager : Event: ======'machine_var_audits_switches_s_tilt'====== Args={'value': 2383, 'prev_value': 2382, 'change': 1}
2023-04-02 01:23:38,604 : INFO : SwitchController : <<<<<<< 's_trough_3' active >>>>>>>
2023-04-02 01:23:38,604 : INFO : EventManager : Event: ======'machine_var_audits_switches_s_trough_3'====== Args={'value': 336, 'prev_value': 335, 'change': 1}
2023-04-02 01:23:38,636 : INFO : SwitchController : <<<<<<< 's_tilt' inactive >>>>>>>
2023-04-02 01:23:38,640 : INFO : SwitchController : <<<<<<< 's_tilt' active >>>>>>>
2023-04-02 01:23:38,640 : INFO : EventManager : Event: ======'machine_var_audits_switches_s_tilt'====== Args={'value': 2384, 'prev_value': 2383, 'change': 1}
2023-04-02 01:23:38,656 : INFO : SwitchController : <<<<<<< 's_tilt' inactive >>>>>>>
2023-04-02 01:23:38,676 : INFO : SwitchController : <<<<<<< 's_tilt' active >>>>>>>
2023-04-02 01:23:38,676 : INFO : EventManager : Event: ======'machine_var_audits_switches_s_tilt'====== Args={'value': 2385, 'prev_value': 2384, 'change': 1}
2023-04-02 01:23:38,698 : INFO : SwitchController : <<<<<<< 's_tilt' inactive >>>>>>>
2023-04-02 01:23:38,701 : INFO : SwitchController : <<<<<<< 's_tilt' active >>>>>>>
2023-04-02 01:23:38,701 : INFO : EventManager : Event: ======'machine_var_audits_switches_s_tilt'====== Args={'value': 2386, 'prev_value': 2385, 'change': 1}
2023-04-02 01:23:38,718 : INFO : SwitchController : <<<<<<< 's_tilt' inactive >>>>>>>
2023-04-02 01:23:38,720 : INFO : SwitchController : <<<<<<< 's_tilt' active >>>>>>>
2023-04-02 01:23:38,720 : INFO : EventManager : Event: ======'machine_var_audits_switches_s_tilt'====== Args={'value': 2387, 'prev_value': 2386, 'change': 1}
2023-04-02 01:23:38,738 : INFO : SwitchController : <<<<<<< 's_tilt' inactive >>>>>>>
2023-04-02 01:23:38,738 : INFO : SwitchController : <<<<<<< 's_tilt' active >>>>>>>
2023-04-02 01:23:38,738 : INFO : EventManager : Event: ======'machine_var_audits_switches_s_tilt'====== Args={'value': 2388, 'prev_value': 2387, 'change': 1}
2023-04-02 01:23:38,747 : INFO : SwitchController : <<<<<<< 's_tilt' inactive >>>>>>>
2023-04-02 01:23:38,760 : INFO : SwitchController : <<<<<<< 's_tilt' active >>>>>>>
2023-04-02 01:23:38,761 : INFO : EventManager : Event: ======'machine_var_audits_switches_s_tilt'====== Args={'value': 2389, 'prev_value': 2388, 'change': 1}
2023-04-02 01:23:38,765 : INFO : SwitchController : <<<<<<< 's_tilt' inactive >>>>>>>
2023-04-02 01:23:38,782 : INFO : SwitchController : <<<<<<< 's_tilt' active >>>>>>>
2023-04-02 01:23:38,782 : INFO : EventManager : Event: ======'machine_var_audits_switches_s_tilt'====== Args={'value': 2390, 'prev_value': 2389, 'change': 1}
2023-04-02 01:23:38,783 : INFO : SwitchController : <<<<<<< 's_trough_3' inactive >>>>>>>
2023-04-02 01:23:38,784 : INFO : SwitchController : <<<<<<< 's_tilt' inactive >>>>>>>
2023-04-02 01:23:38,790 : INFO : SwitchController : <<<<<<< 's_tilt' active >>>>>>>
2023-04-02 01:23:38,791 : INFO : EventManager : Event: ======'machine_var_audits_switches_s_tilt'====== Args={'value': 2391, 'prev_value': 2390, 'change': 1}
2023-04-02 01:23:38,849 : INFO : ball_device.bd_plunger : Received ball from <ball_device.bd_trough>
2023-04-02 01:23:38,849 : INFO : EventManager : Event: ======'balldevice_bd_plunger_ball_enter'====== Args={'new_balls': 1, 'unclaimed_balls': 0, 'new_available_balls': 0, 'device': <ball_device.bd_plunger>}
2023-04-02 01:23:38,850 : INFO : EventManager : Event: ======'balldevice_bd_plunger_ball_entered'====== Args={'new_balls': 0, 'device': <ball_device.bd_plunger>}
2023-04-02 01:23:38,850 : INFO : EventManager : Event: ======'balldevice_bd_plunger_ball_count_changed'====== Args={'balls': 1}
2023-04-02 01:23:38,850 : INFO : ball_device.bd_trough : Eject successful
2023-04-02 01:23:38,850 : INFO : EventManager : Event: ======'balldevice_bd_trough_ball_eject_success'====== Args={'balls': 1, 'target': <ball_device.bd_plunger>}
2023-04-02 01:23:38,851 : INFO : EventManager : Event: ======'balldevice_bd_trough_ball_count_changed'====== Args={'balls': 1}
2023-04-02 01:23:38,851 : INFO : ball_device.bd_trough : State: idle
2023-04-02 01:23:38,851 : INFO : ball_device.bd_plunger : State: waiting_for_target_ready
2023-04-02 01:23:38,851 : INFO : EventManager : Event: ======'balldevice_bd_plunger_ball_eject_attempt'====== Args={'balls': 1, 'target': <ball_device.bd_vuk_back>, 'source': <ball_device.bd_plunger>, 'mechanical_eject': True, 'num_attempts': 0}
2023-04-02 01:23:38,852 : INFO : ball_device.bd_plunger : State: ejecting
2023-04-02 01:23:38,852 : INFO : ball_device.bd_plunger : Ejecting ball to <ball_device.bd_vuk_back>
2023-04-02 01:23:38,852 : INFO : EventManager : Event: ======'balldevice_bd_plunger_ejecting_ball'====== Args={'balls': 1, 'target': <ball_device.bd_vuk_back>, 'source': <ball_device.bd_plunger>, 'mechanical_eject': True, 'num_attempts': 0}
2023-04-02 01:23:38,852 : INFO : EventManager : Event: ======'ball_save_ball_save_ball_save_timer_start'====== Args={}
2023-04-02 01:23:38,853 : INFO : ball_device.bd_plunger : Wait for ball to leave device
2023-04-02 01:23:38,860 : INFO : SwitchController : <<<<<<< 's_tilt' inactive >>>>>>>
2023-04-02 01:23:38,881 : INFO : SwitchController : <<<<<<< 's_tilt' active >>>>>>>
2023-04-02 01:23:38,881 : INFO : EventManager : Event: ======'machine_var_audits_switches_s_tilt'====== Args={'value': 2392, 'prev_value': 2391, 'change': 1}
2023-04-02 01:23:38,881 : INFO : SwitchController : <<<<<<< 's_trough_2' active >>>>>>>
2023-04-02 01:23:38,882 : INFO : EventManager : Event: ======'machine_var_audits_switches_s_trough_2'====== Args={'value': 369, 'prev_value': 368, 'change': 1}
2023-04-02 01:23:38,882 : INFO : SwitchController : <<<<<<< 's_tilt' inactive >>>>>>>
2023-04-02 01:23:38,902 : INFO : SwitchController : <<<<<<< 's_tilt' active >>>>>>>
2023-04-02 01:23:38,902 : INFO : EventManager : Event: ======'machine_var_audits_switches_s_tilt'====== Args={'value': 2393, 'prev_value': 2392, 'change': 1}
2023-04-02 01:23:38,923 : INFO : SwitchController : <<<<<<< 's_tilt' inactive >>>>>>>
2023-04-02 01:23:38,943 : INFO : SwitchController : <<<<<<< 's_tilt' active >>>>>>>
2023-04-02 01:23:38,943 : INFO : EventManager : Event: ======'machine_var_audits_switches_s_tilt'====== Args={'value': 2394, 'prev_value': 2393, 'change': 1}
2023-04-02 01:23:38,945 : INFO : SwitchController : <<<<<<< 's_tilt' inactive >>>>>>>
2023-04-02 01:23:38,966 : INFO : SwitchController : <<<<<<< 's_tilt' active >>>>>>>
2023-04-02 01:23:38,966 : INFO : EventManager : Event: ======'machine_var_audits_switches_s_tilt'====== Args={'value': 2395, 'prev_value': 2394, 'change': 1}
2023-04-02 01:23:38,986 : INFO : SwitchController : <<<<<<< 's_tilt' inactive >>>>>>>
2023-04-02 01:23:38,987 : INFO : SwitchController : <<<<<<< 's_trough_2' inactive >>>>>>>
2023-04-02 01:23:39,228 : INFO : SwitchController : <<<<<<< 's_tilt' active >>>>>>>
2023-04-02 01:23:39,228 : INFO : EventManager : Event: ======'machine_var_audits_switches_s_tilt'====== Args={'value': 2396, 'prev_value': 2395, 'change': 1}
2023-04-02 01:23:39,235 : INFO : SwitchController : <<<<<<< 's_tilt' inactive >>>>>>>
2023-04-02 01:23:39,341 : INFO : SwitchController : <<<<<<< 's_tilt' active >>>>>>>
2023-04-02 01:23:39,341 : INFO : EventManager : Event: ======'machine_var_audits_switches_s_tilt'====== Args={'value': 2397, 'prev_value': 2396, 'change': 1}
2023-04-02 01:23:39,349 : INFO : SwitchController : <<<<<<< 's_tilt' inactive >>>>>>>
2023-04-02 01:23:39,787 : INFO : SwitchController : <<<<<<< 's_tilt' active >>>>>>>
2023-04-02 01:23:39,787 : INFO : EventManager : Event: ======'machine_var_audits_switches_s_tilt'====== Args={'value': 2398, 'prev_value': 2397, 'change': 1}
2023-04-02 01:23:39,795 : INFO : SwitchController : <<<<<<< 's_tilt' inactive >>>>>>>
2023-04-02 01:23:40,311 : INFO : SwitchController : <<<<<<< 's_tilt' active >>>>>>>
2023-04-02 01:23:40,311 : INFO : EventManager : Event: ======'machine_var_audits_switches_s_tilt'====== Args={'value': 2399, 'prev_value': 2398, 'change': 1}
2023-04-02 01:23:40,320 : INFO : SwitchController : <<<<<<< 's_tilt' inactive >>>>>>>
2023-04-02 01:23:40,879 : INFO : SwitchController : <<<<<<< 's_tilt' active >>>>>>>
2023-04-02 01:23:40,879 : INFO : EventManager : Event: ======'machine_var_audits_switches_s_tilt'====== Args={'value': 2400, 'prev_value': 2399, 'change': 1}
2023-04-02 01:23:40,886 : INFO : SwitchController : <<<<<<< 's_tilt' inactive >>>>>>>
2023-04-02 01:23:41,481 : INFO : SwitchController : <<<<<<< 's_tilt' active >>>>>>>
2023-04-02 01:23:41,481 : INFO : EventManager : Event: ======'machine_var_audits_switches_s_tilt'====== Args={'value': 2401, 'prev_value': 2400, 'change': 1}
2023-04-02 01:23:41,488 : INFO : SwitchController : <<<<<<< 's_tilt' inactive >>>>>>>
2023-04-02 01:23:42,103 : INFO : SwitchController : <<<<<<< 's_tilt' active >>>>>>>
2023-04-02 01:23:42,104 : INFO : EventManager : Event: ======'machine_var_audits_switches_s_tilt'====== Args={'value': 2402, 'prev_value': 2401, 'change': 1}
2023-04-02 01:23:42,110 : INFO : SwitchController : <<<<<<< 's_tilt' inactive >>>>>>>
2023-04-02 01:23:42,730 : INFO : SwitchController : <<<<<<< 's_tilt' active >>>>>>>
2023-04-02 01:23:42,730 : INFO : EventManager : Event: ======'machine_var_audits_switches_s_tilt'====== Args={'value': 2403, 'prev_value': 2402, 'change': 1}
2023-04-02 01:23:42,737 : INFO : SwitchController : <<<<<<< 's_tilt' inactive >>>>>>>
2023-04-02 01:23:43,358 : INFO : SwitchController : <<<<<<< 's_tilt' active >>>>>>>
2023-04-02 01:23:43,358 : INFO : EventManager : Event: ======'machine_var_audits_switches_s_tilt'====== Args={'value': 2404, 'prev_value': 2403, 'change': 1}
2023-04-02 01:23:43,365 : INFO : SwitchController : <<<<<<< 's_tilt' inactive >>>>>>>
2023-04-02 01:23:43,989 : INFO : SwitchController : <<<<<<< 's_tilt' active >>>>>>>
2023-04-02 01:23:43,989 : INFO : EventManager : Event: ======'machine_var_audits_switches_s_tilt'====== Args={'value': 2405, 'prev_value': 2404, 'change': 1}
2023-04-02 01:23:43,996 : INFO : SwitchController : <<<<<<< 's_tilt' inactive >>>>>>>
2023-04-02 01:23:44,625 : INFO : SwitchController : <<<<<<< 's_tilt' active >>>>>>>
2023-04-02 01:23:44,625 : INFO : EventManager : Event: ======'machine_var_audits_switches_s_tilt'====== Args={'value': 2406, 'prev_value': 2405, 'change': 1}
2023-04-02 01:23:44,631 : INFO : SwitchController : <<<<<<< 's_tilt' inactive >>>>>>>
2023-04-02 01:23:45,259 : INFO : SwitchController : <<<<<<< 's_tilt' active >>>>>>>
2023-04-02 01:23:45,259 : INFO : EventManager : Event: ======'machine_var_audits_switches_s_tilt'====== Args={'value': 2407, 'prev_value': 2406, 'change': 1}
2023-04-02 01:23:45,266 : INFO : SwitchController : <<<<<<< 's_tilt' inactive >>>>>>>
2023-04-02 01:23:45,898 : INFO : SwitchController : <<<<<<< 's_tilt' active >>>>>>>
2023-04-02 01:23:45,899 : INFO : EventManager : Event: ======'machine_var_audits_switches_s_tilt'====== Args={'value': 2408, 'prev_value': 2407, 'change': 1}
2023-04-02 01:23:45,907 : INFO : SwitchController : <<<<<<< 's_tilt' inactive >>>>>>>
2023-04-02 01:23:46,539 : INFO : SwitchController : <<<<<<< 's_tilt' active >>>>>>>
2023-04-02 01:23:46,539 : INFO : EventManager : Event: ======'machine_var_audits_switches_s_tilt'====== Args={'value': 2409, 'prev_value': 2408, 'change': 1}
2023-04-02 01:23:46,546 : INFO : SwitchController : <<<<<<< 's_tilt' inactive >>>>>>>
2023-04-02 01:23:47,183 : INFO : SwitchController : <<<<<<< 's_tilt' active >>>>>>>
2023-04-02 01:23:47,183 : INFO : EventManager : Event: ======'machine_var_audits_switches_s_tilt'====== Args={'value': 2410, 'prev_value': 2409, 'change': 1}
2023-04-02 01:23:47,190 : INFO : SwitchController : <<<<<<< 's_tilt' inactive >>>>>>>
2023-04-02 01:23:50,854 : INFO : EventManager : Event: ======'ball_save_ball_save_ball_save_hurry_up'====== Args={}
2023-04-02 01:23:52,526 : INFO : SwitchController : <<<<<<< 's_right_flipper_1' active >>>>>>>
2023-04-02 01:23:52,526 : INFO : EventManager : Event: ======'machine_var_audits_switches_s_right_flipper_1'====== Args={'value': 3021, 'prev_value': 3020, 'change': 1}
2023-04-02 01:23:52,532 : INFO : SwitchController : <<<<<<< 's_right_flipper_2' active >>>>>>>
2023-04-02 01:23:52,532 : INFO : EventManager : Event: ======'machine_var_audits_switches_s_right_flipper_2'====== Args={'value': 2889, 'prev_value': 2888, 'change': 1}
2023-04-02 01:23:52,536 : INFO : SwitchController : <<<<<<< 's_flip_left_eos' active >>>>>>>
2023-04-02 01:23:52,536 : INFO : EventManager : Event: ======'machine_var_audits_switches_s_flip_left_eos'====== Args={'value': 21757, 'prev_value': 21756, 'change': 1}
2023-04-02 01:23:52,549 : INFO : SwitchController : <<<<<<< 's_flip_left_eos' inactive >>>>>>>
2023-04-02 01:23:52,549 : INFO : SwitchController : <<<<<<< 's_flip_right_eos' active >>>>>>>
2023-04-02 01:23:52,549 : INFO : EventManager : Event: ======'machine_var_audits_switches_s_flip_right_eos'====== Args={'value': 1809, 'prev_value': 1808, 'change': 1}
2023-04-02 01:23:52,549 : INFO : SwitchController : <<<<<<< 's_b_eos' active >>>>>>>
2023-04-02 01:23:52,549 : INFO : EventManager : Event: ======'machine_var_audits_switches_s_b_eos'====== Args={'value': 2149, 'prev_value': 2148, 'change': 1}
2023-04-02 01:23:52,550 : INFO : SwitchController : <<<<<<< 's_flip_left_eos' active >>>>>>>
2023-04-02 01:23:52,550 : INFO : EventManager : Event: ======'machine_var_audits_switches_s_flip_left_eos'====== Args={'value': 21758, 'prev_value': 21757, 'change': 1}
2023-04-02 01:23:52,570 : INFO : SwitchController : <<<<<<< 's_flip_left_eos' inactive >>>>>>>
2023-04-02 01:23:52,571 : INFO : SwitchController : <<<<<<< 's_flip_left_eos' active >>>>>>>
2023-04-02 01:23:52,571 : INFO : EventManager : Event: ======'machine_var_audits_switches_s_flip_left_eos'====== Args={'value': 21759, 'prev_value': 21758, 'change': 1}
2023-04-02 01:23:52,572 : INFO : SwitchController : <<<<<<< 's_flip_left_eos' inactive >>>>>>>
2023-04-02 01:23:52,576 : INFO : SwitchController : <<<<<<< 's_flip_left_eos' active >>>>>>>
2023-04-02 01:23:52,576 : INFO : EventManager : Event: ======'machine_var_audits_switches_s_flip_left_eos'====== Args={'value': 21760, 'prev_value': 21759, 'change': 1}
2023-04-02 01:23:52,578 : INFO : SwitchController : <<<<<<< 's_flip_left_eos' inactive >>>>>>>
2023-04-02 01:23:53,061 : INFO : SwitchController : <<<<<<< 's_launch' active >>>>>>>
2023-04-02 01:23:53,061 : INFO : EventManager : Event: ======'s_launch_active'====== Args={}
2023-04-02 01:23:53,062 : INFO : EventManager : Event: ======'machine_var_audits_switches_s_launch'====== Args={'value': 411, 'prev_value': 410, 'change': 1}
2023-04-02 01:23:53,063 : INFO : coil.c_autolauncher : Pulsing Driver for 18ms (0.9 pulse_power)
2023-04-02 01:23:53,091 : INFO : SwitchController : <<<<<<< 's_autolauncher' inactive >>>>>>>
2023-04-02 01:23:53,091 : INFO : SwitchController : <<<<<<< 's_flip_left_eos' active >>>>>>>
2023-04-02 01:23:53,092 : INFO : EventManager : Event: ======'machine_var_audits_switches_s_flip_left_eos'====== Args={'value': 21761, 'prev_value': 21760, 'change': 1}
2023-04-02 01:23:53,093 : INFO : ball_device.bd_plunger : State: ball_left
2023-04-02 01:23:53,093 : INFO : ball_device.bd_plunger : Ball left
2023-04-02 01:23:53,093 : INFO : ball_device.bd_plunger : Wait for confirm with timeout 1.0
2023-04-02 01:23:53,094 : INFO : SwitchController : <<<<<<< 's_flip_left_eos' inactive >>>>>>>
2023-04-02 01:23:53,097 : INFO : SwitchController : <<<<<<< 's_flip_left_eos' active >>>>>>>
2023-04-02 01:23:53,097 : INFO : EventManager : Event: ======'machine_var_audits_switches_s_flip_left_eos'====== Args={'value': 21762, 'prev_value': 21761, 'change': 1}
2023-04-02 01:23:53,100 : INFO : SwitchController : <<<<<<< 's_flip_left_eos' inactive >>>>>>>
2023-04-02 01:23:53,113 : INFO : SwitchController : <<<<<<< 's_flip_left_eos' active >>>>>>>
2023-04-02 01:23:53,113 : INFO : EventManager : Event: ======'machine_var_audits_switches_s_flip_left_eos'====== Args={'value': 21763, 'prev_value': 21762, 'change': 1}
2023-04-02 01:23:53,114 : INFO : SwitchController : <<<<<<< 's_flip_left_eos' inactive >>>>>>>
2023-04-02 01:23:53,226 : INFO : SwitchController : <<<<<<< 's_launch' inactive >>>>>>>
2023-04-02 01:23:53,791 : INFO : SwitchController : <<<<<<< 's_vuk_back' active >>>>>>>
2023-04-02 01:23:53,791 : INFO : EventManager : Event: ======'machine_var_audits_switches_s_vuk_back'====== Args={'value': 432, 'prev_value': 431, 'change': 1}
2023-04-02 01:23:53,854 : INFO : EventManager : Event: ======'ball_save_ball_save_ball_save_disabled'====== Args={}
2023-04-02 01:23:54,094 : INFO : ball_device.bd_plunger : State: failed_confirm
2023-04-02 01:23:54,094 : INFO : ball_device.bd_plunger : Got timeout (1.0s) before confirm from <ball_device.bd_vuk_back>
2023-04-02 01:23:54,291 : INFO : EventManager : Event: ======'balldevice_bd_vuk_back_ball_count_changed'====== Args={'balls': 1}
2023-04-02 01:23:54,292 : INFO : ball_device.bd_vuk_back : Received ball from <ball_device.bd_plunger>
2023-04-02 01:23:54,292 : INFO : EventManager : Event: ======'balldevice_bd_vuk_back_ball_enter'====== Args={'new_balls': 1, 'unclaimed_balls': 0, 'new_available_balls': 0, 'device': <ball_device.bd_vuk_back>}
2023-04-02 01:23:54,292 : INFO : EventManager : Event: ======'balldevice_bd_vuk_back_ball_entered'====== Args={'new_balls': 0, 'device': <ball_device.bd_vuk_back>}
2023-04-02 01:23:54,293 : INFO : ball_device.bd_plunger : Got eject confirm (after recounting)
2023-04-02 01:23:54,293 : INFO : ball_device.bd_plunger : Eject successful
2023-04-02 01:23:54,293 : INFO : EventManager : Event: ======'balldevice_bd_plunger_ball_eject_success'====== Args={'balls': 1, 'target': <ball_device.bd_vuk_back>}
2023-04-02 01:23:54,293 : INFO : ball_device.bd_vuk_back : State: waiting_for_target_ready
2023-04-02 01:23:54,293 : INFO : EventManager : Event: ======'balldevice_bd_vuk_back_ball_eject_attempt'====== Args={'balls': 1, 'target': <playfield.playfield>, 'source': <ball_device.bd_vuk_back>, 'mechanical_eject': True, 'num_attempts': 0}
2023-04-02 01:23:54,294 : INFO : ball_device.bd_vuk_back : State: ejecting
2023-04-02 01:23:54,294 : INFO : ball_device.bd_vuk_back : Ejecting ball to <playfield.playfield>
2023-04-02 01:23:54,294 : INFO : EventManager : Event: ======'balldevice_bd_vuk_back_ejecting_ball'====== Args={'balls': 1, 'target': <playfield.playfield>, 'source': <ball_device.bd_vuk_back>, 'mechanical_eject': True, 'num_attempts': 0}
2023-04-02 01:23:54,294 : INFO : EventManager : Event: ======'balldevice_bd_plunger_ball_count_changed'====== Args={'balls': 0}
2023-04-02 01:23:54,294 : INFO : ball_device.bd_plunger : State: idle
2023-04-02 01:23:54,295 : INFO : ball_device.bd_vuk_back : Wait for ball to leave device
2023-04-02 01:23:54,296 : INFO : coil.c_vuk_back : Pulsing Driver for 40ms (1.0 pulse_power)
2023-04-02 01:23:54,324 : INFO : SwitchController : <<<<<<< 's_flip_left_eos' active >>>>>>>
2023-04-02 01:23:54,324 : INFO : EventManager : Event: ======'machine_var_audits_switches_s_flip_left_eos'====== Args={'value': 21764, 'prev_value': 21763, 'change': 1}
2023-04-02 01:23:54,325 : INFO : SwitchController : <<<<<<< 's_flip_left_eos' inactive >>>>>>>
2023-04-02 01:23:54,366 : INFO : SwitchController : <<<<<<< 's_vuk_back' inactive >>>>>>>
2023-04-02 01:23:54,367 : INFO : ball_device.bd_vuk_back : State: ball_left
2023-04-02 01:23:54,367 : INFO : ball_device.bd_vuk_back : Ball left
2023-04-02 01:23:54,367 : INFO : ball_device.bd_vuk_back : Wait for confirm with timeout 2.0
2023-04-02 01:23:55,526 : INFO : EventManager : Event: ======'flipper_cradle'====== Args={}
2023-04-02 01:23:56,368 : INFO : ball_device.bd_vuk_back : State: failed_confirm
2023-04-02 01:23:56,368 : INFO : ball_device.bd_vuk_back : Got timeout (2.0s) before confirm from <playfield.playfield>
2023-04-02 01:23:56,470 : INFO : ball_device.bd_vuk_back : Confirming eject because target is playfield and ball did not return.
2023-04-02 01:23:56,470 : INFO : ball_device.bd_vuk_back : Eject successful
2023-04-02 01:23:56,470 : INFO : EventManager : Event: ======'balldevice_bd_vuk_back_ball_eject_success'====== Args={'balls': 1, 'target': <playfield.playfield>}
2023-04-02 01:23:56,470 : INFO : EventManager : Event: ======'balldevice_playfield_ball_enter'====== Args={'new_balls': 1, 'unclaimed_balls': 1, 'device': <playfield.playfield>}
2023-04-02 01:23:56,470 : INFO : EventManager : Event: ======'playfield_ball_count_change'====== Args={'balls': 1, 'change': 1}
2023-04-02 01:23:56,471 : INFO : EventManager : Event: ======'balldevice_bd_vuk_back_ball_count_changed'====== Args={'balls': 0}
2023-04-02 01:23:56,471 : INFO : ball_device.bd_vuk_back : State: idle
2023-04-02 01:23:58,221 : INFO : SwitchController : <<<<<<< 's_right_flipper_2' inactive >>>>>>>
2023-04-02 01:23:58,222 : INFO : SwitchController : <<<<<<< 's_right_flipper_1' inactive >>>>>>>
2023-04-02 01:23:58,222 : INFO : EventManager : Event: ======'flipper_cradle_release'====== Args={}
2023-04-02 01:23:58,328 : INFO : SwitchController : <<<<<<< 's_b_eos' inactive >>>>>>>
2023-04-02 01:23:58,349 : INFO : SwitchController : <<<<<<< 's_flip_right_eos' inactive >>>>>>>
2023-04-02 01:23:58,648 : INFO : SwitchController : <<<<<<< 's_right_flipper_1' active >>>>>>>
2023-04-02 01:23:58,648 : INFO : EventManager : Event: ======'machine_var_audits_switches_s_right_flipper_1'====== Args={'value': 3022, 'prev_value': 3021, 'change': 1}
2023-04-02 01:23:58,676 : INFO : SwitchController : <<<<<<< 's_flip_right_eos' active >>>>>>>
2023-04-02 01:23:58,676 : INFO : EventManager : Event: ======'machine_var_audits_switches_s_flip_right_eos'====== Args={'value': 1810, 'prev_value': 1809, 'change': 1}
2023-04-02 01:23:58,676 : INFO : SwitchController : <<<<<<< 's_b_eos' active >>>>>>>
2023-04-02 01:23:58,677 : INFO : EventManager : Event: ======'machine_var_audits_switches_s_b_eos'====== Args={'value': 2150, 'prev_value': 2149, 'change': 1}
2023-04-02 01:23:58,677 : INFO : SwitchController : <<<<<<< 's_flip_left_eos' active >>>>>>>
2023-04-02 01:23:58,677 : INFO : EventManager : Event: ======'machine_var_audits_switches_s_flip_left_eos'====== Args={'value': 21765, 'prev_value': 21764, 'change': 1}
2023-04-02 01:23:58,677 : INFO : SwitchController : <<<<<<< 's_right_flipper_2' active >>>>>>>
2023-04-02 01:23:58,677 : INFO : EventManager : Event: ======'machine_var_audits_switches_s_right_flipper_2'====== Args={'value': 2890, 'prev_value': 2889, 'change': 1}
2023-04-02 01:23:58,683 : INFO : SwitchController : <<<<<<< 's_flip_left_eos' inactive >>>>>>>
2023-04-02 01:23:59,055 : INFO : SwitchController : <<<<<<< 's_right_flipper_1' inactive >>>>>>>
2023-04-02 01:23:59,058 : INFO : SwitchController : <<<<<<< 's_right_flipper_2' inactive >>>>>>>
2023-04-02 01:23:59,112 : INFO : SwitchController : <<<<<<< 's_tilt' active >>>>>>>
2023-04-02 01:23:59,112 : INFO : EventManager : Event: ======'machine_var_audits_switches_s_tilt'====== Args={'value': 2411, 'prev_value': 2410, 'change': 1}
2023-04-02 01:23:59,119 : INFO : SwitchController : <<<<<<< 's_tilt' inactive >>>>>>>
2023-04-02 01:23:59,166 : INFO : SwitchController : <<<<<<< 's_b_eos' inactive >>>>>>>
2023-04-02 01:23:59,186 : INFO : SwitchController : <<<<<<< 's_flip_right_eos' inactive >>>>>>>
2023-04-02 01:23:59,762 : INFO : SwitchController : <<<<<<< 's_tilt' active >>>>>>>
2023-04-02 01:23:59,762 : INFO : EventManager : Event: ======'machine_var_audits_switches_s_tilt'====== Args={'value': 2412, 'prev_value': 2411, 'change': 1}
2023-04-02 01:23:59,766 : INFO : SwitchController : <<<<<<< 's_tilt' inactive >>>>>>>
2023-04-02 01:24:00,244 : INFO : SwitchController : <<<<<<< 's_flip_left_eos' active >>>>>>>
2023-04-02 01:24:00,244 : INFO : EventManager : Event: ======'machine_var_audits_switches_s_flip_left_eos'====== Args={'value': 21766, 'prev_value': 21765, 'change': 1}
2023-04-02 01:24:00,248 : INFO : SwitchController : <<<<<<< 's_flip_left_eos' inactive >>>>>>>
2023-04-02 01:24:00,250 : INFO : SwitchController : <<<<<<< 's_flip_left_eos' active >>>>>>>
2023-04-02 01:24:00,250 : INFO : EventManager : Event: ======'machine_var_audits_switches_s_flip_left_eos'====== Args={'value': 21767, 'prev_value': 21766, 'change': 1}
2023-04-02 01:24:00,253 : INFO : SwitchController : <<<<<<< 's_flip_left_eos' inactive >>>>>>>
2023-04-02 01:24:00,333 : INFO : SwitchController : <<<<<<< 's_flip_left_eos' active >>>>>>>
2023-04-02 01:24:00,333 : INFO : EventManager : Event: ======'machine_var_audits_switches_s_flip_left_eos'====== Args={'value': 21768, 'prev_value': 21767, 'change': 1}
2023-04-02 01:24:00,336 : INFO : SwitchController : <<<<<<< 's_flip_left_eos' inactive >>>>>>>
2023-04-02 01:24:00,821 : INFO : SwitchController : <<<<<<< 's_right_flipper_1' active >>>>>>>
2023-04-02 01:24:00,821 : INFO : EventManager : Event: ======'machine_var_audits_switches_s_right_flipper_1'====== Args={'value': 3023, 'prev_value': 3022, 'change': 1}
2023-04-02 01:24:00,830 : INFO : SwitchController : <<<<<<< 's_right_flipper_2' active >>>>>>>
2023-04-02 01:24:00,830 : INFO : EventManager : Event: ======'machine_var_audits_switches_s_right_flipper_2'====== Args={'value': 2891, 'prev_value': 2890, 'change': 1}
2023-04-02 01:24:00,842 : INFO : SwitchController : <<<<<<< 's_b_eos' active >>>>>>>
2023-04-02 01:24:00,842 : INFO : EventManager : Event: ======'machine_var_audits_switches_s_b_eos'====== Args={'value': 2151, 'prev_value': 2150, 'change': 1}
2023-04-02 01:24:00,848 : INFO : SwitchController : <<<<<<< 's_flip_right_eos' active >>>>>>>
2023-04-02 01:24:00,848 : INFO : EventManager : Event: ======'machine_var_audits_switches_s_flip_right_eos'====== Args={'value': 1811, 'prev_value': 1810, 'change': 1}
2023-04-02 01:24:00,851 : INFO : SwitchController : <<<<<<< 's_flip_left_eos' active >>>>>>>
2023-04-02 01:24:00,851 : INFO : EventManager : Event: ======'machine_var_audits_switches_s_flip_left_eos'====== Args={'value': 21769, 'prev_value': 21768, 'change': 1}
2023-04-02 01:24:00,864 : INFO : SwitchController : <<<<<<< 's_flip_left_eos' inactive >>>>>>>
2023-04-02 01:24:01,046 : INFO : SwitchController : <<<<<<< 's_drop_mid_center' active >>>>>>>
2023-04-02 01:24:01,046 : INFO : EventManager : Event: ======'drop_target_mid_mid_down'====== Args={'device': <drop_target.mid_mid>}
2023-04-02 01:24:01,046 : INFO : EventManager : Event: ======'drop_target_bank_mid_mixed'====== Args={'prev_value': <DropTargetBankState.UP: 'up'>, 'down': 1}
2023-04-02 01:24:01,046 : INFO : EventManager : Event: ======'machine_var_audits_switches_s_drop_mid_center'====== Args={'value': 101, 'prev_value': 100, 'change': 1}
2023-04-02 01:24:01,089 : INFO : SwitchController : <<<<<<< 's_drop_mid_center' inactive >>>>>>>
2023-04-02 01:24:01,089 : INFO : EventManager : Event: ======'drop_target_mid_mid_up'====== Args={'device': <drop_target.mid_mid>}
2023-04-02 01:24:01,090 : INFO : EventManager : Event: ======'drop_target_bank_mid_up'====== Args={}
2023-04-02 01:24:01,095 : INFO : SwitchController : <<<<<<< 's_drop_mid_center' active >>>>>>>
2023-04-02 01:24:01,095 : INFO : EventManager : Event: ======'drop_target_mid_mid_down'====== Args={'device': <drop_target.mid_mid>}
2023-04-02 01:24:01,096 : INFO : EventManager : Event: ======'drop_target_bank_mid_mixed'====== Args={'prev_value': <DropTargetBankState.UP: 'up'>, 'down': 1}
2023-04-02 01:24:01,096 : INFO : EventManager : Event: ======'machine_var_audits_switches_s_drop_mid_center'====== Args={'value': 102, 'prev_value': 101, 'change': 1}
2023-04-02 01:24:01,185 : INFO : SwitchController : <<<<<<< 's_flip_left_eos' active >>>>>>>
2023-04-02 01:24:01,185 : INFO : EventManager : Event: ======'machine_var_audits_switches_s_flip_left_eos'====== Args={'value': 21770, 'prev_value': 21769, 'change': 1}
2023-04-02 01:24:01,205 : INFO : SwitchController : <<<<<<< 's_flip_left_eos' inactive >>>>>>>
2023-04-02 01:24:01,206 : INFO : SwitchController : <<<<<<< 's_flip_left_eos' active >>>>>>>
2023-04-02 01:24:01,206 : INFO : EventManager : Event: ======'machine_var_audits_switches_s_flip_left_eos'====== Args={'value': 21771, 'prev_value': 21770, 'change': 1}
2023-04-02 01:24:01,207 : INFO : SwitchController : <<<<<<< 's_flip_left_eos' inactive >>>>>>>
2023-04-02 01:24:01,237 : INFO : SwitchController : <<<<<<< 's_flip_left_eos' active >>>>>>>
2023-04-02 01:24:01,237 : INFO : EventManager : Event: ======'machine_var_audits_switches_s_flip_left_eos'====== Args={'value': 21772, 'prev_value': 21771, 'change': 1}
2023-04-02 01:24:01,246 : INFO : SwitchController : <<<<<<< 's_flip_left_eos' inactive >>>>>>>
2023-04-02 01:24:01,261 : INFO : SwitchController : <<<<<<< 's_flip_left_eos' active >>>>>>>
2023-04-02 01:24:01,261 : INFO : EventManager : Event: ======'machine_var_audits_switches_s_flip_left_eos'====== Args={'value': 21773, 'prev_value': 21772, 'change': 1}
2023-04-02 01:24:01,263 : INFO : SwitchController : <<<<<<< 's_flip_left_eos' inactive >>>>>>>
2023-04-02 01:24:01,267 : INFO : SwitchController : <<<<<<< 's_flip_left_eos' active >>>>>>>
2023-04-02 01:24:01,267 : INFO : EventManager : Event: ======'machine_var_audits_switches_s_flip_left_eos'====== Args={'value': 21774, 'prev_value': 21773, 'change': 1}
2023-04-02 01:24:01,271 : INFO : SwitchController : <<<<<<< 's_flip_left_eos' inactive >>>>>>>
2023-04-02 01:24:01,290 : INFO : SwitchController : <<<<<<< 's_flip_left_eos' active >>>>>>>
2023-04-02 01:24:01,290 : INFO : EventManager : Event: ======'machine_var_audits_switches_s_flip_left_eos'====== Args={'value': 21775, 'prev_value': 21774, 'change': 1}
2023-04-02 01:24:01,292 : INFO : SwitchController : <<<<<<< 's_flip_left_eos' inactive >>>>>>>
2023-04-02 01:24:01,320 : INFO : SwitchController : <<<<<<< 's_flip_left_eos' active >>>>>>>
2023-04-02 01:24:01,320 : INFO : EventManager : Event: ======'machine_var_audits_switches_s_flip_left_eos'====== Args={'value': 21776, 'prev_value': 21775, 'change': 1}
2023-04-02 01:24:01,323 : INFO : SwitchController : <<<<<<< 's_flip_left_eos' inactive >>>>>>>
2023-04-02 01:24:01,405 : INFO : SwitchController : <<<<<<< 's_left_flipper_1' active >>>>>>>
2023-04-02 01:24:01,405 : INFO : EventManager : Event: ======'flipper_cancel'====== Args={'triggering_group': 1, 'triggering_switch': 's_left_flipper_1'}
2023-04-02 01:24:01,406 : INFO : EventManager : Event: ======'machine_var_audits_switches_s_left_flipper_1'====== Args={'value': 1585, 'prev_value': 1584, 'change': 1}
2023-04-02 01:24:01,428 : INFO : SwitchController : <<<<<<< 's_flip_left_eos' active >>>>>>>
2023-04-02 01:24:01,428 : INFO : EventManager : Event: ======'machine_var_audits_switches_s_flip_left_eos'====== Args={'value': 21777, 'prev_value': 21776, 'change': 1}
2023-04-02 01:24:01,428 : INFO : SwitchController : <<<<<<< 's_flip_left_eos' inactive >>>>>>>
2023-04-02 01:24:01,429 : INFO : SwitchController : <<<<<<< 's_flip_left_eos' active >>>>>>>
2023-04-02 01:24:01,429 : INFO : EventManager : Event: ======'machine_var_audits_switches_s_flip_left_eos'====== Args={'value': 21778, 'prev_value': 21777, 'change': 1}
2023-04-02 01:24:01,429 : INFO : SwitchController : <<<<<<< 's_flip_left_top_eos' active >>>>>>>
2023-04-02 01:24:01,429 : INFO : EventManager : Event: ======'machine_var_audits_switches_s_flip_left_top_eos'====== Args={'value': 1470, 'prev_value': 1469, 'change': 1}
2023-04-02 01:24:01,523 : INFO : SwitchController : <<<<<<< 's_right_flipper_1' inactive >>>>>>>
2023-04-02 01:24:01,523 : INFO : EventManager : Event: ======'both_flippers_one'====== Args={'triggering_group': 2, 'triggering_switch': 's_right_flipper_1'}
2023-04-02 01:24:01,527 : INFO : SwitchController : <<<<<<< 's_right_flipper_1' active >>>>>>>
2023-04-02 01:24:01,527 : INFO : EventManager : Event: ======'flipper_cancel'====== Args={'triggering_group': 2, 'triggering_switch': 's_right_flipper_1'}
2023-04-02 01:24:01,527 : INFO : EventManager : Event: ======'machine_var_audits_switches_s_right_flipper_1'====== Args={'value': 3024, 'prev_value': 3023, 'change': 1}
2023-04-02 01:24:01,528 : INFO : SwitchController : <<<<<<< 's_right_flipper_2' inactive >>>>>>>
2023-04-02 01:24:01,531 : INFO : SwitchController : <<<<<<< 's_right_flipper_1' inactive >>>>>>>
2023-04-02 01:24:01,531 : INFO : EventManager : Event: ======'both_flippers_one'====== Args={'triggering_group': 2, 'triggering_switch': 's_right_flipper_1'}
2023-04-02 01:24:01,656 : INFO : SwitchController : <<<<<<< 's_b_eos' inactive >>>>>>>
2023-04-02 01:24:01,692 : INFO : SwitchController : <<<<<<< 's_flip_right_eos' inactive >>>>>>>
2023-04-02 01:24:01,761 : INFO : SwitchController : <<<<<<< 's_left_flipper_1' inactive >>>>>>>
2023-04-02 01:24:01,761 : INFO : EventManager : Event: ======'both_flippers_inactive'====== Args={'triggering_group': 1, 'triggering_switch': 's_left_flipper_1'}
2023-04-02 01:24:01,843 : INFO : SwitchController : <<<<<<< 's_flip_left_top_eos' inactive >>>>>>>
2023-04-02 01:24:01,845 : INFO : SwitchController : <<<<<<< 's_flip_left_top_eos' active >>>>>>>
2023-04-02 01:24:01,845 : INFO : EventManager : Event: ======'machine_var_audits_switches_s_flip_left_top_eos'====== Args={'value': 1471, 'prev_value': 1470, 'change': 1}
2023-04-02 01:24:01,847 : INFO : SwitchController : <<<<<<< 's_flip_left_top_eos' inactive >>>>>>>
2023-04-02 01:24:01,878 : INFO : SwitchController : <<<<<<< 's_flip_left_eos' inactive >>>>>>>
2023-04-02 01:24:01,879 : INFO : SwitchController : <<<<<<< 's_flip_left_eos' active >>>>>>>
2023-04-02 01:24:01,880 : INFO : EventManager : Event: ======'machine_var_audits_switches_s_flip_left_eos'====== Args={'value': 21779, 'prev_value': 21778, 'change': 1}
2023-04-02 01:24:01,883 : INFO : SwitchController : <<<<<<< 's_flip_left_eos' inactive >>>>>>>
2023-04-02 01:24:01,886 : INFO : SwitchController : <<<<<<< 's_flip_left_eos' active >>>>>>>
2023-04-02 01:24:01,887 : INFO : EventManager : Event: ======'machine_var_audits_switches_s_flip_left_eos'====== Args={'value': 21780, 'prev_value': 21779, 'change': 1}
2023-04-02 01:24:01,900 : INFO : SwitchController : <<<<<<< 's_flip_left_eos' inactive >>>>>>>
2023-04-02 01:24:01,900 : INFO : SwitchController : <<<<<<< 's_flip_left_eos' active >>>>>>>
2023-04-02 01:24:01,900 : INFO : EventManager : Event: ======'machine_var_audits_switches_s_flip_left_eos'====== Args={'value': 21781, 'prev_value': 21780, 'change': 1}
2023-04-02 01:24:01,900 : INFO : SwitchController : <<<<<<< 's_flip_left_eos' inactive >>>>>>>
2023-04-02 01:24:02,384 : INFO : SwitchController : <<<<<<< 's_flip_left_eos' active >>>>>>>
2023-04-02 01:24:02,384 : INFO : EventManager : Event: ======'machine_var_audits_switches_s_flip_left_eos'====== Args={'value': 21782, 'prev_value': 21781, 'change': 1}
2023-04-02 01:24:02,387 : INFO : SwitchController : <<<<<<< 's_flip_left_eos' inactive >>>>>>>
2023-04-02 01:24:07,697 : INFO : SwitchController : <<<<<<< 's_tilt' active >>>>>>>
2023-04-02 01:24:07,698 : INFO : EventManager : Event: ======'machine_var_audits_switches_s_tilt'====== Args={'value': 2413, 'prev_value': 2412, 'change': 1}
2023-04-02 01:24:07,704 : INFO : SwitchController : <<<<<<< 's_tilt' inactive >>>>>>>
2023-04-02 01:24:10,151 : INFO : Machine : Shutting down...
2023-04-02 01:24:10,151 : INFO : EventManager : Event: ======'shutdown'====== Args={}
2023-04-02 01:24:10,153 : INFO : EventManager : Event: ======'mode_game_will_stop'====== Args={}
2023-04-02 01:24:10,153 : INFO : EventManager : Event: ======'mode_game_stopping'====== Args={}
2023-04-02 01:24:10,153 : INFO : EventManager : Event: ======'mode_start_ball_save_will_stop'====== Args={}
2023-04-02 01:24:10,153 : INFO : EventManager : Event: ======'mode_start_ball_save_stopping'====== Args={}
2023-04-02 01:24:10,153 : INFO : Mode.start_ball_save : Stopped.
2023-04-02 01:24:10,153 : INFO : EventManager : Event: ======'modes_active_modes_changed'====== Args={}
2023-04-02 01:24:10,154 : INFO : EventManager : Event: ======'mode_start_ball_save_stopped'====== Args={}
2023-04-02 01:24:10,154 : INFO : EventManager : Event: ======'clear'====== Args={'key': 'start_ball_save'}
2023-04-02 01:24:10,155 : INFO : Mode.game : Stopped.
2023-04-02 01:24:10,155 : INFO : EventManager : Event: ======'modes_active_modes_changed'====== Args={}
2023-04-02 01:24:10,155 : INFO : EventManager : Event: ======'mode_game_stopped'====== Args={}
2023-04-02 01:24:10,155 : INFO : EventManager : Event: ======'clear'====== Args={'key': 'game'}
2023-04-02 01:24:10,266 : INFO : root : MPF run loop ended.
