2023-04-01 08:31:32,432 : kivy : Factory: 189 symbols loaded
2023-04-01 08:31:33,095 : kivy : ImageLoaderFFPy: Using ffpyplayer 4.3.5
2023-04-01 08:31:33,095 : kivy : Image: Providers: img_tex, img_imageio, img_dds, img_sdl2, img_pil, img_ffpyplayer 
2023-04-01 08:31:33,165 : kivy : VideoFFPy: Using ffpyplayer 4.3.5
2023-04-01 08:31:33,166 : kivy : Video: Provider: ffpyplayer(['video_ffmpeg'] ignored)
2023-04-01 08:31:33,466 : kivy : Loading MPF-MC controller
2023-04-01 08:31:34,173 : ConfigProcessor : Config spec file cache created: /var/folders/0y/x6b2lmrx6vq3nhkjncz48nhc0000gn/T/config_spec.mpf_cache
2023-04-01 08:31:34,174 : YamlMultifileConfigLoader : Machine config file #1: config
2023-04-01 08:31:34,174 : ConfigProcessor : Config file in cache changed: /Users/tpetch/Documents/trashland_3/config/config
2023-04-01 08:31:34,174 : ConfigProcessor : Loading config from file /Users/tpetch/.local/pipx/venvs/mpf/lib/python3.9/site-packages/mpfmc/mcconfig.yaml.
2023-04-01 08:31:34,215 : ConfigProcessor : Loading config: /Users/tpetch/.local/pipx/venvs/mpf/lib/python3.9/site-packages/mpfmc/mcconfig.yaml
2023-04-01 08:31:34,216 : ConfigProcessor : Loading config from file /Users/tpetch/Documents/trashland_3/config/config.
2023-04-01 08:31:34,370 : ConfigProcessor : Loading config: /Users/tpetch/Documents/trashland_3/config/config
2023-04-01 08:31:34,373 : ConfigProcessor : Config file cache created: /var/folders/0y/x6b2lmrx6vq3nhkjncz48nhc0000gn/T/22cde4c38c3584501e007e3dc56a3c9d.mpf_cache
2023-04-01 08:31:34,374 : ConfigProcessor : Loading config from cache: /var/folders/0y/x6b2lmrx6vq3nhkjncz48nhc0000gn/T/03cea1619b79a61f4f0eef3c59cdaa46.mpf_cache
2023-04-01 08:31:34,374 : ConfigProcessor : Loading config from cache: /var/folders/0y/x6b2lmrx6vq3nhkjncz48nhc0000gn/T/d3948d842c6309f14ab557c3c72320d0.mpf_cache
2023-04-01 08:31:34,374 : mpfmc : Mission Pinball Framework Media Controller v0.56.1
2023-04-01 08:31:34,374 : mpfmc : Mission Pinball Framework Game Engine v0.56.1.dev4
2023-04-01 08:31:34,375 : mpfmc : Machine path: /Users/tpetch/Documents/trashland_3
2023-04-01 08:31:34,375 : mpfmc : Starting clock at 60.0Hz
2023-04-01 08:31:34,393 : kivy : Text: Provider: sdl2
2023-04-01 08:31:34,430 : kivy : Window: Provider: sdl2
2023-04-01 08:31:35,454 : kivy : GL: Using the "OpenGL ES 2" graphics system
2023-04-01 08:31:35,455 : kivy : GL: Backend used <sdl2>
2023-04-01 08:31:35,455 : kivy : GL: OpenGL version <b'2.1 ATI-4.9.51'>
2023-04-01 08:31:35,455 : kivy : GL: OpenGL vendor <b'ATI Technologies Inc.'>
2023-04-01 08:31:35,455 : kivy : GL: OpenGL renderer <b'AMD Radeon Pro Vega 16 OpenGL Engine'>
2023-04-01 08:31:35,455 : kivy : GL: OpenGL parsed version: 2, 1
2023-04-01 08:31:35,455 : kivy : GL: Shading version <b'1.20'>
2023-04-01 08:31:35,455 : kivy : GL: Texture max size <16384>
2023-04-01 08:31:35,455 : kivy : GL: Texture max units <16>
2023-04-01 08:31:35,482 : kivy : Window: auto add sdl2 input provider
2023-04-01 08:31:35,482 : kivy : Window: virtual keyboard not allowed, single mode, not docked
2023-04-01 08:31:35,491 : SoundSystem : SoundSystem: Using default 'sound_system' settings
2023-04-01 08:31:35,730 : AudioInterface : Initialized
2023-04-01 08:31:35,730 : AudioInterface : Loaded SDL 2.26.1
2023-04-01 08:31:35,730 : AudioInterface : Loaded SDL_Mixer 2.6.2
2023-04-01 08:31:35,730 : AudioInterface : Loaded GStreamer 1.20.4.0
2023-04-01 08:31:35,730 : AudioInterface : Loaded GLib 2.74.3
2023-04-01 08:31:35,730 : AudioInterface : Settings requested - rate: 44100, channels: 1, buffer: 2048 samples
2023-04-01 08:31:35,730 : AudioInterface : Settings in use - rate: 44100, channels: 1, buffer: 2048 samples (4096 bytes @ 2 bytes per sample)
2023-04-01 08:31:35,730 : SoundSystem : No audio tracks are specified in your machine config file. a track named 'default' has been created.
2023-04-01 08:31:35,730 : SoundSystem : Setting master volume to 0.0
2023-04-01 08:31:35,731 : SoundSystem : master_volume in sound_system is deprecated and will be removed in the future.
2023-04-01 08:31:35,731 : AudioInterface : Enabling audio playback
2023-04-01 08:31:35,737 : kivy : Base: Start application main loop
2023-04-01 08:31:35,737 : EventManager : Event: ======'display_window_initialized'====== Args={}
2023-04-01 08:31:35,755 : mpfmc : Display: Setting 'window' as default display
2023-04-01 08:31:35,760 : mpfmc : ASPECT RATIO MISMATCH: The on-screen window is not the same aspect ratio as the display called 'window'. The logical display will be scaled from 1280x390 to the window size 2560x1600, and a black bar will make up the difference
2023-04-01 08:31:35,760 : EventManager : Event: ======'displays_initialized'====== Args={}
2023-04-01 08:31:35,761 : EventManager : Event: ======'slide_window_blank_created'====== Args={}
2023-04-01 08:31:35,761 : EventManager : Event: ======'display_window_ready'====== Args={}
2023-04-01 08:31:35,770 : EventManager : Event: ======'init_phase_1'====== Args={}
2023-04-01 08:31:35,774 : EventManager : Event: ======'mc_ready'====== Args={}
2023-04-01 08:31:35,774 : EventManager : Event: ======'init_phase_2'====== Args={}
2023-04-01 08:31:35,775 : EventManager : Event: ======'init_phase_3'====== Args={}
2023-04-01 08:31:35,775 : EventManager : Event: ======'init_phase_4'====== Args={}
2023-04-01 08:31:35,775 : EventManager : Event: ======'init_phase_5'====== Args={}
2023-04-01 08:31:35,775 : EventManager : Event: ======'init_done'====== Args={}
2023-04-01 08:31:35,775 : MPF-MC BCP Server : Starting up on localhost port 5050
2023-04-01 08:31:35,776 : MPF-MC BCP Server : Waiting for a connection...
2023-04-01 08:31:35,776 : mpfmc : SlidePlayer: Play called with settings={'slides': {welcome_slide-None-None: {'priority': None, 'target': None, 'background_color': [0.0, 0.0, 0.0, 1.0], 'show': True, 'force': False, 'expire': None, 'slide': None, 'tokens': {}, 'action': 'play', 'transition': None, 'transition_out': None}}}
2023-04-01 08:31:35,782 : kivy : GL: NPOT texture support is available
2023-04-01 08:31:35,782 : EventManager : Event: ======'slide_welcome_slide_created'====== Args={}
2023-04-01 08:31:35,786 : EventManager : Event: ======'slide_welcome_slide_active'====== Args={}
2023-04-01 08:31:36,109 : EventManager : Event: ======'client_disconnected'====== Args={'host': '127.0.0.1', 'port': 5050}
2023-04-01 08:31:37,533 : kivy : Base: Leaving application in progress...
2023-04-01 08:31:37,533 : mpfmc : Stopping...
2023-04-01 08:31:37,533 : EventManager : Event: ======'shutdown'====== Args={}
2023-04-01 08:31:37,533 : AudioInterface : Disabling audio playback
2023-04-01 08:31:37,597 : mpfmc : Loop rate 57.93 Hz
2023-04-01 08:31:37,597 : kivy : MC run loop ended.
2023-04-01 08:31:37,597 : kivy : Stopping child threads... (3 remaining)
2023-04-01 08:31:37,777 : MPF-MC BCP Server : Stopping BCP sending thread
2023-04-01 08:31:37,778 : MPF-MC BCP Server : Stopping BCP listener thread
2023-04-01 08:31:37,798 : kivy : All child threads stopped.
