2023-03-31 20:05:48,994 : INFO : root : Loading config.
2023-03-31 20:05:49,394 : INFO : ConfigProcessor : Config spec file cache created: /var/folders/0y/x6b2lmrx6vq3nhkjncz48nhc0000gn/T/config_spec.mpf_cache
2023-03-31 20:05:49,395 : INFO : YamlMultifileConfigLoader : Machine config file #1: config.yaml
2023-03-31 20:05:49,395 : WARNING : ConfigProcessor : Config file in cache changed: /Users/tpetch/Documents/trashland_3/config/config.yaml
2023-03-31 20:05:49,395 : INFO : ConfigProcessor : Loading config from file /Users/tpetch/.local/pipx/venvs/mpf/lib/python3.9/site-packages/mpf/mpfconfig.yaml.
2023-03-31 20:05:49,465 : INFO : ConfigProcessor : Loading config: /Users/tpetch/.local/pipx/venvs/mpf/lib/python3.9/site-packages/mpf/mpfconfig.yaml
2023-03-31 20:05:49,466 : INFO : ConfigProcessor : Loading config from file /Users/tpetch/Documents/trashland_3/config/config.yaml.
2023-03-31 20:05:49,595 : INFO : ConfigProcessor : Loading config: /Users/tpetch/Documents/trashland_3/config/config.yaml
2023-03-31 20:05:49,598 : INFO : ConfigProcessor : Config file cache created: /var/folders/0y/x6b2lmrx6vq3nhkjncz48nhc0000gn/T/28c67afebeedf0bcd540f5dc9898a885.mpf_cache
2023-03-31 20:05:49,680 : INFO : ConfigProcessor : Loading config from cache: /var/folders/0y/x6b2lmrx6vq3nhkjncz48nhc0000gn/T/0c88cc6e742c1d6ff62a4ddd2bb23fa0.mpf_cache
2023-03-31 20:05:49,680 : INFO : ConfigProcessor : Loading config from cache: /var/folders/0y/x6b2lmrx6vq3nhkjncz48nhc0000gn/T/d3948d842c6309f14ab557c3c72320d0.mpf_cache
2023-03-31 20:05:49,681 : INFO : Machine : Mission Pinball Framework Core Engine v0.56.1.dev4
2023-03-31 20:05:49,681 : INFO : Machine : Command line arguments: {'no_load_cache': False, 'create_config_cache': True, 'bcp': False, 'configfile': ['config.yaml'], 'force_assets_load': False, 'jsonlogging': False, 'logfile': 'logs/2023-03-31-20-05-48-mpf-Tanners-MacBook-Pro-2.local.log', 'pause': False, 'production': False, 'text_ui': True, 'loglevel': 15, 'consoleloglevel': 20, 'force_platform': None, 'syslog_address': None, 'mc_file_name': None, 'no_sound': False}
2023-03-31 20:05:49,681 : INFO : Machine : MPF path: /Users/tpetch/.local/pipx/venvs/mpf/lib/python3.9/site-packages/mpf
2023-03-31 20:05:49,681 : INFO : Machine : Machine path: /Users/tpetch/Documents/trashland_3
2023-03-31 20:05:49,681 : INFO : Machine : Platform: darwin
2023-03-31 20:05:49,681 : INFO : Machine : Python executable location: /Users/tpetch/.local/pipx/venvs/mpf/bin/python
2023-03-31 20:05:49,681 : INFO : Machine : Python version: 3.9.13 (64-bit)
2023-03-31 20:05:49,690 : INFO : Machine : Initialise MPF.
2023-03-31 20:05:49,776 : INFO : [NET] : Trying to connect to /dev/tty.usbmodem14101 at 921600bps
2023-03-31 20:05:49,782 : INFO : [NET] : Connected to /dev/tty.usbmodem14101 at 921600bps
2023-03-31 20:05:49,795 : INFO : [NET] : Connected to FP-CPU-2000 with firmware v02.06
2023-03-31 20:05:49,795 : INFO : EventManager : Event: ======'machine_var_fast_net_firmware'====== Args={'value': '02.06', 'prev_value': None, 'change': True}
2023-03-31 20:05:49,795 : INFO : EventManager : Event: ======'machine_var_fast_net_model'====== Args={'value': 'FP-CPU-2000', 'prev_value': None, 'change': True}
2023-03-31 20:05:49,797 : INFO : [NET] : Registered I/O Board 0: Model: FP-I/O-0804, Firmware: 01.09, Switches: 8, Drivers: 4
2023-03-31 20:05:49,799 : INFO : [NET] : Registered I/O Board 1: Model: FP-I/O-0804, Firmware: 01.09, Switches: 8, Drivers: 4
2023-03-31 20:05:49,800 : INFO : [NET] : Registered I/O Board 2: Model: FP-I/O-3208, Firmware: 01.09, Switches: 32, Drivers: 8
2023-03-31 20:05:49,802 : INFO : [NET] : Registered I/O Board 3: Model: FP-I/O-1616, Firmware: 01.09, Switches: 16, Drivers: 16
2023-03-31 20:05:49,803 : INFO : [NET] : Registered I/O Board 4: Model: FP-I/O-3208, Firmware: 01.09, Switches: 32, Drivers: 8
2023-03-31 20:05:49,805 : INFO : [EXP] : Trying to connect to /dev/tty.usbmodem14103 at 921600bps
2023-03-31 20:05:49,809 : INFO : [EXP] : Connected to /dev/tty.usbmodem14103 at 921600bps
2023-03-31 20:05:49,814 : INFO : EventManager : Event: ======'machine_var_credits_string'====== Args={'value': 'FREE PLAY', 'prev_value': None, 'change': True}
2023-03-31 20:05:49,855 : INFO : EventManager : Event: ======'machine_var_master_volume'====== Args={'value': 0.5, 'prev_value': None, 'change': True}
2023-03-31 20:05:49,855 : INFO : EventManager : Event: ======'machine_var_mpf_version'====== Args={'value': 'MPF v0.56.1.dev4', 'prev_value': None, 'change': True}
2023-03-31 20:05:49,855 : INFO : EventManager : Event: ======'machine_var_mpf_extended_version'====== Args={'value': 'MPF v0.56.1.dev4, Config version:5, Show version: 5, BCP version:1.1', 'prev_value': None, 'change': True}
2023-03-31 20:05:49,855 : INFO : EventManager : Event: ======'machine_var_python_version'====== Args={'value': '3.9.13', 'prev_value': None, 'change': True}
2023-03-31 20:05:49,868 : INFO : EventManager : Event: ======'machine_var_platform'====== Args={'value': 'macOS-10.16-x86_64-i386-64bit', 'prev_value': None, 'change': True}
2023-03-31 20:05:49,868 : INFO : EventManager : Event: ======'machine_var_platform_system'====== Args={'value': 'Darwin', 'prev_value': None, 'change': True}
2023-03-31 20:05:49,868 : INFO : EventManager : Event: ======'machine_var_platform_release'====== Args={'value': '22.2.0', 'prev_value': None, 'change': True}
2023-03-31 20:05:49,868 : INFO : EventManager : Event: ======'machine_var_platform_version'====== Args={'value': 'Darwin Kernel Version 22.2.0: Fri Nov 11 02:08:47 PST 2022; root:xnu-8792.61.2~4/RELEASE_X86_64', 'prev_value': None, 'change': True}
2023-03-31 20:05:49,868 : INFO : EventManager : Event: ======'machine_var_platform_machine'====== Args={'value': 'x86_64', 'prev_value': None, 'change': True}
2023-03-31 20:05:49,868 : INFO : EventManager : Event: ======'init_phase_1'====== Args={}
2023-03-31 20:05:49,941 : INFO : EventManager : Event: ======'init_phase_2'====== Args={}
2023-03-31 20:05:49,942 : INFO : SwitchController : Found active switch: (('1D', 0), <Platform.FAST>) <switch.s_trough_1>
2023-03-31 20:05:49,942 : INFO : SwitchController : Found active switch: (('34', 0), <Platform.FAST>) <switch.s_drop_scoop>
2023-03-31 20:05:49,942 : INFO : SwitchController : Found active switch: (('40', 0), <Platform.FAST>) <switch.s_b_eos>
2023-03-31 20:05:49,946 : INFO : ball_device.bd_vuk_back : BCH: Initial count: 0
2023-03-31 20:05:49,947 : INFO : ball_device.bd_vuk_back : State: idle
2023-03-31 20:05:49,947 : INFO : ball_device.bd_vuk_right : BCH: Initial count: 0
2023-03-31 20:05:49,947 : INFO : ball_device.bd_vuk_right : State: idle
2023-03-31 20:05:49,948 : INFO : ball_device.bd_vuk_bot : BCH: Initial count: 0
2023-03-31 20:05:49,948 : INFO : ball_device.bd_vuk_bot : State: idle
2023-03-31 20:05:49,949 : INFO : ball_device.bd_trough : BCH: Initial count: 1
2023-03-31 20:05:49,949 : INFO : ball_device.bd_trough : State: idle
2023-03-31 20:05:49,949 : INFO : ball_device.bd_plunger : BCH: Initial count: 0
2023-03-31 20:05:49,950 : INFO : ball_device.bd_plunger : State: idle
2023-03-31 20:05:49,966 : INFO : EventManager : Event: ======'init_phase_3'====== Args={}
2023-03-31 20:05:49,970 : INFO : EventManager : Event: ======'init_phase_4'====== Args={}
2023-03-31 20:05:49,971 : INFO : BallController : Initial balls found: 1
2023-03-31 20:05:49,973 : INFO : EventManager : Event: ======'machine_var_audits_events_game_ended'====== Args={'value': 0, 'prev_value': None, 'change': True}
2023-03-31 20:05:49,973 : INFO : EventManager : Event: ======'machine_var_audits_events_game_started'====== Args={'value': 7, 'prev_value': None, 'change': True}
2023-03-31 20:05:49,973 : INFO : EventManager : Event: ======'machine_var_audits_player_score'====== Args={'value': {'average': 0, 'top': [], 'total': 0}, 'prev_value': None, 'change': True}
2023-03-31 20:05:49,973 : INFO : EventManager : Event: ======'machine_var_audits_switches_s_autolauncher'====== Args={'value': 12, 'prev_value': None, 'change': True}
2023-03-31 20:05:49,973 : INFO : EventManager : Event: ======'machine_var_audits_switches_s_b_eos'====== Args={'value': 139, 'prev_value': None, 'change': True}
2023-03-31 20:05:49,974 : INFO : EventManager : Event: ======'machine_var_audits_switches_s_b_pop'====== Args={'value': 32, 'prev_value': None, 'change': True}
2023-03-31 20:05:49,974 : INFO : EventManager : Event: ======'machine_var_audits_switches_s_b_rollover_interchange'====== Args={'value': 2, 'prev_value': None, 'change': True}
2023-03-31 20:05:49,974 : INFO : EventManager : Event: ======'machine_var_audits_switches_s_b_rollover_loop'====== Args={'value': 1, 'prev_value': None, 'change': True}
2023-03-31 20:05:49,974 : INFO : EventManager : Event: ======'machine_var_audits_switches_s_b_rollover_misc'====== Args={'value': 2, 'prev_value': None, 'change': True}
2023-03-31 20:05:49,974 : INFO : EventManager : Event: ======'machine_var_audits_switches_s_b_target_left'====== Args={'value': 1, 'prev_value': None, 'change': True}
2023-03-31 20:05:49,974 : INFO : EventManager : Event: ======'machine_var_audits_switches_s_b_target_right'====== Args={'value': 2, 'prev_value': None, 'change': True}
2023-03-31 20:05:49,974 : INFO : EventManager : Event: ======'machine_var_audits_switches_s_drop_mid_center'====== Args={'value': 0, 'prev_value': None, 'change': True}
2023-03-31 20:05:49,974 : INFO : EventManager : Event: ======'machine_var_audits_switches_s_drop_mid_left'====== Args={'value': 0, 'prev_value': None, 'change': True}
2023-03-31 20:05:49,975 : INFO : EventManager : Event: ======'machine_var_audits_switches_s_drop_mid_right'====== Args={'value': 0, 'prev_value': None, 'change': True}
2023-03-31 20:05:49,975 : INFO : EventManager : Event: ======'machine_var_audits_switches_s_drop_right_left'====== Args={'value': 0, 'prev_value': None, 'change': True}
2023-03-31 20:05:49,975 : INFO : EventManager : Event: ======'machine_var_audits_switches_s_drop_right_right'====== Args={'value': 0, 'prev_value': None, 'change': True}
2023-03-31 20:05:49,975 : INFO : EventManager : Event: ======'machine_var_audits_switches_s_drop_scoop'====== Args={'value': 0, 'prev_value': None, 'change': True}
2023-03-31 20:05:49,975 : INFO : EventManager : Event: ======'machine_var_audits_switches_s_drop_single'====== Args={'value': 1, 'prev_value': None, 'change': True}
2023-03-31 20:05:49,975 : INFO : EventManager : Event: ======'machine_var_audits_switches_s_flip_left_eos'====== Args={'value': 997, 'prev_value': None, 'change': True}
2023-03-31 20:05:49,975 : INFO : EventManager : Event: ======'machine_var_audits_switches_s_flip_left_top_eos'====== Args={'value': 61, 'prev_value': None, 'change': True}
2023-03-31 20:05:49,975 : INFO : EventManager : Event: ======'machine_var_audits_switches_s_flip_right_eos'====== Args={'value': 140, 'prev_value': None, 'change': True}
2023-03-31 20:05:49,976 : INFO : EventManager : Event: ======'machine_var_audits_switches_s_inlane_left'====== Args={'value': 0, 'prev_value': None, 'change': True}
2023-03-31 20:05:49,976 : INFO : EventManager : Event: ======'machine_var_audits_switches_s_inlane_right'====== Args={'value': 1, 'prev_value': None, 'change': True}
2023-03-31 20:05:49,976 : INFO : EventManager : Event: ======'machine_var_audits_switches_s_l_rollover'====== Args={'value': 1, 'prev_value': None, 'change': True}
2023-03-31 20:05:49,976 : INFO : EventManager : Event: ======'machine_var_audits_switches_s_l_target_far'====== Args={'value': 1, 'prev_value': None, 'change': True}
2023-03-31 20:05:49,976 : INFO : EventManager : Event: ======'machine_var_audits_switches_s_l_target_large'====== Args={'value': 1, 'prev_value': None, 'change': True}
2023-03-31 20:05:49,976 : INFO : EventManager : Event: ======'machine_var_audits_switches_s_l_target_left'====== Args={'value': 2, 'prev_value': None, 'change': True}
2023-03-31 20:05:49,976 : INFO : EventManager : Event: ======'machine_var_audits_switches_s_l_target_right'====== Args={'value': 1, 'prev_value': None, 'change': True}
2023-03-31 20:05:49,977 : INFO : EventManager : Event: ======'machine_var_audits_switches_s_l_vuk'====== Args={'value': 5, 'prev_value': None, 'change': True}
2023-03-31 20:05:49,977 : INFO : EventManager : Event: ======'machine_var_audits_switches_s_launch'====== Args={'value': 20, 'prev_value': None, 'change': True}
2023-03-31 20:05:49,977 : INFO : EventManager : Event: ======'machine_var_audits_switches_s_left_flipper_1'====== Args={'value': 73, 'prev_value': None, 'change': True}
2023-03-31 20:05:49,977 : INFO : EventManager : Event: ======'machine_var_audits_switches_s_left_flipper_2'====== Args={'value': 121, 'prev_value': None, 'change': True}
2023-03-31 20:05:49,977 : INFO : EventManager : Event: ======'machine_var_audits_switches_s_lock_1'====== Args={'value': 1, 'prev_value': None, 'change': True}
2023-03-31 20:05:49,977 : INFO : EventManager : Event: ======'machine_var_audits_switches_s_lock_2'====== Args={'value': 1, 'prev_value': None, 'change': True}
2023-03-31 20:05:49,977 : INFO : EventManager : Event: ======'machine_var_audits_switches_s_lock_3'====== Args={'value': 1, 'prev_value': None, 'change': True}
2023-03-31 20:05:49,978 : INFO : EventManager : Event: ======'machine_var_audits_switches_s_outlane_left'====== Args={'value': 0, 'prev_value': None, 'change': True}
2023-03-31 20:05:49,978 : INFO : EventManager : Event: ======'machine_var_audits_switches_s_outlane_right'====== Args={'value': 1, 'prev_value': None, 'change': True}
2023-03-31 20:05:49,978 : INFO : EventManager : Event: ======'machine_var_audits_switches_s_pop_left'====== Args={'value': 8, 'prev_value': None, 'change': True}
2023-03-31 20:05:49,978 : INFO : EventManager : Event: ======'machine_var_audits_switches_s_pop_lower'====== Args={'value': 21, 'prev_value': None, 'change': True}
2023-03-31 20:05:49,978 : INFO : EventManager : Event: ======'machine_var_audits_switches_s_pop_right'====== Args={'value': 19, 'prev_value': None, 'change': True}
2023-03-31 20:05:49,979 : INFO : EventManager : Event: ======'machine_var_audits_switches_s_right_flipper_1'====== Args={'value': 178, 'prev_value': None, 'change': True}
2023-03-31 20:05:49,979 : INFO : EventManager : Event: ======'machine_var_audits_switches_s_right_flipper_2'====== Args={'value': 541, 'prev_value': None, 'change': True}
2023-03-31 20:05:49,979 : INFO : EventManager : Event: ======'machine_var_audits_switches_s_rollover_left'====== Args={'value': 23, 'prev_value': None, 'change': True}
2023-03-31 20:05:49,979 : INFO : EventManager : Event: ======'machine_var_audits_switches_s_rollover_right'====== Args={'value': 480, 'prev_value': None, 'change': True}
2023-03-31 20:05:49,979 : INFO : EventManager : Event: ======'machine_var_audits_switches_s_sling_left'====== Args={'value': 2, 'prev_value': None, 'change': True}
2023-03-31 20:05:49,980 : INFO : EventManager : Event: ======'machine_var_audits_switches_s_sling_right'====== Args={'value': 6, 'prev_value': None, 'change': True}
2023-03-31 20:05:49,980 : INFO : EventManager : Event: ======'machine_var_audits_switches_s_start'====== Args={'value': 5, 'prev_value': None, 'change': True}
2023-03-31 20:05:49,980 : INFO : EventManager : Event: ======'machine_var_audits_switches_s_tilt'====== Args={'value': 1, 'prev_value': None, 'change': True}
2023-03-31 20:05:49,980 : INFO : EventManager : Event: ======'machine_var_audits_switches_s_trough_1'====== Args={'value': 0, 'prev_value': None, 'change': True}
2023-03-31 20:05:49,980 : INFO : EventManager : Event: ======'machine_var_audits_switches_s_trough_2'====== Args={'value': 6, 'prev_value': None, 'change': True}
2023-03-31 20:05:49,981 : INFO : EventManager : Event: ======'machine_var_audits_switches_s_trough_3'====== Args={'value': 4, 'prev_value': None, 'change': True}
2023-03-31 20:05:49,981 : INFO : EventManager : Event: ======'machine_var_audits_switches_s_trough_4'====== Args={'value': 4, 'prev_value': None, 'change': True}
2023-03-31 20:05:49,981 : INFO : EventManager : Event: ======'machine_var_audits_switches_s_trough_5'====== Args={'value': 4, 'prev_value': None, 'change': True}
2023-03-31 20:05:49,981 : INFO : EventManager : Event: ======'machine_var_audits_switches_s_trough_6'====== Args={'value': 4, 'prev_value': None, 'change': True}
2023-03-31 20:05:49,982 : INFO : EventManager : Event: ======'machine_var_audits_switches_s_trough_jam'====== Args={'value': 10, 'prev_value': None, 'change': True}
2023-03-31 20:05:49,982 : INFO : EventManager : Event: ======'machine_var_audits_switches_s_vuk_back'====== Args={'value': 10, 'prev_value': None, 'change': True}
2023-03-31 20:05:49,982 : INFO : EventManager : Event: ======'machine_var_audits_switches_s_vuk_right'====== Args={'value': 0, 'prev_value': None, 'change': True}
2023-03-31 20:05:49,982 : INFO : EventManager : Event: ======'machine_var_audits_switches_s_u_rollover'====== Args={'value': 0, 'prev_value': None, 'change': True}
2023-03-31 20:05:49,982 : INFO : EventManager : Event: ======'machine_var_audits_switches_s_u_target'====== Args={'value': 0, 'prev_value': None, 'change': True}
2023-03-31 20:05:49,983 : INFO : EventManager : Event: ======'machine_var_audits_switches_s_u_lane_r'====== Args={'value': 0, 'prev_value': None, 'change': True}
2023-03-31 20:05:49,983 : INFO : EventManager : Event: ======'machine_var_audits_switches_s_u_lane_l'====== Args={'value': 0, 'prev_value': None, 'change': True}
2023-03-31 20:05:49,998 : INFO : EventManager : Event: ======'init_phase_5'====== Args={}
2023-03-31 20:05:49,998 : INFO : EventManager : Event: ======'init_done'====== Args={}
2023-03-31 20:05:49,999 : INFO : EventManager : Event: ======'machine_reset_phase_1'====== Args={}
2023-03-31 20:05:49,999 : INFO : EventManager : Event: ======'machine_reset_phase_2'====== Args={}
2023-03-31 20:05:50,000 : INFO : EventManager : Event: ======'machine_reset_phase_3'====== Args={}
2023-03-31 20:05:50,001 : INFO : EventManager : Event: ======'reset_complete'====== Args={}
2023-03-31 20:05:50,001 : INFO : EventManager : Event: ======'mode_attract_will_start'====== Args={}
2023-03-31 20:05:50,002 : INFO : EventManager : Event: ======'mode_attract_starting'====== Args={}
2023-03-31 20:05:50,002 : INFO : Mode.attract : Started. Priority: 10
2023-03-31 20:05:50,002 : INFO : EventManager : Event: ======'modes_active_modes_changed'====== Args={}
2023-03-31 20:05:50,002 : INFO : EventManager : Event: ======'mode_attract_started'====== Args={}
2023-03-31 20:05:50,002 : INFO : EventManager : Event: ======'collecting_balls_complete'====== Args={}
2023-03-31 20:05:50,003 : INFO : Machine : Starting the main run loop.
2023-03-31 20:05:54,035 : INFO : SwitchController : <<<<<<< 's_autolauncher' active >>>>>>>
2023-03-31 20:05:54,536 : INFO : EventManager : Event: ======'balldevice_bd_plunger_ball_count_changed'====== Args={'balls': 1}
2023-03-31 20:05:54,536 : INFO : ball_device.bd_plunger : Received unexpected ball
2023-03-31 20:05:54,536 : INFO : EventManager : Event: ======'balldevice_captured_from_playfield'====== Args={'balls': 1}
2023-03-31 20:05:54,537 : INFO : EventManager : Event: ======'sw_playfield_active'====== Args={'balls': 1}
2023-03-31 20:05:54,537 : INFO : EventManager : Event: ======'playfield_active'====== Args={}
2023-03-31 20:05:54,537 : INFO : EventManager : Event: ======'unexpected_ball_on_playfield'====== Args={}
2023-03-31 20:05:54,537 : INFO : EventManager : Event: ======'playfield_ball_count_change'====== Args={'balls': -1, 'change': -1}
2023-03-31 20:05:54,537 : INFO : EventManager : Event: ======'balldevice_playfield_ball_enter'====== Args={'new_balls': 1, 'unclaimed_balls': 1, 'device': <playfield.playfield>}
2023-03-31 20:05:54,537 : INFO : EventManager : Event: ======'playfield_ball_count_change'====== Args={'balls': 0, 'change': 1}
2023-03-31 20:05:54,538 : INFO : BallController : Found a new ball which was captured from playfield. Known balls: 2
2023-03-31 20:05:54,538 : INFO : EventManager : Event: ======'found_new_ball'====== Args={}
2023-03-31 20:05:54,538 : INFO : EventManager : Event: ======'balldevice_bd_plunger_ball_enter'====== Args={'new_balls': 1, 'unclaimed_balls': 1, 'new_available_balls': 1, 'device': <ball_device.bd_plunger>}
2023-03-31 20:05:54,538 : INFO : ball_device.bd_plunger : Ejecting 1 unexpected balls using path deque([<ball_device.bd_plunger>, <playfield.playfield>])
2023-03-31 20:05:54,538 : INFO : EventManager : Event: ======'balldevice_balls_available'====== Args={}
2023-03-31 20:05:54,538 : INFO : EventManager : Event: ======'balldevice_balls_available'====== Args={}
2023-03-31 20:05:54,538 : INFO : EventManager : Event: ======'balldevice_bd_plunger_ball_entered'====== Args={'new_balls': 1, 'device': <ball_device.bd_plunger>}
2023-03-31 20:05:54,539 : INFO : ball_device.bd_plunger : State: waiting_for_target_ready
2023-03-31 20:05:54,539 : INFO : EventManager : Event: ======'balldevice_bd_plunger_ball_eject_attempt'====== Args={'balls': 1, 'target': <playfield.playfield>, 'source': <ball_device.bd_plunger>, 'mechanical_eject': False, 'num_attempts': 0}
2023-03-31 20:05:54,539 : INFO : ball_device.bd_plunger : State: ejecting
2023-03-31 20:05:54,539 : INFO : ball_device.bd_plunger : Ejecting ball to <playfield.playfield>
2023-03-31 20:05:54,540 : INFO : EventManager : Event: ======'balldevice_bd_plunger_ejecting_ball'====== Args={'balls': 1, 'target': <playfield.playfield>, 'source': <ball_device.bd_plunger>, 'mechanical_eject': False, 'num_attempts': 0}
2023-03-31 20:05:54,540 : INFO : ball_device.bd_plunger : Wait for ball to leave device
2023-03-31 20:05:54,540 : INFO : coil.c_autolauncher : Pulsing Driver for 18ms (0.9 pulse_power)
2023-03-31 20:05:54,568 : INFO : SwitchController : <<<<<<< 's_autolauncher' inactive >>>>>>>
2023-03-31 20:05:54,569 : INFO : SwitchController : <<<<<<< 's_flip_left_eos' active >>>>>>>
2023-03-31 20:05:54,569 : INFO : ball_device.bd_plunger : State: ball_left
2023-03-31 20:05:54,569 : INFO : ball_device.bd_plunger : Ball left
2023-03-31 20:05:54,569 : INFO : ball_device.bd_plunger : Wait for confirm with timeout 2.0
2023-03-31 20:05:54,576 : INFO : SwitchController : <<<<<<< 's_flip_left_eos' inactive >>>>>>>
2023-03-31 20:05:54,588 : INFO : SwitchController : <<<<<<< 's_flip_left_eos' active >>>>>>>
2023-03-31 20:05:54,588 : INFO : SwitchController : <<<<<<< 's_flip_left_eos' inactive >>>>>>>
2023-03-31 20:05:54,589 : INFO : SwitchController : <<<<<<< 's_flip_left_eos' active >>>>>>>
2023-03-31 20:05:54,592 : INFO : SwitchController : <<<<<<< 's_flip_left_eos' inactive >>>>>>>
2023-03-31 20:05:54,595 : INFO : SwitchController : <<<<<<< 's_flip_left_eos' active >>>>>>>
2023-03-31 20:05:54,609 : INFO : SwitchController : <<<<<<< 's_flip_left_eos' inactive >>>>>>>
2023-03-31 20:05:54,609 : INFO : SwitchController : <<<<<<< 's_flip_left_eos' active >>>>>>>
2023-03-31 20:05:54,609 : INFO : SwitchController : <<<<<<< 's_flip_left_eos' inactive >>>>>>>
2023-03-31 20:05:54,610 : INFO : SwitchController : <<<<<<< 's_flip_left_eos' active >>>>>>>
2023-03-31 20:05:54,611 : INFO : SwitchController : <<<<<<< 's_flip_left_eos' inactive >>>>>>>
2023-03-31 20:05:54,614 : INFO : SwitchController : <<<<<<< 's_flip_left_eos' active >>>>>>>
2023-03-31 20:05:54,618 : INFO : SwitchController : <<<<<<< 's_flip_left_eos' inactive >>>>>>>
2023-03-31 20:05:54,629 : INFO : SwitchController : <<<<<<< 's_flip_left_eos' active >>>>>>>
2023-03-31 20:05:54,629 : INFO : SwitchController : <<<<<<< 's_flip_left_eos' inactive >>>>>>>
2023-03-31 20:05:54,629 : INFO : SwitchController : <<<<<<< 's_flip_left_eos' active >>>>>>>
2023-03-31 20:05:54,629 : INFO : SwitchController : <<<<<<< 's_flip_left_eos' inactive >>>>>>>
2023-03-31 20:05:54,630 : INFO : SwitchController : <<<<<<< 's_flip_left_eos' active >>>>>>>
2023-03-31 20:05:54,632 : INFO : SwitchController : <<<<<<< 's_flip_left_eos' inactive >>>>>>>
2023-03-31 20:05:54,635 : INFO : SwitchController : <<<<<<< 's_flip_left_eos' active >>>>>>>
2023-03-31 20:05:54,637 : INFO : SwitchController : <<<<<<< 's_flip_left_eos' inactive >>>>>>>
2023-03-31 20:05:54,682 : INFO : SwitchController : <<<<<<< 's_flip_left_eos' active >>>>>>>
2023-03-31 20:05:54,684 : INFO : SwitchController : <<<<<<< 's_flip_left_eos' inactive >>>>>>>
2023-03-31 20:05:55,663 : INFO : SwitchController : <<<<<<< 's_flip_left_eos' active >>>>>>>
2023-03-31 20:05:55,666 : INFO : SwitchController : <<<<<<< 's_flip_left_eos' inactive >>>>>>>
2023-03-31 20:05:56,227 : INFO : SwitchController : <<<<<<< 's_flip_left_eos' active >>>>>>>
2023-03-31 20:05:56,229 : INFO : SwitchController : <<<<<<< 's_flip_left_eos' inactive >>>>>>>
2023-03-31 20:05:56,570 : INFO : ball_device.bd_plunger : State: failed_confirm
2023-03-31 20:05:56,570 : INFO : ball_device.bd_plunger : Got timeout (2.0s) before confirm from <playfield.playfield>
2023-03-31 20:05:56,671 : INFO : ball_device.bd_plunger : Confirming eject because target is playfield and ball did not return.
2023-03-31 20:05:56,671 : INFO : ball_device.bd_plunger : Eject successful
2023-03-31 20:05:56,671 : INFO : EventManager : Event: ======'balldevice_bd_plunger_ball_eject_success'====== Args={'balls': 1, 'target': <playfield.playfield>}
2023-03-31 20:05:56,671 : INFO : EventManager : Event: ======'balldevice_playfield_ball_enter'====== Args={'new_balls': 1, 'unclaimed_balls': 1, 'device': <playfield.playfield>}
2023-03-31 20:05:56,671 : INFO : EventManager : Event: ======'playfield_ball_count_change'====== Args={'balls': 1, 'change': 1}
2023-03-31 20:05:56,671 : INFO : EventManager : Event: ======'balldevice_bd_plunger_ball_count_changed'====== Args={'balls': 0}
2023-03-31 20:05:56,672 : INFO : ball_device.bd_plunger : State: idle
2023-03-31 20:05:58,409 : INFO : BcpServer : New client connected.
2023-03-31 20:06:00,003 : INFO : SwitchController : <<<<<<< 's_flip_left_eos' active >>>>>>>
2023-03-31 20:06:00,005 : INFO : SwitchController : <<<<<<< 's_flip_left_eos' inactive >>>>>>>
2023-03-31 20:06:10,645 : INFO : Machine : Shutting down...
2023-03-31 20:06:10,645 : INFO : EventManager : Event: ======'shutdown'====== Args={}
2023-03-31 20:06:10,755 : INFO : root : MPF run loop ended.
