2023-04-01 11:54:11,580 : INFO : root : Loading config.
2023-04-01 11:54:11,983 : INFO : ConfigProcessor : Config spec file cache created: /var/folders/0y/x6b2lmrx6vq3nhkjncz48nhc0000gn/T/config_spec.mpf_cache
2023-04-01 11:54:11,983 : INFO : YamlMultifileConfigLoader : Machine config file #1: config.yaml
2023-04-01 11:54:11,984 : WARNING : ConfigProcessor : Config file in cache changed: /Users/tpetch/Documents/trashland_3/config/config.yaml
2023-04-01 11:54:11,984 : INFO : ConfigProcessor : Loading config from file /Users/tpetch/.local/pipx/venvs/mpf/lib/python3.9/site-packages/mpf/mpfconfig.yaml.
2023-04-01 11:54:12,054 : INFO : ConfigProcessor : Loading config: /Users/tpetch/.local/pipx/venvs/mpf/lib/python3.9/site-packages/mpf/mpfconfig.yaml
2023-04-01 11:54:12,054 : INFO : ConfigProcessor : Loading config from file /Users/tpetch/Documents/trashland_3/config/config.yaml.
2023-04-01 11:54:12,194 : INFO : ConfigProcessor : Loading config: /Users/tpetch/Documents/trashland_3/config/config.yaml
2023-04-01 11:54:12,197 : INFO : ConfigProcessor : Config file cache created: /var/folders/0y/x6b2lmrx6vq3nhkjncz48nhc0000gn/T/28c67afebeedf0bcd540f5dc9898a885.mpf_cache
2023-04-01 11:54:12,233 : INFO : ConfigProcessor : Loading config from cache: /var/folders/0y/x6b2lmrx6vq3nhkjncz48nhc0000gn/T/03cea1619b79a61f4f0eef3c59cdaa46.mpf_cache
2023-04-01 11:54:12,234 : INFO : ConfigProcessor : Loading config from cache: /var/folders/0y/x6b2lmrx6vq3nhkjncz48nhc0000gn/T/d3948d842c6309f14ab557c3c72320d0.mpf_cache
2023-04-01 11:54:12,234 : INFO : ConfigProcessor : Loading config from cache: /var/folders/0y/x6b2lmrx6vq3nhkjncz48nhc0000gn/T/a37a2141962f60258a07880b3484644a.mpf_cache
2023-04-01 11:54:12,235 : INFO : Machine : Mission Pinball Framework Core Engine v0.56.1.dev4
2023-04-01 11:54:12,235 : INFO : Machine : Command line arguments: {'no_load_cache': False, 'create_config_cache': True, 'bcp': False, 'configfile': ['config.yaml'], 'force_assets_load': False, 'jsonlogging': False, 'logfile': 'logs/2023-04-01-11-54-11-mpf-Tanners-MacBook-Pro-2.local.log', 'pause': False, 'production': False, 'text_ui': True, 'loglevel': 15, 'consoleloglevel': 20, 'force_platform': None, 'syslog_address': None, 'mc_file_name': None, 'no_sound': False}
2023-04-01 11:54:12,235 : INFO : Machine : MPF path: /Users/tpetch/.local/pipx/venvs/mpf/lib/python3.9/site-packages/mpf
2023-04-01 11:54:12,235 : INFO : Machine : Machine path: /Users/tpetch/Documents/trashland_3
2023-04-01 11:54:12,235 : INFO : Machine : Platform: darwin
2023-04-01 11:54:12,235 : INFO : Machine : Python executable location: /Users/tpetch/.local/pipx/venvs/mpf/bin/python
2023-04-01 11:54:12,235 : INFO : Machine : Python version: 3.9.13 (64-bit)
2023-04-01 11:54:12,240 : INFO : Machine : Initialise MPF.
2023-04-01 11:54:12,296 : INFO : [NET] : Trying to connect to /dev/tty.usbmodem141401 at 921600bps
2023-04-01 11:54:12,301 : INFO : [NET] : Connected to /dev/tty.usbmodem141401 at 921600bps
2023-04-01 11:54:12,314 : INFO : [NET] : Connected to FP-CPU-2000 with firmware v02.06
2023-04-01 11:54:12,314 : INFO : EventManager : Event: ======'machine_var_fast_net_firmware'====== Args={'value': '02.06', 'prev_value': None, 'change': True}
2023-04-01 11:54:12,314 : INFO : EventManager : Event: ======'machine_var_fast_net_model'====== Args={'value': 'FP-CPU-2000', 'prev_value': None, 'change': True}
2023-04-01 11:54:12,316 : INFO : [NET] : Registered I/O Board 0: Model: FP-I/O-0804, Firmware: 01.09, Switches: 8, Drivers: 4
2023-04-01 11:54:12,318 : INFO : [NET] : Registered I/O Board 1: Model: FP-I/O-0804, Firmware: 01.09, Switches: 8, Drivers: 4
2023-04-01 11:54:12,319 : INFO : [NET] : Registered I/O Board 2: Model: FP-I/O-3208, Firmware: 01.09, Switches: 32, Drivers: 8
2023-04-01 11:54:12,320 : INFO : [NET] : Registered I/O Board 3: Model: FP-I/O-1616, Firmware: 01.09, Switches: 16, Drivers: 16
2023-04-01 11:54:12,322 : INFO : [NET] : Registered I/O Board 4: Model: FP-I/O-3208, Firmware: 01.09, Switches: 32, Drivers: 8
2023-04-01 11:54:12,324 : INFO : [EXP] : Trying to connect to /dev/tty.usbmodem141403 at 921600bps
2023-04-01 11:54:12,328 : INFO : [EXP] : Connected to /dev/tty.usbmodem141403 at 921600bps
2023-04-01 11:54:12,334 : INFO : EventManager : Event: ======'machine_var_credits_string'====== Args={'value': 'FREE PLAY', 'prev_value': None, 'change': True}
2023-04-01 11:54:12,360 : INFO : EventManager : Event: ======'machine_var_master_volume'====== Args={'value': 0.5, 'prev_value': None, 'change': True}
2023-04-01 11:54:12,360 : INFO : EventManager : Event: ======'machine_var_player1_score'====== Args={'value': 0, 'prev_value': None, 'change': True}
2023-04-01 11:54:12,361 : INFO : EventManager : Event: ======'machine_var_mpf_version'====== Args={'value': 'MPF v0.56.1.dev4', 'prev_value': None, 'change': True}
2023-04-01 11:54:12,361 : INFO : EventManager : Event: ======'machine_var_mpf_extended_version'====== Args={'value': 'MPF v0.56.1.dev4, Config version:5, Show version: 5, BCP version:1.1', 'prev_value': None, 'change': True}
2023-04-01 11:54:12,361 : INFO : EventManager : Event: ======'machine_var_python_version'====== Args={'value': '3.9.13', 'prev_value': None, 'change': True}
2023-04-01 11:54:12,371 : INFO : EventManager : Event: ======'machine_var_platform'====== Args={'value': 'macOS-10.16-x86_64-i386-64bit', 'prev_value': None, 'change': True}
2023-04-01 11:54:12,371 : INFO : EventManager : Event: ======'machine_var_platform_system'====== Args={'value': 'Darwin', 'prev_value': None, 'change': True}
2023-04-01 11:54:12,371 : INFO : EventManager : Event: ======'machine_var_platform_release'====== Args={'value': '22.2.0', 'prev_value': None, 'change': True}
2023-04-01 11:54:12,371 : INFO : EventManager : Event: ======'machine_var_platform_version'====== Args={'value': 'Darwin Kernel Version 22.2.0: Fri Nov 11 02:08:47 PST 2022; root:xnu-8792.61.2~4/RELEASE_X86_64', 'prev_value': None, 'change': True}
2023-04-01 11:54:12,371 : INFO : EventManager : Event: ======'machine_var_platform_machine'====== Args={'value': 'x86_64', 'prev_value': None, 'change': True}
2023-04-01 11:54:12,371 : INFO : EventManager : Event: ======'init_phase_1'====== Args={}
2023-04-01 11:54:12,438 : INFO : EventManager : Event: ======'drop_target_bank_single_main_up'====== Args={}
2023-04-01 11:54:12,438 : INFO : EventManager : Event: ======'drop_target_bank_mid_up'====== Args={}
2023-04-01 11:54:12,439 : INFO : EventManager : Event: ======'drop_target_bank_right_up'====== Args={}
2023-04-01 11:54:12,439 : INFO : EventManager : Event: ======'init_phase_2'====== Args={}
2023-04-01 11:54:12,440 : INFO : SwitchController : Found active switch: (('1D', 0), <Platform.FAST>) <switch.s_trough_1>
2023-04-01 11:54:12,440 : INFO : SwitchController : Found active switch: (('1C', 0), <Platform.FAST>) <switch.s_trough_2>
2023-04-01 11:54:12,440 : INFO : SwitchController : Found active switch: (('1B', 0), <Platform.FAST>) <switch.s_trough_3>
2023-04-01 11:54:12,440 : INFO : SwitchController : Found active switch: (('1A', 0), <Platform.FAST>) <switch.s_trough_4>
2023-04-01 11:54:12,440 : INFO : SwitchController : Found active switch: (('34', 0), <Platform.FAST>) <switch.s_drop_scoop>
2023-04-01 11:54:12,447 : INFO : ball_device.bd_vuk_back : BCH: Initial count: 0
2023-04-01 11:54:12,448 : INFO : ball_device.bd_vuk_back : State: idle
2023-04-01 11:54:12,448 : INFO : ball_device.bd_vuk_right : BCH: Initial count: 0
2023-04-01 11:54:12,448 : INFO : ball_device.bd_vuk_right : State: idle
2023-04-01 11:54:12,449 : INFO : ball_device.bd_b_lock : BCH: Initial count: 0
2023-04-01 11:54:12,449 : INFO : ball_device.bd_b_lock : State: idle
2023-04-01 11:54:12,449 : INFO : ball_device.bd_vuk_bot : BCH: Initial count: 0
2023-04-01 11:54:12,450 : INFO : ball_device.bd_vuk_bot : State: idle
2023-04-01 11:54:12,450 : INFO : ball_device.bd_trough : BCH: Initial count: 4
2023-04-01 11:54:12,450 : INFO : ball_device.bd_trough : State: idle
2023-04-01 11:54:12,451 : INFO : ball_device.bd_plunger : BCH: Initial count: 0
2023-04-01 11:54:12,451 : INFO : ball_device.bd_plunger : State: idle
2023-04-01 11:54:12,464 : INFO : EventManager : Event: ======'init_phase_3'====== Args={}
2023-04-01 11:54:12,469 : INFO : EventManager : Event: ======'init_phase_4'====== Args={}
2023-04-01 11:54:12,469 : INFO : BallController : Initial balls found: 4
2023-04-01 11:54:12,471 : INFO : EventManager : Event: ======'machine_var_audits_events_game_ended'====== Args={'value': 1, 'prev_value': None, 'change': True}
2023-04-01 11:54:12,471 : INFO : EventManager : Event: ======'machine_var_audits_events_game_started'====== Args={'value': 13, 'prev_value': None, 'change': True}
2023-04-01 11:54:12,471 : INFO : EventManager : Event: ======'machine_var_audits_player_score'====== Args={'value': {'average': 0.0, 'top': [0], 'total': 1}, 'prev_value': None, 'change': True}
2023-04-01 11:54:12,471 : INFO : EventManager : Event: ======'machine_var_audits_switches_s_autolauncher'====== Args={'value': 60, 'prev_value': None, 'change': True}
2023-04-01 11:54:12,472 : INFO : EventManager : Event: ======'machine_var_audits_switches_s_b_eos'====== Args={'value': 214, 'prev_value': None, 'change': True}
2023-04-01 11:54:12,472 : INFO : EventManager : Event: ======'machine_var_audits_switches_s_b_pop'====== Args={'value': 43, 'prev_value': None, 'change': True}
2023-04-01 11:54:12,472 : INFO : EventManager : Event: ======'machine_var_audits_switches_s_b_rollover_interchange'====== Args={'value': 2, 'prev_value': None, 'change': True}
2023-04-01 11:54:12,472 : INFO : EventManager : Event: ======'machine_var_audits_switches_s_b_rollover_loop'====== Args={'value': 1, 'prev_value': None, 'change': True}
2023-04-01 11:54:12,472 : INFO : EventManager : Event: ======'machine_var_audits_switches_s_b_rollover_misc'====== Args={'value': 4, 'prev_value': None, 'change': True}
2023-04-01 11:54:12,472 : INFO : EventManager : Event: ======'machine_var_audits_switches_s_b_target_left'====== Args={'value': 1, 'prev_value': None, 'change': True}
2023-04-01 11:54:12,472 : INFO : EventManager : Event: ======'machine_var_audits_switches_s_b_target_right'====== Args={'value': 2, 'prev_value': None, 'change': True}
2023-04-01 11:54:12,472 : INFO : EventManager : Event: ======'machine_var_audits_switches_s_drop_mid_center'====== Args={'value': 0, 'prev_value': None, 'change': True}
2023-04-01 11:54:12,472 : INFO : EventManager : Event: ======'machine_var_audits_switches_s_drop_mid_left'====== Args={'value': 0, 'prev_value': None, 'change': True}
2023-04-01 11:54:12,473 : INFO : EventManager : Event: ======'machine_var_audits_switches_s_drop_mid_right'====== Args={'value': 0, 'prev_value': None, 'change': True}
2023-04-01 11:54:12,473 : INFO : EventManager : Event: ======'machine_var_audits_switches_s_drop_right_left'====== Args={'value': 0, 'prev_value': None, 'change': True}
2023-04-01 11:54:12,473 : INFO : EventManager : Event: ======'machine_var_audits_switches_s_drop_right_right'====== Args={'value': 1, 'prev_value': None, 'change': True}
2023-04-01 11:54:12,473 : INFO : EventManager : Event: ======'machine_var_audits_switches_s_drop_scoop'====== Args={'value': 0, 'prev_value': None, 'change': True}
2023-04-01 11:54:12,473 : INFO : EventManager : Event: ======'machine_var_audits_switches_s_drop_single'====== Args={'value': 16, 'prev_value': None, 'change': True}
2023-04-01 11:54:12,473 : INFO : EventManager : Event: ======'machine_var_audits_switches_s_flip_left_eos'====== Args={'value': 1436, 'prev_value': None, 'change': True}
2023-04-01 11:54:12,473 : INFO : EventManager : Event: ======'machine_var_audits_switches_s_flip_left_top_eos'====== Args={'value': 72, 'prev_value': None, 'change': True}
2023-04-01 11:54:12,473 : INFO : EventManager : Event: ======'machine_var_audits_switches_s_flip_right_eos'====== Args={'value': 178, 'prev_value': None, 'change': True}
2023-04-01 11:54:12,474 : INFO : EventManager : Event: ======'machine_var_audits_switches_s_inlane_left'====== Args={'value': 0, 'prev_value': None, 'change': True}
2023-04-01 11:54:12,474 : INFO : EventManager : Event: ======'machine_var_audits_switches_s_inlane_right'====== Args={'value': 2, 'prev_value': None, 'change': True}
2023-04-01 11:54:12,474 : INFO : EventManager : Event: ======'machine_var_audits_switches_s_l_rollover'====== Args={'value': 1, 'prev_value': None, 'change': True}
2023-04-01 11:54:12,474 : INFO : EventManager : Event: ======'machine_var_audits_switches_s_l_target_far'====== Args={'value': 1, 'prev_value': None, 'change': True}
2023-04-01 11:54:12,474 : INFO : EventManager : Event: ======'machine_var_audits_switches_s_l_target_large'====== Args={'value': 1, 'prev_value': None, 'change': True}
2023-04-01 11:54:12,474 : INFO : EventManager : Event: ======'machine_var_audits_switches_s_l_target_left'====== Args={'value': 2, 'prev_value': None, 'change': True}
2023-04-01 11:54:12,475 : INFO : EventManager : Event: ======'machine_var_audits_switches_s_l_target_right'====== Args={'value': 1, 'prev_value': None, 'change': True}
2023-04-01 11:54:12,475 : INFO : EventManager : Event: ======'machine_var_audits_switches_s_l_vuk'====== Args={'value': 5, 'prev_value': None, 'change': True}
2023-04-01 11:54:12,475 : INFO : EventManager : Event: ======'machine_var_audits_switches_s_launch'====== Args={'value': 48, 'prev_value': None, 'change': True}
2023-04-01 11:54:12,475 : INFO : EventManager : Event: ======'machine_var_audits_switches_s_left_flipper_1'====== Args={'value': 99, 'prev_value': None, 'change': True}
2023-04-01 11:54:12,475 : INFO : EventManager : Event: ======'machine_var_audits_switches_s_left_flipper_2'====== Args={'value': 179, 'prev_value': None, 'change': True}
2023-04-01 11:54:12,475 : INFO : EventManager : Event: ======'machine_var_audits_switches_s_lock_1'====== Args={'value': 1, 'prev_value': None, 'change': True}
2023-04-01 11:54:12,476 : INFO : EventManager : Event: ======'machine_var_audits_switches_s_lock_2'====== Args={'value': 1, 'prev_value': None, 'change': True}
2023-04-01 11:54:12,476 : INFO : EventManager : Event: ======'machine_var_audits_switches_s_lock_3'====== Args={'value': 1, 'prev_value': None, 'change': True}
2023-04-01 11:54:12,476 : INFO : EventManager : Event: ======'machine_var_audits_switches_s_outlane_left'====== Args={'value': 0, 'prev_value': None, 'change': True}
2023-04-01 11:54:12,476 : INFO : EventManager : Event: ======'machine_var_audits_switches_s_outlane_right'====== Args={'value': 1, 'prev_value': None, 'change': True}
2023-04-01 11:54:12,477 : INFO : EventManager : Event: ======'machine_var_audits_switches_s_pop_left'====== Args={'value': 13, 'prev_value': None, 'change': True}
2023-04-01 11:54:12,477 : INFO : EventManager : Event: ======'machine_var_audits_switches_s_pop_lower'====== Args={'value': 26, 'prev_value': None, 'change': True}
2023-04-01 11:54:12,477 : INFO : EventManager : Event: ======'machine_var_audits_switches_s_pop_right'====== Args={'value': 30, 'prev_value': None, 'change': True}
2023-04-01 11:54:12,477 : INFO : EventManager : Event: ======'machine_var_audits_switches_s_right_flipper_1'====== Args={'value': 268, 'prev_value': None, 'change': True}
2023-04-01 11:54:12,478 : INFO : EventManager : Event: ======'machine_var_audits_switches_s_right_flipper_2'====== Args={'value': 553, 'prev_value': None, 'change': True}
2023-04-01 11:54:12,478 : INFO : EventManager : Event: ======'machine_var_audits_switches_s_rollover_left'====== Args={'value': 24, 'prev_value': None, 'change': True}
2023-04-01 11:54:12,478 : INFO : EventManager : Event: ======'machine_var_audits_switches_s_rollover_right'====== Args={'value': 480, 'prev_value': None, 'change': True}
2023-04-01 11:54:12,478 : INFO : EventManager : Event: ======'machine_var_audits_switches_s_sling_left'====== Args={'value': 5, 'prev_value': None, 'change': True}
2023-04-01 11:54:12,478 : INFO : EventManager : Event: ======'machine_var_audits_switches_s_sling_right'====== Args={'value': 13, 'prev_value': None, 'change': True}
2023-04-01 11:54:12,479 : INFO : EventManager : Event: ======'machine_var_audits_switches_s_start'====== Args={'value': 5, 'prev_value': None, 'change': True}
2023-04-01 11:54:12,479 : INFO : EventManager : Event: ======'machine_var_audits_switches_s_tilt'====== Args={'value': 1, 'prev_value': None, 'change': True}
2023-04-01 11:54:12,479 : INFO : EventManager : Event: ======'machine_var_audits_switches_s_trough_1'====== Args={'value': 0, 'prev_value': None, 'change': True}
2023-04-01 11:54:12,479 : INFO : EventManager : Event: ======'machine_var_audits_switches_s_trough_2'====== Args={'value': 16, 'prev_value': None, 'change': True}
2023-04-01 11:54:12,479 : INFO : EventManager : Event: ======'machine_var_audits_switches_s_trough_3'====== Args={'value': 14, 'prev_value': None, 'change': True}
2023-04-01 11:54:12,480 : INFO : EventManager : Event: ======'machine_var_audits_switches_s_trough_4'====== Args={'value': 16, 'prev_value': None, 'change': True}
2023-04-01 11:54:12,480 : INFO : EventManager : Event: ======'machine_var_audits_switches_s_trough_5'====== Args={'value': 12, 'prev_value': None, 'change': True}
2023-04-01 11:54:12,480 : INFO : EventManager : Event: ======'machine_var_audits_switches_s_trough_6'====== Args={'value': 11, 'prev_value': None, 'change': True}
2023-04-01 11:54:12,480 : INFO : EventManager : Event: ======'machine_var_audits_switches_s_trough_jam'====== Args={'value': 20, 'prev_value': None, 'change': True}
2023-04-01 11:54:12,480 : INFO : EventManager : Event: ======'machine_var_audits_switches_s_u_lane_l'====== Args={'value': 0, 'prev_value': None, 'change': True}
2023-04-01 11:54:12,481 : INFO : EventManager : Event: ======'machine_var_audits_switches_s_u_lane_r'====== Args={'value': 0, 'prev_value': None, 'change': True}
2023-04-01 11:54:12,481 : INFO : EventManager : Event: ======'machine_var_audits_switches_s_u_rollover'====== Args={'value': 0, 'prev_value': None, 'change': True}
2023-04-01 11:54:12,481 : INFO : EventManager : Event: ======'machine_var_audits_switches_s_u_target'====== Args={'value': 0, 'prev_value': None, 'change': True}
2023-04-01 11:54:12,481 : INFO : EventManager : Event: ======'machine_var_audits_switches_s_vuk_back'====== Args={'value': 39, 'prev_value': None, 'change': True}
2023-04-01 11:54:12,481 : INFO : EventManager : Event: ======'machine_var_audits_switches_s_vuk_right'====== Args={'value': 0, 'prev_value': None, 'change': True}
2023-04-01 11:54:12,497 : INFO : EventManager : Event: ======'init_phase_5'====== Args={}
2023-04-01 11:54:12,498 : INFO : EventManager : Event: ======'init_done'====== Args={}
2023-04-01 11:54:12,499 : INFO : EventManager : Event: ======'machine_reset_phase_1'====== Args={}
2023-04-01 11:54:12,499 : INFO : EventManager : Event: ======'machine_reset_phase_2'====== Args={}
2023-04-01 11:54:12,499 : INFO : EventManager : Event: ======'machine_reset_phase_3'====== Args={}
2023-04-01 11:54:12,500 : INFO : EventManager : Event: ======'reset_complete'====== Args={}
2023-04-01 11:54:12,500 : INFO : EventManager : Event: ======'mode_attract_will_start'====== Args={}
2023-04-01 11:54:12,501 : INFO : EventManager : Event: ======'mode_attract_starting'====== Args={}
2023-04-01 11:54:12,501 : INFO : Mode.attract : Started. Priority: 10
2023-04-01 11:54:12,501 : INFO : EventManager : Event: ======'modes_active_modes_changed'====== Args={}
2023-04-01 11:54:12,501 : INFO : EventManager : Event: ======'mode_attract_started'====== Args={}
2023-04-01 11:54:12,501 : INFO : EventManager : Event: ======'collecting_balls_complete'====== Args={}
2023-04-01 11:54:12,501 : INFO : Machine : Starting the main run loop.
2023-04-01 11:54:20,754 : INFO : SwitchController : <<<<<<< 's_autolauncher' active >>>>>>>
2023-04-01 11:54:21,254 : INFO : EventManager : Event: ======'balldevice_bd_plunger_ball_count_changed'====== Args={'balls': 1}
2023-04-01 11:54:21,254 : INFO : ball_device.bd_plunger : Received unexpected ball
2023-04-01 11:54:21,254 : INFO : EventManager : Event: ======'balldevice_captured_from_playfield'====== Args={'balls': 1}
2023-04-01 11:54:21,254 : INFO : EventManager : Event: ======'sw_playfield_active'====== Args={'balls': 1}
2023-04-01 11:54:21,254 : INFO : EventManager : Event: ======'playfield_active'====== Args={}
2023-04-01 11:54:21,254 : INFO : EventManager : Event: ======'unexpected_ball_on_playfield'====== Args={}
2023-04-01 11:54:21,254 : INFO : EventManager : Event: ======'playfield_ball_count_change'====== Args={'balls': -1, 'change': -1}
2023-04-01 11:54:21,255 : INFO : EventManager : Event: ======'balldevice_playfield_ball_enter'====== Args={'new_balls': 1, 'unclaimed_balls': 1, 'device': <playfield.playfield>}
2023-04-01 11:54:21,255 : INFO : EventManager : Event: ======'playfield_ball_count_change'====== Args={'balls': 0, 'change': 1}
2023-04-01 11:54:21,255 : INFO : BallController : Found a new ball which was captured from playfield. Known balls: 5
2023-04-01 11:54:21,255 : INFO : EventManager : Event: ======'found_new_ball'====== Args={}
2023-04-01 11:54:21,255 : INFO : EventManager : Event: ======'balldevice_bd_plunger_ball_enter'====== Args={'new_balls': 1, 'unclaimed_balls': 1, 'new_available_balls': 1, 'device': <ball_device.bd_plunger>}
2023-04-01 11:54:21,255 : INFO : ball_device.bd_plunger : Ejecting 1 unexpected balls using path deque([<ball_device.bd_plunger>, <ball_device.bd_vuk_back>, <playfield.playfield>])
2023-04-01 11:54:21,256 : INFO : EventManager : Event: ======'balldevice_balls_available'====== Args={}
2023-04-01 11:54:21,256 : INFO : EventManager : Event: ======'balldevice_balls_available'====== Args={}
2023-04-01 11:54:21,256 : INFO : EventManager : Event: ======'balldevice_bd_plunger_ball_entered'====== Args={'new_balls': 1, 'device': <ball_device.bd_plunger>}
2023-04-01 11:54:21,256 : INFO : ball_device.bd_plunger : State: waiting_for_target_ready
2023-04-01 11:54:21,257 : INFO : EventManager : Event: ======'balldevice_bd_plunger_ball_eject_attempt'====== Args={'balls': 1, 'target': <ball_device.bd_vuk_back>, 'source': <ball_device.bd_plunger>, 'mechanical_eject': False, 'num_attempts': 0}
2023-04-01 11:54:21,257 : INFO : ball_device.bd_vuk_back : State: waiting_for_ball
2023-04-01 11:54:21,257 : INFO : ball_device.bd_plunger : State: ejecting
2023-04-01 11:54:21,257 : INFO : ball_device.bd_plunger : Ejecting ball to <ball_device.bd_vuk_back>
2023-04-01 11:54:21,257 : INFO : EventManager : Event: ======'balldevice_bd_plunger_ejecting_ball'====== Args={'balls': 1, 'target': <ball_device.bd_vuk_back>, 'source': <ball_device.bd_plunger>, 'mechanical_eject': False, 'num_attempts': 0}
2023-04-01 11:54:21,258 : INFO : ball_device.bd_plunger : Wait for ball to leave device
2023-04-01 11:54:21,258 : INFO : coil.c_autolauncher : Pulsing Driver for 19ms (0.9 pulse_power)
2023-04-01 11:54:21,297 : INFO : SwitchController : <<<<<<< 's_autolauncher' inactive >>>>>>>
2023-04-01 11:54:21,297 : INFO : SwitchController : <<<<<<< 's_flip_left_eos' active >>>>>>>
2023-04-01 11:54:21,298 : INFO : ball_device.bd_plunger : State: ball_left
2023-04-01 11:54:21,298 : INFO : ball_device.bd_plunger : Ball left
2023-04-01 11:54:21,298 : INFO : ball_device.bd_plunger : Wait for confirm with timeout 2.0
2023-04-01 11:54:21,304 : INFO : SwitchController : <<<<<<< 's_flip_left_eos' inactive >>>>>>>
2023-04-01 11:54:21,319 : INFO : BcpServer : New client connected.
2023-04-01 11:54:21,905 : INFO : SwitchController : <<<<<<< 's_vuk_back' active >>>>>>>
2023-04-01 11:54:22,405 : INFO : ball_device.bd_vuk_back : Received ball from <ball_device.bd_plunger>
2023-04-01 11:54:22,406 : INFO : EventManager : Event: ======'balldevice_bd_vuk_back_ball_enter'====== Args={'new_balls': 1, 'unclaimed_balls': 0, 'new_available_balls': 0, 'device': <ball_device.bd_vuk_back>}
2023-04-01 11:54:22,406 : INFO : EventManager : Event: ======'balldevice_bd_vuk_back_ball_entered'====== Args={'new_balls': 0, 'device': <ball_device.bd_vuk_back>}
2023-04-01 11:54:22,407 : INFO : EventManager : Event: ======'balldevice_bd_vuk_back_ball_count_changed'====== Args={'balls': 1}
2023-04-01 11:54:22,407 : INFO : ball_device.bd_plunger : Got eject confirm
2023-04-01 11:54:22,407 : INFO : ball_device.bd_plunger : Eject successful
2023-04-01 11:54:22,407 : INFO : EventManager : Event: ======'balldevice_bd_plunger_ball_eject_success'====== Args={'balls': 1, 'target': <ball_device.bd_vuk_back>}
2023-04-01 11:54:22,407 : INFO : EventManager : Event: ======'balldevice_bd_plunger_ball_count_changed'====== Args={'balls': 0}
2023-04-01 11:54:22,408 : INFO : ball_device.bd_plunger : State: idle
2023-04-01 11:54:22,408 : INFO : ball_device.bd_vuk_back : State: waiting_for_target_ready
2023-04-01 11:54:22,408 : INFO : EventManager : Event: ======'balldevice_bd_vuk_back_ball_eject_attempt'====== Args={'balls': 1, 'target': <playfield.playfield>, 'source': <ball_device.bd_vuk_back>, 'mechanical_eject': False, 'num_attempts': 0}
2023-04-01 11:54:22,409 : INFO : ball_device.bd_vuk_back : State: ejecting
2023-04-01 11:54:22,409 : INFO : ball_device.bd_vuk_back : Ejecting ball to <playfield.playfield>
2023-04-01 11:54:22,409 : INFO : EventManager : Event: ======'balldevice_bd_vuk_back_ejecting_ball'====== Args={'balls': 1, 'target': <playfield.playfield>, 'source': <ball_device.bd_vuk_back>, 'mechanical_eject': False, 'num_attempts': 0}
2023-04-01 11:54:22,410 : INFO : ball_device.bd_vuk_back : Wait for ball to leave device
2023-04-01 11:54:22,410 : INFO : coil.c_vuk_back : Pulsing Driver for 40ms (1.0 pulse_power)
2023-04-01 11:54:22,482 : INFO : SwitchController : <<<<<<< 's_vuk_back' inactive >>>>>>>
2023-04-01 11:54:22,482 : INFO : ball_device.bd_vuk_back : State: ball_left
2023-04-01 11:54:22,482 : INFO : ball_device.bd_vuk_back : Ball left
2023-04-01 11:54:22,482 : INFO : ball_device.bd_vuk_back : Wait for confirm with timeout 2.0
2023-04-01 11:54:22,604 : INFO : SwitchController : <<<<<<< 's_b_eos' active >>>>>>>
2023-04-01 11:54:24,483 : INFO : ball_device.bd_vuk_back : State: failed_confirm
2023-04-01 11:54:24,484 : INFO : ball_device.bd_vuk_back : Got timeout (2.0s) before confirm from <playfield.playfield>
2023-04-01 11:54:24,585 : INFO : ball_device.bd_vuk_back : Confirming eject because target is playfield and ball did not return.
2023-04-01 11:54:24,585 : INFO : ball_device.bd_vuk_back : Eject successful
2023-04-01 11:54:24,585 : INFO : EventManager : Event: ======'balldevice_bd_vuk_back_ball_eject_success'====== Args={'balls': 1, 'target': <playfield.playfield>}
2023-04-01 11:54:24,586 : INFO : EventManager : Event: ======'balldevice_playfield_ball_enter'====== Args={'new_balls': 1, 'unclaimed_balls': 1, 'device': <playfield.playfield>}
2023-04-01 11:54:24,586 : INFO : EventManager : Event: ======'playfield_ball_count_change'====== Args={'balls': 1, 'change': 1}
2023-04-01 11:54:24,587 : INFO : EventManager : Event: ======'balldevice_bd_vuk_back_ball_count_changed'====== Args={'balls': 0}
2023-04-01 11:54:24,587 : INFO : ball_device.bd_vuk_back : State: idle
2023-04-01 11:54:24,590 : INFO : SwitchController : <<<<<<< 's_flip_left_eos' active >>>>>>>
2023-04-01 11:54:24,593 : INFO : SwitchController : <<<<<<< 's_flip_left_eos' inactive >>>>>>>
2023-04-01 11:54:26,277 : INFO : SwitchController : <<<<<<< 's_trough_6' active >>>>>>>
2023-04-01 11:54:26,390 : INFO : SwitchController : <<<<<<< 's_trough_6' inactive >>>>>>>
2023-04-01 11:54:26,461 : INFO : SwitchController : <<<<<<< 's_trough_5' active >>>>>>>
2023-04-01 11:54:26,961 : INFO : EventManager : Event: ======'balldevice_bd_trough_ball_count_changed'====== Args={'balls': 5}
2023-04-01 11:54:26,962 : INFO : ball_device.bd_trough : Received unexpected ball
2023-04-01 11:54:26,962 : INFO : EventManager : Event: ======'balldevice_captured_from_playfield'====== Args={'balls': 1}
2023-04-01 11:54:26,962 : INFO : EventManager : Event: ======'sw_playfield_active'====== Args={'balls': 1}
2023-04-01 11:54:26,962 : INFO : EventManager : Event: ======'playfield_ball_count_change'====== Args={'balls': 0, 'change': -1}
2023-04-01 11:54:26,963 : INFO : EventManager : Event: ======'balldevice_bd_trough_ball_enter'====== Args={'new_balls': 1, 'unclaimed_balls': 1, 'new_available_balls': 1, 'device': <ball_device.bd_trough>}
2023-04-01 11:54:26,963 : INFO : EventManager : Event: ======'ball_drain'====== Args={'device': <ball_device.bd_trough>, 'balls': 1}
2023-04-01 11:54:26,964 : INFO : EventManager : Event: ======'balldevice_balls_available'====== Args={}
2023-04-01 11:54:26,964 : INFO : EventManager : Event: ======'balldevice_bd_trough_ball_entered'====== Args={'new_balls': 1, 'device': <ball_device.bd_trough>}
2023-04-01 11:54:28,168 : INFO : SwitchController : <<<<<<< 's_start' active >>>>>>>
2023-04-01 11:54:28,327 : INFO : SwitchController : <<<<<<< 's_start' inactive >>>>>>>
2023-04-01 11:54:28,327 : INFO : EventManager : Event: ======'request_to_start_game'====== Args={}
2023-04-01 11:54:28,328 : INFO : EventManager : Event: ======'game_start'====== Args={'buttons': [], 'hold_time': 0.15999999991618097}
2023-04-01 11:54:28,328 : INFO : EventManager : Event: ======'mode_game_will_start'====== Args={'buttons': [], 'hold_time': 0.15999999991618097}
2023-04-01 11:54:28,329 : INFO : EventManager : Event: ======'mode_game_starting'====== Args={'buttons': [], 'hold_time': 0.15999999991618097}
2023-04-01 11:54:28,329 : INFO : EventManager : Event: ======'mode_attract_will_stop'====== Args={}
2023-04-01 11:54:28,329 : INFO : EventManager : Event: ======'mode_attract_stopping'====== Args={}
2023-04-01 11:54:28,330 : INFO : Mode.attract : Stopped.
2023-04-01 11:54:28,330 : INFO : EventManager : Event: ======'modes_active_modes_changed'====== Args={}
2023-04-01 11:54:28,330 : INFO : EventManager : Event: ======'mode_attract_stopped'====== Args={}
2023-04-01 11:54:28,330 : INFO : EventManager : Event: ======'clear'====== Args={'key': 'attract'}
2023-04-01 11:54:28,330 : INFO : Mode.game : Started. Priority: 20
2023-04-01 11:54:28,330 : INFO : EventManager : Event: ======'modes_active_modes_changed'====== Args={}
2023-04-01 11:54:28,330 : INFO : EventManager : Event: ======'mode_game_started'====== Args={'buttons': [], 'hold_time': 0.15999999991618097}
2023-04-01 11:54:28,331 : INFO : EventManager : Event: ======'game_will_start'====== Args={}
2023-04-01 11:54:28,332 : INFO : EventManager : Event: ======'game_starting'====== Args={'game': <Mode.game>}
2023-04-01 11:54:28,332 : INFO : EventManager : Event: ======'player_add_request'====== Args={}
2023-04-01 11:54:28,332 : INFO : EventManager : Event: ======'player_will_add'====== Args={'number': 1}
2023-04-01 11:54:28,333 : INFO : EventManager : Event: ======'player_adding'====== Args={'player': <Player 1>, 'number': 1}
2023-04-01 11:54:28,333 : INFO : EventManager : Event: ======'player_added'====== Args={'player': <Player 1>, 'num': 1}
2023-04-01 11:54:28,333 : INFO : Mode.game : Player added successfully. Total players: 1
2023-04-01 11:54:28,333 : INFO : EventManager : Event: ======'player_index'====== Args={'value': 0, 'prev_value': 0, 'change': 0, 'player_num': 1}
2023-04-01 11:54:28,333 : INFO : EventManager : Event: ======'player_number'====== Args={'value': 1, 'prev_value': 1, 'change': 0, 'player_num': 1}
2023-04-01 11:54:28,333 : INFO : EventManager : Event: ======'player_score'====== Args={'value': 0, 'prev_value': 0, 'change': 0, 'player_num': 1}
2023-04-01 11:54:28,334 : INFO : EventManager : Event: ======'game_started'====== Args={}
2023-04-01 11:54:28,341 : INFO : EventManager : Event: ======'player_turn_will_start'====== Args={'player': <Player 1>, 'number': 1}
2023-04-01 11:54:28,353 : INFO : EventManager : Event: ======'player_turn_starting'====== Args={'player': <Player 1>, 'number': 1}
2023-04-01 11:54:28,354 : INFO : EventManager : Event: ======'player_ball'====== Args={'value': 1, 'prev_value': 0, 'change': 1, 'player_num': 1}
2023-04-01 11:54:28,354 : INFO : EventManager : Event: ======'player_turn_started'====== Args={'player': <Player 1>, 'number': 1}
2023-04-01 11:54:28,355 : INFO : EventManager : Event: ======'ball_will_start'====== Args={'player': 1, 'ball': 1, 'balls_remaining': 2, 'is_extra_ball': False}
2023-04-01 11:54:28,355 : INFO : EventManager : Event: ======'ball_starting'====== Args={'player': 1, 'ball': 1, 'balls_remaining': 2, 'is_extra_ball': False}
2023-04-01 11:54:28,356 : INFO : EventManager : Event: ======'balls_in_play'====== Args={'balls': 1}
2023-04-01 11:54:28,356 : INFO : EventManager : Event: ======'ball_started'====== Args={'player': 1, 'ball': 1, 'balls_remaining': 2, 'is_extra_ball': False}
2023-04-01 11:54:28,356 : INFO : drop_target_bank.single_main : All targets are already up. Will not reset bank.
2023-04-01 11:54:28,356 : INFO : drop_target_bank.mid : All targets are already up. Will not reset bank.
2023-04-01 11:54:28,356 : INFO : drop_target_bank.right : All targets are already up. Will not reset bank.
2023-04-01 11:54:28,358 : INFO : EventManager : Event: ======'single_player_ball_started'====== Args={}
2023-04-01 11:54:28,359 : INFO : EventManager : Event: ======'ball_start_target'====== Args={'target': 'playfield'}
2023-04-01 11:54:28,359 : INFO : ball_device.bd_plunger : Setting up player-controlled eject. Balls: 1, Target: <playfield.playfield>, player_controlled_eject_event: s_launch_active
2023-04-01 11:54:28,359 : INFO : EventManager : Event: ======'balldevice_balls_available'====== Args={}
2023-04-01 11:54:28,361 : INFO : ball_device.bd_trough : State: waiting_for_target_ready
2023-04-01 11:54:28,361 : INFO : EventManager : Event: ======'balldevice_bd_trough_ball_eject_attempt'====== Args={'balls': 1, 'target': <ball_device.bd_plunger>, 'source': <ball_device.bd_trough>, 'mechanical_eject': True, 'num_attempts': 0}
2023-04-01 11:54:28,361 : INFO : ball_device.bd_plunger : State: waiting_for_ball
2023-04-01 11:54:28,361 : INFO : ball_device.bd_vuk_back : State: waiting_for_ball
2023-04-01 11:54:28,361 : INFO : ball_device.bd_trough : State: ejecting
2023-04-01 11:54:28,362 : INFO : ball_device.bd_trough : Ejecting ball to <ball_device.bd_plunger>
2023-04-01 11:54:28,362 : INFO : EventManager : Event: ======'balldevice_bd_trough_ejecting_ball'====== Args={'balls': 1, 'target': <ball_device.bd_plunger>, 'source': <ball_device.bd_trough>, 'mechanical_eject': True, 'num_attempts': 0}
2023-04-01 11:54:28,362 : INFO : ball_device.bd_trough : Wait for ball to leave device
2023-04-01 11:54:28,363 : INFO : coil.c_trough : Pulsing Driver for 15ms (0.8 pulse_power)
2023-04-01 11:54:28,420 : INFO : SwitchController : <<<<<<< 's_trough_jam' active >>>>>>>
2023-04-01 11:54:28,420 : INFO : EventManager : Event: ======'machine_var_audits_switches_s_trough_jam'====== Args={'value': 21, 'prev_value': 20, 'change': 1}
2023-04-01 11:54:28,440 : INFO : SwitchController : <<<<<<< 's_trough_jam' inactive >>>>>>>
2023-04-01 11:54:28,460 : INFO : SwitchController : <<<<<<< 's_flip_left_eos' active >>>>>>>
2023-04-01 11:54:28,460 : INFO : EventManager : Event: ======'machine_var_audits_switches_s_flip_left_eos'====== Args={'value': 1437, 'prev_value': 1436, 'change': 1}
2023-04-01 11:54:28,461 : INFO : SwitchController : <<<<<<< 's_flip_left_eos' inactive >>>>>>>
2023-04-01 11:54:28,466 : INFO : SwitchController : <<<<<<< 's_flip_left_eos' active >>>>>>>
2023-04-01 11:54:28,466 : INFO : EventManager : Event: ======'machine_var_audits_switches_s_flip_left_eos'====== Args={'value': 1438, 'prev_value': 1437, 'change': 1}
2023-04-01 11:54:28,468 : INFO : SwitchController : <<<<<<< 's_flip_left_eos' inactive >>>>>>>
2023-04-01 11:54:28,483 : INFO : SwitchController : <<<<<<< 's_flip_left_eos' active >>>>>>>
2023-04-01 11:54:28,483 : INFO : EventManager : Event: ======'machine_var_audits_switches_s_flip_left_eos'====== Args={'value': 1439, 'prev_value': 1438, 'change': 1}
2023-04-01 11:54:28,483 : INFO : SwitchController : <<<<<<< 's_flip_left_eos' inactive >>>>>>>
2023-04-01 11:54:28,492 : INFO : SwitchController : <<<<<<< 's_flip_left_eos' active >>>>>>>
2023-04-01 11:54:28,492 : INFO : EventManager : Event: ======'machine_var_audits_switches_s_flip_left_eos'====== Args={'value': 1440, 'prev_value': 1439, 'change': 1}
2023-04-01 11:54:28,504 : INFO : SwitchController : <<<<<<< 's_flip_left_eos' inactive >>>>>>>
2023-04-01 11:54:28,505 : INFO : SwitchController : <<<<<<< 's_flip_left_eos' active >>>>>>>
2023-04-01 11:54:28,505 : INFO : EventManager : Event: ======'machine_var_audits_switches_s_flip_left_eos'====== Args={'value': 1441, 'prev_value': 1440, 'change': 1}
2023-04-01 11:54:28,505 : INFO : SwitchController : <<<<<<< 's_flip_left_eos' inactive >>>>>>>
2023-04-01 11:54:28,597 : INFO : SwitchController : <<<<<<< 's_trough_3' inactive >>>>>>>
2023-04-01 11:54:28,597 : INFO : ball_device.bd_trough : State: ball_left
2023-04-01 11:54:28,597 : INFO : ball_device.bd_trough : Ball left
2023-04-01 11:54:28,597 : INFO : ball_device.bd_trough : Wait for confirm with timeout 10.0
2023-04-01 11:54:28,605 : INFO : SwitchController : <<<<<<< 's_trough_4' inactive >>>>>>>
2023-04-01 11:54:28,618 : INFO : SwitchController : <<<<<<< 's_trough_2' inactive >>>>>>>
2023-04-01 11:54:28,639 : INFO : SwitchController : <<<<<<< 's_trough_5' inactive >>>>>>>
2023-04-01 11:54:28,732 : INFO : SwitchController : <<<<<<< 's_trough_2' active >>>>>>>
2023-04-01 11:54:28,733 : INFO : EventManager : Event: ======'machine_var_audits_switches_s_trough_2'====== Args={'value': 17, 'prev_value': 16, 'change': 1}
2023-04-01 11:54:28,754 : INFO : SwitchController : <<<<<<< 's_trough_3' active >>>>>>>
2023-04-01 11:54:28,755 : INFO : EventManager : Event: ======'machine_var_audits_switches_s_trough_3'====== Args={'value': 15, 'prev_value': 14, 'change': 1}
2023-04-01 11:54:28,763 : INFO : SwitchController : <<<<<<< 's_trough_4' active >>>>>>>
2023-04-01 11:54:28,763 : INFO : EventManager : Event: ======'machine_var_audits_switches_s_trough_4'====== Args={'value': 17, 'prev_value': 16, 'change': 1}
2023-04-01 11:54:38,599 : INFO : ball_device.bd_trough : State: failed_confirm
2023-04-01 11:54:38,599 : INFO : ball_device.bd_trough : Got timeout (10.0s) before confirm from <ball_device.bd_plunger>
2023-04-01 11:54:46,036 : INFO : Machine : Shutting down...
2023-04-01 11:54:46,037 : INFO : EventManager : Event: ======'shutdown'====== Args={}
2023-04-01 11:54:46,037 : INFO : EventManager : Event: ======'mode_game_will_stop'====== Args={}
2023-04-01 11:54:46,037 : INFO : EventManager : Event: ======'mode_game_stopping'====== Args={}
2023-04-01 11:54:46,038 : INFO : Mode.game : Stopped.
2023-04-01 11:54:46,038 : INFO : EventManager : Event: ======'modes_active_modes_changed'====== Args={}
2023-04-01 11:54:46,038 : INFO : EventManager : Event: ======'mode_game_stopped'====== Args={}
2023-04-01 11:54:46,038 : INFO : EventManager : Event: ======'clear'====== Args={'key': 'game'}
2023-04-01 11:54:46,150 : INFO : root : MPF run loop ended.
