2023-04-01 14:31:36,527 : INFO : root : Loading config.
2023-04-01 14:31:36,933 : INFO : ConfigProcessor : Config spec file cache created: /var/folders/0y/x6b2lmrx6vq3nhkjncz48nhc0000gn/T/config_spec.mpf_cache
2023-04-01 14:31:36,933 : INFO : YamlMultifileConfigLoader : Machine config file #1: config.yaml
2023-04-01 14:31:36,934 : INFO : ConfigProcessor : Loading config from cache: /var/folders/0y/x6b2lmrx6vq3nhkjncz48nhc0000gn/T/28c67afebeedf0bcd540f5dc9898a885.mpf_cache
2023-04-01 14:31:36,978 : INFO : ConfigProcessor : Loading config from cache: /var/folders/0y/x6b2lmrx6vq3nhkjncz48nhc0000gn/T/03cea1619b79a61f4f0eef3c59cdaa46.mpf_cache
2023-04-01 14:31:36,979 : INFO : ConfigProcessor : Loading config from cache: /var/folders/0y/x6b2lmrx6vq3nhkjncz48nhc0000gn/T/d3948d842c6309f14ab557c3c72320d0.mpf_cache
2023-04-01 14:31:36,979 : INFO : ConfigProcessor : Loading config from cache: /var/folders/0y/x6b2lmrx6vq3nhkjncz48nhc0000gn/T/a37a2141962f60258a07880b3484644a.mpf_cache
2023-04-01 14:31:36,980 : INFO : ConfigProcessor : Loading config from cache: /var/folders/0y/x6b2lmrx6vq3nhkjncz48nhc0000gn/T/1abbb484e5c2eb8b7dba517683fc6f83.mpf_cache
2023-04-01 14:31:36,980 : INFO : Machine : Mission Pinball Framework Core Engine v0.56.1.dev4
2023-04-01 14:31:36,980 : INFO : Machine : Command line arguments: {'no_load_cache': False, 'create_config_cache': True, 'bcp': False, 'configfile': ['config.yaml'], 'force_assets_load': False, 'jsonlogging': False, 'logfile': 'logs/2023-04-01-14-31-36-mpf-Tanners-MacBook-Pro-2.local.log', 'pause': False, 'production': False, 'text_ui': True, 'loglevel': 15, 'consoleloglevel': 20, 'force_platform': None, 'syslog_address': None, 'mc_file_name': None, 'no_sound': False}
2023-04-01 14:31:36,980 : INFO : Machine : MPF path: /Users/tpetch/.local/pipx/venvs/mpf/lib/python3.9/site-packages/mpf
2023-04-01 14:31:36,980 : INFO : Machine : Machine path: /Users/tpetch/Documents/trashland_3
2023-04-01 14:31:36,980 : INFO : Machine : Platform: darwin
2023-04-01 14:31:36,980 : INFO : Machine : Python executable location: /Users/tpetch/.local/pipx/venvs/mpf/bin/python
2023-04-01 14:31:36,980 : INFO : Machine : Python version: 3.9.13 (64-bit)
2023-04-01 14:31:36,986 : INFO : Machine : Initialise MPF.
2023-04-01 14:31:37,042 : INFO : [NET] : Trying to connect to /dev/tty.usbmodem141401 at 921600bps
2023-04-01 14:31:37,049 : INFO : [NET] : Connected to /dev/tty.usbmodem141401 at 921600bps
2023-04-01 14:31:37,062 : INFO : [NET] : Connected to FP-CPU-2000 with firmware v02.06
2023-04-01 14:31:37,062 : INFO : EventManager : Event: ======'machine_var_fast_net_firmware'====== Args={'value': '02.06', 'prev_value': None, 'change': True}
2023-04-01 14:31:37,062 : INFO : EventManager : Event: ======'machine_var_fast_net_model'====== Args={'value': 'FP-CPU-2000', 'prev_value': None, 'change': True}
2023-04-01 14:31:37,064 : INFO : [NET] : Registered I/O Board 0: Model: FP-I/O-0804, Firmware: 01.09, Switches: 8, Drivers: 4
2023-04-01 14:31:37,065 : INFO : [NET] : Registered I/O Board 1: Model: FP-I/O-0804, Firmware: 01.09, Switches: 8, Drivers: 4
2023-04-01 14:31:37,067 : INFO : [NET] : Registered I/O Board 2: Model: FP-I/O-3208, Firmware: 01.09, Switches: 32, Drivers: 8
2023-04-01 14:31:37,068 : INFO : [NET] : Registered I/O Board 3: Model: FP-I/O-1616, Firmware: 01.09, Switches: 16, Drivers: 16
2023-04-01 14:31:37,069 : INFO : [NET] : Registered I/O Board 4: Model: FP-I/O-3208, Firmware: 01.09, Switches: 32, Drivers: 8
2023-04-01 14:31:37,071 : INFO : [EXP] : Trying to connect to /dev/tty.usbmodem141403 at 921600bps
2023-04-01 14:31:37,076 : INFO : [EXP] : Connected to /dev/tty.usbmodem141403 at 921600bps
2023-04-01 14:31:37,082 : INFO : EventManager : Event: ======'machine_var_credits_string'====== Args={'value': 'FREE PLAY', 'prev_value': None, 'change': True}
2023-04-01 14:31:37,109 : INFO : EventManager : Event: ======'machine_var_master_volume'====== Args={'value': 0.5, 'prev_value': None, 'change': True}
2023-04-01 14:31:37,109 : INFO : EventManager : Event: ======'machine_var_player1_score'====== Args={'value': 0, 'prev_value': None, 'change': True}
2023-04-01 14:31:37,109 : INFO : EventManager : Event: ======'machine_var_mpf_version'====== Args={'value': 'MPF v0.56.1.dev4', 'prev_value': None, 'change': True}
2023-04-01 14:31:37,109 : INFO : EventManager : Event: ======'machine_var_mpf_extended_version'====== Args={'value': 'MPF v0.56.1.dev4, Config version:5, Show version: 5, BCP version:1.1', 'prev_value': None, 'change': True}
2023-04-01 14:31:37,109 : INFO : EventManager : Event: ======'machine_var_python_version'====== Args={'value': '3.9.13', 'prev_value': None, 'change': True}
2023-04-01 14:31:37,119 : INFO : EventManager : Event: ======'machine_var_platform'====== Args={'value': 'macOS-10.16-x86_64-i386-64bit', 'prev_value': None, 'change': True}
2023-04-01 14:31:37,119 : INFO : EventManager : Event: ======'machine_var_platform_system'====== Args={'value': 'Darwin', 'prev_value': None, 'change': True}
2023-04-01 14:31:37,119 : INFO : EventManager : Event: ======'machine_var_platform_release'====== Args={'value': '22.2.0', 'prev_value': None, 'change': True}
2023-04-01 14:31:37,120 : INFO : EventManager : Event: ======'machine_var_platform_version'====== Args={'value': 'Darwin Kernel Version 22.2.0: Fri Nov 11 02:08:47 PST 2022; root:xnu-8792.61.2~4/RELEASE_X86_64', 'prev_value': None, 'change': True}
2023-04-01 14:31:37,120 : INFO : EventManager : Event: ======'machine_var_platform_machine'====== Args={'value': 'x86_64', 'prev_value': None, 'change': True}
2023-04-01 14:31:37,120 : INFO : EventManager : Event: ======'init_phase_1'====== Args={}
2023-04-01 14:31:37,188 : INFO : EventManager : Event: ======'drop_target_bank_single_main_up'====== Args={}
2023-04-01 14:31:37,188 : INFO : EventManager : Event: ======'drop_target_bank_mid_up'====== Args={}
2023-04-01 14:31:37,188 : INFO : EventManager : Event: ======'drop_target_bank_right_up'====== Args={}
2023-04-01 14:31:37,189 : INFO : EventManager : Event: ======'init_phase_2'====== Args={}
2023-04-01 14:31:37,190 : INFO : SwitchController : Found active switch: (('1D', 0), <Platform.FAST>) <switch.s_trough_1>
2023-04-01 14:31:37,190 : INFO : SwitchController : Found active switch: (('1C', 0), <Platform.FAST>) <switch.s_trough_2>
2023-04-01 14:31:37,190 : INFO : SwitchController : Found active switch: (('1B', 0), <Platform.FAST>) <switch.s_trough_3>
2023-04-01 14:31:37,190 : INFO : SwitchController : Found active switch: (('1A', 0), <Platform.FAST>) <switch.s_trough_4>
2023-04-01 14:31:37,190 : INFO : SwitchController : Found active switch: (('19', 0), <Platform.FAST>) <switch.s_trough_5>
2023-04-01 14:31:37,190 : INFO : SwitchController : Found active switch: (('18', 0), <Platform.FAST>) <switch.s_trough_6>
2023-04-01 14:31:37,190 : INFO : SwitchController : Found active switch: (('34', 0), <Platform.FAST>) <switch.s_drop_scoop>
2023-04-01 14:31:37,190 : INFO : SwitchController : Found active switch: (('4B', 0), <Platform.FAST>) <switch.s_u_lane_l>
2023-04-01 14:31:37,197 : INFO : ball_device.bd_vuk_back : BCH: Initial count: 0
2023-04-01 14:31:37,197 : INFO : ball_device.bd_vuk_back : State: idle
2023-04-01 14:31:37,197 : INFO : ball_device.bd_vuk_right : BCH: Initial count: 0
2023-04-01 14:31:37,198 : INFO : ball_device.bd_vuk_right : State: idle
2023-04-01 14:31:37,198 : INFO : ball_device.bd_b_lock : BCH: Initial count: 0
2023-04-01 14:31:37,198 : INFO : ball_device.bd_b_lock : State: idle
2023-04-01 14:31:37,199 : INFO : ball_device.bd_vuk_bot : BCH: Initial count: 0
2023-04-01 14:31:37,199 : INFO : ball_device.bd_vuk_bot : State: idle
2023-04-01 14:31:37,199 : INFO : ball_device.bd_trough : BCH: Initial count: 5
2023-04-01 14:31:37,200 : INFO : ball_device.bd_trough : State: idle
2023-04-01 14:31:37,200 : INFO : ball_device.bd_plunger : BCH: Initial count: 0
2023-04-01 14:31:37,200 : INFO : ball_device.bd_plunger : State: idle
2023-04-01 14:31:37,214 : INFO : EventManager : Event: ======'init_phase_3'====== Args={}
2023-04-01 14:31:37,223 : INFO : EventManager : Event: ======'init_phase_4'====== Args={}
2023-04-01 14:31:37,223 : INFO : BallController : Initial balls found: 5
2023-04-01 14:31:37,225 : INFO : EventManager : Event: ======'machine_var_audits_events_game_ended'====== Args={'value': 10, 'prev_value': None, 'change': True}
2023-04-01 14:31:37,225 : INFO : EventManager : Event: ======'machine_var_audits_events_game_started'====== Args={'value': 39, 'prev_value': None, 'change': True}
2023-04-01 14:31:37,226 : INFO : EventManager : Event: ======'machine_var_audits_player_score'====== Args={'value': {'average': 0.0, 'top': [0, 0, 0, 0, 0, 0, 0, 0, 0, 0], 'total': 10}, 'prev_value': None, 'change': True}
2023-04-01 14:31:37,226 : INFO : EventManager : Event: ======'machine_var_audits_switches_s_autolauncher'====== Args={'value': 166, 'prev_value': None, 'change': True}
2023-04-01 14:31:37,226 : INFO : EventManager : Event: ======'machine_var_audits_switches_s_b_eos'====== Args={'value': 548, 'prev_value': None, 'change': True}
2023-04-01 14:31:37,226 : INFO : EventManager : Event: ======'machine_var_audits_switches_s_b_pop'====== Args={'value': 99, 'prev_value': None, 'change': True}
2023-04-01 14:31:37,226 : INFO : EventManager : Event: ======'machine_var_audits_switches_s_b_rollover_interchange'====== Args={'value': 3, 'prev_value': None, 'change': True}
2023-04-01 14:31:37,226 : INFO : EventManager : Event: ======'machine_var_audits_switches_s_b_rollover_loop'====== Args={'value': 4, 'prev_value': None, 'change': True}
2023-04-01 14:31:37,226 : INFO : EventManager : Event: ======'machine_var_audits_switches_s_b_rollover_misc'====== Args={'value': 13, 'prev_value': None, 'change': True}
2023-04-01 14:31:37,226 : INFO : EventManager : Event: ======'machine_var_audits_switches_s_b_target_left'====== Args={'value': 2, 'prev_value': None, 'change': True}
2023-04-01 14:31:37,227 : INFO : EventManager : Event: ======'machine_var_audits_switches_s_b_target_right'====== Args={'value': 4, 'prev_value': None, 'change': True}
2023-04-01 14:31:37,227 : INFO : EventManager : Event: ======'machine_var_audits_switches_s_drop_mid_center'====== Args={'value': 12, 'prev_value': None, 'change': True}
2023-04-01 14:31:37,227 : INFO : EventManager : Event: ======'machine_var_audits_switches_s_drop_mid_left'====== Args={'value': 19, 'prev_value': None, 'change': True}
2023-04-01 14:31:37,227 : INFO : EventManager : Event: ======'machine_var_audits_switches_s_drop_mid_right'====== Args={'value': 13, 'prev_value': None, 'change': True}
2023-04-01 14:31:37,227 : INFO : EventManager : Event: ======'machine_var_audits_switches_s_drop_right_left'====== Args={'value': 3, 'prev_value': None, 'change': True}
2023-04-01 14:31:37,227 : INFO : EventManager : Event: ======'machine_var_audits_switches_s_drop_right_right'====== Args={'value': 3, 'prev_value': None, 'change': True}
2023-04-01 14:31:37,227 : INFO : EventManager : Event: ======'machine_var_audits_switches_s_drop_scoop'====== Args={'value': 0, 'prev_value': None, 'change': True}
2023-04-01 14:31:37,228 : INFO : EventManager : Event: ======'machine_var_audits_switches_s_drop_single'====== Args={'value': 17, 'prev_value': None, 'change': True}
2023-04-01 14:31:37,228 : INFO : EventManager : Event: ======'machine_var_audits_switches_s_flip_left_eos'====== Args={'value': 4557, 'prev_value': None, 'change': True}
2023-04-01 14:31:37,228 : INFO : EventManager : Event: ======'machine_var_audits_switches_s_flip_left_top_eos'====== Args={'value': 261, 'prev_value': None, 'change': True}
2023-04-01 14:31:37,228 : INFO : EventManager : Event: ======'machine_var_audits_switches_s_flip_right_eos'====== Args={'value': 478, 'prev_value': None, 'change': True}
2023-04-01 14:31:37,228 : INFO : EventManager : Event: ======'machine_var_audits_switches_s_inlane_left'====== Args={'value': 3, 'prev_value': None, 'change': True}
2023-04-01 14:31:37,228 : INFO : EventManager : Event: ======'machine_var_audits_switches_s_inlane_right'====== Args={'value': 10, 'prev_value': None, 'change': True}
2023-04-01 14:31:37,229 : INFO : EventManager : Event: ======'machine_var_audits_switches_s_l_rollover'====== Args={'value': 2, 'prev_value': None, 'change': True}
2023-04-01 14:31:37,229 : INFO : EventManager : Event: ======'machine_var_audits_switches_s_l_target_far'====== Args={'value': 2, 'prev_value': None, 'change': True}
2023-04-01 14:31:37,229 : INFO : EventManager : Event: ======'machine_var_audits_switches_s_l_target_large'====== Args={'value': 2, 'prev_value': None, 'change': True}
2023-04-01 14:31:37,229 : INFO : EventManager : Event: ======'machine_var_audits_switches_s_l_target_left'====== Args={'value': 3, 'prev_value': None, 'change': True}
2023-04-01 14:31:37,229 : INFO : EventManager : Event: ======'machine_var_audits_switches_s_l_target_right'====== Args={'value': 2, 'prev_value': None, 'change': True}
2023-04-01 14:31:37,230 : INFO : EventManager : Event: ======'machine_var_audits_switches_s_l_vuk'====== Args={'value': 5, 'prev_value': None, 'change': True}
2023-04-01 14:31:37,230 : INFO : EventManager : Event: ======'machine_var_audits_switches_s_launch'====== Args={'value': 175, 'prev_value': None, 'change': True}
2023-04-01 14:31:37,230 : INFO : EventManager : Event: ======'machine_var_audits_switches_s_left_flipper_1'====== Args={'value': 310, 'prev_value': None, 'change': True}
2023-04-01 14:31:37,230 : INFO : EventManager : Event: ======'machine_var_audits_switches_s_left_flipper_2'====== Args={'value': 385, 'prev_value': None, 'change': True}
2023-04-01 14:31:37,230 : INFO : EventManager : Event: ======'machine_var_audits_switches_s_lock_1'====== Args={'value': 1, 'prev_value': None, 'change': True}
2023-04-01 14:31:37,230 : INFO : EventManager : Event: ======'machine_var_audits_switches_s_lock_2'====== Args={'value': 1, 'prev_value': None, 'change': True}
2023-04-01 14:31:37,231 : INFO : EventManager : Event: ======'machine_var_audits_switches_s_lock_3'====== Args={'value': 1, 'prev_value': None, 'change': True}
2023-04-01 14:31:37,231 : INFO : EventManager : Event: ======'machine_var_audits_switches_s_outlane_left'====== Args={'value': 5, 'prev_value': None, 'change': True}
2023-04-01 14:31:37,231 : INFO : EventManager : Event: ======'machine_var_audits_switches_s_outlane_right'====== Args={'value': 4, 'prev_value': None, 'change': True}
2023-04-01 14:31:37,231 : INFO : EventManager : Event: ======'machine_var_audits_switches_s_pop_left'====== Args={'value': 39, 'prev_value': None, 'change': True}
2023-04-01 14:31:37,231 : INFO : EventManager : Event: ======'machine_var_audits_switches_s_pop_lower'====== Args={'value': 90, 'prev_value': None, 'change': True}
2023-04-01 14:31:37,232 : INFO : EventManager : Event: ======'machine_var_audits_switches_s_pop_right'====== Args={'value': 269, 'prev_value': None, 'change': True}
2023-04-01 14:31:37,232 : INFO : EventManager : Event: ======'machine_var_audits_switches_s_right_flipper_1'====== Args={'value': 881, 'prev_value': None, 'change': True}
2023-04-01 14:31:37,232 : INFO : EventManager : Event: ======'machine_var_audits_switches_s_right_flipper_2'====== Args={'value': 838, 'prev_value': None, 'change': True}
2023-04-01 14:31:37,233 : INFO : EventManager : Event: ======'machine_var_audits_switches_s_rollover_left'====== Args={'value': 30, 'prev_value': None, 'change': True}
2023-04-01 14:31:37,233 : INFO : EventManager : Event: ======'machine_var_audits_switches_s_rollover_right'====== Args={'value': 481, 'prev_value': None, 'change': True}
2023-04-01 14:31:37,233 : INFO : EventManager : Event: ======'machine_var_audits_switches_s_sling_left'====== Args={'value': 20, 'prev_value': None, 'change': True}
2023-04-01 14:31:37,233 : INFO : EventManager : Event: ======'machine_var_audits_switches_s_sling_right'====== Args={'value': 42, 'prev_value': None, 'change': True}
2023-04-01 14:31:37,234 : INFO : EventManager : Event: ======'machine_var_audits_switches_s_start'====== Args={'value': 46, 'prev_value': None, 'change': True}
2023-04-01 14:31:37,234 : INFO : EventManager : Event: ======'machine_var_audits_switches_s_tilt'====== Args={'value': 383, 'prev_value': None, 'change': True}
2023-04-01 14:31:37,234 : INFO : EventManager : Event: ======'machine_var_audits_switches_s_trough_1'====== Args={'value': 0, 'prev_value': None, 'change': True}
2023-04-01 14:31:37,234 : INFO : EventManager : Event: ======'machine_var_audits_switches_s_trough_2'====== Args={'value': 87, 'prev_value': None, 'change': True}
2023-04-01 14:31:37,234 : INFO : EventManager : Event: ======'machine_var_audits_switches_s_trough_3'====== Args={'value': 77, 'prev_value': None, 'change': True}
2023-04-01 14:31:37,235 : INFO : EventManager : Event: ======'machine_var_audits_switches_s_trough_4'====== Args={'value': 78, 'prev_value': None, 'change': True}
2023-04-01 14:31:37,235 : INFO : EventManager : Event: ======'machine_var_audits_switches_s_trough_5'====== Args={'value': 64, 'prev_value': None, 'change': True}
2023-04-01 14:31:37,235 : INFO : EventManager : Event: ======'machine_var_audits_switches_s_trough_6'====== Args={'value': 60, 'prev_value': None, 'change': True}
2023-04-01 14:31:37,235 : INFO : EventManager : Event: ======'machine_var_audits_switches_s_trough_jam'====== Args={'value': 89, 'prev_value': None, 'change': True}
2023-04-01 14:31:37,235 : INFO : EventManager : Event: ======'machine_var_audits_switches_s_u_lane_l'====== Args={'value': 4, 'prev_value': None, 'change': True}
2023-04-01 14:31:37,236 : INFO : EventManager : Event: ======'machine_var_audits_switches_s_u_lane_r'====== Args={'value': 5, 'prev_value': None, 'change': True}
2023-04-01 14:31:37,236 : INFO : EventManager : Event: ======'machine_var_audits_switches_s_u_rollover'====== Args={'value': 2, 'prev_value': None, 'change': True}
2023-04-01 14:31:37,236 : INFO : EventManager : Event: ======'machine_var_audits_switches_s_u_target'====== Args={'value': 1, 'prev_value': None, 'change': True}
2023-04-01 14:31:37,236 : INFO : EventManager : Event: ======'machine_var_audits_switches_s_vuk_back'====== Args={'value': 110, 'prev_value': None, 'change': True}
2023-04-01 14:31:37,237 : INFO : EventManager : Event: ======'machine_var_audits_switches_s_vuk_right'====== Args={'value': 0, 'prev_value': None, 'change': True}
2023-04-01 14:31:37,252 : INFO : EventManager : Event: ======'init_phase_5'====== Args={}
2023-04-01 14:31:37,252 : INFO : EventManager : Event: ======'init_done'====== Args={}
2023-04-01 14:31:37,253 : INFO : EventManager : Event: ======'machine_reset_phase_1'====== Args={}
2023-04-01 14:31:37,253 : INFO : EventManager : Event: ======'machine_reset_phase_2'====== Args={}
2023-04-01 14:31:37,254 : INFO : EventManager : Event: ======'machine_reset_phase_3'====== Args={}
2023-04-01 14:31:37,254 : INFO : EventManager : Event: ======'reset_complete'====== Args={}
2023-04-01 14:31:37,254 : INFO : EventManager : Event: ======'mode_attract_will_start'====== Args={}
2023-04-01 14:31:37,255 : INFO : EventManager : Event: ======'mode_attract_starting'====== Args={}
2023-04-01 14:31:37,255 : INFO : Mode.attract : Started. Priority: 10
2023-04-01 14:31:37,255 : INFO : EventManager : Event: ======'modes_active_modes_changed'====== Args={}
2023-04-01 14:31:37,255 : INFO : EventManager : Event: ======'mode_attract_started'====== Args={}
2023-04-01 14:31:37,258 : INFO : EventManager : Event: ======'collecting_balls_complete'====== Args={}
2023-04-01 14:31:37,259 : INFO : Machine : Starting the main run loop.
2023-04-01 14:31:45,837 : INFO : BcpServer : New client connected.
2023-04-01 14:31:51,437 : INFO : SwitchController : <<<<<<< 's_start' active >>>>>>>
2023-04-01 14:31:51,633 : INFO : SwitchController : <<<<<<< 's_start' inactive >>>>>>>
2023-04-01 14:31:51,633 : INFO : EventManager : Event: ======'request_to_start_game'====== Args={}
2023-04-01 14:31:51,633 : INFO : EventManager : Event: ======'game_start'====== Args={'buttons': [], 'hold_time': 0.1959999999962747}
2023-04-01 14:31:51,634 : INFO : EventManager : Event: ======'mode_game_will_start'====== Args={'buttons': [], 'hold_time': 0.1959999999962747}
2023-04-01 14:31:51,634 : INFO : EventManager : Event: ======'mode_game_starting'====== Args={'buttons': [], 'hold_time': 0.1959999999962747}
2023-04-01 14:31:51,634 : INFO : EventManager : Event: ======'mode_attract_will_stop'====== Args={}
2023-04-01 14:31:51,634 : INFO : EventManager : Event: ======'mode_attract_stopping'====== Args={}
2023-04-01 14:31:51,635 : INFO : Mode.attract : Stopped.
2023-04-01 14:31:51,635 : INFO : EventManager : Event: ======'modes_active_modes_changed'====== Args={}
2023-04-01 14:31:51,636 : INFO : EventManager : Event: ======'mode_attract_stopped'====== Args={}
2023-04-01 14:31:51,637 : INFO : EventManager : Event: ======'clear'====== Args={'key': 'attract'}
2023-04-01 14:31:51,637 : INFO : Mode.game : Started. Priority: 20
2023-04-01 14:31:51,637 : INFO : EventManager : Event: ======'modes_active_modes_changed'====== Args={}
2023-04-01 14:31:51,637 : INFO : EventManager : Event: ======'mode_game_started'====== Args={'buttons': [], 'hold_time': 0.1959999999962747}
2023-04-01 14:31:51,638 : INFO : EventManager : Event: ======'game_will_start'====== Args={}
2023-04-01 14:31:51,639 : INFO : EventManager : Event: ======'game_starting'====== Args={'game': <Mode.game>}
2023-04-01 14:31:51,639 : INFO : EventManager : Event: ======'player_add_request'====== Args={}
2023-04-01 14:31:51,640 : INFO : EventManager : Event: ======'player_will_add'====== Args={'number': 1}
2023-04-01 14:31:51,640 : INFO : EventManager : Event: ======'player_adding'====== Args={'player': <Player 1>, 'number': 1}
2023-04-01 14:31:51,640 : INFO : EventManager : Event: ======'player_added'====== Args={'player': <Player 1>, 'num': 1}
2023-04-01 14:31:51,640 : INFO : Mode.game : Player added successfully. Total players: 1
2023-04-01 14:31:51,640 : INFO : EventManager : Event: ======'player_index'====== Args={'value': 0, 'prev_value': 0, 'change': 0, 'player_num': 1}
2023-04-01 14:31:51,640 : INFO : EventManager : Event: ======'player_number'====== Args={'value': 1, 'prev_value': 1, 'change': 0, 'player_num': 1}
2023-04-01 14:31:51,640 : INFO : EventManager : Event: ======'player_score'====== Args={'value': 0, 'prev_value': 0, 'change': 0, 'player_num': 1}
2023-04-01 14:31:51,641 : INFO : EventManager : Event: ======'game_started'====== Args={}
2023-04-01 14:31:51,649 : INFO : EventManager : Event: ======'player_turn_will_start'====== Args={'player': <Player 1>, 'number': 1}
2023-04-01 14:31:51,677 : INFO : EventManager : Event: ======'player_turn_starting'====== Args={'player': <Player 1>, 'number': 1}
2023-04-01 14:31:51,686 : INFO : EventManager : Event: ======'player_ball'====== Args={'value': 1, 'prev_value': 0, 'change': 1, 'player_num': 1}
2023-04-01 14:31:51,687 : INFO : EventManager : Event: ======'player_turn_started'====== Args={'player': <Player 1>, 'number': 1}
2023-04-01 14:31:51,687 : INFO : EventManager : Event: ======'ball_will_start'====== Args={'player': 1, 'ball': 1, 'balls_remaining': 2, 'is_extra_ball': False}
2023-04-01 14:31:51,688 : INFO : EventManager : Event: ======'ball_starting'====== Args={'player': 1, 'ball': 1, 'balls_remaining': 2, 'is_extra_ball': False}
2023-04-01 14:31:51,689 : INFO : EventManager : Event: ======'balls_in_play'====== Args={'balls': 1}
2023-04-01 14:31:51,689 : INFO : EventManager : Event: ======'ball_started'====== Args={'player': 1, 'ball': 1, 'balls_remaining': 2, 'is_extra_ball': False}
2023-04-01 14:31:51,689 : INFO : drop_target_bank.single_main : All targets are already up. Will not reset bank.
2023-04-01 14:31:51,690 : INFO : drop_target_bank.mid : All targets are already up. Will not reset bank.
2023-04-01 14:31:51,690 : INFO : drop_target_bank.right : All targets are already up. Will not reset bank.
2023-04-01 14:31:51,692 : INFO : EventManager : Event: ======'single_player_ball_started'====== Args={}
2023-04-01 14:31:51,692 : INFO : EventManager : Event: ======'ball_start_target'====== Args={'target': 'playfield'}
2023-04-01 14:31:51,693 : INFO : ball_device.bd_plunger : Setting up player-controlled eject. Balls: 1, Target: <playfield.playfield>, player_controlled_eject_event: s_launch_active
2023-04-01 14:31:51,693 : INFO : EventManager : Event: ======'balldevice_balls_available'====== Args={}
2023-04-01 14:31:51,694 : INFO : ball_device.bd_trough : State: waiting_for_target_ready
2023-04-01 14:31:51,694 : INFO : EventManager : Event: ======'balldevice_bd_trough_ball_eject_attempt'====== Args={'balls': 1, 'target': <ball_device.bd_plunger>, 'source': <ball_device.bd_trough>, 'mechanical_eject': True, 'num_attempts': 0}
2023-04-01 14:31:51,694 : INFO : ball_device.bd_plunger : State: waiting_for_ball
2023-04-01 14:31:51,695 : INFO : ball_device.bd_vuk_back : State: waiting_for_ball
2023-04-01 14:31:51,695 : INFO : ball_device.bd_trough : State: ejecting
2023-04-01 14:31:51,695 : INFO : ball_device.bd_trough : Ejecting ball to <ball_device.bd_plunger>
2023-04-01 14:31:51,695 : INFO : EventManager : Event: ======'balldevice_bd_trough_ejecting_ball'====== Args={'balls': 1, 'target': <ball_device.bd_plunger>, 'source': <ball_device.bd_trough>, 'mechanical_eject': True, 'num_attempts': 0}
2023-04-01 14:31:51,696 : INFO : ball_device.bd_trough : Wait for ball to leave device
2023-04-01 14:31:51,696 : INFO : coil.c_trough : Pulsing Driver for 13ms (0.8 pulse_power)
2023-04-01 14:31:51,755 : INFO : SwitchController : <<<<<<< 's_trough_jam' active >>>>>>>
2023-04-01 14:31:51,755 : INFO : EventManager : Event: ======'machine_var_audits_switches_s_trough_jam'====== Args={'value': 90, 'prev_value': 89, 'change': 1}
2023-04-01 14:31:51,776 : INFO : SwitchController : <<<<<<< 's_trough_jam' inactive >>>>>>>
2023-04-01 14:31:51,798 : INFO : SwitchController : <<<<<<< 's_flip_left_eos' active >>>>>>>
2023-04-01 14:31:51,798 : INFO : EventManager : Event: ======'machine_var_audits_switches_s_flip_left_eos'====== Args={'value': 4558, 'prev_value': 4557, 'change': 1}
2023-04-01 14:31:51,799 : INFO : SwitchController : <<<<<<< 's_flip_left_eos' inactive >>>>>>>
2023-04-01 14:31:51,932 : INFO : SwitchController : <<<<<<< 's_trough_4' inactive >>>>>>>
2023-04-01 14:31:51,932 : INFO : ball_device.bd_trough : State: ball_left
2023-04-01 14:31:51,933 : INFO : ball_device.bd_trough : Ball left
2023-04-01 14:31:51,933 : INFO : ball_device.bd_trough : Wait for confirm with timeout 10.0
2023-04-01 14:31:51,935 : INFO : SwitchController : <<<<<<< 's_trough_3' inactive >>>>>>>
2023-04-01 14:31:51,952 : INFO : SwitchController : <<<<<<< 's_trough_2' inactive >>>>>>>
2023-04-01 14:31:51,952 : INFO : SwitchController : <<<<<<< 's_trough_5' inactive >>>>>>>
2023-04-01 14:31:51,987 : INFO : SwitchController : <<<<<<< 's_trough_6' inactive >>>>>>>
2023-04-01 14:31:52,068 : INFO : SwitchController : <<<<<<< 's_trough_2' active >>>>>>>
2023-04-01 14:31:52,068 : INFO : EventManager : Event: ======'machine_var_audits_switches_s_trough_2'====== Args={'value': 88, 'prev_value': 87, 'change': 1}
2023-04-01 14:31:52,072 : INFO : SwitchController : <<<<<<< 's_trough_3' active >>>>>>>
2023-04-01 14:31:52,072 : INFO : EventManager : Event: ======'machine_var_audits_switches_s_trough_3'====== Args={'value': 78, 'prev_value': 77, 'change': 1}
2023-04-01 14:31:52,074 : INFO : SwitchController : <<<<<<< 's_trough_4' active >>>>>>>
2023-04-01 14:31:52,074 : INFO : EventManager : Event: ======'machine_var_audits_switches_s_trough_4'====== Args={'value': 79, 'prev_value': 78, 'change': 1}
2023-04-01 14:31:52,090 : INFO : SwitchController : <<<<<<< 's_autolauncher' active >>>>>>>
2023-04-01 14:31:52,090 : INFO : EventManager : Event: ======'machine_var_audits_switches_s_autolauncher'====== Args={'value': 167, 'prev_value': 166, 'change': 1}
2023-04-01 14:31:52,111 : INFO : SwitchController : <<<<<<< 's_trough_5' active >>>>>>>
2023-04-01 14:31:52,111 : INFO : EventManager : Event: ======'machine_var_audits_switches_s_trough_5'====== Args={'value': 65, 'prev_value': 64, 'change': 1}
2023-04-01 14:31:52,590 : INFO : ball_device.bd_plunger : Received ball from <ball_device.bd_trough>
2023-04-01 14:31:52,590 : INFO : EventManager : Event: ======'balldevice_bd_plunger_ball_enter'====== Args={'new_balls': 1, 'unclaimed_balls': 0, 'new_available_balls': 0, 'device': <ball_device.bd_plunger>}
2023-04-01 14:31:52,591 : INFO : EventManager : Event: ======'balldevice_bd_plunger_ball_entered'====== Args={'new_balls': 0, 'device': <ball_device.bd_plunger>}
2023-04-01 14:31:52,591 : INFO : EventManager : Event: ======'balldevice_bd_plunger_ball_count_changed'====== Args={'balls': 1}
2023-04-01 14:31:52,592 : INFO : ball_device.bd_trough : Got eject confirm
2023-04-01 14:31:52,592 : INFO : ball_device.bd_trough : Eject successful
2023-04-01 14:31:52,592 : INFO : EventManager : Event: ======'balldevice_bd_trough_ball_eject_success'====== Args={'balls': 1, 'target': <ball_device.bd_plunger>}
2023-04-01 14:31:52,592 : INFO : EventManager : Event: ======'balldevice_bd_trough_ball_count_changed'====== Args={'balls': 4}
2023-04-01 14:31:52,592 : INFO : ball_device.bd_trough : State: idle
2023-04-01 14:31:52,593 : INFO : ball_device.bd_plunger : State: waiting_for_target_ready
2023-04-01 14:31:52,593 : INFO : EventManager : Event: ======'balldevice_bd_plunger_ball_eject_attempt'====== Args={'balls': 1, 'target': <ball_device.bd_vuk_back>, 'source': <ball_device.bd_plunger>, 'mechanical_eject': True, 'num_attempts': 0}
2023-04-01 14:31:52,593 : INFO : ball_device.bd_plunger : State: ejecting
2023-04-01 14:31:52,594 : INFO : ball_device.bd_plunger : Ejecting ball to <ball_device.bd_vuk_back>
2023-04-01 14:31:52,594 : INFO : EventManager : Event: ======'balldevice_bd_plunger_ejecting_ball'====== Args={'balls': 1, 'target': <ball_device.bd_vuk_back>, 'source': <ball_device.bd_plunger>, 'mechanical_eject': True, 'num_attempts': 0}
2023-04-01 14:31:52,594 : INFO : ball_device.bd_plunger : Wait for ball to leave device
2023-04-01 14:31:52,612 : INFO : EventManager : Event: ======'balldevice_bd_trough_ball_count_changed'====== Args={'balls': 5}
2023-04-01 14:31:52,613 : INFO : ball_device.bd_trough : Received unexpected ball
2023-04-01 14:31:52,613 : INFO : EventManager : Event: ======'balldevice_captured_from_playfield'====== Args={'balls': 1}
2023-04-01 14:31:52,613 : INFO : EventManager : Event: ======'sw_playfield_active'====== Args={'balls': 1}
2023-04-01 14:31:52,614 : INFO : EventManager : Event: ======'playfield_active'====== Args={}
2023-04-01 14:31:52,614 : INFO : EventManager : Event: ======'unexpected_ball_on_playfield'====== Args={}
2023-04-01 14:31:52,614 : INFO : EventManager : Event: ======'playfield_ball_count_change'====== Args={'balls': -1, 'change': -1}
2023-04-01 14:31:52,614 : INFO : EventManager : Event: ======'balldevice_playfield_ball_enter'====== Args={'new_balls': 1, 'unclaimed_balls': 1, 'device': <playfield.playfield>}
2023-04-01 14:31:52,615 : INFO : EventManager : Event: ======'playfield_ball_count_change'====== Args={'balls': 0, 'change': 1}
2023-04-01 14:31:52,615 : INFO : BallController : Found a new ball which was captured from playfield. Known balls: 6
2023-04-01 14:31:52,615 : INFO : EventManager : Event: ======'found_new_ball'====== Args={}
2023-04-01 14:31:52,615 : INFO : EventManager : Event: ======'balldevice_bd_trough_ball_enter'====== Args={'new_balls': 1, 'unclaimed_balls': 1, 'new_available_balls': 1, 'device': <ball_device.bd_trough>}
2023-04-01 14:31:52,616 : INFO : EventManager : Event: ======'ball_drain'====== Args={'device': <ball_device.bd_trough>, 'balls': 1}
2023-04-01 14:31:52,616 : INFO : EventManager : Event: ======'ball_will_end'====== Args={}
2023-04-01 14:31:52,617 : INFO : EventManager : Event: ======'balldevice_balls_available'====== Args={}
2023-04-01 14:31:52,617 : INFO : EventManager : Event: ======'balldevice_bd_trough_ball_entered'====== Args={'new_balls': 1, 'device': <ball_device.bd_trough>}
2023-04-01 14:31:52,618 : INFO : EventManager : Event: ======'ball_ending'====== Args={}
2023-04-01 14:31:52,619 : INFO : EventManager : Event: ======'ball_ended'====== Args={}
2023-04-01 14:31:52,620 : INFO : EventManager : Event: ======'player_turn_will_end'====== Args={'player': <Player 1>, 'number': 1}
2023-04-01 14:31:52,621 : INFO : EventManager : Event: ======'player_turn_ending'====== Args={'player': <Player 1>, 'number': 1}
2023-04-01 14:31:52,621 : INFO : EventManager : Event: ======'player_turn_ended'====== Args={'player': <Player 1>, 'number': 1}
2023-04-01 14:31:52,622 : INFO : EventManager : Event: ======'player_turn_will_start'====== Args={'player': <Player 1>, 'number': 1}
2023-04-01 14:31:52,622 : INFO : EventManager : Event: ======'player_turn_starting'====== Args={'player': <Player 1>, 'number': 1}
2023-04-01 14:31:52,623 : INFO : EventManager : Event: ======'player_ball'====== Args={'value': 2, 'prev_value': 1, 'change': 1, 'player_num': 1}
2023-04-01 14:31:52,623 : INFO : EventManager : Event: ======'player_turn_started'====== Args={'player': <Player 1>, 'number': 1}
2023-04-01 14:31:52,624 : INFO : EventManager : Event: ======'ball_will_start'====== Args={'player': 1, 'ball': 2, 'balls_remaining': 1, 'is_extra_ball': False}
2023-04-01 14:31:52,624 : INFO : BallController : Found 1 ball(s) on playfield.
2023-04-01 14:31:52,624 : WARNING : BallController : Playfields still contain balls. Waiting for those to drain.
2023-04-01 14:31:53,446 : INFO : SwitchController : <<<<<<< 's_launch' active >>>>>>>
2023-04-01 14:31:53,446 : INFO : EventManager : Event: ======'s_launch_active'====== Args={}
2023-04-01 14:31:53,446 : INFO : EventManager : Event: ======'machine_var_audits_switches_s_launch'====== Args={'value': 176, 'prev_value': 175, 'change': 1}
2023-04-01 14:31:53,447 : INFO : coil.c_autolauncher : Pulsing Driver for 18ms (0.9 pulse_power)
2023-04-01 14:31:53,473 : INFO : SwitchController : <<<<<<< 's_autolauncher' inactive >>>>>>>
2023-04-01 14:31:53,474 : INFO : SwitchController : <<<<<<< 's_flip_left_eos' active >>>>>>>
2023-04-01 14:31:53,474 : INFO : EventManager : Event: ======'machine_var_audits_switches_s_flip_left_eos'====== Args={'value': 4559, 'prev_value': 4558, 'change': 1}
2023-04-01 14:31:53,475 : INFO : ball_device.bd_plunger : State: ball_left
2023-04-01 14:31:53,475 : INFO : ball_device.bd_plunger : Ball left
2023-04-01 14:31:53,475 : INFO : ball_device.bd_plunger : Wait for confirm with timeout 1.0
2023-04-01 14:31:53,477 : INFO : SwitchController : <<<<<<< 's_flip_left_eos' inactive >>>>>>>
2023-04-01 14:31:53,480 : INFO : SwitchController : <<<<<<< 's_flip_left_eos' active >>>>>>>
2023-04-01 14:31:53,481 : INFO : EventManager : Event: ======'machine_var_audits_switches_s_flip_left_eos'====== Args={'value': 4560, 'prev_value': 4559, 'change': 1}
2023-04-01 14:31:53,494 : INFO : SwitchController : <<<<<<< 's_flip_left_eos' inactive >>>>>>>
2023-04-01 14:31:53,494 : INFO : SwitchController : <<<<<<< 's_flip_left_eos' active >>>>>>>
2023-04-01 14:31:53,494 : INFO : EventManager : Event: ======'machine_var_audits_switches_s_flip_left_eos'====== Args={'value': 4561, 'prev_value': 4560, 'change': 1}
2023-04-01 14:31:53,495 : INFO : SwitchController : <<<<<<< 's_flip_left_eos' inactive >>>>>>>
2023-04-01 14:31:53,531 : INFO : SwitchController : <<<<<<< 's_flip_left_eos' active >>>>>>>
2023-04-01 14:31:53,531 : INFO : EventManager : Event: ======'machine_var_audits_switches_s_flip_left_eos'====== Args={'value': 4562, 'prev_value': 4561, 'change': 1}
2023-04-01 14:31:53,533 : INFO : SwitchController : <<<<<<< 's_flip_left_eos' inactive >>>>>>>
2023-04-01 14:31:53,625 : INFO : BallController : Found 1 ball(s) on playfield.
2023-04-01 14:31:53,625 : WARNING : BallController : Playfields still contain balls. Waiting for those to drain.
2023-04-01 14:31:53,711 : INFO : SwitchController : <<<<<<< 's_launch' inactive >>>>>>>
2023-04-01 14:31:54,142 : INFO : SwitchController : <<<<<<< 's_vuk_back' active >>>>>>>
2023-04-01 14:31:54,142 : INFO : EventManager : Event: ======'machine_var_audits_switches_s_vuk_back'====== Args={'value': 111, 'prev_value': 110, 'change': 1}
2023-04-01 14:31:54,183 : INFO : SwitchController : <<<<<<< 's_vuk_back' inactive >>>>>>>
2023-04-01 14:31:54,231 : INFO : SwitchController : <<<<<<< 's_vuk_back' active >>>>>>>
2023-04-01 14:31:54,231 : INFO : EventManager : Event: ======'machine_var_audits_switches_s_vuk_back'====== Args={'value': 112, 'prev_value': 111, 'change': 1}
2023-04-01 14:31:54,477 : INFO : ball_device.bd_plunger : State: failed_confirm
2023-04-01 14:31:54,477 : INFO : ball_device.bd_plunger : Got timeout (1.0s) before confirm from <ball_device.bd_vuk_back>
2023-04-01 14:31:54,625 : INFO : BallController : Found 1 ball(s) on playfield.
2023-04-01 14:31:54,625 : WARNING : BallController : Playfields still contain balls. Waiting for those to drain.
2023-04-01 14:31:54,733 : INFO : EventManager : Event: ======'balldevice_bd_vuk_back_ball_count_changed'====== Args={'balls': 1}
2023-04-01 14:31:54,733 : INFO : ball_device.bd_vuk_back : Received ball from <ball_device.bd_plunger>
2023-04-01 14:31:54,733 : INFO : EventManager : Event: ======'balldevice_bd_vuk_back_ball_enter'====== Args={'new_balls': 1, 'unclaimed_balls': 0, 'new_available_balls': 0, 'device': <ball_device.bd_vuk_back>}
2023-04-01 14:31:54,734 : INFO : EventManager : Event: ======'balldevice_bd_vuk_back_ball_entered'====== Args={'new_balls': 0, 'device': <ball_device.bd_vuk_back>}
2023-04-01 14:31:54,734 : INFO : ball_device.bd_plunger : Got eject confirm (after recounting)
2023-04-01 14:31:54,734 : INFO : ball_device.bd_plunger : Eject successful
2023-04-01 14:31:54,734 : INFO : EventManager : Event: ======'balldevice_bd_plunger_ball_eject_success'====== Args={'balls': 1, 'target': <ball_device.bd_vuk_back>}
2023-04-01 14:31:54,734 : INFO : ball_device.bd_vuk_back : State: waiting_for_target_ready
2023-04-01 14:31:54,734 : INFO : EventManager : Event: ======'balldevice_bd_vuk_back_ball_eject_attempt'====== Args={'balls': 1, 'target': <playfield.playfield>, 'source': <ball_device.bd_vuk_back>, 'mechanical_eject': True, 'num_attempts': 0}
2023-04-01 14:31:54,735 : INFO : ball_device.bd_vuk_back : State: ejecting
2023-04-01 14:31:54,735 : INFO : ball_device.bd_vuk_back : Ejecting ball to <playfield.playfield>
2023-04-01 14:31:54,735 : INFO : EventManager : Event: ======'balldevice_bd_vuk_back_ejecting_ball'====== Args={'balls': 1, 'target': <playfield.playfield>, 'source': <ball_device.bd_vuk_back>, 'mechanical_eject': True, 'num_attempts': 0}
2023-04-01 14:31:54,735 : INFO : EventManager : Event: ======'balldevice_bd_plunger_ball_count_changed'====== Args={'balls': 0}
2023-04-01 14:31:54,735 : INFO : ball_device.bd_plunger : State: idle
2023-04-01 14:31:54,736 : INFO : ball_device.bd_vuk_back : Wait for ball to leave device
2023-04-01 14:31:54,737 : INFO : coil.c_vuk_back : Pulsing Driver for 40ms (1.0 pulse_power)
2023-04-01 14:31:54,766 : INFO : SwitchController : <<<<<<< 's_b_eos' active >>>>>>>
2023-04-01 14:31:54,766 : INFO : EventManager : Event: ======'machine_var_audits_switches_s_b_eos'====== Args={'value': 549, 'prev_value': 548, 'change': 1}
2023-04-01 14:31:54,786 : INFO : SwitchController : <<<<<<< 's_b_eos' inactive >>>>>>>
2023-04-01 14:31:54,810 : INFO : SwitchController : <<<<<<< 's_vuk_back' inactive >>>>>>>
2023-04-01 14:31:54,810 : INFO : ball_device.bd_vuk_back : State: ball_left
2023-04-01 14:31:54,810 : INFO : ball_device.bd_vuk_back : Ball left
2023-04-01 14:31:54,811 : INFO : ball_device.bd_vuk_back : Wait for confirm with timeout 2.0
2023-04-01 14:31:55,605 : INFO : SwitchController : <<<<<<< 's_right_flipper_1' active >>>>>>>
2023-04-01 14:31:55,606 : INFO : EventManager : Event: ======'machine_var_audits_switches_s_right_flipper_1'====== Args={'value': 882, 'prev_value': 881, 'change': 1}
2023-04-01 14:31:55,628 : INFO : SwitchController : <<<<<<< 's_right_flipper_2' active >>>>>>>
2023-04-01 14:31:55,628 : INFO : EventManager : Event: ======'machine_var_audits_switches_s_right_flipper_2'====== Args={'value': 839, 'prev_value': 838, 'change': 1}
2023-04-01 14:31:55,629 : INFO : BallController : Found 1 ball(s) on playfield.
2023-04-01 14:31:55,629 : WARNING : BallController : Playfields still contain balls. Waiting for those to drain.
2023-04-01 14:31:55,874 : INFO : SwitchController : <<<<<<< 's_right_flipper_2' inactive >>>>>>>
2023-04-01 14:31:55,881 : INFO : SwitchController : <<<<<<< 's_right_flipper_1' inactive >>>>>>>
2023-04-01 14:31:56,171 : INFO : SwitchController : <<<<<<< 's_left_flipper_1' active >>>>>>>
2023-04-01 14:31:56,172 : INFO : EventManager : Event: ======'machine_var_audits_switches_s_left_flipper_1'====== Args={'value': 311, 'prev_value': 310, 'change': 1}
2023-04-01 14:31:56,211 : INFO : SwitchController : <<<<<<< 's_left_flipper_2' active >>>>>>>
2023-04-01 14:31:56,212 : INFO : EventManager : Event: ======'machine_var_audits_switches_s_left_flipper_2'====== Args={'value': 386, 'prev_value': 385, 'change': 1}
2023-04-01 14:31:56,216 : INFO : SwitchController : <<<<<<< 's_left_flipper_2' inactive >>>>>>>
2023-04-01 14:31:56,312 : INFO : SwitchController : <<<<<<< 's_left_flipper_1' inactive >>>>>>>
2023-04-01 14:31:56,407 : INFO : SwitchController : <<<<<<< 's_right_flipper_1' active >>>>>>>
2023-04-01 14:31:56,407 : INFO : EventManager : Event: ======'machine_var_audits_switches_s_right_flipper_1'====== Args={'value': 883, 'prev_value': 882, 'change': 1}
2023-04-01 14:31:56,459 : INFO : SwitchController : <<<<<<< 's_right_flipper_1' inactive >>>>>>>
2023-04-01 14:31:56,461 : INFO : SwitchController : <<<<<<< 's_right_flipper_1' active >>>>>>>
2023-04-01 14:31:56,461 : INFO : EventManager : Event: ======'machine_var_audits_switches_s_right_flipper_1'====== Args={'value': 884, 'prev_value': 883, 'change': 1}
2023-04-01 14:31:56,484 : INFO : SwitchController : <<<<<<< 's_right_flipper_2' active >>>>>>>
2023-04-01 14:31:56,484 : INFO : EventManager : Event: ======'machine_var_audits_switches_s_right_flipper_2'====== Args={'value': 840, 'prev_value': 839, 'change': 1}
2023-04-01 14:31:56,631 : INFO : BallController : Found 1 ball(s) on playfield.
2023-04-01 14:31:56,631 : WARNING : BallController : Playfields still contain balls. Waiting for those to drain.
2023-04-01 14:31:56,812 : INFO : ball_device.bd_vuk_back : State: failed_confirm
2023-04-01 14:31:56,812 : INFO : ball_device.bd_vuk_back : Got timeout (2.0s) before confirm from <playfield.playfield>
2023-04-01 14:31:56,914 : INFO : ball_device.bd_vuk_back : Confirming eject because target is playfield and ball did not return.
2023-04-01 14:31:56,914 : INFO : ball_device.bd_vuk_back : Eject successful
2023-04-01 14:31:56,914 : INFO : EventManager : Event: ======'balldevice_bd_vuk_back_ball_eject_success'====== Args={'balls': 1, 'target': <playfield.playfield>}
2023-04-01 14:31:56,915 : INFO : EventManager : Event: ======'balldevice_playfield_ball_enter'====== Args={'new_balls': 1, 'unclaimed_balls': 1, 'device': <playfield.playfield>}
2023-04-01 14:31:56,915 : INFO : EventManager : Event: ======'playfield_ball_count_change'====== Args={'balls': 1, 'change': 1}
2023-04-01 14:31:56,916 : INFO : EventManager : Event: ======'balldevice_bd_vuk_back_ball_count_changed'====== Args={'balls': 0}
2023-04-01 14:31:56,916 : INFO : ball_device.bd_vuk_back : State: idle
2023-04-01 14:31:56,981 : INFO : SwitchController : <<<<<<< 's_flip_left_eos' active >>>>>>>
2023-04-01 14:31:56,981 : INFO : EventManager : Event: ======'machine_var_audits_switches_s_flip_left_eos'====== Args={'value': 4563, 'prev_value': 4562, 'change': 1}
2023-04-01 14:31:56,983 : INFO : SwitchController : <<<<<<< 's_flip_left_eos' inactive >>>>>>>
2023-04-01 14:31:57,353 : INFO : SwitchController : <<<<<<< 's_left_flipper_1' active >>>>>>>
2023-04-01 14:31:57,353 : INFO : EventManager : Event: ======'flipper_cancel'====== Args={'triggering_group': 1, 'triggering_switch': 's_left_flipper_1'}
2023-04-01 14:31:57,354 : INFO : EventManager : Event: ======'machine_var_audits_switches_s_left_flipper_1'====== Args={'value': 312, 'prev_value': 311, 'change': 1}
2023-04-01 14:31:57,357 : INFO : SwitchController : <<<<<<< 's_left_flipper_2' active >>>>>>>
2023-04-01 14:31:57,357 : INFO : EventManager : Event: ======'machine_var_audits_switches_s_left_flipper_2'====== Args={'value': 387, 'prev_value': 386, 'change': 1}
2023-04-01 14:31:57,632 : INFO : BallController : Found 1 ball(s) on playfield.
2023-04-01 14:31:57,632 : WARNING : BallController : Playfields still contain balls. Waiting for those to drain.
2023-04-01 14:31:57,717 : INFO : SwitchController : <<<<<<< 's_right_flipper_2' inactive >>>>>>>
2023-04-01 14:31:57,722 : INFO : SwitchController : <<<<<<< 's_right_flipper_1' inactive >>>>>>>
2023-04-01 14:31:57,722 : INFO : EventManager : Event: ======'both_flippers_one'====== Args={'triggering_group': 2, 'triggering_switch': 's_right_flipper_1'}
2023-04-01 14:31:57,725 : INFO : SwitchController : <<<<<<< 's_left_flipper_2' inactive >>>>>>>
2023-04-01 14:31:57,765 : INFO : SwitchController : <<<<<<< 's_left_flipper_1' inactive >>>>>>>
2023-04-01 14:31:57,765 : INFO : EventManager : Event: ======'both_flippers_inactive'====== Args={'triggering_group': 1, 'triggering_switch': 's_left_flipper_1'}
2023-04-01 14:31:58,001 : INFO : SwitchController : <<<<<<< 's_right_flipper_1' active >>>>>>>
2023-04-01 14:31:58,001 : INFO : EventManager : Event: ======'machine_var_audits_switches_s_right_flipper_1'====== Args={'value': 885, 'prev_value': 884, 'change': 1}
2023-04-01 14:31:58,004 : INFO : SwitchController : <<<<<<< 's_left_flipper_1' active >>>>>>>
2023-04-01 14:31:58,004 : INFO : EventManager : Event: ======'flipper_cancel'====== Args={'triggering_group': 1, 'triggering_switch': 's_left_flipper_1'}
2023-04-01 14:31:58,004 : INFO : EventManager : Event: ======'machine_var_audits_switches_s_left_flipper_1'====== Args={'value': 313, 'prev_value': 312, 'change': 1}
2023-04-01 14:31:58,024 : INFO : SwitchController : <<<<<<< 's_right_flipper_2' active >>>>>>>
2023-04-01 14:31:58,024 : INFO : EventManager : Event: ======'machine_var_audits_switches_s_right_flipper_2'====== Args={'value': 841, 'prev_value': 840, 'change': 1}
2023-04-01 14:31:58,024 : INFO : SwitchController : <<<<<<< 's_left_flipper_2' active >>>>>>>
2023-04-01 14:31:58,025 : INFO : EventManager : Event: ======'machine_var_audits_switches_s_left_flipper_2'====== Args={'value': 388, 'prev_value': 387, 'change': 1}
2023-04-01 14:31:58,326 : INFO : SwitchController : <<<<<<< 's_left_flipper_2' inactive >>>>>>>
2023-04-01 14:31:58,331 : INFO : SwitchController : <<<<<<< 's_left_flipper_1' inactive >>>>>>>
2023-04-01 14:31:58,331 : INFO : EventManager : Event: ======'both_flippers_one'====== Args={'triggering_group': 1, 'triggering_switch': 's_left_flipper_1'}
2023-04-01 14:31:58,551 : INFO : SwitchController : <<<<<<< 's_left_flipper_1' active >>>>>>>
2023-04-01 14:31:58,552 : INFO : EventManager : Event: ======'flipper_cancel'====== Args={'triggering_group': 1, 'triggering_switch': 's_left_flipper_1'}
2023-04-01 14:31:58,552 : INFO : EventManager : Event: ======'machine_var_audits_switches_s_left_flipper_1'====== Args={'value': 314, 'prev_value': 313, 'change': 1}
2023-04-01 14:31:58,557 : INFO : SwitchController : <<<<<<< 's_left_flipper_2' active >>>>>>>
2023-04-01 14:31:58,558 : INFO : EventManager : Event: ======'machine_var_audits_switches_s_left_flipper_2'====== Args={'value': 389, 'prev_value': 388, 'change': 1}
2023-04-01 14:31:58,633 : INFO : BallController : Found 1 ball(s) on playfield.
2023-04-01 14:31:58,633 : WARNING : BallController : Playfields still contain balls. Waiting for those to drain.
2023-04-01 14:31:58,641 : INFO : SwitchController : <<<<<<< 's_left_flipper_2' inactive >>>>>>>
2023-04-01 14:31:58,648 : INFO : SwitchController : <<<<<<< 's_left_flipper_1' inactive >>>>>>>
2023-04-01 14:31:58,648 : INFO : EventManager : Event: ======'both_flippers_one'====== Args={'triggering_group': 1, 'triggering_switch': 's_left_flipper_1'}
2023-04-01 14:31:58,754 : INFO : SwitchController : <<<<<<< 's_left_flipper_1' active >>>>>>>
2023-04-01 14:31:58,754 : INFO : EventManager : Event: ======'flipper_cancel'====== Args={'triggering_group': 1, 'triggering_switch': 's_left_flipper_1'}
2023-04-01 14:31:58,754 : INFO : EventManager : Event: ======'machine_var_audits_switches_s_left_flipper_1'====== Args={'value': 315, 'prev_value': 314, 'change': 1}
2023-04-01 14:31:58,757 : INFO : SwitchController : <<<<<<< 's_left_flipper_2' active >>>>>>>
2023-04-01 14:31:58,757 : INFO : EventManager : Event: ======'machine_var_audits_switches_s_left_flipper_2'====== Args={'value': 390, 'prev_value': 389, 'change': 1}
2023-04-01 14:31:58,874 : INFO : SwitchController : <<<<<<< 's_left_flipper_2' inactive >>>>>>>
2023-04-01 14:31:58,877 : INFO : SwitchController : <<<<<<< 's_left_flipper_1' inactive >>>>>>>
2023-04-01 14:31:58,877 : INFO : EventManager : Event: ======'both_flippers_one'====== Args={'triggering_group': 1, 'triggering_switch': 's_left_flipper_1'}
2023-04-01 14:31:58,964 : INFO : SwitchController : <<<<<<< 's_left_flipper_1' active >>>>>>>
2023-04-01 14:31:58,965 : INFO : EventManager : Event: ======'flipper_cancel'====== Args={'triggering_group': 1, 'triggering_switch': 's_left_flipper_1'}
2023-04-01 14:31:58,965 : INFO : EventManager : Event: ======'machine_var_audits_switches_s_left_flipper_1'====== Args={'value': 316, 'prev_value': 315, 'change': 1}
2023-04-01 14:31:58,968 : INFO : SwitchController : <<<<<<< 's_left_flipper_2' active >>>>>>>
2023-04-01 14:31:58,968 : INFO : EventManager : Event: ======'machine_var_audits_switches_s_left_flipper_2'====== Args={'value': 391, 'prev_value': 390, 'change': 1}
2023-04-01 14:31:59,163 : INFO : SwitchController : <<<<<<< 's_left_flipper_2' inactive >>>>>>>
2023-04-01 14:31:59,184 : INFO : SwitchController : <<<<<<< 's_left_flipper_2' active >>>>>>>
2023-04-01 14:31:59,184 : INFO : EventManager : Event: ======'machine_var_audits_switches_s_left_flipper_2'====== Args={'value': 392, 'prev_value': 391, 'change': 1}
2023-04-01 14:31:59,205 : INFO : SwitchController : <<<<<<< 's_left_flipper_2' inactive >>>>>>>
2023-04-01 14:31:59,205 : INFO : SwitchController : <<<<<<< 's_left_flipper_1' inactive >>>>>>>
2023-04-01 14:31:59,205 : INFO : EventManager : Event: ======'both_flippers_one'====== Args={'triggering_group': 1, 'triggering_switch': 's_left_flipper_1'}
2023-04-01 14:31:59,258 : INFO : SwitchController : <<<<<<< 's_right_flipper_2' inactive >>>>>>>
2023-04-01 14:31:59,279 : INFO : SwitchController : <<<<<<< 's_right_flipper_1' inactive >>>>>>>
2023-04-01 14:31:59,280 : INFO : EventManager : Event: ======'both_flippers_inactive'====== Args={'triggering_group': 2, 'triggering_switch': 's_right_flipper_1'}
2023-04-01 14:31:59,280 : INFO : SwitchController : <<<<<<< 's_right_flipper_1' active >>>>>>>
2023-04-01 14:31:59,280 : INFO : EventManager : Event: ======'machine_var_audits_switches_s_right_flipper_1'====== Args={'value': 886, 'prev_value': 885, 'change': 1}
2023-04-01 14:31:59,281 : INFO : SwitchController : <<<<<<< 's_right_flipper_1' inactive >>>>>>>
2023-04-01 14:31:59,382 : INFO : SwitchController : <<<<<<< 's_flip_left_eos' active >>>>>>>
2023-04-01 14:31:59,383 : INFO : EventManager : Event: ======'machine_var_audits_switches_s_flip_left_eos'====== Args={'value': 4564, 'prev_value': 4563, 'change': 1}
2023-04-01 14:31:59,384 : INFO : SwitchController : <<<<<<< 's_flip_left_eos' inactive >>>>>>>
2023-04-01 14:31:59,386 : INFO : SwitchController : <<<<<<< 's_flip_left_eos' active >>>>>>>
2023-04-01 14:31:59,387 : INFO : EventManager : Event: ======'machine_var_audits_switches_s_flip_left_eos'====== Args={'value': 4565, 'prev_value': 4564, 'change': 1}
2023-04-01 14:31:59,388 : INFO : SwitchController : <<<<<<< 's_flip_left_eos' inactive >>>>>>>
2023-04-01 14:31:59,449 : INFO : SwitchController : <<<<<<< 's_trough_6' active >>>>>>>
2023-04-01 14:31:59,449 : INFO : EventManager : Event: ======'machine_var_audits_switches_s_trough_6'====== Args={'value': 61, 'prev_value': 60, 'change': 1}
2023-04-01 14:31:59,635 : INFO : BallController : Found 1 ball(s) on playfield.
2023-04-01 14:31:59,635 : WARNING : BallController : Playfields still contain balls. Waiting for those to drain.
2023-04-01 14:31:59,744 : INFO : SwitchController : <<<<<<< 's_right_flipper_1' active >>>>>>>
2023-04-01 14:31:59,744 : INFO : EventManager : Event: ======'machine_var_audits_switches_s_right_flipper_1'====== Args={'value': 887, 'prev_value': 886, 'change': 1}
2023-04-01 14:31:59,751 : INFO : SwitchController : <<<<<<< 's_left_flipper_1' active >>>>>>>
2023-04-01 14:31:59,751 : INFO : EventManager : Event: ======'flipper_cancel'====== Args={'triggering_group': 1, 'triggering_switch': 's_left_flipper_1'}
2023-04-01 14:31:59,751 : INFO : EventManager : Event: ======'machine_var_audits_switches_s_left_flipper_1'====== Args={'value': 317, 'prev_value': 316, 'change': 1}
2023-04-01 14:31:59,772 : INFO : SwitchController : <<<<<<< 's_left_flipper_2' active >>>>>>>
2023-04-01 14:31:59,772 : INFO : EventManager : Event: ======'machine_var_audits_switches_s_left_flipper_2'====== Args={'value': 393, 'prev_value': 392, 'change': 1}
2023-04-01 14:31:59,773 : INFO : SwitchController : <<<<<<< 's_right_flipper_2' active >>>>>>>
2023-04-01 14:31:59,773 : INFO : EventManager : Event: ======'machine_var_audits_switches_s_right_flipper_2'====== Args={'value': 842, 'prev_value': 841, 'change': 1}
2023-04-01 14:31:59,949 : INFO : SwitchController : <<<<<<< 's_left_flipper_2' inactive >>>>>>>
2023-04-01 14:31:59,955 : INFO : SwitchController : <<<<<<< 's_left_flipper_2' active >>>>>>>
2023-04-01 14:31:59,955 : INFO : EventManager : Event: ======'machine_var_audits_switches_s_left_flipper_2'====== Args={'value': 394, 'prev_value': 393, 'change': 1}
2023-04-01 14:31:59,970 : INFO : SwitchController : <<<<<<< 's_left_flipper_2' inactive >>>>>>>
2023-04-01 14:31:59,970 : INFO : SwitchController : <<<<<<< 's_left_flipper_1' inactive >>>>>>>
2023-04-01 14:31:59,970 : INFO : EventManager : Event: ======'both_flippers_one'====== Args={'triggering_group': 1, 'triggering_switch': 's_left_flipper_1'}
2023-04-01 14:32:00,005 : INFO : SwitchController : <<<<<<< 's_right_flipper_2' inactive >>>>>>>
2023-04-01 14:32:00,011 : INFO : SwitchController : <<<<<<< 's_right_flipper_1' inactive >>>>>>>
2023-04-01 14:32:00,012 : INFO : EventManager : Event: ======'both_flippers_inactive'====== Args={'triggering_group': 2, 'triggering_switch': 's_right_flipper_1'}
2023-04-01 14:32:00,061 : INFO : SwitchController : <<<<<<< 's_left_flipper_1' active >>>>>>>
2023-04-01 14:32:00,061 : INFO : EventManager : Event: ======'machine_var_audits_switches_s_left_flipper_1'====== Args={'value': 318, 'prev_value': 317, 'change': 1}
2023-04-01 14:32:00,066 : INFO : SwitchController : <<<<<<< 's_left_flipper_2' active >>>>>>>
2023-04-01 14:32:00,066 : INFO : EventManager : Event: ======'machine_var_audits_switches_s_left_flipper_2'====== Args={'value': 395, 'prev_value': 394, 'change': 1}
2023-04-01 14:32:00,167 : INFO : SwitchController : <<<<<<< 's_right_flipper_1' active >>>>>>>
2023-04-01 14:32:00,167 : INFO : EventManager : Event: ======'flipper_cancel'====== Args={'triggering_group': 2, 'triggering_switch': 's_right_flipper_1'}
2023-04-01 14:32:00,167 : INFO : EventManager : Event: ======'machine_var_audits_switches_s_right_flipper_1'====== Args={'value': 888, 'prev_value': 887, 'change': 1}
2023-04-01 14:32:00,187 : INFO : SwitchController : <<<<<<< 's_right_flipper_2' active >>>>>>>
2023-04-01 14:32:00,187 : INFO : EventManager : Event: ======'machine_var_audits_switches_s_right_flipper_2'====== Args={'value': 843, 'prev_value': 842, 'change': 1}
2023-04-01 14:32:00,188 : INFO : SwitchController : <<<<<<< 's_left_flipper_2' inactive >>>>>>>
2023-04-01 14:32:00,190 : INFO : SwitchController : <<<<<<< 's_left_flipper_1' inactive >>>>>>>
2023-04-01 14:32:00,190 : INFO : EventManager : Event: ======'both_flippers_one'====== Args={'triggering_group': 1, 'triggering_switch': 's_left_flipper_1'}
2023-04-01 14:32:00,280 : INFO : SwitchController : <<<<<<< 's_left_flipper_1' active >>>>>>>
2023-04-01 14:32:00,281 : INFO : EventManager : Event: ======'flipper_cancel'====== Args={'triggering_group': 1, 'triggering_switch': 's_left_flipper_1'}
2023-04-01 14:32:00,281 : INFO : EventManager : Event: ======'machine_var_audits_switches_s_left_flipper_1'====== Args={'value': 319, 'prev_value': 318, 'change': 1}
2023-04-01 14:32:00,289 : INFO : SwitchController : <<<<<<< 's_left_flipper_2' active >>>>>>>
2023-04-01 14:32:00,290 : INFO : EventManager : Event: ======'machine_var_audits_switches_s_left_flipper_2'====== Args={'value': 396, 'prev_value': 395, 'change': 1}
2023-04-01 14:32:00,327 : INFO : SwitchController : <<<<<<< 's_right_flipper_2' inactive >>>>>>>
2023-04-01 14:32:00,335 : INFO : SwitchController : <<<<<<< 's_right_flipper_1' inactive >>>>>>>
2023-04-01 14:32:00,335 : INFO : EventManager : Event: ======'both_flippers_one'====== Args={'triggering_group': 2, 'triggering_switch': 's_right_flipper_1'}
2023-04-01 14:32:00,401 : INFO : SwitchController : <<<<<<< 's_right_flipper_1' active >>>>>>>
2023-04-01 14:32:00,401 : INFO : EventManager : Event: ======'flipper_cancel'====== Args={'triggering_group': 2, 'triggering_switch': 's_right_flipper_1'}
2023-04-01 14:32:00,402 : INFO : EventManager : Event: ======'machine_var_audits_switches_s_right_flipper_1'====== Args={'value': 889, 'prev_value': 888, 'change': 1}
2023-04-01 14:32:00,411 : INFO : SwitchController : <<<<<<< 's_right_flipper_2' active >>>>>>>
2023-04-01 14:32:00,412 : INFO : EventManager : Event: ======'machine_var_audits_switches_s_right_flipper_2'====== Args={'value': 844, 'prev_value': 843, 'change': 1}
2023-04-01 14:32:00,423 : INFO : SwitchController : <<<<<<< 's_left_flipper_2' inactive >>>>>>>
2023-04-01 14:32:00,423 : INFO : SwitchController : <<<<<<< 's_left_flipper_1' inactive >>>>>>>
2023-04-01 14:32:00,424 : INFO : EventManager : Event: ======'both_flippers_one'====== Args={'triggering_group': 1, 'triggering_switch': 's_left_flipper_1'}
2023-04-01 14:32:00,503 : INFO : SwitchController : <<<<<<< 's_left_flipper_1' active >>>>>>>
2023-04-01 14:32:00,503 : INFO : EventManager : Event: ======'flipper_cancel'====== Args={'triggering_group': 1, 'triggering_switch': 's_left_flipper_1'}
2023-04-01 14:32:00,503 : INFO : EventManager : Event: ======'machine_var_audits_switches_s_left_flipper_1'====== Args={'value': 320, 'prev_value': 319, 'change': 1}
2023-04-01 14:32:00,506 : INFO : SwitchController : <<<<<<< 's_left_flipper_2' active >>>>>>>
2023-04-01 14:32:00,506 : INFO : EventManager : Event: ======'machine_var_audits_switches_s_left_flipper_2'====== Args={'value': 397, 'prev_value': 396, 'change': 1}
2023-04-01 14:32:00,626 : INFO : SwitchController : <<<<<<< 's_left_flipper_2' inactive >>>>>>>
2023-04-01 14:32:00,627 : INFO : SwitchController : <<<<<<< 's_left_flipper_1' inactive >>>>>>>
2023-04-01 14:32:00,627 : INFO : EventManager : Event: ======'both_flippers_one'====== Args={'triggering_group': 1, 'triggering_switch': 's_left_flipper_1'}
2023-04-01 14:32:00,646 : INFO : BallController : Found 1 ball(s) on playfield.
2023-04-01 14:32:00,646 : WARNING : BallController : Playfields still contain balls. Waiting for those to drain.
2023-04-01 14:32:00,719 : INFO : SwitchController : <<<<<<< 's_left_flipper_1' active >>>>>>>
2023-04-01 14:32:00,719 : INFO : EventManager : Event: ======'flipper_cancel'====== Args={'triggering_group': 1, 'triggering_switch': 's_left_flipper_1'}
2023-04-01 14:32:00,719 : INFO : EventManager : Event: ======'machine_var_audits_switches_s_left_flipper_1'====== Args={'value': 321, 'prev_value': 320, 'change': 1}
2023-04-01 14:32:00,722 : INFO : SwitchController : <<<<<<< 's_left_flipper_2' active >>>>>>>
2023-04-01 14:32:00,722 : INFO : EventManager : Event: ======'machine_var_audits_switches_s_left_flipper_2'====== Args={'value': 398, 'prev_value': 397, 'change': 1}
2023-04-01 14:32:00,832 : INFO : SwitchController : <<<<<<< 's_left_flipper_2' inactive >>>>>>>
2023-04-01 14:32:00,834 : INFO : SwitchController : <<<<<<< 's_left_flipper_1' inactive >>>>>>>
2023-04-01 14:32:00,834 : INFO : EventManager : Event: ======'both_flippers_one'====== Args={'triggering_group': 1, 'triggering_switch': 's_left_flipper_1'}
2023-04-01 14:32:00,933 : INFO : SwitchController : <<<<<<< 's_left_flipper_1' active >>>>>>>
2023-04-01 14:32:00,933 : INFO : EventManager : Event: ======'flipper_cancel'====== Args={'triggering_group': 1, 'triggering_switch': 's_left_flipper_1'}
2023-04-01 14:32:00,933 : INFO : EventManager : Event: ======'machine_var_audits_switches_s_left_flipper_1'====== Args={'value': 322, 'prev_value': 321, 'change': 1}
2023-04-01 14:32:00,938 : INFO : SwitchController : <<<<<<< 's_left_flipper_2' active >>>>>>>
2023-04-01 14:32:00,938 : INFO : EventManager : Event: ======'machine_var_audits_switches_s_left_flipper_2'====== Args={'value': 399, 'prev_value': 398, 'change': 1}
2023-04-01 14:32:01,053 : INFO : SwitchController : <<<<<<< 's_left_flipper_2' inactive >>>>>>>
2023-04-01 14:32:01,056 : INFO : SwitchController : <<<<<<< 's_left_flipper_1' inactive >>>>>>>
2023-04-01 14:32:01,056 : INFO : EventManager : Event: ======'both_flippers_one'====== Args={'triggering_group': 1, 'triggering_switch': 's_left_flipper_1'}
2023-04-01 14:32:01,177 : INFO : SwitchController : <<<<<<< 's_right_flipper_2' inactive >>>>>>>
2023-04-01 14:32:01,198 : INFO : SwitchController : <<<<<<< 's_right_flipper_1' inactive >>>>>>>
2023-04-01 14:32:01,198 : INFO : EventManager : Event: ======'both_flippers_inactive'====== Args={'triggering_group': 2, 'triggering_switch': 's_right_flipper_1'}
2023-04-01 14:32:01,647 : INFO : BallController : Found 1 ball(s) on playfield.
2023-04-01 14:32:01,648 : WARNING : BallController : Playfields still contain balls. Waiting for those to drain.
2023-04-01 14:32:01,789 : INFO : SwitchController : <<<<<<< 's_left_flipper_1' active >>>>>>>
2023-04-01 14:32:01,789 : INFO : EventManager : Event: ======'machine_var_audits_switches_s_left_flipper_1'====== Args={'value': 323, 'prev_value': 322, 'change': 1}
2023-04-01 14:32:01,792 : INFO : SwitchController : <<<<<<< 's_left_flipper_2' active >>>>>>>
2023-04-01 14:32:01,792 : INFO : EventManager : Event: ======'machine_var_audits_switches_s_left_flipper_2'====== Args={'value': 400, 'prev_value': 399, 'change': 1}
2023-04-01 14:32:01,889 : INFO : SwitchController : <<<<<<< 's_left_flipper_2' inactive >>>>>>>
2023-04-01 14:32:01,891 : INFO : SwitchController : <<<<<<< 's_left_flipper_1' inactive >>>>>>>
2023-04-01 14:32:01,911 : INFO : SwitchController : <<<<<<< 's_left_flipper_2' active >>>>>>>
2023-04-01 14:32:01,911 : INFO : EventManager : Event: ======'machine_var_audits_switches_s_left_flipper_2'====== Args={'value': 401, 'prev_value': 400, 'change': 1}
2023-04-01 14:32:02,004 : INFO : SwitchController : <<<<<<< 's_left_flipper_1' active >>>>>>>
2023-04-01 14:32:02,005 : INFO : EventManager : Event: ======'machine_var_audits_switches_s_left_flipper_1'====== Args={'value': 324, 'prev_value': 323, 'change': 1}
2023-04-01 14:32:02,228 : INFO : SwitchController : <<<<<<< 's_left_flipper_2' inactive >>>>>>>
2023-04-01 14:32:02,233 : INFO : SwitchController : <<<<<<< 's_left_flipper_1' inactive >>>>>>>
2023-04-01 14:32:02,649 : INFO : BallController : Found 1 ball(s) on playfield.
2023-04-01 14:32:02,650 : WARNING : BallController : Playfields still contain balls. Waiting for those to drain.
2023-04-01 14:32:03,260 : INFO : SwitchController : <<<<<<< 's_right_flipper_1' active >>>>>>>
2023-04-01 14:32:03,260 : INFO : EventManager : Event: ======'machine_var_audits_switches_s_right_flipper_1'====== Args={'value': 890, 'prev_value': 889, 'change': 1}
2023-04-01 14:32:03,282 : INFO : SwitchController : <<<<<<< 's_right_flipper_2' active >>>>>>>
2023-04-01 14:32:03,282 : INFO : EventManager : Event: ======'machine_var_audits_switches_s_right_flipper_2'====== Args={'value': 845, 'prev_value': 844, 'change': 1}
2023-04-01 14:32:03,625 : INFO : SwitchController : <<<<<<< 's_right_flipper_2' inactive >>>>>>>
2023-04-01 14:32:03,633 : INFO : SwitchController : <<<<<<< 's_right_flipper_1' inactive >>>>>>>
2023-04-01 14:32:03,650 : INFO : BallController : Found 1 ball(s) on playfield.
2023-04-01 14:32:03,650 : WARNING : BallController : Playfields still contain balls. Waiting for those to drain.
2023-04-01 14:32:03,723 : INFO : SwitchController : <<<<<<< 's_right_flipper_1' active >>>>>>>
2023-04-01 14:32:03,723 : INFO : EventManager : Event: ======'machine_var_audits_switches_s_right_flipper_1'====== Args={'value': 891, 'prev_value': 890, 'change': 1}
2023-04-01 14:32:03,746 : INFO : SwitchController : <<<<<<< 's_right_flipper_2' active >>>>>>>
2023-04-01 14:32:03,746 : INFO : EventManager : Event: ======'machine_var_audits_switches_s_right_flipper_2'====== Args={'value': 846, 'prev_value': 845, 'change': 1}
2023-04-01 14:32:03,858 : INFO : SwitchController : <<<<<<< 's_right_flipper_2' inactive >>>>>>>
2023-04-01 14:32:03,879 : INFO : SwitchController : <<<<<<< 's_right_flipper_1' inactive >>>>>>>
2023-04-01 14:32:03,943 : INFO : SwitchController : <<<<<<< 's_right_flipper_1' active >>>>>>>
2023-04-01 14:32:03,943 : INFO : EventManager : Event: ======'machine_var_audits_switches_s_right_flipper_1'====== Args={'value': 892, 'prev_value': 891, 'change': 1}
2023-04-01 14:32:03,965 : INFO : SwitchController : <<<<<<< 's_right_flipper_2' active >>>>>>>
2023-04-01 14:32:03,965 : INFO : EventManager : Event: ======'machine_var_audits_switches_s_right_flipper_2'====== Args={'value': 847, 'prev_value': 846, 'change': 1}
2023-04-01 14:32:04,082 : INFO : SwitchController : <<<<<<< 's_right_flipper_2' inactive >>>>>>>
2023-04-01 14:32:04,102 : INFO : SwitchController : <<<<<<< 's_right_flipper_1' inactive >>>>>>>
2023-04-01 14:32:04,161 : INFO : SwitchController : <<<<<<< 's_right_flipper_1' active >>>>>>>
2023-04-01 14:32:04,161 : INFO : EventManager : Event: ======'machine_var_audits_switches_s_right_flipper_1'====== Args={'value': 893, 'prev_value': 892, 'change': 1}
2023-04-01 14:32:04,168 : INFO : SwitchController : <<<<<<< 's_right_flipper_2' active >>>>>>>
2023-04-01 14:32:04,168 : INFO : EventManager : Event: ======'machine_var_audits_switches_s_right_flipper_2'====== Args={'value': 848, 'prev_value': 847, 'change': 1}
2023-04-01 14:32:04,462 : INFO : SwitchController : <<<<<<< 's_right_flipper_2' inactive >>>>>>>
2023-04-01 14:32:04,484 : INFO : SwitchController : <<<<<<< 's_right_flipper_1' inactive >>>>>>>
2023-04-01 14:32:04,651 : INFO : BallController : Found 1 ball(s) on playfield.
2023-04-01 14:32:04,652 : WARNING : BallController : Playfields still contain balls. Waiting for those to drain.
2023-04-01 14:32:05,652 : INFO : BallController : Found 1 ball(s) on playfield.
2023-04-01 14:32:05,652 : WARNING : BallController : Playfields still contain balls. Waiting for those to drain.
2023-04-01 14:32:06,653 : INFO : BallController : Found 1 ball(s) on playfield.
2023-04-01 14:32:06,653 : WARNING : BallController : Playfields still contain balls. Waiting for those to drain.
2023-04-01 14:32:07,654 : INFO : BallController : Found 1 ball(s) on playfield.
2023-04-01 14:32:07,654 : WARNING : BallController : Playfields still contain balls. Waiting for those to drain.
2023-04-01 14:32:08,496 : INFO : Machine : Shutting down...
2023-04-01 14:32:08,496 : INFO : EventManager : Event: ======'shutdown'====== Args={}
2023-04-01 14:32:08,497 : INFO : EventManager : Event: ======'mode_game_will_stop'====== Args={}
2023-04-01 14:32:08,497 : INFO : EventManager : Event: ======'mode_game_stopping'====== Args={}
2023-04-01 14:32:08,498 : INFO : Mode.game : Stopped.
2023-04-01 14:32:08,498 : INFO : EventManager : Event: ======'modes_active_modes_changed'====== Args={}
2023-04-01 14:32:08,498 : INFO : EventManager : Event: ======'mode_game_stopped'====== Args={}
2023-04-01 14:32:08,498 : INFO : EventManager : Event: ======'clear'====== Args={'key': 'game'}
2023-04-01 14:32:08,609 : INFO : root : MPF run loop ended.
