2023-04-01 19:54:10,978 : INFO : root : Loading config.
2023-04-01 19:54:11,388 : INFO : ConfigProcessor : Config spec file cache created: /var/folders/0y/x6b2lmrx6vq3nhkjncz48nhc0000gn/T/config_spec.mpf_cache
2023-04-01 19:54:11,388 : INFO : YamlMultifileConfigLoader : Machine config file #1: config.yaml
2023-04-01 19:54:11,388 : INFO : ConfigProcessor : Loading config from cache: /var/folders/0y/x6b2lmrx6vq3nhkjncz48nhc0000gn/T/28c67afebeedf0bcd540f5dc9898a885.mpf_cache
2023-04-01 19:54:11,435 : INFO : ConfigProcessor : Loading config from cache: /var/folders/0y/x6b2lmrx6vq3nhkjncz48nhc0000gn/T/03cea1619b79a61f4f0eef3c59cdaa46.mpf_cache
2023-04-01 19:54:11,435 : INFO : ConfigProcessor : Loading config from cache: /var/folders/0y/x6b2lmrx6vq3nhkjncz48nhc0000gn/T/d3948d842c6309f14ab557c3c72320d0.mpf_cache
2023-04-01 19:54:11,435 : INFO : ConfigProcessor : Loading config from cache: /var/folders/0y/x6b2lmrx6vq3nhkjncz48nhc0000gn/T/03cea1619b79a61f4f0eef3c59cdaa46.mpf_cache
2023-04-01 19:54:11,436 : INFO : ConfigProcessor : Loading config from cache: /var/folders/0y/x6b2lmrx6vq3nhkjncz48nhc0000gn/T/1a491952b1b86d65aa143eb7204b9608.mpf_cache
2023-04-01 19:54:11,436 : INFO : ConfigProcessor : Loading config from cache: /var/folders/0y/x6b2lmrx6vq3nhkjncz48nhc0000gn/T/a37a2141962f60258a07880b3484644a.mpf_cache
2023-04-01 19:54:11,437 : INFO : ConfigProcessor : Loading config from cache: /var/folders/0y/x6b2lmrx6vq3nhkjncz48nhc0000gn/T/1abbb484e5c2eb8b7dba517683fc6f83.mpf_cache
2023-04-01 19:54:11,437 : INFO : Machine : Mission Pinball Framework Core Engine v0.56.1.dev4
2023-04-01 19:54:11,437 : INFO : Machine : Command line arguments: {'no_load_cache': False, 'create_config_cache': True, 'bcp': False, 'configfile': ['config.yaml'], 'force_assets_load': False, 'jsonlogging': False, 'logfile': 'logs/2023-04-01-19-54-10-mpf-Tanners-MacBook-Pro-2.local.log', 'pause': False, 'production': False, 'text_ui': True, 'loglevel': 15, 'consoleloglevel': 20, 'force_platform': None, 'syslog_address': None, 'mc_file_name': None, 'no_sound': False}
2023-04-01 19:54:11,437 : INFO : Machine : MPF path: /Users/tpetch/.local/pipx/venvs/mpf/lib/python3.9/site-packages/mpf
2023-04-01 19:54:11,437 : INFO : Machine : Machine path: /Users/tpetch/Documents/trashland_3
2023-04-01 19:54:11,437 : INFO : Machine : Platform: darwin
2023-04-01 19:54:11,437 : INFO : Machine : Python executable location: /Users/tpetch/.local/pipx/venvs/mpf/bin/python
2023-04-01 19:54:11,437 : INFO : Machine : Python version: 3.9.13 (64-bit)
2023-04-01 19:54:11,444 : INFO : Machine : Initialise MPF.
2023-04-01 19:54:11,501 : INFO : [NET] : Trying to connect to /dev/tty.usbmodem141401 at 921600bps
2023-04-01 19:54:11,505 : INFO : [NET] : Connected to /dev/tty.usbmodem141401 at 921600bps
2023-04-01 19:54:11,517 : INFO : [NET] : Connected to FP-CPU-2000 with firmware v02.06
2023-04-01 19:54:11,518 : INFO : EventManager : Event: ======'machine_var_fast_net_firmware'====== Args={'value': '02.06', 'prev_value': None, 'change': True}
2023-04-01 19:54:11,518 : INFO : EventManager : Event: ======'machine_var_fast_net_model'====== Args={'value': 'FP-CPU-2000', 'prev_value': None, 'change': True}
2023-04-01 19:54:11,520 : INFO : [NET] : Registered I/O Board 0: Model: FP-I/O-0804, Firmware: 01.09, Switches: 8, Drivers: 4
2023-04-01 19:54:11,521 : INFO : [NET] : Registered I/O Board 1: Model: FP-I/O-0804, Firmware: 01.09, Switches: 8, Drivers: 4
2023-04-01 19:54:11,523 : INFO : [NET] : Registered I/O Board 2: Model: FP-I/O-3208, Firmware: 01.09, Switches: 32, Drivers: 8
2023-04-01 19:54:11,524 : INFO : [NET] : Registered I/O Board 3: Model: FP-I/O-1616, Firmware: 01.09, Switches: 16, Drivers: 16
2023-04-01 19:54:11,526 : INFO : [NET] : Registered I/O Board 4: Model: FP-I/O-3208, Firmware: 01.09, Switches: 32, Drivers: 8
2023-04-01 19:54:11,528 : INFO : [EXP] : Trying to connect to /dev/tty.usbmodem141403 at 921600bps
2023-04-01 19:54:11,532 : INFO : [EXP] : Connected to /dev/tty.usbmodem141403 at 921600bps
2023-04-01 19:54:11,538 : INFO : EventManager : Event: ======'machine_var_credits_string'====== Args={'value': 'FREE PLAY', 'prev_value': None, 'change': True}
2023-04-01 19:54:11,571 : INFO : EventManager : Event: ======'machine_var_master_volume'====== Args={'value': 0.5, 'prev_value': None, 'change': True}
2023-04-01 19:54:11,571 : INFO : EventManager : Event: ======'machine_var_player1_score'====== Args={'value': 0, 'prev_value': None, 'change': True}
2023-04-01 19:54:11,571 : INFO : EventManager : Event: ======'machine_var_mpf_version'====== Args={'value': 'MPF v0.56.1.dev4', 'prev_value': None, 'change': True}
2023-04-01 19:54:11,571 : INFO : EventManager : Event: ======'machine_var_mpf_extended_version'====== Args={'value': 'MPF v0.56.1.dev4, Config version:5, Show version: 5, BCP version:1.1', 'prev_value': None, 'change': True}
2023-04-01 19:54:11,571 : INFO : EventManager : Event: ======'machine_var_python_version'====== Args={'value': '3.9.13', 'prev_value': None, 'change': True}
2023-04-01 19:54:11,583 : INFO : EventManager : Event: ======'machine_var_platform'====== Args={'value': 'macOS-10.16-x86_64-i386-64bit', 'prev_value': None, 'change': True}
2023-04-01 19:54:11,584 : INFO : EventManager : Event: ======'machine_var_platform_system'====== Args={'value': 'Darwin', 'prev_value': None, 'change': True}
2023-04-01 19:54:11,584 : INFO : EventManager : Event: ======'machine_var_platform_release'====== Args={'value': '22.2.0', 'prev_value': None, 'change': True}
2023-04-01 19:54:11,584 : INFO : EventManager : Event: ======'machine_var_platform_version'====== Args={'value': 'Darwin Kernel Version 22.2.0: Fri Nov 11 02:08:47 PST 2022; root:xnu-8792.61.2~4/RELEASE_X86_64', 'prev_value': None, 'change': True}
2023-04-01 19:54:11,584 : INFO : EventManager : Event: ======'machine_var_platform_machine'====== Args={'value': 'x86_64', 'prev_value': None, 'change': True}
2023-04-01 19:54:11,584 : INFO : EventManager : Event: ======'init_phase_1'====== Args={}
2023-04-01 19:54:11,659 : INFO : EventManager : Event: ======'drop_target_bank_single_main_up'====== Args={}
2023-04-01 19:54:11,659 : INFO : EventManager : Event: ======'drop_target_bank_mid_up'====== Args={}
2023-04-01 19:54:11,659 : INFO : EventManager : Event: ======'drop_target_bank_right_up'====== Args={}
2023-04-01 19:54:11,660 : INFO : EventManager : Event: ======'init_phase_2'====== Args={}
2023-04-01 19:54:11,661 : INFO : SwitchController : Found active switch: (('03', 0), <Platform.FAST>) <switch.s_left_flipper_2>
2023-04-01 19:54:11,661 : INFO : SwitchController : Found active switch: (('08', 0), <Platform.FAST>) <switch.s_l_vuk>
2023-04-01 19:54:11,661 : INFO : SwitchController : Found active switch: (('1D', 0), <Platform.FAST>) <switch.s_trough_1>
2023-04-01 19:54:11,661 : INFO : SwitchController : Found active switch: (('1C', 0), <Platform.FAST>) <switch.s_trough_2>
2023-04-01 19:54:11,661 : INFO : SwitchController : Found active switch: (('1B', 0), <Platform.FAST>) <switch.s_trough_3>
2023-04-01 19:54:11,661 : INFO : SwitchController : Found active switch: (('34', 0), <Platform.FAST>) <switch.s_drop_scoop>
2023-04-01 19:54:11,661 : INFO : SwitchController : Found active switch: (('36', 0), <Platform.FAST>) <switch.s_drop_mid_center>
2023-04-01 19:54:11,661 : INFO : SwitchController : Found active switch: (('37', 0), <Platform.FAST>) <switch.s_drop_mid_right>
2023-04-01 19:54:11,661 : INFO : SwitchController : Found active switch: (('4B', 0), <Platform.FAST>) <switch.s_u_lane_l>
2023-04-01 19:54:11,668 : INFO : ball_device.bd_vuk_back : BCH: Initial count: 0
2023-04-01 19:54:11,668 : INFO : ball_device.bd_vuk_back : State: idle
2023-04-01 19:54:11,669 : INFO : ball_device.bd_vuk_right : BCH: Initial count: 0
2023-04-01 19:54:11,669 : INFO : ball_device.bd_vuk_right : State: idle
2023-04-01 19:54:11,669 : INFO : ball_device.bd_b_lock : BCH: Initial count: 0
2023-04-01 19:54:11,670 : INFO : ball_device.bd_b_lock : State: idle
2023-04-01 19:54:11,670 : INFO : ball_device.bd_vuk_bot : BCH: Initial count: 1
2023-04-01 19:54:11,671 : INFO : ball_device.bd_vuk_bot : State: idle
2023-04-01 19:54:11,671 : INFO : ball_device.bd_trough : BCH: Initial count: 3
2023-04-01 19:54:11,671 : INFO : ball_device.bd_trough : State: idle
2023-04-01 19:54:11,672 : INFO : ball_device.bd_plunger : BCH: Initial count: 0
2023-04-01 19:54:11,672 : INFO : ball_device.bd_plunger : State: idle
2023-04-01 19:54:11,688 : INFO : EventManager : Event: ======'init_phase_3'====== Args={}
2023-04-01 19:54:11,696 : INFO : EventManager : Event: ======'init_phase_4'====== Args={}
2023-04-01 19:54:11,697 : INFO : EventManager : Event: ======'drop_target_mid_right_down'====== Args={'device': <drop_target.mid_right>}
2023-04-01 19:54:11,697 : INFO : EventManager : Event: ======'drop_target_bank_mid_mixed'====== Args={'prev_value': <DropTargetBankState.UP: 'up'>, 'down': 1}
2023-04-01 19:54:11,697 : INFO : EventManager : Event: ======'drop_target_mid_mid_down'====== Args={'device': <drop_target.mid_mid>}
2023-04-01 19:54:11,697 : INFO : EventManager : Event: ======'drop_target_bank_mid_mixed'====== Args={'prev_value': <DropTargetBankState.MIXED: 'mixed'>, 'down': 2}
2023-04-01 19:54:11,698 : INFO : BallController : Initial balls found: 4
2023-04-01 19:54:11,699 : INFO : EventManager : Event: ======'machine_var_audits_events_game_ended'====== Args={'value': 36, 'prev_value': None, 'change': True}
2023-04-01 19:54:11,700 : INFO : EventManager : Event: ======'machine_var_audits_events_game_started'====== Args={'value': 98, 'prev_value': None, 'change': True}
2023-04-01 19:54:11,700 : INFO : EventManager : Event: ======'machine_var_audits_player_score'====== Args={'value': {'average': 0.0, 'top': [0, 0, 0, 0, 0, 0, 0, 0, 0, 0], 'total': 36}, 'prev_value': None, 'change': True}
2023-04-01 19:54:11,700 : INFO : EventManager : Event: ======'machine_var_audits_switches_s_autolauncher'====== Args={'value': 358, 'prev_value': None, 'change': True}
2023-04-01 19:54:11,700 : INFO : EventManager : Event: ======'machine_var_audits_switches_s_b_eos'====== Args={'value': 2017, 'prev_value': None, 'change': True}
2023-04-01 19:54:11,700 : INFO : EventManager : Event: ======'machine_var_audits_switches_s_b_pop'====== Args={'value': 397, 'prev_value': None, 'change': True}
2023-04-01 19:54:11,700 : INFO : EventManager : Event: ======'machine_var_audits_switches_s_b_rollover_interchange'====== Args={'value': 7, 'prev_value': None, 'change': True}
2023-04-01 19:54:11,700 : INFO : EventManager : Event: ======'machine_var_audits_switches_s_b_rollover_loop'====== Args={'value': 21, 'prev_value': None, 'change': True}
2023-04-01 19:54:11,700 : INFO : EventManager : Event: ======'machine_var_audits_switches_s_b_rollover_misc'====== Args={'value': 28, 'prev_value': None, 'change': True}
2023-04-01 19:54:11,700 : INFO : EventManager : Event: ======'machine_var_audits_switches_s_b_target_left'====== Args={'value': 15, 'prev_value': None, 'change': True}
2023-04-01 19:54:11,700 : INFO : EventManager : Event: ======'machine_var_audits_switches_s_b_target_right'====== Args={'value': 30, 'prev_value': None, 'change': True}
2023-04-01 19:54:11,701 : INFO : EventManager : Event: ======'machine_var_audits_switches_s_drop_mid_center'====== Args={'value': 93, 'prev_value': None, 'change': True}
2023-04-01 19:54:11,701 : INFO : EventManager : Event: ======'machine_var_audits_switches_s_drop_mid_left'====== Args={'value': 64, 'prev_value': None, 'change': True}
2023-04-01 19:54:11,701 : INFO : EventManager : Event: ======'machine_var_audits_switches_s_drop_mid_right'====== Args={'value': 74, 'prev_value': None, 'change': True}
2023-04-01 19:54:11,701 : INFO : EventManager : Event: ======'machine_var_audits_switches_s_drop_right_left'====== Args={'value': 27, 'prev_value': None, 'change': True}
2023-04-01 19:54:11,701 : INFO : EventManager : Event: ======'machine_var_audits_switches_s_drop_right_right'====== Args={'value': 26, 'prev_value': None, 'change': True}
2023-04-01 19:54:11,701 : INFO : EventManager : Event: ======'machine_var_audits_switches_s_drop_scoop'====== Args={'value': 0, 'prev_value': None, 'change': True}
2023-04-01 19:54:11,701 : INFO : EventManager : Event: ======'machine_var_audits_switches_s_drop_single'====== Args={'value': 21, 'prev_value': None, 'change': True}
2023-04-01 19:54:11,701 : INFO : EventManager : Event: ======'machine_var_audits_switches_s_flip_left_eos'====== Args={'value': 20500, 'prev_value': None, 'change': True}
2023-04-01 19:54:11,702 : INFO : EventManager : Event: ======'machine_var_audits_switches_s_flip_left_top_eos'====== Args={'value': 1391, 'prev_value': None, 'change': True}
2023-04-01 19:54:11,702 : INFO : EventManager : Event: ======'machine_var_audits_switches_s_flip_right_eos'====== Args={'value': 1679, 'prev_value': None, 'change': True}
2023-04-01 19:54:11,702 : INFO : EventManager : Event: ======'machine_var_audits_switches_s_inlane_left'====== Args={'value': 26, 'prev_value': None, 'change': True}
2023-04-01 19:54:11,702 : INFO : EventManager : Event: ======'machine_var_audits_switches_s_inlane_right'====== Args={'value': 49, 'prev_value': None, 'change': True}
2023-04-01 19:54:11,702 : INFO : EventManager : Event: ======'machine_var_audits_switches_s_l_rollover'====== Args={'value': 6, 'prev_value': None, 'change': True}
2023-04-01 19:54:11,702 : INFO : EventManager : Event: ======'machine_var_audits_switches_s_l_target_far'====== Args={'value': 6, 'prev_value': None, 'change': True}
2023-04-01 19:54:11,703 : INFO : EventManager : Event: ======'machine_var_audits_switches_s_l_target_large'====== Args={'value': 6, 'prev_value': None, 'change': True}
2023-04-01 19:54:11,703 : INFO : EventManager : Event: ======'machine_var_audits_switches_s_l_target_left'====== Args={'value': 7, 'prev_value': None, 'change': True}
2023-04-01 19:54:11,703 : INFO : EventManager : Event: ======'machine_var_audits_switches_s_l_target_right'====== Args={'value': 6, 'prev_value': None, 'change': True}
2023-04-01 19:54:11,703 : INFO : EventManager : Event: ======'machine_var_audits_switches_s_l_vuk'====== Args={'value': 6, 'prev_value': None, 'change': True}
2023-04-01 19:54:11,703 : INFO : EventManager : Event: ======'machine_var_audits_switches_s_launch'====== Args={'value': 391, 'prev_value': None, 'change': True}
2023-04-01 19:54:11,703 : INFO : EventManager : Event: ======'machine_var_audits_switches_s_left_flipper_1'====== Args={'value': 1504, 'prev_value': None, 'change': True}
2023-04-01 19:54:11,703 : INFO : EventManager : Event: ======'machine_var_audits_switches_s_left_flipper_2'====== Args={'value': 650, 'prev_value': None, 'change': True}
2023-04-01 19:54:11,704 : INFO : EventManager : Event: ======'machine_var_audits_switches_s_lock_1'====== Args={'value': 1, 'prev_value': None, 'change': True}
2023-04-01 19:54:11,704 : INFO : EventManager : Event: ======'machine_var_audits_switches_s_lock_2'====== Args={'value': 1, 'prev_value': None, 'change': True}
2023-04-01 19:54:11,704 : INFO : EventManager : Event: ======'machine_var_audits_switches_s_lock_3'====== Args={'value': 1, 'prev_value': None, 'change': True}
2023-04-01 19:54:11,704 : INFO : EventManager : Event: ======'machine_var_audits_switches_s_outlane_left'====== Args={'value': 10, 'prev_value': None, 'change': True}
2023-04-01 19:54:11,704 : INFO : EventManager : Event: ======'machine_var_audits_switches_s_outlane_right'====== Args={'value': 23, 'prev_value': None, 'change': True}
2023-04-01 19:54:11,704 : INFO : EventManager : Event: ======'machine_var_audits_switches_s_pop_left'====== Args={'value': 129, 'prev_value': None, 'change': True}
2023-04-01 19:54:11,705 : INFO : EventManager : Event: ======'machine_var_audits_switches_s_pop_lower'====== Args={'value': 458, 'prev_value': None, 'change': True}
2023-04-01 19:54:11,705 : INFO : EventManager : Event: ======'machine_var_audits_switches_s_pop_right'====== Args={'value': 2142, 'prev_value': None, 'change': True}
2023-04-01 19:54:11,705 : INFO : EventManager : Event: ======'machine_var_audits_switches_s_right_flipper_1'====== Args={'value': 2826, 'prev_value': None, 'change': True}
2023-04-01 19:54:11,705 : INFO : EventManager : Event: ======'machine_var_audits_switches_s_right_flipper_2'====== Args={'value': 2645, 'prev_value': None, 'change': True}
2023-04-01 19:54:11,706 : INFO : EventManager : Event: ======'machine_var_audits_switches_s_rollover_left'====== Args={'value': 69, 'prev_value': None, 'change': True}
2023-04-01 19:54:11,706 : INFO : EventManager : Event: ======'machine_var_audits_switches_s_rollover_right'====== Args={'value': 485, 'prev_value': None, 'change': True}
2023-04-01 19:54:11,706 : INFO : EventManager : Event: ======'machine_var_audits_switches_s_sling_left'====== Args={'value': 137, 'prev_value': None, 'change': True}
2023-04-01 19:54:11,706 : INFO : EventManager : Event: ======'machine_var_audits_switches_s_sling_right'====== Args={'value': 195, 'prev_value': None, 'change': True}
2023-04-01 19:54:11,707 : INFO : EventManager : Event: ======'machine_var_audits_switches_s_start'====== Args={'value': 95, 'prev_value': None, 'change': True}
2023-04-01 19:54:11,707 : INFO : EventManager : Event: ======'machine_var_audits_switches_s_tilt'====== Args={'value': 2191, 'prev_value': None, 'change': True}
2023-04-01 19:54:11,707 : INFO : EventManager : Event: ======'machine_var_audits_switches_s_trough_1'====== Args={'value': 0, 'prev_value': None, 'change': True}
2023-04-01 19:54:11,707 : INFO : EventManager : Event: ======'machine_var_audits_switches_s_trough_2'====== Args={'value': 337, 'prev_value': None, 'change': True}
2023-04-01 19:54:11,707 : INFO : EventManager : Event: ======'machine_var_audits_switches_s_trough_3'====== Args={'value': 315, 'prev_value': None, 'change': True}
2023-04-01 19:54:11,708 : INFO : EventManager : Event: ======'machine_var_audits_switches_s_trough_4'====== Args={'value': 315, 'prev_value': None, 'change': True}
2023-04-01 19:54:11,708 : INFO : EventManager : Event: ======'machine_var_audits_switches_s_trough_5'====== Args={'value': 229, 'prev_value': None, 'change': True}
2023-04-01 19:54:11,708 : INFO : EventManager : Event: ======'machine_var_audits_switches_s_trough_6'====== Args={'value': 221, 'prev_value': None, 'change': True}
2023-04-01 19:54:11,708 : INFO : EventManager : Event: ======'machine_var_audits_switches_s_trough_jam'====== Args={'value': 287, 'prev_value': None, 'change': True}
2023-04-01 19:54:11,709 : INFO : EventManager : Event: ======'machine_var_audits_switches_s_u_lane_l'====== Args={'value': 12, 'prev_value': None, 'change': True}
2023-04-01 19:54:11,709 : INFO : EventManager : Event: ======'machine_var_audits_switches_s_u_lane_r'====== Args={'value': 16, 'prev_value': None, 'change': True}
2023-04-01 19:54:11,709 : INFO : EventManager : Event: ======'machine_var_audits_switches_s_u_rollover'====== Args={'value': 6, 'prev_value': None, 'change': True}
2023-04-01 19:54:11,709 : INFO : EventManager : Event: ======'machine_var_audits_switches_s_u_target'====== Args={'value': 5, 'prev_value': None, 'change': True}
2023-04-01 19:54:11,710 : INFO : EventManager : Event: ======'machine_var_audits_switches_s_vuk_back'====== Args={'value': 411, 'prev_value': None, 'change': True}
2023-04-01 19:54:11,710 : INFO : EventManager : Event: ======'machine_var_audits_switches_s_vuk_right'====== Args={'value': 0, 'prev_value': None, 'change': True}
2023-04-01 19:54:11,725 : INFO : EventManager : Event: ======'init_phase_5'====== Args={}
2023-04-01 19:54:11,727 : INFO : EventManager : Event: ======'init_done'====== Args={}
2023-04-01 19:54:11,727 : INFO : EventManager : Event: ======'machine_reset_phase_1'====== Args={}
2023-04-01 19:54:11,727 : INFO : EventManager : Event: ======'machine_reset_phase_2'====== Args={}
2023-04-01 19:54:11,728 : INFO : EventManager : Event: ======'machine_reset_phase_3'====== Args={}
2023-04-01 19:54:11,728 : INFO : EventManager : Event: ======'reset_complete'====== Args={}
2023-04-01 19:54:11,728 : INFO : EventManager : Event: ======'mode_attract_will_start'====== Args={}
2023-04-01 19:54:11,729 : INFO : EventManager : Event: ======'mode_attract_starting'====== Args={}
2023-04-01 19:54:11,729 : INFO : Mode.attract : Started. Priority: 10
2023-04-01 19:54:11,729 : INFO : EventManager : Event: ======'modes_active_modes_changed'====== Args={}
2023-04-01 19:54:11,729 : INFO : EventManager : Event: ======'mode_attract_started'====== Args={}
2023-04-01 19:54:11,732 : INFO : EventManager : Event: ======'collecting_balls'====== Args={}
2023-04-01 19:54:11,732 : INFO : ball_device.bd_vuk_bot : Adding 1 ball(s) to the eject_queue with target <playfield.playfield>.
2023-04-01 19:54:11,732 : INFO : EventManager : Event: ======'balldevice_balls_available'====== Args={}
2023-04-01 19:54:11,734 : INFO : Machine : Starting the main run loop.
2023-04-01 19:54:11,734 : INFO : ball_device.bd_vuk_bot : State: waiting_for_target_ready
2023-04-01 19:54:11,734 : INFO : EventManager : Event: ======'balldevice_bd_vuk_bot_ball_eject_attempt'====== Args={'balls': 1, 'target': <playfield.playfield>, 'source': <ball_device.bd_vuk_bot>, 'mechanical_eject': False, 'num_attempts': 0}
2023-04-01 19:54:11,734 : INFO : ball_device.bd_vuk_bot : State: ejecting
2023-04-01 19:54:11,735 : INFO : ball_device.bd_vuk_bot : Ejecting ball to <playfield.playfield>
2023-04-01 19:54:11,735 : INFO : EventManager : Event: ======'balldevice_bd_vuk_bot_ejecting_ball'====== Args={'balls': 1, 'target': <playfield.playfield>, 'source': <ball_device.bd_vuk_bot>, 'mechanical_eject': False, 'num_attempts': 0}
2023-04-01 19:54:11,735 : INFO : ball_device.bd_vuk_bot : Wait for ball to leave device
2023-04-01 19:54:11,735 : INFO : coil.c_l_vuk : Pulsing Driver for 120ms (1.0 pulse_power)
2023-04-01 19:54:13,354 : INFO : SwitchController : <<<<<<< 's_right_flipper_1' active >>>>>>>
2023-04-01 19:54:13,373 : INFO : SwitchController : <<<<<<< 's_right_flipper_2' active >>>>>>>
2023-04-01 19:54:13,589 : INFO : SwitchController : <<<<<<< 's_right_flipper_2' inactive >>>>>>>
2023-04-01 19:54:13,598 : INFO : SwitchController : <<<<<<< 's_right_flipper_1' inactive >>>>>>>
2023-04-01 19:54:13,716 : INFO : SwitchController : <<<<<<< 's_left_flipper_1' active >>>>>>>
2023-04-01 19:54:13,738 : INFO : EventManager : Event: ======'balldevice_bd_vuk_bot_ball_eject_failed'====== Args={'target': <playfield.playfield>, 'balls': 1, 'retry': True, 'num_attempts': 1}
2023-04-01 19:54:13,739 : INFO : ball_device.bd_vuk_bot : State: waiting_for_target_ready
2023-04-01 19:54:13,739 : INFO : EventManager : Event: ======'balldevice_bd_vuk_bot_ball_eject_attempt'====== Args={'balls': 1, 'target': <playfield.playfield>, 'source': <ball_device.bd_vuk_bot>, 'mechanical_eject': False, 'num_attempts': 1}
2023-04-01 19:54:13,739 : INFO : ball_device.bd_vuk_bot : State: ejecting
2023-04-01 19:54:13,739 : INFO : ball_device.bd_vuk_bot : Ejecting ball to <playfield.playfield>
2023-04-01 19:54:13,740 : INFO : EventManager : Event: ======'balldevice_bd_vuk_bot_ejecting_ball'====== Args={'balls': 1, 'target': <playfield.playfield>, 'source': <ball_device.bd_vuk_bot>, 'mechanical_eject': False, 'num_attempts': 1}
2023-04-01 19:54:13,740 : INFO : ball_device.bd_vuk_bot : Wait for ball to leave device
2023-04-01 19:54:13,741 : INFO : coil.c_l_vuk : Pulsing Driver for 120ms (1.0 pulse_power)
2023-04-01 19:54:13,967 : INFO : SwitchController : <<<<<<< 's_left_flipper_1' inactive >>>>>>>
2023-04-01 19:54:15,741 : INFO : EventManager : Event: ======'balldevice_bd_vuk_bot_ball_eject_failed'====== Args={'target': <playfield.playfield>, 'balls': 1, 'retry': True, 'num_attempts': 2}
2023-04-01 19:54:15,742 : INFO : ball_device.bd_vuk_bot : State: waiting_for_target_ready
2023-04-01 19:54:15,742 : INFO : EventManager : Event: ======'balldevice_bd_vuk_bot_ball_eject_attempt'====== Args={'balls': 1, 'target': <playfield.playfield>, 'source': <ball_device.bd_vuk_bot>, 'mechanical_eject': False, 'num_attempts': 2}
2023-04-01 19:54:15,743 : INFO : ball_device.bd_vuk_bot : State: ejecting
2023-04-01 19:54:15,743 : INFO : ball_device.bd_vuk_bot : Ejecting ball to <playfield.playfield>
2023-04-01 19:54:15,743 : INFO : EventManager : Event: ======'balldevice_bd_vuk_bot_ejecting_ball'====== Args={'balls': 1, 'target': <playfield.playfield>, 'source': <ball_device.bd_vuk_bot>, 'mechanical_eject': False, 'num_attempts': 2}
2023-04-01 19:54:15,744 : INFO : ball_device.bd_vuk_bot : Wait for ball to leave device
2023-04-01 19:54:15,744 : INFO : coil.c_l_vuk : Pulsing Driver for 120ms (1.0 pulse_power)
2023-04-01 19:54:16,267 : INFO : SwitchController : <<<<<<< 's_tilt' active >>>>>>>
2023-04-01 19:54:16,273 : INFO : SwitchController : <<<<<<< 's_tilt' inactive >>>>>>>
2023-04-01 19:54:16,827 : INFO : SwitchController : <<<<<<< 's_tilt' active >>>>>>>
2023-04-01 19:54:16,834 : INFO : SwitchController : <<<<<<< 's_tilt' inactive >>>>>>>
2023-04-01 19:54:17,744 : INFO : EventManager : Event: ======'balldevice_bd_vuk_bot_ball_eject_failed'====== Args={'target': <playfield.playfield>, 'balls': 1, 'retry': True, 'num_attempts': 3}
2023-04-01 19:54:17,745 : INFO : ball_device.bd_vuk_bot : State: waiting_for_target_ready
2023-04-01 19:54:17,745 : INFO : EventManager : Event: ======'balldevice_bd_vuk_bot_ball_eject_attempt'====== Args={'balls': 1, 'target': <playfield.playfield>, 'source': <ball_device.bd_vuk_bot>, 'mechanical_eject': False, 'num_attempts': 3}
2023-04-01 19:54:17,745 : INFO : ball_device.bd_vuk_bot : State: ejecting
2023-04-01 19:54:17,745 : INFO : ball_device.bd_vuk_bot : Ejecting ball to <playfield.playfield>
2023-04-01 19:54:17,745 : INFO : EventManager : Event: ======'balldevice_bd_vuk_bot_ejecting_ball'====== Args={'balls': 1, 'target': <playfield.playfield>, 'source': <ball_device.bd_vuk_bot>, 'mechanical_eject': False, 'num_attempts': 3}
2023-04-01 19:54:17,746 : INFO : ball_device.bd_vuk_bot : Wait for ball to leave device
2023-04-01 19:54:17,746 : INFO : coil.c_l_vuk : Pulsing Driver for 120ms (1.0 pulse_power)
2023-04-01 19:54:18,181 : INFO : SwitchController : <<<<<<< 's_tilt' active >>>>>>>
2023-04-01 19:54:18,186 : INFO : SwitchController : <<<<<<< 's_tilt' inactive >>>>>>>
2023-04-01 19:54:18,825 : INFO : SwitchController : <<<<<<< 's_tilt' active >>>>>>>
2023-04-01 19:54:18,833 : INFO : SwitchController : <<<<<<< 's_tilt' inactive >>>>>>>
2023-04-01 19:54:19,747 : INFO : EventManager : Event: ======'balldevice_bd_vuk_bot_ball_eject_failed'====== Args={'target': <playfield.playfield>, 'balls': 1, 'retry': True, 'num_attempts': 4}
2023-04-01 19:54:19,747 : INFO : ball_device.bd_vuk_bot : State: waiting_for_target_ready
2023-04-01 19:54:19,747 : INFO : EventManager : Event: ======'balldevice_bd_vuk_bot_ball_eject_attempt'====== Args={'balls': 1, 'target': <playfield.playfield>, 'source': <ball_device.bd_vuk_bot>, 'mechanical_eject': False, 'num_attempts': 4}
2023-04-01 19:54:19,747 : INFO : ball_device.bd_vuk_bot : State: ejecting
2023-04-01 19:54:19,747 : INFO : ball_device.bd_vuk_bot : Ejecting ball to <playfield.playfield>
2023-04-01 19:54:19,748 : INFO : EventManager : Event: ======'balldevice_bd_vuk_bot_ejecting_ball'====== Args={'balls': 1, 'target': <playfield.playfield>, 'source': <ball_device.bd_vuk_bot>, 'mechanical_eject': False, 'num_attempts': 4}
2023-04-01 19:54:19,748 : INFO : ball_device.bd_vuk_bot : Wait for ball to leave device
2023-04-01 19:54:19,748 : INFO : coil.c_l_vuk : Pulsing Driver for 120ms (1.0 pulse_power)
2023-04-01 19:54:20,166 : INFO : SwitchController : <<<<<<< 's_tilt' active >>>>>>>
2023-04-01 19:54:20,173 : INFO : SwitchController : <<<<<<< 's_tilt' inactive >>>>>>>
2023-04-01 19:54:20,450 : INFO : SwitchController : <<<<<<< 's_start' active >>>>>>>
2023-04-01 19:54:20,733 : INFO : BcpServer : New client connected.
2023-04-01 19:54:20,777 : INFO : SwitchController : <<<<<<< 's_tilt' active >>>>>>>
2023-04-01 19:54:20,785 : INFO : SwitchController : <<<<<<< 's_tilt' inactive >>>>>>>
2023-04-01 19:54:21,402 : INFO : SwitchController : <<<<<<< 's_tilt' active >>>>>>>
2023-04-01 19:54:21,409 : INFO : SwitchController : <<<<<<< 's_tilt' inactive >>>>>>>
2023-04-01 19:54:21,749 : INFO : EventManager : Event: ======'balldevice_bd_vuk_bot_ball_eject_failed'====== Args={'target': <playfield.playfield>, 'balls': 1, 'retry': True, 'num_attempts': 5}
2023-04-01 19:54:21,750 : INFO : ball_device.bd_vuk_bot : State: waiting_for_target_ready
2023-04-01 19:54:21,750 : INFO : EventManager : Event: ======'balldevice_bd_vuk_bot_ball_eject_attempt'====== Args={'balls': 1, 'target': <playfield.playfield>, 'source': <ball_device.bd_vuk_bot>, 'mechanical_eject': False, 'num_attempts': 5}
2023-04-01 19:54:21,750 : INFO : ball_device.bd_vuk_bot : State: ejecting
2023-04-01 19:54:21,750 : INFO : ball_device.bd_vuk_bot : Ejecting ball to <playfield.playfield>
2023-04-01 19:54:21,750 : INFO : EventManager : Event: ======'balldevice_bd_vuk_bot_ejecting_ball'====== Args={'balls': 1, 'target': <playfield.playfield>, 'source': <ball_device.bd_vuk_bot>, 'mechanical_eject': False, 'num_attempts': 5}
2023-04-01 19:54:21,751 : INFO : ball_device.bd_vuk_bot : Wait for ball to leave device
2023-04-01 19:54:21,751 : INFO : coil.c_l_vuk : Pulsing Driver for 120ms (1.0 pulse_power)
2023-04-01 19:54:23,654 : INFO : SwitchController : <<<<<<< 's_start' inactive >>>>>>>
2023-04-01 19:54:23,655 : INFO : EventManager : Event: ======'request_to_start_game'====== Args={}
2023-04-01 19:54:23,655 : INFO : EventManager : Event: ======'collecting_balls'====== Args={}
2023-04-01 19:54:23,655 : INFO : BallController : Known balls: 4
2023-04-01 19:54:23,655 : INFO : BallController : bd_vuk_back contains 0 balls. Tags []
2023-04-01 19:54:23,655 : INFO : BallController : bd_vuk_right contains 0 balls. Tags []
2023-04-01 19:54:23,656 : INFO : BallController : bd_b_lock contains 0 balls. Tags []
2023-04-01 19:54:23,656 : INFO : BallController : bd_vuk_bot contains 1 balls. Tags []
2023-04-01 19:54:23,656 : INFO : BallController : bd_trough contains 3 balls. Tags ['trough', 'home', 'drain']
2023-04-01 19:54:23,656 : INFO : BallController : bd_plunger contains 0 balls. Tags []
2023-04-01 19:54:23,656 : INFO : BallController : playfield contains 0 balls. Tags ['default']
2023-04-01 19:54:23,656 : WARNING : BallController : BallController denies game start. Balls are not in their home positions.
2023-04-01 19:54:23,752 : INFO : EventManager : Event: ======'balldevice_bd_vuk_bot_ball_eject_failed'====== Args={'target': <playfield.playfield>, 'balls': 1, 'retry': True, 'num_attempts': 6}
2023-04-01 19:54:23,753 : INFO : ball_device.bd_vuk_bot : State: waiting_for_target_ready
2023-04-01 19:54:23,753 : INFO : EventManager : Event: ======'balldevice_bd_vuk_bot_ball_eject_attempt'====== Args={'balls': 1, 'target': <playfield.playfield>, 'source': <ball_device.bd_vuk_bot>, 'mechanical_eject': False, 'num_attempts': 6}
2023-04-01 19:54:23,753 : INFO : ball_device.bd_vuk_bot : State: ejecting
2023-04-01 19:54:23,753 : INFO : ball_device.bd_vuk_bot : Ejecting ball to <playfield.playfield>
2023-04-01 19:54:23,754 : INFO : EventManager : Event: ======'balldevice_bd_vuk_bot_ejecting_ball'====== Args={'balls': 1, 'target': <playfield.playfield>, 'source': <ball_device.bd_vuk_bot>, 'mechanical_eject': False, 'num_attempts': 6}
2023-04-01 19:54:23,754 : INFO : ball_device.bd_vuk_bot : Wait for ball to leave device
2023-04-01 19:54:23,754 : INFO : coil.c_l_vuk : Pulsing Driver for 120ms (1.0 pulse_power)
2023-04-01 19:54:25,755 : INFO : EventManager : Event: ======'balldevice_bd_vuk_bot_ball_eject_failed'====== Args={'target': <playfield.playfield>, 'balls': 1, 'retry': True, 'num_attempts': 7}
2023-04-01 19:54:25,755 : INFO : ball_device.bd_vuk_bot : State: waiting_for_target_ready
2023-04-01 19:54:25,756 : INFO : EventManager : Event: ======'balldevice_bd_vuk_bot_ball_eject_attempt'====== Args={'balls': 1, 'target': <playfield.playfield>, 'source': <ball_device.bd_vuk_bot>, 'mechanical_eject': False, 'num_attempts': 7}
2023-04-01 19:54:25,756 : INFO : ball_device.bd_vuk_bot : State: ejecting
2023-04-01 19:54:25,756 : INFO : ball_device.bd_vuk_bot : Ejecting ball to <playfield.playfield>
2023-04-01 19:54:25,756 : INFO : EventManager : Event: ======'balldevice_bd_vuk_bot_ejecting_ball'====== Args={'balls': 1, 'target': <playfield.playfield>, 'source': <ball_device.bd_vuk_bot>, 'mechanical_eject': False, 'num_attempts': 7}
2023-04-01 19:54:25,757 : INFO : ball_device.bd_vuk_bot : Wait for ball to leave device
2023-04-01 19:54:25,757 : INFO : coil.c_l_vuk : Pulsing Driver for 120ms (1.0 pulse_power)
2023-04-01 19:54:27,758 : INFO : EventManager : Event: ======'balldevice_bd_vuk_bot_ball_eject_failed'====== Args={'target': <playfield.playfield>, 'balls': 1, 'retry': True, 'num_attempts': 8}
2023-04-01 19:54:27,759 : INFO : ball_device.bd_vuk_bot : State: waiting_for_target_ready
2023-04-01 19:54:27,759 : INFO : EventManager : Event: ======'balldevice_bd_vuk_bot_ball_eject_attempt'====== Args={'balls': 1, 'target': <playfield.playfield>, 'source': <ball_device.bd_vuk_bot>, 'mechanical_eject': False, 'num_attempts': 8}
2023-04-01 19:54:27,760 : INFO : ball_device.bd_vuk_bot : State: ejecting
2023-04-01 19:54:27,760 : INFO : ball_device.bd_vuk_bot : Ejecting ball to <playfield.playfield>
2023-04-01 19:54:27,760 : INFO : EventManager : Event: ======'balldevice_bd_vuk_bot_ejecting_ball'====== Args={'balls': 1, 'target': <playfield.playfield>, 'source': <ball_device.bd_vuk_bot>, 'mechanical_eject': False, 'num_attempts': 8}
2023-04-01 19:54:27,761 : INFO : ball_device.bd_vuk_bot : Wait for ball to leave device
2023-04-01 19:54:27,761 : INFO : coil.c_l_vuk : Pulsing Driver for 120ms (1.0 pulse_power)
2023-04-01 19:54:29,769 : INFO : EventManager : Event: ======'balldevice_bd_vuk_bot_ball_eject_failed'====== Args={'target': <playfield.playfield>, 'balls': 1, 'retry': True, 'num_attempts': 9}
2023-04-01 19:54:29,770 : INFO : ball_device.bd_vuk_bot : State: waiting_for_target_ready
2023-04-01 19:54:29,770 : INFO : EventManager : Event: ======'balldevice_bd_vuk_bot_ball_eject_attempt'====== Args={'balls': 1, 'target': <playfield.playfield>, 'source': <ball_device.bd_vuk_bot>, 'mechanical_eject': False, 'num_attempts': 9}
2023-04-01 19:54:29,770 : INFO : ball_device.bd_vuk_bot : State: ejecting
2023-04-01 19:54:29,770 : INFO : ball_device.bd_vuk_bot : Ejecting ball to <playfield.playfield>
2023-04-01 19:54:29,771 : INFO : EventManager : Event: ======'balldevice_bd_vuk_bot_ejecting_ball'====== Args={'balls': 1, 'target': <playfield.playfield>, 'source': <ball_device.bd_vuk_bot>, 'mechanical_eject': False, 'num_attempts': 9}
2023-04-01 19:54:29,771 : INFO : ball_device.bd_vuk_bot : Wait for ball to leave device
2023-04-01 19:54:29,771 : INFO : coil.c_l_vuk : Pulsing Driver for 120ms (1.0 pulse_power)
2023-04-01 19:54:30,228 : INFO : SwitchController : <<<<<<< 's_tilt' active >>>>>>>
2023-04-01 19:54:30,229 : INFO : SwitchController : <<<<<<< 's_tilt' inactive >>>>>>>
2023-04-01 19:54:30,784 : INFO : SwitchController : <<<<<<< 's_tilt' active >>>>>>>
2023-04-01 19:54:30,792 : INFO : SwitchController : <<<<<<< 's_tilt' inactive >>>>>>>
2023-04-01 19:54:31,315 : INFO : SwitchController : <<<<<<< 's_right_flipper_1' active >>>>>>>
2023-04-01 19:54:31,338 : INFO : SwitchController : <<<<<<< 's_right_flipper_2' active >>>>>>>
2023-04-01 19:54:31,376 : INFO : SwitchController : <<<<<<< 's_tilt' active >>>>>>>
2023-04-01 19:54:31,382 : INFO : SwitchController : <<<<<<< 's_tilt' inactive >>>>>>>
2023-04-01 19:54:31,513 : INFO : SwitchController : <<<<<<< 's_right_flipper_2' inactive >>>>>>>
2023-04-01 19:54:31,534 : INFO : SwitchController : <<<<<<< 's_right_flipper_1' inactive >>>>>>>
2023-04-01 19:54:31,772 : INFO : EventManager : Event: ======'balldevice_bd_vuk_bot_ball_eject_failed'====== Args={'target': <playfield.playfield>, 'balls': 1, 'retry': True, 'num_attempts': 10}
2023-04-01 19:54:31,783 : INFO : ball_device.bd_vuk_bot : State: waiting_for_target_ready
2023-04-01 19:54:31,783 : INFO : EventManager : Event: ======'balldevice_bd_vuk_bot_ball_eject_attempt'====== Args={'balls': 1, 'target': <playfield.playfield>, 'source': <ball_device.bd_vuk_bot>, 'mechanical_eject': False, 'num_attempts': 10}
2023-04-01 19:54:31,784 : INFO : ball_device.bd_vuk_bot : State: ejecting
2023-04-01 19:54:31,784 : INFO : ball_device.bd_vuk_bot : Ejecting ball to <playfield.playfield>
2023-04-01 19:54:31,784 : INFO : EventManager : Event: ======'balldevice_bd_vuk_bot_ejecting_ball'====== Args={'balls': 1, 'target': <playfield.playfield>, 'source': <ball_device.bd_vuk_bot>, 'mechanical_eject': False, 'num_attempts': 10}
2023-04-01 19:54:31,785 : INFO : ball_device.bd_vuk_bot : Wait for ball to leave device
2023-04-01 19:54:31,785 : INFO : coil.c_l_vuk : Pulsing Driver for 120ms (1.0 pulse_power)
2023-04-01 19:54:32,186 : INFO : Machine : Shutting down...
2023-04-01 19:54:32,187 : INFO : EventManager : Event: ======'shutdown'====== Args={}
2023-04-01 19:54:32,302 : INFO : root : MPF run loop ended.
