2023-04-01 08:28:44,475 : INFO : root : Loading config.
2023-04-01 08:28:44,870 : INFO : ConfigProcessor : Config spec file cache created: /var/folders/0y/x6b2lmrx6vq3nhkjncz48nhc0000gn/T/config_spec.mpf_cache
2023-04-01 08:28:44,871 : INFO : YamlMultifileConfigLoader : Machine config file #1: config.yaml
2023-04-01 08:28:44,871 : INFO : ConfigProcessor : Loading config from cache: /var/folders/0y/x6b2lmrx6vq3nhkjncz48nhc0000gn/T/28c67afebeedf0bcd540f5dc9898a885.mpf_cache
2023-04-01 08:28:44,917 : INFO : ConfigProcessor : Loading config from cache: /var/folders/0y/x6b2lmrx6vq3nhkjncz48nhc0000gn/T/03cea1619b79a61f4f0eef3c59cdaa46.mpf_cache
2023-04-01 08:28:44,917 : INFO : ConfigProcessor : Loading config from cache: /var/folders/0y/x6b2lmrx6vq3nhkjncz48nhc0000gn/T/d3948d842c6309f14ab557c3c72320d0.mpf_cache
2023-04-01 08:28:44,918 : INFO : ConfigProcessor : Loading config from cache: /var/folders/0y/x6b2lmrx6vq3nhkjncz48nhc0000gn/T/a37a2141962f60258a07880b3484644a.mpf_cache
2023-04-01 08:28:44,918 : INFO : Machine : Mission Pinball Framework Core Engine v0.56.1.dev4
2023-04-01 08:28:44,918 : INFO : Machine : Command line arguments: {'no_load_cache': False, 'create_config_cache': True, 'bcp': False, 'configfile': ['config.yaml'], 'force_assets_load': False, 'jsonlogging': False, 'logfile': 'logs/2023-04-01-08-28-44-mpf-Tanners-MacBook-Pro-2.local.log', 'pause': False, 'production': False, 'text_ui': True, 'loglevel': 15, 'consoleloglevel': 20, 'force_platform': 'virtual', 'syslog_address': None, 'mc_file_name': None, 'no_sound': False}
2023-04-01 08:28:44,918 : INFO : Machine : MPF path: /Users/tpetch/.local/pipx/venvs/mpf/lib/python3.9/site-packages/mpf
2023-04-01 08:28:44,918 : INFO : Machine : Machine path: /Users/tpetch/Documents/trashland_3
2023-04-01 08:28:44,919 : INFO : Machine : Platform: darwin
2023-04-01 08:28:44,919 : INFO : Machine : Python executable location: /Users/tpetch/.local/pipx/venvs/mpf/bin/python
2023-04-01 08:28:44,919 : INFO : Machine : Python version: 3.9.13 (64-bit)
2023-04-01 08:28:44,924 : INFO : Machine : Initialise MPF.
2023-04-01 08:28:44,974 : INFO : EventManager : Event: ======'machine_var_credits_string'====== Args={'value': 'FREE PLAY', 'prev_value': None, 'change': True}
2023-04-01 08:28:45,000 : INFO : EventManager : Event: ======'machine_var_master_volume'====== Args={'value': 0.5, 'prev_value': None, 'change': True}
2023-04-01 08:28:45,001 : INFO : EventManager : Event: ======'machine_var_mpf_version'====== Args={'value': 'MPF v0.56.1.dev4', 'prev_value': None, 'change': True}
2023-04-01 08:28:45,001 : INFO : EventManager : Event: ======'machine_var_mpf_extended_version'====== Args={'value': 'MPF v0.56.1.dev4, Config version:5, Show version: 5, BCP version:1.1', 'prev_value': None, 'change': True}
2023-04-01 08:28:45,001 : INFO : EventManager : Event: ======'machine_var_python_version'====== Args={'value': '3.9.13', 'prev_value': None, 'change': True}
2023-04-01 08:28:45,011 : INFO : EventManager : Event: ======'machine_var_platform'====== Args={'value': 'macOS-10.16-x86_64-i386-64bit', 'prev_value': None, 'change': True}
2023-04-01 08:28:45,012 : INFO : EventManager : Event: ======'machine_var_platform_system'====== Args={'value': 'Darwin', 'prev_value': None, 'change': True}
2023-04-01 08:28:45,012 : INFO : EventManager : Event: ======'machine_var_platform_release'====== Args={'value': '22.2.0', 'prev_value': None, 'change': True}
2023-04-01 08:28:45,012 : INFO : EventManager : Event: ======'machine_var_platform_version'====== Args={'value': 'Darwin Kernel Version 22.2.0: Fri Nov 11 02:08:47 PST 2022; root:xnu-8792.61.2~4/RELEASE_X86_64', 'prev_value': None, 'change': True}
2023-04-01 08:28:45,012 : INFO : EventManager : Event: ======'machine_var_platform_machine'====== Args={'value': 'x86_64', 'prev_value': None, 'change': True}
2023-04-01 08:28:45,012 : INFO : EventManager : Event: ======'init_phase_1'====== Args={}
2023-04-01 08:28:45,071 : INFO : EventManager : Event: ======'init_phase_2'====== Args={}
2023-04-01 08:28:45,076 : INFO : ball_device.bd_vuk_back : BCH: Initial count: 0
2023-04-01 08:28:45,077 : INFO : ball_device.bd_vuk_back : State: idle
2023-04-01 08:28:45,077 : INFO : ball_device.bd_vuk_right : BCH: Initial count: 0
2023-04-01 08:28:45,077 : INFO : ball_device.bd_vuk_right : State: idle
2023-04-01 08:28:45,078 : INFO : ball_device.bd_vuk_bot : BCH: Initial count: 0
2023-04-01 08:28:45,078 : INFO : ball_device.bd_vuk_bot : State: idle
2023-04-01 08:28:45,079 : INFO : ball_device.bd_trough : BCH: Initial count: 0
2023-04-01 08:28:45,079 : INFO : ball_device.bd_trough : State: idle
2023-04-01 08:28:45,079 : INFO : ball_device.bd_plunger : BCH: Initial count: 0
2023-04-01 08:28:45,079 : INFO : ball_device.bd_plunger : State: idle
2023-04-01 08:28:45,092 : INFO : EventManager : Event: ======'init_phase_3'====== Args={}
2023-04-01 08:28:45,099 : INFO : EventManager : Event: ======'init_phase_4'====== Args={}
2023-04-01 08:28:45,099 : INFO : BallController : Initial balls found: 0
2023-04-01 08:28:45,103 : INFO : EventManager : Event: ======'machine_var_audits_events_game_ended'====== Args={'value': 0, 'prev_value': None, 'change': True}
2023-04-01 08:28:45,103 : INFO : EventManager : Event: ======'machine_var_audits_events_game_started'====== Args={'value': 7, 'prev_value': None, 'change': True}
2023-04-01 08:28:45,103 : INFO : EventManager : Event: ======'machine_var_audits_player_score'====== Args={'value': {'average': 0, 'top': [], 'total': 0}, 'prev_value': None, 'change': True}
2023-04-01 08:28:45,104 : INFO : EventManager : Event: ======'machine_var_audits_switches_s_autolauncher'====== Args={'value': 12, 'prev_value': None, 'change': True}
2023-04-01 08:28:45,104 : INFO : EventManager : Event: ======'machine_var_audits_switches_s_b_eos'====== Args={'value': 139, 'prev_value': None, 'change': True}
2023-04-01 08:28:45,104 : INFO : EventManager : Event: ======'machine_var_audits_switches_s_b_pop'====== Args={'value': 32, 'prev_value': None, 'change': True}
2023-04-01 08:28:45,104 : INFO : EventManager : Event: ======'machine_var_audits_switches_s_b_rollover_interchange'====== Args={'value': 2, 'prev_value': None, 'change': True}
2023-04-01 08:28:45,104 : INFO : EventManager : Event: ======'machine_var_audits_switches_s_b_rollover_loop'====== Args={'value': 1, 'prev_value': None, 'change': True}
2023-04-01 08:28:45,104 : INFO : EventManager : Event: ======'machine_var_audits_switches_s_b_rollover_misc'====== Args={'value': 2, 'prev_value': None, 'change': True}
2023-04-01 08:28:45,104 : INFO : EventManager : Event: ======'machine_var_audits_switches_s_b_target_left'====== Args={'value': 1, 'prev_value': None, 'change': True}
2023-04-01 08:28:45,104 : INFO : EventManager : Event: ======'machine_var_audits_switches_s_b_target_right'====== Args={'value': 2, 'prev_value': None, 'change': True}
2023-04-01 08:28:45,105 : INFO : EventManager : Event: ======'machine_var_audits_switches_s_drop_mid_center'====== Args={'value': 0, 'prev_value': None, 'change': True}
2023-04-01 08:28:45,105 : INFO : EventManager : Event: ======'machine_var_audits_switches_s_drop_mid_left'====== Args={'value': 0, 'prev_value': None, 'change': True}
2023-04-01 08:28:45,105 : INFO : EventManager : Event: ======'machine_var_audits_switches_s_drop_mid_right'====== Args={'value': 0, 'prev_value': None, 'change': True}
2023-04-01 08:28:45,105 : INFO : EventManager : Event: ======'machine_var_audits_switches_s_drop_right_left'====== Args={'value': 0, 'prev_value': None, 'change': True}
2023-04-01 08:28:45,105 : INFO : EventManager : Event: ======'machine_var_audits_switches_s_drop_right_right'====== Args={'value': 0, 'prev_value': None, 'change': True}
2023-04-01 08:28:45,105 : INFO : EventManager : Event: ======'machine_var_audits_switches_s_drop_scoop'====== Args={'value': 0, 'prev_value': None, 'change': True}
2023-04-01 08:28:45,105 : INFO : EventManager : Event: ======'machine_var_audits_switches_s_drop_single'====== Args={'value': 1, 'prev_value': None, 'change': True}
2023-04-01 08:28:45,105 : INFO : EventManager : Event: ======'machine_var_audits_switches_s_flip_left_eos'====== Args={'value': 997, 'prev_value': None, 'change': True}
2023-04-01 08:28:45,106 : INFO : EventManager : Event: ======'machine_var_audits_switches_s_flip_left_top_eos'====== Args={'value': 61, 'prev_value': None, 'change': True}
2023-04-01 08:28:45,106 : INFO : EventManager : Event: ======'machine_var_audits_switches_s_flip_right_eos'====== Args={'value': 140, 'prev_value': None, 'change': True}
2023-04-01 08:28:45,106 : INFO : EventManager : Event: ======'machine_var_audits_switches_s_inlane_left'====== Args={'value': 0, 'prev_value': None, 'change': True}
2023-04-01 08:28:45,106 : INFO : EventManager : Event: ======'machine_var_audits_switches_s_inlane_right'====== Args={'value': 1, 'prev_value': None, 'change': True}
2023-04-01 08:28:45,106 : INFO : EventManager : Event: ======'machine_var_audits_switches_s_l_rollover'====== Args={'value': 1, 'prev_value': None, 'change': True}
2023-04-01 08:28:45,106 : INFO : EventManager : Event: ======'machine_var_audits_switches_s_l_target_far'====== Args={'value': 1, 'prev_value': None, 'change': True}
2023-04-01 08:28:45,107 : INFO : EventManager : Event: ======'machine_var_audits_switches_s_l_target_large'====== Args={'value': 1, 'prev_value': None, 'change': True}
2023-04-01 08:28:45,107 : INFO : EventManager : Event: ======'machine_var_audits_switches_s_l_target_left'====== Args={'value': 2, 'prev_value': None, 'change': True}
2023-04-01 08:28:45,107 : INFO : EventManager : Event: ======'machine_var_audits_switches_s_l_target_right'====== Args={'value': 1, 'prev_value': None, 'change': True}
2023-04-01 08:28:45,107 : INFO : EventManager : Event: ======'machine_var_audits_switches_s_l_vuk'====== Args={'value': 5, 'prev_value': None, 'change': True}
2023-04-01 08:28:45,107 : INFO : EventManager : Event: ======'machine_var_audits_switches_s_launch'====== Args={'value': 20, 'prev_value': None, 'change': True}
2023-04-01 08:28:45,107 : INFO : EventManager : Event: ======'machine_var_audits_switches_s_left_flipper_1'====== Args={'value': 73, 'prev_value': None, 'change': True}
2023-04-01 08:28:45,107 : INFO : EventManager : Event: ======'machine_var_audits_switches_s_left_flipper_2'====== Args={'value': 121, 'prev_value': None, 'change': True}
2023-04-01 08:28:45,108 : INFO : EventManager : Event: ======'machine_var_audits_switches_s_lock_1'====== Args={'value': 1, 'prev_value': None, 'change': True}
2023-04-01 08:28:45,108 : INFO : EventManager : Event: ======'machine_var_audits_switches_s_lock_2'====== Args={'value': 1, 'prev_value': None, 'change': True}
2023-04-01 08:28:45,108 : INFO : EventManager : Event: ======'machine_var_audits_switches_s_lock_3'====== Args={'value': 1, 'prev_value': None, 'change': True}
2023-04-01 08:28:45,108 : INFO : EventManager : Event: ======'machine_var_audits_switches_s_outlane_left'====== Args={'value': 0, 'prev_value': None, 'change': True}
2023-04-01 08:28:45,108 : INFO : EventManager : Event: ======'machine_var_audits_switches_s_outlane_right'====== Args={'value': 1, 'prev_value': None, 'change': True}
2023-04-01 08:28:45,109 : INFO : EventManager : Event: ======'machine_var_audits_switches_s_pop_left'====== Args={'value': 8, 'prev_value': None, 'change': True}
2023-04-01 08:28:45,109 : INFO : EventManager : Event: ======'machine_var_audits_switches_s_pop_lower'====== Args={'value': 21, 'prev_value': None, 'change': True}
2023-04-01 08:28:45,109 : INFO : EventManager : Event: ======'machine_var_audits_switches_s_pop_right'====== Args={'value': 19, 'prev_value': None, 'change': True}
2023-04-01 08:28:45,109 : INFO : EventManager : Event: ======'machine_var_audits_switches_s_right_flipper_1'====== Args={'value': 178, 'prev_value': None, 'change': True}
2023-04-01 08:28:45,110 : INFO : EventManager : Event: ======'machine_var_audits_switches_s_right_flipper_2'====== Args={'value': 541, 'prev_value': None, 'change': True}
2023-04-01 08:28:45,110 : INFO : EventManager : Event: ======'machine_var_audits_switches_s_rollover_left'====== Args={'value': 23, 'prev_value': None, 'change': True}
2023-04-01 08:28:45,110 : INFO : EventManager : Event: ======'machine_var_audits_switches_s_rollover_right'====== Args={'value': 480, 'prev_value': None, 'change': True}
2023-04-01 08:28:45,111 : INFO : EventManager : Event: ======'machine_var_audits_switches_s_sling_left'====== Args={'value': 2, 'prev_value': None, 'change': True}
2023-04-01 08:28:45,111 : INFO : EventManager : Event: ======'machine_var_audits_switches_s_sling_right'====== Args={'value': 6, 'prev_value': None, 'change': True}
2023-04-01 08:28:45,111 : INFO : EventManager : Event: ======'machine_var_audits_switches_s_start'====== Args={'value': 5, 'prev_value': None, 'change': True}
2023-04-01 08:28:45,111 : INFO : EventManager : Event: ======'machine_var_audits_switches_s_tilt'====== Args={'value': 1, 'prev_value': None, 'change': True}
2023-04-01 08:28:45,112 : INFO : EventManager : Event: ======'machine_var_audits_switches_s_trough_1'====== Args={'value': 0, 'prev_value': None, 'change': True}
2023-04-01 08:28:45,112 : INFO : EventManager : Event: ======'machine_var_audits_switches_s_trough_2'====== Args={'value': 6, 'prev_value': None, 'change': True}
2023-04-01 08:28:45,112 : INFO : EventManager : Event: ======'machine_var_audits_switches_s_trough_3'====== Args={'value': 4, 'prev_value': None, 'change': True}
2023-04-01 08:28:45,112 : INFO : EventManager : Event: ======'machine_var_audits_switches_s_trough_4'====== Args={'value': 4, 'prev_value': None, 'change': True}
2023-04-01 08:28:45,113 : INFO : EventManager : Event: ======'machine_var_audits_switches_s_trough_5'====== Args={'value': 4, 'prev_value': None, 'change': True}
2023-04-01 08:28:45,113 : INFO : EventManager : Event: ======'machine_var_audits_switches_s_trough_6'====== Args={'value': 4, 'prev_value': None, 'change': True}
2023-04-01 08:28:45,113 : INFO : EventManager : Event: ======'machine_var_audits_switches_s_trough_jam'====== Args={'value': 10, 'prev_value': None, 'change': True}
2023-04-01 08:28:45,113 : INFO : EventManager : Event: ======'machine_var_audits_switches_s_vuk_back'====== Args={'value': 10, 'prev_value': None, 'change': True}
2023-04-01 08:28:45,114 : INFO : EventManager : Event: ======'machine_var_audits_switches_s_vuk_right'====== Args={'value': 0, 'prev_value': None, 'change': True}
2023-04-01 08:28:45,114 : INFO : EventManager : Event: ======'machine_var_audits_switches_s_u_rollover'====== Args={'value': 0, 'prev_value': None, 'change': True}
2023-04-01 08:28:45,114 : INFO : EventManager : Event: ======'machine_var_audits_switches_s_u_target'====== Args={'value': 0, 'prev_value': None, 'change': True}
2023-04-01 08:28:45,114 : INFO : EventManager : Event: ======'machine_var_audits_switches_s_u_lane_r'====== Args={'value': 0, 'prev_value': None, 'change': True}
2023-04-01 08:28:45,115 : INFO : EventManager : Event: ======'machine_var_audits_switches_s_u_lane_l'====== Args={'value': 0, 'prev_value': None, 'change': True}
2023-04-01 08:28:45,131 : INFO : EventManager : Event: ======'init_phase_5'====== Args={}
2023-04-01 08:28:45,131 : INFO : EventManager : Event: ======'init_done'====== Args={}
2023-04-01 08:28:45,132 : INFO : EventManager : Event: ======'machine_reset_phase_1'====== Args={}
2023-04-01 08:28:45,132 : INFO : EventManager : Event: ======'machine_reset_phase_2'====== Args={}
2023-04-01 08:28:45,132 : INFO : EventManager : Event: ======'machine_reset_phase_3'====== Args={}
2023-04-01 08:28:45,134 : INFO : EventManager : Event: ======'reset_complete'====== Args={}
2023-04-01 08:28:45,134 : INFO : EventManager : Event: ======'mode_attract_will_start'====== Args={}
2023-04-01 08:28:45,134 : INFO : EventManager : Event: ======'mode_attract_starting'====== Args={}
2023-04-01 08:28:45,134 : INFO : Mode.attract : Started. Priority: 10
2023-04-01 08:28:45,134 : INFO : EventManager : Event: ======'modes_active_modes_changed'====== Args={}
2023-04-01 08:28:45,134 : INFO : EventManager : Event: ======'mode_attract_started'====== Args={}
2023-04-01 08:28:45,134 : INFO : EventManager : Event: ======'collecting_balls_complete'====== Args={}
2023-04-01 08:28:45,135 : INFO : Machine : Starting the main run loop.
2023-04-01 08:28:49,514 : INFO : BcpServer : New client connected.
2023-04-01 08:28:51,034 : INFO : Machine : Shutting down...
2023-04-01 08:28:51,035 : INFO : EventManager : Event: ======'shutdown'====== Args={}
2023-04-01 08:28:51,040 : INFO : root : MPF run loop ended.
