2023-04-01 11:41:14,431 : INFO : root : Loading config.
2023-04-01 11:41:14,840 : INFO : ConfigProcessor : Config spec file cache created: /var/folders/0y/x6b2lmrx6vq3nhkjncz48nhc0000gn/T/config_spec.mpf_cache
2023-04-01 11:41:14,840 : INFO : YamlMultifileConfigLoader : Machine config file #1: config.yaml
2023-04-01 11:41:14,841 : INFO : ConfigProcessor : Loading config from cache: /var/folders/0y/x6b2lmrx6vq3nhkjncz48nhc0000gn/T/28c67afebeedf0bcd540f5dc9898a885.mpf_cache
2023-04-01 11:41:14,891 : INFO : ConfigProcessor : Loading config from cache: /var/folders/0y/x6b2lmrx6vq3nhkjncz48nhc0000gn/T/03cea1619b79a61f4f0eef3c59cdaa46.mpf_cache
2023-04-01 11:41:14,892 : INFO : ConfigProcessor : Loading config from cache: /var/folders/0y/x6b2lmrx6vq3nhkjncz48nhc0000gn/T/d3948d842c6309f14ab557c3c72320d0.mpf_cache
2023-04-01 11:41:14,894 : INFO : ConfigProcessor : Loading config from cache: /var/folders/0y/x6b2lmrx6vq3nhkjncz48nhc0000gn/T/a37a2141962f60258a07880b3484644a.mpf_cache
2023-04-01 11:41:14,895 : INFO : Machine : Mission Pinball Framework Core Engine v0.56.1.dev4
2023-04-01 11:41:14,895 : INFO : Machine : Command line arguments: {'no_load_cache': False, 'create_config_cache': True, 'bcp': False, 'configfile': ['config.yaml'], 'force_assets_load': False, 'jsonlogging': False, 'logfile': 'logs/2023-04-01-11-41-14-mpf-Tanners-MacBook-Pro-2.local.log', 'pause': False, 'production': False, 'text_ui': True, 'loglevel': 15, 'consoleloglevel': 20, 'force_platform': None, 'syslog_address': None, 'mc_file_name': None, 'no_sound': False}
2023-04-01 11:41:14,895 : INFO : Machine : MPF path: /Users/tpetch/.local/pipx/venvs/mpf/lib/python3.9/site-packages/mpf
2023-04-01 11:41:14,896 : INFO : Machine : Machine path: /Users/tpetch/Documents/trashland_3
2023-04-01 11:41:14,896 : INFO : Machine : Platform: darwin
2023-04-01 11:41:14,896 : INFO : Machine : Python executable location: /Users/tpetch/.local/pipx/venvs/mpf/bin/python
2023-04-01 11:41:14,896 : INFO : Machine : Python version: 3.9.13 (64-bit)
2023-04-01 11:41:14,902 : INFO : Machine : Initialise MPF.
2023-04-01 11:41:14,963 : INFO : [NET] : Trying to connect to /dev/tty.usbmodem141401 at 921600bps
2023-04-01 11:41:14,970 : INFO : [NET] : Connected to /dev/tty.usbmodem141401 at 921600bps
2023-04-01 11:41:14,983 : INFO : [NET] : Connected to FP-CPU-2000 with firmware v02.06
2023-04-01 11:41:14,983 : INFO : EventManager : Event: ======'machine_var_fast_net_firmware'====== Args={'value': '02.06', 'prev_value': None, 'change': True}
2023-04-01 11:41:14,983 : INFO : EventManager : Event: ======'machine_var_fast_net_model'====== Args={'value': 'FP-CPU-2000', 'prev_value': None, 'change': True}
2023-04-01 11:41:14,986 : INFO : [NET] : Registered I/O Board 0: Model: FP-I/O-0804, Firmware: 01.09, Switches: 8, Drivers: 4
2023-04-01 11:41:14,987 : INFO : [NET] : Registered I/O Board 1: Model: FP-I/O-0804, Firmware: 01.09, Switches: 8, Drivers: 4
2023-04-01 11:41:14,988 : INFO : [NET] : Registered I/O Board 2: Model: FP-I/O-3208, Firmware: 01.09, Switches: 32, Drivers: 8
2023-04-01 11:41:14,990 : INFO : [NET] : Registered I/O Board 3: Model: FP-I/O-1616, Firmware: 01.09, Switches: 16, Drivers: 16
2023-04-01 11:41:14,991 : INFO : [NET] : Registered I/O Board 4: Model: FP-I/O-3208, Firmware: 01.09, Switches: 32, Drivers: 8
2023-04-01 11:41:14,993 : INFO : [EXP] : Trying to connect to /dev/tty.usbmodem141403 at 921600bps
2023-04-01 11:41:14,998 : INFO : [EXP] : Connected to /dev/tty.usbmodem141403 at 921600bps
2023-04-01 11:41:15,004 : INFO : EventManager : Event: ======'machine_var_credits_string'====== Args={'value': 'FREE PLAY', 'prev_value': None, 'change': True}
2023-04-01 11:41:15,031 : INFO : EventManager : Event: ======'machine_var_master_volume'====== Args={'value': 0.5, 'prev_value': None, 'change': True}
2023-04-01 11:41:15,031 : INFO : EventManager : Event: ======'machine_var_player1_score'====== Args={'value': 0, 'prev_value': None, 'change': True}
2023-04-01 11:41:15,031 : INFO : EventManager : Event: ======'machine_var_mpf_version'====== Args={'value': 'MPF v0.56.1.dev4', 'prev_value': None, 'change': True}
2023-04-01 11:41:15,031 : INFO : EventManager : Event: ======'machine_var_mpf_extended_version'====== Args={'value': 'MPF v0.56.1.dev4, Config version:5, Show version: 5, BCP version:1.1', 'prev_value': None, 'change': True}
2023-04-01 11:41:15,031 : INFO : EventManager : Event: ======'machine_var_python_version'====== Args={'value': '3.9.13', 'prev_value': None, 'change': True}
2023-04-01 11:41:15,043 : INFO : EventManager : Event: ======'machine_var_platform'====== Args={'value': 'macOS-10.16-x86_64-i386-64bit', 'prev_value': None, 'change': True}
2023-04-01 11:41:15,044 : INFO : EventManager : Event: ======'machine_var_platform_system'====== Args={'value': 'Darwin', 'prev_value': None, 'change': True}
2023-04-01 11:41:15,044 : INFO : EventManager : Event: ======'machine_var_platform_release'====== Args={'value': '22.2.0', 'prev_value': None, 'change': True}
2023-04-01 11:41:15,044 : INFO : EventManager : Event: ======'machine_var_platform_version'====== Args={'value': 'Darwin Kernel Version 22.2.0: Fri Nov 11 02:08:47 PST 2022; root:xnu-8792.61.2~4/RELEASE_X86_64', 'prev_value': None, 'change': True}
2023-04-01 11:41:15,044 : INFO : EventManager : Event: ======'machine_var_platform_machine'====== Args={'value': 'x86_64', 'prev_value': None, 'change': True}
2023-04-01 11:41:15,044 : INFO : EventManager : Event: ======'init_phase_1'====== Args={}
2023-04-01 11:41:15,110 : INFO : EventManager : Event: ======'init_phase_2'====== Args={}
2023-04-01 11:41:15,112 : INFO : SwitchController : Found active switch: (('1D', 0), <Platform.FAST>) <switch.s_trough_1>
2023-04-01 11:41:15,112 : INFO : SwitchController : Found active switch: (('1C', 0), <Platform.FAST>) <switch.s_trough_2>
2023-04-01 11:41:15,112 : INFO : SwitchController : Found active switch: (('1B', 0), <Platform.FAST>) <switch.s_trough_3>
2023-04-01 11:41:15,112 : INFO : SwitchController : Found active switch: (('1A', 0), <Platform.FAST>) <switch.s_trough_4>
2023-04-01 11:41:15,112 : INFO : SwitchController : Found active switch: (('19', 0), <Platform.FAST>) <switch.s_trough_5>
2023-04-01 11:41:15,112 : INFO : SwitchController : Found active switch: (('18', 0), <Platform.FAST>) <switch.s_trough_6>
2023-04-01 11:41:15,112 : INFO : SwitchController : Found active switch: (('34', 0), <Platform.FAST>) <switch.s_drop_scoop>
2023-04-01 11:41:15,112 : INFO : SwitchController : Found active switch: (('35', 0), <Platform.FAST>) <switch.s_drop_mid_left>
2023-04-01 11:41:15,112 : INFO : SwitchController : Found active switch: (('36', 0), <Platform.FAST>) <switch.s_drop_mid_center>
2023-04-01 11:41:15,112 : INFO : SwitchController : Found active switch: (('37', 0), <Platform.FAST>) <switch.s_drop_mid_right>
2023-04-01 11:41:15,118 : INFO : ball_device.bd_vuk_back : BCH: Initial count: 0
2023-04-01 11:41:15,118 : INFO : ball_device.bd_vuk_back : State: idle
2023-04-01 11:41:15,118 : INFO : ball_device.bd_vuk_right : BCH: Initial count: 0
2023-04-01 11:41:15,119 : INFO : ball_device.bd_vuk_right : State: idle
2023-04-01 11:41:15,119 : INFO : ball_device.bd_b_lock : BCH: Initial count: 0
2023-04-01 11:41:15,119 : INFO : ball_device.bd_b_lock : State: idle
2023-04-01 11:41:15,120 : INFO : ball_device.bd_vuk_bot : BCH: Initial count: 0
2023-04-01 11:41:15,120 : INFO : ball_device.bd_vuk_bot : State: idle
2023-04-01 11:41:15,121 : INFO : ball_device.bd_trough : BCH: Initial count: 5
2023-04-01 11:41:15,121 : INFO : ball_device.bd_trough : State: idle
2023-04-01 11:41:15,121 : INFO : ball_device.bd_plunger : BCH: Initial count: 0
2023-04-01 11:41:15,121 : INFO : ball_device.bd_plunger : State: idle
2023-04-01 11:41:15,135 : INFO : EventManager : Event: ======'init_phase_3'====== Args={}
2023-04-01 11:41:15,140 : INFO : EventManager : Event: ======'init_phase_4'====== Args={}
2023-04-01 11:41:15,140 : INFO : BallController : Initial balls found: 5
2023-04-01 11:41:15,142 : INFO : EventManager : Event: ======'machine_var_audits_events_game_ended'====== Args={'value': 1, 'prev_value': None, 'change': True}
2023-04-01 11:41:15,142 : INFO : EventManager : Event: ======'machine_var_audits_events_game_started'====== Args={'value': 9, 'prev_value': None, 'change': True}
2023-04-01 11:41:15,142 : INFO : EventManager : Event: ======'machine_var_audits_player_score'====== Args={'value': {'average': 0.0, 'top': [0], 'total': 1}, 'prev_value': None, 'change': True}
2023-04-01 11:41:15,142 : INFO : EventManager : Event: ======'machine_var_audits_switches_s_autolauncher'====== Args={'value': 28, 'prev_value': None, 'change': True}
2023-04-01 11:41:15,142 : INFO : EventManager : Event: ======'machine_var_audits_switches_s_b_eos'====== Args={'value': 160, 'prev_value': None, 'change': True}
2023-04-01 11:41:15,143 : INFO : EventManager : Event: ======'machine_var_audits_switches_s_b_pop'====== Args={'value': 32, 'prev_value': None, 'change': True}
2023-04-01 11:41:15,143 : INFO : EventManager : Event: ======'machine_var_audits_switches_s_b_rollover_interchange'====== Args={'value': 2, 'prev_value': None, 'change': True}
2023-04-01 11:41:15,143 : INFO : EventManager : Event: ======'machine_var_audits_switches_s_b_rollover_loop'====== Args={'value': 1, 'prev_value': None, 'change': True}
2023-04-01 11:41:15,143 : INFO : EventManager : Event: ======'machine_var_audits_switches_s_b_rollover_misc'====== Args={'value': 2, 'prev_value': None, 'change': True}
2023-04-01 11:41:15,143 : INFO : EventManager : Event: ======'machine_var_audits_switches_s_b_target_left'====== Args={'value': 1, 'prev_value': None, 'change': True}
2023-04-01 11:41:15,143 : INFO : EventManager : Event: ======'machine_var_audits_switches_s_b_target_right'====== Args={'value': 2, 'prev_value': None, 'change': True}
2023-04-01 11:41:15,143 : INFO : EventManager : Event: ======'machine_var_audits_switches_s_drop_mid_center'====== Args={'value': 0, 'prev_value': None, 'change': True}
2023-04-01 11:41:15,143 : INFO : EventManager : Event: ======'machine_var_audits_switches_s_drop_mid_left'====== Args={'value': 0, 'prev_value': None, 'change': True}
2023-04-01 11:41:15,143 : INFO : EventManager : Event: ======'machine_var_audits_switches_s_drop_mid_right'====== Args={'value': 0, 'prev_value': None, 'change': True}
2023-04-01 11:41:15,144 : INFO : EventManager : Event: ======'machine_var_audits_switches_s_drop_right_left'====== Args={'value': 0, 'prev_value': None, 'change': True}
2023-04-01 11:41:15,144 : INFO : EventManager : Event: ======'machine_var_audits_switches_s_drop_right_right'====== Args={'value': 0, 'prev_value': None, 'change': True}
2023-04-01 11:41:15,144 : INFO : EventManager : Event: ======'machine_var_audits_switches_s_drop_scoop'====== Args={'value': 0, 'prev_value': None, 'change': True}
2023-04-01 11:41:15,144 : INFO : EventManager : Event: ======'machine_var_audits_switches_s_drop_single'====== Args={'value': 1, 'prev_value': None, 'change': True}
2023-04-01 11:41:15,144 : INFO : EventManager : Event: ======'machine_var_audits_switches_s_flip_left_eos'====== Args={'value': 1156, 'prev_value': None, 'change': True}
2023-04-01 11:41:15,145 : INFO : EventManager : Event: ======'machine_var_audits_switches_s_flip_left_top_eos'====== Args={'value': 68, 'prev_value': None, 'change': True}
2023-04-01 11:41:15,145 : INFO : EventManager : Event: ======'machine_var_audits_switches_s_flip_right_eos'====== Args={'value': 147, 'prev_value': None, 'change': True}
2023-04-01 11:41:15,145 : INFO : EventManager : Event: ======'machine_var_audits_switches_s_inlane_left'====== Args={'value': 0, 'prev_value': None, 'change': True}
2023-04-01 11:41:15,145 : INFO : EventManager : Event: ======'machine_var_audits_switches_s_inlane_right'====== Args={'value': 1, 'prev_value': None, 'change': True}
2023-04-01 11:41:15,145 : INFO : EventManager : Event: ======'machine_var_audits_switches_s_l_rollover'====== Args={'value': 1, 'prev_value': None, 'change': True}
2023-04-01 11:41:15,145 : INFO : EventManager : Event: ======'machine_var_audits_switches_s_l_target_far'====== Args={'value': 1, 'prev_value': None, 'change': True}
2023-04-01 11:41:15,146 : INFO : EventManager : Event: ======'machine_var_audits_switches_s_l_target_large'====== Args={'value': 1, 'prev_value': None, 'change': True}
2023-04-01 11:41:15,146 : INFO : EventManager : Event: ======'machine_var_audits_switches_s_l_target_left'====== Args={'value': 2, 'prev_value': None, 'change': True}
2023-04-01 11:41:15,146 : INFO : EventManager : Event: ======'machine_var_audits_switches_s_l_target_right'====== Args={'value': 1, 'prev_value': None, 'change': True}
2023-04-01 11:41:15,146 : INFO : EventManager : Event: ======'machine_var_audits_switches_s_l_vuk'====== Args={'value': 5, 'prev_value': None, 'change': True}
2023-04-01 11:41:15,147 : INFO : EventManager : Event: ======'machine_var_audits_switches_s_launch'====== Args={'value': 32, 'prev_value': None, 'change': True}
2023-04-01 11:41:15,147 : INFO : EventManager : Event: ======'machine_var_audits_switches_s_left_flipper_1'====== Args={'value': 86, 'prev_value': None, 'change': True}
2023-04-01 11:41:15,148 : INFO : EventManager : Event: ======'machine_var_audits_switches_s_left_flipper_2'====== Args={'value': 152, 'prev_value': None, 'change': True}
2023-04-01 11:41:15,148 : INFO : EventManager : Event: ======'machine_var_audits_switches_s_lock_1'====== Args={'value': 1, 'prev_value': None, 'change': True}
2023-04-01 11:41:15,148 : INFO : EventManager : Event: ======'machine_var_audits_switches_s_lock_2'====== Args={'value': 1, 'prev_value': None, 'change': True}
2023-04-01 11:41:15,148 : INFO : EventManager : Event: ======'machine_var_audits_switches_s_lock_3'====== Args={'value': 1, 'prev_value': None, 'change': True}
2023-04-01 11:41:15,148 : INFO : EventManager : Event: ======'machine_var_audits_switches_s_outlane_left'====== Args={'value': 0, 'prev_value': None, 'change': True}
2023-04-01 11:41:15,148 : INFO : EventManager : Event: ======'machine_var_audits_switches_s_outlane_right'====== Args={'value': 1, 'prev_value': None, 'change': True}
2023-04-01 11:41:15,149 : INFO : EventManager : Event: ======'machine_var_audits_switches_s_pop_left'====== Args={'value': 13, 'prev_value': None, 'change': True}
2023-04-01 11:41:15,149 : INFO : EventManager : Event: ======'machine_var_audits_switches_s_pop_lower'====== Args={'value': 23, 'prev_value': None, 'change': True}
2023-04-01 11:41:15,149 : INFO : EventManager : Event: ======'machine_var_audits_switches_s_pop_right'====== Args={'value': 30, 'prev_value': None, 'change': True}
2023-04-01 11:41:15,149 : INFO : EventManager : Event: ======'machine_var_audits_switches_s_right_flipper_1'====== Args={'value': 199, 'prev_value': None, 'change': True}
2023-04-01 11:41:15,149 : INFO : EventManager : Event: ======'machine_var_audits_switches_s_right_flipper_2'====== Args={'value': 546, 'prev_value': None, 'change': True}
2023-04-01 11:41:15,149 : INFO : EventManager : Event: ======'machine_var_audits_switches_s_rollover_left'====== Args={'value': 24, 'prev_value': None, 'change': True}
2023-04-01 11:41:15,150 : INFO : EventManager : Event: ======'machine_var_audits_switches_s_rollover_right'====== Args={'value': 480, 'prev_value': None, 'change': True}
2023-04-01 11:41:15,150 : INFO : EventManager : Event: ======'machine_var_audits_switches_s_sling_left'====== Args={'value': 5, 'prev_value': None, 'change': True}
2023-04-01 11:41:15,150 : INFO : EventManager : Event: ======'machine_var_audits_switches_s_sling_right'====== Args={'value': 12, 'prev_value': None, 'change': True}
2023-04-01 11:41:15,150 : INFO : EventManager : Event: ======'machine_var_audits_switches_s_start'====== Args={'value': 5, 'prev_value': None, 'change': True}
2023-04-01 11:41:15,150 : INFO : EventManager : Event: ======'machine_var_audits_switches_s_tilt'====== Args={'value': 1, 'prev_value': None, 'change': True}
2023-04-01 11:41:15,151 : INFO : EventManager : Event: ======'machine_var_audits_switches_s_trough_1'====== Args={'value': 0, 'prev_value': None, 'change': True}
2023-04-01 11:41:15,151 : INFO : EventManager : Event: ======'machine_var_audits_switches_s_trough_2'====== Args={'value': 10, 'prev_value': None, 'change': True}
2023-04-01 11:41:15,151 : INFO : EventManager : Event: ======'machine_var_audits_switches_s_trough_3'====== Args={'value': 8, 'prev_value': None, 'change': True}
2023-04-01 11:41:15,151 : INFO : EventManager : Event: ======'machine_var_audits_switches_s_trough_4'====== Args={'value': 8, 'prev_value': None, 'change': True}
2023-04-01 11:41:15,151 : INFO : EventManager : Event: ======'machine_var_audits_switches_s_trough_5'====== Args={'value': 8, 'prev_value': None, 'change': True}
2023-04-01 11:41:15,151 : INFO : EventManager : Event: ======'machine_var_audits_switches_s_trough_6'====== Args={'value': 8, 'prev_value': None, 'change': True}
2023-04-01 11:41:15,152 : INFO : EventManager : Event: ======'machine_var_audits_switches_s_trough_jam'====== Args={'value': 14, 'prev_value': None, 'change': True}
2023-04-01 11:41:15,152 : INFO : EventManager : Event: ======'machine_var_audits_switches_s_u_lane_l'====== Args={'value': 0, 'prev_value': None, 'change': True}
2023-04-01 11:41:15,152 : INFO : EventManager : Event: ======'machine_var_audits_switches_s_u_lane_r'====== Args={'value': 0, 'prev_value': None, 'change': True}
2023-04-01 11:41:15,152 : INFO : EventManager : Event: ======'machine_var_audits_switches_s_u_rollover'====== Args={'value': 0, 'prev_value': None, 'change': True}
2023-04-01 11:41:15,153 : INFO : EventManager : Event: ======'machine_var_audits_switches_s_u_target'====== Args={'value': 0, 'prev_value': None, 'change': True}
2023-04-01 11:41:15,153 : INFO : EventManager : Event: ======'machine_var_audits_switches_s_vuk_back'====== Args={'value': 28, 'prev_value': None, 'change': True}
2023-04-01 11:41:15,153 : INFO : EventManager : Event: ======'machine_var_audits_switches_s_vuk_right'====== Args={'value': 0, 'prev_value': None, 'change': True}
2023-04-01 11:41:15,169 : INFO : EventManager : Event: ======'init_phase_5'====== Args={}
2023-04-01 11:41:15,169 : INFO : EventManager : Event: ======'init_done'====== Args={}
2023-04-01 11:41:15,169 : INFO : EventManager : Event: ======'machine_reset_phase_1'====== Args={}
2023-04-01 11:41:15,170 : INFO : EventManager : Event: ======'machine_reset_phase_2'====== Args={}
2023-04-01 11:41:15,170 : INFO : EventManager : Event: ======'machine_reset_phase_3'====== Args={}
2023-04-01 11:41:15,171 : INFO : EventManager : Event: ======'reset_complete'====== Args={}
2023-04-01 11:41:15,171 : INFO : EventManager : Event: ======'mode_attract_will_start'====== Args={}
2023-04-01 11:41:15,172 : INFO : EventManager : Event: ======'mode_attract_starting'====== Args={}
2023-04-01 11:41:15,172 : INFO : Mode.attract : Started. Priority: 10
2023-04-01 11:41:15,172 : INFO : EventManager : Event: ======'modes_active_modes_changed'====== Args={}
2023-04-01 11:41:15,172 : INFO : EventManager : Event: ======'mode_attract_started'====== Args={}
2023-04-01 11:41:15,172 : INFO : EventManager : Event: ======'collecting_balls_complete'====== Args={}
2023-04-01 11:41:15,173 : INFO : Machine : Starting the main run loop.
2023-04-01 11:41:16,013 : INFO : SwitchController : <<<<<<< 's_left_flipper_1' active >>>>>>>
2023-04-01 11:41:16,022 : INFO : SwitchController : <<<<<<< 's_left_flipper_2' active >>>>>>>
2023-04-01 11:41:16,036 : INFO : SwitchController : <<<<<<< 's_left_flipper_2' inactive >>>>>>>
2023-04-01 11:41:16,036 : INFO : SwitchController : <<<<<<< 's_flip_left_top_eos' active >>>>>>>
2023-04-01 11:41:16,036 : INFO : SwitchController : <<<<<<< 's_flip_left_eos' active >>>>>>>
2023-04-01 11:41:16,036 : INFO : SwitchController : <<<<<<< 's_left_flipper_2' active >>>>>>>
2023-04-01 11:41:16,255 : INFO : SwitchController : <<<<<<< 's_left_flipper_2' inactive >>>>>>>
2023-04-01 11:41:16,275 : INFO : SwitchController : <<<<<<< 's_left_flipper_1' inactive >>>>>>>
2023-04-01 11:41:16,355 : INFO : SwitchController : <<<<<<< 's_flip_left_top_eos' inactive >>>>>>>
2023-04-01 11:41:16,380 : INFO : SwitchController : <<<<<<< 's_left_flipper_1' active >>>>>>>
2023-04-01 11:41:16,400 : INFO : SwitchController : <<<<<<< 's_left_flipper_2' active >>>>>>>
2023-04-01 11:41:16,400 : INFO : SwitchController : <<<<<<< 's_flip_left_top_eos' active >>>>>>>
2023-04-01 11:41:16,564 : INFO : SwitchController : <<<<<<< 's_left_flipper_2' inactive >>>>>>>
2023-04-01 11:41:16,601 : INFO : SwitchController : <<<<<<< 's_left_flipper_1' inactive >>>>>>>
2023-04-01 11:41:16,681 : INFO : SwitchController : <<<<<<< 's_flip_left_top_eos' inactive >>>>>>>
2023-04-01 11:41:16,717 : INFO : SwitchController : <<<<<<< 's_flip_left_eos' inactive >>>>>>>
2023-04-01 11:41:16,720 : INFO : SwitchController : <<<<<<< 's_flip_left_eos' active >>>>>>>
2023-04-01 11:41:16,727 : INFO : SwitchController : <<<<<<< 's_flip_left_eos' inactive >>>>>>>
2023-04-01 11:41:16,737 : INFO : SwitchController : <<<<<<< 's_flip_left_eos' active >>>>>>>
2023-04-01 11:41:16,737 : INFO : SwitchController : <<<<<<< 's_flip_left_eos' inactive >>>>>>>
2023-04-01 11:41:16,737 : INFO : SwitchController : <<<<<<< 's_flip_left_eos' active >>>>>>>
2023-04-01 11:41:16,738 : INFO : SwitchController : <<<<<<< 's_flip_left_eos' inactive >>>>>>>
2023-04-01 11:41:16,783 : INFO : SwitchController : <<<<<<< 's_flip_left_eos' active >>>>>>>
2023-04-01 11:41:16,784 : INFO : SwitchController : <<<<<<< 's_flip_left_eos' inactive >>>>>>>
2023-04-01 11:41:17,643 : INFO : BcpServer : New client connected.
2023-04-01 11:45:25,862 : INFO : Machine : Shutting down...
2023-04-01 11:45:25,863 : INFO : EventManager : Event: ======'shutdown'====== Args={}
2023-04-01 11:45:25,978 : INFO : root : MPF run loop ended.
