2023-04-01 08:26:40,761 : INFO : root : Loading config.
2023-04-01 08:26:41,160 : INFO : ConfigProcessor : Config spec file cache created: /var/folders/0y/x6b2lmrx6vq3nhkjncz48nhc0000gn/T/config_spec.mpf_cache
2023-04-01 08:26:41,160 : INFO : YamlMultifileConfigLoader : Machine config file #1: config.yaml
2023-04-01 08:26:41,161 : WARNING : ConfigProcessor : Config file in cache changed: /Users/tpetch/Documents/trashland_3/config/config.yaml
2023-04-01 08:26:41,161 : INFO : ConfigProcessor : Loading config from file /Users/tpetch/.local/pipx/venvs/mpf/lib/python3.9/site-packages/mpf/mpfconfig.yaml.
2023-04-01 08:26:41,230 : INFO : ConfigProcessor : Loading config: /Users/tpetch/.local/pipx/venvs/mpf/lib/python3.9/site-packages/mpf/mpfconfig.yaml
2023-04-01 08:26:41,231 : INFO : ConfigProcessor : Loading config from file /Users/tpetch/Documents/trashland_3/config/config.yaml.
2023-04-01 08:26:41,367 : INFO : ConfigProcessor : Loading config: /Users/tpetch/Documents/trashland_3/config/config.yaml
2023-04-01 08:26:41,371 : INFO : ConfigProcessor : Config file cache created: /var/folders/0y/x6b2lmrx6vq3nhkjncz48nhc0000gn/T/28c67afebeedf0bcd540f5dc9898a885.mpf_cache
2023-04-01 08:26:41,453 : INFO : ConfigProcessor : Loading config from file /Users/tpetch/.local/pipx/venvs/mpf/lib/python3.9/site-packages/mpf/modes/attract/config/attract.yaml.
2023-04-01 08:26:41,455 : INFO : ConfigProcessor : Loading config: /Users/tpetch/.local/pipx/venvs/mpf/lib/python3.9/site-packages/mpf/modes/attract/config/attract.yaml
2023-04-01 08:26:41,455 : INFO : ConfigProcessor : Loading config from file /Users/tpetch/Documents/trashland_3/modes/attract/config/attract.yaml.
2023-04-01 08:26:41,456 : INFO : ConfigProcessor : Loading config: /Users/tpetch/Documents/trashland_3/modes/attract/config/attract.yaml
2023-04-01 08:26:41,456 : INFO : ConfigProcessor : Config file cache created: /var/folders/0y/x6b2lmrx6vq3nhkjncz48nhc0000gn/T/03cea1619b79a61f4f0eef3c59cdaa46.mpf_cache
2023-04-01 08:26:41,457 : INFO : ConfigProcessor : Loading config from cache: /var/folders/0y/x6b2lmrx6vq3nhkjncz48nhc0000gn/T/d3948d842c6309f14ab557c3c72320d0.mpf_cache
2023-04-01 08:26:41,458 : INFO : ConfigProcessor : Loading config from file /Users/tpetch/Documents/trashland_3/modes/attract/shows/./tl2-ch-color-wheel-cw-2sec-Set.yaml.
2023-04-01 08:26:41,537 : INFO : ConfigProcessor : Loading config: /Users/tpetch/Documents/trashland_3/modes/attract/shows/./tl2-ch-color-wheel-cw-2sec-Set.yaml
2023-04-01 08:26:41,538 : INFO : ConfigProcessor : Config file cache created: /var/folders/0y/x6b2lmrx6vq3nhkjncz48nhc0000gn/T/af594ef60d8c7d8001f2f983e2ab9758.mpf_cache
2023-04-01 08:26:41,538 : INFO : ConfigProcessor : Loading config from file /Users/tpetch/Documents/trashland_3/modes/attract/shows/./tl2-ch-color-wheel-new-cw-ccw-show-Set.yaml.
2023-04-01 08:26:42,705 : INFO : ConfigProcessor : Loading config: /Users/tpetch/Documents/trashland_3/modes/attract/shows/./tl2-ch-color-wheel-new-cw-ccw-show-Set.yaml
2023-04-01 08:26:42,707 : INFO : ConfigProcessor : Config file cache created: /var/folders/0y/x6b2lmrx6vq3nhkjncz48nhc0000gn/T/e2af7416374ff81cc755b6fa72ebf9da.mpf_cache
2023-04-01 08:26:42,707 : INFO : ConfigProcessor : Loading config from file /Users/tpetch/Documents/trashland_3/modes/attract/shows/./attract_display_loop.yaml.
2023-04-01 08:26:42,715 : INFO : ConfigProcessor : Loading config: /Users/tpetch/Documents/trashland_3/modes/attract/shows/./attract_display_loop.yaml
2023-04-01 08:26:42,716 : INFO : ConfigProcessor : Config file cache created: /var/folders/0y/x6b2lmrx6vq3nhkjncz48nhc0000gn/T/a37a2141962f60258a07880b3484644a.mpf_cache
2023-04-01 08:26:42,716 : INFO : ConfigProcessor : Loading config from file /Users/tpetch/Documents/trashland_3/modes/attract/shows/./output3.yaml.
2023-04-01 08:26:42,808 : INFO : ConfigProcessor : Loading config: /Users/tpetch/Documents/trashland_3/modes/attract/shows/./output3.yaml
2023-04-01 08:26:42,809 : INFO : ConfigProcessor : Config file cache created: /var/folders/0y/x6b2lmrx6vq3nhkjncz48nhc0000gn/T/fe6633bcfbf8321353ee11210ab6caf6.mpf_cache
2023-04-01 08:26:42,809 : INFO : ConfigProcessor : Loading config from file /Users/tpetch/Documents/trashland_3/modes/attract/shows/./tl2-ch-color-wheel-cw-ccw-show-Set.yaml.
2023-04-01 08:26:44,009 : INFO : ConfigProcessor : Loading config: /Users/tpetch/Documents/trashland_3/modes/attract/shows/./tl2-ch-color-wheel-cw-ccw-show-Set.yaml
2023-04-01 08:26:44,011 : INFO : ConfigProcessor : Config file cache created: /var/folders/0y/x6b2lmrx6vq3nhkjncz48nhc0000gn/T/1e3c425cd39fabe39b839fb5c1f9b184.mpf_cache
2023-04-01 08:26:44,012 : INFO : ConfigProcessor : Loading config from file /Users/tpetch/Documents/trashland_3/modes/attract/shows/./green_sweep_top_to_bot.yaml.
2023-04-01 08:26:44,113 : INFO : ConfigProcessor : Loading config: /Users/tpetch/Documents/trashland_3/modes/attract/shows/./green_sweep_top_to_bot.yaml
2023-04-01 08:26:44,114 : INFO : ConfigProcessor : Config file cache created: /var/folders/0y/x6b2lmrx6vq3nhkjncz48nhc0000gn/T/5e7e7afe019ac2096dd50ba3141e047f.mpf_cache
2023-04-01 08:26:44,114 : INFO : ConfigProcessor : Loading config from file /Users/tpetch/Documents/trashland_3/modes/attract/shows/./tl2-ch-white-cw-set.yaml.
2023-04-01 08:26:44,206 : INFO : ConfigProcessor : Loading config: /Users/tpetch/Documents/trashland_3/modes/attract/shows/./tl2-ch-white-cw-set.yaml
2023-04-01 08:26:44,207 : INFO : ConfigProcessor : Config file cache created: /var/folders/0y/x6b2lmrx6vq3nhkjncz48nhc0000gn/T/0c011456348cc487d2bd3b88b4038334.mpf_cache
2023-04-01 08:26:44,207 : INFO : ConfigProcessor : Loading config from file /Users/tpetch/Documents/trashland_3/modes/attract/shows/./tl2_quarter_wheel6color_set.yaml.
2023-04-01 08:26:44,489 : INFO : ConfigProcessor : Loading config: /Users/tpetch/Documents/trashland_3/modes/attract/shows/./tl2_quarter_wheel6color_set.yaml
2023-04-01 08:26:44,490 : INFO : ConfigProcessor : Config file cache created: /var/folders/0y/x6b2lmrx6vq3nhkjncz48nhc0000gn/T/bea7ec732b9b9f1ccc3e63c697825f10.mpf_cache
2023-04-01 08:26:44,490 : INFO : ConfigProcessor : Loading config from file /Users/tpetch/Documents/trashland_3/modes/attract/shows/./tl2_color_wheel_set.yaml.
2023-04-01 08:26:45,132 : INFO : ConfigProcessor : Loading config: /Users/tpetch/Documents/trashland_3/modes/attract/shows/./tl2_color_wheel_set.yaml
2023-04-01 08:26:45,133 : INFO : ConfigProcessor : Config file cache created: /var/folders/0y/x6b2lmrx6vq3nhkjncz48nhc0000gn/T/e91719688063f997df3fd4e51c395a8b.mpf_cache
2023-04-01 08:26:45,134 : INFO : ConfigProcessor : Loading config from file /Users/tpetch/Documents/trashland_3/modes/attract/shows/./tl2-chart_1_tl_all_on_step_white _red_set.yaml.
2023-04-01 08:26:45,244 : INFO : ConfigProcessor : Loading config: /Users/tpetch/Documents/trashland_3/modes/attract/shows/./tl2-chart_1_tl_all_on_step_white _red_set.yaml
2023-04-01 08:26:45,245 : INFO : ConfigProcessor : Config file cache created: /var/folders/0y/x6b2lmrx6vq3nhkjncz48nhc0000gn/T/e42a2b79ff3d1dd1cfe9b0905c00e5e1.mpf_cache
2023-04-01 08:26:45,245 : INFO : Machine : Mission Pinball Framework Core Engine v0.56.1.dev4
2023-04-01 08:26:45,245 : INFO : Machine : Command line arguments: {'no_load_cache': False, 'create_config_cache': True, 'bcp': False, 'configfile': ['config.yaml'], 'force_assets_load': False, 'jsonlogging': False, 'logfile': 'logs/2023-04-01-08-26-40-mpf-Tanners-MacBook-Pro-2.local.log', 'pause': False, 'production': False, 'text_ui': True, 'loglevel': 15, 'consoleloglevel': 20, 'force_platform': 'virtual', 'syslog_address': None, 'mc_file_name': None, 'no_sound': False}
2023-04-01 08:26:45,245 : INFO : Machine : MPF path: /Users/tpetch/.local/pipx/venvs/mpf/lib/python3.9/site-packages/mpf
2023-04-01 08:26:45,245 : INFO : Machine : Machine path: /Users/tpetch/Documents/trashland_3
2023-04-01 08:26:45,245 : INFO : Machine : Platform: darwin
2023-04-01 08:26:45,245 : INFO : Machine : Python executable location: /Users/tpetch/.local/pipx/venvs/mpf/bin/python
2023-04-01 08:26:45,245 : INFO : Machine : Python version: 3.9.13 (64-bit)
2023-04-01 08:26:45,262 : INFO : Machine : Initialise MPF.
2023-04-01 08:26:45,373 : INFO : EventManager : Event: ======'machine_var_credits_string'====== Args={'value': 'FREE PLAY', 'prev_value': None, 'change': True}
2023-04-01 08:26:45,414 : INFO : EventManager : Event: ======'machine_var_master_volume'====== Args={'value': 0.5, 'prev_value': None, 'change': True}
2023-04-01 08:26:45,415 : INFO : EventManager : Event: ======'machine_var_mpf_version'====== Args={'value': 'MPF v0.56.1.dev4', 'prev_value': None, 'change': True}
2023-04-01 08:26:45,415 : INFO : EventManager : Event: ======'machine_var_mpf_extended_version'====== Args={'value': 'MPF v0.56.1.dev4, Config version:5, Show version: 5, BCP version:1.1', 'prev_value': None, 'change': True}
2023-04-01 08:26:45,415 : INFO : EventManager : Event: ======'machine_var_python_version'====== Args={'value': '3.9.13', 'prev_value': None, 'change': True}
2023-04-01 08:26:45,445 : INFO : EventManager : Event: ======'machine_var_platform'====== Args={'value': 'macOS-10.16-x86_64-i386-64bit', 'prev_value': None, 'change': True}
2023-04-01 08:26:45,446 : INFO : EventManager : Event: ======'machine_var_platform_system'====== Args={'value': 'Darwin', 'prev_value': None, 'change': True}
2023-04-01 08:26:45,446 : INFO : EventManager : Event: ======'machine_var_platform_release'====== Args={'value': '22.2.0', 'prev_value': None, 'change': True}
2023-04-01 08:26:45,446 : INFO : EventManager : Event: ======'machine_var_platform_version'====== Args={'value': 'Darwin Kernel Version 22.2.0: Fri Nov 11 02:08:47 PST 2022; root:xnu-8792.61.2~4/RELEASE_X86_64', 'prev_value': None, 'change': True}
2023-04-01 08:26:45,446 : INFO : EventManager : Event: ======'machine_var_platform_machine'====== Args={'value': 'x86_64', 'prev_value': None, 'change': True}
2023-04-01 08:26:45,446 : INFO : EventManager : Event: ======'init_phase_1'====== Args={}
2023-04-01 08:26:45,464 : ERROR : ConfigValidator : Your config contains a value for the setting "coils:c_pop_left:timeout_watch_time", but this is not a valid setting name.
2023-04-01 08:26:45,464 : ERROR : asyncio : Exception in callback functools.partial(<function EventManager._async_handler_done at 0x7fe39fa7c160>, <QueuedEvent>)
handle: <Handle functools.partial(<function EventManager._async_handler_done at 0x7fe39fa7c160>, <QueuedEvent>)>
Traceback (most recent call last):
  File "uvloop/cbhandles.pyx", line 63, in uvloop.loop.Handle._run
  File "/Users/tpetch/.local/pipx/venvs/mpf/lib/python3.9/site-packages/mpf/core/events.py", line 121, in _async_handler_done
    future.result()
  File "/Users/tpetch/.local/pipx/venvs/mpf/lib/python3.9/site-packages/mpf/core/device_manager.py", line 89, in _load_device_modules
    self.load_devices_config(validate=True)
  File "/Users/tpetch/.local/pipx/venvs/mpf/lib/python3.9/site-packages/mpf/core/device_manager.py", line 147, in load_devices_config
    config[device_name] = collection[device_name].validate_and_parse_config(config[device_name], False)
  File "/Users/tpetch/.local/pipx/venvs/mpf/lib/python3.9/site-packages/mpf/devices/driver.py", line 73, in validate_and_parse_config
    config = super().validate_and_parse_config(config, is_mode_config, debug_prefix)
  File "/Users/tpetch/.local/pipx/venvs/mpf/lib/python3.9/site-packages/mpf/core/device.py", line 108, in validate_and_parse_config
    self.machine.config_validator.validate_config(
  File "/Users/tpetch/.local/pipx/venvs/mpf/lib/python3.9/site-packages/mpf/core/config_validator.py", line 164, in validate_config
    return self._validate_config(config_spec, source, base_spec=base_spec, add_missing_keys=add_missing_keys,
  File "/Users/tpetch/.local/pipx/venvs/mpf/lib/python3.9/site-packages/mpf/core/config_validator.py", line 177, in _validate_config
    self.check_for_invalid_sections(this_spec, source, validation_failure_info)
  File "/Users/tpetch/.local/pipx/venvs/mpf/lib/python3.9/site-packages/mpf/core/config_validator.py", line 342, in check_for_invalid_sections
    raise ConfigFileError('Your config contains a value for the '
mpf.exceptions.config_file_error.ConfigFileError: Config File Error in ConfigValidator: Your config contains a value for the setting "coils:c_pop_left:timeout_watch_time", but this is not a valid setting name. Error Code: CFE-ConfigValidator-2 (https://docs.missionpinball.org/en/dev/logs/CFE-ConfigValidator-2.html)
2023-04-01 08:26:45,469 : INFO : Machine : Starting the main run loop.
2023-04-01 08:26:45,470 : INFO : Machine : Shutting down...
2023-04-01 08:26:45,470 : INFO : EventManager : Event: ======'shutdown'====== Args={}
2023-04-01 08:26:46,470 : ERROR : Machine : Runtime Exception
Traceback (most recent call last):
  File "/Users/tpetch/.local/pipx/venvs/mpf/lib/python3.9/site-packages/mpf/core/machine.py", line 797, in _run_loop
    raise self._exception['exception']
  File "uvloop/cbhandles.pyx", line 63, in uvloop.loop.Handle._run
  File "/Users/tpetch/.local/pipx/venvs/mpf/lib/python3.9/site-packages/mpf/core/events.py", line 121, in _async_handler_done
    future.result()
  File "/Users/tpetch/.local/pipx/venvs/mpf/lib/python3.9/site-packages/mpf/core/device_manager.py", line 89, in _load_device_modules
    self.load_devices_config(validate=True)
  File "/Users/tpetch/.local/pipx/venvs/mpf/lib/python3.9/site-packages/mpf/core/device_manager.py", line 147, in load_devices_config
    config[device_name] = collection[device_name].validate_and_parse_config(config[device_name], False)
  File "/Users/tpetch/.local/pipx/venvs/mpf/lib/python3.9/site-packages/mpf/devices/driver.py", line 73, in validate_and_parse_config
    config = super().validate_and_parse_config(config, is_mode_config, debug_prefix)
  File "/Users/tpetch/.local/pipx/venvs/mpf/lib/python3.9/site-packages/mpf/core/device.py", line 108, in validate_and_parse_config
    self.machine.config_validator.validate_config(
  File "/Users/tpetch/.local/pipx/venvs/mpf/lib/python3.9/site-packages/mpf/core/config_validator.py", line 164, in validate_config
    return self._validate_config(config_spec, source, base_spec=base_spec, add_missing_keys=add_missing_keys,
  File "/Users/tpetch/.local/pipx/venvs/mpf/lib/python3.9/site-packages/mpf/core/config_validator.py", line 177, in _validate_config
    self.check_for_invalid_sections(this_spec, source, validation_failure_info)
  File "/Users/tpetch/.local/pipx/venvs/mpf/lib/python3.9/site-packages/mpf/core/config_validator.py", line 342, in check_for_invalid_sections
    raise ConfigFileError('Your config contains a value for the '
mpf.exceptions.config_file_error.ConfigFileError: Config File Error in ConfigValidator: Your config contains a value for the setting "coils:c_pop_left:timeout_watch_time", but this is not a valid setting name. Error Code: CFE-ConfigValidator-2 (https://docs.missionpinball.org/en/dev/logs/CFE-ConfigValidator-2.html)
2023-04-01 08:27:46,061 : INFO : root : MPF run loop ended.
