2023-04-01 15:17:41,201 : INFO : root : Loading config.
2023-04-01 15:17:41,630 : INFO : ConfigProcessor : Config spec file cache created: /var/folders/0y/x6b2lmrx6vq3nhkjncz48nhc0000gn/T/config_spec.mpf_cache
2023-04-01 15:17:41,630 : INFO : YamlMultifileConfigLoader : Machine config file #1: config.yaml
2023-04-01 15:17:41,630 : INFO : ConfigProcessor : Loading config from cache: /var/folders/0y/x6b2lmrx6vq3nhkjncz48nhc0000gn/T/28c67afebeedf0bcd540f5dc9898a885.mpf_cache
2023-04-01 15:17:41,702 : INFO : ConfigProcessor : Loading config from cache: /var/folders/0y/x6b2lmrx6vq3nhkjncz48nhc0000gn/T/03cea1619b79a61f4f0eef3c59cdaa46.mpf_cache
2023-04-01 15:17:41,703 : INFO : ConfigProcessor : Loading config from cache: /var/folders/0y/x6b2lmrx6vq3nhkjncz48nhc0000gn/T/d3948d842c6309f14ab557c3c72320d0.mpf_cache
2023-04-01 15:17:41,704 : INFO : ConfigProcessor : Loading config from cache: /var/folders/0y/x6b2lmrx6vq3nhkjncz48nhc0000gn/T/03cea1619b79a61f4f0eef3c59cdaa46.mpf_cache
2023-04-01 15:17:41,704 : INFO : ConfigProcessor : Loading config from cache: /var/folders/0y/x6b2lmrx6vq3nhkjncz48nhc0000gn/T/1a491952b1b86d65aa143eb7204b9608.mpf_cache
2023-04-01 15:17:41,705 : INFO : ConfigProcessor : Loading config from cache: /var/folders/0y/x6b2lmrx6vq3nhkjncz48nhc0000gn/T/a37a2141962f60258a07880b3484644a.mpf_cache
2023-04-01 15:17:41,706 : INFO : ConfigProcessor : Loading config from cache: /var/folders/0y/x6b2lmrx6vq3nhkjncz48nhc0000gn/T/1abbb484e5c2eb8b7dba517683fc6f83.mpf_cache
2023-04-01 15:17:41,707 : INFO : Machine : Mission Pinball Framework Core Engine v0.56.1.dev4
2023-04-01 15:17:41,707 : INFO : Machine : Command line arguments: {'no_load_cache': False, 'create_config_cache': True, 'bcp': False, 'configfile': ['config.yaml'], 'force_assets_load': False, 'jsonlogging': False, 'logfile': 'logs/2023-04-01-15-17-41-mpf-Tanners-MacBook-Pro-2.local.log', 'pause': False, 'production': False, 'text_ui': True, 'loglevel': 15, 'consoleloglevel': 20, 'force_platform': None, 'syslog_address': None, 'mc_file_name': None, 'no_sound': False}
2023-04-01 15:17:41,707 : INFO : Machine : MPF path: /Users/tpetch/.local/pipx/venvs/mpf/lib/python3.9/site-packages/mpf
2023-04-01 15:17:41,707 : INFO : Machine : Machine path: /Users/tpetch/Documents/trashland_3
2023-04-01 15:17:41,707 : INFO : Machine : Platform: darwin
2023-04-01 15:17:41,707 : INFO : Machine : Python executable location: /Users/tpetch/.local/pipx/venvs/mpf/bin/python
2023-04-01 15:17:41,707 : INFO : Machine : Python version: 3.9.13 (64-bit)
2023-04-01 15:17:41,714 : INFO : Machine : Initialise MPF.
2023-04-01 15:17:41,789 : INFO : [NET] : Trying to connect to /dev/tty.usbmodem141401 at 921600bps
2023-04-01 15:17:41,794 : INFO : [NET] : Connected to /dev/tty.usbmodem141401 at 921600bps
2023-04-01 15:17:41,807 : INFO : [NET] : Connected to FP-CPU-2000 with firmware v02.06
2023-04-01 15:17:41,807 : INFO : EventManager : Event: ======'machine_var_fast_net_firmware'====== Args={'value': '02.06', 'prev_value': None, 'change': True}
2023-04-01 15:17:41,807 : INFO : EventManager : Event: ======'machine_var_fast_net_model'====== Args={'value': 'FP-CPU-2000', 'prev_value': None, 'change': True}
2023-04-01 15:17:41,809 : INFO : [NET] : Registered I/O Board 0: Model: FP-I/O-0804, Firmware: 01.09, Switches: 8, Drivers: 4
2023-04-01 15:17:41,811 : INFO : [NET] : Registered I/O Board 1: Model: FP-I/O-0804, Firmware: 01.09, Switches: 8, Drivers: 4
2023-04-01 15:17:41,812 : INFO : [NET] : Registered I/O Board 2: Model: FP-I/O-3208, Firmware: 01.09, Switches: 32, Drivers: 8
2023-04-01 15:17:41,813 : INFO : [NET] : Registered I/O Board 3: Model: FP-I/O-1616, Firmware: 01.09, Switches: 16, Drivers: 16
2023-04-01 15:17:41,815 : INFO : [NET] : Registered I/O Board 4: Model: FP-I/O-3208, Firmware: 01.09, Switches: 32, Drivers: 8
2023-04-01 15:17:41,817 : INFO : [EXP] : Trying to connect to /dev/tty.usbmodem141403 at 921600bps
2023-04-01 15:17:41,822 : INFO : [EXP] : Connected to /dev/tty.usbmodem141403 at 921600bps
2023-04-01 15:17:41,829 : INFO : EventManager : Event: ======'machine_var_credits_string'====== Args={'value': 'FREE PLAY', 'prev_value': None, 'change': True}
2023-04-01 15:17:41,864 : INFO : EventManager : Event: ======'machine_var_master_volume'====== Args={'value': 0.5, 'prev_value': None, 'change': True}
2023-04-01 15:17:41,864 : INFO : EventManager : Event: ======'machine_var_player1_score'====== Args={'value': 0, 'prev_value': None, 'change': True}
2023-04-01 15:17:41,864 : INFO : EventManager : Event: ======'machine_var_mpf_version'====== Args={'value': 'MPF v0.56.1.dev4', 'prev_value': None, 'change': True}
2023-04-01 15:17:41,864 : INFO : EventManager : Event: ======'machine_var_mpf_extended_version'====== Args={'value': 'MPF v0.56.1.dev4, Config version:5, Show version: 5, BCP version:1.1', 'prev_value': None, 'change': True}
2023-04-01 15:17:41,865 : INFO : EventManager : Event: ======'machine_var_python_version'====== Args={'value': '3.9.13', 'prev_value': None, 'change': True}
2023-04-01 15:17:41,878 : INFO : EventManager : Event: ======'machine_var_platform'====== Args={'value': 'macOS-10.16-x86_64-i386-64bit', 'prev_value': None, 'change': True}
2023-04-01 15:17:41,878 : INFO : EventManager : Event: ======'machine_var_platform_system'====== Args={'value': 'Darwin', 'prev_value': None, 'change': True}
2023-04-01 15:17:41,878 : INFO : EventManager : Event: ======'machine_var_platform_release'====== Args={'value': '22.2.0', 'prev_value': None, 'change': True}
2023-04-01 15:17:41,878 : INFO : EventManager : Event: ======'machine_var_platform_version'====== Args={'value': 'Darwin Kernel Version 22.2.0: Fri Nov 11 02:08:47 PST 2022; root:xnu-8792.61.2~4/RELEASE_X86_64', 'prev_value': None, 'change': True}
2023-04-01 15:17:41,878 : INFO : EventManager : Event: ======'machine_var_platform_machine'====== Args={'value': 'x86_64', 'prev_value': None, 'change': True}
2023-04-01 15:17:41,878 : INFO : EventManager : Event: ======'init_phase_1'====== Args={}
2023-04-01 15:17:41,953 : INFO : EventManager : Event: ======'drop_target_bank_single_main_up'====== Args={}
2023-04-01 15:17:41,953 : INFO : EventManager : Event: ======'drop_target_bank_mid_up'====== Args={}
2023-04-01 15:17:41,953 : INFO : EventManager : Event: ======'drop_target_bank_right_up'====== Args={}
2023-04-01 15:17:41,954 : INFO : EventManager : Event: ======'init_phase_2'====== Args={}
2023-04-01 15:17:41,955 : INFO : SwitchController : Found active switch: (('03', 0), <Platform.FAST>) <switch.s_left_flipper_2>
2023-04-01 15:17:41,955 : INFO : SwitchController : Found active switch: (('1D', 0), <Platform.FAST>) <switch.s_trough_1>
2023-04-01 15:17:41,955 : INFO : SwitchController : Found active switch: (('1C', 0), <Platform.FAST>) <switch.s_trough_2>
2023-04-01 15:17:41,955 : INFO : SwitchController : Found active switch: (('1B', 0), <Platform.FAST>) <switch.s_trough_3>
2023-04-01 15:17:41,955 : INFO : SwitchController : Found active switch: (('34', 0), <Platform.FAST>) <switch.s_drop_scoop>
2023-04-01 15:17:41,955 : INFO : SwitchController : Found active switch: (('35', 0), <Platform.FAST>) <switch.s_drop_mid_left>
2023-04-01 15:17:41,955 : INFO : SwitchController : Found active switch: (('36', 0), <Platform.FAST>) <switch.s_drop_mid_center>
2023-04-01 15:17:41,955 : INFO : SwitchController : Found active switch: (('37', 0), <Platform.FAST>) <switch.s_drop_mid_right>
2023-04-01 15:17:41,962 : INFO : ball_device.bd_vuk_back : BCH: Initial count: 0
2023-04-01 15:17:41,962 : INFO : ball_device.bd_vuk_back : State: idle
2023-04-01 15:17:41,962 : INFO : ball_device.bd_vuk_right : BCH: Initial count: 0
2023-04-01 15:17:41,963 : INFO : ball_device.bd_vuk_right : State: idle
2023-04-01 15:17:41,963 : INFO : ball_device.bd_b_lock : BCH: Initial count: 0
2023-04-01 15:17:41,963 : INFO : ball_device.bd_b_lock : State: idle
2023-04-01 15:17:41,964 : INFO : ball_device.bd_vuk_bot : BCH: Initial count: 0
2023-04-01 15:17:41,964 : INFO : ball_device.bd_vuk_bot : State: idle
2023-04-01 15:17:41,964 : INFO : ball_device.bd_trough : BCH: Initial count: 3
2023-04-01 15:17:41,965 : INFO : ball_device.bd_trough : State: idle
2023-04-01 15:17:41,966 : INFO : ball_device.bd_plunger : BCH: Initial count: 0
2023-04-01 15:17:41,966 : INFO : ball_device.bd_plunger : State: idle
2023-04-01 15:17:41,981 : INFO : EventManager : Event: ======'init_phase_3'====== Args={}
2023-04-01 15:17:41,990 : INFO : EventManager : Event: ======'init_phase_4'====== Args={}
2023-04-01 15:17:41,991 : INFO : EventManager : Event: ======'drop_target_mid_right_down'====== Args={'device': <drop_target.mid_right>}
2023-04-01 15:17:41,991 : INFO : EventManager : Event: ======'drop_target_bank_mid_mixed'====== Args={'prev_value': <DropTargetBankState.UP: 'up'>, 'down': 1}
2023-04-01 15:17:41,991 : INFO : EventManager : Event: ======'drop_target_mid_mid_down'====== Args={'device': <drop_target.mid_mid>}
2023-04-01 15:17:41,991 : INFO : EventManager : Event: ======'drop_target_bank_mid_mixed'====== Args={'prev_value': <DropTargetBankState.MIXED: 'mixed'>, 'down': 2}
2023-04-01 15:17:41,991 : INFO : EventManager : Event: ======'drop_target_mid_left_down'====== Args={'device': <drop_target.mid_left>}
2023-04-01 15:17:41,991 : INFO : EventManager : Event: ======'drop_target_bank_mid_down'====== Args={}
2023-04-01 15:17:41,991 : INFO : BallController : Initial balls found: 3
2023-04-01 15:17:41,993 : INFO : EventManager : Event: ======'machine_var_audits_events_game_ended'====== Args={'value': 18, 'prev_value': None, 'change': True}
2023-04-01 15:17:41,993 : INFO : EventManager : Event: ======'machine_var_audits_events_game_started'====== Args={'value': 56, 'prev_value': None, 'change': True}
2023-04-01 15:17:41,993 : INFO : EventManager : Event: ======'machine_var_audits_player_score'====== Args={'value': {'average': 0.0, 'top': [0, 0, 0, 0, 0, 0, 0, 0, 0, 0], 'total': 18}, 'prev_value': None, 'change': True}
2023-04-01 15:17:41,993 : INFO : EventManager : Event: ======'machine_var_audits_switches_s_autolauncher'====== Args={'value': 218, 'prev_value': None, 'change': True}
2023-04-01 15:17:41,993 : INFO : EventManager : Event: ======'machine_var_audits_switches_s_b_eos'====== Args={'value': 961, 'prev_value': None, 'change': True}
2023-04-01 15:17:41,994 : INFO : EventManager : Event: ======'machine_var_audits_switches_s_b_pop'====== Args={'value': 169, 'prev_value': None, 'change': True}
2023-04-01 15:17:41,994 : INFO : EventManager : Event: ======'machine_var_audits_switches_s_b_rollover_interchange'====== Args={'value': 3, 'prev_value': None, 'change': True}
2023-04-01 15:17:41,994 : INFO : EventManager : Event: ======'machine_var_audits_switches_s_b_rollover_loop'====== Args={'value': 7, 'prev_value': None, 'change': True}
2023-04-01 15:17:41,994 : INFO : EventManager : Event: ======'machine_var_audits_switches_s_b_rollover_misc'====== Args={'value': 15, 'prev_value': None, 'change': True}
2023-04-01 15:17:41,994 : INFO : EventManager : Event: ======'machine_var_audits_switches_s_b_target_left'====== Args={'value': 7, 'prev_value': None, 'change': True}
2023-04-01 15:17:41,994 : INFO : EventManager : Event: ======'machine_var_audits_switches_s_b_target_right'====== Args={'value': 14, 'prev_value': None, 'change': True}
2023-04-01 15:17:41,994 : INFO : EventManager : Event: ======'machine_var_audits_switches_s_drop_mid_center'====== Args={'value': 33, 'prev_value': None, 'change': True}
2023-04-01 15:17:41,994 : INFO : EventManager : Event: ======'machine_var_audits_switches_s_drop_mid_left'====== Args={'value': 35, 'prev_value': None, 'change': True}
2023-04-01 15:17:41,994 : INFO : EventManager : Event: ======'machine_var_audits_switches_s_drop_mid_right'====== Args={'value': 29, 'prev_value': None, 'change': True}
2023-04-01 15:17:41,995 : INFO : EventManager : Event: ======'machine_var_audits_switches_s_drop_right_left'====== Args={'value': 9, 'prev_value': None, 'change': True}
2023-04-01 15:17:41,995 : INFO : EventManager : Event: ======'machine_var_audits_switches_s_drop_right_right'====== Args={'value': 8, 'prev_value': None, 'change': True}
2023-04-01 15:17:41,995 : INFO : EventManager : Event: ======'machine_var_audits_switches_s_drop_scoop'====== Args={'value': 0, 'prev_value': None, 'change': True}
2023-04-01 15:17:41,995 : INFO : EventManager : Event: ======'machine_var_audits_switches_s_drop_single'====== Args={'value': 17, 'prev_value': None, 'change': True}
2023-04-01 15:17:41,995 : INFO : EventManager : Event: ======'machine_var_audits_switches_s_flip_left_eos'====== Args={'value': 9125, 'prev_value': None, 'change': True}
2023-04-01 15:17:41,995 : INFO : EventManager : Event: ======'machine_var_audits_switches_s_flip_left_top_eos'====== Args={'value': 531, 'prev_value': None, 'change': True}
2023-04-01 15:17:41,995 : INFO : EventManager : Event: ======'machine_var_audits_switches_s_flip_right_eos'====== Args={'value': 857, 'prev_value': None, 'change': True}
2023-04-01 15:17:41,995 : INFO : EventManager : Event: ======'machine_var_audits_switches_s_inlane_left'====== Args={'value': 10, 'prev_value': None, 'change': True}
2023-04-01 15:17:41,996 : INFO : EventManager : Event: ======'machine_var_audits_switches_s_inlane_right'====== Args={'value': 21, 'prev_value': None, 'change': True}
2023-04-01 15:17:41,996 : INFO : EventManager : Event: ======'machine_var_audits_switches_s_l_rollover'====== Args={'value': 2, 'prev_value': None, 'change': True}
2023-04-01 15:17:41,996 : INFO : EventManager : Event: ======'machine_var_audits_switches_s_l_target_far'====== Args={'value': 2, 'prev_value': None, 'change': True}
2023-04-01 15:17:41,996 : INFO : EventManager : Event: ======'machine_var_audits_switches_s_l_target_large'====== Args={'value': 2, 'prev_value': None, 'change': True}
2023-04-01 15:17:41,996 : INFO : EventManager : Event: ======'machine_var_audits_switches_s_l_target_left'====== Args={'value': 3, 'prev_value': None, 'change': True}
2023-04-01 15:17:41,996 : INFO : EventManager : Event: ======'machine_var_audits_switches_s_l_target_right'====== Args={'value': 2, 'prev_value': None, 'change': True}
2023-04-01 15:17:41,997 : INFO : EventManager : Event: ======'machine_var_audits_switches_s_l_vuk'====== Args={'value': 5, 'prev_value': None, 'change': True}
2023-04-01 15:17:41,997 : INFO : EventManager : Event: ======'machine_var_audits_switches_s_launch'====== Args={'value': 266, 'prev_value': None, 'change': True}
2023-04-01 15:17:41,997 : INFO : EventManager : Event: ======'machine_var_audits_switches_s_left_flipper_1'====== Args={'value': 619, 'prev_value': None, 'change': True}
2023-04-01 15:17:41,997 : INFO : EventManager : Event: ======'machine_var_audits_switches_s_left_flipper_2'====== Args={'value': 599, 'prev_value': None, 'change': True}
2023-04-01 15:17:41,997 : INFO : EventManager : Event: ======'machine_var_audits_switches_s_lock_1'====== Args={'value': 1, 'prev_value': None, 'change': True}
2023-04-01 15:17:41,997 : INFO : EventManager : Event: ======'machine_var_audits_switches_s_lock_2'====== Args={'value': 1, 'prev_value': None, 'change': True}
2023-04-01 15:17:41,998 : INFO : EventManager : Event: ======'machine_var_audits_switches_s_lock_3'====== Args={'value': 1, 'prev_value': None, 'change': True}
2023-04-01 15:17:41,998 : INFO : EventManager : Event: ======'machine_var_audits_switches_s_outlane_left'====== Args={'value': 7, 'prev_value': None, 'change': True}
2023-04-01 15:17:41,998 : INFO : EventManager : Event: ======'machine_var_audits_switches_s_outlane_right'====== Args={'value': 10, 'prev_value': None, 'change': True}
2023-04-01 15:17:41,998 : INFO : EventManager : Event: ======'machine_var_audits_switches_s_pop_left'====== Args={'value': 61, 'prev_value': None, 'change': True}
2023-04-01 15:17:41,999 : INFO : EventManager : Event: ======'machine_var_audits_switches_s_pop_lower'====== Args={'value': 210, 'prev_value': None, 'change': True}
2023-04-01 15:17:41,999 : INFO : EventManager : Event: ======'machine_var_audits_switches_s_pop_right'====== Args={'value': 773, 'prev_value': None, 'change': True}
2023-04-01 15:17:41,999 : INFO : EventManager : Event: ======'machine_var_audits_switches_s_right_flipper_1'====== Args={'value': 1435, 'prev_value': None, 'change': True}
2023-04-01 15:17:41,999 : INFO : EventManager : Event: ======'machine_var_audits_switches_s_right_flipper_2'====== Args={'value': 1368, 'prev_value': None, 'change': True}
2023-04-01 15:17:42,000 : INFO : EventManager : Event: ======'machine_var_audits_switches_s_rollover_left'====== Args={'value': 39, 'prev_value': None, 'change': True}
2023-04-01 15:17:42,000 : INFO : EventManager : Event: ======'machine_var_audits_switches_s_rollover_right'====== Args={'value': 481, 'prev_value': None, 'change': True}
2023-04-01 15:17:42,000 : INFO : EventManager : Event: ======'machine_var_audits_switches_s_sling_left'====== Args={'value': 60, 'prev_value': None, 'change': True}
2023-04-01 15:17:42,000 : INFO : EventManager : Event: ======'machine_var_audits_switches_s_sling_right'====== Args={'value': 90, 'prev_value': None, 'change': True}
2023-04-01 15:17:42,001 : INFO : EventManager : Event: ======'machine_var_audits_switches_s_start'====== Args={'value': 62, 'prev_value': None, 'change': True}
2023-04-01 15:17:42,001 : INFO : EventManager : Event: ======'machine_var_audits_switches_s_tilt'====== Args={'value': 1074, 'prev_value': None, 'change': True}
2023-04-01 15:17:42,001 : INFO : EventManager : Event: ======'machine_var_audits_switches_s_trough_1'====== Args={'value': 0, 'prev_value': None, 'change': True}
2023-04-01 15:17:42,001 : INFO : EventManager : Event: ======'machine_var_audits_switches_s_trough_2'====== Args={'value': 163, 'prev_value': None, 'change': True}
2023-04-01 15:17:42,002 : INFO : EventManager : Event: ======'machine_var_audits_switches_s_trough_3'====== Args={'value': 160, 'prev_value': None, 'change': True}
2023-04-01 15:17:42,002 : INFO : EventManager : Event: ======'machine_var_audits_switches_s_trough_4'====== Args={'value': 151, 'prev_value': None, 'change': True}
2023-04-01 15:17:42,002 : INFO : EventManager : Event: ======'machine_var_audits_switches_s_trough_5'====== Args={'value': 110, 'prev_value': None, 'change': True}
2023-04-01 15:17:42,002 : INFO : EventManager : Event: ======'machine_var_audits_switches_s_trough_6'====== Args={'value': 101, 'prev_value': None, 'change': True}
2023-04-01 15:17:42,002 : INFO : EventManager : Event: ======'machine_var_audits_switches_s_trough_jam'====== Args={'value': 136, 'prev_value': None, 'change': True}
2023-04-01 15:17:42,003 : INFO : EventManager : Event: ======'machine_var_audits_switches_s_u_lane_l'====== Args={'value': 4, 'prev_value': None, 'change': True}
2023-04-01 15:17:42,003 : INFO : EventManager : Event: ======'machine_var_audits_switches_s_u_lane_r'====== Args={'value': 8, 'prev_value': None, 'change': True}
2023-04-01 15:17:42,003 : INFO : EventManager : Event: ======'machine_var_audits_switches_s_u_rollover'====== Args={'value': 2, 'prev_value': None, 'change': True}
2023-04-01 15:17:42,003 : INFO : EventManager : Event: ======'machine_var_audits_switches_s_u_target'====== Args={'value': 1, 'prev_value': None, 'change': True}
2023-04-01 15:17:42,003 : INFO : EventManager : Event: ======'machine_var_audits_switches_s_vuk_back'====== Args={'value': 186, 'prev_value': None, 'change': True}
2023-04-01 15:17:42,004 : INFO : EventManager : Event: ======'machine_var_audits_switches_s_vuk_right'====== Args={'value': 0, 'prev_value': None, 'change': True}
2023-04-01 15:17:42,020 : INFO : EventManager : Event: ======'init_phase_5'====== Args={}
2023-04-01 15:17:42,020 : INFO : EventManager : Event: ======'init_done'====== Args={}
2023-04-01 15:17:42,021 : INFO : EventManager : Event: ======'machine_reset_phase_1'====== Args={}
2023-04-01 15:17:42,021 : INFO : EventManager : Event: ======'machine_reset_phase_2'====== Args={}
2023-04-01 15:17:42,022 : INFO : EventManager : Event: ======'machine_reset_phase_3'====== Args={}
2023-04-01 15:17:42,022 : INFO : EventManager : Event: ======'reset_complete'====== Args={}
2023-04-01 15:17:42,023 : INFO : EventManager : Event: ======'mode_attract_will_start'====== Args={}
2023-04-01 15:17:42,023 : INFO : EventManager : Event: ======'mode_attract_starting'====== Args={}
2023-04-01 15:17:42,023 : INFO : Mode.attract : Started. Priority: 10
2023-04-01 15:17:42,023 : INFO : EventManager : Event: ======'modes_active_modes_changed'====== Args={}
2023-04-01 15:17:42,023 : INFO : EventManager : Event: ======'mode_attract_started'====== Args={}
2023-04-01 15:17:42,026 : INFO : EventManager : Event: ======'collecting_balls_complete'====== Args={}
2023-04-01 15:17:42,026 : INFO : Machine : Starting the main run loop.
2023-04-01 15:17:50,729 : INFO : BcpServer : New client connected.
2023-04-01 15:17:55,071 : INFO : Machine : Shutting down...
2023-04-01 15:17:55,071 : INFO : EventManager : Event: ======'shutdown'====== Args={}
2023-04-01 15:17:55,183 : INFO : root : MPF run loop ended.
