2023-04-01 14:36:02,438 : INFO : root : Loading config.
2023-04-01 14:36:02,846 : INFO : ConfigProcessor : Config spec file cache created: /var/folders/0y/x6b2lmrx6vq3nhkjncz48nhc0000gn/T/config_spec.mpf_cache
2023-04-01 14:36:02,846 : INFO : YamlMultifileConfigLoader : Machine config file #1: config.yaml
2023-04-01 14:36:02,847 : WARNING : ConfigProcessor : Config file in cache changed: /Users/tpetch/Documents/trashland_3/config/config.yaml
2023-04-01 14:36:02,847 : INFO : ConfigProcessor : Loading config from file /Users/tpetch/.local/pipx/venvs/mpf/lib/python3.9/site-packages/mpf/mpfconfig.yaml.
2023-04-01 14:36:02,918 : INFO : ConfigProcessor : Loading config: /Users/tpetch/.local/pipx/venvs/mpf/lib/python3.9/site-packages/mpf/mpfconfig.yaml
2023-04-01 14:36:02,918 : INFO : ConfigProcessor : Loading config from file /Users/tpetch/Documents/trashland_3/config/config.yaml.
2023-04-01 14:36:03,086 : INFO : ConfigProcessor : Loading config: /Users/tpetch/Documents/trashland_3/config/config.yaml
2023-04-01 14:36:03,089 : INFO : ConfigProcessor : Config file cache created: /var/folders/0y/x6b2lmrx6vq3nhkjncz48nhc0000gn/T/28c67afebeedf0bcd540f5dc9898a885.mpf_cache
2023-04-01 14:36:03,125 : INFO : ConfigProcessor : Loading config from cache: /var/folders/0y/x6b2lmrx6vq3nhkjncz48nhc0000gn/T/03cea1619b79a61f4f0eef3c59cdaa46.mpf_cache
2023-04-01 14:36:03,126 : INFO : ConfigProcessor : Loading config from cache: /var/folders/0y/x6b2lmrx6vq3nhkjncz48nhc0000gn/T/d3948d842c6309f14ab557c3c72320d0.mpf_cache
2023-04-01 14:36:03,126 : INFO : ConfigProcessor : Loading config from cache: /var/folders/0y/x6b2lmrx6vq3nhkjncz48nhc0000gn/T/03cea1619b79a61f4f0eef3c59cdaa46.mpf_cache
2023-04-01 14:36:03,126 : INFO : ConfigProcessor : Loading config from cache: /var/folders/0y/x6b2lmrx6vq3nhkjncz48nhc0000gn/T/e2b5fc2c1600bc34f2e7c001687491b8.mpf_cache
2023-04-01 14:36:03,127 : INFO : ConfigProcessor : Loading config from cache: /var/folders/0y/x6b2lmrx6vq3nhkjncz48nhc0000gn/T/1a491952b1b86d65aa143eb7204b9608.mpf_cache
2023-04-01 14:36:03,127 : INFO : ConfigProcessor : Loading config from cache: /var/folders/0y/x6b2lmrx6vq3nhkjncz48nhc0000gn/T/a37a2141962f60258a07880b3484644a.mpf_cache
2023-04-01 14:36:03,128 : INFO : ConfigProcessor : Loading config from cache: /var/folders/0y/x6b2lmrx6vq3nhkjncz48nhc0000gn/T/1abbb484e5c2eb8b7dba517683fc6f83.mpf_cache
2023-04-01 14:36:03,128 : INFO : Machine : Mission Pinball Framework Core Engine v0.56.1.dev4
2023-04-01 14:36:03,128 : INFO : Machine : Command line arguments: {'no_load_cache': False, 'create_config_cache': True, 'bcp': False, 'configfile': ['config.yaml'], 'force_assets_load': False, 'jsonlogging': False, 'logfile': 'logs/2023-04-01-14-36-02-mpf-Tanners-MacBook-Pro-2.local.log', 'pause': False, 'production': False, 'text_ui': True, 'loglevel': 15, 'consoleloglevel': 20, 'force_platform': None, 'syslog_address': None, 'mc_file_name': None, 'no_sound': False}
2023-04-01 14:36:03,128 : INFO : Machine : MPF path: /Users/tpetch/.local/pipx/venvs/mpf/lib/python3.9/site-packages/mpf
2023-04-01 14:36:03,128 : INFO : Machine : Machine path: /Users/tpetch/Documents/trashland_3
2023-04-01 14:36:03,128 : INFO : Machine : Platform: darwin
2023-04-01 14:36:03,128 : INFO : Machine : Python executable location: /Users/tpetch/.local/pipx/venvs/mpf/bin/python
2023-04-01 14:36:03,128 : INFO : Machine : Python version: 3.9.13 (64-bit)
2023-04-01 14:36:03,134 : INFO : Machine : Initialise MPF.
2023-04-01 14:36:03,187 : INFO : [NET] : Trying to connect to /dev/tty.usbmodem141401 at 921600bps
2023-04-01 14:36:03,192 : INFO : [NET] : Connected to /dev/tty.usbmodem141401 at 921600bps
2023-04-01 14:36:03,204 : INFO : [NET] : Connected to FP-CPU-2000 with firmware v02.06
2023-04-01 14:36:03,205 : INFO : EventManager : Event: ======'machine_var_fast_net_firmware'====== Args={'value': '02.06', 'prev_value': None, 'change': True}
2023-04-01 14:36:03,205 : INFO : EventManager : Event: ======'machine_var_fast_net_model'====== Args={'value': 'FP-CPU-2000', 'prev_value': None, 'change': True}
2023-04-01 14:36:03,208 : INFO : [NET] : Registered I/O Board 0: Model: FP-I/O-0804, Firmware: 01.09, Switches: 8, Drivers: 4
2023-04-01 14:36:03,210 : INFO : [NET] : Registered I/O Board 1: Model: FP-I/O-0804, Firmware: 01.09, Switches: 8, Drivers: 4
2023-04-01 14:36:03,211 : INFO : [NET] : Registered I/O Board 2: Model: FP-I/O-3208, Firmware: 01.09, Switches: 32, Drivers: 8
2023-04-01 14:36:03,213 : INFO : [NET] : Registered I/O Board 3: Model: FP-I/O-1616, Firmware: 01.09, Switches: 16, Drivers: 16
2023-04-01 14:36:03,214 : INFO : [NET] : Registered I/O Board 4: Model: FP-I/O-3208, Firmware: 01.09, Switches: 32, Drivers: 8
2023-04-01 14:36:03,216 : INFO : [EXP] : Trying to connect to /dev/tty.usbmodem141403 at 921600bps
2023-04-01 14:36:03,221 : INFO : [EXP] : Connected to /dev/tty.usbmodem141403 at 921600bps
2023-04-01 14:36:03,227 : INFO : EventManager : Event: ======'machine_var_credits_string'====== Args={'value': 'FREE PLAY', 'prev_value': None, 'change': True}
2023-04-01 14:36:03,253 : INFO : EventManager : Event: ======'machine_var_master_volume'====== Args={'value': 0.5, 'prev_value': None, 'change': True}
2023-04-01 14:36:03,253 : INFO : EventManager : Event: ======'machine_var_player1_score'====== Args={'value': 0, 'prev_value': None, 'change': True}
2023-04-01 14:36:03,253 : INFO : EventManager : Event: ======'machine_var_mpf_version'====== Args={'value': 'MPF v0.56.1.dev4', 'prev_value': None, 'change': True}
2023-04-01 14:36:03,253 : INFO : EventManager : Event: ======'machine_var_mpf_extended_version'====== Args={'value': 'MPF v0.56.1.dev4, Config version:5, Show version: 5, BCP version:1.1', 'prev_value': None, 'change': True}
2023-04-01 14:36:03,253 : INFO : EventManager : Event: ======'machine_var_python_version'====== Args={'value': '3.9.13', 'prev_value': None, 'change': True}
2023-04-01 14:36:03,264 : INFO : EventManager : Event: ======'machine_var_platform'====== Args={'value': 'macOS-10.16-x86_64-i386-64bit', 'prev_value': None, 'change': True}
2023-04-01 14:36:03,265 : INFO : EventManager : Event: ======'machine_var_platform_system'====== Args={'value': 'Darwin', 'prev_value': None, 'change': True}
2023-04-01 14:36:03,265 : INFO : EventManager : Event: ======'machine_var_platform_release'====== Args={'value': '22.2.0', 'prev_value': None, 'change': True}
2023-04-01 14:36:03,265 : INFO : EventManager : Event: ======'machine_var_platform_version'====== Args={'value': 'Darwin Kernel Version 22.2.0: Fri Nov 11 02:08:47 PST 2022; root:xnu-8792.61.2~4/RELEASE_X86_64', 'prev_value': None, 'change': True}
2023-04-01 14:36:03,265 : INFO : EventManager : Event: ======'machine_var_platform_machine'====== Args={'value': 'x86_64', 'prev_value': None, 'change': True}
2023-04-01 14:36:03,265 : INFO : EventManager : Event: ======'init_phase_1'====== Args={}
2023-04-01 14:36:03,334 : INFO : EventManager : Event: ======'drop_target_bank_single_main_up'====== Args={}
2023-04-01 14:36:03,334 : INFO : EventManager : Event: ======'drop_target_bank_mid_up'====== Args={}
2023-04-01 14:36:03,334 : INFO : EventManager : Event: ======'drop_target_bank_right_up'====== Args={}
2023-04-01 14:36:03,335 : INFO : EventManager : Event: ======'init_phase_2'====== Args={}
2023-04-01 14:36:03,336 : INFO : SwitchController : Found active switch: (('1D', 0), <Platform.FAST>) <switch.s_trough_1>
2023-04-01 14:36:03,336 : INFO : SwitchController : Found active switch: (('1C', 0), <Platform.FAST>) <switch.s_trough_2>
2023-04-01 14:36:03,336 : INFO : SwitchController : Found active switch: (('1B', 0), <Platform.FAST>) <switch.s_trough_3>
2023-04-01 14:36:03,336 : INFO : SwitchController : Found active switch: (('1A', 0), <Platform.FAST>) <switch.s_trough_4>
2023-04-01 14:36:03,336 : INFO : SwitchController : Found active switch: (('19', 0), <Platform.FAST>) <switch.s_trough_5>
2023-04-01 14:36:03,336 : INFO : SwitchController : Found active switch: (('34', 0), <Platform.FAST>) <switch.s_drop_scoop>
2023-04-01 14:36:03,336 : INFO : SwitchController : Found active switch: (('42', 0), <Platform.FAST>) <switch.s_vuk_back>
2023-04-01 14:36:03,336 : INFO : SwitchController : Found active switch: (('4B', 0), <Platform.FAST>) <switch.s_u_lane_l>
2023-04-01 14:36:03,344 : INFO : ball_device.bd_vuk_back : BCH: Initial count: 1
2023-04-01 14:36:03,345 : INFO : ball_device.bd_vuk_back : State: idle
2023-04-01 14:36:03,345 : INFO : ball_device.bd_vuk_right : BCH: Initial count: 0
2023-04-01 14:36:03,346 : INFO : ball_device.bd_vuk_right : State: idle
2023-04-01 14:36:03,346 : INFO : ball_device.bd_b_lock : BCH: Initial count: 0
2023-04-01 14:36:03,346 : INFO : ball_device.bd_b_lock : State: idle
2023-04-01 14:36:03,347 : INFO : ball_device.bd_vuk_bot : BCH: Initial count: 0
2023-04-01 14:36:03,347 : INFO : ball_device.bd_vuk_bot : State: idle
2023-04-01 14:36:03,347 : INFO : ball_device.bd_trough : BCH: Initial count: 5
2023-04-01 14:36:03,348 : INFO : ball_device.bd_trough : State: idle
2023-04-01 14:36:03,348 : INFO : ball_device.bd_plunger : BCH: Initial count: 0
2023-04-01 14:36:03,348 : INFO : ball_device.bd_plunger : State: idle
2023-04-01 14:36:03,362 : INFO : EventManager : Event: ======'init_phase_3'====== Args={}
2023-04-01 14:36:03,369 : INFO : EventManager : Event: ======'init_phase_4'====== Args={}
2023-04-01 14:36:03,370 : INFO : BallController : Initial balls found: 6
2023-04-01 14:36:03,372 : INFO : EventManager : Event: ======'machine_var_audits_events_game_ended'====== Args={'value': 10, 'prev_value': None, 'change': True}
2023-04-01 14:36:03,372 : INFO : EventManager : Event: ======'machine_var_audits_events_game_started'====== Args={'value': 42, 'prev_value': None, 'change': True}
2023-04-01 14:36:03,372 : INFO : EventManager : Event: ======'machine_var_audits_player_score'====== Args={'value': {'average': 0.0, 'top': [0, 0, 0, 0, 0, 0, 0, 0, 0, 0], 'total': 10}, 'prev_value': None, 'change': True}
2023-04-01 14:36:03,373 : INFO : EventManager : Event: ======'machine_var_audits_switches_s_autolauncher'====== Args={'value': 171, 'prev_value': None, 'change': True}
2023-04-01 14:36:03,373 : INFO : EventManager : Event: ======'machine_var_audits_switches_s_b_eos'====== Args={'value': 558, 'prev_value': None, 'change': True}
2023-04-01 14:36:03,373 : INFO : EventManager : Event: ======'machine_var_audits_switches_s_b_pop'====== Args={'value': 99, 'prev_value': None, 'change': True}
2023-04-01 14:36:03,373 : INFO : EventManager : Event: ======'machine_var_audits_switches_s_b_rollover_interchange'====== Args={'value': 3, 'prev_value': None, 'change': True}
2023-04-01 14:36:03,373 : INFO : EventManager : Event: ======'machine_var_audits_switches_s_b_rollover_loop'====== Args={'value': 4, 'prev_value': None, 'change': True}
2023-04-01 14:36:03,373 : INFO : EventManager : Event: ======'machine_var_audits_switches_s_b_rollover_misc'====== Args={'value': 13, 'prev_value': None, 'change': True}
2023-04-01 14:36:03,374 : INFO : EventManager : Event: ======'machine_var_audits_switches_s_b_target_left'====== Args={'value': 2, 'prev_value': None, 'change': True}
2023-04-01 14:36:03,374 : INFO : EventManager : Event: ======'machine_var_audits_switches_s_b_target_right'====== Args={'value': 4, 'prev_value': None, 'change': True}
2023-04-01 14:36:03,374 : INFO : EventManager : Event: ======'machine_var_audits_switches_s_drop_mid_center'====== Args={'value': 12, 'prev_value': None, 'change': True}
2023-04-01 14:36:03,374 : INFO : EventManager : Event: ======'machine_var_audits_switches_s_drop_mid_left'====== Args={'value': 19, 'prev_value': None, 'change': True}
2023-04-01 14:36:03,374 : INFO : EventManager : Event: ======'machine_var_audits_switches_s_drop_mid_right'====== Args={'value': 13, 'prev_value': None, 'change': True}
2023-04-01 14:36:03,374 : INFO : EventManager : Event: ======'machine_var_audits_switches_s_drop_right_left'====== Args={'value': 3, 'prev_value': None, 'change': True}
2023-04-01 14:36:03,375 : INFO : EventManager : Event: ======'machine_var_audits_switches_s_drop_right_right'====== Args={'value': 3, 'prev_value': None, 'change': True}
2023-04-01 14:36:03,375 : INFO : EventManager : Event: ======'machine_var_audits_switches_s_drop_scoop'====== Args={'value': 0, 'prev_value': None, 'change': True}
2023-04-01 14:36:03,375 : INFO : EventManager : Event: ======'machine_var_audits_switches_s_drop_single'====== Args={'value': 17, 'prev_value': None, 'change': True}
2023-04-01 14:36:03,375 : INFO : EventManager : Event: ======'machine_var_audits_switches_s_flip_left_eos'====== Args={'value': 4633, 'prev_value': None, 'change': True}
2023-04-01 14:36:03,375 : INFO : EventManager : Event: ======'machine_var_audits_switches_s_flip_left_top_eos'====== Args={'value': 266, 'prev_value': None, 'change': True}
2023-04-01 14:36:03,375 : INFO : EventManager : Event: ======'machine_var_audits_switches_s_flip_right_eos'====== Args={'value': 482, 'prev_value': None, 'change': True}
2023-04-01 14:36:03,375 : INFO : EventManager : Event: ======'machine_var_audits_switches_s_inlane_left'====== Args={'value': 3, 'prev_value': None, 'change': True}
2023-04-01 14:36:03,376 : INFO : EventManager : Event: ======'machine_var_audits_switches_s_inlane_right'====== Args={'value': 10, 'prev_value': None, 'change': True}
2023-04-01 14:36:03,376 : INFO : EventManager : Event: ======'machine_var_audits_switches_s_l_rollover'====== Args={'value': 2, 'prev_value': None, 'change': True}
2023-04-01 14:36:03,376 : INFO : EventManager : Event: ======'machine_var_audits_switches_s_l_target_far'====== Args={'value': 2, 'prev_value': None, 'change': True}
2023-04-01 14:36:03,376 : INFO : EventManager : Event: ======'machine_var_audits_switches_s_l_target_large'====== Args={'value': 2, 'prev_value': None, 'change': True}
2023-04-01 14:36:03,376 : INFO : EventManager : Event: ======'machine_var_audits_switches_s_l_target_left'====== Args={'value': 3, 'prev_value': None, 'change': True}
2023-04-01 14:36:03,376 : INFO : EventManager : Event: ======'machine_var_audits_switches_s_l_target_right'====== Args={'value': 2, 'prev_value': None, 'change': True}
2023-04-01 14:36:03,376 : INFO : EventManager : Event: ======'machine_var_audits_switches_s_l_vuk'====== Args={'value': 5, 'prev_value': None, 'change': True}
2023-04-01 14:36:03,377 : INFO : EventManager : Event: ======'machine_var_audits_switches_s_launch'====== Args={'value': 179, 'prev_value': None, 'change': True}
2023-04-01 14:36:03,377 : INFO : EventManager : Event: ======'machine_var_audits_switches_s_left_flipper_1'====== Args={'value': 342, 'prev_value': None, 'change': True}
2023-04-01 14:36:03,377 : INFO : EventManager : Event: ======'machine_var_audits_switches_s_left_flipper_2'====== Args={'value': 422, 'prev_value': None, 'change': True}
2023-04-01 14:36:03,377 : INFO : EventManager : Event: ======'machine_var_audits_switches_s_lock_1'====== Args={'value': 1, 'prev_value': None, 'change': True}
2023-04-01 14:36:03,377 : INFO : EventManager : Event: ======'machine_var_audits_switches_s_lock_2'====== Args={'value': 1, 'prev_value': None, 'change': True}
2023-04-01 14:36:03,377 : INFO : EventManager : Event: ======'machine_var_audits_switches_s_lock_3'====== Args={'value': 1, 'prev_value': None, 'change': True}
2023-04-01 14:36:03,378 : INFO : EventManager : Event: ======'machine_var_audits_switches_s_outlane_left'====== Args={'value': 5, 'prev_value': None, 'change': True}
2023-04-01 14:36:03,378 : INFO : EventManager : Event: ======'machine_var_audits_switches_s_outlane_right'====== Args={'value': 4, 'prev_value': None, 'change': True}
2023-04-01 14:36:03,378 : INFO : EventManager : Event: ======'machine_var_audits_switches_s_pop_left'====== Args={'value': 39, 'prev_value': None, 'change': True}
2023-04-01 14:36:03,378 : INFO : EventManager : Event: ======'machine_var_audits_switches_s_pop_lower'====== Args={'value': 90, 'prev_value': None, 'change': True}
2023-04-01 14:36:03,378 : INFO : EventManager : Event: ======'machine_var_audits_switches_s_pop_right'====== Args={'value': 269, 'prev_value': None, 'change': True}
2023-04-01 14:36:03,379 : INFO : EventManager : Event: ======'machine_var_audits_switches_s_right_flipper_1'====== Args={'value': 915, 'prev_value': None, 'change': True}
2023-04-01 14:36:03,379 : INFO : EventManager : Event: ======'machine_var_audits_switches_s_right_flipper_2'====== Args={'value': 876, 'prev_value': None, 'change': True}
2023-04-01 14:36:03,379 : INFO : EventManager : Event: ======'machine_var_audits_switches_s_rollover_left'====== Args={'value': 30, 'prev_value': None, 'change': True}
2023-04-01 14:36:03,379 : INFO : EventManager : Event: ======'machine_var_audits_switches_s_rollover_right'====== Args={'value': 481, 'prev_value': None, 'change': True}
2023-04-01 14:36:03,380 : INFO : EventManager : Event: ======'machine_var_audits_switches_s_sling_left'====== Args={'value': 20, 'prev_value': None, 'change': True}
2023-04-01 14:36:03,380 : INFO : EventManager : Event: ======'machine_var_audits_switches_s_sling_right'====== Args={'value': 42, 'prev_value': None, 'change': True}
2023-04-01 14:36:03,380 : INFO : EventManager : Event: ======'machine_var_audits_switches_s_start'====== Args={'value': 46, 'prev_value': None, 'change': True}
2023-04-01 14:36:03,380 : INFO : EventManager : Event: ======'machine_var_audits_switches_s_tilt'====== Args={'value': 418, 'prev_value': None, 'change': True}
2023-04-01 14:36:03,380 : INFO : EventManager : Event: ======'machine_var_audits_switches_s_trough_1'====== Args={'value': 0, 'prev_value': None, 'change': True}
2023-04-01 14:36:03,381 : INFO : EventManager : Event: ======'machine_var_audits_switches_s_trough_2'====== Args={'value': 91, 'prev_value': None, 'change': True}
2023-04-01 14:36:03,381 : INFO : EventManager : Event: ======'machine_var_audits_switches_s_trough_3'====== Args={'value': 82, 'prev_value': None, 'change': True}
2023-04-01 14:36:03,381 : INFO : EventManager : Event: ======'machine_var_audits_switches_s_trough_4'====== Args={'value': 83, 'prev_value': None, 'change': True}
2023-04-01 14:36:03,381 : INFO : EventManager : Event: ======'machine_var_audits_switches_s_trough_5'====== Args={'value': 69, 'prev_value': None, 'change': True}
2023-04-01 14:36:03,381 : INFO : EventManager : Event: ======'machine_var_audits_switches_s_trough_6'====== Args={'value': 62, 'prev_value': None, 'change': True}
2023-04-01 14:36:03,382 : INFO : EventManager : Event: ======'machine_var_audits_switches_s_trough_jam'====== Args={'value': 92, 'prev_value': None, 'change': True}
2023-04-01 14:36:03,382 : INFO : EventManager : Event: ======'machine_var_audits_switches_s_u_lane_l'====== Args={'value': 4, 'prev_value': None, 'change': True}
2023-04-01 14:36:03,382 : INFO : EventManager : Event: ======'machine_var_audits_switches_s_u_lane_r'====== Args={'value': 5, 'prev_value': None, 'change': True}
2023-04-01 14:36:03,382 : INFO : EventManager : Event: ======'machine_var_audits_switches_s_u_rollover'====== Args={'value': 2, 'prev_value': None, 'change': True}
2023-04-01 14:36:03,382 : INFO : EventManager : Event: ======'machine_var_audits_switches_s_u_target'====== Args={'value': 1, 'prev_value': None, 'change': True}
2023-04-01 14:36:03,383 : INFO : EventManager : Event: ======'machine_var_audits_switches_s_vuk_back'====== Args={'value': 118, 'prev_value': None, 'change': True}
2023-04-01 14:36:03,383 : INFO : EventManager : Event: ======'machine_var_audits_switches_s_vuk_right'====== Args={'value': 0, 'prev_value': None, 'change': True}
2023-04-01 14:36:03,399 : INFO : EventManager : Event: ======'init_phase_5'====== Args={}
2023-04-01 14:36:03,400 : INFO : EventManager : Event: ======'init_done'====== Args={}
2023-04-01 14:36:03,400 : INFO : EventManager : Event: ======'machine_reset_phase_1'====== Args={}
2023-04-01 14:36:03,401 : INFO : EventManager : Event: ======'machine_reset_phase_2'====== Args={}
2023-04-01 14:36:03,401 : INFO : EventManager : Event: ======'machine_reset_phase_3'====== Args={}
2023-04-01 14:36:03,401 : INFO : EventManager : Event: ======'mode_tilt_will_start'====== Args={'queue': <QueuedEvent>}
2023-04-01 14:36:03,402 : INFO : EventManager : Event: ======'mode_tilt_starting'====== Args={'queue': <QueuedEvent>}
2023-04-01 14:36:03,402 : INFO : Mode.tilt : Started. Priority: 1000000
2023-04-01 14:36:03,402 : INFO : EventManager : Event: ======'modes_active_modes_changed'====== Args={}
2023-04-01 14:36:03,402 : INFO : EventManager : Event: ======'mode_tilt_started'====== Args={'queue': <QueuedEvent>}
2023-04-01 14:36:03,403 : INFO : EventManager : Event: ======'reset_complete'====== Args={}
2023-04-01 14:36:03,403 : INFO : EventManager : Event: ======'mode_attract_will_start'====== Args={}
2023-04-01 14:36:03,403 : INFO : EventManager : Event: ======'mode_attract_starting'====== Args={}
2023-04-01 14:36:03,403 : INFO : Mode.attract : Started. Priority: 10
2023-04-01 14:36:03,403 : INFO : EventManager : Event: ======'modes_active_modes_changed'====== Args={}
2023-04-01 14:36:03,403 : INFO : EventManager : Event: ======'mode_attract_started'====== Args={}
2023-04-01 14:36:03,406 : INFO : EventManager : Event: ======'collecting_balls'====== Args={}
2023-04-01 14:36:03,406 : INFO : ball_device.bd_vuk_back : Adding 1 ball(s) to the eject_queue with target <playfield.playfield>.
2023-04-01 14:36:03,406 : INFO : EventManager : Event: ======'balldevice_balls_available'====== Args={}
2023-04-01 14:36:03,407 : INFO : Machine : Starting the main run loop.
2023-04-01 14:36:03,407 : INFO : ball_device.bd_vuk_back : State: waiting_for_target_ready
2023-04-01 14:36:03,407 : INFO : EventManager : Event: ======'balldevice_bd_vuk_back_ball_eject_attempt'====== Args={'balls': 1, 'target': <playfield.playfield>, 'source': <ball_device.bd_vuk_back>, 'mechanical_eject': False, 'num_attempts': 0}
2023-04-01 14:36:03,408 : INFO : ball_device.bd_vuk_back : State: ejecting
2023-04-01 14:36:03,408 : INFO : ball_device.bd_vuk_back : Ejecting ball to <playfield.playfield>
2023-04-01 14:36:03,408 : INFO : EventManager : Event: ======'balldevice_bd_vuk_back_ejecting_ball'====== Args={'balls': 1, 'target': <playfield.playfield>, 'source': <ball_device.bd_vuk_back>, 'mechanical_eject': False, 'num_attempts': 0}
2023-04-01 14:36:03,408 : INFO : ball_device.bd_vuk_back : Wait for ball to leave device
2023-04-01 14:36:03,408 : INFO : coil.c_vuk_back : Pulsing Driver for 40ms (1.0 pulse_power)
2023-04-01 14:36:03,548 : INFO : SwitchController : <<<<<<< 's_vuk_back' inactive >>>>>>>
2023-04-01 14:36:03,549 : INFO : ball_device.bd_vuk_back : State: ball_left
2023-04-01 14:36:03,549 : INFO : ball_device.bd_vuk_back : Ball left
2023-04-01 14:36:03,549 : INFO : ball_device.bd_vuk_back : Wait for confirm with timeout 2.0
2023-04-01 14:36:05,549 : INFO : ball_device.bd_vuk_back : State: failed_confirm
2023-04-01 14:36:05,550 : INFO : ball_device.bd_vuk_back : Got timeout (2.0s) before confirm from <playfield.playfield>
2023-04-01 14:36:05,650 : INFO : ball_device.bd_vuk_back : Confirming eject because target is playfield and ball did not return.
2023-04-01 14:36:05,650 : INFO : ball_device.bd_vuk_back : Eject successful
2023-04-01 14:36:05,650 : INFO : EventManager : Event: ======'balldevice_bd_vuk_back_ball_eject_success'====== Args={'balls': 1, 'target': <playfield.playfield>}
2023-04-01 14:36:05,650 : INFO : EventManager : Event: ======'balldevice_playfield_ball_enter'====== Args={'new_balls': 1, 'unclaimed_balls': 1, 'device': <playfield.playfield>}
2023-04-01 14:36:05,650 : INFO : EventManager : Event: ======'playfield_ball_count_change'====== Args={'balls': 1, 'change': 1}
2023-04-01 14:36:05,650 : INFO : EventManager : Event: ======'balldevice_bd_vuk_back_ball_count_changed'====== Args={'balls': 0}
2023-04-01 14:36:05,651 : INFO : ball_device.bd_vuk_back : State: idle
2023-04-01 14:36:07,327 : INFO : SwitchController : <<<<<<< 's_trough_6' active >>>>>>>
2023-04-01 14:36:09,166 : INFO : SwitchController : <<<<<<< 's_start' active >>>>>>>
2023-04-01 14:36:09,339 : INFO : SwitchController : <<<<<<< 's_start' inactive >>>>>>>
2023-04-01 14:36:09,339 : INFO : EventManager : Event: ======'request_to_start_game'====== Args={}
2023-04-01 14:36:09,340 : INFO : EventManager : Event: ======'collecting_balls'====== Args={}
2023-04-01 14:36:09,341 : INFO : BallController : Known balls: 6
2023-04-01 14:36:09,341 : INFO : BallController : bd_vuk_back contains 0 balls. Tags []
2023-04-01 14:36:09,341 : INFO : BallController : bd_vuk_right contains 0 balls. Tags []
2023-04-01 14:36:09,341 : INFO : BallController : bd_b_lock contains 0 balls. Tags []
2023-04-01 14:36:09,341 : INFO : BallController : bd_vuk_bot contains 0 balls. Tags []
2023-04-01 14:36:09,341 : INFO : BallController : bd_trough contains 5 balls. Tags ['trough', 'home', 'drain']
2023-04-01 14:36:09,341 : INFO : BallController : bd_plunger contains 0 balls. Tags []
2023-04-01 14:36:09,341 : INFO : BallController : playfield contains 1 balls. Tags ['default']
2023-04-01 14:36:09,341 : WARNING : BallController : BallController denies game start. Balls are not in their home positions.
2023-04-01 14:36:10,542 : INFO : SwitchController : <<<<<<< 's_start' active >>>>>>>
2023-04-01 14:36:10,746 : INFO : SwitchController : <<<<<<< 's_start' inactive >>>>>>>
2023-04-01 14:36:10,746 : INFO : EventManager : Event: ======'request_to_start_game'====== Args={}
2023-04-01 14:36:10,746 : INFO : EventManager : Event: ======'collecting_balls'====== Args={}
2023-04-01 14:36:10,747 : INFO : BallController : Known balls: 6
2023-04-01 14:36:10,747 : INFO : BallController : bd_vuk_back contains 0 balls. Tags []
2023-04-01 14:36:10,747 : INFO : BallController : bd_vuk_right contains 0 balls. Tags []
2023-04-01 14:36:10,747 : INFO : BallController : bd_b_lock contains 0 balls. Tags []
2023-04-01 14:36:10,747 : INFO : BallController : bd_vuk_bot contains 0 balls. Tags []
2023-04-01 14:36:10,747 : INFO : BallController : bd_trough contains 5 balls. Tags ['trough', 'home', 'drain']
2023-04-01 14:36:10,747 : INFO : BallController : bd_plunger contains 0 balls. Tags []
2023-04-01 14:36:10,747 : INFO : BallController : playfield contains 1 balls. Tags ['default']
2023-04-01 14:36:10,747 : WARNING : BallController : BallController denies game start. Balls are not in their home positions.
2023-04-01 14:36:11,295 : INFO : BcpServer : New client connected.
2023-04-01 14:36:11,481 : INFO : SwitchController : <<<<<<< 's_right_flipper_1' active >>>>>>>
2023-04-01 14:36:11,506 : INFO : SwitchController : <<<<<<< 's_right_flipper_2' active >>>>>>>
2023-04-01 14:36:11,535 : INFO : SwitchController : <<<<<<< 's_left_flipper_1' active >>>>>>>
2023-04-01 14:36:11,535 : INFO : EventManager : Event: ======'flipper_cancel'====== Args={'triggering_group': 1, 'triggering_switch': 's_left_flipper_1'}
2023-04-01 14:36:11,567 : INFO : SwitchController : <<<<<<< 's_left_flipper_1' inactive >>>>>>>
2023-04-01 14:36:11,567 : INFO : EventManager : Event: ======'both_flippers_one'====== Args={'triggering_group': 1, 'triggering_switch': 's_left_flipper_1'}
2023-04-01 14:36:11,648 : INFO : SwitchController : <<<<<<< 's_left_flipper_1' active >>>>>>>
2023-04-01 14:36:11,648 : INFO : EventManager : Event: ======'flipper_cancel'====== Args={'triggering_group': 1, 'triggering_switch': 's_left_flipper_1'}
2023-04-01 14:36:11,670 : INFO : SwitchController : <<<<<<< 's_right_flipper_2' inactive >>>>>>>
2023-04-01 14:36:11,670 : INFO : SwitchController : <<<<<<< 's_left_flipper_2' active >>>>>>>
2023-04-01 14:36:11,671 : INFO : SwitchController : <<<<<<< 's_right_flipper_1' inactive >>>>>>>
2023-04-01 14:36:11,671 : INFO : EventManager : Event: ======'both_flippers_one'====== Args={'triggering_group': 2, 'triggering_switch': 's_right_flipper_1'}
2023-04-01 14:36:11,776 : INFO : SwitchController : <<<<<<< 's_right_flipper_1' active >>>>>>>
2023-04-01 14:36:11,776 : INFO : EventManager : Event: ======'flipper_cancel'====== Args={'triggering_group': 2, 'triggering_switch': 's_right_flipper_1'}
2023-04-01 14:36:11,804 : INFO : SwitchController : <<<<<<< 's_right_flipper_2' active >>>>>>>
2023-04-01 14:36:11,824 : INFO : SwitchController : <<<<<<< 's_left_flipper_2' inactive >>>>>>>
2023-04-01 14:36:11,834 : INFO : SwitchController : <<<<<<< 's_left_flipper_1' inactive >>>>>>>
2023-04-01 14:36:11,834 : INFO : EventManager : Event: ======'both_flippers_one'====== Args={'triggering_group': 1, 'triggering_switch': 's_left_flipper_1'}
2023-04-01 14:36:11,867 : INFO : SwitchController : <<<<<<< 's_right_flipper_2' inactive >>>>>>>
2023-04-01 14:36:11,898 : INFO : SwitchController : <<<<<<< 's_left_flipper_1' active >>>>>>>
2023-04-01 14:36:11,898 : INFO : EventManager : Event: ======'flipper_cancel'====== Args={'triggering_group': 1, 'triggering_switch': 's_left_flipper_1'}
2023-04-01 14:36:11,905 : INFO : SwitchController : <<<<<<< 's_left_flipper_2' active >>>>>>>
2023-04-01 14:36:11,934 : INFO : SwitchController : <<<<<<< 's_right_flipper_2' active >>>>>>>
2023-04-01 14:36:11,955 : INFO : SwitchController : <<<<<<< 's_right_flipper_2' inactive >>>>>>>
2023-04-01 14:36:11,975 : INFO : SwitchController : <<<<<<< 's_right_flipper_1' inactive >>>>>>>
2023-04-01 14:36:11,976 : INFO : EventManager : Event: ======'both_flippers_one'====== Args={'triggering_group': 2, 'triggering_switch': 's_right_flipper_1'}
2023-04-01 14:36:12,064 : INFO : SwitchController : <<<<<<< 's_right_flipper_1' active >>>>>>>
2023-04-01 14:36:12,064 : INFO : EventManager : Event: ======'flipper_cancel'====== Args={'triggering_group': 2, 'triggering_switch': 's_right_flipper_1'}
2023-04-01 14:36:12,065 : INFO : SwitchController : <<<<<<< 's_left_flipper_2' inactive >>>>>>>
2023-04-01 14:36:12,066 : INFO : SwitchController : <<<<<<< 's_left_flipper_1' inactive >>>>>>>
2023-04-01 14:36:12,066 : INFO : EventManager : Event: ======'both_flippers_one'====== Args={'triggering_group': 1, 'triggering_switch': 's_left_flipper_1'}
2023-04-01 14:36:12,070 : INFO : SwitchController : <<<<<<< 's_right_flipper_2' active >>>>>>>
2023-04-01 14:36:12,206 : INFO : SwitchController : <<<<<<< 's_left_flipper_1' active >>>>>>>
2023-04-01 14:36:12,206 : INFO : EventManager : Event: ======'flipper_cancel'====== Args={'triggering_group': 1, 'triggering_switch': 's_left_flipper_1'}
2023-04-01 14:36:12,239 : INFO : SwitchController : <<<<<<< 's_right_flipper_2' inactive >>>>>>>
2023-04-01 14:36:12,243 : INFO : SwitchController : <<<<<<< 's_left_flipper_1' inactive >>>>>>>
2023-04-01 14:36:12,244 : INFO : EventManager : Event: ======'both_flippers_one'====== Args={'triggering_group': 1, 'triggering_switch': 's_left_flipper_1'}
2023-04-01 14:36:12,246 : INFO : SwitchController : <<<<<<< 's_right_flipper_1' inactive >>>>>>>
2023-04-01 14:36:12,247 : INFO : EventManager : Event: ======'both_flippers_inactive'====== Args={'triggering_group': 2, 'triggering_switch': 's_right_flipper_1'}
2023-04-01 14:36:12,839 : INFO : SwitchController : <<<<<<< 's_start' active >>>>>>>
2023-04-01 14:36:13,051 : INFO : SwitchController : <<<<<<< 's_start' inactive >>>>>>>
2023-04-01 14:36:13,052 : INFO : EventManager : Event: ======'request_to_start_game'====== Args={}
2023-04-01 14:36:13,052 : INFO : EventManager : Event: ======'collecting_balls'====== Args={}
2023-04-01 14:36:13,052 : INFO : BallController : Known balls: 6
2023-04-01 14:36:13,052 : INFO : BallController : bd_vuk_back contains 0 balls. Tags []
2023-04-01 14:36:13,052 : INFO : BallController : bd_vuk_right contains 0 balls. Tags []
2023-04-01 14:36:13,052 : INFO : BallController : bd_b_lock contains 0 balls. Tags []
2023-04-01 14:36:13,052 : INFO : BallController : bd_vuk_bot contains 0 balls. Tags []
2023-04-01 14:36:13,052 : INFO : BallController : bd_trough contains 5 balls. Tags ['trough', 'home', 'drain']
2023-04-01 14:36:13,053 : INFO : BallController : bd_plunger contains 0 balls. Tags []
2023-04-01 14:36:13,053 : INFO : BallController : playfield contains 1 balls. Tags ['default']
2023-04-01 14:36:13,053 : WARNING : BallController : BallController denies game start. Balls are not in their home positions.
2023-04-01 14:36:13,127 : INFO : SwitchController : <<<<<<< 's_start' active >>>>>>>
2023-04-01 14:36:13,282 : INFO : SwitchController : <<<<<<< 's_start' inactive >>>>>>>
2023-04-01 14:36:13,282 : INFO : EventManager : Event: ======'request_to_start_game'====== Args={}
2023-04-01 14:36:13,282 : INFO : EventManager : Event: ======'collecting_balls'====== Args={}
2023-04-01 14:36:13,282 : INFO : BallController : Known balls: 6
2023-04-01 14:36:13,282 : INFO : BallController : bd_vuk_back contains 0 balls. Tags []
2023-04-01 14:36:13,283 : INFO : BallController : bd_vuk_right contains 0 balls. Tags []
2023-04-01 14:36:13,283 : INFO : BallController : bd_b_lock contains 0 balls. Tags []
2023-04-01 14:36:13,283 : INFO : BallController : bd_vuk_bot contains 0 balls. Tags []
2023-04-01 14:36:13,283 : INFO : BallController : bd_trough contains 5 balls. Tags ['trough', 'home', 'drain']
2023-04-01 14:36:13,283 : INFO : BallController : bd_plunger contains 0 balls. Tags []
2023-04-01 14:36:13,283 : INFO : BallController : playfield contains 1 balls. Tags ['default']
2023-04-01 14:36:13,283 : WARNING : BallController : BallController denies game start. Balls are not in their home positions.
2023-04-01 14:36:14,541 : INFO : SwitchController : <<<<<<< 's_left_flipper_1' active >>>>>>>
2023-04-01 14:36:14,741 : INFO : SwitchController : <<<<<<< 's_left_flipper_2' active >>>>>>>
2023-04-01 14:36:14,748 : INFO : SwitchController : <<<<<<< 's_left_flipper_2' inactive >>>>>>>
2023-04-01 14:36:14,761 : INFO : SwitchController : <<<<<<< 's_left_flipper_1' inactive >>>>>>>
2023-04-01 14:36:14,803 : INFO : SwitchController : <<<<<<< 's_right_flipper_1' active >>>>>>>
2023-04-01 14:36:14,827 : INFO : SwitchController : <<<<<<< 's_left_flipper_1' active >>>>>>>
2023-04-01 14:36:14,828 : INFO : EventManager : Event: ======'flipper_cancel'====== Args={'triggering_group': 1, 'triggering_switch': 's_left_flipper_1'}
2023-04-01 14:36:14,833 : INFO : SwitchController : <<<<<<< 's_left_flipper_2' active >>>>>>>
2023-04-01 14:36:14,848 : INFO : SwitchController : <<<<<<< 's_right_flipper_2' active >>>>>>>
2023-04-01 14:36:15,025 : INFO : SwitchController : <<<<<<< 's_left_flipper_2' inactive >>>>>>>
2023-04-01 14:36:15,029 : INFO : SwitchController : <<<<<<< 's_right_flipper_2' inactive >>>>>>>
2023-04-01 14:36:15,033 : INFO : SwitchController : <<<<<<< 's_left_flipper_1' inactive >>>>>>>
2023-04-01 14:36:15,033 : INFO : EventManager : Event: ======'both_flippers_one'====== Args={'triggering_group': 1, 'triggering_switch': 's_left_flipper_1'}
2023-04-01 14:36:15,070 : INFO : SwitchController : <<<<<<< 's_right_flipper_1' inactive >>>>>>>
2023-04-01 14:36:15,070 : INFO : EventManager : Event: ======'both_flippers_inactive'====== Args={'triggering_group': 2, 'triggering_switch': 's_right_flipper_1'}
2023-04-01 14:36:15,186 : INFO : SwitchController : <<<<<<< 's_left_flipper_1' active >>>>>>>
2023-04-01 14:36:15,187 : INFO : SwitchController : <<<<<<< 's_left_flipper_2' active >>>>>>>
2023-04-01 14:36:15,208 : INFO : SwitchController : <<<<<<< 's_right_flipper_1' active >>>>>>>
2023-04-01 14:36:15,208 : INFO : EventManager : Event: ======'flipper_cancel'====== Args={'triggering_group': 2, 'triggering_switch': 's_right_flipper_1'}
2023-04-01 14:36:15,210 : INFO : SwitchController : <<<<<<< 's_right_flipper_2' active >>>>>>>
2023-04-01 14:36:15,256 : INFO : SwitchController : <<<<<<< 's_right_flipper_2' inactive >>>>>>>
2023-04-01 14:36:15,261 : INFO : SwitchController : <<<<<<< 's_right_flipper_2' active >>>>>>>
2023-04-01 14:36:15,300 : INFO : SwitchController : <<<<<<< 's_right_flipper_2' inactive >>>>>>>
2023-04-01 14:36:15,309 : INFO : SwitchController : <<<<<<< 's_right_flipper_2' active >>>>>>>
2023-04-01 14:36:15,322 : INFO : SwitchController : <<<<<<< 's_right_flipper_2' inactive >>>>>>>
2023-04-01 14:36:15,346 : INFO : SwitchController : <<<<<<< 's_right_flipper_2' active >>>>>>>
2023-04-01 14:36:15,407 : INFO : SwitchController : <<<<<<< 's_right_flipper_2' inactive >>>>>>>
2023-04-01 14:36:15,427 : INFO : SwitchController : <<<<<<< 's_left_flipper_2' inactive >>>>>>>
2023-04-01 14:36:15,428 : INFO : SwitchController : <<<<<<< 's_left_flipper_1' inactive >>>>>>>
2023-04-01 14:36:15,428 : INFO : EventManager : Event: ======'both_flippers_one'====== Args={'triggering_group': 1, 'triggering_switch': 's_left_flipper_1'}
2023-04-01 14:36:15,458 : INFO : SwitchController : <<<<<<< 's_right_flipper_1' inactive >>>>>>>
2023-04-01 14:36:15,458 : INFO : EventManager : Event: ======'both_flippers_inactive'====== Args={'triggering_group': 2, 'triggering_switch': 's_right_flipper_1'}
2023-04-01 14:36:15,766 : INFO : SwitchController : <<<<<<< 's_right_flipper_1' active >>>>>>>
2023-04-01 14:36:15,786 : INFO : SwitchController : <<<<<<< 's_right_flipper_2' active >>>>>>>
2023-04-01 14:36:15,786 : INFO : SwitchController : <<<<<<< 's_left_flipper_1' active >>>>>>>
2023-04-01 14:36:15,786 : INFO : EventManager : Event: ======'flipper_cancel'====== Args={'triggering_group': 1, 'triggering_switch': 's_left_flipper_1'}
2023-04-01 14:36:15,807 : INFO : SwitchController : <<<<<<< 's_left_flipper_2' active >>>>>>>
2023-04-01 14:36:15,809 : INFO : SwitchController : <<<<<<< 's_right_flipper_2' inactive >>>>>>>
2023-04-01 14:36:15,841 : INFO : SwitchController : <<<<<<< 's_right_flipper_2' active >>>>>>>
2023-04-01 14:36:15,937 : INFO : SwitchController : <<<<<<< 's_left_flipper_2' inactive >>>>>>>
2023-04-01 14:36:15,946 : INFO : SwitchController : <<<<<<< 's_left_flipper_1' inactive >>>>>>>
2023-04-01 14:36:15,946 : INFO : EventManager : Event: ======'both_flippers_one'====== Args={'triggering_group': 1, 'triggering_switch': 's_left_flipper_1'}
2023-04-01 14:36:15,966 : INFO : SwitchController : <<<<<<< 's_right_flipper_2' inactive >>>>>>>
2023-04-01 14:36:15,966 : INFO : SwitchController : <<<<<<< 's_right_flipper_2' active >>>>>>>
2023-04-01 14:36:15,986 : INFO : SwitchController : <<<<<<< 's_right_flipper_2' inactive >>>>>>>
2023-04-01 14:36:16,015 : INFO : SwitchController : <<<<<<< 's_right_flipper_1' inactive >>>>>>>
2023-04-01 14:36:16,016 : INFO : EventManager : Event: ======'both_flippers_inactive'====== Args={'triggering_group': 2, 'triggering_switch': 's_right_flipper_1'}
2023-04-01 14:36:16,073 : INFO : SwitchController : <<<<<<< 's_left_flipper_1' active >>>>>>>
2023-04-01 14:36:16,100 : INFO : SwitchController : <<<<<<< 's_right_flipper_1' active >>>>>>>
2023-04-01 14:36:16,100 : INFO : EventManager : Event: ======'flipper_cancel'====== Args={'triggering_group': 2, 'triggering_switch': 's_right_flipper_1'}
2023-04-01 14:36:16,100 : INFO : SwitchController : <<<<<<< 's_left_flipper_2' active >>>>>>>
2023-04-01 14:36:16,100 : INFO : SwitchController : <<<<<<< 's_right_flipper_2' active >>>>>>>
2023-04-01 14:36:16,163 : INFO : SwitchController : <<<<<<< 's_right_flipper_2' inactive >>>>>>>
2023-04-01 14:36:16,183 : INFO : SwitchController : <<<<<<< 's_right_flipper_2' active >>>>>>>
2023-04-01 14:36:16,267 : INFO : SwitchController : <<<<<<< 's_left_flipper_2' inactive >>>>>>>
2023-04-01 14:36:16,272 : INFO : SwitchController : <<<<<<< 's_left_flipper_1' inactive >>>>>>>
2023-04-01 14:36:16,272 : INFO : EventManager : Event: ======'both_flippers_one'====== Args={'triggering_group': 1, 'triggering_switch': 's_left_flipper_1'}
2023-04-01 14:36:16,295 : INFO : SwitchController : <<<<<<< 's_right_flipper_2' inactive >>>>>>>
2023-04-01 14:36:16,325 : INFO : SwitchController : <<<<<<< 's_right_flipper_1' inactive >>>>>>>
2023-04-01 14:36:16,325 : INFO : EventManager : Event: ======'both_flippers_inactive'====== Args={'triggering_group': 2, 'triggering_switch': 's_right_flipper_1'}
2023-04-01 14:36:16,998 : INFO : SwitchController : <<<<<<< 's_start' active >>>>>>>
2023-04-01 14:36:17,214 : INFO : SwitchController : <<<<<<< 's_start' inactive >>>>>>>
2023-04-01 14:36:17,214 : INFO : EventManager : Event: ======'request_to_start_game'====== Args={}
2023-04-01 14:36:17,214 : INFO : EventManager : Event: ======'collecting_balls'====== Args={}
2023-04-01 14:36:17,214 : INFO : BallController : Known balls: 6
2023-04-01 14:36:17,214 : INFO : BallController : bd_vuk_back contains 0 balls. Tags []
2023-04-01 14:36:17,214 : INFO : BallController : bd_vuk_right contains 0 balls. Tags []
2023-04-01 14:36:17,214 : INFO : BallController : bd_b_lock contains 0 balls. Tags []
2023-04-01 14:36:17,215 : INFO : BallController : bd_vuk_bot contains 0 balls. Tags []
2023-04-01 14:36:17,215 : INFO : BallController : bd_trough contains 5 balls. Tags ['trough', 'home', 'drain']
2023-04-01 14:36:17,215 : INFO : BallController : bd_plunger contains 0 balls. Tags []
2023-04-01 14:36:17,215 : INFO : BallController : playfield contains 1 balls. Tags ['default']
2023-04-01 14:36:17,215 : WARNING : BallController : BallController denies game start. Balls are not in their home positions.
2023-04-01 14:36:17,385 : INFO : SwitchController : <<<<<<< 's_start' active >>>>>>>
2023-04-01 14:36:17,616 : INFO : SwitchController : <<<<<<< 's_start' inactive >>>>>>>
2023-04-01 14:36:17,616 : INFO : EventManager : Event: ======'request_to_start_game'====== Args={}
2023-04-01 14:36:17,616 : INFO : EventManager : Event: ======'collecting_balls'====== Args={}
2023-04-01 14:36:17,616 : INFO : BallController : Known balls: 6
2023-04-01 14:36:17,616 : INFO : BallController : bd_vuk_back contains 0 balls. Tags []
2023-04-01 14:36:17,616 : INFO : BallController : bd_vuk_right contains 0 balls. Tags []
2023-04-01 14:36:17,617 : INFO : BallController : bd_b_lock contains 0 balls. Tags []
2023-04-01 14:36:17,617 : INFO : BallController : bd_vuk_bot contains 0 balls. Tags []
2023-04-01 14:36:17,617 : INFO : BallController : bd_trough contains 5 balls. Tags ['trough', 'home', 'drain']
2023-04-01 14:36:17,617 : INFO : BallController : bd_plunger contains 0 balls. Tags []
2023-04-01 14:36:17,617 : INFO : BallController : playfield contains 1 balls. Tags ['default']
2023-04-01 14:36:17,617 : WARNING : BallController : BallController denies game start. Balls are not in their home positions.
2023-04-01 14:36:17,713 : INFO : SwitchController : <<<<<<< 's_start' active >>>>>>>
2023-04-01 14:36:17,856 : INFO : SwitchController : <<<<<<< 's_start' inactive >>>>>>>
2023-04-01 14:36:17,856 : INFO : EventManager : Event: ======'request_to_start_game'====== Args={}
2023-04-01 14:36:17,857 : INFO : EventManager : Event: ======'collecting_balls'====== Args={}
2023-04-01 14:36:17,857 : INFO : BallController : Known balls: 6
2023-04-01 14:36:17,858 : INFO : BallController : bd_vuk_back contains 0 balls. Tags []
2023-04-01 14:36:17,858 : INFO : BallController : bd_vuk_right contains 0 balls. Tags []
2023-04-01 14:36:17,858 : INFO : BallController : bd_b_lock contains 0 balls. Tags []
2023-04-01 14:36:17,858 : INFO : BallController : bd_vuk_bot contains 0 balls. Tags []
2023-04-01 14:36:17,858 : INFO : BallController : bd_trough contains 5 balls. Tags ['trough', 'home', 'drain']
2023-04-01 14:36:17,858 : INFO : BallController : bd_plunger contains 0 balls. Tags []
2023-04-01 14:36:17,858 : INFO : BallController : playfield contains 1 balls. Tags ['default']
2023-04-01 14:36:17,858 : WARNING : BallController : BallController denies game start. Balls are not in their home positions.
2023-04-01 14:36:23,985 : INFO : Machine : Shutting down...
2023-04-01 14:36:23,985 : INFO : EventManager : Event: ======'shutdown'====== Args={}
2023-04-01 14:36:24,096 : INFO : root : MPF run loop ended.
