2023-04-02 01:28:42,088 : INFO : root : Loading config.
2023-04-02 01:28:42,505 : INFO : ConfigProcessor : Config spec file cache created: /var/folders/0y/x6b2lmrx6vq3nhkjncz48nhc0000gn/T/config_spec.mpf_cache
2023-04-02 01:28:42,505 : INFO : YamlMultifileConfigLoader : Machine config file #1: config.yaml
2023-04-02 01:28:42,506 : INFO : ConfigProcessor : Loading config from cache: /var/folders/0y/x6b2lmrx6vq3nhkjncz48nhc0000gn/T/28c67afebeedf0bcd540f5dc9898a885.mpf_cache
2023-04-02 01:28:42,592 : INFO : ConfigProcessor : Loading config from cache: /var/folders/0y/x6b2lmrx6vq3nhkjncz48nhc0000gn/T/03cea1619b79a61f4f0eef3c59cdaa46.mpf_cache
2023-04-02 01:28:42,593 : INFO : ConfigProcessor : Loading config from cache: /var/folders/0y/x6b2lmrx6vq3nhkjncz48nhc0000gn/T/d3948d842c6309f14ab557c3c72320d0.mpf_cache
2023-04-02 01:28:42,593 : INFO : ConfigProcessor : Loading config from cache: /var/folders/0y/x6b2lmrx6vq3nhkjncz48nhc0000gn/T/03cea1619b79a61f4f0eef3c59cdaa46.mpf_cache
2023-04-02 01:28:42,594 : INFO : ConfigProcessor : Loading config from cache: /var/folders/0y/x6b2lmrx6vq3nhkjncz48nhc0000gn/T/1a491952b1b86d65aa143eb7204b9608.mpf_cache
2023-04-02 01:28:42,596 : INFO : ConfigProcessor : Loading config from cache: /var/folders/0y/x6b2lmrx6vq3nhkjncz48nhc0000gn/T/a37a2141962f60258a07880b3484644a.mpf_cache
2023-04-02 01:28:42,596 : INFO : ConfigProcessor : Loading config from cache: /var/folders/0y/x6b2lmrx6vq3nhkjncz48nhc0000gn/T/1abbb484e5c2eb8b7dba517683fc6f83.mpf_cache
2023-04-02 01:28:42,597 : INFO : Machine : Mission Pinball Framework Core Engine v0.56.1.dev4
2023-04-02 01:28:42,597 : INFO : Machine : Command line arguments: {'no_load_cache': False, 'create_config_cache': True, 'bcp': False, 'configfile': ['config.yaml'], 'force_assets_load': False, 'jsonlogging': False, 'logfile': 'logs/2023-04-02-01-28-42-mpf-Tanners-MacBook-Pro-2.local.log', 'pause': False, 'production': False, 'text_ui': True, 'loglevel': 15, 'consoleloglevel': 20, 'force_platform': None, 'syslog_address': None, 'mc_file_name': None, 'no_sound': False}
2023-04-02 01:28:42,597 : INFO : Machine : MPF path: /Users/tpetch/.local/pipx/venvs/mpf/lib/python3.9/site-packages/mpf
2023-04-02 01:28:42,597 : INFO : Machine : Machine path: /Users/tpetch/Documents/trashland_3
2023-04-02 01:28:42,597 : INFO : Machine : Platform: darwin
2023-04-02 01:28:42,597 : INFO : Machine : Python executable location: /Users/tpetch/.local/pipx/venvs/mpf/bin/python
2023-04-02 01:28:42,597 : INFO : Machine : Python version: 3.9.13 (64-bit)
2023-04-02 01:28:42,606 : INFO : Machine : Initialise MPF.
2023-04-02 01:28:42,694 : INFO : [NET] : Trying to connect to /dev/tty.usbmodem141401 at 921600bps
2023-04-02 01:28:42,699 : INFO : [NET] : Connected to /dev/tty.usbmodem141401 at 921600bps
2023-04-02 01:28:42,712 : INFO : [NET] : Connected to FP-CPU-2000 with firmware v02.06
2023-04-02 01:28:42,712 : INFO : EventManager : Event: ======'machine_var_fast_net_firmware'====== Args={'value': '02.06', 'prev_value': None, 'change': True}
2023-04-02 01:28:42,713 : INFO : EventManager : Event: ======'machine_var_fast_net_model'====== Args={'value': 'FP-CPU-2000', 'prev_value': None, 'change': True}
2023-04-02 01:28:42,715 : INFO : [NET] : Registered I/O Board 0: Model: FP-I/O-0804, Firmware: 01.09, Switches: 8, Drivers: 4
2023-04-02 01:28:42,716 : INFO : [NET] : Registered I/O Board 1: Model: FP-I/O-0804, Firmware: 01.09, Switches: 8, Drivers: 4
2023-04-02 01:28:42,718 : INFO : [NET] : Registered I/O Board 2: Model: FP-I/O-3208, Firmware: 01.09, Switches: 32, Drivers: 8
2023-04-02 01:28:42,719 : INFO : [NET] : Registered I/O Board 3: Model: FP-I/O-1616, Firmware: 01.09, Switches: 16, Drivers: 16
2023-04-02 01:28:42,720 : INFO : [NET] : Registered I/O Board 4: Model: FP-I/O-3208, Firmware: 01.09, Switches: 32, Drivers: 8
2023-04-02 01:28:42,723 : INFO : [EXP] : Trying to connect to /dev/tty.usbmodem141403 at 921600bps
2023-04-02 01:28:42,728 : INFO : [EXP] : Connected to /dev/tty.usbmodem141403 at 921600bps
2023-04-02 01:28:42,734 : INFO : EventManager : Event: ======'machine_var_credits_string'====== Args={'value': 'FREE PLAY', 'prev_value': None, 'change': True}
2023-04-02 01:28:42,770 : INFO : EventManager : Event: ======'machine_var_master_volume'====== Args={'value': 0.5, 'prev_value': None, 'change': True}
2023-04-02 01:28:42,771 : INFO : EventManager : Event: ======'machine_var_player1_score'====== Args={'value': 0, 'prev_value': None, 'change': True}
2023-04-02 01:28:42,771 : INFO : EventManager : Event: ======'machine_var_mpf_version'====== Args={'value': 'MPF v0.56.1.dev4', 'prev_value': None, 'change': True}
2023-04-02 01:28:42,771 : INFO : EventManager : Event: ======'machine_var_mpf_extended_version'====== Args={'value': 'MPF v0.56.1.dev4, Config version:5, Show version: 5, BCP version:1.1', 'prev_value': None, 'change': True}
2023-04-02 01:28:42,771 : INFO : EventManager : Event: ======'machine_var_python_version'====== Args={'value': '3.9.13', 'prev_value': None, 'change': True}
2023-04-02 01:28:42,785 : INFO : EventManager : Event: ======'machine_var_platform'====== Args={'value': 'macOS-10.16-x86_64-i386-64bit', 'prev_value': None, 'change': True}
2023-04-02 01:28:42,786 : INFO : EventManager : Event: ======'machine_var_platform_system'====== Args={'value': 'Darwin', 'prev_value': None, 'change': True}
2023-04-02 01:28:42,786 : INFO : EventManager : Event: ======'machine_var_platform_release'====== Args={'value': '22.2.0', 'prev_value': None, 'change': True}
2023-04-02 01:28:42,786 : INFO : EventManager : Event: ======'machine_var_platform_version'====== Args={'value': 'Darwin Kernel Version 22.2.0: Fri Nov 11 02:08:47 PST 2022; root:xnu-8792.61.2~4/RELEASE_X86_64', 'prev_value': None, 'change': True}
2023-04-02 01:28:42,786 : INFO : EventManager : Event: ======'machine_var_platform_machine'====== Args={'value': 'x86_64', 'prev_value': None, 'change': True}
2023-04-02 01:28:42,786 : INFO : EventManager : Event: ======'init_phase_1'====== Args={}
2023-04-02 01:28:42,859 : INFO : EventManager : Event: ======'drop_target_bank_single_main_up'====== Args={}
2023-04-02 01:28:42,860 : INFO : EventManager : Event: ======'drop_target_bank_mid_up'====== Args={}
2023-04-02 01:28:42,860 : INFO : EventManager : Event: ======'drop_target_bank_right_up'====== Args={}
2023-04-02 01:28:42,861 : INFO : EventManager : Event: ======'init_phase_2'====== Args={}
2023-04-02 01:28:42,862 : INFO : SwitchController : Found active switch: (('03', 0), <Platform.FAST>) <switch.s_left_flipper_2>
2023-04-02 01:28:42,862 : INFO : SwitchController : Found active switch: (('1D', 0), <Platform.FAST>) <switch.s_trough_1>
2023-04-02 01:28:42,862 : INFO : SwitchController : Found active switch: (('34', 0), <Platform.FAST>) <switch.s_drop_scoop>
2023-04-02 01:28:42,862 : INFO : SwitchController : Found active switch: (('35', 0), <Platform.FAST>) <switch.s_drop_mid_left>
2023-04-02 01:28:42,862 : INFO : SwitchController : Found active switch: (('36', 0), <Platform.FAST>) <switch.s_drop_mid_center>
2023-04-02 01:28:42,862 : INFO : SwitchController : Found active switch: (('37', 0), <Platform.FAST>) <switch.s_drop_mid_right>
2023-04-02 01:28:42,862 : INFO : SwitchController : Found active switch: (('39', 0), <Platform.FAST>) <switch.s_drop_right_right>
2023-04-02 01:28:42,862 : INFO : SwitchController : Found active switch: (('3A', 0), <Platform.FAST>) <switch.s_drop_right_left>
2023-04-02 01:28:42,862 : INFO : SwitchController : Found active switch: (('4B', 0), <Platform.FAST>) <switch.s_u_lane_l>
2023-04-02 01:28:42,869 : INFO : ball_device.bd_vuk_back : BCH: Initial count: 0
2023-04-02 01:28:42,870 : INFO : ball_device.bd_vuk_back : State: idle
2023-04-02 01:28:42,870 : INFO : ball_device.bd_vuk_right : BCH: Initial count: 0
2023-04-02 01:28:42,870 : INFO : ball_device.bd_vuk_right : State: idle
2023-04-02 01:28:42,871 : INFO : ball_device.bd_b_lock : BCH: Initial count: 0
2023-04-02 01:28:42,871 : INFO : ball_device.bd_b_lock : State: idle
2023-04-02 01:28:42,871 : INFO : ball_device.bd_vuk_bot : BCH: Initial count: 0
2023-04-02 01:28:42,872 : INFO : ball_device.bd_vuk_bot : State: idle
2023-04-02 01:28:42,872 : INFO : ball_device.bd_trough : BCH: Initial count: 1
2023-04-02 01:28:42,873 : INFO : ball_device.bd_trough : State: idle
2023-04-02 01:28:42,873 : INFO : ball_device.bd_plunger : BCH: Initial count: 0
2023-04-02 01:28:42,874 : INFO : ball_device.bd_plunger : State: idle
2023-04-02 01:28:42,890 : INFO : EventManager : Event: ======'init_phase_3'====== Args={}
2023-04-02 01:28:42,897 : INFO : EventManager : Event: ======'init_phase_4'====== Args={}
2023-04-02 01:28:42,898 : INFO : EventManager : Event: ======'drop_target_mid_right_down'====== Args={'device': <drop_target.mid_right>}
2023-04-02 01:28:42,898 : INFO : EventManager : Event: ======'drop_target_bank_mid_mixed'====== Args={'prev_value': <DropTargetBankState.UP: 'up'>, 'down': 1}
2023-04-02 01:28:42,898 : INFO : EventManager : Event: ======'drop_target_mid_mid_down'====== Args={'device': <drop_target.mid_mid>}
2023-04-02 01:28:42,898 : INFO : EventManager : Event: ======'drop_target_bank_mid_mixed'====== Args={'prev_value': <DropTargetBankState.MIXED: 'mixed'>, 'down': 2}
2023-04-02 01:28:42,898 : INFO : EventManager : Event: ======'drop_target_mid_left_down'====== Args={'device': <drop_target.mid_left>}
2023-04-02 01:28:42,898 : INFO : EventManager : Event: ======'drop_target_bank_mid_down'====== Args={}
2023-04-02 01:28:42,899 : INFO : EventManager : Event: ======'drop_target_right_right_down'====== Args={'device': <drop_target.right_right>}
2023-04-02 01:28:42,899 : INFO : EventManager : Event: ======'drop_target_bank_right_mixed'====== Args={'prev_value': <DropTargetBankState.UP: 'up'>, 'down': 1}
2023-04-02 01:28:42,899 : INFO : EventManager : Event: ======'drop_target_right_left_down'====== Args={'device': <drop_target.right_left>}
2023-04-02 01:28:42,899 : INFO : EventManager : Event: ======'drop_target_bank_right_down'====== Args={}
2023-04-02 01:28:42,899 : INFO : BallController : Initial balls found: 1
2023-04-02 01:28:42,901 : INFO : EventManager : Event: ======'machine_var_audits_events_game_ended'====== Args={'value': 39, 'prev_value': None, 'change': True}
2023-04-02 01:28:42,901 : INFO : EventManager : Event: ======'machine_var_audits_events_game_started'====== Args={'value': 104, 'prev_value': None, 'change': True}
2023-04-02 01:28:42,901 : INFO : EventManager : Event: ======'machine_var_audits_player_score'====== Args={'value': {'average': 0.0, 'top': [0, 0, 0, 0, 0, 0, 0, 0, 0, 0], 'total': 39}, 'prev_value': None, 'change': True}
2023-04-02 01:28:42,901 : INFO : EventManager : Event: ======'machine_var_audits_switches_s_autolauncher'====== Args={'value': 385, 'prev_value': None, 'change': True}
2023-04-02 01:28:42,902 : INFO : EventManager : Event: ======'machine_var_audits_switches_s_b_eos'====== Args={'value': 2204, 'prev_value': None, 'change': True}
2023-04-02 01:28:42,902 : INFO : EventManager : Event: ======'machine_var_audits_switches_s_b_pop'====== Args={'value': 415, 'prev_value': None, 'change': True}
2023-04-02 01:28:42,902 : INFO : EventManager : Event: ======'machine_var_audits_switches_s_b_rollover_interchange'====== Args={'value': 7, 'prev_value': None, 'change': True}
2023-04-02 01:28:42,902 : INFO : EventManager : Event: ======'machine_var_audits_switches_s_b_rollover_loop'====== Args={'value': 21, 'prev_value': None, 'change': True}
2023-04-02 01:28:42,902 : INFO : EventManager : Event: ======'machine_var_audits_switches_s_b_rollover_misc'====== Args={'value': 29, 'prev_value': None, 'change': True}
2023-04-02 01:28:42,902 : INFO : EventManager : Event: ======'machine_var_audits_switches_s_b_target_left'====== Args={'value': 16, 'prev_value': None, 'change': True}
2023-04-02 01:28:42,902 : INFO : EventManager : Event: ======'machine_var_audits_switches_s_b_target_right'====== Args={'value': 31, 'prev_value': None, 'change': True}
2023-04-02 01:28:42,902 : INFO : EventManager : Event: ======'machine_var_audits_switches_s_drop_mid_center'====== Args={'value': 103, 'prev_value': None, 'change': True}
2023-04-02 01:28:42,902 : INFO : EventManager : Event: ======'machine_var_audits_switches_s_drop_mid_left'====== Args={'value': 68, 'prev_value': None, 'change': True}
2023-04-02 01:28:42,903 : INFO : EventManager : Event: ======'machine_var_audits_switches_s_drop_mid_right'====== Args={'value': 81, 'prev_value': None, 'change': True}
2023-04-02 01:28:42,903 : INFO : EventManager : Event: ======'machine_var_audits_switches_s_drop_right_left'====== Args={'value': 28, 'prev_value': None, 'change': True}
2023-04-02 01:28:42,903 : INFO : EventManager : Event: ======'machine_var_audits_switches_s_drop_right_right'====== Args={'value': 27, 'prev_value': None, 'change': True}
2023-04-02 01:28:42,903 : INFO : EventManager : Event: ======'machine_var_audits_switches_s_drop_scoop'====== Args={'value': 0, 'prev_value': None, 'change': True}
2023-04-02 01:28:42,903 : INFO : EventManager : Event: ======'machine_var_audits_switches_s_drop_single'====== Args={'value': 21, 'prev_value': None, 'change': True}
2023-04-02 01:28:42,903 : INFO : EventManager : Event: ======'machine_var_audits_switches_s_flip_left_eos'====== Args={'value': 22391, 'prev_value': None, 'change': True}
2023-04-02 01:28:42,903 : INFO : EventManager : Event: ======'machine_var_audits_switches_s_flip_left_top_eos'====== Args={'value': 1506, 'prev_value': None, 'change': True}
2023-04-02 01:28:42,903 : INFO : EventManager : Event: ======'machine_var_audits_switches_s_flip_right_eos'====== Args={'value': 1865, 'prev_value': None, 'change': True}
2023-04-02 01:28:42,904 : INFO : EventManager : Event: ======'machine_var_audits_switches_s_inlane_left'====== Args={'value': 30, 'prev_value': None, 'change': True}
2023-04-02 01:28:42,904 : INFO : EventManager : Event: ======'machine_var_audits_switches_s_inlane_right'====== Args={'value': 53, 'prev_value': None, 'change': True}
2023-04-02 01:28:42,904 : INFO : EventManager : Event: ======'machine_var_audits_switches_s_l_rollover'====== Args={'value': 6, 'prev_value': None, 'change': True}
2023-04-02 01:28:42,904 : INFO : EventManager : Event: ======'machine_var_audits_switches_s_l_target_far'====== Args={'value': 6, 'prev_value': None, 'change': True}
2023-04-02 01:28:42,904 : INFO : EventManager : Event: ======'machine_var_audits_switches_s_l_target_large'====== Args={'value': 6, 'prev_value': None, 'change': True}
2023-04-02 01:28:42,905 : INFO : EventManager : Event: ======'machine_var_audits_switches_s_l_target_left'====== Args={'value': 7, 'prev_value': None, 'change': True}
2023-04-02 01:28:42,905 : INFO : EventManager : Event: ======'machine_var_audits_switches_s_l_target_right'====== Args={'value': 6, 'prev_value': None, 'change': True}
2023-04-02 01:28:42,905 : INFO : EventManager : Event: ======'machine_var_audits_switches_s_l_vuk'====== Args={'value': 6, 'prev_value': None, 'change': True}
2023-04-02 01:28:42,905 : INFO : EventManager : Event: ======'machine_var_audits_switches_s_launch'====== Args={'value': 412, 'prev_value': None, 'change': True}
2023-04-02 01:28:42,906 : INFO : EventManager : Event: ======'machine_var_audits_switches_s_left_flipper_1'====== Args={'value': 1620, 'prev_value': None, 'change': True}
2023-04-02 01:28:42,906 : INFO : EventManager : Event: ======'machine_var_audits_switches_s_left_flipper_2'====== Args={'value': 651, 'prev_value': None, 'change': True}
2023-04-02 01:28:42,906 : INFO : EventManager : Event: ======'machine_var_audits_switches_s_lock_1'====== Args={'value': 1, 'prev_value': None, 'change': True}
2023-04-02 01:28:42,906 : INFO : EventManager : Event: ======'machine_var_audits_switches_s_lock_2'====== Args={'value': 1, 'prev_value': None, 'change': True}
2023-04-02 01:28:42,907 : INFO : EventManager : Event: ======'machine_var_audits_switches_s_lock_3'====== Args={'value': 1, 'prev_value': None, 'change': True}
2023-04-02 01:28:42,907 : INFO : EventManager : Event: ======'machine_var_audits_switches_s_outlane_left'====== Args={'value': 11, 'prev_value': None, 'change': True}
2023-04-02 01:28:42,907 : INFO : EventManager : Event: ======'machine_var_audits_switches_s_outlane_right'====== Args={'value': 27, 'prev_value': None, 'change': True}
2023-04-02 01:28:42,908 : INFO : EventManager : Event: ======'machine_var_audits_switches_s_pop_left'====== Args={'value': 138, 'prev_value': None, 'change': True}
2023-04-02 01:28:42,908 : INFO : EventManager : Event: ======'machine_var_audits_switches_s_pop_lower'====== Args={'value': 484, 'prev_value': None, 'change': True}
2023-04-02 01:28:42,908 : INFO : EventManager : Event: ======'machine_var_audits_switches_s_pop_right'====== Args={'value': 2216, 'prev_value': None, 'change': True}
2023-04-02 01:28:42,908 : INFO : EventManager : Event: ======'machine_var_audits_switches_s_right_flipper_1'====== Args={'value': 3092, 'prev_value': None, 'change': True}
2023-04-02 01:28:42,909 : INFO : EventManager : Event: ======'machine_var_audits_switches_s_right_flipper_2'====== Args={'value': 2962, 'prev_value': None, 'change': True}
2023-04-02 01:28:42,909 : INFO : EventManager : Event: ======'machine_var_audits_switches_s_rollover_left'====== Args={'value': 71, 'prev_value': None, 'change': True}
2023-04-02 01:28:42,909 : INFO : EventManager : Event: ======'machine_var_audits_switches_s_rollover_right'====== Args={'value': 485, 'prev_value': None, 'change': True}
2023-04-02 01:28:42,909 : INFO : EventManager : Event: ======'machine_var_audits_switches_s_sling_left'====== Args={'value': 143, 'prev_value': None, 'change': True}
2023-04-02 01:28:42,909 : INFO : EventManager : Event: ======'machine_var_audits_switches_s_sling_right'====== Args={'value': 207, 'prev_value': None, 'change': True}
2023-04-02 01:28:42,909 : INFO : EventManager : Event: ======'machine_var_audits_switches_s_start'====== Args={'value': 96, 'prev_value': None, 'change': True}
2023-04-02 01:28:42,910 : INFO : EventManager : Event: ======'machine_var_audits_switches_s_tilt'====== Args={'value': 2510, 'prev_value': None, 'change': True}
2023-04-02 01:28:42,910 : INFO : EventManager : Event: ======'machine_var_audits_switches_s_trough_1'====== Args={'value': 0, 'prev_value': None, 'change': True}
2023-04-02 01:28:42,910 : INFO : EventManager : Event: ======'machine_var_audits_switches_s_trough_2'====== Args={'value': 380, 'prev_value': None, 'change': True}
2023-04-02 01:28:42,910 : INFO : EventManager : Event: ======'machine_var_audits_switches_s_trough_3'====== Args={'value': 344, 'prev_value': None, 'change': True}
2023-04-02 01:28:42,910 : INFO : EventManager : Event: ======'machine_var_audits_switches_s_trough_4'====== Args={'value': 338, 'prev_value': None, 'change': True}
2023-04-02 01:28:42,911 : INFO : EventManager : Event: ======'machine_var_audits_switches_s_trough_5'====== Args={'value': 250, 'prev_value': None, 'change': True}
2023-04-02 01:28:42,911 : INFO : EventManager : Event: ======'machine_var_audits_switches_s_trough_6'====== Args={'value': 242, 'prev_value': None, 'change': True}
2023-04-02 01:28:42,911 : INFO : EventManager : Event: ======'machine_var_audits_switches_s_trough_jam'====== Args={'value': 311, 'prev_value': None, 'change': True}
2023-04-02 01:28:42,911 : INFO : EventManager : Event: ======'machine_var_audits_switches_s_u_lane_l'====== Args={'value': 12, 'prev_value': None, 'change': True}
2023-04-02 01:28:42,911 : INFO : EventManager : Event: ======'machine_var_audits_switches_s_u_lane_r'====== Args={'value': 16, 'prev_value': None, 'change': True}
2023-04-02 01:28:42,912 : INFO : EventManager : Event: ======'machine_var_audits_switches_s_u_rollover'====== Args={'value': 6, 'prev_value': None, 'change': True}
2023-04-02 01:28:42,912 : INFO : EventManager : Event: ======'machine_var_audits_switches_s_u_target'====== Args={'value': 5, 'prev_value': None, 'change': True}
2023-04-02 01:28:42,912 : INFO : EventManager : Event: ======'machine_var_audits_switches_s_vuk_back'====== Args={'value': 443, 'prev_value': None, 'change': True}
2023-04-02 01:28:42,912 : INFO : EventManager : Event: ======'machine_var_audits_switches_s_vuk_right'====== Args={'value': 1, 'prev_value': None, 'change': True}
2023-04-02 01:28:42,929 : INFO : EventManager : Event: ======'init_phase_5'====== Args={}
2023-04-02 01:28:42,929 : INFO : EventManager : Event: ======'init_done'====== Args={}
2023-04-02 01:28:42,930 : INFO : EventManager : Event: ======'machine_reset_phase_1'====== Args={}
2023-04-02 01:28:42,930 : INFO : EventManager : Event: ======'machine_reset_phase_2'====== Args={}
2023-04-02 01:28:42,930 : INFO : EventManager : Event: ======'machine_reset_phase_3'====== Args={}
2023-04-02 01:28:42,931 : INFO : EventManager : Event: ======'reset_complete'====== Args={}
2023-04-02 01:28:42,931 : INFO : EventManager : Event: ======'mode_attract_will_start'====== Args={}
2023-04-02 01:28:42,931 : INFO : EventManager : Event: ======'mode_attract_starting'====== Args={}
2023-04-02 01:28:42,932 : INFO : Mode.attract : Started. Priority: 10
2023-04-02 01:28:42,932 : INFO : EventManager : Event: ======'modes_active_modes_changed'====== Args={}
2023-04-02 01:28:42,932 : INFO : EventManager : Event: ======'mode_attract_started'====== Args={}
2023-04-02 01:28:42,934 : INFO : EventManager : Event: ======'collecting_balls_complete'====== Args={}
2023-04-02 01:28:42,935 : INFO : Machine : Starting the main run loop.
2023-04-02 01:28:44,625 : INFO : SwitchController : <<<<<<< 's_start' active >>>>>>>
2023-04-02 01:28:44,935 : INFO : SwitchController : <<<<<<< 's_start' inactive >>>>>>>
2023-04-02 01:28:44,935 : INFO : EventManager : Event: ======'request_to_start_game'====== Args={}
2023-04-02 01:28:44,935 : INFO : EventManager : Event: ======'game_start'====== Args={'buttons': [], 'hold_time': 0.31000000005587935}
2023-04-02 01:28:44,935 : INFO : EventManager : Event: ======'mode_game_will_start'====== Args={'buttons': [], 'hold_time': 0.31000000005587935}
2023-04-02 01:28:44,935 : INFO : EventManager : Event: ======'mode_game_starting'====== Args={'buttons': [], 'hold_time': 0.31000000005587935}
2023-04-02 01:28:44,935 : INFO : EventManager : Event: ======'mode_attract_will_stop'====== Args={}
2023-04-02 01:28:44,935 : INFO : EventManager : Event: ======'mode_attract_stopping'====== Args={}
2023-04-02 01:28:44,936 : INFO : Mode.attract : Stopped.
2023-04-02 01:28:44,936 : INFO : EventManager : Event: ======'modes_active_modes_changed'====== Args={}
2023-04-02 01:28:44,937 : INFO : EventManager : Event: ======'mode_attract_stopped'====== Args={}
2023-04-02 01:28:44,937 : INFO : EventManager : Event: ======'clear'====== Args={'key': 'attract'}
2023-04-02 01:28:44,937 : INFO : Mode.game : Started. Priority: 20
2023-04-02 01:28:44,937 : INFO : EventManager : Event: ======'modes_active_modes_changed'====== Args={}
2023-04-02 01:28:44,937 : INFO : EventManager : Event: ======'mode_game_started'====== Args={'buttons': [], 'hold_time': 0.31000000005587935}
2023-04-02 01:28:44,938 : INFO : EventManager : Event: ======'game_will_start'====== Args={}
2023-04-02 01:28:44,939 : INFO : EventManager : Event: ======'game_starting'====== Args={'game': <Mode.game>}
2023-04-02 01:28:44,940 : INFO : EventManager : Event: ======'player_add_request'====== Args={}
2023-04-02 01:28:44,940 : INFO : EventManager : Event: ======'player_will_add'====== Args={'number': 1}
2023-04-02 01:28:44,940 : INFO : EventManager : Event: ======'player_adding'====== Args={'player': <Player 1>, 'number': 1}
2023-04-02 01:28:44,940 : INFO : EventManager : Event: ======'player_added'====== Args={'player': <Player 1>, 'num': 1}
2023-04-02 01:28:44,940 : INFO : Mode.game : Player added successfully. Total players: 1
2023-04-02 01:28:44,941 : INFO : EventManager : Event: ======'player_index'====== Args={'value': 0, 'prev_value': 0, 'change': 0, 'player_num': 1}
2023-04-02 01:28:44,941 : INFO : EventManager : Event: ======'player_number'====== Args={'value': 1, 'prev_value': 1, 'change': 0, 'player_num': 1}
2023-04-02 01:28:44,941 : INFO : EventManager : Event: ======'player_score'====== Args={'value': 0, 'prev_value': 0, 'change': 0, 'player_num': 1}
2023-04-02 01:28:44,942 : INFO : EventManager : Event: ======'game_started'====== Args={}
2023-04-02 01:28:44,948 : INFO : EventManager : Event: ======'player_turn_will_start'====== Args={'player': <Player 1>, 'number': 1}
2023-04-02 01:28:44,960 : INFO : EventManager : Event: ======'player_turn_starting'====== Args={'player': <Player 1>, 'number': 1}
2023-04-02 01:28:44,961 : INFO : EventManager : Event: ======'player_ball'====== Args={'value': 1, 'prev_value': 0, 'change': 1, 'player_num': 1}
2023-04-02 01:28:44,961 : INFO : EventManager : Event: ======'player_turn_started'====== Args={'player': <Player 1>, 'number': 1}
2023-04-02 01:28:44,961 : INFO : EventManager : Event: ======'ball_will_start'====== Args={'player': 1, 'ball': 1, 'balls_remaining': 2, 'is_extra_ball': False}
2023-04-02 01:28:44,962 : INFO : EventManager : Event: ======'ball_starting'====== Args={'player': 1, 'ball': 1, 'balls_remaining': 2, 'is_extra_ball': False}
2023-04-02 01:28:44,962 : INFO : EventManager : Event: ======'balls_in_play'====== Args={'balls': 1}
2023-04-02 01:28:44,962 : INFO : EventManager : Event: ======'ball_started'====== Args={'player': 1, 'ball': 1, 'balls_remaining': 2, 'is_extra_ball': False}
2023-04-02 01:28:44,963 : INFO : EventManager : Event: ======'mode_start_ball_save_will_start'====== Args={'player': 1, 'ball': 1, 'balls_remaining': 2, 'is_extra_ball': False}
2023-04-02 01:28:44,963 : INFO : EventManager : Event: ======'mode_start_ball_save_starting'====== Args={'player': 1, 'ball': 1, 'balls_remaining': 2, 'is_extra_ball': False}
2023-04-02 01:28:44,963 : INFO : drop_target_bank.single_main : All targets are already up. Will not reset bank.
2023-04-02 01:28:44,963 : INFO : drop_target_bank.mid : 3 targets are down. Will reset those.
2023-04-02 01:28:44,964 : INFO : coil.c_drop_mid : Pulsing Driver for 50ms (0.7 pulse_power)
2023-04-02 01:28:44,964 : INFO : drop_target_bank.right : 2 targets are down. Will reset those.
2023-04-02 01:28:44,965 : INFO : Mode.start_ball_save : Started. Priority: 100
2023-04-02 01:28:44,965 : INFO : EventManager : Event: ======'modes_active_modes_changed'====== Args={}
2023-04-02 01:28:44,965 : INFO : EventManager : Event: ======'mode_start_ball_save_started'====== Args={'player': 1, 'ball': 1, 'balls_remaining': 2, 'is_extra_ball': False}
2023-04-02 01:28:44,966 : INFO : EventManager : Event: ======'ball_save_ball_save_ball_save_enabled'====== Args={}
2023-04-02 01:28:44,967 : INFO : EventManager : Event: ======'single_player_ball_started'====== Args={}
2023-04-02 01:28:44,967 : INFO : EventManager : Event: ======'ball_start_target'====== Args={'target': 'playfield'}
2023-04-02 01:28:44,967 : INFO : ball_device.bd_plunger : Setting up player-controlled eject. Balls: 1, Target: <playfield.playfield>, player_controlled_eject_event: s_launch_active
2023-04-02 01:28:44,967 : INFO : EventManager : Event: ======'balldevice_balls_available'====== Args={}
2023-04-02 01:28:44,968 : INFO : ball_device.bd_trough : State: waiting_for_target_ready
2023-04-02 01:28:44,968 : INFO : EventManager : Event: ======'balldevice_bd_trough_ball_eject_attempt'====== Args={'balls': 1, 'target': <ball_device.bd_plunger>, 'source': <ball_device.bd_trough>, 'mechanical_eject': True, 'num_attempts': 0}
2023-04-02 01:28:44,968 : INFO : ball_device.bd_plunger : State: waiting_for_ball
2023-04-02 01:28:44,968 : INFO : ball_device.bd_vuk_back : State: waiting_for_ball
2023-04-02 01:28:44,969 : INFO : ball_device.bd_trough : State: ejecting
2023-04-02 01:28:44,969 : INFO : ball_device.bd_trough : Ejecting ball to <ball_device.bd_plunger>
2023-04-02 01:28:44,969 : INFO : EventManager : Event: ======'balldevice_bd_trough_ejecting_ball'====== Args={'balls': 1, 'target': <ball_device.bd_plunger>, 'source': <ball_device.bd_trough>, 'mechanical_eject': True, 'num_attempts': 0}
2023-04-02 01:28:44,969 : INFO : ball_device.bd_trough : Wait for ball to leave device
2023-04-02 01:28:45,007 : INFO : SwitchController : <<<<<<< 's_drop_mid_left' inactive >>>>>>>
2023-04-02 01:28:45,010 : INFO : SwitchController : <<<<<<< 's_drop_mid_right' inactive >>>>>>>
2023-04-02 01:28:45,011 : INFO : SwitchController : <<<<<<< 's_drop_mid_center' inactive >>>>>>>
2023-04-02 01:28:45,028 : INFO : coil.c_drop_right : Pulsing Driver for 60ms (0.7 pulse_power)
2023-04-02 01:28:45,029 : INFO : SwitchController : <<<<<<< 's_flip_left_eos' active >>>>>>>
2023-04-02 01:28:45,029 : INFO : EventManager : Event: ======'machine_var_audits_switches_s_flip_left_eos'====== Args={'value': 22392, 'prev_value': 22391, 'change': 1}
2023-04-02 01:28:45,029 : INFO : SwitchController : <<<<<<< 's_flip_left_eos' inactive >>>>>>>
2023-04-02 01:28:45,060 : INFO : SwitchController : <<<<<<< 's_drop_right_left' inactive >>>>>>>
2023-04-02 01:28:45,061 : INFO : SwitchController : <<<<<<< 's_drop_right_right' inactive >>>>>>>
2023-04-02 01:28:45,094 : INFO : coil.c_trough : Pulsing Driver for 20ms (0.8 pulse_power)
2023-04-02 01:28:45,116 : INFO : SwitchController : <<<<<<< 's_flip_left_eos' active >>>>>>>
2023-04-02 01:28:45,116 : INFO : EventManager : Event: ======'machine_var_audits_switches_s_flip_left_eos'====== Args={'value': 22393, 'prev_value': 22392, 'change': 1}
2023-04-02 01:28:45,125 : INFO : SwitchController : <<<<<<< 's_flip_left_eos' inactive >>>>>>>
2023-04-02 01:28:45,215 : INFO : SwitchController : <<<<<<< 's_flip_left_eos' active >>>>>>>
2023-04-02 01:28:45,215 : INFO : EventManager : Event: ======'machine_var_audits_switches_s_flip_left_eos'====== Args={'value': 22394, 'prev_value': 22393, 'change': 1}
2023-04-02 01:28:45,217 : INFO : SwitchController : <<<<<<< 's_flip_left_eos' inactive >>>>>>>
2023-04-02 01:28:45,464 : INFO : EventManager : Event: ======'drop_target_mid_left_up'====== Args={'device': <drop_target.mid_left>}
2023-04-02 01:28:45,464 : INFO : EventManager : Event: ======'drop_target_mid_right_up'====== Args={'device': <drop_target.mid_right>}
2023-04-02 01:28:45,464 : INFO : EventManager : Event: ======'drop_target_mid_mid_up'====== Args={'device': <drop_target.mid_mid>}
2023-04-02 01:28:45,465 : INFO : EventManager : Event: ======'drop_target_bank_mid_up'====== Args={}
2023-04-02 01:28:45,465 : INFO : EventManager : Event: ======'drop_target_right_right_up'====== Args={'device': <drop_target.right_right>}
2023-04-02 01:28:45,465 : INFO : EventManager : Event: ======'drop_target_right_left_up'====== Args={'device': <drop_target.right_left>}
2023-04-02 01:28:45,525 : INFO : EventManager : Event: ======'drop_target_bank_right_up'====== Args={}
2023-04-02 01:28:47,590 : INFO : SwitchController : <<<<<<< 's_tilt' active >>>>>>>
2023-04-02 01:28:47,590 : INFO : EventManager : Event: ======'machine_var_audits_switches_s_tilt'====== Args={'value': 2511, 'prev_value': 2510, 'change': 1}
2023-04-02 01:28:47,597 : INFO : SwitchController : <<<<<<< 's_tilt' inactive >>>>>>>
2023-04-02 01:28:47,685 : INFO : SwitchController : <<<<<<< 's_tilt' active >>>>>>>
2023-04-02 01:28:47,685 : INFO : EventManager : Event: ======'machine_var_audits_switches_s_tilt'====== Args={'value': 2512, 'prev_value': 2511, 'change': 1}
2023-04-02 01:28:47,693 : INFO : SwitchController : <<<<<<< 's_tilt' inactive >>>>>>>
2023-04-02 01:28:47,801 : INFO : SwitchController : <<<<<<< 's_tilt' active >>>>>>>
2023-04-02 01:28:47,801 : INFO : EventManager : Event: ======'machine_var_audits_switches_s_tilt'====== Args={'value': 2513, 'prev_value': 2512, 'change': 1}
2023-04-02 01:28:47,810 : INFO : SwitchController : <<<<<<< 's_tilt' inactive >>>>>>>
2023-04-02 01:28:47,842 : INFO : SwitchController : <<<<<<< 's_flip_left_eos' active >>>>>>>
2023-04-02 01:28:47,842 : INFO : EventManager : Event: ======'machine_var_audits_switches_s_flip_left_eos'====== Args={'value': 22395, 'prev_value': 22394, 'change': 1}
2023-04-02 01:28:47,843 : INFO : SwitchController : <<<<<<< 's_tilt' active >>>>>>>
2023-04-02 01:28:47,843 : INFO : EventManager : Event: ======'machine_var_audits_switches_s_tilt'====== Args={'value': 2514, 'prev_value': 2513, 'change': 1}
2023-04-02 01:28:47,844 : INFO : SwitchController : <<<<<<< 's_flip_left_eos' inactive >>>>>>>
2023-04-02 01:28:47,875 : INFO : SwitchController : <<<<<<< 's_tilt' inactive >>>>>>>
2023-04-02 01:28:47,876 : INFO : SwitchController : <<<<<<< 's_flip_left_eos' active >>>>>>>
2023-04-02 01:28:47,876 : INFO : EventManager : Event: ======'machine_var_audits_switches_s_flip_left_eos'====== Args={'value': 22396, 'prev_value': 22395, 'change': 1}
2023-04-02 01:28:47,876 : INFO : SwitchController : <<<<<<< 's_flip_left_eos' inactive >>>>>>>
2023-04-02 01:28:47,917 : INFO : SwitchController : <<<<<<< 's_tilt' active >>>>>>>
2023-04-02 01:28:47,917 : INFO : EventManager : Event: ======'machine_var_audits_switches_s_tilt'====== Args={'value': 2515, 'prev_value': 2514, 'change': 1}
2023-04-02 01:28:47,924 : INFO : SwitchController : <<<<<<< 's_tilt' inactive >>>>>>>
2023-04-02 01:28:47,946 : INFO : SwitchController : <<<<<<< 's_tilt' active >>>>>>>
2023-04-02 01:28:47,947 : INFO : EventManager : Event: ======'machine_var_audits_switches_s_tilt'====== Args={'value': 2516, 'prev_value': 2515, 'change': 1}
2023-04-02 01:28:47,954 : INFO : SwitchController : <<<<<<< 's_tilt' inactive >>>>>>>
2023-04-02 01:28:47,998 : INFO : SwitchController : <<<<<<< 's_tilt' active >>>>>>>
2023-04-02 01:28:47,998 : INFO : EventManager : Event: ======'machine_var_audits_switches_s_tilt'====== Args={'value': 2517, 'prev_value': 2516, 'change': 1}
2023-04-02 01:28:48,005 : INFO : SwitchController : <<<<<<< 's_tilt' inactive >>>>>>>
2023-04-02 01:28:48,029 : INFO : SwitchController : <<<<<<< 's_tilt' active >>>>>>>
2023-04-02 01:28:48,029 : INFO : EventManager : Event: ======'machine_var_audits_switches_s_tilt'====== Args={'value': 2518, 'prev_value': 2517, 'change': 1}
2023-04-02 01:28:48,038 : INFO : SwitchController : <<<<<<< 's_tilt' inactive >>>>>>>
2023-04-02 01:28:48,063 : INFO : SwitchController : <<<<<<< 's_tilt' active >>>>>>>
2023-04-02 01:28:48,064 : INFO : EventManager : Event: ======'machine_var_audits_switches_s_tilt'====== Args={'value': 2519, 'prev_value': 2518, 'change': 1}
2023-04-02 01:28:48,073 : INFO : SwitchController : <<<<<<< 's_tilt' inactive >>>>>>>
2023-04-02 01:28:48,095 : INFO : SwitchController : <<<<<<< 's_tilt' active >>>>>>>
2023-04-02 01:28:48,096 : INFO : EventManager : Event: ======'machine_var_audits_switches_s_tilt'====== Args={'value': 2520, 'prev_value': 2519, 'change': 1}
2023-04-02 01:28:48,105 : INFO : SwitchController : <<<<<<< 's_tilt' inactive >>>>>>>
2023-04-02 01:28:48,125 : INFO : SwitchController : <<<<<<< 's_tilt' active >>>>>>>
2023-04-02 01:28:48,125 : INFO : EventManager : Event: ======'machine_var_audits_switches_s_tilt'====== Args={'value': 2521, 'prev_value': 2520, 'change': 1}
2023-04-02 01:28:48,148 : INFO : SwitchController : <<<<<<< 's_tilt' inactive >>>>>>>
2023-04-02 01:28:48,168 : INFO : SwitchController : <<<<<<< 's_tilt' active >>>>>>>
2023-04-02 01:28:48,169 : INFO : EventManager : Event: ======'machine_var_audits_switches_s_tilt'====== Args={'value': 2522, 'prev_value': 2521, 'change': 1}
2023-04-02 01:28:48,172 : INFO : SwitchController : <<<<<<< 's_tilt' inactive >>>>>>>
2023-04-02 01:28:48,190 : INFO : SwitchController : <<<<<<< 's_tilt' active >>>>>>>
2023-04-02 01:28:48,190 : INFO : EventManager : Event: ======'machine_var_audits_switches_s_tilt'====== Args={'value': 2523, 'prev_value': 2522, 'change': 1}
2023-04-02 01:28:48,236 : INFO : SwitchController : <<<<<<< 's_tilt' inactive >>>>>>>
2023-04-02 01:28:48,241 : INFO : SwitchController : <<<<<<< 's_tilt' active >>>>>>>
2023-04-02 01:28:48,241 : INFO : EventManager : Event: ======'machine_var_audits_switches_s_tilt'====== Args={'value': 2524, 'prev_value': 2523, 'change': 1}
2023-04-02 01:28:48,258 : INFO : SwitchController : <<<<<<< 's_tilt' inactive >>>>>>>
2023-04-02 01:28:48,259 : INFO : SwitchController : <<<<<<< 's_tilt' active >>>>>>>
2023-04-02 01:28:48,260 : INFO : EventManager : Event: ======'machine_var_audits_switches_s_tilt'====== Args={'value': 2525, 'prev_value': 2524, 'change': 1}
2023-04-02 01:28:48,281 : INFO : SwitchController : <<<<<<< 's_tilt' inactive >>>>>>>
2023-04-02 01:28:48,281 : INFO : SwitchController : <<<<<<< 's_tilt' active >>>>>>>
2023-04-02 01:28:48,281 : INFO : EventManager : Event: ======'machine_var_audits_switches_s_tilt'====== Args={'value': 2526, 'prev_value': 2525, 'change': 1}
2023-04-02 01:28:48,289 : INFO : SwitchController : <<<<<<< 's_tilt' inactive >>>>>>>
2023-04-02 01:28:48,302 : INFO : SwitchController : <<<<<<< 's_tilt' active >>>>>>>
2023-04-02 01:28:48,303 : INFO : EventManager : Event: ======'machine_var_audits_switches_s_tilt'====== Args={'value': 2527, 'prev_value': 2526, 'change': 1}
2023-04-02 01:28:48,391 : INFO : SwitchController : <<<<<<< 's_tilt' inactive >>>>>>>
2023-04-02 01:28:48,464 : INFO : SwitchController : <<<<<<< 's_tilt' active >>>>>>>
2023-04-02 01:28:48,464 : INFO : EventManager : Event: ======'machine_var_audits_switches_s_tilt'====== Args={'value': 2528, 'prev_value': 2527, 'change': 1}
2023-04-02 01:28:48,472 : INFO : SwitchController : <<<<<<< 's_tilt' inactive >>>>>>>
2023-04-02 01:28:48,702 : INFO : SwitchController : <<<<<<< 's_tilt' active >>>>>>>
2023-04-02 01:28:48,702 : INFO : EventManager : Event: ======'machine_var_audits_switches_s_tilt'====== Args={'value': 2529, 'prev_value': 2528, 'change': 1}
2023-04-02 01:28:48,722 : INFO : SwitchController : <<<<<<< 's_tilt' inactive >>>>>>>
2023-04-02 01:28:48,827 : INFO : SwitchController : <<<<<<< 's_tilt' active >>>>>>>
2023-04-02 01:28:48,827 : INFO : EventManager : Event: ======'machine_var_audits_switches_s_tilt'====== Args={'value': 2530, 'prev_value': 2529, 'change': 1}
2023-04-02 01:28:48,836 : INFO : SwitchController : <<<<<<< 's_tilt' inactive >>>>>>>
2023-04-02 01:28:49,292 : INFO : SwitchController : <<<<<<< 's_tilt' active >>>>>>>
2023-04-02 01:28:49,292 : INFO : EventManager : Event: ======'machine_var_audits_switches_s_tilt'====== Args={'value': 2531, 'prev_value': 2530, 'change': 1}
2023-04-02 01:28:49,297 : INFO : SwitchController : <<<<<<< 's_tilt' inactive >>>>>>>
2023-04-02 01:28:49,837 : INFO : SwitchController : <<<<<<< 's_tilt' active >>>>>>>
2023-04-02 01:28:49,837 : INFO : EventManager : Event: ======'machine_var_audits_switches_s_tilt'====== Args={'value': 2532, 'prev_value': 2531, 'change': 1}
2023-04-02 01:28:49,844 : INFO : SwitchController : <<<<<<< 's_tilt' inactive >>>>>>>
2023-04-02 01:28:51,586 : INFO : BcpServer : New client connected.
2023-04-02 01:28:52,185 : INFO : Machine : Shutting down...
2023-04-02 01:28:52,185 : INFO : EventManager : Event: ======'shutdown'====== Args={}
2023-04-02 01:28:52,186 : INFO : EventManager : Event: ======'mode_game_will_stop'====== Args={}
2023-04-02 01:28:52,186 : INFO : EventManager : Event: ======'mode_game_stopping'====== Args={}
2023-04-02 01:28:52,187 : INFO : EventManager : Event: ======'mode_start_ball_save_will_stop'====== Args={}
2023-04-02 01:28:52,187 : INFO : EventManager : Event: ======'mode_start_ball_save_stopping'====== Args={}
2023-04-02 01:28:52,187 : INFO : Mode.start_ball_save : Stopped.
2023-04-02 01:28:52,187 : INFO : EventManager : Event: ======'modes_active_modes_changed'====== Args={}
2023-04-02 01:28:52,187 : INFO : EventManager : Event: ======'mode_start_ball_save_stopped'====== Args={}
2023-04-02 01:28:52,187 : INFO : EventManager : Event: ======'clear'====== Args={'key': 'start_ball_save'}
2023-04-02 01:28:52,188 : INFO : EventManager : Event: ======'ball_save_ball_save_ball_save_disabled'====== Args={}
2023-04-02 01:28:52,188 : INFO : Mode.game : Stopped.
2023-04-02 01:28:52,188 : INFO : EventManager : Event: ======'modes_active_modes_changed'====== Args={}
2023-04-02 01:28:52,188 : INFO : EventManager : Event: ======'mode_game_stopped'====== Args={}
2023-04-02 01:28:52,188 : INFO : EventManager : Event: ======'clear'====== Args={'key': 'game'}
2023-04-02 01:28:52,301 : INFO : root : MPF run loop ended.
