2023-04-01 13:54:38,080 : INFO : root : Loading config.
2023-04-01 13:54:38,500 : INFO : ConfigProcessor : Config spec file cache created: /var/folders/0y/x6b2lmrx6vq3nhkjncz48nhc0000gn/T/config_spec.mpf_cache
2023-04-01 13:54:38,501 : INFO : YamlMultifileConfigLoader : Machine config file #1: config.yaml
2023-04-01 13:54:38,501 : INFO : ConfigProcessor : Loading config from cache: /var/folders/0y/x6b2lmrx6vq3nhkjncz48nhc0000gn/T/28c67afebeedf0bcd540f5dc9898a885.mpf_cache
2023-04-01 13:54:38,546 : INFO : ConfigProcessor : Loading config from cache: /var/folders/0y/x6b2lmrx6vq3nhkjncz48nhc0000gn/T/03cea1619b79a61f4f0eef3c59cdaa46.mpf_cache
2023-04-01 13:54:38,546 : INFO : ConfigProcessor : Loading config from cache: /var/folders/0y/x6b2lmrx6vq3nhkjncz48nhc0000gn/T/d3948d842c6309f14ab557c3c72320d0.mpf_cache
2023-04-01 13:54:38,547 : INFO : ConfigProcessor : Loading config from cache: /var/folders/0y/x6b2lmrx6vq3nhkjncz48nhc0000gn/T/a37a2141962f60258a07880b3484644a.mpf_cache
2023-04-01 13:54:38,548 : INFO : ConfigProcessor : Loading config from cache: /var/folders/0y/x6b2lmrx6vq3nhkjncz48nhc0000gn/T/1abbb484e5c2eb8b7dba517683fc6f83.mpf_cache
2023-04-01 13:54:38,548 : INFO : Machine : Mission Pinball Framework Core Engine v0.56.1.dev4
2023-04-01 13:54:38,548 : INFO : Machine : Command line arguments: {'no_load_cache': False, 'create_config_cache': True, 'bcp': False, 'configfile': ['config.yaml'], 'force_assets_load': False, 'jsonlogging': False, 'logfile': 'logs/2023-04-01-13-54-38-mpf-Tanners-MacBook-Pro-2.local.log', 'pause': False, 'production': False, 'text_ui': True, 'loglevel': 15, 'consoleloglevel': 20, 'force_platform': None, 'syslog_address': None, 'mc_file_name': None, 'no_sound': False}
2023-04-01 13:54:38,548 : INFO : Machine : MPF path: /Users/tpetch/.local/pipx/venvs/mpf/lib/python3.9/site-packages/mpf
2023-04-01 13:54:38,548 : INFO : Machine : Machine path: /Users/tpetch/Documents/trashland_3
2023-04-01 13:54:38,548 : INFO : Machine : Platform: darwin
2023-04-01 13:54:38,548 : INFO : Machine : Python executable location: /Users/tpetch/.local/pipx/venvs/mpf/bin/python
2023-04-01 13:54:38,548 : INFO : Machine : Python version: 3.9.13 (64-bit)
2023-04-01 13:54:38,554 : INFO : Machine : Initialise MPF.
2023-04-01 13:54:38,610 : INFO : [NET] : Trying to connect to /dev/tty.usbmodem141401 at 921600bps
2023-04-01 13:54:38,616 : INFO : [NET] : Connected to /dev/tty.usbmodem141401 at 921600bps
2023-04-01 13:54:38,629 : INFO : [NET] : Connected to FP-CPU-2000 with firmware v02.06
2023-04-01 13:54:38,629 : INFO : EventManager : Event: ======'machine_var_fast_net_firmware'====== Args={'value': '02.06', 'prev_value': None, 'change': True}
2023-04-01 13:54:38,629 : INFO : EventManager : Event: ======'machine_var_fast_net_model'====== Args={'value': 'FP-CPU-2000', 'prev_value': None, 'change': True}
2023-04-01 13:54:38,632 : INFO : [NET] : Registered I/O Board 0: Model: FP-I/O-0804, Firmware: 01.09, Switches: 8, Drivers: 4
2023-04-01 13:54:38,633 : INFO : [NET] : Registered I/O Board 1: Model: FP-I/O-0804, Firmware: 01.09, Switches: 8, Drivers: 4
2023-04-01 13:54:38,634 : INFO : [NET] : Registered I/O Board 2: Model: FP-I/O-3208, Firmware: 01.09, Switches: 32, Drivers: 8
2023-04-01 13:54:38,636 : INFO : [NET] : Registered I/O Board 3: Model: FP-I/O-1616, Firmware: 01.09, Switches: 16, Drivers: 16
2023-04-01 13:54:38,637 : INFO : [NET] : Registered I/O Board 4: Model: FP-I/O-3208, Firmware: 01.09, Switches: 32, Drivers: 8
2023-04-01 13:54:38,639 : INFO : [EXP] : Trying to connect to /dev/tty.usbmodem141403 at 921600bps
2023-04-01 13:54:38,645 : INFO : [EXP] : Connected to /dev/tty.usbmodem141403 at 921600bps
2023-04-01 13:54:38,650 : INFO : EventManager : Event: ======'machine_var_credits_string'====== Args={'value': 'FREE PLAY', 'prev_value': None, 'change': True}
2023-04-01 13:54:38,678 : INFO : EventManager : Event: ======'machine_var_master_volume'====== Args={'value': 0.5, 'prev_value': None, 'change': True}
2023-04-01 13:54:38,678 : INFO : EventManager : Event: ======'machine_var_player1_score'====== Args={'value': 0, 'prev_value': None, 'change': True}
2023-04-01 13:54:38,678 : INFO : EventManager : Event: ======'machine_var_mpf_version'====== Args={'value': 'MPF v0.56.1.dev4', 'prev_value': None, 'change': True}
2023-04-01 13:54:38,678 : INFO : EventManager : Event: ======'machine_var_mpf_extended_version'====== Args={'value': 'MPF v0.56.1.dev4, Config version:5, Show version: 5, BCP version:1.1', 'prev_value': None, 'change': True}
2023-04-01 13:54:38,678 : INFO : EventManager : Event: ======'machine_var_python_version'====== Args={'value': '3.9.13', 'prev_value': None, 'change': True}
2023-04-01 13:54:38,688 : INFO : EventManager : Event: ======'machine_var_platform'====== Args={'value': 'macOS-10.16-x86_64-i386-64bit', 'prev_value': None, 'change': True}
2023-04-01 13:54:38,689 : INFO : EventManager : Event: ======'machine_var_platform_system'====== Args={'value': 'Darwin', 'prev_value': None, 'change': True}
2023-04-01 13:54:38,689 : INFO : EventManager : Event: ======'machine_var_platform_release'====== Args={'value': '22.2.0', 'prev_value': None, 'change': True}
2023-04-01 13:54:38,689 : INFO : EventManager : Event: ======'machine_var_platform_version'====== Args={'value': 'Darwin Kernel Version 22.2.0: Fri Nov 11 02:08:47 PST 2022; root:xnu-8792.61.2~4/RELEASE_X86_64', 'prev_value': None, 'change': True}
2023-04-01 13:54:38,689 : INFO : EventManager : Event: ======'machine_var_platform_machine'====== Args={'value': 'x86_64', 'prev_value': None, 'change': True}
2023-04-01 13:54:38,689 : INFO : EventManager : Event: ======'init_phase_1'====== Args={}
2023-04-01 13:54:38,759 : INFO : EventManager : Event: ======'drop_target_bank_single_main_up'====== Args={}
2023-04-01 13:54:38,759 : INFO : EventManager : Event: ======'drop_target_bank_mid_up'====== Args={}
2023-04-01 13:54:38,759 : INFO : EventManager : Event: ======'drop_target_bank_right_up'====== Args={}
2023-04-01 13:54:38,761 : INFO : EventManager : Event: ======'init_phase_2'====== Args={}
2023-04-01 13:54:38,762 : INFO : SwitchController : Found active switch: (('03', 0), <Platform.FAST>) <switch.s_left_flipper_2>
2023-04-01 13:54:38,762 : INFO : SwitchController : Found active switch: (('1D', 0), <Platform.FAST>) <switch.s_trough_1>
2023-04-01 13:54:38,762 : INFO : SwitchController : Found active switch: (('34', 0), <Platform.FAST>) <switch.s_drop_scoop>
2023-04-01 13:54:38,762 : INFO : SwitchController : Found active switch: (('40', 0), <Platform.FAST>) <switch.s_b_eos>
2023-04-01 13:54:38,768 : INFO : ball_device.bd_vuk_back : BCH: Initial count: 0
2023-04-01 13:54:38,768 : INFO : ball_device.bd_vuk_back : State: idle
2023-04-01 13:54:38,769 : INFO : ball_device.bd_vuk_right : BCH: Initial count: 0
2023-04-01 13:54:38,769 : INFO : ball_device.bd_vuk_right : State: idle
2023-04-01 13:54:38,769 : INFO : ball_device.bd_b_lock : BCH: Initial count: 0
2023-04-01 13:54:38,770 : INFO : ball_device.bd_b_lock : State: idle
2023-04-01 13:54:38,770 : INFO : ball_device.bd_vuk_bot : BCH: Initial count: 0
2023-04-01 13:54:38,770 : INFO : ball_device.bd_vuk_bot : State: idle
2023-04-01 13:54:38,771 : INFO : ball_device.bd_trough : BCH: Initial count: 1
2023-04-01 13:54:38,771 : INFO : ball_device.bd_trough : State: idle
2023-04-01 13:54:38,771 : INFO : ball_device.bd_plunger : BCH: Initial count: 0
2023-04-01 13:54:38,772 : INFO : ball_device.bd_plunger : State: idle
2023-04-01 13:54:38,785 : INFO : EventManager : Event: ======'init_phase_3'====== Args={}
2023-04-01 13:54:38,794 : INFO : EventManager : Event: ======'init_phase_4'====== Args={}
2023-04-01 13:54:38,794 : INFO : BallController : Initial balls found: 1
2023-04-01 13:54:38,797 : INFO : EventManager : Event: ======'machine_var_audits_events_game_ended'====== Args={'value': 9, 'prev_value': None, 'change': True}
2023-04-01 13:54:38,797 : INFO : EventManager : Event: ======'machine_var_audits_events_game_started'====== Args={'value': 29, 'prev_value': None, 'change': True}
2023-04-01 13:54:38,797 : INFO : EventManager : Event: ======'machine_var_audits_player_score'====== Args={'value': {'average': 0.0, 'top': [0, 0, 0, 0, 0, 0, 0, 0, 0], 'total': 9}, 'prev_value': None, 'change': True}
2023-04-01 13:54:38,797 : INFO : EventManager : Event: ======'machine_var_audits_switches_s_autolauncher'====== Args={'value': 152, 'prev_value': None, 'change': True}
2023-04-01 13:54:38,797 : INFO : EventManager : Event: ======'machine_var_audits_switches_s_b_eos'====== Args={'value': 444, 'prev_value': None, 'change': True}
2023-04-01 13:54:38,797 : INFO : EventManager : Event: ======'machine_var_audits_switches_s_b_pop'====== Args={'value': 86, 'prev_value': None, 'change': True}
2023-04-01 13:54:38,797 : INFO : EventManager : Event: ======'machine_var_audits_switches_s_b_rollover_interchange'====== Args={'value': 3, 'prev_value': None, 'change': True}
2023-04-01 13:54:38,797 : INFO : EventManager : Event: ======'machine_var_audits_switches_s_b_rollover_loop'====== Args={'value': 4, 'prev_value': None, 'change': True}
2023-04-01 13:54:38,798 : INFO : EventManager : Event: ======'machine_var_audits_switches_s_b_rollover_misc'====== Args={'value': 12, 'prev_value': None, 'change': True}
2023-04-01 13:54:38,798 : INFO : EventManager : Event: ======'machine_var_audits_switches_s_b_target_left'====== Args={'value': 2, 'prev_value': None, 'change': True}
2023-04-01 13:54:38,798 : INFO : EventManager : Event: ======'machine_var_audits_switches_s_b_target_right'====== Args={'value': 3, 'prev_value': None, 'change': True}
2023-04-01 13:54:38,798 : INFO : EventManager : Event: ======'machine_var_audits_switches_s_drop_mid_center'====== Args={'value': 8, 'prev_value': None, 'change': True}
2023-04-01 13:54:38,798 : INFO : EventManager : Event: ======'machine_var_audits_switches_s_drop_mid_left'====== Args={'value': 17, 'prev_value': None, 'change': True}
2023-04-01 13:54:38,798 : INFO : EventManager : Event: ======'machine_var_audits_switches_s_drop_mid_right'====== Args={'value': 9, 'prev_value': None, 'change': True}
2023-04-01 13:54:38,798 : INFO : EventManager : Event: ======'machine_var_audits_switches_s_drop_right_left'====== Args={'value': 3, 'prev_value': None, 'change': True}
2023-04-01 13:54:38,798 : INFO : EventManager : Event: ======'machine_var_audits_switches_s_drop_right_right'====== Args={'value': 3, 'prev_value': None, 'change': True}
2023-04-01 13:54:38,798 : INFO : EventManager : Event: ======'machine_var_audits_switches_s_drop_scoop'====== Args={'value': 0, 'prev_value': None, 'change': True}
2023-04-01 13:54:38,799 : INFO : EventManager : Event: ======'machine_var_audits_switches_s_drop_single'====== Args={'value': 17, 'prev_value': None, 'change': True}
2023-04-01 13:54:38,799 : INFO : EventManager : Event: ======'machine_var_audits_switches_s_flip_left_eos'====== Args={'value': 3621, 'prev_value': None, 'change': True}
2023-04-01 13:54:38,799 : INFO : EventManager : Event: ======'machine_var_audits_switches_s_flip_left_top_eos'====== Args={'value': 220, 'prev_value': None, 'change': True}
2023-04-01 13:54:38,799 : INFO : EventManager : Event: ======'machine_var_audits_switches_s_flip_right_eos'====== Args={'value': 421, 'prev_value': None, 'change': True}
2023-04-01 13:54:38,799 : INFO : EventManager : Event: ======'machine_var_audits_switches_s_inlane_left'====== Args={'value': 0, 'prev_value': None, 'change': True}
2023-04-01 13:54:38,799 : INFO : EventManager : Event: ======'machine_var_audits_switches_s_inlane_right'====== Args={'value': 9, 'prev_value': None, 'change': True}
2023-04-01 13:54:38,800 : INFO : EventManager : Event: ======'machine_var_audits_switches_s_l_rollover'====== Args={'value': 2, 'prev_value': None, 'change': True}
2023-04-01 13:54:38,800 : INFO : EventManager : Event: ======'machine_var_audits_switches_s_l_target_far'====== Args={'value': 2, 'prev_value': None, 'change': True}
2023-04-01 13:54:38,800 : INFO : EventManager : Event: ======'machine_var_audits_switches_s_l_target_large'====== Args={'value': 2, 'prev_value': None, 'change': True}
2023-04-01 13:54:38,800 : INFO : EventManager : Event: ======'machine_var_audits_switches_s_l_target_left'====== Args={'value': 3, 'prev_value': None, 'change': True}
2023-04-01 13:54:38,800 : INFO : EventManager : Event: ======'machine_var_audits_switches_s_l_target_right'====== Args={'value': 2, 'prev_value': None, 'change': True}
2023-04-01 13:54:38,800 : INFO : EventManager : Event: ======'machine_var_audits_switches_s_l_vuk'====== Args={'value': 5, 'prev_value': None, 'change': True}
2023-04-01 13:54:38,801 : INFO : EventManager : Event: ======'machine_var_audits_switches_s_launch'====== Args={'value': 144, 'prev_value': None, 'change': True}
2023-04-01 13:54:38,801 : INFO : EventManager : Event: ======'machine_var_audits_switches_s_left_flipper_1'====== Args={'value': 264, 'prev_value': None, 'change': True}
2023-04-01 13:54:38,801 : INFO : EventManager : Event: ======'machine_var_audits_switches_s_left_flipper_2'====== Args={'value': 344, 'prev_value': None, 'change': True}
2023-04-01 13:54:38,801 : INFO : EventManager : Event: ======'machine_var_audits_switches_s_lock_1'====== Args={'value': 1, 'prev_value': None, 'change': True}
2023-04-01 13:54:38,801 : INFO : EventManager : Event: ======'machine_var_audits_switches_s_lock_2'====== Args={'value': 1, 'prev_value': None, 'change': True}
2023-04-01 13:54:38,801 : INFO : EventManager : Event: ======'machine_var_audits_switches_s_lock_3'====== Args={'value': 1, 'prev_value': None, 'change': True}
2023-04-01 13:54:38,802 : INFO : EventManager : Event: ======'machine_var_audits_switches_s_outlane_left'====== Args={'value': 0, 'prev_value': None, 'change': True}
2023-04-01 13:54:38,802 : INFO : EventManager : Event: ======'machine_var_audits_switches_s_outlane_right'====== Args={'value': 4, 'prev_value': None, 'change': True}
2023-04-01 13:54:38,802 : INFO : EventManager : Event: ======'machine_var_audits_switches_s_pop_left'====== Args={'value': 38, 'prev_value': None, 'change': True}
2023-04-01 13:54:38,803 : INFO : EventManager : Event: ======'machine_var_audits_switches_s_pop_lower'====== Args={'value': 81, 'prev_value': None, 'change': True}
2023-04-01 13:54:38,803 : INFO : EventManager : Event: ======'machine_var_audits_switches_s_pop_right'====== Args={'value': 126, 'prev_value': None, 'change': True}
2023-04-01 13:54:38,803 : INFO : EventManager : Event: ======'machine_var_audits_switches_s_right_flipper_1'====== Args={'value': 693, 'prev_value': None, 'change': True}
2023-04-01 13:54:38,803 : INFO : EventManager : Event: ======'machine_var_audits_switches_s_right_flipper_2'====== Args={'value': 689, 'prev_value': None, 'change': True}
2023-04-01 13:54:38,803 : INFO : EventManager : Event: ======'machine_var_audits_switches_s_rollover_left'====== Args={'value': 29, 'prev_value': None, 'change': True}
2023-04-01 13:54:38,804 : INFO : EventManager : Event: ======'machine_var_audits_switches_s_rollover_right'====== Args={'value': 481, 'prev_value': None, 'change': True}
2023-04-01 13:54:38,804 : INFO : EventManager : Event: ======'machine_var_audits_switches_s_sling_left'====== Args={'value': 19, 'prev_value': None, 'change': True}
2023-04-01 13:54:38,804 : INFO : EventManager : Event: ======'machine_var_audits_switches_s_sling_right'====== Args={'value': 39, 'prev_value': None, 'change': True}
2023-04-01 13:54:38,804 : INFO : EventManager : Event: ======'machine_var_audits_switches_s_start'====== Args={'value': 39, 'prev_value': None, 'change': True}
2023-04-01 13:54:38,804 : INFO : EventManager : Event: ======'machine_var_audits_switches_s_tilt'====== Args={'value': 191, 'prev_value': None, 'change': True}
2023-04-01 13:54:38,804 : INFO : EventManager : Event: ======'machine_var_audits_switches_s_trough_1'====== Args={'value': 0, 'prev_value': None, 'change': True}
2023-04-01 13:54:38,805 : INFO : EventManager : Event: ======'machine_var_audits_switches_s_trough_2'====== Args={'value': 65, 'prev_value': None, 'change': True}
2023-04-01 13:54:38,805 : INFO : EventManager : Event: ======'machine_var_audits_switches_s_trough_3'====== Args={'value': 54, 'prev_value': None, 'change': True}
2023-04-01 13:54:38,805 : INFO : EventManager : Event: ======'machine_var_audits_switches_s_trough_4'====== Args={'value': 55, 'prev_value': None, 'change': True}
2023-04-01 13:54:38,805 : INFO : EventManager : Event: ======'machine_var_audits_switches_s_trough_5'====== Args={'value': 46, 'prev_value': None, 'change': True}
2023-04-01 13:54:38,805 : INFO : EventManager : Event: ======'machine_var_audits_switches_s_trough_6'====== Args={'value': 43, 'prev_value': None, 'change': True}
2023-04-01 13:54:38,806 : INFO : EventManager : Event: ======'machine_var_audits_switches_s_trough_jam'====== Args={'value': 67, 'prev_value': None, 'change': True}
2023-04-01 13:54:38,806 : INFO : EventManager : Event: ======'machine_var_audits_switches_s_u_lane_l'====== Args={'value': 1, 'prev_value': None, 'change': True}
2023-04-01 13:54:38,806 : INFO : EventManager : Event: ======'machine_var_audits_switches_s_u_lane_r'====== Args={'value': 1, 'prev_value': None, 'change': True}
2023-04-01 13:54:38,806 : INFO : EventManager : Event: ======'machine_var_audits_switches_s_u_rollover'====== Args={'value': 1, 'prev_value': None, 'change': True}
2023-04-01 13:54:38,806 : INFO : EventManager : Event: ======'machine_var_audits_switches_s_u_target'====== Args={'value': 1, 'prev_value': None, 'change': True}
2023-04-01 13:54:38,807 : INFO : EventManager : Event: ======'machine_var_audits_switches_s_vuk_back'====== Args={'value': 95, 'prev_value': None, 'change': True}
2023-04-01 13:54:38,807 : INFO : EventManager : Event: ======'machine_var_audits_switches_s_vuk_right'====== Args={'value': 0, 'prev_value': None, 'change': True}
2023-04-01 13:54:38,823 : INFO : EventManager : Event: ======'init_phase_5'====== Args={}
2023-04-01 13:54:38,824 : INFO : EventManager : Event: ======'init_done'====== Args={}
2023-04-01 13:54:38,824 : INFO : EventManager : Event: ======'machine_reset_phase_1'====== Args={}
2023-04-01 13:54:38,825 : INFO : EventManager : Event: ======'machine_reset_phase_2'====== Args={}
2023-04-01 13:54:38,825 : INFO : EventManager : Event: ======'machine_reset_phase_3'====== Args={}
2023-04-01 13:54:38,826 : INFO : EventManager : Event: ======'reset_complete'====== Args={}
2023-04-01 13:54:38,826 : INFO : EventManager : Event: ======'mode_attract_will_start'====== Args={}
2023-04-01 13:54:38,827 : INFO : EventManager : Event: ======'mode_attract_starting'====== Args={}
2023-04-01 13:54:38,827 : INFO : Mode.attract : Started. Priority: 10
2023-04-01 13:54:38,827 : INFO : EventManager : Event: ======'modes_active_modes_changed'====== Args={}
2023-04-01 13:54:38,827 : INFO : EventManager : Event: ======'mode_attract_started'====== Args={}
2023-04-01 13:54:38,830 : INFO : EventManager : Event: ======'collecting_balls_complete'====== Args={}
2023-04-01 13:54:38,832 : INFO : Machine : Starting the main run loop.
2023-04-01 13:54:47,817 : INFO : BcpServer : New client connected.
2023-04-01 13:54:51,919 : INFO : SwitchController : <<<<<<< 's_start' active >>>>>>>
2023-04-01 13:54:52,028 : INFO : SwitchController : <<<<<<< 's_start' inactive >>>>>>>
2023-04-01 13:54:52,029 : INFO : EventManager : Event: ======'request_to_start_game'====== Args={}
2023-04-01 13:54:52,029 : INFO : EventManager : Event: ======'game_start'====== Args={'buttons': [], 'hold_time': 0.11000000010244548}
2023-04-01 13:54:52,029 : INFO : EventManager : Event: ======'mode_game_will_start'====== Args={'buttons': [], 'hold_time': 0.11000000010244548}
2023-04-01 13:54:52,030 : INFO : EventManager : Event: ======'mode_game_starting'====== Args={'buttons': [], 'hold_time': 0.11000000010244548}
2023-04-01 13:54:52,030 : INFO : EventManager : Event: ======'mode_attract_will_stop'====== Args={}
2023-04-01 13:54:52,030 : INFO : EventManager : Event: ======'mode_attract_stopping'====== Args={}
2023-04-01 13:54:52,030 : INFO : Mode.attract : Stopped.
2023-04-01 13:54:52,030 : INFO : EventManager : Event: ======'modes_active_modes_changed'====== Args={}
2023-04-01 13:54:52,032 : INFO : EventManager : Event: ======'mode_attract_stopped'====== Args={}
2023-04-01 13:54:52,032 : INFO : EventManager : Event: ======'clear'====== Args={'key': 'attract'}
2023-04-01 13:54:52,033 : INFO : Mode.game : Started. Priority: 20
2023-04-01 13:54:52,033 : INFO : EventManager : Event: ======'modes_active_modes_changed'====== Args={}
2023-04-01 13:54:52,033 : INFO : EventManager : Event: ======'mode_game_started'====== Args={'buttons': [], 'hold_time': 0.11000000010244548}
2023-04-01 13:54:52,033 : INFO : EventManager : Event: ======'game_will_start'====== Args={}
2023-04-01 13:54:52,051 : INFO : EventManager : Event: ======'game_starting'====== Args={'game': <Mode.game>}
2023-04-01 13:54:52,052 : INFO : EventManager : Event: ======'player_add_request'====== Args={}
2023-04-01 13:54:52,052 : INFO : EventManager : Event: ======'player_will_add'====== Args={'number': 1}
2023-04-01 13:54:52,052 : INFO : EventManager : Event: ======'player_adding'====== Args={'player': <Player 1>, 'number': 1}
2023-04-01 13:54:52,052 : INFO : EventManager : Event: ======'player_added'====== Args={'player': <Player 1>, 'num': 1}
2023-04-01 13:54:52,052 : INFO : Mode.game : Player added successfully. Total players: 1
2023-04-01 13:54:52,052 : INFO : EventManager : Event: ======'player_index'====== Args={'value': 0, 'prev_value': 0, 'change': 0, 'player_num': 1}
2023-04-01 13:54:52,053 : INFO : EventManager : Event: ======'player_number'====== Args={'value': 1, 'prev_value': 1, 'change': 0, 'player_num': 1}
2023-04-01 13:54:52,053 : INFO : EventManager : Event: ======'player_score'====== Args={'value': 0, 'prev_value': 0, 'change': 0, 'player_num': 1}
2023-04-01 13:54:52,053 : INFO : EventManager : Event: ======'game_started'====== Args={}
2023-04-01 13:54:52,061 : INFO : EventManager : Event: ======'player_turn_will_start'====== Args={'player': <Player 1>, 'number': 1}
2023-04-01 13:54:52,063 : INFO : EventManager : Event: ======'player_turn_starting'====== Args={'player': <Player 1>, 'number': 1}
2023-04-01 13:54:52,075 : INFO : EventManager : Event: ======'player_ball'====== Args={'value': 1, 'prev_value': 0, 'change': 1, 'player_num': 1}
2023-04-01 13:54:52,075 : INFO : EventManager : Event: ======'player_turn_started'====== Args={'player': <Player 1>, 'number': 1}
2023-04-01 13:54:52,075 : INFO : EventManager : Event: ======'ball_will_start'====== Args={'player': 1, 'ball': 1, 'balls_remaining': 2, 'is_extra_ball': False}
2023-04-01 13:54:52,076 : INFO : EventManager : Event: ======'ball_starting'====== Args={'player': 1, 'ball': 1, 'balls_remaining': 2, 'is_extra_ball': False}
2023-04-01 13:54:52,077 : INFO : EventManager : Event: ======'balls_in_play'====== Args={'balls': 1}
2023-04-01 13:54:52,077 : INFO : EventManager : Event: ======'ball_started'====== Args={'player': 1, 'ball': 1, 'balls_remaining': 2, 'is_extra_ball': False}
2023-04-01 13:54:52,077 : INFO : drop_target_bank.single_main : All targets are already up. Will not reset bank.
2023-04-01 13:54:52,077 : INFO : drop_target_bank.mid : All targets are already up. Will not reset bank.
2023-04-01 13:54:52,077 : INFO : drop_target_bank.right : All targets are already up. Will not reset bank.
2023-04-01 13:54:52,080 : INFO : EventManager : Event: ======'single_player_ball_started'====== Args={}
2023-04-01 13:54:52,080 : INFO : EventManager : Event: ======'ball_start_target'====== Args={'target': 'playfield'}
2023-04-01 13:54:52,080 : INFO : ball_device.bd_plunger : Setting up player-controlled eject. Balls: 1, Target: <playfield.playfield>, player_controlled_eject_event: s_launch_active
2023-04-01 13:54:52,081 : INFO : EventManager : Event: ======'balldevice_balls_available'====== Args={}
2023-04-01 13:54:52,081 : INFO : ball_device.bd_trough : State: waiting_for_target_ready
2023-04-01 13:54:52,082 : INFO : EventManager : Event: ======'balldevice_bd_trough_ball_eject_attempt'====== Args={'balls': 1, 'target': <ball_device.bd_plunger>, 'source': <ball_device.bd_trough>, 'mechanical_eject': True, 'num_attempts': 0}
2023-04-01 13:54:52,082 : INFO : ball_device.bd_plunger : State: waiting_for_ball
2023-04-01 13:54:52,082 : INFO : ball_device.bd_vuk_back : State: waiting_for_ball
2023-04-01 13:54:52,083 : INFO : ball_device.bd_trough : State: ejecting
2023-04-01 13:54:52,083 : INFO : ball_device.bd_trough : Ejecting ball to <ball_device.bd_plunger>
2023-04-01 13:54:52,083 : INFO : EventManager : Event: ======'balldevice_bd_trough_ejecting_ball'====== Args={'balls': 1, 'target': <ball_device.bd_plunger>, 'source': <ball_device.bd_trough>, 'mechanical_eject': True, 'num_attempts': 0}
2023-04-01 13:54:52,084 : INFO : ball_device.bd_trough : Wait for ball to leave device
2023-04-01 13:54:52,084 : INFO : coil.c_trough : Pulsing Driver for 13ms (0.8 pulse_power)
2023-04-01 13:54:52,155 : INFO : SwitchController : <<<<<<< 's_trough_jam' active >>>>>>>
2023-04-01 13:54:52,155 : INFO : EventManager : Event: ======'machine_var_audits_switches_s_trough_jam'====== Args={'value': 68, 'prev_value': 67, 'change': 1}
2023-04-01 13:54:52,176 : INFO : SwitchController : <<<<<<< 's_trough_jam' inactive >>>>>>>
2023-04-01 13:54:52,180 : INFO : SwitchController : <<<<<<< 's_flip_left_eos' active >>>>>>>
2023-04-01 13:54:52,181 : INFO : EventManager : Event: ======'machine_var_audits_switches_s_flip_left_eos'====== Args={'value': 3622, 'prev_value': 3621, 'change': 1}
2023-04-01 13:54:52,183 : INFO : SwitchController : <<<<<<< 's_flip_left_eos' inactive >>>>>>>
2023-04-01 13:54:52,231 : INFO : SwitchController : <<<<<<< 's_flip_left_eos' active >>>>>>>
2023-04-01 13:54:52,231 : INFO : EventManager : Event: ======'machine_var_audits_switches_s_flip_left_eos'====== Args={'value': 3623, 'prev_value': 3622, 'change': 1}
2023-04-01 13:54:52,233 : INFO : SwitchController : <<<<<<< 's_flip_left_eos' inactive >>>>>>>
2023-04-01 13:54:52,236 : INFO : SwitchController : <<<<<<< 's_flip_left_eos' active >>>>>>>
2023-04-01 13:54:52,236 : INFO : EventManager : Event: ======'machine_var_audits_switches_s_flip_left_eos'====== Args={'value': 3624, 'prev_value': 3623, 'change': 1}
2023-04-01 13:54:52,252 : INFO : SwitchController : <<<<<<< 's_flip_left_eos' inactive >>>>>>>
2023-04-01 13:54:52,252 : INFO : SwitchController : <<<<<<< 's_flip_left_eos' active >>>>>>>
2023-04-01 13:54:52,252 : INFO : EventManager : Event: ======'machine_var_audits_switches_s_flip_left_eos'====== Args={'value': 3625, 'prev_value': 3624, 'change': 1}
2023-04-01 13:54:52,253 : INFO : SwitchController : <<<<<<< 's_flip_left_eos' inactive >>>>>>>
2023-04-01 13:54:52,253 : INFO : SwitchController : <<<<<<< 's_flip_left_eos' active >>>>>>>
2023-04-01 13:54:52,253 : INFO : EventManager : Event: ======'machine_var_audits_switches_s_flip_left_eos'====== Args={'value': 3626, 'prev_value': 3625, 'change': 1}
2023-04-01 13:54:52,253 : INFO : SwitchController : <<<<<<< 's_flip_left_eos' inactive >>>>>>>
2023-04-01 13:54:52,255 : INFO : SwitchController : <<<<<<< 's_flip_left_eos' active >>>>>>>
2023-04-01 13:54:52,255 : INFO : EventManager : Event: ======'machine_var_audits_switches_s_flip_left_eos'====== Args={'value': 3627, 'prev_value': 3626, 'change': 1}
2023-04-01 13:54:52,258 : INFO : SwitchController : <<<<<<< 's_flip_left_eos' inactive >>>>>>>
2023-04-01 13:54:52,261 : INFO : SwitchController : <<<<<<< 's_flip_left_eos' active >>>>>>>
2023-04-01 13:54:52,261 : INFO : EventManager : Event: ======'machine_var_audits_switches_s_flip_left_eos'====== Args={'value': 3628, 'prev_value': 3627, 'change': 1}
2023-04-01 13:54:52,273 : INFO : SwitchController : <<<<<<< 's_flip_left_eos' inactive >>>>>>>
2023-04-01 13:54:52,274 : INFO : SwitchController : <<<<<<< 's_flip_left_eos' active >>>>>>>
2023-04-01 13:54:52,274 : INFO : EventManager : Event: ======'machine_var_audits_switches_s_flip_left_eos'====== Args={'value': 3629, 'prev_value': 3628, 'change': 1}
2023-04-01 13:54:52,274 : INFO : SwitchController : <<<<<<< 's_flip_left_eos' inactive >>>>>>>
2023-04-01 13:54:52,275 : INFO : SwitchController : <<<<<<< 's_flip_left_eos' active >>>>>>>
2023-04-01 13:54:52,275 : INFO : EventManager : Event: ======'machine_var_audits_switches_s_flip_left_eos'====== Args={'value': 3630, 'prev_value': 3629, 'change': 1}
2023-04-01 13:54:52,277 : INFO : SwitchController : <<<<<<< 's_flip_left_eos' inactive >>>>>>>
2023-04-01 13:54:52,414 : INFO : SwitchController : <<<<<<< 's_flip_left_eos' active >>>>>>>
2023-04-01 13:54:52,414 : INFO : EventManager : Event: ======'machine_var_audits_switches_s_flip_left_eos'====== Args={'value': 3631, 'prev_value': 3630, 'change': 1}
2023-04-01 13:54:52,416 : INFO : SwitchController : <<<<<<< 's_flip_left_eos' inactive >>>>>>>
2023-04-01 13:54:52,565 : INFO : SwitchController : <<<<<<< 's_right_flipper_1' active >>>>>>>
2023-04-01 13:54:52,565 : INFO : EventManager : Event: ======'machine_var_audits_switches_s_right_flipper_1'====== Args={'value': 694, 'prev_value': 693, 'change': 1}
2023-04-01 13:54:52,567 : INFO : SwitchController : <<<<<<< 's_right_flipper_2' active >>>>>>>
2023-04-01 13:54:52,567 : INFO : EventManager : Event: ======'machine_var_audits_switches_s_right_flipper_2'====== Args={'value': 690, 'prev_value': 689, 'change': 1}
2023-04-01 13:54:52,574 : INFO : SwitchController : <<<<<<< 's_flip_left_eos' active >>>>>>>
2023-04-01 13:54:52,574 : INFO : EventManager : Event: ======'machine_var_audits_switches_s_flip_left_eos'====== Args={'value': 3632, 'prev_value': 3631, 'change': 1}
2023-04-01 13:54:52,589 : INFO : SwitchController : <<<<<<< 's_b_eos' inactive >>>>>>>
2023-04-01 13:54:52,590 : INFO : SwitchController : <<<<<<< 's_flip_left_eos' inactive >>>>>>>
2023-04-01 13:54:52,590 : INFO : SwitchController : <<<<<<< 's_flip_right_eos' active >>>>>>>
2023-04-01 13:54:52,590 : INFO : EventManager : Event: ======'machine_var_audits_switches_s_flip_right_eos'====== Args={'value': 422, 'prev_value': 421, 'change': 1}
2023-04-01 13:54:52,591 : INFO : SwitchController : <<<<<<< 's_b_eos' active >>>>>>>
2023-04-01 13:54:52,591 : INFO : EventManager : Event: ======'machine_var_audits_switches_s_b_eos'====== Args={'value': 445, 'prev_value': 444, 'change': 1}
2023-04-01 13:54:52,591 : INFO : SwitchController : <<<<<<< 's_flip_left_eos' active >>>>>>>
2023-04-01 13:54:52,591 : INFO : EventManager : Event: ======'machine_var_audits_switches_s_flip_left_eos'====== Args={'value': 3633, 'prev_value': 3632, 'change': 1}
2023-04-01 13:54:52,614 : INFO : SwitchController : <<<<<<< 's_flip_left_eos' inactive >>>>>>>
2023-04-01 13:54:52,614 : INFO : SwitchController : <<<<<<< 's_flip_left_eos' active >>>>>>>
2023-04-01 13:54:52,614 : INFO : EventManager : Event: ======'machine_var_audits_switches_s_flip_left_eos'====== Args={'value': 3634, 'prev_value': 3633, 'change': 1}
2023-04-01 13:54:52,619 : INFO : SwitchController : <<<<<<< 's_flip_left_eos' inactive >>>>>>>
2023-04-01 13:54:53,272 : INFO : SwitchController : <<<<<<< 's_launch' active >>>>>>>
2023-04-01 13:54:53,272 : INFO : EventManager : Event: ======'machine_var_audits_switches_s_launch'====== Args={'value': 145, 'prev_value': 144, 'change': 1}
2023-04-01 13:54:53,389 : INFO : SwitchController : <<<<<<< 's_launch' inactive >>>>>>>
2023-04-01 13:54:54,883 : INFO : SwitchController : <<<<<<< 's_right_flipper_1' inactive >>>>>>>
2023-04-01 13:54:54,885 : INFO : SwitchController : <<<<<<< 's_right_flipper_2' inactive >>>>>>>
2023-04-01 13:54:54,974 : INFO : SwitchController : <<<<<<< 's_flip_right_eos' inactive >>>>>>>
2023-04-01 13:54:54,994 : INFO : SwitchController : <<<<<<< 's_b_eos' inactive >>>>>>>
2023-04-01 13:54:55,043 : INFO : SwitchController : <<<<<<< 's_start' active >>>>>>>
2023-04-01 13:54:55,044 : INFO : EventManager : Event: ======'sw_start'====== Args={}
2023-04-01 13:54:55,044 : INFO : EventManager : Event: ======'machine_var_audits_switches_s_start'====== Args={'value': 40, 'prev_value': 39, 'change': 1}
2023-04-01 13:54:55,045 : INFO : EventManager : Event: ======'player_add_request'====== Args={}
2023-04-01 13:54:55,045 : INFO : EventManager : Event: ======'player_will_add'====== Args={'number': 2}
2023-04-01 13:54:55,045 : INFO : EventManager : Event: ======'player_adding'====== Args={'player': <Player 2>, 'number': 2}
2023-04-01 13:54:55,045 : INFO : EventManager : Event: ======'player_added'====== Args={'player': <Player 2>, 'num': 2}
2023-04-01 13:54:55,045 : INFO : Mode.game : Player added successfully. Total players: 2
2023-04-01 13:54:55,045 : INFO : EventManager : Event: ======'multiplayer_game'====== Args={}
2023-04-01 13:54:55,045 : INFO : EventManager : Event: ======'player_index'====== Args={'value': 1, 'prev_value': 1, 'change': 0, 'player_num': 2}
2023-04-01 13:54:55,046 : INFO : EventManager : Event: ======'player_number'====== Args={'value': 2, 'prev_value': 2, 'change': 0, 'player_num': 2}
2023-04-01 13:54:55,046 : INFO : EventManager : Event: ======'player_score'====== Args={'value': 0, 'prev_value': 0, 'change': 0, 'player_num': 2}
2023-04-01 13:54:55,148 : INFO : SwitchController : <<<<<<< 's_start' inactive >>>>>>>
2023-04-01 13:54:55,431 : INFO : SwitchController : <<<<<<< 's_start' active >>>>>>>
2023-04-01 13:54:55,431 : INFO : EventManager : Event: ======'sw_start'====== Args={}
2023-04-01 13:54:55,431 : INFO : EventManager : Event: ======'machine_var_audits_switches_s_start'====== Args={'value': 41, 'prev_value': 40, 'change': 1}
2023-04-01 13:54:55,432 : INFO : EventManager : Event: ======'player_add_request'====== Args={}
2023-04-01 13:54:55,432 : INFO : EventManager : Event: ======'player_will_add'====== Args={'number': 3}
2023-04-01 13:54:55,433 : INFO : EventManager : Event: ======'player_adding'====== Args={'player': <Player 3>, 'number': 3}
2023-04-01 13:54:55,433 : INFO : EventManager : Event: ======'player_added'====== Args={'player': <Player 3>, 'num': 3}
2023-04-01 13:54:55,433 : INFO : Mode.game : Player added successfully. Total players: 3
2023-04-01 13:54:55,433 : INFO : EventManager : Event: ======'player_index'====== Args={'value': 2, 'prev_value': 2, 'change': 0, 'player_num': 3}
2023-04-01 13:54:55,433 : INFO : EventManager : Event: ======'player_number'====== Args={'value': 3, 'prev_value': 3, 'change': 0, 'player_num': 3}
2023-04-01 13:54:55,433 : INFO : EventManager : Event: ======'player_score'====== Args={'value': 0, 'prev_value': 0, 'change': 0, 'player_num': 3}
2023-04-01 13:54:55,553 : INFO : SwitchController : <<<<<<< 's_start' inactive >>>>>>>
2023-04-01 13:54:55,708 : INFO : SwitchController : <<<<<<< 's_start' active >>>>>>>
2023-04-01 13:54:55,708 : INFO : EventManager : Event: ======'sw_start'====== Args={}
2023-04-01 13:54:55,708 : INFO : EventManager : Event: ======'machine_var_audits_switches_s_start'====== Args={'value': 42, 'prev_value': 41, 'change': 1}
2023-04-01 13:54:55,709 : INFO : EventManager : Event: ======'player_add_request'====== Args={}
2023-04-01 13:54:55,709 : INFO : EventManager : Event: ======'player_will_add'====== Args={'number': 4}
2023-04-01 13:54:55,709 : INFO : EventManager : Event: ======'player_adding'====== Args={'player': <Player 4>, 'number': 4}
2023-04-01 13:54:55,709 : INFO : EventManager : Event: ======'player_added'====== Args={'player': <Player 4>, 'num': 4}
2023-04-01 13:54:55,709 : INFO : Mode.game : Player added successfully. Total players: 4
2023-04-01 13:54:55,709 : INFO : EventManager : Event: ======'player_index'====== Args={'value': 3, 'prev_value': 3, 'change': 0, 'player_num': 4}
2023-04-01 13:54:55,710 : INFO : EventManager : Event: ======'player_number'====== Args={'value': 4, 'prev_value': 4, 'change': 0, 'player_num': 4}
2023-04-01 13:54:55,710 : INFO : EventManager : Event: ======'player_score'====== Args={'value': 0, 'prev_value': 0, 'change': 0, 'player_num': 4}
2023-04-01 13:54:55,779 : INFO : SwitchController : <<<<<<< 's_start' inactive >>>>>>>
2023-04-01 13:54:55,981 : INFO : SwitchController : <<<<<<< 's_start' active >>>>>>>
2023-04-01 13:54:55,981 : INFO : EventManager : Event: ======'sw_start'====== Args={}
2023-04-01 13:54:55,981 : INFO : EventManager : Event: ======'machine_var_audits_switches_s_start'====== Args={'value': 43, 'prev_value': 42, 'change': 1}
2023-04-01 13:54:56,113 : INFO : SwitchController : <<<<<<< 's_start' inactive >>>>>>>
2023-04-01 13:54:56,300 : INFO : SwitchController : <<<<<<< 's_start' active >>>>>>>
2023-04-01 13:54:56,300 : INFO : EventManager : Event: ======'sw_start'====== Args={}
2023-04-01 13:54:56,300 : INFO : EventManager : Event: ======'machine_var_audits_switches_s_start'====== Args={'value': 44, 'prev_value': 43, 'change': 1}
2023-04-01 13:54:56,430 : INFO : SwitchController : <<<<<<< 's_start' inactive >>>>>>>
2023-04-01 13:54:57,261 : INFO : SwitchController : <<<<<<< 's_right_flipper_1' active >>>>>>>
2023-04-01 13:54:57,261 : INFO : EventManager : Event: ======'machine_var_audits_switches_s_right_flipper_1'====== Args={'value': 695, 'prev_value': 694, 'change': 1}
2023-04-01 13:54:57,266 : INFO : SwitchController : <<<<<<< 's_right_flipper_2' active >>>>>>>
2023-04-01 13:54:57,266 : INFO : EventManager : Event: ======'machine_var_audits_switches_s_right_flipper_2'====== Args={'value': 691, 'prev_value': 690, 'change': 1}
2023-04-01 13:54:57,283 : INFO : SwitchController : <<<<<<< 's_flip_left_eos' active >>>>>>>
2023-04-01 13:54:57,283 : INFO : EventManager : Event: ======'machine_var_audits_switches_s_flip_left_eos'====== Args={'value': 3635, 'prev_value': 3634, 'change': 1}
2023-04-01 13:54:57,284 : INFO : SwitchController : <<<<<<< 's_flip_left_eos' inactive >>>>>>>
2023-04-01 13:54:57,284 : INFO : SwitchController : <<<<<<< 's_flip_right_eos' active >>>>>>>
2023-04-01 13:54:57,284 : INFO : EventManager : Event: ======'machine_var_audits_switches_s_flip_right_eos'====== Args={'value': 423, 'prev_value': 422, 'change': 1}
2023-04-01 13:54:57,284 : INFO : SwitchController : <<<<<<< 's_b_eos' active >>>>>>>
2023-04-01 13:54:57,284 : INFO : EventManager : Event: ======'machine_var_audits_switches_s_b_eos'====== Args={'value': 446, 'prev_value': 445, 'change': 1}
2023-04-01 13:54:57,285 : INFO : SwitchController : <<<<<<< 's_flip_left_eos' active >>>>>>>
2023-04-01 13:54:57,285 : INFO : EventManager : Event: ======'machine_var_audits_switches_s_flip_left_eos'====== Args={'value': 3636, 'prev_value': 3635, 'change': 1}
2023-04-01 13:54:57,306 : INFO : SwitchController : <<<<<<< 's_flip_left_eos' inactive >>>>>>>
2023-04-01 13:54:57,306 : INFO : SwitchController : <<<<<<< 's_flip_left_eos' active >>>>>>>
2023-04-01 13:54:57,306 : INFO : EventManager : Event: ======'machine_var_audits_switches_s_flip_left_eos'====== Args={'value': 3637, 'prev_value': 3636, 'change': 1}
2023-04-01 13:54:57,306 : INFO : SwitchController : <<<<<<< 's_flip_left_eos' inactive >>>>>>>
2023-04-01 13:54:57,422 : INFO : SwitchController : <<<<<<< 's_right_flipper_1' inactive >>>>>>>
2023-04-01 13:54:57,423 : INFO : SwitchController : <<<<<<< 's_right_flipper_2' inactive >>>>>>>
2023-04-01 13:54:57,510 : INFO : SwitchController : <<<<<<< 's_flip_right_eos' inactive >>>>>>>
2023-04-01 13:54:57,532 : INFO : SwitchController : <<<<<<< 's_b_eos' inactive >>>>>>>
2023-04-01 13:54:58,197 : INFO : SwitchController : <<<<<<< 's_launch' active >>>>>>>
2023-04-01 13:54:58,197 : INFO : EventManager : Event: ======'machine_var_audits_switches_s_launch'====== Args={'value': 146, 'prev_value': 145, 'change': 1}
2023-04-01 13:54:58,320 : INFO : SwitchController : <<<<<<< 's_launch' inactive >>>>>>>
2023-04-01 13:55:01,435 : INFO : Machine : Shutting down...
2023-04-01 13:55:01,435 : INFO : EventManager : Event: ======'shutdown'====== Args={}
2023-04-01 13:55:01,436 : INFO : EventManager : Event: ======'mode_game_will_stop'====== Args={}
2023-04-01 13:55:01,436 : INFO : EventManager : Event: ======'mode_game_stopping'====== Args={}
2023-04-01 13:55:01,436 : INFO : Mode.game : Stopped.
2023-04-01 13:55:01,436 : INFO : EventManager : Event: ======'modes_active_modes_changed'====== Args={}
2023-04-01 13:55:01,437 : INFO : EventManager : Event: ======'mode_game_stopped'====== Args={}
2023-04-01 13:55:01,437 : INFO : EventManager : Event: ======'clear'====== Args={'key': 'game'}
2023-04-01 13:55:01,548 : INFO : root : MPF run loop ended.
