2023-04-01 17:47:27,073 : INFO : root : Loading config.
2023-04-01 17:47:27,742 : INFO : ConfigProcessor : Config spec file cache created: /var/folders/0y/x6b2lmrx6vq3nhkjncz48nhc0000gn/T/config_spec.mpf_cache
2023-04-01 17:47:27,743 : INFO : YamlMultifileConfigLoader : Machine config file #1: config.yaml
2023-04-01 17:47:27,743 : INFO : ConfigProcessor : Loading config from cache: /var/folders/0y/x6b2lmrx6vq3nhkjncz48nhc0000gn/T/28c67afebeedf0bcd540f5dc9898a885.mpf_cache
2023-04-01 17:47:27,852 : INFO : ConfigProcessor : Loading config from cache: /var/folders/0y/x6b2lmrx6vq3nhkjncz48nhc0000gn/T/03cea1619b79a61f4f0eef3c59cdaa46.mpf_cache
2023-04-01 17:47:27,854 : INFO : ConfigProcessor : Loading config from cache: /var/folders/0y/x6b2lmrx6vq3nhkjncz48nhc0000gn/T/d3948d842c6309f14ab557c3c72320d0.mpf_cache
2023-04-01 17:47:27,855 : INFO : ConfigProcessor : Loading config from cache: /var/folders/0y/x6b2lmrx6vq3nhkjncz48nhc0000gn/T/03cea1619b79a61f4f0eef3c59cdaa46.mpf_cache
2023-04-01 17:47:27,855 : INFO : ConfigProcessor : Loading config from cache: /var/folders/0y/x6b2lmrx6vq3nhkjncz48nhc0000gn/T/1a491952b1b86d65aa143eb7204b9608.mpf_cache
2023-04-01 17:47:27,858 : INFO : ConfigProcessor : Loading config from cache: /var/folders/0y/x6b2lmrx6vq3nhkjncz48nhc0000gn/T/a37a2141962f60258a07880b3484644a.mpf_cache
2023-04-01 17:47:27,859 : INFO : ConfigProcessor : Loading config from cache: /var/folders/0y/x6b2lmrx6vq3nhkjncz48nhc0000gn/T/1abbb484e5c2eb8b7dba517683fc6f83.mpf_cache
2023-04-01 17:47:27,860 : INFO : Machine : Mission Pinball Framework Core Engine v0.56.1.dev4
2023-04-01 17:47:27,860 : INFO : Machine : Command line arguments: {'no_load_cache': False, 'create_config_cache': True, 'bcp': False, 'configfile': ['config.yaml'], 'force_assets_load': False, 'jsonlogging': False, 'logfile': 'logs/2023-04-01-17-47-27-mpf-Tanners-MacBook-Pro-2.local.log', 'pause': False, 'production': False, 'text_ui': True, 'loglevel': 15, 'consoleloglevel': 20, 'force_platform': None, 'syslog_address': None, 'mc_file_name': None, 'no_sound': False}
2023-04-01 17:47:27,860 : INFO : Machine : MPF path: /Users/tpetch/.local/pipx/venvs/mpf/lib/python3.9/site-packages/mpf
2023-04-01 17:47:27,861 : INFO : Machine : Machine path: /Users/tpetch/Documents/trashland_3
2023-04-01 17:47:27,861 : INFO : Machine : Platform: darwin
2023-04-01 17:47:27,861 : INFO : Machine : Python executable location: /Users/tpetch/.local/pipx/venvs/mpf/bin/python
2023-04-01 17:47:27,861 : INFO : Machine : Python version: 3.9.13 (64-bit)
2023-04-01 17:47:27,872 : INFO : Machine : Initialise MPF.
2023-04-01 17:47:27,997 : INFO : [NET] : Trying to connect to /dev/tty.usbmodem141401 at 921600bps
2023-04-01 17:47:28,003 : INFO : [NET] : Connected to /dev/tty.usbmodem141401 at 921600bps
2023-04-01 17:47:28,016 : INFO : [NET] : Connected to FP-CPU-2000 with firmware v02.06
2023-04-01 17:47:28,016 : INFO : EventManager : Event: ======'machine_var_fast_net_firmware'====== Args={'value': '02.06', 'prev_value': None, 'change': True}
2023-04-01 17:47:28,016 : INFO : EventManager : Event: ======'machine_var_fast_net_model'====== Args={'value': 'FP-CPU-2000', 'prev_value': None, 'change': True}
2023-04-01 17:47:28,019 : INFO : [NET] : Registered I/O Board 0: Model: FP-I/O-0804, Firmware: 01.09, Switches: 8, Drivers: 4
2023-04-01 17:47:28,021 : INFO : [NET] : Registered I/O Board 1: Model: FP-I/O-0804, Firmware: 01.09, Switches: 8, Drivers: 4
2023-04-01 17:47:28,022 : INFO : [NET] : Registered I/O Board 2: Model: FP-I/O-3208, Firmware: 01.09, Switches: 32, Drivers: 8
2023-04-01 17:47:28,024 : INFO : [NET] : Registered I/O Board 3: Model: FP-I/O-1616, Firmware: 01.09, Switches: 16, Drivers: 16
2023-04-01 17:47:28,026 : INFO : [NET] : Registered I/O Board 4: Model: FP-I/O-3208, Firmware: 01.09, Switches: 32, Drivers: 8
2023-04-01 17:47:28,029 : INFO : [EXP] : Trying to connect to /dev/tty.usbmodem141403 at 921600bps
2023-04-01 17:47:28,034 : INFO : [EXP] : Connected to /dev/tty.usbmodem141403 at 921600bps
2023-04-01 17:47:28,041 : INFO : EventManager : Event: ======'machine_var_credits_string'====== Args={'value': 'FREE PLAY', 'prev_value': None, 'change': True}
2023-04-01 17:47:28,101 : INFO : EventManager : Event: ======'machine_var_master_volume'====== Args={'value': 0.5, 'prev_value': None, 'change': True}
2023-04-01 17:47:28,101 : INFO : EventManager : Event: ======'machine_var_player1_score'====== Args={'value': 0, 'prev_value': None, 'change': True}
2023-04-01 17:47:28,101 : INFO : EventManager : Event: ======'machine_var_mpf_version'====== Args={'value': 'MPF v0.56.1.dev4', 'prev_value': None, 'change': True}
2023-04-01 17:47:28,101 : INFO : EventManager : Event: ======'machine_var_mpf_extended_version'====== Args={'value': 'MPF v0.56.1.dev4, Config version:5, Show version: 5, BCP version:1.1', 'prev_value': None, 'change': True}
2023-04-01 17:47:28,102 : INFO : EventManager : Event: ======'machine_var_python_version'====== Args={'value': '3.9.13', 'prev_value': None, 'change': True}
2023-04-01 17:47:28,121 : INFO : EventManager : Event: ======'machine_var_platform'====== Args={'value': 'macOS-10.16-x86_64-i386-64bit', 'prev_value': None, 'change': True}
2023-04-01 17:47:28,122 : INFO : EventManager : Event: ======'machine_var_platform_system'====== Args={'value': 'Darwin', 'prev_value': None, 'change': True}
2023-04-01 17:47:28,122 : INFO : EventManager : Event: ======'machine_var_platform_release'====== Args={'value': '22.2.0', 'prev_value': None, 'change': True}
2023-04-01 17:47:28,122 : INFO : EventManager : Event: ======'machine_var_platform_version'====== Args={'value': 'Darwin Kernel Version 22.2.0: Fri Nov 11 02:08:47 PST 2022; root:xnu-8792.61.2~4/RELEASE_X86_64', 'prev_value': None, 'change': True}
2023-04-01 17:47:28,122 : INFO : EventManager : Event: ======'machine_var_platform_machine'====== Args={'value': 'x86_64', 'prev_value': None, 'change': True}
2023-04-01 17:47:28,123 : INFO : EventManager : Event: ======'init_phase_1'====== Args={}
2023-04-01 17:47:28,241 : INFO : EventManager : Event: ======'drop_target_bank_single_main_up'====== Args={}
2023-04-01 17:47:28,241 : INFO : EventManager : Event: ======'drop_target_bank_mid_up'====== Args={}
2023-04-01 17:47:28,241 : INFO : EventManager : Event: ======'drop_target_bank_right_up'====== Args={}
2023-04-01 17:47:28,243 : INFO : EventManager : Event: ======'init_phase_2'====== Args={}
2023-04-01 17:47:28,244 : INFO : SwitchController : Found active switch: (('03', 0), <Platform.FAST>) <switch.s_left_flipper_2>
2023-04-01 17:47:28,244 : INFO : SwitchController : Found active switch: (('1D', 0), <Platform.FAST>) <switch.s_trough_1>
2023-04-01 17:47:28,244 : INFO : SwitchController : Found active switch: (('1C', 0), <Platform.FAST>) <switch.s_trough_2>
2023-04-01 17:47:28,244 : INFO : SwitchController : Found active switch: (('34', 0), <Platform.FAST>) <switch.s_drop_scoop>
2023-04-01 17:47:28,255 : INFO : ball_device.bd_vuk_back : BCH: Initial count: 0
2023-04-01 17:47:28,256 : INFO : ball_device.bd_vuk_back : State: idle
2023-04-01 17:47:28,256 : INFO : ball_device.bd_vuk_right : BCH: Initial count: 0
2023-04-01 17:47:28,257 : INFO : ball_device.bd_vuk_right : State: idle
2023-04-01 17:47:28,258 : INFO : ball_device.bd_b_lock : BCH: Initial count: 0
2023-04-01 17:47:28,258 : INFO : ball_device.bd_b_lock : State: idle
2023-04-01 17:47:28,259 : INFO : ball_device.bd_vuk_bot : BCH: Initial count: 0
2023-04-01 17:47:28,259 : INFO : ball_device.bd_vuk_bot : State: idle
2023-04-01 17:47:28,260 : INFO : ball_device.bd_trough : BCH: Initial count: 2
2023-04-01 17:47:28,261 : INFO : ball_device.bd_trough : State: idle
2023-04-01 17:47:28,261 : INFO : ball_device.bd_plunger : BCH: Initial count: 0
2023-04-01 17:47:28,262 : INFO : ball_device.bd_plunger : State: idle
2023-04-01 17:47:28,290 : INFO : EventManager : Event: ======'init_phase_3'====== Args={}
2023-04-01 17:47:28,300 : INFO : EventManager : Event: ======'init_phase_4'====== Args={}
2023-04-01 17:47:28,301 : INFO : BallController : Initial balls found: 2
2023-04-01 17:47:28,304 : INFO : EventManager : Event: ======'machine_var_audits_events_game_ended'====== Args={'value': 23, 'prev_value': None, 'change': True}
2023-04-01 17:47:28,304 : INFO : EventManager : Event: ======'machine_var_audits_events_game_started'====== Args={'value': 66, 'prev_value': None, 'change': True}
2023-04-01 17:47:28,304 : INFO : EventManager : Event: ======'machine_var_audits_player_score'====== Args={'value': {'average': 0.0, 'top': [0, 0, 0, 0, 0, 0, 0, 0, 0, 0], 'total': 23}, 'prev_value': None, 'change': True}
2023-04-01 17:47:28,305 : INFO : EventManager : Event: ======'machine_var_audits_switches_s_autolauncher'====== Args={'value': 251, 'prev_value': None, 'change': True}
2023-04-01 17:47:28,305 : INFO : EventManager : Event: ======'machine_var_audits_switches_s_b_eos'====== Args={'value': 1250, 'prev_value': None, 'change': True}
2023-04-01 17:47:28,305 : INFO : EventManager : Event: ======'machine_var_audits_switches_s_b_pop'====== Args={'value': 197, 'prev_value': None, 'change': True}
2023-04-01 17:47:28,305 : INFO : EventManager : Event: ======'machine_var_audits_switches_s_b_rollover_interchange'====== Args={'value': 3, 'prev_value': None, 'change': True}
2023-04-01 17:47:28,305 : INFO : EventManager : Event: ======'machine_var_audits_switches_s_b_rollover_loop'====== Args={'value': 8, 'prev_value': None, 'change': True}
2023-04-01 17:47:28,305 : INFO : EventManager : Event: ======'machine_var_audits_switches_s_b_rollover_misc'====== Args={'value': 17, 'prev_value': None, 'change': True}
2023-04-01 17:47:28,306 : INFO : EventManager : Event: ======'machine_var_audits_switches_s_b_target_left'====== Args={'value': 8, 'prev_value': None, 'change': True}
2023-04-01 17:47:28,306 : INFO : EventManager : Event: ======'machine_var_audits_switches_s_b_target_right'====== Args={'value': 15, 'prev_value': None, 'change': True}
2023-04-01 17:47:28,306 : INFO : EventManager : Event: ======'machine_var_audits_switches_s_drop_mid_center'====== Args={'value': 51, 'prev_value': None, 'change': True}
2023-04-01 17:47:28,306 : INFO : EventManager : Event: ======'machine_var_audits_switches_s_drop_mid_left'====== Args={'value': 42, 'prev_value': None, 'change': True}
2023-04-01 17:47:28,306 : INFO : EventManager : Event: ======'machine_var_audits_switches_s_drop_mid_right'====== Args={'value': 44, 'prev_value': None, 'change': True}
2023-04-01 17:47:28,307 : INFO : EventManager : Event: ======'machine_var_audits_switches_s_drop_right_left'====== Args={'value': 11, 'prev_value': None, 'change': True}
2023-04-01 17:47:28,307 : INFO : EventManager : Event: ======'machine_var_audits_switches_s_drop_right_right'====== Args={'value': 14, 'prev_value': None, 'change': True}
2023-04-01 17:47:28,307 : INFO : EventManager : Event: ======'machine_var_audits_switches_s_drop_scoop'====== Args={'value': 0, 'prev_value': None, 'change': True}
2023-04-01 17:47:28,307 : INFO : EventManager : Event: ======'machine_var_audits_switches_s_drop_single'====== Args={'value': 17, 'prev_value': None, 'change': True}
2023-04-01 17:47:28,308 : INFO : EventManager : Event: ======'machine_var_audits_switches_s_flip_left_eos'====== Args={'value': 12000, 'prev_value': None, 'change': True}
2023-04-01 17:47:28,308 : INFO : EventManager : Event: ======'machine_var_audits_switches_s_flip_left_top_eos'====== Args={'value': 767, 'prev_value': None, 'change': True}
2023-04-01 17:47:28,308 : INFO : EventManager : Event: ======'machine_var_audits_switches_s_flip_right_eos'====== Args={'value': 1139, 'prev_value': None, 'change': True}
2023-04-01 17:47:28,308 : INFO : EventManager : Event: ======'machine_var_audits_switches_s_inlane_left'====== Args={'value': 16, 'prev_value': None, 'change': True}
2023-04-01 17:47:28,309 : INFO : EventManager : Event: ======'machine_var_audits_switches_s_inlane_right'====== Args={'value': 33, 'prev_value': None, 'change': True}
2023-04-01 17:47:28,309 : INFO : EventManager : Event: ======'machine_var_audits_switches_s_l_rollover'====== Args={'value': 2, 'prev_value': None, 'change': True}
2023-04-01 17:47:28,309 : INFO : EventManager : Event: ======'machine_var_audits_switches_s_l_target_far'====== Args={'value': 2, 'prev_value': None, 'change': True}
2023-04-01 17:47:28,309 : INFO : EventManager : Event: ======'machine_var_audits_switches_s_l_target_large'====== Args={'value': 2, 'prev_value': None, 'change': True}
2023-04-01 17:47:28,310 : INFO : EventManager : Event: ======'machine_var_audits_switches_s_l_target_left'====== Args={'value': 3, 'prev_value': None, 'change': True}
2023-04-01 17:47:28,310 : INFO : EventManager : Event: ======'machine_var_audits_switches_s_l_target_right'====== Args={'value': 2, 'prev_value': None, 'change': True}
2023-04-01 17:47:28,311 : INFO : EventManager : Event: ======'machine_var_audits_switches_s_l_vuk'====== Args={'value': 5, 'prev_value': None, 'change': True}
2023-04-01 17:47:28,311 : INFO : EventManager : Event: ======'machine_var_audits_switches_s_launch'====== Args={'value': 302, 'prev_value': None, 'change': True}
2023-04-01 17:47:28,311 : INFO : EventManager : Event: ======'machine_var_audits_switches_s_left_flipper_1'====== Args={'value': 854, 'prev_value': None, 'change': True}
2023-04-01 17:47:28,312 : INFO : EventManager : Event: ======'machine_var_audits_switches_s_left_flipper_2'====== Args={'value': 608, 'prev_value': None, 'change': True}
2023-04-01 17:47:28,312 : INFO : EventManager : Event: ======'machine_var_audits_switches_s_lock_1'====== Args={'value': 1, 'prev_value': None, 'change': True}
2023-04-01 17:47:28,312 : INFO : EventManager : Event: ======'machine_var_audits_switches_s_lock_2'====== Args={'value': 1, 'prev_value': None, 'change': True}
2023-04-01 17:47:28,312 : INFO : EventManager : Event: ======'machine_var_audits_switches_s_lock_3'====== Args={'value': 1, 'prev_value': None, 'change': True}
2023-04-01 17:47:28,313 : INFO : EventManager : Event: ======'machine_var_audits_switches_s_outlane_left'====== Args={'value': 8, 'prev_value': None, 'change': True}
2023-04-01 17:47:28,313 : INFO : EventManager : Event: ======'machine_var_audits_switches_s_outlane_right'====== Args={'value': 12, 'prev_value': None, 'change': True}
2023-04-01 17:47:28,313 : INFO : EventManager : Event: ======'machine_var_audits_switches_s_pop_left'====== Args={'value': 72, 'prev_value': None, 'change': True}
2023-04-01 17:47:28,314 : INFO : EventManager : Event: ======'machine_var_audits_switches_s_pop_lower'====== Args={'value': 275, 'prev_value': None, 'change': True}
2023-04-01 17:47:28,314 : INFO : EventManager : Event: ======'machine_var_audits_switches_s_pop_right'====== Args={'value': 805, 'prev_value': None, 'change': True}
2023-04-01 17:47:28,314 : INFO : EventManager : Event: ======'machine_var_audits_switches_s_right_flipper_1'====== Args={'value': 1824, 'prev_value': None, 'change': True}
2023-04-01 17:47:28,315 : INFO : EventManager : Event: ======'machine_var_audits_switches_s_right_flipper_2'====== Args={'value': 1646, 'prev_value': None, 'change': True}
2023-04-01 17:47:28,315 : INFO : EventManager : Event: ======'machine_var_audits_switches_s_rollover_left'====== Args={'value': 43, 'prev_value': None, 'change': True}
2023-04-01 17:47:28,316 : INFO : EventManager : Event: ======'machine_var_audits_switches_s_rollover_right'====== Args={'value': 481, 'prev_value': None, 'change': True}
2023-04-01 17:47:28,316 : INFO : EventManager : Event: ======'machine_var_audits_switches_s_sling_left'====== Args={'value': 74, 'prev_value': None, 'change': True}
2023-04-01 17:47:28,316 : INFO : EventManager : Event: ======'machine_var_audits_switches_s_sling_right'====== Args={'value': 120, 'prev_value': None, 'change': True}
2023-04-01 17:47:28,317 : INFO : EventManager : Event: ======'machine_var_audits_switches_s_start'====== Args={'value': 64, 'prev_value': None, 'change': True}
2023-04-01 17:47:28,317 : INFO : EventManager : Event: ======'machine_var_audits_switches_s_tilt'====== Args={'value': 1531, 'prev_value': None, 'change': True}
2023-04-01 17:47:28,317 : INFO : EventManager : Event: ======'machine_var_audits_switches_s_trough_1'====== Args={'value': 0, 'prev_value': None, 'change': True}
2023-04-01 17:47:28,318 : INFO : EventManager : Event: ======'machine_var_audits_switches_s_trough_2'====== Args={'value': 202, 'prev_value': None, 'change': True}
2023-04-01 17:47:28,318 : INFO : EventManager : Event: ======'machine_var_audits_switches_s_trough_3'====== Args={'value': 187, 'prev_value': None, 'change': True}
2023-04-01 17:47:28,319 : INFO : EventManager : Event: ======'machine_var_audits_switches_s_trough_4'====== Args={'value': 183, 'prev_value': None, 'change': True}
2023-04-01 17:47:28,319 : INFO : EventManager : Event: ======'machine_var_audits_switches_s_trough_5'====== Args={'value': 134, 'prev_value': None, 'change': True}
2023-04-01 17:47:28,319 : INFO : EventManager : Event: ======'machine_var_audits_switches_s_trough_6'====== Args={'value': 126, 'prev_value': None, 'change': True}
2023-04-01 17:47:28,320 : INFO : EventManager : Event: ======'machine_var_audits_switches_s_trough_jam'====== Args={'value': 165, 'prev_value': None, 'change': True}
2023-04-01 17:47:28,320 : INFO : EventManager : Event: ======'machine_var_audits_switches_s_u_lane_l'====== Args={'value': 6, 'prev_value': None, 'change': True}
2023-04-01 17:47:28,320 : INFO : EventManager : Event: ======'machine_var_audits_switches_s_u_lane_r'====== Args={'value': 8, 'prev_value': None, 'change': True}
2023-04-01 17:47:28,321 : INFO : EventManager : Event: ======'machine_var_audits_switches_s_u_rollover'====== Args={'value': 2, 'prev_value': None, 'change': True}
2023-04-01 17:47:28,321 : INFO : EventManager : Event: ======'machine_var_audits_switches_s_u_target'====== Args={'value': 1, 'prev_value': None, 'change': True}
2023-04-01 17:47:28,322 : INFO : EventManager : Event: ======'machine_var_audits_switches_s_vuk_back'====== Args={'value': 240, 'prev_value': None, 'change': True}
2023-04-01 17:47:28,322 : INFO : EventManager : Event: ======'machine_var_audits_switches_s_vuk_right'====== Args={'value': 0, 'prev_value': None, 'change': True}
2023-04-01 17:47:28,349 : INFO : EventManager : Event: ======'init_phase_5'====== Args={}
2023-04-01 17:47:28,350 : INFO : EventManager : Event: ======'init_done'====== Args={}
2023-04-01 17:47:28,352 : INFO : EventManager : Event: ======'machine_reset_phase_1'====== Args={}
2023-04-01 17:47:28,352 : INFO : EventManager : Event: ======'machine_reset_phase_2'====== Args={}
2023-04-01 17:47:28,353 : INFO : EventManager : Event: ======'machine_reset_phase_3'====== Args={}
2023-04-01 17:47:28,353 : INFO : EventManager : Event: ======'reset_complete'====== Args={}
2023-04-01 17:47:28,354 : INFO : EventManager : Event: ======'mode_attract_will_start'====== Args={}
2023-04-01 17:47:28,355 : INFO : EventManager : Event: ======'mode_attract_starting'====== Args={}
2023-04-01 17:47:28,355 : INFO : Mode.attract : Started. Priority: 10
2023-04-01 17:47:28,355 : INFO : EventManager : Event: ======'modes_active_modes_changed'====== Args={}
2023-04-01 17:47:28,355 : INFO : EventManager : Event: ======'mode_attract_started'====== Args={}
2023-04-01 17:47:28,359 : INFO : EventManager : Event: ======'collecting_balls_complete'====== Args={}
2023-04-01 17:47:28,360 : INFO : Machine : Starting the main run loop.
2023-04-01 17:47:30,286 : INFO : SwitchController : <<<<<<< 's_start' active >>>>>>>
2023-04-01 17:47:30,468 : INFO : SwitchController : <<<<<<< 's_start' inactive >>>>>>>
2023-04-01 17:47:30,468 : INFO : EventManager : Event: ======'request_to_start_game'====== Args={}
2023-04-01 17:47:30,469 : INFO : EventManager : Event: ======'game_start'====== Args={'buttons': [], 'hold_time': 0.1810000000987202}
2023-04-01 17:47:30,469 : INFO : EventManager : Event: ======'mode_game_will_start'====== Args={'buttons': [], 'hold_time': 0.1810000000987202}
2023-04-01 17:47:30,470 : INFO : EventManager : Event: ======'mode_game_starting'====== Args={'buttons': [], 'hold_time': 0.1810000000987202}
2023-04-01 17:47:30,470 : INFO : EventManager : Event: ======'mode_attract_will_stop'====== Args={}
2023-04-01 17:47:30,470 : INFO : EventManager : Event: ======'mode_attract_stopping'====== Args={}
2023-04-01 17:47:30,470 : INFO : Mode.attract : Stopped.
2023-04-01 17:47:30,470 : INFO : EventManager : Event: ======'modes_active_modes_changed'====== Args={}
2023-04-01 17:47:30,473 : INFO : EventManager : Event: ======'mode_attract_stopped'====== Args={}
2023-04-01 17:47:30,473 : INFO : EventManager : Event: ======'clear'====== Args={'key': 'attract'}
2023-04-01 17:47:30,473 : INFO : Mode.game : Started. Priority: 20
2023-04-01 17:47:30,473 : INFO : EventManager : Event: ======'modes_active_modes_changed'====== Args={}
2023-04-01 17:47:30,473 : INFO : EventManager : Event: ======'mode_game_started'====== Args={'buttons': [], 'hold_time': 0.1810000000987202}
2023-04-01 17:47:30,474 : INFO : EventManager : Event: ======'game_will_start'====== Args={}
2023-04-01 17:47:30,475 : INFO : EventManager : Event: ======'game_starting'====== Args={'game': <Mode.game>}
2023-04-01 17:47:30,476 : INFO : EventManager : Event: ======'player_add_request'====== Args={}
2023-04-01 17:47:30,476 : INFO : EventManager : Event: ======'player_will_add'====== Args={'number': 1}
2023-04-01 17:47:30,476 : INFO : EventManager : Event: ======'player_adding'====== Args={'player': <Player 1>, 'number': 1}
2023-04-01 17:47:30,476 : INFO : EventManager : Event: ======'player_added'====== Args={'player': <Player 1>, 'num': 1}
2023-04-01 17:47:30,477 : INFO : Mode.game : Player added successfully. Total players: 1
2023-04-01 17:47:30,477 : INFO : EventManager : Event: ======'player_index'====== Args={'value': 0, 'prev_value': 0, 'change': 0, 'player_num': 1}
2023-04-01 17:47:30,477 : INFO : EventManager : Event: ======'player_number'====== Args={'value': 1, 'prev_value': 1, 'change': 0, 'player_num': 1}
2023-04-01 17:47:30,477 : INFO : EventManager : Event: ======'player_score'====== Args={'value': 0, 'prev_value': 0, 'change': 0, 'player_num': 1}
2023-04-01 17:47:30,478 : INFO : EventManager : Event: ======'game_started'====== Args={}
2023-04-01 17:47:30,509 : INFO : EventManager : Event: ======'player_turn_will_start'====== Args={'player': <Player 1>, 'number': 1}
2023-04-01 17:47:30,511 : INFO : EventManager : Event: ======'player_turn_starting'====== Args={'player': <Player 1>, 'number': 1}
2023-04-01 17:47:30,511 : INFO : EventManager : Event: ======'player_ball'====== Args={'value': 1, 'prev_value': 0, 'change': 1, 'player_num': 1}
2023-04-01 17:47:30,512 : INFO : EventManager : Event: ======'player_turn_started'====== Args={'player': <Player 1>, 'number': 1}
2023-04-01 17:47:30,512 : INFO : EventManager : Event: ======'ball_will_start'====== Args={'player': 1, 'ball': 1, 'balls_remaining': 2, 'is_extra_ball': False}
2023-04-01 17:47:30,513 : INFO : EventManager : Event: ======'ball_starting'====== Args={'player': 1, 'ball': 1, 'balls_remaining': 2, 'is_extra_ball': False}
2023-04-01 17:47:30,513 : INFO : EventManager : Event: ======'balls_in_play'====== Args={'balls': 1}
2023-04-01 17:47:30,514 : INFO : EventManager : Event: ======'ball_started'====== Args={'player': 1, 'ball': 1, 'balls_remaining': 2, 'is_extra_ball': False}
2023-04-01 17:47:30,514 : INFO : EventManager : Event: ======'mode_start_ball_save_will_start'====== Args={'player': 1, 'ball': 1, 'balls_remaining': 2, 'is_extra_ball': False}
2023-04-01 17:47:30,515 : INFO : EventManager : Event: ======'mode_start_ball_save_starting'====== Args={'player': 1, 'ball': 1, 'balls_remaining': 2, 'is_extra_ball': False}
2023-04-01 17:47:30,515 : INFO : drop_target_bank.single_main : All targets are already up. Will not reset bank.
2023-04-01 17:47:30,515 : INFO : drop_target_bank.mid : All targets are already up. Will not reset bank.
2023-04-01 17:47:30,515 : INFO : drop_target_bank.right : All targets are already up. Will not reset bank.
2023-04-01 17:47:30,517 : INFO : Mode.start_ball_save : Started. Priority: 100
2023-04-01 17:47:30,517 : INFO : EventManager : Event: ======'modes_active_modes_changed'====== Args={}
2023-04-01 17:47:30,517 : INFO : EventManager : Event: ======'mode_start_ball_save_started'====== Args={'player': 1, 'ball': 1, 'balls_remaining': 2, 'is_extra_ball': False}
2023-04-01 17:47:30,518 : INFO : EventManager : Event: ======'ball_save_ball_save_ball_save_enabled'====== Args={}
2023-04-01 17:47:30,519 : INFO : EventManager : Event: ======'single_player_ball_started'====== Args={}
2023-04-01 17:47:30,519 : INFO : EventManager : Event: ======'ball_start_target'====== Args={'target': 'playfield'}
2023-04-01 17:47:30,520 : INFO : ball_device.bd_plunger : Setting up player-controlled eject. Balls: 1, Target: <playfield.playfield>, player_controlled_eject_event: s_launch_active
2023-04-01 17:47:30,520 : INFO : EventManager : Event: ======'balldevice_balls_available'====== Args={}
2023-04-01 17:47:30,521 : INFO : ball_device.bd_trough : State: waiting_for_target_ready
2023-04-01 17:47:30,521 : INFO : EventManager : Event: ======'balldevice_bd_trough_ball_eject_attempt'====== Args={'balls': 1, 'target': <ball_device.bd_plunger>, 'source': <ball_device.bd_trough>, 'mechanical_eject': True, 'num_attempts': 0}
2023-04-01 17:47:30,521 : INFO : ball_device.bd_plunger : State: waiting_for_ball
2023-04-01 17:47:30,522 : INFO : ball_device.bd_vuk_back : State: waiting_for_ball
2023-04-01 17:47:30,522 : INFO : ball_device.bd_trough : State: ejecting
2023-04-01 17:47:30,522 : INFO : ball_device.bd_trough : Ejecting ball to <ball_device.bd_plunger>
2023-04-01 17:47:30,523 : INFO : EventManager : Event: ======'balldevice_bd_trough_ejecting_ball'====== Args={'balls': 1, 'target': <ball_device.bd_plunger>, 'source': <ball_device.bd_trough>, 'mechanical_eject': True, 'num_attempts': 0}
2023-04-01 17:47:30,544 : INFO : ball_device.bd_trough : Wait for ball to leave device
2023-04-01 17:47:30,545 : INFO : coil.c_trough : Pulsing Driver for 20ms (0.8 pulse_power)
2023-04-01 17:47:35,723 : INFO : BcpServer : New client connected.
2023-04-01 17:47:40,547 : INFO : EventManager : Event: ======'balldevice_bd_trough_ball_eject_failed'====== Args={'target': <ball_device.bd_plunger>, 'balls': 1, 'retry': True, 'num_attempts': 1}
2023-04-01 17:47:40,548 : INFO : ball_device.bd_trough : State: waiting_for_target_ready
2023-04-01 17:47:40,548 : INFO : EventManager : Event: ======'balldevice_bd_trough_ball_eject_attempt'====== Args={'balls': 1, 'target': <ball_device.bd_plunger>, 'source': <ball_device.bd_trough>, 'mechanical_eject': True, 'num_attempts': 1}
2023-04-01 17:47:40,549 : INFO : ball_device.bd_trough : State: ejecting
2023-04-01 17:47:40,549 : INFO : ball_device.bd_trough : Ejecting ball to <ball_device.bd_plunger>
2023-04-01 17:47:40,549 : INFO : EventManager : Event: ======'balldevice_bd_trough_ejecting_ball'====== Args={'balls': 1, 'target': <ball_device.bd_plunger>, 'source': <ball_device.bd_trough>, 'mechanical_eject': True, 'num_attempts': 1}
2023-04-01 17:47:40,550 : INFO : ball_device.bd_trough : Wait for ball to leave device
2023-04-01 17:47:40,550 : INFO : coil.c_trough : Pulsing Driver for 20ms (0.8 pulse_power)
2023-04-01 17:47:50,551 : INFO : EventManager : Event: ======'balldevice_bd_trough_ball_eject_failed'====== Args={'target': <ball_device.bd_plunger>, 'balls': 1, 'retry': True, 'num_attempts': 2}
2023-04-01 17:47:50,552 : INFO : ball_device.bd_trough : State: waiting_for_target_ready
2023-04-01 17:47:50,552 : INFO : EventManager : Event: ======'balldevice_bd_trough_ball_eject_attempt'====== Args={'balls': 1, 'target': <ball_device.bd_plunger>, 'source': <ball_device.bd_trough>, 'mechanical_eject': True, 'num_attempts': 2}
2023-04-01 17:47:50,553 : INFO : ball_device.bd_trough : State: ejecting
2023-04-01 17:47:50,553 : INFO : ball_device.bd_trough : Ejecting ball to <ball_device.bd_plunger>
2023-04-01 17:47:50,553 : INFO : EventManager : Event: ======'balldevice_bd_trough_ejecting_ball'====== Args={'balls': 1, 'target': <ball_device.bd_plunger>, 'source': <ball_device.bd_trough>, 'mechanical_eject': True, 'num_attempts': 2}
2023-04-01 17:47:50,554 : INFO : ball_device.bd_trough : Wait for ball to leave device
2023-04-01 17:47:50,555 : INFO : coil.c_trough : Pulsing Driver for 20ms (0.8 pulse_power)
2023-04-01 17:48:00,556 : INFO : EventManager : Event: ======'balldevice_bd_trough_ball_eject_failed'====== Args={'target': <ball_device.bd_plunger>, 'balls': 1, 'retry': True, 'num_attempts': 3}
2023-04-01 17:48:00,557 : INFO : ball_device.bd_trough : State: waiting_for_target_ready
2023-04-01 17:48:00,557 : INFO : EventManager : Event: ======'balldevice_bd_trough_ball_eject_attempt'====== Args={'balls': 1, 'target': <ball_device.bd_plunger>, 'source': <ball_device.bd_trough>, 'mechanical_eject': True, 'num_attempts': 3}
2023-04-01 17:48:00,558 : INFO : ball_device.bd_trough : State: ejecting
2023-04-01 17:48:00,558 : INFO : ball_device.bd_trough : Ejecting ball to <ball_device.bd_plunger>
2023-04-01 17:48:00,558 : INFO : EventManager : Event: ======'balldevice_bd_trough_ejecting_ball'====== Args={'balls': 1, 'target': <ball_device.bd_plunger>, 'source': <ball_device.bd_trough>, 'mechanical_eject': True, 'num_attempts': 3}
2023-04-01 17:48:00,559 : INFO : ball_device.bd_trough : Wait for ball to leave device
2023-04-01 17:48:00,559 : INFO : coil.c_trough : Pulsing Driver for 20ms (0.8 pulse_power)
2023-04-01 17:48:10,560 : INFO : EventManager : Event: ======'balldevice_bd_trough_ball_eject_failed'====== Args={'target': <ball_device.bd_plunger>, 'balls': 1, 'retry': True, 'num_attempts': 4}
2023-04-01 17:48:10,561 : INFO : ball_device.bd_trough : State: waiting_for_target_ready
2023-04-01 17:48:10,561 : INFO : EventManager : Event: ======'balldevice_bd_trough_ball_eject_attempt'====== Args={'balls': 1, 'target': <ball_device.bd_plunger>, 'source': <ball_device.bd_trough>, 'mechanical_eject': True, 'num_attempts': 4}
2023-04-01 17:48:10,561 : INFO : ball_device.bd_trough : State: ejecting
2023-04-01 17:48:10,561 : INFO : ball_device.bd_trough : Ejecting ball to <ball_device.bd_plunger>
2023-04-01 17:48:10,561 : INFO : EventManager : Event: ======'balldevice_bd_trough_ejecting_ball'====== Args={'balls': 1, 'target': <ball_device.bd_plunger>, 'source': <ball_device.bd_trough>, 'mechanical_eject': True, 'num_attempts': 4}
2023-04-01 17:48:10,562 : INFO : ball_device.bd_trough : Wait for ball to leave device
2023-04-01 17:48:10,562 : INFO : coil.c_trough : Pulsing Driver for 20ms (0.8 pulse_power)
2023-04-01 17:48:20,563 : INFO : EventManager : Event: ======'balldevice_bd_trough_ball_eject_failed'====== Args={'target': <ball_device.bd_plunger>, 'balls': 1, 'retry': True, 'num_attempts': 5}
2023-04-01 17:48:20,564 : INFO : ball_device.bd_trough : State: waiting_for_target_ready
2023-04-01 17:48:20,564 : INFO : EventManager : Event: ======'balldevice_bd_trough_ball_eject_attempt'====== Args={'balls': 1, 'target': <ball_device.bd_plunger>, 'source': <ball_device.bd_trough>, 'mechanical_eject': True, 'num_attempts': 5}
2023-04-01 17:48:20,564 : INFO : ball_device.bd_trough : State: ejecting
2023-04-01 17:48:20,565 : INFO : ball_device.bd_trough : Ejecting ball to <ball_device.bd_plunger>
2023-04-01 17:48:20,565 : INFO : EventManager : Event: ======'balldevice_bd_trough_ejecting_ball'====== Args={'balls': 1, 'target': <ball_device.bd_plunger>, 'source': <ball_device.bd_trough>, 'mechanical_eject': True, 'num_attempts': 5}
2023-04-01 17:48:20,565 : INFO : ball_device.bd_trough : Wait for ball to leave device
2023-04-01 17:48:20,565 : INFO : coil.c_trough : Pulsing Driver for 20ms (0.8 pulse_power)
2023-04-01 17:48:30,566 : INFO : EventManager : Event: ======'balldevice_bd_trough_ball_eject_failed'====== Args={'target': <ball_device.bd_plunger>, 'balls': 1, 'retry': True, 'num_attempts': 6}
2023-04-01 17:48:30,568 : INFO : ball_device.bd_trough : State: waiting_for_target_ready
2023-04-01 17:48:30,568 : INFO : EventManager : Event: ======'balldevice_bd_trough_ball_eject_attempt'====== Args={'balls': 1, 'target': <ball_device.bd_plunger>, 'source': <ball_device.bd_trough>, 'mechanical_eject': True, 'num_attempts': 6}
2023-04-01 17:48:30,568 : INFO : ball_device.bd_trough : State: ejecting
2023-04-01 17:48:30,568 : INFO : ball_device.bd_trough : Ejecting ball to <ball_device.bd_plunger>
2023-04-01 17:48:30,568 : INFO : EventManager : Event: ======'balldevice_bd_trough_ejecting_ball'====== Args={'balls': 1, 'target': <ball_device.bd_plunger>, 'source': <ball_device.bd_trough>, 'mechanical_eject': True, 'num_attempts': 6}
2023-04-01 17:48:30,569 : INFO : ball_device.bd_trough : Wait for ball to leave device
2023-04-01 17:48:30,569 : INFO : coil.c_trough : Pulsing Driver for 20ms (0.8 pulse_power)
2023-04-01 17:48:40,569 : INFO : EventManager : Event: ======'balldevice_bd_trough_ball_eject_failed'====== Args={'target': <ball_device.bd_plunger>, 'balls': 1, 'retry': True, 'num_attempts': 7}
2023-04-01 17:48:40,569 : INFO : ball_device.bd_trough : State: waiting_for_target_ready
2023-04-01 17:48:40,569 : INFO : EventManager : Event: ======'balldevice_bd_trough_ball_eject_attempt'====== Args={'balls': 1, 'target': <ball_device.bd_plunger>, 'source': <ball_device.bd_trough>, 'mechanical_eject': True, 'num_attempts': 7}
2023-04-01 17:48:40,570 : INFO : ball_device.bd_trough : State: ejecting
2023-04-01 17:48:40,570 : INFO : ball_device.bd_trough : Ejecting ball to <ball_device.bd_plunger>
2023-04-01 17:48:40,570 : INFO : EventManager : Event: ======'balldevice_bd_trough_ejecting_ball'====== Args={'balls': 1, 'target': <ball_device.bd_plunger>, 'source': <ball_device.bd_trough>, 'mechanical_eject': True, 'num_attempts': 7}
2023-04-01 17:48:40,570 : INFO : ball_device.bd_trough : Wait for ball to leave device
2023-04-01 17:48:40,571 : INFO : coil.c_trough : Pulsing Driver for 20ms (0.8 pulse_power)
2023-04-01 17:48:50,572 : INFO : EventManager : Event: ======'balldevice_bd_trough_ball_eject_failed'====== Args={'target': <ball_device.bd_plunger>, 'balls': 1, 'retry': True, 'num_attempts': 8}
2023-04-01 17:48:50,572 : INFO : ball_device.bd_trough : State: waiting_for_target_ready
2023-04-01 17:48:50,572 : INFO : EventManager : Event: ======'balldevice_bd_trough_ball_eject_attempt'====== Args={'balls': 1, 'target': <ball_device.bd_plunger>, 'source': <ball_device.bd_trough>, 'mechanical_eject': True, 'num_attempts': 8}
2023-04-01 17:48:50,573 : INFO : ball_device.bd_trough : State: ejecting
2023-04-01 17:48:50,573 : INFO : ball_device.bd_trough : Ejecting ball to <ball_device.bd_plunger>
2023-04-01 17:48:50,573 : INFO : EventManager : Event: ======'balldevice_bd_trough_ejecting_ball'====== Args={'balls': 1, 'target': <ball_device.bd_plunger>, 'source': <ball_device.bd_trough>, 'mechanical_eject': True, 'num_attempts': 8}
2023-04-01 17:48:50,574 : INFO : ball_device.bd_trough : Wait for ball to leave device
2023-04-01 17:48:50,575 : INFO : coil.c_trough : Pulsing Driver for 20ms (0.8 pulse_power)
2023-04-01 17:49:00,575 : INFO : EventManager : Event: ======'balldevice_bd_trough_ball_eject_failed'====== Args={'target': <ball_device.bd_plunger>, 'balls': 1, 'retry': True, 'num_attempts': 9}
2023-04-01 17:49:00,576 : INFO : ball_device.bd_trough : State: waiting_for_target_ready
2023-04-01 17:49:00,576 : INFO : EventManager : Event: ======'balldevice_bd_trough_ball_eject_attempt'====== Args={'balls': 1, 'target': <ball_device.bd_plunger>, 'source': <ball_device.bd_trough>, 'mechanical_eject': True, 'num_attempts': 9}
2023-04-01 17:49:00,577 : INFO : ball_device.bd_trough : State: ejecting
2023-04-01 17:49:00,577 : INFO : ball_device.bd_trough : Ejecting ball to <ball_device.bd_plunger>
2023-04-01 17:49:00,577 : INFO : EventManager : Event: ======'balldevice_bd_trough_ejecting_ball'====== Args={'balls': 1, 'target': <ball_device.bd_plunger>, 'source': <ball_device.bd_trough>, 'mechanical_eject': True, 'num_attempts': 9}
2023-04-01 17:49:00,577 : INFO : ball_device.bd_trough : Wait for ball to leave device
2023-04-01 17:49:00,578 : INFO : coil.c_trough : Pulsing Driver for 20ms (0.8 pulse_power)
2023-04-01 17:49:10,579 : INFO : EventManager : Event: ======'balldevice_bd_trough_ball_eject_failed'====== Args={'target': <ball_device.bd_plunger>, 'balls': 1, 'retry': True, 'num_attempts': 10}
2023-04-01 17:49:10,580 : INFO : ball_device.bd_trough : State: waiting_for_target_ready
2023-04-01 17:49:10,580 : INFO : EventManager : Event: ======'balldevice_bd_trough_ball_eject_attempt'====== Args={'balls': 1, 'target': <ball_device.bd_plunger>, 'source': <ball_device.bd_trough>, 'mechanical_eject': True, 'num_attempts': 10}
2023-04-01 17:49:10,580 : INFO : ball_device.bd_trough : State: ejecting
2023-04-01 17:49:10,580 : INFO : ball_device.bd_trough : Ejecting ball to <ball_device.bd_plunger>
2023-04-01 17:49:10,580 : INFO : EventManager : Event: ======'balldevice_bd_trough_ejecting_ball'====== Args={'balls': 1, 'target': <ball_device.bd_plunger>, 'source': <ball_device.bd_trough>, 'mechanical_eject': True, 'num_attempts': 10}
2023-04-01 17:49:10,581 : INFO : ball_device.bd_trough : Wait for ball to leave device
2023-04-01 17:49:10,581 : INFO : coil.c_trough : Pulsing Driver for 20ms (0.8 pulse_power)
2023-04-01 17:49:20,582 : INFO : EventManager : Event: ======'balldevice_bd_trough_ball_eject_failed'====== Args={'target': <ball_device.bd_plunger>, 'balls': 1, 'retry': True, 'num_attempts': 11}
2023-04-01 17:49:20,583 : INFO : ball_device.bd_trough : State: waiting_for_target_ready
2023-04-01 17:49:20,583 : INFO : EventManager : Event: ======'balldevice_bd_trough_ball_eject_attempt'====== Args={'balls': 1, 'target': <ball_device.bd_plunger>, 'source': <ball_device.bd_trough>, 'mechanical_eject': True, 'num_attempts': 11}
2023-04-01 17:49:20,583 : INFO : ball_device.bd_trough : State: ejecting
2023-04-01 17:49:20,583 : INFO : ball_device.bd_trough : Ejecting ball to <ball_device.bd_plunger>
2023-04-01 17:49:20,583 : INFO : EventManager : Event: ======'balldevice_bd_trough_ejecting_ball'====== Args={'balls': 1, 'target': <ball_device.bd_plunger>, 'source': <ball_device.bd_trough>, 'mechanical_eject': True, 'num_attempts': 11}
2023-04-01 17:49:20,584 : INFO : ball_device.bd_trough : Wait for ball to leave device
2023-04-01 17:49:20,585 : INFO : coil.c_trough : Pulsing Driver for 20ms (0.8 pulse_power)
2023-04-01 17:49:23,677 : INFO : SwitchController : <<<<<<< 's_vuk_back' active >>>>>>>
2023-04-01 17:49:23,677 : INFO : EventManager : Event: ======'machine_var_audits_switches_s_vuk_back'====== Args={'value': 241, 'prev_value': 240, 'change': 1}
2023-04-01 17:49:23,711 : INFO : SwitchController : <<<<<<< 's_trough_jam' active >>>>>>>
2023-04-01 17:49:23,712 : INFO : EventManager : Event: ======'machine_var_audits_switches_s_trough_jam'====== Args={'value': 166, 'prev_value': 165, 'change': 1}
2023-04-01 17:49:23,717 : INFO : SwitchController : <<<<<<< 's_right_flipper_1' active >>>>>>>
2023-04-01 17:49:23,717 : INFO : EventManager : Event: ======'machine_var_audits_switches_s_right_flipper_1'====== Args={'value': 1825, 'prev_value': 1824, 'change': 1}
2023-04-01 17:49:23,717 : INFO : SwitchController : <<<<<<< 's_left_flipper_1' active >>>>>>>
2023-04-01 17:49:23,717 : INFO : EventManager : Event: ======'flipper_cancel'====== Args={'triggering_group': 1, 'triggering_switch': 's_left_flipper_1'}
2023-04-01 17:49:23,718 : INFO : EventManager : Event: ======'machine_var_audits_switches_s_left_flipper_1'====== Args={'value': 855, 'prev_value': 854, 'change': 1}
2023-04-01 17:49:23,718 : INFO : SwitchController : <<<<<<< 's_sling_right' active >>>>>>>
2023-04-01 17:49:23,718 : INFO : EventManager : Event: ======'playfield_active'====== Args={}
2023-04-01 17:49:23,718 : INFO : EventManager : Event: ======'unexpected_ball_on_playfield'====== Args={}
2023-04-01 17:49:23,719 : INFO : EventManager : Event: ======'machine_var_audits_switches_s_sling_right'====== Args={'value': 121, 'prev_value': 120, 'change': 1}
2023-04-01 17:49:23,719 : INFO : SwitchController : <<<<<<< 's_pop_lower' active >>>>>>>
2023-04-01 17:49:23,719 : INFO : EventManager : Event: ======'playfield_active'====== Args={}
2023-04-01 17:49:23,719 : INFO : EventManager : Event: ======'unexpected_ball_on_playfield'====== Args={}
2023-04-01 17:49:23,719 : INFO : EventManager : Event: ======'machine_var_audits_switches_s_pop_lower'====== Args={'value': 276, 'prev_value': 275, 'change': 1}
2023-04-01 17:49:23,720 : INFO : SwitchController : <<<<<<< 's_sling_left' active >>>>>>>
2023-04-01 17:49:23,720 : INFO : EventManager : Event: ======'playfield_active'====== Args={}
2023-04-01 17:49:23,720 : INFO : EventManager : Event: ======'unexpected_ball_on_playfield'====== Args={}
2023-04-01 17:49:23,720 : INFO : EventManager : Event: ======'machine_var_audits_switches_s_sling_left'====== Args={'value': 75, 'prev_value': 74, 'change': 1}
2023-04-01 17:49:23,721 : INFO : SwitchController : <<<<<<< 's_pop_left' active >>>>>>>
2023-04-01 17:49:23,721 : INFO : EventManager : Event: ======'playfield_active'====== Args={}
2023-04-01 17:49:23,721 : INFO : EventManager : Event: ======'unexpected_ball_on_playfield'====== Args={}
2023-04-01 17:49:23,721 : INFO : EventManager : Event: ======'machine_var_audits_switches_s_pop_left'====== Args={'value': 73, 'prev_value': 72, 'change': 1}
2023-04-01 17:49:23,722 : INFO : SwitchController : <<<<<<< 's_pop_right' active >>>>>>>
2023-04-01 17:49:23,722 : INFO : EventManager : Event: ======'playfield_active'====== Args={}
2023-04-01 17:49:23,722 : INFO : EventManager : Event: ======'unexpected_ball_on_playfield'====== Args={}
2023-04-01 17:49:23,722 : INFO : EventManager : Event: ======'machine_var_audits_switches_s_pop_right'====== Args={'value': 806, 'prev_value': 805, 'change': 1}
2023-04-01 17:49:23,722 : INFO : SwitchController : <<<<<<< 's_b_pop' active >>>>>>>
2023-04-01 17:49:23,722 : INFO : EventManager : Event: ======'playfield_active'====== Args={}
2023-04-01 17:49:23,723 : INFO : EventManager : Event: ======'unexpected_ball_on_playfield'====== Args={}
2023-04-01 17:49:23,723 : INFO : EventManager : Event: ======'machine_var_audits_switches_s_b_pop'====== Args={'value': 198, 'prev_value': 197, 'change': 1}
2023-04-01 17:49:23,723 : INFO : SwitchController : <<<<<<< 's_right_flipper_2' active >>>>>>>
2023-04-01 17:49:23,723 : INFO : EventManager : Event: ======'machine_var_audits_switches_s_right_flipper_2'====== Args={'value': 1647, 'prev_value': 1646, 'change': 1}
2023-04-01 17:49:23,724 : INFO : SwitchController : <<<<<<< 's_launch' active >>>>>>>
2023-04-01 17:49:23,724 : INFO : EventManager : Event: ======'machine_var_audits_switches_s_launch'====== Args={'value': 303, 'prev_value': 302, 'change': 1}
2023-04-01 17:49:23,724 : INFO : SwitchController : <<<<<<< 's_tilt' active >>>>>>>
2023-04-01 17:49:23,724 : INFO : EventManager : Event: ======'machine_var_audits_switches_s_tilt'====== Args={'value': 1532, 'prev_value': 1531, 'change': 1}
2023-04-01 17:49:23,725 : INFO : SwitchController : <<<<<<< 's_start' active >>>>>>>
2023-04-01 17:49:23,725 : INFO : EventManager : Event: ======'sw_start'====== Args={}
2023-04-01 17:49:23,725 : INFO : EventManager : Event: ======'machine_var_audits_switches_s_start'====== Args={'value': 65, 'prev_value': 64, 'change': 1}
2023-04-01 17:49:23,725 : INFO : SwitchController : <<<<<<< 's_l_target_left' active >>>>>>>
2023-04-01 17:49:23,726 : INFO : EventManager : Event: ======'sw_playfield_active'====== Args={}
2023-04-01 17:49:23,726 : INFO : EventManager : Event: ======'machine_var_audits_switches_s_l_target_left'====== Args={'value': 4, 'prev_value': 3, 'change': 1}
2023-04-01 17:49:23,726 : INFO : SwitchController : <<<<<<< 's_l_target_right' active >>>>>>>
2023-04-01 17:49:23,726 : INFO : EventManager : Event: ======'sw_playfield_active'====== Args={}
2023-04-01 17:49:23,727 : INFO : EventManager : Event: ======'machine_var_audits_switches_s_l_target_right'====== Args={'value': 3, 'prev_value': 2, 'change': 1}
2023-04-01 17:49:23,727 : INFO : SwitchController : <<<<<<< 's_l_target_far' active >>>>>>>
2023-04-01 17:49:23,727 : INFO : EventManager : Event: ======'sw_playfield_active'====== Args={}
2023-04-01 17:49:23,727 : INFO : EventManager : Event: ======'machine_var_audits_switches_s_l_target_far'====== Args={'value': 3, 'prev_value': 2, 'change': 1}
2023-04-01 17:49:23,728 : INFO : SwitchController : <<<<<<< 's_l_target_large' active >>>>>>>
2023-04-01 17:49:23,728 : INFO : EventManager : Event: ======'sw_playfield_active'====== Args={}
2023-04-01 17:49:23,728 : INFO : EventManager : Event: ======'machine_var_audits_switches_s_l_target_large'====== Args={'value': 3, 'prev_value': 2, 'change': 1}
2023-04-01 17:49:23,728 : INFO : SwitchController : <<<<<<< 's_l_rollover' active >>>>>>>
2023-04-01 17:49:23,728 : INFO : EventManager : Event: ======'sw_playfield_active'====== Args={}
2023-04-01 17:49:23,728 : INFO : EventManager : Event: ======'machine_var_audits_switches_s_l_rollover'====== Args={'value': 3, 'prev_value': 2, 'change': 1}
2023-04-01 17:49:23,729 : INFO : SwitchController : <<<<<<< 's_trough_2' inactive >>>>>>>
2023-04-01 17:49:23,729 : INFO : SwitchController : <<<<<<< 's_trough_1' inactive >>>>>>>
2023-04-01 17:49:23,729 : INFO : SwitchController : <<<<<<< 's_trough_jam' inactive >>>>>>>
2023-04-01 17:49:23,729 : INFO : SwitchController : <<<<<<< 's_autolauncher' active >>>>>>>
2023-04-01 17:49:23,729 : INFO : EventManager : Event: ======'machine_var_audits_switches_s_autolauncher'====== Args={'value': 252, 'prev_value': 251, 'change': 1}
2023-04-01 17:49:23,730 : INFO : SwitchController : <<<<<<< 's_drop_scoop' inactive >>>>>>>
2023-04-01 17:49:23,730 : INFO : SwitchController : <<<<<<< 's_drop_mid_left' active >>>>>>>
2023-04-01 17:49:23,730 : INFO : EventManager : Event: ======'playfield_active'====== Args={}
2023-04-01 17:49:23,730 : INFO : EventManager : Event: ======'unexpected_ball_on_playfield'====== Args={}
2023-04-01 17:49:23,730 : INFO : EventManager : Event: ======'drop_target_mid_left_down'====== Args={'device': <drop_target.mid_left>}
2023-04-01 17:49:23,730 : INFO : EventManager : Event: ======'drop_target_bank_mid_mixed'====== Args={'prev_value': <DropTargetBankState.UP: 'up'>, 'down': 1}
2023-04-01 17:49:23,731 : INFO : EventManager : Event: ======'machine_var_audits_switches_s_drop_mid_left'====== Args={'value': 43, 'prev_value': 42, 'change': 1}
2023-04-01 17:49:23,731 : INFO : SwitchController : <<<<<<< 's_drop_mid_center' active >>>>>>>
2023-04-01 17:49:23,731 : INFO : EventManager : Event: ======'playfield_active'====== Args={}
2023-04-01 17:49:23,731 : INFO : EventManager : Event: ======'unexpected_ball_on_playfield'====== Args={}
2023-04-01 17:49:23,732 : INFO : EventManager : Event: ======'drop_target_mid_mid_down'====== Args={'device': <drop_target.mid_mid>}
2023-04-01 17:49:23,732 : INFO : EventManager : Event: ======'drop_target_bank_mid_mixed'====== Args={'prev_value': <DropTargetBankState.MIXED: 'mixed'>, 'down': 2}
2023-04-01 17:49:23,732 : INFO : EventManager : Event: ======'machine_var_audits_switches_s_drop_mid_center'====== Args={'value': 52, 'prev_value': 51, 'change': 1}
2023-04-01 17:49:23,733 : INFO : SwitchController : <<<<<<< 's_drop_mid_right' active >>>>>>>
2023-04-01 17:49:23,733 : INFO : EventManager : Event: ======'playfield_active'====== Args={}
2023-04-01 17:49:23,733 : INFO : EventManager : Event: ======'unexpected_ball_on_playfield'====== Args={}
2023-04-01 17:49:23,733 : INFO : EventManager : Event: ======'drop_target_mid_right_down'====== Args={'device': <drop_target.mid_right>}
2023-04-01 17:49:23,733 : INFO : EventManager : Event: ======'drop_target_bank_mid_down'====== Args={}
2023-04-01 17:49:23,734 : INFO : EventManager : Event: ======'machine_var_audits_switches_s_drop_mid_right'====== Args={'value': 45, 'prev_value': 44, 'change': 1}
2023-04-01 17:49:23,734 : INFO : SwitchController : <<<<<<< 's_drop_right_right' active >>>>>>>
2023-04-01 17:49:23,734 : INFO : EventManager : Event: ======'playfield_active'====== Args={}
2023-04-01 17:49:23,734 : INFO : EventManager : Event: ======'unexpected_ball_on_playfield'====== Args={}
2023-04-01 17:49:23,734 : INFO : EventManager : Event: ======'drop_target_right_right_down'====== Args={'device': <drop_target.right_right>}
2023-04-01 17:49:23,735 : INFO : EventManager : Event: ======'drop_target_bank_right_mixed'====== Args={'prev_value': <DropTargetBankState.UP: 'up'>, 'down': 1}
2023-04-01 17:49:23,735 : INFO : EventManager : Event: ======'machine_var_audits_switches_s_drop_right_right'====== Args={'value': 15, 'prev_value': 14, 'change': 1}
2023-04-01 17:49:23,735 : INFO : SwitchController : <<<<<<< 's_drop_right_left' active >>>>>>>
2023-04-01 17:49:23,735 : INFO : EventManager : Event: ======'playfield_active'====== Args={}
2023-04-01 17:49:23,735 : INFO : EventManager : Event: ======'unexpected_ball_on_playfield'====== Args={}
2023-04-01 17:49:23,736 : INFO : EventManager : Event: ======'drop_target_right_left_down'====== Args={'device': <drop_target.right_left>}
2023-04-01 17:49:23,736 : INFO : EventManager : Event: ======'drop_target_bank_right_down'====== Args={}
2023-04-01 17:49:23,736 : INFO : EventManager : Event: ======'machine_var_audits_switches_s_drop_right_left'====== Args={'value': 12, 'prev_value': 11, 'change': 1}
2023-04-01 17:49:23,736 : INFO : SwitchController : <<<<<<< 's_drop_single' active >>>>>>>
2023-04-01 17:49:23,736 : INFO : EventManager : Event: ======'playfield_active'====== Args={}
2023-04-01 17:49:23,737 : INFO : EventManager : Event: ======'unexpected_ball_on_playfield'====== Args={}
2023-04-01 17:49:23,737 : INFO : EventManager : Event: ======'drop_target_d_drop_single_down'====== Args={'device': <drop_target.d_drop_single>}
2023-04-01 17:49:23,738 : INFO : EventManager : Event: ======'drop_target_bank_single_main_down'====== Args={}
2023-04-01 17:49:23,738 : INFO : EventManager : Event: ======'machine_var_audits_switches_s_drop_single'====== Args={'value': 18, 'prev_value': 17, 'change': 1}
2023-04-01 17:49:23,738 : INFO : SwitchController : <<<<<<< 's_rollover_right' active >>>>>>>
2023-04-01 17:49:23,738 : INFO : EventManager : Event: ======'machine_var_audits_switches_s_rollover_right'====== Args={'value': 482, 'prev_value': 481, 'change': 1}
2023-04-01 17:49:23,739 : INFO : SwitchController : <<<<<<< 's_rollover_left' active >>>>>>>
2023-04-01 17:49:23,739 : INFO : EventManager : Event: ======'machine_var_audits_switches_s_rollover_left'====== Args={'value': 44, 'prev_value': 43, 'change': 1}
2023-04-01 17:49:23,739 : INFO : SwitchController : <<<<<<< 's_vuk_back' inactive >>>>>>>
2023-04-01 17:49:23,739 : INFO : SwitchController : <<<<<<< 's_b_rollover_loop' active >>>>>>>
2023-04-01 17:49:23,739 : INFO : EventManager : Event: ======'machine_var_audits_switches_s_b_rollover_loop'====== Args={'value': 9, 'prev_value': 8, 'change': 1}
2023-04-01 17:49:23,740 : INFO : SwitchController : <<<<<<< 's_u_rollover' active >>>>>>>
2023-04-01 17:49:23,740 : INFO : EventManager : Event: ======'machine_var_audits_switches_s_u_rollover'====== Args={'value': 3, 'prev_value': 2, 'change': 1}
2023-04-01 17:49:23,740 : INFO : SwitchController : <<<<<<< 's_u_lane_l' active >>>>>>>
2023-04-01 17:49:23,740 : INFO : EventManager : Event: ======'machine_var_audits_switches_s_u_lane_l'====== Args={'value': 7, 'prev_value': 6, 'change': 1}
2023-04-01 17:49:23,755 : INFO : EventManager : Event: ======'player_add_request'====== Args={}
2023-04-01 17:49:23,756 : INFO : EventManager : Event: ======'playfield_active'====== Args={}
2023-04-01 17:49:23,756 : INFO : EventManager : Event: ======'unexpected_ball_on_playfield'====== Args={}
2023-04-01 17:49:23,756 : INFO : EventManager : Event: ======'playfield_active'====== Args={}
2023-04-01 17:49:23,756 : INFO : EventManager : Event: ======'unexpected_ball_on_playfield'====== Args={}
2023-04-01 17:49:23,756 : INFO : EventManager : Event: ======'playfield_active'====== Args={}
2023-04-01 17:49:23,756 : INFO : EventManager : Event: ======'unexpected_ball_on_playfield'====== Args={}
2023-04-01 17:49:23,756 : INFO : EventManager : Event: ======'playfield_active'====== Args={}
2023-04-01 17:49:23,756 : INFO : EventManager : Event: ======'unexpected_ball_on_playfield'====== Args={}
2023-04-01 17:49:23,756 : INFO : EventManager : Event: ======'playfield_active'====== Args={}
2023-04-01 17:49:23,757 : INFO : EventManager : Event: ======'unexpected_ball_on_playfield'====== Args={}
2023-04-01 17:49:23,757 : INFO : EventManager : Event: ======'player_will_add'====== Args={'number': 2}
2023-04-01 17:49:23,757 : INFO : EventManager : Event: ======'player_adding'====== Args={'player': <Player 2>, 'number': 2}
2023-04-01 17:49:23,757 : INFO : EventManager : Event: ======'player_added'====== Args={'player': <Player 2>, 'num': 2}
2023-04-01 17:49:23,757 : INFO : Mode.game : Player added successfully. Total players: 2
2023-04-01 17:49:23,757 : INFO : EventManager : Event: ======'multiplayer_game'====== Args={}
2023-04-01 17:49:23,757 : INFO : EventManager : Event: ======'player_index'====== Args={'value': 1, 'prev_value': 1, 'change': 0, 'player_num': 2}
2023-04-01 17:49:23,758 : INFO : EventManager : Event: ======'player_number'====== Args={'value': 2, 'prev_value': 2, 'change': 0, 'player_num': 2}
2023-04-01 17:49:23,758 : INFO : EventManager : Event: ======'player_score'====== Args={'value': 0, 'prev_value': 0, 'change': 0, 'player_num': 2}
2023-04-01 17:49:23,759 : INFO : SwitchController : <<<<<<< 's_b_rollover_misc' active >>>>>>>
2023-04-01 17:49:23,759 : INFO : EventManager : Event: ======'machine_var_audits_switches_s_b_rollover_misc'====== Args={'value': 18, 'prev_value': 17, 'change': 1}
2023-04-01 17:49:23,760 : INFO : SwitchController : <<<<<<< 's_b_target_left' active >>>>>>>
2023-04-01 17:49:23,760 : INFO : EventManager : Event: ======'machine_var_audits_switches_s_b_target_left'====== Args={'value': 9, 'prev_value': 8, 'change': 1}
2023-04-01 17:49:23,760 : INFO : SwitchController : <<<<<<< 's_u_target' active >>>>>>>
2023-04-01 17:49:23,760 : INFO : EventManager : Event: ======'machine_var_audits_switches_s_u_target'====== Args={'value': 2, 'prev_value': 1, 'change': 1}
2023-04-01 17:49:23,761 : INFO : SwitchController : <<<<<<< 's_u_lane_r' active >>>>>>>
2023-04-01 17:49:23,761 : INFO : EventManager : Event: ======'machine_var_audits_switches_s_u_lane_r'====== Args={'value': 9, 'prev_value': 8, 'change': 1}
2023-04-01 17:49:23,761 : INFO : SwitchController : <<<<<<< 's_b_rollover_interchange' active >>>>>>>
2023-04-01 17:49:23,761 : INFO : EventManager : Event: ======'machine_var_audits_switches_s_b_rollover_interchange'====== Args={'value': 4, 'prev_value': 3, 'change': 1}
2023-04-01 17:49:23,761 : INFO : SwitchController : <<<<<<< 's_b_target_right' active >>>>>>>
2023-04-01 17:49:23,762 : INFO : EventManager : Event: ======'machine_var_audits_switches_s_b_target_right'====== Args={'value': 16, 'prev_value': 15, 'change': 1}
2023-04-01 17:49:23,763 : INFO : ball_device.bd_trough : State: ball_left
2023-04-01 17:49:23,763 : INFO : ball_device.bd_trough : Ball left
2023-04-01 17:49:23,763 : INFO : ball_device.bd_trough : Wait for confirm with timeout 10.0
2023-04-01 17:49:23,840 : WARNING : [NET] : Serial error: read failed: [Errno 6] Device not configured
2023-04-01 17:49:23,841 : WARNING : [EXP] : Serial error: read failed: [Errno 6] Device not configured
2023-04-01 17:49:24,230 : INFO : ball_device.bd_plunger : Received ball from <ball_device.bd_trough>
2023-04-01 17:49:24,231 : INFO : EventManager : Event: ======'balldevice_bd_plunger_ball_enter'====== Args={'new_balls': 1, 'unclaimed_balls': 0, 'new_available_balls': 0, 'device': <ball_device.bd_plunger>}
2023-04-01 17:49:24,231 : INFO : EventManager : Event: ======'balldevice_bd_plunger_ball_entered'====== Args={'new_balls': 0, 'device': <ball_device.bd_plunger>}
2023-04-01 17:49:24,232 : INFO : EventManager : Event: ======'balldevice_bd_plunger_ball_count_changed'====== Args={'balls': 1}
2023-04-01 17:49:24,232 : INFO : ball_device.bd_trough : Got eject confirm
2023-04-01 17:49:24,232 : INFO : ball_device.bd_trough : Eject successful
2023-04-01 17:49:24,232 : INFO : EventManager : Event: ======'balldevice_bd_trough_ball_eject_success'====== Args={'balls': 1, 'target': <ball_device.bd_plunger>}
2023-04-01 17:49:24,232 : INFO : EventManager : Event: ======'balldevice_bd_trough_ball_count_changed'====== Args={'balls': 1}
2023-04-01 17:49:24,232 : INFO : ball_device.bd_trough : State: idle
2023-04-01 17:49:24,233 : INFO : ball_device.bd_plunger : State: waiting_for_target_ready
2023-04-01 17:49:24,233 : INFO : EventManager : Event: ======'balldevice_bd_plunger_ball_eject_attempt'====== Args={'balls': 1, 'target': <ball_device.bd_vuk_back>, 'source': <ball_device.bd_plunger>, 'mechanical_eject': True, 'num_attempts': 0}
2023-04-01 17:49:24,239 : INFO : ball_device.bd_plunger : State: ejecting
2023-04-01 17:49:24,239 : INFO : ball_device.bd_plunger : Ejecting ball to <ball_device.bd_vuk_back>
2023-04-01 17:49:24,239 : INFO : EventManager : Event: ======'balldevice_bd_plunger_ejecting_ball'====== Args={'balls': 1, 'target': <ball_device.bd_vuk_back>, 'source': <ball_device.bd_plunger>, 'mechanical_eject': True, 'num_attempts': 0}
2023-04-01 17:49:24,240 : INFO : EventManager : Event: ======'ball_save_ball_save_ball_save_timer_start'====== Args={}
2023-04-01 17:49:24,241 : INFO : ball_device.bd_plunger : Wait for ball to leave device
2023-04-01 17:49:26,718 : INFO : EventManager : Event: ======'flipper_cradle'====== Args={}
2023-04-01 17:49:29,234 : INFO : EventManager : Event: ======'balldevice_bd_trough_ball_count_changed'====== Args={'balls': 0}
2023-04-01 17:49:29,235 : WARNING : ball_device.bd_trough : Ball disappeared while idle. This should not normally happen.
2023-04-01 17:49:29,235 : INFO : EventManager : Event: ======'balldevice_playfield_ball_enter'====== Args={'new_balls': 1, 'unclaimed_balls': 1, 'device': <playfield.playfield>}
2023-04-01 17:49:29,235 : INFO : EventManager : Event: ======'playfield_ball_count_change'====== Args={'balls': 1, 'change': 1}
2023-04-01 17:49:29,235 : INFO : ball_device.bd_trough : 1 ball(s) missing from device. Mechanical eject? False
2023-04-01 17:49:29,235 : INFO : EventManager : Event: ======'balldevice_bd_trough_ball_missing'====== Args={'balls': 1}
2023-04-01 17:49:29,236 : INFO : EventManager : Event: ======'balldevice_ball_missing'====== Args={'balls': 1, 'name': 'bd_trough'}
2023-04-01 17:49:36,241 : INFO : EventManager : Event: ======'ball_save_ball_save_ball_save_hurry_up'====== Args={}
2023-04-01 17:49:39,241 : INFO : EventManager : Event: ======'ball_save_ball_save_ball_save_disabled'====== Args={}
2023-04-01 17:53:17,862 : INFO : Machine : Shutting down...
2023-04-01 17:53:17,862 : INFO : EventManager : Event: ======'shutdown'====== Args={}
2023-04-01 17:53:17,865 : INFO : EventManager : Event: ======'mode_game_will_stop'====== Args={}
2023-04-01 17:53:17,865 : INFO : EventManager : Event: ======'mode_game_stopping'====== Args={}
2023-04-01 17:53:17,865 : INFO : EventManager : Event: ======'mode_start_ball_save_will_stop'====== Args={}
2023-04-01 17:53:17,865 : INFO : EventManager : Event: ======'mode_start_ball_save_stopping'====== Args={}
2023-04-01 17:53:17,866 : INFO : Mode.start_ball_save : Stopped.
2023-04-01 17:53:17,866 : INFO : EventManager : Event: ======'modes_active_modes_changed'====== Args={}
2023-04-01 17:53:17,866 : INFO : EventManager : Event: ======'mode_start_ball_save_stopped'====== Args={}
2023-04-01 17:53:17,866 : INFO : EventManager : Event: ======'clear'====== Args={'key': 'start_ball_save'}
2023-04-01 17:53:17,867 : INFO : Mode.game : Stopped.
2023-04-01 17:53:17,867 : INFO : EventManager : Event: ======'modes_active_modes_changed'====== Args={}
2023-04-01 17:53:17,867 : INFO : EventManager : Event: ======'mode_game_stopped'====== Args={}
2023-04-01 17:53:17,867 : INFO : EventManager : Event: ======'clear'====== Args={'key': 'game'}
2023-04-01 17:53:17,971 : ERROR : root : read failed: [Errno 6] Device not configured
Traceback (most recent call last):
  File "/Users/tpetch/.local/pipx/venvs/mpf/lib/python3.9/site-packages/serial/serialposix.py", line 575, in read
    buf = os.read(self.fd, size - len(read))
OSError: [Errno 6] Device not configured

During handling of the above exception, another exception occurred:

Traceback (most recent call last):
  File "/Users/tpetch/.local/pipx/venvs/mpf/lib/python3.9/site-packages/mpf/commands/game.py", line 234, in __init__
    self.machine.run()
  File "/Users/tpetch/.local/pipx/venvs/mpf/lib/python3.9/site-packages/mpf/core/machine.py", line 693, in run
    self._run_loop()
  File "/Users/tpetch/.local/pipx/venvs/mpf/lib/python3.9/site-packages/mpf/core/machine.py", line 803, in _run_loop
    self._do_stop()
  File "/Users/tpetch/.local/pipx/venvs/mpf/lib/python3.9/site-packages/mpf/core/machine.py", line 729, in _do_stop
    self.shutdown()
  File "/Users/tpetch/.local/pipx/venvs/mpf/lib/python3.9/site-packages/mpf/core/machine.py", line 759, in shutdown
    self._platform_stop()
  File "/Users/tpetch/.local/pipx/venvs/mpf/lib/python3.9/site-packages/mpf/core/machine.py", line 809, in _platform_stop
    hardware_platform.stop()
  File "/Users/tpetch/.local/pipx/venvs/mpf/lib/python3.9/site-packages/mpf/platforms/fast/fast.py", line 151, in stop
    connection.stop()
  File "/Users/tpetch/.local/pipx/venvs/mpf/lib/python3.9/site-packages/mpf/platforms/fast/communicators/base.py", line 224, in stop
    self.machine.clock.loop.run_until_complete(self.writer.wait_closed())
  File "uvloop/loop.pyx", line 1517, in uvloop.loop.Loop.run_until_complete
  File "/Library/Frameworks/Python.framework/Versions/3.9/lib/python3.9/asyncio/streams.py", line 359, in wait_closed
    await self._protocol._get_close_waiter(self)
  File "/Users/tpetch/.local/pipx/venvs/mpf/lib/python3.9/site-packages/mpf/platforms/fast/communicators/base.py", line 311, in read
    resp = await self.reader.read(n)
  File "/Library/Frameworks/Python.framework/Versions/3.9/lib/python3.9/asyncio/streams.py", line 684, in read
    await self._wait_for_data('read')
  File "/Library/Frameworks/Python.framework/Versions/3.9/lib/python3.9/asyncio/streams.py", line 517, in _wait_for_data
    await self._waiter
  File "/Users/tpetch/.local/pipx/venvs/mpf/lib/python3.9/site-packages/serial_asyncio/__init__.py", line 114, in _read_ready
    data = self._serial.read(self._max_read_size)
  File "/Users/tpetch/.local/pipx/venvs/mpf/lib/python3.9/site-packages/serial/serialposix.py", line 581, in read
    raise SerialException('read failed: {}'.format(e))
serial.serialutil.SerialException: read failed: [Errno 6] Device not configured
