2024-02-01 18:33:37,788 : INFO : root : Loading config.
2024-02-01 18:33:37,793 : INFO : YamlMultifileConfigLoader : Machine config file #1: config.yaml
2024-02-01 18:33:37,793 : WARNING : ConfigProcessor : Config file in cache changed: c:\lofab\config\config.yaml
2024-02-01 18:33:37,794 : INFO : ConfigProcessor : Loading config from file C:\Users\Tanner\AppData\Local\Packages\PythonSoftwareFoundation.Python.3.11_qbz5n2kfra8p0\LocalCache\local-packages\Python311\site-packages\mpf\mpfconfig.yaml.
2024-02-01 18:33:37,805 : INFO : ConfigProcessor : Loading config: C:\Users\Tanner\AppData\Local\Packages\PythonSoftwareFoundation.Python.3.11_qbz5n2kfra8p0\LocalCache\local-packages\Python311\site-packages\mpf\mpfconfig.yaml
2024-02-01 18:33:37,805 : INFO : ConfigProcessor : Loading config from file c:\lofab\config\config.yaml.
2024-02-01 18:33:37,809 : INFO : ConfigProcessor : Loading config: c:\lofab\config\config.yaml
2024-02-01 18:33:37,810 : INFO : ConfigProcessor : Config file cache created: C:\Users\Tanner\AppData\Local\Temp\ae594c12e5b61ed7124eed45950049a7.mpf_cache
2024-02-01 18:33:37,880 : INFO : ConfigProcessor : Loading config from cache: C:\Users\Tanner\AppData\Local\Temp\165ae565642a148ddd3c4976ade4dd88.mpf_cache
2024-02-01 18:33:37,881 : INFO : ConfigProcessor : Loading config from cache: C:\Users\Tanner\AppData\Local\Temp\dfbe1b39ae456f06de73c859384050b2.mpf_cache
2024-02-01 18:33:37,882 : INFO : Machine : Mission Pinball Framework Core Engine v0.57.0.dev33
2024-02-01 18:33:37,882 : INFO : Machine : Command line arguments: {'no_load_cache': False, 'create_config_cache': True, 'bcp': False, 'configfile': ['config.yaml'], 'force_assets_load': False, 'jsonlogging': False, 'logfile': 'logs\\2024-02-01-18-33-37-mpf-DESKTOP-7HNFDQ5.log', 'pause': False, 'production': False, 'text_ui': True, 'loglevel': 15, 'consoleloglevel': 20, 'force_platform': None, 'syslog_address': None, 'mc_file_name': None, 'no_sound': False}
2024-02-01 18:33:37,882 : INFO : Machine : MPF path: C:\Users\Tanner\AppData\Local\Packages\PythonSoftwareFoundation.Python.3.11_qbz5n2kfra8p0\LocalCache\local-packages\Python311\site-packages\mpf
2024-02-01 18:33:37,882 : INFO : Machine : Machine path: c:\lofab
2024-02-01 18:33:37,882 : INFO : Machine : Platform: win32
2024-02-01 18:33:37,882 : INFO : Machine : Python executable location: C:\Users\Tanner\AppData\Local\Microsoft\WindowsApps\PythonSoftwareFoundation.Python.3.11_qbz5n2kfra8p0\python.exe
2024-02-01 18:33:37,882 : INFO : Machine : Python version: 3.11.7 (64-bit)
2024-02-01 18:33:37,885 : INFO : Machine : Initializing MPF...
2024-02-01 18:33:38,123 : INFO : [NET] : Trying to connect to com9 at 921600bps
2024-02-01 18:33:38,201 : INFO : [NET] : Connected to com9 at 921600bps
2024-02-01 18:33:38,217 : INFO : [NET] : Connected to FP-CPU-2000 with firmware v02.13
2024-02-01 18:33:38,248 : INFO : [NET] : Registered I/O Board 0: Model: FP-I/O-0804, Firmware: 01.10, Switches: 8, Drivers: 4
2024-02-01 18:33:38,264 : INFO : [NET] : Registered I/O Board 1: Model: FP-I/O-0804, Firmware: 01.09, Switches: 8, Drivers: 4
2024-02-01 18:33:38,280 : INFO : [NET] : Registered I/O Board 2: Model: FP-I/O-3208, Firmware: 01.10, Switches: 32, Drivers: 8
2024-02-01 18:33:38,281 : INFO : [EXP] : Trying to connect to com10 at 921600bps
2024-02-01 18:33:38,358 : INFO : [EXP] : Connected to com10 at 921600bps
2024-02-01 18:33:38,374 : INFO : [EXP] : Verifying hardware for EXP "pf" (FP-EXP-0081, @84) with ID string "EXP FP-EXP-0081  0.12", board address 84
2024-02-01 18:33:38,389 : INFO : [EXP] : Verifying hardware for EXP "pf" (FP-EXP-0081, @84) with ID string "BRK FP-EXP-0081  0.12", board address 840
2024-02-01 18:33:38,405 : INFO : [EXP] : Verifying hardware for EXP "pf" (FP-EXP-0081, @84) with ID string "BRK FP-EXP-0081  0.12", board address 841
2024-02-01 18:33:38,420 : INFO : EventManager : Event: ======'machine_var_credits_string'====== Args={'value': 'FREE PLAY', 'prev_value': None, 'change': True}
2024-02-01 18:33:38,434 : INFO : EventManager : Event: ======'machine_var_master_volume'====== Args={'value': 0.5, 'prev_value': None, 'change': True}
2024-02-01 18:33:38,435 : INFO : EventManager : Event: ======'machine_var_player1_score'====== Args={'value': 0, 'prev_value': None, 'change': True}
2024-02-01 18:33:38,435 : INFO : EventManager : Event: ======'machine_var_mpf_version'====== Args={'value': 'Mission Pinball Framework v0.57.0.dev33', 'prev_value': None, 'change': True}
2024-02-01 18:33:38,435 : INFO : EventManager : Event: ======'machine_var_mpf_extended_version'====== Args={'value': 'Mission Pinball Framework v0.57.0.dev33, Config version:6, Show version: 6, BCP version:1.1', 'prev_value': None, 'change': True}
2024-02-01 18:33:38,435 : INFO : EventManager : Event: ======'machine_var_python_version'====== Args={'value': '3.11.7', 'prev_value': None, 'change': True}
2024-02-01 18:33:38,444 : INFO : EventManager : Event: ======'machine_var_platform'====== Args={'value': 'Windows-10-10.0.19045-SP0', 'prev_value': None, 'change': True}
2024-02-01 18:33:38,444 : INFO : EventManager : Event: ======'machine_var_platform_system'====== Args={'value': 'Windows', 'prev_value': None, 'change': True}
2024-02-01 18:33:38,444 : INFO : EventManager : Event: ======'machine_var_platform_release'====== Args={'value': '10', 'prev_value': None, 'change': True}
2024-02-01 18:33:38,444 : INFO : EventManager : Event: ======'machine_var_platform_version'====== Args={'value': '10.0.19045', 'prev_value': None, 'change': True}
2024-02-01 18:33:38,444 : INFO : EventManager : Event: ======'machine_var_platform_machine'====== Args={'value': 'AMD64', 'prev_value': None, 'change': True}
2024-02-01 18:33:38,444 : INFO : EventManager : Event: ======'init_phase_1'====== Args={}
2024-02-01 18:33:41,004 : INFO : EventManager : Event: ======'init_phase_2'====== Args={}
2024-02-01 18:33:41,007 : INFO : ball_device.bd_vuk : BCH: Initial count: 0
2024-02-01 18:33:41,007 : INFO : ball_device.bd_vuk : State: idle
2024-02-01 18:33:41,008 : INFO : ball_device.bd_trough : BCH: Initial count: 0
2024-02-01 18:33:41,008 : INFO : ball_device.bd_trough : State: idle
2024-02-01 18:33:41,016 : INFO : EventManager : Event: ======'init_phase_3'====== Args={}
2024-02-01 18:33:41,017 : INFO : EventManager : Event: ======'init_phase_4'====== Args={}
2024-02-01 18:33:41,018 : INFO : BallController : Initial balls found: 0
2024-02-01 18:33:41,019 : INFO : EventManager : Event: ======'machine_var_audits_events_game_ended'====== Args={'value': 44, 'prev_value': None, 'change': True}
2024-02-01 18:33:41,019 : INFO : EventManager : Event: ======'machine_var_audits_events_game_started'====== Args={'value': 116, 'prev_value': None, 'change': True}
2024-02-01 18:33:41,019 : INFO : EventManager : Event: ======'machine_var_audits_player_score'====== Args={'value': {'average': 0.0, 'top': [0, 0, 0, 0, 0, 0, 0, 0, 0, 0], 'total': 44}, 'prev_value': None, 'change': True}
2024-02-01 18:33:41,019 : INFO : EventManager : Event: ======'machine_var_audits_switches_s_autolauncher'====== Args={'value': 422, 'prev_value': None, 'change': True}
2024-02-01 18:33:41,019 : INFO : EventManager : Event: ======'machine_var_audits_switches_s_b_eos'====== Args={'value': 2450, 'prev_value': None, 'change': True}
2024-02-01 18:33:41,019 : INFO : EventManager : Event: ======'machine_var_audits_switches_s_b_pop'====== Args={'value': 446, 'prev_value': None, 'change': True}
2024-02-01 18:33:41,019 : INFO : EventManager : Event: ======'machine_var_audits_switches_s_b_rollover_interchange'====== Args={'value': 10, 'prev_value': None, 'change': True}
2024-02-01 18:33:41,019 : INFO : EventManager : Event: ======'machine_var_audits_switches_s_b_rollover_loop'====== Args={'value': 24, 'prev_value': None, 'change': True}
2024-02-01 18:33:41,019 : INFO : EventManager : Event: ======'machine_var_audits_switches_s_b_rollover_misc'====== Args={'value': 33, 'prev_value': None, 'change': True}
2024-02-01 18:33:41,019 : INFO : EventManager : Event: ======'machine_var_audits_switches_s_b_target_left'====== Args={'value': 21, 'prev_value': None, 'change': True}
2024-02-01 18:33:41,019 : INFO : EventManager : Event: ======'machine_var_audits_switches_s_b_target_right'====== Args={'value': 39, 'prev_value': None, 'change': True}
2024-02-01 18:33:41,020 : INFO : EventManager : Event: ======'machine_var_audits_switches_s_drop_mid_center'====== Args={'value': 113, 'prev_value': None, 'change': True}
2024-02-01 18:33:41,020 : INFO : EventManager : Event: ======'machine_var_audits_switches_s_drop_mid_left'====== Args={'value': 76, 'prev_value': None, 'change': True}
2024-02-01 18:33:41,020 : INFO : EventManager : Event: ======'machine_var_audits_switches_s_drop_mid_right'====== Args={'value': 96, 'prev_value': None, 'change': True}
2024-02-01 18:33:41,020 : INFO : EventManager : Event: ======'machine_var_audits_switches_s_drop_right_left'====== Args={'value': 32, 'prev_value': None, 'change': True}
2024-02-01 18:33:41,020 : INFO : EventManager : Event: ======'machine_var_audits_switches_s_drop_right_right'====== Args={'value': 32, 'prev_value': None, 'change': True}
2024-02-01 18:33:41,020 : INFO : EventManager : Event: ======'machine_var_audits_switches_s_drop_scoop'====== Args={'value': 0, 'prev_value': None, 'change': True}
2024-02-01 18:33:41,020 : INFO : EventManager : Event: ======'machine_var_audits_switches_s_drop_single'====== Args={'value': 24, 'prev_value': None, 'change': True}
2024-02-01 18:33:41,020 : INFO : EventManager : Event: ======'machine_var_audits_switches_s_flip_left_eos'====== Args={'value': 25095, 'prev_value': None, 'change': True}
2024-02-01 18:33:41,020 : INFO : EventManager : Event: ======'machine_var_audits_switches_s_flip_left_top_eos'====== Args={'value': 1729, 'prev_value': None, 'change': True}
2024-02-01 18:33:41,020 : INFO : EventManager : Event: ======'machine_var_audits_switches_s_flip_right_eos'====== Args={'value': 2110, 'prev_value': None, 'change': True}
2024-02-01 18:33:41,020 : INFO : EventManager : Event: ======'machine_var_audits_switches_s_inlane_left'====== Args={'value': 31, 'prev_value': None, 'change': True}
2024-02-01 18:33:41,021 : INFO : EventManager : Event: ======'machine_var_audits_switches_s_inlane_right'====== Args={'value': 59, 'prev_value': None, 'change': True}
2024-02-01 18:33:41,021 : INFO : EventManager : Event: ======'machine_var_audits_switches_s_l_rollover'====== Args={'value': 9, 'prev_value': None, 'change': True}
2024-02-01 18:33:41,021 : INFO : EventManager : Event: ======'machine_var_audits_switches_s_l_target_far'====== Args={'value': 9, 'prev_value': None, 'change': True}
2024-02-01 18:33:41,021 : INFO : EventManager : Event: ======'machine_var_audits_switches_s_l_target_large'====== Args={'value': 9, 'prev_value': None, 'change': True}
2024-02-01 18:33:41,021 : INFO : EventManager : Event: ======'machine_var_audits_switches_s_l_target_left'====== Args={'value': 10, 'prev_value': None, 'change': True}
2024-02-01 18:33:41,021 : INFO : EventManager : Event: ======'machine_var_audits_switches_s_l_target_right'====== Args={'value': 9, 'prev_value': None, 'change': True}
2024-02-01 18:33:41,021 : INFO : EventManager : Event: ======'machine_var_audits_switches_s_l_vuk'====== Args={'value': 9, 'prev_value': None, 'change': True}
2024-02-01 18:33:41,021 : INFO : EventManager : Event: ======'machine_var_audits_switches_s_launch'====== Args={'value': 460, 'prev_value': None, 'change': True}
2024-02-01 18:33:41,021 : INFO : EventManager : Event: ======'machine_var_audits_switches_s_left_flipper_1'====== Args={'value': 1947, 'prev_value': None, 'change': True}
2024-02-01 18:33:41,022 : INFO : EventManager : Event: ======'machine_var_audits_switches_s_left_flipper_2'====== Args={'value': 651, 'prev_value': None, 'change': True}
2024-02-01 18:33:41,022 : INFO : EventManager : Event: ======'machine_var_audits_switches_s_lock_1'====== Args={'value': 1, 'prev_value': None, 'change': True}
2024-02-01 18:33:41,022 : INFO : EventManager : Event: ======'machine_var_audits_switches_s_lock_2'====== Args={'value': 1, 'prev_value': None, 'change': True}
2024-02-01 18:33:41,022 : INFO : EventManager : Event: ======'machine_var_audits_switches_s_lock_3'====== Args={'value': 1, 'prev_value': None, 'change': True}
2024-02-01 18:33:41,022 : INFO : EventManager : Event: ======'machine_var_audits_switches_s_outlane_left'====== Args={'value': 12, 'prev_value': None, 'change': True}
2024-02-01 18:33:41,022 : INFO : EventManager : Event: ======'machine_var_audits_switches_s_outlane_right'====== Args={'value': 28, 'prev_value': None, 'change': True}
2024-02-01 18:33:41,022 : INFO : EventManager : Event: ======'machine_var_audits_switches_s_pop_left'====== Args={'value': 152, 'prev_value': None, 'change': True}
2024-02-01 18:33:41,022 : INFO : EventManager : Event: ======'machine_var_audits_switches_s_pop_lower'====== Args={'value': 560, 'prev_value': None, 'change': True}
2024-02-01 18:33:41,022 : INFO : EventManager : Event: ======'machine_var_audits_switches_s_pop_right'====== Args={'value': 2348, 'prev_value': None, 'change': True}
2024-02-01 18:33:41,023 : INFO : EventManager : Event: ======'machine_var_audits_switches_s_right_flipper_1'====== Args={'value': 3494, 'prev_value': None, 'change': True}
2024-02-01 18:33:41,023 : INFO : EventManager : Event: ======'machine_var_audits_switches_s_right_flipper_2'====== Args={'value': 3304, 'prev_value': None, 'change': True}
2024-02-01 18:33:41,023 : INFO : EventManager : Event: ======'machine_var_audits_switches_s_rollover_left'====== Args={'value': 84, 'prev_value': None, 'change': True}
2024-02-01 18:33:41,023 : INFO : EventManager : Event: ======'machine_var_audits_switches_s_rollover_right'====== Args={'value': 488, 'prev_value': None, 'change': True}
2024-02-01 18:33:41,023 : INFO : EventManager : Event: ======'machine_var_audits_switches_s_sling_left'====== Args={'value': 159, 'prev_value': None, 'change': True}
2024-02-01 18:33:41,023 : INFO : EventManager : Event: ======'machine_var_audits_switches_s_sling_right'====== Args={'value': 237, 'prev_value': None, 'change': True}
2024-02-01 18:33:41,023 : INFO : EventManager : Event: ======'machine_var_audits_switches_s_start'====== Args={'value': 113, 'prev_value': None, 'change': True}
2024-02-01 18:33:41,024 : INFO : EventManager : Event: ======'machine_var_audits_switches_s_tilt'====== Args={'value': 2735, 'prev_value': None, 'change': True}
2024-02-01 18:33:41,024 : INFO : EventManager : Event: ======'machine_var_audits_switches_s_trough_1'====== Args={'value': 0, 'prev_value': None, 'change': True}
2024-02-01 18:33:41,024 : INFO : EventManager : Event: ======'machine_var_audits_switches_s_trough_2'====== Args={'value': 440, 'prev_value': None, 'change': True}
2024-02-01 18:33:41,024 : INFO : EventManager : Event: ======'machine_var_audits_switches_s_trough_3'====== Args={'value': 394, 'prev_value': None, 'change': True}
2024-02-01 18:33:41,024 : INFO : EventManager : Event: ======'machine_var_audits_switches_s_trough_4'====== Args={'value': 396, 'prev_value': None, 'change': True}
2024-02-01 18:33:41,024 : INFO : EventManager : Event: ======'machine_var_audits_switches_s_trough_5'====== Args={'value': 284, 'prev_value': None, 'change': True}
2024-02-01 18:33:41,024 : INFO : EventManager : Event: ======'machine_var_audits_switches_s_trough_6'====== Args={'value': 277, 'prev_value': None, 'change': True}
2024-02-01 18:33:41,024 : INFO : EventManager : Event: ======'machine_var_audits_switches_s_trough_jam'====== Args={'value': 344, 'prev_value': None, 'change': True}
2024-02-01 18:33:41,025 : INFO : EventManager : Event: ======'machine_var_audits_switches_s_u_lane_l'====== Args={'value': 15, 'prev_value': None, 'change': True}
2024-02-01 18:33:41,025 : INFO : EventManager : Event: ======'machine_var_audits_switches_s_u_lane_r'====== Args={'value': 20, 'prev_value': None, 'change': True}
2024-02-01 18:33:41,025 : INFO : EventManager : Event: ======'machine_var_audits_switches_s_u_rollover'====== Args={'value': 10, 'prev_value': None, 'change': True}
2024-02-01 18:33:41,026 : INFO : EventManager : Event: ======'machine_var_audits_switches_s_u_target'====== Args={'value': 8, 'prev_value': None, 'change': True}
2024-02-01 18:33:41,026 : INFO : EventManager : Event: ======'machine_var_audits_switches_s_vuk_back'====== Args={'value': 489, 'prev_value': None, 'change': True}
2024-02-01 18:33:41,026 : INFO : EventManager : Event: ======'machine_var_audits_switches_s_vuk_right'====== Args={'value': 1, 'prev_value': None, 'change': True}
2024-02-01 18:33:41,026 : INFO : EventManager : Event: ======'machine_var_audits_switches_s_flipper_l'====== Args={'value': 0, 'prev_value': None, 'change': True}
2024-02-01 18:33:41,026 : INFO : EventManager : Event: ======'machine_var_audits_switches_s_flipper_r'====== Args={'value': 0, 'prev_value': None, 'change': True}
2024-02-01 18:33:41,027 : INFO : EventManager : Event: ======'machine_var_audits_switches_s_sling_l'====== Args={'value': 0, 'prev_value': None, 'change': True}
2024-02-01 18:33:41,027 : INFO : EventManager : Event: ======'machine_var_audits_switches_s_stationary_l'====== Args={'value': 0, 'prev_value': None, 'change': True}
2024-02-01 18:33:41,027 : INFO : EventManager : Event: ======'machine_var_audits_switches_s_9'====== Args={'value': 0, 'prev_value': None, 'change': True}
2024-02-01 18:33:41,027 : INFO : EventManager : Event: ======'machine_var_audits_switches_s_pop'====== Args={'value': 0, 'prev_value': None, 'change': True}
2024-02-01 18:33:41,027 : INFO : EventManager : Event: ======'machine_var_audits_switches_s_stationary_right'====== Args={'value': 0, 'prev_value': None, 'change': True}
2024-02-01 18:33:41,027 : INFO : EventManager : Event: ======'machine_var_audits_switches_s_stationary_back'====== Args={'value': 0, 'prev_value': None, 'change': True}
2024-02-01 18:33:41,027 : INFO : EventManager : Event: ======'machine_var_audits_switches_s_sling_r'====== Args={'value': 0, 'prev_value': None, 'change': True}
2024-02-01 18:33:41,028 : INFO : EventManager : Event: ======'machine_var_audits_switches_s_vuk'====== Args={'value': 0, 'prev_value': None, 'change': True}
2024-02-01 18:33:41,028 : INFO : EventManager : Event: ======'init_phase_5'====== Args={}
2024-02-01 18:33:41,061 : INFO : EventManager : Event: ======'init_done'====== Args={}
2024-02-01 18:33:41,061 : INFO : EventManager : Event: ======'machine_reset_phase_1'====== Args={}
2024-02-01 18:33:41,061 : INFO : EventManager : Event: ======'machine_reset_phase_2'====== Args={}
2024-02-01 18:33:41,062 : INFO : EventManager : Event: ======'machine_reset_phase_3'====== Args={}
2024-02-01 18:33:41,063 : INFO : EventManager : Event: ======'reset_complete'====== Args={}
2024-02-01 18:33:41,063 : INFO : EventManager : Event: ======'mode_attract_will_start'====== Args={}
2024-02-01 18:33:41,063 : INFO : EventManager : Event: ======'mode_attract_starting'====== Args={}
2024-02-01 18:33:41,063 : INFO : Mode.attract : Started. Priority: 10
2024-02-01 18:33:41,063 : INFO : EventManager : Event: ======'modes_active_modes_changed'====== Args={}
2024-02-01 18:33:41,063 : INFO : EventManager : Event: ======'mode_attract_started'====== Args={}
2024-02-01 18:33:41,064 : INFO : EventManager : Event: ======'collecting_balls_complete'====== Args={}
2024-02-01 18:33:41,082 : INFO : Machine : Starting the main run loop.
2024-02-01 18:33:41,437 : INFO : SwitchController : <<<<<<< 's_flipper_r' active >>>>>>>
2024-02-01 18:33:44,429 : INFO : EventManager : Event: ======'flipper_cradle'====== Args={}
2024-02-01 18:33:47,214 : INFO : SwitchController : <<<<<<< 's_flipper_r' inactive >>>>>>>
2024-02-01 18:33:47,214 : INFO : EventManager : Event: ======'flipper_cradle_release'====== Args={}
2024-02-01 18:33:47,728 : INFO : SwitchController : <<<<<<< 's_flipper_r' active >>>>>>>
2024-02-01 18:33:47,853 : INFO : SwitchController : <<<<<<< 's_stationary_l' active >>>>>>>
2024-02-01 18:33:47,853 : INFO : EventManager : Event: ======'sw_playfield_active'====== Args={}
2024-02-01 18:33:47,853 : INFO : EventManager : Event: ======'playfield_active'====== Args={}
2024-02-01 18:33:47,853 : INFO : EventManager : Event: ======'unexpected_ball_on_playfield'====== Args={}
2024-02-01 18:33:47,867 : INFO : SwitchController : <<<<<<< 's_stationary_l' inactive >>>>>>>
2024-02-01 18:33:47,945 : INFO : SwitchController : <<<<<<< 's_flipper_r' inactive >>>>>>>
2024-02-01 18:33:48,177 : INFO : SwitchController : <<<<<<< 's_sling_l' active >>>>>>>
2024-02-01 18:33:48,177 : INFO : EventManager : Event: ======'playfield_active'====== Args={}
2024-02-01 18:33:48,177 : INFO : EventManager : Event: ======'unexpected_ball_on_playfield'====== Args={}
2024-02-01 18:33:48,195 : INFO : SwitchController : <<<<<<< 's_sling_l' inactive >>>>>>>
2024-02-01 18:33:48,683 : INFO : SwitchController : <<<<<<< 's_flipper_l' active >>>>>>>
2024-02-01 18:33:48,746 : INFO : SwitchController : <<<<<<< 's_sling_l' active >>>>>>>
2024-02-01 18:33:48,746 : INFO : EventManager : Event: ======'playfield_active'====== Args={}
2024-02-01 18:33:48,746 : INFO : EventManager : Event: ======'unexpected_ball_on_playfield'====== Args={}
2024-02-01 18:33:48,763 : INFO : SwitchController : <<<<<<< 's_sling_l' inactive >>>>>>>
2024-02-01 18:33:48,918 : INFO : SwitchController : <<<<<<< 's_flipper_l' inactive >>>>>>>
2024-02-01 18:33:49,674 : INFO : SwitchController : <<<<<<< 's_flipper_r' active >>>>>>>
2024-02-01 18:33:49,798 : INFO : SwitchController : <<<<<<< 's_flipper_r' inactive >>>>>>>
2024-02-01 18:33:50,545 : INFO : SwitchController : <<<<<<< 's_trough_1' active >>>>>>>
2024-02-01 18:33:50,640 : INFO : SwitchController : <<<<<<< 's_trough_1' inactive >>>>>>>
2024-02-01 18:33:50,658 : INFO : SwitchController : <<<<<<< 's_trough_2' active >>>>>>>
2024-02-01 18:33:50,735 : INFO : SwitchController : <<<<<<< 's_trough_2' inactive >>>>>>>
2024-02-01 18:33:50,752 : INFO : SwitchController : <<<<<<< 's_trough_3' active >>>>>>>
2024-02-01 18:33:50,812 : INFO : SwitchController : <<<<<<< 's_trough_3' inactive >>>>>>>
2024-02-01 18:33:50,830 : INFO : SwitchController : <<<<<<< 's_trough_4' active >>>>>>>
2024-02-01 18:33:51,340 : INFO : EventManager : Event: ======'balldevice_bd_trough_ball_count_changed'====== Args={'balls': 1}
2024-02-01 18:33:51,340 : INFO : ball_device.bd_trough : Received unexpected ball
2024-02-01 18:33:51,340 : INFO : EventManager : Event: ======'balldevice_captured_from_playfield'====== Args={'balls': 1}
2024-02-01 18:33:51,340 : INFO : EventManager : Event: ======'sw_playfield_active'====== Args={'balls': 1}
2024-02-01 18:33:51,340 : INFO : EventManager : Event: ======'playfield_active'====== Args={}
2024-02-01 18:33:51,340 : INFO : EventManager : Event: ======'unexpected_ball_on_playfield'====== Args={}
2024-02-01 18:33:51,341 : INFO : EventManager : Event: ======'playfield_ball_count_change'====== Args={'balls': -1, 'change': -1}
2024-02-01 18:33:51,341 : INFO : EventManager : Event: ======'balldevice_playfield_ball_enter'====== Args={'new_balls': 1, 'unclaimed_balls': 1, 'device': <playfield.playfield>}
2024-02-01 18:33:51,341 : INFO : EventManager : Event: ======'playfield_ball_count_change'====== Args={'balls': 0, 'change': 1}
2024-02-01 18:33:51,341 : INFO : BallController : Found a new ball which was captured from playfield. Known balls: 1
2024-02-01 18:33:51,341 : INFO : EventManager : Event: ======'found_new_ball'====== Args={}
2024-02-01 18:33:51,341 : INFO : EventManager : Event: ======'balldevice_bd_trough_ball_enter'====== Args={'new_balls': 1, 'unclaimed_balls': 1, 'new_available_balls': 1, 'device': <ball_device.bd_trough>}
2024-02-01 18:33:51,341 : INFO : ball_device.bd_trough : Ejecting 1 unexpected balls using path deque([<ball_device.bd_trough>, <playfield.playfield>])
2024-02-01 18:33:51,341 : INFO : EventManager : Event: ======'balldevice_balls_available'====== Args={}
2024-02-01 18:33:51,341 : INFO : EventManager : Event: ======'balldevice_balls_available'====== Args={}
2024-02-01 18:33:51,342 : INFO : EventManager : Event: ======'balldevice_bd_trough_ball_entered'====== Args={'new_balls': 1, 'device': <ball_device.bd_trough>}
2024-02-01 18:33:51,342 : INFO : ball_device.bd_trough : State: waiting_for_target_ready
2024-02-01 18:33:51,342 : INFO : EventManager : Event: ======'balldevice_bd_trough_ball_eject_attempt'====== Args={'balls': 1, 'target': <playfield.playfield>, 'source': <ball_device.bd_trough>, 'mechanical_eject': False, 'num_attempts': 0}
2024-02-01 18:33:51,343 : INFO : ball_device.bd_trough : State: ejecting
2024-02-01 18:33:51,343 : INFO : ball_device.bd_trough : Ejecting ball to <playfield.playfield>
2024-02-01 18:33:51,343 : INFO : EventManager : Event: ======'balldevice_bd_trough_ejecting_ball'====== Args={'balls': 1, 'target': <playfield.playfield>, 'source': <ball_device.bd_trough>, 'mechanical_eject': False, 'num_attempts': 0}
2024-02-01 18:33:51,343 : INFO : ball_device.bd_trough : Wait for ball to leave device
2024-02-01 18:33:51,343 : INFO : coil.c_trough : Pulsing Driver for 50ms (1.0 pulse_power)
2024-02-01 18:33:51,418 : INFO : SwitchController : <<<<<<< 's_trough_4' inactive >>>>>>>
2024-02-01 18:33:51,421 : INFO : ball_device.bd_trough : State: ball_left
2024-02-01 18:33:51,421 : INFO : ball_device.bd_trough : Ball left
2024-02-01 18:33:51,421 : INFO : ball_device.bd_trough : Wait for confirm with timeout 10.0
2024-02-01 18:33:52,029 : INFO : SwitchController : <<<<<<< 's_trough_1' active >>>>>>>
2024-02-01 18:33:52,124 : INFO : SwitchController : <<<<<<< 's_trough_1' inactive >>>>>>>
2024-02-01 18:33:52,142 : INFO : SwitchController : <<<<<<< 's_trough_2' active >>>>>>>
2024-02-01 18:33:52,217 : INFO : SwitchController : <<<<<<< 's_trough_2' inactive >>>>>>>
2024-02-01 18:33:52,236 : INFO : SwitchController : <<<<<<< 's_trough_3' active >>>>>>>
2024-02-01 18:33:52,294 : INFO : SwitchController : <<<<<<< 's_trough_3' inactive >>>>>>>
2024-02-01 18:33:52,313 : INFO : SwitchController : <<<<<<< 's_trough_4' active >>>>>>>
2024-02-01 18:34:01,420 : INFO : ball_device.bd_trough : State: failed_confirm
2024-02-01 18:34:01,420 : INFO : ball_device.bd_trough : Got timeout (10.0s) before confirm from <playfield.playfield>
2024-02-01 18:34:01,513 : INFO : ball_device.bd_trough : Got unknown balls. Assuming a ball returned.
2024-02-01 18:34:01,513 : INFO : EventManager : Event: ======'balldevice_bd_trough_ball_eject_failed'====== Args={'target': <playfield.playfield>, 'balls': 1, 'retry': True, 'num_attempts': 1}
2024-02-01 18:34:01,514 : INFO : ball_device.bd_trough : State: waiting_for_target_ready
2024-02-01 18:34:01,514 : INFO : EventManager : Event: ======'balldevice_bd_trough_ball_eject_attempt'====== Args={'balls': 1, 'target': <playfield.playfield>, 'source': <ball_device.bd_trough>, 'mechanical_eject': False, 'num_attempts': 1}
2024-02-01 18:34:01,514 : INFO : ball_device.bd_trough : State: ejecting
2024-02-01 18:34:01,514 : INFO : ball_device.bd_trough : Ejecting ball to <playfield.playfield>
2024-02-01 18:34:01,514 : INFO : EventManager : Event: ======'balldevice_bd_trough_ejecting_ball'====== Args={'balls': 1, 'target': <playfield.playfield>, 'source': <ball_device.bd_trough>, 'mechanical_eject': False, 'num_attempts': 1}
2024-02-01 18:34:01,515 : INFO : ball_device.bd_trough : Wait for ball to leave device
2024-02-01 18:34:01,515 : INFO : coil.c_trough : Pulsing Driver for 50ms (1.0 pulse_power)
2024-02-01 18:34:01,607 : INFO : SwitchController : <<<<<<< 's_trough_4' inactive >>>>>>>
2024-02-01 18:34:01,611 : INFO : ball_device.bd_trough : State: ball_left
2024-02-01 18:34:01,611 : INFO : ball_device.bd_trough : Ball left
2024-02-01 18:34:01,611 : INFO : ball_device.bd_trough : Wait for confirm with timeout 10.0
2024-02-01 18:34:11,624 : INFO : ball_device.bd_trough : State: failed_confirm
2024-02-01 18:34:11,624 : INFO : ball_device.bd_trough : Got timeout (10.0s) before confirm from <playfield.playfield>
2024-02-01 18:34:11,719 : INFO : ball_device.bd_trough : Confirming eject because target is playfield and ball did not return.
2024-02-01 18:34:11,719 : INFO : ball_device.bd_trough : Eject successful
2024-02-01 18:34:11,719 : INFO : EventManager : Event: ======'balldevice_bd_trough_ball_eject_success'====== Args={'balls': 1, 'target': <playfield.playfield>}
2024-02-01 18:34:11,719 : INFO : EventManager : Event: ======'balldevice_playfield_ball_enter'====== Args={'new_balls': 1, 'unclaimed_balls': 1, 'device': <playfield.playfield>}
2024-02-01 18:34:11,719 : INFO : EventManager : Event: ======'playfield_ball_count_change'====== Args={'balls': 1, 'change': 1}
2024-02-01 18:34:11,720 : INFO : EventManager : Event: ======'balldevice_bd_trough_ball_count_changed'====== Args={'balls': 0}
2024-02-01 18:34:11,720 : INFO : ball_device.bd_trough : State: idle
2024-02-01 18:34:28,540 : INFO : SwitchController : <<<<<<< 's_start' active >>>>>>>
2024-02-01 18:34:28,619 : INFO : SwitchController : <<<<<<< 's_start' inactive >>>>>>>
2024-02-01 18:34:28,619 : INFO : EventManager : Event: ======'request_to_start_game'====== Args={}
2024-02-01 18:34:28,619 : INFO : BallController : Known balls: 1
2024-02-01 18:34:28,619 : INFO : BallController : bd_vuk contains 0 balls. Tags []
2024-02-01 18:34:28,620 : INFO : BallController : bd_trough contains 0 balls. Tags []
2024-02-01 18:34:28,620 : INFO : BallController : playfield contains 1 balls. Tags ['default']
2024-02-01 18:34:28,620 : WARNING : BallController : BallController denies game start. Not enough balls. 0 found. 1 required
2024-02-01 18:34:28,620 : INFO : BallController : Triggering ball search.
2024-02-01 18:35:41,717 : INFO : Machine : Shutting down...
2024-02-01 18:35:41,717 : INFO : EventManager : Event: ======'shutdown'====== Args={}
2024-02-01 18:35:41,827 : INFO : root : MPF run loop ended.
