2024-05-06 10:19:51,954 : INFO : root : Loading config.
2024-05-06 10:19:51,955 : INFO : YamlMultifileConfigLoader : Machine config file #1: config.yaml
2024-05-06 10:19:51,955 : INFO : ConfigProcessor : Loading config from cache: /var/folders/l2/q8hj_6s91xnb2jxg1sqm0h7r0000gn/T/479bffd5d2f40b527f859677e5b1aef9.mpf_cache
2024-05-06 10:19:51,977 : INFO : ConfigProcessor : Loading config from cache: /var/folders/l2/q8hj_6s91xnb2jxg1sqm0h7r0000gn/T/0481b880979d7ccc71369ad5f781c736.mpf_cache
2024-05-06 10:19:51,977 : INFO : ConfigProcessor : Loading config from cache: /var/folders/l2/q8hj_6s91xnb2jxg1sqm0h7r0000gn/T/9cfa8e96748dd80c23752180dbf36e5c.mpf_cache
2024-05-06 10:19:51,977 : INFO : ConfigProcessor : Loading config from cache: /var/folders/l2/q8hj_6s91xnb2jxg1sqm0h7r0000gn/T/0481b880979d7ccc71369ad5f781c736.mpf_cache
2024-05-06 10:19:51,978 : INFO : ConfigProcessor : Loading config from cache: /var/folders/l2/q8hj_6s91xnb2jxg1sqm0h7r0000gn/T/1875c266911f801b691956fe9e9284d6.mpf_cache
2024-05-06 10:19:51,978 : INFO : ConfigProcessor : Loading config from cache: /var/folders/l2/q8hj_6s91xnb2jxg1sqm0h7r0000gn/T/f97c90855879603280fcc571f5c42639.mpf_cache
2024-05-06 10:19:51,978 : INFO : ConfigProcessor : Loading config from cache: /var/folders/l2/q8hj_6s91xnb2jxg1sqm0h7r0000gn/T/5336ce152edc820b26f3a51a9f95779b.mpf_cache
2024-05-06 10:19:51,978 : WARNING : ConfigProcessor : Config file in cache changed: /Users/tannerpetch/Documents/GitHub/lofab/modes/mult_fleshy/config/mult_fleshy.yaml
2024-05-06 10:19:51,978 : INFO : ConfigProcessor : Loading config from file /Users/tannerpetch/Documents/GitHub/lofab/modes/mult_fleshy/config/mult_fleshy.yaml.
2024-05-06 10:19:51,980 : INFO : ConfigProcessor : Loading config: /Users/tannerpetch/Documents/GitHub/lofab/modes/mult_fleshy/config/mult_fleshy.yaml
2024-05-06 10:19:51,980 : INFO : ConfigProcessor : Config file cache created: /var/folders/l2/q8hj_6s91xnb2jxg1sqm0h7r0000gn/T/584196ece55f676a535bfbda3a88171a.mpf_cache
2024-05-06 10:19:51,980 : INFO : ConfigProcessor : Loading config from cache: /var/folders/l2/q8hj_6s91xnb2jxg1sqm0h7r0000gn/T/4b1e343fa9806c398ec7ee103dcfa7e2.mpf_cache
2024-05-06 10:19:51,980 : INFO : ConfigProcessor : Loading config from cache: /var/folders/l2/q8hj_6s91xnb2jxg1sqm0h7r0000gn/T/3dbc438e88423aa3ff742db2713b600f.mpf_cache
2024-05-06 10:19:51,981 : INFO : ConfigProcessor : Loading config from cache: /var/folders/l2/q8hj_6s91xnb2jxg1sqm0h7r0000gn/T/154d071a3850556c6f3eae37bf41c8b6.mpf_cache
2024-05-06 10:19:51,981 : INFO : ConfigProcessor : Loading config from cache: /var/folders/l2/q8hj_6s91xnb2jxg1sqm0h7r0000gn/T/ab100dbe0e16472b56f0213f3842a00f.mpf_cache
2024-05-06 10:19:51,983 : INFO : ConfigProcessor : Loading config from cache: /var/folders/l2/q8hj_6s91xnb2jxg1sqm0h7r0000gn/T/f03ad90ccd2c053e9e5d10795d01f4ba.mpf_cache
2024-05-06 10:19:51,983 : INFO : ConfigProcessor : Loading config from cache: /var/folders/l2/q8hj_6s91xnb2jxg1sqm0h7r0000gn/T/0f3c951d4c93079ae3fac6429c5bc2ee.mpf_cache
2024-05-06 10:19:51,983 : INFO : ConfigProcessor : Loading config from cache: /var/folders/l2/q8hj_6s91xnb2jxg1sqm0h7r0000gn/T/8bf004783a280ac33d17b88f37848116.mpf_cache
2024-05-06 10:19:51,984 : INFO : ConfigProcessor : Loading config from cache: /var/folders/l2/q8hj_6s91xnb2jxg1sqm0h7r0000gn/T/db98bdefe8a072cec23a2527f4303b09.mpf_cache
2024-05-06 10:19:51,984 : INFO : ConfigProcessor : Loading config from cache: /var/folders/l2/q8hj_6s91xnb2jxg1sqm0h7r0000gn/T/d5d50eaa09e055f3a827c6269a3aa165.mpf_cache
2024-05-06 10:19:51,984 : INFO : ConfigProcessor : Loading config from cache: /var/folders/l2/q8hj_6s91xnb2jxg1sqm0h7r0000gn/T/eefb91dd78a2b4d0f2b86f7f7cb501a3.mpf_cache
2024-05-06 10:19:51,985 : INFO : ConfigProcessor : Loading config from cache: /var/folders/l2/q8hj_6s91xnb2jxg1sqm0h7r0000gn/T/d32f8b43f49e3e57afbd189fbbccae80.mpf_cache
2024-05-06 10:19:51,985 : INFO : ConfigProcessor : Loading config from cache: /var/folders/l2/q8hj_6s91xnb2jxg1sqm0h7r0000gn/T/08db62a1c5938674fa894d468364ed3e.mpf_cache
2024-05-06 10:19:51,985 : INFO : Machine : Mission Pinball Framework Core Engine v0.80.0.dev1
2024-05-06 10:19:51,985 : INFO : Machine : Command line arguments: {'no_load_cache': False, 'create_config_cache': True, 'bcp': False, 'configfile': ['config.yaml'], 'force_assets_load': False, 'platform_integration_test': False, 'jsonlogging': False, 'logfile': 'logs/2024-05-06-10-19-51-mpf-Tanners-Laptop.local.log', 'pause': False, 'production': False, 'text_ui': True, 'loglevel': 15, 'consoleloglevel': 20, 'force_platform': 'virtual', 'syslog_address': None, 'mc_file_name': None, 'no_sound': False}
2024-05-06 10:19:51,985 : INFO : Machine : MPF path: /Users/tannerpetch/Documents/git/mpf/mpf
2024-05-06 10:19:51,985 : INFO : Machine : Machine path: /Users/tannerpetch/Documents/GitHub/lofab
2024-05-06 10:19:51,985 : INFO : Machine : Platform: darwin
2024-05-06 10:19:51,985 : INFO : Machine : Python executable location: /Users/tannerpetch/mpfenv/bin/python3
2024-05-06 10:19:51,985 : INFO : Machine : Python version: 3.9.13 (64-bit)
2024-05-06 10:19:51,986 : INFO : Machine : Initializing MPF...
2024-05-06 10:19:52,010 : INFO : EventManager : Event: ======'machine_var_credits_string'====== Args={'value': 'FREE PLAY', 'prev_value': None, 'change': True}
2024-05-06 10:19:52,016 : INFO : EventManager : Event: ======'machine_var_master_volume'====== Args={'value': 0.5, 'prev_value': None, 'change': True}
2024-05-06 10:19:52,016 : INFO : EventManager : Event: ======'machine_var_player1_score'====== Args={'value': 100, 'prev_value': None, 'change': True}
2024-05-06 10:19:52,016 : INFO : EventManager : Event: ======'machine_var_player2_score'====== Args={'value': 0, 'prev_value': None, 'change': True}
2024-05-06 10:19:52,016 : INFO : EventManager : Event: ======'machine_var_mpf_version'====== Args={'value': 'Mission Pinball Framework v0.80.0.dev1', 'prev_value': None, 'change': True}
2024-05-06 10:19:52,016 : INFO : EventManager : Event: ======'machine_var_mpf_extended_version'====== Args={'value': 'Mission Pinball Framework v0.80.0.dev1, Config version:6, Show version: 6, BCP version:1.1', 'prev_value': None, 'change': True}
2024-05-06 10:19:52,016 : INFO : EventManager : Event: ======'machine_var_python_version'====== Args={'value': '3.9.13', 'prev_value': None, 'change': True}
2024-05-06 10:19:52,021 : INFO : EventManager : Event: ======'machine_var_platform'====== Args={'value': 'macOS-14.3-arm64-arm-64bit', 'prev_value': None, 'change': True}
2024-05-06 10:19:52,021 : INFO : EventManager : Event: ======'machine_var_platform_system'====== Args={'value': 'Darwin', 'prev_value': None, 'change': True}
2024-05-06 10:19:52,021 : INFO : EventManager : Event: ======'machine_var_platform_release'====== Args={'value': '23.3.0', 'prev_value': None, 'change': True}
2024-05-06 10:19:52,021 : INFO : EventManager : Event: ======'machine_var_platform_version'====== Args={'value': 'Darwin Kernel Version 23.3.0: Thu Dec 21 02:29:41 PST 2023; root:xnu-10002.81.5~11/RELEASE_ARM64_T8122', 'prev_value': None, 'change': True}
2024-05-06 10:19:52,021 : INFO : EventManager : Event: ======'machine_var_platform_machine'====== Args={'value': 'arm64', 'prev_value': None, 'change': True}
2024-05-06 10:19:52,021 : INFO : EventManager : Event: ======'init_phase_1'====== Args={}
2024-05-06 10:19:52,034 : INFO : EventManager : Event: ======'init_phase_2'====== Args={}
2024-05-06 10:19:52,036 : INFO : ball_device.bd_vuk : BCH: Initial count: 0
2024-05-06 10:19:52,036 : INFO : ball_device.bd_vuk : State: idle
2024-05-06 10:19:52,037 : INFO : ball_device.bd_trough : BCH: Initial count: 0
2024-05-06 10:19:52,037 : INFO : ball_device.bd_trough : State: idle
2024-05-06 10:19:52,040 : INFO : EventManager : Event: ======'init_phase_3'====== Args={}
2024-05-06 10:19:52,177 : INFO : EventManager : Event: ======'init_phase_4'====== Args={}
2024-05-06 10:19:52,178 : INFO : BallController : Initial balls found: 0
2024-05-06 10:19:52,178 : INFO : EventManager : Event: ======'machine_var_audits_events_game_ended'====== Args={'value': 1, 'prev_value': None, 'change': True}
2024-05-06 10:19:52,179 : INFO : EventManager : Event: ======'machine_var_audits_events_game_started'====== Args={'value': 19, 'prev_value': None, 'change': True}
2024-05-06 10:19:52,179 : INFO : EventManager : Event: ======'machine_var_audits_missing_switches_s_e'====== Args={'value': 19, 'prev_value': None, 'change': True}
2024-05-06 10:19:52,179 : INFO : EventManager : Event: ======'machine_var_audits_missing_switches_s_flipper_l'====== Args={'value': 2, 'prev_value': None, 'change': True}
2024-05-06 10:19:52,179 : INFO : EventManager : Event: ======'machine_var_audits_missing_switches_s_flipper_r'====== Args={'value': 8, 'prev_value': None, 'change': True}
2024-05-06 10:19:52,179 : INFO : EventManager : Event: ======'machine_var_audits_missing_switches_s_h'====== Args={'value': 19, 'prev_value': None, 'change': True}
2024-05-06 10:19:52,179 : INFO : EventManager : Event: ======'machine_var_audits_missing_switches_s_pop'====== Args={'value': 19, 'prev_value': None, 'change': True}
2024-05-06 10:19:52,179 : INFO : EventManager : Event: ======'machine_var_audits_missing_switches_s_ramp_complete'====== Args={'value': 19, 'prev_value': None, 'change': True}
2024-05-06 10:19:52,179 : INFO : EventManager : Event: ======'machine_var_audits_missing_switches_s_ramp_l'====== Args={'value': 19, 'prev_value': None, 'change': True}
2024-05-06 10:19:52,179 : INFO : EventManager : Event: ======'machine_var_audits_missing_switches_s_ramp_r'====== Args={'value': 19, 'prev_value': None, 'change': True}
2024-05-06 10:19:52,179 : INFO : EventManager : Event: ======'machine_var_audits_missing_switches_s_sling_l'====== Args={'value': 19, 'prev_value': None, 'change': True}
2024-05-06 10:19:52,179 : INFO : EventManager : Event: ======'machine_var_audits_missing_switches_s_sling_r'====== Args={'value': 19, 'prev_value': None, 'change': True}
2024-05-06 10:19:52,179 : INFO : EventManager : Event: ======'machine_var_audits_missing_switches_s_spinner'====== Args={'value': 19, 'prev_value': None, 'change': True}
2024-05-06 10:19:52,179 : INFO : EventManager : Event: ======'machine_var_audits_missing_switches_s_start'====== Args={'value': 6, 'prev_value': None, 'change': True}
2024-05-06 10:19:52,179 : INFO : EventManager : Event: ======'machine_var_audits_missing_switches_s_stationary_back'====== Args={'value': 19, 'prev_value': None, 'change': True}
2024-05-06 10:19:52,179 : INFO : EventManager : Event: ======'machine_var_audits_missing_switches_s_stationary_u'====== Args={'value': 5, 'prev_value': None, 'change': True}
2024-05-06 10:19:52,179 : INFO : EventManager : Event: ======'machine_var_audits_missing_switches_s_tilt_l'====== Args={'value': 19, 'prev_value': None, 'change': True}
2024-05-06 10:19:52,179 : INFO : EventManager : Event: ======'machine_var_audits_missing_switches_s_tilt_r'====== Args={'value': 19, 'prev_value': None, 'change': True}
2024-05-06 10:19:52,179 : INFO : EventManager : Event: ======'machine_var_audits_missing_switches_s_trough_1'====== Args={'value': 6, 'prev_value': None, 'change': True}
2024-05-06 10:19:52,179 : INFO : EventManager : Event: ======'machine_var_audits_missing_switches_s_trough_2'====== Args={'value': 19, 'prev_value': None, 'change': True}
2024-05-06 10:19:52,179 : INFO : EventManager : Event: ======'machine_var_audits_missing_switches_s_trough_3'====== Args={'value': 19, 'prev_value': None, 'change': True}
2024-05-06 10:19:52,179 : INFO : EventManager : Event: ======'machine_var_audits_missing_switches_s_trough_4'====== Args={'value': 17, 'prev_value': None, 'change': True}
2024-05-06 10:19:52,179 : INFO : EventManager : Event: ======'machine_var_audits_missing_switches_s_vuk'====== Args={'value': 17, 'prev_value': None, 'change': True}
2024-05-06 10:19:52,179 : INFO : EventManager : Event: ======'machine_var_audits_player_score'====== Args={'value': {'average': 0, 'top': [100, 0], 'total': 2}, 'prev_value': None, 'change': True}
2024-05-06 10:19:52,179 : INFO : EventManager : Event: ======'machine_var_audits_shots_r_o'====== Args={'value': 55, 'prev_value': None, 'change': True}
2024-05-06 10:19:52,180 : INFO : EventManager : Event: ======'machine_var_audits_shots_r_o_fleshy'====== Args={'value': 52, 'prev_value': None, 'change': True}
2024-05-06 10:19:52,180 : INFO : EventManager : Event: ======'machine_var_audits_shots_r_s'====== Args={'value': 23, 'prev_value': None, 'change': True}
2024-05-06 10:19:52,180 : INFO : EventManager : Event: ======'machine_var_audits_shots_r_s_fleshy'====== Args={'value': 23, 'prev_value': None, 'change': True}
2024-05-06 10:19:52,180 : INFO : EventManager : Event: ======'machine_var_audits_shots_r_u'====== Args={'value': 4, 'prev_value': None, 'change': True}
2024-05-06 10:19:52,180 : INFO : EventManager : Event: ======'machine_var_audits_switches_s_e'====== Args={'value': 0, 'prev_value': None, 'change': True}
2024-05-06 10:19:52,180 : INFO : EventManager : Event: ======'machine_var_audits_switches_s_flipper_l'====== Args={'value': 17, 'prev_value': None, 'change': True}
2024-05-06 10:19:52,180 : INFO : EventManager : Event: ======'machine_var_audits_switches_s_flipper_r'====== Args={'value': 1, 'prev_value': None, 'change': True}
2024-05-06 10:19:52,180 : INFO : EventManager : Event: ======'machine_var_audits_switches_s_h'====== Args={'value': 0, 'prev_value': None, 'change': True}
2024-05-06 10:19:52,180 : INFO : EventManager : Event: ======'machine_var_audits_switches_s_launch'====== Args={'value': 19, 'prev_value': None, 'change': True}
2024-05-06 10:19:52,180 : INFO : EventManager : Event: ======'machine_var_audits_switches_s_pop'====== Args={'value': 0, 'prev_value': None, 'change': True}
2024-05-06 10:19:52,180 : INFO : EventManager : Event: ======'machine_var_audits_switches_s_ramp_complete'====== Args={'value': 0, 'prev_value': None, 'change': True}
2024-05-06 10:19:52,180 : INFO : EventManager : Event: ======'machine_var_audits_switches_s_ramp_l'====== Args={'value': 0, 'prev_value': None, 'change': True}
2024-05-06 10:19:52,180 : INFO : EventManager : Event: ======'machine_var_audits_switches_s_ramp_r'====== Args={'value': 0, 'prev_value': None, 'change': True}
2024-05-06 10:19:52,180 : INFO : EventManager : Event: ======'machine_var_audits_switches_s_sling_l'====== Args={'value': 0, 'prev_value': None, 'change': True}
2024-05-06 10:19:52,180 : INFO : EventManager : Event: ======'machine_var_audits_switches_s_sling_r'====== Args={'value': 0, 'prev_value': None, 'change': True}
2024-05-06 10:19:52,180 : INFO : EventManager : Event: ======'machine_var_audits_switches_s_spinner'====== Args={'value': 0, 'prev_value': None, 'change': True}
2024-05-06 10:19:52,180 : INFO : EventManager : Event: ======'machine_var_audits_switches_s_start'====== Args={'value': 5, 'prev_value': None, 'change': True}
2024-05-06 10:19:52,181 : INFO : EventManager : Event: ======'machine_var_audits_switches_s_stationary_back'====== Args={'value': 0, 'prev_value': None, 'change': True}
2024-05-06 10:19:52,181 : INFO : EventManager : Event: ======'machine_var_audits_switches_s_stationary_o'====== Args={'value': 56, 'prev_value': None, 'change': True}
2024-05-06 10:19:52,181 : INFO : EventManager : Event: ======'machine_var_audits_switches_s_stationary_s'====== Args={'value': 23, 'prev_value': None, 'change': True}
2024-05-06 10:19:52,181 : INFO : EventManager : Event: ======'machine_var_audits_switches_s_stationary_u'====== Args={'value': 23, 'prev_value': None, 'change': True}
2024-05-06 10:19:52,181 : INFO : EventManager : Event: ======'machine_var_audits_switches_s_tilt_l'====== Args={'value': 0, 'prev_value': None, 'change': True}
2024-05-06 10:19:52,181 : INFO : EventManager : Event: ======'machine_var_audits_switches_s_tilt_r'====== Args={'value': 0, 'prev_value': None, 'change': True}
2024-05-06 10:19:52,181 : INFO : EventManager : Event: ======'machine_var_audits_switches_s_trough_1'====== Args={'value': 5, 'prev_value': None, 'change': True}
2024-05-06 10:19:52,181 : INFO : EventManager : Event: ======'machine_var_audits_switches_s_trough_2'====== Args={'value': 0, 'prev_value': None, 'change': True}
2024-05-06 10:19:52,181 : INFO : EventManager : Event: ======'machine_var_audits_switches_s_trough_3'====== Args={'value': 0, 'prev_value': None, 'change': True}
2024-05-06 10:19:52,181 : INFO : EventManager : Event: ======'machine_var_audits_switches_s_trough_4'====== Args={'value': 1, 'prev_value': None, 'change': True}
2024-05-06 10:19:52,181 : INFO : EventManager : Event: ======'machine_var_audits_switches_s_vuk'====== Args={'value': 6, 'prev_value': None, 'change': True}
2024-05-06 10:19:52,182 : INFO : EventManager : Event: ======'init_phase_5'====== Args={}
2024-05-06 10:19:52,182 : INFO : EventManager : Event: ======'init_done'====== Args={}
2024-05-06 10:19:52,182 : INFO : EventManager : Event: ======'machine_reset_phase_1'====== Args={}
2024-05-06 10:19:52,182 : INFO : EventManager : Event: ======'machine_reset_phase_2'====== Args={}
2024-05-06 10:19:52,182 : INFO : EventManager : Event: ======'machine_reset_phase_3'====== Args={}
2024-05-06 10:19:52,182 : INFO : EventManager : Event: ======'reset_complete'====== Args={}
2024-05-06 10:19:52,183 : INFO : EventManager : Event: ======'mode_attract_will_start'====== Args={}
2024-05-06 10:19:52,183 : INFO : EventManager : Event: ======'mode_attract_starting'====== Args={}
2024-05-06 10:19:52,183 : INFO : Mode.attract : Started. Priority: 10
2024-05-06 10:19:52,183 : INFO : EventManager : Event: ======'modes_active_modes_changed'====== Args={}
2024-05-06 10:19:52,183 : INFO : EventManager : Event: ======'mode_attract_started'====== Args={}
2024-05-06 10:19:52,183 : INFO : EventManager : Event: ======'collecting_balls_complete'====== Args={}
2024-05-06 10:19:52,183 : INFO : Machine : Starting the main run loop.
2024-05-06 10:19:52,223 : INFO : BcpServer : New client connected.
2024-05-06 10:20:01,130 : INFO : SwitchController : <<<<<<< 's_trough_1' active >>>>>>>
2024-05-06 10:20:01,232 : INFO : SwitchController : <<<<<<< 's_trough_1' inactive >>>>>>>
2024-05-06 10:20:01,497 : INFO : SwitchController : <<<<<<< 's_trough_1' active >>>>>>>
2024-05-06 10:20:01,998 : INFO : EventManager : Event: ======'balldevice_bd_trough_ball_count_changed'====== Args={'balls': 1}
2024-05-06 10:20:01,998 : INFO : ball_device.bd_trough : Received unexpected ball
2024-05-06 10:20:01,998 : INFO : EventManager : Event: ======'balldevice_captured_from_playfield'====== Args={'balls': 1}
2024-05-06 10:20:01,999 : INFO : EventManager : Event: ======'sw_playfield_active'====== Args={'balls': 1}
2024-05-06 10:20:01,999 : INFO : EventManager : Event: ======'playfield_active'====== Args={}
2024-05-06 10:20:01,999 : INFO : EventManager : Event: ======'unexpected_ball_on_playfield'====== Args={}
2024-05-06 10:20:01,999 : INFO : EventManager : Event: ======'playfield_ball_count_change'====== Args={'balls': -1, 'change': -1}
2024-05-06 10:20:02,000 : INFO : EventManager : Event: ======'balldevice_playfield_ball_enter'====== Args={'new_balls': 1, 'unclaimed_balls': 1, 'device': <playfield.playfield>}
2024-05-06 10:20:02,000 : INFO : EventManager : Event: ======'playfield_ball_count_change'====== Args={'balls': 0, 'change': 1}
2024-05-06 10:20:02,000 : INFO : BallController : Found a new ball which was captured from playfield. Known balls: 1
2024-05-06 10:20:02,000 : INFO : EventManager : Event: ======'found_new_ball'====== Args={}
2024-05-06 10:20:02,000 : INFO : EventManager : Event: ======'balldevice_bd_trough_ball_enter'====== Args={'new_balls': 1, 'unclaimed_balls': 1, 'new_available_balls': 1, 'device': <ball_device.bd_trough>}
2024-05-06 10:20:02,001 : INFO : EventManager : Event: ======'ball_drain'====== Args={'device': <ball_device.bd_trough>, 'balls': 1}
2024-05-06 10:20:02,001 : INFO : EventManager : Event: ======'balldevice_balls_available'====== Args={}
2024-05-06 10:20:02,001 : INFO : EventManager : Event: ======'balldevice_bd_trough_ball_entered'====== Args={'new_balls': 1, 'device': <ball_device.bd_trough>}
2024-05-06 10:20:02,812 : INFO : SwitchController : <<<<<<< 's_start' active >>>>>>>
2024-05-06 10:20:02,947 : INFO : SwitchController : <<<<<<< 's_start' inactive >>>>>>>
2024-05-06 10:20:02,947 : INFO : EventManager : Event: ======'request_to_start_game'====== Args={}
2024-05-06 10:20:02,947 : INFO : EventManager : Event: ======'game_start'====== Args={'buttons': [], 'hold_time': 0.13428604200000116}
2024-05-06 10:20:02,947 : INFO : EventManager : Event: ======'mode_game_will_start'====== Args={'buttons': [], 'hold_time': 0.13428604200000116}
2024-05-06 10:20:02,948 : INFO : EventManager : Event: ======'mode_game_starting'====== Args={'buttons': [], 'hold_time': 0.13428604200000116}
2024-05-06 10:20:02,948 : INFO : EventManager : Event: ======'mode_attract_will_stop'====== Args={}
2024-05-06 10:20:02,948 : INFO : EventManager : Event: ======'mode_attract_stopping'====== Args={}
2024-05-06 10:20:02,948 : INFO : Mode.attract : Stopped.
2024-05-06 10:20:02,949 : INFO : EventManager : Event: ======'modes_active_modes_changed'====== Args={}
2024-05-06 10:20:02,949 : INFO : EventManager : Event: ======'mode_attract_stopped'====== Args={}
2024-05-06 10:20:02,950 : INFO : EventManager : Event: ======'clear'====== Args={'key': 'attract'}
2024-05-06 10:20:02,950 : INFO : Mode.game : Started. Priority: 20
2024-05-06 10:20:02,950 : INFO : EventManager : Event: ======'modes_active_modes_changed'====== Args={}
2024-05-06 10:20:02,950 : INFO : EventManager : Event: ======'mode_game_started'====== Args={'buttons': [], 'hold_time': 0.13428604200000116}
2024-05-06 10:20:02,951 : INFO : EventManager : Event: ======'game_will_start'====== Args={}
2024-05-06 10:20:02,951 : INFO : EventManager : Event: ======'game_starting'====== Args={'game': <Mode.game>}
2024-05-06 10:20:02,951 : INFO : EventManager : Unordered handler for class <Auditor> on event game_ended with priority 1. Handlers: [RegisteredHandler(callback=<bound method Auditor.disable of <Auditor>>, priority=1, kwargs={}, key=UUID('2a6b9b30-4ba7-479a-8ca9-7029c6495154'), condition=None, blocking_facility=None), RegisteredHandler(callback=<bound method Auditor._save_audits of <Auditor>>, priority=1, kwargs={}, key=UUID('0a0ff7f3-cfcd-4176-b638-7cf2c15ced02'), condition=None, blocking_facility=None)]. The order of those handlers is not defined and they will be executed in random order. This might lead to race conditions and potential bugs.
2024-05-06 10:20:02,951 : INFO : EventManager : Event: ======'player_add_request'====== Args={}
2024-05-06 10:20:02,952 : INFO : EventManager : Event: ======'player_will_add'====== Args={'number': 1}
2024-05-06 10:20:02,952 : INFO : EventManager : Event: ======'player_adding'====== Args={'player': <Player 1>, 'number': 1}
2024-05-06 10:20:02,952 : INFO : EventManager : Event: ======'player_added'====== Args={'player': <Player 1>, 'num': 1}
2024-05-06 10:20:02,952 : INFO : Mode.game : Player added successfully. Total players: 1
2024-05-06 10:20:02,952 : INFO : EventManager : Event: ======'player_index'====== Args={'value': 0, 'prev_value': 0, 'change': 0, 'player_num': 1}
2024-05-06 10:20:02,952 : INFO : EventManager : Event: ======'player_number'====== Args={'value': 1, 'prev_value': 1, 'change': 0, 'player_num': 1}
2024-05-06 10:20:02,952 : INFO : EventManager : Event: ======'player_score'====== Args={'value': 0, 'prev_value': 0, 'change': 0, 'player_num': 1}
2024-05-06 10:20:02,953 : INFO : EventManager : Event: ======'game_started'====== Args={}
2024-05-06 10:20:02,953 : INFO : EventManager : Event: ======'player_turn_will_start'====== Args={'player': <Player 1>, 'number': 1}
2024-05-06 10:20:02,953 : INFO : EventManager : Event: ======'player_turn_starting'====== Args={'player': <Player 1>, 'number': 1}
2024-05-06 10:20:02,956 : INFO : EventManager : Event: ======'player_ball'====== Args={'value': 1, 'prev_value': 0, 'change': 1, 'player_num': 1}
2024-05-06 10:20:02,956 : INFO : EventManager : Event: ======'player_turn_started'====== Args={'player': <Player 1>, 'number': 1}
2024-05-06 10:20:02,956 : INFO : EventManager : Event: ======'ball_will_start'====== Args={'player': 1, 'ball': 1, 'balls_remaining': 2, 'is_extra_ball': False}
2024-05-06 10:20:02,957 : INFO : EventManager : Event: ======'ball_starting'====== Args={'player': 1, 'ball': 1, 'balls_remaining': 2, 'is_extra_ball': False}
2024-05-06 10:20:02,957 : INFO : EventManager : Event: ======'mode_base_will_start'====== Args={'queue': <QueuedEvent>, 'player': 1, 'ball': 1, 'balls_remaining': 2, 'is_extra_ball': False}
2024-05-06 10:20:02,957 : INFO : EventManager : Event: ======'player_shot_r_pop_enabled'====== Args={'value': True, 'prev_value': 0, 'change': 1, 'player_num': 1}
2024-05-06 10:20:02,958 : INFO : EventManager : Event: ======'player_shot_r_sling_l_enabled'====== Args={'value': True, 'prev_value': 0, 'change': 1, 'player_num': 1}
2024-05-06 10:20:02,958 : INFO : EventManager : Event: ======'player_shot_r_sling_r_enabled'====== Args={'value': True, 'prev_value': 0, 'change': 1, 'player_num': 1}
2024-05-06 10:20:02,959 : INFO : EventManager : Event: ======'mode_base_starting'====== Args={'queue': <QueuedEvent>, 'player': 1, 'ball': 1, 'balls_remaining': 2, 'is_extra_ball': False}
2024-05-06 10:20:02,959 : INFO : EventManager : Event: ======'waiting_for_launch_press'====== Args={}
2024-05-06 10:20:02,959 : INFO : Mode.base : Started. Priority: 100
2024-05-06 10:20:02,959 : INFO : EventManager : Event: ======'modes_active_modes_changed'====== Args={}
2024-05-06 10:20:02,959 : INFO : EventManager : Event: ======'mode_base_started'====== Args={'queue': <QueuedEvent>, 'player': 1, 'ball': 1, 'balls_remaining': 2, 'is_extra_ball': False}
2024-05-06 10:20:04,427 : INFO : SwitchController : <<<<<<< 's_launch' active >>>>>>>
2024-05-06 10:20:04,428 : INFO : EventManager : Event: ======'e_launch_press'====== Args={}
2024-05-06 10:20:04,428 : INFO : EventManager : Event: ======'machine_var_audits_switches_s_launch'====== Args={'value': 20, 'prev_value': 19, 'change': 1}
2024-05-06 10:20:04,432 : INFO : EventManager : Event: ======'balls_in_play'====== Args={'balls': 1}
2024-05-06 10:20:04,432 : INFO : EventManager : Event: ======'ball_started'====== Args={'player': 1, 'ball': 1, 'balls_remaining': 2, 'is_extra_ball': False}
2024-05-06 10:20:04,432 : INFO : EventManager : Event: ======'mode_start_ball_save_will_start'====== Args={'player': 1, 'ball': 1, 'balls_remaining': 2, 'is_extra_ball': False}
2024-05-06 10:20:04,433 : INFO : EventManager : Event: ======'mode_start_ball_save_starting'====== Args={'player': 1, 'ball': 1, 'balls_remaining': 2, 'is_extra_ball': False}
2024-05-06 10:20:04,433 : INFO : EventManager : Event: ======'mode_mult_fleshy_qualify_will_start'====== Args={'player': 1, 'ball': 1, 'balls_remaining': 2, 'is_extra_ball': False}
2024-05-06 10:20:04,433 : INFO : EventManager : Event: ======'player_shot_r_o_fleshy_enabled'====== Args={'value': True, 'prev_value': 0, 'change': 1, 'player_num': 1}
2024-05-06 10:20:04,434 : INFO : EventManager : Event: ======'player_shot_r_s_fleshy_enabled'====== Args={'value': True, 'prev_value': 0, 'change': 1, 'player_num': 1}
2024-05-06 10:20:04,434 : INFO : EventManager : Event: ======'fleshy_shots_complete'====== Args={'state': 'unlit'}
2024-05-06 10:20:04,434 : INFO : EventManager : Event: ======'fleshy_shots_unlit_complete'====== Args={}
2024-05-06 10:20:04,435 : INFO : EventManager : Event: ======'mode_mult_fleshy_qualify_starting'====== Args={'player': 1, 'ball': 1, 'balls_remaining': 2, 'is_extra_ball': False}
2024-05-06 10:20:04,435 : INFO : EventManager : Event: ======'mode_lane_rotate_will_start'====== Args={'player': 1, 'ball': 1, 'balls_remaining': 2, 'is_extra_ball': False}
2024-05-06 10:20:04,435 : INFO : EventManager : Event: ======'player_shot_r_h_rotate_enabled'====== Args={'value': True, 'prev_value': 0, 'change': 1, 'player_num': 1}
2024-05-06 10:20:04,436 : INFO : EventManager : Event: ======'player_shot_r_o_rotate_enabled'====== Args={'value': True, 'prev_value': 0, 'change': 1, 'player_num': 1}
2024-05-06 10:20:04,436 : INFO : EventManager : Event: ======'player_shot_r_u_rotate_enabled'====== Args={'value': True, 'prev_value': 0, 'change': 1, 'player_num': 1}
2024-05-06 10:20:04,436 : INFO : EventManager : Event: ======'player_shot_r_s_rotate_enabled'====== Args={'value': True, 'prev_value': 0, 'change': 1, 'player_num': 1}
2024-05-06 10:20:04,437 : INFO : EventManager : Event: ======'player_shot_r_e_rotate_enabled'====== Args={'value': True, 'prev_value': 0, 'change': 1, 'player_num': 1}
2024-05-06 10:20:04,438 : INFO : EventManager : Event: ======'mode_lane_rotate_starting'====== Args={'player': 1, 'ball': 1, 'balls_remaining': 2, 'is_extra_ball': False}
2024-05-06 10:20:04,439 : INFO : Mode.lane_rotate : Started. Priority: 100
2024-05-06 10:20:04,439 : INFO : EventManager : Event: ======'modes_active_modes_changed'====== Args={}
2024-05-06 10:20:04,440 : INFO : EventManager : Event: ======'mode_lane_rotate_started'====== Args={'player': 1, 'ball': 1, 'balls_remaining': 2, 'is_extra_ball': False}
2024-05-06 10:20:04,440 : INFO : Mode.mult_fleshy_qualify : Started. Priority: 100
2024-05-06 10:20:04,440 : INFO : EventManager : Event: ======'modes_active_modes_changed'====== Args={}
2024-05-06 10:20:04,440 : INFO : EventManager : Event: ======'mode_mult_fleshy_qualify_started'====== Args={'player': 1, 'ball': 1, 'balls_remaining': 2, 'is_extra_ball': False}
2024-05-06 10:20:04,440 : INFO : Mode.start_ball_save : Started. Priority: 100
2024-05-06 10:20:04,440 : INFO : EventManager : Event: ======'modes_active_modes_changed'====== Args={}
2024-05-06 10:20:04,440 : INFO : EventManager : Event: ======'mode_start_ball_save_started'====== Args={'player': 1, 'ball': 1, 'balls_remaining': 2, 'is_extra_ball': False}
2024-05-06 10:20:04,441 : INFO : EventManager : Event: ======'ball_save_ball_save_ball_save_enabled'====== Args={}
2024-05-06 10:20:04,441 : INFO : EventManager : Event: ======'single_player_ball_started'====== Args={}
2024-05-06 10:20:04,447 : INFO : EventManager : Event: ======'ball_start_target'====== Args={'target': 'playfield'}
2024-05-06 10:20:04,447 : INFO : ball_device.bd_trough : Setting up player-controlled eject. Balls: 1, Target: <playfield.playfield>, player_controlled_eject_event: None
2024-05-06 10:20:04,447 : INFO : ball_device.bd_trough : Adding 1 ball(s) to the eject_queue with target <playfield.playfield>.
2024-05-06 10:20:04,447 : INFO : EventManager : Event: ======'balldevice_balls_available'====== Args={}
2024-05-06 10:20:04,447 : INFO : ball_device.bd_trough : State: waiting_for_target_ready
2024-05-06 10:20:04,447 : INFO : EventManager : Event: ======'balldevice_bd_trough_ball_eject_attempt'====== Args={'balls': 1, 'target': <playfield.playfield>, 'source': <ball_device.bd_trough>, 'mechanical_eject': False, 'num_attempts': 0}
2024-05-06 10:20:04,448 : INFO : ball_device.bd_trough : State: ejecting
2024-05-06 10:20:04,448 : INFO : ball_device.bd_trough : Ejecting ball to <playfield.playfield>
2024-05-06 10:20:04,448 : INFO : EventManager : Event: ======'balldevice_bd_trough_ejecting_ball'====== Args={'balls': 1, 'target': <playfield.playfield>, 'source': <ball_device.bd_trough>, 'mechanical_eject': False, 'num_attempts': 0}
2024-05-06 10:20:04,448 : INFO : EventManager : Event: ======'ball_save_ball_save_ball_save_timer_start'====== Args={}
2024-05-06 10:20:04,448 : INFO : ball_device.bd_trough : Wait for ball to leave device
2024-05-06 10:20:04,448 : INFO : coil.c_trough : Pulsing Driver for 10ms (1.0 pulse_power)
2024-05-06 10:20:04,547 : INFO : SwitchController : <<<<<<< 's_launch' inactive >>>>>>>
2024-05-06 10:20:06,450 : INFO : EventManager : Event: ======'balldevice_bd_trough_ball_eject_failed'====== Args={'target': <playfield.playfield>, 'balls': 1, 'retry': True, 'num_attempts': 1}
2024-05-06 10:20:06,452 : INFO : ball_device.bd_trough : State: waiting_for_target_ready
2024-05-06 10:20:06,452 : INFO : EventManager : Event: ======'balldevice_bd_trough_ball_eject_attempt'====== Args={'balls': 1, 'target': <playfield.playfield>, 'source': <ball_device.bd_trough>, 'mechanical_eject': False, 'num_attempts': 1}
2024-05-06 10:20:06,453 : INFO : ball_device.bd_trough : State: ejecting
2024-05-06 10:20:06,453 : INFO : ball_device.bd_trough : Ejecting ball to <playfield.playfield>
2024-05-06 10:20:06,453 : INFO : EventManager : Event: ======'balldevice_bd_trough_ejecting_ball'====== Args={'balls': 1, 'target': <playfield.playfield>, 'source': <ball_device.bd_trough>, 'mechanical_eject': False, 'num_attempts': 1}
2024-05-06 10:20:06,454 : INFO : ball_device.bd_trough : Wait for ball to leave device
2024-05-06 10:20:06,454 : INFO : coil.c_trough : Pulsing Driver for 10ms (1.0 pulse_power)
2024-05-06 10:20:08,455 : INFO : EventManager : Event: ======'balldevice_bd_trough_ball_eject_failed'====== Args={'target': <playfield.playfield>, 'balls': 1, 'retry': True, 'num_attempts': 2}
2024-05-06 10:20:08,458 : INFO : ball_device.bd_trough : State: waiting_for_target_ready
2024-05-06 10:20:08,458 : INFO : EventManager : Event: ======'balldevice_bd_trough_ball_eject_attempt'====== Args={'balls': 1, 'target': <playfield.playfield>, 'source': <ball_device.bd_trough>, 'mechanical_eject': False, 'num_attempts': 2}
2024-05-06 10:20:08,459 : INFO : ball_device.bd_trough : State: ejecting
2024-05-06 10:20:08,460 : INFO : ball_device.bd_trough : Ejecting ball to <playfield.playfield>
2024-05-06 10:20:08,460 : INFO : EventManager : Event: ======'balldevice_bd_trough_ejecting_ball'====== Args={'balls': 1, 'target': <playfield.playfield>, 'source': <ball_device.bd_trough>, 'mechanical_eject': False, 'num_attempts': 2}
2024-05-06 10:20:08,462 : INFO : ball_device.bd_trough : Wait for ball to leave device
2024-05-06 10:20:08,462 : INFO : coil.c_trough : Pulsing Driver for 10ms (1.0 pulse_power)
2024-05-06 10:20:10,464 : INFO : EventManager : Event: ======'balldevice_bd_trough_ball_eject_failed'====== Args={'target': <playfield.playfield>, 'balls': 1, 'retry': True, 'num_attempts': 3}
2024-05-06 10:20:10,467 : INFO : ball_device.bd_trough : State: waiting_for_target_ready
2024-05-06 10:20:10,467 : INFO : EventManager : Event: ======'balldevice_bd_trough_ball_eject_attempt'====== Args={'balls': 1, 'target': <playfield.playfield>, 'source': <ball_device.bd_trough>, 'mechanical_eject': False, 'num_attempts': 3}
2024-05-06 10:20:10,468 : INFO : ball_device.bd_trough : State: ejecting
2024-05-06 10:20:10,468 : INFO : ball_device.bd_trough : Ejecting ball to <playfield.playfield>
2024-05-06 10:20:10,468 : INFO : EventManager : Event: ======'balldevice_bd_trough_ejecting_ball'====== Args={'balls': 1, 'target': <playfield.playfield>, 'source': <ball_device.bd_trough>, 'mechanical_eject': False, 'num_attempts': 3}
2024-05-06 10:20:10,469 : INFO : ball_device.bd_trough : Wait for ball to leave device
2024-05-06 10:20:10,470 : INFO : coil.c_trough : Pulsing Driver for 10ms (1.0 pulse_power)
2024-05-06 10:20:12,470 : INFO : EventManager : Event: ======'balldevice_bd_trough_ball_eject_failed'====== Args={'target': <playfield.playfield>, 'balls': 1, 'retry': True, 'num_attempts': 4}
2024-05-06 10:20:12,473 : INFO : ball_device.bd_trough : State: waiting_for_target_ready
2024-05-06 10:20:12,473 : INFO : EventManager : Event: ======'balldevice_bd_trough_ball_eject_attempt'====== Args={'balls': 1, 'target': <playfield.playfield>, 'source': <ball_device.bd_trough>, 'mechanical_eject': False, 'num_attempts': 4}
2024-05-06 10:20:12,474 : INFO : ball_device.bd_trough : State: ejecting
2024-05-06 10:20:12,474 : INFO : ball_device.bd_trough : Ejecting ball to <playfield.playfield>
2024-05-06 10:20:12,474 : INFO : EventManager : Event: ======'balldevice_bd_trough_ejecting_ball'====== Args={'balls': 1, 'target': <playfield.playfield>, 'source': <ball_device.bd_trough>, 'mechanical_eject': False, 'num_attempts': 4}
2024-05-06 10:20:12,476 : INFO : ball_device.bd_trough : Wait for ball to leave device
2024-05-06 10:20:12,476 : INFO : coil.c_trough : Pulsing Driver for 10ms (1.0 pulse_power)
2024-05-06 10:20:14,477 : INFO : EventManager : Event: ======'balldevice_bd_trough_ball_eject_failed'====== Args={'target': <playfield.playfield>, 'balls': 1, 'retry': True, 'num_attempts': 5}
2024-05-06 10:20:14,480 : INFO : ball_device.bd_trough : State: waiting_for_target_ready
2024-05-06 10:20:14,480 : INFO : EventManager : Event: ======'balldevice_bd_trough_ball_eject_attempt'====== Args={'balls': 1, 'target': <playfield.playfield>, 'source': <ball_device.bd_trough>, 'mechanical_eject': False, 'num_attempts': 5}
2024-05-06 10:20:14,481 : INFO : ball_device.bd_trough : State: ejecting
2024-05-06 10:20:14,482 : INFO : ball_device.bd_trough : Ejecting ball to <playfield.playfield>
2024-05-06 10:20:14,482 : INFO : EventManager : Event: ======'balldevice_bd_trough_ejecting_ball'====== Args={'balls': 1, 'target': <playfield.playfield>, 'source': <ball_device.bd_trough>, 'mechanical_eject': False, 'num_attempts': 5}
2024-05-06 10:20:14,483 : INFO : ball_device.bd_trough : Wait for ball to leave device
2024-05-06 10:20:14,483 : INFO : coil.c_trough : Pulsing Driver for 10ms (1.0 pulse_power)
2024-05-06 10:20:16,449 : INFO : EventManager : Event: ======'ball_save_ball_save_ball_save_hurry_up'====== Args={}
2024-05-06 10:20:16,484 : INFO : EventManager : Event: ======'balldevice_bd_trough_ball_eject_failed'====== Args={'target': <playfield.playfield>, 'balls': 1, 'retry': True, 'num_attempts': 6}
2024-05-06 10:20:16,485 : INFO : ball_device.bd_trough : State: waiting_for_target_ready
2024-05-06 10:20:16,485 : INFO : EventManager : Event: ======'balldevice_bd_trough_ball_eject_attempt'====== Args={'balls': 1, 'target': <playfield.playfield>, 'source': <ball_device.bd_trough>, 'mechanical_eject': False, 'num_attempts': 6}
2024-05-06 10:20:16,486 : INFO : ball_device.bd_trough : State: ejecting
2024-05-06 10:20:16,486 : INFO : ball_device.bd_trough : Ejecting ball to <playfield.playfield>
2024-05-06 10:20:16,486 : INFO : EventManager : Event: ======'balldevice_bd_trough_ejecting_ball'====== Args={'balls': 1, 'target': <playfield.playfield>, 'source': <ball_device.bd_trough>, 'mechanical_eject': False, 'num_attempts': 6}
2024-05-06 10:20:16,487 : INFO : ball_device.bd_trough : Wait for ball to leave device
2024-05-06 10:20:16,487 : INFO : coil.c_trough : Pulsing Driver for 10ms (1.0 pulse_power)
2024-05-06 10:20:18,488 : INFO : EventManager : Event: ======'balldevice_bd_trough_ball_eject_failed'====== Args={'target': <playfield.playfield>, 'balls': 1, 'retry': True, 'num_attempts': 7}
2024-05-06 10:20:18,490 : INFO : ball_device.bd_trough : State: waiting_for_target_ready
2024-05-06 10:20:18,491 : INFO : EventManager : Event: ======'balldevice_bd_trough_ball_eject_attempt'====== Args={'balls': 1, 'target': <playfield.playfield>, 'source': <ball_device.bd_trough>, 'mechanical_eject': False, 'num_attempts': 7}
2024-05-06 10:20:18,492 : INFO : ball_device.bd_trough : State: ejecting
2024-05-06 10:20:18,492 : INFO : ball_device.bd_trough : Ejecting ball to <playfield.playfield>
2024-05-06 10:20:18,492 : INFO : EventManager : Event: ======'balldevice_bd_trough_ejecting_ball'====== Args={'balls': 1, 'target': <playfield.playfield>, 'source': <ball_device.bd_trough>, 'mechanical_eject': False, 'num_attempts': 7}
2024-05-06 10:20:18,494 : INFO : ball_device.bd_trough : Wait for ball to leave device
2024-05-06 10:20:18,494 : INFO : coil.c_trough : Pulsing Driver for 10ms (1.0 pulse_power)
2024-05-06 10:20:19,450 : INFO : EventManager : Event: ======'ball_save_ball_save_ball_save_disabled'====== Args={}
2024-05-06 10:20:20,495 : INFO : EventManager : Event: ======'balldevice_bd_trough_ball_eject_failed'====== Args={'target': <playfield.playfield>, 'balls': 1, 'retry': True, 'num_attempts': 8}
2024-05-06 10:20:20,499 : INFO : ball_device.bd_trough : State: waiting_for_target_ready
2024-05-06 10:20:20,500 : INFO : EventManager : Event: ======'balldevice_bd_trough_ball_eject_attempt'====== Args={'balls': 1, 'target': <playfield.playfield>, 'source': <ball_device.bd_trough>, 'mechanical_eject': False, 'num_attempts': 8}
2024-05-06 10:20:20,500 : INFO : ball_device.bd_trough : State: ejecting
2024-05-06 10:20:20,501 : INFO : ball_device.bd_trough : Ejecting ball to <playfield.playfield>
2024-05-06 10:20:20,501 : INFO : EventManager : Event: ======'balldevice_bd_trough_ejecting_ball'====== Args={'balls': 1, 'target': <playfield.playfield>, 'source': <ball_device.bd_trough>, 'mechanical_eject': False, 'num_attempts': 8}
2024-05-06 10:20:20,502 : INFO : ball_device.bd_trough : Wait for ball to leave device
2024-05-06 10:20:20,502 : INFO : coil.c_trough : Pulsing Driver for 10ms (1.0 pulse_power)
2024-05-06 10:20:22,503 : INFO : EventManager : Event: ======'balldevice_bd_trough_ball_eject_failed'====== Args={'target': <playfield.playfield>, 'balls': 1, 'retry': True, 'num_attempts': 9}
2024-05-06 10:20:22,505 : INFO : ball_device.bd_trough : State: waiting_for_target_ready
2024-05-06 10:20:22,505 : INFO : EventManager : Event: ======'balldevice_bd_trough_ball_eject_attempt'====== Args={'balls': 1, 'target': <playfield.playfield>, 'source': <ball_device.bd_trough>, 'mechanical_eject': False, 'num_attempts': 9}
2024-05-06 10:20:22,505 : INFO : ball_device.bd_trough : State: ejecting
2024-05-06 10:20:22,506 : INFO : ball_device.bd_trough : Ejecting ball to <playfield.playfield>
2024-05-06 10:20:22,506 : INFO : EventManager : Event: ======'balldevice_bd_trough_ejecting_ball'====== Args={'balls': 1, 'target': <playfield.playfield>, 'source': <ball_device.bd_trough>, 'mechanical_eject': False, 'num_attempts': 9}
2024-05-06 10:20:22,506 : INFO : ball_device.bd_trough : Wait for ball to leave device
2024-05-06 10:20:22,507 : INFO : coil.c_trough : Pulsing Driver for 10ms (1.0 pulse_power)
2024-05-06 10:20:24,507 : INFO : EventManager : Event: ======'balldevice_bd_trough_ball_eject_failed'====== Args={'target': <playfield.playfield>, 'balls': 1, 'retry': True, 'num_attempts': 10}
2024-05-06 10:20:24,510 : INFO : ball_device.bd_trough : State: waiting_for_target_ready
2024-05-06 10:20:24,510 : INFO : EventManager : Event: ======'balldevice_bd_trough_ball_eject_attempt'====== Args={'balls': 1, 'target': <playfield.playfield>, 'source': <ball_device.bd_trough>, 'mechanical_eject': False, 'num_attempts': 10}
2024-05-06 10:20:24,511 : INFO : ball_device.bd_trough : State: ejecting
2024-05-06 10:20:24,512 : INFO : ball_device.bd_trough : Ejecting ball to <playfield.playfield>
2024-05-06 10:20:24,512 : INFO : EventManager : Event: ======'balldevice_bd_trough_ejecting_ball'====== Args={'balls': 1, 'target': <playfield.playfield>, 'source': <ball_device.bd_trough>, 'mechanical_eject': False, 'num_attempts': 10}
2024-05-06 10:20:24,513 : INFO : ball_device.bd_trough : Wait for ball to leave device
2024-05-06 10:20:24,513 : INFO : coil.c_trough : Pulsing Driver for 10ms (1.0 pulse_power)
2024-05-06 10:20:26,515 : INFO : EventManager : Event: ======'balldevice_bd_trough_ball_eject_failed'====== Args={'target': <playfield.playfield>, 'balls': 1, 'retry': True, 'num_attempts': 11}
2024-05-06 10:20:26,517 : INFO : ball_device.bd_trough : State: waiting_for_target_ready
2024-05-06 10:20:26,517 : INFO : EventManager : Event: ======'balldevice_bd_trough_ball_eject_attempt'====== Args={'balls': 1, 'target': <playfield.playfield>, 'source': <ball_device.bd_trough>, 'mechanical_eject': False, 'num_attempts': 11}
2024-05-06 10:20:26,518 : INFO : ball_device.bd_trough : State: ejecting
2024-05-06 10:20:26,518 : INFO : ball_device.bd_trough : Ejecting ball to <playfield.playfield>
2024-05-06 10:20:26,518 : INFO : EventManager : Event: ======'balldevice_bd_trough_ejecting_ball'====== Args={'balls': 1, 'target': <playfield.playfield>, 'source': <ball_device.bd_trough>, 'mechanical_eject': False, 'num_attempts': 11}
2024-05-06 10:20:26,519 : INFO : ball_device.bd_trough : Wait for ball to leave device
2024-05-06 10:20:26,520 : INFO : coil.c_trough : Pulsing Driver for 10ms (1.0 pulse_power)
2024-05-06 10:20:28,521 : INFO : EventManager : Event: ======'balldevice_bd_trough_ball_eject_failed'====== Args={'target': <playfield.playfield>, 'balls': 1, 'retry': True, 'num_attempts': 12}
2024-05-06 10:20:28,525 : INFO : ball_device.bd_trough : State: waiting_for_target_ready
2024-05-06 10:20:28,526 : INFO : EventManager : Event: ======'balldevice_bd_trough_ball_eject_attempt'====== Args={'balls': 1, 'target': <playfield.playfield>, 'source': <ball_device.bd_trough>, 'mechanical_eject': False, 'num_attempts': 12}
2024-05-06 10:20:28,527 : INFO : ball_device.bd_trough : State: ejecting
2024-05-06 10:20:28,528 : INFO : ball_device.bd_trough : Ejecting ball to <playfield.playfield>
2024-05-06 10:20:28,529 : INFO : EventManager : Event: ======'balldevice_bd_trough_ejecting_ball'====== Args={'balls': 1, 'target': <playfield.playfield>, 'source': <ball_device.bd_trough>, 'mechanical_eject': False, 'num_attempts': 12}
2024-05-06 10:20:28,530 : INFO : ball_device.bd_trough : Wait for ball to leave device
2024-05-06 10:20:28,530 : INFO : coil.c_trough : Pulsing Driver for 10ms (1.0 pulse_power)
2024-05-06 10:20:30,532 : INFO : EventManager : Event: ======'balldevice_bd_trough_ball_eject_failed'====== Args={'target': <playfield.playfield>, 'balls': 1, 'retry': True, 'num_attempts': 13}
2024-05-06 10:20:30,534 : INFO : ball_device.bd_trough : State: waiting_for_target_ready
2024-05-06 10:20:30,534 : INFO : EventManager : Event: ======'balldevice_bd_trough_ball_eject_attempt'====== Args={'balls': 1, 'target': <playfield.playfield>, 'source': <ball_device.bd_trough>, 'mechanical_eject': False, 'num_attempts': 13}
2024-05-06 10:20:30,534 : INFO : ball_device.bd_trough : State: ejecting
2024-05-06 10:20:30,535 : INFO : ball_device.bd_trough : Ejecting ball to <playfield.playfield>
2024-05-06 10:20:30,535 : INFO : EventManager : Event: ======'balldevice_bd_trough_ejecting_ball'====== Args={'balls': 1, 'target': <playfield.playfield>, 'source': <ball_device.bd_trough>, 'mechanical_eject': False, 'num_attempts': 13}
2024-05-06 10:20:30,536 : INFO : ball_device.bd_trough : Wait for ball to leave device
2024-05-06 10:20:30,536 : INFO : coil.c_trough : Pulsing Driver for 10ms (1.0 pulse_power)
2024-05-06 10:20:32,537 : INFO : EventManager : Event: ======'balldevice_bd_trough_ball_eject_failed'====== Args={'target': <playfield.playfield>, 'balls': 1, 'retry': True, 'num_attempts': 14}
2024-05-06 10:20:32,539 : INFO : ball_device.bd_trough : State: waiting_for_target_ready
2024-05-06 10:20:32,540 : INFO : EventManager : Event: ======'balldevice_bd_trough_ball_eject_attempt'====== Args={'balls': 1, 'target': <playfield.playfield>, 'source': <ball_device.bd_trough>, 'mechanical_eject': False, 'num_attempts': 14}
2024-05-06 10:20:32,540 : INFO : ball_device.bd_trough : State: ejecting
2024-05-06 10:20:32,540 : INFO : ball_device.bd_trough : Ejecting ball to <playfield.playfield>
2024-05-06 10:20:32,541 : INFO : EventManager : Event: ======'balldevice_bd_trough_ejecting_ball'====== Args={'balls': 1, 'target': <playfield.playfield>, 'source': <ball_device.bd_trough>, 'mechanical_eject': False, 'num_attempts': 14}
2024-05-06 10:20:32,542 : INFO : ball_device.bd_trough : Wait for ball to leave device
2024-05-06 10:20:32,542 : INFO : coil.c_trough : Pulsing Driver for 10ms (1.0 pulse_power)
2024-05-06 10:20:34,544 : INFO : EventManager : Event: ======'balldevice_bd_trough_ball_eject_failed'====== Args={'target': <playfield.playfield>, 'balls': 1, 'retry': True, 'num_attempts': 15}
2024-05-06 10:20:34,546 : INFO : ball_device.bd_trough : State: waiting_for_target_ready
2024-05-06 10:20:34,546 : INFO : EventManager : Event: ======'balldevice_bd_trough_ball_eject_attempt'====== Args={'balls': 1, 'target': <playfield.playfield>, 'source': <ball_device.bd_trough>, 'mechanical_eject': False, 'num_attempts': 15}
2024-05-06 10:20:34,547 : INFO : ball_device.bd_trough : State: ejecting
2024-05-06 10:20:34,548 : INFO : ball_device.bd_trough : Ejecting ball to <playfield.playfield>
2024-05-06 10:20:34,548 : INFO : EventManager : Event: ======'balldevice_bd_trough_ejecting_ball'====== Args={'balls': 1, 'target': <playfield.playfield>, 'source': <ball_device.bd_trough>, 'mechanical_eject': False, 'num_attempts': 15}
2024-05-06 10:20:34,549 : INFO : ball_device.bd_trough : Wait for ball to leave device
2024-05-06 10:20:34,549 : INFO : coil.c_trough : Pulsing Driver for 10ms (1.0 pulse_power)
2024-05-06 10:20:36,551 : INFO : EventManager : Event: ======'balldevice_bd_trough_ball_eject_failed'====== Args={'target': <playfield.playfield>, 'balls': 1, 'retry': True, 'num_attempts': 16}
2024-05-06 10:20:36,553 : INFO : ball_device.bd_trough : State: waiting_for_target_ready
2024-05-06 10:20:36,554 : INFO : EventManager : Event: ======'balldevice_bd_trough_ball_eject_attempt'====== Args={'balls': 1, 'target': <playfield.playfield>, 'source': <ball_device.bd_trough>, 'mechanical_eject': False, 'num_attempts': 16}
2024-05-06 10:20:36,554 : INFO : ball_device.bd_trough : State: ejecting
2024-05-06 10:20:36,554 : INFO : ball_device.bd_trough : Ejecting ball to <playfield.playfield>
2024-05-06 10:20:36,554 : INFO : EventManager : Event: ======'balldevice_bd_trough_ejecting_ball'====== Args={'balls': 1, 'target': <playfield.playfield>, 'source': <ball_device.bd_trough>, 'mechanical_eject': False, 'num_attempts': 16}
2024-05-06 10:20:36,556 : INFO : ball_device.bd_trough : Wait for ball to leave device
2024-05-06 10:20:36,556 : INFO : coil.c_trough : Pulsing Driver for 10ms (1.0 pulse_power)
2024-05-06 10:20:36,646 : INFO : Machine : Shutting down...
2024-05-06 10:20:36,646 : INFO : EventManager : Event: ======'shutdown'====== Args={}
2024-05-06 10:20:36,648 : INFO : EventManager : Event: ======'mode_game_will_stop'====== Args={}
2024-05-06 10:20:36,648 : INFO : EventManager : Event: ======'mode_game_stopping'====== Args={}
2024-05-06 10:20:36,649 : INFO : EventManager : Event: ======'mode_start_ball_save_will_stop'====== Args={}
2024-05-06 10:20:36,649 : INFO : EventManager : Event: ======'mode_start_ball_save_stopping'====== Args={}
2024-05-06 10:20:36,649 : INFO : EventManager : Event: ======'mode_mult_fleshy_qualify_will_stop'====== Args={}
2024-05-06 10:20:36,649 : INFO : EventManager : Event: ======'mode_mult_fleshy_qualify_stopping'====== Args={}
2024-05-06 10:20:36,649 : INFO : EventManager : Event: ======'mode_lane_rotate_will_stop'====== Args={}
2024-05-06 10:20:36,649 : INFO : EventManager : Event: ======'mode_lane_rotate_stopping'====== Args={}
2024-05-06 10:20:36,649 : INFO : EventManager : Event: ======'mode_base_will_stop'====== Args={}
2024-05-06 10:20:36,649 : INFO : EventManager : Event: ======'mode_base_stopping'====== Args={}
2024-05-06 10:20:36,649 : INFO : Mode.base : Stopped.
2024-05-06 10:20:36,649 : INFO : EventManager : Event: ======'modes_active_modes_changed'====== Args={}
2024-05-06 10:20:36,649 : INFO : EventManager : Event: ======'mode_base_stopped'====== Args={}
2024-05-06 10:20:36,649 : INFO : EventManager : Event: ======'clear'====== Args={'key': 'base'}
2024-05-06 10:20:36,649 : INFO : Mode.lane_rotate : Stopped.
2024-05-06 10:20:36,649 : INFO : EventManager : Event: ======'modes_active_modes_changed'====== Args={}
2024-05-06 10:20:36,649 : INFO : EventManager : Event: ======'mode_lane_rotate_stopped'====== Args={}
2024-05-06 10:20:36,649 : INFO : EventManager : Event: ======'clear'====== Args={'key': 'lane_rotate'}
2024-05-06 10:20:36,650 : INFO : Mode.mult_fleshy_qualify : Stopped.
2024-05-06 10:20:36,650 : INFO : EventManager : Event: ======'modes_active_modes_changed'====== Args={}
2024-05-06 10:20:36,650 : INFO : EventManager : Event: ======'mode_mult_fleshy_qualify_stopped'====== Args={}
2024-05-06 10:20:36,650 : INFO : EventManager : Event: ======'clear'====== Args={'key': 'mult_fleshy_qualify'}
2024-05-06 10:20:36,650 : INFO : Mode.start_ball_save : Stopped.
2024-05-06 10:20:36,650 : INFO : EventManager : Event: ======'modes_active_modes_changed'====== Args={}
2024-05-06 10:20:36,650 : INFO : EventManager : Event: ======'mode_start_ball_save_stopped'====== Args={}
2024-05-06 10:20:36,650 : INFO : EventManager : Event: ======'clear'====== Args={'key': 'start_ball_save'}
2024-05-06 10:20:36,650 : INFO : Mode.game : Stopped.
2024-05-06 10:20:36,650 : INFO : EventManager : Event: ======'modes_active_modes_changed'====== Args={}
2024-05-06 10:20:36,650 : INFO : EventManager : Event: ======'mode_game_stopped'====== Args={}
2024-05-06 10:20:36,650 : INFO : EventManager : Event: ======'clear'====== Args={'key': 'game'}
2024-05-06 10:20:36,664 : INFO : root : MPF run loop ended.
