2024-04-19 08:10:14,101 : INFO : root : Loading config.
2024-04-19 08:10:14,104 : INFO : YamlMultifileConfigLoader : Machine config file #1: config.yaml
2024-04-19 08:10:14,104 : INFO : ConfigProcessor : Loading config from cache: /var/folders/l2/q8hj_6s91xnb2jxg1sqm0h7r0000gn/T/276a33a1d61deb61b55103d6f998d757.mpf_cache
2024-04-19 08:10:14,130 : INFO : ConfigProcessor : Loading config from cache: /var/folders/l2/q8hj_6s91xnb2jxg1sqm0h7r0000gn/T/a230534cf2177fbec6b8c4532498d7aa.mpf_cache
2024-04-19 08:10:14,130 : INFO : ConfigProcessor : Loading config from cache: /var/folders/l2/q8hj_6s91xnb2jxg1sqm0h7r0000gn/T/edcc5f1d3215b377c9faab88c62e4ce0.mpf_cache
2024-04-19 08:10:14,130 : INFO : ConfigProcessor : Loading config from cache: /var/folders/l2/q8hj_6s91xnb2jxg1sqm0h7r0000gn/T/a230534cf2177fbec6b8c4532498d7aa.mpf_cache
2024-04-19 08:10:14,130 : INFO : ConfigProcessor : Loading config from cache: /var/folders/l2/q8hj_6s91xnb2jxg1sqm0h7r0000gn/T/7f904b13fb0bbeff0df2664551ed6e21.mpf_cache
2024-04-19 08:10:14,130 : INFO : ConfigProcessor : Loading config from cache: /var/folders/l2/q8hj_6s91xnb2jxg1sqm0h7r0000gn/T/53deb73770a884c162702d5663ea0e83.mpf_cache
2024-04-19 08:10:14,131 : INFO : ConfigProcessor : Loading config from cache: /var/folders/l2/q8hj_6s91xnb2jxg1sqm0h7r0000gn/T/45b6bdeb875803152c34cc91590f0f97.mpf_cache
2024-04-19 08:10:14,132 : INFO : ConfigProcessor : Loading config from cache: /var/folders/l2/q8hj_6s91xnb2jxg1sqm0h7r0000gn/T/6cb9f24a7374bafcf9d9b2edd6475bfc.mpf_cache
2024-04-19 08:10:14,132 : INFO : ConfigProcessor : Loading config from cache: /var/folders/l2/q8hj_6s91xnb2jxg1sqm0h7r0000gn/T/07354f1c54bd1bc7430fe85f22342284.mpf_cache
2024-04-19 08:10:14,132 : INFO : ConfigProcessor : Loading config from cache: /var/folders/l2/q8hj_6s91xnb2jxg1sqm0h7r0000gn/T/ee658d3687e01bacb121c6577ae421c2.mpf_cache
2024-04-19 08:10:14,134 : INFO : ConfigProcessor : Loading config from cache: /var/folders/l2/q8hj_6s91xnb2jxg1sqm0h7r0000gn/T/014e81b81cd0f9e747d0e0daddd5aaa7.mpf_cache
2024-04-19 08:10:14,134 : INFO : ConfigProcessor : Loading config from cache: /var/folders/l2/q8hj_6s91xnb2jxg1sqm0h7r0000gn/T/9d19baf1f904edc0a81f0ffa55a93d43.mpf_cache
2024-04-19 08:10:14,134 : INFO : ConfigProcessor : Loading config from cache: /var/folders/l2/q8hj_6s91xnb2jxg1sqm0h7r0000gn/T/6ec197905d9edb1365cc93b70964f84d.mpf_cache
2024-04-19 08:10:14,135 : INFO : ConfigProcessor : Loading config from cache: /var/folders/l2/q8hj_6s91xnb2jxg1sqm0h7r0000gn/T/5edff7844f2566930547482ea79aca40.mpf_cache
2024-04-19 08:10:14,135 : INFO : Machine : Mission Pinball Framework Core Engine v0.57.1.dev3
2024-04-19 08:10:14,135 : INFO : Machine : Command line arguments: {'no_load_cache': False, 'create_config_cache': True, 'bcp': True, 'configfile': ['config.yaml'], 'force_assets_load': False, 'platform_integration_test': False, 'jsonlogging': False, 'logfile': 'logs/2024-04-19-08-10-14-mpf-Tanners-Laptop.home.log', 'pause': False, 'production': False, 'text_ui': True, 'loglevel': 15, 'consoleloglevel': 20, 'force_platform': 'virtual', 'syslog_address': None, 'mc_file_name': None, 'no_sound': False}
2024-04-19 08:10:14,135 : INFO : Machine : MPF path: /Library/Frameworks/Python.framework/Versions/3.9/lib/python3.9/site-packages/mpf
2024-04-19 08:10:14,135 : INFO : Machine : Machine path: /Users/tannerpetch/Documents/lofab
2024-04-19 08:10:14,135 : INFO : Machine : Platform: darwin
2024-04-19 08:10:14,135 : INFO : Machine : Python executable location: /Library/Frameworks/Python.framework/Versions/3.9/bin/python3.9
2024-04-19 08:10:14,135 : INFO : Machine : Python version: 3.9.13 (64-bit)
2024-04-19 08:10:14,136 : INFO : Machine : Initializing MPF...
2024-04-19 08:10:14,157 : INFO : EventManager : Event: ======'machine_var_credits_string'====== Args={'value': 'FREE PLAY', 'prev_value': None, 'change': True}
2024-04-19 08:10:14,170 : INFO : EventManager : Event: ======'machine_var_master_volume'====== Args={'value': 0.5, 'prev_value': None, 'change': True}
2024-04-19 08:10:14,170 : INFO : EventManager : Event: ======'machine_var_player1_score'====== Args={'value': 0, 'prev_value': None, 'change': True}
2024-04-19 08:10:14,170 : INFO : EventManager : Event: ======'machine_var_mpf_version'====== Args={'value': 'Mission Pinball Framework v0.57.1.dev3', 'prev_value': None, 'change': True}
2024-04-19 08:10:14,170 : INFO : EventManager : Event: ======'machine_var_mpf_extended_version'====== Args={'value': 'Mission Pinball Framework v0.57.1.dev3, Config version:6, Show version: 6, BCP version:1.1', 'prev_value': None, 'change': True}
2024-04-19 08:10:14,170 : INFO : EventManager : Event: ======'machine_var_python_version'====== Args={'value': '3.9.13', 'prev_value': None, 'change': True}
2024-04-19 08:10:14,178 : INFO : EventManager : Event: ======'machine_var_platform'====== Args={'value': 'macOS-14.3-arm64-arm-64bit', 'prev_value': None, 'change': True}
2024-04-19 08:10:14,178 : INFO : EventManager : Event: ======'machine_var_platform_system'====== Args={'value': 'Darwin', 'prev_value': None, 'change': True}
2024-04-19 08:10:14,178 : INFO : EventManager : Event: ======'machine_var_platform_release'====== Args={'value': '23.3.0', 'prev_value': None, 'change': True}
2024-04-19 08:10:14,178 : INFO : EventManager : Event: ======'machine_var_platform_version'====== Args={'value': 'Darwin Kernel Version 23.3.0: Thu Dec 21 02:29:41 PST 2023; root:xnu-10002.81.5~11/RELEASE_ARM64_T8122', 'prev_value': None, 'change': True}
2024-04-19 08:10:14,178 : INFO : EventManager : Event: ======'machine_var_platform_machine'====== Args={'value': 'arm64', 'prev_value': None, 'change': True}
2024-04-19 08:10:14,178 : INFO : EventManager : Event: ======'init_phase_1'====== Args={}
2024-04-19 08:10:14,193 : INFO : EventManager : Event: ======'init_phase_2'====== Args={}
2024-04-19 08:10:14,194 : INFO : EventManager : Event: ======'bcp_connection_attempt'====== Args={'name': 'local_display', 'host': 'localhost', 'port': 5050}
2024-04-19 08:10:14,195 : INFO : BCPClientSocket : Connecting BCP to 'local_display' at localhost:5050...
2024-04-19 08:10:17,562 : INFO : Machine : Starting the main run loop.
2024-04-19 08:10:17,562 : INFO : Machine : Shutting down...
2024-04-19 08:10:17,563 : INFO : EventManager : Event: ======'shutdown'====== Args={}
2024-04-19 08:10:18,570 : INFO : root : MPF run loop ended.
