2024-06-07 11:53:23,116 : INFO : root : Loading config.
2024-06-07 11:53:23,143 : INFO : ConfigProcessor : Config spec file cache created: /var/folders/l2/q8hj_6s91xnb2jxg1sqm0h7r0000gn/T/config_spec.mpf_cache
2024-06-07 11:53:23,143 : INFO : YamlMultifileConfigLoader : Machine config file #1: config.yaml
2024-06-07 11:53:23,143 : INFO : ConfigProcessor : Loading config from file /Users/tannerpetch/Documents/git/mpf/mpf/mpfconfig.yaml.
2024-06-07 11:53:23,148 : INFO : ConfigProcessor : Loading config: /Users/tannerpetch/Documents/git/mpf/mpf/mpfconfig.yaml
2024-06-07 11:53:23,148 : INFO : ConfigProcessor : Loading config from file /Users/tannerpetch/Documents/GitHub/lofab/config/config.yaml.
2024-06-07 11:53:23,153 : INFO : ConfigProcessor : Loading config: /Users/tannerpetch/Documents/GitHub/lofab/config/config.yaml
2024-06-07 11:53:23,154 : INFO : ConfigProcessor : Config file cache created: /var/folders/l2/q8hj_6s91xnb2jxg1sqm0h7r0000gn/T/479bffd5d2f40b527f859677e5b1aef9.mpf_cache
2024-06-07 11:53:23,182 : INFO : ConfigProcessor : Loading config from file /Users/tannerpetch/Documents/git/mpf/mpf/modes/attract/config/attract.yaml.
2024-06-07 11:53:23,183 : INFO : ConfigProcessor : Loading config: /Users/tannerpetch/Documents/git/mpf/mpf/modes/attract/config/attract.yaml
2024-06-07 11:53:23,183 : INFO : ConfigProcessor : Loading config from file /Users/tannerpetch/Documents/GitHub/lofab/modes/attract/config/attract.yaml.
2024-06-07 11:53:23,183 : INFO : ConfigProcessor : Loading config: /Users/tannerpetch/Documents/GitHub/lofab/modes/attract/config/attract.yaml
2024-06-07 11:53:23,183 : INFO : ConfigProcessor : Config file cache created: /var/folders/l2/q8hj_6s91xnb2jxg1sqm0h7r0000gn/T/0481b880979d7ccc71369ad5f781c736.mpf_cache
2024-06-07 11:53:23,184 : INFO : ConfigProcessor : Loading config from file /Users/tannerpetch/Documents/git/mpf/mpf/modes/game/config/game.yaml.
2024-06-07 11:53:23,184 : INFO : ConfigProcessor : Loading config: /Users/tannerpetch/Documents/git/mpf/mpf/modes/game/config/game.yaml
2024-06-07 11:53:23,184 : INFO : ConfigProcessor : Config file cache created: /var/folders/l2/q8hj_6s91xnb2jxg1sqm0h7r0000gn/T/9cfa8e96748dd80c23752180dbf36e5c.mpf_cache
2024-06-07 11:53:23,184 : INFO : ConfigProcessor : Loading config from file /Users/tannerpetch/Documents/GitHub/lofab/modes/base/config/base.yaml.
2024-06-07 11:53:23,186 : INFO : ConfigProcessor : Loading config: /Users/tannerpetch/Documents/GitHub/lofab/modes/base/config/base.yaml
2024-06-07 11:53:23,186 : INFO : ConfigProcessor : Config file cache created: /var/folders/l2/q8hj_6s91xnb2jxg1sqm0h7r0000gn/T/f97c90855879603280fcc571f5c42639.mpf_cache
2024-06-07 11:53:23,187 : INFO : ConfigProcessor : Loading config from cache: /var/folders/l2/q8hj_6s91xnb2jxg1sqm0h7r0000gn/T/0481b880979d7ccc71369ad5f781c736.mpf_cache
2024-06-07 11:53:23,187 : INFO : ConfigProcessor : Loading config from file /Users/tannerpetch/Documents/GitHub/lofab/modes/lane_rotate/config/lane_rotate.yaml.
2024-06-07 11:53:23,188 : INFO : ConfigProcessor : Loading config: /Users/tannerpetch/Documents/GitHub/lofab/modes/lane_rotate/config/lane_rotate.yaml
2024-06-07 11:53:23,188 : INFO : ConfigProcessor : Config file cache created: /var/folders/l2/q8hj_6s91xnb2jxg1sqm0h7r0000gn/T/1875c266911f801b691956fe9e9284d6.mpf_cache
2024-06-07 11:53:23,188 : INFO : ConfigProcessor : Loading config from file /Users/tannerpetch/Documents/GitHub/lofab/modes/mult_fleshy_qualify/config/mult_fleshy_qualify.yaml.
2024-06-07 11:53:23,189 : INFO : ConfigProcessor : Loading config: /Users/tannerpetch/Documents/GitHub/lofab/modes/mult_fleshy_qualify/config/mult_fleshy_qualify.yaml
2024-06-07 11:53:23,189 : INFO : ConfigProcessor : Config file cache created: /var/folders/l2/q8hj_6s91xnb2jxg1sqm0h7r0000gn/T/5336ce152edc820b26f3a51a9f95779b.mpf_cache
2024-06-07 11:53:23,189 : INFO : ConfigProcessor : Loading config from file /Users/tannerpetch/Documents/GitHub/lofab/modes/mult_fleshy/config/mult_fleshy.yaml.
2024-06-07 11:53:23,190 : INFO : ConfigProcessor : Loading config: /Users/tannerpetch/Documents/GitHub/lofab/modes/mult_fleshy/config/mult_fleshy.yaml
2024-06-07 11:53:23,190 : INFO : ConfigProcessor : Config file cache created: /var/folders/l2/q8hj_6s91xnb2jxg1sqm0h7r0000gn/T/584196ece55f676a535bfbda3a88171a.mpf_cache
2024-06-07 11:53:23,190 : INFO : ConfigProcessor : Loading config from file /Users/tannerpetch/Documents/GitHub/lofab/modes/mult_fleshy_super/config/mult_fleshy_super.yaml.
2024-06-07 11:53:23,191 : INFO : ConfigProcessor : Loading config: /Users/tannerpetch/Documents/GitHub/lofab/modes/mult_fleshy_super/config/mult_fleshy_super.yaml
2024-06-07 11:53:23,191 : INFO : ConfigProcessor : Config file cache created: /var/folders/l2/q8hj_6s91xnb2jxg1sqm0h7r0000gn/T/580ec13747cbd889de997403d41329e7.mpf_cache
2024-06-07 11:53:23,191 : INFO : ConfigProcessor : Loading config from file /Users/tannerpetch/Documents/GitHub/lofab/modes/start_ball_save/config/start_ball_save.yaml.
2024-06-07 11:53:23,192 : INFO : ConfigProcessor : Loading config: /Users/tannerpetch/Documents/GitHub/lofab/modes/start_ball_save/config/start_ball_save.yaml
2024-06-07 11:53:23,192 : INFO : ConfigProcessor : Config file cache created: /var/folders/l2/q8hj_6s91xnb2jxg1sqm0h7r0000gn/T/4b1e343fa9806c398ec7ee103dcfa7e2.mpf_cache
2024-06-07 11:53:23,192 : INFO : ConfigProcessor : Loading config from file /Users/tannerpetch/Documents/GitHub/lofab/modes/launch_shows/config/launch_shows.yaml.
2024-06-07 11:53:23,192 : INFO : ConfigProcessor : Loading config: /Users/tannerpetch/Documents/GitHub/lofab/modes/launch_shows/config/launch_shows.yaml
2024-06-07 11:53:23,192 : INFO : ConfigProcessor : Config file cache created: /var/folders/l2/q8hj_6s91xnb2jxg1sqm0h7r0000gn/T/66764f8b68b26fdba6c1f2bce3638479.mpf_cache
2024-06-07 11:53:23,192 : INFO : ConfigProcessor : Loading config from file /Users/tannerpetch/Documents/GitHub/lofab/modes/mystery/config/mystery.yaml.
2024-06-07 11:53:23,193 : INFO : ConfigProcessor : Loading config: /Users/tannerpetch/Documents/GitHub/lofab/modes/mystery/config/mystery.yaml
2024-06-07 11:53:23,193 : INFO : ConfigProcessor : Config file cache created: /var/folders/l2/q8hj_6s91xnb2jxg1sqm0h7r0000gn/T/fd60b8bbf31c7760702526891ee78a9c.mpf_cache
2024-06-07 11:53:23,193 : INFO : ConfigProcessor : Loading config from file /Users/tannerpetch/Documents/GitHub/lofab/modes/hurryup_tilt_qualify/config/hurryup_tilt_qualify.yaml.
2024-06-07 11:53:23,194 : INFO : ConfigProcessor : Loading config: /Users/tannerpetch/Documents/GitHub/lofab/modes/hurryup_tilt_qualify/config/hurryup_tilt_qualify.yaml
2024-06-07 11:53:23,194 : INFO : ConfigProcessor : Config file cache created: /var/folders/l2/q8hj_6s91xnb2jxg1sqm0h7r0000gn/T/0c919395e2ce92a9f3b169ffcf017109.mpf_cache
2024-06-07 11:53:23,194 : INFO : ConfigProcessor : Loading config from file /Users/tannerpetch/Documents/GitHub/lofab/modes/hurryup_tilt/config/hurryup_tilt.yaml.
2024-06-07 11:53:23,195 : INFO : ConfigProcessor : Loading config: /Users/tannerpetch/Documents/GitHub/lofab/modes/hurryup_tilt/config/hurryup_tilt.yaml
2024-06-07 11:53:23,195 : INFO : ConfigProcessor : Config file cache created: /var/folders/l2/q8hj_6s91xnb2jxg1sqm0h7r0000gn/T/437d7d3e70b7081fed3bd3ee4c73d41b.mpf_cache
2024-06-07 11:53:23,195 : INFO : ConfigProcessor : Loading config from file /Users/tannerpetch/Documents/GitHub/lofab/modes/attract/shows/./attract_front_lights.yaml.
2024-06-07 11:53:23,196 : INFO : ConfigProcessor : Loading config: /Users/tannerpetch/Documents/GitHub/lofab/modes/attract/shows/./attract_front_lights.yaml
2024-06-07 11:53:23,196 : INFO : ConfigProcessor : Config file cache created: /var/folders/l2/q8hj_6s91xnb2jxg1sqm0h7r0000gn/T/a3ab7d74d06f7d14292ebc77e3ada161.mpf_cache
2024-06-07 11:53:23,196 : INFO : ConfigProcessor : Loading config from file /Users/tannerpetch/Documents/GitHub/lofab/modes/attract/shows/./attract_lcd.yaml.
2024-06-07 11:53:23,196 : INFO : ConfigProcessor : Loading config: /Users/tannerpetch/Documents/GitHub/lofab/modes/attract/shows/./attract_lcd.yaml
2024-06-07 11:53:23,197 : INFO : ConfigProcessor : Config file cache created: /var/folders/l2/q8hj_6s91xnb2jxg1sqm0h7r0000gn/T/2b5fdb8fd0e736387486af32f8df92fd.mpf_cache
2024-06-07 11:53:23,197 : INFO : ConfigProcessor : Loading config from file /Users/tannerpetch/Documents/GitHub/lofab/modes/attract/shows/./red_knife_expand_reverse.yaml.
2024-06-07 11:53:23,224 : INFO : ConfigProcessor : Loading config: /Users/tannerpetch/Documents/GitHub/lofab/modes/attract/shows/./red_knife_expand_reverse.yaml
2024-06-07 11:53:23,225 : INFO : ConfigProcessor : Config file cache created: /var/folders/l2/q8hj_6s91xnb2jxg1sqm0h7r0000gn/T/3dbc438e88423aa3ff742db2713b600f.mpf_cache
2024-06-07 11:53:23,226 : INFO : ConfigProcessor : Loading config from file /Users/tannerpetch/Documents/GitHub/lofab/modes/attract/shows/./attract_tilt.yaml.
2024-06-07 11:53:23,226 : INFO : ConfigProcessor : Loading config: /Users/tannerpetch/Documents/GitHub/lofab/modes/attract/shows/./attract_tilt.yaml
2024-06-07 11:53:23,226 : INFO : ConfigProcessor : Config file cache created: /var/folders/l2/q8hj_6s91xnb2jxg1sqm0h7r0000gn/T/154d071a3850556c6f3eae37bf41c8b6.mpf_cache
2024-06-07 11:53:23,226 : INFO : ConfigProcessor : Loading config from file /Users/tannerpetch/Documents/GitHub/lofab/modes/attract/shows/./knife_breathe.yaml.
2024-06-07 11:53:23,280 : INFO : ConfigProcessor : Loading config: /Users/tannerpetch/Documents/GitHub/lofab/modes/attract/shows/./knife_breathe.yaml
2024-06-07 11:53:23,281 : INFO : ConfigProcessor : Config file cache created: /var/folders/l2/q8hj_6s91xnb2jxg1sqm0h7r0000gn/T/ab100dbe0e16472b56f0213f3842a00f.mpf_cache
2024-06-07 11:53:23,282 : INFO : ConfigProcessor : Loading config from file /Users/tannerpetch/Documents/GitHub/lofab/modes/attract/shows/./attract_stadium.yaml.
2024-06-07 11:53:23,282 : INFO : ConfigProcessor : Loading config: /Users/tannerpetch/Documents/GitHub/lofab/modes/attract/shows/./attract_stadium.yaml
2024-06-07 11:53:23,282 : INFO : ConfigProcessor : Config file cache created: /var/folders/l2/q8hj_6s91xnb2jxg1sqm0h7r0000gn/T/f03ad90ccd2c053e9e5d10795d01f4ba.mpf_cache
2024-06-07 11:53:23,282 : INFO : ConfigProcessor : Loading config from file /Users/tannerpetch/Documents/GitHub/lofab/modes/attract/shows/./gi-start.yaml.
2024-06-07 11:53:23,283 : INFO : ConfigProcessor : Loading config: /Users/tannerpetch/Documents/GitHub/lofab/modes/attract/shows/./gi-start.yaml
2024-06-07 11:53:23,283 : INFO : ConfigProcessor : Config file cache created: /var/folders/l2/q8hj_6s91xnb2jxg1sqm0h7r0000gn/T/0f3c951d4c93079ae3fac6429c5bc2ee.mpf_cache
2024-06-07 11:53:23,283 : INFO : ConfigProcessor : Loading config from file /Users/tannerpetch/Documents/GitHub/lofab/modes/attract/shows/./red_circle_expand.yaml.
2024-06-07 11:53:23,310 : INFO : ConfigProcessor : Loading config: /Users/tannerpetch/Documents/GitHub/lofab/modes/attract/shows/./red_circle_expand.yaml
2024-06-07 11:53:23,311 : INFO : ConfigProcessor : Config file cache created: /var/folders/l2/q8hj_6s91xnb2jxg1sqm0h7r0000gn/T/8bf004783a280ac33d17b88f37848116.mpf_cache
2024-06-07 11:53:23,312 : INFO : ConfigProcessor : Loading config from file /Users/tannerpetch/Documents/GitHub/lofab/modes/base/shows/./gi_on.yaml.
2024-06-07 11:53:23,313 : INFO : ConfigProcessor : Loading config: /Users/tannerpetch/Documents/GitHub/lofab/modes/base/shows/./gi_on.yaml
2024-06-07 11:53:23,313 : INFO : ConfigProcessor : Config file cache created: /var/folders/l2/q8hj_6s91xnb2jxg1sqm0h7r0000gn/T/d5d50eaa09e055f3a827c6269a3aa165.mpf_cache
2024-06-07 11:53:23,313 : INFO : ConfigProcessor : Loading config from file /Users/tannerpetch/Documents/GitHub/lofab/modes/lane_rotate/shows/./lanes_complete.yaml.
2024-06-07 11:53:23,314 : INFO : ConfigProcessor : Loading config: /Users/tannerpetch/Documents/GitHub/lofab/modes/lane_rotate/shows/./lanes_complete.yaml
2024-06-07 11:53:23,314 : INFO : ConfigProcessor : Config file cache created: /var/folders/l2/q8hj_6s91xnb2jxg1sqm0h7r0000gn/T/db98bdefe8a072cec23a2527f4303b09.mpf_cache
2024-06-07 11:53:23,314 : INFO : ConfigProcessor : Loading config from file /Users/tannerpetch/Documents/GitHub/lofab/modes/mult_fleshy_qualify/shows/./fleshy_2.yaml.
2024-06-07 11:53:23,314 : INFO : ConfigProcessor : Loading config: /Users/tannerpetch/Documents/GitHub/lofab/modes/mult_fleshy_qualify/shows/./fleshy_2.yaml
2024-06-07 11:53:23,314 : INFO : ConfigProcessor : Config file cache created: /var/folders/l2/q8hj_6s91xnb2jxg1sqm0h7r0000gn/T/eefb91dd78a2b4d0f2b86f7f7cb501a3.mpf_cache
2024-06-07 11:53:23,315 : INFO : ConfigProcessor : Loading config from file /Users/tannerpetch/Documents/GitHub/lofab/modes/mult_fleshy_qualify/shows/./fleshy_3.yaml.
2024-06-07 11:53:23,315 : INFO : ConfigProcessor : Loading config: /Users/tannerpetch/Documents/GitHub/lofab/modes/mult_fleshy_qualify/shows/./fleshy_3.yaml
2024-06-07 11:53:23,315 : INFO : ConfigProcessor : Config file cache created: /var/folders/l2/q8hj_6s91xnb2jxg1sqm0h7r0000gn/T/d32f8b43f49e3e57afbd189fbbccae80.mpf_cache
2024-06-07 11:53:23,315 : INFO : ConfigProcessor : Loading config from file /Users/tannerpetch/Documents/GitHub/lofab/modes/mult_fleshy_qualify/shows/./fleshy_1.yaml.
2024-06-07 11:53:23,316 : INFO : ConfigProcessor : Loading config: /Users/tannerpetch/Documents/GitHub/lofab/modes/mult_fleshy_qualify/shows/./fleshy_1.yaml
2024-06-07 11:53:23,316 : INFO : ConfigProcessor : Config file cache created: /var/folders/l2/q8hj_6s91xnb2jxg1sqm0h7r0000gn/T/08db62a1c5938674fa894d468364ed3e.mpf_cache
2024-06-07 11:53:23,316 : INFO : ConfigProcessor : Loading config from file /Users/tannerpetch/Documents/GitHub/lofab/modes/mult_fleshy/shows/./mult_fleshy_start_show.yaml.
2024-06-07 11:53:23,316 : INFO : ConfigProcessor : Loading config: /Users/tannerpetch/Documents/GitHub/lofab/modes/mult_fleshy/shows/./mult_fleshy_start_show.yaml
2024-06-07 11:53:23,317 : INFO : ConfigProcessor : Config file cache created: /var/folders/l2/q8hj_6s91xnb2jxg1sqm0h7r0000gn/T/98754ca8fa1663afefe3af8297a0d59a.mpf_cache
2024-06-07 11:53:23,317 : INFO : ConfigProcessor : Loading config from file /Users/tannerpetch/Documents/GitHub/lofab/modes/mult_fleshy/shows/./fleshy_blink.yaml.
2024-06-07 11:53:23,317 : INFO : ConfigProcessor : Loading config: /Users/tannerpetch/Documents/GitHub/lofab/modes/mult_fleshy/shows/./fleshy_blink.yaml
2024-06-07 11:53:23,317 : INFO : ConfigProcessor : Config file cache created: /var/folders/l2/q8hj_6s91xnb2jxg1sqm0h7r0000gn/T/0b5d87cc943a75a2ef030b7892588c99.mpf_cache
2024-06-07 11:53:23,318 : INFO : ConfigProcessor : Loading config from file /Users/tannerpetch/Documents/GitHub/lofab/modes/mult_fleshy_super/shows/./super_blink.yaml.
2024-06-07 11:53:23,318 : INFO : ConfigProcessor : Loading config: /Users/tannerpetch/Documents/GitHub/lofab/modes/mult_fleshy_super/shows/./super_blink.yaml
2024-06-07 11:53:23,318 : INFO : ConfigProcessor : Config file cache created: /var/folders/l2/q8hj_6s91xnb2jxg1sqm0h7r0000gn/T/5545c5ff302318fa3a4687589808743d.mpf_cache
2024-06-07 11:53:23,318 : INFO : ConfigProcessor : Loading config from file /Users/tannerpetch/Documents/GitHub/lofab/modes/mult_fleshy_super/shows/./knife_breathe_super.yaml.
2024-06-07 11:53:23,372 : INFO : ConfigProcessor : Loading config: /Users/tannerpetch/Documents/GitHub/lofab/modes/mult_fleshy_super/shows/./knife_breathe_super.yaml
2024-06-07 11:53:23,374 : INFO : ConfigProcessor : Config file cache created: /var/folders/l2/q8hj_6s91xnb2jxg1sqm0h7r0000gn/T/89af055c57b135455281acad4d6d7133.mpf_cache
2024-06-07 11:53:23,374 : INFO : ConfigProcessor : Loading config from file /Users/tannerpetch/Documents/GitHub/lofab/modes/launch_shows/shows/./launch_tilt.yaml.
2024-06-07 11:53:23,375 : INFO : ConfigProcessor : Loading config: /Users/tannerpetch/Documents/GitHub/lofab/modes/launch_shows/shows/./launch_tilt.yaml
2024-06-07 11:53:23,375 : INFO : ConfigProcessor : Config file cache created: /var/folders/l2/q8hj_6s91xnb2jxg1sqm0h7r0000gn/T/250153cb7d132f4134a2e9b694314568.mpf_cache
2024-06-07 11:53:23,375 : INFO : ConfigProcessor : Loading config from file /Users/tannerpetch/Documents/GitHub/lofab/modes/launch_shows/shows/./launch_lights.yaml.
2024-06-07 11:53:23,375 : INFO : ConfigProcessor : Loading config: /Users/tannerpetch/Documents/GitHub/lofab/modes/launch_shows/shows/./launch_lights.yaml
2024-06-07 11:53:23,375 : INFO : ConfigProcessor : Config file cache created: /var/folders/l2/q8hj_6s91xnb2jxg1sqm0h7r0000gn/T/bbbe87a2f82c66174798be62d4e8058c.mpf_cache
2024-06-07 11:53:23,376 : INFO : ConfigProcessor : Loading config from file /Users/tannerpetch/Documents/GitHub/lofab/modes/hurryup_tilt_qualify/shows/./tilt_r_flash.yaml.
2024-06-07 11:53:23,377 : INFO : ConfigProcessor : Loading config: /Users/tannerpetch/Documents/GitHub/lofab/modes/hurryup_tilt_qualify/shows/./tilt_r_flash.yaml
2024-06-07 11:53:23,377 : INFO : ConfigProcessor : Config file cache created: /var/folders/l2/q8hj_6s91xnb2jxg1sqm0h7r0000gn/T/2f00c61e68427a4836dbfe64f1826615.mpf_cache
2024-06-07 11:53:23,377 : INFO : ConfigProcessor : Loading config from file /Users/tannerpetch/Documents/GitHub/lofab/modes/hurryup_tilt_qualify/shows/./tilt_l_flash.yaml.
2024-06-07 11:53:23,377 : INFO : ConfigProcessor : Loading config: /Users/tannerpetch/Documents/GitHub/lofab/modes/hurryup_tilt_qualify/shows/./tilt_l_flash.yaml
2024-06-07 11:53:23,378 : INFO : ConfigProcessor : Config file cache created: /var/folders/l2/q8hj_6s91xnb2jxg1sqm0h7r0000gn/T/fc2375d75a21213b7a8ae195deeda13f.mpf_cache
2024-06-07 11:53:23,378 : INFO : ConfigProcessor : Loading config from file /Users/tannerpetch/Documents/GitHub/lofab/modes/hurryup_tilt/shows/./tilt_gi.yaml.
2024-06-07 11:53:23,378 : INFO : ConfigProcessor : Loading config: /Users/tannerpetch/Documents/GitHub/lofab/modes/hurryup_tilt/shows/./tilt_gi.yaml
2024-06-07 11:53:23,378 : INFO : ConfigProcessor : Config file cache created: /var/folders/l2/q8hj_6s91xnb2jxg1sqm0h7r0000gn/T/d5f9bfe8056108a5be40a39619bb3439.mpf_cache
2024-06-07 11:53:23,378 : INFO : Machine : Mission Pinball Framework Core Engine v0.80.0.dev1
2024-06-07 11:53:23,378 : INFO : Machine : Command line arguments: {'no_load_cache': False, 'create_config_cache': True, 'bcp': False, 'configfile': ['config.yaml'], 'force_assets_load': False, 'platform_integration_test': False, 'jsonlogging': False, 'logfile': 'logs/2024-06-07-11-53-23-mpf-Tanners-Laptop.local.log', 'pause': False, 'production': False, 'text_ui': True, 'loglevel': 15, 'consoleloglevel': 20, 'force_platform': 'smart_virtual', 'syslog_address': None, 'mc_file_name': None, 'no_sound': False}
2024-06-07 11:53:23,378 : INFO : Machine : MPF path: /Users/tannerpetch/Documents/git/mpf/mpf
2024-06-07 11:53:23,378 : INFO : Machine : Machine path: /Users/tannerpetch/Documents/GitHub/lofab
2024-06-07 11:53:23,378 : INFO : Machine : Platform: darwin
2024-06-07 11:53:23,378 : INFO : Machine : Python executable location: /Users/tannerpetch/mpfenv/bin/python3
2024-06-07 11:53:23,378 : INFO : Machine : Python version: 3.9.13 (64-bit)
2024-06-07 11:53:23,379 : INFO : Machine : Initializing MPF...
2024-06-07 11:53:23,547 : INFO : EventManager : Event: ======'machine_var_credits_string'====== Args={'value': 'FREE PLAY', 'prev_value': None, 'change': True}
2024-06-07 11:53:23,553 : INFO : EventManager : Event: ======'machine_var_master_volume'====== Args={'value': 0.5, 'prev_value': None, 'change': True}
2024-06-07 11:53:23,554 : INFO : EventManager : Event: ======'machine_var_player1_score'====== Args={'value': 0, 'prev_value': None, 'change': True}
2024-06-07 11:53:23,554 : INFO : EventManager : Event: ======'machine_var_mpf_version'====== Args={'value': 'Mission Pinball Framework v0.80.0.dev1', 'prev_value': None, 'change': True}
2024-06-07 11:53:23,554 : INFO : EventManager : Event: ======'machine_var_mpf_extended_version'====== Args={'value': 'Mission Pinball Framework v0.80.0.dev1, Config version:6, Show version: 6, BCP version:1.1', 'prev_value': None, 'change': True}
2024-06-07 11:53:23,554 : INFO : EventManager : Event: ======'machine_var_python_version'====== Args={'value': '3.9.13', 'prev_value': None, 'change': True}
2024-06-07 11:53:23,566 : INFO : EventManager : Event: ======'machine_var_platform'====== Args={'value': 'macOS-14.3-arm64-arm-64bit', 'prev_value': None, 'change': True}
2024-06-07 11:53:23,566 : INFO : EventManager : Event: ======'machine_var_platform_system'====== Args={'value': 'Darwin', 'prev_value': None, 'change': True}
2024-06-07 11:53:23,566 : INFO : EventManager : Event: ======'machine_var_platform_release'====== Args={'value': '23.3.0', 'prev_value': None, 'change': True}
2024-06-07 11:53:23,566 : INFO : EventManager : Event: ======'machine_var_platform_version'====== Args={'value': 'Darwin Kernel Version 23.3.0: Thu Dec 21 02:29:41 PST 2023; root:xnu-10002.81.5~11/RELEASE_ARM64_T8122', 'prev_value': None, 'change': True}
2024-06-07 11:53:23,566 : INFO : EventManager : Event: ======'machine_var_platform_machine'====== Args={'value': 'arm64', 'prev_value': None, 'change': True}
2024-06-07 11:53:23,566 : INFO : EventManager : Event: ======'init_phase_1'====== Args={}
2024-06-07 11:53:23,570 : ERROR : ConfigValidator : Your config contains a value for the setting "mode:end_events", but this is not a valid setting name.
2024-06-07 11:53:23,570 : ERROR : asyncio : Exception in callback EventManager._async_handler_done(<QueuedEvent>)(<Task finishe...tting name.')>) at /Users/tannerpetch/Documents/git/mpf/mpf/core/events.py:124
handle: <Handle EventManager._async_handler_done(<QueuedEvent>)(<Task finishe...tting name.')>) at /Users/tannerpetch/Documents/git/mpf/mpf/core/events.py:124>
Traceback (most recent call last):
  File "/Library/Frameworks/Python.framework/Versions/3.9/lib/python3.9/asyncio/events.py", line 80, in _run
    self._context.run(self._callback, *self._args)
  File "/Users/tannerpetch/Documents/git/mpf/mpf/core/events.py", line 127, in _async_handler_done
    future.result()
  File "/Users/tannerpetch/Documents/git/mpf/mpf/core/mode_controller.py", line 119, in load_modes
    self.machine.modes[mode] = self._load_mode(mode)
  File "/Users/tannerpetch/Documents/git/mpf/mpf/core/mode_controller.py", line 152, in _load_mode
    config['mode'] = self.machine.config_validator.validate_config("mode", config['mode'])
  File "/Users/tannerpetch/Documents/git/mpf/mpf/core/config_validator.py", line 164, in validate_config
    return self._validate_config(config_spec, source, base_spec=base_spec, add_missing_keys=add_missing_keys,
  File "/Users/tannerpetch/Documents/git/mpf/mpf/core/config_validator.py", line 177, in _validate_config
    self.check_for_invalid_sections(this_spec, source, validation_failure_info)
  File "/Users/tannerpetch/Documents/git/mpf/mpf/core/config_validator.py", line 345, in check_for_invalid_sections
    raise ConfigFileError('Your config contains a value for the '
mpf.exceptions.config_file_error.ConfigFileError: Config File Error in ConfigValidator: Your config contains a value for the setting "mode:end_events", but this is not a valid setting name. Error Code: CFE-ConfigValidator-2 (https://missionpinball.org/logs)
2024-06-07 11:53:23,572 : INFO : Machine : Starting the main run loop.
2024-06-07 11:53:23,573 : INFO : Machine : Shutting down...
2024-06-07 11:53:23,573 : INFO : EventManager : Event: ======'shutdown'====== Args={}
2024-06-07 11:53:24,575 : ERROR : Machine : Runtime Exception
Traceback (most recent call last):
  File "/Users/tannerpetch/Documents/git/mpf/mpf/core/machine.py", line 793, in _run_loop
    raise self._exception['exception']
  File "/Library/Frameworks/Python.framework/Versions/3.9/lib/python3.9/asyncio/events.py", line 80, in _run
    self._context.run(self._callback, *self._args)
  File "/Users/tannerpetch/Documents/git/mpf/mpf/core/events.py", line 127, in _async_handler_done
    future.result()
  File "/Users/tannerpetch/Documents/git/mpf/mpf/core/mode_controller.py", line 119, in load_modes
    self.machine.modes[mode] = self._load_mode(mode)
  File "/Users/tannerpetch/Documents/git/mpf/mpf/core/mode_controller.py", line 152, in _load_mode
    config['mode'] = self.machine.config_validator.validate_config("mode", config['mode'])
  File "/Users/tannerpetch/Documents/git/mpf/mpf/core/config_validator.py", line 164, in validate_config
    return self._validate_config(config_spec, source, base_spec=base_spec, add_missing_keys=add_missing_keys,
  File "/Users/tannerpetch/Documents/git/mpf/mpf/core/config_validator.py", line 177, in _validate_config
    self.check_for_invalid_sections(this_spec, source, validation_failure_info)
  File "/Users/tannerpetch/Documents/git/mpf/mpf/core/config_validator.py", line 345, in check_for_invalid_sections
    raise ConfigFileError('Your config contains a value for the '
mpf.exceptions.config_file_error.ConfigFileError: Config File Error in ConfigValidator: Your config contains a value for the setting "mode:end_events", but this is not a valid setting name. Error Code: CFE-ConfigValidator-2 (https://missionpinball.org/logs)
2024-06-07 11:53:24,577 : INFO : root : MPF run loop ended.
