2024-04-20 09:07:24,252 : INFO : root : Loading config.
2024-04-20 09:07:24,276 : INFO : ConfigProcessor : Config spec file cache created: /var/folders/l2/q8hj_6s91xnb2jxg1sqm0h7r0000gn/T/config_spec.mpf_cache
2024-04-20 09:07:24,277 : INFO : YamlMultifileConfigLoader : Machine config file #1: config.yaml
2024-04-20 09:07:24,277 : INFO : ConfigProcessor : Loading config from file /Library/Frameworks/Python.framework/Versions/3.9/lib/python3.9/site-packages/mpf/mpfconfig.yaml.
2024-04-20 09:07:24,282 : INFO : ConfigProcessor : Loading config: /Library/Frameworks/Python.framework/Versions/3.9/lib/python3.9/site-packages/mpf/mpfconfig.yaml
2024-04-20 09:07:24,282 : INFO : ConfigProcessor : Loading config from file /Users/tannerpetch/Documents/GitHub/lofab/config/config.yaml.
2024-04-20 09:07:24,287 : INFO : ConfigProcessor : Loading config: /Users/tannerpetch/Documents/GitHub/lofab/config/config.yaml
2024-04-20 09:07:24,289 : INFO : ConfigProcessor : Config file cache created: /var/folders/l2/q8hj_6s91xnb2jxg1sqm0h7r0000gn/T/871505f0f2d2915bd502f0a1fb110f3b.mpf_cache
2024-04-20 09:07:24,317 : INFO : ConfigProcessor : Loading config from file /Library/Frameworks/Python.framework/Versions/3.9/lib/python3.9/site-packages/mpf/modes/attract/config/attract.yaml.
2024-04-20 09:07:24,318 : INFO : ConfigProcessor : Loading config: /Library/Frameworks/Python.framework/Versions/3.9/lib/python3.9/site-packages/mpf/modes/attract/config/attract.yaml
2024-04-20 09:07:24,318 : INFO : ConfigProcessor : Loading config from file /Users/tannerpetch/Documents/GitHub/lofab/modes/attract/config/attract.yaml.
2024-04-20 09:07:24,319 : INFO : ConfigProcessor : Loading config: /Users/tannerpetch/Documents/GitHub/lofab/modes/attract/config/attract.yaml
2024-04-20 09:07:24,319 : INFO : ConfigProcessor : Config file cache created: /var/folders/l2/q8hj_6s91xnb2jxg1sqm0h7r0000gn/T/640347d32029b3f32c9ad31d7a1b4b81.mpf_cache
2024-04-20 09:07:24,320 : INFO : ConfigProcessor : Loading config from file /Library/Frameworks/Python.framework/Versions/3.9/lib/python3.9/site-packages/mpf/modes/game/config/game.yaml.
2024-04-20 09:07:24,320 : INFO : ConfigProcessor : Loading config: /Library/Frameworks/Python.framework/Versions/3.9/lib/python3.9/site-packages/mpf/modes/game/config/game.yaml
2024-04-20 09:07:24,321 : INFO : ConfigProcessor : Config file cache created: /var/folders/l2/q8hj_6s91xnb2jxg1sqm0h7r0000gn/T/edcc5f1d3215b377c9faab88c62e4ce0.mpf_cache
2024-04-20 09:07:24,321 : INFO : ConfigProcessor : Loading config from file /Library/Frameworks/Python.framework/Versions/3.9/lib/python3.9/site-packages/mpf/modes/attract/config/attract.yaml.
2024-04-20 09:07:24,321 : INFO : ConfigProcessor : Loading config: /Library/Frameworks/Python.framework/Versions/3.9/lib/python3.9/site-packages/mpf/modes/attract/config/attract.yaml
2024-04-20 09:07:24,321 : INFO : ConfigProcessor : Loading config from file /Users/tannerpetch/Documents/GitHub/lofab/modes/attract/config/attract.yaml.
2024-04-20 09:07:24,322 : INFO : ConfigProcessor : Loading config: /Users/tannerpetch/Documents/GitHub/lofab/modes/attract/config/attract.yaml
2024-04-20 09:07:24,322 : INFO : ConfigProcessor : Config file cache created: /var/folders/l2/q8hj_6s91xnb2jxg1sqm0h7r0000gn/T/640347d32029b3f32c9ad31d7a1b4b81.mpf_cache
2024-04-20 09:07:24,322 : INFO : ConfigProcessor : Loading config from file /Users/tannerpetch/Documents/GitHub/lofab/modes/lane_rotate/config/lane_rotate.yaml.
2024-04-20 09:07:24,323 : INFO : ConfigProcessor : Loading config: /Users/tannerpetch/Documents/GitHub/lofab/modes/lane_rotate/config/lane_rotate.yaml
2024-04-20 09:07:24,324 : INFO : ConfigProcessor : Config file cache created: /var/folders/l2/q8hj_6s91xnb2jxg1sqm0h7r0000gn/T/1875c266911f801b691956fe9e9284d6.mpf_cache
2024-04-20 09:07:24,324 : INFO : ConfigProcessor : Loading config from file /Users/tannerpetch/Documents/GitHub/lofab/modes/base/config/base.yaml.
2024-04-20 09:07:24,326 : INFO : ConfigProcessor : Loading config: /Users/tannerpetch/Documents/GitHub/lofab/modes/base/config/base.yaml
2024-04-20 09:07:24,326 : INFO : ConfigProcessor : Config file cache created: /var/folders/l2/q8hj_6s91xnb2jxg1sqm0h7r0000gn/T/f97c90855879603280fcc571f5c42639.mpf_cache
2024-04-20 09:07:24,326 : INFO : ConfigProcessor : Loading config from file /Users/tannerpetch/Documents/GitHub/lofab/modes/launch_shows/config/launch_shows.yaml.
2024-04-20 09:07:24,327 : INFO : ConfigProcessor : Loading config: /Users/tannerpetch/Documents/GitHub/lofab/modes/launch_shows/config/launch_shows.yaml
2024-04-20 09:07:24,327 : INFO : ConfigProcessor : Config file cache created: /var/folders/l2/q8hj_6s91xnb2jxg1sqm0h7r0000gn/T/66764f8b68b26fdba6c1f2bce3638479.mpf_cache
2024-04-20 09:07:24,328 : INFO : ConfigProcessor : Loading config from file /Users/tannerpetch/Documents/GitHub/lofab/modes/attract/shows/./red_knife_expand_reverse.yaml.
2024-04-20 09:07:24,355 : INFO : ConfigProcessor : Loading config: /Users/tannerpetch/Documents/GitHub/lofab/modes/attract/shows/./red_knife_expand_reverse.yaml
2024-04-20 09:07:24,356 : INFO : ConfigProcessor : Config file cache created: /var/folders/l2/q8hj_6s91xnb2jxg1sqm0h7r0000gn/T/3dbc438e88423aa3ff742db2713b600f.mpf_cache
2024-04-20 09:07:24,357 : INFO : ConfigProcessor : Loading config from file /Users/tannerpetch/Documents/GitHub/lofab/modes/attract/shows/./attract_display_loop.yaml.
2024-04-20 09:07:24,357 : INFO : ConfigProcessor : Loading config: /Users/tannerpetch/Documents/GitHub/lofab/modes/attract/shows/./attract_display_loop.yaml
2024-04-20 09:07:24,358 : INFO : ConfigProcessor : Config file cache created: /var/folders/l2/q8hj_6s91xnb2jxg1sqm0h7r0000gn/T/91adfe62d94491e9c757b00a8e3b96af.mpf_cache
2024-04-20 09:07:24,358 : INFO : ConfigProcessor : Loading config from file /Users/tannerpetch/Documents/GitHub/lofab/modes/attract/shows/./attract_tilt.yaml.
2024-04-20 09:07:24,358 : INFO : ConfigProcessor : Loading config: /Users/tannerpetch/Documents/GitHub/lofab/modes/attract/shows/./attract_tilt.yaml
2024-04-20 09:07:24,358 : INFO : ConfigProcessor : Config file cache created: /var/folders/l2/q8hj_6s91xnb2jxg1sqm0h7r0000gn/T/154d071a3850556c6f3eae37bf41c8b6.mpf_cache
2024-04-20 09:07:24,359 : INFO : ConfigProcessor : Loading config from file /Users/tannerpetch/Documents/GitHub/lofab/modes/attract/shows/./knife_breathe.yaml.
2024-04-20 09:07:24,426 : INFO : ConfigProcessor : Loading config: /Users/tannerpetch/Documents/GitHub/lofab/modes/attract/shows/./knife_breathe.yaml
2024-04-20 09:07:24,427 : INFO : ConfigProcessor : Config file cache created: /var/folders/l2/q8hj_6s91xnb2jxg1sqm0h7r0000gn/T/ab100dbe0e16472b56f0213f3842a00f.mpf_cache
2024-04-20 09:07:24,428 : INFO : ConfigProcessor : Loading config from file /Users/tannerpetch/Documents/GitHub/lofab/modes/attract/shows/./attract_stadium.yaml.
2024-04-20 09:07:24,429 : INFO : ConfigProcessor : Loading config: /Users/tannerpetch/Documents/GitHub/lofab/modes/attract/shows/./attract_stadium.yaml
2024-04-20 09:07:24,429 : INFO : ConfigProcessor : Config file cache created: /var/folders/l2/q8hj_6s91xnb2jxg1sqm0h7r0000gn/T/f03ad90ccd2c053e9e5d10795d01f4ba.mpf_cache
2024-04-20 09:07:24,429 : INFO : ConfigProcessor : Loading config from file /Users/tannerpetch/Documents/GitHub/lofab/modes/attract/shows/./gi-start.yaml.
2024-04-20 09:07:24,430 : INFO : ConfigProcessor : Loading config: /Users/tannerpetch/Documents/GitHub/lofab/modes/attract/shows/./gi-start.yaml
2024-04-20 09:07:24,430 : INFO : ConfigProcessor : Config file cache created: /var/folders/l2/q8hj_6s91xnb2jxg1sqm0h7r0000gn/T/0f3c951d4c93079ae3fac6429c5bc2ee.mpf_cache
2024-04-20 09:07:24,430 : INFO : ConfigProcessor : Loading config from file /Users/tannerpetch/Documents/GitHub/lofab/modes/attract/shows/./red_circle_expand.yaml.
2024-04-20 09:07:24,457 : INFO : ConfigProcessor : Loading config: /Users/tannerpetch/Documents/GitHub/lofab/modes/attract/shows/./red_circle_expand.yaml
2024-04-20 09:07:24,458 : INFO : ConfigProcessor : Config file cache created: /var/folders/l2/q8hj_6s91xnb2jxg1sqm0h7r0000gn/T/8bf004783a280ac33d17b88f37848116.mpf_cache
2024-04-20 09:07:24,459 : INFO : ConfigProcessor : Loading config from file /Users/tannerpetch/Documents/GitHub/lofab/modes/base/shows/./gi_on.yaml.
2024-04-20 09:07:24,460 : INFO : ConfigProcessor : Loading config: /Users/tannerpetch/Documents/GitHub/lofab/modes/base/shows/./gi_on.yaml
2024-04-20 09:07:24,460 : INFO : ConfigProcessor : Config file cache created: /var/folders/l2/q8hj_6s91xnb2jxg1sqm0h7r0000gn/T/d5d50eaa09e055f3a827c6269a3aa165.mpf_cache
2024-04-20 09:07:24,460 : INFO : ConfigProcessor : Loading config from file /Users/tannerpetch/Documents/GitHub/lofab/modes/launch_shows/shows/./launch_tilt.yaml.
2024-04-20 09:07:24,461 : INFO : ConfigProcessor : Loading config: /Users/tannerpetch/Documents/GitHub/lofab/modes/launch_shows/shows/./launch_tilt.yaml
2024-04-20 09:07:24,462 : INFO : ConfigProcessor : Config file cache created: /var/folders/l2/q8hj_6s91xnb2jxg1sqm0h7r0000gn/T/250153cb7d132f4134a2e9b694314568.mpf_cache
2024-04-20 09:07:24,462 : INFO : ConfigProcessor : Loading config from file /Users/tannerpetch/Documents/GitHub/lofab/modes/launch_shows/shows/./launch_lights.yaml.
2024-04-20 09:07:24,462 : INFO : ConfigProcessor : Loading config: /Users/tannerpetch/Documents/GitHub/lofab/modes/launch_shows/shows/./launch_lights.yaml
2024-04-20 09:07:24,462 : INFO : ConfigProcessor : Config file cache created: /var/folders/l2/q8hj_6s91xnb2jxg1sqm0h7r0000gn/T/bbbe87a2f82c66174798be62d4e8058c.mpf_cache
2024-04-20 09:07:24,462 : INFO : Machine : Mission Pinball Framework Core Engine v0.57.1.dev3
2024-04-20 09:07:24,462 : INFO : Machine : Command line arguments: {'no_load_cache': True, 'create_config_cache': True, 'bcp': True, 'configfile': ['config.yaml'], 'force_assets_load': False, 'platform_integration_test': False, 'jsonlogging': False, 'logfile': 'logs/2024-04-20-09-07-24-mpf-Tanners-Laptop.home.log', 'pause': False, 'production': False, 'text_ui': True, 'loglevel': 15, 'consoleloglevel': 20, 'force_platform': 'smart_virtual', 'syslog_address': None, 'mc_file_name': None, 'no_sound': False}
2024-04-20 09:07:24,462 : INFO : Machine : MPF path: /Library/Frameworks/Python.framework/Versions/3.9/lib/python3.9/site-packages/mpf
2024-04-20 09:07:24,462 : INFO : Machine : Machine path: /Users/tannerpetch/Documents/GitHub/lofab
2024-04-20 09:07:24,462 : INFO : Machine : Platform: darwin
2024-04-20 09:07:24,462 : INFO : Machine : Python executable location: /Library/Frameworks/Python.framework/Versions/3.9/bin/python3.9
2024-04-20 09:07:24,462 : INFO : Machine : Python version: 3.9.13 (64-bit)
2024-04-20 09:07:24,463 : INFO : Machine : Initializing MPF...
2024-04-20 09:07:24,487 : INFO : EventManager : Event: ======'machine_var_credits_string'====== Args={'value': 'FREE PLAY', 'prev_value': None, 'change': True}
2024-04-20 09:07:24,502 : INFO : EventManager : Event: ======'machine_var_master_volume'====== Args={'value': 0.5, 'prev_value': None, 'change': True}
2024-04-20 09:07:24,502 : INFO : EventManager : Event: ======'machine_var_player1_score'====== Args={'value': 0, 'prev_value': None, 'change': True}
2024-04-20 09:07:24,502 : INFO : EventManager : Event: ======'machine_var_mpf_version'====== Args={'value': 'Mission Pinball Framework v0.57.1.dev3', 'prev_value': None, 'change': True}
2024-04-20 09:07:24,502 : INFO : EventManager : Event: ======'machine_var_mpf_extended_version'====== Args={'value': 'Mission Pinball Framework v0.57.1.dev3, Config version:6, Show version: 6, BCP version:1.1', 'prev_value': None, 'change': True}
2024-04-20 09:07:24,502 : INFO : EventManager : Event: ======'machine_var_python_version'====== Args={'value': '3.9.13', 'prev_value': None, 'change': True}
2024-04-20 09:07:24,512 : INFO : EventManager : Event: ======'machine_var_platform'====== Args={'value': 'macOS-14.3-arm64-arm-64bit', 'prev_value': None, 'change': True}
2024-04-20 09:07:24,513 : INFO : EventManager : Event: ======'machine_var_platform_system'====== Args={'value': 'Darwin', 'prev_value': None, 'change': True}
2024-04-20 09:07:24,513 : INFO : EventManager : Event: ======'machine_var_platform_release'====== Args={'value': '23.3.0', 'prev_value': None, 'change': True}
2024-04-20 09:07:24,513 : INFO : EventManager : Event: ======'machine_var_platform_version'====== Args={'value': 'Darwin Kernel Version 23.3.0: Thu Dec 21 02:29:41 PST 2023; root:xnu-10002.81.5~11/RELEASE_ARM64_T8122', 'prev_value': None, 'change': True}
2024-04-20 09:07:24,513 : INFO : EventManager : Event: ======'machine_var_platform_machine'====== Args={'value': 'arm64', 'prev_value': None, 'change': True}
2024-04-20 09:07:24,513 : INFO : EventManager : Event: ======'init_phase_1'====== Args={}
2024-04-20 09:07:24,529 : INFO : EventManager : Event: ======'init_phase_2'====== Args={}
2024-04-20 09:07:24,531 : INFO : EventManager : Event: ======'bcp_connection_attempt'====== Args={'name': 'local_display', 'host': 'localhost', 'port': 5050}
2024-04-20 09:07:24,531 : INFO : BCPClientSocket : Connecting BCP to 'local_display' at localhost:5050...
2024-04-20 09:07:25,246 : INFO : BCPClientSocket : Connected BCP to 'local_display' localhost:5050
2024-04-20 09:07:25,246 : INFO : EventManager : Event: ======'bcp_clients_connected'====== Args={}
2024-04-20 09:07:25,247 : INFO : ball_device.bd_vuk : BCH: Initial count: 0
2024-04-20 09:07:25,247 : INFO : ball_device.bd_vuk : State: idle
2024-04-20 09:07:25,248 : INFO : ball_device.bd_trough : BCH: Initial count: 0
2024-04-20 09:07:25,248 : INFO : ball_device.bd_trough : State: idle
2024-04-20 09:07:25,253 : INFO : EventManager : Event: ======'init_phase_3'====== Args={}
2024-04-20 09:07:25,414 : INFO : EventManager : Event: ======'machine_var_mc_version'====== Args={'value': 'MPF-MC v0.57.0', 'prev_value': None, 'change': True}
2024-04-20 09:07:25,414 : INFO : EventManager : Event: ======'machine_var_mc_extended_version'====== Args={'value': 'MPF-MC v0.57.0 (config_version=6, BCP v1.1,                      Requires MPF API compatibility v0.57.0 or newer)', 'prev_value': None, 'change': True}
2024-04-20 09:07:25,415 : INFO : EventManager : Event: ======'init_phase_4'====== Args={}
2024-04-20 09:07:25,418 : INFO : BallController : Initial balls found: 0
2024-04-20 09:07:25,419 : INFO : EventManager : Event: ======'machine_var_audits_events_game_ended'====== Args={'value': 0, 'prev_value': None, 'change': True}
2024-04-20 09:07:25,419 : INFO : EventManager : Event: ======'machine_var_audits_events_game_started'====== Args={'value': 7, 'prev_value': None, 'change': True}
2024-04-20 09:07:25,419 : INFO : EventManager : Event: ======'machine_var_audits_missing_switches_s_e'====== Args={'value': 7, 'prev_value': None, 'change': True}
2024-04-20 09:07:25,419 : INFO : EventManager : Event: ======'machine_var_audits_missing_switches_s_flipper_l'====== Args={'value': 7, 'prev_value': None, 'change': True}
2024-04-20 09:07:25,419 : INFO : EventManager : Event: ======'machine_var_audits_missing_switches_s_flipper_r'====== Args={'value': 7, 'prev_value': None, 'change': True}
2024-04-20 09:07:25,419 : INFO : EventManager : Event: ======'machine_var_audits_missing_switches_s_h'====== Args={'value': 7, 'prev_value': None, 'change': True}
2024-04-20 09:07:25,419 : INFO : EventManager : Event: ======'machine_var_audits_missing_switches_s_pop'====== Args={'value': 7, 'prev_value': None, 'change': True}
2024-04-20 09:07:25,419 : INFO : EventManager : Event: ======'machine_var_audits_missing_switches_s_ramp_complete'====== Args={'value': 7, 'prev_value': None, 'change': True}
2024-04-20 09:07:25,420 : INFO : EventManager : Event: ======'machine_var_audits_missing_switches_s_ramp_l'====== Args={'value': 7, 'prev_value': None, 'change': True}
2024-04-20 09:07:25,420 : INFO : EventManager : Event: ======'machine_var_audits_missing_switches_s_ramp_r'====== Args={'value': 7, 'prev_value': None, 'change': True}
2024-04-20 09:07:25,420 : INFO : EventManager : Event: ======'machine_var_audits_missing_switches_s_sling_l'====== Args={'value': 1, 'prev_value': None, 'change': True}
2024-04-20 09:07:25,420 : INFO : EventManager : Event: ======'machine_var_audits_missing_switches_s_spinner'====== Args={'value': 7, 'prev_value': None, 'change': True}
2024-04-20 09:07:25,420 : INFO : EventManager : Event: ======'machine_var_audits_missing_switches_s_start'====== Args={'value': 7, 'prev_value': None, 'change': True}
2024-04-20 09:07:25,420 : INFO : EventManager : Event: ======'machine_var_audits_missing_switches_s_stationary_back'====== Args={'value': 7, 'prev_value': None, 'change': True}
2024-04-20 09:07:25,420 : INFO : EventManager : Event: ======'machine_var_audits_missing_switches_s_stationary_o'====== Args={'value': 7, 'prev_value': None, 'change': True}
2024-04-20 09:07:25,420 : INFO : EventManager : Event: ======'machine_var_audits_missing_switches_s_stationary_s'====== Args={'value': 7, 'prev_value': None, 'change': True}
2024-04-20 09:07:25,420 : INFO : EventManager : Event: ======'machine_var_audits_missing_switches_s_stationary_u'====== Args={'value': 7, 'prev_value': None, 'change': True}
2024-04-20 09:07:25,420 : INFO : EventManager : Event: ======'machine_var_audits_missing_switches_s_tilt_l'====== Args={'value': 7, 'prev_value': None, 'change': True}
2024-04-20 09:07:25,420 : INFO : EventManager : Event: ======'machine_var_audits_missing_switches_s_tilt_r'====== Args={'value': 7, 'prev_value': None, 'change': True}
2024-04-20 09:07:25,420 : INFO : EventManager : Event: ======'machine_var_audits_missing_switches_s_trough_1'====== Args={'value': 6, 'prev_value': None, 'change': True}
2024-04-20 09:07:25,420 : INFO : EventManager : Event: ======'machine_var_audits_missing_switches_s_trough_2'====== Args={'value': 7, 'prev_value': None, 'change': True}
2024-04-20 09:07:25,420 : INFO : EventManager : Event: ======'machine_var_audits_missing_switches_s_trough_3'====== Args={'value': 7, 'prev_value': None, 'change': True}
2024-04-20 09:07:25,421 : INFO : EventManager : Event: ======'machine_var_audits_missing_switches_s_trough_4'====== Args={'value': 2, 'prev_value': None, 'change': True}
2024-04-20 09:07:25,421 : INFO : EventManager : Event: ======'machine_var_audits_missing_switches_s_vuk'====== Args={'value': 7, 'prev_value': None, 'change': True}
2024-04-20 09:07:25,421 : INFO : EventManager : Event: ======'machine_var_audits_player_score'====== Args={'value': {'average': 0, 'top': [], 'total': 0}, 'prev_value': None, 'change': True}
2024-04-20 09:07:25,421 : INFO : EventManager : Event: ======'machine_var_audits_shots_r_sling_l'====== Args={'value': 12, 'prev_value': None, 'change': True}
2024-04-20 09:07:25,421 : INFO : EventManager : Event: ======'machine_var_audits_shots_r_sling_r'====== Args={'value': 28, 'prev_value': None, 'change': True}
2024-04-20 09:07:25,421 : INFO : EventManager : Event: ======'machine_var_audits_switches_s_e'====== Args={'value': 0, 'prev_value': None, 'change': True}
2024-04-20 09:07:25,421 : INFO : EventManager : Event: ======'machine_var_audits_switches_s_flipper_l'====== Args={'value': 0, 'prev_value': None, 'change': True}
2024-04-20 09:07:25,421 : INFO : EventManager : Event: ======'machine_var_audits_switches_s_flipper_r'====== Args={'value': 0, 'prev_value': None, 'change': True}
2024-04-20 09:07:25,421 : INFO : EventManager : Event: ======'machine_var_audits_switches_s_h'====== Args={'value': 0, 'prev_value': None, 'change': True}
2024-04-20 09:07:25,421 : INFO : EventManager : Event: ======'machine_var_audits_switches_s_launch'====== Args={'value': 9, 'prev_value': None, 'change': True}
2024-04-20 09:07:25,421 : INFO : EventManager : Event: ======'machine_var_audits_switches_s_pop'====== Args={'value': 0, 'prev_value': None, 'change': True}
2024-04-20 09:07:25,421 : INFO : EventManager : Event: ======'machine_var_audits_switches_s_ramp_complete'====== Args={'value': 0, 'prev_value': None, 'change': True}
2024-04-20 09:07:25,422 : INFO : EventManager : Event: ======'machine_var_audits_switches_s_ramp_l'====== Args={'value': 0, 'prev_value': None, 'change': True}
2024-04-20 09:07:25,422 : INFO : EventManager : Event: ======'machine_var_audits_switches_s_ramp_r'====== Args={'value': 0, 'prev_value': None, 'change': True}
2024-04-20 09:07:25,422 : INFO : EventManager : Event: ======'machine_var_audits_switches_s_sling_l'====== Args={'value': 12, 'prev_value': None, 'change': True}
2024-04-20 09:07:25,422 : INFO : EventManager : Event: ======'machine_var_audits_switches_s_sling_r'====== Args={'value': 28, 'prev_value': None, 'change': True}
2024-04-20 09:07:25,422 : INFO : EventManager : Event: ======'machine_var_audits_switches_s_spinner'====== Args={'value': 0, 'prev_value': None, 'change': True}
2024-04-20 09:07:25,422 : INFO : EventManager : Event: ======'machine_var_audits_switches_s_start'====== Args={'value': 0, 'prev_value': None, 'change': True}
2024-04-20 09:07:25,422 : INFO : EventManager : Event: ======'machine_var_audits_switches_s_stationary_back'====== Args={'value': 0, 'prev_value': None, 'change': True}
2024-04-20 09:07:25,422 : INFO : EventManager : Event: ======'machine_var_audits_switches_s_stationary_o'====== Args={'value': 0, 'prev_value': None, 'change': True}
2024-04-20 09:07:25,422 : INFO : EventManager : Event: ======'machine_var_audits_switches_s_stationary_s'====== Args={'value': 0, 'prev_value': None, 'change': True}
2024-04-20 09:07:25,422 : INFO : EventManager : Event: ======'machine_var_audits_switches_s_stationary_u'====== Args={'value': 0, 'prev_value': None, 'change': True}
2024-04-20 09:07:25,422 : INFO : EventManager : Event: ======'machine_var_audits_switches_s_tilt_l'====== Args={'value': 0, 'prev_value': None, 'change': True}
2024-04-20 09:07:25,423 : INFO : EventManager : Event: ======'machine_var_audits_switches_s_tilt_r'====== Args={'value': 0, 'prev_value': None, 'change': True}
2024-04-20 09:07:25,423 : INFO : EventManager : Event: ======'machine_var_audits_switches_s_trough_1'====== Args={'value': 3, 'prev_value': None, 'change': True}
2024-04-20 09:07:25,423 : INFO : EventManager : Event: ======'machine_var_audits_switches_s_trough_2'====== Args={'value': 0, 'prev_value': None, 'change': True}
2024-04-20 09:07:25,423 : INFO : EventManager : Event: ======'machine_var_audits_switches_s_trough_3'====== Args={'value': 0, 'prev_value': None, 'change': True}
2024-04-20 09:07:25,423 : INFO : EventManager : Event: ======'machine_var_audits_switches_s_trough_4'====== Args={'value': 2, 'prev_value': None, 'change': True}
2024-04-20 09:07:25,423 : INFO : EventManager : Event: ======'machine_var_audits_switches_s_vuk'====== Args={'value': 0, 'prev_value': None, 'change': True}
2024-04-20 09:07:25,424 : INFO : EventManager : Event: ======'init_phase_5'====== Args={}
2024-04-20 09:07:25,424 : INFO : EventManager : Event: ======'init_done'====== Args={}
2024-04-20 09:07:25,424 : INFO : EventManager : Event: ======'machine_reset_phase_1'====== Args={}
2024-04-20 09:07:25,425 : INFO : EventManager : Event: ======'machine_reset_phase_2'====== Args={}
2024-04-20 09:07:25,425 : INFO : EventManager : Event: ======'machine_reset_phase_3'====== Args={}
2024-04-20 09:07:25,425 : INFO : EventManager : Event: ======'reset_complete'====== Args={}
2024-04-20 09:07:25,425 : INFO : EventManager : Event: ======'mode_attract_will_start'====== Args={}
2024-04-20 09:07:25,426 : INFO : EventManager : Event: ======'mode_attract_starting'====== Args={}
2024-04-20 09:07:25,426 : INFO : Mode.attract : Started. Priority: 10
2024-04-20 09:07:25,426 : INFO : EventManager : Event: ======'modes_active_modes_changed'====== Args={}
2024-04-20 09:07:25,426 : INFO : EventManager : Event: ======'mode_attract_started'====== Args={}
2024-04-20 09:07:25,426 : INFO : EventManager : Event: ======'collecting_balls_complete'====== Args={}
2024-04-20 09:07:25,426 : INFO : Machine : Starting the main run loop.
2024-04-20 09:07:25,437 : INFO : EventManager : Event: ======'slide_fast_slide_created'====== Args={'_from_bcp': True}
2024-04-20 09:07:25,437 : INFO : EventManager : Event: ======'slide_fast_slide_active'====== Args={'_from_bcp': True}
2024-04-20 09:07:25,448 : INFO : BcpServer : New client connected.
2024-04-20 09:07:28,258 : INFO : SwitchController : <<<<<<< 's_trough_4' active >>>>>>>
2024-04-20 09:07:28,358 : INFO : SwitchController : <<<<<<< 's_trough_4' inactive >>>>>>>
2024-04-20 09:07:28,437 : INFO : EventManager : Event: ======'slide_hofab_title_created'====== Args={'_from_bcp': True}
2024-04-20 09:07:28,439 : INFO : EventManager : Event: ======'slide_hofab_title_active'====== Args={'_from_bcp': True}
2024-04-20 09:07:31,157 : INFO : SwitchController : <<<<<<< 's_trough_4' active >>>>>>>
2024-04-20 09:07:31,291 : INFO : SwitchController : <<<<<<< 's_trough_4' inactive >>>>>>>
2024-04-20 09:07:31,437 : INFO : EventManager : Event: ======'slide_fast_slide_removed'====== Args={'_from_bcp': True}
2024-04-20 09:07:31,438 : INFO : EventManager : Event: ======'slide_fast_slide_created'====== Args={'_from_bcp': True}
2024-04-20 09:07:31,439 : INFO : EventManager : Event: ======'slide_fast_slide_active'====== Args={'_from_bcp': True}
2024-04-20 09:07:31,524 : INFO : SwitchController : <<<<<<< 's_trough_4' active >>>>>>>
2024-04-20 09:07:32,025 : INFO : EventManager : Event: ======'balldevice_bd_trough_ball_count_changed'====== Args={'balls': 1}
2024-04-20 09:07:32,025 : INFO : ball_device.bd_trough : Received unexpected ball
2024-04-20 09:07:32,025 : INFO : EventManager : Event: ======'balldevice_captured_from_playfield'====== Args={'balls': 1}
2024-04-20 09:07:32,026 : INFO : EventManager : Event: ======'sw_playfield_active'====== Args={'balls': 1}
2024-04-20 09:07:32,026 : INFO : EventManager : Event: ======'playfield_active'====== Args={}
2024-04-20 09:07:32,026 : INFO : EventManager : Event: ======'unexpected_ball_on_playfield'====== Args={}
2024-04-20 09:07:32,026 : INFO : EventManager : Event: ======'playfield_ball_count_change'====== Args={'balls': -1, 'change': -1}
2024-04-20 09:07:32,027 : INFO : EventManager : Event: ======'balldevice_playfield_ball_enter'====== Args={'new_balls': 1, 'unclaimed_balls': 1, 'device': <playfield.playfield>}
2024-04-20 09:07:32,027 : INFO : EventManager : Event: ======'playfield_ball_count_change'====== Args={'balls': 0, 'change': 1}
2024-04-20 09:07:32,028 : INFO : BallController : Found a new ball which was captured from playfield. Known balls: 1
2024-04-20 09:07:32,028 : INFO : EventManager : Event: ======'found_new_ball'====== Args={}
2024-04-20 09:07:32,028 : INFO : EventManager : Event: ======'balldevice_bd_trough_ball_enter'====== Args={'new_balls': 1, 'unclaimed_balls': 1, 'new_available_balls': 1, 'device': <ball_device.bd_trough>}
2024-04-20 09:07:32,028 : INFO : EventManager : Event: ======'ball_drain'====== Args={'device': <ball_device.bd_trough>, 'balls': 1}
2024-04-20 09:07:32,029 : INFO : EventManager : Event: ======'balldevice_balls_available'====== Args={}
2024-04-20 09:07:32,029 : INFO : EventManager : Event: ======'balldevice_bd_trough_ball_entered'====== Args={'new_balls': 1, 'device': <ball_device.bd_trough>}
2024-04-20 09:07:33,021 : INFO : SwitchController : <<<<<<< 's_start' active >>>>>>>
2024-04-20 09:07:33,145 : INFO : SwitchController : <<<<<<< 's_start' inactive >>>>>>>
2024-04-20 09:07:33,145 : INFO : EventManager : Event: ======'request_to_start_game'====== Args={}
2024-04-20 09:07:33,146 : INFO : EventManager : Event: ======'game_start'====== Args={'buttons': [], 'hold_time': 0.12407362500000119}
2024-04-20 09:07:33,147 : INFO : EventManager : Event: ======'mode_game_will_start'====== Args={'buttons': [], 'hold_time': 0.12407362500000119}
2024-04-20 09:07:33,147 : INFO : EventManager : Event: ======'mode_game_starting'====== Args={'buttons': [], 'hold_time': 0.12407362500000119}
2024-04-20 09:07:33,148 : INFO : EventManager : Event: ======'mode_attract_will_stop'====== Args={}
2024-04-20 09:07:33,148 : INFO : EventManager : Event: ======'mode_attract_stopping'====== Args={}
2024-04-20 09:07:33,148 : INFO : Mode.attract : Stopped.
2024-04-20 09:07:33,148 : INFO : EventManager : Event: ======'modes_active_modes_changed'====== Args={}
2024-04-20 09:07:33,150 : INFO : EventManager : Event: ======'mode_attract_stopped'====== Args={}
2024-04-20 09:07:33,150 : INFO : EventManager : Event: ======'clear'====== Args={'key': 'attract'}
2024-04-20 09:07:33,150 : INFO : Mode.game : Started. Priority: 20
2024-04-20 09:07:33,150 : INFO : EventManager : Event: ======'modes_active_modes_changed'====== Args={}
2024-04-20 09:07:33,151 : INFO : EventManager : Event: ======'mode_game_started'====== Args={'buttons': [], 'hold_time': 0.12407362500000119}
2024-04-20 09:07:33,151 : INFO : EventManager : Event: ======'game_will_start'====== Args={}
2024-04-20 09:07:33,152 : INFO : EventManager : Event: ======'game_starting'====== Args={'game': <Mode.game>}
2024-04-20 09:07:33,152 : INFO : EventManager : Unordered handler for class <Auditor> on event game_ended with priority 1. Handlers: [RegisteredHandler(callback=<bound method Auditor.disable of <Auditor>>, priority=1, kwargs={}, key=UUID('2ba0f693-435e-4eb8-915b-460772bcc8df'), condition=None, blocking_facility=None), RegisteredHandler(callback=<bound method Auditor._save_audits of <Auditor>>, priority=1, kwargs={}, key=UUID('8b594c16-824d-4e9a-bded-671a9e124f0a'), condition=None, blocking_facility=None)]. The order of those handlers is not defined and they will be executed in random order. This might lead to race conditions and potential bugs.
2024-04-20 09:07:33,152 : INFO : EventManager : Event: ======'player_add_request'====== Args={}
2024-04-20 09:07:33,153 : INFO : EventManager : Event: ======'player_will_add'====== Args={'number': 1}
2024-04-20 09:07:33,153 : INFO : EventManager : Event: ======'player_adding'====== Args={'player': <Player 1>, 'number': 1}
2024-04-20 09:07:33,153 : INFO : EventManager : Event: ======'player_added'====== Args={'player': <Player 1>, 'num': 1}
2024-04-20 09:07:33,153 : INFO : Mode.game : Player added successfully. Total players: 1
2024-04-20 09:07:33,153 : INFO : EventManager : Event: ======'player_index'====== Args={'value': 0, 'prev_value': 0, 'change': 0, 'player_num': 1}
2024-04-20 09:07:33,154 : INFO : EventManager : Event: ======'player_number'====== Args={'value': 1, 'prev_value': 1, 'change': 0, 'player_num': 1}
2024-04-20 09:07:33,154 : INFO : EventManager : Event: ======'player_score'====== Args={'value': 0, 'prev_value': 0, 'change': 0, 'player_num': 1}
2024-04-20 09:07:33,154 : INFO : EventManager : Event: ======'game_started'====== Args={}
2024-04-20 09:07:33,155 : INFO : EventManager : Event: ======'player_turn_will_start'====== Args={'player': <Player 1>, 'number': 1}
2024-04-20 09:07:33,155 : INFO : EventManager : Event: ======'player_turn_starting'====== Args={'player': <Player 1>, 'number': 1}
2024-04-20 09:07:33,158 : INFO : EventManager : Event: ======'player_ball'====== Args={'value': 1, 'prev_value': 0, 'change': 1, 'player_num': 1}
2024-04-20 09:07:33,158 : INFO : EventManager : Event: ======'player_turn_started'====== Args={'player': <Player 1>, 'number': 1}
2024-04-20 09:07:33,162 : INFO : EventManager : Event: ======'ball_will_start'====== Args={'player': 1, 'ball': 1, 'balls_remaining': 2, 'is_extra_ball': False}
2024-04-20 09:07:33,162 : INFO : EventManager : Event: ======'slide_hofab_title_removed'====== Args={'_from_bcp': True}
2024-04-20 09:07:33,162 : INFO : EventManager : Event: ======'slide_fast_slide_removed'====== Args={'_from_bcp': True}
2024-04-20 09:07:33,162 : INFO : EventManager : Event: ======'slide_window_blank_active'====== Args={'_from_bcp': True}
2024-04-20 09:07:33,165 : INFO : EventManager : Event: ======'ball_starting'====== Args={'player': 1, 'ball': 1, 'balls_remaining': 2, 'is_extra_ball': False}
2024-04-20 09:07:33,165 : INFO : EventManager : Event: ======'mode_base_will_start'====== Args={'queue': <QueuedEvent>, 'player': 1, 'ball': 1, 'balls_remaining': 2, 'is_extra_ball': False}
2024-04-20 09:07:33,166 : INFO : EventManager : Event: ======'player_shot_r_pop_enabled'====== Args={'value': True, 'prev_value': 0, 'change': 1, 'player_num': 1}
2024-04-20 09:07:33,166 : INFO : EventManager : Event: ======'player_shot_r_sling_l_enabled'====== Args={'value': True, 'prev_value': 0, 'change': 1, 'player_num': 1}
2024-04-20 09:07:33,166 : INFO : EventManager : Event: ======'player_shot_r_sling_r_enabled'====== Args={'value': True, 'prev_value': 0, 'change': 1, 'player_num': 1}
2024-04-20 09:07:33,167 : INFO : EventManager : Event: ======'mode_base_starting'====== Args={'queue': <QueuedEvent>, 'player': 1, 'ball': 1, 'balls_remaining': 2, 'is_extra_ball': False}
2024-04-20 09:07:33,167 : INFO : EventManager : Event: ======'waiting_for_launch_press'====== Args={}
2024-04-20 09:07:33,167 : INFO : EventManager : Event: ======'mode_launch_shows_will_start'====== Args={}
2024-04-20 09:07:33,168 : INFO : EventManager : Event: ======'mode_launch_shows_starting'====== Args={}
2024-04-20 09:07:33,168 : INFO : Mode.launch_shows : Started. Priority: 180
2024-04-20 09:07:33,168 : INFO : EventManager : Event: ======'modes_active_modes_changed'====== Args={}
2024-04-20 09:07:33,168 : INFO : EventManager : Event: ======'mode_launch_shows_started'====== Args={}
2024-04-20 09:07:33,168 : INFO : Mode.base : Started. Priority: 100
2024-04-20 09:07:33,168 : INFO : EventManager : Event: ======'modes_active_modes_changed'====== Args={}
2024-04-20 09:07:33,168 : INFO : EventManager : Event: ======'mode_base_started'====== Args={'queue': <QueuedEvent>, 'player': 1, 'ball': 1, 'balls_remaining': 2, 'is_extra_ball': False}
2024-04-20 09:07:33,186 : INFO : EventManager : Event: ======'slide_launch_slide_created'====== Args={'_from_bcp': True}
2024-04-20 09:07:33,189 : INFO : EventManager : Event: ======'slide_base.slide_player-mode_base_started_created'====== Args={'_from_bcp': True}
2024-04-20 09:07:33,190 : INFO : EventManager : Event: ======'slide_launch_slide_active'====== Args={'_from_bcp': True}
2024-04-20 09:07:34,590 : INFO : SwitchController : <<<<<<< 's_launch' active >>>>>>>
2024-04-20 09:07:34,590 : INFO : EventManager : Event: ======'e_launch_press'====== Args={}
2024-04-20 09:07:34,591 : INFO : EventManager : Event: ======'machine_var_audits_switches_s_launch'====== Args={'value': 10, 'prev_value': 9, 'change': 1}
2024-04-20 09:07:34,608 : INFO : EventManager : Event: ======'balls_in_play'====== Args={'balls': 1}
2024-04-20 09:07:34,609 : INFO : EventManager : Event: ======'ball_started'====== Args={'player': 1, 'ball': 1, 'balls_remaining': 2, 'is_extra_ball': False}
2024-04-20 09:07:34,610 : INFO : EventManager : Event: ======'mode_launch_shows_will_stop'====== Args={}
2024-04-20 09:07:34,610 : INFO : EventManager : Event: ======'mode_launch_shows_stopping'====== Args={}
2024-04-20 09:07:34,610 : INFO : EventManager : Event: ======'mode_lane_rotate_will_start'====== Args={'player': 1, 'ball': 1, 'balls_remaining': 2, 'is_extra_ball': False}
2024-04-20 09:07:34,610 : INFO : EventManager : Event: ======'player_shot_r_h_enabled'====== Args={'value': True, 'prev_value': 0, 'change': 1, 'player_num': 1}
2024-04-20 09:07:34,610 : INFO : EventManager : Event: ======'player_shot_r_o_enabled'====== Args={'value': True, 'prev_value': 0, 'change': 1, 'player_num': 1}
2024-04-20 09:07:34,611 : INFO : EventManager : Event: ======'player_shot_r_u_enabled'====== Args={'value': True, 'prev_value': 0, 'change': 1, 'player_num': 1}
2024-04-20 09:07:34,611 : INFO : EventManager : Event: ======'player_shot_r_s_enabled'====== Args={'value': True, 'prev_value': 0, 'change': 1, 'player_num': 1}
2024-04-20 09:07:34,611 : INFO : EventManager : Event: ======'player_shot_r_e_enabled'====== Args={'value': True, 'prev_value': 0, 'change': 1, 'player_num': 1}
2024-04-20 09:07:34,613 : INFO : EventManager : Event: ======'mode_lane_rotate_starting'====== Args={'player': 1, 'ball': 1, 'balls_remaining': 2, 'is_extra_ball': False}
2024-04-20 09:07:34,614 : INFO : Mode.lane_rotate : Started. Priority: 100
2024-04-20 09:07:34,614 : INFO : EventManager : Event: ======'modes_active_modes_changed'====== Args={}
2024-04-20 09:07:34,614 : INFO : EventManager : Event: ======'mode_lane_rotate_started'====== Args={'player': 1, 'ball': 1, 'balls_remaining': 2, 'is_extra_ball': False}
2024-04-20 09:07:34,614 : INFO : Mode.launch_shows : Stopped.
2024-04-20 09:07:34,614 : INFO : EventManager : Event: ======'modes_active_modes_changed'====== Args={}
2024-04-20 09:07:34,614 : INFO : EventManager : Event: ======'mode_launch_shows_stopped'====== Args={}
2024-04-20 09:07:34,614 : INFO : EventManager : Event: ======'clear'====== Args={'key': 'launch_shows'}
2024-04-20 09:07:34,615 : INFO : EventManager : Event: ======'single_player_ball_started'====== Args={}
2024-04-20 09:07:34,615 : INFO : EventManager : Event: ======'ball_start_target'====== Args={'target': 'playfield'}
2024-04-20 09:07:34,615 : INFO : ball_device.bd_trough : Setting up player-controlled eject. Balls: 1, Target: <playfield.playfield>, player_controlled_eject_event: None
2024-04-20 09:07:34,615 : INFO : ball_device.bd_trough : Adding 1 ball(s) to the eject_queue with target <playfield.playfield>.
2024-04-20 09:07:34,615 : INFO : EventManager : Event: ======'balldevice_balls_available'====== Args={}
2024-04-20 09:07:34,616 : INFO : ball_device.bd_trough : State: waiting_for_target_ready
2024-04-20 09:07:34,616 : INFO : EventManager : Event: ======'balldevice_bd_trough_ball_eject_attempt'====== Args={'balls': 1, 'target': <playfield.playfield>, 'source': <ball_device.bd_trough>, 'mechanical_eject': False, 'num_attempts': 0}
2024-04-20 09:07:34,616 : INFO : ball_device.bd_trough : State: ejecting
2024-04-20 09:07:34,616 : INFO : ball_device.bd_trough : Ejecting ball to <playfield.playfield>
2024-04-20 09:07:34,616 : INFO : EventManager : Event: ======'balldevice_bd_trough_ejecting_ball'====== Args={'balls': 1, 'target': <playfield.playfield>, 'source': <ball_device.bd_trough>, 'mechanical_eject': False, 'num_attempts': 0}
2024-04-20 09:07:34,617 : INFO : ball_device.bd_trough : Wait for ball to leave device
2024-04-20 09:07:34,617 : INFO : coil.c_trough : Pulsing Driver for 15ms (1.0 pulse_power)
2024-04-20 09:07:34,617 : INFO : SwitchController : <<<<<<< 's_trough_4' inactive >>>>>>>
2024-04-20 09:07:34,618 : INFO : ball_device.bd_trough : State: ball_left
2024-04-20 09:07:34,618 : INFO : ball_device.bd_trough : Ball left
2024-04-20 09:07:34,618 : INFO : ball_device.bd_trough : Wait for confirm with timeout 10.0
2024-04-20 09:07:34,627 : INFO : EventManager : Event: ======'slide_launch_slide_removed'====== Args={'_from_bcp': True}
2024-04-20 09:07:34,627 : INFO : EventManager : Event: ======'slide_base.slide_player-mode_base_started_active'====== Args={'_from_bcp': True}
2024-04-20 09:07:34,704 : INFO : SwitchController : <<<<<<< 's_launch' inactive >>>>>>>
2024-04-20 09:07:35,823 : INFO : SwitchController : <<<<<<< 's_sling_r' active >>>>>>>
2024-04-20 09:07:35,824 : INFO : EventManager : Event: ======'playfield_active'====== Args={}
2024-04-20 09:07:35,825 : INFO : EventManager : Event: ======'s_sling_r_active'====== Args={}
2024-04-20 09:07:35,825 : INFO : EventManager : Event: ======'playfield_active'====== Args={}
2024-04-20 09:07:35,825 : INFO : EventManager : Event: ======'machine_var_audits_switches_s_sling_r'====== Args={'value': 29, 'prev_value': 28, 'change': 1}
2024-04-20 09:07:35,827 : INFO : EventManager : Event: ======'player_shot_r_sling_r'====== Args={'value': 1, 'prev_value': 0, 'change': 1, 'player_num': 1}
2024-04-20 09:07:35,828 : INFO : EventManager : Event: ======'machine_var_audits_shots_r_sling_r'====== Args={'value': 29, 'prev_value': 28, 'change': 1}
2024-04-20 09:07:35,829 : INFO : EventManager : Event: ======'r_sling_r_hit'====== Args={'profile': 'default', 'state': 'unlit', 'advancing': True}
2024-04-20 09:07:35,834 : INFO : EventManager : Event: ======'r_sling_r_default_hit'====== Args={'profile': 'default', 'state': 'unlit', 'advancing': True}
2024-04-20 09:07:35,834 : INFO : EventManager : Event: ======'r_sling_r_default_unlit_hit'====== Args={'profile': 'default', 'state': 'unlit', 'advancing': True}
2024-04-20 09:07:35,834 : INFO : EventManager : Event: ======'r_sling_r_unlit_hit'====== Args={'profile': 'default', 'state': 'unlit', 'advancing': True}
2024-04-20 09:07:35,835 : INFO : EventManager : Event: ======'player_score'====== Args={'value': 10, 'prev_value': 0, 'change': 10, 'player_num': 1, 'source': 'base'}
2024-04-20 09:07:35,842 : INFO : ball_device.bd_trough : Got eject confirm
2024-04-20 09:07:35,842 : INFO : ball_device.bd_trough : Eject successful
2024-04-20 09:07:35,842 : INFO : EventManager : Event: ======'balldevice_bd_trough_ball_eject_success'====== Args={'balls': 1, 'target': <playfield.playfield>}
2024-04-20 09:07:35,843 : INFO : EventManager : Event: ======'balldevice_playfield_ball_enter'====== Args={'new_balls': 1, 'unclaimed_balls': 1, 'device': <playfield.playfield>}
2024-04-20 09:07:35,843 : INFO : EventManager : Event: ======'playfield_ball_count_change'====== Args={'balls': 1, 'change': 1}
2024-04-20 09:07:35,844 : INFO : EventManager : Event: ======'balldevice_bd_trough_ball_count_changed'====== Args={'balls': 0}
2024-04-20 09:07:35,844 : INFO : ball_device.bd_trough : State: idle
2024-04-20 09:07:35,987 : INFO : SwitchController : <<<<<<< 's_sling_r' inactive >>>>>>>
2024-04-20 09:07:36,071 : INFO : SwitchController : <<<<<<< 's_sling_r' active >>>>>>>
2024-04-20 09:07:36,071 : INFO : EventManager : Event: ======'s_sling_r_active'====== Args={}
2024-04-20 09:07:36,071 : INFO : EventManager : Event: ======'machine_var_audits_switches_s_sling_r'====== Args={'value': 30, 'prev_value': 29, 'change': 1}
2024-04-20 09:07:36,072 : INFO : EventManager : Event: ======'machine_var_audits_shots_r_sling_r'====== Args={'value': 30, 'prev_value': 29, 'change': 1}
2024-04-20 09:07:36,072 : INFO : EventManager : Event: ======'r_sling_r_hit'====== Args={'profile': 'default', 'state': 'lit', 'advancing': False}
2024-04-20 09:07:36,073 : INFO : EventManager : Event: ======'r_sling_r_default_hit'====== Args={'profile': 'default', 'state': 'lit', 'advancing': False}
2024-04-20 09:07:36,073 : INFO : EventManager : Event: ======'r_sling_r_default_lit_hit'====== Args={'profile': 'default', 'state': 'lit', 'advancing': False}
2024-04-20 09:07:36,073 : INFO : EventManager : Event: ======'r_sling_r_lit_hit'====== Args={'profile': 'default', 'state': 'lit', 'advancing': False}
2024-04-20 09:07:36,074 : INFO : EventManager : Event: ======'player_score'====== Args={'value': 20, 'prev_value': 10, 'change': 10, 'player_num': 1, 'source': 'base'}
2024-04-20 09:07:36,189 : INFO : SwitchController : <<<<<<< 's_sling_r' inactive >>>>>>>
2024-04-20 09:07:36,290 : INFO : SwitchController : <<<<<<< 's_sling_r' active >>>>>>>
2024-04-20 09:07:36,290 : INFO : EventManager : Event: ======'s_sling_r_active'====== Args={}
2024-04-20 09:07:36,291 : INFO : EventManager : Event: ======'machine_var_audits_switches_s_sling_r'====== Args={'value': 31, 'prev_value': 30, 'change': 1}
2024-04-20 09:07:36,292 : INFO : EventManager : Event: ======'machine_var_audits_shots_r_sling_r'====== Args={'value': 31, 'prev_value': 30, 'change': 1}
2024-04-20 09:07:36,293 : INFO : EventManager : Event: ======'r_sling_r_hit'====== Args={'profile': 'default', 'state': 'lit', 'advancing': False}
2024-04-20 09:07:36,294 : INFO : EventManager : Event: ======'r_sling_r_default_hit'====== Args={'profile': 'default', 'state': 'lit', 'advancing': False}
2024-04-20 09:07:36,294 : INFO : EventManager : Event: ======'r_sling_r_default_lit_hit'====== Args={'profile': 'default', 'state': 'lit', 'advancing': False}
2024-04-20 09:07:36,294 : INFO : EventManager : Event: ======'r_sling_r_lit_hit'====== Args={'profile': 'default', 'state': 'lit', 'advancing': False}
2024-04-20 09:07:36,295 : INFO : EventManager : Event: ======'player_score'====== Args={'value': 30, 'prev_value': 20, 'change': 10, 'player_num': 1, 'source': 'base'}
2024-04-20 09:07:36,387 : INFO : SwitchController : <<<<<<< 's_sling_r' inactive >>>>>>>
2024-04-20 09:07:36,490 : INFO : SwitchController : <<<<<<< 's_sling_r' active >>>>>>>
2024-04-20 09:07:36,490 : INFO : EventManager : Event: ======'s_sling_r_active'====== Args={}
2024-04-20 09:07:36,490 : INFO : EventManager : Event: ======'machine_var_audits_switches_s_sling_r'====== Args={'value': 32, 'prev_value': 31, 'change': 1}
2024-04-20 09:07:36,492 : INFO : EventManager : Event: ======'machine_var_audits_shots_r_sling_r'====== Args={'value': 32, 'prev_value': 31, 'change': 1}
2024-04-20 09:07:36,493 : INFO : EventManager : Event: ======'r_sling_r_hit'====== Args={'profile': 'default', 'state': 'lit', 'advancing': False}
2024-04-20 09:07:36,493 : INFO : EventManager : Event: ======'r_sling_r_default_hit'====== Args={'profile': 'default', 'state': 'lit', 'advancing': False}
2024-04-20 09:07:36,493 : INFO : EventManager : Event: ======'r_sling_r_default_lit_hit'====== Args={'profile': 'default', 'state': 'lit', 'advancing': False}
2024-04-20 09:07:36,493 : INFO : EventManager : Event: ======'r_sling_r_lit_hit'====== Args={'profile': 'default', 'state': 'lit', 'advancing': False}
2024-04-20 09:07:36,494 : INFO : EventManager : Event: ======'player_score'====== Args={'value': 40, 'prev_value': 30, 'change': 10, 'player_num': 1, 'source': 'base'}
2024-04-20 09:07:36,576 : INFO : SwitchController : <<<<<<< 's_sling_r' inactive >>>>>>>
2024-04-20 09:07:36,654 : INFO : SwitchController : <<<<<<< 's_sling_r' active >>>>>>>
2024-04-20 09:07:36,654 : INFO : EventManager : Event: ======'s_sling_r_active'====== Args={}
2024-04-20 09:07:36,655 : INFO : EventManager : Event: ======'machine_var_audits_switches_s_sling_r'====== Args={'value': 33, 'prev_value': 32, 'change': 1}
2024-04-20 09:07:36,655 : INFO : EventManager : Event: ======'machine_var_audits_shots_r_sling_r'====== Args={'value': 33, 'prev_value': 32, 'change': 1}
2024-04-20 09:07:36,656 : INFO : EventManager : Event: ======'r_sling_r_hit'====== Args={'profile': 'default', 'state': 'lit', 'advancing': False}
2024-04-20 09:07:36,656 : INFO : EventManager : Event: ======'r_sling_r_default_hit'====== Args={'profile': 'default', 'state': 'lit', 'advancing': False}
2024-04-20 09:07:36,656 : INFO : EventManager : Event: ======'r_sling_r_default_lit_hit'====== Args={'profile': 'default', 'state': 'lit', 'advancing': False}
2024-04-20 09:07:36,656 : INFO : EventManager : Event: ======'r_sling_r_lit_hit'====== Args={'profile': 'default', 'state': 'lit', 'advancing': False}
2024-04-20 09:07:36,656 : INFO : EventManager : Event: ======'player_score'====== Args={'value': 50, 'prev_value': 40, 'change': 10, 'player_num': 1, 'source': 'base'}
2024-04-20 09:07:36,737 : INFO : SwitchController : <<<<<<< 's_sling_r' inactive >>>>>>>
2024-04-20 09:07:36,842 : INFO : SwitchController : <<<<<<< 's_sling_r' active >>>>>>>
2024-04-20 09:07:36,842 : INFO : EventManager : Event: ======'s_sling_r_active'====== Args={}
2024-04-20 09:07:36,842 : INFO : EventManager : Event: ======'machine_var_audits_switches_s_sling_r'====== Args={'value': 34, 'prev_value': 33, 'change': 1}
2024-04-20 09:07:36,843 : INFO : EventManager : Event: ======'machine_var_audits_shots_r_sling_r'====== Args={'value': 34, 'prev_value': 33, 'change': 1}
2024-04-20 09:07:36,844 : INFO : EventManager : Event: ======'r_sling_r_hit'====== Args={'profile': 'default', 'state': 'lit', 'advancing': False}
2024-04-20 09:07:36,844 : INFO : EventManager : Event: ======'r_sling_r_default_hit'====== Args={'profile': 'default', 'state': 'lit', 'advancing': False}
2024-04-20 09:07:36,844 : INFO : EventManager : Event: ======'r_sling_r_default_lit_hit'====== Args={'profile': 'default', 'state': 'lit', 'advancing': False}
2024-04-20 09:07:36,844 : INFO : EventManager : Event: ======'r_sling_r_lit_hit'====== Args={'profile': 'default', 'state': 'lit', 'advancing': False}
2024-04-20 09:07:36,844 : INFO : EventManager : Event: ======'player_score'====== Args={'value': 60, 'prev_value': 50, 'change': 10, 'player_num': 1, 'source': 'base'}
2024-04-20 09:07:36,922 : INFO : SwitchController : <<<<<<< 's_sling_r' inactive >>>>>>>
