2024-06-08 18:53:58,662 : INFO : root : Loading config.
2024-06-08 18:53:58,682 : INFO : ConfigProcessor : Config spec file cache created: /var/folders/l2/q8hj_6s91xnb2jxg1sqm0h7r0000gn/T/config_spec.mpf_cache
2024-06-08 18:53:58,683 : INFO : YamlMultifileConfigLoader : Machine config file #1: config.yaml
2024-06-08 18:53:58,683 : INFO : ConfigProcessor : Loading config from cache: /var/folders/l2/q8hj_6s91xnb2jxg1sqm0h7r0000gn/T/479bffd5d2f40b527f859677e5b1aef9.mpf_cache
2024-06-08 18:53:58,707 : INFO : ConfigProcessor : Loading config from cache: /var/folders/l2/q8hj_6s91xnb2jxg1sqm0h7r0000gn/T/0481b880979d7ccc71369ad5f781c736.mpf_cache
2024-06-08 18:53:58,708 : INFO : ConfigProcessor : Loading config from cache: /var/folders/l2/q8hj_6s91xnb2jxg1sqm0h7r0000gn/T/9cfa8e96748dd80c23752180dbf36e5c.mpf_cache
2024-06-08 18:53:58,708 : WARNING : ConfigProcessor : Config file in cache changed: /Users/tannerpetch/Documents/GitHub/lofab/modes/base/config/base.yaml
2024-06-08 18:53:58,708 : INFO : ConfigProcessor : Loading config from file /Users/tannerpetch/Documents/GitHub/lofab/modes/base/config/base.yaml.
2024-06-08 18:53:58,711 : INFO : ConfigProcessor : Loading config: /Users/tannerpetch/Documents/GitHub/lofab/modes/base/config/base.yaml
2024-06-08 18:53:58,711 : INFO : ConfigProcessor : Config file cache created: /var/folders/l2/q8hj_6s91xnb2jxg1sqm0h7r0000gn/T/f97c90855879603280fcc571f5c42639.mpf_cache
2024-06-08 18:53:58,711 : INFO : ConfigProcessor : Loading config from cache: /var/folders/l2/q8hj_6s91xnb2jxg1sqm0h7r0000gn/T/0481b880979d7ccc71369ad5f781c736.mpf_cache
2024-06-08 18:53:58,711 : INFO : ConfigProcessor : Loading config from cache: /var/folders/l2/q8hj_6s91xnb2jxg1sqm0h7r0000gn/T/1875c266911f801b691956fe9e9284d6.mpf_cache
2024-06-08 18:53:58,712 : INFO : ConfigProcessor : Loading config from cache: /var/folders/l2/q8hj_6s91xnb2jxg1sqm0h7r0000gn/T/5336ce152edc820b26f3a51a9f95779b.mpf_cache
2024-06-08 18:53:58,712 : INFO : ConfigProcessor : Loading config from cache: /var/folders/l2/q8hj_6s91xnb2jxg1sqm0h7r0000gn/T/584196ece55f676a535bfbda3a88171a.mpf_cache
2024-06-08 18:53:58,712 : INFO : ConfigProcessor : Loading config from cache: /var/folders/l2/q8hj_6s91xnb2jxg1sqm0h7r0000gn/T/580ec13747cbd889de997403d41329e7.mpf_cache
2024-06-08 18:53:58,713 : INFO : ConfigProcessor : Loading config from cache: /var/folders/l2/q8hj_6s91xnb2jxg1sqm0h7r0000gn/T/4b1e343fa9806c398ec7ee103dcfa7e2.mpf_cache
2024-06-08 18:53:58,713 : INFO : ConfigProcessor : Loading config from cache: /var/folders/l2/q8hj_6s91xnb2jxg1sqm0h7r0000gn/T/66764f8b68b26fdba6c1f2bce3638479.mpf_cache
2024-06-08 18:53:58,713 : INFO : ConfigProcessor : Loading config from cache: /var/folders/l2/q8hj_6s91xnb2jxg1sqm0h7r0000gn/T/0c919395e2ce92a9f3b169ffcf017109.mpf_cache
2024-06-08 18:53:58,713 : INFO : ConfigProcessor : Loading config from cache: /var/folders/l2/q8hj_6s91xnb2jxg1sqm0h7r0000gn/T/437d7d3e70b7081fed3bd3ee4c73d41b.mpf_cache
2024-06-08 18:53:58,713 : INFO : ConfigProcessor : Loading config from cache: /var/folders/l2/q8hj_6s91xnb2jxg1sqm0h7r0000gn/T/a3ab7d74d06f7d14292ebc77e3ada161.mpf_cache
2024-06-08 18:53:58,713 : INFO : ConfigProcessor : Loading config from cache: /var/folders/l2/q8hj_6s91xnb2jxg1sqm0h7r0000gn/T/2b5fdb8fd0e736387486af32f8df92fd.mpf_cache
2024-06-08 18:53:58,714 : INFO : ConfigProcessor : Loading config from cache: /var/folders/l2/q8hj_6s91xnb2jxg1sqm0h7r0000gn/T/3dbc438e88423aa3ff742db2713b600f.mpf_cache
2024-06-08 18:53:58,715 : INFO : ConfigProcessor : Loading config from cache: /var/folders/l2/q8hj_6s91xnb2jxg1sqm0h7r0000gn/T/154d071a3850556c6f3eae37bf41c8b6.mpf_cache
2024-06-08 18:53:58,715 : INFO : ConfigProcessor : Loading config from cache: /var/folders/l2/q8hj_6s91xnb2jxg1sqm0h7r0000gn/T/ab100dbe0e16472b56f0213f3842a00f.mpf_cache
2024-06-08 18:53:58,716 : INFO : ConfigProcessor : Loading config from cache: /var/folders/l2/q8hj_6s91xnb2jxg1sqm0h7r0000gn/T/f03ad90ccd2c053e9e5d10795d01f4ba.mpf_cache
2024-06-08 18:53:58,716 : INFO : ConfigProcessor : Loading config from cache: /var/folders/l2/q8hj_6s91xnb2jxg1sqm0h7r0000gn/T/0f3c951d4c93079ae3fac6429c5bc2ee.mpf_cache
2024-06-08 18:53:58,716 : INFO : ConfigProcessor : Loading config from cache: /var/folders/l2/q8hj_6s91xnb2jxg1sqm0h7r0000gn/T/8bf004783a280ac33d17b88f37848116.mpf_cache
2024-06-08 18:53:58,718 : INFO : ConfigProcessor : Loading config from cache: /var/folders/l2/q8hj_6s91xnb2jxg1sqm0h7r0000gn/T/d5d50eaa09e055f3a827c6269a3aa165.mpf_cache
2024-06-08 18:53:58,718 : INFO : ConfigProcessor : Loading config from cache: /var/folders/l2/q8hj_6s91xnb2jxg1sqm0h7r0000gn/T/db98bdefe8a072cec23a2527f4303b09.mpf_cache
2024-06-08 18:53:58,718 : INFO : ConfigProcessor : Loading config from cache: /var/folders/l2/q8hj_6s91xnb2jxg1sqm0h7r0000gn/T/eefb91dd78a2b4d0f2b86f7f7cb501a3.mpf_cache
2024-06-08 18:53:58,719 : INFO : ConfigProcessor : Loading config from cache: /var/folders/l2/q8hj_6s91xnb2jxg1sqm0h7r0000gn/T/d32f8b43f49e3e57afbd189fbbccae80.mpf_cache
2024-06-08 18:53:58,719 : INFO : ConfigProcessor : Loading config from cache: /var/folders/l2/q8hj_6s91xnb2jxg1sqm0h7r0000gn/T/08db62a1c5938674fa894d468364ed3e.mpf_cache
2024-06-08 18:53:58,719 : INFO : ConfigProcessor : Loading config from cache: /var/folders/l2/q8hj_6s91xnb2jxg1sqm0h7r0000gn/T/98754ca8fa1663afefe3af8297a0d59a.mpf_cache
2024-06-08 18:53:58,720 : INFO : ConfigProcessor : Loading config from cache: /var/folders/l2/q8hj_6s91xnb2jxg1sqm0h7r0000gn/T/0b5d87cc943a75a2ef030b7892588c99.mpf_cache
2024-06-08 18:53:58,720 : INFO : ConfigProcessor : Loading config from cache: /var/folders/l2/q8hj_6s91xnb2jxg1sqm0h7r0000gn/T/5545c5ff302318fa3a4687589808743d.mpf_cache
2024-06-08 18:53:58,720 : INFO : ConfigProcessor : Loading config from cache: /var/folders/l2/q8hj_6s91xnb2jxg1sqm0h7r0000gn/T/89af055c57b135455281acad4d6d7133.mpf_cache
2024-06-08 18:53:58,722 : INFO : ConfigProcessor : Loading config from cache: /var/folders/l2/q8hj_6s91xnb2jxg1sqm0h7r0000gn/T/250153cb7d132f4134a2e9b694314568.mpf_cache
2024-06-08 18:53:58,722 : INFO : ConfigProcessor : Loading config from cache: /var/folders/l2/q8hj_6s91xnb2jxg1sqm0h7r0000gn/T/bbbe87a2f82c66174798be62d4e8058c.mpf_cache
2024-06-08 18:53:58,723 : INFO : ConfigProcessor : Loading config from cache: /var/folders/l2/q8hj_6s91xnb2jxg1sqm0h7r0000gn/T/2f00c61e68427a4836dbfe64f1826615.mpf_cache
2024-06-08 18:53:58,723 : INFO : ConfigProcessor : Loading config from cache: /var/folders/l2/q8hj_6s91xnb2jxg1sqm0h7r0000gn/T/fc2375d75a21213b7a8ae195deeda13f.mpf_cache
2024-06-08 18:53:58,723 : INFO : ConfigProcessor : Loading config from cache: /var/folders/l2/q8hj_6s91xnb2jxg1sqm0h7r0000gn/T/d5f9bfe8056108a5be40a39619bb3439.mpf_cache
2024-06-08 18:53:58,724 : INFO : Machine : Mission Pinball Framework Core Engine v0.80.0.dev1
2024-06-08 18:53:58,724 : INFO : Machine : Command line arguments: {'no_load_cache': False, 'create_config_cache': True, 'bcp': False, 'configfile': ['config.yaml'], 'force_assets_load': False, 'platform_integration_test': False, 'jsonlogging': False, 'logfile': 'logs/2024-06-08-18-53-58-mpf-Tanners-Laptop.local.log', 'pause': False, 'production': False, 'text_ui': True, 'loglevel': 15, 'consoleloglevel': 20, 'force_platform': 'smart_virtual', 'syslog_address': None, 'mc_file_name': None, 'no_sound': False}
2024-06-08 18:53:58,724 : INFO : Machine : MPF path: /Users/tannerpetch/Documents/git/mpf/mpf
2024-06-08 18:53:58,724 : INFO : Machine : Machine path: /Users/tannerpetch/Documents/GitHub/lofab
2024-06-08 18:53:58,724 : INFO : Machine : Platform: darwin
2024-06-08 18:53:58,724 : INFO : Machine : Python executable location: /Users/tannerpetch/mpfenv/bin/python3
2024-06-08 18:53:58,724 : INFO : Machine : Python version: 3.9.13 (64-bit)
2024-06-08 18:53:58,724 : INFO : Machine : Initializing MPF...
2024-06-08 18:53:58,866 : INFO : EventManager : Event: ======'machine_var_credits_string'====== Args={'value': 'FREE PLAY', 'prev_value': None, 'change': True}
2024-06-08 18:53:58,873 : INFO : EventManager : Event: ======'machine_var_master_volume'====== Args={'value': 0.5, 'prev_value': None, 'change': True}
2024-06-08 18:53:58,873 : INFO : EventManager : Event: ======'machine_var_player1_score'====== Args={'value': 0, 'prev_value': None, 'change': True}
2024-06-08 18:53:58,873 : INFO : EventManager : Event: ======'machine_var_mpf_version'====== Args={'value': 'Mission Pinball Framework v0.80.0.dev1', 'prev_value': None, 'change': True}
2024-06-08 18:53:58,873 : INFO : EventManager : Event: ======'machine_var_mpf_extended_version'====== Args={'value': 'Mission Pinball Framework v0.80.0.dev1, Config version:6, Show version: 6, BCP version:1.1', 'prev_value': None, 'change': True}
2024-06-08 18:53:58,873 : INFO : EventManager : Event: ======'machine_var_python_version'====== Args={'value': '3.9.13', 'prev_value': None, 'change': True}
2024-06-08 18:53:58,883 : INFO : EventManager : Event: ======'machine_var_platform'====== Args={'value': 'macOS-14.3-arm64-arm-64bit', 'prev_value': None, 'change': True}
2024-06-08 18:53:58,883 : INFO : EventManager : Event: ======'machine_var_platform_system'====== Args={'value': 'Darwin', 'prev_value': None, 'change': True}
2024-06-08 18:53:58,883 : INFO : EventManager : Event: ======'machine_var_platform_release'====== Args={'value': '23.3.0', 'prev_value': None, 'change': True}
2024-06-08 18:53:58,883 : INFO : EventManager : Event: ======'machine_var_platform_version'====== Args={'value': 'Darwin Kernel Version 23.3.0: Thu Dec 21 02:29:41 PST 2023; root:xnu-10002.81.5~11/RELEASE_ARM64_T8122', 'prev_value': None, 'change': True}
2024-06-08 18:53:58,883 : INFO : EventManager : Event: ======'machine_var_platform_machine'====== Args={'value': 'arm64', 'prev_value': None, 'change': True}
2024-06-08 18:53:58,883 : INFO : EventManager : Event: ======'init_phase_1'====== Args={}
2024-06-08 18:53:58,900 : INFO : EventManager : Event: ======'init_phase_2'====== Args={}
2024-06-08 18:53:58,903 : INFO : ball_device.bd_vuk : BCH: Initial count: 0
2024-06-08 18:53:58,903 : INFO : ball_device.bd_vuk : State: idle
2024-06-08 18:53:58,904 : INFO : ball_device.bd_trough : BCH: Initial count: 0
2024-06-08 18:53:58,904 : INFO : ball_device.bd_trough : State: idle
2024-06-08 18:53:58,908 : INFO : EventManager : Event: ======'init_phase_3'====== Args={}
2024-06-08 18:53:59,121 : INFO : EventManager : Event: ======'init_phase_4'====== Args={}
2024-06-08 18:53:59,121 : INFO : BallController : Initial balls found: 0
2024-06-08 18:53:59,122 : INFO : EventManager : Event: ======'machine_var_audits_events_game_ended'====== Args={'value': 7, 'prev_value': None, 'change': True}
2024-06-08 18:53:59,122 : INFO : EventManager : Event: ======'machine_var_audits_events_game_started'====== Args={'value': 76, 'prev_value': None, 'change': True}
2024-06-08 18:53:59,122 : INFO : EventManager : Event: ======'machine_var_audits_missing_switches_s_e'====== Args={'value': 1, 'prev_value': None, 'change': True}
2024-06-08 18:53:59,122 : INFO : EventManager : Event: ======'machine_var_audits_missing_switches_s_flipper_l'====== Args={'value': 59, 'prev_value': None, 'change': True}
2024-06-08 18:53:59,122 : INFO : EventManager : Event: ======'machine_var_audits_missing_switches_s_flipper_r'====== Args={'value': 21, 'prev_value': None, 'change': True}
2024-06-08 18:53:59,122 : INFO : EventManager : Event: ======'machine_var_audits_missing_switches_s_h'====== Args={'value': 76, 'prev_value': None, 'change': True}
2024-06-08 18:53:59,122 : INFO : EventManager : Event: ======'machine_var_audits_missing_switches_s_pop'====== Args={'value': 76, 'prev_value': None, 'change': True}
2024-06-08 18:53:59,122 : INFO : EventManager : Event: ======'machine_var_audits_missing_switches_s_ramp_complete'====== Args={'value': 1, 'prev_value': None, 'change': True}
2024-06-08 18:53:59,122 : INFO : EventManager : Event: ======'machine_var_audits_missing_switches_s_ramp_l'====== Args={'value': 1, 'prev_value': None, 'change': True}
2024-06-08 18:53:59,122 : INFO : EventManager : Event: ======'machine_var_audits_missing_switches_s_ramp_r'====== Args={'value': 1, 'prev_value': None, 'change': True}
2024-06-08 18:53:59,122 : INFO : EventManager : Event: ======'machine_var_audits_missing_switches_s_sling_l'====== Args={'value': 35, 'prev_value': None, 'change': True}
2024-06-08 18:53:59,122 : INFO : EventManager : Event: ======'machine_var_audits_missing_switches_s_sling_r'====== Args={'value': 35, 'prev_value': None, 'change': True}
2024-06-08 18:53:59,122 : INFO : EventManager : Event: ======'machine_var_audits_missing_switches_s_spinner'====== Args={'value': 1, 'prev_value': None, 'change': True}
2024-06-08 18:53:59,122 : INFO : EventManager : Event: ======'machine_var_audits_missing_switches_s_start'====== Args={'value': 4, 'prev_value': None, 'change': True}
2024-06-08 18:53:59,122 : INFO : EventManager : Event: ======'machine_var_audits_missing_switches_s_stationary_back'====== Args={'value': 1, 'prev_value': None, 'change': True}
2024-06-08 18:53:59,122 : INFO : EventManager : Event: ======'machine_var_audits_missing_switches_s_stationary_o'====== Args={'value': 1, 'prev_value': None, 'change': True}
2024-06-08 18:53:59,122 : INFO : EventManager : Event: ======'machine_var_audits_missing_switches_s_stationary_s'====== Args={'value': 1, 'prev_value': None, 'change': True}
2024-06-08 18:53:59,122 : INFO : EventManager : Event: ======'machine_var_audits_missing_switches_s_stationary_u'====== Args={'value': 62, 'prev_value': None, 'change': True}
2024-06-08 18:53:59,123 : INFO : EventManager : Event: ======'machine_var_audits_missing_switches_s_tilt_l'====== Args={'value': 76, 'prev_value': None, 'change': True}
2024-06-08 18:53:59,123 : INFO : EventManager : Event: ======'machine_var_audits_missing_switches_s_tilt_r'====== Args={'value': 76, 'prev_value': None, 'change': True}
2024-06-08 18:53:59,123 : INFO : EventManager : Event: ======'machine_var_audits_missing_switches_s_trough_1'====== Args={'value': 5, 'prev_value': None, 'change': True}
2024-06-08 18:53:59,123 : INFO : EventManager : Event: ======'machine_var_audits_missing_switches_s_trough_2'====== Args={'value': 48, 'prev_value': None, 'change': True}
2024-06-08 18:53:59,123 : INFO : EventManager : Event: ======'machine_var_audits_missing_switches_s_trough_3'====== Args={'value': 76, 'prev_value': None, 'change': True}
2024-06-08 18:53:59,123 : INFO : EventManager : Event: ======'machine_var_audits_missing_switches_s_trough_4'====== Args={'value': 74, 'prev_value': None, 'change': True}
2024-06-08 18:53:59,123 : INFO : EventManager : Event: ======'machine_var_audits_missing_switches_s_vuk'====== Args={'value': 1, 'prev_value': None, 'change': True}
2024-06-08 18:53:59,123 : INFO : EventManager : Event: ======'machine_var_audits_player_score'====== Args={'value': {'average': 0, 'top': [100, 0, 0, 0, 0, 0, 0, 0, 0], 'total': 9}, 'prev_value': None, 'change': True}
2024-06-08 18:53:59,123 : INFO : EventManager : Event: ======'machine_var_audits_shots_r_e_rotate'====== Args={'value': 7, 'prev_value': None, 'change': True}
2024-06-08 18:53:59,123 : INFO : EventManager : Event: ======'machine_var_audits_shots_r_o'====== Args={'value': 62, 'prev_value': None, 'change': True}
2024-06-08 18:53:59,123 : INFO : EventManager : Event: ======'machine_var_audits_shots_r_o_fleshy'====== Args={'value': 149, 'prev_value': None, 'change': True}
2024-06-08 18:53:59,123 : INFO : EventManager : Event: ======'machine_var_audits_shots_r_o_rotate'====== Args={'value': 98, 'prev_value': None, 'change': True}
2024-06-08 18:53:59,123 : INFO : EventManager : Event: ======'machine_var_audits_shots_r_pop_stationary'====== Args={'value': 6, 'prev_value': None, 'change': True}
2024-06-08 18:53:59,123 : INFO : EventManager : Event: ======'machine_var_audits_shots_r_ramp_l_fleshy'====== Args={'value': 16, 'prev_value': None, 'change': True}
2024-06-08 18:53:59,123 : INFO : EventManager : Event: ======'machine_var_audits_shots_r_ramp_r_fleshy'====== Args={'value': 15, 'prev_value': None, 'change': True}
2024-06-08 18:53:59,123 : INFO : EventManager : Event: ======'machine_var_audits_shots_r_right_orbit_fleshy'====== Args={'value': 1, 'prev_value': None, 'change': True}
2024-06-08 18:53:59,123 : INFO : EventManager : Event: ======'machine_var_audits_shots_r_s'====== Args={'value': 28, 'prev_value': None, 'change': True}
2024-06-08 18:53:59,123 : INFO : EventManager : Event: ======'machine_var_audits_shots_r_s_fleshy'====== Args={'value': 118, 'prev_value': None, 'change': True}
2024-06-08 18:53:59,123 : INFO : EventManager : Event: ======'machine_var_audits_shots_r_s_rotate'====== Args={'value': 95, 'prev_value': None, 'change': True}
2024-06-08 18:53:59,124 : INFO : EventManager : Event: ======'machine_var_audits_shots_r_sling_l'====== Args={'value': 12, 'prev_value': None, 'change': True}
2024-06-08 18:53:59,124 : INFO : EventManager : Event: ======'machine_var_audits_shots_r_sling_r'====== Args={'value': 18, 'prev_value': None, 'change': True}
2024-06-08 18:53:59,124 : INFO : EventManager : Event: ======'machine_var_audits_shots_r_stationary_back_fleshy'====== Args={'value': 8, 'prev_value': None, 'change': True}
2024-06-08 18:53:59,124 : INFO : EventManager : Event: ======'machine_var_audits_shots_r_u'====== Args={'value': 4, 'prev_value': None, 'change': True}
2024-06-08 18:53:59,124 : INFO : EventManager : Event: ======'machine_var_audits_shots_r_vuk_fleshy'====== Args={'value': 4, 'prev_value': None, 'change': True}
2024-06-08 18:53:59,124 : INFO : EventManager : Event: ======'machine_var_audits_switches_s_e'====== Args={'value': 7, 'prev_value': None, 'change': True}
2024-06-08 18:53:59,124 : INFO : EventManager : Event: ======'machine_var_audits_switches_s_flipper_l'====== Args={'value': 17, 'prev_value': None, 'change': True}
2024-06-08 18:53:59,124 : INFO : EventManager : Event: ======'machine_var_audits_switches_s_flipper_r'====== Args={'value': 5, 'prev_value': None, 'change': True}
2024-06-08 18:53:59,124 : INFO : EventManager : Event: ======'machine_var_audits_switches_s_h'====== Args={'value': 0, 'prev_value': None, 'change': True}
2024-06-08 18:53:59,124 : INFO : EventManager : Event: ======'machine_var_audits_switches_s_launch'====== Args={'value': 76, 'prev_value': None, 'change': True}
2024-06-08 18:53:59,124 : INFO : EventManager : Event: ======'machine_var_audits_switches_s_pop'====== Args={'value': 0, 'prev_value': None, 'change': True}
2024-06-08 18:53:59,124 : INFO : EventManager : Event: ======'machine_var_audits_switches_s_ramp_complete'====== Args={'value': 33, 'prev_value': None, 'change': True}
2024-06-08 18:53:59,124 : INFO : EventManager : Event: ======'machine_var_audits_switches_s_ramp_l'====== Args={'value': 20, 'prev_value': None, 'change': True}
2024-06-08 18:53:59,124 : INFO : EventManager : Event: ======'machine_var_audits_switches_s_ramp_r'====== Args={'value': 15, 'prev_value': None, 'change': True}
2024-06-08 18:53:59,125 : INFO : EventManager : Event: ======'machine_var_audits_switches_s_sling_l'====== Args={'value': 12, 'prev_value': None, 'change': True}
2024-06-08 18:53:59,125 : INFO : EventManager : Event: ======'machine_var_audits_switches_s_sling_r'====== Args={'value': 18, 'prev_value': None, 'change': True}
2024-06-08 18:53:59,125 : INFO : EventManager : Event: ======'machine_var_audits_switches_s_spinner'====== Args={'value': 7, 'prev_value': None, 'change': True}
2024-06-08 18:53:59,125 : INFO : EventManager : Event: ======'machine_var_audits_switches_s_start'====== Args={'value': 7, 'prev_value': None, 'change': True}
2024-06-08 18:53:59,125 : INFO : EventManager : Event: ======'machine_var_audits_switches_s_stationary_back'====== Args={'value': 8, 'prev_value': None, 'change': True}
2024-06-08 18:53:59,125 : INFO : EventManager : Event: ======'machine_var_audits_switches_s_stationary_o'====== Args={'value': 154, 'prev_value': None, 'change': True}
2024-06-08 18:53:59,125 : INFO : EventManager : Event: ======'machine_var_audits_switches_s_stationary_s'====== Args={'value': 118, 'prev_value': None, 'change': True}
2024-06-08 18:53:59,125 : INFO : EventManager : Event: ======'machine_var_audits_switches_s_stationary_u'====== Args={'value': 23, 'prev_value': None, 'change': True}
2024-06-08 18:53:59,125 : INFO : EventManager : Event: ======'machine_var_audits_switches_s_tilt_l'====== Args={'value': 0, 'prev_value': None, 'change': True}
2024-06-08 18:53:59,125 : INFO : EventManager : Event: ======'machine_var_audits_switches_s_tilt_r'====== Args={'value': 0, 'prev_value': None, 'change': True}
2024-06-08 18:53:59,125 : INFO : EventManager : Event: ======'machine_var_audits_switches_s_trough_1'====== Args={'value': 29, 'prev_value': None, 'change': True}
2024-06-08 18:53:59,125 : INFO : EventManager : Event: ======'machine_var_audits_switches_s_trough_2'====== Args={'value': 1, 'prev_value': None, 'change': True}
2024-06-08 18:53:59,126 : INFO : EventManager : Event: ======'machine_var_audits_switches_s_trough_3'====== Args={'value': 0, 'prev_value': None, 'change': True}
2024-06-08 18:53:59,126 : INFO : EventManager : Event: ======'machine_var_audits_switches_s_trough_4'====== Args={'value': 1, 'prev_value': None, 'change': True}
2024-06-08 18:53:59,126 : INFO : EventManager : Event: ======'machine_var_audits_switches_s_vuk'====== Args={'value': 10, 'prev_value': None, 'change': True}
2024-06-08 18:53:59,126 : INFO : EventManager : Event: ======'machine_var_audits_switches_s_change_room'====== Args={'value': 0, 'prev_value': None, 'change': True}
2024-06-08 18:53:59,126 : INFO : EventManager : Event: ======'init_phase_5'====== Args={}
2024-06-08 18:53:59,127 : INFO : EventManager : Event: ======'init_done'====== Args={}
2024-06-08 18:53:59,127 : INFO : EventManager : Event: ======'machine_reset_phase_1'====== Args={}
2024-06-08 18:53:59,127 : INFO : EventManager : Event: ======'machine_reset_phase_2'====== Args={}
2024-06-08 18:53:59,127 : INFO : EventManager : Event: ======'machine_reset_phase_3'====== Args={}
2024-06-08 18:53:59,127 : INFO : EventManager : Event: ======'reset_complete'====== Args={}
2024-06-08 18:53:59,127 : INFO : EventManager : Event: ======'mode_attract_will_start'====== Args={}
2024-06-08 18:53:59,128 : INFO : EventManager : Event: ======'mode_attract_starting'====== Args={}
2024-06-08 18:53:59,128 : INFO : Mode.attract : Started. Priority: 10
2024-06-08 18:53:59,128 : INFO : EventManager : Event: ======'modes_active_modes_changed'====== Args={}
2024-06-08 18:53:59,128 : INFO : EventManager : Event: ======'mode_attract_started'====== Args={}
2024-06-08 18:53:59,128 : INFO : coil.c_launch_light : Enabling Driver with power 1.0 (pulse_ms 10ms and pulse_power 1.0)
2024-06-08 18:53:59,128 : INFO : coil.c_start_light : Disabling Driver
2024-06-08 18:53:59,128 : INFO : EventManager : Event: ======'collecting_balls_complete'====== Args={}
2024-06-08 18:53:59,128 : INFO : Machine : Starting the main run loop.
2024-06-08 18:53:59,229 : INFO : coil.c_start_light : Disabling Driver
2024-06-08 18:53:59,229 : INFO : coil.c_launch_light : Disabling Driver
2024-06-08 18:53:59,647 : INFO : BcpServer : New client connected.
2024-06-08 18:54:00,229 : INFO : coil.c_launch_light : Enabling Driver with power 1.0 (pulse_ms 10ms and pulse_power 1.0)
2024-06-08 18:54:00,229 : INFO : coil.c_start_light : Disabling Driver
2024-06-08 18:54:00,328 : INFO : coil.c_start_light : Disabling Driver
2024-06-08 18:54:00,328 : INFO : coil.c_launch_light : Disabling Driver
2024-06-08 18:54:01,329 : INFO : coil.c_launch_light : Enabling Driver with power 1.0 (pulse_ms 10ms and pulse_power 1.0)
2024-06-08 18:54:01,329 : INFO : coil.c_start_light : Disabling Driver
2024-06-08 18:54:01,428 : INFO : coil.c_start_light : Disabling Driver
2024-06-08 18:54:01,428 : INFO : coil.c_launch_light : Disabling Driver
2024-06-08 18:54:02,429 : INFO : coil.c_launch_light : Enabling Driver with power 1.0 (pulse_ms 10ms and pulse_power 1.0)
2024-06-08 18:54:02,429 : INFO : coil.c_start_light : Disabling Driver
2024-06-08 18:54:02,529 : INFO : coil.c_start_light : Disabling Driver
2024-06-08 18:54:02,529 : INFO : coil.c_launch_light : Disabling Driver
2024-06-08 18:54:03,529 : INFO : coil.c_launch_light : Enabling Driver with power 1.0 (pulse_ms 10ms and pulse_power 1.0)
2024-06-08 18:54:03,529 : INFO : coil.c_start_light : Disabling Driver
2024-06-08 18:54:03,629 : INFO : coil.c_start_light : Disabling Driver
2024-06-08 18:54:03,629 : INFO : coil.c_launch_light : Disabling Driver
2024-06-08 18:54:04,629 : INFO : coil.c_launch_light : Enabling Driver with power 1.0 (pulse_ms 10ms and pulse_power 1.0)
2024-06-08 18:54:04,629 : INFO : coil.c_start_light : Disabling Driver
2024-06-08 18:54:04,728 : INFO : coil.c_start_light : Disabling Driver
2024-06-08 18:54:04,729 : INFO : coil.c_launch_light : Disabling Driver
2024-06-08 18:54:05,729 : INFO : coil.c_launch_light : Enabling Driver with power 1.0 (pulse_ms 10ms and pulse_power 1.0)
2024-06-08 18:54:05,730 : INFO : coil.c_start_light : Disabling Driver
2024-06-08 18:54:05,829 : INFO : coil.c_start_light : Disabling Driver
2024-06-08 18:54:05,829 : INFO : coil.c_launch_light : Disabling Driver
2024-06-08 18:54:06,828 : INFO : coil.c_launch_light : Enabling Driver with power 1.0 (pulse_ms 10ms and pulse_power 1.0)
2024-06-08 18:54:06,828 : INFO : coil.c_start_light : Disabling Driver
2024-06-08 18:54:06,928 : INFO : coil.c_start_light : Disabling Driver
2024-06-08 18:54:06,928 : INFO : coil.c_launch_light : Disabling Driver
2024-06-08 18:54:07,929 : INFO : coil.c_launch_light : Enabling Driver with power 1.0 (pulse_ms 10ms and pulse_power 1.0)
2024-06-08 18:54:07,929 : INFO : coil.c_start_light : Disabling Driver
2024-06-08 18:54:08,028 : INFO : coil.c_start_light : Disabling Driver
2024-06-08 18:54:08,028 : INFO : coil.c_launch_light : Disabling Driver
2024-06-08 18:54:08,588 : INFO : SwitchController : <<<<<<< 's_trough_1' active >>>>>>>
2024-06-08 18:54:08,719 : INFO : SwitchController : <<<<<<< 's_trough_1' inactive >>>>>>>
2024-06-08 18:54:08,988 : INFO : SwitchController : <<<<<<< 's_trough_1' active >>>>>>>
2024-06-08 18:54:09,029 : INFO : coil.c_launch_light : Enabling Driver with power 1.0 (pulse_ms 10ms and pulse_power 1.0)
2024-06-08 18:54:09,029 : INFO : coil.c_start_light : Disabling Driver
2024-06-08 18:54:09,128 : INFO : coil.c_start_light : Disabling Driver
2024-06-08 18:54:09,129 : INFO : coil.c_launch_light : Disabling Driver
2024-06-08 18:54:09,489 : INFO : EventManager : Event: ======'balldevice_bd_trough_ball_count_changed'====== Args={'balls': 1}
2024-06-08 18:54:09,490 : INFO : ball_device.bd_trough : Received unexpected ball
2024-06-08 18:54:09,490 : INFO : EventManager : Event: ======'balldevice_captured_from_playfield'====== Args={'balls': 1}
2024-06-08 18:54:09,490 : INFO : EventManager : Event: ======'sw_playfield_active'====== Args={'balls': 1}
2024-06-08 18:54:09,491 : INFO : EventManager : Event: ======'playfield_active'====== Args={}
2024-06-08 18:54:09,491 : INFO : EventManager : Event: ======'unexpected_ball_on_playfield'====== Args={}
2024-06-08 18:54:09,491 : INFO : EventManager : Event: ======'playfield_ball_count_change'====== Args={'balls': -1, 'change': -1}
2024-06-08 18:54:09,492 : INFO : EventManager : Event: ======'balldevice_playfield_ball_enter'====== Args={'new_balls': 1, 'unclaimed_balls': 1, 'device': <playfield.playfield>}
2024-06-08 18:54:09,492 : INFO : EventManager : Event: ======'playfield_ball_count_change'====== Args={'balls': 0, 'change': 1}
2024-06-08 18:54:09,492 : INFO : BallController : Found a new ball which was captured from playfield. Known balls: 1
2024-06-08 18:54:09,492 : INFO : EventManager : Event: ======'found_new_ball'====== Args={}
2024-06-08 18:54:09,492 : INFO : EventManager : Event: ======'balldevice_bd_trough_ball_enter'====== Args={'new_balls': 1, 'unclaimed_balls': 1, 'new_available_balls': 1, 'device': <ball_device.bd_trough>}
2024-06-08 18:54:09,493 : INFO : EventManager : Event: ======'ball_drain'====== Args={'device': <ball_device.bd_trough>, 'balls': 1}
2024-06-08 18:54:09,493 : INFO : EventManager : Event: ======'balldevice_balls_available'====== Args={}
2024-06-08 18:54:09,493 : INFO : EventManager : Event: ======'balldevice_bd_trough_ball_entered'====== Args={'new_balls': 1, 'device': <ball_device.bd_trough>}
2024-06-08 18:54:10,129 : INFO : coil.c_launch_light : Enabling Driver with power 1.0 (pulse_ms 10ms and pulse_power 1.0)
2024-06-08 18:54:10,129 : INFO : coil.c_start_light : Disabling Driver
2024-06-08 18:54:10,229 : INFO : coil.c_start_light : Disabling Driver
2024-06-08 18:54:10,229 : INFO : coil.c_launch_light : Disabling Driver
2024-06-08 18:54:10,442 : INFO : SwitchController : <<<<<<< 's_launch' active >>>>>>>
2024-06-08 18:54:10,573 : INFO : SwitchController : <<<<<<< 's_launch' inactive >>>>>>>
2024-06-08 18:54:11,228 : INFO : coil.c_launch_light : Enabling Driver with power 1.0 (pulse_ms 10ms and pulse_power 1.0)
2024-06-08 18:54:11,229 : INFO : coil.c_start_light : Disabling Driver
2024-06-08 18:54:11,329 : INFO : coil.c_start_light : Disabling Driver
2024-06-08 18:54:11,329 : INFO : coil.c_launch_light : Disabling Driver
2024-06-08 18:54:12,328 : INFO : coil.c_launch_light : Enabling Driver with power 1.0 (pulse_ms 10ms and pulse_power 1.0)
2024-06-08 18:54:12,329 : INFO : coil.c_start_light : Disabling Driver
2024-06-08 18:54:12,429 : INFO : coil.c_start_light : Disabling Driver
2024-06-08 18:54:12,430 : INFO : coil.c_launch_light : Disabling Driver
2024-06-08 18:54:13,429 : INFO : coil.c_launch_light : Enabling Driver with power 1.0 (pulse_ms 10ms and pulse_power 1.0)
2024-06-08 18:54:13,429 : INFO : coil.c_start_light : Disabling Driver
2024-06-08 18:54:13,529 : INFO : coil.c_start_light : Disabling Driver
2024-06-08 18:54:13,529 : INFO : coil.c_launch_light : Disabling Driver
2024-06-08 18:54:14,529 : INFO : coil.c_launch_light : Enabling Driver with power 1.0 (pulse_ms 10ms and pulse_power 1.0)
2024-06-08 18:54:14,529 : INFO : coil.c_start_light : Disabling Driver
2024-06-08 18:54:14,621 : INFO : SwitchController : <<<<<<< 's_start' active >>>>>>>
2024-06-08 18:54:14,629 : INFO : coil.c_start_light : Disabling Driver
2024-06-08 18:54:14,629 : INFO : coil.c_launch_light : Disabling Driver
2024-06-08 18:54:14,736 : INFO : SwitchController : <<<<<<< 's_start' inactive >>>>>>>
2024-06-08 18:54:14,736 : INFO : EventManager : Event: ======'request_to_start_game'====== Args={}
2024-06-08 18:54:14,736 : INFO : EventManager : Event: ======'game_start'====== Args={'buttons': [], 'hold_time': 0.11429812500000125}
2024-06-08 18:54:14,736 : INFO : EventManager : Event: ======'mode_game_will_start'====== Args={'buttons': [], 'hold_time': 0.11429812500000125}
2024-06-08 18:54:14,737 : INFO : EventManager : Event: ======'mode_game_starting'====== Args={'buttons': [], 'hold_time': 0.11429812500000125}
2024-06-08 18:54:14,737 : INFO : EventManager : Event: ======'mode_attract_will_stop'====== Args={}
2024-06-08 18:54:14,737 : INFO : EventManager : Event: ======'mode_attract_stopping'====== Args={}
2024-06-08 18:54:14,738 : INFO : Mode.attract : Stopped.
2024-06-08 18:54:14,738 : INFO : EventManager : Event: ======'modes_active_modes_changed'====== Args={}
2024-06-08 18:54:14,738 : INFO : EventManager : Event: ======'mode_attract_stopped'====== Args={}
2024-06-08 18:54:14,738 : INFO : EventManager : Event: ======'clear'====== Args={'key': 'attract'}
2024-06-08 18:54:14,739 : INFO : Mode.game : Started. Priority: 20
2024-06-08 18:54:14,739 : INFO : EventManager : Event: ======'modes_active_modes_changed'====== Args={}
2024-06-08 18:54:14,739 : INFO : EventManager : Event: ======'mode_game_started'====== Args={'buttons': [], 'hold_time': 0.11429812500000125}
2024-06-08 18:54:14,739 : INFO : EventManager : Event: ======'game_will_start'====== Args={}
2024-06-08 18:54:14,739 : INFO : EventManager : Event: ======'game_starting'====== Args={'game': <Mode.game>}
2024-06-08 18:54:14,740 : INFO : EventManager : Unordered handler for class <Auditor> on event game_ended with priority 1. Handlers: [RegisteredHandler(callback=<bound method Auditor.disable of <Auditor>>, priority=1, kwargs={}, key=UUID('f94943ab-78da-4058-bd65-0560d38fb292'), condition=None, blocking_facility=None), RegisteredHandler(callback=<bound method Auditor._save_audits of <Auditor>>, priority=1, kwargs={}, key=UUID('3fed60fd-b6c2-4f89-9dca-70bb87ad7314'), condition=None, blocking_facility=None)]. The order of those handlers is not defined and they will be executed in random order. This might lead to race conditions and potential bugs.
2024-06-08 18:54:14,740 : INFO : EventManager : Event: ======'player_add_request'====== Args={}
2024-06-08 18:54:14,740 : INFO : EventManager : Event: ======'player_will_add'====== Args={'number': 1}
2024-06-08 18:54:14,740 : INFO : EventManager : Event: ======'player_adding'====== Args={'player': <Player 1>, 'number': 1}
2024-06-08 18:54:14,741 : INFO : EventManager : Event: ======'player_added'====== Args={'player': <Player 1>, 'num': 1}
2024-06-08 18:54:14,741 : INFO : Mode.game : Player added successfully. Total players: 1
2024-06-08 18:54:14,741 : INFO : EventManager : Event: ======'player_index'====== Args={'value': 0, 'prev_value': 0, 'change': 0, 'player_num': 1}
2024-06-08 18:54:14,741 : INFO : EventManager : Event: ======'player_number'====== Args={'value': 1, 'prev_value': 1, 'change': 0, 'player_num': 1}
2024-06-08 18:54:14,741 : INFO : EventManager : Event: ======'player_current_room'====== Args={'value': 'LIVING ROOM', 'prev_value': 'LIVING ROOM', 'change': False, 'player_num': 1}
2024-06-08 18:54:14,741 : INFO : EventManager : Event: ======'player_score'====== Args={'value': 0, 'prev_value': 0, 'change': 0, 'player_num': 1}
2024-06-08 18:54:14,742 : INFO : EventManager : Event: ======'game_started'====== Args={}
2024-06-08 18:54:14,742 : INFO : EventManager : Event: ======'player_turn_will_start'====== Args={'player': <Player 1>, 'number': 1}
2024-06-08 18:54:14,742 : INFO : EventManager : Event: ======'player_turn_starting'====== Args={'player': <Player 1>, 'number': 1}
2024-06-08 18:54:14,742 : INFO : EventManager : Event: ======'player_ball'====== Args={'value': 1, 'prev_value': 0, 'change': 1, 'player_num': 1}
2024-06-08 18:54:14,745 : INFO : EventManager : Event: ======'player_turn_started'====== Args={'player': <Player 1>, 'number': 1}
2024-06-08 18:54:14,745 : INFO : EventManager : Event: ======'ball_will_start'====== Args={'player': 1, 'ball': 1, 'balls_remaining': 2, 'is_extra_ball': False}
2024-06-08 18:54:14,746 : INFO : EventManager : Event: ======'ball_starting'====== Args={'player': 1, 'ball': 1, 'balls_remaining': 2, 'is_extra_ball': False}
2024-06-08 18:54:14,746 : INFO : EventManager : Event: ======'mode_base_will_start'====== Args={'queue': <QueuedEvent>, 'player': 1, 'ball': 1, 'balls_remaining': 2, 'is_extra_ball': False}
2024-06-08 18:54:14,746 : INFO : EventManager : Event: ======'player_shot_r_pop_enabled'====== Args={'value': True, 'prev_value': 0, 'change': 1, 'player_num': 1}
2024-06-08 18:54:14,746 : INFO : EventManager : Event: ======'player_shot_r_sling_l_enabled'====== Args={'value': True, 'prev_value': 0, 'change': 1, 'player_num': 1}
2024-06-08 18:54:14,747 : INFO : EventManager : Event: ======'player_shot_r_sling_r_enabled'====== Args={'value': True, 'prev_value': 0, 'change': 1, 'player_num': 1}
2024-06-08 18:54:14,747 : INFO : EventManager : Event: ======'player_shot_r_h_enabled'====== Args={'value': True, 'prev_value': 0, 'change': 1, 'player_num': 1}
2024-06-08 18:54:14,747 : INFO : EventManager : Event: ======'player_shot_r_o_enabled'====== Args={'value': True, 'prev_value': 0, 'change': 1, 'player_num': 1}
2024-06-08 18:54:14,747 : INFO : EventManager : Event: ======'player_shot_r_u_enabled'====== Args={'value': True, 'prev_value': 0, 'change': 1, 'player_num': 1}
2024-06-08 18:54:14,747 : INFO : EventManager : Event: ======'player_shot_r_s_enabled'====== Args={'value': True, 'prev_value': 0, 'change': 1, 'player_num': 1}
2024-06-08 18:54:14,748 : INFO : EventManager : Event: ======'player_shot_r_e_enabled'====== Args={'value': True, 'prev_value': 0, 'change': 1, 'player_num': 1}
2024-06-08 18:54:14,748 : INFO : EventManager : Event: ======'player_shot_r_ramp_r_enabled'====== Args={'value': True, 'prev_value': 0, 'change': 1, 'player_num': 1}
2024-06-08 18:54:14,748 : INFO : EventManager : Event: ======'player_shot_r_ramp_l_enabled'====== Args={'value': True, 'prev_value': 0, 'change': 1, 'player_num': 1}
2024-06-08 18:54:14,748 : INFO : EventManager : Event: ======'player_shot_r_vuk_enabled'====== Args={'value': True, 'prev_value': 0, 'change': 1, 'player_num': 1}
2024-06-08 18:54:14,749 : INFO : EventManager : Event: ======'player_shot_r_vuk_bank_enabled'====== Args={'value': True, 'prev_value': 0, 'change': 1, 'player_num': 1}
2024-06-08 18:54:14,749 : INFO : EventManager : Event: ======'player_shot_r_right_orbit_enabled'====== Args={'value': True, 'prev_value': 0, 'change': 1, 'player_num': 1}
2024-06-08 18:54:14,749 : INFO : EventManager : Event: ======'player_shot_r_stationary_back_enabled'====== Args={'value': True, 'prev_value': 0, 'change': 1, 'player_num': 1}
2024-06-08 18:54:14,751 : INFO : EventManager : Event: ======'mode_base_starting'====== Args={'queue': <QueuedEvent>, 'player': 1, 'ball': 1, 'balls_remaining': 2, 'is_extra_ball': False}
2024-06-08 18:54:14,751 : INFO : EventManager : Event: ======'waiting_for_launch_press'====== Args={}
2024-06-08 18:54:14,751 : INFO : EventManager : Event: ======'mode_launch_shows_will_start'====== Args={}
2024-06-08 18:54:14,751 : INFO : EventManager : Event: ======'mode_launch_shows_starting'====== Args={}
2024-06-08 18:54:14,751 : INFO : Mode.launch_shows : Started. Priority: 200
2024-06-08 18:54:14,751 : INFO : EventManager : Event: ======'modes_active_modes_changed'====== Args={}
2024-06-08 18:54:14,751 : INFO : EventManager : Event: ======'mode_launch_shows_started'====== Args={}
2024-06-08 18:54:14,752 : INFO : Mode.base : Started. Priority: 100
2024-06-08 18:54:14,752 : INFO : EventManager : Event: ======'modes_active_modes_changed'====== Args={}
2024-06-08 18:54:14,752 : INFO : EventManager : Event: ======'mode_base_started'====== Args={'queue': <QueuedEvent>, 'player': 1, 'ball': 1, 'balls_remaining': 2, 'is_extra_ball': False}
2024-06-08 18:54:14,752 : INFO : EventManager : Event: ======'ball_save_ball_save_pop_enabled'====== Args={}
2024-06-08 18:54:16,105 : INFO : SwitchController : <<<<<<< 's_trough_1' inactive >>>>>>>
2024-06-08 18:54:17,551 : INFO : SwitchController : <<<<<<< 's_launch' active >>>>>>>
2024-06-08 18:54:17,551 : INFO : EventManager : Event: ======'e_launch_press'====== Args={}
2024-06-08 18:54:17,552 : INFO : EventManager : Event: ======'machine_var_audits_switches_s_launch'====== Args={'value': 77, 'prev_value': 76, 'change': 1}
2024-06-08 18:54:17,553 : INFO : EventManager : Event: ======'balls_in_play'====== Args={'balls': 1}
2024-06-08 18:54:17,553 : INFO : EventManager : Event: ======'ball_started'====== Args={'player': 1, 'ball': 1, 'balls_remaining': 2, 'is_extra_ball': False}
2024-06-08 18:54:17,558 : INFO : EventManager : Event: ======'mode_launch_shows_will_stop'====== Args={}
2024-06-08 18:54:17,558 : INFO : EventManager : Event: ======'mode_launch_shows_stopping'====== Args={}
2024-06-08 18:54:17,558 : INFO : EventManager : Event: ======'mode_mult_fleshy_qualify_will_start'====== Args={'player': 1, 'ball': 1, 'balls_remaining': 2, 'is_extra_ball': False}
2024-06-08 18:54:17,559 : INFO : EventManager : Event: ======'player_shot_r_o_fleshy_enabled'====== Args={'value': True, 'prev_value': 0, 'change': 1, 'player_num': 1}
2024-06-08 18:54:17,559 : INFO : EventManager : Event: ======'player_shot_r_s_fleshy_enabled'====== Args={'value': True, 'prev_value': 0, 'change': 1, 'player_num': 1}
2024-06-08 18:54:17,560 : INFO : EventManager : Event: ======'fleshy_shots_complete'====== Args={'state': 'light1lit'}
2024-06-08 18:54:17,560 : INFO : EventManager : Event: ======'fleshy_shots_light1lit_complete'====== Args={}
2024-06-08 18:54:17,560 : INFO : EventManager : Event: ======'mode_mult_fleshy_qualify_starting'====== Args={'player': 1, 'ball': 1, 'balls_remaining': 2, 'is_extra_ball': False}
2024-06-08 18:54:17,560 : INFO : EventManager : Event: ======'mode_hurryup_tilt_qualify_will_start'====== Args={'player': 1, 'ball': 1, 'balls_remaining': 2, 'is_extra_ball': False}
2024-06-08 18:54:17,561 : INFO : EventManager : Event: ======'player_shot_r_tilt_r_enabled'====== Args={'value': True, 'prev_value': 0, 'change': 1, 'player_num': 1}
2024-06-08 18:54:17,561 : INFO : EventManager : Event: ======'player_shot_r_tilt_l_enabled'====== Args={'value': True, 'prev_value': 0, 'change': 1, 'player_num': 1}
2024-06-08 18:54:17,562 : INFO : EventManager : Event: ======'mode_hurryup_tilt_qualify_starting'====== Args={'player': 1, 'ball': 1, 'balls_remaining': 2, 'is_extra_ball': False}
2024-06-08 18:54:17,562 : INFO : EventManager : Event: ======'mode_lane_rotate_will_start'====== Args={'player': 1, 'ball': 1, 'balls_remaining': 2, 'is_extra_ball': False}
2024-06-08 18:54:17,562 : INFO : EventManager : Event: ======'player_shot_r_h_rotate_enabled'====== Args={'value': True, 'prev_value': 0, 'change': 1, 'player_num': 1}
2024-06-08 18:54:17,563 : INFO : EventManager : Event: ======'player_shot_r_o_rotate_enabled'====== Args={'value': True, 'prev_value': 0, 'change': 1, 'player_num': 1}
2024-06-08 18:54:17,563 : INFO : EventManager : Event: ======'player_shot_r_u_rotate_enabled'====== Args={'value': True, 'prev_value': 0, 'change': 1, 'player_num': 1}
2024-06-08 18:54:17,563 : INFO : EventManager : Event: ======'player_shot_r_s_rotate_enabled'====== Args={'value': True, 'prev_value': 0, 'change': 1, 'player_num': 1}
2024-06-08 18:54:17,564 : INFO : EventManager : Event: ======'player_shot_r_e_rotate_enabled'====== Args={'value': True, 'prev_value': 0, 'change': 1, 'player_num': 1}
2024-06-08 18:54:17,564 : INFO : EventManager : Event: ======'rotate_group_complete'====== Args={'state': 'unlit'}
2024-06-08 18:54:17,564 : INFO : EventManager : Event: ======'rotate_group_unlit_complete'====== Args={}
2024-06-08 18:54:17,565 : INFO : EventManager : Event: ======'mode_lane_rotate_starting'====== Args={'player': 1, 'ball': 1, 'balls_remaining': 2, 'is_extra_ball': False}
2024-06-08 18:54:17,565 : INFO : EventManager : Event: ======'mode_start_ball_save_will_start'====== Args={'player': 1, 'ball': 1, 'balls_remaining': 2, 'is_extra_ball': False}
2024-06-08 18:54:17,566 : INFO : EventManager : Event: ======'mode_start_ball_save_starting'====== Args={'player': 1, 'ball': 1, 'balls_remaining': 2, 'is_extra_ball': False}
2024-06-08 18:54:17,567 : INFO : Mode.start_ball_save : Started. Priority: 100
2024-06-08 18:54:17,567 : INFO : EventManager : Event: ======'modes_active_modes_changed'====== Args={}
2024-06-08 18:54:17,567 : INFO : EventManager : Event: ======'mode_start_ball_save_started'====== Args={'player': 1, 'ball': 1, 'balls_remaining': 2, 'is_extra_ball': False}
2024-06-08 18:54:17,568 : INFO : EventManager : Event: ======'ball_save_ball_save_ball_save_enabled'====== Args={}
2024-06-08 18:54:17,568 : INFO : Mode.lane_rotate : Started. Priority: 100
2024-06-08 18:54:17,568 : INFO : EventManager : Event: ======'modes_active_modes_changed'====== Args={}
2024-06-08 18:54:17,592 : INFO : EventManager : Event: ======'mode_lane_rotate_started'====== Args={'player': 1, 'ball': 1, 'balls_remaining': 2, 'is_extra_ball': False}
2024-06-08 18:54:17,592 : INFO : Mode.hurryup_tilt_qualify : Started. Priority: 100
2024-06-08 18:54:17,592 : INFO : EventManager : Event: ======'modes_active_modes_changed'====== Args={}
2024-06-08 18:54:17,592 : INFO : EventManager : Event: ======'mode_hurryup_tilt_qualify_started'====== Args={'player': 1, 'ball': 1, 'balls_remaining': 2, 'is_extra_ball': False}
2024-06-08 18:54:17,592 : INFO : EventManager : Event: ======'player_tilt_warnings'====== Args={'value': 0, 'prev_value': 0, 'change': 0, 'player_num': 1, 'source': 'hurryup_tilt_qualify'}
2024-06-08 18:54:17,592 : INFO : Mode.mult_fleshy_qualify : Started. Priority: 100
2024-06-08 18:54:17,592 : INFO : EventManager : Event: ======'modes_active_modes_changed'====== Args={}
2024-06-08 18:54:17,593 : INFO : EventManager : Event: ======'mode_mult_fleshy_qualify_started'====== Args={'player': 1, 'ball': 1, 'balls_remaining': 2, 'is_extra_ball': False}
2024-06-08 18:54:17,593 : INFO : Mode.launch_shows : Stopped.
2024-06-08 18:54:17,593 : INFO : EventManager : Event: ======'modes_active_modes_changed'====== Args={}
2024-06-08 18:54:17,593 : INFO : EventManager : Event: ======'mode_launch_shows_stopped'====== Args={}
2024-06-08 18:54:17,593 : INFO : EventManager : Event: ======'clear'====== Args={'key': 'launch_shows'}
2024-06-08 18:54:17,593 : INFO : EventManager : Event: ======'single_player_ball_started'====== Args={}
2024-06-08 18:54:17,598 : INFO : EventManager : Event: ======'ball_start_target'====== Args={'target': 'playfield'}
2024-06-08 18:54:17,598 : INFO : ball_device.bd_trough : Setting up player-controlled eject. Balls: 1, Target: <playfield.playfield>, player_controlled_eject_event: None
2024-06-08 18:54:17,598 : INFO : ball_device.bd_trough : Adding 1 ball(s) to the eject_queue with target <playfield.playfield>.
2024-06-08 18:54:17,598 : INFO : EventManager : Event: ======'balldevice_balls_available'====== Args={}
2024-06-08 18:54:17,706 : INFO : SwitchController : <<<<<<< 's_launch' inactive >>>>>>>
2024-06-08 18:54:21,608 : INFO : EventManager : Event: ======'balldevice_bd_trough_ball_count_changed'====== Args={'balls': 0}
2024-06-08 18:54:21,608 : WARNING : ball_device.bd_trough : Ball disappeared while idle. This should not normally happen.
2024-06-08 18:54:21,609 : INFO : EventManager : Event: ======'balldevice_playfield_ball_enter'====== Args={'new_balls': 1, 'unclaimed_balls': 1, 'device': <playfield.playfield>}
2024-06-08 18:54:21,609 : INFO : EventManager : Event: ======'playfield_ball_count_change'====== Args={'balls': 1, 'change': 1}
2024-06-08 18:54:21,609 : INFO : ball_device.bd_trough : 1 ball(s) missing from device. Mechanical eject? False
2024-06-08 18:54:21,616 : INFO : EventManager : Event: ======'balldevice_bd_trough_ball_missing'====== Args={'balls': 1}
2024-06-08 18:54:21,617 : INFO : EventManager : Event: ======'balldevice_ball_missing'====== Args={'balls': 1, 'name': 'bd_trough'}
2024-06-08 18:54:21,618 : INFO : ball_device.bd_trough : State: waiting_for_ball
2024-06-08 18:54:29,041 : INFO : Machine : Shutting down...
2024-06-08 18:54:29,041 : INFO : EventManager : Event: ======'shutdown'====== Args={}
2024-06-08 18:54:29,052 : INFO : EventManager : Event: ======'mode_game_will_stop'====== Args={}
2024-06-08 18:54:29,053 : INFO : EventManager : Event: ======'mode_game_stopping'====== Args={}
2024-06-08 18:54:29,053 : INFO : EventManager : Event: ======'mode_mult_fleshy_qualify_will_stop'====== Args={}
2024-06-08 18:54:29,053 : INFO : EventManager : Event: ======'mode_mult_fleshy_qualify_stopping'====== Args={}
2024-06-08 18:54:29,053 : INFO : EventManager : Event: ======'mode_hurryup_tilt_qualify_will_stop'====== Args={}
2024-06-08 18:54:29,053 : INFO : EventManager : Event: ======'mode_hurryup_tilt_qualify_stopping'====== Args={}
2024-06-08 18:54:29,053 : INFO : EventManager : Event: ======'mode_base_will_stop'====== Args={}
2024-06-08 18:54:29,053 : INFO : EventManager : Event: ======'mode_base_stopping'====== Args={}
2024-06-08 18:54:29,053 : INFO : EventManager : Event: ======'mode_lane_rotate_will_stop'====== Args={}
2024-06-08 18:54:29,053 : INFO : EventManager : Event: ======'mode_lane_rotate_stopping'====== Args={}
2024-06-08 18:54:29,053 : INFO : EventManager : Event: ======'mode_start_ball_save_will_stop'====== Args={}
2024-06-08 18:54:29,053 : INFO : EventManager : Event: ======'mode_start_ball_save_stopping'====== Args={}
2024-06-08 18:54:29,054 : INFO : Mode.start_ball_save : Stopped.
2024-06-08 18:54:29,054 : INFO : EventManager : Event: ======'modes_active_modes_changed'====== Args={}
2024-06-08 18:54:29,054 : INFO : EventManager : Event: ======'mode_start_ball_save_stopped'====== Args={}
2024-06-08 18:54:29,054 : INFO : EventManager : Event: ======'clear'====== Args={'key': 'start_ball_save'}
2024-06-08 18:54:29,054 : INFO : EventManager : Event: ======'ball_save_ball_save_ball_save_disabled'====== Args={}
2024-06-08 18:54:29,054 : INFO : Mode.lane_rotate : Stopped.
2024-06-08 18:54:29,054 : INFO : EventManager : Event: ======'modes_active_modes_changed'====== Args={}
2024-06-08 18:54:29,054 : INFO : EventManager : Event: ======'mode_lane_rotate_stopped'====== Args={}
2024-06-08 18:54:29,054 : INFO : EventManager : Event: ======'clear'====== Args={'key': 'lane_rotate'}
2024-06-08 18:54:29,076 : INFO : Mode.base : Stopped.
2024-06-08 18:54:29,076 : INFO : EventManager : Event: ======'modes_active_modes_changed'====== Args={}
2024-06-08 18:54:29,076 : INFO : EventManager : Event: ======'mode_base_stopped'====== Args={}
2024-06-08 18:54:29,076 : INFO : EventManager : Event: ======'clear'====== Args={'key': 'base'}
2024-06-08 18:54:29,085 : INFO : EventManager : Event: ======'ball_save_ball_save_pop_disabled'====== Args={}
2024-06-08 18:54:29,086 : INFO : Mode.hurryup_tilt_qualify : Stopped.
2024-06-08 18:54:29,086 : INFO : EventManager : Event: ======'modes_active_modes_changed'====== Args={}
2024-06-08 18:54:29,086 : INFO : EventManager : Event: ======'mode_hurryup_tilt_qualify_stopped'====== Args={}
2024-06-08 18:54:29,086 : INFO : EventManager : Event: ======'clear'====== Args={'key': 'hurryup_tilt_qualify'}
2024-06-08 18:54:29,086 : INFO : Mode.mult_fleshy_qualify : Stopped.
2024-06-08 18:54:29,086 : INFO : EventManager : Event: ======'modes_active_modes_changed'====== Args={}
2024-06-08 18:54:29,086 : INFO : EventManager : Event: ======'mode_mult_fleshy_qualify_stopped'====== Args={}
2024-06-08 18:54:29,087 : INFO : EventManager : Event: ======'clear'====== Args={'key': 'mult_fleshy_qualify'}
2024-06-08 18:54:29,087 : INFO : Mode.game : Stopped.
2024-06-08 18:54:29,088 : INFO : EventManager : Event: ======'modes_active_modes_changed'====== Args={}
2024-06-08 18:54:29,088 : INFO : EventManager : Event: ======'mode_game_stopped'====== Args={}
2024-06-08 18:54:29,088 : INFO : EventManager : Event: ======'clear'====== Args={'key': 'game'}
2024-06-08 18:54:29,089 : INFO : root : MPF run loop ended.
