2024-02-08 07:29:14,765 : INFO : root : Loading config.
2024-02-08 07:29:14,769 : INFO : YamlMultifileConfigLoader : Machine config file #1: config.yaml
2024-02-08 07:29:14,770 : INFO : ConfigProcessor : Loading config from cache: C:\Users\Tanner\AppData\Local\Temp\ae594c12e5b61ed7124eed45950049a7.mpf_cache
2024-02-08 07:29:14,839 : INFO : ConfigProcessor : Loading config from cache: C:\Users\Tanner\AppData\Local\Temp\e981666969e170eb9e0a37595fe7075e.mpf_cache
2024-02-08 07:29:14,840 : INFO : ConfigProcessor : Loading config from cache: C:\Users\Tanner\AppData\Local\Temp\dfbe1b39ae456f06de73c859384050b2.mpf_cache
2024-02-08 07:29:14,841 : INFO : ConfigProcessor : Loading config from cache: C:\Users\Tanner\AppData\Local\Temp\e981666969e170eb9e0a37595fe7075e.mpf_cache
2024-02-08 07:29:14,842 : INFO : ConfigProcessor : Loading config from cache: C:\Users\Tanner\AppData\Local\Temp\cacbc1766a696e848da166f75f474858.mpf_cache
2024-02-08 07:29:14,842 : INFO : Machine : Mission Pinball Framework Core Engine v0.57.0.dev33
2024-02-08 07:29:14,842 : INFO : Machine : Command line arguments: {'no_load_cache': False, 'create_config_cache': True, 'bcp': False, 'configfile': ['config.yaml'], 'force_assets_load': False, 'jsonlogging': False, 'logfile': 'logs\\2024-02-08-07-29-14-mpf-DESKTOP-7HNFDQ5.log', 'pause': False, 'production': False, 'text_ui': True, 'loglevel': 15, 'consoleloglevel': 20, 'force_platform': None, 'syslog_address': None, 'mc_file_name': None, 'no_sound': False}
2024-02-08 07:29:14,842 : INFO : Machine : MPF path: C:\Users\Tanner\AppData\Local\Packages\PythonSoftwareFoundation.Python.3.11_qbz5n2kfra8p0\LocalCache\local-packages\Python311\site-packages\mpf
2024-02-08 07:29:14,842 : INFO : Machine : Machine path: c:\lofab
2024-02-08 07:29:14,842 : INFO : Machine : Platform: win32
2024-02-08 07:29:14,842 : INFO : Machine : Python executable location: C:\Users\Tanner\AppData\Local\Microsoft\WindowsApps\PythonSoftwareFoundation.Python.3.11_qbz5n2kfra8p0\python.exe
2024-02-08 07:29:14,842 : INFO : Machine : Python version: 3.11.8 (64-bit)
2024-02-08 07:29:14,844 : INFO : Machine : Initializing MPF...
2024-02-08 07:29:15,073 : INFO : [NET] : Trying to connect to com9 at 921600bps
2024-02-08 07:29:15,150 : INFO : [NET] : Connected to com9 at 921600bps
2024-02-08 07:29:15,159 : INFO : [NET] : Connected to FP-CPU-2000 with firmware v02.13
2024-02-08 07:29:15,191 : INFO : [NET] : Registered I/O Board 0: Model: FP-I/O-0804, Firmware: 01.10, Switches: 8, Drivers: 4
2024-02-08 07:29:15,207 : INFO : [NET] : Registered I/O Board 1: Model: FP-I/O-0804, Firmware: 01.09, Switches: 8, Drivers: 4
2024-02-08 07:29:15,223 : INFO : [NET] : Registered I/O Board 2: Model: FP-I/O-3208, Firmware: 01.10, Switches: 32, Drivers: 8
2024-02-08 07:29:15,224 : INFO : [EXP] : Trying to connect to com10 at 921600bps
2024-02-08 07:29:15,301 : INFO : [EXP] : Connected to com10 at 921600bps
2024-02-08 07:29:15,315 : INFO : [EXP] : Verifying hardware for EXP "pf" (FP-EXP-0081, @84) with ID string "EXP FP-EXP-0081  0.12", board address 84
2024-02-08 07:29:15,331 : INFO : [EXP] : Verifying hardware for EXP "pf" (FP-EXP-0081, @84) with ID string "BRK FP-EXP-0081  0.12", board address 840
2024-02-08 07:29:15,346 : INFO : [EXP] : Verifying hardware for EXP "pf" (FP-EXP-0081, @84) with ID string "BRK FP-EXP-0081  0.12", board address 841
2024-02-08 07:29:15,362 : INFO : EventManager : Event: ======'machine_var_credits_string'====== Args={'value': 'FREE PLAY', 'prev_value': None, 'change': True}
2024-02-08 07:29:15,376 : INFO : EventManager : Event: ======'machine_var_master_volume'====== Args={'value': 0.5, 'prev_value': None, 'change': True}
2024-02-08 07:29:15,376 : INFO : EventManager : Event: ======'machine_var_player1_score'====== Args={'value': 0, 'prev_value': None, 'change': True}
2024-02-08 07:29:15,376 : INFO : EventManager : Event: ======'machine_var_mpf_version'====== Args={'value': 'Mission Pinball Framework v0.57.0.dev33', 'prev_value': None, 'change': True}
2024-02-08 07:29:15,376 : INFO : EventManager : Event: ======'machine_var_mpf_extended_version'====== Args={'value': 'Mission Pinball Framework v0.57.0.dev33, Config version:6, Show version: 6, BCP version:1.1', 'prev_value': None, 'change': True}
2024-02-08 07:29:15,376 : INFO : EventManager : Event: ======'machine_var_python_version'====== Args={'value': '3.11.8', 'prev_value': None, 'change': True}
2024-02-08 07:29:15,385 : INFO : EventManager : Event: ======'machine_var_platform'====== Args={'value': 'Windows-10-10.0.19045-SP0', 'prev_value': None, 'change': True}
2024-02-08 07:29:15,385 : INFO : EventManager : Event: ======'machine_var_platform_system'====== Args={'value': 'Windows', 'prev_value': None, 'change': True}
2024-02-08 07:29:15,385 : INFO : EventManager : Event: ======'machine_var_platform_release'====== Args={'value': '10', 'prev_value': None, 'change': True}
2024-02-08 07:29:15,385 : INFO : EventManager : Event: ======'machine_var_platform_version'====== Args={'value': '10.0.19045', 'prev_value': None, 'change': True}
2024-02-08 07:29:15,385 : INFO : EventManager : Event: ======'machine_var_platform_machine'====== Args={'value': 'AMD64', 'prev_value': None, 'change': True}
2024-02-08 07:29:15,385 : INFO : EventManager : Event: ======'init_phase_1'====== Args={}
2024-02-08 07:29:17,878 : INFO : SwitchController : <<<<<<< 's_trough_4' active >>>>>>>
2024-02-08 07:29:17,909 : INFO : EventManager : Event: ======'init_phase_2'====== Args={}
2024-02-08 07:29:17,909 : INFO : SwitchController : Found active switch: (19, [FAST Platform Interface]) <switch.s_trough_4>
2024-02-08 07:29:17,912 : INFO : ball_device.bd_vuk : BCH: Initial count: 0
2024-02-08 07:29:17,913 : INFO : ball_device.bd_vuk : State: idle
2024-02-08 07:29:18,391 : INFO : ball_device.bd_trough : BCH: Initial count: 1
2024-02-08 07:29:18,391 : INFO : ball_device.bd_trough : State: idle
2024-02-08 07:29:18,400 : INFO : EventManager : Event: ======'init_phase_3'====== Args={}
2024-02-08 07:29:18,402 : INFO : EventManager : Event: ======'init_phase_4'====== Args={}
2024-02-08 07:29:18,402 : INFO : BallController : Initial balls found: 1
2024-02-08 07:29:18,403 : INFO : EventManager : Event: ======'machine_var_audits_events_game_ended'====== Args={'value': 44, 'prev_value': None, 'change': True}
2024-02-08 07:29:18,403 : INFO : EventManager : Event: ======'machine_var_audits_events_game_started'====== Args={'value': 120, 'prev_value': None, 'change': True}
2024-02-08 07:29:18,403 : INFO : EventManager : Event: ======'machine_var_audits_player_score'====== Args={'value': {'average': 0.0, 'top': [0, 0, 0, 0, 0, 0, 0, 0, 0, 0], 'total': 44}, 'prev_value': None, 'change': True}
2024-02-08 07:29:18,403 : INFO : EventManager : Event: ======'machine_var_audits_switches_s_9'====== Args={'value': 0, 'prev_value': None, 'change': True}
2024-02-08 07:29:18,403 : INFO : EventManager : Event: ======'machine_var_audits_switches_s_autolauncher'====== Args={'value': 422, 'prev_value': None, 'change': True}
2024-02-08 07:29:18,404 : INFO : EventManager : Event: ======'machine_var_audits_switches_s_b_eos'====== Args={'value': 2450, 'prev_value': None, 'change': True}
2024-02-08 07:29:18,404 : INFO : EventManager : Event: ======'machine_var_audits_switches_s_b_pop'====== Args={'value': 446, 'prev_value': None, 'change': True}
2024-02-08 07:29:18,404 : INFO : EventManager : Event: ======'machine_var_audits_switches_s_b_rollover_interchange'====== Args={'value': 10, 'prev_value': None, 'change': True}
2024-02-08 07:29:18,404 : INFO : EventManager : Event: ======'machine_var_audits_switches_s_b_rollover_loop'====== Args={'value': 24, 'prev_value': None, 'change': True}
2024-02-08 07:29:18,404 : INFO : EventManager : Event: ======'machine_var_audits_switches_s_b_rollover_misc'====== Args={'value': 33, 'prev_value': None, 'change': True}
2024-02-08 07:29:18,404 : INFO : EventManager : Event: ======'machine_var_audits_switches_s_b_target_left'====== Args={'value': 21, 'prev_value': None, 'change': True}
2024-02-08 07:29:18,404 : INFO : EventManager : Event: ======'machine_var_audits_switches_s_b_target_right'====== Args={'value': 39, 'prev_value': None, 'change': True}
2024-02-08 07:29:18,404 : INFO : EventManager : Event: ======'machine_var_audits_switches_s_drop_mid_center'====== Args={'value': 113, 'prev_value': None, 'change': True}
2024-02-08 07:29:18,404 : INFO : EventManager : Event: ======'machine_var_audits_switches_s_drop_mid_left'====== Args={'value': 76, 'prev_value': None, 'change': True}
2024-02-08 07:29:18,404 : INFO : EventManager : Event: ======'machine_var_audits_switches_s_drop_mid_right'====== Args={'value': 96, 'prev_value': None, 'change': True}
2024-02-08 07:29:18,404 : INFO : EventManager : Event: ======'machine_var_audits_switches_s_drop_right_left'====== Args={'value': 32, 'prev_value': None, 'change': True}
2024-02-08 07:29:18,406 : INFO : EventManager : Event: ======'machine_var_audits_switches_s_drop_right_right'====== Args={'value': 32, 'prev_value': None, 'change': True}
2024-02-08 07:29:18,406 : INFO : EventManager : Event: ======'machine_var_audits_switches_s_drop_scoop'====== Args={'value': 0, 'prev_value': None, 'change': True}
2024-02-08 07:29:18,406 : INFO : EventManager : Event: ======'machine_var_audits_switches_s_drop_single'====== Args={'value': 24, 'prev_value': None, 'change': True}
2024-02-08 07:29:18,406 : INFO : EventManager : Event: ======'machine_var_audits_switches_s_flip_left_eos'====== Args={'value': 25095, 'prev_value': None, 'change': True}
2024-02-08 07:29:18,406 : INFO : EventManager : Event: ======'machine_var_audits_switches_s_flip_left_top_eos'====== Args={'value': 1729, 'prev_value': None, 'change': True}
2024-02-08 07:29:18,406 : INFO : EventManager : Event: ======'machine_var_audits_switches_s_flip_right_eos'====== Args={'value': 2110, 'prev_value': None, 'change': True}
2024-02-08 07:29:18,406 : INFO : EventManager : Event: ======'machine_var_audits_switches_s_flipper_l'====== Args={'value': 251, 'prev_value': None, 'change': True}
2024-02-08 07:29:18,406 : INFO : EventManager : Event: ======'machine_var_audits_switches_s_flipper_r'====== Args={'value': 166, 'prev_value': None, 'change': True}
2024-02-08 07:29:18,406 : INFO : EventManager : Event: ======'machine_var_audits_switches_s_inlane_left'====== Args={'value': 31, 'prev_value': None, 'change': True}
2024-02-08 07:29:18,406 : INFO : EventManager : Event: ======'machine_var_audits_switches_s_inlane_right'====== Args={'value': 59, 'prev_value': None, 'change': True}
2024-02-08 07:29:18,406 : INFO : EventManager : Event: ======'machine_var_audits_switches_s_l_rollover'====== Args={'value': 9, 'prev_value': None, 'change': True}
2024-02-08 07:29:18,407 : INFO : EventManager : Event: ======'machine_var_audits_switches_s_l_target_far'====== Args={'value': 9, 'prev_value': None, 'change': True}
2024-02-08 07:29:18,407 : INFO : EventManager : Event: ======'machine_var_audits_switches_s_l_target_large'====== Args={'value': 9, 'prev_value': None, 'change': True}
2024-02-08 07:29:18,407 : INFO : EventManager : Event: ======'machine_var_audits_switches_s_l_target_left'====== Args={'value': 10, 'prev_value': None, 'change': True}
2024-02-08 07:29:18,407 : INFO : EventManager : Event: ======'machine_var_audits_switches_s_l_target_right'====== Args={'value': 9, 'prev_value': None, 'change': True}
2024-02-08 07:29:18,407 : INFO : EventManager : Event: ======'machine_var_audits_switches_s_l_vuk'====== Args={'value': 9, 'prev_value': None, 'change': True}
2024-02-08 07:29:18,407 : INFO : EventManager : Event: ======'machine_var_audits_switches_s_launch'====== Args={'value': 460, 'prev_value': None, 'change': True}
2024-02-08 07:29:18,407 : INFO : EventManager : Event: ======'machine_var_audits_switches_s_left_flipper_1'====== Args={'value': 1947, 'prev_value': None, 'change': True}
2024-02-08 07:29:18,407 : INFO : EventManager : Event: ======'machine_var_audits_switches_s_left_flipper_2'====== Args={'value': 651, 'prev_value': None, 'change': True}
2024-02-08 07:29:18,408 : INFO : EventManager : Event: ======'machine_var_audits_switches_s_lock_1'====== Args={'value': 1, 'prev_value': None, 'change': True}
2024-02-08 07:29:18,408 : INFO : EventManager : Event: ======'machine_var_audits_switches_s_lock_2'====== Args={'value': 1, 'prev_value': None, 'change': True}
2024-02-08 07:29:18,408 : INFO : EventManager : Event: ======'machine_var_audits_switches_s_lock_3'====== Args={'value': 1, 'prev_value': None, 'change': True}
2024-02-08 07:29:18,408 : INFO : EventManager : Event: ======'machine_var_audits_switches_s_outlane_left'====== Args={'value': 12, 'prev_value': None, 'change': True}
2024-02-08 07:29:18,408 : INFO : EventManager : Event: ======'machine_var_audits_switches_s_outlane_right'====== Args={'value': 28, 'prev_value': None, 'change': True}
2024-02-08 07:29:18,408 : INFO : EventManager : Event: ======'machine_var_audits_switches_s_pop'====== Args={'value': 62, 'prev_value': None, 'change': True}
2024-02-08 07:29:18,408 : INFO : EventManager : Event: ======'machine_var_audits_switches_s_pop_left'====== Args={'value': 152, 'prev_value': None, 'change': True}
2024-02-08 07:29:18,408 : INFO : EventManager : Event: ======'machine_var_audits_switches_s_pop_lower'====== Args={'value': 560, 'prev_value': None, 'change': True}
2024-02-08 07:29:18,408 : INFO : EventManager : Event: ======'machine_var_audits_switches_s_pop_right'====== Args={'value': 2348, 'prev_value': None, 'change': True}
2024-02-08 07:29:18,409 : INFO : EventManager : Event: ======'machine_var_audits_switches_s_right_flipper_1'====== Args={'value': 3494, 'prev_value': None, 'change': True}
2024-02-08 07:29:18,409 : INFO : EventManager : Event: ======'machine_var_audits_switches_s_right_flipper_2'====== Args={'value': 3304, 'prev_value': None, 'change': True}
2024-02-08 07:29:18,409 : INFO : EventManager : Event: ======'machine_var_audits_switches_s_rollover_left'====== Args={'value': 84, 'prev_value': None, 'change': True}
2024-02-08 07:29:18,409 : INFO : EventManager : Event: ======'machine_var_audits_switches_s_rollover_right'====== Args={'value': 488, 'prev_value': None, 'change': True}
2024-02-08 07:29:18,409 : INFO : EventManager : Event: ======'machine_var_audits_switches_s_sling_l'====== Args={'value': 35, 'prev_value': None, 'change': True}
2024-02-08 07:29:18,409 : INFO : EventManager : Event: ======'machine_var_audits_switches_s_sling_left'====== Args={'value': 159, 'prev_value': None, 'change': True}
2024-02-08 07:29:18,409 : INFO : EventManager : Event: ======'machine_var_audits_switches_s_sling_r'====== Args={'value': 32, 'prev_value': None, 'change': True}
2024-02-08 07:29:18,410 : INFO : EventManager : Event: ======'machine_var_audits_switches_s_sling_right'====== Args={'value': 237, 'prev_value': None, 'change': True}
2024-02-08 07:29:18,410 : INFO : EventManager : Event: ======'machine_var_audits_switches_s_start'====== Args={'value': 118, 'prev_value': None, 'change': True}
2024-02-08 07:29:18,410 : INFO : EventManager : Event: ======'machine_var_audits_switches_s_stationary_back'====== Args={'value': 28, 'prev_value': None, 'change': True}
2024-02-08 07:29:18,410 : INFO : EventManager : Event: ======'machine_var_audits_switches_s_stationary_l'====== Args={'value': 43, 'prev_value': None, 'change': True}
2024-02-08 07:29:18,410 : INFO : EventManager : Event: ======'machine_var_audits_switches_s_stationary_right'====== Args={'value': 23, 'prev_value': None, 'change': True}
2024-02-08 07:29:18,410 : INFO : EventManager : Event: ======'machine_var_audits_switches_s_tilt'====== Args={'value': 2735, 'prev_value': None, 'change': True}
2024-02-08 07:29:18,410 : INFO : EventManager : Event: ======'machine_var_audits_switches_s_trough_1'====== Args={'value': 64, 'prev_value': None, 'change': True}
2024-02-08 07:29:18,411 : INFO : EventManager : Event: ======'machine_var_audits_switches_s_trough_2'====== Args={'value': 504, 'prev_value': None, 'change': True}
2024-02-08 07:29:18,411 : INFO : EventManager : Event: ======'machine_var_audits_switches_s_trough_3'====== Args={'value': 459, 'prev_value': None, 'change': True}
2024-02-08 07:29:18,411 : INFO : EventManager : Event: ======'machine_var_audits_switches_s_trough_4'====== Args={'value': 506, 'prev_value': None, 'change': True}
2024-02-08 07:29:18,411 : INFO : EventManager : Event: ======'machine_var_audits_switches_s_trough_5'====== Args={'value': 284, 'prev_value': None, 'change': True}
2024-02-08 07:29:18,411 : INFO : EventManager : Event: ======'machine_var_audits_switches_s_trough_6'====== Args={'value': 277, 'prev_value': None, 'change': True}
2024-02-08 07:29:18,411 : INFO : EventManager : Event: ======'machine_var_audits_switches_s_trough_jam'====== Args={'value': 344, 'prev_value': None, 'change': True}
2024-02-08 07:29:18,411 : INFO : EventManager : Event: ======'machine_var_audits_switches_s_u_lane_l'====== Args={'value': 15, 'prev_value': None, 'change': True}
2024-02-08 07:29:18,412 : INFO : EventManager : Event: ======'machine_var_audits_switches_s_u_lane_r'====== Args={'value': 20, 'prev_value': None, 'change': True}
2024-02-08 07:29:18,412 : INFO : EventManager : Event: ======'machine_var_audits_switches_s_u_rollover'====== Args={'value': 10, 'prev_value': None, 'change': True}
2024-02-08 07:29:18,412 : INFO : EventManager : Event: ======'machine_var_audits_switches_s_u_target'====== Args={'value': 8, 'prev_value': None, 'change': True}
2024-02-08 07:29:18,412 : INFO : EventManager : Event: ======'machine_var_audits_switches_s_vuk'====== Args={'value': 15, 'prev_value': None, 'change': True}
2024-02-08 07:29:18,412 : INFO : EventManager : Event: ======'machine_var_audits_switches_s_vuk_back'====== Args={'value': 489, 'prev_value': None, 'change': True}
2024-02-08 07:29:18,412 : INFO : EventManager : Event: ======'machine_var_audits_switches_s_vuk_right'====== Args={'value': 1, 'prev_value': None, 'change': True}
2024-02-08 07:29:18,413 : INFO : EventManager : Event: ======'init_phase_5'====== Args={}
2024-02-08 07:29:18,436 : INFO : EventManager : Event: ======'init_done'====== Args={}
2024-02-08 07:29:18,436 : INFO : EventManager : Event: ======'machine_reset_phase_1'====== Args={}
2024-02-08 07:29:18,437 : INFO : EventManager : Event: ======'machine_reset_phase_2'====== Args={}
2024-02-08 07:29:18,437 : INFO : EventManager : Event: ======'machine_reset_phase_3'====== Args={}
2024-02-08 07:29:18,438 : INFO : EventManager : Event: ======'reset_complete'====== Args={}
2024-02-08 07:29:18,439 : INFO : EventManager : Event: ======'mode_attract_will_start'====== Args={}
2024-02-08 07:29:18,439 : INFO : EventManager : Event: ======'mode_attract_starting'====== Args={}
2024-02-08 07:29:18,439 : INFO : Mode.attract : Started. Priority: 10
2024-02-08 07:29:18,439 : INFO : EventManager : Event: ======'modes_active_modes_changed'====== Args={}
2024-02-08 07:29:18,439 : INFO : EventManager : Event: ======'mode_attract_started'====== Args={}
2024-02-08 07:29:18,440 : INFO : EventManager : Event: ======'collecting_balls'====== Args={}
2024-02-08 07:29:18,440 : INFO : ball_device.bd_trough : Adding 1 ball(s) to the eject_queue with target <playfield.playfield>.
2024-02-08 07:29:18,440 : INFO : EventManager : Event: ======'balldevice_balls_available'====== Args={}
2024-02-08 07:29:18,458 : INFO : Machine : Starting the main run loop.
2024-02-08 07:29:18,458 : INFO : ball_device.bd_trough : State: waiting_for_target_ready
2024-02-08 07:29:18,458 : INFO : EventManager : Event: ======'balldevice_bd_trough_ball_eject_attempt'====== Args={'balls': 1, 'target': <playfield.playfield>, 'source': <ball_device.bd_trough>, 'mechanical_eject': False, 'num_attempts': 0}
2024-02-08 07:29:18,459 : INFO : ball_device.bd_trough : State: ejecting
2024-02-08 07:29:18,459 : INFO : ball_device.bd_trough : Ejecting ball to <playfield.playfield>
2024-02-08 07:29:18,459 : INFO : EventManager : Event: ======'balldevice_bd_trough_ejecting_ball'====== Args={'balls': 1, 'target': <playfield.playfield>, 'source': <ball_device.bd_trough>, 'mechanical_eject': False, 'num_attempts': 0}
2024-02-08 07:29:18,459 : INFO : ball_device.bd_trough : Wait for ball to leave device
2024-02-08 07:29:18,459 : INFO : coil.c_trough : Pulsing Driver for 13ms (0.95 pulse_power)
2024-02-08 07:29:18,483 : INFO : SwitchController : <<<<<<< 's_trough_4' inactive >>>>>>>
2024-02-08 07:29:18,486 : INFO : SwitchController : <<<<<<< 's_trough_4' active >>>>>>>
2024-02-08 07:29:18,488 : INFO : ball_device.bd_trough : State: ball_left
2024-02-08 07:29:18,488 : INFO : ball_device.bd_trough : Ball left
2024-02-08 07:29:18,488 : INFO : ball_device.bd_trough : Wait for confirm with timeout 10.0
2024-02-08 07:29:18,514 : INFO : SwitchController : <<<<<<< 's_trough_4' inactive >>>>>>>
2024-02-08 07:29:19,091 : INFO : SwitchController : <<<<<<< 's_trough_4' active >>>>>>>
2024-02-08 07:29:19,137 : INFO : SwitchController : <<<<<<< 's_trough_4' inactive >>>>>>>
2024-02-08 07:29:19,168 : INFO : SwitchController : <<<<<<< 's_trough_3' active >>>>>>>
2024-02-08 07:29:19,231 : INFO : SwitchController : <<<<<<< 's_trough_3' inactive >>>>>>>
2024-02-08 07:29:19,279 : INFO : SwitchController : <<<<<<< 's_trough_2' active >>>>>>>
2024-02-08 07:29:19,717 : INFO : SwitchController : <<<<<<< 's_trough_2' inactive >>>>>>>
2024-02-08 07:29:19,764 : INFO : SwitchController : <<<<<<< 's_trough_3' active >>>>>>>
2024-02-08 07:29:19,871 : INFO : SwitchController : <<<<<<< 's_trough_3' inactive >>>>>>>
2024-02-08 07:29:19,890 : INFO : SwitchController : <<<<<<< 's_trough_4' active >>>>>>>
2024-02-08 07:29:28,486 : INFO : ball_device.bd_trough : State: failed_confirm
2024-02-08 07:29:28,486 : INFO : ball_device.bd_trough : Got timeout (10.0s) before confirm from <playfield.playfield>
2024-02-08 07:29:28,593 : INFO : ball_device.bd_trough : Got unknown balls. Assuming a ball returned.
2024-02-08 07:29:28,593 : INFO : EventManager : Event: ======'balldevice_bd_trough_ball_eject_failed'====== Args={'target': <playfield.playfield>, 'balls': 1, 'retry': True, 'num_attempts': 1}
2024-02-08 07:29:28,594 : INFO : ball_device.bd_trough : State: waiting_for_target_ready
2024-02-08 07:29:28,594 : INFO : EventManager : Event: ======'balldevice_bd_trough_ball_eject_attempt'====== Args={'balls': 1, 'target': <playfield.playfield>, 'source': <ball_device.bd_trough>, 'mechanical_eject': False, 'num_attempts': 1}
2024-02-08 07:29:28,594 : INFO : ball_device.bd_trough : State: ejecting
2024-02-08 07:29:28,594 : INFO : ball_device.bd_trough : Ejecting ball to <playfield.playfield>
2024-02-08 07:29:28,594 : INFO : EventManager : Event: ======'balldevice_bd_trough_ejecting_ball'====== Args={'balls': 1, 'target': <playfield.playfield>, 'source': <ball_device.bd_trough>, 'mechanical_eject': False, 'num_attempts': 1}
2024-02-08 07:29:28,595 : INFO : ball_device.bd_trough : Wait for ball to leave device
2024-02-08 07:29:28,595 : INFO : coil.c_trough : Pulsing Driver for 13ms (0.95 pulse_power)
2024-02-08 07:29:28,640 : INFO : SwitchController : <<<<<<< 's_trough_4' inactive >>>>>>>
2024-02-08 07:29:28,643 : INFO : ball_device.bd_trough : State: ball_left
2024-02-08 07:29:28,643 : INFO : ball_device.bd_trough : Ball left
2024-02-08 07:29:28,643 : INFO : ball_device.bd_trough : Wait for confirm with timeout 10.0
2024-02-08 07:29:29,732 : INFO : SwitchController : <<<<<<< 's_trough_4' active >>>>>>>
2024-02-08 07:29:29,808 : INFO : SwitchController : <<<<<<< 's_trough_4' inactive >>>>>>>
2024-02-08 07:29:30,040 : INFO : SwitchController : <<<<<<< 's_trough_4' active >>>>>>>
2024-02-08 07:29:38,153 : INFO : SwitchController : <<<<<<< 's_flipper_l' active >>>>>>>
2024-02-08 07:29:38,341 : INFO : SwitchController : <<<<<<< 's_flipper_l' inactive >>>>>>>
2024-02-08 07:29:38,463 : INFO : SwitchController : <<<<<<< 's_flipper_l' active >>>>>>>
2024-02-08 07:29:38,573 : INFO : SwitchController : <<<<<<< 's_flipper_l' inactive >>>>>>>
2024-02-08 07:29:38,636 : INFO : ball_device.bd_trough : State: failed_confirm
2024-02-08 07:29:38,636 : INFO : ball_device.bd_trough : Got timeout (10.0s) before confirm from <playfield.playfield>
2024-02-08 07:29:38,728 : INFO : ball_device.bd_trough : Got unknown balls. Assuming a ball returned.
2024-02-08 07:29:38,728 : INFO : EventManager : Event: ======'balldevice_bd_trough_ball_eject_failed'====== Args={'target': <playfield.playfield>, 'balls': 1, 'retry': True, 'num_attempts': 2}
2024-02-08 07:29:38,729 : INFO : ball_device.bd_trough : State: waiting_for_target_ready
2024-02-08 07:29:38,729 : INFO : EventManager : Event: ======'balldevice_bd_trough_ball_eject_attempt'====== Args={'balls': 1, 'target': <playfield.playfield>, 'source': <ball_device.bd_trough>, 'mechanical_eject': False, 'num_attempts': 2}
2024-02-08 07:29:38,730 : INFO : ball_device.bd_trough : State: ejecting
2024-02-08 07:29:38,730 : INFO : ball_device.bd_trough : Ejecting ball to <playfield.playfield>
2024-02-08 07:29:38,730 : INFO : EventManager : Event: ======'balldevice_bd_trough_ejecting_ball'====== Args={'balls': 1, 'target': <playfield.playfield>, 'source': <ball_device.bd_trough>, 'mechanical_eject': False, 'num_attempts': 2}
2024-02-08 07:29:38,730 : INFO : ball_device.bd_trough : Wait for ball to leave device
2024-02-08 07:29:38,730 : INFO : coil.c_trough : Pulsing Driver for 13ms (0.95 pulse_power)
2024-02-08 07:29:38,775 : INFO : SwitchController : <<<<<<< 's_trough_4' inactive >>>>>>>
2024-02-08 07:29:38,778 : INFO : ball_device.bd_trough : State: ball_left
2024-02-08 07:29:38,778 : INFO : ball_device.bd_trough : Ball left
2024-02-08 07:29:38,778 : INFO : ball_device.bd_trough : Wait for confirm with timeout 10.0
2024-02-08 07:29:42,057 : INFO : SwitchController : <<<<<<< 's_trough_4' active >>>>>>>
2024-02-08 07:29:42,088 : INFO : SwitchController : <<<<<<< 's_trough_4' inactive >>>>>>>
2024-02-08 07:29:42,104 : INFO : SwitchController : <<<<<<< 's_trough_3' active >>>>>>>
2024-02-08 07:29:42,137 : INFO : SwitchController : <<<<<<< 's_trough_3' inactive >>>>>>>
2024-02-08 07:29:42,154 : INFO : SwitchController : <<<<<<< 's_trough_2' active >>>>>>>
2024-02-08 07:29:42,215 : INFO : SwitchController : <<<<<<< 's_trough_2' inactive >>>>>>>
2024-02-08 07:29:42,232 : INFO : SwitchController : <<<<<<< 's_trough_1' active >>>>>>>
2024-02-08 07:29:42,323 : INFO : SwitchController : <<<<<<< 's_trough_1' inactive >>>>>>>
2024-02-08 07:29:42,682 : INFO : SwitchController : <<<<<<< 's_trough_1' active >>>>>>>
2024-02-08 07:29:42,792 : INFO : SwitchController : <<<<<<< 's_trough_1' inactive >>>>>>>
2024-02-08 07:29:42,807 : INFO : SwitchController : <<<<<<< 's_trough_2' active >>>>>>>
2024-02-08 07:29:42,886 : INFO : SwitchController : <<<<<<< 's_trough_2' inactive >>>>>>>
2024-02-08 07:29:42,917 : INFO : SwitchController : <<<<<<< 's_trough_3' active >>>>>>>
2024-02-08 07:29:42,981 : INFO : SwitchController : <<<<<<< 's_trough_3' inactive >>>>>>>
2024-02-08 07:29:42,999 : INFO : SwitchController : <<<<<<< 's_trough_4' active >>>>>>>
2024-02-08 07:29:48,756 : INFO : ball_device.bd_trough : State: failed_confirm
2024-02-08 07:29:48,756 : INFO : ball_device.bd_trough : Got timeout (10.0s) before confirm from <playfield.playfield>
2024-02-08 07:29:48,849 : INFO : ball_device.bd_trough : Got unknown balls. Assuming a ball returned.
2024-02-08 07:29:48,849 : INFO : EventManager : Event: ======'balldevice_bd_trough_ball_eject_failed'====== Args={'target': <playfield.playfield>, 'balls': 1, 'retry': True, 'num_attempts': 3}
2024-02-08 07:29:48,850 : INFO : ball_device.bd_trough : State: waiting_for_target_ready
2024-02-08 07:29:48,850 : INFO : EventManager : Event: ======'balldevice_bd_trough_ball_eject_attempt'====== Args={'balls': 1, 'target': <playfield.playfield>, 'source': <ball_device.bd_trough>, 'mechanical_eject': False, 'num_attempts': 3}
2024-02-08 07:29:48,850 : INFO : ball_device.bd_trough : State: ejecting
2024-02-08 07:29:48,850 : INFO : ball_device.bd_trough : Ejecting ball to <playfield.playfield>
2024-02-08 07:29:48,850 : INFO : EventManager : Event: ======'balldevice_bd_trough_ejecting_ball'====== Args={'balls': 1, 'target': <playfield.playfield>, 'source': <ball_device.bd_trough>, 'mechanical_eject': False, 'num_attempts': 3}
2024-02-08 07:29:48,851 : INFO : ball_device.bd_trough : Wait for ball to leave device
2024-02-08 07:29:48,851 : INFO : coil.c_trough : Pulsing Driver for 13ms (0.95 pulse_power)
2024-02-08 07:29:48,881 : INFO : SwitchController : <<<<<<< 's_trough_4' inactive >>>>>>>
2024-02-08 07:29:48,881 : INFO : SwitchController : <<<<<<< 's_trough_4' active >>>>>>>
2024-02-08 07:29:48,883 : INFO : ball_device.bd_trough : State: ball_left
2024-02-08 07:29:48,883 : INFO : ball_device.bd_trough : Ball left
2024-02-08 07:29:48,883 : INFO : ball_device.bd_trough : Wait for confirm with timeout 10.0
2024-02-08 07:29:48,898 : INFO : SwitchController : <<<<<<< 's_trough_4' inactive >>>>>>>
2024-02-08 07:29:50,576 : INFO : SwitchController : <<<<<<< 's_trough_1' active >>>>>>>
2024-02-08 07:29:50,685 : INFO : SwitchController : <<<<<<< 's_trough_1' inactive >>>>>>>
2024-02-08 07:29:50,703 : INFO : SwitchController : <<<<<<< 's_trough_2' active >>>>>>>
2024-02-08 07:29:50,777 : INFO : SwitchController : <<<<<<< 's_trough_2' inactive >>>>>>>
2024-02-08 07:29:50,795 : INFO : SwitchController : <<<<<<< 's_trough_3' active >>>>>>>
2024-02-08 07:29:50,871 : INFO : SwitchController : <<<<<<< 's_trough_3' inactive >>>>>>>
2024-02-08 07:29:50,888 : INFO : SwitchController : <<<<<<< 's_trough_4' active >>>>>>>
2024-02-08 07:29:52,632 : INFO : Machine : Shutting down...
2024-02-08 07:29:52,632 : INFO : EventManager : Event: ======'shutdown'====== Args={}
2024-02-08 07:29:52,735 : INFO : root : MPF run loop ended.
