2024-02-01 12:34:31,805 : INFO : root : Loading config.
2024-02-01 12:34:31,809 : INFO : YamlMultifileConfigLoader : Machine config file #1: config.yaml
2024-02-01 12:34:31,809 : WARNING : ConfigProcessor : Config file in cache changed: C:\lofab\config\config.yaml
2024-02-01 12:34:31,809 : INFO : ConfigProcessor : Loading config from file C:\Users\Tanner\AppData\Local\Packages\PythonSoftwareFoundation.Python.3.11_qbz5n2kfra8p0\LocalCache\local-packages\Python311\site-packages\mpf\mpfconfig.yaml.
2024-02-01 12:34:31,820 : INFO : ConfigProcessor : Loading config: C:\Users\Tanner\AppData\Local\Packages\PythonSoftwareFoundation.Python.3.11_qbz5n2kfra8p0\LocalCache\local-packages\Python311\site-packages\mpf\mpfconfig.yaml
2024-02-01 12:34:31,820 : INFO : ConfigProcessor : Loading config from file C:\lofab\config\config.yaml.
2024-02-01 12:34:31,823 : INFO : ConfigProcessor : Loading config: C:\lofab\config\config.yaml
2024-02-01 12:34:31,824 : INFO : ConfigProcessor : Config file cache created: C:\Users\Tanner\AppData\Local\Temp\35bf7834a2cb30277765407e9f9dad35.mpf_cache
2024-02-01 12:34:31,893 : INFO : ConfigProcessor : Loading config from cache: C:\Users\Tanner\AppData\Local\Temp\165ae565642a148ddd3c4976ade4dd88.mpf_cache
2024-02-01 12:34:31,898 : INFO : ConfigProcessor : Loading config from cache: C:\Users\Tanner\AppData\Local\Temp\dfbe1b39ae456f06de73c859384050b2.mpf_cache
2024-02-01 12:34:31,899 : INFO : Machine : Mission Pinball Framework Core Engine v0.57.0.dev33
2024-02-01 12:34:31,899 : INFO : Machine : Command line arguments: {'no_load_cache': False, 'create_config_cache': True, 'bcp': False, 'configfile': ['config.yaml'], 'force_assets_load': False, 'jsonlogging': False, 'logfile': 'logs\\2024-02-01-12-34-31-mpf-DESKTOP-7HNFDQ5.log', 'pause': False, 'production': False, 'text_ui': True, 'loglevel': 15, 'consoleloglevel': 20, 'force_platform': None, 'syslog_address': None, 'mc_file_name': None, 'no_sound': False}
2024-02-01 12:34:31,899 : INFO : Machine : MPF path: C:\Users\Tanner\AppData\Local\Packages\PythonSoftwareFoundation.Python.3.11_qbz5n2kfra8p0\LocalCache\local-packages\Python311\site-packages\mpf
2024-02-01 12:34:31,899 : INFO : Machine : Machine path: C:\lofab
2024-02-01 12:34:31,899 : INFO : Machine : Platform: win32
2024-02-01 12:34:31,899 : INFO : Machine : Python executable location: C:\Users\Tanner\AppData\Local\Microsoft\WindowsApps\PythonSoftwareFoundation.Python.3.11_qbz5n2kfra8p0\python.exe
2024-02-01 12:34:31,899 : INFO : Machine : Python version: 3.11.7 (64-bit)
2024-02-01 12:34:31,902 : INFO : Machine : Initializing MPF...
2024-02-01 12:34:32,133 : INFO : [NET] : Trying to connect to com9 at 921600bps
2024-02-01 12:34:32,211 : INFO : [NET] : Connected to com9 at 921600bps
2024-02-01 12:34:32,215 : INFO : [NET] : Connected to FP-CPU-2000 with firmware v02.13
2024-02-01 12:34:32,246 : INFO : [NET] : Registered I/O Board 0: Model: FP-I/O-0804, Firmware: 01.10, Switches: 8, Drivers: 4
2024-02-01 12:34:32,262 : INFO : [NET] : Registered I/O Board 1: Model: FP-I/O-0804, Firmware: 01.09, Switches: 8, Drivers: 4
2024-02-01 12:34:32,277 : INFO : [NET] : Registered I/O Board 2: Model: FP-I/O-3208, Firmware: 01.10, Switches: 32, Drivers: 8
2024-02-01 12:34:32,278 : INFO : [EXP] : Trying to connect to com10 at 921600bps
2024-02-01 12:34:32,355 : INFO : [EXP] : Connected to com10 at 921600bps
2024-02-01 12:34:32,371 : INFO : [EXP] : Verifying hardware for EXP "pf" (FP-EXP-0081, @84) with ID string "EXP FP-EXP-0081  0.12", board address 84
2024-02-01 12:34:32,387 : INFO : [EXP] : Verifying hardware for EXP "pf" (FP-EXP-0081, @84) with ID string "BRK FP-EXP-0081  0.12", board address 840
2024-02-01 12:34:32,402 : INFO : [EXP] : Verifying hardware for EXP "pf" (FP-EXP-0081, @84) with ID string "BRK FP-EXP-0081  0.12", board address 841
2024-02-01 12:34:32,418 : INFO : EventManager : Event: ======'machine_var_credits_string'====== Args={'value': 'FREE PLAY', 'prev_value': None, 'change': True}
2024-02-01 12:34:32,432 : INFO : EventManager : Event: ======'machine_var_master_volume'====== Args={'value': 0.5, 'prev_value': None, 'change': True}
2024-02-01 12:34:32,432 : INFO : EventManager : Event: ======'machine_var_player1_score'====== Args={'value': 0, 'prev_value': None, 'change': True}
2024-02-01 12:34:32,432 : INFO : EventManager : Event: ======'machine_var_mpf_version'====== Args={'value': 'Mission Pinball Framework v0.57.0.dev33', 'prev_value': None, 'change': True}
2024-02-01 12:34:32,433 : INFO : EventManager : Event: ======'machine_var_mpf_extended_version'====== Args={'value': 'Mission Pinball Framework v0.57.0.dev33, Config version:6, Show version: 6, BCP version:1.1', 'prev_value': None, 'change': True}
2024-02-01 12:34:32,433 : INFO : EventManager : Event: ======'machine_var_python_version'====== Args={'value': '3.11.7', 'prev_value': None, 'change': True}
2024-02-01 12:34:32,441 : INFO : EventManager : Event: ======'machine_var_platform'====== Args={'value': 'Windows-10-10.0.19045-SP0', 'prev_value': None, 'change': True}
2024-02-01 12:34:32,441 : INFO : EventManager : Event: ======'machine_var_platform_system'====== Args={'value': 'Windows', 'prev_value': None, 'change': True}
2024-02-01 12:34:32,441 : INFO : EventManager : Event: ======'machine_var_platform_release'====== Args={'value': '10', 'prev_value': None, 'change': True}
2024-02-01 12:34:32,441 : INFO : EventManager : Event: ======'machine_var_platform_version'====== Args={'value': '10.0.19045', 'prev_value': None, 'change': True}
2024-02-01 12:34:32,441 : INFO : EventManager : Event: ======'machine_var_platform_machine'====== Args={'value': 'AMD64', 'prev_value': None, 'change': True}
2024-02-01 12:34:32,441 : INFO : EventManager : Event: ======'init_phase_1'====== Args={}
2024-02-01 12:34:34,844 : INFO : SwitchController : <<<<<<< 's_start' active >>>>>>>
2024-02-01 12:34:34,844 : INFO : SwitchController : <<<<<<< 's_2' active >>>>>>>
2024-02-01 12:34:34,844 : INFO : EventManager : Event: ======'sw_playfield_active'====== Args={}
2024-02-01 12:34:34,844 : INFO : SwitchController : <<<<<<< 's_13' active >>>>>>>
2024-02-01 12:34:34,844 : INFO : EventManager : Event: ======'sw_playfield_active'====== Args={}
2024-02-01 12:34:34,844 : INFO : SwitchController : <<<<<<< 's_14' active >>>>>>>
2024-02-01 12:34:34,844 : INFO : EventManager : Event: ======'sw_playfield_active'====== Args={}
2024-02-01 12:34:34,845 : INFO : EventManager : Event: ======'playfield_active'====== Args={}
2024-02-01 12:34:34,845 : INFO : EventManager : Event: ======'unexpected_ball_on_playfield'====== Args={}
2024-02-01 12:34:34,845 : INFO : EventManager : Event: ======'playfield_active'====== Args={}
2024-02-01 12:34:34,845 : INFO : EventManager : Event: ======'unexpected_ball_on_playfield'====== Args={}
2024-02-01 12:34:34,845 : INFO : EventManager : Event: ======'playfield_active'====== Args={}
2024-02-01 12:34:34,845 : INFO : EventManager : Event: ======'unexpected_ball_on_playfield'====== Args={}
2024-02-01 12:34:34,891 : INFO : EventManager : Event: ======'init_phase_2'====== Args={}
2024-02-01 12:34:34,891 : INFO : SwitchController : Found active switch: (10, [FAST Platform Interface]) <switch.s_start>
2024-02-01 12:34:34,891 : INFO : SwitchController : Found active switch: (18, [FAST Platform Interface]) <switch.s_2>
2024-02-01 12:34:34,892 : INFO : SwitchController : Found active switch: (29, [FAST Platform Interface]) <switch.s_13>
2024-02-01 12:34:34,892 : INFO : SwitchController : Found active switch: (30, [FAST Platform Interface]) <switch.s_14>
2024-02-01 12:34:34,900 : INFO : EventManager : Event: ======'init_phase_3'====== Args={}
2024-02-01 12:34:34,902 : INFO : EventManager : Event: ======'init_phase_4'====== Args={}
2024-02-01 12:34:34,903 : INFO : EventManager : Event: ======'machine_var_audits_events_game_ended'====== Args={'value': 44, 'prev_value': None, 'change': True}
2024-02-01 12:34:34,903 : INFO : EventManager : Event: ======'machine_var_audits_events_game_started'====== Args={'value': 116, 'prev_value': None, 'change': True}
2024-02-01 12:34:34,904 : INFO : EventManager : Event: ======'machine_var_audits_player_score'====== Args={'value': {'average': 0.0, 'top': [0, 0, 0, 0, 0, 0, 0, 0, 0, 0], 'total': 44}, 'prev_value': None, 'change': True}
2024-02-01 12:34:34,904 : INFO : EventManager : Event: ======'machine_var_audits_switches_s_autolauncher'====== Args={'value': 422, 'prev_value': None, 'change': True}
2024-02-01 12:34:34,904 : INFO : EventManager : Event: ======'machine_var_audits_switches_s_b_eos'====== Args={'value': 2450, 'prev_value': None, 'change': True}
2024-02-01 12:34:34,904 : INFO : EventManager : Event: ======'machine_var_audits_switches_s_b_pop'====== Args={'value': 446, 'prev_value': None, 'change': True}
2024-02-01 12:34:34,904 : INFO : EventManager : Event: ======'machine_var_audits_switches_s_b_rollover_interchange'====== Args={'value': 10, 'prev_value': None, 'change': True}
2024-02-01 12:34:34,904 : INFO : EventManager : Event: ======'machine_var_audits_switches_s_b_rollover_loop'====== Args={'value': 24, 'prev_value': None, 'change': True}
2024-02-01 12:34:34,904 : INFO : EventManager : Event: ======'machine_var_audits_switches_s_b_rollover_misc'====== Args={'value': 33, 'prev_value': None, 'change': True}
2024-02-01 12:34:34,904 : INFO : EventManager : Event: ======'machine_var_audits_switches_s_b_target_left'====== Args={'value': 21, 'prev_value': None, 'change': True}
2024-02-01 12:34:34,904 : INFO : EventManager : Event: ======'machine_var_audits_switches_s_b_target_right'====== Args={'value': 39, 'prev_value': None, 'change': True}
2024-02-01 12:34:34,904 : INFO : EventManager : Event: ======'machine_var_audits_switches_s_drop_mid_center'====== Args={'value': 113, 'prev_value': None, 'change': True}
2024-02-01 12:34:34,904 : INFO : EventManager : Event: ======'machine_var_audits_switches_s_drop_mid_left'====== Args={'value': 76, 'prev_value': None, 'change': True}
2024-02-01 12:34:34,904 : INFO : EventManager : Event: ======'machine_var_audits_switches_s_drop_mid_right'====== Args={'value': 96, 'prev_value': None, 'change': True}
2024-02-01 12:34:34,905 : INFO : EventManager : Event: ======'machine_var_audits_switches_s_drop_right_left'====== Args={'value': 32, 'prev_value': None, 'change': True}
2024-02-01 12:34:34,905 : INFO : EventManager : Event: ======'machine_var_audits_switches_s_drop_right_right'====== Args={'value': 32, 'prev_value': None, 'change': True}
2024-02-01 12:34:34,905 : INFO : EventManager : Event: ======'machine_var_audits_switches_s_drop_scoop'====== Args={'value': 0, 'prev_value': None, 'change': True}
2024-02-01 12:34:34,905 : INFO : EventManager : Event: ======'machine_var_audits_switches_s_drop_single'====== Args={'value': 24, 'prev_value': None, 'change': True}
2024-02-01 12:34:34,905 : INFO : EventManager : Event: ======'machine_var_audits_switches_s_flip_left_eos'====== Args={'value': 25095, 'prev_value': None, 'change': True}
2024-02-01 12:34:34,905 : INFO : EventManager : Event: ======'machine_var_audits_switches_s_flip_left_top_eos'====== Args={'value': 1729, 'prev_value': None, 'change': True}
2024-02-01 12:34:34,905 : INFO : EventManager : Event: ======'machine_var_audits_switches_s_flip_right_eos'====== Args={'value': 2110, 'prev_value': None, 'change': True}
2024-02-01 12:34:34,905 : INFO : EventManager : Event: ======'machine_var_audits_switches_s_inlane_left'====== Args={'value': 31, 'prev_value': None, 'change': True}
2024-02-01 12:34:34,905 : INFO : EventManager : Event: ======'machine_var_audits_switches_s_inlane_right'====== Args={'value': 59, 'prev_value': None, 'change': True}
2024-02-01 12:34:34,905 : INFO : EventManager : Event: ======'machine_var_audits_switches_s_l_rollover'====== Args={'value': 9, 'prev_value': None, 'change': True}
2024-02-01 12:34:34,906 : INFO : EventManager : Event: ======'machine_var_audits_switches_s_l_target_far'====== Args={'value': 9, 'prev_value': None, 'change': True}
2024-02-01 12:34:34,906 : INFO : EventManager : Event: ======'machine_var_audits_switches_s_l_target_large'====== Args={'value': 9, 'prev_value': None, 'change': True}
2024-02-01 12:34:34,906 : INFO : EventManager : Event: ======'machine_var_audits_switches_s_l_target_left'====== Args={'value': 10, 'prev_value': None, 'change': True}
2024-02-01 12:34:34,906 : INFO : EventManager : Event: ======'machine_var_audits_switches_s_l_target_right'====== Args={'value': 9, 'prev_value': None, 'change': True}
2024-02-01 12:34:34,906 : INFO : EventManager : Event: ======'machine_var_audits_switches_s_l_vuk'====== Args={'value': 9, 'prev_value': None, 'change': True}
2024-02-01 12:34:34,906 : INFO : EventManager : Event: ======'machine_var_audits_switches_s_launch'====== Args={'value': 460, 'prev_value': None, 'change': True}
2024-02-01 12:34:34,906 : INFO : EventManager : Event: ======'machine_var_audits_switches_s_left_flipper_1'====== Args={'value': 1947, 'prev_value': None, 'change': True}
2024-02-01 12:34:34,906 : INFO : EventManager : Event: ======'machine_var_audits_switches_s_left_flipper_2'====== Args={'value': 651, 'prev_value': None, 'change': True}
2024-02-01 12:34:34,906 : INFO : EventManager : Event: ======'machine_var_audits_switches_s_lock_1'====== Args={'value': 1, 'prev_value': None, 'change': True}
2024-02-01 12:34:34,907 : INFO : EventManager : Event: ======'machine_var_audits_switches_s_lock_2'====== Args={'value': 1, 'prev_value': None, 'change': True}
2024-02-01 12:34:34,907 : INFO : EventManager : Event: ======'machine_var_audits_switches_s_lock_3'====== Args={'value': 1, 'prev_value': None, 'change': True}
2024-02-01 12:34:34,907 : INFO : EventManager : Event: ======'machine_var_audits_switches_s_outlane_left'====== Args={'value': 12, 'prev_value': None, 'change': True}
2024-02-01 12:34:34,907 : INFO : EventManager : Event: ======'machine_var_audits_switches_s_outlane_right'====== Args={'value': 28, 'prev_value': None, 'change': True}
2024-02-01 12:34:34,907 : INFO : EventManager : Event: ======'machine_var_audits_switches_s_pop_left'====== Args={'value': 152, 'prev_value': None, 'change': True}
2024-02-01 12:34:34,907 : INFO : EventManager : Event: ======'machine_var_audits_switches_s_pop_lower'====== Args={'value': 560, 'prev_value': None, 'change': True}
2024-02-01 12:34:34,907 : INFO : EventManager : Event: ======'machine_var_audits_switches_s_pop_right'====== Args={'value': 2348, 'prev_value': None, 'change': True}
2024-02-01 12:34:34,907 : INFO : EventManager : Event: ======'machine_var_audits_switches_s_right_flipper_1'====== Args={'value': 3494, 'prev_value': None, 'change': True}
2024-02-01 12:34:34,907 : INFO : EventManager : Event: ======'machine_var_audits_switches_s_right_flipper_2'====== Args={'value': 3304, 'prev_value': None, 'change': True}
2024-02-01 12:34:34,908 : INFO : EventManager : Event: ======'machine_var_audits_switches_s_rollover_left'====== Args={'value': 84, 'prev_value': None, 'change': True}
2024-02-01 12:34:34,908 : INFO : EventManager : Event: ======'machine_var_audits_switches_s_rollover_right'====== Args={'value': 488, 'prev_value': None, 'change': True}
2024-02-01 12:34:34,908 : INFO : EventManager : Event: ======'machine_var_audits_switches_s_sling_left'====== Args={'value': 159, 'prev_value': None, 'change': True}
2024-02-01 12:34:34,908 : INFO : EventManager : Event: ======'machine_var_audits_switches_s_sling_right'====== Args={'value': 237, 'prev_value': None, 'change': True}
2024-02-01 12:34:34,908 : INFO : EventManager : Event: ======'machine_var_audits_switches_s_start'====== Args={'value': 113, 'prev_value': None, 'change': True}
2024-02-01 12:34:34,908 : INFO : EventManager : Event: ======'machine_var_audits_switches_s_tilt'====== Args={'value': 2735, 'prev_value': None, 'change': True}
2024-02-01 12:34:34,909 : INFO : EventManager : Event: ======'machine_var_audits_switches_s_trough_1'====== Args={'value': 0, 'prev_value': None, 'change': True}
2024-02-01 12:34:34,909 : INFO : EventManager : Event: ======'machine_var_audits_switches_s_trough_2'====== Args={'value': 440, 'prev_value': None, 'change': True}
2024-02-01 12:34:34,909 : INFO : EventManager : Event: ======'machine_var_audits_switches_s_trough_3'====== Args={'value': 394, 'prev_value': None, 'change': True}
2024-02-01 12:34:34,909 : INFO : EventManager : Event: ======'machine_var_audits_switches_s_trough_4'====== Args={'value': 396, 'prev_value': None, 'change': True}
2024-02-01 12:34:34,909 : INFO : EventManager : Event: ======'machine_var_audits_switches_s_trough_5'====== Args={'value': 284, 'prev_value': None, 'change': True}
2024-02-01 12:34:34,909 : INFO : EventManager : Event: ======'machine_var_audits_switches_s_trough_6'====== Args={'value': 277, 'prev_value': None, 'change': True}
2024-02-01 12:34:34,909 : INFO : EventManager : Event: ======'machine_var_audits_switches_s_trough_jam'====== Args={'value': 344, 'prev_value': None, 'change': True}
2024-02-01 12:34:34,909 : INFO : EventManager : Event: ======'machine_var_audits_switches_s_u_lane_l'====== Args={'value': 15, 'prev_value': None, 'change': True}
2024-02-01 12:34:34,910 : INFO : EventManager : Event: ======'machine_var_audits_switches_s_u_lane_r'====== Args={'value': 20, 'prev_value': None, 'change': True}
2024-02-01 12:34:34,910 : INFO : EventManager : Event: ======'machine_var_audits_switches_s_u_rollover'====== Args={'value': 10, 'prev_value': None, 'change': True}
2024-02-01 12:34:34,910 : INFO : EventManager : Event: ======'machine_var_audits_switches_s_u_target'====== Args={'value': 8, 'prev_value': None, 'change': True}
2024-02-01 12:34:34,910 : INFO : EventManager : Event: ======'machine_var_audits_switches_s_vuk_back'====== Args={'value': 489, 'prev_value': None, 'change': True}
2024-02-01 12:34:34,910 : INFO : EventManager : Event: ======'machine_var_audits_switches_s_vuk_right'====== Args={'value': 1, 'prev_value': None, 'change': True}
2024-02-01 12:34:34,910 : INFO : EventManager : Event: ======'machine_var_audits_switches_s_left_flipper'====== Args={'value': 0, 'prev_value': None, 'change': True}
2024-02-01 12:34:34,910 : INFO : EventManager : Event: ======'machine_var_audits_switches_s_right_flipper'====== Args={'value': 0, 'prev_value': None, 'change': True}
2024-02-01 12:34:34,911 : INFO : EventManager : Event: ======'machine_var_audits_switches_s_0'====== Args={'value': 0, 'prev_value': None, 'change': True}
2024-02-01 12:34:34,911 : INFO : EventManager : Event: ======'machine_var_audits_switches_s_1'====== Args={'value': 0, 'prev_value': None, 'change': True}
2024-02-01 12:34:34,911 : INFO : EventManager : Event: ======'machine_var_audits_switches_s_2'====== Args={'value': 0, 'prev_value': None, 'change': True}
2024-02-01 12:34:34,911 : INFO : EventManager : Event: ======'machine_var_audits_switches_s_3'====== Args={'value': 0, 'prev_value': None, 'change': True}
2024-02-01 12:34:34,911 : INFO : EventManager : Event: ======'machine_var_audits_switches_s_4'====== Args={'value': 0, 'prev_value': None, 'change': True}
2024-02-01 12:34:34,911 : INFO : EventManager : Event: ======'machine_var_audits_switches_s_8'====== Args={'value': 0, 'prev_value': None, 'change': True}
2024-02-01 12:34:34,912 : INFO : EventManager : Event: ======'machine_var_audits_switches_s_9'====== Args={'value': 0, 'prev_value': None, 'change': True}
2024-02-01 12:34:34,912 : INFO : EventManager : Event: ======'machine_var_audits_switches_s_10'====== Args={'value': 0, 'prev_value': None, 'change': True}
2024-02-01 12:34:34,912 : INFO : EventManager : Event: ======'machine_var_audits_switches_s_11'====== Args={'value': 0, 'prev_value': None, 'change': True}
2024-02-01 12:34:34,912 : INFO : EventManager : Event: ======'machine_var_audits_switches_s_12'====== Args={'value': 0, 'prev_value': None, 'change': True}
2024-02-01 12:34:34,912 : INFO : EventManager : Event: ======'machine_var_audits_switches_s_13'====== Args={'value': 0, 'prev_value': None, 'change': True}
2024-02-01 12:34:34,912 : INFO : EventManager : Event: ======'machine_var_audits_switches_s_14'====== Args={'value': 0, 'prev_value': None, 'change': True}
2024-02-01 12:34:34,913 : INFO : EventManager : Event: ======'init_phase_5'====== Args={}
2024-02-01 12:34:34,945 : INFO : EventManager : Event: ======'init_done'====== Args={}
2024-02-01 12:34:34,946 : INFO : EventManager : Event: ======'machine_reset_phase_1'====== Args={}
2024-02-01 12:34:34,946 : INFO : EventManager : Event: ======'machine_reset_phase_2'====== Args={}
2024-02-01 12:34:34,946 : INFO : EventManager : Event: ======'machine_reset_phase_3'====== Args={}
2024-02-01 12:34:34,947 : INFO : EventManager : Event: ======'reset_complete'====== Args={}
2024-02-01 12:34:34,947 : INFO : EventManager : Event: ======'mode_attract_will_start'====== Args={}
2024-02-01 12:34:34,947 : INFO : EventManager : Event: ======'mode_attract_starting'====== Args={}
2024-02-01 12:34:34,947 : INFO : Mode.attract : Started. Priority: 10
2024-02-01 12:34:34,947 : INFO : EventManager : Event: ======'modes_active_modes_changed'====== Args={}
2024-02-01 12:34:34,947 : INFO : EventManager : Event: ======'mode_attract_started'====== Args={}
2024-02-01 12:34:34,947 : INFO : EventManager : Event: ======'collecting_balls_complete'====== Args={}
2024-02-01 12:34:34,965 : INFO : Machine : Starting the main run loop.
2024-02-01 12:34:36,630 : INFO : SwitchController : <<<<<<< 's_launch' active >>>>>>>
2024-02-01 12:34:36,815 : INFO : SwitchController : <<<<<<< 's_launch' inactive >>>>>>>
2024-02-01 12:34:37,611 : INFO : SwitchController : <<<<<<< 's_start' inactive >>>>>>>
2024-02-01 12:34:37,611 : INFO : EventManager : Event: ======'request_to_start_game'====== Args={}
2024-02-01 12:34:37,611 : INFO : BallController : Known balls: 0
2024-02-01 12:34:37,611 : INFO : BallController : playfield contains 0 balls. Tags ['default']
2024-02-01 12:34:37,611 : WARNING : BallController : BallController denies game start. Not enough balls. 0 found. 1 required
2024-02-01 12:34:37,611 : INFO : BallController : Triggering ball search.
2024-02-01 12:34:37,828 : INFO : SwitchController : <<<<<<< 's_start' active >>>>>>>
2024-02-01 12:34:38,718 : INFO : SwitchController : <<<<<<< 's_start' inactive >>>>>>>
2024-02-01 12:34:38,718 : INFO : EventManager : Event: ======'request_to_start_game'====== Args={}
2024-02-01 12:34:38,718 : INFO : BallController : Known balls: 0
2024-02-01 12:34:38,718 : INFO : BallController : playfield contains 0 balls. Tags ['default']
2024-02-01 12:34:38,718 : WARNING : BallController : BallController denies game start. Not enough balls. 0 found. 1 required
2024-02-01 12:34:38,718 : INFO : BallController : Triggering ball search.
2024-02-01 12:34:38,877 : INFO : SwitchController : <<<<<<< 's_start' active >>>>>>>
2024-02-01 12:34:39,399 : INFO : SwitchController : <<<<<<< 's_start' inactive >>>>>>>
2024-02-01 12:34:39,399 : INFO : EventManager : Event: ======'request_to_start_game'====== Args={}
2024-02-01 12:34:39,399 : INFO : BallController : Known balls: 0
2024-02-01 12:34:39,399 : INFO : BallController : playfield contains 0 balls. Tags ['default']
2024-02-01 12:34:39,399 : WARNING : BallController : BallController denies game start. Not enough balls. 0 found. 1 required
2024-02-01 12:34:39,399 : INFO : BallController : Triggering ball search.
2024-02-01 12:34:39,573 : INFO : SwitchController : <<<<<<< 's_start' active >>>>>>>
2024-02-01 12:34:46,786 : INFO : SwitchController : <<<<<<< 's_right_flipper' active >>>>>>>
2024-02-01 12:34:46,975 : INFO : SwitchController : <<<<<<< 's_right_flipper' inactive >>>>>>>
2024-02-01 12:34:47,165 : INFO : SwitchController : <<<<<<< 's_right_flipper' active >>>>>>>
2024-02-01 12:34:47,291 : INFO : SwitchController : <<<<<<< 's_right_flipper' inactive >>>>>>>
2024-02-01 12:34:47,431 : INFO : SwitchController : <<<<<<< 's_right_flipper' active >>>>>>>
2024-02-01 12:34:47,556 : INFO : SwitchController : <<<<<<< 's_right_flipper' inactive >>>>>>>
2024-02-01 12:34:47,709 : INFO : SwitchController : <<<<<<< 's_right_flipper' active >>>>>>>
2024-02-01 12:34:47,803 : INFO : SwitchController : <<<<<<< 's_right_flipper' inactive >>>>>>>
2024-02-01 12:34:47,944 : INFO : SwitchController : <<<<<<< 's_right_flipper' active >>>>>>>
2024-02-01 12:34:48,023 : INFO : SwitchController : <<<<<<< 's_right_flipper' inactive >>>>>>>
2024-02-01 12:34:48,193 : INFO : SwitchController : <<<<<<< 's_right_flipper' active >>>>>>>
2024-02-01 12:34:48,255 : INFO : SwitchController : <<<<<<< 's_right_flipper' inactive >>>>>>>
2024-02-01 12:34:48,413 : INFO : SwitchController : <<<<<<< 's_right_flipper' active >>>>>>>
2024-02-01 12:34:48,508 : INFO : SwitchController : <<<<<<< 's_right_flipper' inactive >>>>>>>
2024-02-01 12:34:48,635 : INFO : SwitchController : <<<<<<< 's_right_flipper' active >>>>>>>
2024-02-01 12:34:48,731 : INFO : SwitchController : <<<<<<< 's_right_flipper' inactive >>>>>>>
2024-02-01 12:34:48,873 : INFO : SwitchController : <<<<<<< 's_right_flipper' active >>>>>>>
2024-02-01 12:34:48,981 : INFO : SwitchController : <<<<<<< 's_right_flipper' inactive >>>>>>>
2024-02-01 12:34:57,902 : INFO : Machine : Shutting down...
2024-02-01 12:34:57,902 : INFO : EventManager : Event: ======'shutdown'====== Args={}
2024-02-01 12:34:57,997 : INFO : root : MPF run loop ended.
