2024-02-02 10:36:29,092 : INFO : root : Loading config.
2024-02-02 10:36:29,096 : INFO : YamlMultifileConfigLoader : Machine config file #1: config.yaml
2024-02-02 10:36:29,097 : INFO : ConfigProcessor : Loading config from cache: C:\Users\Tanner\AppData\Local\Temp\ae594c12e5b61ed7124eed45950049a7.mpf_cache
2024-02-02 10:36:29,167 : INFO : ConfigProcessor : Loading config from cache: C:\Users\Tanner\AppData\Local\Temp\165ae565642a148ddd3c4976ade4dd88.mpf_cache
2024-02-02 10:36:29,168 : INFO : ConfigProcessor : Loading config from cache: C:\Users\Tanner\AppData\Local\Temp\dfbe1b39ae456f06de73c859384050b2.mpf_cache
2024-02-02 10:36:29,169 : INFO : Machine : Mission Pinball Framework Core Engine v0.57.0.dev33
2024-02-02 10:36:29,169 : INFO : Machine : Command line arguments: {'no_load_cache': False, 'create_config_cache': True, 'bcp': False, 'configfile': ['config.yaml'], 'force_assets_load': False, 'jsonlogging': False, 'logfile': 'logs\\2024-02-02-10-36-29-mpf-DESKTOP-7HNFDQ5.log', 'pause': False, 'production': False, 'text_ui': True, 'loglevel': 15, 'consoleloglevel': 20, 'force_platform': None, 'syslog_address': None, 'mc_file_name': None, 'no_sound': False}
2024-02-02 10:36:29,169 : INFO : Machine : MPF path: C:\Users\Tanner\AppData\Local\Packages\PythonSoftwareFoundation.Python.3.11_qbz5n2kfra8p0\LocalCache\local-packages\Python311\site-packages\mpf
2024-02-02 10:36:29,169 : INFO : Machine : Machine path: c:\lofab
2024-02-02 10:36:29,169 : INFO : Machine : Platform: win32
2024-02-02 10:36:29,169 : INFO : Machine : Python executable location: C:\Users\Tanner\AppData\Local\Microsoft\WindowsApps\PythonSoftwareFoundation.Python.3.11_qbz5n2kfra8p0\python.exe
2024-02-02 10:36:29,169 : INFO : Machine : Python version: 3.11.7 (64-bit)
2024-02-02 10:36:29,171 : INFO : Machine : Initializing MPF...
2024-02-02 10:36:29,410 : INFO : [NET] : Trying to connect to com9 at 921600bps
2024-02-02 10:36:29,487 : INFO : [NET] : Connected to com9 at 921600bps
2024-02-02 10:36:29,498 : INFO : [NET] : Connected to FP-CPU-2000 with firmware v02.13
2024-02-02 10:36:29,530 : INFO : [NET] : Registered I/O Board 0: Model: FP-I/O-0804, Firmware: 01.10, Switches: 8, Drivers: 4
2024-02-02 10:36:29,546 : INFO : [NET] : Registered I/O Board 1: Model: FP-I/O-0804, Firmware: 01.09, Switches: 8, Drivers: 4
2024-02-02 10:36:29,562 : INFO : [NET] : Registered I/O Board 2: Model: FP-I/O-3208, Firmware: 01.10, Switches: 32, Drivers: 8
2024-02-02 10:36:29,563 : INFO : [EXP] : Trying to connect to com10 at 921600bps
2024-02-02 10:36:29,640 : INFO : [EXP] : Connected to com10 at 921600bps
2024-02-02 10:36:29,654 : INFO : [EXP] : Verifying hardware for EXP "pf" (FP-EXP-0081, @84) with ID string "EXP FP-EXP-0081  0.12", board address 84
2024-02-02 10:36:29,670 : INFO : [EXP] : Verifying hardware for EXP "pf" (FP-EXP-0081, @84) with ID string "BRK FP-EXP-0081  0.12", board address 840
2024-02-02 10:36:29,685 : INFO : [EXP] : Verifying hardware for EXP "pf" (FP-EXP-0081, @84) with ID string "BRK FP-EXP-0081  0.12", board address 841
2024-02-02 10:36:29,701 : INFO : EventManager : Event: ======'machine_var_credits_string'====== Args={'value': 'FREE PLAY', 'prev_value': None, 'change': True}
2024-02-02 10:36:29,716 : INFO : EventManager : Event: ======'machine_var_master_volume'====== Args={'value': 0.5, 'prev_value': None, 'change': True}
2024-02-02 10:36:29,716 : INFO : EventManager : Event: ======'machine_var_player1_score'====== Args={'value': 0, 'prev_value': None, 'change': True}
2024-02-02 10:36:29,716 : INFO : EventManager : Event: ======'machine_var_mpf_version'====== Args={'value': 'Mission Pinball Framework v0.57.0.dev33', 'prev_value': None, 'change': True}
2024-02-02 10:36:29,716 : INFO : EventManager : Event: ======'machine_var_mpf_extended_version'====== Args={'value': 'Mission Pinball Framework v0.57.0.dev33, Config version:6, Show version: 6, BCP version:1.1', 'prev_value': None, 'change': True}
2024-02-02 10:36:29,716 : INFO : EventManager : Event: ======'machine_var_python_version'====== Args={'value': '3.11.7', 'prev_value': None, 'change': True}
2024-02-02 10:36:29,725 : INFO : EventManager : Event: ======'machine_var_platform'====== Args={'value': 'Windows-10-10.0.19045-SP0', 'prev_value': None, 'change': True}
2024-02-02 10:36:29,725 : INFO : EventManager : Event: ======'machine_var_platform_system'====== Args={'value': 'Windows', 'prev_value': None, 'change': True}
2024-02-02 10:36:29,725 : INFO : EventManager : Event: ======'machine_var_platform_release'====== Args={'value': '10', 'prev_value': None, 'change': True}
2024-02-02 10:36:29,725 : INFO : EventManager : Event: ======'machine_var_platform_version'====== Args={'value': '10.0.19045', 'prev_value': None, 'change': True}
2024-02-02 10:36:29,725 : INFO : EventManager : Event: ======'machine_var_platform_machine'====== Args={'value': 'AMD64', 'prev_value': None, 'change': True}
2024-02-02 10:36:29,725 : INFO : EventManager : Event: ======'init_phase_1'====== Args={}
2024-02-02 10:36:32,367 : INFO : SwitchController : <<<<<<< 's_trough_4' active >>>>>>>
2024-02-02 10:36:32,398 : INFO : EventManager : Event: ======'init_phase_2'====== Args={}
2024-02-02 10:36:32,398 : INFO : SwitchController : Found active switch: (19, [FAST Platform Interface]) <switch.s_trough_4>
2024-02-02 10:36:32,401 : INFO : ball_device.bd_vuk : BCH: Initial count: 0
2024-02-02 10:36:32,401 : INFO : ball_device.bd_vuk : State: idle
2024-02-02 10:36:32,870 : INFO : ball_device.bd_trough : BCH: Initial count: 1
2024-02-02 10:36:32,870 : INFO : ball_device.bd_trough : State: idle
2024-02-02 10:36:32,922 : INFO : EventManager : Event: ======'init_phase_3'====== Args={}
2024-02-02 10:36:32,923 : INFO : EventManager : Event: ======'init_phase_4'====== Args={}
2024-02-02 10:36:32,924 : INFO : BallController : Initial balls found: 1
2024-02-02 10:36:32,925 : INFO : EventManager : Event: ======'machine_var_audits_events_game_ended'====== Args={'value': 44, 'prev_value': None, 'change': True}
2024-02-02 10:36:32,925 : INFO : EventManager : Event: ======'machine_var_audits_events_game_started'====== Args={'value': 116, 'prev_value': None, 'change': True}
2024-02-02 10:36:32,925 : INFO : EventManager : Event: ======'machine_var_audits_player_score'====== Args={'value': {'average': 0.0, 'top': [0, 0, 0, 0, 0, 0, 0, 0, 0, 0], 'total': 44}, 'prev_value': None, 'change': True}
2024-02-02 10:36:32,925 : INFO : EventManager : Event: ======'machine_var_audits_switches_s_autolauncher'====== Args={'value': 422, 'prev_value': None, 'change': True}
2024-02-02 10:36:32,925 : INFO : EventManager : Event: ======'machine_var_audits_switches_s_b_eos'====== Args={'value': 2450, 'prev_value': None, 'change': True}
2024-02-02 10:36:32,925 : INFO : EventManager : Event: ======'machine_var_audits_switches_s_b_pop'====== Args={'value': 446, 'prev_value': None, 'change': True}
2024-02-02 10:36:32,925 : INFO : EventManager : Event: ======'machine_var_audits_switches_s_b_rollover_interchange'====== Args={'value': 10, 'prev_value': None, 'change': True}
2024-02-02 10:36:32,925 : INFO : EventManager : Event: ======'machine_var_audits_switches_s_b_rollover_loop'====== Args={'value': 24, 'prev_value': None, 'change': True}
2024-02-02 10:36:32,925 : INFO : EventManager : Event: ======'machine_var_audits_switches_s_b_rollover_misc'====== Args={'value': 33, 'prev_value': None, 'change': True}
2024-02-02 10:36:32,926 : INFO : EventManager : Event: ======'machine_var_audits_switches_s_b_target_left'====== Args={'value': 21, 'prev_value': None, 'change': True}
2024-02-02 10:36:32,926 : INFO : EventManager : Event: ======'machine_var_audits_switches_s_b_target_right'====== Args={'value': 39, 'prev_value': None, 'change': True}
2024-02-02 10:36:32,926 : INFO : EventManager : Event: ======'machine_var_audits_switches_s_drop_mid_center'====== Args={'value': 113, 'prev_value': None, 'change': True}
2024-02-02 10:36:32,926 : INFO : EventManager : Event: ======'machine_var_audits_switches_s_drop_mid_left'====== Args={'value': 76, 'prev_value': None, 'change': True}
2024-02-02 10:36:32,926 : INFO : EventManager : Event: ======'machine_var_audits_switches_s_drop_mid_right'====== Args={'value': 96, 'prev_value': None, 'change': True}
2024-02-02 10:36:32,926 : INFO : EventManager : Event: ======'machine_var_audits_switches_s_drop_right_left'====== Args={'value': 32, 'prev_value': None, 'change': True}
2024-02-02 10:36:32,926 : INFO : EventManager : Event: ======'machine_var_audits_switches_s_drop_right_right'====== Args={'value': 32, 'prev_value': None, 'change': True}
2024-02-02 10:36:32,926 : INFO : EventManager : Event: ======'machine_var_audits_switches_s_drop_scoop'====== Args={'value': 0, 'prev_value': None, 'change': True}
2024-02-02 10:36:32,926 : INFO : EventManager : Event: ======'machine_var_audits_switches_s_drop_single'====== Args={'value': 24, 'prev_value': None, 'change': True}
2024-02-02 10:36:32,926 : INFO : EventManager : Event: ======'machine_var_audits_switches_s_flip_left_eos'====== Args={'value': 25095, 'prev_value': None, 'change': True}
2024-02-02 10:36:32,926 : INFO : EventManager : Event: ======'machine_var_audits_switches_s_flip_left_top_eos'====== Args={'value': 1729, 'prev_value': None, 'change': True}
2024-02-02 10:36:32,927 : INFO : EventManager : Event: ======'machine_var_audits_switches_s_flip_right_eos'====== Args={'value': 2110, 'prev_value': None, 'change': True}
2024-02-02 10:36:32,927 : INFO : EventManager : Event: ======'machine_var_audits_switches_s_inlane_left'====== Args={'value': 31, 'prev_value': None, 'change': True}
2024-02-02 10:36:32,927 : INFO : EventManager : Event: ======'machine_var_audits_switches_s_inlane_right'====== Args={'value': 59, 'prev_value': None, 'change': True}
2024-02-02 10:36:32,927 : INFO : EventManager : Event: ======'machine_var_audits_switches_s_l_rollover'====== Args={'value': 9, 'prev_value': None, 'change': True}
2024-02-02 10:36:32,927 : INFO : EventManager : Event: ======'machine_var_audits_switches_s_l_target_far'====== Args={'value': 9, 'prev_value': None, 'change': True}
2024-02-02 10:36:32,927 : INFO : EventManager : Event: ======'machine_var_audits_switches_s_l_target_large'====== Args={'value': 9, 'prev_value': None, 'change': True}
2024-02-02 10:36:32,927 : INFO : EventManager : Event: ======'machine_var_audits_switches_s_l_target_left'====== Args={'value': 10, 'prev_value': None, 'change': True}
2024-02-02 10:36:32,927 : INFO : EventManager : Event: ======'machine_var_audits_switches_s_l_target_right'====== Args={'value': 9, 'prev_value': None, 'change': True}
2024-02-02 10:36:32,927 : INFO : EventManager : Event: ======'machine_var_audits_switches_s_l_vuk'====== Args={'value': 9, 'prev_value': None, 'change': True}
2024-02-02 10:36:32,927 : INFO : EventManager : Event: ======'machine_var_audits_switches_s_launch'====== Args={'value': 460, 'prev_value': None, 'change': True}
2024-02-02 10:36:32,928 : INFO : EventManager : Event: ======'machine_var_audits_switches_s_left_flipper_1'====== Args={'value': 1947, 'prev_value': None, 'change': True}
2024-02-02 10:36:32,928 : INFO : EventManager : Event: ======'machine_var_audits_switches_s_left_flipper_2'====== Args={'value': 651, 'prev_value': None, 'change': True}
2024-02-02 10:36:32,928 : INFO : EventManager : Event: ======'machine_var_audits_switches_s_lock_1'====== Args={'value': 1, 'prev_value': None, 'change': True}
2024-02-02 10:36:32,928 : INFO : EventManager : Event: ======'machine_var_audits_switches_s_lock_2'====== Args={'value': 1, 'prev_value': None, 'change': True}
2024-02-02 10:36:32,928 : INFO : EventManager : Event: ======'machine_var_audits_switches_s_lock_3'====== Args={'value': 1, 'prev_value': None, 'change': True}
2024-02-02 10:36:32,928 : INFO : EventManager : Event: ======'machine_var_audits_switches_s_outlane_left'====== Args={'value': 12, 'prev_value': None, 'change': True}
2024-02-02 10:36:32,928 : INFO : EventManager : Event: ======'machine_var_audits_switches_s_outlane_right'====== Args={'value': 28, 'prev_value': None, 'change': True}
2024-02-02 10:36:32,928 : INFO : EventManager : Event: ======'machine_var_audits_switches_s_pop_left'====== Args={'value': 152, 'prev_value': None, 'change': True}
2024-02-02 10:36:32,928 : INFO : EventManager : Event: ======'machine_var_audits_switches_s_pop_lower'====== Args={'value': 560, 'prev_value': None, 'change': True}
2024-02-02 10:36:32,929 : INFO : EventManager : Event: ======'machine_var_audits_switches_s_pop_right'====== Args={'value': 2348, 'prev_value': None, 'change': True}
2024-02-02 10:36:32,929 : INFO : EventManager : Event: ======'machine_var_audits_switches_s_right_flipper_1'====== Args={'value': 3494, 'prev_value': None, 'change': True}
2024-02-02 10:36:32,929 : INFO : EventManager : Event: ======'machine_var_audits_switches_s_right_flipper_2'====== Args={'value': 3304, 'prev_value': None, 'change': True}
2024-02-02 10:36:32,929 : INFO : EventManager : Event: ======'machine_var_audits_switches_s_rollover_left'====== Args={'value': 84, 'prev_value': None, 'change': True}
2024-02-02 10:36:32,929 : INFO : EventManager : Event: ======'machine_var_audits_switches_s_rollover_right'====== Args={'value': 488, 'prev_value': None, 'change': True}
2024-02-02 10:36:32,929 : INFO : EventManager : Event: ======'machine_var_audits_switches_s_sling_left'====== Args={'value': 159, 'prev_value': None, 'change': True}
2024-02-02 10:36:32,929 : INFO : EventManager : Event: ======'machine_var_audits_switches_s_sling_right'====== Args={'value': 237, 'prev_value': None, 'change': True}
2024-02-02 10:36:32,929 : INFO : EventManager : Event: ======'machine_var_audits_switches_s_start'====== Args={'value': 113, 'prev_value': None, 'change': True}
2024-02-02 10:36:32,930 : INFO : EventManager : Event: ======'machine_var_audits_switches_s_tilt'====== Args={'value': 2735, 'prev_value': None, 'change': True}
2024-02-02 10:36:32,930 : INFO : EventManager : Event: ======'machine_var_audits_switches_s_trough_1'====== Args={'value': 0, 'prev_value': None, 'change': True}
2024-02-02 10:36:32,930 : INFO : EventManager : Event: ======'machine_var_audits_switches_s_trough_2'====== Args={'value': 440, 'prev_value': None, 'change': True}
2024-02-02 10:36:32,930 : INFO : EventManager : Event: ======'machine_var_audits_switches_s_trough_3'====== Args={'value': 394, 'prev_value': None, 'change': True}
2024-02-02 10:36:32,930 : INFO : EventManager : Event: ======'machine_var_audits_switches_s_trough_4'====== Args={'value': 396, 'prev_value': None, 'change': True}
2024-02-02 10:36:32,930 : INFO : EventManager : Event: ======'machine_var_audits_switches_s_trough_5'====== Args={'value': 284, 'prev_value': None, 'change': True}
2024-02-02 10:36:32,930 : INFO : EventManager : Event: ======'machine_var_audits_switches_s_trough_6'====== Args={'value': 277, 'prev_value': None, 'change': True}
2024-02-02 10:36:32,931 : INFO : EventManager : Event: ======'machine_var_audits_switches_s_trough_jam'====== Args={'value': 344, 'prev_value': None, 'change': True}
2024-02-02 10:36:32,931 : INFO : EventManager : Event: ======'machine_var_audits_switches_s_u_lane_l'====== Args={'value': 15, 'prev_value': None, 'change': True}
2024-02-02 10:36:32,931 : INFO : EventManager : Event: ======'machine_var_audits_switches_s_u_lane_r'====== Args={'value': 20, 'prev_value': None, 'change': True}
2024-02-02 10:36:32,931 : INFO : EventManager : Event: ======'machine_var_audits_switches_s_u_rollover'====== Args={'value': 10, 'prev_value': None, 'change': True}
2024-02-02 10:36:32,931 : INFO : EventManager : Event: ======'machine_var_audits_switches_s_u_target'====== Args={'value': 8, 'prev_value': None, 'change': True}
2024-02-02 10:36:32,931 : INFO : EventManager : Event: ======'machine_var_audits_switches_s_vuk_back'====== Args={'value': 489, 'prev_value': None, 'change': True}
2024-02-02 10:36:32,932 : INFO : EventManager : Event: ======'machine_var_audits_switches_s_vuk_right'====== Args={'value': 1, 'prev_value': None, 'change': True}
2024-02-02 10:36:32,932 : INFO : EventManager : Event: ======'machine_var_audits_switches_s_flipper_l'====== Args={'value': 0, 'prev_value': None, 'change': True}
2024-02-02 10:36:32,932 : INFO : EventManager : Event: ======'machine_var_audits_switches_s_flipper_r'====== Args={'value': 0, 'prev_value': None, 'change': True}
2024-02-02 10:36:32,932 : INFO : EventManager : Event: ======'machine_var_audits_switches_s_sling_l'====== Args={'value': 0, 'prev_value': None, 'change': True}
2024-02-02 10:36:32,932 : INFO : EventManager : Event: ======'machine_var_audits_switches_s_stationary_l'====== Args={'value': 0, 'prev_value': None, 'change': True}
2024-02-02 10:36:32,932 : INFO : EventManager : Event: ======'machine_var_audits_switches_s_9'====== Args={'value': 0, 'prev_value': None, 'change': True}
2024-02-02 10:36:32,932 : INFO : EventManager : Event: ======'machine_var_audits_switches_s_pop'====== Args={'value': 0, 'prev_value': None, 'change': True}
2024-02-02 10:36:32,933 : INFO : EventManager : Event: ======'machine_var_audits_switches_s_stationary_right'====== Args={'value': 0, 'prev_value': None, 'change': True}
2024-02-02 10:36:32,933 : INFO : EventManager : Event: ======'machine_var_audits_switches_s_stationary_back'====== Args={'value': 0, 'prev_value': None, 'change': True}
2024-02-02 10:36:32,933 : INFO : EventManager : Event: ======'machine_var_audits_switches_s_sling_r'====== Args={'value': 0, 'prev_value': None, 'change': True}
2024-02-02 10:36:32,933 : INFO : EventManager : Event: ======'machine_var_audits_switches_s_vuk'====== Args={'value': 0, 'prev_value': None, 'change': True}
2024-02-02 10:36:32,934 : INFO : EventManager : Event: ======'init_phase_5'====== Args={}
2024-02-02 10:36:32,966 : INFO : EventManager : Event: ======'init_done'====== Args={}
2024-02-02 10:36:32,966 : INFO : EventManager : Event: ======'machine_reset_phase_1'====== Args={}
2024-02-02 10:36:32,967 : INFO : EventManager : Event: ======'machine_reset_phase_2'====== Args={}
2024-02-02 10:36:32,967 : INFO : EventManager : Event: ======'machine_reset_phase_3'====== Args={}
2024-02-02 10:36:32,968 : INFO : EventManager : Event: ======'reset_complete'====== Args={}
2024-02-02 10:36:32,968 : INFO : EventManager : Event: ======'mode_attract_will_start'====== Args={}
2024-02-02 10:36:32,969 : INFO : EventManager : Event: ======'mode_attract_starting'====== Args={}
2024-02-02 10:36:32,969 : INFO : Mode.attract : Started. Priority: 10
2024-02-02 10:36:32,969 : INFO : EventManager : Event: ======'modes_active_modes_changed'====== Args={}
2024-02-02 10:36:32,969 : INFO : EventManager : Event: ======'mode_attract_started'====== Args={}
2024-02-02 10:36:32,969 : INFO : EventManager : Event: ======'collecting_balls'====== Args={}
2024-02-02 10:36:32,969 : INFO : ball_device.bd_trough : Adding 1 ball(s) to the eject_queue with target <playfield.playfield>.
2024-02-02 10:36:32,969 : INFO : EventManager : Event: ======'balldevice_balls_available'====== Args={}
2024-02-02 10:36:32,987 : INFO : Machine : Starting the main run loop.
2024-02-02 10:36:32,988 : INFO : ball_device.bd_trough : State: waiting_for_target_ready
2024-02-02 10:36:32,988 : INFO : EventManager : Event: ======'balldevice_bd_trough_ball_eject_attempt'====== Args={'balls': 1, 'target': <playfield.playfield>, 'source': <ball_device.bd_trough>, 'mechanical_eject': False, 'num_attempts': 0}
2024-02-02 10:36:32,988 : INFO : ball_device.bd_trough : State: ejecting
2024-02-02 10:36:32,988 : INFO : ball_device.bd_trough : Ejecting ball to <playfield.playfield>
2024-02-02 10:36:32,988 : INFO : EventManager : Event: ======'balldevice_bd_trough_ejecting_ball'====== Args={'balls': 1, 'target': <playfield.playfield>, 'source': <ball_device.bd_trough>, 'mechanical_eject': False, 'num_attempts': 0}
2024-02-02 10:36:32,989 : INFO : ball_device.bd_trough : Wait for ball to leave device
2024-02-02 10:36:32,989 : INFO : coil.c_trough : Pulsing Driver for 50ms (1.0 pulse_power)
2024-02-02 10:36:33,074 : INFO : SwitchController : <<<<<<< 's_trough_4' inactive >>>>>>>
2024-02-02 10:36:33,077 : INFO : ball_device.bd_trough : State: ball_left
2024-02-02 10:36:33,077 : INFO : ball_device.bd_trough : Ball left
2024-02-02 10:36:33,077 : INFO : ball_device.bd_trough : Wait for confirm with timeout 10.0
2024-02-02 10:36:33,899 : INFO : SwitchController : <<<<<<< 's_flipper_r' active >>>>>>>
2024-02-02 10:36:34,025 : INFO : SwitchController : <<<<<<< 's_vuk' active >>>>>>>
2024-02-02 10:36:34,151 : INFO : SwitchController : <<<<<<< 's_flipper_r' inactive >>>>>>>
2024-02-02 10:36:34,528 : INFO : EventManager : Event: ======'balldevice_bd_vuk_ball_count_changed'====== Args={'balls': 1}
2024-02-02 10:36:34,528 : INFO : ball_device.bd_vuk : Received unexpected ball
2024-02-02 10:36:34,528 : INFO : EventManager : Event: ======'balldevice_captured_from_playfield'====== Args={'balls': 1}
2024-02-02 10:36:34,528 : INFO : EventManager : Event: ======'sw_playfield_active'====== Args={'balls': 1}
2024-02-02 10:36:34,528 : INFO : EventManager : Event: ======'playfield_active'====== Args={}
2024-02-02 10:36:34,528 : INFO : EventManager : Event: ======'playfield_ball_count_change'====== Args={'balls': -1, 'change': -1}
2024-02-02 10:36:34,529 : INFO : EventManager : Event: ======'balldevice_bd_vuk_ball_enter'====== Args={'new_balls': 1, 'unclaimed_balls': 1, 'new_available_balls': 1, 'device': <ball_device.bd_vuk>}
2024-02-02 10:36:34,529 : INFO : ball_device.bd_trough : Got eject confirm
2024-02-02 10:36:34,529 : INFO : ball_device.bd_trough : Eject successful
2024-02-02 10:36:34,529 : INFO : EventManager : Event: ======'balldevice_bd_trough_ball_eject_success'====== Args={'balls': 1, 'target': <playfield.playfield>}
2024-02-02 10:36:34,529 : INFO : ball_device.bd_vuk : Ejecting 1 unexpected balls using path deque([<ball_device.bd_vuk>, <playfield.playfield>])
2024-02-02 10:36:34,529 : INFO : EventManager : Event: ======'balldevice_balls_available'====== Args={}
2024-02-02 10:36:34,529 : INFO : EventManager : Event: ======'balldevice_balls_available'====== Args={}
2024-02-02 10:36:34,529 : INFO : EventManager : Event: ======'balldevice_bd_vuk_ball_entered'====== Args={'new_balls': 1, 'device': <ball_device.bd_vuk>}
2024-02-02 10:36:34,530 : INFO : EventManager : Event: ======'balldevice_playfield_ball_enter'====== Args={'new_balls': 1, 'unclaimed_balls': 1, 'device': <playfield.playfield>}
2024-02-02 10:36:34,530 : INFO : EventManager : Event: ======'playfield_ball_count_change'====== Args={'balls': 0, 'change': 1}
2024-02-02 10:36:34,530 : INFO : EventManager : Event: ======'balldevice_bd_trough_ball_count_changed'====== Args={'balls': 0}
2024-02-02 10:36:34,530 : INFO : ball_device.bd_trough : State: idle
2024-02-02 10:36:34,531 : INFO : ball_device.bd_vuk : State: waiting_for_target_ready
2024-02-02 10:36:34,531 : INFO : EventManager : Event: ======'balldevice_bd_vuk_ball_eject_attempt'====== Args={'balls': 1, 'target': <playfield.playfield>, 'source': <ball_device.bd_vuk>, 'mechanical_eject': False, 'num_attempts': 0}
2024-02-02 10:36:34,531 : INFO : ball_device.bd_vuk : State: ejecting
2024-02-02 10:36:34,531 : INFO : ball_device.bd_vuk : Ejecting ball to <playfield.playfield>
2024-02-02 10:36:34,531 : INFO : EventManager : Event: ======'balldevice_bd_vuk_ejecting_ball'====== Args={'balls': 1, 'target': <playfield.playfield>, 'source': <ball_device.bd_vuk>, 'mechanical_eject': False, 'num_attempts': 0}
2024-02-02 10:36:34,531 : INFO : ball_device.bd_vuk : Wait for ball to leave device
2024-02-02 10:36:34,531 : INFO : coil.c_vuk : Pulsing Driver for 10ms (1.0 pulse_power)
2024-02-02 10:36:34,560 : INFO : SwitchController : <<<<<<< 's_vuk' inactive >>>>>>>
2024-02-02 10:36:34,563 : INFO : SwitchController : <<<<<<< 's_vuk' active >>>>>>>
2024-02-02 10:36:34,565 : INFO : ball_device.bd_vuk : State: ball_left
2024-02-02 10:36:34,565 : INFO : ball_device.bd_vuk : Ball left
2024-02-02 10:36:34,565 : INFO : ball_device.bd_vuk : Wait for confirm with timeout 2.0
2024-02-02 10:36:34,592 : INFO : SwitchController : <<<<<<< 's_vuk' inactive >>>>>>>
2024-02-02 10:36:35,236 : INFO : SwitchController : <<<<<<< 's_sling_l' active >>>>>>>
2024-02-02 10:36:35,236 : INFO : EventManager : Event: ======'playfield_active'====== Args={}
2024-02-02 10:36:35,239 : INFO : ball_device.bd_vuk : Got eject confirm
2024-02-02 10:36:35,239 : INFO : ball_device.bd_vuk : Eject successful
2024-02-02 10:36:35,239 : INFO : EventManager : Event: ======'balldevice_bd_vuk_ball_eject_success'====== Args={'balls': 1, 'target': <playfield.playfield>}
2024-02-02 10:36:35,239 : INFO : EventManager : Event: ======'balldevice_playfield_ball_enter'====== Args={'new_balls': 1, 'unclaimed_balls': 1, 'device': <playfield.playfield>}
2024-02-02 10:36:35,239 : INFO : EventManager : Event: ======'playfield_ball_count_change'====== Args={'balls': 1, 'change': 1}
2024-02-02 10:36:35,239 : INFO : EventManager : Event: ======'balldevice_bd_vuk_ball_count_changed'====== Args={'balls': 0}
2024-02-02 10:36:35,239 : INFO : ball_device.bd_vuk : State: idle
2024-02-02 10:36:35,260 : INFO : SwitchController : <<<<<<< 's_sling_l' inactive >>>>>>>
2024-02-02 10:36:35,422 : INFO : SwitchController : <<<<<<< 's_pop' active >>>>>>>
2024-02-02 10:36:35,438 : INFO : SwitchController : <<<<<<< 's_pop' inactive >>>>>>>
2024-02-02 10:36:36,250 : INFO : SwitchController : <<<<<<< 's_trough_1' active >>>>>>>
2024-02-02 10:36:36,342 : INFO : SwitchController : <<<<<<< 's_trough_1' inactive >>>>>>>
2024-02-02 10:36:36,360 : INFO : SwitchController : <<<<<<< 's_trough_2' active >>>>>>>
2024-02-02 10:36:36,419 : INFO : SwitchController : <<<<<<< 's_trough_2' inactive >>>>>>>
2024-02-02 10:36:36,435 : INFO : SwitchController : <<<<<<< 's_trough_3' active >>>>>>>
2024-02-02 10:36:36,513 : INFO : SwitchController : <<<<<<< 's_trough_3' inactive >>>>>>>
2024-02-02 10:36:36,513 : INFO : SwitchController : <<<<<<< 's_trough_4' active >>>>>>>
2024-02-02 10:36:37,013 : INFO : EventManager : Event: ======'balldevice_bd_trough_ball_count_changed'====== Args={'balls': 1}
2024-02-02 10:36:37,013 : INFO : ball_device.bd_trough : Received unexpected ball
2024-02-02 10:36:37,013 : INFO : EventManager : Event: ======'balldevice_captured_from_playfield'====== Args={'balls': 1}
2024-02-02 10:36:37,014 : INFO : EventManager : Event: ======'sw_playfield_active'====== Args={'balls': 1}
2024-02-02 10:36:37,014 : INFO : EventManager : Event: ======'playfield_ball_count_change'====== Args={'balls': 0, 'change': -1}
2024-02-02 10:36:37,014 : INFO : EventManager : Event: ======'balldevice_bd_trough_ball_enter'====== Args={'new_balls': 1, 'unclaimed_balls': 1, 'new_available_balls': 1, 'device': <ball_device.bd_trough>}
2024-02-02 10:36:37,014 : INFO : ball_device.bd_trough : Ejecting 1 unexpected balls using path deque([<ball_device.bd_trough>, <playfield.playfield>])
2024-02-02 10:36:37,014 : INFO : EventManager : Event: ======'balldevice_balls_available'====== Args={}
2024-02-02 10:36:37,014 : INFO : EventManager : Event: ======'balldevice_balls_available'====== Args={}
2024-02-02 10:36:37,014 : INFO : EventManager : Event: ======'balldevice_bd_trough_ball_entered'====== Args={'new_balls': 1, 'device': <ball_device.bd_trough>}
2024-02-02 10:36:37,015 : INFO : ball_device.bd_trough : State: waiting_for_target_ready
2024-02-02 10:36:37,015 : INFO : EventManager : Event: ======'balldevice_bd_trough_ball_eject_attempt'====== Args={'balls': 1, 'target': <playfield.playfield>, 'source': <ball_device.bd_trough>, 'mechanical_eject': False, 'num_attempts': 0}
2024-02-02 10:36:37,015 : INFO : ball_device.bd_trough : State: ejecting
2024-02-02 10:36:37,015 : INFO : ball_device.bd_trough : Ejecting ball to <playfield.playfield>
2024-02-02 10:36:37,015 : INFO : EventManager : Event: ======'balldevice_bd_trough_ejecting_ball'====== Args={'balls': 1, 'target': <playfield.playfield>, 'source': <ball_device.bd_trough>, 'mechanical_eject': False, 'num_attempts': 0}
2024-02-02 10:36:37,016 : INFO : ball_device.bd_trough : Wait for ball to leave device
2024-02-02 10:36:37,016 : INFO : coil.c_trough : Pulsing Driver for 50ms (1.0 pulse_power)
2024-02-02 10:36:37,106 : INFO : SwitchController : <<<<<<< 's_trough_4' inactive >>>>>>>
2024-02-02 10:36:37,109 : INFO : ball_device.bd_trough : State: ball_left
2024-02-02 10:36:37,109 : INFO : ball_device.bd_trough : Ball left
2024-02-02 10:36:37,109 : INFO : ball_device.bd_trough : Wait for confirm with timeout 10.0
2024-02-02 10:36:38,637 : INFO : SwitchController : <<<<<<< 's_flipper_l' active >>>>>>>
2024-02-02 10:36:38,967 : INFO : SwitchController : <<<<<<< 's_flipper_l' inactive >>>>>>>
2024-02-02 10:36:38,985 : INFO : SwitchController : <<<<<<< 's_flipper_r' active >>>>>>>
2024-02-02 10:36:39,090 : INFO : SwitchController : <<<<<<< 's_flipper_l' active >>>>>>>
2024-02-02 10:36:39,090 : INFO : EventManager : Event: ======'flipper_cancel'====== Args={'triggering_group': 1, 'triggering_switch': 's_flipper_l'}
2024-02-02 10:36:39,122 : INFO : SwitchController : <<<<<<< 's_flipper_r' inactive >>>>>>>
2024-02-02 10:36:39,122 : INFO : EventManager : Event: ======'both_flippers_one'====== Args={'triggering_group': 2, 'triggering_switch': 's_flipper_r'}
2024-02-02 10:36:39,574 : INFO : SwitchController : <<<<<<< 's_flipper_l' inactive >>>>>>>
2024-02-02 10:36:39,574 : INFO : EventManager : Event: ======'both_flippers_inactive'====== Args={'triggering_group': 1, 'triggering_switch': 's_flipper_l'}
2024-02-02 10:36:40,271 : INFO : SwitchController : <<<<<<< 's_flipper_r' active >>>>>>>
2024-02-02 10:36:40,540 : INFO : SwitchController : <<<<<<< 's_flipper_r' inactive >>>>>>>
2024-02-02 10:36:41,618 : INFO : SwitchController : <<<<<<< 's_flipper_r' active >>>>>>>
2024-02-02 10:36:41,807 : INFO : SwitchController : <<<<<<< 's_flipper_r' inactive >>>>>>>
2024-02-02 10:36:41,980 : INFO : SwitchController : <<<<<<< 's_flipper_r' active >>>>>>>
2024-02-02 10:36:42,150 : INFO : SwitchController : <<<<<<< 's_flipper_r' inactive >>>>>>>
2024-02-02 10:36:42,853 : INFO : SwitchController : <<<<<<< 's_trough_1' active >>>>>>>
2024-02-02 10:36:42,946 : INFO : SwitchController : <<<<<<< 's_trough_1' inactive >>>>>>>
2024-02-02 10:36:42,963 : INFO : SwitchController : <<<<<<< 's_flipper_l' active >>>>>>>
2024-02-02 10:36:42,963 : INFO : SwitchController : <<<<<<< 's_trough_2' active >>>>>>>
2024-02-02 10:36:43,056 : INFO : SwitchController : <<<<<<< 's_trough_2' inactive >>>>>>>
2024-02-02 10:36:43,073 : INFO : SwitchController : <<<<<<< 's_trough_3' active >>>>>>>
2024-02-02 10:36:43,135 : INFO : SwitchController : <<<<<<< 's_trough_3' inactive >>>>>>>
2024-02-02 10:36:43,153 : INFO : SwitchController : <<<<<<< 's_trough_4' active >>>>>>>
2024-02-02 10:36:43,153 : INFO : SwitchController : <<<<<<< 's_flipper_l' inactive >>>>>>>
2024-02-02 10:36:44,186 : INFO : SwitchController : <<<<<<< 's_flipper_l' active >>>>>>>
2024-02-02 10:36:44,341 : INFO : SwitchController : <<<<<<< 's_flipper_l' inactive >>>>>>>
2024-02-02 10:36:45,160 : INFO : SwitchController : <<<<<<< 's_flipper_r' active >>>>>>>
2024-02-02 10:36:45,332 : INFO : SwitchController : <<<<<<< 's_flipper_r' inactive >>>>>>>
2024-02-02 10:36:45,520 : INFO : SwitchController : <<<<<<< 's_flipper_l' active >>>>>>>
2024-02-02 10:36:45,725 : INFO : SwitchController : <<<<<<< 's_flipper_l' inactive >>>>>>>
2024-02-02 10:36:47,086 : INFO : ball_device.bd_trough : State: failed_confirm
2024-02-02 10:36:47,086 : INFO : ball_device.bd_trough : Got timeout (10.0s) before confirm from <playfield.playfield>
2024-02-02 10:36:47,182 : INFO : ball_device.bd_trough : Got unknown balls. Assuming a ball returned.
2024-02-02 10:36:47,182 : INFO : EventManager : Event: ======'balldevice_bd_trough_ball_eject_failed'====== Args={'target': <playfield.playfield>, 'balls': 1, 'retry': True, 'num_attempts': 1}
2024-02-02 10:36:47,183 : INFO : ball_device.bd_trough : State: waiting_for_target_ready
2024-02-02 10:36:47,183 : INFO : EventManager : Event: ======'balldevice_bd_trough_ball_eject_attempt'====== Args={'balls': 1, 'target': <playfield.playfield>, 'source': <ball_device.bd_trough>, 'mechanical_eject': False, 'num_attempts': 1}
2024-02-02 10:36:47,183 : INFO : ball_device.bd_trough : State: ejecting
2024-02-02 10:36:47,183 : INFO : ball_device.bd_trough : Ejecting ball to <playfield.playfield>
2024-02-02 10:36:47,183 : INFO : EventManager : Event: ======'balldevice_bd_trough_ejecting_ball'====== Args={'balls': 1, 'target': <playfield.playfield>, 'source': <ball_device.bd_trough>, 'mechanical_eject': False, 'num_attempts': 1}
2024-02-02 10:36:47,184 : INFO : ball_device.bd_trough : Wait for ball to leave device
2024-02-02 10:36:47,184 : INFO : coil.c_trough : Pulsing Driver for 50ms (1.0 pulse_power)
2024-02-02 10:36:47,271 : INFO : SwitchController : <<<<<<< 's_trough_4' inactive >>>>>>>
2024-02-02 10:36:47,273 : INFO : ball_device.bd_trough : State: ball_left
2024-02-02 10:36:47,273 : INFO : ball_device.bd_trough : Ball left
2024-02-02 10:36:47,273 : INFO : ball_device.bd_trough : Wait for confirm with timeout 10.0
2024-02-02 10:36:49,020 : INFO : SwitchController : <<<<<<< 's_flipper_l' active >>>>>>>
2024-02-02 10:36:49,361 : INFO : SwitchController : <<<<<<< 's_flipper_l' inactive >>>>>>>
2024-02-02 10:36:49,454 : INFO : SwitchController : <<<<<<< 's_flipper_r' active >>>>>>>
2024-02-02 10:36:49,611 : INFO : SwitchController : <<<<<<< 's_pop' active >>>>>>>
2024-02-02 10:36:49,611 : INFO : EventManager : Event: ======'playfield_active'====== Args={}
2024-02-02 10:36:49,611 : INFO : SwitchController : <<<<<<< 's_pop' inactive >>>>>>>
2024-02-02 10:36:49,613 : INFO : ball_device.bd_trough : Got eject confirm
2024-02-02 10:36:49,613 : INFO : ball_device.bd_trough : Eject successful
2024-02-02 10:36:49,613 : INFO : EventManager : Event: ======'balldevice_bd_trough_ball_eject_success'====== Args={'balls': 1, 'target': <playfield.playfield>}
2024-02-02 10:36:49,613 : INFO : EventManager : Event: ======'balldevice_playfield_ball_enter'====== Args={'new_balls': 1, 'unclaimed_balls': 1, 'device': <playfield.playfield>}
2024-02-02 10:36:49,613 : INFO : EventManager : Event: ======'playfield_ball_count_change'====== Args={'balls': 1, 'change': 1}
2024-02-02 10:36:49,613 : INFO : EventManager : Event: ======'balldevice_bd_trough_ball_count_changed'====== Args={'balls': 0}
2024-02-02 10:36:49,613 : INFO : ball_device.bd_trough : State: idle
2024-02-02 10:36:49,689 : INFO : SwitchController : <<<<<<< 's_pop' active >>>>>>>
2024-02-02 10:36:49,720 : INFO : SwitchController : <<<<<<< 's_pop' inactive >>>>>>>
2024-02-02 10:36:49,939 : INFO : SwitchController : <<<<<<< 's_flipper_l' active >>>>>>>
2024-02-02 10:36:49,939 : INFO : EventManager : Event: ======'flipper_cancel'====== Args={'triggering_group': 1, 'triggering_switch': 's_flipper_l'}
2024-02-02 10:36:49,957 : INFO : SwitchController : <<<<<<< 's_flipper_r' inactive >>>>>>>
2024-02-02 10:36:49,957 : INFO : EventManager : Event: ======'both_flippers_one'====== Args={'triggering_group': 2, 'triggering_switch': 's_flipper_r'}
2024-02-02 10:36:50,127 : INFO : SwitchController : <<<<<<< 's_flipper_l' inactive >>>>>>>
2024-02-02 10:36:50,127 : INFO : EventManager : Event: ======'both_flippers_inactive'====== Args={'triggering_group': 1, 'triggering_switch': 's_flipper_l'}
2024-02-02 10:36:51,082 : INFO : SwitchController : <<<<<<< 's_flipper_r' active >>>>>>>
2024-02-02 10:36:51,239 : INFO : SwitchController : <<<<<<< 's_flipper_l' active >>>>>>>
2024-02-02 10:36:51,239 : INFO : EventManager : Event: ======'flipper_cancel'====== Args={'triggering_group': 1, 'triggering_switch': 's_flipper_l'}
2024-02-02 10:36:51,265 : INFO : SwitchController : <<<<<<< 's_flipper_r' inactive >>>>>>>
2024-02-02 10:36:51,265 : INFO : EventManager : Event: ======'both_flippers_one'====== Args={'triggering_group': 2, 'triggering_switch': 's_flipper_r'}
2024-02-02 10:36:51,473 : INFO : SwitchController : <<<<<<< 's_flipper_l' inactive >>>>>>>
2024-02-02 10:36:51,473 : INFO : EventManager : Event: ======'both_flippers_inactive'====== Args={'triggering_group': 1, 'triggering_switch': 's_flipper_l'}
2024-02-02 10:36:51,893 : INFO : SwitchController : <<<<<<< 's_vuk' active >>>>>>>
2024-02-02 10:36:52,407 : INFO : EventManager : Event: ======'balldevice_bd_vuk_ball_count_changed'====== Args={'balls': 1}
2024-02-02 10:36:52,407 : INFO : ball_device.bd_vuk : Received unexpected ball
2024-02-02 10:36:52,407 : INFO : EventManager : Event: ======'balldevice_captured_from_playfield'====== Args={'balls': 1}
2024-02-02 10:36:52,408 : INFO : EventManager : Event: ======'sw_playfield_active'====== Args={'balls': 1}
2024-02-02 10:36:52,408 : INFO : EventManager : Event: ======'playfield_ball_count_change'====== Args={'balls': 0, 'change': -1}
2024-02-02 10:36:52,408 : INFO : EventManager : Event: ======'balldevice_bd_vuk_ball_enter'====== Args={'new_balls': 1, 'unclaimed_balls': 1, 'new_available_balls': 1, 'device': <ball_device.bd_vuk>}
2024-02-02 10:36:52,408 : INFO : ball_device.bd_vuk : Ejecting 1 unexpected balls using path deque([<ball_device.bd_vuk>, <playfield.playfield>])
2024-02-02 10:36:52,408 : INFO : EventManager : Event: ======'balldevice_balls_available'====== Args={}
2024-02-02 10:36:52,409 : INFO : EventManager : Event: ======'balldevice_balls_available'====== Args={}
2024-02-02 10:36:52,409 : INFO : EventManager : Event: ======'balldevice_bd_vuk_ball_entered'====== Args={'new_balls': 1, 'device': <ball_device.bd_vuk>}
2024-02-02 10:36:52,409 : INFO : ball_device.bd_vuk : State: waiting_for_target_ready
2024-02-02 10:36:52,409 : INFO : EventManager : Event: ======'balldevice_bd_vuk_ball_eject_attempt'====== Args={'balls': 1, 'target': <playfield.playfield>, 'source': <ball_device.bd_vuk>, 'mechanical_eject': False, 'num_attempts': 0}
2024-02-02 10:36:52,409 : INFO : ball_device.bd_vuk : State: ejecting
2024-02-02 10:36:52,410 : INFO : ball_device.bd_vuk : Ejecting ball to <playfield.playfield>
2024-02-02 10:36:52,410 : INFO : EventManager : Event: ======'balldevice_bd_vuk_ejecting_ball'====== Args={'balls': 1, 'target': <playfield.playfield>, 'source': <ball_device.bd_vuk>, 'mechanical_eject': False, 'num_attempts': 0}
2024-02-02 10:36:52,410 : INFO : ball_device.bd_vuk : Wait for ball to leave device
2024-02-02 10:36:52,410 : INFO : coil.c_vuk : Pulsing Driver for 10ms (1.0 pulse_power)
2024-02-02 10:36:52,438 : INFO : SwitchController : <<<<<<< 's_vuk' inactive >>>>>>>
2024-02-02 10:36:52,441 : INFO : SwitchController : <<<<<<< 's_vuk' active >>>>>>>
2024-02-02 10:36:52,443 : INFO : ball_device.bd_vuk : State: ball_left
2024-02-02 10:36:52,444 : INFO : ball_device.bd_vuk : Ball left
2024-02-02 10:36:52,444 : INFO : ball_device.bd_vuk : Wait for confirm with timeout 2.0
2024-02-02 10:36:52,484 : INFO : SwitchController : <<<<<<< 's_vuk' inactive >>>>>>>
2024-02-02 10:36:53,139 : INFO : SwitchController : <<<<<<< 's_sling_l' active >>>>>>>
2024-02-02 10:36:53,139 : INFO : EventManager : Event: ======'playfield_active'====== Args={}
2024-02-02 10:36:53,139 : INFO : SwitchController : <<<<<<< 's_sling_l' inactive >>>>>>>
2024-02-02 10:36:53,141 : INFO : ball_device.bd_vuk : Got eject confirm
2024-02-02 10:36:53,141 : INFO : ball_device.bd_vuk : Eject successful
2024-02-02 10:36:53,141 : INFO : EventManager : Event: ======'balldevice_bd_vuk_ball_eject_success'====== Args={'balls': 1, 'target': <playfield.playfield>}
2024-02-02 10:36:53,141 : INFO : EventManager : Event: ======'balldevice_playfield_ball_enter'====== Args={'new_balls': 1, 'unclaimed_balls': 1, 'device': <playfield.playfield>}
2024-02-02 10:36:53,141 : INFO : EventManager : Event: ======'playfield_ball_count_change'====== Args={'balls': 1, 'change': 1}
2024-02-02 10:36:53,141 : INFO : EventManager : Event: ======'balldevice_bd_vuk_ball_count_changed'====== Args={'balls': 0}
2024-02-02 10:36:53,141 : INFO : ball_device.bd_vuk : State: idle
2024-02-02 10:36:53,670 : INFO : SwitchController : <<<<<<< 's_flipper_r' active >>>>>>>
2024-02-02 10:36:53,717 : INFO : SwitchController : <<<<<<< 's_flipper_r' inactive >>>>>>>
2024-02-02 10:36:54,108 : INFO : SwitchController : <<<<<<< 's_flipper_r' active >>>>>>>
2024-02-02 10:36:54,344 : INFO : SwitchController : <<<<<<< 's_stationary_l' active >>>>>>>
2024-02-02 10:36:54,344 : INFO : EventManager : Event: ======'sw_playfield_active'====== Args={}
2024-02-02 10:36:54,344 : INFO : SwitchController : <<<<<<< 's_stationary_l' inactive >>>>>>>
2024-02-02 10:36:54,360 : INFO : SwitchController : <<<<<<< 's_flipper_r' inactive >>>>>>>
2024-02-02 10:36:54,936 : INFO : SwitchController : <<<<<<< 's_sling_r' active >>>>>>>
2024-02-02 10:36:54,954 : INFO : SwitchController : <<<<<<< 's_sling_r' inactive >>>>>>>
2024-02-02 10:36:55,831 : INFO : SwitchController : <<<<<<< 's_flipper_l' active >>>>>>>
2024-02-02 10:36:56,287 : INFO : SwitchController : <<<<<<< 's_flipper_l' inactive >>>>>>>
2024-02-02 10:36:57,007 : INFO : SwitchController : <<<<<<< 's_trough_1' active >>>>>>>
2024-02-02 10:36:57,100 : INFO : SwitchController : <<<<<<< 's_trough_1' inactive >>>>>>>
2024-02-02 10:36:57,119 : INFO : SwitchController : <<<<<<< 's_trough_2' active >>>>>>>
2024-02-02 10:36:57,179 : INFO : SwitchController : <<<<<<< 's_trough_2' inactive >>>>>>>
2024-02-02 10:36:57,197 : INFO : SwitchController : <<<<<<< 's_trough_3' active >>>>>>>
2024-02-02 10:36:57,275 : INFO : SwitchController : <<<<<<< 's_trough_3' inactive >>>>>>>
2024-02-02 10:36:57,275 : INFO : SwitchController : <<<<<<< 's_trough_4' active >>>>>>>
2024-02-02 10:36:57,772 : INFO : EventManager : Event: ======'balldevice_bd_trough_ball_count_changed'====== Args={'balls': 1}
2024-02-02 10:36:57,772 : INFO : ball_device.bd_trough : Received unexpected ball
2024-02-02 10:36:57,772 : INFO : EventManager : Event: ======'balldevice_captured_from_playfield'====== Args={'balls': 1}
2024-02-02 10:36:57,772 : INFO : EventManager : Event: ======'sw_playfield_active'====== Args={'balls': 1}
2024-02-02 10:36:57,772 : INFO : EventManager : Event: ======'playfield_ball_count_change'====== Args={'balls': 0, 'change': -1}
2024-02-02 10:36:57,773 : INFO : EventManager : Event: ======'balldevice_bd_trough_ball_enter'====== Args={'new_balls': 1, 'unclaimed_balls': 1, 'new_available_balls': 1, 'device': <ball_device.bd_trough>}
2024-02-02 10:36:57,773 : INFO : ball_device.bd_trough : Ejecting 1 unexpected balls using path deque([<ball_device.bd_trough>, <playfield.playfield>])
2024-02-02 10:36:57,773 : INFO : EventManager : Event: ======'balldevice_balls_available'====== Args={}
2024-02-02 10:36:57,773 : INFO : EventManager : Event: ======'balldevice_balls_available'====== Args={}
2024-02-02 10:36:57,773 : INFO : EventManager : Event: ======'balldevice_bd_trough_ball_entered'====== Args={'new_balls': 1, 'device': <ball_device.bd_trough>}
2024-02-02 10:36:57,774 : INFO : ball_device.bd_trough : State: waiting_for_target_ready
2024-02-02 10:36:57,774 : INFO : EventManager : Event: ======'balldevice_bd_trough_ball_eject_attempt'====== Args={'balls': 1, 'target': <playfield.playfield>, 'source': <ball_device.bd_trough>, 'mechanical_eject': False, 'num_attempts': 0}
2024-02-02 10:36:57,774 : INFO : ball_device.bd_trough : State: ejecting
2024-02-02 10:36:57,774 : INFO : ball_device.bd_trough : Ejecting ball to <playfield.playfield>
2024-02-02 10:36:57,774 : INFO : EventManager : Event: ======'balldevice_bd_trough_ejecting_ball'====== Args={'balls': 1, 'target': <playfield.playfield>, 'source': <ball_device.bd_trough>, 'mechanical_eject': False, 'num_attempts': 0}
2024-02-02 10:36:57,775 : INFO : ball_device.bd_trough : Wait for ball to leave device
2024-02-02 10:36:57,775 : INFO : coil.c_trough : Pulsing Driver for 50ms (1.0 pulse_power)
2024-02-02 10:36:57,866 : INFO : SwitchController : <<<<<<< 's_trough_4' inactive >>>>>>>
2024-02-02 10:36:57,869 : INFO : ball_device.bd_trough : State: ball_left
2024-02-02 10:36:57,869 : INFO : ball_device.bd_trough : Ball left
2024-02-02 10:36:57,869 : INFO : ball_device.bd_trough : Wait for confirm with timeout 10.0
2024-02-02 10:36:58,349 : INFO : SwitchController : <<<<<<< 's_stationary_l' active >>>>>>>
2024-02-02 10:36:58,349 : INFO : EventManager : Event: ======'sw_playfield_active'====== Args={}
2024-02-02 10:36:58,349 : INFO : SwitchController : <<<<<<< 's_stationary_l' inactive >>>>>>>
2024-02-02 10:36:58,349 : INFO : EventManager : Event: ======'playfield_active'====== Args={}
2024-02-02 10:36:58,351 : INFO : ball_device.bd_trough : Got eject confirm
2024-02-02 10:36:58,351 : INFO : ball_device.bd_trough : Eject successful
2024-02-02 10:36:58,351 : INFO : EventManager : Event: ======'balldevice_bd_trough_ball_eject_success'====== Args={'balls': 1, 'target': <playfield.playfield>}
2024-02-02 10:36:58,351 : INFO : EventManager : Event: ======'balldevice_playfield_ball_enter'====== Args={'new_balls': 1, 'unclaimed_balls': 1, 'device': <playfield.playfield>}
2024-02-02 10:36:58,351 : INFO : EventManager : Event: ======'playfield_ball_count_change'====== Args={'balls': 1, 'change': 1}
2024-02-02 10:36:58,351 : INFO : EventManager : Event: ======'balldevice_bd_trough_ball_count_changed'====== Args={'balls': 0}
2024-02-02 10:36:58,351 : INFO : ball_device.bd_trough : State: idle
2024-02-02 10:36:58,786 : INFO : SwitchController : <<<<<<< 's_flipper_l' active >>>>>>>
2024-02-02 10:36:59,083 : INFO : SwitchController : <<<<<<< 's_flipper_l' inactive >>>>>>>
2024-02-02 10:36:59,711 : INFO : SwitchController : <<<<<<< 's_trough_1' active >>>>>>>
2024-02-02 10:36:59,805 : INFO : SwitchController : <<<<<<< 's_trough_1' inactive >>>>>>>
2024-02-02 10:36:59,823 : INFO : SwitchController : <<<<<<< 's_trough_2' active >>>>>>>
2024-02-02 10:36:59,883 : INFO : SwitchController : <<<<<<< 's_trough_2' inactive >>>>>>>
2024-02-02 10:36:59,914 : INFO : SwitchController : <<<<<<< 's_trough_3' active >>>>>>>
2024-02-02 10:36:59,977 : INFO : SwitchController : <<<<<<< 's_trough_3' inactive >>>>>>>
2024-02-02 10:36:59,977 : INFO : SwitchController : <<<<<<< 's_trough_4' active >>>>>>>
2024-02-02 10:37:00,477 : INFO : EventManager : Event: ======'balldevice_bd_trough_ball_count_changed'====== Args={'balls': 1}
2024-02-02 10:37:00,477 : INFO : ball_device.bd_trough : Received unexpected ball
2024-02-02 10:37:00,477 : INFO : EventManager : Event: ======'balldevice_captured_from_playfield'====== Args={'balls': 1}
2024-02-02 10:37:00,478 : INFO : EventManager : Event: ======'sw_playfield_active'====== Args={'balls': 1}
2024-02-02 10:37:00,478 : INFO : EventManager : Event: ======'playfield_ball_count_change'====== Args={'balls': 0, 'change': -1}
2024-02-02 10:37:00,478 : INFO : EventManager : Event: ======'balldevice_bd_trough_ball_enter'====== Args={'new_balls': 1, 'unclaimed_balls': 1, 'new_available_balls': 1, 'device': <ball_device.bd_trough>}
2024-02-02 10:37:00,478 : INFO : ball_device.bd_trough : Ejecting 1 unexpected balls using path deque([<ball_device.bd_trough>, <playfield.playfield>])
2024-02-02 10:37:00,478 : INFO : EventManager : Event: ======'balldevice_balls_available'====== Args={}
2024-02-02 10:37:00,478 : INFO : EventManager : Event: ======'balldevice_balls_available'====== Args={}
2024-02-02 10:37:00,478 : INFO : EventManager : Event: ======'balldevice_bd_trough_ball_entered'====== Args={'new_balls': 1, 'device': <ball_device.bd_trough>}
2024-02-02 10:37:00,479 : INFO : ball_device.bd_trough : State: waiting_for_target_ready
2024-02-02 10:37:00,479 : INFO : EventManager : Event: ======'balldevice_bd_trough_ball_eject_attempt'====== Args={'balls': 1, 'target': <playfield.playfield>, 'source': <ball_device.bd_trough>, 'mechanical_eject': False, 'num_attempts': 0}
2024-02-02 10:37:00,479 : INFO : ball_device.bd_trough : State: ejecting
2024-02-02 10:37:00,479 : INFO : ball_device.bd_trough : Ejecting ball to <playfield.playfield>
2024-02-02 10:37:00,479 : INFO : EventManager : Event: ======'balldevice_bd_trough_ejecting_ball'====== Args={'balls': 1, 'target': <playfield.playfield>, 'source': <ball_device.bd_trough>, 'mechanical_eject': False, 'num_attempts': 0}
2024-02-02 10:37:00,480 : INFO : ball_device.bd_trough : Wait for ball to leave device
2024-02-02 10:37:00,480 : INFO : coil.c_trough : Pulsing Driver for 50ms (1.0 pulse_power)
2024-02-02 10:37:00,570 : INFO : SwitchController : <<<<<<< 's_trough_4' inactive >>>>>>>
2024-02-02 10:37:00,573 : INFO : ball_device.bd_trough : State: ball_left
2024-02-02 10:37:00,573 : INFO : ball_device.bd_trough : Ball left
2024-02-02 10:37:00,573 : INFO : ball_device.bd_trough : Wait for confirm with timeout 10.0
2024-02-02 10:37:02,027 : INFO : SwitchController : <<<<<<< 's_flipper_r' active >>>>>>>
2024-02-02 10:37:02,198 : INFO : SwitchController : <<<<<<< 's_flipper_l' active >>>>>>>
2024-02-02 10:37:02,198 : INFO : EventManager : Event: ======'flipper_cancel'====== Args={'triggering_group': 1, 'triggering_switch': 's_flipper_l'}
2024-02-02 10:37:02,271 : INFO : SwitchController : <<<<<<< 's_flipper_r' inactive >>>>>>>
2024-02-02 10:37:02,271 : INFO : EventManager : Event: ======'both_flippers_one'====== Args={'triggering_group': 2, 'triggering_switch': 's_flipper_r'}
2024-02-02 10:37:02,447 : INFO : SwitchController : <<<<<<< 's_flipper_l' inactive >>>>>>>
2024-02-02 10:37:02,447 : INFO : EventManager : Event: ======'both_flippers_inactive'====== Args={'triggering_group': 1, 'triggering_switch': 's_flipper_l'}
2024-02-02 10:37:02,589 : INFO : SwitchController : <<<<<<< 's_trough_1' active >>>>>>>
2024-02-02 10:37:02,681 : INFO : SwitchController : <<<<<<< 's_trough_1' inactive >>>>>>>
2024-02-02 10:37:02,699 : INFO : SwitchController : <<<<<<< 's_trough_2' active >>>>>>>
2024-02-02 10:37:02,776 : INFO : SwitchController : <<<<<<< 's_trough_2' inactive >>>>>>>
2024-02-02 10:37:02,793 : INFO : SwitchController : <<<<<<< 's_trough_3' active >>>>>>>
2024-02-02 10:37:02,853 : INFO : SwitchController : <<<<<<< 's_trough_3' inactive >>>>>>>
2024-02-02 10:37:02,871 : INFO : SwitchController : <<<<<<< 's_trough_4' active >>>>>>>
2024-02-02 10:37:08,796 : INFO : Machine : Shutting down...
2024-02-02 10:37:08,796 : INFO : EventManager : Event: ======'shutdown'====== Args={}
2024-02-02 10:37:08,911 : INFO : root : MPF run loop ended.
