2024-02-02 10:44:43,959 : INFO : root : Loading config.
2024-02-02 10:44:43,963 : INFO : YamlMultifileConfigLoader : Machine config file #1: config.yaml
2024-02-02 10:44:43,963 : INFO : ConfigProcessor : Loading config from cache: C:\Users\Tanner\AppData\Local\Temp\ae594c12e5b61ed7124eed45950049a7.mpf_cache
2024-02-02 10:44:44,039 : INFO : ConfigProcessor : Loading config from cache: C:\Users\Tanner\AppData\Local\Temp\165ae565642a148ddd3c4976ade4dd88.mpf_cache
2024-02-02 10:44:44,040 : INFO : ConfigProcessor : Loading config from cache: C:\Users\Tanner\AppData\Local\Temp\dfbe1b39ae456f06de73c859384050b2.mpf_cache
2024-02-02 10:44:44,041 : INFO : Machine : Mission Pinball Framework Core Engine v0.57.0.dev33
2024-02-02 10:44:44,041 : INFO : Machine : Command line arguments: {'no_load_cache': False, 'create_config_cache': True, 'bcp': False, 'configfile': ['config.yaml'], 'force_assets_load': False, 'jsonlogging': False, 'logfile': 'logs\\2024-02-02-10-44-43-mpf-DESKTOP-7HNFDQ5.log', 'pause': False, 'production': False, 'text_ui': True, 'loglevel': 15, 'consoleloglevel': 20, 'force_platform': None, 'syslog_address': None, 'mc_file_name': None, 'no_sound': False}
2024-02-02 10:44:44,041 : INFO : Machine : MPF path: C:\Users\Tanner\AppData\Local\Packages\PythonSoftwareFoundation.Python.3.11_qbz5n2kfra8p0\LocalCache\local-packages\Python311\site-packages\mpf
2024-02-02 10:44:44,041 : INFO : Machine : Machine path: c:\lofab
2024-02-02 10:44:44,041 : INFO : Machine : Platform: win32
2024-02-02 10:44:44,041 : INFO : Machine : Python executable location: C:\Users\Tanner\AppData\Local\Microsoft\WindowsApps\PythonSoftwareFoundation.Python.3.11_qbz5n2kfra8p0\python.exe
2024-02-02 10:44:44,041 : INFO : Machine : Python version: 3.11.7 (64-bit)
2024-02-02 10:44:44,043 : INFO : Machine : Initializing MPF...
2024-02-02 10:44:44,279 : INFO : [NET] : Trying to connect to com9 at 921600bps
2024-02-02 10:44:44,357 : INFO : [NET] : Connected to com9 at 921600bps
2024-02-02 10:44:44,366 : INFO : [NET] : Connected to FP-CPU-2000 with firmware v02.13
2024-02-02 10:44:44,397 : INFO : [NET] : Registered I/O Board 0: Model: FP-I/O-0804, Firmware: 01.10, Switches: 8, Drivers: 4
2024-02-02 10:44:44,412 : INFO : [NET] : Registered I/O Board 1: Model: FP-I/O-0804, Firmware: 01.09, Switches: 8, Drivers: 4
2024-02-02 10:44:44,428 : INFO : [NET] : Registered I/O Board 2: Model: FP-I/O-3208, Firmware: 01.10, Switches: 32, Drivers: 8
2024-02-02 10:44:44,429 : INFO : [EXP] : Trying to connect to com10 at 921600bps
2024-02-02 10:44:44,506 : INFO : [EXP] : Connected to com10 at 921600bps
2024-02-02 10:44:44,519 : INFO : [EXP] : Verifying hardware for EXP "pf" (FP-EXP-0081, @84) with ID string "EXP FP-EXP-0081  0.12", board address 84
2024-02-02 10:44:44,535 : INFO : [EXP] : Verifying hardware for EXP "pf" (FP-EXP-0081, @84) with ID string "BRK FP-EXP-0081  0.12", board address 840
2024-02-02 10:44:44,551 : INFO : [EXP] : Verifying hardware for EXP "pf" (FP-EXP-0081, @84) with ID string "BRK FP-EXP-0081  0.12", board address 841
2024-02-02 10:44:44,567 : INFO : EventManager : Event: ======'machine_var_credits_string'====== Args={'value': 'FREE PLAY', 'prev_value': None, 'change': True}
2024-02-02 10:44:44,582 : INFO : EventManager : Event: ======'machine_var_master_volume'====== Args={'value': 0.5, 'prev_value': None, 'change': True}
2024-02-02 10:44:44,582 : INFO : EventManager : Event: ======'machine_var_player1_score'====== Args={'value': 0, 'prev_value': None, 'change': True}
2024-02-02 10:44:44,582 : INFO : EventManager : Event: ======'machine_var_mpf_version'====== Args={'value': 'Mission Pinball Framework v0.57.0.dev33', 'prev_value': None, 'change': True}
2024-02-02 10:44:44,582 : INFO : EventManager : Event: ======'machine_var_mpf_extended_version'====== Args={'value': 'Mission Pinball Framework v0.57.0.dev33, Config version:6, Show version: 6, BCP version:1.1', 'prev_value': None, 'change': True}
2024-02-02 10:44:44,582 : INFO : EventManager : Event: ======'machine_var_python_version'====== Args={'value': '3.11.7', 'prev_value': None, 'change': True}
2024-02-02 10:44:44,591 : INFO : EventManager : Event: ======'machine_var_platform'====== Args={'value': 'Windows-10-10.0.19045-SP0', 'prev_value': None, 'change': True}
2024-02-02 10:44:44,591 : INFO : EventManager : Event: ======'machine_var_platform_system'====== Args={'value': 'Windows', 'prev_value': None, 'change': True}
2024-02-02 10:44:44,591 : INFO : EventManager : Event: ======'machine_var_platform_release'====== Args={'value': '10', 'prev_value': None, 'change': True}
2024-02-02 10:44:44,591 : INFO : EventManager : Event: ======'machine_var_platform_version'====== Args={'value': '10.0.19045', 'prev_value': None, 'change': True}
2024-02-02 10:44:44,591 : INFO : EventManager : Event: ======'machine_var_platform_machine'====== Args={'value': 'AMD64', 'prev_value': None, 'change': True}
2024-02-02 10:44:44,591 : INFO : EventManager : Event: ======'init_phase_1'====== Args={}
2024-02-02 10:44:47,085 : INFO : SwitchController : <<<<<<< 's_trough_4' active >>>>>>>
2024-02-02 10:44:47,117 : INFO : EventManager : Event: ======'init_phase_2'====== Args={}
2024-02-02 10:44:47,117 : INFO : SwitchController : Found active switch: (19, [FAST Platform Interface]) <switch.s_trough_4>
2024-02-02 10:44:47,119 : INFO : ball_device.bd_vuk : BCH: Initial count: 0
2024-02-02 10:44:47,120 : INFO : ball_device.bd_vuk : State: idle
2024-02-02 10:44:47,584 : INFO : ball_device.bd_trough : BCH: Initial count: 1
2024-02-02 10:44:47,584 : INFO : ball_device.bd_trough : State: idle
2024-02-02 10:44:47,592 : INFO : EventManager : Event: ======'init_phase_3'====== Args={}
2024-02-02 10:44:47,594 : INFO : EventManager : Event: ======'init_phase_4'====== Args={}
2024-02-02 10:44:47,594 : INFO : BallController : Initial balls found: 1
2024-02-02 10:44:47,595 : INFO : EventManager : Event: ======'machine_var_audits_events_game_ended'====== Args={'value': 44, 'prev_value': None, 'change': True}
2024-02-02 10:44:47,595 : INFO : EventManager : Event: ======'machine_var_audits_events_game_started'====== Args={'value': 116, 'prev_value': None, 'change': True}
2024-02-02 10:44:47,595 : INFO : EventManager : Event: ======'machine_var_audits_player_score'====== Args={'value': {'average': 0.0, 'top': [0, 0, 0, 0, 0, 0, 0, 0, 0, 0], 'total': 44}, 'prev_value': None, 'change': True}
2024-02-02 10:44:47,595 : INFO : EventManager : Event: ======'machine_var_audits_switches_s_autolauncher'====== Args={'value': 422, 'prev_value': None, 'change': True}
2024-02-02 10:44:47,596 : INFO : EventManager : Event: ======'machine_var_audits_switches_s_b_eos'====== Args={'value': 2450, 'prev_value': None, 'change': True}
2024-02-02 10:44:47,596 : INFO : EventManager : Event: ======'machine_var_audits_switches_s_b_pop'====== Args={'value': 446, 'prev_value': None, 'change': True}
2024-02-02 10:44:47,596 : INFO : EventManager : Event: ======'machine_var_audits_switches_s_b_rollover_interchange'====== Args={'value': 10, 'prev_value': None, 'change': True}
2024-02-02 10:44:47,596 : INFO : EventManager : Event: ======'machine_var_audits_switches_s_b_rollover_loop'====== Args={'value': 24, 'prev_value': None, 'change': True}
2024-02-02 10:44:47,596 : INFO : EventManager : Event: ======'machine_var_audits_switches_s_b_rollover_misc'====== Args={'value': 33, 'prev_value': None, 'change': True}
2024-02-02 10:44:47,596 : INFO : EventManager : Event: ======'machine_var_audits_switches_s_b_target_left'====== Args={'value': 21, 'prev_value': None, 'change': True}
2024-02-02 10:44:47,596 : INFO : EventManager : Event: ======'machine_var_audits_switches_s_b_target_right'====== Args={'value': 39, 'prev_value': None, 'change': True}
2024-02-02 10:44:47,596 : INFO : EventManager : Event: ======'machine_var_audits_switches_s_drop_mid_center'====== Args={'value': 113, 'prev_value': None, 'change': True}
2024-02-02 10:44:47,596 : INFO : EventManager : Event: ======'machine_var_audits_switches_s_drop_mid_left'====== Args={'value': 76, 'prev_value': None, 'change': True}
2024-02-02 10:44:47,596 : INFO : EventManager : Event: ======'machine_var_audits_switches_s_drop_mid_right'====== Args={'value': 96, 'prev_value': None, 'change': True}
2024-02-02 10:44:47,596 : INFO : EventManager : Event: ======'machine_var_audits_switches_s_drop_right_left'====== Args={'value': 32, 'prev_value': None, 'change': True}
2024-02-02 10:44:47,596 : INFO : EventManager : Event: ======'machine_var_audits_switches_s_drop_right_right'====== Args={'value': 32, 'prev_value': None, 'change': True}
2024-02-02 10:44:47,597 : INFO : EventManager : Event: ======'machine_var_audits_switches_s_drop_scoop'====== Args={'value': 0, 'prev_value': None, 'change': True}
2024-02-02 10:44:47,597 : INFO : EventManager : Event: ======'machine_var_audits_switches_s_drop_single'====== Args={'value': 24, 'prev_value': None, 'change': True}
2024-02-02 10:44:47,597 : INFO : EventManager : Event: ======'machine_var_audits_switches_s_flip_left_eos'====== Args={'value': 25095, 'prev_value': None, 'change': True}
2024-02-02 10:44:47,597 : INFO : EventManager : Event: ======'machine_var_audits_switches_s_flip_left_top_eos'====== Args={'value': 1729, 'prev_value': None, 'change': True}
2024-02-02 10:44:47,597 : INFO : EventManager : Event: ======'machine_var_audits_switches_s_flip_right_eos'====== Args={'value': 2110, 'prev_value': None, 'change': True}
2024-02-02 10:44:47,597 : INFO : EventManager : Event: ======'machine_var_audits_switches_s_inlane_left'====== Args={'value': 31, 'prev_value': None, 'change': True}
2024-02-02 10:44:47,597 : INFO : EventManager : Event: ======'machine_var_audits_switches_s_inlane_right'====== Args={'value': 59, 'prev_value': None, 'change': True}
2024-02-02 10:44:47,597 : INFO : EventManager : Event: ======'machine_var_audits_switches_s_l_rollover'====== Args={'value': 9, 'prev_value': None, 'change': True}
2024-02-02 10:44:47,597 : INFO : EventManager : Event: ======'machine_var_audits_switches_s_l_target_far'====== Args={'value': 9, 'prev_value': None, 'change': True}
2024-02-02 10:44:47,597 : INFO : EventManager : Event: ======'machine_var_audits_switches_s_l_target_large'====== Args={'value': 9, 'prev_value': None, 'change': True}
2024-02-02 10:44:47,598 : INFO : EventManager : Event: ======'machine_var_audits_switches_s_l_target_left'====== Args={'value': 10, 'prev_value': None, 'change': True}
2024-02-02 10:44:47,598 : INFO : EventManager : Event: ======'machine_var_audits_switches_s_l_target_right'====== Args={'value': 9, 'prev_value': None, 'change': True}
2024-02-02 10:44:47,598 : INFO : EventManager : Event: ======'machine_var_audits_switches_s_l_vuk'====== Args={'value': 9, 'prev_value': None, 'change': True}
2024-02-02 10:44:47,598 : INFO : EventManager : Event: ======'machine_var_audits_switches_s_launch'====== Args={'value': 460, 'prev_value': None, 'change': True}
2024-02-02 10:44:47,598 : INFO : EventManager : Event: ======'machine_var_audits_switches_s_left_flipper_1'====== Args={'value': 1947, 'prev_value': None, 'change': True}
2024-02-02 10:44:47,598 : INFO : EventManager : Event: ======'machine_var_audits_switches_s_left_flipper_2'====== Args={'value': 651, 'prev_value': None, 'change': True}
2024-02-02 10:44:47,598 : INFO : EventManager : Event: ======'machine_var_audits_switches_s_lock_1'====== Args={'value': 1, 'prev_value': None, 'change': True}
2024-02-02 10:44:47,598 : INFO : EventManager : Event: ======'machine_var_audits_switches_s_lock_2'====== Args={'value': 1, 'prev_value': None, 'change': True}
2024-02-02 10:44:47,598 : INFO : EventManager : Event: ======'machine_var_audits_switches_s_lock_3'====== Args={'value': 1, 'prev_value': None, 'change': True}
2024-02-02 10:44:47,599 : INFO : EventManager : Event: ======'machine_var_audits_switches_s_outlane_left'====== Args={'value': 12, 'prev_value': None, 'change': True}
2024-02-02 10:44:47,599 : INFO : EventManager : Event: ======'machine_var_audits_switches_s_outlane_right'====== Args={'value': 28, 'prev_value': None, 'change': True}
2024-02-02 10:44:47,599 : INFO : EventManager : Event: ======'machine_var_audits_switches_s_pop_left'====== Args={'value': 152, 'prev_value': None, 'change': True}
2024-02-02 10:44:47,599 : INFO : EventManager : Event: ======'machine_var_audits_switches_s_pop_lower'====== Args={'value': 560, 'prev_value': None, 'change': True}
2024-02-02 10:44:47,599 : INFO : EventManager : Event: ======'machine_var_audits_switches_s_pop_right'====== Args={'value': 2348, 'prev_value': None, 'change': True}
2024-02-02 10:44:47,599 : INFO : EventManager : Event: ======'machine_var_audits_switches_s_right_flipper_1'====== Args={'value': 3494, 'prev_value': None, 'change': True}
2024-02-02 10:44:47,599 : INFO : EventManager : Event: ======'machine_var_audits_switches_s_right_flipper_2'====== Args={'value': 3304, 'prev_value': None, 'change': True}
2024-02-02 10:44:47,599 : INFO : EventManager : Event: ======'machine_var_audits_switches_s_rollover_left'====== Args={'value': 84, 'prev_value': None, 'change': True}
2024-02-02 10:44:47,600 : INFO : EventManager : Event: ======'machine_var_audits_switches_s_rollover_right'====== Args={'value': 488, 'prev_value': None, 'change': True}
2024-02-02 10:44:47,600 : INFO : EventManager : Event: ======'machine_var_audits_switches_s_sling_left'====== Args={'value': 159, 'prev_value': None, 'change': True}
2024-02-02 10:44:47,600 : INFO : EventManager : Event: ======'machine_var_audits_switches_s_sling_right'====== Args={'value': 237, 'prev_value': None, 'change': True}
2024-02-02 10:44:47,600 : INFO : EventManager : Event: ======'machine_var_audits_switches_s_start'====== Args={'value': 113, 'prev_value': None, 'change': True}
2024-02-02 10:44:47,600 : INFO : EventManager : Event: ======'machine_var_audits_switches_s_tilt'====== Args={'value': 2735, 'prev_value': None, 'change': True}
2024-02-02 10:44:47,600 : INFO : EventManager : Event: ======'machine_var_audits_switches_s_trough_1'====== Args={'value': 0, 'prev_value': None, 'change': True}
2024-02-02 10:44:47,601 : INFO : EventManager : Event: ======'machine_var_audits_switches_s_trough_2'====== Args={'value': 440, 'prev_value': None, 'change': True}
2024-02-02 10:44:47,601 : INFO : EventManager : Event: ======'machine_var_audits_switches_s_trough_3'====== Args={'value': 394, 'prev_value': None, 'change': True}
2024-02-02 10:44:47,601 : INFO : EventManager : Event: ======'machine_var_audits_switches_s_trough_4'====== Args={'value': 396, 'prev_value': None, 'change': True}
2024-02-02 10:44:47,601 : INFO : EventManager : Event: ======'machine_var_audits_switches_s_trough_5'====== Args={'value': 284, 'prev_value': None, 'change': True}
2024-02-02 10:44:47,601 : INFO : EventManager : Event: ======'machine_var_audits_switches_s_trough_6'====== Args={'value': 277, 'prev_value': None, 'change': True}
2024-02-02 10:44:47,601 : INFO : EventManager : Event: ======'machine_var_audits_switches_s_trough_jam'====== Args={'value': 344, 'prev_value': None, 'change': True}
2024-02-02 10:44:47,601 : INFO : EventManager : Event: ======'machine_var_audits_switches_s_u_lane_l'====== Args={'value': 15, 'prev_value': None, 'change': True}
2024-02-02 10:44:47,602 : INFO : EventManager : Event: ======'machine_var_audits_switches_s_u_lane_r'====== Args={'value': 20, 'prev_value': None, 'change': True}
2024-02-02 10:44:47,602 : INFO : EventManager : Event: ======'machine_var_audits_switches_s_u_rollover'====== Args={'value': 10, 'prev_value': None, 'change': True}
2024-02-02 10:44:47,602 : INFO : EventManager : Event: ======'machine_var_audits_switches_s_u_target'====== Args={'value': 8, 'prev_value': None, 'change': True}
2024-02-02 10:44:47,602 : INFO : EventManager : Event: ======'machine_var_audits_switches_s_vuk_back'====== Args={'value': 489, 'prev_value': None, 'change': True}
2024-02-02 10:44:47,602 : INFO : EventManager : Event: ======'machine_var_audits_switches_s_vuk_right'====== Args={'value': 1, 'prev_value': None, 'change': True}
2024-02-02 10:44:47,602 : INFO : EventManager : Event: ======'machine_var_audits_switches_s_flipper_l'====== Args={'value': 0, 'prev_value': None, 'change': True}
2024-02-02 10:44:47,603 : INFO : EventManager : Event: ======'machine_var_audits_switches_s_flipper_r'====== Args={'value': 0, 'prev_value': None, 'change': True}
2024-02-02 10:44:47,603 : INFO : EventManager : Event: ======'machine_var_audits_switches_s_sling_l'====== Args={'value': 0, 'prev_value': None, 'change': True}
2024-02-02 10:44:47,603 : INFO : EventManager : Event: ======'machine_var_audits_switches_s_stationary_l'====== Args={'value': 0, 'prev_value': None, 'change': True}
2024-02-02 10:44:47,603 : INFO : EventManager : Event: ======'machine_var_audits_switches_s_9'====== Args={'value': 0, 'prev_value': None, 'change': True}
2024-02-02 10:44:47,603 : INFO : EventManager : Event: ======'machine_var_audits_switches_s_pop'====== Args={'value': 0, 'prev_value': None, 'change': True}
2024-02-02 10:44:47,603 : INFO : EventManager : Event: ======'machine_var_audits_switches_s_stationary_right'====== Args={'value': 0, 'prev_value': None, 'change': True}
2024-02-02 10:44:47,604 : INFO : EventManager : Event: ======'machine_var_audits_switches_s_stationary_back'====== Args={'value': 0, 'prev_value': None, 'change': True}
2024-02-02 10:44:47,604 : INFO : EventManager : Event: ======'machine_var_audits_switches_s_sling_r'====== Args={'value': 0, 'prev_value': None, 'change': True}
2024-02-02 10:44:47,604 : INFO : EventManager : Event: ======'machine_var_audits_switches_s_vuk'====== Args={'value': 0, 'prev_value': None, 'change': True}
2024-02-02 10:44:47,604 : INFO : EventManager : Event: ======'init_phase_5'====== Args={}
2024-02-02 10:44:47,629 : INFO : EventManager : Event: ======'init_done'====== Args={}
2024-02-02 10:44:47,629 : INFO : EventManager : Event: ======'machine_reset_phase_1'====== Args={}
2024-02-02 10:44:47,630 : INFO : EventManager : Event: ======'machine_reset_phase_2'====== Args={}
2024-02-02 10:44:47,630 : INFO : EventManager : Event: ======'machine_reset_phase_3'====== Args={}
2024-02-02 10:44:47,632 : INFO : EventManager : Event: ======'reset_complete'====== Args={}
2024-02-02 10:44:47,632 : INFO : EventManager : Event: ======'mode_attract_will_start'====== Args={}
2024-02-02 10:44:47,632 : INFO : EventManager : Event: ======'mode_attract_starting'====== Args={}
2024-02-02 10:44:47,632 : INFO : Mode.attract : Started. Priority: 10
2024-02-02 10:44:47,632 : INFO : EventManager : Event: ======'modes_active_modes_changed'====== Args={}
2024-02-02 10:44:47,632 : INFO : EventManager : Event: ======'mode_attract_started'====== Args={}
2024-02-02 10:44:47,632 : INFO : EventManager : Event: ======'collecting_balls'====== Args={}
2024-02-02 10:44:47,632 : INFO : ball_device.bd_trough : Adding 1 ball(s) to the eject_queue with target <playfield.playfield>.
2024-02-02 10:44:47,632 : INFO : EventManager : Event: ======'balldevice_balls_available'====== Args={}
2024-02-02 10:44:47,651 : INFO : Machine : Starting the main run loop.
2024-02-02 10:44:47,652 : INFO : ball_device.bd_trough : State: waiting_for_target_ready
2024-02-02 10:44:47,652 : INFO : EventManager : Event: ======'balldevice_bd_trough_ball_eject_attempt'====== Args={'balls': 1, 'target': <playfield.playfield>, 'source': <ball_device.bd_trough>, 'mechanical_eject': False, 'num_attempts': 0}
2024-02-02 10:44:47,652 : INFO : ball_device.bd_trough : State: ejecting
2024-02-02 10:44:47,652 : INFO : ball_device.bd_trough : Ejecting ball to <playfield.playfield>
2024-02-02 10:44:47,652 : INFO : EventManager : Event: ======'balldevice_bd_trough_ejecting_ball'====== Args={'balls': 1, 'target': <playfield.playfield>, 'source': <ball_device.bd_trough>, 'mechanical_eject': False, 'num_attempts': 0}
2024-02-02 10:44:47,653 : INFO : ball_device.bd_trough : Wait for ball to leave device
2024-02-02 10:44:47,653 : INFO : coil.c_trough : Pulsing Driver for 13ms (0.95 pulse_power)
2024-02-02 10:44:47,679 : INFO : SwitchController : <<<<<<< 's_trough_4' inactive >>>>>>>
2024-02-02 10:44:47,682 : INFO : SwitchController : <<<<<<< 's_trough_4' active >>>>>>>
2024-02-02 10:44:47,684 : INFO : ball_device.bd_trough : State: ball_left
2024-02-02 10:44:47,684 : INFO : ball_device.bd_trough : Ball left
2024-02-02 10:44:47,684 : INFO : ball_device.bd_trough : Wait for confirm with timeout 10.0
2024-02-02 10:44:47,711 : INFO : SwitchController : <<<<<<< 's_trough_4' inactive >>>>>>>
2024-02-02 10:44:48,283 : INFO : SwitchController : <<<<<<< 's_flipper_l' active >>>>>>>
2024-02-02 10:44:49,570 : INFO : SwitchController : <<<<<<< 's_flipper_l' inactive >>>>>>>
2024-02-02 10:44:50,073 : INFO : SwitchController : <<<<<<< 's_flipper_r' active >>>>>>>
2024-02-02 10:44:50,308 : INFO : SwitchController : <<<<<<< 's_flipper_r' inactive >>>>>>>
2024-02-02 10:44:52,104 : INFO : SwitchController : <<<<<<< 's_flipper_l' active >>>>>>>
2024-02-02 10:44:52,337 : INFO : SwitchController : <<<<<<< 's_flipper_l' inactive >>>>>>>
2024-02-02 10:44:52,416 : INFO : SwitchController : <<<<<<< 's_flipper_r' active >>>>>>>
2024-02-02 10:44:53,186 : INFO : SwitchController : <<<<<<< 's_flipper_r' inactive >>>>>>>
2024-02-02 10:44:53,969 : INFO : SwitchController : <<<<<<< 's_trough_1' active >>>>>>>
2024-02-02 10:44:54,046 : INFO : SwitchController : <<<<<<< 's_trough_1' inactive >>>>>>>
2024-02-02 10:44:54,064 : INFO : SwitchController : <<<<<<< 's_trough_2' active >>>>>>>
2024-02-02 10:44:54,147 : INFO : SwitchController : <<<<<<< 's_trough_2' inactive >>>>>>>
2024-02-02 10:44:54,169 : INFO : SwitchController : <<<<<<< 's_trough_3' active >>>>>>>
2024-02-02 10:44:54,231 : INFO : SwitchController : <<<<<<< 's_trough_3' inactive >>>>>>>
2024-02-02 10:44:54,231 : INFO : SwitchController : <<<<<<< 's_trough_4' active >>>>>>>
2024-02-02 10:44:57,097 : INFO : SwitchController : <<<<<<< 's_flipper_r' active >>>>>>>
2024-02-02 10:44:57,237 : INFO : SwitchController : <<<<<<< 's_flipper_l' active >>>>>>>
2024-02-02 10:44:57,237 : INFO : EventManager : Event: ======'flipper_cancel'====== Args={'triggering_group': 1, 'triggering_switch': 's_flipper_l'}
2024-02-02 10:44:57,316 : INFO : SwitchController : <<<<<<< 's_flipper_r' inactive >>>>>>>
2024-02-02 10:44:57,316 : INFO : EventManager : Event: ======'both_flippers_one'====== Args={'triggering_group': 2, 'triggering_switch': 's_flipper_r'}
2024-02-02 10:44:57,394 : INFO : SwitchController : <<<<<<< 's_flipper_l' inactive >>>>>>>
2024-02-02 10:44:57,394 : INFO : EventManager : Event: ======'both_flippers_inactive'====== Args={'triggering_group': 1, 'triggering_switch': 's_flipper_l'}
2024-02-02 10:44:57,675 : INFO : ball_device.bd_trough : State: failed_confirm
2024-02-02 10:44:57,675 : INFO : ball_device.bd_trough : Got timeout (10.0s) before confirm from <playfield.playfield>
2024-02-02 10:44:57,770 : INFO : ball_device.bd_trough : Got unknown balls. Assuming a ball returned.
2024-02-02 10:44:57,770 : INFO : EventManager : Event: ======'balldevice_bd_trough_ball_eject_failed'====== Args={'target': <playfield.playfield>, 'balls': 1, 'retry': True, 'num_attempts': 1}
2024-02-02 10:44:57,771 : INFO : ball_device.bd_trough : State: waiting_for_target_ready
2024-02-02 10:44:57,771 : INFO : EventManager : Event: ======'balldevice_bd_trough_ball_eject_attempt'====== Args={'balls': 1, 'target': <playfield.playfield>, 'source': <ball_device.bd_trough>, 'mechanical_eject': False, 'num_attempts': 1}
2024-02-02 10:44:57,771 : INFO : ball_device.bd_trough : State: ejecting
2024-02-02 10:44:57,771 : INFO : ball_device.bd_trough : Ejecting ball to <playfield.playfield>
2024-02-02 10:44:57,771 : INFO : EventManager : Event: ======'balldevice_bd_trough_ejecting_ball'====== Args={'balls': 1, 'target': <playfield.playfield>, 'source': <ball_device.bd_trough>, 'mechanical_eject': False, 'num_attempts': 1}
2024-02-02 10:44:57,772 : INFO : ball_device.bd_trough : Wait for ball to leave device
2024-02-02 10:44:57,772 : INFO : coil.c_trough : Pulsing Driver for 13ms (0.95 pulse_power)
2024-02-02 10:44:57,800 : INFO : SwitchController : <<<<<<< 's_trough_4' inactive >>>>>>>
2024-02-02 10:44:57,800 : INFO : SwitchController : <<<<<<< 's_trough_4' active >>>>>>>
2024-02-02 10:44:57,801 : INFO : ball_device.bd_trough : State: ball_left
2024-02-02 10:44:57,802 : INFO : ball_device.bd_trough : Ball left
2024-02-02 10:44:57,802 : INFO : ball_device.bd_trough : Wait for confirm with timeout 10.0
2024-02-02 10:44:57,817 : INFO : SwitchController : <<<<<<< 's_trough_4' inactive >>>>>>>
2024-02-02 10:44:59,233 : INFO : SwitchController : <<<<<<< 's_sling_l' active >>>>>>>
2024-02-02 10:44:59,233 : INFO : EventManager : Event: ======'playfield_active'====== Args={}
2024-02-02 10:44:59,237 : INFO : ball_device.bd_trough : Got eject confirm
2024-02-02 10:44:59,237 : INFO : ball_device.bd_trough : Eject successful
2024-02-02 10:44:59,237 : INFO : EventManager : Event: ======'balldevice_bd_trough_ball_eject_success'====== Args={'balls': 1, 'target': <playfield.playfield>}
2024-02-02 10:44:59,237 : INFO : SwitchController : <<<<<<< 's_sling_l' inactive >>>>>>>
2024-02-02 10:44:59,237 : INFO : EventManager : Event: ======'balldevice_playfield_ball_enter'====== Args={'new_balls': 1, 'unclaimed_balls': 1, 'device': <playfield.playfield>}
2024-02-02 10:44:59,237 : INFO : EventManager : Event: ======'playfield_ball_count_change'====== Args={'balls': 1, 'change': 1}
2024-02-02 10:44:59,240 : INFO : EventManager : Event: ======'balldevice_bd_trough_ball_count_changed'====== Args={'balls': 0}
2024-02-02 10:44:59,240 : INFO : ball_device.bd_trough : State: idle
2024-02-02 10:44:59,452 : INFO : SwitchController : <<<<<<< 's_pop' active >>>>>>>
2024-02-02 10:44:59,469 : INFO : SwitchController : <<<<<<< 's_pop' inactive >>>>>>>
2024-02-02 10:44:59,485 : INFO : SwitchController : <<<<<<< 's_pop' active >>>>>>>
2024-02-02 10:44:59,485 : INFO : SwitchController : <<<<<<< 's_pop' inactive >>>>>>>
2024-02-02 10:44:59,858 : INFO : SwitchController : <<<<<<< 's_sling_l' active >>>>>>>
2024-02-02 10:44:59,858 : INFO : SwitchController : <<<<<<< 's_sling_l' inactive >>>>>>>
2024-02-02 10:45:01,470 : INFO : SwitchController : <<<<<<< 's_flipper_r' active >>>>>>>
2024-02-02 10:45:01,628 : INFO : SwitchController : <<<<<<< 's_flipper_r' inactive >>>>>>>
2024-02-02 10:45:02,367 : INFO : SwitchController : <<<<<<< 's_trough_1' active >>>>>>>
2024-02-02 10:45:02,462 : INFO : SwitchController : <<<<<<< 's_trough_1' inactive >>>>>>>
2024-02-02 10:45:02,493 : INFO : SwitchController : <<<<<<< 's_trough_2' active >>>>>>>
2024-02-02 10:45:02,571 : INFO : SwitchController : <<<<<<< 's_trough_2' inactive >>>>>>>
2024-02-02 10:45:02,589 : INFO : SwitchController : <<<<<<< 's_trough_3' active >>>>>>>
2024-02-02 10:45:02,649 : INFO : SwitchController : <<<<<<< 's_trough_3' inactive >>>>>>>
2024-02-02 10:45:02,666 : INFO : SwitchController : <<<<<<< 's_trough_4' active >>>>>>>
2024-02-02 10:45:03,166 : INFO : EventManager : Event: ======'balldevice_bd_trough_ball_count_changed'====== Args={'balls': 1}
2024-02-02 10:45:03,166 : INFO : ball_device.bd_trough : Received unexpected ball
2024-02-02 10:45:03,166 : INFO : EventManager : Event: ======'balldevice_captured_from_playfield'====== Args={'balls': 1}
2024-02-02 10:45:03,166 : INFO : EventManager : Event: ======'sw_playfield_active'====== Args={'balls': 1}
2024-02-02 10:45:03,166 : INFO : EventManager : Event: ======'playfield_ball_count_change'====== Args={'balls': 0, 'change': -1}
2024-02-02 10:45:03,167 : INFO : EventManager : Event: ======'balldevice_bd_trough_ball_enter'====== Args={'new_balls': 1, 'unclaimed_balls': 1, 'new_available_balls': 1, 'device': <ball_device.bd_trough>}
2024-02-02 10:45:03,167 : INFO : ball_device.bd_trough : Ejecting 1 unexpected balls using path deque([<ball_device.bd_trough>, <playfield.playfield>])
2024-02-02 10:45:03,167 : INFO : EventManager : Event: ======'balldevice_balls_available'====== Args={}
2024-02-02 10:45:03,167 : INFO : EventManager : Event: ======'balldevice_balls_available'====== Args={}
2024-02-02 10:45:03,167 : INFO : EventManager : Event: ======'balldevice_bd_trough_ball_entered'====== Args={'new_balls': 1, 'device': <ball_device.bd_trough>}
2024-02-02 10:45:03,168 : INFO : ball_device.bd_trough : State: waiting_for_target_ready
2024-02-02 10:45:03,168 : INFO : EventManager : Event: ======'balldevice_bd_trough_ball_eject_attempt'====== Args={'balls': 1, 'target': <playfield.playfield>, 'source': <ball_device.bd_trough>, 'mechanical_eject': False, 'num_attempts': 0}
2024-02-02 10:45:03,168 : INFO : ball_device.bd_trough : State: ejecting
2024-02-02 10:45:03,168 : INFO : ball_device.bd_trough : Ejecting ball to <playfield.playfield>
2024-02-02 10:45:03,168 : INFO : EventManager : Event: ======'balldevice_bd_trough_ejecting_ball'====== Args={'balls': 1, 'target': <playfield.playfield>, 'source': <ball_device.bd_trough>, 'mechanical_eject': False, 'num_attempts': 0}
2024-02-02 10:45:03,169 : INFO : ball_device.bd_trough : Wait for ball to leave device
2024-02-02 10:45:03,169 : INFO : coil.c_trough : Pulsing Driver for 13ms (0.95 pulse_power)
2024-02-02 10:45:03,197 : INFO : SwitchController : <<<<<<< 's_trough_4' inactive >>>>>>>
2024-02-02 10:45:03,197 : INFO : SwitchController : <<<<<<< 's_trough_4' active >>>>>>>
2024-02-02 10:45:03,198 : INFO : ball_device.bd_trough : State: ball_left
2024-02-02 10:45:03,199 : INFO : ball_device.bd_trough : Ball left
2024-02-02 10:45:03,199 : INFO : ball_device.bd_trough : Wait for confirm with timeout 10.0
2024-02-02 10:45:03,213 : INFO : SwitchController : <<<<<<< 's_trough_4' inactive >>>>>>>
2024-02-02 10:45:04,916 : INFO : SwitchController : <<<<<<< 's_flipper_l' active >>>>>>>
2024-02-02 10:45:05,463 : INFO : SwitchController : <<<<<<< 's_flipper_l' inactive >>>>>>>
2024-02-02 10:45:06,117 : INFO : SwitchController : <<<<<<< 's_flipper_r' active >>>>>>>
2024-02-02 10:45:06,257 : INFO : SwitchController : <<<<<<< 's_stationary_l' active >>>>>>>
2024-02-02 10:45:06,257 : INFO : EventManager : Event: ======'sw_playfield_active'====== Args={}
2024-02-02 10:45:06,257 : INFO : SwitchController : <<<<<<< 's_stationary_l' inactive >>>>>>>
2024-02-02 10:45:06,257 : INFO : EventManager : Event: ======'playfield_active'====== Args={}
2024-02-02 10:45:06,259 : INFO : ball_device.bd_trough : Got eject confirm
2024-02-02 10:45:06,259 : INFO : ball_device.bd_trough : Eject successful
2024-02-02 10:45:06,259 : INFO : EventManager : Event: ======'balldevice_bd_trough_ball_eject_success'====== Args={'balls': 1, 'target': <playfield.playfield>}
2024-02-02 10:45:06,259 : INFO : EventManager : Event: ======'balldevice_playfield_ball_enter'====== Args={'new_balls': 1, 'unclaimed_balls': 1, 'device': <playfield.playfield>}
2024-02-02 10:45:06,259 : INFO : EventManager : Event: ======'playfield_ball_count_change'====== Args={'balls': 1, 'change': 1}
2024-02-02 10:45:06,259 : INFO : EventManager : Event: ======'balldevice_bd_trough_ball_count_changed'====== Args={'balls': 0}
2024-02-02 10:45:06,259 : INFO : ball_device.bd_trough : State: idle
2024-02-02 10:45:06,260 : INFO : SwitchController : <<<<<<< 's_stationary_l' active >>>>>>>
2024-02-02 10:45:06,260 : INFO : EventManager : Event: ======'sw_playfield_active'====== Args={}
2024-02-02 10:45:06,272 : INFO : SwitchController : <<<<<<< 's_stationary_l' inactive >>>>>>>
2024-02-02 10:45:06,319 : INFO : SwitchController : <<<<<<< 's_flipper_r' inactive >>>>>>>
2024-02-02 10:45:07,141 : INFO : SwitchController : <<<<<<< 's_flipper_l' active >>>>>>>
2024-02-02 10:45:07,255 : INFO : SwitchController : <<<<<<< 's_flipper_l' inactive >>>>>>>
2024-02-02 10:45:07,274 : INFO : SwitchController : <<<<<<< 's_pop' active >>>>>>>
2024-02-02 10:45:07,288 : INFO : SwitchController : <<<<<<< 's_pop' inactive >>>>>>>
2024-02-02 10:45:07,316 : INFO : SwitchController : <<<<<<< 's_stationary_back' active >>>>>>>
2024-02-02 10:45:07,316 : INFO : EventManager : Event: ======'sw_playfield_active'====== Args={}
2024-02-02 10:45:07,316 : INFO : SwitchController : <<<<<<< 's_stationary_back' inactive >>>>>>>
2024-02-02 10:45:07,331 : INFO : SwitchController : <<<<<<< 's_pop' active >>>>>>>
2024-02-02 10:45:07,362 : INFO : SwitchController : <<<<<<< 's_pop' inactive >>>>>>>
2024-02-02 10:45:07,393 : INFO : SwitchController : <<<<<<< 's_pop' active >>>>>>>
2024-02-02 10:45:07,424 : INFO : SwitchController : <<<<<<< 's_pop' inactive >>>>>>>
2024-02-02 10:45:07,472 : INFO : SwitchController : <<<<<<< 's_pop' active >>>>>>>
2024-02-02 10:45:07,489 : INFO : SwitchController : <<<<<<< 's_pop' inactive >>>>>>>
2024-02-02 10:45:07,489 : INFO : SwitchController : <<<<<<< 's_stationary_back' active >>>>>>>
2024-02-02 10:45:07,489 : INFO : EventManager : Event: ======'sw_playfield_active'====== Args={}
2024-02-02 10:45:07,503 : INFO : SwitchController : <<<<<<< 's_stationary_back' inactive >>>>>>>
2024-02-02 10:45:07,549 : INFO : SwitchController : <<<<<<< 's_pop' active >>>>>>>
2024-02-02 10:45:07,568 : INFO : SwitchController : <<<<<<< 's_pop' inactive >>>>>>>
2024-02-02 10:45:07,568 : INFO : SwitchController : <<<<<<< 's_stationary_back' active >>>>>>>
2024-02-02 10:45:07,568 : INFO : EventManager : Event: ======'sw_playfield_active'====== Args={}
2024-02-02 10:45:07,581 : INFO : SwitchController : <<<<<<< 's_stationary_back' inactive >>>>>>>
2024-02-02 10:45:07,611 : INFO : SwitchController : <<<<<<< 's_pop' active >>>>>>>
2024-02-02 10:45:07,629 : INFO : SwitchController : <<<<<<< 's_pop' inactive >>>>>>>
2024-02-02 10:45:07,645 : INFO : SwitchController : <<<<<<< 's_pop' active >>>>>>>
2024-02-02 10:45:07,645 : INFO : SwitchController : <<<<<<< 's_pop' inactive >>>>>>>
2024-02-02 10:45:07,752 : INFO : SwitchController : <<<<<<< 's_sling_r' active >>>>>>>
2024-02-02 10:45:07,769 : INFO : SwitchController : <<<<<<< 's_sling_r' inactive >>>>>>>
2024-02-02 10:45:09,296 : INFO : SwitchController : <<<<<<< 's_flipper_r' active >>>>>>>
2024-02-02 10:45:09,437 : INFO : SwitchController : <<<<<<< 's_flipper_r' inactive >>>>>>>
2024-02-02 10:45:10,092 : INFO : SwitchController : <<<<<<< 's_trough_1' active >>>>>>>
2024-02-02 10:45:10,184 : INFO : SwitchController : <<<<<<< 's_trough_1' inactive >>>>>>>
2024-02-02 10:45:10,203 : INFO : SwitchController : <<<<<<< 's_trough_2' active >>>>>>>
2024-02-02 10:45:10,276 : INFO : SwitchController : <<<<<<< 's_trough_2' inactive >>>>>>>
2024-02-02 10:45:10,307 : INFO : SwitchController : <<<<<<< 's_trough_3' active >>>>>>>
2024-02-02 10:45:10,370 : INFO : SwitchController : <<<<<<< 's_trough_3' inactive >>>>>>>
2024-02-02 10:45:10,370 : INFO : SwitchController : <<<<<<< 's_trough_4' active >>>>>>>
2024-02-02 10:45:10,868 : INFO : EventManager : Event: ======'balldevice_bd_trough_ball_count_changed'====== Args={'balls': 1}
2024-02-02 10:45:10,868 : INFO : ball_device.bd_trough : Received unexpected ball
2024-02-02 10:45:10,868 : INFO : EventManager : Event: ======'balldevice_captured_from_playfield'====== Args={'balls': 1}
2024-02-02 10:45:10,868 : INFO : EventManager : Event: ======'sw_playfield_active'====== Args={'balls': 1}
2024-02-02 10:45:10,868 : INFO : EventManager : Event: ======'playfield_ball_count_change'====== Args={'balls': 0, 'change': -1}
2024-02-02 10:45:10,869 : INFO : EventManager : Event: ======'balldevice_bd_trough_ball_enter'====== Args={'new_balls': 1, 'unclaimed_balls': 1, 'new_available_balls': 1, 'device': <ball_device.bd_trough>}
2024-02-02 10:45:10,869 : INFO : ball_device.bd_trough : Ejecting 1 unexpected balls using path deque([<ball_device.bd_trough>, <playfield.playfield>])
2024-02-02 10:45:10,869 : INFO : EventManager : Event: ======'balldevice_balls_available'====== Args={}
2024-02-02 10:45:10,869 : INFO : EventManager : Event: ======'balldevice_balls_available'====== Args={}
2024-02-02 10:45:10,869 : INFO : EventManager : Event: ======'balldevice_bd_trough_ball_entered'====== Args={'new_balls': 1, 'device': <ball_device.bd_trough>}
2024-02-02 10:45:10,870 : INFO : ball_device.bd_trough : State: waiting_for_target_ready
2024-02-02 10:45:10,870 : INFO : EventManager : Event: ======'balldevice_bd_trough_ball_eject_attempt'====== Args={'balls': 1, 'target': <playfield.playfield>, 'source': <ball_device.bd_trough>, 'mechanical_eject': False, 'num_attempts': 0}
2024-02-02 10:45:10,870 : INFO : ball_device.bd_trough : State: ejecting
2024-02-02 10:45:10,870 : INFO : ball_device.bd_trough : Ejecting ball to <playfield.playfield>
2024-02-02 10:45:10,870 : INFO : EventManager : Event: ======'balldevice_bd_trough_ejecting_ball'====== Args={'balls': 1, 'target': <playfield.playfield>, 'source': <ball_device.bd_trough>, 'mechanical_eject': False, 'num_attempts': 0}
2024-02-02 10:45:10,870 : INFO : ball_device.bd_trough : Wait for ball to leave device
2024-02-02 10:45:10,871 : INFO : coil.c_trough : Pulsing Driver for 13ms (0.95 pulse_power)
2024-02-02 10:45:10,899 : INFO : SwitchController : <<<<<<< 's_trough_4' inactive >>>>>>>
2024-02-02 10:45:10,899 : INFO : SwitchController : <<<<<<< 's_trough_4' active >>>>>>>
2024-02-02 10:45:10,900 : INFO : ball_device.bd_trough : State: ball_left
2024-02-02 10:45:10,901 : INFO : ball_device.bd_trough : Ball left
2024-02-02 10:45:10,901 : INFO : ball_device.bd_trough : Wait for confirm with timeout 10.0
2024-02-02 10:45:10,931 : INFO : SwitchController : <<<<<<< 's_trough_4' inactive >>>>>>>
2024-02-02 10:45:17,492 : INFO : SwitchController : <<<<<<< 's_sling_r' active >>>>>>>
2024-02-02 10:45:17,492 : INFO : EventManager : Event: ======'playfield_active'====== Args={}
2024-02-02 10:45:17,495 : INFO : ball_device.bd_trough : Got eject confirm
2024-02-02 10:45:17,495 : INFO : ball_device.bd_trough : Eject successful
2024-02-02 10:45:17,496 : INFO : EventManager : Event: ======'balldevice_bd_trough_ball_eject_success'====== Args={'balls': 1, 'target': <playfield.playfield>}
2024-02-02 10:45:17,496 : INFO : EventManager : Event: ======'balldevice_playfield_ball_enter'====== Args={'new_balls': 1, 'unclaimed_balls': 1, 'device': <playfield.playfield>}
2024-02-02 10:45:17,496 : INFO : EventManager : Event: ======'playfield_ball_count_change'====== Args={'balls': 1, 'change': 1}
2024-02-02 10:45:17,496 : INFO : EventManager : Event: ======'balldevice_bd_trough_ball_count_changed'====== Args={'balls': 0}
2024-02-02 10:45:17,496 : INFO : ball_device.bd_trough : State: idle
2024-02-02 10:45:17,507 : INFO : SwitchController : <<<<<<< 's_sling_r' inactive >>>>>>>
2024-02-02 10:45:19,034 : INFO : SwitchController : <<<<<<< 's_flipper_r' active >>>>>>>
2024-02-02 10:45:22,046 : INFO : EventManager : Event: ======'flipper_cradle'====== Args={}
2024-02-02 10:45:24,107 : INFO : SwitchController : <<<<<<< 's_flipper_r' inactive >>>>>>>
2024-02-02 10:45:24,107 : INFO : EventManager : Event: ======'flipper_cradle_release'====== Args={}
2024-02-02 10:45:24,199 : INFO : SwitchController : <<<<<<< 's_flipper_r' active >>>>>>>
2024-02-02 10:45:25,058 : INFO : SwitchController : <<<<<<< 's_sling_l' active >>>>>>>
2024-02-02 10:45:25,076 : INFO : SwitchController : <<<<<<< 's_sling_l' inactive >>>>>>>
2024-02-02 10:45:25,279 : INFO : SwitchController : <<<<<<< 's_pop' active >>>>>>>
2024-02-02 10:45:25,279 : INFO : SwitchController : <<<<<<< 's_pop' inactive >>>>>>>
2024-02-02 10:45:25,311 : INFO : SwitchController : <<<<<<< 's_stationary_back' active >>>>>>>
2024-02-02 10:45:25,311 : INFO : EventManager : Event: ======'sw_playfield_active'====== Args={}
2024-02-02 10:45:25,311 : INFO : SwitchController : <<<<<<< 's_stationary_back' inactive >>>>>>>
2024-02-02 10:45:27,203 : INFO : EventManager : Event: ======'flipper_cradle'====== Args={}
2024-02-02 10:45:34,870 : INFO : SwitchController : <<<<<<< 's_flipper_r' inactive >>>>>>>
2024-02-02 10:45:34,870 : INFO : EventManager : Event: ======'flipper_cradle_release'====== Args={}
2024-02-02 10:45:36,080 : INFO : SwitchController : <<<<<<< 's_trough_1' active >>>>>>>
2024-02-02 10:45:36,176 : INFO : SwitchController : <<<<<<< 's_trough_1' inactive >>>>>>>
2024-02-02 10:45:36,195 : INFO : SwitchController : <<<<<<< 's_trough_2' active >>>>>>>
2024-02-02 10:45:36,256 : INFO : SwitchController : <<<<<<< 's_trough_2' inactive >>>>>>>
2024-02-02 10:45:36,275 : INFO : SwitchController : <<<<<<< 's_trough_3' active >>>>>>>
2024-02-02 10:45:36,336 : INFO : SwitchController : <<<<<<< 's_trough_3' inactive >>>>>>>
2024-02-02 10:45:36,355 : INFO : SwitchController : <<<<<<< 's_trough_4' active >>>>>>>
2024-02-02 10:45:36,846 : INFO : EventManager : Event: ======'balldevice_bd_trough_ball_count_changed'====== Args={'balls': 1}
2024-02-02 10:45:36,846 : INFO : ball_device.bd_trough : Received unexpected ball
2024-02-02 10:45:36,846 : INFO : EventManager : Event: ======'balldevice_captured_from_playfield'====== Args={'balls': 1}
2024-02-02 10:45:36,846 : INFO : EventManager : Event: ======'sw_playfield_active'====== Args={'balls': 1}
2024-02-02 10:45:36,847 : INFO : EventManager : Event: ======'playfield_ball_count_change'====== Args={'balls': 0, 'change': -1}
2024-02-02 10:45:36,847 : INFO : EventManager : Event: ======'balldevice_bd_trough_ball_enter'====== Args={'new_balls': 1, 'unclaimed_balls': 1, 'new_available_balls': 1, 'device': <ball_device.bd_trough>}
2024-02-02 10:45:36,847 : INFO : ball_device.bd_trough : Ejecting 1 unexpected balls using path deque([<ball_device.bd_trough>, <playfield.playfield>])
2024-02-02 10:45:36,847 : INFO : EventManager : Event: ======'balldevice_balls_available'====== Args={}
2024-02-02 10:45:36,847 : INFO : EventManager : Event: ======'balldevice_balls_available'====== Args={}
2024-02-02 10:45:36,847 : INFO : EventManager : Event: ======'balldevice_bd_trough_ball_entered'====== Args={'new_balls': 1, 'device': <ball_device.bd_trough>}
2024-02-02 10:45:36,848 : INFO : ball_device.bd_trough : State: waiting_for_target_ready
2024-02-02 10:45:36,848 : INFO : EventManager : Event: ======'balldevice_bd_trough_ball_eject_attempt'====== Args={'balls': 1, 'target': <playfield.playfield>, 'source': <ball_device.bd_trough>, 'mechanical_eject': False, 'num_attempts': 0}
2024-02-02 10:45:36,848 : INFO : ball_device.bd_trough : State: ejecting
2024-02-02 10:45:36,848 : INFO : ball_device.bd_trough : Ejecting ball to <playfield.playfield>
2024-02-02 10:45:36,848 : INFO : EventManager : Event: ======'balldevice_bd_trough_ejecting_ball'====== Args={'balls': 1, 'target': <playfield.playfield>, 'source': <ball_device.bd_trough>, 'mechanical_eject': False, 'num_attempts': 0}
2024-02-02 10:45:36,849 : INFO : ball_device.bd_trough : Wait for ball to leave device
2024-02-02 10:45:36,849 : INFO : coil.c_trough : Pulsing Driver for 13ms (0.95 pulse_power)
2024-02-02 10:45:36,894 : INFO : SwitchController : <<<<<<< 's_trough_4' inactive >>>>>>>
2024-02-02 10:45:36,897 : INFO : ball_device.bd_trough : State: ball_left
2024-02-02 10:45:36,897 : INFO : ball_device.bd_trough : Ball left
2024-02-02 10:45:36,897 : INFO : ball_device.bd_trough : Wait for confirm with timeout 10.0
2024-02-02 10:45:38,150 : INFO : SwitchController : <<<<<<< 's_sling_l' active >>>>>>>
2024-02-02 10:45:38,150 : INFO : EventManager : Event: ======'playfield_active'====== Args={}
2024-02-02 10:45:38,151 : INFO : SwitchController : <<<<<<< 's_sling_l' inactive >>>>>>>
2024-02-02 10:45:38,153 : INFO : ball_device.bd_trough : Got eject confirm
2024-02-02 10:45:38,153 : INFO : ball_device.bd_trough : Eject successful
2024-02-02 10:45:38,153 : INFO : EventManager : Event: ======'balldevice_bd_trough_ball_eject_success'====== Args={'balls': 1, 'target': <playfield.playfield>}
2024-02-02 10:45:38,153 : INFO : EventManager : Event: ======'balldevice_playfield_ball_enter'====== Args={'new_balls': 1, 'unclaimed_balls': 1, 'device': <playfield.playfield>}
2024-02-02 10:45:38,153 : INFO : EventManager : Event: ======'playfield_ball_count_change'====== Args={'balls': 1, 'change': 1}
2024-02-02 10:45:38,153 : INFO : EventManager : Event: ======'balldevice_bd_trough_ball_count_changed'====== Args={'balls': 0}
2024-02-02 10:45:38,153 : INFO : ball_device.bd_trough : State: idle
2024-02-02 10:45:38,871 : INFO : SwitchController : <<<<<<< 's_sling_r' active >>>>>>>
2024-02-02 10:45:38,890 : INFO : SwitchController : <<<<<<< 's_sling_r' inactive >>>>>>>
2024-02-02 10:45:40,083 : INFO : SwitchController : <<<<<<< 's_vuk' active >>>>>>>
2024-02-02 10:45:40,580 : INFO : EventManager : Event: ======'balldevice_bd_vuk_ball_count_changed'====== Args={'balls': 1}
2024-02-02 10:45:40,580 : INFO : ball_device.bd_vuk : Received unexpected ball
2024-02-02 10:45:40,580 : INFO : EventManager : Event: ======'balldevice_captured_from_playfield'====== Args={'balls': 1}
2024-02-02 10:45:40,580 : INFO : EventManager : Event: ======'sw_playfield_active'====== Args={'balls': 1}
2024-02-02 10:45:40,580 : INFO : EventManager : Event: ======'playfield_ball_count_change'====== Args={'balls': 0, 'change': -1}
2024-02-02 10:45:40,581 : INFO : EventManager : Event: ======'balldevice_bd_vuk_ball_enter'====== Args={'new_balls': 1, 'unclaimed_balls': 1, 'new_available_balls': 1, 'device': <ball_device.bd_vuk>}
2024-02-02 10:45:40,581 : INFO : ball_device.bd_vuk : Ejecting 1 unexpected balls using path deque([<ball_device.bd_vuk>, <playfield.playfield>])
2024-02-02 10:45:40,581 : INFO : EventManager : Event: ======'balldevice_balls_available'====== Args={}
2024-02-02 10:45:40,581 : INFO : EventManager : Event: ======'balldevice_balls_available'====== Args={}
2024-02-02 10:45:40,581 : INFO : EventManager : Event: ======'balldevice_bd_vuk_ball_entered'====== Args={'new_balls': 1, 'device': <ball_device.bd_vuk>}
2024-02-02 10:45:40,582 : INFO : ball_device.bd_vuk : State: waiting_for_target_ready
2024-02-02 10:45:40,582 : INFO : EventManager : Event: ======'balldevice_bd_vuk_ball_eject_attempt'====== Args={'balls': 1, 'target': <playfield.playfield>, 'source': <ball_device.bd_vuk>, 'mechanical_eject': False, 'num_attempts': 0}
2024-02-02 10:45:40,582 : INFO : ball_device.bd_vuk : State: ejecting
2024-02-02 10:45:40,582 : INFO : ball_device.bd_vuk : Ejecting ball to <playfield.playfield>
2024-02-02 10:45:40,582 : INFO : EventManager : Event: ======'balldevice_bd_vuk_ejecting_ball'====== Args={'balls': 1, 'target': <playfield.playfield>, 'source': <ball_device.bd_vuk>, 'mechanical_eject': False, 'num_attempts': 0}
2024-02-02 10:45:40,583 : INFO : ball_device.bd_vuk : Wait for ball to leave device
2024-02-02 10:45:40,583 : INFO : coil.c_vuk : Pulsing Driver for 10ms (1.0 pulse_power)
2024-02-02 10:45:40,611 : INFO : SwitchController : <<<<<<< 's_vuk' inactive >>>>>>>
2024-02-02 10:45:40,611 : INFO : SwitchController : <<<<<<< 's_vuk' active >>>>>>>
2024-02-02 10:45:40,613 : INFO : ball_device.bd_vuk : State: ball_left
2024-02-02 10:45:40,613 : INFO : ball_device.bd_vuk : Ball left
2024-02-02 10:45:40,613 : INFO : ball_device.bd_vuk : Wait for confirm with timeout 2.0
2024-02-02 10:45:40,658 : INFO : SwitchController : <<<<<<< 's_vuk' inactive >>>>>>>
2024-02-02 10:45:42,136 : INFO : SwitchController : <<<<<<< 's_trough_1' active >>>>>>>
2024-02-02 10:45:42,235 : INFO : SwitchController : <<<<<<< 's_trough_1' inactive >>>>>>>
2024-02-02 10:45:42,267 : INFO : SwitchController : <<<<<<< 's_trough_2' active >>>>>>>
2024-02-02 10:45:42,344 : INFO : SwitchController : <<<<<<< 's_trough_2' inactive >>>>>>>
2024-02-02 10:45:42,361 : INFO : SwitchController : <<<<<<< 's_trough_3' active >>>>>>>
2024-02-02 10:45:42,438 : INFO : SwitchController : <<<<<<< 's_trough_3' inactive >>>>>>>
2024-02-02 10:45:42,455 : INFO : SwitchController : <<<<<<< 's_trough_4' active >>>>>>>
2024-02-02 10:45:42,622 : INFO : ball_device.bd_vuk : State: failed_confirm
2024-02-02 10:45:42,622 : INFO : ball_device.bd_vuk : Got timeout (2.0s) before confirm from <playfield.playfield>
2024-02-02 10:45:42,715 : INFO : ball_device.bd_vuk : Confirming eject because target is playfield and ball did not return.
2024-02-02 10:45:42,715 : INFO : ball_device.bd_vuk : Eject successful
2024-02-02 10:45:42,715 : INFO : EventManager : Event: ======'balldevice_bd_vuk_ball_eject_success'====== Args={'balls': 1, 'target': <playfield.playfield>}
2024-02-02 10:45:42,715 : INFO : EventManager : Event: ======'balldevice_playfield_ball_enter'====== Args={'new_balls': 1, 'unclaimed_balls': 1, 'device': <playfield.playfield>}
2024-02-02 10:45:42,715 : INFO : EventManager : Event: ======'playfield_ball_count_change'====== Args={'balls': 1, 'change': 1}
2024-02-02 10:45:42,715 : INFO : EventManager : Event: ======'balldevice_bd_vuk_ball_count_changed'====== Args={'balls': 0}
2024-02-02 10:45:42,715 : INFO : ball_device.bd_vuk : State: idle
2024-02-02 10:45:42,966 : INFO : EventManager : Event: ======'balldevice_bd_trough_ball_count_changed'====== Args={'balls': 1}
2024-02-02 10:45:42,966 : INFO : ball_device.bd_trough : Received unexpected ball
2024-02-02 10:45:42,966 : INFO : EventManager : Event: ======'balldevice_captured_from_playfield'====== Args={'balls': 1}
2024-02-02 10:45:42,966 : INFO : EventManager : Event: ======'sw_playfield_active'====== Args={'balls': 1}
2024-02-02 10:45:42,966 : INFO : EventManager : Event: ======'playfield_ball_count_change'====== Args={'balls': 0, 'change': -1}
2024-02-02 10:45:42,967 : INFO : EventManager : Event: ======'balldevice_bd_trough_ball_enter'====== Args={'new_balls': 1, 'unclaimed_balls': 1, 'new_available_balls': 1, 'device': <ball_device.bd_trough>}
2024-02-02 10:45:42,967 : INFO : ball_device.bd_trough : Ejecting 1 unexpected balls using path deque([<ball_device.bd_trough>, <playfield.playfield>])
2024-02-02 10:45:42,967 : INFO : EventManager : Event: ======'balldevice_balls_available'====== Args={}
2024-02-02 10:45:42,967 : INFO : EventManager : Event: ======'balldevice_balls_available'====== Args={}
2024-02-02 10:45:42,967 : INFO : EventManager : Event: ======'balldevice_bd_trough_ball_entered'====== Args={'new_balls': 1, 'device': <ball_device.bd_trough>}
2024-02-02 10:45:42,968 : INFO : ball_device.bd_trough : State: waiting_for_target_ready
2024-02-02 10:45:42,968 : INFO : EventManager : Event: ======'balldevice_bd_trough_ball_eject_attempt'====== Args={'balls': 1, 'target': <playfield.playfield>, 'source': <ball_device.bd_trough>, 'mechanical_eject': False, 'num_attempts': 0}
2024-02-02 10:45:42,968 : INFO : ball_device.bd_trough : State: ejecting
2024-02-02 10:45:42,968 : INFO : ball_device.bd_trough : Ejecting ball to <playfield.playfield>
2024-02-02 10:45:42,968 : INFO : EventManager : Event: ======'balldevice_bd_trough_ejecting_ball'====== Args={'balls': 1, 'target': <playfield.playfield>, 'source': <ball_device.bd_trough>, 'mechanical_eject': False, 'num_attempts': 0}
2024-02-02 10:45:42,969 : INFO : ball_device.bd_trough : Wait for ball to leave device
2024-02-02 10:45:42,969 : INFO : coil.c_trough : Pulsing Driver for 13ms (0.95 pulse_power)
2024-02-02 10:45:43,013 : INFO : SwitchController : <<<<<<< 's_trough_4' inactive >>>>>>>
2024-02-02 10:45:43,016 : INFO : ball_device.bd_trough : State: ball_left
2024-02-02 10:45:43,016 : INFO : ball_device.bd_trough : Ball left
2024-02-02 10:45:43,016 : INFO : ball_device.bd_trough : Wait for confirm with timeout 10.0
2024-02-02 10:45:44,954 : INFO : SwitchController : <<<<<<< 's_trough_1' active >>>>>>>
2024-02-02 10:45:45,033 : INFO : SwitchController : <<<<<<< 's_trough_1' inactive >>>>>>>
2024-02-02 10:45:45,064 : INFO : SwitchController : <<<<<<< 's_trough_2' active >>>>>>>
2024-02-02 10:45:45,126 : INFO : SwitchController : <<<<<<< 's_trough_2' inactive >>>>>>>
2024-02-02 10:45:45,153 : INFO : SwitchController : <<<<<<< 's_trough_3' active >>>>>>>
2024-02-02 10:45:45,219 : INFO : SwitchController : <<<<<<< 's_trough_3' inactive >>>>>>>
2024-02-02 10:45:45,219 : INFO : SwitchController : <<<<<<< 's_trough_4' active >>>>>>>
2024-02-02 10:45:50,192 : INFO : SwitchController : <<<<<<< 's_flipper_l' active >>>>>>>
2024-02-02 10:45:50,396 : INFO : SwitchController : <<<<<<< 's_flipper_l' inactive >>>>>>>
2024-02-02 10:45:53,004 : INFO : ball_device.bd_trough : State: failed_confirm
2024-02-02 10:45:53,004 : INFO : ball_device.bd_trough : Got timeout (10.0s) before confirm from <playfield.playfield>
2024-02-02 10:45:53,097 : INFO : ball_device.bd_trough : Got unknown balls. Assuming a ball returned.
2024-02-02 10:45:53,097 : INFO : EventManager : Event: ======'balldevice_bd_trough_ball_eject_failed'====== Args={'target': <playfield.playfield>, 'balls': 1, 'retry': True, 'num_attempts': 1}
2024-02-02 10:45:53,098 : INFO : ball_device.bd_trough : State: waiting_for_target_ready
2024-02-02 10:45:53,098 : INFO : EventManager : Event: ======'balldevice_bd_trough_ball_eject_attempt'====== Args={'balls': 1, 'target': <playfield.playfield>, 'source': <ball_device.bd_trough>, 'mechanical_eject': False, 'num_attempts': 1}
2024-02-02 10:45:53,098 : INFO : ball_device.bd_trough : State: ejecting
2024-02-02 10:45:53,098 : INFO : ball_device.bd_trough : Ejecting ball to <playfield.playfield>
2024-02-02 10:45:53,098 : INFO : EventManager : Event: ======'balldevice_bd_trough_ejecting_ball'====== Args={'balls': 1, 'target': <playfield.playfield>, 'source': <ball_device.bd_trough>, 'mechanical_eject': False, 'num_attempts': 1}
2024-02-02 10:45:53,099 : INFO : ball_device.bd_trough : Wait for ball to leave device
2024-02-02 10:45:53,099 : INFO : coil.c_trough : Pulsing Driver for 13ms (0.95 pulse_power)
2024-02-02 10:45:53,147 : INFO : SwitchController : <<<<<<< 's_trough_4' inactive >>>>>>>
2024-02-02 10:45:53,149 : INFO : ball_device.bd_trough : State: ball_left
2024-02-02 10:45:53,149 : INFO : ball_device.bd_trough : Ball left
2024-02-02 10:45:53,149 : INFO : ball_device.bd_trough : Wait for confirm with timeout 10.0
2024-02-02 10:46:00,374 : INFO : SwitchController : <<<<<<< 's_flipper_r' active >>>>>>>
2024-02-02 10:46:00,550 : INFO : SwitchController : <<<<<<< 's_pop' active >>>>>>>
2024-02-02 10:46:00,550 : INFO : EventManager : Event: ======'playfield_active'====== Args={}
2024-02-02 10:46:00,553 : INFO : ball_device.bd_trough : Got eject confirm
2024-02-02 10:46:00,553 : INFO : ball_device.bd_trough : Eject successful
2024-02-02 10:46:00,553 : INFO : EventManager : Event: ======'balldevice_bd_trough_ball_eject_success'====== Args={'balls': 1, 'target': <playfield.playfield>}
2024-02-02 10:46:00,554 : INFO : EventManager : Event: ======'balldevice_playfield_ball_enter'====== Args={'new_balls': 1, 'unclaimed_balls': 1, 'device': <playfield.playfield>}
2024-02-02 10:46:00,554 : INFO : EventManager : Event: ======'playfield_ball_count_change'====== Args={'balls': 1, 'change': 1}
2024-02-02 10:46:00,554 : INFO : EventManager : Event: ======'balldevice_bd_trough_ball_count_changed'====== Args={'balls': 0}
2024-02-02 10:46:00,554 : INFO : ball_device.bd_trough : State: idle
2024-02-02 10:46:00,566 : INFO : SwitchController : <<<<<<< 's_pop' inactive >>>>>>>
2024-02-02 10:46:01,343 : INFO : SwitchController : <<<<<<< 's_flipper_r' inactive >>>>>>>
2024-02-02 10:46:01,435 : INFO : SwitchController : <<<<<<< 's_trough_1' active >>>>>>>
2024-02-02 10:46:01,531 : INFO : SwitchController : <<<<<<< 's_trough_1' inactive >>>>>>>
2024-02-02 10:46:01,549 : INFO : SwitchController : <<<<<<< 's_trough_2' active >>>>>>>
2024-02-02 10:46:01,627 : INFO : SwitchController : <<<<<<< 's_trough_2' inactive >>>>>>>
2024-02-02 10:46:01,646 : INFO : SwitchController : <<<<<<< 's_trough_3' active >>>>>>>
2024-02-02 10:46:01,706 : INFO : SwitchController : <<<<<<< 's_trough_3' inactive >>>>>>>
2024-02-02 10:46:01,726 : INFO : SwitchController : <<<<<<< 's_trough_4' active >>>>>>>
2024-02-02 10:46:02,226 : INFO : EventManager : Event: ======'balldevice_bd_trough_ball_count_changed'====== Args={'balls': 1}
2024-02-02 10:46:02,226 : INFO : ball_device.bd_trough : Received unexpected ball
2024-02-02 10:46:02,226 : INFO : EventManager : Event: ======'balldevice_captured_from_playfield'====== Args={'balls': 1}
2024-02-02 10:46:02,226 : INFO : EventManager : Event: ======'sw_playfield_active'====== Args={'balls': 1}
2024-02-02 10:46:02,226 : INFO : EventManager : Event: ======'playfield_ball_count_change'====== Args={'balls': 0, 'change': -1}
2024-02-02 10:46:02,227 : INFO : EventManager : Event: ======'balldevice_bd_trough_ball_enter'====== Args={'new_balls': 1, 'unclaimed_balls': 1, 'new_available_balls': 1, 'device': <ball_device.bd_trough>}
2024-02-02 10:46:02,227 : INFO : ball_device.bd_trough : Ejecting 1 unexpected balls using path deque([<ball_device.bd_trough>, <playfield.playfield>])
2024-02-02 10:46:02,227 : INFO : EventManager : Event: ======'balldevice_balls_available'====== Args={}
2024-02-02 10:46:02,227 : INFO : EventManager : Event: ======'balldevice_balls_available'====== Args={}
2024-02-02 10:46:02,227 : INFO : EventManager : Event: ======'balldevice_bd_trough_ball_entered'====== Args={'new_balls': 1, 'device': <ball_device.bd_trough>}
2024-02-02 10:46:02,228 : INFO : ball_device.bd_trough : State: waiting_for_target_ready
2024-02-02 10:46:02,228 : INFO : EventManager : Event: ======'balldevice_bd_trough_ball_eject_attempt'====== Args={'balls': 1, 'target': <playfield.playfield>, 'source': <ball_device.bd_trough>, 'mechanical_eject': False, 'num_attempts': 0}
2024-02-02 10:46:02,228 : INFO : ball_device.bd_trough : State: ejecting
2024-02-02 10:46:02,228 : INFO : ball_device.bd_trough : Ejecting ball to <playfield.playfield>
2024-02-02 10:46:02,228 : INFO : EventManager : Event: ======'balldevice_bd_trough_ejecting_ball'====== Args={'balls': 1, 'target': <playfield.playfield>, 'source': <ball_device.bd_trough>, 'mechanical_eject': False, 'num_attempts': 0}
2024-02-02 10:46:02,229 : INFO : ball_device.bd_trough : Wait for ball to leave device
2024-02-02 10:46:02,229 : INFO : coil.c_trough : Pulsing Driver for 13ms (0.95 pulse_power)
2024-02-02 10:46:02,289 : INFO : SwitchController : <<<<<<< 's_trough_4' inactive >>>>>>>
2024-02-02 10:46:02,292 : INFO : ball_device.bd_trough : State: ball_left
2024-02-02 10:46:02,292 : INFO : ball_device.bd_trough : Ball left
2024-02-02 10:46:02,292 : INFO : ball_device.bd_trough : Wait for confirm with timeout 10.0
2024-02-02 10:46:04,961 : INFO : SwitchController : <<<<<<< 's_trough_1' active >>>>>>>
2024-02-02 10:46:05,071 : INFO : SwitchController : <<<<<<< 's_trough_1' inactive >>>>>>>
2024-02-02 10:46:05,089 : INFO : SwitchController : <<<<<<< 's_trough_2' active >>>>>>>
2024-02-02 10:46:05,164 : INFO : SwitchController : <<<<<<< 's_trough_2' inactive >>>>>>>
2024-02-02 10:46:05,183 : INFO : SwitchController : <<<<<<< 's_trough_3' active >>>>>>>
2024-02-02 10:46:05,242 : INFO : SwitchController : <<<<<<< 's_trough_3' inactive >>>>>>>
2024-02-02 10:46:05,260 : INFO : SwitchController : <<<<<<< 's_trough_4' active >>>>>>>
2024-02-02 10:46:08,522 : INFO : SwitchController : <<<<<<< 's_flipper_l' active >>>>>>>
2024-02-02 10:46:08,541 : INFO : SwitchController : <<<<<<< 's_flipper_r' active >>>>>>>
2024-02-02 10:46:08,541 : INFO : EventManager : Event: ======'flipper_cancel'====== Args={'triggering_group': 2, 'triggering_switch': 's_flipper_r'}
2024-02-02 10:46:08,743 : INFO : SwitchController : <<<<<<< 's_flipper_r' inactive >>>>>>>
2024-02-02 10:46:08,743 : INFO : EventManager : Event: ======'both_flippers_one'====== Args={'triggering_group': 2, 'triggering_switch': 's_flipper_r'}
2024-02-02 10:46:08,743 : INFO : SwitchController : <<<<<<< 's_flipper_l' inactive >>>>>>>
2024-02-02 10:46:08,743 : INFO : EventManager : Event: ======'both_flippers_inactive'====== Args={'triggering_group': 1, 'triggering_switch': 's_flipper_l'}
2024-02-02 10:46:12,287 : INFO : ball_device.bd_trough : State: failed_confirm
2024-02-02 10:46:12,287 : INFO : ball_device.bd_trough : Got timeout (10.0s) before confirm from <playfield.playfield>
2024-02-02 10:46:12,382 : INFO : ball_device.bd_trough : Got unknown balls. Assuming a ball returned.
2024-02-02 10:46:12,382 : INFO : EventManager : Event: ======'balldevice_bd_trough_ball_eject_failed'====== Args={'target': <playfield.playfield>, 'balls': 1, 'retry': True, 'num_attempts': 1}
2024-02-02 10:46:12,383 : INFO : ball_device.bd_trough : State: waiting_for_target_ready
2024-02-02 10:46:12,383 : INFO : EventManager : Event: ======'balldevice_bd_trough_ball_eject_attempt'====== Args={'balls': 1, 'target': <playfield.playfield>, 'source': <ball_device.bd_trough>, 'mechanical_eject': False, 'num_attempts': 1}
2024-02-02 10:46:12,383 : INFO : ball_device.bd_trough : State: ejecting
2024-02-02 10:46:12,383 : INFO : ball_device.bd_trough : Ejecting ball to <playfield.playfield>
2024-02-02 10:46:12,383 : INFO : EventManager : Event: ======'balldevice_bd_trough_ejecting_ball'====== Args={'balls': 1, 'target': <playfield.playfield>, 'source': <ball_device.bd_trough>, 'mechanical_eject': False, 'num_attempts': 1}
2024-02-02 10:46:12,384 : INFO : ball_device.bd_trough : Wait for ball to leave device
2024-02-02 10:46:12,384 : INFO : coil.c_trough : Pulsing Driver for 13ms (0.95 pulse_power)
2024-02-02 10:46:12,430 : INFO : SwitchController : <<<<<<< 's_trough_4' inactive >>>>>>>
2024-02-02 10:46:12,434 : INFO : ball_device.bd_trough : State: ball_left
2024-02-02 10:46:12,434 : INFO : ball_device.bd_trough : Ball left
2024-02-02 10:46:12,434 : INFO : ball_device.bd_trough : Wait for confirm with timeout 10.0
2024-02-02 10:46:13,598 : INFO : SwitchController : <<<<<<< 's_sling_l' active >>>>>>>
2024-02-02 10:46:13,598 : INFO : EventManager : Event: ======'playfield_active'====== Args={}
2024-02-02 10:46:13,602 : INFO : ball_device.bd_trough : Got eject confirm
2024-02-02 10:46:13,602 : INFO : ball_device.bd_trough : Eject successful
2024-02-02 10:46:13,602 : INFO : EventManager : Event: ======'balldevice_bd_trough_ball_eject_success'====== Args={'balls': 1, 'target': <playfield.playfield>}
2024-02-02 10:46:13,602 : INFO : EventManager : Event: ======'balldevice_playfield_ball_enter'====== Args={'new_balls': 1, 'unclaimed_balls': 1, 'device': <playfield.playfield>}
2024-02-02 10:46:13,602 : INFO : EventManager : Event: ======'playfield_ball_count_change'====== Args={'balls': 1, 'change': 1}
2024-02-02 10:46:13,602 : INFO : SwitchController : <<<<<<< 's_sling_l' inactive >>>>>>>
2024-02-02 10:46:13,602 : INFO : EventManager : Event: ======'balldevice_bd_trough_ball_count_changed'====== Args={'balls': 0}
2024-02-02 10:46:13,602 : INFO : ball_device.bd_trough : State: idle
2024-02-02 10:46:13,738 : INFO : SwitchController : <<<<<<< 's_pop' active >>>>>>>
2024-02-02 10:46:13,757 : INFO : SwitchController : <<<<<<< 's_pop' inactive >>>>>>>
2024-02-02 10:46:13,757 : INFO : SwitchController : <<<<<<< 's_stationary_back' active >>>>>>>
2024-02-02 10:46:13,757 : INFO : EventManager : Event: ======'sw_playfield_active'====== Args={}
2024-02-02 10:46:13,769 : INFO : SwitchController : <<<<<<< 's_stationary_back' inactive >>>>>>>
2024-02-02 10:46:14,485 : INFO : SwitchController : <<<<<<< 's_trough_1' active >>>>>>>
2024-02-02 10:46:14,564 : INFO : SwitchController : <<<<<<< 's_trough_1' inactive >>>>>>>
2024-02-02 10:46:14,582 : INFO : SwitchController : <<<<<<< 's_trough_2' active >>>>>>>
2024-02-02 10:46:14,656 : INFO : SwitchController : <<<<<<< 's_trough_2' inactive >>>>>>>
2024-02-02 10:46:14,673 : INFO : SwitchController : <<<<<<< 's_trough_3' active >>>>>>>
2024-02-02 10:46:14,733 : INFO : SwitchController : <<<<<<< 's_trough_3' inactive >>>>>>>
2024-02-02 10:46:14,751 : INFO : SwitchController : <<<<<<< 's_trough_4' active >>>>>>>
2024-02-02 10:46:15,247 : INFO : EventManager : Event: ======'balldevice_bd_trough_ball_count_changed'====== Args={'balls': 1}
2024-02-02 10:46:15,247 : INFO : ball_device.bd_trough : Received unexpected ball
2024-02-02 10:46:15,247 : INFO : EventManager : Event: ======'balldevice_captured_from_playfield'====== Args={'balls': 1}
2024-02-02 10:46:15,247 : INFO : EventManager : Event: ======'sw_playfield_active'====== Args={'balls': 1}
2024-02-02 10:46:15,248 : INFO : EventManager : Event: ======'playfield_ball_count_change'====== Args={'balls': 0, 'change': -1}
2024-02-02 10:46:15,248 : INFO : EventManager : Event: ======'balldevice_bd_trough_ball_enter'====== Args={'new_balls': 1, 'unclaimed_balls': 1, 'new_available_balls': 1, 'device': <ball_device.bd_trough>}
2024-02-02 10:46:15,248 : INFO : ball_device.bd_trough : Ejecting 1 unexpected balls using path deque([<ball_device.bd_trough>, <playfield.playfield>])
2024-02-02 10:46:15,248 : INFO : EventManager : Event: ======'balldevice_balls_available'====== Args={}
2024-02-02 10:46:15,248 : INFO : EventManager : Event: ======'balldevice_balls_available'====== Args={}
2024-02-02 10:46:15,248 : INFO : EventManager : Event: ======'balldevice_bd_trough_ball_entered'====== Args={'new_balls': 1, 'device': <ball_device.bd_trough>}
2024-02-02 10:46:15,249 : INFO : ball_device.bd_trough : State: waiting_for_target_ready
2024-02-02 10:46:15,249 : INFO : EventManager : Event: ======'balldevice_bd_trough_ball_eject_attempt'====== Args={'balls': 1, 'target': <playfield.playfield>, 'source': <ball_device.bd_trough>, 'mechanical_eject': False, 'num_attempts': 0}
2024-02-02 10:46:15,249 : INFO : ball_device.bd_trough : State: ejecting
2024-02-02 10:46:15,249 : INFO : ball_device.bd_trough : Ejecting ball to <playfield.playfield>
2024-02-02 10:46:15,249 : INFO : EventManager : Event: ======'balldevice_bd_trough_ejecting_ball'====== Args={'balls': 1, 'target': <playfield.playfield>, 'source': <ball_device.bd_trough>, 'mechanical_eject': False, 'num_attempts': 0}
2024-02-02 10:46:15,250 : INFO : ball_device.bd_trough : Wait for ball to leave device
2024-02-02 10:46:15,250 : INFO : coil.c_trough : Pulsing Driver for 13ms (0.95 pulse_power)
2024-02-02 10:46:15,295 : INFO : SwitchController : <<<<<<< 's_trough_4' inactive >>>>>>>
2024-02-02 10:46:15,298 : INFO : ball_device.bd_trough : State: ball_left
2024-02-02 10:46:15,298 : INFO : ball_device.bd_trough : Ball left
2024-02-02 10:46:15,298 : INFO : ball_device.bd_trough : Wait for confirm with timeout 10.0
2024-02-02 10:46:19,412 : INFO : SwitchController : <<<<<<< 's_flipper_r' active >>>>>>>
2024-02-02 10:46:22,414 : INFO : EventManager : Event: ======'flipper_cradle'====== Args={}
2024-02-02 10:46:24,841 : INFO : SwitchController : <<<<<<< 's_flipper_r' inactive >>>>>>>
2024-02-02 10:46:24,841 : INFO : EventManager : Event: ======'flipper_cradle_release'====== Args={}
2024-02-02 10:46:25,310 : INFO : ball_device.bd_trough : State: failed_confirm
2024-02-02 10:46:25,310 : INFO : ball_device.bd_trough : Got timeout (10.0s) before confirm from <playfield.playfield>
2024-02-02 10:46:25,404 : INFO : ball_device.bd_trough : Confirming eject because target is playfield and ball did not return.
2024-02-02 10:46:25,404 : INFO : ball_device.bd_trough : Eject successful
2024-02-02 10:46:25,404 : INFO : EventManager : Event: ======'balldevice_bd_trough_ball_eject_success'====== Args={'balls': 1, 'target': <playfield.playfield>}
2024-02-02 10:46:25,404 : INFO : EventManager : Event: ======'balldevice_playfield_ball_enter'====== Args={'new_balls': 1, 'unclaimed_balls': 1, 'device': <playfield.playfield>}
2024-02-02 10:46:25,404 : INFO : EventManager : Event: ======'playfield_ball_count_change'====== Args={'balls': 1, 'change': 1}
2024-02-02 10:46:25,405 : INFO : EventManager : Event: ======'balldevice_bd_trough_ball_count_changed'====== Args={'balls': 0}
2024-02-02 10:46:25,405 : INFO : ball_device.bd_trough : State: idle
2024-02-02 10:46:26,031 : INFO : SwitchController : <<<<<<< 's_trough_1' active >>>>>>>
2024-02-02 10:46:26,135 : INFO : SwitchController : <<<<<<< 's_trough_1' inactive >>>>>>>
2024-02-02 10:46:26,157 : INFO : SwitchController : <<<<<<< 's_trough_2' active >>>>>>>
2024-02-02 10:46:26,221 : INFO : SwitchController : <<<<<<< 's_trough_2' inactive >>>>>>>
2024-02-02 10:46:26,252 : INFO : SwitchController : <<<<<<< 's_trough_3' active >>>>>>>
2024-02-02 10:46:26,314 : INFO : SwitchController : <<<<<<< 's_trough_3' inactive >>>>>>>
2024-02-02 10:46:26,314 : INFO : SwitchController : <<<<<<< 's_trough_4' active >>>>>>>
2024-02-02 10:46:26,815 : INFO : EventManager : Event: ======'balldevice_bd_trough_ball_count_changed'====== Args={'balls': 1}
2024-02-02 10:46:26,815 : INFO : ball_device.bd_trough : Received unexpected ball
2024-02-02 10:46:26,815 : INFO : EventManager : Event: ======'balldevice_captured_from_playfield'====== Args={'balls': 1}
2024-02-02 10:46:26,815 : INFO : EventManager : Event: ======'sw_playfield_active'====== Args={'balls': 1}
2024-02-02 10:46:26,816 : INFO : EventManager : Event: ======'playfield_ball_count_change'====== Args={'balls': 0, 'change': -1}
2024-02-02 10:46:26,816 : INFO : EventManager : Event: ======'balldevice_bd_trough_ball_enter'====== Args={'new_balls': 1, 'unclaimed_balls': 1, 'new_available_balls': 1, 'device': <ball_device.bd_trough>}
2024-02-02 10:46:26,816 : INFO : ball_device.bd_trough : Ejecting 1 unexpected balls using path deque([<ball_device.bd_trough>, <playfield.playfield>])
2024-02-02 10:46:26,816 : INFO : EventManager : Event: ======'balldevice_balls_available'====== Args={}
2024-02-02 10:46:26,816 : INFO : EventManager : Event: ======'balldevice_balls_available'====== Args={}
2024-02-02 10:46:26,816 : INFO : EventManager : Event: ======'balldevice_bd_trough_ball_entered'====== Args={'new_balls': 1, 'device': <ball_device.bd_trough>}
2024-02-02 10:46:26,817 : INFO : ball_device.bd_trough : State: waiting_for_target_ready
2024-02-02 10:46:26,817 : INFO : EventManager : Event: ======'balldevice_bd_trough_ball_eject_attempt'====== Args={'balls': 1, 'target': <playfield.playfield>, 'source': <ball_device.bd_trough>, 'mechanical_eject': False, 'num_attempts': 0}
2024-02-02 10:46:26,817 : INFO : ball_device.bd_trough : State: ejecting
2024-02-02 10:46:26,817 : INFO : ball_device.bd_trough : Ejecting ball to <playfield.playfield>
2024-02-02 10:46:26,817 : INFO : EventManager : Event: ======'balldevice_bd_trough_ejecting_ball'====== Args={'balls': 1, 'target': <playfield.playfield>, 'source': <ball_device.bd_trough>, 'mechanical_eject': False, 'num_attempts': 0}
2024-02-02 10:46:26,818 : INFO : ball_device.bd_trough : Wait for ball to leave device
2024-02-02 10:46:26,818 : INFO : coil.c_trough : Pulsing Driver for 13ms (0.95 pulse_power)
2024-02-02 10:46:26,863 : INFO : SwitchController : <<<<<<< 's_trough_4' inactive >>>>>>>
2024-02-02 10:46:26,866 : INFO : ball_device.bd_trough : State: ball_left
2024-02-02 10:46:26,866 : INFO : ball_device.bd_trough : Ball left
2024-02-02 10:46:26,866 : INFO : ball_device.bd_trough : Wait for confirm with timeout 10.0
2024-02-02 10:46:28,713 : INFO : SwitchController : <<<<<<< 's_flipper_l' active >>>>>>>
2024-02-02 10:46:29,325 : INFO : SwitchController : <<<<<<< 's_flipper_l' inactive >>>>>>>
2024-02-02 10:46:30,074 : INFO : SwitchController : <<<<<<< 's_flipper_r' active >>>>>>>
2024-02-02 10:46:30,293 : INFO : SwitchController : <<<<<<< 's_flipper_r' inactive >>>>>>>
2024-02-02 10:46:35,145 : INFO : SwitchController : <<<<<<< 's_trough_1' active >>>>>>>
2024-02-02 10:46:35,243 : INFO : SwitchController : <<<<<<< 's_trough_1' inactive >>>>>>>
2024-02-02 10:46:35,260 : INFO : SwitchController : <<<<<<< 's_trough_2' active >>>>>>>
2024-02-02 10:46:35,337 : INFO : SwitchController : <<<<<<< 's_trough_2' inactive >>>>>>>
2024-02-02 10:46:35,355 : INFO : SwitchController : <<<<<<< 's_trough_3' active >>>>>>>
2024-02-02 10:46:35,415 : INFO : SwitchController : <<<<<<< 's_trough_3' inactive >>>>>>>
2024-02-02 10:46:35,433 : INFO : SwitchController : <<<<<<< 's_trough_4' active >>>>>>>
2024-02-02 10:46:36,861 : INFO : ball_device.bd_trough : State: failed_confirm
2024-02-02 10:46:36,861 : INFO : ball_device.bd_trough : Got timeout (10.0s) before confirm from <playfield.playfield>
2024-02-02 10:46:36,954 : INFO : ball_device.bd_trough : Got unknown balls. Assuming a ball returned.
2024-02-02 10:46:36,954 : INFO : EventManager : Event: ======'balldevice_bd_trough_ball_eject_failed'====== Args={'target': <playfield.playfield>, 'balls': 1, 'retry': True, 'num_attempts': 1}
2024-02-02 10:46:36,955 : INFO : ball_device.bd_trough : State: waiting_for_target_ready
2024-02-02 10:46:36,955 : INFO : EventManager : Event: ======'balldevice_bd_trough_ball_eject_attempt'====== Args={'balls': 1, 'target': <playfield.playfield>, 'source': <ball_device.bd_trough>, 'mechanical_eject': False, 'num_attempts': 1}
2024-02-02 10:46:36,955 : INFO : ball_device.bd_trough : State: ejecting
2024-02-02 10:46:36,955 : INFO : ball_device.bd_trough : Ejecting ball to <playfield.playfield>
2024-02-02 10:46:36,955 : INFO : EventManager : Event: ======'balldevice_bd_trough_ejecting_ball'====== Args={'balls': 1, 'target': <playfield.playfield>, 'source': <ball_device.bd_trough>, 'mechanical_eject': False, 'num_attempts': 1}
2024-02-02 10:46:36,956 : INFO : ball_device.bd_trough : Wait for ball to leave device
2024-02-02 10:46:36,956 : INFO : coil.c_trough : Pulsing Driver for 13ms (0.95 pulse_power)
2024-02-02 10:46:37,016 : INFO : SwitchController : <<<<<<< 's_trough_4' inactive >>>>>>>
2024-02-02 10:46:37,019 : INFO : ball_device.bd_trough : State: ball_left
2024-02-02 10:46:37,019 : INFO : ball_device.bd_trough : Ball left
2024-02-02 10:46:37,019 : INFO : ball_device.bd_trough : Wait for confirm with timeout 10.0
2024-02-02 10:46:37,971 : INFO : SwitchController : <<<<<<< 's_sling_l' active >>>>>>>
2024-02-02 10:46:37,971 : INFO : EventManager : Event: ======'playfield_active'====== Args={}
2024-02-02 10:46:37,975 : INFO : ball_device.bd_trough : Got eject confirm
2024-02-02 10:46:37,975 : INFO : ball_device.bd_trough : Eject successful
2024-02-02 10:46:37,975 : INFO : EventManager : Event: ======'balldevice_bd_trough_ball_eject_success'====== Args={'balls': 1, 'target': <playfield.playfield>}
2024-02-02 10:46:37,975 : INFO : EventManager : Event: ======'balldevice_playfield_ball_enter'====== Args={'new_balls': 1, 'unclaimed_balls': 1, 'device': <playfield.playfield>}
2024-02-02 10:46:37,975 : INFO : EventManager : Event: ======'playfield_ball_count_change'====== Args={'balls': 1, 'change': 1}
2024-02-02 10:46:37,975 : INFO : EventManager : Event: ======'balldevice_bd_trough_ball_count_changed'====== Args={'balls': 0}
2024-02-02 10:46:37,975 : INFO : ball_device.bd_trough : State: idle
2024-02-02 10:46:37,987 : INFO : SwitchController : <<<<<<< 's_sling_l' inactive >>>>>>>
2024-02-02 10:46:38,083 : INFO : SwitchController : <<<<<<< 's_sling_l' active >>>>>>>
2024-02-02 10:46:38,083 : INFO : SwitchController : <<<<<<< 's_sling_l' inactive >>>>>>>
2024-02-02 10:46:38,138 : INFO : SwitchController : <<<<<<< 's_pop' active >>>>>>>
2024-02-02 10:46:38,160 : INFO : SwitchController : <<<<<<< 's_pop' inactive >>>>>>>
2024-02-02 10:46:38,286 : INFO : SwitchController : <<<<<<< 's_sling_r' active >>>>>>>
2024-02-02 10:46:38,286 : INFO : SwitchController : <<<<<<< 's_sling_r' inactive >>>>>>>
2024-02-02 10:46:41,098 : INFO : SwitchController : <<<<<<< 's_flipper_r' active >>>>>>>
2024-02-02 10:46:41,177 : INFO : SwitchController : <<<<<<< 's_flipper_r' inactive >>>>>>>
2024-02-02 10:46:41,301 : INFO : SwitchController : <<<<<<< 's_flipper_r' active >>>>>>>
2024-02-02 10:46:44,300 : INFO : EventManager : Event: ======'flipper_cradle'====== Args={}
2024-02-02 10:46:46,478 : INFO : SwitchController : <<<<<<< 's_flipper_r' inactive >>>>>>>
2024-02-02 10:46:46,478 : INFO : EventManager : Event: ======'flipper_cradle_release'====== Args={}
2024-02-02 10:46:47,628 : INFO : SwitchController : <<<<<<< 's_trough_1' active >>>>>>>
2024-02-02 10:46:47,722 : INFO : SwitchController : <<<<<<< 's_trough_1' inactive >>>>>>>
2024-02-02 10:46:47,739 : INFO : SwitchController : <<<<<<< 's_trough_2' active >>>>>>>
2024-02-02 10:46:47,814 : INFO : SwitchController : <<<<<<< 's_trough_2' inactive >>>>>>>
2024-02-02 10:46:47,831 : INFO : SwitchController : <<<<<<< 's_trough_3' active >>>>>>>
2024-02-02 10:46:47,891 : INFO : SwitchController : <<<<<<< 's_trough_3' inactive >>>>>>>
2024-02-02 10:46:47,909 : INFO : SwitchController : <<<<<<< 's_trough_4' active >>>>>>>
2024-02-02 10:46:48,407 : INFO : EventManager : Event: ======'balldevice_bd_trough_ball_count_changed'====== Args={'balls': 1}
2024-02-02 10:46:48,407 : INFO : ball_device.bd_trough : Received unexpected ball
2024-02-02 10:46:48,407 : INFO : EventManager : Event: ======'balldevice_captured_from_playfield'====== Args={'balls': 1}
2024-02-02 10:46:48,408 : INFO : EventManager : Event: ======'sw_playfield_active'====== Args={'balls': 1}
2024-02-02 10:46:48,408 : INFO : EventManager : Event: ======'playfield_ball_count_change'====== Args={'balls': 0, 'change': -1}
2024-02-02 10:46:48,408 : INFO : EventManager : Event: ======'balldevice_bd_trough_ball_enter'====== Args={'new_balls': 1, 'unclaimed_balls': 1, 'new_available_balls': 1, 'device': <ball_device.bd_trough>}
2024-02-02 10:46:48,408 : INFO : ball_device.bd_trough : Ejecting 1 unexpected balls using path deque([<ball_device.bd_trough>, <playfield.playfield>])
2024-02-02 10:46:48,408 : INFO : EventManager : Event: ======'balldevice_balls_available'====== Args={}
2024-02-02 10:46:48,408 : INFO : EventManager : Event: ======'balldevice_balls_available'====== Args={}
2024-02-02 10:46:48,408 : INFO : EventManager : Event: ======'balldevice_bd_trough_ball_entered'====== Args={'new_balls': 1, 'device': <ball_device.bd_trough>}
2024-02-02 10:46:48,409 : INFO : ball_device.bd_trough : State: waiting_for_target_ready
2024-02-02 10:46:48,409 : INFO : EventManager : Event: ======'balldevice_bd_trough_ball_eject_attempt'====== Args={'balls': 1, 'target': <playfield.playfield>, 'source': <ball_device.bd_trough>, 'mechanical_eject': False, 'num_attempts': 0}
2024-02-02 10:46:48,409 : INFO : ball_device.bd_trough : State: ejecting
2024-02-02 10:46:48,409 : INFO : ball_device.bd_trough : Ejecting ball to <playfield.playfield>
2024-02-02 10:46:48,409 : INFO : EventManager : Event: ======'balldevice_bd_trough_ejecting_ball'====== Args={'balls': 1, 'target': <playfield.playfield>, 'source': <ball_device.bd_trough>, 'mechanical_eject': False, 'num_attempts': 0}
2024-02-02 10:46:48,410 : INFO : ball_device.bd_trough : Wait for ball to leave device
2024-02-02 10:46:48,410 : INFO : coil.c_trough : Pulsing Driver for 13ms (0.95 pulse_power)
2024-02-02 10:46:48,439 : INFO : SwitchController : <<<<<<< 's_trough_4' inactive >>>>>>>
2024-02-02 10:46:48,439 : INFO : SwitchController : <<<<<<< 's_trough_4' active >>>>>>>
2024-02-02 10:46:48,440 : INFO : ball_device.bd_trough : State: ball_left
2024-02-02 10:46:48,441 : INFO : ball_device.bd_trough : Ball left
2024-02-02 10:46:48,441 : INFO : ball_device.bd_trough : Wait for confirm with timeout 10.0
2024-02-02 10:46:48,471 : INFO : SwitchController : <<<<<<< 's_trough_4' inactive >>>>>>>
2024-02-02 10:46:49,831 : INFO : SwitchController : <<<<<<< 's_sling_l' active >>>>>>>
2024-02-02 10:46:49,831 : INFO : EventManager : Event: ======'playfield_active'====== Args={}
2024-02-02 10:46:49,835 : INFO : ball_device.bd_trough : Got eject confirm
2024-02-02 10:46:49,835 : INFO : ball_device.bd_trough : Eject successful
2024-02-02 10:46:49,835 : INFO : EventManager : Event: ======'balldevice_bd_trough_ball_eject_success'====== Args={'balls': 1, 'target': <playfield.playfield>}
2024-02-02 10:46:49,835 : INFO : SwitchController : <<<<<<< 's_sling_l' inactive >>>>>>>
2024-02-02 10:46:49,835 : INFO : EventManager : Event: ======'balldevice_playfield_ball_enter'====== Args={'new_balls': 1, 'unclaimed_balls': 1, 'device': <playfield.playfield>}
2024-02-02 10:46:49,835 : INFO : EventManager : Event: ======'playfield_ball_count_change'====== Args={'balls': 1, 'change': 1}
2024-02-02 10:46:49,837 : INFO : EventManager : Event: ======'balldevice_bd_trough_ball_count_changed'====== Args={'balls': 0}
2024-02-02 10:46:49,837 : INFO : ball_device.bd_trough : State: idle
2024-02-02 10:46:50,034 : INFO : SwitchController : <<<<<<< 's_pop' active >>>>>>>
2024-02-02 10:46:50,034 : INFO : SwitchController : <<<<<<< 's_pop' inactive >>>>>>>
2024-02-02 10:46:52,145 : INFO : SwitchController : <<<<<<< 's_trough_1' active >>>>>>>
2024-02-02 10:46:52,230 : INFO : SwitchController : <<<<<<< 's_trough_1' inactive >>>>>>>
2024-02-02 10:46:52,261 : INFO : SwitchController : <<<<<<< 's_trough_2' active >>>>>>>
2024-02-02 10:46:52,322 : INFO : SwitchController : <<<<<<< 's_trough_2' inactive >>>>>>>
2024-02-02 10:46:52,353 : INFO : SwitchController : <<<<<<< 's_trough_3' active >>>>>>>
2024-02-02 10:46:52,415 : INFO : SwitchController : <<<<<<< 's_trough_3' inactive >>>>>>>
2024-02-02 10:46:52,433 : INFO : SwitchController : <<<<<<< 's_trough_4' active >>>>>>>
2024-02-02 10:46:52,933 : INFO : EventManager : Event: ======'balldevice_bd_trough_ball_count_changed'====== Args={'balls': 1}
2024-02-02 10:46:52,933 : INFO : ball_device.bd_trough : Received unexpected ball
2024-02-02 10:46:52,933 : INFO : EventManager : Event: ======'balldevice_captured_from_playfield'====== Args={'balls': 1}
2024-02-02 10:46:52,933 : INFO : EventManager : Event: ======'sw_playfield_active'====== Args={'balls': 1}
2024-02-02 10:46:52,933 : INFO : EventManager : Event: ======'playfield_ball_count_change'====== Args={'balls': 0, 'change': -1}
2024-02-02 10:46:52,934 : INFO : EventManager : Event: ======'balldevice_bd_trough_ball_enter'====== Args={'new_balls': 1, 'unclaimed_balls': 1, 'new_available_balls': 1, 'device': <ball_device.bd_trough>}
2024-02-02 10:46:52,934 : INFO : ball_device.bd_trough : Ejecting 1 unexpected balls using path deque([<ball_device.bd_trough>, <playfield.playfield>])
2024-02-02 10:46:52,934 : INFO : EventManager : Event: ======'balldevice_balls_available'====== Args={}
2024-02-02 10:46:52,934 : INFO : EventManager : Event: ======'balldevice_balls_available'====== Args={}
2024-02-02 10:46:52,934 : INFO : EventManager : Event: ======'balldevice_bd_trough_ball_entered'====== Args={'new_balls': 1, 'device': <ball_device.bd_trough>}
2024-02-02 10:46:52,935 : INFO : ball_device.bd_trough : State: waiting_for_target_ready
2024-02-02 10:46:52,935 : INFO : EventManager : Event: ======'balldevice_bd_trough_ball_eject_attempt'====== Args={'balls': 1, 'target': <playfield.playfield>, 'source': <ball_device.bd_trough>, 'mechanical_eject': False, 'num_attempts': 0}
2024-02-02 10:46:52,935 : INFO : ball_device.bd_trough : State: ejecting
2024-02-02 10:46:52,935 : INFO : ball_device.bd_trough : Ejecting ball to <playfield.playfield>
2024-02-02 10:46:52,935 : INFO : EventManager : Event: ======'balldevice_bd_trough_ejecting_ball'====== Args={'balls': 1, 'target': <playfield.playfield>, 'source': <ball_device.bd_trough>, 'mechanical_eject': False, 'num_attempts': 0}
2024-02-02 10:46:52,936 : INFO : ball_device.bd_trough : Wait for ball to leave device
2024-02-02 10:46:52,936 : INFO : coil.c_trough : Pulsing Driver for 13ms (0.95 pulse_power)
2024-02-02 10:46:52,965 : INFO : SwitchController : <<<<<<< 's_trough_4' inactive >>>>>>>
2024-02-02 10:46:52,965 : INFO : SwitchController : <<<<<<< 's_trough_4' active >>>>>>>
2024-02-02 10:46:52,966 : INFO : ball_device.bd_trough : State: ball_left
2024-02-02 10:46:52,967 : INFO : ball_device.bd_trough : Ball left
2024-02-02 10:46:52,967 : INFO : ball_device.bd_trough : Wait for confirm with timeout 10.0
2024-02-02 10:46:52,996 : INFO : SwitchController : <<<<<<< 's_trough_4' inactive >>>>>>>
2024-02-02 10:46:54,307 : INFO : SwitchController : <<<<<<< 's_flipper_l' active >>>>>>>
2024-02-02 10:46:54,826 : INFO : SwitchController : <<<<<<< 's_flipper_l' inactive >>>>>>>
2024-02-02 10:46:55,449 : INFO : SwitchController : <<<<<<< 's_flipper_r' active >>>>>>>
2024-02-02 10:46:55,650 : INFO : SwitchController : <<<<<<< 's_flipper_r' inactive >>>>>>>
2024-02-02 10:46:59,746 : INFO : SwitchController : <<<<<<< 's_trough_1' active >>>>>>>
2024-02-02 10:46:59,842 : INFO : SwitchController : <<<<<<< 's_trough_1' inactive >>>>>>>
2024-02-02 10:46:59,860 : INFO : SwitchController : <<<<<<< 's_trough_2' active >>>>>>>
2024-02-02 10:46:59,936 : INFO : SwitchController : <<<<<<< 's_trough_2' inactive >>>>>>>
2024-02-02 10:46:59,954 : INFO : SwitchController : <<<<<<< 's_trough_3' active >>>>>>>
2024-02-02 10:47:00,014 : INFO : SwitchController : <<<<<<< 's_trough_3' inactive >>>>>>>
2024-02-02 10:47:00,032 : INFO : SwitchController : <<<<<<< 's_trough_4' active >>>>>>>
2024-02-02 10:47:02,150 : INFO : Machine : Shutting down...
2024-02-02 10:47:02,150 : INFO : EventManager : Event: ======'shutdown'====== Args={}
2024-02-02 10:47:02,254 : INFO : root : MPF run loop ended.
