2024-02-01 16:16:23,968 : INFO : root : Loading config.
2024-02-01 16:16:23,972 : INFO : YamlMultifileConfigLoader : Machine config file #1: config.yaml
2024-02-01 16:16:23,973 : WARNING : ConfigProcessor : Config file in cache changed: c:\lofab\config\config.yaml
2024-02-01 16:16:23,973 : INFO : ConfigProcessor : Loading config from file C:\Users\Tanner\AppData\Local\Packages\PythonSoftwareFoundation.Python.3.11_qbz5n2kfra8p0\LocalCache\local-packages\Python311\site-packages\mpf\mpfconfig.yaml.
2024-02-01 16:16:23,984 : INFO : ConfigProcessor : Loading config: C:\Users\Tanner\AppData\Local\Packages\PythonSoftwareFoundation.Python.3.11_qbz5n2kfra8p0\LocalCache\local-packages\Python311\site-packages\mpf\mpfconfig.yaml
2024-02-01 16:16:23,984 : INFO : ConfigProcessor : Loading config from file c:\lofab\config\config.yaml.
2024-02-01 16:16:23,988 : INFO : ConfigProcessor : Loading config: c:\lofab\config\config.yaml
2024-02-01 16:16:23,989 : INFO : ConfigProcessor : Config file cache created: C:\Users\Tanner\AppData\Local\Temp\ae594c12e5b61ed7124eed45950049a7.mpf_cache
2024-02-01 16:16:24,059 : INFO : ConfigProcessor : Loading config from cache: C:\Users\Tanner\AppData\Local\Temp\165ae565642a148ddd3c4976ade4dd88.mpf_cache
2024-02-01 16:16:24,060 : INFO : ConfigProcessor : Loading config from cache: C:\Users\Tanner\AppData\Local\Temp\dfbe1b39ae456f06de73c859384050b2.mpf_cache
2024-02-01 16:16:24,061 : INFO : Machine : Mission Pinball Framework Core Engine v0.57.0.dev33
2024-02-01 16:16:24,061 : INFO : Machine : Command line arguments: {'no_load_cache': False, 'create_config_cache': True, 'bcp': False, 'configfile': ['config.yaml'], 'force_assets_load': False, 'jsonlogging': False, 'logfile': 'logs\\2024-02-01-16-16-23-mpf-DESKTOP-7HNFDQ5.log', 'pause': False, 'production': False, 'text_ui': True, 'loglevel': 15, 'consoleloglevel': 20, 'force_platform': None, 'syslog_address': None, 'mc_file_name': None, 'no_sound': False}
2024-02-01 16:16:24,061 : INFO : Machine : MPF path: C:\Users\Tanner\AppData\Local\Packages\PythonSoftwareFoundation.Python.3.11_qbz5n2kfra8p0\LocalCache\local-packages\Python311\site-packages\mpf
2024-02-01 16:16:24,061 : INFO : Machine : Machine path: c:\lofab
2024-02-01 16:16:24,061 : INFO : Machine : Platform: win32
2024-02-01 16:16:24,061 : INFO : Machine : Python executable location: C:\Users\Tanner\AppData\Local\Microsoft\WindowsApps\PythonSoftwareFoundation.Python.3.11_qbz5n2kfra8p0\python.exe
2024-02-01 16:16:24,061 : INFO : Machine : Python version: 3.11.7 (64-bit)
2024-02-01 16:16:24,063 : INFO : Machine : Initializing MPF...
2024-02-01 16:16:24,283 : INFO : [NET] : Trying to connect to com9 at 921600bps
2024-02-01 16:16:24,360 : INFO : [NET] : Connected to com9 at 921600bps
2024-02-01 16:16:24,371 : INFO : [NET] : Connected to FP-CPU-2000 with firmware v02.13
2024-02-01 16:16:24,403 : INFO : [NET] : Registered I/O Board 0: Model: FP-I/O-0804, Firmware: 01.10, Switches: 8, Drivers: 4
2024-02-01 16:16:24,419 : INFO : [NET] : Registered I/O Board 1: Model: FP-I/O-0804, Firmware: 01.09, Switches: 8, Drivers: 4
2024-02-01 16:16:24,434 : INFO : [NET] : Registered I/O Board 2: Model: FP-I/O-3208, Firmware: 01.10, Switches: 32, Drivers: 8
2024-02-01 16:16:24,435 : INFO : [EXP] : Trying to connect to com10 at 921600bps
2024-02-01 16:16:24,513 : INFO : [EXP] : Connected to com10 at 921600bps
2024-02-01 16:16:24,526 : INFO : [EXP] : Verifying hardware for EXP "pf" (FP-EXP-0081, @84) with ID string "EXP FP-EXP-0081  0.12", board address 84
2024-02-01 16:16:24,541 : INFO : [EXP] : Verifying hardware for EXP "pf" (FP-EXP-0081, @84) with ID string "BRK FP-EXP-0081  0.12", board address 840
2024-02-01 16:16:24,557 : INFO : [EXP] : Verifying hardware for EXP "pf" (FP-EXP-0081, @84) with ID string "BRK FP-EXP-0081  0.12", board address 841
2024-02-01 16:16:24,572 : INFO : EventManager : Event: ======'machine_var_credits_string'====== Args={'value': 'FREE PLAY', 'prev_value': None, 'change': True}
2024-02-01 16:16:24,586 : INFO : EventManager : Event: ======'machine_var_master_volume'====== Args={'value': 0.5, 'prev_value': None, 'change': True}
2024-02-01 16:16:24,586 : INFO : EventManager : Event: ======'machine_var_player1_score'====== Args={'value': 0, 'prev_value': None, 'change': True}
2024-02-01 16:16:24,586 : INFO : EventManager : Event: ======'machine_var_mpf_version'====== Args={'value': 'Mission Pinball Framework v0.57.0.dev33', 'prev_value': None, 'change': True}
2024-02-01 16:16:24,586 : INFO : EventManager : Event: ======'machine_var_mpf_extended_version'====== Args={'value': 'Mission Pinball Framework v0.57.0.dev33, Config version:6, Show version: 6, BCP version:1.1', 'prev_value': None, 'change': True}
2024-02-01 16:16:24,586 : INFO : EventManager : Event: ======'machine_var_python_version'====== Args={'value': '3.11.7', 'prev_value': None, 'change': True}
2024-02-01 16:16:24,595 : INFO : EventManager : Event: ======'machine_var_platform'====== Args={'value': 'Windows-10-10.0.19045-SP0', 'prev_value': None, 'change': True}
2024-02-01 16:16:24,595 : INFO : EventManager : Event: ======'machine_var_platform_system'====== Args={'value': 'Windows', 'prev_value': None, 'change': True}
2024-02-01 16:16:24,595 : INFO : EventManager : Event: ======'machine_var_platform_release'====== Args={'value': '10', 'prev_value': None, 'change': True}
2024-02-01 16:16:24,595 : INFO : EventManager : Event: ======'machine_var_platform_version'====== Args={'value': '10.0.19045', 'prev_value': None, 'change': True}
2024-02-01 16:16:24,595 : INFO : EventManager : Event: ======'machine_var_platform_machine'====== Args={'value': 'AMD64', 'prev_value': None, 'change': True}
2024-02-01 16:16:24,595 : INFO : EventManager : Event: ======'init_phase_1'====== Args={}
2024-02-01 16:16:27,127 : INFO : EventManager : Event: ======'init_phase_2'====== Args={}
2024-02-01 16:16:27,130 : INFO : ball_device.bd_vuk : BCH: Initial count: 0
2024-02-01 16:16:27,130 : INFO : ball_device.bd_vuk : State: idle
2024-02-01 16:16:27,130 : INFO : ball_device.bd_trough : BCH: Initial count: 0
2024-02-01 16:16:27,131 : INFO : ball_device.bd_trough : State: idle
2024-02-01 16:16:27,138 : INFO : EventManager : Event: ======'init_phase_3'====== Args={}
2024-02-01 16:16:27,140 : INFO : EventManager : Event: ======'init_phase_4'====== Args={}
2024-02-01 16:16:27,140 : INFO : BallController : Initial balls found: 0
2024-02-01 16:16:27,141 : INFO : EventManager : Event: ======'machine_var_audits_events_game_ended'====== Args={'value': 44, 'prev_value': None, 'change': True}
2024-02-01 16:16:27,141 : INFO : EventManager : Event: ======'machine_var_audits_events_game_started'====== Args={'value': 116, 'prev_value': None, 'change': True}
2024-02-01 16:16:27,141 : INFO : EventManager : Event: ======'machine_var_audits_player_score'====== Args={'value': {'average': 0.0, 'top': [0, 0, 0, 0, 0, 0, 0, 0, 0, 0], 'total': 44}, 'prev_value': None, 'change': True}
2024-02-01 16:16:27,141 : INFO : EventManager : Event: ======'machine_var_audits_switches_s_autolauncher'====== Args={'value': 422, 'prev_value': None, 'change': True}
2024-02-01 16:16:27,141 : INFO : EventManager : Event: ======'machine_var_audits_switches_s_b_eos'====== Args={'value': 2450, 'prev_value': None, 'change': True}
2024-02-01 16:16:27,141 : INFO : EventManager : Event: ======'machine_var_audits_switches_s_b_pop'====== Args={'value': 446, 'prev_value': None, 'change': True}
2024-02-01 16:16:27,141 : INFO : EventManager : Event: ======'machine_var_audits_switches_s_b_rollover_interchange'====== Args={'value': 10, 'prev_value': None, 'change': True}
2024-02-01 16:16:27,142 : INFO : EventManager : Event: ======'machine_var_audits_switches_s_b_rollover_loop'====== Args={'value': 24, 'prev_value': None, 'change': True}
2024-02-01 16:16:27,142 : INFO : EventManager : Event: ======'machine_var_audits_switches_s_b_rollover_misc'====== Args={'value': 33, 'prev_value': None, 'change': True}
2024-02-01 16:16:27,142 : INFO : EventManager : Event: ======'machine_var_audits_switches_s_b_target_left'====== Args={'value': 21, 'prev_value': None, 'change': True}
2024-02-01 16:16:27,142 : INFO : EventManager : Event: ======'machine_var_audits_switches_s_b_target_right'====== Args={'value': 39, 'prev_value': None, 'change': True}
2024-02-01 16:16:27,142 : INFO : EventManager : Event: ======'machine_var_audits_switches_s_drop_mid_center'====== Args={'value': 113, 'prev_value': None, 'change': True}
2024-02-01 16:16:27,142 : INFO : EventManager : Event: ======'machine_var_audits_switches_s_drop_mid_left'====== Args={'value': 76, 'prev_value': None, 'change': True}
2024-02-01 16:16:27,142 : INFO : EventManager : Event: ======'machine_var_audits_switches_s_drop_mid_right'====== Args={'value': 96, 'prev_value': None, 'change': True}
2024-02-01 16:16:27,142 : INFO : EventManager : Event: ======'machine_var_audits_switches_s_drop_right_left'====== Args={'value': 32, 'prev_value': None, 'change': True}
2024-02-01 16:16:27,142 : INFO : EventManager : Event: ======'machine_var_audits_switches_s_drop_right_right'====== Args={'value': 32, 'prev_value': None, 'change': True}
2024-02-01 16:16:27,142 : INFO : EventManager : Event: ======'machine_var_audits_switches_s_drop_scoop'====== Args={'value': 0, 'prev_value': None, 'change': True}
2024-02-01 16:16:27,142 : INFO : EventManager : Event: ======'machine_var_audits_switches_s_drop_single'====== Args={'value': 24, 'prev_value': None, 'change': True}
2024-02-01 16:16:27,142 : INFO : EventManager : Event: ======'machine_var_audits_switches_s_flip_left_eos'====== Args={'value': 25095, 'prev_value': None, 'change': True}
2024-02-01 16:16:27,143 : INFO : EventManager : Event: ======'machine_var_audits_switches_s_flip_left_top_eos'====== Args={'value': 1729, 'prev_value': None, 'change': True}
2024-02-01 16:16:27,143 : INFO : EventManager : Event: ======'machine_var_audits_switches_s_flip_right_eos'====== Args={'value': 2110, 'prev_value': None, 'change': True}
2024-02-01 16:16:27,143 : INFO : EventManager : Event: ======'machine_var_audits_switches_s_inlane_left'====== Args={'value': 31, 'prev_value': None, 'change': True}
2024-02-01 16:16:27,143 : INFO : EventManager : Event: ======'machine_var_audits_switches_s_inlane_right'====== Args={'value': 59, 'prev_value': None, 'change': True}
2024-02-01 16:16:27,143 : INFO : EventManager : Event: ======'machine_var_audits_switches_s_l_rollover'====== Args={'value': 9, 'prev_value': None, 'change': True}
2024-02-01 16:16:27,143 : INFO : EventManager : Event: ======'machine_var_audits_switches_s_l_target_far'====== Args={'value': 9, 'prev_value': None, 'change': True}
2024-02-01 16:16:27,143 : INFO : EventManager : Event: ======'machine_var_audits_switches_s_l_target_large'====== Args={'value': 9, 'prev_value': None, 'change': True}
2024-02-01 16:16:27,143 : INFO : EventManager : Event: ======'machine_var_audits_switches_s_l_target_left'====== Args={'value': 10, 'prev_value': None, 'change': True}
2024-02-01 16:16:27,143 : INFO : EventManager : Event: ======'machine_var_audits_switches_s_l_target_right'====== Args={'value': 9, 'prev_value': None, 'change': True}
2024-02-01 16:16:27,144 : INFO : EventManager : Event: ======'machine_var_audits_switches_s_l_vuk'====== Args={'value': 9, 'prev_value': None, 'change': True}
2024-02-01 16:16:27,144 : INFO : EventManager : Event: ======'machine_var_audits_switches_s_launch'====== Args={'value': 460, 'prev_value': None, 'change': True}
2024-02-01 16:16:27,144 : INFO : EventManager : Event: ======'machine_var_audits_switches_s_left_flipper_1'====== Args={'value': 1947, 'prev_value': None, 'change': True}
2024-02-01 16:16:27,144 : INFO : EventManager : Event: ======'machine_var_audits_switches_s_left_flipper_2'====== Args={'value': 651, 'prev_value': None, 'change': True}
2024-02-01 16:16:27,144 : INFO : EventManager : Event: ======'machine_var_audits_switches_s_lock_1'====== Args={'value': 1, 'prev_value': None, 'change': True}
2024-02-01 16:16:27,144 : INFO : EventManager : Event: ======'machine_var_audits_switches_s_lock_2'====== Args={'value': 1, 'prev_value': None, 'change': True}
2024-02-01 16:16:27,144 : INFO : EventManager : Event: ======'machine_var_audits_switches_s_lock_3'====== Args={'value': 1, 'prev_value': None, 'change': True}
2024-02-01 16:16:27,144 : INFO : EventManager : Event: ======'machine_var_audits_switches_s_outlane_left'====== Args={'value': 12, 'prev_value': None, 'change': True}
2024-02-01 16:16:27,144 : INFO : EventManager : Event: ======'machine_var_audits_switches_s_outlane_right'====== Args={'value': 28, 'prev_value': None, 'change': True}
2024-02-01 16:16:27,145 : INFO : EventManager : Event: ======'machine_var_audits_switches_s_pop_left'====== Args={'value': 152, 'prev_value': None, 'change': True}
2024-02-01 16:16:27,145 : INFO : EventManager : Event: ======'machine_var_audits_switches_s_pop_lower'====== Args={'value': 560, 'prev_value': None, 'change': True}
2024-02-01 16:16:27,145 : INFO : EventManager : Event: ======'machine_var_audits_switches_s_pop_right'====== Args={'value': 2348, 'prev_value': None, 'change': True}
2024-02-01 16:16:27,145 : INFO : EventManager : Event: ======'machine_var_audits_switches_s_right_flipper_1'====== Args={'value': 3494, 'prev_value': None, 'change': True}
2024-02-01 16:16:27,145 : INFO : EventManager : Event: ======'machine_var_audits_switches_s_right_flipper_2'====== Args={'value': 3304, 'prev_value': None, 'change': True}
2024-02-01 16:16:27,145 : INFO : EventManager : Event: ======'machine_var_audits_switches_s_rollover_left'====== Args={'value': 84, 'prev_value': None, 'change': True}
2024-02-01 16:16:27,145 : INFO : EventManager : Event: ======'machine_var_audits_switches_s_rollover_right'====== Args={'value': 488, 'prev_value': None, 'change': True}
2024-02-01 16:16:27,145 : INFO : EventManager : Event: ======'machine_var_audits_switches_s_sling_left'====== Args={'value': 159, 'prev_value': None, 'change': True}
2024-02-01 16:16:27,146 : INFO : EventManager : Event: ======'machine_var_audits_switches_s_sling_right'====== Args={'value': 237, 'prev_value': None, 'change': True}
2024-02-01 16:16:27,146 : INFO : EventManager : Event: ======'machine_var_audits_switches_s_start'====== Args={'value': 113, 'prev_value': None, 'change': True}
2024-02-01 16:16:27,146 : INFO : EventManager : Event: ======'machine_var_audits_switches_s_tilt'====== Args={'value': 2735, 'prev_value': None, 'change': True}
2024-02-01 16:16:27,146 : INFO : EventManager : Event: ======'machine_var_audits_switches_s_trough_1'====== Args={'value': 0, 'prev_value': None, 'change': True}
2024-02-01 16:16:27,146 : INFO : EventManager : Event: ======'machine_var_audits_switches_s_trough_2'====== Args={'value': 440, 'prev_value': None, 'change': True}
2024-02-01 16:16:27,146 : INFO : EventManager : Event: ======'machine_var_audits_switches_s_trough_3'====== Args={'value': 394, 'prev_value': None, 'change': True}
2024-02-01 16:16:27,146 : INFO : EventManager : Event: ======'machine_var_audits_switches_s_trough_4'====== Args={'value': 396, 'prev_value': None, 'change': True}
2024-02-01 16:16:27,147 : INFO : EventManager : Event: ======'machine_var_audits_switches_s_trough_5'====== Args={'value': 284, 'prev_value': None, 'change': True}
2024-02-01 16:16:27,147 : INFO : EventManager : Event: ======'machine_var_audits_switches_s_trough_6'====== Args={'value': 277, 'prev_value': None, 'change': True}
2024-02-01 16:16:27,147 : INFO : EventManager : Event: ======'machine_var_audits_switches_s_trough_jam'====== Args={'value': 344, 'prev_value': None, 'change': True}
2024-02-01 16:16:27,147 : INFO : EventManager : Event: ======'machine_var_audits_switches_s_u_lane_l'====== Args={'value': 15, 'prev_value': None, 'change': True}
2024-02-01 16:16:27,147 : INFO : EventManager : Event: ======'machine_var_audits_switches_s_u_lane_r'====== Args={'value': 20, 'prev_value': None, 'change': True}
2024-02-01 16:16:27,147 : INFO : EventManager : Event: ======'machine_var_audits_switches_s_u_rollover'====== Args={'value': 10, 'prev_value': None, 'change': True}
2024-02-01 16:16:27,147 : INFO : EventManager : Event: ======'machine_var_audits_switches_s_u_target'====== Args={'value': 8, 'prev_value': None, 'change': True}
2024-02-01 16:16:27,148 : INFO : EventManager : Event: ======'machine_var_audits_switches_s_vuk_back'====== Args={'value': 489, 'prev_value': None, 'change': True}
2024-02-01 16:16:27,148 : INFO : EventManager : Event: ======'machine_var_audits_switches_s_vuk_right'====== Args={'value': 1, 'prev_value': None, 'change': True}
2024-02-01 16:16:27,148 : INFO : EventManager : Event: ======'machine_var_audits_switches_s_flipper_l'====== Args={'value': 0, 'prev_value': None, 'change': True}
2024-02-01 16:16:27,148 : INFO : EventManager : Event: ======'machine_var_audits_switches_s_flipper_r'====== Args={'value': 0, 'prev_value': None, 'change': True}
2024-02-01 16:16:27,148 : INFO : EventManager : Event: ======'machine_var_audits_switches_s_sling_l'====== Args={'value': 0, 'prev_value': None, 'change': True}
2024-02-01 16:16:27,148 : INFO : EventManager : Event: ======'machine_var_audits_switches_s_stationary_l'====== Args={'value': 0, 'prev_value': None, 'change': True}
2024-02-01 16:16:27,148 : INFO : EventManager : Event: ======'machine_var_audits_switches_s_9'====== Args={'value': 0, 'prev_value': None, 'change': True}
2024-02-01 16:16:27,149 : INFO : EventManager : Event: ======'machine_var_audits_switches_s_pop'====== Args={'value': 0, 'prev_value': None, 'change': True}
2024-02-01 16:16:27,149 : INFO : EventManager : Event: ======'machine_var_audits_switches_s_stationary_right'====== Args={'value': 0, 'prev_value': None, 'change': True}
2024-02-01 16:16:27,149 : INFO : EventManager : Event: ======'machine_var_audits_switches_s_stationary_back'====== Args={'value': 0, 'prev_value': None, 'change': True}
2024-02-01 16:16:27,149 : INFO : EventManager : Event: ======'machine_var_audits_switches_s_sling_r'====== Args={'value': 0, 'prev_value': None, 'change': True}
2024-02-01 16:16:27,149 : INFO : EventManager : Event: ======'machine_var_audits_switches_s_vuk'====== Args={'value': 0, 'prev_value': None, 'change': True}
2024-02-01 16:16:27,150 : INFO : EventManager : Event: ======'init_phase_5'====== Args={}
2024-02-01 16:16:27,177 : INFO : EventManager : Event: ======'init_done'====== Args={}
2024-02-01 16:16:27,189 : INFO : EventManager : Event: ======'machine_reset_phase_1'====== Args={}
2024-02-01 16:16:27,190 : INFO : EventManager : Event: ======'machine_reset_phase_2'====== Args={}
2024-02-01 16:16:27,190 : INFO : EventManager : Event: ======'machine_reset_phase_3'====== Args={}
2024-02-01 16:16:27,191 : INFO : EventManager : Event: ======'reset_complete'====== Args={}
2024-02-01 16:16:27,192 : INFO : EventManager : Event: ======'mode_attract_will_start'====== Args={}
2024-02-01 16:16:27,192 : INFO : EventManager : Event: ======'mode_attract_starting'====== Args={}
2024-02-01 16:16:27,192 : INFO : Mode.attract : Started. Priority: 10
2024-02-01 16:16:27,192 : INFO : EventManager : Event: ======'modes_active_modes_changed'====== Args={}
2024-02-01 16:16:27,192 : INFO : EventManager : Event: ======'mode_attract_started'====== Args={}
2024-02-01 16:16:27,192 : INFO : EventManager : Event: ======'collecting_balls_complete'====== Args={}
2024-02-01 16:16:27,208 : INFO : Machine : Starting the main run loop.
2024-02-01 16:16:28,750 : INFO : SwitchController : <<<<<<< 's_flipper_l' active >>>>>>>
2024-02-01 16:16:28,938 : INFO : SwitchController : <<<<<<< 's_flipper_l' inactive >>>>>>>
2024-02-01 16:16:29,248 : INFO : SwitchController : <<<<<<< 's_flipper_l' active >>>>>>>
2024-02-01 16:16:29,326 : INFO : SwitchController : <<<<<<< 's_flipper_l' inactive >>>>>>>
2024-02-01 16:16:29,609 : INFO : SwitchController : <<<<<<< 's_flipper_l' active >>>>>>>
2024-02-01 16:16:29,968 : INFO : SwitchController : <<<<<<< 's_flipper_l' inactive >>>>>>>
2024-02-01 16:16:32,348 : INFO : SwitchController : <<<<<<< 's_flipper_l' active >>>>>>>
2024-02-01 16:16:32,426 : INFO : SwitchController : <<<<<<< 's_flipper_l' inactive >>>>>>>
2024-02-01 16:16:32,597 : INFO : SwitchController : <<<<<<< 's_flipper_l' active >>>>>>>
2024-02-01 16:16:32,706 : INFO : SwitchController : <<<<<<< 's_flipper_l' inactive >>>>>>>
2024-02-01 16:16:33,797 : INFO : SwitchController : <<<<<<< 's_flipper_r' active >>>>>>>
2024-02-01 16:16:33,953 : INFO : SwitchController : <<<<<<< 's_flipper_r' inactive >>>>>>>
2024-02-01 16:16:34,110 : INFO : SwitchController : <<<<<<< 's_flipper_r' active >>>>>>>
2024-02-01 16:16:34,703 : INFO : SwitchController : <<<<<<< 's_flipper_r' inactive >>>>>>>
2024-02-01 16:16:36,595 : INFO : SwitchController : <<<<<<< 's_flipper_r' active >>>>>>>
2024-02-01 16:16:36,658 : INFO : SwitchController : <<<<<<< 's_flipper_r' inactive >>>>>>>
2024-02-01 16:16:40,084 : INFO : SwitchController : <<<<<<< 's_flipper_l' active >>>>>>>
2024-02-01 16:16:40,193 : INFO : SwitchController : <<<<<<< 's_flipper_l' inactive >>>>>>>
2024-02-01 16:16:41,480 : INFO : SwitchController : <<<<<<< 's_flipper_l' active >>>>>>>
2024-02-01 16:16:41,619 : INFO : SwitchController : <<<<<<< 's_pop' active >>>>>>>
2024-02-01 16:16:41,619 : INFO : EventManager : Event: ======'playfield_active'====== Args={}
2024-02-01 16:16:41,619 : INFO : EventManager : Event: ======'unexpected_ball_on_playfield'====== Args={}
2024-02-01 16:16:41,638 : INFO : SwitchController : <<<<<<< 's_pop' inactive >>>>>>>
2024-02-01 16:16:41,667 : INFO : SwitchController : <<<<<<< 's_flipper_l' inactive >>>>>>>
2024-02-01 16:16:41,792 : INFO : SwitchController : <<<<<<< 's_sling_l' active >>>>>>>
2024-02-01 16:16:41,792 : INFO : EventManager : Event: ======'playfield_active'====== Args={}
2024-02-01 16:16:41,792 : INFO : EventManager : Event: ======'unexpected_ball_on_playfield'====== Args={}
2024-02-01 16:16:41,809 : INFO : SwitchController : <<<<<<< 's_sling_l' inactive >>>>>>>
2024-02-01 16:16:42,057 : INFO : SwitchController : <<<<<<< 's_stationary_back' active >>>>>>>
2024-02-01 16:16:42,057 : INFO : EventManager : Event: ======'sw_playfield_active'====== Args={}
2024-02-01 16:16:42,057 : INFO : SwitchController : <<<<<<< 's_stationary_back' inactive >>>>>>>
2024-02-01 16:16:42,057 : INFO : EventManager : Event: ======'playfield_active'====== Args={}
2024-02-01 16:16:42,057 : INFO : EventManager : Event: ======'unexpected_ball_on_playfield'====== Args={}
2024-02-01 16:16:42,151 : INFO : SwitchController : <<<<<<< 's_pop' active >>>>>>>
2024-02-01 16:16:42,151 : INFO : EventManager : Event: ======'playfield_active'====== Args={}
2024-02-01 16:16:42,151 : INFO : EventManager : Event: ======'unexpected_ball_on_playfield'====== Args={}
2024-02-01 16:16:42,177 : INFO : SwitchController : <<<<<<< 's_pop' inactive >>>>>>>
2024-02-01 16:16:42,572 : INFO : SwitchController : <<<<<<< 's_flipper_l' active >>>>>>>
2024-02-01 16:16:42,729 : INFO : SwitchController : <<<<<<< 's_flipper_l' inactive >>>>>>>
2024-02-01 16:16:42,747 : INFO : SwitchController : <<<<<<< 's_stationary_right' active >>>>>>>
2024-02-01 16:16:42,747 : INFO : EventManager : Event: ======'sw_playfield_active'====== Args={}
2024-02-01 16:16:42,747 : INFO : SwitchController : <<<<<<< 's_stationary_right' inactive >>>>>>>
2024-02-01 16:16:42,748 : INFO : EventManager : Event: ======'playfield_active'====== Args={}
2024-02-01 16:16:42,748 : INFO : EventManager : Event: ======'unexpected_ball_on_playfield'====== Args={}
2024-02-01 16:16:42,870 : INFO : SwitchController : <<<<<<< 's_sling_r' active >>>>>>>
2024-02-01 16:16:42,870 : INFO : EventManager : Event: ======'playfield_active'====== Args={}
2024-02-01 16:16:42,870 : INFO : EventManager : Event: ======'unexpected_ball_on_playfield'====== Args={}
2024-02-01 16:16:42,888 : INFO : SwitchController : <<<<<<< 's_sling_r' inactive >>>>>>>
2024-02-01 16:16:43,058 : INFO : SwitchController : <<<<<<< 's_stationary_l' active >>>>>>>
2024-02-01 16:16:43,058 : INFO : EventManager : Event: ======'sw_playfield_active'====== Args={}
2024-02-01 16:16:43,058 : INFO : EventManager : Event: ======'playfield_active'====== Args={}
2024-02-01 16:16:43,058 : INFO : EventManager : Event: ======'unexpected_ball_on_playfield'====== Args={}
2024-02-01 16:16:43,073 : INFO : SwitchController : <<<<<<< 's_stationary_l' inactive >>>>>>>
2024-02-01 16:16:43,526 : INFO : SwitchController : <<<<<<< 's_flipper_l' active >>>>>>>
2024-02-01 16:16:43,684 : INFO : SwitchController : <<<<<<< 's_flipper_l' inactive >>>>>>>
2024-02-01 16:16:44,534 : INFO : SwitchController : <<<<<<< 's_flipper_r' active >>>>>>>
2024-02-01 16:16:44,740 : INFO : SwitchController : <<<<<<< 's_flipper_r' inactive >>>>>>>
2024-02-01 16:16:44,754 : INFO : SwitchController : <<<<<<< 's_pop' active >>>>>>>
2024-02-01 16:16:44,754 : INFO : EventManager : Event: ======'playfield_active'====== Args={}
2024-02-01 16:16:44,754 : INFO : EventManager : Event: ======'unexpected_ball_on_playfield'====== Args={}
2024-02-01 16:16:44,754 : INFO : SwitchController : <<<<<<< 's_pop' inactive >>>>>>>
2024-02-01 16:16:46,418 : INFO : SwitchController : <<<<<<< 's_flipper_l' active >>>>>>>
2024-02-01 16:16:46,543 : INFO : SwitchController : <<<<<<< 's_flipper_l' inactive >>>>>>>
2024-02-01 16:16:46,589 : INFO : SwitchController : <<<<<<< 's_stationary_back' active >>>>>>>
2024-02-01 16:16:46,589 : INFO : EventManager : Event: ======'sw_playfield_active'====== Args={}
2024-02-01 16:16:46,589 : INFO : SwitchController : <<<<<<< 's_stationary_back' inactive >>>>>>>
2024-02-01 16:16:46,589 : INFO : EventManager : Event: ======'playfield_active'====== Args={}
2024-02-01 16:16:46,589 : INFO : EventManager : Event: ======'unexpected_ball_on_playfield'====== Args={}
2024-02-01 16:16:46,605 : INFO : SwitchController : <<<<<<< 's_pop' active >>>>>>>
2024-02-01 16:16:46,605 : INFO : EventManager : Event: ======'playfield_active'====== Args={}
2024-02-01 16:16:46,605 : INFO : EventManager : Event: ======'unexpected_ball_on_playfield'====== Args={}
2024-02-01 16:16:46,636 : INFO : SwitchController : <<<<<<< 's_pop' inactive >>>>>>>
2024-02-01 16:16:47,356 : INFO : SwitchController : <<<<<<< 's_flipper_l' active >>>>>>>
2024-02-01 16:16:47,465 : INFO : SwitchController : <<<<<<< 's_flipper_l' inactive >>>>>>>
2024-02-01 16:16:48,136 : INFO : SwitchController : <<<<<<< 's_flipper_r' active >>>>>>>
2024-02-01 16:16:48,199 : INFO : SwitchController : <<<<<<< 's_flipper_r' inactive >>>>>>>
2024-02-01 16:16:48,480 : INFO : SwitchController : <<<<<<< 's_flipper_r' active >>>>>>>
2024-02-01 16:16:48,887 : INFO : SwitchController : <<<<<<< 's_flipper_r' inactive >>>>>>>
2024-02-01 16:16:49,450 : INFO : SwitchController : <<<<<<< 's_flipper_r' active >>>>>>>
2024-02-01 16:16:49,528 : INFO : SwitchController : <<<<<<< 's_flipper_r' inactive >>>>>>>
2024-02-01 16:16:49,998 : INFO : SwitchController : <<<<<<< 's_flipper_l' active >>>>>>>
2024-02-01 16:16:50,092 : INFO : SwitchController : <<<<<<< 's_flipper_l' inactive >>>>>>>
2024-02-01 16:16:50,311 : INFO : SwitchController : <<<<<<< 's_flipper_l' active >>>>>>>
2024-02-01 16:16:51,270 : INFO : SwitchController : <<<<<<< 's_flipper_l' inactive >>>>>>>
2024-02-01 16:16:51,610 : INFO : SwitchController : <<<<<<< 's_flipper_l' active >>>>>>>
2024-02-01 16:16:51,736 : INFO : SwitchController : <<<<<<< 's_flipper_l' inactive >>>>>>>
2024-02-01 16:16:53,015 : INFO : SwitchController : <<<<<<< 's_flipper_l' active >>>>>>>
2024-02-01 16:16:53,170 : INFO : SwitchController : <<<<<<< 's_flipper_l' inactive >>>>>>>
2024-02-01 16:16:53,170 : INFO : SwitchController : <<<<<<< 's_pop' active >>>>>>>
2024-02-01 16:16:53,170 : INFO : EventManager : Event: ======'playfield_active'====== Args={}
2024-02-01 16:16:53,170 : INFO : EventManager : Event: ======'unexpected_ball_on_playfield'====== Args={}
2024-02-01 16:16:53,177 : INFO : SwitchController : <<<<<<< 's_pop' inactive >>>>>>>
2024-02-01 16:16:54,193 : INFO : SwitchController : <<<<<<< 's_trough_1' active >>>>>>>
2024-02-01 16:16:54,287 : INFO : SwitchController : <<<<<<< 's_trough_1' inactive >>>>>>>
2024-02-01 16:16:54,318 : INFO : SwitchController : <<<<<<< 's_trough_2' active >>>>>>>
2024-02-01 16:16:54,396 : INFO : SwitchController : <<<<<<< 's_trough_2' inactive >>>>>>>
2024-02-01 16:16:54,414 : INFO : SwitchController : <<<<<<< 's_trough_3' active >>>>>>>
2024-02-01 16:16:54,474 : INFO : SwitchController : <<<<<<< 's_trough_3' inactive >>>>>>>
2024-02-01 16:16:54,491 : INFO : SwitchController : <<<<<<< 's_trough_4' active >>>>>>>
2024-02-01 16:16:55,001 : INFO : EventManager : Event: ======'balldevice_bd_trough_ball_count_changed'====== Args={'balls': 1}
2024-02-01 16:16:55,001 : INFO : ball_device.bd_trough : Received unexpected ball
2024-02-01 16:16:55,001 : INFO : EventManager : Event: ======'balldevice_captured_from_playfield'====== Args={'balls': 1}
2024-02-01 16:16:55,001 : INFO : EventManager : Event: ======'sw_playfield_active'====== Args={'balls': 1}
2024-02-01 16:16:55,001 : INFO : EventManager : Event: ======'playfield_active'====== Args={}
2024-02-01 16:16:55,001 : INFO : EventManager : Event: ======'unexpected_ball_on_playfield'====== Args={}
2024-02-01 16:16:55,001 : INFO : EventManager : Event: ======'playfield_ball_count_change'====== Args={'balls': -1, 'change': -1}
2024-02-01 16:16:55,002 : INFO : EventManager : Event: ======'balldevice_playfield_ball_enter'====== Args={'new_balls': 1, 'unclaimed_balls': 1, 'device': <playfield.playfield>}
2024-02-01 16:16:55,002 : INFO : EventManager : Event: ======'playfield_ball_count_change'====== Args={'balls': 0, 'change': 1}
2024-02-01 16:16:55,002 : INFO : BallController : Found a new ball which was captured from playfield. Known balls: 1
2024-02-01 16:16:55,002 : INFO : EventManager : Event: ======'found_new_ball'====== Args={}
2024-02-01 16:16:55,002 : INFO : EventManager : Event: ======'balldevice_bd_trough_ball_enter'====== Args={'new_balls': 1, 'unclaimed_balls': 1, 'new_available_balls': 1, 'device': <ball_device.bd_trough>}
2024-02-01 16:16:55,002 : INFO : ball_device.bd_trough : Ejecting 1 unexpected balls using path deque([<ball_device.bd_trough>, <playfield.playfield>])
2024-02-01 16:16:55,003 : INFO : EventManager : Event: ======'balldevice_balls_available'====== Args={}
2024-02-01 16:16:55,003 : INFO : EventManager : Event: ======'balldevice_balls_available'====== Args={}
2024-02-01 16:16:55,003 : INFO : EventManager : Event: ======'balldevice_bd_trough_ball_entered'====== Args={'new_balls': 1, 'device': <ball_device.bd_trough>}
2024-02-01 16:16:55,003 : INFO : ball_device.bd_trough : State: waiting_for_target_ready
2024-02-01 16:16:55,003 : INFO : EventManager : Event: ======'balldevice_bd_trough_ball_eject_attempt'====== Args={'balls': 1, 'target': <playfield.playfield>, 'source': <ball_device.bd_trough>, 'mechanical_eject': False, 'num_attempts': 0}
2024-02-01 16:16:55,004 : INFO : ball_device.bd_trough : State: ejecting
2024-02-01 16:16:55,004 : INFO : ball_device.bd_trough : Ejecting ball to <playfield.playfield>
2024-02-01 16:16:55,004 : INFO : EventManager : Event: ======'balldevice_bd_trough_ejecting_ball'====== Args={'balls': 1, 'target': <playfield.playfield>, 'source': <ball_device.bd_trough>, 'mechanical_eject': False, 'num_attempts': 0}
2024-02-01 16:16:55,004 : INFO : ball_device.bd_trough : Wait for ball to leave device
2024-02-01 16:16:55,004 : INFO : coil.c_trough : Pulsing Driver for 60ms (1.0 pulse_power)
2024-02-01 16:16:55,094 : INFO : SwitchController : <<<<<<< 's_trough_4' inactive >>>>>>>
2024-02-01 16:16:55,097 : INFO : ball_device.bd_trough : State: ball_left
2024-02-01 16:16:55,097 : INFO : ball_device.bd_trough : Ball left
2024-02-01 16:16:55,097 : INFO : ball_device.bd_trough : Wait for confirm with timeout 10.0
2024-02-01 16:16:55,282 : INFO : SwitchController : <<<<<<< 's_flipper_l' active >>>>>>>
2024-02-01 16:16:55,610 : INFO : SwitchController : <<<<<<< 's_flipper_l' inactive >>>>>>>
2024-02-01 16:16:56,265 : INFO : SwitchController : <<<<<<< 's_flipper_r' active >>>>>>>
2024-02-01 16:16:56,392 : INFO : SwitchController : <<<<<<< 's_flipper_r' inactive >>>>>>>
2024-02-01 16:16:56,453 : INFO : SwitchController : <<<<<<< 's_stationary_l' active >>>>>>>
2024-02-01 16:16:56,453 : INFO : EventManager : Event: ======'sw_playfield_active'====== Args={}
2024-02-01 16:16:56,453 : INFO : EventManager : Event: ======'playfield_active'====== Args={}
2024-02-01 16:16:56,456 : INFO : ball_device.bd_trough : Got eject confirm
2024-02-01 16:16:56,456 : INFO : ball_device.bd_trough : Eject successful
2024-02-01 16:16:56,456 : INFO : EventManager : Event: ======'balldevice_bd_trough_ball_eject_success'====== Args={'balls': 1, 'target': <playfield.playfield>}
2024-02-01 16:16:56,456 : INFO : EventManager : Event: ======'balldevice_playfield_ball_enter'====== Args={'new_balls': 1, 'unclaimed_balls': 1, 'device': <playfield.playfield>}
2024-02-01 16:16:56,456 : INFO : EventManager : Event: ======'playfield_ball_count_change'====== Args={'balls': 1, 'change': 1}
2024-02-01 16:16:56,456 : INFO : EventManager : Event: ======'balldevice_bd_trough_ball_count_changed'====== Args={'balls': 0}
2024-02-01 16:16:56,457 : INFO : ball_device.bd_trough : State: idle
2024-02-01 16:16:56,469 : INFO : SwitchController : <<<<<<< 's_stationary_l' inactive >>>>>>>
2024-02-01 16:16:56,717 : INFO : SwitchController : <<<<<<< 's_sling_r' active >>>>>>>
2024-02-01 16:16:56,735 : INFO : SwitchController : <<<<<<< 's_sling_r' inactive >>>>>>>
2024-02-01 16:16:56,843 : INFO : SwitchController : <<<<<<< 's_pop' active >>>>>>>
2024-02-01 16:16:56,861 : INFO : SwitchController : <<<<<<< 's_pop' inactive >>>>>>>
2024-02-01 16:16:56,953 : INFO : SwitchController : <<<<<<< 's_sling_r' active >>>>>>>
2024-02-01 16:16:56,953 : INFO : SwitchController : <<<<<<< 's_sling_r' inactive >>>>>>>
2024-02-01 16:16:59,066 : INFO : SwitchController : <<<<<<< 's_flipper_l' active >>>>>>>
2024-02-01 16:16:59,178 : INFO : SwitchController : <<<<<<< 's_flipper_l' inactive >>>>>>>
2024-02-01 16:16:59,194 : INFO : SwitchController : <<<<<<< 's_stationary_right' active >>>>>>>
2024-02-01 16:16:59,194 : INFO : EventManager : Event: ======'sw_playfield_active'====== Args={}
2024-02-01 16:16:59,194 : INFO : SwitchController : <<<<<<< 's_stationary_right' inactive >>>>>>>
2024-02-01 16:16:59,286 : INFO : SwitchController : <<<<<<< 's_sling_r' active >>>>>>>
2024-02-01 16:16:59,303 : INFO : SwitchController : <<<<<<< 's_sling_r' inactive >>>>>>>
2024-02-01 16:17:00,333 : INFO : SwitchController : <<<<<<< 's_flipper_l' active >>>>>>>
2024-02-01 16:17:00,757 : INFO : SwitchController : <<<<<<< 's_flipper_l' inactive >>>>>>>
2024-02-01 16:17:01,115 : INFO : SwitchController : <<<<<<< 's_flipper_r' active >>>>>>>
2024-02-01 16:17:01,243 : INFO : SwitchController : <<<<<<< 's_flipper_r' inactive >>>>>>>
2024-02-01 16:17:01,477 : INFO : SwitchController : <<<<<<< 's_sling_r' active >>>>>>>
2024-02-01 16:17:01,494 : INFO : SwitchController : <<<<<<< 's_sling_r' inactive >>>>>>>
2024-02-01 16:17:01,646 : INFO : SwitchController : <<<<<<< 's_flipper_r' active >>>>>>>
2024-02-01 16:17:01,709 : INFO : SwitchController : <<<<<<< 's_flipper_r' inactive >>>>>>>
2024-02-01 16:17:02,493 : INFO : SwitchController : <<<<<<< 's_flipper_l' active >>>>>>>
2024-02-01 16:17:02,887 : INFO : SwitchController : <<<<<<< 's_flipper_l' inactive >>>>>>>
2024-02-01 16:17:02,979 : INFO : SwitchController : <<<<<<< 's_flipper_l' active >>>>>>>
2024-02-01 16:17:03,542 : INFO : SwitchController : <<<<<<< 's_flipper_l' inactive >>>>>>>
2024-02-01 16:17:04,108 : INFO : SwitchController : <<<<<<< 's_trough_1' active >>>>>>>
2024-02-01 16:17:04,201 : INFO : SwitchController : <<<<<<< 's_trough_1' inactive >>>>>>>
2024-02-01 16:17:04,219 : INFO : SwitchController : <<<<<<< 's_trough_2' active >>>>>>>
2024-02-01 16:17:04,294 : INFO : SwitchController : <<<<<<< 's_trough_2' inactive >>>>>>>
2024-02-01 16:17:04,312 : INFO : SwitchController : <<<<<<< 's_trough_3' active >>>>>>>
2024-02-01 16:17:04,372 : INFO : SwitchController : <<<<<<< 's_trough_3' inactive >>>>>>>
2024-02-01 16:17:04,389 : INFO : SwitchController : <<<<<<< 's_trough_4' active >>>>>>>
2024-02-01 16:17:04,887 : INFO : EventManager : Event: ======'balldevice_bd_trough_ball_count_changed'====== Args={'balls': 1}
2024-02-01 16:17:04,887 : INFO : ball_device.bd_trough : Received unexpected ball
2024-02-01 16:17:04,887 : INFO : EventManager : Event: ======'balldevice_captured_from_playfield'====== Args={'balls': 1}
2024-02-01 16:17:04,888 : INFO : EventManager : Event: ======'sw_playfield_active'====== Args={'balls': 1}
2024-02-01 16:17:04,888 : INFO : EventManager : Event: ======'playfield_ball_count_change'====== Args={'balls': 0, 'change': -1}
2024-02-01 16:17:04,888 : INFO : EventManager : Event: ======'balldevice_bd_trough_ball_enter'====== Args={'new_balls': 1, 'unclaimed_balls': 1, 'new_available_balls': 1, 'device': <ball_device.bd_trough>}
2024-02-01 16:17:04,888 : INFO : ball_device.bd_trough : Ejecting 1 unexpected balls using path deque([<ball_device.bd_trough>, <playfield.playfield>])
2024-02-01 16:17:04,889 : INFO : EventManager : Event: ======'balldevice_balls_available'====== Args={}
2024-02-01 16:17:04,889 : INFO : EventManager : Event: ======'balldevice_balls_available'====== Args={}
2024-02-01 16:17:04,889 : INFO : EventManager : Event: ======'balldevice_bd_trough_ball_entered'====== Args={'new_balls': 1, 'device': <ball_device.bd_trough>}
2024-02-01 16:17:04,889 : INFO : ball_device.bd_trough : State: waiting_for_target_ready
2024-02-01 16:17:04,889 : INFO : EventManager : Event: ======'balldevice_bd_trough_ball_eject_attempt'====== Args={'balls': 1, 'target': <playfield.playfield>, 'source': <ball_device.bd_trough>, 'mechanical_eject': False, 'num_attempts': 0}
2024-02-01 16:17:04,889 : INFO : ball_device.bd_trough : State: ejecting
2024-02-01 16:17:04,890 : INFO : ball_device.bd_trough : Ejecting ball to <playfield.playfield>
2024-02-01 16:17:04,890 : INFO : EventManager : Event: ======'balldevice_bd_trough_ejecting_ball'====== Args={'balls': 1, 'target': <playfield.playfield>, 'source': <ball_device.bd_trough>, 'mechanical_eject': False, 'num_attempts': 0}
2024-02-01 16:17:04,890 : INFO : ball_device.bd_trough : Wait for ball to leave device
2024-02-01 16:17:04,890 : INFO : coil.c_trough : Pulsing Driver for 60ms (1.0 pulse_power)
2024-02-01 16:17:04,982 : INFO : SwitchController : <<<<<<< 's_trough_4' inactive >>>>>>>
2024-02-01 16:17:04,984 : INFO : ball_device.bd_trough : State: ball_left
2024-02-01 16:17:04,985 : INFO : ball_device.bd_trough : Ball left
2024-02-01 16:17:04,985 : INFO : ball_device.bd_trough : Wait for confirm with timeout 10.0
2024-02-01 16:17:08,103 : INFO : SwitchController : <<<<<<< 's_trough_1' active >>>>>>>
2024-02-01 16:17:08,197 : INFO : SwitchController : <<<<<<< 's_trough_1' inactive >>>>>>>
2024-02-01 16:17:08,229 : INFO : SwitchController : <<<<<<< 's_trough_2' active >>>>>>>
2024-02-01 16:17:08,292 : INFO : SwitchController : <<<<<<< 's_trough_2' inactive >>>>>>>
2024-02-01 16:17:08,309 : INFO : SwitchController : <<<<<<< 's_trough_3' active >>>>>>>
2024-02-01 16:17:08,385 : INFO : SwitchController : <<<<<<< 's_trough_3' inactive >>>>>>>
2024-02-01 16:17:08,385 : INFO : SwitchController : <<<<<<< 's_trough_4' active >>>>>>>
2024-02-01 16:17:14,965 : INFO : ball_device.bd_trough : State: failed_confirm
2024-02-01 16:17:14,965 : INFO : ball_device.bd_trough : Got timeout (10.0s) before confirm from <playfield.playfield>
2024-02-01 16:17:15,059 : INFO : ball_device.bd_trough : Got unknown balls. Assuming a ball returned.
2024-02-01 16:17:15,059 : INFO : EventManager : Event: ======'balldevice_bd_trough_ball_eject_failed'====== Args={'target': <playfield.playfield>, 'balls': 1, 'retry': True, 'num_attempts': 1}
2024-02-01 16:17:15,059 : INFO : ball_device.bd_trough : State: waiting_for_target_ready
2024-02-01 16:17:15,060 : INFO : EventManager : Event: ======'balldevice_bd_trough_ball_eject_attempt'====== Args={'balls': 1, 'target': <playfield.playfield>, 'source': <ball_device.bd_trough>, 'mechanical_eject': False, 'num_attempts': 1}
2024-02-01 16:17:15,060 : INFO : ball_device.bd_trough : State: ejecting
2024-02-01 16:17:15,060 : INFO : ball_device.bd_trough : Ejecting ball to <playfield.playfield>
2024-02-01 16:17:15,060 : INFO : EventManager : Event: ======'balldevice_bd_trough_ejecting_ball'====== Args={'balls': 1, 'target': <playfield.playfield>, 'source': <ball_device.bd_trough>, 'mechanical_eject': False, 'num_attempts': 1}
2024-02-01 16:17:15,060 : INFO : ball_device.bd_trough : Wait for ball to leave device
2024-02-01 16:17:15,060 : INFO : coil.c_trough : Pulsing Driver for 60ms (1.0 pulse_power)
2024-02-01 16:17:15,154 : INFO : SwitchController : <<<<<<< 's_trough_4' inactive >>>>>>>
2024-02-01 16:17:15,156 : INFO : ball_device.bd_trough : State: ball_left
2024-02-01 16:17:15,156 : INFO : ball_device.bd_trough : Ball left
2024-02-01 16:17:15,156 : INFO : ball_device.bd_trough : Wait for confirm with timeout 10.0
2024-02-01 16:17:17,903 : INFO : Machine : Shutting down...
2024-02-01 16:17:17,904 : INFO : EventManager : Event: ======'shutdown'====== Args={}
2024-02-01 16:17:18,020 : INFO : root : MPF run loop ended.
