2024-02-01 18:37:48,815 : INFO : root : Loading config.
2024-02-01 18:37:48,819 : INFO : YamlMultifileConfigLoader : Machine config file #1: config.yaml
2024-02-01 18:37:48,819 : WARNING : ConfigProcessor : Config file in cache changed: c:\lofab\config\config.yaml
2024-02-01 18:37:48,819 : INFO : ConfigProcessor : Loading config from file C:\Users\Tanner\AppData\Local\Packages\PythonSoftwareFoundation.Python.3.11_qbz5n2kfra8p0\LocalCache\local-packages\Python311\site-packages\mpf\mpfconfig.yaml.
2024-02-01 18:37:48,830 : INFO : ConfigProcessor : Loading config: C:\Users\Tanner\AppData\Local\Packages\PythonSoftwareFoundation.Python.3.11_qbz5n2kfra8p0\LocalCache\local-packages\Python311\site-packages\mpf\mpfconfig.yaml
2024-02-01 18:37:48,830 : INFO : ConfigProcessor : Loading config from file c:\lofab\config\config.yaml.
2024-02-01 18:37:48,834 : INFO : ConfigProcessor : Loading config: c:\lofab\config\config.yaml
2024-02-01 18:37:48,835 : INFO : ConfigProcessor : Config file cache created: C:\Users\Tanner\AppData\Local\Temp\ae594c12e5b61ed7124eed45950049a7.mpf_cache
2024-02-01 18:37:48,905 : INFO : ConfigProcessor : Loading config from cache: C:\Users\Tanner\AppData\Local\Temp\165ae565642a148ddd3c4976ade4dd88.mpf_cache
2024-02-01 18:37:48,907 : INFO : ConfigProcessor : Loading config from cache: C:\Users\Tanner\AppData\Local\Temp\dfbe1b39ae456f06de73c859384050b2.mpf_cache
2024-02-01 18:37:48,907 : INFO : Machine : Mission Pinball Framework Core Engine v0.57.0.dev33
2024-02-01 18:37:48,907 : INFO : Machine : Command line arguments: {'no_load_cache': False, 'create_config_cache': True, 'bcp': False, 'configfile': ['config.yaml'], 'force_assets_load': False, 'jsonlogging': False, 'logfile': 'logs\\2024-02-01-18-37-48-mpf-DESKTOP-7HNFDQ5.log', 'pause': False, 'production': False, 'text_ui': True, 'loglevel': 15, 'consoleloglevel': 20, 'force_platform': None, 'syslog_address': None, 'mc_file_name': None, 'no_sound': False}
2024-02-01 18:37:48,907 : INFO : Machine : MPF path: C:\Users\Tanner\AppData\Local\Packages\PythonSoftwareFoundation.Python.3.11_qbz5n2kfra8p0\LocalCache\local-packages\Python311\site-packages\mpf
2024-02-01 18:37:48,907 : INFO : Machine : Machine path: c:\lofab
2024-02-01 18:37:48,908 : INFO : Machine : Platform: win32
2024-02-01 18:37:48,908 : INFO : Machine : Python executable location: C:\Users\Tanner\AppData\Local\Microsoft\WindowsApps\PythonSoftwareFoundation.Python.3.11_qbz5n2kfra8p0\python.exe
2024-02-01 18:37:48,908 : INFO : Machine : Python version: 3.11.7 (64-bit)
2024-02-01 18:37:48,910 : INFO : Machine : Initializing MPF...
2024-02-01 18:37:49,127 : INFO : [NET] : Trying to connect to com9 at 921600bps
2024-02-01 18:37:49,205 : INFO : [NET] : Connected to com9 at 921600bps
2024-02-01 18:37:49,213 : INFO : [NET] : Connected to FP-CPU-2000 with firmware v02.13
2024-02-01 18:37:49,244 : INFO : [NET] : Registered I/O Board 0: Model: FP-I/O-0804, Firmware: 01.10, Switches: 8, Drivers: 4
2024-02-01 18:37:49,260 : INFO : [NET] : Registered I/O Board 1: Model: FP-I/O-0804, Firmware: 01.09, Switches: 8, Drivers: 4
2024-02-01 18:37:49,276 : INFO : [NET] : Registered I/O Board 2: Model: FP-I/O-3208, Firmware: 01.10, Switches: 32, Drivers: 8
2024-02-01 18:37:49,277 : INFO : [EXP] : Trying to connect to com10 at 921600bps
2024-02-01 18:37:49,355 : INFO : [EXP] : Connected to com10 at 921600bps
2024-02-01 18:37:49,370 : INFO : [EXP] : Verifying hardware for EXP "pf" (FP-EXP-0081, @84) with ID string "EXP FP-EXP-0081  0.12", board address 84
2024-02-01 18:37:49,385 : INFO : [EXP] : Verifying hardware for EXP "pf" (FP-EXP-0081, @84) with ID string "BRK FP-EXP-0081  0.12", board address 840
2024-02-01 18:37:49,401 : INFO : [EXP] : Verifying hardware for EXP "pf" (FP-EXP-0081, @84) with ID string "BRK FP-EXP-0081  0.12", board address 841
2024-02-01 18:37:49,417 : INFO : EventManager : Event: ======'machine_var_credits_string'====== Args={'value': 'FREE PLAY', 'prev_value': None, 'change': True}
2024-02-01 18:37:49,434 : INFO : EventManager : Event: ======'machine_var_master_volume'====== Args={'value': 0.5, 'prev_value': None, 'change': True}
2024-02-01 18:37:49,434 : INFO : EventManager : Event: ======'machine_var_player1_score'====== Args={'value': 0, 'prev_value': None, 'change': True}
2024-02-01 18:37:49,434 : INFO : EventManager : Event: ======'machine_var_mpf_version'====== Args={'value': 'Mission Pinball Framework v0.57.0.dev33', 'prev_value': None, 'change': True}
2024-02-01 18:37:49,434 : INFO : EventManager : Event: ======'machine_var_mpf_extended_version'====== Args={'value': 'Mission Pinball Framework v0.57.0.dev33, Config version:6, Show version: 6, BCP version:1.1', 'prev_value': None, 'change': True}
2024-02-01 18:37:49,434 : INFO : EventManager : Event: ======'machine_var_python_version'====== Args={'value': '3.11.7', 'prev_value': None, 'change': True}
2024-02-01 18:37:49,442 : INFO : EventManager : Event: ======'machine_var_platform'====== Args={'value': 'Windows-10-10.0.19045-SP0', 'prev_value': None, 'change': True}
2024-02-01 18:37:49,443 : INFO : EventManager : Event: ======'machine_var_platform_system'====== Args={'value': 'Windows', 'prev_value': None, 'change': True}
2024-02-01 18:37:49,443 : INFO : EventManager : Event: ======'machine_var_platform_release'====== Args={'value': '10', 'prev_value': None, 'change': True}
2024-02-01 18:37:49,443 : INFO : EventManager : Event: ======'machine_var_platform_version'====== Args={'value': '10.0.19045', 'prev_value': None, 'change': True}
2024-02-01 18:37:49,443 : INFO : EventManager : Event: ======'machine_var_platform_machine'====== Args={'value': 'AMD64', 'prev_value': None, 'change': True}
2024-02-01 18:37:49,443 : INFO : EventManager : Event: ======'init_phase_1'====== Args={}
2024-02-01 18:37:51,993 : INFO : EventManager : Event: ======'init_phase_2'====== Args={}
2024-02-01 18:37:51,995 : INFO : ball_device.bd_vuk : BCH: Initial count: 0
2024-02-01 18:37:51,996 : INFO : ball_device.bd_vuk : State: idle
2024-02-01 18:37:51,996 : INFO : ball_device.bd_trough : BCH: Initial count: 0
2024-02-01 18:37:51,996 : INFO : ball_device.bd_trough : State: idle
2024-02-01 18:37:52,004 : INFO : EventManager : Event: ======'init_phase_3'====== Args={}
2024-02-01 18:37:52,025 : INFO : EventManager : Event: ======'init_phase_4'====== Args={}
2024-02-01 18:37:52,025 : INFO : BallController : Initial balls found: 0
2024-02-01 18:37:52,026 : INFO : EventManager : Event: ======'machine_var_audits_events_game_ended'====== Args={'value': 44, 'prev_value': None, 'change': True}
2024-02-01 18:37:52,027 : INFO : EventManager : Event: ======'machine_var_audits_events_game_started'====== Args={'value': 116, 'prev_value': None, 'change': True}
2024-02-01 18:37:52,027 : INFO : EventManager : Event: ======'machine_var_audits_player_score'====== Args={'value': {'average': 0.0, 'top': [0, 0, 0, 0, 0, 0, 0, 0, 0, 0], 'total': 44}, 'prev_value': None, 'change': True}
2024-02-01 18:37:52,027 : INFO : EventManager : Event: ======'machine_var_audits_switches_s_autolauncher'====== Args={'value': 422, 'prev_value': None, 'change': True}
2024-02-01 18:37:52,027 : INFO : EventManager : Event: ======'machine_var_audits_switches_s_b_eos'====== Args={'value': 2450, 'prev_value': None, 'change': True}
2024-02-01 18:37:52,027 : INFO : EventManager : Event: ======'machine_var_audits_switches_s_b_pop'====== Args={'value': 446, 'prev_value': None, 'change': True}
2024-02-01 18:37:52,027 : INFO : EventManager : Event: ======'machine_var_audits_switches_s_b_rollover_interchange'====== Args={'value': 10, 'prev_value': None, 'change': True}
2024-02-01 18:37:52,027 : INFO : EventManager : Event: ======'machine_var_audits_switches_s_b_rollover_loop'====== Args={'value': 24, 'prev_value': None, 'change': True}
2024-02-01 18:37:52,027 : INFO : EventManager : Event: ======'machine_var_audits_switches_s_b_rollover_misc'====== Args={'value': 33, 'prev_value': None, 'change': True}
2024-02-01 18:37:52,027 : INFO : EventManager : Event: ======'machine_var_audits_switches_s_b_target_left'====== Args={'value': 21, 'prev_value': None, 'change': True}
2024-02-01 18:37:52,027 : INFO : EventManager : Event: ======'machine_var_audits_switches_s_b_target_right'====== Args={'value': 39, 'prev_value': None, 'change': True}
2024-02-01 18:37:52,027 : INFO : EventManager : Event: ======'machine_var_audits_switches_s_drop_mid_center'====== Args={'value': 113, 'prev_value': None, 'change': True}
2024-02-01 18:37:52,027 : INFO : EventManager : Event: ======'machine_var_audits_switches_s_drop_mid_left'====== Args={'value': 76, 'prev_value': None, 'change': True}
2024-02-01 18:37:52,028 : INFO : EventManager : Event: ======'machine_var_audits_switches_s_drop_mid_right'====== Args={'value': 96, 'prev_value': None, 'change': True}
2024-02-01 18:37:52,028 : INFO : EventManager : Event: ======'machine_var_audits_switches_s_drop_right_left'====== Args={'value': 32, 'prev_value': None, 'change': True}
2024-02-01 18:37:52,028 : INFO : EventManager : Event: ======'machine_var_audits_switches_s_drop_right_right'====== Args={'value': 32, 'prev_value': None, 'change': True}
2024-02-01 18:37:52,028 : INFO : EventManager : Event: ======'machine_var_audits_switches_s_drop_scoop'====== Args={'value': 0, 'prev_value': None, 'change': True}
2024-02-01 18:37:52,028 : INFO : EventManager : Event: ======'machine_var_audits_switches_s_drop_single'====== Args={'value': 24, 'prev_value': None, 'change': True}
2024-02-01 18:37:52,028 : INFO : EventManager : Event: ======'machine_var_audits_switches_s_flip_left_eos'====== Args={'value': 25095, 'prev_value': None, 'change': True}
2024-02-01 18:37:52,028 : INFO : EventManager : Event: ======'machine_var_audits_switches_s_flip_left_top_eos'====== Args={'value': 1729, 'prev_value': None, 'change': True}
2024-02-01 18:37:52,028 : INFO : EventManager : Event: ======'machine_var_audits_switches_s_flip_right_eos'====== Args={'value': 2110, 'prev_value': None, 'change': True}
2024-02-01 18:37:52,028 : INFO : EventManager : Event: ======'machine_var_audits_switches_s_inlane_left'====== Args={'value': 31, 'prev_value': None, 'change': True}
2024-02-01 18:37:52,028 : INFO : EventManager : Event: ======'machine_var_audits_switches_s_inlane_right'====== Args={'value': 59, 'prev_value': None, 'change': True}
2024-02-01 18:37:52,028 : INFO : EventManager : Event: ======'machine_var_audits_switches_s_l_rollover'====== Args={'value': 9, 'prev_value': None, 'change': True}
2024-02-01 18:37:52,029 : INFO : EventManager : Event: ======'machine_var_audits_switches_s_l_target_far'====== Args={'value': 9, 'prev_value': None, 'change': True}
2024-02-01 18:37:52,029 : INFO : EventManager : Event: ======'machine_var_audits_switches_s_l_target_large'====== Args={'value': 9, 'prev_value': None, 'change': True}
2024-02-01 18:37:52,029 : INFO : EventManager : Event: ======'machine_var_audits_switches_s_l_target_left'====== Args={'value': 10, 'prev_value': None, 'change': True}
2024-02-01 18:37:52,029 : INFO : EventManager : Event: ======'machine_var_audits_switches_s_l_target_right'====== Args={'value': 9, 'prev_value': None, 'change': True}
2024-02-01 18:37:52,029 : INFO : EventManager : Event: ======'machine_var_audits_switches_s_l_vuk'====== Args={'value': 9, 'prev_value': None, 'change': True}
2024-02-01 18:37:52,029 : INFO : EventManager : Event: ======'machine_var_audits_switches_s_launch'====== Args={'value': 460, 'prev_value': None, 'change': True}
2024-02-01 18:37:52,029 : INFO : EventManager : Event: ======'machine_var_audits_switches_s_left_flipper_1'====== Args={'value': 1947, 'prev_value': None, 'change': True}
2024-02-01 18:37:52,029 : INFO : EventManager : Event: ======'machine_var_audits_switches_s_left_flipper_2'====== Args={'value': 651, 'prev_value': None, 'change': True}
2024-02-01 18:37:52,030 : INFO : EventManager : Event: ======'machine_var_audits_switches_s_lock_1'====== Args={'value': 1, 'prev_value': None, 'change': True}
2024-02-01 18:37:52,030 : INFO : EventManager : Event: ======'machine_var_audits_switches_s_lock_2'====== Args={'value': 1, 'prev_value': None, 'change': True}
2024-02-01 18:37:52,030 : INFO : EventManager : Event: ======'machine_var_audits_switches_s_lock_3'====== Args={'value': 1, 'prev_value': None, 'change': True}
2024-02-01 18:37:52,030 : INFO : EventManager : Event: ======'machine_var_audits_switches_s_outlane_left'====== Args={'value': 12, 'prev_value': None, 'change': True}
2024-02-01 18:37:52,030 : INFO : EventManager : Event: ======'machine_var_audits_switches_s_outlane_right'====== Args={'value': 28, 'prev_value': None, 'change': True}
2024-02-01 18:37:52,030 : INFO : EventManager : Event: ======'machine_var_audits_switches_s_pop_left'====== Args={'value': 152, 'prev_value': None, 'change': True}
2024-02-01 18:37:52,030 : INFO : EventManager : Event: ======'machine_var_audits_switches_s_pop_lower'====== Args={'value': 560, 'prev_value': None, 'change': True}
2024-02-01 18:37:52,030 : INFO : EventManager : Event: ======'machine_var_audits_switches_s_pop_right'====== Args={'value': 2348, 'prev_value': None, 'change': True}
2024-02-01 18:37:52,030 : INFO : EventManager : Event: ======'machine_var_audits_switches_s_right_flipper_1'====== Args={'value': 3494, 'prev_value': None, 'change': True}
2024-02-01 18:37:52,031 : INFO : EventManager : Event: ======'machine_var_audits_switches_s_right_flipper_2'====== Args={'value': 3304, 'prev_value': None, 'change': True}
2024-02-01 18:37:52,031 : INFO : EventManager : Event: ======'machine_var_audits_switches_s_rollover_left'====== Args={'value': 84, 'prev_value': None, 'change': True}
2024-02-01 18:37:52,031 : INFO : EventManager : Event: ======'machine_var_audits_switches_s_rollover_right'====== Args={'value': 488, 'prev_value': None, 'change': True}
2024-02-01 18:37:52,031 : INFO : EventManager : Event: ======'machine_var_audits_switches_s_sling_left'====== Args={'value': 159, 'prev_value': None, 'change': True}
2024-02-01 18:37:52,031 : INFO : EventManager : Event: ======'machine_var_audits_switches_s_sling_right'====== Args={'value': 237, 'prev_value': None, 'change': True}
2024-02-01 18:37:52,031 : INFO : EventManager : Event: ======'machine_var_audits_switches_s_start'====== Args={'value': 113, 'prev_value': None, 'change': True}
2024-02-01 18:37:52,031 : INFO : EventManager : Event: ======'machine_var_audits_switches_s_tilt'====== Args={'value': 2735, 'prev_value': None, 'change': True}
2024-02-01 18:37:52,031 : INFO : EventManager : Event: ======'machine_var_audits_switches_s_trough_1'====== Args={'value': 0, 'prev_value': None, 'change': True}
2024-02-01 18:37:52,032 : INFO : EventManager : Event: ======'machine_var_audits_switches_s_trough_2'====== Args={'value': 440, 'prev_value': None, 'change': True}
2024-02-01 18:37:52,032 : INFO : EventManager : Event: ======'machine_var_audits_switches_s_trough_3'====== Args={'value': 394, 'prev_value': None, 'change': True}
2024-02-01 18:37:52,032 : INFO : EventManager : Event: ======'machine_var_audits_switches_s_trough_4'====== Args={'value': 396, 'prev_value': None, 'change': True}
2024-02-01 18:37:52,032 : INFO : EventManager : Event: ======'machine_var_audits_switches_s_trough_5'====== Args={'value': 284, 'prev_value': None, 'change': True}
2024-02-01 18:37:52,032 : INFO : EventManager : Event: ======'machine_var_audits_switches_s_trough_6'====== Args={'value': 277, 'prev_value': None, 'change': True}
2024-02-01 18:37:52,032 : INFO : EventManager : Event: ======'machine_var_audits_switches_s_trough_jam'====== Args={'value': 344, 'prev_value': None, 'change': True}
2024-02-01 18:37:52,032 : INFO : EventManager : Event: ======'machine_var_audits_switches_s_u_lane_l'====== Args={'value': 15, 'prev_value': None, 'change': True}
2024-02-01 18:37:52,032 : INFO : EventManager : Event: ======'machine_var_audits_switches_s_u_lane_r'====== Args={'value': 20, 'prev_value': None, 'change': True}
2024-02-01 18:37:52,033 : INFO : EventManager : Event: ======'machine_var_audits_switches_s_u_rollover'====== Args={'value': 10, 'prev_value': None, 'change': True}
2024-02-01 18:37:52,033 : INFO : EventManager : Event: ======'machine_var_audits_switches_s_u_target'====== Args={'value': 8, 'prev_value': None, 'change': True}
2024-02-01 18:37:52,033 : INFO : EventManager : Event: ======'machine_var_audits_switches_s_vuk_back'====== Args={'value': 489, 'prev_value': None, 'change': True}
2024-02-01 18:37:52,033 : INFO : EventManager : Event: ======'machine_var_audits_switches_s_vuk_right'====== Args={'value': 1, 'prev_value': None, 'change': True}
2024-02-01 18:37:52,033 : INFO : EventManager : Event: ======'machine_var_audits_switches_s_flipper_l'====== Args={'value': 0, 'prev_value': None, 'change': True}
2024-02-01 18:37:52,033 : INFO : EventManager : Event: ======'machine_var_audits_switches_s_flipper_r'====== Args={'value': 0, 'prev_value': None, 'change': True}
2024-02-01 18:37:52,033 : INFO : EventManager : Event: ======'machine_var_audits_switches_s_sling_l'====== Args={'value': 0, 'prev_value': None, 'change': True}
2024-02-01 18:37:52,034 : INFO : EventManager : Event: ======'machine_var_audits_switches_s_stationary_l'====== Args={'value': 0, 'prev_value': None, 'change': True}
2024-02-01 18:37:52,034 : INFO : EventManager : Event: ======'machine_var_audits_switches_s_9'====== Args={'value': 0, 'prev_value': None, 'change': True}
2024-02-01 18:37:52,034 : INFO : EventManager : Event: ======'machine_var_audits_switches_s_pop'====== Args={'value': 0, 'prev_value': None, 'change': True}
2024-02-01 18:37:52,034 : INFO : EventManager : Event: ======'machine_var_audits_switches_s_stationary_right'====== Args={'value': 0, 'prev_value': None, 'change': True}
2024-02-01 18:37:52,034 : INFO : EventManager : Event: ======'machine_var_audits_switches_s_stationary_back'====== Args={'value': 0, 'prev_value': None, 'change': True}
2024-02-01 18:37:52,034 : INFO : EventManager : Event: ======'machine_var_audits_switches_s_sling_r'====== Args={'value': 0, 'prev_value': None, 'change': True}
2024-02-01 18:37:52,035 : INFO : EventManager : Event: ======'machine_var_audits_switches_s_vuk'====== Args={'value': 0, 'prev_value': None, 'change': True}
2024-02-01 18:37:52,035 : INFO : EventManager : Event: ======'init_phase_5'====== Args={}
2024-02-01 18:37:52,055 : INFO : EventManager : Event: ======'init_done'====== Args={}
2024-02-01 18:37:52,055 : INFO : EventManager : Event: ======'machine_reset_phase_1'====== Args={}
2024-02-01 18:37:52,055 : INFO : EventManager : Event: ======'machine_reset_phase_2'====== Args={}
2024-02-01 18:37:52,056 : INFO : EventManager : Event: ======'machine_reset_phase_3'====== Args={}
2024-02-01 18:37:52,057 : INFO : EventManager : Event: ======'reset_complete'====== Args={}
2024-02-01 18:37:52,057 : INFO : EventManager : Event: ======'mode_attract_will_start'====== Args={}
2024-02-01 18:37:52,057 : INFO : EventManager : Event: ======'mode_attract_starting'====== Args={}
2024-02-01 18:37:52,057 : INFO : Mode.attract : Started. Priority: 10
2024-02-01 18:37:52,057 : INFO : EventManager : Event: ======'modes_active_modes_changed'====== Args={}
2024-02-01 18:37:52,057 : INFO : EventManager : Event: ======'mode_attract_started'====== Args={}
2024-02-01 18:37:52,057 : INFO : EventManager : Event: ======'collecting_balls_complete'====== Args={}
2024-02-01 18:37:52,071 : INFO : Machine : Starting the main run loop.
2024-02-01 18:37:52,778 : INFO : SwitchController : <<<<<<< 's_flipper_r' active >>>>>>>
2024-02-01 18:37:52,871 : INFO : SwitchController : <<<<<<< 's_flipper_r' inactive >>>>>>>
2024-02-01 18:37:53,212 : INFO : SwitchController : <<<<<<< 's_flipper_r' active >>>>>>>
2024-02-01 18:37:56,214 : INFO : EventManager : Event: ======'flipper_cradle'====== Args={}
2024-02-01 18:37:59,063 : INFO : SwitchController : <<<<<<< 's_flipper_r' inactive >>>>>>>
2024-02-01 18:37:59,063 : INFO : EventManager : Event: ======'flipper_cradle_release'====== Args={}
2024-02-01 18:37:59,596 : INFO : SwitchController : <<<<<<< 's_flipper_r' active >>>>>>>
2024-02-01 18:37:59,737 : INFO : SwitchController : <<<<<<< 's_stationary_l' active >>>>>>>
2024-02-01 18:37:59,737 : INFO : EventManager : Event: ======'sw_playfield_active'====== Args={}
2024-02-01 18:37:59,737 : INFO : SwitchController : <<<<<<< 's_stationary_l' inactive >>>>>>>
2024-02-01 18:37:59,737 : INFO : EventManager : Event: ======'playfield_active'====== Args={}
2024-02-01 18:37:59,737 : INFO : EventManager : Event: ======'unexpected_ball_on_playfield'====== Args={}
2024-02-01 18:37:59,801 : INFO : SwitchController : <<<<<<< 's_flipper_r' inactive >>>>>>>
2024-02-01 18:38:01,528 : INFO : SwitchController : <<<<<<< 's_flipper_l' active >>>>>>>
2024-02-01 18:38:01,746 : INFO : SwitchController : <<<<<<< 's_flipper_l' inactive >>>>>>>
2024-02-01 18:38:02,416 : INFO : SwitchController : <<<<<<< 's_trough_1' active >>>>>>>
2024-02-01 18:38:02,509 : INFO : SwitchController : <<<<<<< 's_trough_1' inactive >>>>>>>
2024-02-01 18:38:02,524 : INFO : SwitchController : <<<<<<< 's_trough_2' active >>>>>>>
2024-02-01 18:38:02,603 : INFO : SwitchController : <<<<<<< 's_trough_2' inactive >>>>>>>
2024-02-01 18:38:02,620 : INFO : SwitchController : <<<<<<< 's_trough_3' active >>>>>>>
2024-02-01 18:38:02,680 : INFO : SwitchController : <<<<<<< 's_trough_3' inactive >>>>>>>
2024-02-01 18:38:02,698 : INFO : SwitchController : <<<<<<< 's_trough_4' active >>>>>>>
2024-02-01 18:38:03,196 : INFO : EventManager : Event: ======'balldevice_bd_trough_ball_count_changed'====== Args={'balls': 1}
2024-02-01 18:38:03,196 : INFO : ball_device.bd_trough : Received unexpected ball
2024-02-01 18:38:03,196 : INFO : EventManager : Event: ======'balldevice_captured_from_playfield'====== Args={'balls': 1}
2024-02-01 18:38:03,196 : INFO : EventManager : Event: ======'sw_playfield_active'====== Args={'balls': 1}
2024-02-01 18:38:03,196 : INFO : EventManager : Event: ======'playfield_active'====== Args={}
2024-02-01 18:38:03,197 : INFO : EventManager : Event: ======'unexpected_ball_on_playfield'====== Args={}
2024-02-01 18:38:03,197 : INFO : EventManager : Event: ======'playfield_ball_count_change'====== Args={'balls': -1, 'change': -1}
2024-02-01 18:38:03,197 : INFO : EventManager : Event: ======'balldevice_playfield_ball_enter'====== Args={'new_balls': 1, 'unclaimed_balls': 1, 'device': <playfield.playfield>}
2024-02-01 18:38:03,197 : INFO : EventManager : Event: ======'playfield_ball_count_change'====== Args={'balls': 0, 'change': 1}
2024-02-01 18:38:03,197 : INFO : BallController : Found a new ball which was captured from playfield. Known balls: 1
2024-02-01 18:38:03,197 : INFO : EventManager : Event: ======'found_new_ball'====== Args={}
2024-02-01 18:38:03,197 : INFO : EventManager : Event: ======'balldevice_bd_trough_ball_enter'====== Args={'new_balls': 1, 'unclaimed_balls': 1, 'new_available_balls': 1, 'device': <ball_device.bd_trough>}
2024-02-01 18:38:03,198 : INFO : ball_device.bd_trough : Ejecting 1 unexpected balls using path deque([<ball_device.bd_trough>, <playfield.playfield>])
2024-02-01 18:38:03,198 : INFO : EventManager : Event: ======'balldevice_balls_available'====== Args={}
2024-02-01 18:38:03,198 : INFO : EventManager : Event: ======'balldevice_balls_available'====== Args={}
2024-02-01 18:38:03,198 : INFO : EventManager : Event: ======'balldevice_bd_trough_ball_entered'====== Args={'new_balls': 1, 'device': <ball_device.bd_trough>}
2024-02-01 18:38:03,198 : INFO : ball_device.bd_trough : State: waiting_for_target_ready
2024-02-01 18:38:03,198 : INFO : EventManager : Event: ======'balldevice_bd_trough_ball_eject_attempt'====== Args={'balls': 1, 'target': <playfield.playfield>, 'source': <ball_device.bd_trough>, 'mechanical_eject': False, 'num_attempts': 0}
2024-02-01 18:38:03,199 : INFO : ball_device.bd_trough : State: ejecting
2024-02-01 18:38:03,199 : INFO : ball_device.bd_trough : Ejecting ball to <playfield.playfield>
2024-02-01 18:38:03,199 : INFO : EventManager : Event: ======'balldevice_bd_trough_ejecting_ball'====== Args={'balls': 1, 'target': <playfield.playfield>, 'source': <ball_device.bd_trough>, 'mechanical_eject': False, 'num_attempts': 0}
2024-02-01 18:38:03,199 : INFO : ball_device.bd_trough : Wait for ball to leave device
2024-02-01 18:38:03,199 : INFO : coil.c_trough : Pulsing Driver for 50ms (1.0 pulse_power)
2024-02-01 18:38:03,291 : INFO : SwitchController : <<<<<<< 's_trough_4' inactive >>>>>>>
2024-02-01 18:38:03,294 : INFO : ball_device.bd_trough : State: ball_left
2024-02-01 18:38:03,294 : INFO : ball_device.bd_trough : Ball left
2024-02-01 18:38:03,294 : INFO : ball_device.bd_trough : Wait for confirm with timeout 10.0
2024-02-01 18:38:03,587 : INFO : SwitchController : <<<<<<< 's_stationary_l' active >>>>>>>
2024-02-01 18:38:03,587 : INFO : EventManager : Event: ======'sw_playfield_active'====== Args={}
2024-02-01 18:38:03,587 : INFO : EventManager : Event: ======'playfield_active'====== Args={}
2024-02-01 18:38:03,590 : INFO : ball_device.bd_trough : Got eject confirm
2024-02-01 18:38:03,590 : INFO : ball_device.bd_trough : Eject successful
2024-02-01 18:38:03,590 : INFO : EventManager : Event: ======'balldevice_bd_trough_ball_eject_success'====== Args={'balls': 1, 'target': <playfield.playfield>}
2024-02-01 18:38:03,590 : INFO : EventManager : Event: ======'balldevice_playfield_ball_enter'====== Args={'new_balls': 1, 'unclaimed_balls': 1, 'device': <playfield.playfield>}
2024-02-01 18:38:03,590 : INFO : EventManager : Event: ======'playfield_ball_count_change'====== Args={'balls': 1, 'change': 1}
2024-02-01 18:38:03,590 : INFO : EventManager : Event: ======'balldevice_bd_trough_ball_count_changed'====== Args={'balls': 0}
2024-02-01 18:38:03,590 : INFO : ball_device.bd_trough : State: idle
2024-02-01 18:38:03,604 : INFO : SwitchController : <<<<<<< 's_stationary_l' inactive >>>>>>>
2024-02-01 18:38:04,017 : INFO : SwitchController : <<<<<<< 's_flipper_l' active >>>>>>>
2024-02-01 18:38:04,242 : INFO : SwitchController : <<<<<<< 's_flipper_l' inactive >>>>>>>
2024-02-01 18:38:04,740 : INFO : SwitchController : <<<<<<< 's_trough_1' active >>>>>>>
2024-02-01 18:38:04,836 : INFO : SwitchController : <<<<<<< 's_trough_1' inactive >>>>>>>
2024-02-01 18:38:04,853 : INFO : SwitchController : <<<<<<< 's_trough_2' active >>>>>>>
2024-02-01 18:38:04,929 : INFO : SwitchController : <<<<<<< 's_trough_2' inactive >>>>>>>
2024-02-01 18:38:04,947 : INFO : SwitchController : <<<<<<< 's_trough_3' active >>>>>>>
2024-02-01 18:38:05,015 : INFO : SwitchController : <<<<<<< 's_trough_3' inactive >>>>>>>
2024-02-01 18:38:05,019 : INFO : SwitchController : <<<<<<< 's_trough_4' active >>>>>>>
2024-02-01 18:38:05,524 : INFO : EventManager : Event: ======'balldevice_bd_trough_ball_count_changed'====== Args={'balls': 1}
2024-02-01 18:38:05,524 : INFO : ball_device.bd_trough : Received unexpected ball
2024-02-01 18:38:05,524 : INFO : EventManager : Event: ======'balldevice_captured_from_playfield'====== Args={'balls': 1}
2024-02-01 18:38:05,524 : INFO : EventManager : Event: ======'sw_playfield_active'====== Args={'balls': 1}
2024-02-01 18:38:05,525 : INFO : EventManager : Event: ======'playfield_ball_count_change'====== Args={'balls': 0, 'change': -1}
2024-02-01 18:38:05,525 : INFO : EventManager : Event: ======'balldevice_bd_trough_ball_enter'====== Args={'new_balls': 1, 'unclaimed_balls': 1, 'new_available_balls': 1, 'device': <ball_device.bd_trough>}
2024-02-01 18:38:05,525 : INFO : ball_device.bd_trough : Ejecting 1 unexpected balls using path deque([<ball_device.bd_trough>, <playfield.playfield>])
2024-02-01 18:38:05,525 : INFO : EventManager : Event: ======'balldevice_balls_available'====== Args={}
2024-02-01 18:38:05,525 : INFO : EventManager : Event: ======'balldevice_balls_available'====== Args={}
2024-02-01 18:38:05,525 : INFO : EventManager : Event: ======'balldevice_bd_trough_ball_entered'====== Args={'new_balls': 1, 'device': <ball_device.bd_trough>}
2024-02-01 18:38:05,526 : INFO : ball_device.bd_trough : State: waiting_for_target_ready
2024-02-01 18:38:05,526 : INFO : EventManager : Event: ======'balldevice_bd_trough_ball_eject_attempt'====== Args={'balls': 1, 'target': <playfield.playfield>, 'source': <ball_device.bd_trough>, 'mechanical_eject': False, 'num_attempts': 0}
2024-02-01 18:38:05,526 : INFO : ball_device.bd_trough : State: ejecting
2024-02-01 18:38:05,526 : INFO : ball_device.bd_trough : Ejecting ball to <playfield.playfield>
2024-02-01 18:38:05,526 : INFO : EventManager : Event: ======'balldevice_bd_trough_ejecting_ball'====== Args={'balls': 1, 'target': <playfield.playfield>, 'source': <ball_device.bd_trough>, 'mechanical_eject': False, 'num_attempts': 0}
2024-02-01 18:38:05,527 : INFO : ball_device.bd_trough : Wait for ball to leave device
2024-02-01 18:38:05,527 : INFO : coil.c_trough : Pulsing Driver for 50ms (1.0 pulse_power)
2024-02-01 18:38:05,617 : INFO : SwitchController : <<<<<<< 's_trough_4' inactive >>>>>>>
2024-02-01 18:38:05,620 : INFO : ball_device.bd_trough : State: ball_left
2024-02-01 18:38:05,620 : INFO : ball_device.bd_trough : Ball left
2024-02-01 18:38:05,620 : INFO : ball_device.bd_trough : Wait for confirm with timeout 10.0
2024-02-01 18:38:06,646 : INFO : SwitchController : <<<<<<< 's_flipper_r' active >>>>>>>
2024-02-01 18:38:06,817 : INFO : SwitchController : <<<<<<< 's_flipper_r' inactive >>>>>>>
2024-02-01 18:38:06,911 : INFO : SwitchController : <<<<<<< 's_flipper_l' active >>>>>>>
2024-02-01 18:38:07,035 : INFO : SwitchController : <<<<<<< 's_flipper_l' inactive >>>>>>>
2024-02-01 18:38:07,521 : INFO : SwitchController : <<<<<<< 's_trough_1' active >>>>>>>
2024-02-01 18:38:07,601 : INFO : SwitchController : <<<<<<< 's_trough_1' inactive >>>>>>>
2024-02-01 18:38:07,631 : INFO : SwitchController : <<<<<<< 's_trough_2' active >>>>>>>
2024-02-01 18:38:07,694 : INFO : SwitchController : <<<<<<< 's_trough_2' inactive >>>>>>>
2024-02-01 18:38:07,712 : INFO : SwitchController : <<<<<<< 's_trough_3' active >>>>>>>
2024-02-01 18:38:07,772 : INFO : SwitchController : <<<<<<< 's_trough_3' inactive >>>>>>>
2024-02-01 18:38:07,789 : INFO : SwitchController : <<<<<<< 's_trough_4' active >>>>>>>
2024-02-01 18:38:13,166 : INFO : SwitchController : <<<<<<< 's_flipper_l' active >>>>>>>
2024-02-01 18:38:13,230 : INFO : SwitchController : <<<<<<< 's_flipper_r' active >>>>>>>
2024-02-01 18:38:13,230 : INFO : EventManager : Event: ======'flipper_cancel'====== Args={'triggering_group': 2, 'triggering_switch': 's_flipper_r'}
2024-02-01 18:38:13,404 : INFO : SwitchController : <<<<<<< 's_flipper_r' inactive >>>>>>>
2024-02-01 18:38:13,404 : INFO : EventManager : Event: ======'both_flippers_one'====== Args={'triggering_group': 2, 'triggering_switch': 's_flipper_r'}
2024-02-01 18:38:13,404 : INFO : SwitchController : <<<<<<< 's_flipper_l' inactive >>>>>>>
2024-02-01 18:38:13,404 : INFO : EventManager : Event: ======'both_flippers_inactive'====== Args={'triggering_group': 1, 'triggering_switch': 's_flipper_l'}
2024-02-01 18:38:13,512 : INFO : SwitchController : <<<<<<< 's_flipper_l' active >>>>>>>
2024-02-01 18:38:13,513 : INFO : SwitchController : <<<<<<< 's_flipper_r' active >>>>>>>
2024-02-01 18:38:13,513 : INFO : EventManager : Event: ======'flipper_cancel'====== Args={'triggering_group': 2, 'triggering_switch': 's_flipper_r'}
2024-02-01 18:38:13,715 : INFO : SwitchController : <<<<<<< 's_flipper_r' inactive >>>>>>>
2024-02-01 18:38:13,715 : INFO : EventManager : Event: ======'both_flippers_one'====== Args={'triggering_group': 2, 'triggering_switch': 's_flipper_r'}
2024-02-01 18:38:13,715 : INFO : SwitchController : <<<<<<< 's_flipper_l' inactive >>>>>>>
2024-02-01 18:38:13,715 : INFO : EventManager : Event: ======'both_flippers_inactive'====== Args={'triggering_group': 1, 'triggering_switch': 's_flipper_l'}
2024-02-01 18:38:15,617 : INFO : ball_device.bd_trough : State: failed_confirm
2024-02-01 18:38:15,617 : INFO : ball_device.bd_trough : Got timeout (10.0s) before confirm from <playfield.playfield>
2024-02-01 18:38:15,711 : INFO : ball_device.bd_trough : Got unknown balls. Assuming a ball returned.
2024-02-01 18:38:15,711 : INFO : EventManager : Event: ======'balldevice_bd_trough_ball_eject_failed'====== Args={'target': <playfield.playfield>, 'balls': 1, 'retry': True, 'num_attempts': 1}
2024-02-01 18:38:15,712 : INFO : ball_device.bd_trough : State: waiting_for_target_ready
2024-02-01 18:38:15,712 : INFO : EventManager : Event: ======'balldevice_bd_trough_ball_eject_attempt'====== Args={'balls': 1, 'target': <playfield.playfield>, 'source': <ball_device.bd_trough>, 'mechanical_eject': False, 'num_attempts': 1}
2024-02-01 18:38:15,713 : INFO : ball_device.bd_trough : State: ejecting
2024-02-01 18:38:15,713 : INFO : ball_device.bd_trough : Ejecting ball to <playfield.playfield>
2024-02-01 18:38:15,713 : INFO : EventManager : Event: ======'balldevice_bd_trough_ejecting_ball'====== Args={'balls': 1, 'target': <playfield.playfield>, 'source': <ball_device.bd_trough>, 'mechanical_eject': False, 'num_attempts': 1}
2024-02-01 18:38:15,713 : INFO : ball_device.bd_trough : Wait for ball to leave device
2024-02-01 18:38:15,713 : INFO : coil.c_trough : Pulsing Driver for 50ms (1.0 pulse_power)
2024-02-01 18:38:15,806 : INFO : SwitchController : <<<<<<< 's_trough_4' inactive >>>>>>>
2024-02-01 18:38:15,809 : INFO : ball_device.bd_trough : State: ball_left
2024-02-01 18:38:15,809 : INFO : ball_device.bd_trough : Ball left
2024-02-01 18:38:15,809 : INFO : ball_device.bd_trough : Wait for confirm with timeout 10.0
2024-02-01 18:38:16,803 : INFO : SwitchController : <<<<<<< 's_sling_l' active >>>>>>>
2024-02-01 18:38:16,803 : INFO : EventManager : Event: ======'playfield_active'====== Args={}
2024-02-01 18:38:16,807 : INFO : ball_device.bd_trough : Got eject confirm
2024-02-01 18:38:16,807 : INFO : ball_device.bd_trough : Eject successful
2024-02-01 18:38:16,807 : INFO : EventManager : Event: ======'balldevice_bd_trough_ball_eject_success'====== Args={'balls': 1, 'target': <playfield.playfield>}
2024-02-01 18:38:16,807 : INFO : EventManager : Event: ======'balldevice_playfield_ball_enter'====== Args={'new_balls': 1, 'unclaimed_balls': 1, 'device': <playfield.playfield>}
2024-02-01 18:38:16,807 : INFO : EventManager : Event: ======'playfield_ball_count_change'====== Args={'balls': 1, 'change': 1}
2024-02-01 18:38:16,807 : INFO : EventManager : Event: ======'balldevice_bd_trough_ball_count_changed'====== Args={'balls': 0}
2024-02-01 18:38:16,807 : INFO : ball_device.bd_trough : State: idle
2024-02-01 18:38:16,819 : INFO : SwitchController : <<<<<<< 's_sling_l' inactive >>>>>>>
2024-02-01 18:38:16,988 : INFO : SwitchController : <<<<<<< 's_pop' active >>>>>>>
2024-02-01 18:38:17,018 : INFO : SwitchController : <<<<<<< 's_pop' inactive >>>>>>>
2024-02-01 18:38:17,145 : INFO : SwitchController : <<<<<<< 's_sling_r' active >>>>>>>
2024-02-01 18:38:17,161 : INFO : SwitchController : <<<<<<< 's_sling_r' inactive >>>>>>>
2024-02-01 18:38:17,599 : INFO : SwitchController : <<<<<<< 's_sling_r' active >>>>>>>
2024-02-01 18:38:17,617 : INFO : SwitchController : <<<<<<< 's_sling_r' inactive >>>>>>>
2024-02-01 18:38:17,755 : INFO : SwitchController : <<<<<<< 's_stationary_right' active >>>>>>>
2024-02-01 18:38:17,755 : INFO : EventManager : Event: ======'sw_playfield_active'====== Args={}
2024-02-01 18:38:17,755 : INFO : SwitchController : <<<<<<< 's_stationary_right' inactive >>>>>>>
2024-02-01 18:38:19,576 : INFO : SwitchController : <<<<<<< 's_flipper_r' active >>>>>>>
2024-02-01 18:38:22,566 : INFO : EventManager : Event: ======'flipper_cradle'====== Args={}
2024-02-01 18:38:23,364 : INFO : SwitchController : <<<<<<< 's_flipper_r' inactive >>>>>>>
2024-02-01 18:38:23,364 : INFO : EventManager : Event: ======'flipper_cradle_release'====== Args={}
2024-02-01 18:38:24,034 : INFO : SwitchController : <<<<<<< 's_flipper_r' active >>>>>>>
2024-02-01 18:38:24,222 : INFO : SwitchController : <<<<<<< 's_flipper_r' inactive >>>>>>>
2024-02-01 18:38:24,971 : INFO : SwitchController : <<<<<<< 's_flipper_l' active >>>>>>>
2024-02-01 18:38:25,126 : INFO : SwitchController : <<<<<<< 's_stationary_back' active >>>>>>>
2024-02-01 18:38:25,126 : INFO : EventManager : Event: ======'sw_playfield_active'====== Args={}
2024-02-01 18:38:25,126 : INFO : SwitchController : <<<<<<< 's_pop' active >>>>>>>
2024-02-01 18:38:25,126 : INFO : SwitchController : <<<<<<< 's_stationary_back' inactive >>>>>>>
2024-02-01 18:38:25,143 : INFO : SwitchController : <<<<<<< 's_pop' inactive >>>>>>>
2024-02-01 18:38:25,174 : INFO : SwitchController : <<<<<<< 's_flipper_l' inactive >>>>>>>
2024-02-01 18:38:25,236 : INFO : SwitchController : <<<<<<< 's_sling_r' active >>>>>>>
2024-02-01 18:38:25,236 : INFO : SwitchController : <<<<<<< 's_sling_r' inactive >>>>>>>
2024-02-01 18:38:25,440 : INFO : SwitchController : <<<<<<< 's_pop' active >>>>>>>
2024-02-01 18:38:25,458 : INFO : SwitchController : <<<<<<< 's_pop' inactive >>>>>>>
2024-02-01 18:38:25,615 : INFO : SwitchController : <<<<<<< 's_sling_l' active >>>>>>>
2024-02-01 18:38:25,615 : INFO : SwitchController : <<<<<<< 's_sling_l' inactive >>>>>>>
2024-02-01 18:38:26,199 : INFO : SwitchController : <<<<<<< 's_flipper_r' active >>>>>>>
2024-02-01 18:38:26,371 : INFO : SwitchController : <<<<<<< 's_flipper_r' inactive >>>>>>>
2024-02-01 18:38:26,767 : INFO : SwitchController : <<<<<<< 's_trough_1' active >>>>>>>
2024-02-01 18:38:26,863 : INFO : SwitchController : <<<<<<< 's_trough_1' inactive >>>>>>>
2024-02-01 18:38:26,882 : INFO : SwitchController : <<<<<<< 's_trough_2' active >>>>>>>
2024-02-01 18:38:26,956 : INFO : SwitchController : <<<<<<< 's_trough_2' inactive >>>>>>>
2024-02-01 18:38:26,973 : INFO : SwitchController : <<<<<<< 's_trough_3' active >>>>>>>
2024-02-01 18:38:27,033 : INFO : SwitchController : <<<<<<< 's_trough_3' inactive >>>>>>>
2024-02-01 18:38:27,051 : INFO : SwitchController : <<<<<<< 's_trough_4' active >>>>>>>
2024-02-01 18:38:27,563 : INFO : EventManager : Event: ======'balldevice_bd_trough_ball_count_changed'====== Args={'balls': 1}
2024-02-01 18:38:27,563 : INFO : ball_device.bd_trough : Received unexpected ball
2024-02-01 18:38:27,563 : INFO : EventManager : Event: ======'balldevice_captured_from_playfield'====== Args={'balls': 1}
2024-02-01 18:38:27,563 : INFO : EventManager : Event: ======'sw_playfield_active'====== Args={'balls': 1}
2024-02-01 18:38:27,563 : INFO : EventManager : Event: ======'playfield_ball_count_change'====== Args={'balls': 0, 'change': -1}
2024-02-01 18:38:27,564 : INFO : EventManager : Event: ======'balldevice_bd_trough_ball_enter'====== Args={'new_balls': 1, 'unclaimed_balls': 1, 'new_available_balls': 1, 'device': <ball_device.bd_trough>}
2024-02-01 18:38:27,564 : INFO : ball_device.bd_trough : Ejecting 1 unexpected balls using path deque([<ball_device.bd_trough>, <playfield.playfield>])
2024-02-01 18:38:27,564 : INFO : EventManager : Event: ======'balldevice_balls_available'====== Args={}
2024-02-01 18:38:27,564 : INFO : EventManager : Event: ======'balldevice_balls_available'====== Args={}
2024-02-01 18:38:27,564 : INFO : EventManager : Event: ======'balldevice_bd_trough_ball_entered'====== Args={'new_balls': 1, 'device': <ball_device.bd_trough>}
2024-02-01 18:38:27,565 : INFO : ball_device.bd_trough : State: waiting_for_target_ready
2024-02-01 18:38:27,565 : INFO : EventManager : Event: ======'balldevice_bd_trough_ball_eject_attempt'====== Args={'balls': 1, 'target': <playfield.playfield>, 'source': <ball_device.bd_trough>, 'mechanical_eject': False, 'num_attempts': 0}
2024-02-01 18:38:27,565 : INFO : ball_device.bd_trough : State: ejecting
2024-02-01 18:38:27,565 : INFO : ball_device.bd_trough : Ejecting ball to <playfield.playfield>
2024-02-01 18:38:27,565 : INFO : EventManager : Event: ======'balldevice_bd_trough_ejecting_ball'====== Args={'balls': 1, 'target': <playfield.playfield>, 'source': <ball_device.bd_trough>, 'mechanical_eject': False, 'num_attempts': 0}
2024-02-01 18:38:27,565 : INFO : ball_device.bd_trough : Wait for ball to leave device
2024-02-01 18:38:27,566 : INFO : coil.c_trough : Pulsing Driver for 50ms (1.0 pulse_power)
2024-02-01 18:38:27,656 : INFO : SwitchController : <<<<<<< 's_trough_4' inactive >>>>>>>
2024-02-01 18:38:27,658 : INFO : ball_device.bd_trough : State: ball_left
2024-02-01 18:38:27,658 : INFO : ball_device.bd_trough : Ball left
2024-02-01 18:38:27,658 : INFO : ball_device.bd_trough : Wait for confirm with timeout 10.0
2024-02-01 18:38:27,968 : INFO : SwitchController : <<<<<<< 's_stationary_l' active >>>>>>>
2024-02-01 18:38:27,968 : INFO : EventManager : Event: ======'sw_playfield_active'====== Args={}
2024-02-01 18:38:27,968 : INFO : EventManager : Event: ======'playfield_active'====== Args={}
2024-02-01 18:38:27,971 : INFO : SwitchController : <<<<<<< 's_stationary_l' inactive >>>>>>>
2024-02-01 18:38:27,971 : INFO : ball_device.bd_trough : Got eject confirm
2024-02-01 18:38:27,971 : INFO : ball_device.bd_trough : Eject successful
2024-02-01 18:38:27,971 : INFO : EventManager : Event: ======'balldevice_bd_trough_ball_eject_success'====== Args={'balls': 1, 'target': <playfield.playfield>}
2024-02-01 18:38:27,973 : INFO : EventManager : Event: ======'balldevice_playfield_ball_enter'====== Args={'new_balls': 1, 'unclaimed_balls': 1, 'device': <playfield.playfield>}
2024-02-01 18:38:27,973 : INFO : EventManager : Event: ======'playfield_ball_count_change'====== Args={'balls': 1, 'change': 1}
2024-02-01 18:38:27,973 : INFO : EventManager : Event: ======'balldevice_bd_trough_ball_count_changed'====== Args={'balls': 0}
2024-02-01 18:38:27,973 : INFO : ball_device.bd_trough : State: idle
2024-02-01 18:38:28,617 : INFO : SwitchController : <<<<<<< 's_vuk' active >>>>>>>
2024-02-01 18:38:29,113 : INFO : EventManager : Event: ======'balldevice_bd_vuk_ball_count_changed'====== Args={'balls': 1}
2024-02-01 18:38:29,113 : INFO : ball_device.bd_vuk : Received unexpected ball
2024-02-01 18:38:29,113 : INFO : EventManager : Event: ======'balldevice_captured_from_playfield'====== Args={'balls': 1}
2024-02-01 18:38:29,113 : INFO : EventManager : Event: ======'sw_playfield_active'====== Args={'balls': 1}
2024-02-01 18:38:29,114 : INFO : EventManager : Event: ======'playfield_ball_count_change'====== Args={'balls': 0, 'change': -1}
2024-02-01 18:38:29,114 : INFO : EventManager : Event: ======'balldevice_bd_vuk_ball_enter'====== Args={'new_balls': 1, 'unclaimed_balls': 1, 'new_available_balls': 1, 'device': <ball_device.bd_vuk>}
2024-02-01 18:38:29,114 : INFO : ball_device.bd_vuk : Ejecting 1 unexpected balls using path deque([<ball_device.bd_vuk>, <playfield.playfield>])
2024-02-01 18:38:29,114 : INFO : EventManager : Event: ======'balldevice_balls_available'====== Args={}
2024-02-01 18:38:29,114 : INFO : EventManager : Event: ======'balldevice_balls_available'====== Args={}
2024-02-01 18:38:29,114 : INFO : EventManager : Event: ======'balldevice_bd_vuk_ball_entered'====== Args={'new_balls': 1, 'device': <ball_device.bd_vuk>}
2024-02-01 18:38:29,115 : INFO : ball_device.bd_vuk : State: waiting_for_target_ready
2024-02-01 18:38:29,115 : INFO : EventManager : Event: ======'balldevice_bd_vuk_ball_eject_attempt'====== Args={'balls': 1, 'target': <playfield.playfield>, 'source': <ball_device.bd_vuk>, 'mechanical_eject': False, 'num_attempts': 0}
2024-02-01 18:38:29,115 : INFO : ball_device.bd_vuk : State: ejecting
2024-02-01 18:38:29,115 : INFO : ball_device.bd_vuk : Ejecting ball to <playfield.playfield>
2024-02-01 18:38:29,115 : INFO : EventManager : Event: ======'balldevice_bd_vuk_ejecting_ball'====== Args={'balls': 1, 'target': <playfield.playfield>, 'source': <ball_device.bd_vuk>, 'mechanical_eject': False, 'num_attempts': 0}
2024-02-01 18:38:29,116 : INFO : ball_device.bd_vuk : Wait for ball to leave device
2024-02-01 18:38:29,116 : INFO : coil.c_vuk : Pulsing Driver for 10ms (1.0 pulse_power)
2024-02-01 18:38:29,144 : INFO : SwitchController : <<<<<<< 's_vuk' inactive >>>>>>>
2024-02-01 18:38:29,147 : INFO : SwitchController : <<<<<<< 's_vuk' active >>>>>>>
2024-02-01 18:38:29,147 : INFO : ball_device.bd_vuk : State: ball_left
2024-02-01 18:38:29,147 : INFO : ball_device.bd_vuk : Ball left
2024-02-01 18:38:29,147 : INFO : ball_device.bd_vuk : Wait for confirm with timeout 2.0
2024-02-01 18:38:29,175 : INFO : SwitchController : <<<<<<< 's_vuk' inactive >>>>>>>
2024-02-01 18:38:29,848 : INFO : SwitchController : <<<<<<< 's_sling_l' active >>>>>>>
2024-02-01 18:38:29,848 : INFO : EventManager : Event: ======'playfield_active'====== Args={}
2024-02-01 18:38:29,851 : INFO : ball_device.bd_vuk : Got eject confirm
2024-02-01 18:38:29,851 : INFO : ball_device.bd_vuk : Eject successful
2024-02-01 18:38:29,851 : INFO : EventManager : Event: ======'balldevice_bd_vuk_ball_eject_success'====== Args={'balls': 1, 'target': <playfield.playfield>}
2024-02-01 18:38:29,851 : INFO : EventManager : Event: ======'balldevice_playfield_ball_enter'====== Args={'new_balls': 1, 'unclaimed_balls': 1, 'device': <playfield.playfield>}
2024-02-01 18:38:29,851 : INFO : EventManager : Event: ======'playfield_ball_count_change'====== Args={'balls': 1, 'change': 1}
2024-02-01 18:38:29,851 : INFO : EventManager : Event: ======'balldevice_bd_vuk_ball_count_changed'====== Args={'balls': 0}
2024-02-01 18:38:29,851 : INFO : ball_device.bd_vuk : State: idle
2024-02-01 18:38:29,863 : INFO : SwitchController : <<<<<<< 's_sling_l' inactive >>>>>>>
2024-02-01 18:38:30,014 : INFO : SwitchController : <<<<<<< 's_pop' active >>>>>>>
2024-02-01 18:38:30,033 : INFO : SwitchController : <<<<<<< 's_pop' inactive >>>>>>>
2024-02-01 18:38:30,079 : INFO : SwitchController : <<<<<<< 's_pop' active >>>>>>>
2024-02-01 18:38:30,097 : INFO : SwitchController : <<<<<<< 's_pop' inactive >>>>>>>
2024-02-01 18:38:30,158 : INFO : SwitchController : <<<<<<< 's_pop' active >>>>>>>
2024-02-01 18:38:30,176 : INFO : SwitchController : <<<<<<< 's_pop' inactive >>>>>>>
2024-02-01 18:38:30,268 : INFO : SwitchController : <<<<<<< 's_sling_r' active >>>>>>>
2024-02-01 18:38:30,285 : INFO : SwitchController : <<<<<<< 's_sling_r' inactive >>>>>>>
2024-02-01 18:38:30,533 : INFO : SwitchController : <<<<<<< 's_stationary_l' active >>>>>>>
2024-02-01 18:38:30,533 : INFO : EventManager : Event: ======'sw_playfield_active'====== Args={}
2024-02-01 18:38:30,548 : INFO : SwitchController : <<<<<<< 's_stationary_l' inactive >>>>>>>
2024-02-01 18:38:30,751 : INFO : SwitchController : <<<<<<< 's_sling_l' active >>>>>>>
2024-02-01 18:38:30,769 : INFO : SwitchController : <<<<<<< 's_sling_l' inactive >>>>>>>
2024-02-01 18:38:30,939 : INFO : SwitchController : <<<<<<< 's_pop' active >>>>>>>
2024-02-01 18:38:30,939 : INFO : SwitchController : <<<<<<< 's_pop' inactive >>>>>>>
2024-02-01 18:38:30,956 : INFO : SwitchController : <<<<<<< 's_pop' active >>>>>>>
2024-02-01 18:38:30,956 : INFO : SwitchController : <<<<<<< 's_pop' inactive >>>>>>>
2024-02-01 18:38:32,372 : INFO : SwitchController : <<<<<<< 's_trough_1' active >>>>>>>
2024-02-01 18:38:32,465 : INFO : SwitchController : <<<<<<< 's_trough_1' inactive >>>>>>>
2024-02-01 18:38:32,483 : INFO : SwitchController : <<<<<<< 's_trough_2' active >>>>>>>
2024-02-01 18:38:32,559 : INFO : SwitchController : <<<<<<< 's_trough_2' inactive >>>>>>>
2024-02-01 18:38:32,576 : INFO : SwitchController : <<<<<<< 's_trough_3' active >>>>>>>
2024-02-01 18:38:32,636 : INFO : SwitchController : <<<<<<< 's_trough_3' inactive >>>>>>>
2024-02-01 18:38:32,654 : INFO : SwitchController : <<<<<<< 's_trough_4' active >>>>>>>
2024-02-01 18:38:33,151 : INFO : EventManager : Event: ======'balldevice_bd_trough_ball_count_changed'====== Args={'balls': 1}
2024-02-01 18:38:33,151 : INFO : ball_device.bd_trough : Received unexpected ball
2024-02-01 18:38:33,151 : INFO : EventManager : Event: ======'balldevice_captured_from_playfield'====== Args={'balls': 1}
2024-02-01 18:38:33,151 : INFO : EventManager : Event: ======'sw_playfield_active'====== Args={'balls': 1}
2024-02-01 18:38:33,151 : INFO : EventManager : Event: ======'playfield_ball_count_change'====== Args={'balls': 0, 'change': -1}
2024-02-01 18:38:33,152 : INFO : EventManager : Event: ======'balldevice_bd_trough_ball_enter'====== Args={'new_balls': 1, 'unclaimed_balls': 1, 'new_available_balls': 1, 'device': <ball_device.bd_trough>}
2024-02-01 18:38:33,152 : INFO : ball_device.bd_trough : Ejecting 1 unexpected balls using path deque([<ball_device.bd_trough>, <playfield.playfield>])
2024-02-01 18:38:33,152 : INFO : EventManager : Event: ======'balldevice_balls_available'====== Args={}
2024-02-01 18:38:33,152 : INFO : EventManager : Event: ======'balldevice_balls_available'====== Args={}
2024-02-01 18:38:33,152 : INFO : EventManager : Event: ======'balldevice_bd_trough_ball_entered'====== Args={'new_balls': 1, 'device': <ball_device.bd_trough>}
2024-02-01 18:38:33,153 : INFO : ball_device.bd_trough : State: waiting_for_target_ready
2024-02-01 18:38:33,153 : INFO : EventManager : Event: ======'balldevice_bd_trough_ball_eject_attempt'====== Args={'balls': 1, 'target': <playfield.playfield>, 'source': <ball_device.bd_trough>, 'mechanical_eject': False, 'num_attempts': 0}
2024-02-01 18:38:33,153 : INFO : ball_device.bd_trough : State: ejecting
2024-02-01 18:38:33,153 : INFO : ball_device.bd_trough : Ejecting ball to <playfield.playfield>
2024-02-01 18:38:33,153 : INFO : EventManager : Event: ======'balldevice_bd_trough_ejecting_ball'====== Args={'balls': 1, 'target': <playfield.playfield>, 'source': <ball_device.bd_trough>, 'mechanical_eject': False, 'num_attempts': 0}
2024-02-01 18:38:33,154 : INFO : ball_device.bd_trough : Wait for ball to leave device
2024-02-01 18:38:33,154 : INFO : coil.c_trough : Pulsing Driver for 50ms (1.0 pulse_power)
2024-02-01 18:38:33,245 : INFO : SwitchController : <<<<<<< 's_trough_4' inactive >>>>>>>
2024-02-01 18:38:33,248 : INFO : ball_device.bd_trough : State: ball_left
2024-02-01 18:38:33,248 : INFO : ball_device.bd_trough : Ball left
2024-02-01 18:38:33,249 : INFO : ball_device.bd_trough : Wait for confirm with timeout 10.0
2024-02-01 18:38:33,619 : INFO : SwitchController : <<<<<<< 's_stationary_l' active >>>>>>>
2024-02-01 18:38:33,619 : INFO : EventManager : Event: ======'sw_playfield_active'====== Args={}
2024-02-01 18:38:33,619 : INFO : EventManager : Event: ======'playfield_active'====== Args={}
2024-02-01 18:38:33,622 : INFO : ball_device.bd_trough : Got eject confirm
2024-02-01 18:38:33,622 : INFO : ball_device.bd_trough : Eject successful
2024-02-01 18:38:33,622 : INFO : EventManager : Event: ======'balldevice_bd_trough_ball_eject_success'====== Args={'balls': 1, 'target': <playfield.playfield>}
2024-02-01 18:38:33,622 : INFO : EventManager : Event: ======'balldevice_playfield_ball_enter'====== Args={'new_balls': 1, 'unclaimed_balls': 1, 'device': <playfield.playfield>}
2024-02-01 18:38:33,622 : INFO : EventManager : Event: ======'playfield_ball_count_change'====== Args={'balls': 1, 'change': 1}
2024-02-01 18:38:33,623 : INFO : EventManager : Event: ======'balldevice_bd_trough_ball_count_changed'====== Args={'balls': 0}
2024-02-01 18:38:33,623 : INFO : ball_device.bd_trough : State: idle
2024-02-01 18:38:33,634 : INFO : SwitchController : <<<<<<< 's_stationary_l' inactive >>>>>>>
2024-02-01 18:38:34,018 : INFO : SwitchController : <<<<<<< 's_flipper_l' active >>>>>>>
2024-02-01 18:38:34,194 : INFO : SwitchController : <<<<<<< 's_flipper_r' active >>>>>>>
2024-02-01 18:38:34,194 : INFO : EventManager : Event: ======'flipper_cancel'====== Args={'triggering_group': 2, 'triggering_switch': 's_flipper_r'}
2024-02-01 18:38:34,225 : INFO : SwitchController : <<<<<<< 's_flipper_l' inactive >>>>>>>
2024-02-01 18:38:34,225 : INFO : EventManager : Event: ======'both_flippers_one'====== Args={'triggering_group': 1, 'triggering_switch': 's_flipper_l'}
2024-02-01 18:38:34,677 : INFO : SwitchController : <<<<<<< 's_flipper_r' inactive >>>>>>>
2024-02-01 18:38:34,677 : INFO : EventManager : Event: ======'both_flippers_inactive'====== Args={'triggering_group': 2, 'triggering_switch': 's_flipper_r'}
2024-02-01 18:38:34,707 : INFO : SwitchController : <<<<<<< 's_flipper_l' active >>>>>>>
2024-02-01 18:38:35,881 : INFO : SwitchController : <<<<<<< 's_flipper_l' inactive >>>>>>>
2024-02-01 18:38:36,165 : INFO : SwitchController : <<<<<<< 's_flipper_l' active >>>>>>>
2024-02-01 18:38:36,339 : INFO : SwitchController : <<<<<<< 's_flipper_l' inactive >>>>>>>
2024-02-01 18:38:36,875 : INFO : SwitchController : <<<<<<< 's_flipper_l' active >>>>>>>
2024-02-01 18:38:37,013 : INFO : SwitchController : <<<<<<< 's_flipper_r' active >>>>>>>
2024-02-01 18:38:37,013 : INFO : EventManager : Event: ======'flipper_cancel'====== Args={'triggering_group': 2, 'triggering_switch': 's_flipper_r'}
2024-02-01 18:38:37,048 : INFO : SwitchController : <<<<<<< 's_flipper_l' inactive >>>>>>>
2024-02-01 18:38:37,048 : INFO : EventManager : Event: ======'both_flippers_one'====== Args={'triggering_group': 1, 'triggering_switch': 's_flipper_l'}
2024-02-01 18:38:37,251 : INFO : SwitchController : <<<<<<< 's_flipper_r' inactive >>>>>>>
2024-02-01 18:38:37,251 : INFO : EventManager : Event: ======'both_flippers_inactive'====== Args={'triggering_group': 2, 'triggering_switch': 's_flipper_r'}
2024-02-01 18:38:37,740 : INFO : SwitchController : <<<<<<< 's_trough_1' active >>>>>>>
2024-02-01 18:38:37,833 : INFO : SwitchController : <<<<<<< 's_trough_1' inactive >>>>>>>
2024-02-01 18:38:37,851 : INFO : SwitchController : <<<<<<< 's_trough_2' active >>>>>>>
2024-02-01 18:38:37,943 : INFO : SwitchController : <<<<<<< 's_trough_2' inactive >>>>>>>
2024-02-01 18:38:37,962 : INFO : SwitchController : <<<<<<< 's_trough_3' active >>>>>>>
2024-02-01 18:38:38,018 : INFO : SwitchController : <<<<<<< 's_trough_3' inactive >>>>>>>
2024-02-01 18:38:38,037 : INFO : SwitchController : <<<<<<< 's_trough_4' active >>>>>>>
2024-02-01 18:38:38,542 : INFO : EventManager : Event: ======'balldevice_bd_trough_ball_count_changed'====== Args={'balls': 1}
2024-02-01 18:38:38,542 : INFO : ball_device.bd_trough : Received unexpected ball
2024-02-01 18:38:38,542 : INFO : EventManager : Event: ======'balldevice_captured_from_playfield'====== Args={'balls': 1}
2024-02-01 18:38:38,542 : INFO : EventManager : Event: ======'sw_playfield_active'====== Args={'balls': 1}
2024-02-01 18:38:38,542 : INFO : EventManager : Event: ======'playfield_ball_count_change'====== Args={'balls': 0, 'change': -1}
2024-02-01 18:38:38,543 : INFO : EventManager : Event: ======'balldevice_bd_trough_ball_enter'====== Args={'new_balls': 1, 'unclaimed_balls': 1, 'new_available_balls': 1, 'device': <ball_device.bd_trough>}
2024-02-01 18:38:38,543 : INFO : ball_device.bd_trough : Ejecting 1 unexpected balls using path deque([<ball_device.bd_trough>, <playfield.playfield>])
2024-02-01 18:38:38,543 : INFO : EventManager : Event: ======'balldevice_balls_available'====== Args={}
2024-02-01 18:38:38,543 : INFO : EventManager : Event: ======'balldevice_balls_available'====== Args={}
2024-02-01 18:38:38,543 : INFO : EventManager : Event: ======'balldevice_bd_trough_ball_entered'====== Args={'new_balls': 1, 'device': <ball_device.bd_trough>}
2024-02-01 18:38:38,544 : INFO : ball_device.bd_trough : State: waiting_for_target_ready
2024-02-01 18:38:38,544 : INFO : EventManager : Event: ======'balldevice_bd_trough_ball_eject_attempt'====== Args={'balls': 1, 'target': <playfield.playfield>, 'source': <ball_device.bd_trough>, 'mechanical_eject': False, 'num_attempts': 0}
2024-02-01 18:38:38,544 : INFO : ball_device.bd_trough : State: ejecting
2024-02-01 18:38:38,544 : INFO : ball_device.bd_trough : Ejecting ball to <playfield.playfield>
2024-02-01 18:38:38,544 : INFO : EventManager : Event: ======'balldevice_bd_trough_ejecting_ball'====== Args={'balls': 1, 'target': <playfield.playfield>, 'source': <ball_device.bd_trough>, 'mechanical_eject': False, 'num_attempts': 0}
2024-02-01 18:38:38,545 : INFO : ball_device.bd_trough : Wait for ball to leave device
2024-02-01 18:38:38,545 : INFO : coil.c_trough : Pulsing Driver for 50ms (1.0 pulse_power)
2024-02-01 18:38:38,635 : INFO : SwitchController : <<<<<<< 's_trough_4' inactive >>>>>>>
2024-02-01 18:38:38,638 : INFO : ball_device.bd_trough : State: ball_left
2024-02-01 18:38:38,638 : INFO : ball_device.bd_trough : Ball left
2024-02-01 18:38:38,638 : INFO : ball_device.bd_trough : Wait for confirm with timeout 10.0
2024-02-01 18:38:39,728 : INFO : SwitchController : <<<<<<< 's_flipper_l' active >>>>>>>
2024-02-01 18:38:39,903 : INFO : SwitchController : <<<<<<< 's_flipper_l' inactive >>>>>>>
2024-02-01 18:38:39,903 : INFO : SwitchController : <<<<<<< 's_flipper_r' active >>>>>>>
2024-02-01 18:38:40,233 : INFO : SwitchController : <<<<<<< 's_flipper_r' inactive >>>>>>>
2024-02-01 18:38:41,408 : INFO : SwitchController : <<<<<<< 's_flipper_l' active >>>>>>>
2024-02-01 18:38:41,613 : INFO : SwitchController : <<<<<<< 's_flipper_l' inactive >>>>>>>
2024-02-01 18:38:41,832 : INFO : SwitchController : <<<<<<< 's_flipper_r' active >>>>>>>
2024-02-01 18:38:42,081 : INFO : SwitchController : <<<<<<< 's_flipper_r' inactive >>>>>>>
2024-02-01 18:38:43,188 : INFO : SwitchController : <<<<<<< 's_flipper_l' active >>>>>>>
2024-02-01 18:38:43,358 : INFO : SwitchController : <<<<<<< 's_flipper_l' inactive >>>>>>>
2024-02-01 18:38:44,902 : INFO : SwitchController : <<<<<<< 's_flipper_r' active >>>>>>>
2024-02-01 18:38:45,073 : INFO : SwitchController : <<<<<<< 's_flipper_r' inactive >>>>>>>
2024-02-01 18:38:46,353 : INFO : SwitchController : <<<<<<< 's_flipper_l' active >>>>>>>
2024-02-01 18:38:46,791 : INFO : SwitchController : <<<<<<< 's_flipper_l' inactive >>>>>>>
2024-02-01 18:38:46,916 : INFO : SwitchController : <<<<<<< 's_flipper_l' active >>>>>>>
2024-02-01 18:38:47,466 : INFO : SwitchController : <<<<<<< 's_flipper_l' inactive >>>>>>>
2024-02-01 18:38:47,575 : INFO : SwitchController : <<<<<<< 's_flipper_l' active >>>>>>>
2024-02-01 18:38:47,781 : INFO : SwitchController : <<<<<<< 's_sling_l' active >>>>>>>
2024-02-01 18:38:47,781 : INFO : EventManager : Event: ======'playfield_active'====== Args={}
2024-02-01 18:38:47,783 : INFO : ball_device.bd_trough : Got eject confirm
2024-02-01 18:38:47,783 : INFO : ball_device.bd_trough : Eject successful
2024-02-01 18:38:47,783 : INFO : EventManager : Event: ======'balldevice_bd_trough_ball_eject_success'====== Args={'balls': 1, 'target': <playfield.playfield>}
2024-02-01 18:38:47,783 : INFO : EventManager : Event: ======'balldevice_playfield_ball_enter'====== Args={'new_balls': 1, 'unclaimed_balls': 1, 'device': <playfield.playfield>}
2024-02-01 18:38:47,783 : INFO : EventManager : Event: ======'playfield_ball_count_change'====== Args={'balls': 1, 'change': 1}
2024-02-01 18:38:47,783 : INFO : EventManager : Event: ======'balldevice_bd_trough_ball_count_changed'====== Args={'balls': 0}
2024-02-01 18:38:47,784 : INFO : ball_device.bd_trough : State: idle
2024-02-01 18:38:47,797 : INFO : SwitchController : <<<<<<< 's_sling_l' inactive >>>>>>>
2024-02-01 18:38:47,874 : INFO : SwitchController : <<<<<<< 's_flipper_l' inactive >>>>>>>
2024-02-01 18:38:47,951 : INFO : SwitchController : <<<<<<< 's_stationary_back' active >>>>>>>
2024-02-01 18:38:47,951 : INFO : EventManager : Event: ======'sw_playfield_active'====== Args={}
2024-02-01 18:38:47,951 : INFO : SwitchController : <<<<<<< 's_stationary_back' inactive >>>>>>>
2024-02-01 18:38:47,967 : INFO : SwitchController : <<<<<<< 's_pop' active >>>>>>>
2024-02-01 18:38:47,985 : INFO : SwitchController : <<<<<<< 's_pop' inactive >>>>>>>
2024-02-01 18:38:47,999 : INFO : SwitchController : <<<<<<< 's_pop' active >>>>>>>
2024-02-01 18:38:47,999 : INFO : SwitchController : <<<<<<< 's_pop' inactive >>>>>>>
2024-02-01 18:38:48,031 : INFO : SwitchController : <<<<<<< 's_pop' active >>>>>>>
2024-02-01 18:38:48,063 : INFO : SwitchController : <<<<<<< 's_pop' inactive >>>>>>>
2024-02-01 18:38:48,915 : INFO : SwitchController : <<<<<<< 's_flipper_r' active >>>>>>>
2024-02-01 18:38:49,167 : INFO : SwitchController : <<<<<<< 's_flipper_r' inactive >>>>>>>
2024-02-01 18:38:49,167 : INFO : SwitchController : <<<<<<< 's_flipper_l' active >>>>>>>
2024-02-01 18:38:49,339 : INFO : SwitchController : <<<<<<< 's_flipper_l' inactive >>>>>>>
2024-02-01 18:38:49,792 : INFO : SwitchController : <<<<<<< 's_trough_1' active >>>>>>>
2024-02-01 18:38:49,887 : INFO : SwitchController : <<<<<<< 's_trough_1' inactive >>>>>>>
2024-02-01 18:38:49,905 : INFO : SwitchController : <<<<<<< 's_trough_2' active >>>>>>>
2024-02-01 18:38:49,981 : INFO : SwitchController : <<<<<<< 's_trough_2' inactive >>>>>>>
2024-02-01 18:38:49,999 : INFO : SwitchController : <<<<<<< 's_trough_3' active >>>>>>>
2024-02-01 18:38:50,077 : INFO : SwitchController : <<<<<<< 's_trough_3' inactive >>>>>>>
2024-02-01 18:38:50,077 : INFO : SwitchController : <<<<<<< 's_trough_4' active >>>>>>>
2024-02-01 18:38:50,575 : INFO : EventManager : Event: ======'balldevice_bd_trough_ball_count_changed'====== Args={'balls': 1}
2024-02-01 18:38:50,575 : INFO : ball_device.bd_trough : Received unexpected ball
2024-02-01 18:38:50,575 : INFO : EventManager : Event: ======'balldevice_captured_from_playfield'====== Args={'balls': 1}
2024-02-01 18:38:50,575 : INFO : EventManager : Event: ======'sw_playfield_active'====== Args={'balls': 1}
2024-02-01 18:38:50,576 : INFO : EventManager : Event: ======'playfield_ball_count_change'====== Args={'balls': 0, 'change': -1}
2024-02-01 18:38:50,576 : INFO : EventManager : Event: ======'balldevice_bd_trough_ball_enter'====== Args={'new_balls': 1, 'unclaimed_balls': 1, 'new_available_balls': 1, 'device': <ball_device.bd_trough>}
2024-02-01 18:38:50,576 : INFO : ball_device.bd_trough : Ejecting 1 unexpected balls using path deque([<ball_device.bd_trough>, <playfield.playfield>])
2024-02-01 18:38:50,576 : INFO : EventManager : Event: ======'balldevice_balls_available'====== Args={}
2024-02-01 18:38:50,576 : INFO : EventManager : Event: ======'balldevice_balls_available'====== Args={}
2024-02-01 18:38:50,576 : INFO : EventManager : Event: ======'balldevice_bd_trough_ball_entered'====== Args={'new_balls': 1, 'device': <ball_device.bd_trough>}
2024-02-01 18:38:50,577 : INFO : ball_device.bd_trough : State: waiting_for_target_ready
2024-02-01 18:38:50,577 : INFO : EventManager : Event: ======'balldevice_bd_trough_ball_eject_attempt'====== Args={'balls': 1, 'target': <playfield.playfield>, 'source': <ball_device.bd_trough>, 'mechanical_eject': False, 'num_attempts': 0}
2024-02-01 18:38:50,577 : INFO : ball_device.bd_trough : State: ejecting
2024-02-01 18:38:50,577 : INFO : ball_device.bd_trough : Ejecting ball to <playfield.playfield>
2024-02-01 18:38:50,577 : INFO : EventManager : Event: ======'balldevice_bd_trough_ejecting_ball'====== Args={'balls': 1, 'target': <playfield.playfield>, 'source': <ball_device.bd_trough>, 'mechanical_eject': False, 'num_attempts': 0}
2024-02-01 18:38:50,578 : INFO : ball_device.bd_trough : Wait for ball to leave device
2024-02-01 18:38:50,578 : INFO : coil.c_trough : Pulsing Driver for 50ms (1.0 pulse_power)
2024-02-01 18:38:50,670 : INFO : SwitchController : <<<<<<< 's_trough_4' inactive >>>>>>>
2024-02-01 18:38:50,673 : INFO : ball_device.bd_trough : State: ball_left
2024-02-01 18:38:50,673 : INFO : ball_device.bd_trough : Ball left
2024-02-01 18:38:50,673 : INFO : ball_device.bd_trough : Wait for confirm with timeout 10.0
2024-02-01 18:38:51,027 : INFO : SwitchController : <<<<<<< 's_stationary_l' active >>>>>>>
2024-02-01 18:38:51,027 : INFO : EventManager : Event: ======'sw_playfield_active'====== Args={}
2024-02-01 18:38:51,027 : INFO : EventManager : Event: ======'playfield_active'====== Args={}
2024-02-01 18:38:51,029 : INFO : ball_device.bd_trough : Got eject confirm
2024-02-01 18:38:51,029 : INFO : ball_device.bd_trough : Eject successful
2024-02-01 18:38:51,029 : INFO : EventManager : Event: ======'balldevice_bd_trough_ball_eject_success'====== Args={'balls': 1, 'target': <playfield.playfield>}
2024-02-01 18:38:51,029 : INFO : EventManager : Event: ======'balldevice_playfield_ball_enter'====== Args={'new_balls': 1, 'unclaimed_balls': 1, 'device': <playfield.playfield>}
2024-02-01 18:38:51,029 : INFO : EventManager : Event: ======'playfield_ball_count_change'====== Args={'balls': 1, 'change': 1}
2024-02-01 18:38:51,030 : INFO : EventManager : Event: ======'balldevice_bd_trough_ball_count_changed'====== Args={'balls': 0}
2024-02-01 18:38:51,030 : INFO : ball_device.bd_trough : State: idle
2024-02-01 18:38:51,046 : INFO : SwitchController : <<<<<<< 's_stationary_l' inactive >>>>>>>
2024-02-01 18:38:51,903 : INFO : SwitchController : <<<<<<< 's_flipper_r' active >>>>>>>
2024-02-01 18:38:52,074 : INFO : SwitchController : <<<<<<< 's_flipper_r' inactive >>>>>>>
2024-02-01 18:38:52,246 : INFO : SwitchController : <<<<<<< 's_trough_1' active >>>>>>>
2024-02-01 18:38:52,339 : INFO : SwitchController : <<<<<<< 's_trough_1' inactive >>>>>>>
2024-02-01 18:38:52,356 : INFO : SwitchController : <<<<<<< 's_trough_2' active >>>>>>>
2024-02-01 18:38:52,433 : INFO : SwitchController : <<<<<<< 's_trough_2' inactive >>>>>>>
2024-02-01 18:38:52,450 : INFO : SwitchController : <<<<<<< 's_trough_3' active >>>>>>>
2024-02-01 18:38:52,527 : INFO : SwitchController : <<<<<<< 's_trough_3' inactive >>>>>>>
2024-02-01 18:38:52,527 : INFO : SwitchController : <<<<<<< 's_trough_4' active >>>>>>>
2024-02-01 18:38:53,022 : INFO : EventManager : Event: ======'balldevice_bd_trough_ball_count_changed'====== Args={'balls': 1}
2024-02-01 18:38:53,022 : INFO : ball_device.bd_trough : Received unexpected ball
2024-02-01 18:38:53,022 : INFO : EventManager : Event: ======'balldevice_captured_from_playfield'====== Args={'balls': 1}
2024-02-01 18:38:53,023 : INFO : EventManager : Event: ======'sw_playfield_active'====== Args={'balls': 1}
2024-02-01 18:38:53,023 : INFO : EventManager : Event: ======'playfield_ball_count_change'====== Args={'balls': 0, 'change': -1}
2024-02-01 18:38:53,023 : INFO : EventManager : Event: ======'balldevice_bd_trough_ball_enter'====== Args={'new_balls': 1, 'unclaimed_balls': 1, 'new_available_balls': 1, 'device': <ball_device.bd_trough>}
2024-02-01 18:38:53,023 : INFO : ball_device.bd_trough : Ejecting 1 unexpected balls using path deque([<ball_device.bd_trough>, <playfield.playfield>])
2024-02-01 18:38:53,023 : INFO : EventManager : Event: ======'balldevice_balls_available'====== Args={}
2024-02-01 18:38:53,023 : INFO : EventManager : Event: ======'balldevice_balls_available'====== Args={}
2024-02-01 18:38:53,024 : INFO : EventManager : Event: ======'balldevice_bd_trough_ball_entered'====== Args={'new_balls': 1, 'device': <ball_device.bd_trough>}
2024-02-01 18:38:53,024 : INFO : ball_device.bd_trough : State: waiting_for_target_ready
2024-02-01 18:38:53,024 : INFO : EventManager : Event: ======'balldevice_bd_trough_ball_eject_attempt'====== Args={'balls': 1, 'target': <playfield.playfield>, 'source': <ball_device.bd_trough>, 'mechanical_eject': False, 'num_attempts': 0}
2024-02-01 18:38:53,024 : INFO : ball_device.bd_trough : State: ejecting
2024-02-01 18:38:53,024 : INFO : ball_device.bd_trough : Ejecting ball to <playfield.playfield>
2024-02-01 18:38:53,024 : INFO : EventManager : Event: ======'balldevice_bd_trough_ejecting_ball'====== Args={'balls': 1, 'target': <playfield.playfield>, 'source': <ball_device.bd_trough>, 'mechanical_eject': False, 'num_attempts': 0}
2024-02-01 18:38:53,025 : INFO : ball_device.bd_trough : Wait for ball to leave device
2024-02-01 18:38:53,025 : INFO : coil.c_trough : Pulsing Driver for 50ms (1.0 pulse_power)
2024-02-01 18:38:53,102 : INFO : SwitchController : <<<<<<< 's_trough_4' inactive >>>>>>>
2024-02-01 18:38:53,105 : INFO : ball_device.bd_trough : State: ball_left
2024-02-01 18:38:53,105 : INFO : ball_device.bd_trough : Ball left
2024-02-01 18:38:53,105 : INFO : ball_device.bd_trough : Wait for confirm with timeout 10.0
2024-02-01 18:38:53,260 : INFO : SwitchController : <<<<<<< 's_trough_4' active >>>>>>>
2024-02-01 18:39:03,083 : INFO : ball_device.bd_trough : State: failed_confirm
2024-02-01 18:39:03,083 : INFO : ball_device.bd_trough : Got timeout (10.0s) before confirm from <playfield.playfield>
2024-02-01 18:39:03,176 : INFO : ball_device.bd_trough : Got unknown balls. Assuming a ball returned.
2024-02-01 18:39:03,176 : INFO : EventManager : Event: ======'balldevice_bd_trough_ball_eject_failed'====== Args={'target': <playfield.playfield>, 'balls': 1, 'retry': True, 'num_attempts': 1}
2024-02-01 18:39:03,177 : INFO : ball_device.bd_trough : State: waiting_for_target_ready
2024-02-01 18:39:03,177 : INFO : EventManager : Event: ======'balldevice_bd_trough_ball_eject_attempt'====== Args={'balls': 1, 'target': <playfield.playfield>, 'source': <ball_device.bd_trough>, 'mechanical_eject': False, 'num_attempts': 1}
2024-02-01 18:39:03,177 : INFO : ball_device.bd_trough : State: ejecting
2024-02-01 18:39:03,177 : INFO : ball_device.bd_trough : Ejecting ball to <playfield.playfield>
2024-02-01 18:39:03,177 : INFO : EventManager : Event: ======'balldevice_bd_trough_ejecting_ball'====== Args={'balls': 1, 'target': <playfield.playfield>, 'source': <ball_device.bd_trough>, 'mechanical_eject': False, 'num_attempts': 1}
2024-02-01 18:39:03,178 : INFO : ball_device.bd_trough : Wait for ball to leave device
2024-02-01 18:39:03,178 : INFO : coil.c_trough : Pulsing Driver for 50ms (1.0 pulse_power)
2024-02-01 18:39:03,270 : INFO : SwitchController : <<<<<<< 's_trough_4' inactive >>>>>>>
2024-02-01 18:39:03,273 : INFO : ball_device.bd_trough : State: ball_left
2024-02-01 18:39:03,273 : INFO : ball_device.bd_trough : Ball left
2024-02-01 18:39:03,273 : INFO : ball_device.bd_trough : Wait for confirm with timeout 10.0
2024-02-01 18:39:04,464 : INFO : Machine : Shutting down...
2024-02-01 18:39:04,464 : INFO : EventManager : Event: ======'shutdown'====== Args={}
2024-02-01 18:39:04,553 : INFO : root : MPF run loop ended.
