2024-02-08 10:11:09,849 : INFO : root : Loading config.
2024-02-08 10:11:09,858 : INFO : YamlMultifileConfigLoader : Machine config file #1: config.yaml
2024-02-08 10:11:09,858 : WARNING : ConfigProcessor : Config file in cache changed: c:\lofab\config\config.yaml
2024-02-08 10:11:09,858 : INFO : ConfigProcessor : Loading config from file C:\Users\Tanner\AppData\Local\Packages\PythonSoftwareFoundation.Python.3.11_qbz5n2kfra8p0\LocalCache\local-packages\Python311\site-packages\mpf\mpfconfig.yaml.
2024-02-08 10:11:09,875 : INFO : ConfigProcessor : Loading config: C:\Users\Tanner\AppData\Local\Packages\PythonSoftwareFoundation.Python.3.11_qbz5n2kfra8p0\LocalCache\local-packages\Python311\site-packages\mpf\mpfconfig.yaml
2024-02-08 10:11:09,876 : INFO : ConfigProcessor : Loading config from file c:\lofab\config\config.yaml.
2024-02-08 10:11:09,882 : INFO : ConfigProcessor : Loading config: c:\lofab\config\config.yaml
2024-02-08 10:11:09,884 : INFO : ConfigProcessor : Config file cache created: C:\Users\Tanner\AppData\Local\Temp\ae594c12e5b61ed7124eed45950049a7.mpf_cache
2024-02-08 10:11:10,462 : INFO : ConfigProcessor : Loading config from cache: C:\Users\Tanner\AppData\Local\Temp\e981666969e170eb9e0a37595fe7075e.mpf_cache
2024-02-08 10:11:10,467 : INFO : ConfigProcessor : Loading config from cache: C:\Users\Tanner\AppData\Local\Temp\dfbe1b39ae456f06de73c859384050b2.mpf_cache
2024-02-08 10:11:10,473 : INFO : ConfigProcessor : Loading config from cache: C:\Users\Tanner\AppData\Local\Temp\e981666969e170eb9e0a37595fe7075e.mpf_cache
2024-02-08 10:11:10,474 : INFO : ConfigProcessor : Loading config from cache: C:\Users\Tanner\AppData\Local\Temp\cacbc1766a696e848da166f75f474858.mpf_cache
2024-02-08 10:11:10,479 : INFO : Machine : Mission Pinball Framework Core Engine v0.57.0.dev33
2024-02-08 10:11:10,479 : INFO : Machine : Command line arguments: {'no_load_cache': False, 'create_config_cache': True, 'bcp': False, 'configfile': ['config.yaml'], 'force_assets_load': False, 'jsonlogging': False, 'logfile': 'logs\\2024-02-08-10-11-09-mpf-DESKTOP-7HNFDQ5.log', 'pause': False, 'production': False, 'text_ui': True, 'loglevel': 15, 'consoleloglevel': 20, 'force_platform': None, 'syslog_address': None, 'mc_file_name': None, 'no_sound': False}
2024-02-08 10:11:10,479 : INFO : Machine : MPF path: C:\Users\Tanner\AppData\Local\Packages\PythonSoftwareFoundation.Python.3.11_qbz5n2kfra8p0\LocalCache\local-packages\Python311\site-packages\mpf
2024-02-08 10:11:10,479 : INFO : Machine : Machine path: c:\lofab
2024-02-08 10:11:10,479 : INFO : Machine : Platform: win32
2024-02-08 10:11:10,479 : INFO : Machine : Python executable location: C:\Users\Tanner\AppData\Local\Microsoft\WindowsApps\PythonSoftwareFoundation.Python.3.11_qbz5n2kfra8p0\python.exe
2024-02-08 10:11:10,479 : INFO : Machine : Python version: 3.11.8 (64-bit)
2024-02-08 10:11:10,481 : INFO : Machine : Initializing MPF...
2024-02-08 10:11:11,351 : INFO : [NET] : Trying to connect to com9 at 921600bps
2024-02-08 10:11:11,430 : INFO : [NET] : Connected to com9 at 921600bps
2024-02-08 10:11:11,438 : INFO : [NET] : Connected to FP-CPU-2000 with firmware v02.13
2024-02-08 10:11:11,470 : INFO : [NET] : Registered I/O Board 0: Model: FP-I/O-0804, Firmware: 01.10, Switches: 8, Drivers: 4
2024-02-08 10:11:11,486 : INFO : [NET] : Registered I/O Board 1: Model: FP-I/O-0804, Firmware: 01.09, Switches: 8, Drivers: 4
2024-02-08 10:11:11,502 : INFO : [NET] : Registered I/O Board 2: Model: FP-I/O-3208, Firmware: 01.10, Switches: 32, Drivers: 8
2024-02-08 10:11:11,515 : INFO : [EXP] : Trying to connect to com10 at 921600bps
2024-02-08 10:11:11,593 : INFO : [EXP] : Connected to com10 at 921600bps
2024-02-08 10:11:11,597 : INFO : [EXP] : Verifying hardware for EXP "pf" (FP-EXP-0081, @84) with ID string "EXP FP-EXP-0081  0.12", board address 84
2024-02-08 10:11:11,613 : INFO : [EXP] : Verifying hardware for EXP "pf" (FP-EXP-0081, @84) with ID string "BRK FP-EXP-0081  0.12", board address 840
2024-02-08 10:11:11,628 : INFO : [EXP] : Verifying hardware for EXP "pf" (FP-EXP-0081, @84) with ID string "BRK FP-EXP-0081  0.12", board address 841
2024-02-08 10:11:11,644 : INFO : EventManager : Event: ======'machine_var_credits_string'====== Args={'value': 'FREE PLAY', 'prev_value': None, 'change': True}
2024-02-08 10:11:11,781 : INFO : EventManager : Event: ======'machine_var_master_volume'====== Args={'value': 0.5, 'prev_value': None, 'change': True}
2024-02-08 10:11:11,781 : INFO : EventManager : Event: ======'machine_var_player1_score'====== Args={'value': 0, 'prev_value': None, 'change': True}
2024-02-08 10:11:11,781 : INFO : EventManager : Event: ======'machine_var_mpf_version'====== Args={'value': 'Mission Pinball Framework v0.57.0.dev33', 'prev_value': None, 'change': True}
2024-02-08 10:11:11,781 : INFO : EventManager : Event: ======'machine_var_mpf_extended_version'====== Args={'value': 'Mission Pinball Framework v0.57.0.dev33, Config version:6, Show version: 6, BCP version:1.1', 'prev_value': None, 'change': True}
2024-02-08 10:11:11,781 : INFO : EventManager : Event: ======'machine_var_python_version'====== Args={'value': '3.11.8', 'prev_value': None, 'change': True}
2024-02-08 10:11:11,789 : INFO : EventManager : Event: ======'machine_var_platform'====== Args={'value': 'Windows-10-10.0.19045-SP0', 'prev_value': None, 'change': True}
2024-02-08 10:11:11,790 : INFO : EventManager : Event: ======'machine_var_platform_system'====== Args={'value': 'Windows', 'prev_value': None, 'change': True}
2024-02-08 10:11:11,790 : INFO : EventManager : Event: ======'machine_var_platform_release'====== Args={'value': '10', 'prev_value': None, 'change': True}
2024-02-08 10:11:11,790 : INFO : EventManager : Event: ======'machine_var_platform_version'====== Args={'value': '10.0.19045', 'prev_value': None, 'change': True}
2024-02-08 10:11:11,790 : INFO : EventManager : Event: ======'machine_var_platform_machine'====== Args={'value': 'AMD64', 'prev_value': None, 'change': True}
2024-02-08 10:11:11,790 : INFO : EventManager : Event: ======'init_phase_1'====== Args={}
2024-02-08 10:11:14,358 : INFO : SwitchController : <<<<<<< 's_trough_4' active >>>>>>>
2024-02-08 10:11:14,388 : INFO : EventManager : Event: ======'init_phase_2'====== Args={}
2024-02-08 10:11:14,388 : INFO : SwitchController : Found active switch: (19, [FAST Platform Interface]) <switch.s_trough_4>
2024-02-08 10:11:14,391 : INFO : ball_device.bd_vuk : BCH: Initial count: 0
2024-02-08 10:11:14,392 : INFO : ball_device.bd_vuk : State: idle
2024-02-08 10:11:14,859 : INFO : ball_device.bd_trough : BCH: Initial count: 1
2024-02-08 10:11:14,859 : INFO : ball_device.bd_trough : State: idle
2024-02-08 10:11:14,902 : INFO : EventManager : Event: ======'init_phase_3'====== Args={}
2024-02-08 10:11:14,905 : INFO : EventManager : Event: ======'init_phase_4'====== Args={}
2024-02-08 10:11:14,905 : INFO : BallController : Initial balls found: 1
2024-02-08 10:11:14,906 : INFO : EventManager : Event: ======'machine_var_audits_events_game_ended'====== Args={'value': 44, 'prev_value': None, 'change': True}
2024-02-08 10:11:14,906 : INFO : EventManager : Event: ======'machine_var_audits_events_game_started'====== Args={'value': 120, 'prev_value': None, 'change': True}
2024-02-08 10:11:14,906 : INFO : EventManager : Event: ======'machine_var_audits_player_score'====== Args={'value': {'average': 0.0, 'top': [0, 0, 0, 0, 0, 0, 0, 0, 0, 0], 'total': 44}, 'prev_value': None, 'change': True}
2024-02-08 10:11:14,907 : INFO : EventManager : Event: ======'machine_var_audits_switches_s_9'====== Args={'value': 0, 'prev_value': None, 'change': True}
2024-02-08 10:11:14,907 : INFO : EventManager : Event: ======'machine_var_audits_switches_s_autolauncher'====== Args={'value': 422, 'prev_value': None, 'change': True}
2024-02-08 10:11:14,907 : INFO : EventManager : Event: ======'machine_var_audits_switches_s_b_eos'====== Args={'value': 2450, 'prev_value': None, 'change': True}
2024-02-08 10:11:14,907 : INFO : EventManager : Event: ======'machine_var_audits_switches_s_b_pop'====== Args={'value': 446, 'prev_value': None, 'change': True}
2024-02-08 10:11:14,907 : INFO : EventManager : Event: ======'machine_var_audits_switches_s_b_rollover_interchange'====== Args={'value': 10, 'prev_value': None, 'change': True}
2024-02-08 10:11:14,907 : INFO : EventManager : Event: ======'machine_var_audits_switches_s_b_rollover_loop'====== Args={'value': 24, 'prev_value': None, 'change': True}
2024-02-08 10:11:14,907 : INFO : EventManager : Event: ======'machine_var_audits_switches_s_b_rollover_misc'====== Args={'value': 33, 'prev_value': None, 'change': True}
2024-02-08 10:11:14,907 : INFO : EventManager : Event: ======'machine_var_audits_switches_s_b_target_left'====== Args={'value': 21, 'prev_value': None, 'change': True}
2024-02-08 10:11:14,907 : INFO : EventManager : Event: ======'machine_var_audits_switches_s_b_target_right'====== Args={'value': 39, 'prev_value': None, 'change': True}
2024-02-08 10:11:14,907 : INFO : EventManager : Event: ======'machine_var_audits_switches_s_drop_mid_center'====== Args={'value': 113, 'prev_value': None, 'change': True}
2024-02-08 10:11:14,907 : INFO : EventManager : Event: ======'machine_var_audits_switches_s_drop_mid_left'====== Args={'value': 76, 'prev_value': None, 'change': True}
2024-02-08 10:11:14,907 : INFO : EventManager : Event: ======'machine_var_audits_switches_s_drop_mid_right'====== Args={'value': 96, 'prev_value': None, 'change': True}
2024-02-08 10:11:14,908 : INFO : EventManager : Event: ======'machine_var_audits_switches_s_drop_right_left'====== Args={'value': 32, 'prev_value': None, 'change': True}
2024-02-08 10:11:14,908 : INFO : EventManager : Event: ======'machine_var_audits_switches_s_drop_right_right'====== Args={'value': 32, 'prev_value': None, 'change': True}
2024-02-08 10:11:14,908 : INFO : EventManager : Event: ======'machine_var_audits_switches_s_drop_scoop'====== Args={'value': 0, 'prev_value': None, 'change': True}
2024-02-08 10:11:14,908 : INFO : EventManager : Event: ======'machine_var_audits_switches_s_drop_single'====== Args={'value': 24, 'prev_value': None, 'change': True}
2024-02-08 10:11:14,909 : INFO : EventManager : Event: ======'machine_var_audits_switches_s_flip_left_eos'====== Args={'value': 25095, 'prev_value': None, 'change': True}
2024-02-08 10:11:14,909 : INFO : EventManager : Event: ======'machine_var_audits_switches_s_flip_left_top_eos'====== Args={'value': 1729, 'prev_value': None, 'change': True}
2024-02-08 10:11:14,909 : INFO : EventManager : Event: ======'machine_var_audits_switches_s_flip_right_eos'====== Args={'value': 2110, 'prev_value': None, 'change': True}
2024-02-08 10:11:14,909 : INFO : EventManager : Event: ======'machine_var_audits_switches_s_flipper_l'====== Args={'value': 251, 'prev_value': None, 'change': True}
2024-02-08 10:11:14,909 : INFO : EventManager : Event: ======'machine_var_audits_switches_s_flipper_r'====== Args={'value': 166, 'prev_value': None, 'change': True}
2024-02-08 10:11:14,909 : INFO : EventManager : Event: ======'machine_var_audits_switches_s_inlane_left'====== Args={'value': 31, 'prev_value': None, 'change': True}
2024-02-08 10:11:14,909 : INFO : EventManager : Event: ======'machine_var_audits_switches_s_inlane_right'====== Args={'value': 59, 'prev_value': None, 'change': True}
2024-02-08 10:11:14,909 : INFO : EventManager : Event: ======'machine_var_audits_switches_s_l_rollover'====== Args={'value': 9, 'prev_value': None, 'change': True}
2024-02-08 10:11:14,909 : INFO : EventManager : Event: ======'machine_var_audits_switches_s_l_target_far'====== Args={'value': 9, 'prev_value': None, 'change': True}
2024-02-08 10:11:14,909 : INFO : EventManager : Event: ======'machine_var_audits_switches_s_l_target_large'====== Args={'value': 9, 'prev_value': None, 'change': True}
2024-02-08 10:11:14,910 : INFO : EventManager : Event: ======'machine_var_audits_switches_s_l_target_left'====== Args={'value': 10, 'prev_value': None, 'change': True}
2024-02-08 10:11:14,910 : INFO : EventManager : Event: ======'machine_var_audits_switches_s_l_target_right'====== Args={'value': 9, 'prev_value': None, 'change': True}
2024-02-08 10:11:14,910 : INFO : EventManager : Event: ======'machine_var_audits_switches_s_l_vuk'====== Args={'value': 9, 'prev_value': None, 'change': True}
2024-02-08 10:11:14,910 : INFO : EventManager : Event: ======'machine_var_audits_switches_s_launch'====== Args={'value': 460, 'prev_value': None, 'change': True}
2024-02-08 10:11:14,910 : INFO : EventManager : Event: ======'machine_var_audits_switches_s_left_flipper_1'====== Args={'value': 1947, 'prev_value': None, 'change': True}
2024-02-08 10:11:14,910 : INFO : EventManager : Event: ======'machine_var_audits_switches_s_left_flipper_2'====== Args={'value': 651, 'prev_value': None, 'change': True}
2024-02-08 10:11:14,910 : INFO : EventManager : Event: ======'machine_var_audits_switches_s_lock_1'====== Args={'value': 1, 'prev_value': None, 'change': True}
2024-02-08 10:11:14,910 : INFO : EventManager : Event: ======'machine_var_audits_switches_s_lock_2'====== Args={'value': 1, 'prev_value': None, 'change': True}
2024-02-08 10:11:14,910 : INFO : EventManager : Event: ======'machine_var_audits_switches_s_lock_3'====== Args={'value': 1, 'prev_value': None, 'change': True}
2024-02-08 10:11:14,911 : INFO : EventManager : Event: ======'machine_var_audits_switches_s_outlane_left'====== Args={'value': 12, 'prev_value': None, 'change': True}
2024-02-08 10:11:14,911 : INFO : EventManager : Event: ======'machine_var_audits_switches_s_outlane_right'====== Args={'value': 28, 'prev_value': None, 'change': True}
2024-02-08 10:11:14,911 : INFO : EventManager : Event: ======'machine_var_audits_switches_s_pop'====== Args={'value': 62, 'prev_value': None, 'change': True}
2024-02-08 10:11:14,911 : INFO : EventManager : Event: ======'machine_var_audits_switches_s_pop_left'====== Args={'value': 152, 'prev_value': None, 'change': True}
2024-02-08 10:11:14,911 : INFO : EventManager : Event: ======'machine_var_audits_switches_s_pop_lower'====== Args={'value': 560, 'prev_value': None, 'change': True}
2024-02-08 10:11:14,911 : INFO : EventManager : Event: ======'machine_var_audits_switches_s_pop_right'====== Args={'value': 2348, 'prev_value': None, 'change': True}
2024-02-08 10:11:14,911 : INFO : EventManager : Event: ======'machine_var_audits_switches_s_right_flipper_1'====== Args={'value': 3494, 'prev_value': None, 'change': True}
2024-02-08 10:11:14,911 : INFO : EventManager : Event: ======'machine_var_audits_switches_s_right_flipper_2'====== Args={'value': 3304, 'prev_value': None, 'change': True}
2024-02-08 10:11:14,912 : INFO : EventManager : Event: ======'machine_var_audits_switches_s_rollover_left'====== Args={'value': 84, 'prev_value': None, 'change': True}
2024-02-08 10:11:14,912 : INFO : EventManager : Event: ======'machine_var_audits_switches_s_rollover_right'====== Args={'value': 488, 'prev_value': None, 'change': True}
2024-02-08 10:11:14,912 : INFO : EventManager : Event: ======'machine_var_audits_switches_s_sling_l'====== Args={'value': 35, 'prev_value': None, 'change': True}
2024-02-08 10:11:14,912 : INFO : EventManager : Event: ======'machine_var_audits_switches_s_sling_left'====== Args={'value': 159, 'prev_value': None, 'change': True}
2024-02-08 10:11:14,912 : INFO : EventManager : Event: ======'machine_var_audits_switches_s_sling_r'====== Args={'value': 32, 'prev_value': None, 'change': True}
2024-02-08 10:11:14,912 : INFO : EventManager : Event: ======'machine_var_audits_switches_s_sling_right'====== Args={'value': 237, 'prev_value': None, 'change': True}
2024-02-08 10:11:14,912 : INFO : EventManager : Event: ======'machine_var_audits_switches_s_start'====== Args={'value': 118, 'prev_value': None, 'change': True}
2024-02-08 10:11:14,912 : INFO : EventManager : Event: ======'machine_var_audits_switches_s_stationary_back'====== Args={'value': 28, 'prev_value': None, 'change': True}
2024-02-08 10:11:14,913 : INFO : EventManager : Event: ======'machine_var_audits_switches_s_stationary_l'====== Args={'value': 43, 'prev_value': None, 'change': True}
2024-02-08 10:11:14,913 : INFO : EventManager : Event: ======'machine_var_audits_switches_s_stationary_right'====== Args={'value': 23, 'prev_value': None, 'change': True}
2024-02-08 10:11:14,913 : INFO : EventManager : Event: ======'machine_var_audits_switches_s_tilt'====== Args={'value': 2735, 'prev_value': None, 'change': True}
2024-02-08 10:11:14,913 : INFO : EventManager : Event: ======'machine_var_audits_switches_s_trough_1'====== Args={'value': 64, 'prev_value': None, 'change': True}
2024-02-08 10:11:14,913 : INFO : EventManager : Event: ======'machine_var_audits_switches_s_trough_2'====== Args={'value': 504, 'prev_value': None, 'change': True}
2024-02-08 10:11:14,913 : INFO : EventManager : Event: ======'machine_var_audits_switches_s_trough_3'====== Args={'value': 459, 'prev_value': None, 'change': True}
2024-02-08 10:11:14,913 : INFO : EventManager : Event: ======'machine_var_audits_switches_s_trough_4'====== Args={'value': 506, 'prev_value': None, 'change': True}
2024-02-08 10:11:14,914 : INFO : EventManager : Event: ======'machine_var_audits_switches_s_trough_5'====== Args={'value': 284, 'prev_value': None, 'change': True}
2024-02-08 10:11:14,914 : INFO : EventManager : Event: ======'machine_var_audits_switches_s_trough_6'====== Args={'value': 277, 'prev_value': None, 'change': True}
2024-02-08 10:11:14,914 : INFO : EventManager : Event: ======'machine_var_audits_switches_s_trough_jam'====== Args={'value': 344, 'prev_value': None, 'change': True}
2024-02-08 10:11:14,914 : INFO : EventManager : Event: ======'machine_var_audits_switches_s_u_lane_l'====== Args={'value': 15, 'prev_value': None, 'change': True}
2024-02-08 10:11:14,914 : INFO : EventManager : Event: ======'machine_var_audits_switches_s_u_lane_r'====== Args={'value': 20, 'prev_value': None, 'change': True}
2024-02-08 10:11:14,914 : INFO : EventManager : Event: ======'machine_var_audits_switches_s_u_rollover'====== Args={'value': 10, 'prev_value': None, 'change': True}
2024-02-08 10:11:14,915 : INFO : EventManager : Event: ======'machine_var_audits_switches_s_u_target'====== Args={'value': 8, 'prev_value': None, 'change': True}
2024-02-08 10:11:14,915 : INFO : EventManager : Event: ======'machine_var_audits_switches_s_vuk'====== Args={'value': 15, 'prev_value': None, 'change': True}
2024-02-08 10:11:14,915 : INFO : EventManager : Event: ======'machine_var_audits_switches_s_vuk_back'====== Args={'value': 489, 'prev_value': None, 'change': True}
2024-02-08 10:11:14,915 : INFO : EventManager : Event: ======'machine_var_audits_switches_s_vuk_right'====== Args={'value': 1, 'prev_value': None, 'change': True}
2024-02-08 10:11:14,916 : INFO : EventManager : Event: ======'init_phase_5'====== Args={}
2024-02-08 10:11:14,947 : INFO : EventManager : Event: ======'init_done'====== Args={}
2024-02-08 10:11:14,947 : INFO : EventManager : Event: ======'machine_reset_phase_1'====== Args={}
2024-02-08 10:11:14,948 : INFO : EventManager : Event: ======'machine_reset_phase_2'====== Args={}
2024-02-08 10:11:14,948 : INFO : EventManager : Event: ======'machine_reset_phase_3'====== Args={}
2024-02-08 10:11:14,949 : INFO : EventManager : Event: ======'reset_complete'====== Args={}
2024-02-08 10:11:14,949 : INFO : EventManager : Event: ======'mode_attract_will_start'====== Args={}
2024-02-08 10:11:14,950 : INFO : EventManager : Event: ======'mode_attract_starting'====== Args={}
2024-02-08 10:11:14,950 : INFO : Mode.attract : Started. Priority: 10
2024-02-08 10:11:14,950 : INFO : EventManager : Event: ======'modes_active_modes_changed'====== Args={}
2024-02-08 10:11:14,950 : INFO : EventManager : Event: ======'mode_attract_started'====== Args={}
2024-02-08 10:11:14,950 : INFO : EventManager : Event: ======'collecting_balls'====== Args={}
2024-02-08 10:11:14,950 : INFO : ball_device.bd_trough : Adding 1 ball(s) to the eject_queue with target <playfield.playfield>.
2024-02-08 10:11:14,950 : INFO : EventManager : Event: ======'balldevice_balls_available'====== Args={}
2024-02-08 10:11:14,967 : INFO : Machine : Starting the main run loop.
2024-02-08 10:11:14,968 : INFO : ball_device.bd_trough : State: waiting_for_target_ready
2024-02-08 10:11:14,968 : INFO : EventManager : Event: ======'balldevice_bd_trough_ball_eject_attempt'====== Args={'balls': 1, 'target': <playfield.playfield>, 'source': <ball_device.bd_trough>, 'mechanical_eject': False, 'num_attempts': 0}
2024-02-08 10:11:14,968 : INFO : ball_device.bd_trough : State: ejecting
2024-02-08 10:11:14,968 : INFO : ball_device.bd_trough : Ejecting ball to <playfield.playfield>
2024-02-08 10:11:14,969 : INFO : EventManager : Event: ======'balldevice_bd_trough_ejecting_ball'====== Args={'balls': 1, 'target': <playfield.playfield>, 'source': <ball_device.bd_trough>, 'mechanical_eject': False, 'num_attempts': 0}
2024-02-08 10:11:14,969 : INFO : ball_device.bd_trough : Wait for ball to leave device
2024-02-08 10:11:14,969 : INFO : coil.c_trough : Pulsing Driver for 20ms (1.0 pulse_power)
2024-02-08 10:11:15,030 : INFO : SwitchController : <<<<<<< 's_trough_4' inactive >>>>>>>
2024-02-08 10:11:15,033 : INFO : ball_device.bd_trough : State: ball_left
2024-02-08 10:11:15,033 : INFO : ball_device.bd_trough : Ball left
2024-02-08 10:11:15,033 : INFO : ball_device.bd_trough : Wait for confirm with timeout 10.0
2024-02-08 10:11:15,518 : INFO : SwitchController : <<<<<<< 's_sling_l' active >>>>>>>
2024-02-08 10:11:15,518 : INFO : EventManager : Event: ======'playfield_active'====== Args={}
2024-02-08 10:11:15,522 : INFO : ball_device.bd_trough : Got eject confirm
2024-02-08 10:11:15,522 : INFO : ball_device.bd_trough : Eject successful
2024-02-08 10:11:15,522 : INFO : EventManager : Event: ======'balldevice_bd_trough_ball_eject_success'====== Args={'balls': 1, 'target': <playfield.playfield>}
2024-02-08 10:11:15,522 : INFO : EventManager : Event: ======'balldevice_playfield_ball_enter'====== Args={'new_balls': 1, 'unclaimed_balls': 1, 'device': <playfield.playfield>}
2024-02-08 10:11:15,522 : INFO : EventManager : Event: ======'playfield_ball_count_change'====== Args={'balls': 1, 'change': 1}
2024-02-08 10:11:15,523 : INFO : EventManager : Event: ======'balldevice_bd_trough_ball_count_changed'====== Args={'balls': 0}
2024-02-08 10:11:15,523 : INFO : ball_device.bd_trough : State: idle
2024-02-08 10:11:15,534 : INFO : SwitchController : <<<<<<< 's_sling_l' inactive >>>>>>>
2024-02-08 10:11:16,486 : INFO : SwitchController : <<<<<<< 's_flipper_l' active >>>>>>>
2024-02-08 10:11:16,672 : INFO : SwitchController : <<<<<<< 's_sling_l' active >>>>>>>
2024-02-08 10:11:16,687 : INFO : SwitchController : <<<<<<< 's_sling_l' inactive >>>>>>>
2024-02-08 10:11:16,919 : INFO : SwitchController : <<<<<<< 's_pop' active >>>>>>>
2024-02-08 10:11:16,935 : INFO : SwitchController : <<<<<<< 's_pop' inactive >>>>>>>
2024-02-08 10:11:16,964 : INFO : SwitchController : <<<<<<< 's_flipper_l' inactive >>>>>>>
2024-02-08 10:11:17,778 : INFO : SwitchController : <<<<<<< 's_flipper_l' active >>>>>>>
2024-02-08 10:11:18,277 : INFO : SwitchController : <<<<<<< 's_flipper_l' inactive >>>>>>>
2024-02-08 10:11:19,087 : INFO : SwitchController : <<<<<<< 's_flipper_r' active >>>>>>>
2024-02-08 10:11:19,510 : INFO : SwitchController : <<<<<<< 's_flipper_r' inactive >>>>>>>
2024-02-08 10:11:19,602 : INFO : SwitchController : <<<<<<< 's_flipper_l' active >>>>>>>
2024-02-08 10:11:19,977 : INFO : SwitchController : <<<<<<< 's_flipper_l' inactive >>>>>>>
2024-02-08 10:11:20,520 : INFO : SwitchController : <<<<<<< 's_flipper_l' active >>>>>>>
2024-02-08 10:11:20,832 : INFO : SwitchController : <<<<<<< 's_flipper_l' inactive >>>>>>>
2024-02-08 10:11:21,174 : INFO : SwitchController : <<<<<<< 's_flipper_l' active >>>>>>>
2024-02-08 10:11:21,284 : INFO : SwitchController : <<<<<<< 's_pop' active >>>>>>>
2024-02-08 10:11:21,300 : INFO : SwitchController : <<<<<<< 's_pop' inactive >>>>>>>
2024-02-08 10:11:21,595 : INFO : SwitchController : <<<<<<< 's_flipper_l' inactive >>>>>>>
2024-02-08 10:11:22,590 : INFO : SwitchController : <<<<<<< 's_trough_1' active >>>>>>>
2024-02-08 10:11:22,685 : INFO : SwitchController : <<<<<<< 's_trough_1' inactive >>>>>>>
2024-02-08 10:11:22,702 : INFO : SwitchController : <<<<<<< 's_trough_2' active >>>>>>>
2024-02-08 10:11:22,779 : INFO : SwitchController : <<<<<<< 's_trough_2' inactive >>>>>>>
2024-02-08 10:11:22,797 : INFO : SwitchController : <<<<<<< 's_trough_3' active >>>>>>>
2024-02-08 10:11:22,873 : INFO : SwitchController : <<<<<<< 's_trough_3' inactive >>>>>>>
2024-02-08 10:11:22,890 : INFO : SwitchController : <<<<<<< 's_trough_4' active >>>>>>>
2024-02-08 10:11:23,378 : INFO : EventManager : Event: ======'balldevice_bd_trough_ball_count_changed'====== Args={'balls': 1}
2024-02-08 10:11:23,378 : INFO : ball_device.bd_trough : Received unexpected ball
2024-02-08 10:11:23,378 : INFO : EventManager : Event: ======'balldevice_captured_from_playfield'====== Args={'balls': 1}
2024-02-08 10:11:23,379 : INFO : EventManager : Event: ======'sw_playfield_active'====== Args={'balls': 1}
2024-02-08 10:11:23,379 : INFO : EventManager : Event: ======'playfield_ball_count_change'====== Args={'balls': 0, 'change': -1}
2024-02-08 10:11:23,379 : INFO : EventManager : Event: ======'balldevice_bd_trough_ball_enter'====== Args={'new_balls': 1, 'unclaimed_balls': 1, 'new_available_balls': 1, 'device': <ball_device.bd_trough>}
2024-02-08 10:11:23,380 : INFO : ball_device.bd_trough : Ejecting 1 unexpected balls using path deque([<ball_device.bd_trough>, <playfield.playfield>])
2024-02-08 10:11:23,380 : INFO : EventManager : Event: ======'balldevice_balls_available'====== Args={}
2024-02-08 10:11:23,380 : INFO : EventManager : Event: ======'balldevice_balls_available'====== Args={}
2024-02-08 10:11:23,380 : INFO : EventManager : Event: ======'balldevice_bd_trough_ball_entered'====== Args={'new_balls': 1, 'device': <ball_device.bd_trough>}
2024-02-08 10:11:23,380 : INFO : ball_device.bd_trough : State: waiting_for_target_ready
2024-02-08 10:11:23,381 : INFO : EventManager : Event: ======'balldevice_bd_trough_ball_eject_attempt'====== Args={'balls': 1, 'target': <playfield.playfield>, 'source': <ball_device.bd_trough>, 'mechanical_eject': False, 'num_attempts': 0}
2024-02-08 10:11:23,381 : INFO : ball_device.bd_trough : State: ejecting
2024-02-08 10:11:23,381 : INFO : ball_device.bd_trough : Ejecting ball to <playfield.playfield>
2024-02-08 10:11:23,381 : INFO : EventManager : Event: ======'balldevice_bd_trough_ejecting_ball'====== Args={'balls': 1, 'target': <playfield.playfield>, 'source': <ball_device.bd_trough>, 'mechanical_eject': False, 'num_attempts': 0}
2024-02-08 10:11:23,381 : INFO : ball_device.bd_trough : Wait for ball to leave device
2024-02-08 10:11:23,381 : INFO : coil.c_trough : Pulsing Driver for 20ms (1.0 pulse_power)
2024-02-08 10:11:23,441 : INFO : SwitchController : <<<<<<< 's_trough_4' inactive >>>>>>>
2024-02-08 10:11:23,444 : INFO : ball_device.bd_trough : State: ball_left
2024-02-08 10:11:23,444 : INFO : ball_device.bd_trough : Ball left
2024-02-08 10:11:23,444 : INFO : ball_device.bd_trough : Wait for confirm with timeout 10.0
2024-02-08 10:11:24,512 : INFO : SwitchController : <<<<<<< 's_sling_r' active >>>>>>>
2024-02-08 10:11:24,512 : INFO : EventManager : Event: ======'playfield_active'====== Args={}
2024-02-08 10:11:24,514 : INFO : ball_device.bd_trough : Got eject confirm
2024-02-08 10:11:24,515 : INFO : ball_device.bd_trough : Eject successful
2024-02-08 10:11:24,515 : INFO : EventManager : Event: ======'balldevice_bd_trough_ball_eject_success'====== Args={'balls': 1, 'target': <playfield.playfield>}
2024-02-08 10:11:24,515 : INFO : EventManager : Event: ======'balldevice_playfield_ball_enter'====== Args={'new_balls': 1, 'unclaimed_balls': 1, 'device': <playfield.playfield>}
2024-02-08 10:11:24,515 : INFO : EventManager : Event: ======'playfield_ball_count_change'====== Args={'balls': 1, 'change': 1}
2024-02-08 10:11:24,515 : INFO : EventManager : Event: ======'balldevice_bd_trough_ball_count_changed'====== Args={'balls': 0}
2024-02-08 10:11:24,515 : INFO : ball_device.bd_trough : State: idle
2024-02-08 10:11:24,527 : INFO : SwitchController : <<<<<<< 's_sling_r' inactive >>>>>>>
2024-02-08 10:11:24,766 : INFO : SwitchController : <<<<<<< 's_stationary_l' active >>>>>>>
2024-02-08 10:11:24,766 : INFO : EventManager : Event: ======'sw_playfield_active'====== Args={}
2024-02-08 10:11:24,782 : INFO : SwitchController : <<<<<<< 's_stationary_l' inactive >>>>>>>
2024-02-08 10:11:26,331 : INFO : SwitchController : <<<<<<< 's_trough_1' active >>>>>>>
2024-02-08 10:11:26,425 : INFO : SwitchController : <<<<<<< 's_trough_1' inactive >>>>>>>
2024-02-08 10:11:26,441 : INFO : SwitchController : <<<<<<< 's_trough_2' active >>>>>>>
2024-02-08 10:11:26,504 : INFO : SwitchController : <<<<<<< 's_trough_2' inactive >>>>>>>
2024-02-08 10:11:26,522 : INFO : SwitchController : <<<<<<< 's_trough_3' active >>>>>>>
2024-02-08 10:11:26,599 : INFO : SwitchController : <<<<<<< 's_trough_3' inactive >>>>>>>
2024-02-08 10:11:26,599 : INFO : SwitchController : <<<<<<< 's_trough_4' active >>>>>>>
2024-02-08 10:11:27,107 : INFO : EventManager : Event: ======'balldevice_bd_trough_ball_count_changed'====== Args={'balls': 1}
2024-02-08 10:11:27,107 : INFO : ball_device.bd_trough : Received unexpected ball
2024-02-08 10:11:27,107 : INFO : EventManager : Event: ======'balldevice_captured_from_playfield'====== Args={'balls': 1}
2024-02-08 10:11:27,107 : INFO : EventManager : Event: ======'sw_playfield_active'====== Args={'balls': 1}
2024-02-08 10:11:27,108 : INFO : EventManager : Event: ======'playfield_ball_count_change'====== Args={'balls': 0, 'change': -1}
2024-02-08 10:11:27,108 : INFO : EventManager : Event: ======'balldevice_bd_trough_ball_enter'====== Args={'new_balls': 1, 'unclaimed_balls': 1, 'new_available_balls': 1, 'device': <ball_device.bd_trough>}
2024-02-08 10:11:27,108 : INFO : ball_device.bd_trough : Ejecting 1 unexpected balls using path deque([<ball_device.bd_trough>, <playfield.playfield>])
2024-02-08 10:11:27,108 : INFO : EventManager : Event: ======'balldevice_balls_available'====== Args={}
2024-02-08 10:11:27,108 : INFO : EventManager : Event: ======'balldevice_balls_available'====== Args={}
2024-02-08 10:11:27,108 : INFO : EventManager : Event: ======'balldevice_bd_trough_ball_entered'====== Args={'new_balls': 1, 'device': <ball_device.bd_trough>}
2024-02-08 10:11:27,109 : INFO : ball_device.bd_trough : State: waiting_for_target_ready
2024-02-08 10:11:27,109 : INFO : EventManager : Event: ======'balldevice_bd_trough_ball_eject_attempt'====== Args={'balls': 1, 'target': <playfield.playfield>, 'source': <ball_device.bd_trough>, 'mechanical_eject': False, 'num_attempts': 0}
2024-02-08 10:11:27,109 : INFO : ball_device.bd_trough : State: ejecting
2024-02-08 10:11:27,109 : INFO : ball_device.bd_trough : Ejecting ball to <playfield.playfield>
2024-02-08 10:11:27,109 : INFO : EventManager : Event: ======'balldevice_bd_trough_ejecting_ball'====== Args={'balls': 1, 'target': <playfield.playfield>, 'source': <ball_device.bd_trough>, 'mechanical_eject': False, 'num_attempts': 0}
2024-02-08 10:11:27,110 : INFO : ball_device.bd_trough : Wait for ball to leave device
2024-02-08 10:11:27,110 : INFO : coil.c_trough : Pulsing Driver for 20ms (1.0 pulse_power)
2024-02-08 10:11:27,171 : INFO : SwitchController : <<<<<<< 's_trough_4' inactive >>>>>>>
2024-02-08 10:11:27,174 : INFO : ball_device.bd_trough : State: ball_left
2024-02-08 10:11:27,174 : INFO : ball_device.bd_trough : Ball left
2024-02-08 10:11:27,174 : INFO : ball_device.bd_trough : Wait for confirm with timeout 10.0
2024-02-08 10:11:29,796 : INFO : SwitchController : <<<<<<< 's_trough_1' active >>>>>>>
2024-02-08 10:11:29,889 : INFO : SwitchController : <<<<<<< 's_trough_1' inactive >>>>>>>
2024-02-08 10:11:29,905 : INFO : SwitchController : <<<<<<< 's_trough_2' active >>>>>>>
2024-02-08 10:11:29,984 : INFO : SwitchController : <<<<<<< 's_trough_2' inactive >>>>>>>
2024-02-08 10:11:30,001 : INFO : SwitchController : <<<<<<< 's_trough_3' active >>>>>>>
2024-02-08 10:11:30,061 : INFO : SwitchController : <<<<<<< 's_trough_3' inactive >>>>>>>
2024-02-08 10:11:30,076 : INFO : SwitchController : <<<<<<< 's_trough_4' active >>>>>>>
2024-02-08 10:11:33,267 : INFO : Machine : Shutting down...
2024-02-08 10:11:33,267 : INFO : EventManager : Event: ======'shutdown'====== Args={}
2024-02-08 10:11:33,369 : INFO : root : MPF run loop ended.
