2024-05-07 16:56:24,577 : INFO : root : Loading config.
2024-05-07 16:56:24,578 : INFO : YamlMultifileConfigLoader : Machine config file #1: config.yaml
2024-05-07 16:56:24,578 : INFO : ConfigProcessor : Loading config from cache: /var/folders/l2/q8hj_6s91xnb2jxg1sqm0h7r0000gn/T/479bffd5d2f40b527f859677e5b1aef9.mpf_cache
2024-05-07 16:56:24,592 : INFO : ConfigProcessor : Loading config from cache: /var/folders/l2/q8hj_6s91xnb2jxg1sqm0h7r0000gn/T/0481b880979d7ccc71369ad5f781c736.mpf_cache
2024-05-07 16:56:24,592 : INFO : ConfigProcessor : Loading config from cache: /var/folders/l2/q8hj_6s91xnb2jxg1sqm0h7r0000gn/T/9cfa8e96748dd80c23752180dbf36e5c.mpf_cache
2024-05-07 16:56:24,592 : INFO : ConfigProcessor : Loading config from cache: /var/folders/l2/q8hj_6s91xnb2jxg1sqm0h7r0000gn/T/0481b880979d7ccc71369ad5f781c736.mpf_cache
2024-05-07 16:56:24,592 : INFO : ConfigProcessor : Loading config from cache: /var/folders/l2/q8hj_6s91xnb2jxg1sqm0h7r0000gn/T/1875c266911f801b691956fe9e9284d6.mpf_cache
2024-05-07 16:56:24,592 : INFO : ConfigProcessor : Loading config from cache: /var/folders/l2/q8hj_6s91xnb2jxg1sqm0h7r0000gn/T/f97c90855879603280fcc571f5c42639.mpf_cache
2024-05-07 16:56:24,593 : INFO : ConfigProcessor : Loading config from cache: /var/folders/l2/q8hj_6s91xnb2jxg1sqm0h7r0000gn/T/5336ce152edc820b26f3a51a9f95779b.mpf_cache
2024-05-07 16:56:24,593 : INFO : ConfigProcessor : Loading config from cache: /var/folders/l2/q8hj_6s91xnb2jxg1sqm0h7r0000gn/T/584196ece55f676a535bfbda3a88171a.mpf_cache
2024-05-07 16:56:24,593 : INFO : ConfigProcessor : Loading config from cache: /var/folders/l2/q8hj_6s91xnb2jxg1sqm0h7r0000gn/T/4b1e343fa9806c398ec7ee103dcfa7e2.mpf_cache
2024-05-07 16:56:24,593 : INFO : ConfigProcessor : Loading config from cache: /var/folders/l2/q8hj_6s91xnb2jxg1sqm0h7r0000gn/T/66764f8b68b26fdba6c1f2bce3638479.mpf_cache
2024-05-07 16:56:24,593 : INFO : ConfigProcessor : Loading config from cache: /var/folders/l2/q8hj_6s91xnb2jxg1sqm0h7r0000gn/T/2b5fdb8fd0e736387486af32f8df92fd.mpf_cache
2024-05-07 16:56:24,593 : INFO : ConfigProcessor : Loading config from cache: /var/folders/l2/q8hj_6s91xnb2jxg1sqm0h7r0000gn/T/3dbc438e88423aa3ff742db2713b600f.mpf_cache
2024-05-07 16:56:24,594 : INFO : ConfigProcessor : Loading config from cache: /var/folders/l2/q8hj_6s91xnb2jxg1sqm0h7r0000gn/T/154d071a3850556c6f3eae37bf41c8b6.mpf_cache
2024-05-07 16:56:24,594 : INFO : ConfigProcessor : Loading config from cache: /var/folders/l2/q8hj_6s91xnb2jxg1sqm0h7r0000gn/T/ab100dbe0e16472b56f0213f3842a00f.mpf_cache
2024-05-07 16:56:24,595 : INFO : ConfigProcessor : Loading config from cache: /var/folders/l2/q8hj_6s91xnb2jxg1sqm0h7r0000gn/T/f03ad90ccd2c053e9e5d10795d01f4ba.mpf_cache
2024-05-07 16:56:24,595 : INFO : ConfigProcessor : Loading config from cache: /var/folders/l2/q8hj_6s91xnb2jxg1sqm0h7r0000gn/T/0f3c951d4c93079ae3fac6429c5bc2ee.mpf_cache
2024-05-07 16:56:24,595 : INFO : ConfigProcessor : Loading config from cache: /var/folders/l2/q8hj_6s91xnb2jxg1sqm0h7r0000gn/T/8bf004783a280ac33d17b88f37848116.mpf_cache
2024-05-07 16:56:24,595 : INFO : ConfigProcessor : Loading config from cache: /var/folders/l2/q8hj_6s91xnb2jxg1sqm0h7r0000gn/T/db98bdefe8a072cec23a2527f4303b09.mpf_cache
2024-05-07 16:56:24,596 : INFO : ConfigProcessor : Loading config from cache: /var/folders/l2/q8hj_6s91xnb2jxg1sqm0h7r0000gn/T/d5d50eaa09e055f3a827c6269a3aa165.mpf_cache
2024-05-07 16:56:24,596 : INFO : ConfigProcessor : Loading config from cache: /var/folders/l2/q8hj_6s91xnb2jxg1sqm0h7r0000gn/T/eefb91dd78a2b4d0f2b86f7f7cb501a3.mpf_cache
2024-05-07 16:56:24,596 : INFO : ConfigProcessor : Loading config from cache: /var/folders/l2/q8hj_6s91xnb2jxg1sqm0h7r0000gn/T/d32f8b43f49e3e57afbd189fbbccae80.mpf_cache
2024-05-07 16:56:24,596 : INFO : ConfigProcessor : Loading config from cache: /var/folders/l2/q8hj_6s91xnb2jxg1sqm0h7r0000gn/T/08db62a1c5938674fa894d468364ed3e.mpf_cache
2024-05-07 16:56:24,596 : INFO : ConfigProcessor : Loading config from cache: /var/folders/l2/q8hj_6s91xnb2jxg1sqm0h7r0000gn/T/98754ca8fa1663afefe3af8297a0d59a.mpf_cache
2024-05-07 16:56:24,596 : INFO : ConfigProcessor : Loading config from cache: /var/folders/l2/q8hj_6s91xnb2jxg1sqm0h7r0000gn/T/0b5d87cc943a75a2ef030b7892588c99.mpf_cache
2024-05-07 16:56:24,596 : INFO : ConfigProcessor : Loading config from cache: /var/folders/l2/q8hj_6s91xnb2jxg1sqm0h7r0000gn/T/250153cb7d132f4134a2e9b694314568.mpf_cache
2024-05-07 16:56:24,596 : INFO : ConfigProcessor : Loading config from cache: /var/folders/l2/q8hj_6s91xnb2jxg1sqm0h7r0000gn/T/bbbe87a2f82c66174798be62d4e8058c.mpf_cache
2024-05-07 16:56:24,597 : INFO : Machine : Mission Pinball Framework Core Engine v0.80.0.dev1
2024-05-07 16:56:24,597 : INFO : Machine : Command line arguments: {'no_load_cache': False, 'create_config_cache': True, 'bcp': True, 'configfile': ['config.yaml'], 'force_assets_load': False, 'platform_integration_test': False, 'jsonlogging': False, 'logfile': 'logs/2024-05-07-16-56-24-mpf-Tanners-Laptop.local.log', 'pause': False, 'production': False, 'text_ui': False, 'loglevel': 15, 'consoleloglevel': 20, 'force_platform': 'virtual', 'syslog_address': None, 'mc_file_name': None, 'no_sound': False}
2024-05-07 16:56:24,597 : INFO : Machine : MPF path: /Users/tannerpetch/Documents/git/mpf/mpf
2024-05-07 16:56:24,597 : INFO : Machine : Machine path: /Users/tannerpetch/Documents/GitHub/lofab
2024-05-07 16:56:24,597 : INFO : Machine : Platform: darwin
2024-05-07 16:56:24,597 : INFO : Machine : Python executable location: /Users/tannerpetch/mpfenv/bin/python3
2024-05-07 16:56:24,597 : INFO : Machine : Python version: 3.9.13 (64-bit)
2024-05-07 16:56:24,597 : INFO : Machine : Initializing MPF...
2024-05-07 16:56:24,609 : INFO : EventManager : Event: ======'machine_var_credits_string'====== Args={'value': 'FREE PLAY', 'prev_value': None, 'change': True}
2024-05-07 16:56:24,613 : INFO : EventManager : Event: ======'machine_var_master_volume'====== Args={'value': 0.5, 'prev_value': None, 'change': True}
2024-05-07 16:56:24,613 : INFO : EventManager : Event: ======'machine_var_player1_score'====== Args={'value': 0, 'prev_value': None, 'change': True}
2024-05-07 16:56:24,613 : INFO : EventManager : Event: ======'machine_var_mpf_version'====== Args={'value': 'Mission Pinball Framework v0.80.0.dev1', 'prev_value': None, 'change': True}
2024-05-07 16:56:24,613 : INFO : EventManager : Event: ======'machine_var_mpf_extended_version'====== Args={'value': 'Mission Pinball Framework v0.80.0.dev1, Config version:6, Show version: 6, BCP version:1.1', 'prev_value': None, 'change': True}
2024-05-07 16:56:24,613 : INFO : EventManager : Event: ======'machine_var_python_version'====== Args={'value': '3.9.13', 'prev_value': None, 'change': True}
2024-05-07 16:56:24,619 : INFO : EventManager : Event: ======'machine_var_platform'====== Args={'value': 'macOS-14.3-arm64-arm-64bit', 'prev_value': None, 'change': True}
2024-05-07 16:56:24,619 : INFO : EventManager : Event: ======'machine_var_platform_system'====== Args={'value': 'Darwin', 'prev_value': None, 'change': True}
2024-05-07 16:56:24,619 : INFO : EventManager : Event: ======'machine_var_platform_release'====== Args={'value': '23.3.0', 'prev_value': None, 'change': True}
2024-05-07 16:56:24,619 : INFO : EventManager : Event: ======'machine_var_platform_version'====== Args={'value': 'Darwin Kernel Version 23.3.0: Thu Dec 21 02:29:41 PST 2023; root:xnu-10002.81.5~11/RELEASE_ARM64_T8122', 'prev_value': None, 'change': True}
2024-05-07 16:56:24,619 : INFO : EventManager : Event: ======'machine_var_platform_machine'====== Args={'value': 'arm64', 'prev_value': None, 'change': True}
2024-05-07 16:56:24,619 : INFO : EventManager : Event: ======'init_phase_1'====== Args={}
2024-05-07 16:56:24,632 : INFO : EventManager : Event: ======'init_phase_2'====== Args={}
2024-05-07 16:56:24,634 : INFO : EventManager : Event: ======'bcp_connection_attempt'====== Args={'name': 'local_display', 'host': 'localhost', 'port': 5050}
2024-05-07 16:56:24,634 : INFO : BCPClientSocket : Connecting BCP to 'local_display' at localhost:5050...
2024-05-07 16:56:29,169 : INFO : BCPClientSocket : Connected BCP to 'local_display' localhost:5050
2024-05-07 16:56:29,170 : INFO : EventManager : Event: ======'bcp_clients_connected'====== Args={}
2024-05-07 16:56:29,172 : INFO : ball_device.bd_vuk : BCH: Initial count: 0
2024-05-07 16:56:29,172 : INFO : ball_device.bd_vuk : State: idle
2024-05-07 16:56:29,173 : INFO : ball_device.bd_trough : BCH: Initial count: 0
2024-05-07 16:56:29,173 : INFO : ball_device.bd_trough : State: idle
2024-05-07 16:56:29,183 : INFO : EventManager : Event: ======'init_phase_3'====== Args={}
2024-05-07 16:56:29,354 : INFO : EventManager : Event: ======'init_phase_4'====== Args={}
2024-05-07 16:56:29,354 : INFO : BallController : Initial balls found: 0
2024-05-07 16:56:29,355 : INFO : EventManager : Event: ======'machine_var_audits_events_game_ended'====== Args={'value': 7, 'prev_value': None, 'change': True}
2024-05-07 16:56:29,355 : INFO : EventManager : Event: ======'machine_var_audits_events_game_started'====== Args={'value': 62, 'prev_value': None, 'change': True}
2024-05-07 16:56:29,355 : INFO : EventManager : Event: ======'machine_var_audits_missing_switches_s_e'====== Args={'value': 62, 'prev_value': None, 'change': True}
2024-05-07 16:56:29,355 : INFO : EventManager : Event: ======'machine_var_audits_missing_switches_s_flipper_l'====== Args={'value': 45, 'prev_value': None, 'change': True}
2024-05-07 16:56:29,355 : INFO : EventManager : Event: ======'machine_var_audits_missing_switches_s_flipper_r'====== Args={'value': 7, 'prev_value': None, 'change': True}
2024-05-07 16:56:29,355 : INFO : EventManager : Event: ======'machine_var_audits_missing_switches_s_h'====== Args={'value': 62, 'prev_value': None, 'change': True}
2024-05-07 16:56:29,355 : INFO : EventManager : Event: ======'machine_var_audits_missing_switches_s_pop'====== Args={'value': 62, 'prev_value': None, 'change': True}
2024-05-07 16:56:29,355 : INFO : EventManager : Event: ======'machine_var_audits_missing_switches_s_sling_l'====== Args={'value': 21, 'prev_value': None, 'change': True}
2024-05-07 16:56:29,355 : INFO : EventManager : Event: ======'machine_var_audits_missing_switches_s_sling_r'====== Args={'value': 21, 'prev_value': None, 'change': True}
2024-05-07 16:56:29,355 : INFO : EventManager : Event: ======'machine_var_audits_missing_switches_s_spinner'====== Args={'value': 62, 'prev_value': None, 'change': True}
2024-05-07 16:56:29,355 : INFO : EventManager : Event: ======'machine_var_audits_missing_switches_s_start'====== Args={'value': 23, 'prev_value': None, 'change': True}
2024-05-07 16:56:29,355 : INFO : EventManager : Event: ======'machine_var_audits_missing_switches_s_stationary_back'====== Args={'value': 62, 'prev_value': None, 'change': True}
2024-05-07 16:56:29,355 : INFO : EventManager : Event: ======'machine_var_audits_missing_switches_s_stationary_u'====== Args={'value': 48, 'prev_value': None, 'change': True}
2024-05-07 16:56:29,355 : INFO : EventManager : Event: ======'machine_var_audits_missing_switches_s_tilt_l'====== Args={'value': 62, 'prev_value': None, 'change': True}
2024-05-07 16:56:29,355 : INFO : EventManager : Event: ======'machine_var_audits_missing_switches_s_tilt_r'====== Args={'value': 62, 'prev_value': None, 'change': True}
2024-05-07 16:56:29,355 : INFO : EventManager : Event: ======'machine_var_audits_missing_switches_s_trough_1'====== Args={'value': 2, 'prev_value': None, 'change': True}
2024-05-07 16:56:29,355 : INFO : EventManager : Event: ======'machine_var_audits_missing_switches_s_trough_2'====== Args={'value': 34, 'prev_value': None, 'change': True}
2024-05-07 16:56:29,355 : INFO : EventManager : Event: ======'machine_var_audits_missing_switches_s_trough_3'====== Args={'value': 62, 'prev_value': None, 'change': True}
2024-05-07 16:56:29,355 : INFO : EventManager : Event: ======'machine_var_audits_missing_switches_s_trough_4'====== Args={'value': 60, 'prev_value': None, 'change': True}
2024-05-07 16:56:29,355 : INFO : EventManager : Event: ======'machine_var_audits_missing_switches_s_vuk'====== Args={'value': 60, 'prev_value': None, 'change': True}
2024-05-07 16:56:29,355 : INFO : EventManager : Event: ======'machine_var_audits_player_score'====== Args={'value': {'average': 0, 'top': [100, 0, 0, 0, 0, 0, 0, 0, 0], 'total': 9}, 'prev_value': None, 'change': True}
2024-05-07 16:56:29,355 : INFO : EventManager : Event: ======'machine_var_audits_shots_r_o'====== Args={'value': 62, 'prev_value': None, 'change': True}
2024-05-07 16:56:29,355 : INFO : EventManager : Event: ======'machine_var_audits_shots_r_o_fleshy'====== Args={'value': 110, 'prev_value': None, 'change': True}
2024-05-07 16:56:29,355 : INFO : EventManager : Event: ======'machine_var_audits_shots_r_o_rotate'====== Args={'value': 59, 'prev_value': None, 'change': True}
2024-05-07 16:56:29,355 : INFO : EventManager : Event: ======'machine_var_audits_shots_r_ramp_l_fleshy'====== Args={'value': 2, 'prev_value': None, 'change': True}
2024-05-07 16:56:29,355 : INFO : EventManager : Event: ======'machine_var_audits_shots_r_ramp_r_fleshy'====== Args={'value': 2, 'prev_value': None, 'change': True}
2024-05-07 16:56:29,355 : INFO : EventManager : Event: ======'machine_var_audits_shots_r_s'====== Args={'value': 28, 'prev_value': None, 'change': True}
2024-05-07 16:56:29,355 : INFO : EventManager : Event: ======'machine_var_audits_shots_r_s_fleshy'====== Args={'value': 79, 'prev_value': None, 'change': True}
2024-05-07 16:56:29,355 : INFO : EventManager : Event: ======'machine_var_audits_shots_r_s_rotate'====== Args={'value': 56, 'prev_value': None, 'change': True}
2024-05-07 16:56:29,355 : INFO : EventManager : Event: ======'machine_var_audits_shots_r_sling_l'====== Args={'value': 12, 'prev_value': None, 'change': True}
2024-05-07 16:56:29,355 : INFO : EventManager : Event: ======'machine_var_audits_shots_r_sling_r'====== Args={'value': 18, 'prev_value': None, 'change': True}
2024-05-07 16:56:29,355 : INFO : EventManager : Event: ======'machine_var_audits_shots_r_u'====== Args={'value': 4, 'prev_value': None, 'change': True}
2024-05-07 16:56:29,355 : INFO : EventManager : Event: ======'machine_var_audits_switches_s_e'====== Args={'value': 0, 'prev_value': None, 'change': True}
2024-05-07 16:56:29,355 : INFO : EventManager : Event: ======'machine_var_audits_switches_s_flipper_l'====== Args={'value': 17, 'prev_value': None, 'change': True}
2024-05-07 16:56:29,355 : INFO : EventManager : Event: ======'machine_var_audits_switches_s_flipper_r'====== Args={'value': 5, 'prev_value': None, 'change': True}
2024-05-07 16:56:29,355 : INFO : EventManager : Event: ======'machine_var_audits_switches_s_h'====== Args={'value': 0, 'prev_value': None, 'change': True}
2024-05-07 16:56:29,355 : INFO : EventManager : Event: ======'machine_var_audits_switches_s_launch'====== Args={'value': 62, 'prev_value': None, 'change': True}
2024-05-07 16:56:29,356 : INFO : EventManager : Event: ======'machine_var_audits_switches_s_pop'====== Args={'value': 0, 'prev_value': None, 'change': True}
2024-05-07 16:56:29,356 : INFO : EventManager : Event: ======'machine_var_audits_switches_s_ramp_complete'====== Args={'value': 4, 'prev_value': None, 'change': True}
2024-05-07 16:56:29,356 : INFO : EventManager : Event: ======'machine_var_audits_switches_s_ramp_l'====== Args={'value': 3, 'prev_value': None, 'change': True}
2024-05-07 16:56:29,356 : INFO : EventManager : Event: ======'machine_var_audits_switches_s_ramp_r'====== Args={'value': 2, 'prev_value': None, 'change': True}
2024-05-07 16:56:29,356 : INFO : EventManager : Event: ======'machine_var_audits_switches_s_sling_l'====== Args={'value': 12, 'prev_value': None, 'change': True}
2024-05-07 16:56:29,356 : INFO : EventManager : Event: ======'machine_var_audits_switches_s_sling_r'====== Args={'value': 18, 'prev_value': None, 'change': True}
2024-05-07 16:56:29,356 : INFO : EventManager : Event: ======'machine_var_audits_switches_s_spinner'====== Args={'value': 0, 'prev_value': None, 'change': True}
2024-05-07 16:56:29,356 : INFO : EventManager : Event: ======'machine_var_audits_switches_s_start'====== Args={'value': 6, 'prev_value': None, 'change': True}
2024-05-07 16:56:29,356 : INFO : EventManager : Event: ======'machine_var_audits_switches_s_stationary_back'====== Args={'value': 0, 'prev_value': None, 'change': True}
2024-05-07 16:56:29,356 : INFO : EventManager : Event: ======'machine_var_audits_switches_s_stationary_o'====== Args={'value': 115, 'prev_value': None, 'change': True}
2024-05-07 16:56:29,356 : INFO : EventManager : Event: ======'machine_var_audits_switches_s_stationary_s'====== Args={'value': 79, 'prev_value': None, 'change': True}
2024-05-07 16:56:29,356 : INFO : EventManager : Event: ======'machine_var_audits_switches_s_stationary_u'====== Args={'value': 23, 'prev_value': None, 'change': True}
2024-05-07 16:56:29,356 : INFO : EventManager : Event: ======'machine_var_audits_switches_s_tilt_l'====== Args={'value': 0, 'prev_value': None, 'change': True}
2024-05-07 16:56:29,356 : INFO : EventManager : Event: ======'machine_var_audits_switches_s_tilt_r'====== Args={'value': 0, 'prev_value': None, 'change': True}
2024-05-07 16:56:29,356 : INFO : EventManager : Event: ======'machine_var_audits_switches_s_trough_1'====== Args={'value': 28, 'prev_value': None, 'change': True}
2024-05-07 16:56:29,356 : INFO : EventManager : Event: ======'machine_var_audits_switches_s_trough_2'====== Args={'value': 1, 'prev_value': None, 'change': True}
2024-05-07 16:56:29,356 : INFO : EventManager : Event: ======'machine_var_audits_switches_s_trough_3'====== Args={'value': 0, 'prev_value': None, 'change': True}
2024-05-07 16:56:29,356 : INFO : EventManager : Event: ======'machine_var_audits_switches_s_trough_4'====== Args={'value': 1, 'prev_value': None, 'change': True}
2024-05-07 16:56:29,356 : INFO : EventManager : Event: ======'machine_var_audits_switches_s_vuk'====== Args={'value': 6, 'prev_value': None, 'change': True}
2024-05-07 16:56:29,357 : INFO : EventManager : Event: ======'init_phase_5'====== Args={}
2024-05-07 16:56:29,357 : INFO : EventManager : Event: ======'init_done'====== Args={}
2024-05-07 16:56:29,357 : INFO : EventManager : Event: ======'machine_reset_phase_1'====== Args={}
2024-05-07 16:56:29,365 : INFO : EventManager : Event: ======'machine_reset_phase_2'====== Args={}
2024-05-07 16:56:29,365 : INFO : EventManager : Event: ======'machine_reset_phase_3'====== Args={}
2024-05-07 16:56:29,365 : INFO : EventManager : Event: ======'reset_complete'====== Args={}
2024-05-07 16:56:29,365 : INFO : EventManager : Event: ======'mode_attract_will_start'====== Args={}
2024-05-07 16:56:29,365 : INFO : EventManager : Event: ======'mode_attract_starting'====== Args={}
2024-05-07 16:56:29,365 : INFO : Mode.attract : Started. Priority: 10
2024-05-07 16:56:29,365 : INFO : EventManager : Event: ======'modes_active_modes_changed'====== Args={}
2024-05-07 16:56:29,365 : INFO : EventManager : Event: ======'mode_attract_started'====== Args={}
2024-05-07 16:56:29,366 : INFO : EventManager : Event: ======'collecting_balls_complete'====== Args={}
2024-05-07 16:56:29,366 : INFO : Machine : Starting the main run loop.
2024-05-07 16:56:29,444 : INFO : EventManager : Event: ======'slide_attract2_created'====== Args={'_from_bcp': True}
2024-05-07 16:56:29,444 : INFO : EventManager : Event: ======'slide__removed'====== Args={'_from_bcp': True}
2024-05-07 16:56:29,444 : INFO : EventManager : Event: ======'slide_attract2_active'====== Args={'original_context': 'show_3', 'cmd': 'slides_play', '_from_bcp': True}
2024-05-07 16:56:30,042 : INFO : BcpServer : New client connected.
2024-05-07 16:56:32,378 : INFO : EventManager : Event: ======'slide_attract2_created'====== Args={'_from_bcp': True}
2024-05-07 16:56:32,391 : INFO : EventManager : Event: ======'slide_attract_fast_created'====== Args={'_from_bcp': True}
2024-05-07 16:56:32,391 : INFO : EventManager : Event: ======'slide_attract2_inactive'====== Args={'_from_bcp': True}
2024-05-07 16:56:32,392 : INFO : EventManager : Event: ======'slide_attract_fast_active'====== Args={'original_context': 'show_3', 'cmd': 'slides_play', '_from_bcp': True}
2024-05-07 16:56:32,392 : INFO : EventManager : Event: ======'slide_attract2_removed'====== Args={'_from_bcp': True}
2024-05-07 16:56:34,130 : INFO : SwitchController : <<<<<<< 's_trough_1' active >>>>>>>
2024-05-07 16:56:34,246 : INFO : SwitchController : <<<<<<< 's_trough_1' inactive >>>>>>>
2024-05-07 16:56:34,490 : INFO : SwitchController : <<<<<<< 's_trough_1' active >>>>>>>
2024-05-07 16:56:34,991 : INFO : EventManager : Event: ======'balldevice_bd_trough_ball_count_changed'====== Args={'balls': 1}
2024-05-07 16:56:34,991 : INFO : ball_device.bd_trough : Received unexpected ball
2024-05-07 16:56:34,991 : INFO : EventManager : Event: ======'balldevice_captured_from_playfield'====== Args={'balls': 1}
2024-05-07 16:56:34,992 : INFO : EventManager : Event: ======'sw_playfield_active'====== Args={'balls': 1}
2024-05-07 16:56:34,992 : INFO : EventManager : Event: ======'playfield_active'====== Args={}
2024-05-07 16:56:34,992 : INFO : EventManager : Event: ======'unexpected_ball_on_playfield'====== Args={}
2024-05-07 16:56:34,992 : INFO : EventManager : Event: ======'playfield_ball_count_change'====== Args={'balls': -1, 'change': -1}
2024-05-07 16:56:34,993 : INFO : EventManager : Event: ======'balldevice_playfield_ball_enter'====== Args={'new_balls': 1, 'unclaimed_balls': 1, 'device': <playfield.playfield>}
2024-05-07 16:56:34,993 : INFO : EventManager : Event: ======'playfield_ball_count_change'====== Args={'balls': 0, 'change': 1}
2024-05-07 16:56:34,994 : INFO : BallController : Found a new ball which was captured from playfield. Known balls: 1
2024-05-07 16:56:34,994 : INFO : EventManager : Event: ======'found_new_ball'====== Args={}
2024-05-07 16:56:34,994 : INFO : EventManager : Event: ======'balldevice_bd_trough_ball_enter'====== Args={'new_balls': 1, 'unclaimed_balls': 1, 'new_available_balls': 1, 'device': <ball_device.bd_trough>}
2024-05-07 16:56:34,994 : INFO : EventManager : Event: ======'ball_drain'====== Args={'device': <ball_device.bd_trough>, 'balls': 1}
2024-05-07 16:56:34,995 : INFO : EventManager : Event: ======'balldevice_balls_available'====== Args={}
2024-05-07 16:56:34,995 : INFO : EventManager : Event: ======'balldevice_bd_trough_ball_entered'====== Args={'new_balls': 1, 'device': <ball_device.bd_trough>}
2024-05-07 16:56:35,378 : INFO : EventManager : Event: ======'slide_attract_fast_inactive'====== Args={'_from_bcp': True}
2024-05-07 16:56:35,378 : INFO : EventManager : Event: ======'slide_attract2_active'====== Args={'_from_bcp': True}
2024-05-07 16:56:35,380 : INFO : EventManager : Event: ======'slide_attract_fast_removed'====== Args={'_from_bcp': True}
2024-05-07 16:56:35,385 : INFO : EventManager : Event: ======'slide_attract_created'====== Args={'_from_bcp': True}
2024-05-07 16:56:35,386 : INFO : EventManager : Event: ======'slide_attract2_inactive'====== Args={'_from_bcp': True}
2024-05-07 16:56:35,386 : INFO : EventManager : Event: ======'slide_attract_active'====== Args={'original_context': 'show_3', 'cmd': 'slides_play', '_from_bcp': True}
2024-05-07 16:56:36,766 : INFO : SwitchController : <<<<<<< 's_start' active >>>>>>>
2024-05-07 16:56:36,914 : INFO : SwitchController : <<<<<<< 's_start' inactive >>>>>>>
2024-05-07 16:56:36,914 : INFO : EventManager : Event: ======'request_to_start_game'====== Args={}
2024-05-07 16:56:36,915 : INFO : EventManager : Event: ======'game_start'====== Args={'buttons': [], 'hold_time': 0.14819229199999917}
2024-05-07 16:56:36,915 : INFO : EventManager : Event: ======'mode_game_will_start'====== Args={'buttons': [], 'hold_time': 0.14819229199999917}
2024-05-07 16:56:36,916 : INFO : EventManager : Event: ======'mode_game_starting'====== Args={'buttons': [], 'hold_time': 0.14819229199999917}
2024-05-07 16:56:36,916 : INFO : EventManager : Event: ======'mode_attract_will_stop'====== Args={}
2024-05-07 16:56:36,916 : INFO : EventManager : Event: ======'mode_attract_stopping'====== Args={}
2024-05-07 16:56:36,916 : INFO : Mode.attract : Stopped.
2024-05-07 16:56:36,916 : INFO : EventManager : Event: ======'modes_active_modes_changed'====== Args={}
2024-05-07 16:56:36,918 : INFO : EventManager : Event: ======'mode_attract_stopped'====== Args={}
2024-05-07 16:56:36,918 : INFO : EventManager : Event: ======'clear'====== Args={'key': 'attract'}
2024-05-07 16:56:36,918 : INFO : Mode.game : Started. Priority: 20
2024-05-07 16:56:36,918 : INFO : EventManager : Event: ======'modes_active_modes_changed'====== Args={}
2024-05-07 16:56:36,919 : INFO : EventManager : Event: ======'mode_game_started'====== Args={'buttons': [], 'hold_time': 0.14819229199999917}
2024-05-07 16:56:36,919 : INFO : EventManager : Event: ======'game_will_start'====== Args={}
2024-05-07 16:56:36,920 : INFO : EventManager : Event: ======'game_starting'====== Args={'game': <Mode.game>}
2024-05-07 16:56:36,920 : INFO : EventManager : Unordered handler for class <Auditor> on event game_ended with priority 1. Handlers: [RegisteredHandler(callback=<bound method Auditor.disable of <Auditor>>, priority=1, kwargs={}, key=UUID('374e988a-8e8c-4043-ad03-6edfba479b75'), condition=None, blocking_facility=None), RegisteredHandler(callback=<bound method Auditor._save_audits of <Auditor>>, priority=1, kwargs={}, key=UUID('253216db-1e5a-40aa-9734-df1029e49af0'), condition=None, blocking_facility=None)]. The order of those handlers is not defined and they will be executed in random order. This might lead to race conditions and potential bugs.
2024-05-07 16:56:36,920 : INFO : EventManager : Event: ======'player_add_request'====== Args={}
2024-05-07 16:56:36,921 : INFO : EventManager : Event: ======'player_will_add'====== Args={'number': 1}
2024-05-07 16:56:36,921 : INFO : EventManager : Event: ======'player_adding'====== Args={'player': <Player 1>, 'number': 1}
2024-05-07 16:56:36,921 : INFO : EventManager : Event: ======'player_added'====== Args={'player': <Player 1>, 'num': 1}
2024-05-07 16:56:36,921 : INFO : Mode.game : Player added successfully. Total players: 1
2024-05-07 16:56:36,921 : INFO : EventManager : Event: ======'player_index'====== Args={'value': 0, 'prev_value': 0, 'change': 0, 'player_num': 1}
2024-05-07 16:56:36,922 : INFO : EventManager : Event: ======'player_number'====== Args={'value': 1, 'prev_value': 1, 'change': 0, 'player_num': 1}
2024-05-07 16:56:36,922 : INFO : EventManager : Event: ======'player_current_room'====== Args={'value': 'LIVING ROOM', 'prev_value': 'LIVING ROOM', 'change': False, 'player_num': 1}
2024-05-07 16:56:36,922 : INFO : EventManager : Event: ======'player_score'====== Args={'value': 0, 'prev_value': 0, 'change': 0, 'player_num': 1}
2024-05-07 16:56:36,923 : INFO : EventManager : Event: ======'game_started'====== Args={}
2024-05-07 16:56:36,923 : INFO : EventManager : Event: ======'player_turn_will_start'====== Args={'player': <Player 1>, 'number': 1}
2024-05-07 16:56:36,924 : INFO : EventManager : Event: ======'player_turn_starting'====== Args={'player': <Player 1>, 'number': 1}
2024-05-07 16:56:36,928 : INFO : EventManager : Event: ======'player_ball'====== Args={'value': 1, 'prev_value': 0, 'change': 1, 'player_num': 1}
2024-05-07 16:56:36,929 : INFO : EventManager : Event: ======'player_turn_started'====== Args={'player': <Player 1>, 'number': 1}
2024-05-07 16:56:36,932 : INFO : EventManager : Event: ======'ball_will_start'====== Args={'player': 1, 'ball': 1, 'balls_remaining': 2, 'is_extra_ball': False}
2024-05-07 16:56:36,933 : INFO : EventManager : Event: ======'slide_attract2_removed'====== Args={'_from_bcp': True}
2024-05-07 16:56:36,933 : INFO : EventManager : Event: ======'ball_starting'====== Args={'player': 1, 'ball': 1, 'balls_remaining': 2, 'is_extra_ball': False}
2024-05-07 16:56:36,933 : INFO : EventManager : Event: ======'mode_base_will_start'====== Args={'queue': <QueuedEvent>, 'player': 1, 'ball': 1, 'balls_remaining': 2, 'is_extra_ball': False}
2024-05-07 16:56:36,933 : INFO : EventManager : Event: ======'player_shot_r_pop_enabled'====== Args={'value': True, 'prev_value': 0, 'change': 1, 'player_num': 1}
2024-05-07 16:56:36,934 : INFO : EventManager : Event: ======'player_shot_r_sling_l_enabled'====== Args={'value': True, 'prev_value': 0, 'change': 1, 'player_num': 1}
2024-05-07 16:56:36,934 : INFO : EventManager : Event: ======'player_shot_r_sling_r_enabled'====== Args={'value': True, 'prev_value': 0, 'change': 1, 'player_num': 1}
2024-05-07 16:56:36,935 : INFO : EventManager : Event: ======'player_shot_r_ramp_r_enabled'====== Args={'value': True, 'prev_value': 0, 'change': 1, 'player_num': 1}
2024-05-07 16:56:36,935 : INFO : EventManager : Event: ======'player_shot_r_ramp_l_enabled'====== Args={'value': True, 'prev_value': 0, 'change': 1, 'player_num': 1}
2024-05-07 16:56:36,935 : INFO : EventManager : Event: ======'player_shot_r_vuk_enabled'====== Args={'value': True, 'prev_value': 0, 'change': 1, 'player_num': 1}
2024-05-07 16:56:36,936 : INFO : EventManager : Event: ======'player_shot_r_vuk_bank_enabled'====== Args={'value': True, 'prev_value': 0, 'change': 1, 'player_num': 1}
2024-05-07 16:56:36,936 : INFO : EventManager : Event: ======'player_shot_r_right_orbit_enabled'====== Args={'value': True, 'prev_value': 0, 'change': 1, 'player_num': 1}
2024-05-07 16:56:36,936 : INFO : EventManager : Event: ======'player_shot_r_pop_stationary_enabled'====== Args={'value': True, 'prev_value': 0, 'change': 1, 'player_num': 1}
2024-05-07 16:56:36,938 : INFO : EventManager : Event: ======'mode_base_starting'====== Args={'queue': <QueuedEvent>, 'player': 1, 'ball': 1, 'balls_remaining': 2, 'is_extra_ball': False}
2024-05-07 16:56:36,938 : INFO : EventManager : Event: ======'waiting_for_launch_press'====== Args={}
2024-05-07 16:56:36,938 : INFO : EventManager : Event: ======'mode_launch_shows_will_start'====== Args={}
2024-05-07 16:56:36,939 : INFO : EventManager : Event: ======'mode_launch_shows_starting'====== Args={}
2024-05-07 16:56:36,939 : INFO : Mode.launch_shows : Started. Priority: 200
2024-05-07 16:56:36,939 : INFO : EventManager : Event: ======'modes_active_modes_changed'====== Args={}
2024-05-07 16:56:36,939 : INFO : EventManager : Event: ======'mode_launch_shows_started'====== Args={}
2024-05-07 16:56:36,940 : INFO : Mode.base : Started. Priority: 100
2024-05-07 16:56:36,940 : INFO : EventManager : Event: ======'modes_active_modes_changed'====== Args={}
2024-05-07 16:56:36,940 : INFO : EventManager : Event: ======'mode_base_started'====== Args={'queue': <QueuedEvent>, 'player': 1, 'ball': 1, 'balls_remaining': 2, 'is_extra_ball': False}
2024-05-07 16:56:36,987 : INFO : EventManager : Event: ======'slide_launch_created'====== Args={'_from_bcp': True}
2024-05-07 16:56:36,987 : INFO : EventManager : Event: ======'slide_attract_inactive'====== Args={'_from_bcp': True}
2024-05-07 16:56:36,987 : INFO : EventManager : Event: ======'slide_launch_active'====== Args={'original_context': 'launch_shows', 'original_calling_context': 'mode_launch_shows_started', 'cmd': 'slides_play', '_from_bcp': True}
2024-05-07 16:56:36,987 : INFO : EventManager : Event: ======'slide_attract_removed'====== Args={'_from_bcp': True}
2024-05-07 16:56:38,013 : INFO : SwitchController : <<<<<<< 's_launch' active >>>>>>>
2024-05-07 16:56:38,014 : INFO : EventManager : Event: ======'e_launch_press'====== Args={}
2024-05-07 16:56:38,014 : INFO : EventManager : Event: ======'machine_var_audits_switches_s_launch'====== Args={'value': 63, 'prev_value': 62, 'change': 1}
2024-05-07 16:56:38,019 : INFO : EventManager : Event: ======'balls_in_play'====== Args={'balls': 1}
2024-05-07 16:56:38,019 : INFO : EventManager : Event: ======'ball_started'====== Args={'player': 1, 'ball': 1, 'balls_remaining': 2, 'is_extra_ball': False}
2024-05-07 16:56:38,019 : INFO : EventManager : Event: ======'mode_launch_shows_will_stop'====== Args={}
2024-05-07 16:56:38,020 : INFO : EventManager : Event: ======'mode_launch_shows_stopping'====== Args={}
2024-05-07 16:56:38,020 : INFO : EventManager : Event: ======'mode_mult_fleshy_qualify_will_start'====== Args={'player': 1, 'ball': 1, 'balls_remaining': 2, 'is_extra_ball': False}
2024-05-07 16:56:38,020 : INFO : EventManager : Event: ======'player_shot_r_o_fleshy_enabled'====== Args={'value': True, 'prev_value': 0, 'change': 1, 'player_num': 1}
2024-05-07 16:56:38,020 : INFO : EventManager : Event: ======'player_shot_r_s_fleshy_enabled'====== Args={'value': True, 'prev_value': 0, 'change': 1, 'player_num': 1}
2024-05-07 16:56:38,021 : INFO : EventManager : Event: ======'fleshy_shots_complete'====== Args={'state': 'unlit'}
2024-05-07 16:56:38,021 : INFO : EventManager : Event: ======'fleshy_shots_unlit_complete'====== Args={}
2024-05-07 16:56:38,022 : INFO : EventManager : Event: ======'mode_mult_fleshy_qualify_starting'====== Args={'player': 1, 'ball': 1, 'balls_remaining': 2, 'is_extra_ball': False}
2024-05-07 16:56:38,022 : INFO : EventManager : Event: ======'mode_lane_rotate_will_start'====== Args={'player': 1, 'ball': 1, 'balls_remaining': 2, 'is_extra_ball': False}
2024-05-07 16:56:38,023 : INFO : EventManager : Event: ======'player_shot_r_h_rotate_enabled'====== Args={'value': True, 'prev_value': 0, 'change': 1, 'player_num': 1}
2024-05-07 16:56:38,024 : INFO : EventManager : Event: ======'player_shot_r_o_rotate_enabled'====== Args={'value': True, 'prev_value': 0, 'change': 1, 'player_num': 1}
2024-05-07 16:56:38,025 : INFO : EventManager : Event: ======'player_shot_r_u_rotate_enabled'====== Args={'value': True, 'prev_value': 0, 'change': 1, 'player_num': 1}
2024-05-07 16:56:38,026 : INFO : EventManager : Event: ======'player_shot_r_s_rotate_enabled'====== Args={'value': True, 'prev_value': 0, 'change': 1, 'player_num': 1}
2024-05-07 16:56:38,027 : INFO : EventManager : Event: ======'player_shot_r_e_rotate_enabled'====== Args={'value': True, 'prev_value': 0, 'change': 1, 'player_num': 1}
2024-05-07 16:56:38,027 : INFO : EventManager : Event: ======'rotate_group_complete'====== Args={'state': 'unlit'}
2024-05-07 16:56:38,027 : INFO : EventManager : Event: ======'rotate_group_unlit_complete'====== Args={}
2024-05-07 16:56:38,029 : INFO : EventManager : Event: ======'mode_lane_rotate_starting'====== Args={'player': 1, 'ball': 1, 'balls_remaining': 2, 'is_extra_ball': False}
2024-05-07 16:56:38,029 : INFO : EventManager : Event: ======'mode_start_ball_save_will_start'====== Args={'player': 1, 'ball': 1, 'balls_remaining': 2, 'is_extra_ball': False}
2024-05-07 16:56:38,030 : INFO : EventManager : Event: ======'mode_start_ball_save_starting'====== Args={'player': 1, 'ball': 1, 'balls_remaining': 2, 'is_extra_ball': False}
2024-05-07 16:56:38,031 : INFO : Mode.start_ball_save : Started. Priority: 100
2024-05-07 16:56:38,031 : INFO : EventManager : Event: ======'modes_active_modes_changed'====== Args={}
2024-05-07 16:56:38,031 : INFO : EventManager : Event: ======'mode_start_ball_save_started'====== Args={'player': 1, 'ball': 1, 'balls_remaining': 2, 'is_extra_ball': False}
2024-05-07 16:56:38,031 : INFO : EventManager : Event: ======'ball_save_ball_save_ball_save_enabled'====== Args={}
2024-05-07 16:56:38,031 : INFO : Mode.lane_rotate : Started. Priority: 100
2024-05-07 16:56:38,032 : INFO : EventManager : Event: ======'modes_active_modes_changed'====== Args={}
2024-05-07 16:56:38,032 : INFO : EventManager : Event: ======'mode_lane_rotate_started'====== Args={'player': 1, 'ball': 1, 'balls_remaining': 2, 'is_extra_ball': False}
2024-05-07 16:56:38,032 : INFO : Mode.mult_fleshy_qualify : Started. Priority: 100
2024-05-07 16:56:38,032 : INFO : EventManager : Event: ======'modes_active_modes_changed'====== Args={}
2024-05-07 16:56:38,032 : INFO : EventManager : Event: ======'mode_mult_fleshy_qualify_started'====== Args={'player': 1, 'ball': 1, 'balls_remaining': 2, 'is_extra_ball': False}
2024-05-07 16:56:38,032 : INFO : Mode.launch_shows : Stopped.
2024-05-07 16:56:38,032 : INFO : EventManager : Event: ======'modes_active_modes_changed'====== Args={}
2024-05-07 16:56:38,033 : INFO : EventManager : Event: ======'mode_launch_shows_stopped'====== Args={}
2024-05-07 16:56:38,033 : INFO : EventManager : Event: ======'clear'====== Args={'key': 'launch_shows'}
2024-05-07 16:56:38,034 : INFO : EventManager : Event: ======'single_player_ball_started'====== Args={}
2024-05-07 16:56:38,035 : INFO : EventManager : Event: ======'ball_start_target'====== Args={'target': 'playfield'}
2024-05-07 16:56:38,036 : INFO : ball_device.bd_trough : Setting up player-controlled eject. Balls: 1, Target: <playfield.playfield>, player_controlled_eject_event: None
2024-05-07 16:56:38,036 : INFO : ball_device.bd_trough : Adding 1 ball(s) to the eject_queue with target <playfield.playfield>.
2024-05-07 16:56:38,036 : INFO : EventManager : Event: ======'balldevice_balls_available'====== Args={}
2024-05-07 16:56:38,036 : INFO : ball_device.bd_trough : State: waiting_for_target_ready
2024-05-07 16:56:38,036 : INFO : EventManager : Event: ======'balldevice_bd_trough_ball_eject_attempt'====== Args={'balls': 1, 'target': <playfield.playfield>, 'source': <ball_device.bd_trough>, 'mechanical_eject': False, 'num_attempts': 0}
2024-05-07 16:56:38,037 : INFO : ball_device.bd_trough : State: ejecting
2024-05-07 16:56:38,037 : INFO : ball_device.bd_trough : Ejecting ball to <playfield.playfield>
2024-05-07 16:56:38,037 : INFO : EventManager : Event: ======'balldevice_bd_trough_ejecting_ball'====== Args={'balls': 1, 'target': <playfield.playfield>, 'source': <ball_device.bd_trough>, 'mechanical_eject': False, 'num_attempts': 0}
2024-05-07 16:56:38,037 : INFO : EventManager : Event: ======'ball_save_ball_save_ball_save_timer_start'====== Args={}
2024-05-07 16:56:38,038 : INFO : ball_device.bd_trough : Wait for ball to leave device
2024-05-07 16:56:38,038 : INFO : coil.c_trough : Pulsing Driver for 14ms (1.0 pulse_power)
2024-05-07 16:56:38,105 : INFO : EventManager : Event: ======'slide_base_created'====== Args={'_from_bcp': True}
2024-05-07 16:56:38,105 : INFO : EventManager : Event: ======'slide_launch_inactive'====== Args={'_from_bcp': True}
2024-05-07 16:56:38,105 : INFO : EventManager : Event: ======'slide_base_active'====== Args={'original_context': 'base', 'original_calling_context': 'mode_launch_shows_stopped', 'cmd': 'slides_play', '_from_bcp': True}
2024-05-07 16:56:38,105 : INFO : EventManager : Event: ======'slide_launch_removed'====== Args={'_from_bcp': True}
2024-05-07 16:56:38,148 : INFO : SwitchController : <<<<<<< 's_launch' inactive >>>>>>>
2024-05-07 16:56:40,038 : INFO : EventManager : Event: ======'balldevice_bd_trough_ball_eject_failed'====== Args={'target': <playfield.playfield>, 'balls': 1, 'retry': True, 'num_attempts': 1}
2024-05-07 16:56:40,040 : INFO : ball_device.bd_trough : State: waiting_for_target_ready
2024-05-07 16:56:40,040 : INFO : EventManager : Event: ======'balldevice_bd_trough_ball_eject_attempt'====== Args={'balls': 1, 'target': <playfield.playfield>, 'source': <ball_device.bd_trough>, 'mechanical_eject': False, 'num_attempts': 1}
2024-05-07 16:56:40,040 : INFO : ball_device.bd_trough : State: ejecting
2024-05-07 16:56:40,040 : INFO : ball_device.bd_trough : Ejecting ball to <playfield.playfield>
2024-05-07 16:56:40,041 : INFO : EventManager : Event: ======'balldevice_bd_trough_ejecting_ball'====== Args={'balls': 1, 'target': <playfield.playfield>, 'source': <ball_device.bd_trough>, 'mechanical_eject': False, 'num_attempts': 1}
2024-05-07 16:56:40,043 : INFO : ball_device.bd_trough : Wait for ball to leave device
2024-05-07 16:56:40,043 : INFO : coil.c_trough : Pulsing Driver for 14ms (1.0 pulse_power)
2024-05-07 16:56:40,481 : INFO : SwitchController : <<<<<<< 's_stationary_o' active >>>>>>>
2024-05-07 16:56:40,481 : INFO : EventManager : Event: ======'playfield_active'====== Args={}
2024-05-07 16:56:40,481 : INFO : EventManager : Event: ======'playfield_active'====== Args={}
2024-05-07 16:56:40,482 : INFO : EventManager : Event: ======'s_stationary_o_active'====== Args={}
2024-05-07 16:56:40,482 : INFO : EventManager : Event: ======'sw_playfield_active'====== Args={}
2024-05-07 16:56:40,482 : INFO : EventManager : Event: ======'machine_var_audits_switches_s_stationary_o'====== Args={'value': 116, 'prev_value': 115, 'change': 1}
2024-05-07 16:56:40,483 : INFO : EventManager : Event: ======'player_shot_r_o_fleshy'====== Args={'value': 1, 'prev_value': 0, 'change': 1, 'player_num': 1}
2024-05-07 16:56:40,484 : INFO : EventManager : Event: ======'machine_var_audits_shots_r_o_fleshy'====== Args={'value': 111, 'prev_value': 110, 'change': 1}
2024-05-07 16:56:40,488 : INFO : EventManager : Event: ======'r_o_fleshy_hit'====== Args={'profile': 'fleshy_profile', 'state': 'unlit', 'advancing': True}
2024-05-07 16:56:40,488 : INFO : EventManager : Event: ======'r_o_fleshy_fleshy_profile_hit'====== Args={'profile': 'fleshy_profile', 'state': 'unlit', 'advancing': True}
2024-05-07 16:56:40,489 : INFO : EventManager : Event: ======'r_o_fleshy_fleshy_profile_unlit_hit'====== Args={'profile': 'fleshy_profile', 'state': 'unlit', 'advancing': True}
2024-05-07 16:56:40,489 : INFO : EventManager : Event: ======'r_o_fleshy_unlit_hit'====== Args={'profile': 'fleshy_profile', 'state': 'unlit', 'advancing': True}
2024-05-07 16:56:40,489 : INFO : EventManager : Event: ======'player_shot_r_o_rotate'====== Args={'value': 1, 'prev_value': 0, 'change': 1, 'player_num': 1}
2024-05-07 16:56:40,490 : INFO : EventManager : Event: ======'machine_var_audits_shots_r_o_rotate'====== Args={'value': 60, 'prev_value': 59, 'change': 1}
2024-05-07 16:56:40,490 : INFO : EventManager : Event: ======'r_o_rotate_hit'====== Args={'profile': 'rotate_profile', 'state': 'unlit', 'advancing': True}
2024-05-07 16:56:40,490 : INFO : EventManager : Event: ======'r_o_rotate_rotate_profile_hit'====== Args={'profile': 'rotate_profile', 'state': 'unlit', 'advancing': True}
2024-05-07 16:56:40,491 : INFO : EventManager : Event: ======'r_o_rotate_rotate_profile_unlit_hit'====== Args={'profile': 'rotate_profile', 'state': 'unlit', 'advancing': True}
2024-05-07 16:56:40,491 : INFO : EventManager : Event: ======'r_o_rotate_unlit_hit'====== Args={'profile': 'rotate_profile', 'state': 'unlit', 'advancing': True}
2024-05-07 16:56:40,492 : INFO : EventManager : Event: ======'fleshy_shots_hit'====== Args={}
2024-05-07 16:56:40,492 : INFO : EventManager : Event: ======'fleshy_shots_unlit_hit'====== Args={}
2024-05-07 16:56:40,492 : INFO : EventManager : Event: ======'rotate_group_hit'====== Args={}
2024-05-07 16:56:40,493 : INFO : EventManager : Event: ======'rotate_group_unlit_hit'====== Args={}
2024-05-07 16:56:40,493 : INFO : EventManager : Event: ======'playfield_active'====== Args={}
2024-05-07 16:56:40,582 : INFO : SwitchController : <<<<<<< 's_stationary_o' inactive >>>>>>>
2024-05-07 16:56:40,730 : INFO : SwitchController : <<<<<<< 's_stationary_o' active >>>>>>>
2024-05-07 16:56:40,730 : INFO : EventManager : Event: ======'playfield_active'====== Args={}
2024-05-07 16:56:40,730 : INFO : EventManager : Event: ======'playfield_active'====== Args={}
2024-05-07 16:56:40,731 : INFO : EventManager : Event: ======'s_stationary_o_active'====== Args={}
2024-05-07 16:56:40,731 : INFO : EventManager : Event: ======'sw_playfield_active'====== Args={}
2024-05-07 16:56:40,731 : INFO : EventManager : Event: ======'machine_var_audits_switches_s_stationary_o'====== Args={'value': 117, 'prev_value': 116, 'change': 1}
2024-05-07 16:56:40,732 : INFO : EventManager : Event: ======'player_shot_r_o_fleshy'====== Args={'value': 2, 'prev_value': 1, 'change': 1, 'player_num': 1}
2024-05-07 16:56:40,732 : INFO : EventManager : Event: ======'machine_var_audits_shots_r_o_fleshy'====== Args={'value': 112, 'prev_value': 111, 'change': 1}
2024-05-07 16:56:40,732 : INFO : EventManager : Event: ======'r_o_fleshy_hit'====== Args={'profile': 'fleshy_profile', 'state': 'light1lit', 'advancing': True}
2024-05-07 16:56:40,733 : INFO : EventManager : Event: ======'r_o_fleshy_fleshy_profile_hit'====== Args={'profile': 'fleshy_profile', 'state': 'light1lit', 'advancing': True}
2024-05-07 16:56:40,733 : INFO : EventManager : Event: ======'r_o_fleshy_fleshy_profile_light1lit_hit'====== Args={'profile': 'fleshy_profile', 'state': 'light1lit', 'advancing': True}
2024-05-07 16:56:40,733 : INFO : EventManager : Event: ======'r_o_fleshy_light1lit_hit'====== Args={'profile': 'fleshy_profile', 'state': 'light1lit', 'advancing': True}
2024-05-07 16:56:40,733 : INFO : EventManager : Event: ======'machine_var_audits_shots_r_o_rotate'====== Args={'value': 61, 'prev_value': 60, 'change': 1}
2024-05-07 16:56:40,733 : INFO : EventManager : Event: ======'r_o_rotate_hit'====== Args={'profile': 'rotate_profile', 'state': 'hit', 'advancing': False}
2024-05-07 16:56:40,733 : INFO : EventManager : Event: ======'r_o_rotate_rotate_profile_hit'====== Args={'profile': 'rotate_profile', 'state': 'hit', 'advancing': False}
2024-05-07 16:56:40,733 : INFO : EventManager : Event: ======'r_o_rotate_rotate_profile_hit_hit'====== Args={'profile': 'rotate_profile', 'state': 'hit', 'advancing': False}
2024-05-07 16:56:40,734 : INFO : EventManager : Event: ======'r_o_rotate_hit_hit'====== Args={'profile': 'rotate_profile', 'state': 'hit', 'advancing': False}
2024-05-07 16:56:40,734 : INFO : EventManager : Event: ======'fleshy_shots_hit'====== Args={}
2024-05-07 16:56:40,734 : INFO : EventManager : Event: ======'fleshy_shots_light1lit_hit'====== Args={}
2024-05-07 16:56:40,734 : INFO : EventManager : Event: ======'rotate_group_hit'====== Args={}
2024-05-07 16:56:40,734 : INFO : EventManager : Event: ======'rotate_group_hit_hit'====== Args={}
2024-05-07 16:56:40,734 : INFO : EventManager : Event: ======'playfield_active'====== Args={}
2024-05-07 16:56:40,829 : INFO : SwitchController : <<<<<<< 's_stationary_o' inactive >>>>>>>
2024-05-07 16:56:40,947 : INFO : SwitchController : <<<<<<< 's_stationary_o' active >>>>>>>
2024-05-07 16:56:40,947 : INFO : EventManager : Event: ======'playfield_active'====== Args={}
2024-05-07 16:56:40,947 : INFO : EventManager : Event: ======'playfield_active'====== Args={}
2024-05-07 16:56:40,947 : INFO : EventManager : Event: ======'s_stationary_o_active'====== Args={}
2024-05-07 16:56:40,948 : INFO : EventManager : Event: ======'sw_playfield_active'====== Args={}
2024-05-07 16:56:40,948 : INFO : EventManager : Event: ======'machine_var_audits_switches_s_stationary_o'====== Args={'value': 118, 'prev_value': 117, 'change': 1}
2024-05-07 16:56:40,949 : INFO : EventManager : Event: ======'player_shot_r_o_fleshy'====== Args={'value': 3, 'prev_value': 2, 'change': 1, 'player_num': 1}
2024-05-07 16:56:40,949 : INFO : EventManager : Event: ======'machine_var_audits_shots_r_o_fleshy'====== Args={'value': 113, 'prev_value': 112, 'change': 1}
2024-05-07 16:56:40,950 : INFO : EventManager : Event: ======'r_o_fleshy_hit'====== Args={'profile': 'fleshy_profile', 'state': 'light2lit', 'advancing': True}
2024-05-07 16:56:40,950 : INFO : EventManager : Event: ======'r_o_fleshy_fleshy_profile_hit'====== Args={'profile': 'fleshy_profile', 'state': 'light2lit', 'advancing': True}
2024-05-07 16:56:40,950 : INFO : EventManager : Event: ======'r_o_fleshy_fleshy_profile_light2lit_hit'====== Args={'profile': 'fleshy_profile', 'state': 'light2lit', 'advancing': True}
2024-05-07 16:56:40,950 : INFO : EventManager : Event: ======'r_o_fleshy_light2lit_hit'====== Args={'profile': 'fleshy_profile', 'state': 'light2lit', 'advancing': True}
2024-05-07 16:56:40,951 : INFO : EventManager : Event: ======'machine_var_audits_shots_r_o_rotate'====== Args={'value': 62, 'prev_value': 61, 'change': 1}
2024-05-07 16:56:40,951 : INFO : EventManager : Event: ======'r_o_rotate_hit'====== Args={'profile': 'rotate_profile', 'state': 'hit', 'advancing': False}
2024-05-07 16:56:40,951 : INFO : EventManager : Event: ======'r_o_rotate_rotate_profile_hit'====== Args={'profile': 'rotate_profile', 'state': 'hit', 'advancing': False}
2024-05-07 16:56:40,952 : INFO : EventManager : Event: ======'r_o_rotate_rotate_profile_hit_hit'====== Args={'profile': 'rotate_profile', 'state': 'hit', 'advancing': False}
2024-05-07 16:56:40,952 : INFO : EventManager : Event: ======'r_o_rotate_hit_hit'====== Args={'profile': 'rotate_profile', 'state': 'hit', 'advancing': False}
2024-05-07 16:56:40,952 : INFO : EventManager : Event: ======'fleshy_shots_hit'====== Args={}
2024-05-07 16:56:40,952 : INFO : EventManager : Event: ======'fleshy_shots_light2lit_hit'====== Args={}
2024-05-07 16:56:40,952 : INFO : EventManager : Event: ======'rotate_group_hit'====== Args={}
2024-05-07 16:56:40,953 : INFO : EventManager : Event: ======'rotate_group_hit_hit'====== Args={}
2024-05-07 16:56:40,953 : INFO : EventManager : Event: ======'playfield_active'====== Args={}
2024-05-07 16:56:41,038 : INFO : EventManager : Event: ======'ball_save_ball_save_ball_save_hurry_up'====== Args={}
2024-05-07 16:56:41,087 : INFO : SwitchController : <<<<<<< 's_stationary_o' inactive >>>>>>>
2024-05-07 16:56:42,044 : INFO : EventManager : Event: ======'balldevice_bd_trough_ball_eject_failed'====== Args={'target': <playfield.playfield>, 'balls': 1, 'retry': True, 'num_attempts': 2}
2024-05-07 16:56:42,046 : INFO : ball_device.bd_trough : State: waiting_for_target_ready
2024-05-07 16:56:42,046 : INFO : EventManager : Event: ======'balldevice_bd_trough_ball_eject_attempt'====== Args={'balls': 1, 'target': <playfield.playfield>, 'source': <ball_device.bd_trough>, 'mechanical_eject': False, 'num_attempts': 2}
2024-05-07 16:56:42,047 : INFO : ball_device.bd_trough : State: ejecting
2024-05-07 16:56:42,048 : INFO : ball_device.bd_trough : Ejecting ball to <playfield.playfield>
2024-05-07 16:56:42,048 : INFO : EventManager : Event: ======'balldevice_bd_trough_ejecting_ball'====== Args={'balls': 1, 'target': <playfield.playfield>, 'source': <ball_device.bd_trough>, 'mechanical_eject': False, 'num_attempts': 2}
2024-05-07 16:56:42,049 : INFO : ball_device.bd_trough : Wait for ball to leave device
2024-05-07 16:56:42,050 : INFO : coil.c_trough : Pulsing Driver for 14ms (1.0 pulse_power)
2024-05-07 16:56:42,548 : INFO : SwitchController : <<<<<<< 's_stationary_s' active >>>>>>>
2024-05-07 16:56:42,548 : INFO : EventManager : Event: ======'playfield_active'====== Args={}
2024-05-07 16:56:42,549 : INFO : EventManager : Event: ======'playfield_active'====== Args={}
2024-05-07 16:56:42,549 : INFO : EventManager : Event: ======'s_stationary_s_active'====== Args={}
2024-05-07 16:56:42,549 : INFO : EventManager : Event: ======'sw_playfield_active'====== Args={}
2024-05-07 16:56:42,550 : INFO : EventManager : Event: ======'machine_var_audits_switches_s_stationary_s'====== Args={'value': 80, 'prev_value': 79, 'change': 1}
2024-05-07 16:56:42,550 : INFO : EventManager : Event: ======'player_shot_r_s_fleshy'====== Args={'value': 1, 'prev_value': 0, 'change': 1, 'player_num': 1}
2024-05-07 16:56:42,551 : INFO : EventManager : Event: ======'machine_var_audits_shots_r_s_fleshy'====== Args={'value': 80, 'prev_value': 79, 'change': 1}
2024-05-07 16:56:42,551 : INFO : EventManager : Event: ======'r_s_fleshy_hit'====== Args={'profile': 'fleshy_profile', 'state': 'unlit', 'advancing': True}
2024-05-07 16:56:42,551 : INFO : EventManager : Event: ======'r_s_fleshy_fleshy_profile_hit'====== Args={'profile': 'fleshy_profile', 'state': 'unlit', 'advancing': True}
2024-05-07 16:56:42,551 : INFO : EventManager : Event: ======'r_s_fleshy_fleshy_profile_unlit_hit'====== Args={'profile': 'fleshy_profile', 'state': 'unlit', 'advancing': True}
2024-05-07 16:56:42,551 : INFO : EventManager : Event: ======'r_s_fleshy_unlit_hit'====== Args={'profile': 'fleshy_profile', 'state': 'unlit', 'advancing': True}
2024-05-07 16:56:42,552 : INFO : EventManager : Event: ======'player_shot_r_s_rotate'====== Args={'value': 1, 'prev_value': 0, 'change': 1, 'player_num': 1}
2024-05-07 16:56:42,557 : INFO : EventManager : Event: ======'machine_var_audits_shots_r_s_rotate'====== Args={'value': 57, 'prev_value': 56, 'change': 1}
2024-05-07 16:56:42,558 : INFO : EventManager : Event: ======'r_s_rotate_hit'====== Args={'profile': 'rotate_profile', 'state': 'unlit', 'advancing': True}
2024-05-07 16:56:42,558 : INFO : EventManager : Event: ======'r_s_rotate_rotate_profile_hit'====== Args={'profile': 'rotate_profile', 'state': 'unlit', 'advancing': True}
2024-05-07 16:56:42,559 : INFO : EventManager : Event: ======'r_s_rotate_rotate_profile_unlit_hit'====== Args={'profile': 'rotate_profile', 'state': 'unlit', 'advancing': True}
2024-05-07 16:56:42,559 : INFO : EventManager : Event: ======'r_s_rotate_unlit_hit'====== Args={'profile': 'rotate_profile', 'state': 'unlit', 'advancing': True}
2024-05-07 16:56:42,559 : INFO : EventManager : Event: ======'playfield_active'====== Args={}
2024-05-07 16:56:42,560 : INFO : EventManager : Event: ======'fleshy_shots_hit'====== Args={}
2024-05-07 16:56:42,560 : INFO : EventManager : Event: ======'fleshy_shots_unlit_hit'====== Args={}
2024-05-07 16:56:42,560 : INFO : EventManager : Event: ======'rotate_group_hit'====== Args={}
2024-05-07 16:56:42,560 : INFO : EventManager : Event: ======'rotate_group_unlit_hit'====== Args={}
2024-05-07 16:56:42,560 : INFO : EventManager : Event: ======'playfield_active'====== Args={}
2024-05-07 16:56:42,663 : INFO : SwitchController : <<<<<<< 's_stationary_s' inactive >>>>>>>
2024-05-07 16:56:42,764 : INFO : SwitchController : <<<<<<< 's_stationary_s' active >>>>>>>
2024-05-07 16:56:42,764 : INFO : EventManager : Event: ======'playfield_active'====== Args={}
2024-05-07 16:56:42,764 : INFO : EventManager : Event: ======'playfield_active'====== Args={}
2024-05-07 16:56:42,764 : INFO : EventManager : Event: ======'s_stationary_s_active'====== Args={}
2024-05-07 16:56:42,765 : INFO : EventManager : Event: ======'sw_playfield_active'====== Args={}
2024-05-07 16:56:42,765 : INFO : EventManager : Event: ======'machine_var_audits_switches_s_stationary_s'====== Args={'value': 81, 'prev_value': 80, 'change': 1}
2024-05-07 16:56:42,765 : INFO : EventManager : Event: ======'player_shot_r_s_fleshy'====== Args={'value': 2, 'prev_value': 1, 'change': 1, 'player_num': 1}
2024-05-07 16:56:42,766 : INFO : EventManager : Event: ======'machine_var_audits_shots_r_s_fleshy'====== Args={'value': 81, 'prev_value': 80, 'change': 1}
2024-05-07 16:56:42,766 : INFO : EventManager : Event: ======'r_s_fleshy_hit'====== Args={'profile': 'fleshy_profile', 'state': 'light1lit', 'advancing': True}
2024-05-07 16:56:42,766 : INFO : EventManager : Event: ======'r_s_fleshy_fleshy_profile_hit'====== Args={'profile': 'fleshy_profile', 'state': 'light1lit', 'advancing': True}
2024-05-07 16:56:42,766 : INFO : EventManager : Event: ======'r_s_fleshy_fleshy_profile_light1lit_hit'====== Args={'profile': 'fleshy_profile', 'state': 'light1lit', 'advancing': True}
2024-05-07 16:56:42,766 : INFO : EventManager : Event: ======'r_s_fleshy_light1lit_hit'====== Args={'profile': 'fleshy_profile', 'state': 'light1lit', 'advancing': True}
2024-05-07 16:56:42,767 : INFO : EventManager : Event: ======'machine_var_audits_shots_r_s_rotate'====== Args={'value': 58, 'prev_value': 57, 'change': 1}
2024-05-07 16:56:42,767 : INFO : EventManager : Event: ======'r_s_rotate_hit'====== Args={'profile': 'rotate_profile', 'state': 'hit', 'advancing': False}
2024-05-07 16:56:42,767 : INFO : EventManager : Event: ======'r_s_rotate_rotate_profile_hit'====== Args={'profile': 'rotate_profile', 'state': 'hit', 'advancing': False}
2024-05-07 16:56:42,767 : INFO : EventManager : Event: ======'r_s_rotate_rotate_profile_hit_hit'====== Args={'profile': 'rotate_profile', 'state': 'hit', 'advancing': False}
2024-05-07 16:56:42,767 : INFO : EventManager : Event: ======'r_s_rotate_hit_hit'====== Args={'profile': 'rotate_profile', 'state': 'hit', 'advancing': False}
2024-05-07 16:56:42,767 : INFO : EventManager : Event: ======'playfield_active'====== Args={}
2024-05-07 16:56:42,767 : INFO : EventManager : Event: ======'fleshy_shots_hit'====== Args={}
2024-05-07 16:56:42,767 : INFO : EventManager : Event: ======'fleshy_shots_light1lit_hit'====== Args={}
2024-05-07 16:56:42,767 : INFO : EventManager : Event: ======'rotate_group_hit'====== Args={}
2024-05-07 16:56:42,767 : INFO : EventManager : Event: ======'rotate_group_hit_hit'====== Args={}
2024-05-07 16:56:42,768 : INFO : EventManager : Event: ======'playfield_active'====== Args={}
2024-05-07 16:56:42,863 : INFO : SwitchController : <<<<<<< 's_stationary_s' inactive >>>>>>>
2024-05-07 16:56:42,980 : INFO : SwitchController : <<<<<<< 's_stationary_s' active >>>>>>>
2024-05-07 16:56:42,981 : INFO : EventManager : Event: ======'playfield_active'====== Args={}
2024-05-07 16:56:42,981 : INFO : EventManager : Event: ======'playfield_active'====== Args={}
2024-05-07 16:56:42,981 : INFO : EventManager : Event: ======'s_stationary_s_active'====== Args={}
2024-05-07 16:56:42,982 : INFO : EventManager : Event: ======'sw_playfield_active'====== Args={}
2024-05-07 16:56:42,982 : INFO : EventManager : Event: ======'machine_var_audits_switches_s_stationary_s'====== Args={'value': 82, 'prev_value': 81, 'change': 1}
2024-05-07 16:56:42,982 : INFO : EventManager : Event: ======'player_shot_r_s_fleshy'====== Args={'value': 3, 'prev_value': 2, 'change': 1, 'player_num': 1}
2024-05-07 16:56:42,983 : INFO : EventManager : Event: ======'machine_var_audits_shots_r_s_fleshy'====== Args={'value': 82, 'prev_value': 81, 'change': 1}
2024-05-07 16:56:42,983 : INFO : EventManager : Event: ======'r_s_fleshy_hit'====== Args={'profile': 'fleshy_profile', 'state': 'light2lit', 'advancing': True}
2024-05-07 16:56:42,984 : INFO : EventManager : Event: ======'r_s_fleshy_fleshy_profile_hit'====== Args={'profile': 'fleshy_profile', 'state': 'light2lit', 'advancing': True}
2024-05-07 16:56:42,984 : INFO : EventManager : Event: ======'r_s_fleshy_fleshy_profile_light2lit_hit'====== Args={'profile': 'fleshy_profile', 'state': 'light2lit', 'advancing': True}
2024-05-07 16:56:42,984 : INFO : EventManager : Event: ======'r_s_fleshy_light2lit_hit'====== Args={'profile': 'fleshy_profile', 'state': 'light2lit', 'advancing': True}
2024-05-07 16:56:42,984 : INFO : EventManager : Event: ======'machine_var_audits_shots_r_s_rotate'====== Args={'value': 59, 'prev_value': 58, 'change': 1}
2024-05-07 16:56:42,985 : INFO : EventManager : Event: ======'r_s_rotate_hit'====== Args={'profile': 'rotate_profile', 'state': 'hit', 'advancing': False}
2024-05-07 16:56:42,985 : INFO : EventManager : Event: ======'r_s_rotate_rotate_profile_hit'====== Args={'profile': 'rotate_profile', 'state': 'hit', 'advancing': False}
2024-05-07 16:56:42,985 : INFO : EventManager : Event: ======'r_s_rotate_rotate_profile_hit_hit'====== Args={'profile': 'rotate_profile', 'state': 'hit', 'advancing': False}
2024-05-07 16:56:42,985 : INFO : EventManager : Event: ======'r_s_rotate_hit_hit'====== Args={'profile': 'rotate_profile', 'state': 'hit', 'advancing': False}
2024-05-07 16:56:42,985 : INFO : EventManager : Event: ======'playfield_active'====== Args={}
2024-05-07 16:56:42,986 : INFO : EventManager : Event: ======'fleshy_shots_complete'====== Args={'state': 'light3lit'}
2024-05-07 16:56:42,986 : INFO : EventManager : Event: ======'fleshy_shots_light3lit_complete'====== Args={}
2024-05-07 16:56:42,986 : INFO : EventManager : Event: ======'mult_fleshy_start'====== Args={'priority': 0}
2024-05-07 16:56:42,986 : INFO : EventManager : Event: ======'fleshy_qualify_stop'====== Args={'priority': 0}
2024-05-07 16:56:42,987 : INFO : EventManager : Event: ======'mode_mult_fleshy_will_start'====== Args={'priority': 0}
2024-05-07 16:56:42,987 : INFO : EventManager : Event: ======'player_shot_r_ramp_r_fleshy_enabled'====== Args={'value': True, 'prev_value': 0, 'change': 1, 'player_num': 1}
2024-05-07 16:56:42,987 : INFO : EventManager : Event: ======'player_shot_r_ramp_l_fleshy_enabled'====== Args={'value': True, 'prev_value': 0, 'change': 1, 'player_num': 1}
2024-05-07 16:56:42,989 : INFO : EventManager : Event: ======'mode_mult_fleshy_starting'====== Args={'priority': 0}
2024-05-07 16:56:42,989 : INFO : EventManager : Event: ======'mode_mult_fleshy_qualify_will_stop'====== Args={}
2024-05-07 16:56:42,990 : INFO : EventManager : Event: ======'mode_mult_fleshy_qualify_stopping'====== Args={}
2024-05-07 16:56:42,990 : INFO : EventManager : Event: ======'fleshy_shots_hit'====== Args={}
2024-05-07 16:56:42,990 : INFO : EventManager : Event: ======'fleshy_shots_light2lit_hit'====== Args={}
2024-05-07 16:56:42,990 : INFO : EventManager : Event: ======'rotate_group_hit'====== Args={}
2024-05-07 16:56:42,990 : INFO : EventManager : Event: ======'rotate_group_hit_hit'====== Args={}
2024-05-07 16:56:42,990 : INFO : EventManager : Event: ======'playfield_active'====== Args={}
2024-05-07 16:56:42,990 : INFO : Mode.mult_fleshy_qualify : Stopped.
2024-05-07 16:56:42,990 : INFO : EventManager : Event: ======'modes_active_modes_changed'====== Args={}
2024-05-07 16:56:42,990 : INFO : EventManager : Event: ======'mode_mult_fleshy_qualify_stopped'====== Args={}
2024-05-07 16:56:42,990 : INFO : EventManager : Event: ======'clear'====== Args={'key': 'mult_fleshy_qualify'}
2024-05-07 16:56:42,991 : INFO : Mode.mult_fleshy : Started. Priority: 200
2024-05-07 16:56:42,991 : INFO : EventManager : Event: ======'modes_active_modes_changed'====== Args={}
2024-05-07 16:56:42,991 : INFO : EventManager : Event: ======'mode_mult_fleshy_started'====== Args={'priority': 0}
2024-05-07 16:56:42,992 : INFO : EventManager : Event: ======'ball_save_ball_save_enabled'====== Args={}
2024-05-07 16:56:42,992 : WARNING : Mode.game : Balls in play have been capped by num_balls_known.
2024-05-07 16:56:42,992 : INFO : EventManager : Event: ======'balls_in_play'====== Args={'balls': 1}
2024-05-07 16:56:42,992 : INFO : ball_device.bd_trough : Adding 1 ball(s) to the eject_queue with target <playfield.playfield>.
2024-05-07 16:56:42,992 : INFO : EventManager : Event: ======'multiball_fleshy_multiball_shoot_again_ended'====== Args={}
2024-05-07 16:56:42,992 : INFO : EventManager : Event: ======'multiball_fleshy_multiball_started'====== Args={'balls': 2}
2024-05-07 16:56:43,038 : INFO : EventManager : Event: ======'ball_save_ball_save_ball_save_disabled'====== Args={}
2024-05-07 16:56:43,102 : INFO : SwitchController : <<<<<<< 's_stationary_s' inactive >>>>>>>
2024-05-07 16:56:43,560 : INFO : EventManager : Event: ======'ss_vuk_bank_timeout'====== Args={}
2024-05-07 16:56:43,768 : INFO : EventManager : Event: ======'ss_vuk_bank_timeout'====== Args={}
2024-05-07 16:56:43,986 : INFO : EventManager : Event: ======'ss_vuk_bank_timeout'====== Args={}
2024-05-07 16:56:44,051 : INFO : EventManager : Event: ======'balldevice_bd_trough_ball_eject_failed'====== Args={'target': <playfield.playfield>, 'balls': 1, 'retry': True, 'num_attempts': 3}
2024-05-07 16:56:44,051 : INFO : ball_device.bd_trough : State: waiting_for_target_ready
2024-05-07 16:56:44,051 : INFO : EventManager : Event: ======'balldevice_bd_trough_ball_eject_attempt'====== Args={'balls': 1, 'target': <playfield.playfield>, 'source': <ball_device.bd_trough>, 'mechanical_eject': False, 'num_attempts': 3}
2024-05-07 16:56:44,052 : INFO : ball_device.bd_trough : State: ejecting
2024-05-07 16:56:44,052 : INFO : ball_device.bd_trough : Ejecting ball to <playfield.playfield>
2024-05-07 16:56:44,052 : INFO : EventManager : Event: ======'balldevice_bd_trough_ejecting_ball'====== Args={'balls': 1, 'target': <playfield.playfield>, 'source': <ball_device.bd_trough>, 'mechanical_eject': False, 'num_attempts': 3}
2024-05-07 16:56:44,052 : INFO : EventManager : Event: ======'ball_save_ball_save_timer_start'====== Args={}
2024-05-07 16:56:44,053 : INFO : ball_device.bd_trough : Wait for ball to leave device
2024-05-07 16:56:44,053 : INFO : coil.c_trough : Pulsing Driver for 14ms (1.0 pulse_power)
2024-05-07 16:56:45,281 : INFO : SwitchController : <<<<<<< 's_ramp_l' active >>>>>>>
2024-05-07 16:56:45,281 : INFO : EventManager : Event: ======'s_ramp_l_active'====== Args={}
2024-05-07 16:56:45,281 : INFO : EventManager : Event: ======'machine_var_audits_switches_s_ramp_l'====== Args={'value': 4, 'prev_value': 3, 'change': 1}
2024-05-07 16:56:45,282 : INFO : EventManager : Event: ======'playfield_active'====== Args={}
2024-05-07 16:56:45,363 : INFO : SwitchController : <<<<<<< 's_ramp_l' inactive >>>>>>>
2024-05-07 16:56:46,054 : INFO : EventManager : Event: ======'balldevice_bd_trough_ball_eject_failed'====== Args={'target': <playfield.playfield>, 'balls': 1, 'retry': True, 'num_attempts': 4}
2024-05-07 16:56:46,055 : INFO : ball_device.bd_trough : State: waiting_for_target_ready
2024-05-07 16:56:46,056 : INFO : EventManager : Event: ======'balldevice_bd_trough_ball_eject_attempt'====== Args={'balls': 1, 'target': <playfield.playfield>, 'source': <ball_device.bd_trough>, 'mechanical_eject': False, 'num_attempts': 4}
2024-05-07 16:56:46,069 : INFO : ball_device.bd_trough : State: ejecting
2024-05-07 16:56:46,070 : INFO : ball_device.bd_trough : Ejecting ball to <playfield.playfield>
2024-05-07 16:56:46,070 : INFO : EventManager : Event: ======'balldevice_bd_trough_ejecting_ball'====== Args={'balls': 1, 'target': <playfield.playfield>, 'source': <ball_device.bd_trough>, 'mechanical_eject': False, 'num_attempts': 4}
2024-05-07 16:56:46,071 : INFO : ball_device.bd_trough : Wait for ball to leave device
2024-05-07 16:56:46,071 : INFO : coil.c_trough : Pulsing Driver for 14ms (1.0 pulse_power)
2024-05-07 16:56:46,282 : INFO : SwitchController : <<<<<<< 's_ramp_complete' active >>>>>>>
2024-05-07 16:56:46,282 : INFO : EventManager : Event: ======'s_ramp_complete_active'====== Args={}
2024-05-07 16:56:46,283 : INFO : EventManager : Event: ======'machine_var_audits_switches_s_ramp_complete'====== Args={'value': 5, 'prev_value': 4, 'change': 1}
2024-05-07 16:56:46,285 : INFO : EventManager : Event: ======'playfield_active'====== Args={}
2024-05-07 16:56:46,285 : INFO : EventManager : Event: ======'playfield_active'====== Args={}
2024-05-07 16:56:46,285 : INFO : EventManager : Event: ======'ss_ramp_l_hit'====== Args={'elapsed': 0.9998417089999982}
2024-05-07 16:56:46,286 : INFO : EventManager : Event: ======'player_shot_r_ramp_l_fleshy'====== Args={'value': 1, 'prev_value': 0, 'change': 1, 'player_num': 1}
2024-05-07 16:56:46,287 : INFO : EventManager : Event: ======'machine_var_audits_shots_r_ramp_l_fleshy'====== Args={'value': 3, 'prev_value': 2, 'change': 1}
2024-05-07 16:56:46,288 : INFO : EventManager : Event: ======'r_ramp_l_fleshy_hit'====== Args={'profile': 'sp_fleshy_jp', 'state': None, 'advancing': True}
2024-05-07 16:56:46,289 : INFO : EventManager : Event: ======'r_ramp_l_fleshy_sp_fleshy_jp_hit'====== Args={'profile': 'sp_fleshy_jp', 'state': None, 'advancing': True}
2024-05-07 16:56:46,289 : INFO : EventManager : Event: ======'r_ramp_l_fleshy_sp_fleshy_jp_None_hit'====== Args={'profile': 'sp_fleshy_jp', 'state': None, 'advancing': True}
2024-05-07 16:56:46,289 : INFO : EventManager : Event: ======'r_ramp_l_fleshy_None_hit'====== Args={'profile': 'sp_fleshy_jp', 'state': None, 'advancing': True}
2024-05-07 16:56:46,289 : INFO : EventManager : Event: ======'fleshy_jackpot_group_hit'====== Args={}
2024-05-07 16:56:46,289 : INFO : EventManager : Event: ======'fleshy_jackpot_group_None_hit'====== Args={}
2024-05-07 16:56:46,415 : INFO : SwitchController : <<<<<<< 's_ramp_complete' inactive >>>>>>>
2024-05-07 16:56:47,946 : INFO : SwitchController : <<<<<<< 's_ramp_r' active >>>>>>>
2024-05-07 16:56:47,946 : INFO : EventManager : Event: ======'s_ramp_r_active'====== Args={}
2024-05-07 16:56:47,946 : INFO : EventManager : Event: ======'machine_var_audits_switches_s_ramp_r'====== Args={'value': 3, 'prev_value': 2, 'change': 1}
2024-05-07 16:56:47,947 : INFO : EventManager : Event: ======'playfield_active'====== Args={}
2024-05-07 16:56:48,072 : INFO : EventManager : Event: ======'balldevice_bd_trough_ball_eject_failed'====== Args={'target': <playfield.playfield>, 'balls': 1, 'retry': True, 'num_attempts': 5}
2024-05-07 16:56:48,073 : INFO : ball_device.bd_trough : State: waiting_for_target_ready
2024-05-07 16:56:48,073 : INFO : EventManager : Event: ======'balldevice_bd_trough_ball_eject_attempt'====== Args={'balls': 1, 'target': <playfield.playfield>, 'source': <ball_device.bd_trough>, 'mechanical_eject': False, 'num_attempts': 5}
2024-05-07 16:56:48,073 : INFO : ball_device.bd_trough : State: ejecting
2024-05-07 16:56:48,073 : INFO : ball_device.bd_trough : Ejecting ball to <playfield.playfield>
2024-05-07 16:56:48,073 : INFO : EventManager : Event: ======'balldevice_bd_trough_ejecting_ball'====== Args={'balls': 1, 'target': <playfield.playfield>, 'source': <ball_device.bd_trough>, 'mechanical_eject': False, 'num_attempts': 5}
2024-05-07 16:56:48,074 : INFO : ball_device.bd_trough : Wait for ball to leave device
2024-05-07 16:56:48,074 : INFO : coil.c_trough : Pulsing Driver for 14ms (1.0 pulse_power)
2024-05-07 16:56:48,081 : INFO : SwitchController : <<<<<<< 's_ramp_r' inactive >>>>>>>
2024-05-07 16:56:48,914 : INFO : SwitchController : <<<<<<< 's_ramp_complete' active >>>>>>>
2024-05-07 16:56:48,914 : INFO : EventManager : Event: ======'s_ramp_complete_active'====== Args={}
2024-05-07 16:56:48,915 : INFO : EventManager : Event: ======'machine_var_audits_switches_s_ramp_complete'====== Args={'value': 6, 'prev_value': 5, 'change': 1}
2024-05-07 16:56:48,915 : INFO : EventManager : Event: ======'playfield_active'====== Args={}
2024-05-07 16:56:48,915 : INFO : EventManager : Event: ======'ss_ramp_r_hit'====== Args={'elapsed': 0.9682038750000004}
2024-05-07 16:56:48,916 : INFO : EventManager : Event: ======'playfield_active'====== Args={}
2024-05-07 16:56:48,916 : INFO : EventManager : Event: ======'player_shot_r_ramp_r_fleshy'====== Args={'value': 1, 'prev_value': 0, 'change': 1, 'player_num': 1}
2024-05-07 16:56:48,917 : INFO : EventManager : Event: ======'machine_var_audits_shots_r_ramp_r_fleshy'====== Args={'value': 3, 'prev_value': 2, 'change': 1}
2024-05-07 16:56:48,917 : INFO : EventManager : Event: ======'r_ramp_r_fleshy_hit'====== Args={'profile': 'sp_fleshy_jp', 'state': None, 'advancing': True}
2024-05-07 16:56:48,917 : INFO : EventManager : Event: ======'r_ramp_r_fleshy_sp_fleshy_jp_hit'====== Args={'profile': 'sp_fleshy_jp', 'state': None, 'advancing': True}
2024-05-07 16:56:48,917 : INFO : EventManager : Event: ======'r_ramp_r_fleshy_sp_fleshy_jp_None_hit'====== Args={'profile': 'sp_fleshy_jp', 'state': None, 'advancing': True}
2024-05-07 16:56:48,917 : INFO : EventManager : Event: ======'r_ramp_r_fleshy_None_hit'====== Args={'profile': 'sp_fleshy_jp', 'state': None, 'advancing': True}
2024-05-07 16:56:48,917 : INFO : EventManager : Event: ======'fleshy_jackpot_group_complete'====== Args={'state': 'jp_hit'}
2024-05-07 16:56:48,918 : INFO : EventManager : Event: ======'fleshy_jackpot_group_jp_hit_complete'====== Args={}
2024-05-07 16:56:48,918 : INFO : EventManager : Event: ======'mult_fleshy_super_start'====== Args={'priority': 0}
2024-05-07 16:56:48,918 : INFO : EventManager : Event: ======'fleshy_jackpot_group_hit'====== Args={}
2024-05-07 16:56:48,918 : INFO : EventManager : Event: ======'fleshy_jackpot_group_None_hit'====== Args={}
2024-05-07 16:56:49,012 : INFO : SwitchController : <<<<<<< 's_ramp_complete' inactive >>>>>>>
2024-05-07 16:56:50,075 : INFO : EventManager : Event: ======'balldevice_bd_trough_ball_eject_failed'====== Args={'target': <playfield.playfield>, 'balls': 1, 'retry': True, 'num_attempts': 6}
2024-05-07 16:56:50,077 : INFO : ball_device.bd_trough : State: waiting_for_target_ready
2024-05-07 16:56:50,078 : INFO : EventManager : Event: ======'balldevice_bd_trough_ball_eject_attempt'====== Args={'balls': 1, 'target': <playfield.playfield>, 'source': <ball_device.bd_trough>, 'mechanical_eject': False, 'num_attempts': 6}
2024-05-07 16:56:50,079 : INFO : ball_device.bd_trough : State: ejecting
2024-05-07 16:56:50,079 : INFO : ball_device.bd_trough : Ejecting ball to <playfield.playfield>
2024-05-07 16:56:50,079 : INFO : EventManager : Event: ======'balldevice_bd_trough_ejecting_ball'====== Args={'balls': 1, 'target': <playfield.playfield>, 'source': <ball_device.bd_trough>, 'mechanical_eject': False, 'num_attempts': 6}
2024-05-07 16:56:50,080 : INFO : ball_device.bd_trough : Wait for ball to leave device
2024-05-07 16:56:50,080 : INFO : coil.c_trough : Pulsing Driver for 14ms (1.0 pulse_power)
2024-05-07 16:56:51,054 : INFO : EventManager : Event: ======'ball_save_ball_save_hurry_up'====== Args={}
2024-05-07 16:56:52,081 : INFO : EventManager : Event: ======'balldevice_bd_trough_ball_eject_failed'====== Args={'target': <playfield.playfield>, 'balls': 1, 'retry': True, 'num_attempts': 7}
2024-05-07 16:56:52,082 : INFO : ball_device.bd_trough : State: waiting_for_target_ready
2024-05-07 16:56:52,083 : INFO : EventManager : Event: ======'balldevice_bd_trough_ball_eject_attempt'====== Args={'balls': 1, 'target': <playfield.playfield>, 'source': <ball_device.bd_trough>, 'mechanical_eject': False, 'num_attempts': 7}
2024-05-07 16:56:52,083 : INFO : ball_device.bd_trough : State: ejecting
2024-05-07 16:56:52,083 : INFO : ball_device.bd_trough : Ejecting ball to <playfield.playfield>
2024-05-07 16:56:52,083 : INFO : EventManager : Event: ======'balldevice_bd_trough_ejecting_ball'====== Args={'balls': 1, 'target': <playfield.playfield>, 'source': <ball_device.bd_trough>, 'mechanical_eject': False, 'num_attempts': 7}
2024-05-07 16:56:52,084 : INFO : ball_device.bd_trough : Wait for ball to leave device
2024-05-07 16:56:52,084 : INFO : coil.c_trough : Pulsing Driver for 14ms (1.0 pulse_power)
2024-05-07 16:56:54,054 : INFO : EventManager : Event: ======'ball_save_ball_save_disabled'====== Args={}
2024-05-07 16:56:54,086 : INFO : EventManager : Event: ======'balldevice_bd_trough_ball_eject_failed'====== Args={'target': <playfield.playfield>, 'balls': 1, 'retry': True, 'num_attempts': 8}
2024-05-07 16:56:54,087 : INFO : ball_device.bd_trough : State: waiting_for_target_ready
2024-05-07 16:56:54,087 : INFO : EventManager : Event: ======'balldevice_bd_trough_ball_eject_attempt'====== Args={'balls': 1, 'target': <playfield.playfield>, 'source': <ball_device.bd_trough>, 'mechanical_eject': False, 'num_attempts': 8}
2024-05-07 16:56:54,088 : INFO : ball_device.bd_trough : State: ejecting
2024-05-07 16:56:54,088 : INFO : ball_device.bd_trough : Ejecting ball to <playfield.playfield>
2024-05-07 16:56:54,088 : INFO : EventManager : Event: ======'balldevice_bd_trough_ejecting_ball'====== Args={'balls': 1, 'target': <playfield.playfield>, 'source': <ball_device.bd_trough>, 'mechanical_eject': False, 'num_attempts': 8}
2024-05-07 16:56:54,090 : INFO : ball_device.bd_trough : Wait for ball to leave device
2024-05-07 16:56:54,090 : INFO : coil.c_trough : Pulsing Driver for 14ms (1.0 pulse_power)
2024-05-07 16:56:55,300 : INFO : Machine : Shutting down...
2024-05-07 16:56:55,300 : INFO : EventManager : Event: ======'shutdown'====== Args={}
2024-05-07 16:56:55,301 : INFO : EventManager : Event: ======'mode_game_will_stop'====== Args={}
2024-05-07 16:56:55,301 : INFO : EventManager : Event: ======'mode_game_stopping'====== Args={}
2024-05-07 16:56:55,302 : INFO : EventManager : Event: ======'mode_base_will_stop'====== Args={}
2024-05-07 16:56:55,302 : INFO : EventManager : Event: ======'mode_base_stopping'====== Args={}
2024-05-07 16:56:55,302 : INFO : EventManager : Event: ======'mode_lane_rotate_will_stop'====== Args={}
2024-05-07 16:56:55,302 : INFO : EventManager : Event: ======'mode_lane_rotate_stopping'====== Args={}
2024-05-07 16:56:55,302 : INFO : EventManager : Event: ======'mode_mult_fleshy_will_stop'====== Args={}
2024-05-07 16:56:55,302 : INFO : EventManager : Event: ======'mode_mult_fleshy_stopping'====== Args={}
2024-05-07 16:56:55,302 : INFO : EventManager : Event: ======'mode_start_ball_save_will_stop'====== Args={}
2024-05-07 16:56:55,302 : INFO : EventManager : Event: ======'mode_start_ball_save_stopping'====== Args={}
2024-05-07 16:56:55,303 : INFO : Mode.start_ball_save : Stopped.
2024-05-07 16:56:55,303 : INFO : EventManager : Event: ======'modes_active_modes_changed'====== Args={}
2024-05-07 16:56:55,303 : INFO : EventManager : Event: ======'mode_start_ball_save_stopped'====== Args={}
2024-05-07 16:56:55,303 : INFO : EventManager : Event: ======'clear'====== Args={'key': 'start_ball_save'}
2024-05-07 16:56:55,303 : INFO : Mode.mult_fleshy : Stopped.
2024-05-07 16:56:55,303 : INFO : EventManager : Event: ======'modes_active_modes_changed'====== Args={}
2024-05-07 16:56:55,303 : INFO : EventManager : Event: ======'mode_mult_fleshy_stopped'====== Args={}
2024-05-07 16:56:55,303 : INFO : EventManager : Event: ======'clear'====== Args={'key': 'mult_fleshy'}
2024-05-07 16:56:55,304 : INFO : Mode.lane_rotate : Stopped.
2024-05-07 16:56:55,304 : INFO : EventManager : Event: ======'modes_active_modes_changed'====== Args={}
2024-05-07 16:56:55,304 : INFO : EventManager : Event: ======'mode_lane_rotate_stopped'====== Args={}
2024-05-07 16:56:55,304 : INFO : EventManager : Event: ======'clear'====== Args={'key': 'lane_rotate'}
2024-05-07 16:56:55,304 : INFO : Mode.base : Stopped.
2024-05-07 16:56:55,305 : INFO : EventManager : Event: ======'modes_active_modes_changed'====== Args={}
2024-05-07 16:56:55,305 : INFO : EventManager : Event: ======'mode_base_stopped'====== Args={}
2024-05-07 16:56:55,305 : INFO : EventManager : Event: ======'clear'====== Args={'key': 'base'}
2024-05-07 16:56:55,306 : INFO : Mode.game : Stopped.
2024-05-07 16:56:55,306 : INFO : EventManager : Event: ======'modes_active_modes_changed'====== Args={}
2024-05-07 16:56:55,306 : INFO : EventManager : Event: ======'mode_game_stopped'====== Args={}
2024-05-07 16:56:55,306 : INFO : EventManager : Event: ======'clear'====== Args={'key': 'game'}
2024-05-07 16:56:55,309 : INFO : root : MPF run loop ended.
