2024-05-06 10:49:07,868 : INFO : root : Loading config.
2024-05-06 10:49:07,869 : INFO : YamlMultifileConfigLoader : Machine config file #1: config.yaml
2024-05-06 10:49:07,869 : INFO : ConfigProcessor : Loading config from cache: /var/folders/l2/q8hj_6s91xnb2jxg1sqm0h7r0000gn/T/479bffd5d2f40b527f859677e5b1aef9.mpf_cache
2024-05-06 10:49:07,894 : INFO : ConfigProcessor : Loading config from cache: /var/folders/l2/q8hj_6s91xnb2jxg1sqm0h7r0000gn/T/0481b880979d7ccc71369ad5f781c736.mpf_cache
2024-05-06 10:49:07,894 : INFO : ConfigProcessor : Loading config from cache: /var/folders/l2/q8hj_6s91xnb2jxg1sqm0h7r0000gn/T/9cfa8e96748dd80c23752180dbf36e5c.mpf_cache
2024-05-06 10:49:07,894 : INFO : ConfigProcessor : Loading config from cache: /var/folders/l2/q8hj_6s91xnb2jxg1sqm0h7r0000gn/T/0481b880979d7ccc71369ad5f781c736.mpf_cache
2024-05-06 10:49:07,895 : INFO : ConfigProcessor : Loading config from cache: /var/folders/l2/q8hj_6s91xnb2jxg1sqm0h7r0000gn/T/1875c266911f801b691956fe9e9284d6.mpf_cache
2024-05-06 10:49:07,895 : INFO : ConfigProcessor : Loading config from cache: /var/folders/l2/q8hj_6s91xnb2jxg1sqm0h7r0000gn/T/f97c90855879603280fcc571f5c42639.mpf_cache
2024-05-06 10:49:07,895 : INFO : ConfigProcessor : Loading config from cache: /var/folders/l2/q8hj_6s91xnb2jxg1sqm0h7r0000gn/T/5336ce152edc820b26f3a51a9f95779b.mpf_cache
2024-05-06 10:49:07,895 : WARNING : ConfigProcessor : Config file in cache changed: /Users/tannerpetch/Documents/GitHub/lofab/modes/mult_fleshy/config/mult_fleshy.yaml
2024-05-06 10:49:07,895 : INFO : ConfigProcessor : Loading config from file /Users/tannerpetch/Documents/GitHub/lofab/modes/mult_fleshy/config/mult_fleshy.yaml.
2024-05-06 10:49:07,897 : INFO : ConfigProcessor : Loading config: /Users/tannerpetch/Documents/GitHub/lofab/modes/mult_fleshy/config/mult_fleshy.yaml
2024-05-06 10:49:07,897 : INFO : ConfigProcessor : Config file cache created: /var/folders/l2/q8hj_6s91xnb2jxg1sqm0h7r0000gn/T/584196ece55f676a535bfbda3a88171a.mpf_cache
2024-05-06 10:49:07,897 : INFO : ConfigProcessor : Loading config from cache: /var/folders/l2/q8hj_6s91xnb2jxg1sqm0h7r0000gn/T/4b1e343fa9806c398ec7ee103dcfa7e2.mpf_cache
2024-05-06 10:49:07,898 : INFO : ConfigProcessor : Loading config from cache: /var/folders/l2/q8hj_6s91xnb2jxg1sqm0h7r0000gn/T/3dbc438e88423aa3ff742db2713b600f.mpf_cache
2024-05-06 10:49:07,899 : INFO : ConfigProcessor : Loading config from cache: /var/folders/l2/q8hj_6s91xnb2jxg1sqm0h7r0000gn/T/154d071a3850556c6f3eae37bf41c8b6.mpf_cache
2024-05-06 10:49:07,899 : INFO : ConfigProcessor : Loading config from cache: /var/folders/l2/q8hj_6s91xnb2jxg1sqm0h7r0000gn/T/ab100dbe0e16472b56f0213f3842a00f.mpf_cache
2024-05-06 10:49:07,901 : INFO : ConfigProcessor : Loading config from cache: /var/folders/l2/q8hj_6s91xnb2jxg1sqm0h7r0000gn/T/f03ad90ccd2c053e9e5d10795d01f4ba.mpf_cache
2024-05-06 10:49:07,901 : INFO : ConfigProcessor : Loading config from cache: /var/folders/l2/q8hj_6s91xnb2jxg1sqm0h7r0000gn/T/0f3c951d4c93079ae3fac6429c5bc2ee.mpf_cache
2024-05-06 10:49:07,901 : INFO : ConfigProcessor : Loading config from cache: /var/folders/l2/q8hj_6s91xnb2jxg1sqm0h7r0000gn/T/8bf004783a280ac33d17b88f37848116.mpf_cache
2024-05-06 10:49:07,902 : INFO : ConfigProcessor : Loading config from cache: /var/folders/l2/q8hj_6s91xnb2jxg1sqm0h7r0000gn/T/db98bdefe8a072cec23a2527f4303b09.mpf_cache
2024-05-06 10:49:07,902 : INFO : ConfigProcessor : Loading config from cache: /var/folders/l2/q8hj_6s91xnb2jxg1sqm0h7r0000gn/T/d5d50eaa09e055f3a827c6269a3aa165.mpf_cache
2024-05-06 10:49:07,903 : INFO : ConfigProcessor : Loading config from cache: /var/folders/l2/q8hj_6s91xnb2jxg1sqm0h7r0000gn/T/eefb91dd78a2b4d0f2b86f7f7cb501a3.mpf_cache
2024-05-06 10:49:07,903 : INFO : ConfigProcessor : Loading config from cache: /var/folders/l2/q8hj_6s91xnb2jxg1sqm0h7r0000gn/T/d32f8b43f49e3e57afbd189fbbccae80.mpf_cache
2024-05-06 10:49:07,903 : INFO : ConfigProcessor : Loading config from cache: /var/folders/l2/q8hj_6s91xnb2jxg1sqm0h7r0000gn/T/08db62a1c5938674fa894d468364ed3e.mpf_cache
2024-05-06 10:49:07,903 : INFO : ConfigProcessor : Loading config from cache: /var/folders/l2/q8hj_6s91xnb2jxg1sqm0h7r0000gn/T/98754ca8fa1663afefe3af8297a0d59a.mpf_cache
2024-05-06 10:49:07,903 : INFO : Machine : Mission Pinball Framework Core Engine v0.80.0.dev1
2024-05-06 10:49:07,904 : INFO : Machine : Command line arguments: {'no_load_cache': False, 'create_config_cache': True, 'bcp': False, 'configfile': ['config.yaml'], 'force_assets_load': False, 'platform_integration_test': False, 'jsonlogging': False, 'logfile': 'logs/2024-05-06-10-49-07-mpf-Tanners-Laptop.local.log', 'pause': False, 'production': False, 'text_ui': True, 'loglevel': 15, 'consoleloglevel': 20, 'force_platform': 'virtual', 'syslog_address': None, 'mc_file_name': None, 'no_sound': False}
2024-05-06 10:49:07,904 : INFO : Machine : MPF path: /Users/tannerpetch/Documents/git/mpf/mpf
2024-05-06 10:49:07,904 : INFO : Machine : Machine path: /Users/tannerpetch/Documents/GitHub/lofab
2024-05-06 10:49:07,904 : INFO : Machine : Platform: darwin
2024-05-06 10:49:07,904 : INFO : Machine : Python executable location: /Users/tannerpetch/mpfenv/bin/python3
2024-05-06 10:49:07,904 : INFO : Machine : Python version: 3.9.13 (64-bit)
2024-05-06 10:49:07,904 : INFO : Machine : Initializing MPF...
2024-05-06 10:49:07,928 : INFO : EventManager : Event: ======'machine_var_credits_string'====== Args={'value': 'FREE PLAY', 'prev_value': None, 'change': True}
2024-05-06 10:49:07,935 : INFO : EventManager : Event: ======'machine_var_master_volume'====== Args={'value': 0.5, 'prev_value': None, 'change': True}
2024-05-06 10:49:07,935 : INFO : EventManager : Event: ======'machine_var_player1_score'====== Args={'value': 100, 'prev_value': None, 'change': True}
2024-05-06 10:49:07,935 : INFO : EventManager : Event: ======'machine_var_player2_score'====== Args={'value': 0, 'prev_value': None, 'change': True}
2024-05-06 10:49:07,935 : INFO : EventManager : Event: ======'machine_var_mpf_version'====== Args={'value': 'Mission Pinball Framework v0.80.0.dev1', 'prev_value': None, 'change': True}
2024-05-06 10:49:07,935 : INFO : EventManager : Event: ======'machine_var_mpf_extended_version'====== Args={'value': 'Mission Pinball Framework v0.80.0.dev1, Config version:6, Show version: 6, BCP version:1.1', 'prev_value': None, 'change': True}
2024-05-06 10:49:07,935 : INFO : EventManager : Event: ======'machine_var_python_version'====== Args={'value': '3.9.13', 'prev_value': None, 'change': True}
2024-05-06 10:49:07,940 : INFO : EventManager : Event: ======'machine_var_platform'====== Args={'value': 'macOS-14.3-arm64-arm-64bit', 'prev_value': None, 'change': True}
2024-05-06 10:49:07,940 : INFO : EventManager : Event: ======'machine_var_platform_system'====== Args={'value': 'Darwin', 'prev_value': None, 'change': True}
2024-05-06 10:49:07,940 : INFO : EventManager : Event: ======'machine_var_platform_release'====== Args={'value': '23.3.0', 'prev_value': None, 'change': True}
2024-05-06 10:49:07,940 : INFO : EventManager : Event: ======'machine_var_platform_version'====== Args={'value': 'Darwin Kernel Version 23.3.0: Thu Dec 21 02:29:41 PST 2023; root:xnu-10002.81.5~11/RELEASE_ARM64_T8122', 'prev_value': None, 'change': True}
2024-05-06 10:49:07,940 : INFO : EventManager : Event: ======'machine_var_platform_machine'====== Args={'value': 'arm64', 'prev_value': None, 'change': True}
2024-05-06 10:49:07,940 : INFO : EventManager : Event: ======'init_phase_1'====== Args={}
2024-05-06 10:49:07,954 : INFO : EventManager : Event: ======'init_phase_2'====== Args={}
2024-05-06 10:49:07,956 : INFO : ball_device.bd_vuk : BCH: Initial count: 0
2024-05-06 10:49:07,956 : INFO : ball_device.bd_vuk : State: idle
2024-05-06 10:49:07,956 : INFO : ball_device.bd_trough : BCH: Initial count: 0
2024-05-06 10:49:07,956 : INFO : ball_device.bd_trough : State: idle
2024-05-06 10:49:07,959 : INFO : EventManager : Event: ======'init_phase_3'====== Args={}
2024-05-06 10:49:08,102 : INFO : EventManager : Event: ======'init_phase_4'====== Args={}
2024-05-06 10:49:08,103 : INFO : BallController : Initial balls found: 0
2024-05-06 10:49:08,104 : INFO : EventManager : Event: ======'machine_var_audits_events_game_ended'====== Args={'value': 1, 'prev_value': None, 'change': True}
2024-05-06 10:49:08,104 : INFO : EventManager : Event: ======'machine_var_audits_events_game_started'====== Args={'value': 28, 'prev_value': None, 'change': True}
2024-05-06 10:49:08,104 : INFO : EventManager : Event: ======'machine_var_audits_missing_switches_s_e'====== Args={'value': 28, 'prev_value': None, 'change': True}
2024-05-06 10:49:08,104 : INFO : EventManager : Event: ======'machine_var_audits_missing_switches_s_flipper_l'====== Args={'value': 11, 'prev_value': None, 'change': True}
2024-05-06 10:49:08,104 : INFO : EventManager : Event: ======'machine_var_audits_missing_switches_s_flipper_r'====== Args={'value': 17, 'prev_value': None, 'change': True}
2024-05-06 10:49:08,104 : INFO : EventManager : Event: ======'machine_var_audits_missing_switches_s_h'====== Args={'value': 28, 'prev_value': None, 'change': True}
2024-05-06 10:49:08,104 : INFO : EventManager : Event: ======'machine_var_audits_missing_switches_s_pop'====== Args={'value': 28, 'prev_value': None, 'change': True}
2024-05-06 10:49:08,104 : INFO : EventManager : Event: ======'machine_var_audits_missing_switches_s_ramp_complete'====== Args={'value': 28, 'prev_value': None, 'change': True}
2024-05-06 10:49:08,104 : INFO : EventManager : Event: ======'machine_var_audits_missing_switches_s_ramp_l'====== Args={'value': 28, 'prev_value': None, 'change': True}
2024-05-06 10:49:08,104 : INFO : EventManager : Event: ======'machine_var_audits_missing_switches_s_ramp_r'====== Args={'value': 28, 'prev_value': None, 'change': True}
2024-05-06 10:49:08,104 : INFO : EventManager : Event: ======'machine_var_audits_missing_switches_s_sling_l'====== Args={'value': 28, 'prev_value': None, 'change': True}
2024-05-06 10:49:08,104 : INFO : EventManager : Event: ======'machine_var_audits_missing_switches_s_sling_r'====== Args={'value': 28, 'prev_value': None, 'change': True}
2024-05-06 10:49:08,104 : INFO : EventManager : Event: ======'machine_var_audits_missing_switches_s_spinner'====== Args={'value': 28, 'prev_value': None, 'change': True}
2024-05-06 10:49:08,104 : INFO : EventManager : Event: ======'machine_var_audits_missing_switches_s_start'====== Args={'value': 15, 'prev_value': None, 'change': True}
2024-05-06 10:49:08,104 : INFO : EventManager : Event: ======'machine_var_audits_missing_switches_s_stationary_back'====== Args={'value': 28, 'prev_value': None, 'change': True}
2024-05-06 10:49:08,104 : INFO : EventManager : Event: ======'machine_var_audits_missing_switches_s_stationary_u'====== Args={'value': 14, 'prev_value': None, 'change': True}
2024-05-06 10:49:08,104 : INFO : EventManager : Event: ======'machine_var_audits_missing_switches_s_tilt_l'====== Args={'value': 28, 'prev_value': None, 'change': True}
2024-05-06 10:49:08,104 : INFO : EventManager : Event: ======'machine_var_audits_missing_switches_s_tilt_r'====== Args={'value': 28, 'prev_value': None, 'change': True}
2024-05-06 10:49:08,104 : INFO : EventManager : Event: ======'machine_var_audits_missing_switches_s_trough_1'====== Args={'value': 15, 'prev_value': None, 'change': True}
2024-05-06 10:49:08,104 : INFO : EventManager : Event: ======'machine_var_audits_missing_switches_s_trough_3'====== Args={'value': 28, 'prev_value': None, 'change': True}
2024-05-06 10:49:08,104 : INFO : EventManager : Event: ======'machine_var_audits_missing_switches_s_trough_4'====== Args={'value': 26, 'prev_value': None, 'change': True}
2024-05-06 10:49:08,104 : INFO : EventManager : Event: ======'machine_var_audits_missing_switches_s_vuk'====== Args={'value': 26, 'prev_value': None, 'change': True}
2024-05-06 10:49:08,104 : INFO : EventManager : Event: ======'machine_var_audits_player_score'====== Args={'value': {'average': 0, 'top': [100, 0], 'total': 2}, 'prev_value': None, 'change': True}
2024-05-06 10:49:08,104 : INFO : EventManager : Event: ======'machine_var_audits_shots_r_o'====== Args={'value': 55, 'prev_value': None, 'change': True}
2024-05-06 10:49:08,105 : INFO : EventManager : Event: ======'machine_var_audits_shots_r_o_fleshy'====== Args={'value': 76, 'prev_value': None, 'change': True}
2024-05-06 10:49:08,105 : INFO : EventManager : Event: ======'machine_var_audits_shots_r_o_rotate'====== Args={'value': 24, 'prev_value': None, 'change': True}
2024-05-06 10:49:08,105 : INFO : EventManager : Event: ======'machine_var_audits_shots_r_s'====== Args={'value': 23, 'prev_value': None, 'change': True}
2024-05-06 10:49:08,105 : INFO : EventManager : Event: ======'machine_var_audits_shots_r_s_fleshy'====== Args={'value': 47, 'prev_value': None, 'change': True}
2024-05-06 10:49:08,105 : INFO : EventManager : Event: ======'machine_var_audits_shots_r_s_rotate'====== Args={'value': 24, 'prev_value': None, 'change': True}
2024-05-06 10:49:08,105 : INFO : EventManager : Event: ======'machine_var_audits_shots_r_u'====== Args={'value': 4, 'prev_value': None, 'change': True}
2024-05-06 10:49:08,105 : INFO : EventManager : Event: ======'machine_var_audits_switches_s_e'====== Args={'value': 0, 'prev_value': None, 'change': True}
2024-05-06 10:49:08,105 : INFO : EventManager : Event: ======'machine_var_audits_switches_s_flipper_l'====== Args={'value': 17, 'prev_value': None, 'change': True}
2024-05-06 10:49:08,105 : INFO : EventManager : Event: ======'machine_var_audits_switches_s_flipper_r'====== Args={'value': 1, 'prev_value': None, 'change': True}
2024-05-06 10:49:08,105 : INFO : EventManager : Event: ======'machine_var_audits_switches_s_h'====== Args={'value': 0, 'prev_value': None, 'change': True}
2024-05-06 10:49:08,105 : INFO : EventManager : Event: ======'machine_var_audits_switches_s_launch'====== Args={'value': 28, 'prev_value': None, 'change': True}
2024-05-06 10:49:08,105 : INFO : EventManager : Event: ======'machine_var_audits_switches_s_pop'====== Args={'value': 0, 'prev_value': None, 'change': True}
2024-05-06 10:49:08,105 : INFO : EventManager : Event: ======'machine_var_audits_switches_s_ramp_complete'====== Args={'value': 0, 'prev_value': None, 'change': True}
2024-05-06 10:49:08,105 : INFO : EventManager : Event: ======'machine_var_audits_switches_s_ramp_l'====== Args={'value': 0, 'prev_value': None, 'change': True}
2024-05-06 10:49:08,105 : INFO : EventManager : Event: ======'machine_var_audits_switches_s_ramp_r'====== Args={'value': 0, 'prev_value': None, 'change': True}
2024-05-06 10:49:08,105 : INFO : EventManager : Event: ======'machine_var_audits_switches_s_sling_l'====== Args={'value': 0, 'prev_value': None, 'change': True}
2024-05-06 10:49:08,105 : INFO : EventManager : Event: ======'machine_var_audits_switches_s_sling_r'====== Args={'value': 0, 'prev_value': None, 'change': True}
2024-05-06 10:49:08,106 : INFO : EventManager : Event: ======'machine_var_audits_switches_s_spinner'====== Args={'value': 0, 'prev_value': None, 'change': True}
2024-05-06 10:49:08,106 : INFO : EventManager : Event: ======'machine_var_audits_switches_s_start'====== Args={'value': 5, 'prev_value': None, 'change': True}
2024-05-06 10:49:08,106 : INFO : EventManager : Event: ======'machine_var_audits_switches_s_stationary_back'====== Args={'value': 0, 'prev_value': None, 'change': True}
2024-05-06 10:49:08,106 : INFO : EventManager : Event: ======'machine_var_audits_switches_s_stationary_o'====== Args={'value': 80, 'prev_value': None, 'change': True}
2024-05-06 10:49:08,106 : INFO : EventManager : Event: ======'machine_var_audits_switches_s_stationary_s'====== Args={'value': 47, 'prev_value': None, 'change': True}
2024-05-06 10:49:08,106 : INFO : EventManager : Event: ======'machine_var_audits_switches_s_stationary_u'====== Args={'value': 23, 'prev_value': None, 'change': True}
2024-05-06 10:49:08,106 : INFO : EventManager : Event: ======'machine_var_audits_switches_s_tilt_l'====== Args={'value': 0, 'prev_value': None, 'change': True}
2024-05-06 10:49:08,106 : INFO : EventManager : Event: ======'machine_var_audits_switches_s_tilt_r'====== Args={'value': 0, 'prev_value': None, 'change': True}
2024-05-06 10:49:08,106 : INFO : EventManager : Event: ======'machine_var_audits_switches_s_trough_1'====== Args={'value': 5, 'prev_value': None, 'change': True}
2024-05-06 10:49:08,106 : INFO : EventManager : Event: ======'machine_var_audits_switches_s_trough_2'====== Args={'value': 1, 'prev_value': None, 'change': True}
2024-05-06 10:49:08,106 : INFO : EventManager : Event: ======'machine_var_audits_switches_s_trough_3'====== Args={'value': 0, 'prev_value': None, 'change': True}
2024-05-06 10:49:08,106 : INFO : EventManager : Event: ======'machine_var_audits_switches_s_trough_4'====== Args={'value': 1, 'prev_value': None, 'change': True}
2024-05-06 10:49:08,106 : INFO : EventManager : Event: ======'machine_var_audits_switches_s_vuk'====== Args={'value': 6, 'prev_value': None, 'change': True}
2024-05-06 10:49:08,107 : INFO : EventManager : Event: ======'init_phase_5'====== Args={}
2024-05-06 10:49:08,107 : INFO : EventManager : Event: ======'init_done'====== Args={}
2024-05-06 10:49:08,107 : INFO : EventManager : Event: ======'machine_reset_phase_1'====== Args={}
2024-05-06 10:49:08,107 : INFO : EventManager : Event: ======'machine_reset_phase_2'====== Args={}
2024-05-06 10:49:08,108 : INFO : EventManager : Event: ======'machine_reset_phase_3'====== Args={}
2024-05-06 10:49:08,108 : INFO : EventManager : Event: ======'reset_complete'====== Args={}
2024-05-06 10:49:08,108 : INFO : EventManager : Event: ======'mode_attract_will_start'====== Args={}
2024-05-06 10:49:08,108 : INFO : EventManager : Event: ======'mode_attract_starting'====== Args={}
2024-05-06 10:49:08,108 : INFO : Mode.attract : Started. Priority: 10
2024-05-06 10:49:08,108 : INFO : EventManager : Event: ======'modes_active_modes_changed'====== Args={}
2024-05-06 10:49:08,108 : INFO : EventManager : Event: ======'mode_attract_started'====== Args={}
2024-05-06 10:49:08,108 : INFO : EventManager : Event: ======'collecting_balls_complete'====== Args={}
2024-05-06 10:49:08,108 : INFO : Machine : Starting the main run loop.
2024-05-06 10:49:08,719 : INFO : BcpServer : New client connected.
2024-05-06 10:49:10,872 : INFO : SwitchController : <<<<<<< 's_trough_1' active >>>>>>>
2024-05-06 10:49:10,951 : INFO : SwitchController : <<<<<<< 's_trough_1' inactive >>>>>>>
2024-05-06 10:49:11,185 : INFO : SwitchController : <<<<<<< 's_trough_1' active >>>>>>>
2024-05-06 10:49:11,686 : INFO : EventManager : Event: ======'balldevice_bd_trough_ball_count_changed'====== Args={'balls': 1}
2024-05-06 10:49:11,686 : INFO : ball_device.bd_trough : Received unexpected ball
2024-05-06 10:49:11,686 : INFO : EventManager : Event: ======'balldevice_captured_from_playfield'====== Args={'balls': 1}
2024-05-06 10:49:11,686 : INFO : EventManager : Event: ======'sw_playfield_active'====== Args={'balls': 1}
2024-05-06 10:49:11,687 : INFO : EventManager : Event: ======'playfield_active'====== Args={}
2024-05-06 10:49:11,687 : INFO : EventManager : Event: ======'unexpected_ball_on_playfield'====== Args={}
2024-05-06 10:49:11,687 : INFO : EventManager : Event: ======'playfield_ball_count_change'====== Args={'balls': -1, 'change': -1}
2024-05-06 10:49:11,687 : INFO : EventManager : Event: ======'balldevice_playfield_ball_enter'====== Args={'new_balls': 1, 'unclaimed_balls': 1, 'device': <playfield.playfield>}
2024-05-06 10:49:11,687 : INFO : EventManager : Event: ======'playfield_ball_count_change'====== Args={'balls': 0, 'change': 1}
2024-05-06 10:49:11,687 : INFO : BallController : Found a new ball which was captured from playfield. Known balls: 1
2024-05-06 10:49:11,687 : INFO : EventManager : Event: ======'found_new_ball'====== Args={}
2024-05-06 10:49:11,687 : INFO : EventManager : Event: ======'balldevice_bd_trough_ball_enter'====== Args={'new_balls': 1, 'unclaimed_balls': 1, 'new_available_balls': 1, 'device': <ball_device.bd_trough>}
2024-05-06 10:49:11,688 : INFO : EventManager : Event: ======'ball_drain'====== Args={'device': <ball_device.bd_trough>, 'balls': 1}
2024-05-06 10:49:11,688 : INFO : EventManager : Event: ======'balldevice_balls_available'====== Args={}
2024-05-06 10:49:11,688 : INFO : EventManager : Event: ======'balldevice_bd_trough_ball_entered'====== Args={'new_balls': 1, 'device': <ball_device.bd_trough>}
2024-05-06 10:49:12,018 : INFO : SwitchController : <<<<<<< 's_start' active >>>>>>>
2024-05-06 10:49:12,134 : INFO : SwitchController : <<<<<<< 's_start' inactive >>>>>>>
2024-05-06 10:49:12,135 : INFO : EventManager : Event: ======'request_to_start_game'====== Args={}
2024-05-06 10:49:12,135 : INFO : EventManager : Event: ======'game_start'====== Args={'buttons': [], 'hold_time': 0.11603450000000048}
2024-05-06 10:49:12,135 : INFO : EventManager : Event: ======'mode_game_will_start'====== Args={'buttons': [], 'hold_time': 0.11603450000000048}
2024-05-06 10:49:12,136 : INFO : EventManager : Event: ======'mode_game_starting'====== Args={'buttons': [], 'hold_time': 0.11603450000000048}
2024-05-06 10:49:12,136 : INFO : EventManager : Event: ======'mode_attract_will_stop'====== Args={}
2024-05-06 10:49:12,136 : INFO : EventManager : Event: ======'mode_attract_stopping'====== Args={}
2024-05-06 10:49:12,136 : INFO : Mode.attract : Stopped.
2024-05-06 10:49:12,136 : INFO : EventManager : Event: ======'modes_active_modes_changed'====== Args={}
2024-05-06 10:49:12,136 : INFO : EventManager : Event: ======'mode_attract_stopped'====== Args={}
2024-05-06 10:49:12,137 : INFO : EventManager : Event: ======'clear'====== Args={'key': 'attract'}
2024-05-06 10:49:12,137 : INFO : Mode.game : Started. Priority: 20
2024-05-06 10:49:12,137 : INFO : EventManager : Event: ======'modes_active_modes_changed'====== Args={}
2024-05-06 10:49:12,137 : INFO : EventManager : Event: ======'mode_game_started'====== Args={'buttons': [], 'hold_time': 0.11603450000000048}
2024-05-06 10:49:12,137 : INFO : EventManager : Event: ======'game_will_start'====== Args={}
2024-05-06 10:49:12,138 : INFO : EventManager : Event: ======'game_starting'====== Args={'game': <Mode.game>}
2024-05-06 10:49:12,138 : INFO : EventManager : Unordered handler for class <Auditor> on event game_ended with priority 1. Handlers: [RegisteredHandler(callback=<bound method Auditor.disable of <Auditor>>, priority=1, kwargs={}, key=UUID('3b9c4512-7547-4557-a76c-6ca6f6729af4'), condition=None, blocking_facility=None), RegisteredHandler(callback=<bound method Auditor._save_audits of <Auditor>>, priority=1, kwargs={}, key=UUID('7a15bc3a-b890-49e1-bda9-61dd515b7e2c'), condition=None, blocking_facility=None)]. The order of those handlers is not defined and they will be executed in random order. This might lead to race conditions and potential bugs.
2024-05-06 10:49:12,138 : INFO : EventManager : Event: ======'player_add_request'====== Args={}
2024-05-06 10:49:12,139 : INFO : EventManager : Event: ======'player_will_add'====== Args={'number': 1}
2024-05-06 10:49:12,139 : INFO : EventManager : Event: ======'player_adding'====== Args={'player': <Player 1>, 'number': 1}
2024-05-06 10:49:12,139 : INFO : EventManager : Event: ======'player_added'====== Args={'player': <Player 1>, 'num': 1}
2024-05-06 10:49:12,139 : INFO : Mode.game : Player added successfully. Total players: 1
2024-05-06 10:49:12,139 : INFO : EventManager : Event: ======'player_index'====== Args={'value': 0, 'prev_value': 0, 'change': 0, 'player_num': 1}
2024-05-06 10:49:12,140 : INFO : EventManager : Event: ======'player_number'====== Args={'value': 1, 'prev_value': 1, 'change': 0, 'player_num': 1}
2024-05-06 10:49:12,140 : INFO : EventManager : Event: ======'player_score'====== Args={'value': 0, 'prev_value': 0, 'change': 0, 'player_num': 1}
2024-05-06 10:49:12,140 : INFO : EventManager : Event: ======'game_started'====== Args={}
2024-05-06 10:49:12,141 : INFO : EventManager : Event: ======'player_turn_will_start'====== Args={'player': <Player 1>, 'number': 1}
2024-05-06 10:49:12,145 : INFO : EventManager : Event: ======'player_turn_starting'====== Args={'player': <Player 1>, 'number': 1}
2024-05-06 10:49:12,149 : INFO : EventManager : Event: ======'player_ball'====== Args={'value': 1, 'prev_value': 0, 'change': 1, 'player_num': 1}
2024-05-06 10:49:12,149 : INFO : EventManager : Event: ======'player_turn_started'====== Args={'player': <Player 1>, 'number': 1}
2024-05-06 10:49:12,150 : INFO : EventManager : Event: ======'ball_will_start'====== Args={'player': 1, 'ball': 1, 'balls_remaining': 2, 'is_extra_ball': False}
2024-05-06 10:49:12,150 : INFO : EventManager : Event: ======'ball_starting'====== Args={'player': 1, 'ball': 1, 'balls_remaining': 2, 'is_extra_ball': False}
2024-05-06 10:49:12,150 : INFO : EventManager : Event: ======'mode_base_will_start'====== Args={'queue': <QueuedEvent>, 'player': 1, 'ball': 1, 'balls_remaining': 2, 'is_extra_ball': False}
2024-05-06 10:49:12,150 : INFO : EventManager : Event: ======'player_shot_r_pop_enabled'====== Args={'value': True, 'prev_value': 0, 'change': 1, 'player_num': 1}
2024-05-06 10:49:12,150 : INFO : EventManager : Event: ======'player_shot_r_sling_l_enabled'====== Args={'value': True, 'prev_value': 0, 'change': 1, 'player_num': 1}
2024-05-06 10:49:12,151 : INFO : EventManager : Event: ======'player_shot_r_sling_r_enabled'====== Args={'value': True, 'prev_value': 0, 'change': 1, 'player_num': 1}
2024-05-06 10:49:12,151 : INFO : EventManager : Event: ======'mode_base_starting'====== Args={'queue': <QueuedEvent>, 'player': 1, 'ball': 1, 'balls_remaining': 2, 'is_extra_ball': False}
2024-05-06 10:49:12,151 : INFO : EventManager : Event: ======'waiting_for_launch_press'====== Args={}
2024-05-06 10:49:12,152 : INFO : Mode.base : Started. Priority: 100
2024-05-06 10:49:12,152 : INFO : EventManager : Event: ======'modes_active_modes_changed'====== Args={}
2024-05-06 10:49:12,152 : INFO : EventManager : Event: ======'mode_base_started'====== Args={'queue': <QueuedEvent>, 'player': 1, 'ball': 1, 'balls_remaining': 2, 'is_extra_ball': False}
2024-05-06 10:49:13,684 : INFO : SwitchController : <<<<<<< 's_launch' active >>>>>>>
2024-05-06 10:49:13,684 : INFO : EventManager : Event: ======'e_launch_press'====== Args={}
2024-05-06 10:49:13,686 : INFO : EventManager : Event: ======'machine_var_audits_switches_s_launch'====== Args={'value': 29, 'prev_value': 28, 'change': 1}
2024-05-06 10:49:13,688 : INFO : EventManager : Event: ======'balls_in_play'====== Args={'balls': 1}
2024-05-06 10:49:13,692 : INFO : EventManager : Event: ======'ball_started'====== Args={'player': 1, 'ball': 1, 'balls_remaining': 2, 'is_extra_ball': False}
2024-05-06 10:49:13,693 : INFO : EventManager : Event: ======'mode_start_ball_save_will_start'====== Args={'player': 1, 'ball': 1, 'balls_remaining': 2, 'is_extra_ball': False}
2024-05-06 10:49:13,694 : INFO : EventManager : Event: ======'mode_start_ball_save_starting'====== Args={'player': 1, 'ball': 1, 'balls_remaining': 2, 'is_extra_ball': False}
2024-05-06 10:49:13,694 : INFO : EventManager : Event: ======'mode_lane_rotate_will_start'====== Args={'player': 1, 'ball': 1, 'balls_remaining': 2, 'is_extra_ball': False}
2024-05-06 10:49:13,695 : INFO : EventManager : Event: ======'player_shot_r_h_rotate_enabled'====== Args={'value': True, 'prev_value': 0, 'change': 1, 'player_num': 1}
2024-05-06 10:49:13,696 : INFO : EventManager : Event: ======'player_shot_r_o_rotate_enabled'====== Args={'value': True, 'prev_value': 0, 'change': 1, 'player_num': 1}
2024-05-06 10:49:13,697 : INFO : EventManager : Event: ======'player_shot_r_u_rotate_enabled'====== Args={'value': True, 'prev_value': 0, 'change': 1, 'player_num': 1}
2024-05-06 10:49:13,697 : INFO : EventManager : Event: ======'player_shot_r_s_rotate_enabled'====== Args={'value': True, 'prev_value': 0, 'change': 1, 'player_num': 1}
2024-05-06 10:49:13,698 : INFO : EventManager : Event: ======'player_shot_r_e_rotate_enabled'====== Args={'value': True, 'prev_value': 0, 'change': 1, 'player_num': 1}
2024-05-06 10:49:13,699 : INFO : EventManager : Event: ======'mode_lane_rotate_starting'====== Args={'player': 1, 'ball': 1, 'balls_remaining': 2, 'is_extra_ball': False}
2024-05-06 10:49:13,699 : INFO : EventManager : Event: ======'mode_mult_fleshy_qualify_will_start'====== Args={'player': 1, 'ball': 1, 'balls_remaining': 2, 'is_extra_ball': False}
2024-05-06 10:49:13,699 : INFO : EventManager : Event: ======'player_shot_r_o_fleshy_enabled'====== Args={'value': True, 'prev_value': 0, 'change': 1, 'player_num': 1}
2024-05-06 10:49:13,700 : INFO : EventManager : Event: ======'player_shot_r_s_fleshy_enabled'====== Args={'value': True, 'prev_value': 0, 'change': 1, 'player_num': 1}
2024-05-06 10:49:13,700 : INFO : EventManager : Event: ======'fleshy_shots_complete'====== Args={'state': 'unlit'}
2024-05-06 10:49:13,700 : INFO : EventManager : Event: ======'fleshy_shots_unlit_complete'====== Args={}
2024-05-06 10:49:13,701 : INFO : EventManager : Event: ======'mode_mult_fleshy_qualify_starting'====== Args={'player': 1, 'ball': 1, 'balls_remaining': 2, 'is_extra_ball': False}
2024-05-06 10:49:13,702 : INFO : Mode.mult_fleshy_qualify : Started. Priority: 100
2024-05-06 10:49:13,702 : INFO : EventManager : Event: ======'modes_active_modes_changed'====== Args={}
2024-05-06 10:49:13,702 : INFO : EventManager : Event: ======'mode_mult_fleshy_qualify_started'====== Args={'player': 1, 'ball': 1, 'balls_remaining': 2, 'is_extra_ball': False}
2024-05-06 10:49:13,702 : INFO : Mode.lane_rotate : Started. Priority: 100
2024-05-06 10:49:13,702 : INFO : EventManager : Event: ======'modes_active_modes_changed'====== Args={}
2024-05-06 10:49:13,703 : INFO : EventManager : Event: ======'mode_lane_rotate_started'====== Args={'player': 1, 'ball': 1, 'balls_remaining': 2, 'is_extra_ball': False}
2024-05-06 10:49:13,703 : INFO : Mode.start_ball_save : Started. Priority: 100
2024-05-06 10:49:13,703 : INFO : EventManager : Event: ======'modes_active_modes_changed'====== Args={}
2024-05-06 10:49:13,703 : INFO : EventManager : Event: ======'mode_start_ball_save_started'====== Args={'player': 1, 'ball': 1, 'balls_remaining': 2, 'is_extra_ball': False}
2024-05-06 10:49:13,703 : INFO : EventManager : Event: ======'ball_save_ball_save_ball_save_enabled'====== Args={}
2024-05-06 10:49:13,704 : INFO : EventManager : Event: ======'single_player_ball_started'====== Args={}
2024-05-06 10:49:13,708 : INFO : EventManager : Event: ======'ball_start_target'====== Args={'target': 'playfield'}
2024-05-06 10:49:13,710 : INFO : ball_device.bd_trough : Setting up player-controlled eject. Balls: 1, Target: <playfield.playfield>, player_controlled_eject_event: None
2024-05-06 10:49:13,710 : INFO : ball_device.bd_trough : Adding 1 ball(s) to the eject_queue with target <playfield.playfield>.
2024-05-06 10:49:13,710 : INFO : EventManager : Event: ======'balldevice_balls_available'====== Args={}
2024-05-06 10:49:13,711 : INFO : ball_device.bd_trough : State: waiting_for_target_ready
2024-05-06 10:49:13,711 : INFO : EventManager : Event: ======'balldevice_bd_trough_ball_eject_attempt'====== Args={'balls': 1, 'target': <playfield.playfield>, 'source': <ball_device.bd_trough>, 'mechanical_eject': False, 'num_attempts': 0}
2024-05-06 10:49:13,711 : INFO : ball_device.bd_trough : State: ejecting
2024-05-06 10:49:13,711 : INFO : ball_device.bd_trough : Ejecting ball to <playfield.playfield>
2024-05-06 10:49:13,711 : INFO : EventManager : Event: ======'balldevice_bd_trough_ejecting_ball'====== Args={'balls': 1, 'target': <playfield.playfield>, 'source': <ball_device.bd_trough>, 'mechanical_eject': False, 'num_attempts': 0}
2024-05-06 10:49:13,711 : INFO : EventManager : Event: ======'ball_save_ball_save_ball_save_timer_start'====== Args={}
2024-05-06 10:49:13,712 : INFO : ball_device.bd_trough : Wait for ball to leave device
2024-05-06 10:49:13,712 : INFO : coil.c_trough : Pulsing Driver for 10ms (1.0 pulse_power)
2024-05-06 10:49:13,815 : INFO : SwitchController : <<<<<<< 's_launch' inactive >>>>>>>
2024-05-06 10:49:15,301 : INFO : SwitchController : <<<<<<< 's_stationary_o' active >>>>>>>
2024-05-06 10:49:15,301 : INFO : EventManager : Event: ======'playfield_active'====== Args={}
2024-05-06 10:49:15,301 : INFO : EventManager : Event: ======'playfield_active'====== Args={}
2024-05-06 10:49:15,302 : INFO : EventManager : Event: ======'s_stationary_o_active'====== Args={}
2024-05-06 10:49:15,303 : INFO : EventManager : Event: ======'sw_playfield_active'====== Args={}
2024-05-06 10:49:15,304 : INFO : EventManager : Event: ======'machine_var_audits_switches_s_stationary_o'====== Args={'value': 81, 'prev_value': 80, 'change': 1}
2024-05-06 10:49:15,305 : INFO : EventManager : Event: ======'player_shot_r_o_rotate'====== Args={'value': 1, 'prev_value': 0, 'change': 1, 'player_num': 1}
2024-05-06 10:49:15,306 : INFO : EventManager : Event: ======'machine_var_audits_shots_r_o_rotate'====== Args={'value': 25, 'prev_value': 24, 'change': 1}
2024-05-06 10:49:15,311 : INFO : EventManager : Event: ======'r_o_rotate_hit'====== Args={'profile': 'rotate_profile', 'state': None, 'advancing': True}
2024-05-06 10:49:15,312 : INFO : EventManager : Event: ======'r_o_rotate_rotate_profile_hit'====== Args={'profile': 'rotate_profile', 'state': None, 'advancing': True}
2024-05-06 10:49:15,312 : INFO : EventManager : Event: ======'r_o_rotate_rotate_profile_None_hit'====== Args={'profile': 'rotate_profile', 'state': None, 'advancing': True}
2024-05-06 10:49:15,313 : INFO : EventManager : Event: ======'r_o_rotate_None_hit'====== Args={'profile': 'rotate_profile', 'state': None, 'advancing': True}
2024-05-06 10:49:15,313 : INFO : EventManager : Event: ======'player_shot_r_o_fleshy'====== Args={'value': 1, 'prev_value': 0, 'change': 1, 'player_num': 1}
2024-05-06 10:49:15,314 : INFO : EventManager : Event: ======'machine_var_audits_shots_r_o_fleshy'====== Args={'value': 77, 'prev_value': 76, 'change': 1}
2024-05-06 10:49:15,314 : INFO : EventManager : Event: ======'r_o_fleshy_hit'====== Args={'profile': 'fleshy_profile', 'state': 'unlit', 'advancing': True}
2024-05-06 10:49:15,314 : INFO : EventManager : Event: ======'r_o_fleshy_fleshy_profile_hit'====== Args={'profile': 'fleshy_profile', 'state': 'unlit', 'advancing': True}
2024-05-06 10:49:15,315 : INFO : EventManager : Event: ======'r_o_fleshy_fleshy_profile_unlit_hit'====== Args={'profile': 'fleshy_profile', 'state': 'unlit', 'advancing': True}
2024-05-06 10:49:15,315 : INFO : EventManager : Event: ======'r_o_fleshy_unlit_hit'====== Args={'profile': 'fleshy_profile', 'state': 'unlit', 'advancing': True}
2024-05-06 10:49:15,315 : INFO : EventManager : Event: ======'rotate_group_hit'====== Args={}
2024-05-06 10:49:15,316 : INFO : EventManager : Event: ======'rotate_group_None_hit'====== Args={}
2024-05-06 10:49:15,316 : INFO : EventManager : Event: ======'fleshy_shots_hit'====== Args={}
2024-05-06 10:49:15,316 : INFO : EventManager : Event: ======'fleshy_shots_unlit_hit'====== Args={}
2024-05-06 10:49:15,316 : INFO : EventManager : Event: ======'playfield_active'====== Args={}
2024-05-06 10:49:15,432 : INFO : SwitchController : <<<<<<< 's_stationary_o' inactive >>>>>>>
2024-05-06 10:49:15,703 : INFO : SwitchController : <<<<<<< 's_stationary_o' active >>>>>>>
2024-05-06 10:49:15,703 : INFO : EventManager : Event: ======'playfield_active'====== Args={}
2024-05-06 10:49:15,704 : INFO : EventManager : Event: ======'playfield_active'====== Args={}
2024-05-06 10:49:15,704 : INFO : EventManager : Event: ======'s_stationary_o_active'====== Args={}
2024-05-06 10:49:15,705 : INFO : EventManager : Event: ======'sw_playfield_active'====== Args={}
2024-05-06 10:49:15,705 : INFO : EventManager : Event: ======'machine_var_audits_switches_s_stationary_o'====== Args={'value': 82, 'prev_value': 81, 'change': 1}
2024-05-06 10:49:15,706 : INFO : EventManager : Event: ======'machine_var_audits_shots_r_o_rotate'====== Args={'value': 26, 'prev_value': 25, 'change': 1}
2024-05-06 10:49:15,706 : INFO : EventManager : Event: ======'r_o_rotate_hit'====== Args={'profile': 'rotate_profile', 'state': 'hit', 'advancing': False}
2024-05-06 10:49:15,707 : INFO : EventManager : Event: ======'r_o_rotate_rotate_profile_hit'====== Args={'profile': 'rotate_profile', 'state': 'hit', 'advancing': False}
2024-05-06 10:49:15,707 : INFO : EventManager : Event: ======'r_o_rotate_rotate_profile_hit_hit'====== Args={'profile': 'rotate_profile', 'state': 'hit', 'advancing': False}
2024-05-06 10:49:15,707 : INFO : EventManager : Event: ======'r_o_rotate_hit_hit'====== Args={'profile': 'rotate_profile', 'state': 'hit', 'advancing': False}
2024-05-06 10:49:15,708 : INFO : EventManager : Event: ======'player_shot_r_o_fleshy'====== Args={'value': 2, 'prev_value': 1, 'change': 1, 'player_num': 1}
2024-05-06 10:49:15,709 : INFO : EventManager : Event: ======'machine_var_audits_shots_r_o_fleshy'====== Args={'value': 78, 'prev_value': 77, 'change': 1}
2024-05-06 10:49:15,709 : INFO : EventManager : Event: ======'r_o_fleshy_hit'====== Args={'profile': 'fleshy_profile', 'state': 'light1lit', 'advancing': True}
2024-05-06 10:49:15,709 : INFO : EventManager : Event: ======'r_o_fleshy_fleshy_profile_hit'====== Args={'profile': 'fleshy_profile', 'state': 'light1lit', 'advancing': True}
2024-05-06 10:49:15,710 : INFO : EventManager : Event: ======'r_o_fleshy_fleshy_profile_light1lit_hit'====== Args={'profile': 'fleshy_profile', 'state': 'light1lit', 'advancing': True}
2024-05-06 10:49:15,710 : INFO : EventManager : Event: ======'r_o_fleshy_light1lit_hit'====== Args={'profile': 'fleshy_profile', 'state': 'light1lit', 'advancing': True}
2024-05-06 10:49:15,710 : INFO : EventManager : Event: ======'rotate_group_hit'====== Args={}
2024-05-06 10:49:15,710 : INFO : EventManager : Event: ======'rotate_group_hit_hit'====== Args={}
2024-05-06 10:49:15,711 : INFO : EventManager : Event: ======'fleshy_shots_hit'====== Args={}
2024-05-06 10:49:15,711 : INFO : EventManager : Event: ======'fleshy_shots_light1lit_hit'====== Args={}
2024-05-06 10:49:15,711 : INFO : EventManager : Event: ======'playfield_active'====== Args={}
2024-05-06 10:49:15,712 : INFO : EventManager : Event: ======'balldevice_bd_trough_ball_eject_failed'====== Args={'target': <playfield.playfield>, 'balls': 1, 'retry': True, 'num_attempts': 1}
2024-05-06 10:49:15,714 : INFO : ball_device.bd_trough : State: waiting_for_target_ready
2024-05-06 10:49:15,714 : INFO : EventManager : Event: ======'balldevice_bd_trough_ball_eject_attempt'====== Args={'balls': 1, 'target': <playfield.playfield>, 'source': <ball_device.bd_trough>, 'mechanical_eject': False, 'num_attempts': 1}
2024-05-06 10:49:15,715 : INFO : ball_device.bd_trough : State: ejecting
2024-05-06 10:49:15,716 : INFO : ball_device.bd_trough : Ejecting ball to <playfield.playfield>
2024-05-06 10:49:15,716 : INFO : EventManager : Event: ======'balldevice_bd_trough_ejecting_ball'====== Args={'balls': 1, 'target': <playfield.playfield>, 'source': <ball_device.bd_trough>, 'mechanical_eject': False, 'num_attempts': 1}
2024-05-06 10:49:15,721 : INFO : ball_device.bd_trough : Wait for ball to leave device
2024-05-06 10:49:15,721 : INFO : coil.c_trough : Pulsing Driver for 10ms (1.0 pulse_power)
2024-05-06 10:49:15,867 : INFO : SwitchController : <<<<<<< 's_stationary_o' inactive >>>>>>>
2024-05-06 10:49:16,067 : INFO : SwitchController : <<<<<<< 's_stationary_o' active >>>>>>>
2024-05-06 10:49:16,068 : INFO : EventManager : Event: ======'playfield_active'====== Args={}
2024-05-06 10:49:16,069 : INFO : EventManager : Event: ======'playfield_active'====== Args={}
2024-05-06 10:49:16,069 : INFO : EventManager : Event: ======'s_stationary_o_active'====== Args={}
2024-05-06 10:49:16,069 : INFO : EventManager : Event: ======'sw_playfield_active'====== Args={}
2024-05-06 10:49:16,070 : INFO : EventManager : Event: ======'machine_var_audits_switches_s_stationary_o'====== Args={'value': 83, 'prev_value': 82, 'change': 1}
2024-05-06 10:49:16,071 : INFO : EventManager : Event: ======'machine_var_audits_shots_r_o_rotate'====== Args={'value': 27, 'prev_value': 26, 'change': 1}
2024-05-06 10:49:16,072 : INFO : EventManager : Event: ======'r_o_rotate_hit'====== Args={'profile': 'rotate_profile', 'state': 'hit', 'advancing': False}
2024-05-06 10:49:16,072 : INFO : EventManager : Event: ======'r_o_rotate_rotate_profile_hit'====== Args={'profile': 'rotate_profile', 'state': 'hit', 'advancing': False}
2024-05-06 10:49:16,072 : INFO : EventManager : Event: ======'r_o_rotate_rotate_profile_hit_hit'====== Args={'profile': 'rotate_profile', 'state': 'hit', 'advancing': False}
2024-05-06 10:49:16,072 : INFO : EventManager : Event: ======'r_o_rotate_hit_hit'====== Args={'profile': 'rotate_profile', 'state': 'hit', 'advancing': False}
2024-05-06 10:49:16,073 : INFO : EventManager : Event: ======'player_shot_r_o_fleshy'====== Args={'value': 3, 'prev_value': 2, 'change': 1, 'player_num': 1}
2024-05-06 10:49:16,074 : INFO : EventManager : Event: ======'machine_var_audits_shots_r_o_fleshy'====== Args={'value': 79, 'prev_value': 78, 'change': 1}
2024-05-06 10:49:16,074 : INFO : EventManager : Event: ======'r_o_fleshy_hit'====== Args={'profile': 'fleshy_profile', 'state': 'light2lit', 'advancing': True}
2024-05-06 10:49:16,075 : INFO : EventManager : Event: ======'r_o_fleshy_fleshy_profile_hit'====== Args={'profile': 'fleshy_profile', 'state': 'light2lit', 'advancing': True}
2024-05-06 10:49:16,075 : INFO : EventManager : Event: ======'r_o_fleshy_fleshy_profile_light2lit_hit'====== Args={'profile': 'fleshy_profile', 'state': 'light2lit', 'advancing': True}
2024-05-06 10:49:16,075 : INFO : EventManager : Event: ======'r_o_fleshy_light2lit_hit'====== Args={'profile': 'fleshy_profile', 'state': 'light2lit', 'advancing': True}
2024-05-06 10:49:16,075 : INFO : EventManager : Event: ======'rotate_group_hit'====== Args={}
2024-05-06 10:49:16,076 : INFO : EventManager : Event: ======'rotate_group_hit_hit'====== Args={}
2024-05-06 10:49:16,076 : INFO : EventManager : Event: ======'fleshy_shots_hit'====== Args={}
2024-05-06 10:49:16,076 : INFO : EventManager : Event: ======'fleshy_shots_light2lit_hit'====== Args={}
2024-05-06 10:49:16,076 : INFO : EventManager : Event: ======'playfield_active'====== Args={}
2024-05-06 10:49:16,199 : INFO : SwitchController : <<<<<<< 's_stationary_o' inactive >>>>>>>
2024-05-06 10:49:16,713 : INFO : EventManager : Event: ======'ball_save_ball_save_ball_save_hurry_up'====== Args={}
2024-05-06 10:49:17,723 : INFO : EventManager : Event: ======'balldevice_bd_trough_ball_eject_failed'====== Args={'target': <playfield.playfield>, 'balls': 1, 'retry': True, 'num_attempts': 2}
2024-05-06 10:49:17,724 : INFO : ball_device.bd_trough : State: waiting_for_target_ready
2024-05-06 10:49:17,724 : INFO : EventManager : Event: ======'balldevice_bd_trough_ball_eject_attempt'====== Args={'balls': 1, 'target': <playfield.playfield>, 'source': <ball_device.bd_trough>, 'mechanical_eject': False, 'num_attempts': 2}
2024-05-06 10:49:17,725 : INFO : ball_device.bd_trough : State: ejecting
2024-05-06 10:49:17,725 : INFO : ball_device.bd_trough : Ejecting ball to <playfield.playfield>
2024-05-06 10:49:17,725 : INFO : EventManager : Event: ======'balldevice_bd_trough_ejecting_ball'====== Args={'balls': 1, 'target': <playfield.playfield>, 'source': <ball_device.bd_trough>, 'mechanical_eject': False, 'num_attempts': 2}
2024-05-06 10:49:17,726 : INFO : ball_device.bd_trough : Wait for ball to leave device
2024-05-06 10:49:17,726 : INFO : coil.c_trough : Pulsing Driver for 10ms (1.0 pulse_power)
2024-05-06 10:49:18,052 : INFO : SwitchController : <<<<<<< 's_stationary_s' active >>>>>>>
2024-05-06 10:49:18,052 : INFO : EventManager : Event: ======'playfield_active'====== Args={}
2024-05-06 10:49:18,052 : INFO : EventManager : Event: ======'playfield_active'====== Args={}
2024-05-06 10:49:18,052 : INFO : EventManager : Event: ======'s_stationary_s_active'====== Args={}
2024-05-06 10:49:18,053 : INFO : EventManager : Event: ======'sw_playfield_active'====== Args={}
2024-05-06 10:49:18,053 : INFO : EventManager : Event: ======'machine_var_audits_switches_s_stationary_s'====== Args={'value': 48, 'prev_value': 47, 'change': 1}
2024-05-06 10:49:18,054 : INFO : EventManager : Event: ======'player_shot_r_s_rotate'====== Args={'value': 1, 'prev_value': 0, 'change': 1, 'player_num': 1}
2024-05-06 10:49:18,054 : INFO : EventManager : Event: ======'machine_var_audits_shots_r_s_rotate'====== Args={'value': 25, 'prev_value': 24, 'change': 1}
2024-05-06 10:49:18,058 : INFO : EventManager : Event: ======'r_s_rotate_hit'====== Args={'profile': 'rotate_profile', 'state': None, 'advancing': True}
2024-05-06 10:49:18,058 : INFO : EventManager : Event: ======'r_s_rotate_rotate_profile_hit'====== Args={'profile': 'rotate_profile', 'state': None, 'advancing': True}
2024-05-06 10:49:18,058 : INFO : EventManager : Event: ======'r_s_rotate_rotate_profile_None_hit'====== Args={'profile': 'rotate_profile', 'state': None, 'advancing': True}
2024-05-06 10:49:18,058 : INFO : EventManager : Event: ======'r_s_rotate_None_hit'====== Args={'profile': 'rotate_profile', 'state': None, 'advancing': True}
2024-05-06 10:49:18,059 : INFO : EventManager : Event: ======'player_shot_r_s_fleshy'====== Args={'value': 1, 'prev_value': 0, 'change': 1, 'player_num': 1}
2024-05-06 10:49:18,059 : INFO : EventManager : Event: ======'machine_var_audits_shots_r_s_fleshy'====== Args={'value': 48, 'prev_value': 47, 'change': 1}
2024-05-06 10:49:18,060 : INFO : EventManager : Event: ======'r_s_fleshy_hit'====== Args={'profile': 'fleshy_profile', 'state': 'unlit', 'advancing': True}
2024-05-06 10:49:18,060 : INFO : EventManager : Event: ======'r_s_fleshy_fleshy_profile_hit'====== Args={'profile': 'fleshy_profile', 'state': 'unlit', 'advancing': True}
2024-05-06 10:49:18,060 : INFO : EventManager : Event: ======'r_s_fleshy_fleshy_profile_unlit_hit'====== Args={'profile': 'fleshy_profile', 'state': 'unlit', 'advancing': True}
2024-05-06 10:49:18,060 : INFO : EventManager : Event: ======'r_s_fleshy_unlit_hit'====== Args={'profile': 'fleshy_profile', 'state': 'unlit', 'advancing': True}
2024-05-06 10:49:18,060 : INFO : EventManager : Event: ======'rotate_group_hit'====== Args={}
2024-05-06 10:49:18,060 : INFO : EventManager : Event: ======'rotate_group_None_hit'====== Args={}
2024-05-06 10:49:18,060 : INFO : EventManager : Event: ======'fleshy_shots_hit'====== Args={}
2024-05-06 10:49:18,060 : INFO : EventManager : Event: ======'fleshy_shots_unlit_hit'====== Args={}
2024-05-06 10:49:18,060 : INFO : EventManager : Event: ======'playfield_active'====== Args={}
2024-05-06 10:49:18,183 : INFO : SwitchController : <<<<<<< 's_stationary_s' inactive >>>>>>>
2024-05-06 10:49:18,502 : INFO : SwitchController : <<<<<<< 's_stationary_s' active >>>>>>>
2024-05-06 10:49:18,503 : INFO : EventManager : Event: ======'playfield_active'====== Args={}
2024-05-06 10:49:18,503 : INFO : EventManager : Event: ======'playfield_active'====== Args={}
2024-05-06 10:49:18,503 : INFO : EventManager : Event: ======'s_stationary_s_active'====== Args={}
2024-05-06 10:49:18,504 : INFO : EventManager : Event: ======'sw_playfield_active'====== Args={}
2024-05-06 10:49:18,504 : INFO : EventManager : Event: ======'machine_var_audits_switches_s_stationary_s'====== Args={'value': 49, 'prev_value': 48, 'change': 1}
2024-05-06 10:49:18,505 : INFO : EventManager : Event: ======'machine_var_audits_shots_r_s_rotate'====== Args={'value': 26, 'prev_value': 25, 'change': 1}
2024-05-06 10:49:18,505 : INFO : EventManager : Event: ======'r_s_rotate_hit'====== Args={'profile': 'rotate_profile', 'state': 'hit', 'advancing': False}
2024-05-06 10:49:18,505 : INFO : EventManager : Event: ======'r_s_rotate_rotate_profile_hit'====== Args={'profile': 'rotate_profile', 'state': 'hit', 'advancing': False}
2024-05-06 10:49:18,506 : INFO : EventManager : Event: ======'r_s_rotate_rotate_profile_hit_hit'====== Args={'profile': 'rotate_profile', 'state': 'hit', 'advancing': False}
2024-05-06 10:49:18,506 : INFO : EventManager : Event: ======'r_s_rotate_hit_hit'====== Args={'profile': 'rotate_profile', 'state': 'hit', 'advancing': False}
2024-05-06 10:49:18,506 : INFO : EventManager : Event: ======'player_shot_r_s_fleshy'====== Args={'value': 2, 'prev_value': 1, 'change': 1, 'player_num': 1}
2024-05-06 10:49:18,507 : INFO : EventManager : Event: ======'machine_var_audits_shots_r_s_fleshy'====== Args={'value': 49, 'prev_value': 48, 'change': 1}
2024-05-06 10:49:18,507 : INFO : EventManager : Event: ======'r_s_fleshy_hit'====== Args={'profile': 'fleshy_profile', 'state': 'light1lit', 'advancing': True}
2024-05-06 10:49:18,507 : INFO : EventManager : Event: ======'r_s_fleshy_fleshy_profile_hit'====== Args={'profile': 'fleshy_profile', 'state': 'light1lit', 'advancing': True}
2024-05-06 10:49:18,507 : INFO : EventManager : Event: ======'r_s_fleshy_fleshy_profile_light1lit_hit'====== Args={'profile': 'fleshy_profile', 'state': 'light1lit', 'advancing': True}
2024-05-06 10:49:18,508 : INFO : EventManager : Event: ======'r_s_fleshy_light1lit_hit'====== Args={'profile': 'fleshy_profile', 'state': 'light1lit', 'advancing': True}
2024-05-06 10:49:18,508 : INFO : EventManager : Event: ======'rotate_group_hit'====== Args={}
2024-05-06 10:49:18,508 : INFO : EventManager : Event: ======'rotate_group_hit_hit'====== Args={}
2024-05-06 10:49:18,508 : INFO : EventManager : Event: ======'fleshy_shots_hit'====== Args={}
2024-05-06 10:49:18,509 : INFO : EventManager : Event: ======'fleshy_shots_light1lit_hit'====== Args={}
2024-05-06 10:49:18,509 : INFO : EventManager : Event: ======'playfield_active'====== Args={}
2024-05-06 10:49:18,666 : INFO : SwitchController : <<<<<<< 's_stationary_s' inactive >>>>>>>
2024-05-06 10:49:18,713 : INFO : EventManager : Event: ======'ball_save_ball_save_ball_save_disabled'====== Args={}
2024-05-06 10:49:18,918 : INFO : SwitchController : <<<<<<< 's_stationary_s' active >>>>>>>
2024-05-06 10:49:18,918 : INFO : EventManager : Event: ======'playfield_active'====== Args={}
2024-05-06 10:49:18,919 : INFO : EventManager : Event: ======'playfield_active'====== Args={}
2024-05-06 10:49:18,919 : INFO : EventManager : Event: ======'s_stationary_s_active'====== Args={}
2024-05-06 10:49:18,919 : INFO : EventManager : Event: ======'sw_playfield_active'====== Args={}
2024-05-06 10:49:18,919 : INFO : EventManager : Event: ======'machine_var_audits_switches_s_stationary_s'====== Args={'value': 50, 'prev_value': 49, 'change': 1}
2024-05-06 10:49:18,920 : INFO : EventManager : Event: ======'machine_var_audits_shots_r_s_rotate'====== Args={'value': 27, 'prev_value': 26, 'change': 1}
2024-05-06 10:49:18,920 : INFO : EventManager : Event: ======'r_s_rotate_hit'====== Args={'profile': 'rotate_profile', 'state': 'hit', 'advancing': False}
2024-05-06 10:49:18,920 : INFO : EventManager : Event: ======'r_s_rotate_rotate_profile_hit'====== Args={'profile': 'rotate_profile', 'state': 'hit', 'advancing': False}
2024-05-06 10:49:18,920 : INFO : EventManager : Event: ======'r_s_rotate_rotate_profile_hit_hit'====== Args={'profile': 'rotate_profile', 'state': 'hit', 'advancing': False}
2024-05-06 10:49:18,921 : INFO : EventManager : Event: ======'r_s_rotate_hit_hit'====== Args={'profile': 'rotate_profile', 'state': 'hit', 'advancing': False}
2024-05-06 10:49:18,921 : INFO : EventManager : Event: ======'player_shot_r_s_fleshy'====== Args={'value': 3, 'prev_value': 2, 'change': 1, 'player_num': 1}
2024-05-06 10:49:18,921 : INFO : EventManager : Event: ======'machine_var_audits_shots_r_s_fleshy'====== Args={'value': 50, 'prev_value': 49, 'change': 1}
2024-05-06 10:49:18,922 : INFO : EventManager : Event: ======'r_s_fleshy_hit'====== Args={'profile': 'fleshy_profile', 'state': 'light2lit', 'advancing': True}
2024-05-06 10:49:18,922 : INFO : EventManager : Event: ======'r_s_fleshy_fleshy_profile_hit'====== Args={'profile': 'fleshy_profile', 'state': 'light2lit', 'advancing': True}
2024-05-06 10:49:18,922 : INFO : EventManager : Event: ======'r_s_fleshy_fleshy_profile_light2lit_hit'====== Args={'profile': 'fleshy_profile', 'state': 'light2lit', 'advancing': True}
2024-05-06 10:49:18,922 : INFO : EventManager : Event: ======'r_s_fleshy_light2lit_hit'====== Args={'profile': 'fleshy_profile', 'state': 'light2lit', 'advancing': True}
2024-05-06 10:49:18,923 : INFO : EventManager : Event: ======'rotate_group_hit'====== Args={}
2024-05-06 10:49:18,923 : INFO : EventManager : Event: ======'rotate_group_hit_hit'====== Args={}
2024-05-06 10:49:18,923 : INFO : EventManager : Event: ======'fleshy_shots_complete'====== Args={'state': 'light3lit'}
2024-05-06 10:49:18,923 : INFO : EventManager : Event: ======'fleshy_shots_light3lit_complete'====== Args={}
2024-05-06 10:49:18,923 : INFO : EventManager : Event: ======'mult_fleshy_start'====== Args={'priority': 0}
2024-05-06 10:49:18,923 : INFO : EventManager : Event: ======'fleshy_qualify_stop'====== Args={'priority': 0}
2024-05-06 10:49:18,923 : INFO : EventManager : Event: ======'mode_mult_fleshy_will_start'====== Args={'priority': 0}
2024-05-06 10:49:18,925 : INFO : EventManager : Event: ======'mode_mult_fleshy_starting'====== Args={'priority': 0}
2024-05-06 10:49:18,925 : INFO : EventManager : Event: ======'mode_mult_fleshy_qualify_will_stop'====== Args={}
2024-05-06 10:49:18,925 : INFO : EventManager : Event: ======'mode_mult_fleshy_qualify_stopping'====== Args={}
2024-05-06 10:49:18,926 : INFO : EventManager : Event: ======'fleshy_shots_hit'====== Args={}
2024-05-06 10:49:18,926 : INFO : EventManager : Event: ======'fleshy_shots_light2lit_hit'====== Args={}
2024-05-06 10:49:18,926 : INFO : EventManager : Event: ======'playfield_active'====== Args={}
2024-05-06 10:49:18,926 : INFO : Mode.mult_fleshy_qualify : Stopped.
2024-05-06 10:49:18,926 : INFO : EventManager : Event: ======'modes_active_modes_changed'====== Args={}
2024-05-06 10:49:18,926 : INFO : EventManager : Event: ======'mode_mult_fleshy_qualify_stopped'====== Args={}
2024-05-06 10:49:18,926 : INFO : EventManager : Event: ======'clear'====== Args={'key': 'mult_fleshy_qualify'}
2024-05-06 10:49:18,927 : INFO : Mode.mult_fleshy : Started. Priority: 200
2024-05-06 10:49:18,927 : INFO : EventManager : Event: ======'modes_active_modes_changed'====== Args={}
2024-05-06 10:49:18,928 : INFO : EventManager : Event: ======'mode_mult_fleshy_started'====== Args={'priority': 0}
2024-05-06 10:49:18,928 : INFO : EventManager : Event: ======'ball_save_ball_save_enabled'====== Args={}
2024-05-06 10:49:19,066 : INFO : SwitchController : <<<<<<< 's_stationary_s' inactive >>>>>>>
2024-05-06 10:49:19,727 : INFO : EventManager : Event: ======'balldevice_bd_trough_ball_eject_failed'====== Args={'target': <playfield.playfield>, 'balls': 1, 'retry': True, 'num_attempts': 3}
2024-05-06 10:49:19,729 : INFO : ball_device.bd_trough : State: waiting_for_target_ready
2024-05-06 10:49:19,729 : INFO : EventManager : Event: ======'balldevice_bd_trough_ball_eject_attempt'====== Args={'balls': 1, 'target': <playfield.playfield>, 'source': <ball_device.bd_trough>, 'mechanical_eject': False, 'num_attempts': 3}
2024-05-06 10:49:19,730 : INFO : ball_device.bd_trough : State: ejecting
2024-05-06 10:49:19,731 : INFO : ball_device.bd_trough : Ejecting ball to <playfield.playfield>
2024-05-06 10:49:19,731 : INFO : EventManager : Event: ======'balldevice_bd_trough_ejecting_ball'====== Args={'balls': 1, 'target': <playfield.playfield>, 'source': <ball_device.bd_trough>, 'mechanical_eject': False, 'num_attempts': 3}
2024-05-06 10:49:19,732 : INFO : EventManager : Event: ======'ball_save_ball_save_timer_start'====== Args={}
2024-05-06 10:49:19,734 : INFO : ball_device.bd_trough : Wait for ball to leave device
2024-05-06 10:49:19,734 : INFO : coil.c_trough : Pulsing Driver for 10ms (1.0 pulse_power)
2024-05-06 10:49:21,735 : INFO : EventManager : Event: ======'balldevice_bd_trough_ball_eject_failed'====== Args={'target': <playfield.playfield>, 'balls': 1, 'retry': True, 'num_attempts': 4}
2024-05-06 10:49:21,738 : INFO : ball_device.bd_trough : State: waiting_for_target_ready
2024-05-06 10:49:21,738 : INFO : EventManager : Event: ======'balldevice_bd_trough_ball_eject_attempt'====== Args={'balls': 1, 'target': <playfield.playfield>, 'source': <ball_device.bd_trough>, 'mechanical_eject': False, 'num_attempts': 4}
2024-05-06 10:49:21,739 : INFO : ball_device.bd_trough : State: ejecting
2024-05-06 10:49:21,739 : INFO : ball_device.bd_trough : Ejecting ball to <playfield.playfield>
2024-05-06 10:49:21,740 : INFO : EventManager : Event: ======'balldevice_bd_trough_ejecting_ball'====== Args={'balls': 1, 'target': <playfield.playfield>, 'source': <ball_device.bd_trough>, 'mechanical_eject': False, 'num_attempts': 4}
2024-05-06 10:49:21,741 : INFO : ball_device.bd_trough : Wait for ball to leave device
2024-05-06 10:49:21,741 : INFO : coil.c_trough : Pulsing Driver for 10ms (1.0 pulse_power)
2024-05-06 10:49:23,742 : INFO : EventManager : Event: ======'balldevice_bd_trough_ball_eject_failed'====== Args={'target': <playfield.playfield>, 'balls': 1, 'retry': True, 'num_attempts': 5}
2024-05-06 10:49:23,744 : INFO : ball_device.bd_trough : State: waiting_for_target_ready
2024-05-06 10:49:23,744 : INFO : EventManager : Event: ======'balldevice_bd_trough_ball_eject_attempt'====== Args={'balls': 1, 'target': <playfield.playfield>, 'source': <ball_device.bd_trough>, 'mechanical_eject': False, 'num_attempts': 5}
2024-05-06 10:49:23,745 : INFO : ball_device.bd_trough : State: ejecting
2024-05-06 10:49:23,745 : INFO : ball_device.bd_trough : Ejecting ball to <playfield.playfield>
2024-05-06 10:49:23,746 : INFO : EventManager : Event: ======'balldevice_bd_trough_ejecting_ball'====== Args={'balls': 1, 'target': <playfield.playfield>, 'source': <ball_device.bd_trough>, 'mechanical_eject': False, 'num_attempts': 5}
2024-05-06 10:49:23,747 : INFO : ball_device.bd_trough : Wait for ball to leave device
2024-05-06 10:49:23,748 : INFO : coil.c_trough : Pulsing Driver for 10ms (1.0 pulse_power)
2024-05-06 10:49:25,749 : INFO : EventManager : Event: ======'balldevice_bd_trough_ball_eject_failed'====== Args={'target': <playfield.playfield>, 'balls': 1, 'retry': True, 'num_attempts': 6}
2024-05-06 10:49:25,752 : INFO : ball_device.bd_trough : State: waiting_for_target_ready
2024-05-06 10:49:25,753 : INFO : EventManager : Event: ======'balldevice_bd_trough_ball_eject_attempt'====== Args={'balls': 1, 'target': <playfield.playfield>, 'source': <ball_device.bd_trough>, 'mechanical_eject': False, 'num_attempts': 6}
2024-05-06 10:49:25,753 : INFO : ball_device.bd_trough : State: ejecting
2024-05-06 10:49:25,754 : INFO : ball_device.bd_trough : Ejecting ball to <playfield.playfield>
2024-05-06 10:49:25,754 : INFO : EventManager : Event: ======'balldevice_bd_trough_ejecting_ball'====== Args={'balls': 1, 'target': <playfield.playfield>, 'source': <ball_device.bd_trough>, 'mechanical_eject': False, 'num_attempts': 6}
2024-05-06 10:49:25,755 : INFO : ball_device.bd_trough : Wait for ball to leave device
2024-05-06 10:49:25,755 : INFO : coil.c_trough : Pulsing Driver for 10ms (1.0 pulse_power)
2024-05-06 10:49:26,734 : INFO : EventManager : Event: ======'ball_save_ball_save_hurry_up'====== Args={}
2024-05-06 10:49:27,756 : INFO : EventManager : Event: ======'balldevice_bd_trough_ball_eject_failed'====== Args={'target': <playfield.playfield>, 'balls': 1, 'retry': True, 'num_attempts': 7}
2024-05-06 10:49:27,758 : INFO : ball_device.bd_trough : State: waiting_for_target_ready
2024-05-06 10:49:27,758 : INFO : EventManager : Event: ======'balldevice_bd_trough_ball_eject_attempt'====== Args={'balls': 1, 'target': <playfield.playfield>, 'source': <ball_device.bd_trough>, 'mechanical_eject': False, 'num_attempts': 7}
2024-05-06 10:49:27,759 : INFO : ball_device.bd_trough : State: ejecting
2024-05-06 10:49:27,759 : INFO : ball_device.bd_trough : Ejecting ball to <playfield.playfield>
2024-05-06 10:49:27,759 : INFO : EventManager : Event: ======'balldevice_bd_trough_ejecting_ball'====== Args={'balls': 1, 'target': <playfield.playfield>, 'source': <ball_device.bd_trough>, 'mechanical_eject': False, 'num_attempts': 7}
2024-05-06 10:49:27,760 : INFO : ball_device.bd_trough : Wait for ball to leave device
2024-05-06 10:49:27,760 : INFO : coil.c_trough : Pulsing Driver for 10ms (1.0 pulse_power)
2024-05-06 10:49:29,735 : INFO : EventManager : Event: ======'ball_save_ball_save_disabled'====== Args={}
2024-05-06 10:49:29,761 : INFO : EventManager : Event: ======'balldevice_bd_trough_ball_eject_failed'====== Args={'target': <playfield.playfield>, 'balls': 1, 'retry': True, 'num_attempts': 8}
2024-05-06 10:49:29,763 : INFO : ball_device.bd_trough : State: waiting_for_target_ready
2024-05-06 10:49:29,764 : INFO : EventManager : Event: ======'balldevice_bd_trough_ball_eject_attempt'====== Args={'balls': 1, 'target': <playfield.playfield>, 'source': <ball_device.bd_trough>, 'mechanical_eject': False, 'num_attempts': 8}
2024-05-06 10:49:29,764 : INFO : ball_device.bd_trough : State: ejecting
2024-05-06 10:49:29,764 : INFO : ball_device.bd_trough : Ejecting ball to <playfield.playfield>
2024-05-06 10:49:29,764 : INFO : EventManager : Event: ======'balldevice_bd_trough_ejecting_ball'====== Args={'balls': 1, 'target': <playfield.playfield>, 'source': <ball_device.bd_trough>, 'mechanical_eject': False, 'num_attempts': 8}
2024-05-06 10:49:29,765 : INFO : ball_device.bd_trough : Wait for ball to leave device
2024-05-06 10:49:29,765 : INFO : coil.c_trough : Pulsing Driver for 10ms (1.0 pulse_power)
2024-05-06 10:49:31,766 : INFO : EventManager : Event: ======'balldevice_bd_trough_ball_eject_failed'====== Args={'target': <playfield.playfield>, 'balls': 1, 'retry': True, 'num_attempts': 9}
2024-05-06 10:49:31,770 : INFO : ball_device.bd_trough : State: waiting_for_target_ready
2024-05-06 10:49:31,770 : INFO : EventManager : Event: ======'balldevice_bd_trough_ball_eject_attempt'====== Args={'balls': 1, 'target': <playfield.playfield>, 'source': <ball_device.bd_trough>, 'mechanical_eject': False, 'num_attempts': 9}
2024-05-06 10:49:31,771 : INFO : ball_device.bd_trough : State: ejecting
2024-05-06 10:49:31,772 : INFO : ball_device.bd_trough : Ejecting ball to <playfield.playfield>
2024-05-06 10:49:31,772 : INFO : EventManager : Event: ======'balldevice_bd_trough_ejecting_ball'====== Args={'balls': 1, 'target': <playfield.playfield>, 'source': <ball_device.bd_trough>, 'mechanical_eject': False, 'num_attempts': 9}
2024-05-06 10:49:31,774 : INFO : ball_device.bd_trough : Wait for ball to leave device
2024-05-06 10:49:31,774 : INFO : coil.c_trough : Pulsing Driver for 10ms (1.0 pulse_power)
2024-05-06 10:49:33,775 : INFO : EventManager : Event: ======'balldevice_bd_trough_ball_eject_failed'====== Args={'target': <playfield.playfield>, 'balls': 1, 'retry': True, 'num_attempts': 10}
2024-05-06 10:49:33,778 : INFO : ball_device.bd_trough : State: waiting_for_target_ready
2024-05-06 10:49:33,779 : INFO : EventManager : Event: ======'balldevice_bd_trough_ball_eject_attempt'====== Args={'balls': 1, 'target': <playfield.playfield>, 'source': <ball_device.bd_trough>, 'mechanical_eject': False, 'num_attempts': 10}
2024-05-06 10:49:33,779 : INFO : ball_device.bd_trough : State: ejecting
2024-05-06 10:49:33,780 : INFO : ball_device.bd_trough : Ejecting ball to <playfield.playfield>
2024-05-06 10:49:33,780 : INFO : EventManager : Event: ======'balldevice_bd_trough_ejecting_ball'====== Args={'balls': 1, 'target': <playfield.playfield>, 'source': <ball_device.bd_trough>, 'mechanical_eject': False, 'num_attempts': 10}
2024-05-06 10:49:33,782 : INFO : ball_device.bd_trough : Wait for ball to leave device
2024-05-06 10:49:33,783 : INFO : coil.c_trough : Pulsing Driver for 10ms (1.0 pulse_power)
2024-05-06 10:49:35,784 : INFO : EventManager : Event: ======'balldevice_bd_trough_ball_eject_failed'====== Args={'target': <playfield.playfield>, 'balls': 1, 'retry': True, 'num_attempts': 11}
2024-05-06 10:49:35,787 : INFO : ball_device.bd_trough : State: waiting_for_target_ready
2024-05-06 10:49:35,788 : INFO : EventManager : Event: ======'balldevice_bd_trough_ball_eject_attempt'====== Args={'balls': 1, 'target': <playfield.playfield>, 'source': <ball_device.bd_trough>, 'mechanical_eject': False, 'num_attempts': 11}
2024-05-06 10:49:35,789 : INFO : ball_device.bd_trough : State: ejecting
2024-05-06 10:49:35,789 : INFO : ball_device.bd_trough : Ejecting ball to <playfield.playfield>
2024-05-06 10:49:35,790 : INFO : EventManager : Event: ======'balldevice_bd_trough_ejecting_ball'====== Args={'balls': 1, 'target': <playfield.playfield>, 'source': <ball_device.bd_trough>, 'mechanical_eject': False, 'num_attempts': 11}
2024-05-06 10:49:35,791 : INFO : ball_device.bd_trough : Wait for ball to leave device
2024-05-06 10:49:35,791 : INFO : coil.c_trough : Pulsing Driver for 10ms (1.0 pulse_power)
2024-05-06 10:49:37,792 : INFO : EventManager : Event: ======'balldevice_bd_trough_ball_eject_failed'====== Args={'target': <playfield.playfield>, 'balls': 1, 'retry': True, 'num_attempts': 12}
2024-05-06 10:49:37,795 : INFO : ball_device.bd_trough : State: waiting_for_target_ready
2024-05-06 10:49:37,795 : INFO : EventManager : Event: ======'balldevice_bd_trough_ball_eject_attempt'====== Args={'balls': 1, 'target': <playfield.playfield>, 'source': <ball_device.bd_trough>, 'mechanical_eject': False, 'num_attempts': 12}
2024-05-06 10:49:37,795 : INFO : ball_device.bd_trough : State: ejecting
2024-05-06 10:49:37,796 : INFO : ball_device.bd_trough : Ejecting ball to <playfield.playfield>
2024-05-06 10:49:37,796 : INFO : EventManager : Event: ======'balldevice_bd_trough_ejecting_ball'====== Args={'balls': 1, 'target': <playfield.playfield>, 'source': <ball_device.bd_trough>, 'mechanical_eject': False, 'num_attempts': 12}
2024-05-06 10:49:37,797 : INFO : ball_device.bd_trough : Wait for ball to leave device
2024-05-06 10:49:37,797 : INFO : coil.c_trough : Pulsing Driver for 10ms (1.0 pulse_power)
2024-05-06 10:49:39,798 : INFO : EventManager : Event: ======'balldevice_bd_trough_ball_eject_failed'====== Args={'target': <playfield.playfield>, 'balls': 1, 'retry': True, 'num_attempts': 13}
2024-05-06 10:49:39,800 : INFO : ball_device.bd_trough : State: waiting_for_target_ready
2024-05-06 10:49:39,800 : INFO : EventManager : Event: ======'balldevice_bd_trough_ball_eject_attempt'====== Args={'balls': 1, 'target': <playfield.playfield>, 'source': <ball_device.bd_trough>, 'mechanical_eject': False, 'num_attempts': 13}
2024-05-06 10:49:39,801 : INFO : ball_device.bd_trough : State: ejecting
2024-05-06 10:49:39,801 : INFO : ball_device.bd_trough : Ejecting ball to <playfield.playfield>
2024-05-06 10:49:39,801 : INFO : EventManager : Event: ======'balldevice_bd_trough_ejecting_ball'====== Args={'balls': 1, 'target': <playfield.playfield>, 'source': <ball_device.bd_trough>, 'mechanical_eject': False, 'num_attempts': 13}
2024-05-06 10:49:39,802 : INFO : ball_device.bd_trough : Wait for ball to leave device
2024-05-06 10:49:39,802 : INFO : coil.c_trough : Pulsing Driver for 10ms (1.0 pulse_power)
2024-05-06 10:49:41,803 : INFO : EventManager : Event: ======'balldevice_bd_trough_ball_eject_failed'====== Args={'target': <playfield.playfield>, 'balls': 1, 'retry': True, 'num_attempts': 14}
2024-05-06 10:49:41,805 : INFO : ball_device.bd_trough : State: waiting_for_target_ready
2024-05-06 10:49:41,806 : INFO : EventManager : Event: ======'balldevice_bd_trough_ball_eject_attempt'====== Args={'balls': 1, 'target': <playfield.playfield>, 'source': <ball_device.bd_trough>, 'mechanical_eject': False, 'num_attempts': 14}
2024-05-06 10:49:41,806 : INFO : ball_device.bd_trough : State: ejecting
2024-05-06 10:49:41,806 : INFO : ball_device.bd_trough : Ejecting ball to <playfield.playfield>
2024-05-06 10:49:41,806 : INFO : EventManager : Event: ======'balldevice_bd_trough_ejecting_ball'====== Args={'balls': 1, 'target': <playfield.playfield>, 'source': <ball_device.bd_trough>, 'mechanical_eject': False, 'num_attempts': 14}
2024-05-06 10:49:41,808 : INFO : ball_device.bd_trough : Wait for ball to leave device
2024-05-06 10:49:41,808 : INFO : coil.c_trough : Pulsing Driver for 10ms (1.0 pulse_power)
2024-05-06 10:49:43,809 : INFO : EventManager : Event: ======'balldevice_bd_trough_ball_eject_failed'====== Args={'target': <playfield.playfield>, 'balls': 1, 'retry': True, 'num_attempts': 15}
2024-05-06 10:49:43,811 : INFO : ball_device.bd_trough : State: waiting_for_target_ready
2024-05-06 10:49:43,811 : INFO : EventManager : Event: ======'balldevice_bd_trough_ball_eject_attempt'====== Args={'balls': 1, 'target': <playfield.playfield>, 'source': <ball_device.bd_trough>, 'mechanical_eject': False, 'num_attempts': 15}
2024-05-06 10:49:43,812 : INFO : ball_device.bd_trough : State: ejecting
2024-05-06 10:49:43,812 : INFO : ball_device.bd_trough : Ejecting ball to <playfield.playfield>
2024-05-06 10:49:43,812 : INFO : EventManager : Event: ======'balldevice_bd_trough_ejecting_ball'====== Args={'balls': 1, 'target': <playfield.playfield>, 'source': <ball_device.bd_trough>, 'mechanical_eject': False, 'num_attempts': 15}
2024-05-06 10:49:43,813 : INFO : ball_device.bd_trough : Wait for ball to leave device
2024-05-06 10:49:43,813 : INFO : coil.c_trough : Pulsing Driver for 10ms (1.0 pulse_power)
2024-05-06 10:49:45,815 : INFO : EventManager : Event: ======'balldevice_bd_trough_ball_eject_failed'====== Args={'target': <playfield.playfield>, 'balls': 1, 'retry': True, 'num_attempts': 16}
2024-05-06 10:49:45,818 : INFO : ball_device.bd_trough : State: waiting_for_target_ready
2024-05-06 10:49:45,818 : INFO : EventManager : Event: ======'balldevice_bd_trough_ball_eject_attempt'====== Args={'balls': 1, 'target': <playfield.playfield>, 'source': <ball_device.bd_trough>, 'mechanical_eject': False, 'num_attempts': 16}
2024-05-06 10:49:45,819 : INFO : ball_device.bd_trough : State: ejecting
2024-05-06 10:49:45,819 : INFO : ball_device.bd_trough : Ejecting ball to <playfield.playfield>
2024-05-06 10:49:45,819 : INFO : EventManager : Event: ======'balldevice_bd_trough_ejecting_ball'====== Args={'balls': 1, 'target': <playfield.playfield>, 'source': <ball_device.bd_trough>, 'mechanical_eject': False, 'num_attempts': 16}
2024-05-06 10:49:45,820 : INFO : ball_device.bd_trough : Wait for ball to leave device
2024-05-06 10:49:45,820 : INFO : coil.c_trough : Pulsing Driver for 10ms (1.0 pulse_power)
2024-05-06 10:49:47,821 : INFO : EventManager : Event: ======'balldevice_bd_trough_ball_eject_failed'====== Args={'target': <playfield.playfield>, 'balls': 1, 'retry': True, 'num_attempts': 17}
2024-05-06 10:49:47,822 : INFO : ball_device.bd_trough : State: waiting_for_target_ready
2024-05-06 10:49:47,822 : INFO : EventManager : Event: ======'balldevice_bd_trough_ball_eject_attempt'====== Args={'balls': 1, 'target': <playfield.playfield>, 'source': <ball_device.bd_trough>, 'mechanical_eject': False, 'num_attempts': 17}
2024-05-06 10:49:47,822 : INFO : ball_device.bd_trough : State: ejecting
2024-05-06 10:49:47,823 : INFO : ball_device.bd_trough : Ejecting ball to <playfield.playfield>
2024-05-06 10:49:47,823 : INFO : EventManager : Event: ======'balldevice_bd_trough_ejecting_ball'====== Args={'balls': 1, 'target': <playfield.playfield>, 'source': <ball_device.bd_trough>, 'mechanical_eject': False, 'num_attempts': 17}
2024-05-06 10:49:47,823 : INFO : ball_device.bd_trough : Wait for ball to leave device
2024-05-06 10:49:47,823 : INFO : coil.c_trough : Pulsing Driver for 10ms (1.0 pulse_power)
2024-05-06 10:49:48,708 : INFO : Machine : Shutting down...
2024-05-06 10:49:48,709 : INFO : EventManager : Event: ======'shutdown'====== Args={}
2024-05-06 10:49:48,711 : INFO : EventManager : Event: ======'mode_game_will_stop'====== Args={}
2024-05-06 10:49:48,712 : INFO : EventManager : Event: ======'mode_game_stopping'====== Args={}
2024-05-06 10:49:48,712 : INFO : EventManager : Event: ======'mode_start_ball_save_will_stop'====== Args={}
2024-05-06 10:49:48,712 : INFO : EventManager : Event: ======'mode_start_ball_save_stopping'====== Args={}
2024-05-06 10:49:48,712 : INFO : EventManager : Event: ======'mode_mult_fleshy_will_stop'====== Args={}
2024-05-06 10:49:48,712 : INFO : EventManager : Event: ======'mode_mult_fleshy_stopping'====== Args={}
2024-05-06 10:49:48,712 : INFO : EventManager : Event: ======'mode_lane_rotate_will_stop'====== Args={}
2024-05-06 10:49:48,713 : INFO : EventManager : Event: ======'mode_lane_rotate_stopping'====== Args={}
2024-05-06 10:49:48,713 : INFO : EventManager : Event: ======'mode_base_will_stop'====== Args={}
2024-05-06 10:49:48,713 : INFO : EventManager : Event: ======'mode_base_stopping'====== Args={}
2024-05-06 10:49:48,713 : INFO : Mode.base : Stopped.
2024-05-06 10:49:48,713 : INFO : EventManager : Event: ======'modes_active_modes_changed'====== Args={}
2024-05-06 10:49:48,714 : INFO : EventManager : Event: ======'mode_base_stopped'====== Args={}
2024-05-06 10:49:48,714 : INFO : EventManager : Event: ======'clear'====== Args={'key': 'base'}
2024-05-06 10:49:48,715 : INFO : Mode.lane_rotate : Stopped.
2024-05-06 10:49:48,715 : INFO : EventManager : Event: ======'modes_active_modes_changed'====== Args={}
2024-05-06 10:49:48,716 : INFO : EventManager : Event: ======'mode_lane_rotate_stopped'====== Args={}
2024-05-06 10:49:48,716 : INFO : EventManager : Event: ======'clear'====== Args={'key': 'lane_rotate'}
2024-05-06 10:49:48,717 : INFO : Mode.mult_fleshy : Stopped.
2024-05-06 10:49:48,717 : INFO : EventManager : Event: ======'modes_active_modes_changed'====== Args={}
2024-05-06 10:49:48,717 : INFO : EventManager : Event: ======'mode_mult_fleshy_stopped'====== Args={}
2024-05-06 10:49:48,718 : INFO : EventManager : Event: ======'clear'====== Args={'key': 'mult_fleshy'}
2024-05-06 10:49:48,718 : INFO : Mode.start_ball_save : Stopped.
2024-05-06 10:49:48,718 : INFO : EventManager : Event: ======'modes_active_modes_changed'====== Args={}
2024-05-06 10:49:48,718 : INFO : EventManager : Event: ======'mode_start_ball_save_stopped'====== Args={}
2024-05-06 10:49:48,718 : INFO : EventManager : Event: ======'clear'====== Args={'key': 'start_ball_save'}
2024-05-06 10:49:48,719 : INFO : Mode.game : Stopped.
2024-05-06 10:49:48,719 : INFO : EventManager : Event: ======'modes_active_modes_changed'====== Args={}
2024-05-06 10:49:48,719 : INFO : EventManager : Event: ======'mode_game_stopped'====== Args={}
2024-05-06 10:49:48,719 : INFO : EventManager : Event: ======'clear'====== Args={'key': 'game'}
2024-05-06 10:49:48,722 : INFO : root : MPF run loop ended.
