2024-05-07 04:58:57,658 : INFO : root : Loading config.
2024-05-07 04:58:57,659 : INFO : YamlMultifileConfigLoader : Machine config file #1: config.yaml
2024-05-07 04:58:57,660 : INFO : ConfigProcessor : Loading config from cache: /var/folders/l2/q8hj_6s91xnb2jxg1sqm0h7r0000gn/T/479bffd5d2f40b527f859677e5b1aef9.mpf_cache
2024-05-07 04:58:57,686 : INFO : ConfigProcessor : Loading config from cache: /var/folders/l2/q8hj_6s91xnb2jxg1sqm0h7r0000gn/T/0481b880979d7ccc71369ad5f781c736.mpf_cache
2024-05-07 04:58:57,686 : INFO : ConfigProcessor : Loading config from cache: /var/folders/l2/q8hj_6s91xnb2jxg1sqm0h7r0000gn/T/9cfa8e96748dd80c23752180dbf36e5c.mpf_cache
2024-05-07 04:58:57,686 : INFO : ConfigProcessor : Loading config from cache: /var/folders/l2/q8hj_6s91xnb2jxg1sqm0h7r0000gn/T/0481b880979d7ccc71369ad5f781c736.mpf_cache
2024-05-07 04:58:57,686 : INFO : ConfigProcessor : Loading config from cache: /var/folders/l2/q8hj_6s91xnb2jxg1sqm0h7r0000gn/T/1875c266911f801b691956fe9e9284d6.mpf_cache
2024-05-07 04:58:57,686 : INFO : ConfigProcessor : Loading config from cache: /var/folders/l2/q8hj_6s91xnb2jxg1sqm0h7r0000gn/T/f97c90855879603280fcc571f5c42639.mpf_cache
2024-05-07 04:58:57,687 : INFO : ConfigProcessor : Loading config from cache: /var/folders/l2/q8hj_6s91xnb2jxg1sqm0h7r0000gn/T/5336ce152edc820b26f3a51a9f95779b.mpf_cache
2024-05-07 04:58:57,687 : INFO : ConfigProcessor : Loading config from cache: /var/folders/l2/q8hj_6s91xnb2jxg1sqm0h7r0000gn/T/584196ece55f676a535bfbda3a88171a.mpf_cache
2024-05-07 04:58:57,687 : INFO : ConfigProcessor : Loading config from cache: /var/folders/l2/q8hj_6s91xnb2jxg1sqm0h7r0000gn/T/4b1e343fa9806c398ec7ee103dcfa7e2.mpf_cache
2024-05-07 04:58:57,688 : WARNING : ConfigProcessor : Config file in cache changed: /Users/tannerpetch/Documents/GitHub/lofab/modes/launch_shows/config/launch_shows.yaml
2024-05-07 04:58:57,688 : INFO : ConfigProcessor : Loading config from file /Users/tannerpetch/Documents/GitHub/lofab/modes/launch_shows/config/launch_shows.yaml.
2024-05-07 04:58:57,688 : INFO : ConfigProcessor : Loading config: /Users/tannerpetch/Documents/GitHub/lofab/modes/launch_shows/config/launch_shows.yaml
2024-05-07 04:58:57,689 : INFO : ConfigProcessor : Config file cache created: /var/folders/l2/q8hj_6s91xnb2jxg1sqm0h7r0000gn/T/66764f8b68b26fdba6c1f2bce3638479.mpf_cache
2024-05-07 04:58:57,689 : INFO : ConfigProcessor : Loading config from cache: /var/folders/l2/q8hj_6s91xnb2jxg1sqm0h7r0000gn/T/3dbc438e88423aa3ff742db2713b600f.mpf_cache
2024-05-07 04:58:57,690 : INFO : ConfigProcessor : Loading config from cache: /var/folders/l2/q8hj_6s91xnb2jxg1sqm0h7r0000gn/T/154d071a3850556c6f3eae37bf41c8b6.mpf_cache
2024-05-07 04:58:57,690 : INFO : ConfigProcessor : Loading config from cache: /var/folders/l2/q8hj_6s91xnb2jxg1sqm0h7r0000gn/T/ab100dbe0e16472b56f0213f3842a00f.mpf_cache
2024-05-07 04:58:57,692 : INFO : ConfigProcessor : Loading config from cache: /var/folders/l2/q8hj_6s91xnb2jxg1sqm0h7r0000gn/T/f03ad90ccd2c053e9e5d10795d01f4ba.mpf_cache
2024-05-07 04:58:57,692 : INFO : ConfigProcessor : Loading config from cache: /var/folders/l2/q8hj_6s91xnb2jxg1sqm0h7r0000gn/T/0f3c951d4c93079ae3fac6429c5bc2ee.mpf_cache
2024-05-07 04:58:57,692 : INFO : ConfigProcessor : Loading config from cache: /var/folders/l2/q8hj_6s91xnb2jxg1sqm0h7r0000gn/T/8bf004783a280ac33d17b88f37848116.mpf_cache
2024-05-07 04:58:57,694 : INFO : ConfigProcessor : Loading config from cache: /var/folders/l2/q8hj_6s91xnb2jxg1sqm0h7r0000gn/T/db98bdefe8a072cec23a2527f4303b09.mpf_cache
2024-05-07 04:58:57,694 : INFO : ConfigProcessor : Loading config from cache: /var/folders/l2/q8hj_6s91xnb2jxg1sqm0h7r0000gn/T/d5d50eaa09e055f3a827c6269a3aa165.mpf_cache
2024-05-07 04:58:57,695 : INFO : ConfigProcessor : Loading config from cache: /var/folders/l2/q8hj_6s91xnb2jxg1sqm0h7r0000gn/T/eefb91dd78a2b4d0f2b86f7f7cb501a3.mpf_cache
2024-05-07 04:58:57,695 : INFO : ConfigProcessor : Loading config from cache: /var/folders/l2/q8hj_6s91xnb2jxg1sqm0h7r0000gn/T/d32f8b43f49e3e57afbd189fbbccae80.mpf_cache
2024-05-07 04:58:57,695 : INFO : ConfigProcessor : Loading config from cache: /var/folders/l2/q8hj_6s91xnb2jxg1sqm0h7r0000gn/T/08db62a1c5938674fa894d468364ed3e.mpf_cache
2024-05-07 04:58:57,696 : INFO : ConfigProcessor : Loading config from cache: /var/folders/l2/q8hj_6s91xnb2jxg1sqm0h7r0000gn/T/98754ca8fa1663afefe3af8297a0d59a.mpf_cache
2024-05-07 04:58:57,696 : INFO : ConfigProcessor : Loading config from cache: /var/folders/l2/q8hj_6s91xnb2jxg1sqm0h7r0000gn/T/250153cb7d132f4134a2e9b694314568.mpf_cache
2024-05-07 04:58:57,696 : INFO : ConfigProcessor : Loading config from cache: /var/folders/l2/q8hj_6s91xnb2jxg1sqm0h7r0000gn/T/bbbe87a2f82c66174798be62d4e8058c.mpf_cache
2024-05-07 04:58:57,697 : INFO : Machine : Mission Pinball Framework Core Engine v0.80.0.dev1
2024-05-07 04:58:57,697 : INFO : Machine : Command line arguments: {'no_load_cache': False, 'create_config_cache': True, 'bcp': True, 'configfile': ['config.yaml'], 'force_assets_load': False, 'platform_integration_test': False, 'jsonlogging': False, 'logfile': 'logs/2024-05-07-04-58-57-mpf-Tanners-Laptop.local.log', 'pause': False, 'production': False, 'text_ui': False, 'loglevel': 15, 'consoleloglevel': 20, 'force_platform': 'virtual', 'syslog_address': None, 'mc_file_name': None, 'no_sound': False}
2024-05-07 04:58:57,697 : INFO : Machine : MPF path: /Users/tannerpetch/Documents/git/mpf/mpf
2024-05-07 04:58:57,697 : INFO : Machine : Machine path: /Users/tannerpetch/Documents/GitHub/lofab
2024-05-07 04:58:57,697 : INFO : Machine : Platform: darwin
2024-05-07 04:58:57,697 : INFO : Machine : Python executable location: /Users/tannerpetch/mpfenv/bin/python3
2024-05-07 04:58:57,697 : INFO : Machine : Python version: 3.9.13 (64-bit)
2024-05-07 04:58:57,697 : INFO : Machine : Initializing MPF...
2024-05-07 04:58:57,717 : INFO : EventManager : Event: ======'machine_var_credits_string'====== Args={'value': 'FREE PLAY', 'prev_value': None, 'change': True}
2024-05-07 04:58:57,724 : INFO : EventManager : Event: ======'machine_var_master_volume'====== Args={'value': 0.5, 'prev_value': None, 'change': True}
2024-05-07 04:58:57,724 : INFO : EventManager : Event: ======'machine_var_player1_score'====== Args={'value': 0, 'prev_value': None, 'change': True}
2024-05-07 04:58:57,724 : INFO : EventManager : Event: ======'machine_var_player2_score'====== Args={'value': 0, 'prev_value': None, 'change': True}
2024-05-07 04:58:57,724 : INFO : EventManager : Event: ======'machine_var_mpf_version'====== Args={'value': 'Mission Pinball Framework v0.80.0.dev1', 'prev_value': None, 'change': True}
2024-05-07 04:58:57,724 : INFO : EventManager : Event: ======'machine_var_mpf_extended_version'====== Args={'value': 'Mission Pinball Framework v0.80.0.dev1, Config version:6, Show version: 6, BCP version:1.1', 'prev_value': None, 'change': True}
2024-05-07 04:58:57,724 : INFO : EventManager : Event: ======'machine_var_python_version'====== Args={'value': '3.9.13', 'prev_value': None, 'change': True}
2024-05-07 04:58:57,731 : INFO : EventManager : Event: ======'machine_var_platform'====== Args={'value': 'macOS-14.3-arm64-arm-64bit', 'prev_value': None, 'change': True}
2024-05-07 04:58:57,731 : INFO : EventManager : Event: ======'machine_var_platform_system'====== Args={'value': 'Darwin', 'prev_value': None, 'change': True}
2024-05-07 04:58:57,731 : INFO : EventManager : Event: ======'machine_var_platform_release'====== Args={'value': '23.3.0', 'prev_value': None, 'change': True}
2024-05-07 04:58:57,731 : INFO : EventManager : Event: ======'machine_var_platform_version'====== Args={'value': 'Darwin Kernel Version 23.3.0: Thu Dec 21 02:29:41 PST 2023; root:xnu-10002.81.5~11/RELEASE_ARM64_T8122', 'prev_value': None, 'change': True}
2024-05-07 04:58:57,731 : INFO : EventManager : Event: ======'machine_var_platform_machine'====== Args={'value': 'arm64', 'prev_value': None, 'change': True}
2024-05-07 04:58:57,731 : INFO : EventManager : Event: ======'init_phase_1'====== Args={}
2024-05-07 04:58:57,746 : INFO : EventManager : Event: ======'init_phase_2'====== Args={}
2024-05-07 04:58:57,747 : INFO : EventManager : Event: ======'bcp_connection_attempt'====== Args={'name': 'local_display', 'host': 'localhost', 'port': 5050}
2024-05-07 04:58:57,748 : INFO : BCPClientSocket : Connecting BCP to 'local_display' at localhost:5050...
2024-05-07 04:59:00,736 : INFO : BCPClientSocket : Connected BCP to 'local_display' localhost:5050
2024-05-07 04:59:00,737 : INFO : EventManager : Event: ======'bcp_clients_connected'====== Args={}
2024-05-07 04:59:00,738 : INFO : ball_device.bd_vuk : BCH: Initial count: 0
2024-05-07 04:59:00,738 : INFO : ball_device.bd_vuk : State: idle
2024-05-07 04:59:00,739 : INFO : ball_device.bd_trough : BCH: Initial count: 0
2024-05-07 04:59:00,739 : INFO : ball_device.bd_trough : State: idle
2024-05-07 04:59:00,748 : INFO : EventManager : Event: ======'init_phase_3'====== Args={}
2024-05-07 04:59:00,917 : INFO : EventManager : Event: ======'init_phase_4'====== Args={}
2024-05-07 04:59:00,917 : INFO : BallController : Initial balls found: 0
2024-05-07 04:59:00,918 : INFO : EventManager : Event: ======'machine_var_audits_events_game_ended'====== Args={'value': 2, 'prev_value': None, 'change': True}
2024-05-07 04:59:00,918 : INFO : EventManager : Event: ======'machine_var_audits_events_game_started'====== Args={'value': 43, 'prev_value': None, 'change': True}
2024-05-07 04:59:00,918 : INFO : EventManager : Event: ======'machine_var_audits_missing_switches_s_e'====== Args={'value': 43, 'prev_value': None, 'change': True}
2024-05-07 04:59:00,918 : INFO : EventManager : Event: ======'machine_var_audits_missing_switches_s_flipper_l'====== Args={'value': 26, 'prev_value': None, 'change': True}
2024-05-07 04:59:00,918 : INFO : EventManager : Event: ======'machine_var_audits_missing_switches_s_flipper_r'====== Args={'value': 32, 'prev_value': None, 'change': True}
2024-05-07 04:59:00,918 : INFO : EventManager : Event: ======'machine_var_audits_missing_switches_s_h'====== Args={'value': 43, 'prev_value': None, 'change': True}
2024-05-07 04:59:00,918 : INFO : EventManager : Event: ======'machine_var_audits_missing_switches_s_pop'====== Args={'value': 43, 'prev_value': None, 'change': True}
2024-05-07 04:59:00,918 : INFO : EventManager : Event: ======'machine_var_audits_missing_switches_s_ramp_complete'====== Args={'value': 43, 'prev_value': None, 'change': True}
2024-05-07 04:59:00,918 : INFO : EventManager : Event: ======'machine_var_audits_missing_switches_s_ramp_l'====== Args={'value': 43, 'prev_value': None, 'change': True}
2024-05-07 04:59:00,918 : INFO : EventManager : Event: ======'machine_var_audits_missing_switches_s_ramp_r'====== Args={'value': 43, 'prev_value': None, 'change': True}
2024-05-07 04:59:00,918 : INFO : EventManager : Event: ======'machine_var_audits_missing_switches_s_sling_l'====== Args={'value': 2, 'prev_value': None, 'change': True}
2024-05-07 04:59:00,918 : INFO : EventManager : Event: ======'machine_var_audits_missing_switches_s_sling_r'====== Args={'value': 2, 'prev_value': None, 'change': True}
2024-05-07 04:59:00,918 : INFO : EventManager : Event: ======'machine_var_audits_missing_switches_s_spinner'====== Args={'value': 43, 'prev_value': None, 'change': True}
2024-05-07 04:59:00,918 : INFO : EventManager : Event: ======'machine_var_audits_missing_switches_s_start'====== Args={'value': 4, 'prev_value': None, 'change': True}
2024-05-07 04:59:00,918 : INFO : EventManager : Event: ======'machine_var_audits_missing_switches_s_stationary_back'====== Args={'value': 43, 'prev_value': None, 'change': True}
2024-05-07 04:59:00,918 : INFO : EventManager : Event: ======'machine_var_audits_missing_switches_s_stationary_o'====== Args={'value': 2, 'prev_value': None, 'change': True}
2024-05-07 04:59:00,918 : INFO : EventManager : Event: ======'machine_var_audits_missing_switches_s_stationary_s'====== Args={'value': 8, 'prev_value': None, 'change': True}
2024-05-07 04:59:00,918 : INFO : EventManager : Event: ======'machine_var_audits_missing_switches_s_stationary_u'====== Args={'value': 29, 'prev_value': None, 'change': True}
2024-05-07 04:59:00,918 : INFO : EventManager : Event: ======'machine_var_audits_missing_switches_s_tilt_l'====== Args={'value': 43, 'prev_value': None, 'change': True}
2024-05-07 04:59:00,918 : INFO : EventManager : Event: ======'machine_var_audits_missing_switches_s_tilt_r'====== Args={'value': 43, 'prev_value': None, 'change': True}
2024-05-07 04:59:00,918 : INFO : EventManager : Event: ======'machine_var_audits_missing_switches_s_trough_1'====== Args={'value': 30, 'prev_value': None, 'change': True}
2024-05-07 04:59:00,918 : INFO : EventManager : Event: ======'machine_var_audits_missing_switches_s_trough_2'====== Args={'value': 15, 'prev_value': None, 'change': True}
2024-05-07 04:59:00,918 : INFO : EventManager : Event: ======'machine_var_audits_missing_switches_s_trough_3'====== Args={'value': 43, 'prev_value': None, 'change': True}
2024-05-07 04:59:00,918 : INFO : EventManager : Event: ======'machine_var_audits_missing_switches_s_trough_4'====== Args={'value': 41, 'prev_value': None, 'change': True}
2024-05-07 04:59:00,918 : INFO : EventManager : Event: ======'machine_var_audits_missing_switches_s_vuk'====== Args={'value': 41, 'prev_value': None, 'change': True}
2024-05-07 04:59:00,918 : INFO : EventManager : Event: ======'machine_var_audits_player_score'====== Args={'value': {'average': 0, 'top': [100, 0, 0, 0], 'total': 4}, 'prev_value': None, 'change': True}
2024-05-07 04:59:00,918 : INFO : EventManager : Event: ======'machine_var_audits_shots_r_o'====== Args={'value': 56, 'prev_value': None, 'change': True}
2024-05-07 04:59:00,918 : INFO : EventManager : Event: ======'machine_var_audits_shots_r_o_fleshy'====== Args={'value': 98, 'prev_value': None, 'change': True}
2024-05-07 04:59:00,918 : INFO : EventManager : Event: ======'machine_var_audits_shots_r_o_rotate'====== Args={'value': 46, 'prev_value': None, 'change': True}
2024-05-07 04:59:00,918 : INFO : EventManager : Event: ======'machine_var_audits_shots_r_s'====== Args={'value': 23, 'prev_value': None, 'change': True}
2024-05-07 04:59:00,918 : INFO : EventManager : Event: ======'machine_var_audits_shots_r_s_fleshy'====== Args={'value': 68, 'prev_value': None, 'change': True}
2024-05-07 04:59:00,918 : INFO : EventManager : Event: ======'machine_var_audits_shots_r_s_rotate'====== Args={'value': 45, 'prev_value': None, 'change': True}
2024-05-07 04:59:00,918 : INFO : EventManager : Event: ======'machine_var_audits_shots_r_sling_l'====== Args={'value': 12, 'prev_value': None, 'change': True}
2024-05-07 04:59:00,918 : INFO : EventManager : Event: ======'machine_var_audits_shots_r_sling_r'====== Args={'value': 18, 'prev_value': None, 'change': True}
2024-05-07 04:59:00,918 : INFO : EventManager : Event: ======'machine_var_audits_shots_r_u'====== Args={'value': 4, 'prev_value': None, 'change': True}
2024-05-07 04:59:00,918 : INFO : EventManager : Event: ======'machine_var_audits_switches_s_e'====== Args={'value': 0, 'prev_value': None, 'change': True}
2024-05-07 04:59:00,918 : INFO : EventManager : Event: ======'machine_var_audits_switches_s_flipper_l'====== Args={'value': 17, 'prev_value': None, 'change': True}
2024-05-07 04:59:00,918 : INFO : EventManager : Event: ======'machine_var_audits_switches_s_flipper_r'====== Args={'value': 1, 'prev_value': None, 'change': True}
2024-05-07 04:59:00,918 : INFO : EventManager : Event: ======'machine_var_audits_switches_s_h'====== Args={'value': 0, 'prev_value': None, 'change': True}
2024-05-07 04:59:00,918 : INFO : EventManager : Event: ======'machine_var_audits_switches_s_launch'====== Args={'value': 36, 'prev_value': None, 'change': True}
2024-05-07 04:59:00,918 : INFO : EventManager : Event: ======'machine_var_audits_switches_s_pop'====== Args={'value': 0, 'prev_value': None, 'change': True}
2024-05-07 04:59:00,918 : INFO : EventManager : Event: ======'machine_var_audits_switches_s_ramp_complete'====== Args={'value': 0, 'prev_value': None, 'change': True}
2024-05-07 04:59:00,918 : INFO : EventManager : Event: ======'machine_var_audits_switches_s_ramp_l'====== Args={'value': 0, 'prev_value': None, 'change': True}
2024-05-07 04:59:00,918 : INFO : EventManager : Event: ======'machine_var_audits_switches_s_ramp_r'====== Args={'value': 0, 'prev_value': None, 'change': True}
2024-05-07 04:59:00,918 : INFO : EventManager : Event: ======'machine_var_audits_switches_s_sling_l'====== Args={'value': 12, 'prev_value': None, 'change': True}
2024-05-07 04:59:00,918 : INFO : EventManager : Event: ======'machine_var_audits_switches_s_sling_r'====== Args={'value': 18, 'prev_value': None, 'change': True}
2024-05-07 04:59:00,918 : INFO : EventManager : Event: ======'machine_var_audits_switches_s_spinner'====== Args={'value': 0, 'prev_value': None, 'change': True}
2024-05-07 04:59:00,918 : INFO : EventManager : Event: ======'machine_var_audits_switches_s_start'====== Args={'value': 6, 'prev_value': None, 'change': True}
2024-05-07 04:59:00,918 : INFO : EventManager : Event: ======'machine_var_audits_switches_s_stationary_back'====== Args={'value': 0, 'prev_value': None, 'change': True}
2024-05-07 04:59:00,918 : INFO : EventManager : Event: ======'machine_var_audits_switches_s_stationary_o'====== Args={'value': 102, 'prev_value': None, 'change': True}
2024-05-07 04:59:00,918 : INFO : EventManager : Event: ======'machine_var_audits_switches_s_stationary_s'====== Args={'value': 68, 'prev_value': None, 'change': True}
2024-05-07 04:59:00,918 : INFO : EventManager : Event: ======'machine_var_audits_switches_s_stationary_u'====== Args={'value': 23, 'prev_value': None, 'change': True}
2024-05-07 04:59:00,918 : INFO : EventManager : Event: ======'machine_var_audits_switches_s_tilt_l'====== Args={'value': 0, 'prev_value': None, 'change': True}
2024-05-07 04:59:00,918 : INFO : EventManager : Event: ======'machine_var_audits_switches_s_tilt_r'====== Args={'value': 0, 'prev_value': None, 'change': True}
2024-05-07 04:59:00,918 : INFO : EventManager : Event: ======'machine_var_audits_switches_s_trough_1'====== Args={'value': 5, 'prev_value': None, 'change': True}
2024-05-07 04:59:00,918 : INFO : EventManager : Event: ======'machine_var_audits_switches_s_trough_2'====== Args={'value': 1, 'prev_value': None, 'change': True}
2024-05-07 04:59:00,918 : INFO : EventManager : Event: ======'machine_var_audits_switches_s_trough_3'====== Args={'value': 0, 'prev_value': None, 'change': True}
2024-05-07 04:59:00,918 : INFO : EventManager : Event: ======'machine_var_audits_switches_s_trough_4'====== Args={'value': 1, 'prev_value': None, 'change': True}
2024-05-07 04:59:00,919 : INFO : EventManager : Event: ======'machine_var_audits_switches_s_vuk'====== Args={'value': 6, 'prev_value': None, 'change': True}
2024-05-07 04:59:00,919 : INFO : EventManager : Event: ======'init_phase_5'====== Args={}
2024-05-07 04:59:00,919 : INFO : EventManager : Event: ======'init_done'====== Args={}
2024-05-07 04:59:00,920 : INFO : EventManager : Event: ======'machine_reset_phase_1'====== Args={}
2024-05-07 04:59:00,929 : INFO : EventManager : Event: ======'machine_reset_phase_2'====== Args={}
2024-05-07 04:59:00,929 : INFO : EventManager : Event: ======'machine_reset_phase_3'====== Args={}
2024-05-07 04:59:00,929 : INFO : EventManager : Event: ======'reset_complete'====== Args={}
2024-05-07 04:59:00,929 : INFO : EventManager : Event: ======'mode_attract_will_start'====== Args={}
2024-05-07 04:59:00,929 : INFO : EventManager : Event: ======'mode_attract_starting'====== Args={}
2024-05-07 04:59:00,929 : INFO : Mode.attract : Started. Priority: 10
2024-05-07 04:59:00,929 : INFO : EventManager : Event: ======'modes_active_modes_changed'====== Args={}
2024-05-07 04:59:00,929 : INFO : EventManager : Event: ======'mode_attract_started'====== Args={}
2024-05-07 04:59:00,930 : INFO : EventManager : Event: ======'collecting_balls_complete'====== Args={}
2024-05-07 04:59:00,930 : INFO : Machine : Starting the main run loop.
2024-05-07 04:59:00,951 : INFO : EventManager : Event: ======'slide_attract_created'====== Args={'_from_bcp': True}
2024-05-07 04:59:00,951 : INFO : EventManager : Event: ======'slide__removed'====== Args={'_from_bcp': True}
2024-05-07 04:59:00,951 : INFO : EventManager : Event: ======'slide_attract_active'====== Args={'original_context': 'attract', 'original_calling_context': 'mode_attract_started', 'cmd': 'slides_play', '_from_bcp': True}
2024-05-07 04:59:01,592 : INFO : BcpServer : New client connected.
2024-05-07 04:59:10,415 : INFO : SwitchController : <<<<<<< 's_trough_1' active >>>>>>>
2024-05-07 04:59:10,564 : INFO : SwitchController : <<<<<<< 's_trough_1' inactive >>>>>>>
2024-05-07 04:59:11,005 : INFO : SwitchController : <<<<<<< 's_trough_1' active >>>>>>>
2024-05-07 04:59:11,508 : INFO : EventManager : Event: ======'balldevice_bd_trough_ball_count_changed'====== Args={'balls': 1}
2024-05-07 04:59:11,509 : INFO : ball_device.bd_trough : Received unexpected ball
2024-05-07 04:59:11,509 : INFO : EventManager : Event: ======'balldevice_captured_from_playfield'====== Args={'balls': 1}
2024-05-07 04:59:11,509 : INFO : EventManager : Event: ======'sw_playfield_active'====== Args={'balls': 1}
2024-05-07 04:59:11,510 : INFO : EventManager : Event: ======'playfield_active'====== Args={}
2024-05-07 04:59:11,510 : INFO : EventManager : Event: ======'unexpected_ball_on_playfield'====== Args={}
2024-05-07 04:59:11,511 : INFO : EventManager : Event: ======'playfield_ball_count_change'====== Args={'balls': -1, 'change': -1}
2024-05-07 04:59:11,512 : INFO : EventManager : Event: ======'balldevice_playfield_ball_enter'====== Args={'new_balls': 1, 'unclaimed_balls': 1, 'device': <playfield.playfield>}
2024-05-07 04:59:11,512 : INFO : EventManager : Event: ======'playfield_ball_count_change'====== Args={'balls': 0, 'change': 1}
2024-05-07 04:59:11,513 : INFO : BallController : Found a new ball which was captured from playfield. Known balls: 1
2024-05-07 04:59:11,513 : INFO : EventManager : Event: ======'found_new_ball'====== Args={}
2024-05-07 04:59:11,513 : INFO : EventManager : Event: ======'balldevice_bd_trough_ball_enter'====== Args={'new_balls': 1, 'unclaimed_balls': 1, 'new_available_balls': 1, 'device': <ball_device.bd_trough>}
2024-05-07 04:59:11,513 : INFO : EventManager : Event: ======'ball_drain'====== Args={'device': <ball_device.bd_trough>, 'balls': 1}
2024-05-07 04:59:11,514 : INFO : EventManager : Event: ======'balldevice_balls_available'====== Args={}
2024-05-07 04:59:11,514 : INFO : EventManager : Event: ======'balldevice_bd_trough_ball_entered'====== Args={'new_balls': 1, 'device': <ball_device.bd_trough>}
2024-05-07 04:59:11,932 : INFO : SwitchController : <<<<<<< 's_start' active >>>>>>>
2024-05-07 04:59:12,032 : INFO : SwitchController : <<<<<<< 's_start' inactive >>>>>>>
2024-05-07 04:59:12,032 : INFO : EventManager : Event: ======'request_to_start_game'====== Args={}
2024-05-07 04:59:12,033 : INFO : EventManager : Event: ======'game_start'====== Args={'buttons': [], 'hold_time': 0.10069491600000013}
2024-05-07 04:59:12,033 : INFO : EventManager : Event: ======'mode_game_will_start'====== Args={'buttons': [], 'hold_time': 0.10069491600000013}
2024-05-07 04:59:12,033 : INFO : EventManager : Event: ======'mode_game_starting'====== Args={'buttons': [], 'hold_time': 0.10069491600000013}
2024-05-07 04:59:12,034 : INFO : EventManager : Event: ======'mode_attract_will_stop'====== Args={}
2024-05-07 04:59:12,034 : INFO : EventManager : Event: ======'mode_attract_stopping'====== Args={}
2024-05-07 04:59:12,034 : INFO : Mode.attract : Stopped.
2024-05-07 04:59:12,034 : INFO : EventManager : Event: ======'modes_active_modes_changed'====== Args={}
2024-05-07 04:59:12,035 : INFO : EventManager : Event: ======'mode_attract_stopped'====== Args={}
2024-05-07 04:59:12,035 : INFO : EventManager : Event: ======'clear'====== Args={'key': 'attract'}
2024-05-07 04:59:12,035 : INFO : Mode.game : Started. Priority: 20
2024-05-07 04:59:12,035 : INFO : EventManager : Event: ======'modes_active_modes_changed'====== Args={}
2024-05-07 04:59:12,035 : INFO : EventManager : Event: ======'mode_game_started'====== Args={'buttons': [], 'hold_time': 0.10069491600000013}
2024-05-07 04:59:12,036 : INFO : EventManager : Event: ======'game_will_start'====== Args={}
2024-05-07 04:59:12,036 : INFO : EventManager : Event: ======'game_starting'====== Args={'game': <Mode.game>}
2024-05-07 04:59:12,036 : INFO : EventManager : Unordered handler for class <Auditor> on event game_ended with priority 1. Handlers: [RegisteredHandler(callback=<bound method Auditor.disable of <Auditor>>, priority=1, kwargs={}, key=UUID('7271ad87-6567-4365-b7bc-305c30a1b136'), condition=None, blocking_facility=None), RegisteredHandler(callback=<bound method Auditor._save_audits of <Auditor>>, priority=1, kwargs={}, key=UUID('6b65540b-34ec-4202-ae75-7c8ce0cf7613'), condition=None, blocking_facility=None)]. The order of those handlers is not defined and they will be executed in random order. This might lead to race conditions and potential bugs.
2024-05-07 04:59:12,036 : INFO : EventManager : Event: ======'player_add_request'====== Args={}
2024-05-07 04:59:12,036 : INFO : EventManager : Event: ======'player_will_add'====== Args={'number': 1}
2024-05-07 04:59:12,036 : INFO : EventManager : Event: ======'player_adding'====== Args={'player': <Player 1>, 'number': 1}
2024-05-07 04:59:12,037 : INFO : EventManager : Event: ======'player_added'====== Args={'player': <Player 1>, 'num': 1}
2024-05-07 04:59:12,037 : INFO : Mode.game : Player added successfully. Total players: 1
2024-05-07 04:59:12,037 : INFO : EventManager : Event: ======'player_index'====== Args={'value': 0, 'prev_value': 0, 'change': 0, 'player_num': 1}
2024-05-07 04:59:12,037 : INFO : EventManager : Event: ======'player_number'====== Args={'value': 1, 'prev_value': 1, 'change': 0, 'player_num': 1}
2024-05-07 04:59:12,037 : INFO : EventManager : Event: ======'player_current_room'====== Args={'value': 'LIVING ROOM', 'prev_value': 'LIVING ROOM', 'change': False, 'player_num': 1}
2024-05-07 04:59:12,037 : INFO : EventManager : Event: ======'player_score'====== Args={'value': 0, 'prev_value': 0, 'change': 0, 'player_num': 1}
2024-05-07 04:59:12,037 : INFO : EventManager : Event: ======'game_started'====== Args={}
2024-05-07 04:59:12,038 : INFO : EventManager : Event: ======'player_turn_will_start'====== Args={'player': <Player 1>, 'number': 1}
2024-05-07 04:59:12,038 : INFO : EventManager : Event: ======'player_turn_starting'====== Args={'player': <Player 1>, 'number': 1}
2024-05-07 04:59:12,040 : INFO : EventManager : Event: ======'player_ball'====== Args={'value': 1, 'prev_value': 0, 'change': 1, 'player_num': 1}
2024-05-07 04:59:12,040 : INFO : EventManager : Event: ======'player_turn_started'====== Args={'player': <Player 1>, 'number': 1}
2024-05-07 04:59:12,040 : INFO : EventManager : Event: ======'ball_will_start'====== Args={'player': 1, 'ball': 1, 'balls_remaining': 2, 'is_extra_ball': False}
2024-05-07 04:59:12,041 : INFO : EventManager : Event: ======'ball_starting'====== Args={'player': 1, 'ball': 1, 'balls_remaining': 2, 'is_extra_ball': False}
2024-05-07 04:59:12,041 : INFO : EventManager : Event: ======'mode_base_will_start'====== Args={'queue': <QueuedEvent>, 'player': 1, 'ball': 1, 'balls_remaining': 2, 'is_extra_ball': False}
2024-05-07 04:59:12,041 : INFO : EventManager : Event: ======'player_shot_r_pop_enabled'====== Args={'value': True, 'prev_value': 0, 'change': 1, 'player_num': 1}
2024-05-07 04:59:12,041 : INFO : EventManager : Event: ======'player_shot_r_sling_l_enabled'====== Args={'value': True, 'prev_value': 0, 'change': 1, 'player_num': 1}
2024-05-07 04:59:12,041 : INFO : EventManager : Event: ======'player_shot_r_sling_r_enabled'====== Args={'value': True, 'prev_value': 0, 'change': 1, 'player_num': 1}
2024-05-07 04:59:12,042 : INFO : EventManager : Event: ======'player_shot_r_h_enabled'====== Args={'value': True, 'prev_value': 0, 'change': 1, 'player_num': 1}
2024-05-07 04:59:12,042 : INFO : EventManager : Event: ======'player_shot_r_o_enabled'====== Args={'value': True, 'prev_value': 0, 'change': 1, 'player_num': 1}
2024-05-07 04:59:12,042 : INFO : EventManager : Event: ======'player_shot_r_u_enabled'====== Args={'value': True, 'prev_value': 0, 'change': 1, 'player_num': 1}
2024-05-07 04:59:12,042 : INFO : EventManager : Event: ======'player_shot_r_s_enabled'====== Args={'value': True, 'prev_value': 0, 'change': 1, 'player_num': 1}
2024-05-07 04:59:12,043 : INFO : EventManager : Event: ======'player_shot_r_e_enabled'====== Args={'value': True, 'prev_value': 0, 'change': 1, 'player_num': 1}
2024-05-07 04:59:12,043 : INFO : EventManager : Event: ======'player_shot_r_ramp_r_enabled'====== Args={'value': True, 'prev_value': 0, 'change': 1, 'player_num': 1}
2024-05-07 04:59:12,043 : INFO : EventManager : Event: ======'player_shot_r_ramp_l_enabled'====== Args={'value': True, 'prev_value': 0, 'change': 1, 'player_num': 1}
2024-05-07 04:59:12,043 : INFO : EventManager : Event: ======'player_shot_r_vuk_enabled'====== Args={'value': True, 'prev_value': 0, 'change': 1, 'player_num': 1}
2024-05-07 04:59:12,043 : INFO : EventManager : Event: ======'player_shot_r_vuk_bank_enabled'====== Args={'value': True, 'prev_value': 0, 'change': 1, 'player_num': 1}
2024-05-07 04:59:12,044 : INFO : EventManager : Event: ======'player_shot_r_right_orbit_enabled'====== Args={'value': True, 'prev_value': 0, 'change': 1, 'player_num': 1}
2024-05-07 04:59:12,044 : INFO : EventManager : Event: ======'player_shot_r_pop_stationary_enabled'====== Args={'value': True, 'prev_value': 0, 'change': 1, 'player_num': 1}
2024-05-07 04:59:12,045 : INFO : EventManager : Event: ======'mode_base_starting'====== Args={'queue': <QueuedEvent>, 'player': 1, 'ball': 1, 'balls_remaining': 2, 'is_extra_ball': False}
2024-05-07 04:59:12,046 : INFO : EventManager : Event: ======'waiting_for_launch_press'====== Args={}
2024-05-07 04:59:12,046 : INFO : EventManager : Event: ======'mode_launch_shows_will_start'====== Args={}
2024-05-07 04:59:12,046 : INFO : EventManager : Event: ======'mode_launch_shows_starting'====== Args={}
2024-05-07 04:59:12,046 : INFO : Mode.launch_shows : Started. Priority: 200
2024-05-07 04:59:12,047 : INFO : EventManager : Event: ======'modes_active_modes_changed'====== Args={}
2024-05-07 04:59:12,047 : INFO : EventManager : Event: ======'mode_launch_shows_started'====== Args={}
2024-05-07 04:59:12,047 : INFO : Mode.base : Started. Priority: 100
2024-05-07 04:59:12,047 : INFO : EventManager : Event: ======'modes_active_modes_changed'====== Args={}
2024-05-07 04:59:12,047 : INFO : EventManager : Event: ======'mode_base_started'====== Args={'queue': <QueuedEvent>, 'player': 1, 'ball': 1, 'balls_remaining': 2, 'is_extra_ball': False}
2024-05-07 04:59:12,096 : INFO : EventManager : Event: ======'slide_launch_created'====== Args={'_from_bcp': True}
2024-05-07 04:59:12,096 : INFO : EventManager : Event: ======'slide_attract_inactive'====== Args={'_from_bcp': True}
2024-05-07 04:59:12,097 : INFO : EventManager : Event: ======'slide_launch_active'====== Args={'original_context': 'launch_shows', 'original_calling_context': 'mode_base_started', 'queue': '<QueuedEvent>', 'cmd': 'slides_play', '_from_bcp': True}
2024-05-07 04:59:12,097 : INFO : EventManager : Event: ======'slide_attract_removed'====== Args={'_from_bcp': True}
2024-05-07 04:59:12,144 : INFO : EventManager : Event: ======'slide_base_created'====== Args={'_from_bcp': True}
2024-05-07 04:59:16,915 : INFO : SwitchController : <<<<<<< 's_launch' active >>>>>>>
2024-05-07 04:59:16,915 : INFO : EventManager : Event: ======'e_launch_press'====== Args={}
2024-05-07 04:59:16,916 : INFO : EventManager : Event: ======'machine_var_audits_switches_s_launch'====== Args={'value': 37, 'prev_value': 36, 'change': 1}
2024-05-07 04:59:16,917 : INFO : EventManager : Event: ======'balls_in_play'====== Args={'balls': 1}
2024-05-07 04:59:16,917 : INFO : EventManager : Event: ======'ball_started'====== Args={'player': 1, 'ball': 1, 'balls_remaining': 2, 'is_extra_ball': False}
2024-05-07 04:59:16,921 : INFO : EventManager : Event: ======'mode_launch_shows_will_stop'====== Args={}
2024-05-07 04:59:16,921 : INFO : EventManager : Event: ======'mode_launch_shows_stopping'====== Args={}
2024-05-07 04:59:16,921 : INFO : EventManager : Event: ======'mode_lane_rotate_will_start'====== Args={'player': 1, 'ball': 1, 'balls_remaining': 2, 'is_extra_ball': False}
2024-05-07 04:59:16,921 : INFO : EventManager : Event: ======'player_shot_r_h_rotate_enabled'====== Args={'value': True, 'prev_value': 0, 'change': 1, 'player_num': 1}
2024-05-07 04:59:16,923 : INFO : EventManager : Event: ======'player_shot_r_o_rotate_enabled'====== Args={'value': True, 'prev_value': 0, 'change': 1, 'player_num': 1}
2024-05-07 04:59:16,923 : INFO : EventManager : Event: ======'player_shot_r_u_rotate_enabled'====== Args={'value': True, 'prev_value': 0, 'change': 1, 'player_num': 1}
2024-05-07 04:59:16,924 : INFO : EventManager : Event: ======'player_shot_r_s_rotate_enabled'====== Args={'value': True, 'prev_value': 0, 'change': 1, 'player_num': 1}
2024-05-07 04:59:16,924 : INFO : EventManager : Event: ======'player_shot_r_e_rotate_enabled'====== Args={'value': True, 'prev_value': 0, 'change': 1, 'player_num': 1}
2024-05-07 04:59:16,925 : INFO : EventManager : Event: ======'mode_lane_rotate_starting'====== Args={'player': 1, 'ball': 1, 'balls_remaining': 2, 'is_extra_ball': False}
2024-05-07 04:59:16,925 : INFO : EventManager : Event: ======'mode_start_ball_save_will_start'====== Args={'player': 1, 'ball': 1, 'balls_remaining': 2, 'is_extra_ball': False}
2024-05-07 04:59:16,926 : INFO : EventManager : Event: ======'mode_start_ball_save_starting'====== Args={'player': 1, 'ball': 1, 'balls_remaining': 2, 'is_extra_ball': False}
2024-05-07 04:59:16,927 : INFO : EventManager : Event: ======'mode_mult_fleshy_qualify_will_start'====== Args={'player': 1, 'ball': 1, 'balls_remaining': 2, 'is_extra_ball': False}
2024-05-07 04:59:16,928 : INFO : EventManager : Event: ======'player_shot_r_o_fleshy_enabled'====== Args={'value': True, 'prev_value': 0, 'change': 1, 'player_num': 1}
2024-05-07 04:59:16,930 : INFO : EventManager : Event: ======'player_shot_r_s_fleshy_enabled'====== Args={'value': True, 'prev_value': 0, 'change': 1, 'player_num': 1}
2024-05-07 04:59:16,931 : INFO : EventManager : Event: ======'fleshy_shots_complete'====== Args={'state': 'unlit'}
2024-05-07 04:59:16,931 : INFO : EventManager : Event: ======'fleshy_shots_unlit_complete'====== Args={}
2024-05-07 04:59:16,932 : INFO : EventManager : Event: ======'mode_mult_fleshy_qualify_starting'====== Args={'player': 1, 'ball': 1, 'balls_remaining': 2, 'is_extra_ball': False}
2024-05-07 04:59:16,933 : INFO : Mode.mult_fleshy_qualify : Started. Priority: 100
2024-05-07 04:59:16,934 : INFO : EventManager : Event: ======'modes_active_modes_changed'====== Args={}
2024-05-07 04:59:16,934 : INFO : EventManager : Event: ======'mode_mult_fleshy_qualify_started'====== Args={'player': 1, 'ball': 1, 'balls_remaining': 2, 'is_extra_ball': False}
2024-05-07 04:59:16,934 : INFO : Mode.start_ball_save : Started. Priority: 100
2024-05-07 04:59:16,934 : INFO : EventManager : Event: ======'modes_active_modes_changed'====== Args={}
2024-05-07 04:59:16,934 : INFO : EventManager : Event: ======'mode_start_ball_save_started'====== Args={'player': 1, 'ball': 1, 'balls_remaining': 2, 'is_extra_ball': False}
2024-05-07 04:59:16,935 : INFO : EventManager : Event: ======'ball_save_ball_save_ball_save_enabled'====== Args={}
2024-05-07 04:59:16,935 : INFO : Mode.lane_rotate : Started. Priority: 100
2024-05-07 04:59:16,935 : INFO : EventManager : Event: ======'modes_active_modes_changed'====== Args={}
2024-05-07 04:59:16,935 : INFO : EventManager : Event: ======'mode_lane_rotate_started'====== Args={'player': 1, 'ball': 1, 'balls_remaining': 2, 'is_extra_ball': False}
2024-05-07 04:59:16,935 : INFO : Mode.launch_shows : Stopped.
2024-05-07 04:59:16,935 : INFO : EventManager : Event: ======'modes_active_modes_changed'====== Args={}
2024-05-07 04:59:16,935 : INFO : EventManager : Event: ======'mode_launch_shows_stopped'====== Args={}
2024-05-07 04:59:16,936 : INFO : EventManager : Event: ======'clear'====== Args={'key': 'launch_shows'}
2024-05-07 04:59:16,936 : INFO : EventManager : Event: ======'single_player_ball_started'====== Args={}
2024-05-07 04:59:16,938 : INFO : EventManager : Event: ======'ball_start_target'====== Args={'target': 'playfield'}
2024-05-07 04:59:16,938 : INFO : ball_device.bd_trough : Setting up player-controlled eject. Balls: 1, Target: <playfield.playfield>, player_controlled_eject_event: None
2024-05-07 04:59:16,938 : INFO : ball_device.bd_trough : Adding 1 ball(s) to the eject_queue with target <playfield.playfield>.
2024-05-07 04:59:16,939 : INFO : EventManager : Event: ======'balldevice_balls_available'====== Args={}
2024-05-07 04:59:16,939 : INFO : ball_device.bd_trough : State: waiting_for_target_ready
2024-05-07 04:59:16,939 : INFO : EventManager : Event: ======'balldevice_bd_trough_ball_eject_attempt'====== Args={'balls': 1, 'target': <playfield.playfield>, 'source': <ball_device.bd_trough>, 'mechanical_eject': False, 'num_attempts': 0}
2024-05-07 04:59:16,940 : INFO : ball_device.bd_trough : State: ejecting
2024-05-07 04:59:16,940 : INFO : ball_device.bd_trough : Ejecting ball to <playfield.playfield>
2024-05-07 04:59:16,940 : INFO : EventManager : Event: ======'balldevice_bd_trough_ejecting_ball'====== Args={'balls': 1, 'target': <playfield.playfield>, 'source': <ball_device.bd_trough>, 'mechanical_eject': False, 'num_attempts': 0}
2024-05-07 04:59:16,940 : INFO : EventManager : Event: ======'ball_save_ball_save_ball_save_timer_start'====== Args={}
2024-05-07 04:59:16,941 : INFO : ball_device.bd_trough : Wait for ball to leave device
2024-05-07 04:59:16,941 : INFO : coil.c_trough : Pulsing Driver for 14ms (1.0 pulse_power)
2024-05-07 04:59:16,944 : INFO : EventManager : Event: ======'slide_launch_inactive'====== Args={'_from_bcp': True}
2024-05-07 04:59:16,944 : INFO : EventManager : Event: ======'slide_base_active'====== Args={'_from_bcp': True}
2024-05-07 04:59:16,945 : INFO : EventManager : Event: ======'slide_launch_removed'====== Args={'_from_bcp': True}
2024-05-07 04:59:17,099 : INFO : SwitchController : <<<<<<< 's_launch' inactive >>>>>>>
2024-05-07 04:59:18,942 : INFO : EventManager : Event: ======'balldevice_bd_trough_ball_eject_failed'====== Args={'target': <playfield.playfield>, 'balls': 1, 'retry': True, 'num_attempts': 1}
2024-05-07 04:59:18,945 : INFO : ball_device.bd_trough : State: waiting_for_target_ready
2024-05-07 04:59:18,946 : INFO : EventManager : Event: ======'balldevice_bd_trough_ball_eject_attempt'====== Args={'balls': 1, 'target': <playfield.playfield>, 'source': <ball_device.bd_trough>, 'mechanical_eject': False, 'num_attempts': 1}
2024-05-07 04:59:18,947 : INFO : ball_device.bd_trough : State: ejecting
2024-05-07 04:59:18,947 : INFO : ball_device.bd_trough : Ejecting ball to <playfield.playfield>
2024-05-07 04:59:18,947 : INFO : EventManager : Event: ======'balldevice_bd_trough_ejecting_ball'====== Args={'balls': 1, 'target': <playfield.playfield>, 'source': <ball_device.bd_trough>, 'mechanical_eject': False, 'num_attempts': 1}
2024-05-07 04:59:18,949 : INFO : ball_device.bd_trough : Wait for ball to leave device
2024-05-07 04:59:18,949 : INFO : coil.c_trough : Pulsing Driver for 14ms (1.0 pulse_power)
2024-05-07 04:59:19,942 : INFO : EventManager : Event: ======'ball_save_ball_save_ball_save_hurry_up'====== Args={}
2024-05-07 04:59:20,950 : INFO : EventManager : Event: ======'balldevice_bd_trough_ball_eject_failed'====== Args={'target': <playfield.playfield>, 'balls': 1, 'retry': True, 'num_attempts': 2}
2024-05-07 04:59:20,951 : INFO : ball_device.bd_trough : State: waiting_for_target_ready
2024-05-07 04:59:20,951 : INFO : EventManager : Event: ======'balldevice_bd_trough_ball_eject_attempt'====== Args={'balls': 1, 'target': <playfield.playfield>, 'source': <ball_device.bd_trough>, 'mechanical_eject': False, 'num_attempts': 2}
2024-05-07 04:59:20,952 : INFO : ball_device.bd_trough : State: ejecting
2024-05-07 04:59:20,952 : INFO : ball_device.bd_trough : Ejecting ball to <playfield.playfield>
2024-05-07 04:59:20,952 : INFO : EventManager : Event: ======'balldevice_bd_trough_ejecting_ball'====== Args={'balls': 1, 'target': <playfield.playfield>, 'source': <ball_device.bd_trough>, 'mechanical_eject': False, 'num_attempts': 2}
2024-05-07 04:59:20,954 : INFO : ball_device.bd_trough : Wait for ball to leave device
2024-05-07 04:59:20,954 : INFO : coil.c_trough : Pulsing Driver for 14ms (1.0 pulse_power)
2024-05-07 04:59:21,941 : INFO : EventManager : Event: ======'ball_save_ball_save_ball_save_disabled'====== Args={}
2024-05-07 04:59:22,955 : INFO : EventManager : Event: ======'balldevice_bd_trough_ball_eject_failed'====== Args={'target': <playfield.playfield>, 'balls': 1, 'retry': True, 'num_attempts': 3}
2024-05-07 04:59:22,958 : INFO : ball_device.bd_trough : State: waiting_for_target_ready
2024-05-07 04:59:22,958 : INFO : EventManager : Event: ======'balldevice_bd_trough_ball_eject_attempt'====== Args={'balls': 1, 'target': <playfield.playfield>, 'source': <ball_device.bd_trough>, 'mechanical_eject': False, 'num_attempts': 3}
2024-05-07 04:59:22,958 : INFO : ball_device.bd_trough : State: ejecting
2024-05-07 04:59:22,959 : INFO : ball_device.bd_trough : Ejecting ball to <playfield.playfield>
2024-05-07 04:59:22,959 : INFO : EventManager : Event: ======'balldevice_bd_trough_ejecting_ball'====== Args={'balls': 1, 'target': <playfield.playfield>, 'source': <ball_device.bd_trough>, 'mechanical_eject': False, 'num_attempts': 3}
2024-05-07 04:59:22,962 : INFO : ball_device.bd_trough : Wait for ball to leave device
2024-05-07 04:59:22,962 : INFO : coil.c_trough : Pulsing Driver for 14ms (1.0 pulse_power)
2024-05-07 04:59:24,964 : INFO : EventManager : Event: ======'balldevice_bd_trough_ball_eject_failed'====== Args={'target': <playfield.playfield>, 'balls': 1, 'retry': True, 'num_attempts': 4}
2024-05-07 04:59:24,967 : INFO : ball_device.bd_trough : State: waiting_for_target_ready
2024-05-07 04:59:24,967 : INFO : EventManager : Event: ======'balldevice_bd_trough_ball_eject_attempt'====== Args={'balls': 1, 'target': <playfield.playfield>, 'source': <ball_device.bd_trough>, 'mechanical_eject': False, 'num_attempts': 4}
2024-05-07 04:59:24,968 : INFO : ball_device.bd_trough : State: ejecting
2024-05-07 04:59:24,968 : INFO : ball_device.bd_trough : Ejecting ball to <playfield.playfield>
2024-05-07 04:59:24,968 : INFO : EventManager : Event: ======'balldevice_bd_trough_ejecting_ball'====== Args={'balls': 1, 'target': <playfield.playfield>, 'source': <ball_device.bd_trough>, 'mechanical_eject': False, 'num_attempts': 4}
2024-05-07 04:59:24,970 : INFO : ball_device.bd_trough : Wait for ball to leave device
2024-05-07 04:59:24,971 : INFO : coil.c_trough : Pulsing Driver for 14ms (1.0 pulse_power)
2024-05-07 04:59:26,972 : INFO : EventManager : Event: ======'balldevice_bd_trough_ball_eject_failed'====== Args={'target': <playfield.playfield>, 'balls': 1, 'retry': True, 'num_attempts': 5}
2024-05-07 04:59:26,974 : INFO : ball_device.bd_trough : State: waiting_for_target_ready
2024-05-07 04:59:26,974 : INFO : EventManager : Event: ======'balldevice_bd_trough_ball_eject_attempt'====== Args={'balls': 1, 'target': <playfield.playfield>, 'source': <ball_device.bd_trough>, 'mechanical_eject': False, 'num_attempts': 5}
2024-05-07 04:59:26,974 : INFO : ball_device.bd_trough : State: ejecting
2024-05-07 04:59:26,975 : INFO : ball_device.bd_trough : Ejecting ball to <playfield.playfield>
2024-05-07 04:59:26,975 : INFO : EventManager : Event: ======'balldevice_bd_trough_ejecting_ball'====== Args={'balls': 1, 'target': <playfield.playfield>, 'source': <ball_device.bd_trough>, 'mechanical_eject': False, 'num_attempts': 5}
2024-05-07 04:59:26,976 : INFO : ball_device.bd_trough : Wait for ball to leave device
2024-05-07 04:59:26,976 : INFO : coil.c_trough : Pulsing Driver for 14ms (1.0 pulse_power)
2024-05-07 04:59:28,977 : INFO : EventManager : Event: ======'balldevice_bd_trough_ball_eject_failed'====== Args={'target': <playfield.playfield>, 'balls': 1, 'retry': True, 'num_attempts': 6}
2024-05-07 04:59:28,978 : INFO : ball_device.bd_trough : State: waiting_for_target_ready
2024-05-07 04:59:28,979 : INFO : EventManager : Event: ======'balldevice_bd_trough_ball_eject_attempt'====== Args={'balls': 1, 'target': <playfield.playfield>, 'source': <ball_device.bd_trough>, 'mechanical_eject': False, 'num_attempts': 6}
2024-05-07 04:59:28,979 : INFO : ball_device.bd_trough : State: ejecting
2024-05-07 04:59:28,980 : INFO : ball_device.bd_trough : Ejecting ball to <playfield.playfield>
2024-05-07 04:59:28,980 : INFO : EventManager : Event: ======'balldevice_bd_trough_ejecting_ball'====== Args={'balls': 1, 'target': <playfield.playfield>, 'source': <ball_device.bd_trough>, 'mechanical_eject': False, 'num_attempts': 6}
2024-05-07 04:59:28,981 : INFO : ball_device.bd_trough : Wait for ball to leave device
2024-05-07 04:59:28,981 : INFO : coil.c_trough : Pulsing Driver for 14ms (1.0 pulse_power)
2024-05-07 04:59:30,982 : INFO : EventManager : Event: ======'balldevice_bd_trough_ball_eject_failed'====== Args={'target': <playfield.playfield>, 'balls': 1, 'retry': True, 'num_attempts': 7}
2024-05-07 04:59:30,985 : INFO : ball_device.bd_trough : State: waiting_for_target_ready
2024-05-07 04:59:30,985 : INFO : EventManager : Event: ======'balldevice_bd_trough_ball_eject_attempt'====== Args={'balls': 1, 'target': <playfield.playfield>, 'source': <ball_device.bd_trough>, 'mechanical_eject': False, 'num_attempts': 7}
2024-05-07 04:59:30,986 : INFO : ball_device.bd_trough : State: ejecting
2024-05-07 04:59:30,986 : INFO : ball_device.bd_trough : Ejecting ball to <playfield.playfield>
2024-05-07 04:59:30,987 : INFO : EventManager : Event: ======'balldevice_bd_trough_ejecting_ball'====== Args={'balls': 1, 'target': <playfield.playfield>, 'source': <ball_device.bd_trough>, 'mechanical_eject': False, 'num_attempts': 7}
2024-05-07 04:59:30,988 : INFO : ball_device.bd_trough : Wait for ball to leave device
2024-05-07 04:59:30,988 : INFO : coil.c_trough : Pulsing Driver for 14ms (1.0 pulse_power)
2024-05-07 04:59:31,524 : INFO : Machine : Shutting down...
2024-05-07 04:59:31,525 : INFO : EventManager : Event: ======'shutdown'====== Args={}
2024-05-07 04:59:31,526 : INFO : EventManager : Event: ======'mode_game_will_stop'====== Args={}
2024-05-07 04:59:31,526 : INFO : EventManager : Event: ======'mode_game_stopping'====== Args={}
2024-05-07 04:59:31,527 : INFO : EventManager : Event: ======'mode_base_will_stop'====== Args={}
2024-05-07 04:59:31,527 : INFO : EventManager : Event: ======'mode_base_stopping'====== Args={}
2024-05-07 04:59:31,527 : INFO : EventManager : Event: ======'mode_lane_rotate_will_stop'====== Args={}
2024-05-07 04:59:31,527 : INFO : EventManager : Event: ======'mode_lane_rotate_stopping'====== Args={}
2024-05-07 04:59:31,527 : INFO : EventManager : Event: ======'mode_start_ball_save_will_stop'====== Args={}
2024-05-07 04:59:31,527 : INFO : EventManager : Event: ======'mode_start_ball_save_stopping'====== Args={}
2024-05-07 04:59:31,527 : INFO : EventManager : Event: ======'mode_mult_fleshy_qualify_will_stop'====== Args={}
2024-05-07 04:59:31,527 : INFO : EventManager : Event: ======'mode_mult_fleshy_qualify_stopping'====== Args={}
2024-05-07 04:59:31,528 : INFO : Mode.mult_fleshy_qualify : Stopped.
2024-05-07 04:59:31,528 : INFO : EventManager : Event: ======'modes_active_modes_changed'====== Args={}
2024-05-07 04:59:31,528 : INFO : EventManager : Event: ======'mode_mult_fleshy_qualify_stopped'====== Args={}
2024-05-07 04:59:31,528 : INFO : EventManager : Event: ======'clear'====== Args={'key': 'mult_fleshy_qualify'}
2024-05-07 04:59:31,528 : INFO : Mode.start_ball_save : Stopped.
2024-05-07 04:59:31,528 : INFO : EventManager : Event: ======'modes_active_modes_changed'====== Args={}
2024-05-07 04:59:31,529 : INFO : EventManager : Event: ======'mode_start_ball_save_stopped'====== Args={}
2024-05-07 04:59:31,529 : INFO : EventManager : Event: ======'clear'====== Args={'key': 'start_ball_save'}
2024-05-07 04:59:31,529 : INFO : Mode.lane_rotate : Stopped.
2024-05-07 04:59:31,529 : INFO : EventManager : Event: ======'modes_active_modes_changed'====== Args={}
2024-05-07 04:59:31,529 : INFO : EventManager : Event: ======'mode_lane_rotate_stopped'====== Args={}
2024-05-07 04:59:31,529 : INFO : EventManager : Event: ======'clear'====== Args={'key': 'lane_rotate'}
2024-05-07 04:59:31,530 : INFO : Mode.base : Stopped.
2024-05-07 04:59:31,530 : INFO : EventManager : Event: ======'modes_active_modes_changed'====== Args={}
2024-05-07 04:59:31,531 : INFO : EventManager : Event: ======'mode_base_stopped'====== Args={}
2024-05-07 04:59:31,531 : INFO : EventManager : Event: ======'clear'====== Args={'key': 'base'}
2024-05-07 04:59:31,534 : INFO : Mode.game : Stopped.
2024-05-07 04:59:31,534 : INFO : EventManager : Event: ======'modes_active_modes_changed'====== Args={}
2024-05-07 04:59:31,534 : INFO : EventManager : Event: ======'mode_game_stopped'====== Args={}
2024-05-07 04:59:31,534 : INFO : EventManager : Event: ======'clear'====== Args={'key': 'game'}
2024-05-07 04:59:31,536 : INFO : root : MPF run loop ended.
