2024-02-08 07:14:14,160 : INFO : root : Loading config.
2024-02-08 07:14:14,164 : INFO : YamlMultifileConfigLoader : Machine config file #1: config.yaml
2024-02-08 07:14:14,165 : INFO : ConfigProcessor : Loading config from cache: C:\Users\Tanner\AppData\Local\Temp\ae594c12e5b61ed7124eed45950049a7.mpf_cache
2024-02-08 07:14:14,234 : INFO : ConfigProcessor : Loading config from cache: C:\Users\Tanner\AppData\Local\Temp\e981666969e170eb9e0a37595fe7075e.mpf_cache
2024-02-08 07:14:14,235 : INFO : ConfigProcessor : Loading config from cache: C:\Users\Tanner\AppData\Local\Temp\dfbe1b39ae456f06de73c859384050b2.mpf_cache
2024-02-08 07:14:14,236 : INFO : ConfigProcessor : Loading config from cache: C:\Users\Tanner\AppData\Local\Temp\e981666969e170eb9e0a37595fe7075e.mpf_cache
2024-02-08 07:14:14,237 : INFO : ConfigProcessor : Loading config from cache: C:\Users\Tanner\AppData\Local\Temp\cacbc1766a696e848da166f75f474858.mpf_cache
2024-02-08 07:14:14,237 : INFO : Machine : Mission Pinball Framework Core Engine v0.57.0.dev33
2024-02-08 07:14:14,237 : INFO : Machine : Command line arguments: {'no_load_cache': False, 'create_config_cache': True, 'bcp': False, 'configfile': ['config.yaml'], 'force_assets_load': False, 'jsonlogging': False, 'logfile': 'logs\\2024-02-08-07-14-14-mpf-DESKTOP-7HNFDQ5.log', 'pause': False, 'production': False, 'text_ui': True, 'loglevel': 15, 'consoleloglevel': 20, 'force_platform': None, 'syslog_address': None, 'mc_file_name': None, 'no_sound': False}
2024-02-08 07:14:14,238 : INFO : Machine : MPF path: C:\Users\Tanner\AppData\Local\Packages\PythonSoftwareFoundation.Python.3.11_qbz5n2kfra8p0\LocalCache\local-packages\Python311\site-packages\mpf
2024-02-08 07:14:14,238 : INFO : Machine : Machine path: c:\lofab
2024-02-08 07:14:14,238 : INFO : Machine : Platform: win32
2024-02-08 07:14:14,238 : INFO : Machine : Python executable location: C:\Users\Tanner\AppData\Local\Microsoft\WindowsApps\PythonSoftwareFoundation.Python.3.11_qbz5n2kfra8p0\python.exe
2024-02-08 07:14:14,238 : INFO : Machine : Python version: 3.11.8 (64-bit)
2024-02-08 07:14:14,240 : INFO : Machine : Initializing MPF...
2024-02-08 07:14:14,468 : INFO : [NET] : Trying to connect to com9 at 921600bps
2024-02-08 07:14:14,546 : INFO : [NET] : Connected to com9 at 921600bps
2024-02-08 07:14:14,552 : INFO : [NET] : Connected to FP-CPU-2000 with firmware v02.13
2024-02-08 07:14:14,583 : INFO : [NET] : Registered I/O Board 0: Model: FP-I/O-0804, Firmware: 01.10, Switches: 8, Drivers: 4
2024-02-08 07:14:14,599 : INFO : [NET] : Registered I/O Board 1: Model: FP-I/O-0804, Firmware: 01.09, Switches: 8, Drivers: 4
2024-02-08 07:14:14,615 : INFO : [NET] : Registered I/O Board 2: Model: FP-I/O-3208, Firmware: 01.10, Switches: 32, Drivers: 8
2024-02-08 07:14:14,616 : INFO : [EXP] : Trying to connect to com10 at 921600bps
2024-02-08 07:14:14,693 : INFO : [EXP] : Connected to com10 at 921600bps
2024-02-08 07:14:14,707 : INFO : [EXP] : Verifying hardware for EXP "pf" (FP-EXP-0081, @84) with ID string "EXP FP-EXP-0081  0.12", board address 84
2024-02-08 07:14:14,723 : INFO : [EXP] : Verifying hardware for EXP "pf" (FP-EXP-0081, @84) with ID string "BRK FP-EXP-0081  0.12", board address 840
2024-02-08 07:14:14,738 : INFO : [EXP] : Verifying hardware for EXP "pf" (FP-EXP-0081, @84) with ID string "BRK FP-EXP-0081  0.12", board address 841
2024-02-08 07:14:14,754 : INFO : EventManager : Event: ======'machine_var_credits_string'====== Args={'value': 'FREE PLAY', 'prev_value': None, 'change': True}
2024-02-08 07:14:14,769 : INFO : EventManager : Event: ======'machine_var_master_volume'====== Args={'value': 0.5, 'prev_value': None, 'change': True}
2024-02-08 07:14:14,769 : INFO : EventManager : Event: ======'machine_var_player1_score'====== Args={'value': 0, 'prev_value': None, 'change': True}
2024-02-08 07:14:14,769 : INFO : EventManager : Event: ======'machine_var_mpf_version'====== Args={'value': 'Mission Pinball Framework v0.57.0.dev33', 'prev_value': None, 'change': True}
2024-02-08 07:14:14,769 : INFO : EventManager : Event: ======'machine_var_mpf_extended_version'====== Args={'value': 'Mission Pinball Framework v0.57.0.dev33, Config version:6, Show version: 6, BCP version:1.1', 'prev_value': None, 'change': True}
2024-02-08 07:14:14,769 : INFO : EventManager : Event: ======'machine_var_python_version'====== Args={'value': '3.11.8', 'prev_value': None, 'change': True}
2024-02-08 07:14:14,777 : INFO : EventManager : Event: ======'machine_var_platform'====== Args={'value': 'Windows-10-10.0.19045-SP0', 'prev_value': None, 'change': True}
2024-02-08 07:14:14,777 : INFO : EventManager : Event: ======'machine_var_platform_system'====== Args={'value': 'Windows', 'prev_value': None, 'change': True}
2024-02-08 07:14:14,777 : INFO : EventManager : Event: ======'machine_var_platform_release'====== Args={'value': '10', 'prev_value': None, 'change': True}
2024-02-08 07:14:14,777 : INFO : EventManager : Event: ======'machine_var_platform_version'====== Args={'value': '10.0.19045', 'prev_value': None, 'change': True}
2024-02-08 07:14:14,778 : INFO : EventManager : Event: ======'machine_var_platform_machine'====== Args={'value': 'AMD64', 'prev_value': None, 'change': True}
2024-02-08 07:14:14,778 : INFO : EventManager : Event: ======'init_phase_1'====== Args={}
2024-02-08 07:14:17,271 : INFO : SwitchController : <<<<<<< 's_trough_3' active >>>>>>>
2024-02-08 07:14:17,271 : INFO : SwitchController : <<<<<<< 's_trough_4' active >>>>>>>
2024-02-08 07:14:17,304 : INFO : EventManager : Event: ======'init_phase_2'====== Args={}
2024-02-08 07:14:17,304 : INFO : SwitchController : Found active switch: (18, [FAST Platform Interface]) <switch.s_trough_3>
2024-02-08 07:14:17,304 : INFO : SwitchController : Found active switch: (19, [FAST Platform Interface]) <switch.s_trough_4>
2024-02-08 07:14:17,307 : INFO : ball_device.bd_vuk : BCH: Initial count: 0
2024-02-08 07:14:17,308 : INFO : ball_device.bd_vuk : State: idle
2024-02-08 07:14:17,776 : INFO : ball_device.bd_trough : BCH: Initial count: 2
2024-02-08 07:14:17,777 : INFO : ball_device.bd_trough : State: idle
2024-02-08 07:14:17,785 : INFO : EventManager : Event: ======'init_phase_3'====== Args={}
2024-02-08 07:14:17,788 : INFO : EventManager : Event: ======'init_phase_4'====== Args={}
2024-02-08 07:14:17,789 : INFO : BallController : Initial balls found: 2
2024-02-08 07:14:17,790 : INFO : EventManager : Event: ======'machine_var_audits_events_game_ended'====== Args={'value': 44, 'prev_value': None, 'change': True}
2024-02-08 07:14:17,790 : INFO : EventManager : Event: ======'machine_var_audits_events_game_started'====== Args={'value': 120, 'prev_value': None, 'change': True}
2024-02-08 07:14:17,790 : INFO : EventManager : Event: ======'machine_var_audits_player_score'====== Args={'value': {'average': 0.0, 'top': [0, 0, 0, 0, 0, 0, 0, 0, 0, 0], 'total': 44}, 'prev_value': None, 'change': True}
2024-02-08 07:14:17,790 : INFO : EventManager : Event: ======'machine_var_audits_switches_s_9'====== Args={'value': 0, 'prev_value': None, 'change': True}
2024-02-08 07:14:17,790 : INFO : EventManager : Event: ======'machine_var_audits_switches_s_autolauncher'====== Args={'value': 422, 'prev_value': None, 'change': True}
2024-02-08 07:14:17,790 : INFO : EventManager : Event: ======'machine_var_audits_switches_s_b_eos'====== Args={'value': 2450, 'prev_value': None, 'change': True}
2024-02-08 07:14:17,790 : INFO : EventManager : Event: ======'machine_var_audits_switches_s_b_pop'====== Args={'value': 446, 'prev_value': None, 'change': True}
2024-02-08 07:14:17,790 : INFO : EventManager : Event: ======'machine_var_audits_switches_s_b_rollover_interchange'====== Args={'value': 10, 'prev_value': None, 'change': True}
2024-02-08 07:14:17,790 : INFO : EventManager : Event: ======'machine_var_audits_switches_s_b_rollover_loop'====== Args={'value': 24, 'prev_value': None, 'change': True}
2024-02-08 07:14:17,791 : INFO : EventManager : Event: ======'machine_var_audits_switches_s_b_rollover_misc'====== Args={'value': 33, 'prev_value': None, 'change': True}
2024-02-08 07:14:17,791 : INFO : EventManager : Event: ======'machine_var_audits_switches_s_b_target_left'====== Args={'value': 21, 'prev_value': None, 'change': True}
2024-02-08 07:14:17,791 : INFO : EventManager : Event: ======'machine_var_audits_switches_s_b_target_right'====== Args={'value': 39, 'prev_value': None, 'change': True}
2024-02-08 07:14:17,791 : INFO : EventManager : Event: ======'machine_var_audits_switches_s_drop_mid_center'====== Args={'value': 113, 'prev_value': None, 'change': True}
2024-02-08 07:14:17,791 : INFO : EventManager : Event: ======'machine_var_audits_switches_s_drop_mid_left'====== Args={'value': 76, 'prev_value': None, 'change': True}
2024-02-08 07:14:17,791 : INFO : EventManager : Event: ======'machine_var_audits_switches_s_drop_mid_right'====== Args={'value': 96, 'prev_value': None, 'change': True}
2024-02-08 07:14:17,791 : INFO : EventManager : Event: ======'machine_var_audits_switches_s_drop_right_left'====== Args={'value': 32, 'prev_value': None, 'change': True}
2024-02-08 07:14:17,791 : INFO : EventManager : Event: ======'machine_var_audits_switches_s_drop_right_right'====== Args={'value': 32, 'prev_value': None, 'change': True}
2024-02-08 07:14:17,791 : INFO : EventManager : Event: ======'machine_var_audits_switches_s_drop_scoop'====== Args={'value': 0, 'prev_value': None, 'change': True}
2024-02-08 07:14:17,791 : INFO : EventManager : Event: ======'machine_var_audits_switches_s_drop_single'====== Args={'value': 24, 'prev_value': None, 'change': True}
2024-02-08 07:14:17,791 : INFO : EventManager : Event: ======'machine_var_audits_switches_s_flip_left_eos'====== Args={'value': 25095, 'prev_value': None, 'change': True}
2024-02-08 07:14:17,792 : INFO : EventManager : Event: ======'machine_var_audits_switches_s_flip_left_top_eos'====== Args={'value': 1729, 'prev_value': None, 'change': True}
2024-02-08 07:14:17,792 : INFO : EventManager : Event: ======'machine_var_audits_switches_s_flip_right_eos'====== Args={'value': 2110, 'prev_value': None, 'change': True}
2024-02-08 07:14:17,792 : INFO : EventManager : Event: ======'machine_var_audits_switches_s_flipper_l'====== Args={'value': 251, 'prev_value': None, 'change': True}
2024-02-08 07:14:17,792 : INFO : EventManager : Event: ======'machine_var_audits_switches_s_flipper_r'====== Args={'value': 166, 'prev_value': None, 'change': True}
2024-02-08 07:14:17,792 : INFO : EventManager : Event: ======'machine_var_audits_switches_s_inlane_left'====== Args={'value': 31, 'prev_value': None, 'change': True}
2024-02-08 07:14:17,792 : INFO : EventManager : Event: ======'machine_var_audits_switches_s_inlane_right'====== Args={'value': 59, 'prev_value': None, 'change': True}
2024-02-08 07:14:17,792 : INFO : EventManager : Event: ======'machine_var_audits_switches_s_l_rollover'====== Args={'value': 9, 'prev_value': None, 'change': True}
2024-02-08 07:14:17,792 : INFO : EventManager : Event: ======'machine_var_audits_switches_s_l_target_far'====== Args={'value': 9, 'prev_value': None, 'change': True}
2024-02-08 07:14:17,792 : INFO : EventManager : Event: ======'machine_var_audits_switches_s_l_target_large'====== Args={'value': 9, 'prev_value': None, 'change': True}
2024-02-08 07:14:17,792 : INFO : EventManager : Event: ======'machine_var_audits_switches_s_l_target_left'====== Args={'value': 10, 'prev_value': None, 'change': True}
2024-02-08 07:14:17,793 : INFO : EventManager : Event: ======'machine_var_audits_switches_s_l_target_right'====== Args={'value': 9, 'prev_value': None, 'change': True}
2024-02-08 07:14:17,793 : INFO : EventManager : Event: ======'machine_var_audits_switches_s_l_vuk'====== Args={'value': 9, 'prev_value': None, 'change': True}
2024-02-08 07:14:17,793 : INFO : EventManager : Event: ======'machine_var_audits_switches_s_launch'====== Args={'value': 460, 'prev_value': None, 'change': True}
2024-02-08 07:14:17,793 : INFO : EventManager : Event: ======'machine_var_audits_switches_s_left_flipper_1'====== Args={'value': 1947, 'prev_value': None, 'change': True}
2024-02-08 07:14:17,793 : INFO : EventManager : Event: ======'machine_var_audits_switches_s_left_flipper_2'====== Args={'value': 651, 'prev_value': None, 'change': True}
2024-02-08 07:14:17,793 : INFO : EventManager : Event: ======'machine_var_audits_switches_s_lock_1'====== Args={'value': 1, 'prev_value': None, 'change': True}
2024-02-08 07:14:17,793 : INFO : EventManager : Event: ======'machine_var_audits_switches_s_lock_2'====== Args={'value': 1, 'prev_value': None, 'change': True}
2024-02-08 07:14:17,793 : INFO : EventManager : Event: ======'machine_var_audits_switches_s_lock_3'====== Args={'value': 1, 'prev_value': None, 'change': True}
2024-02-08 07:14:17,793 : INFO : EventManager : Event: ======'machine_var_audits_switches_s_outlane_left'====== Args={'value': 12, 'prev_value': None, 'change': True}
2024-02-08 07:14:17,794 : INFO : EventManager : Event: ======'machine_var_audits_switches_s_outlane_right'====== Args={'value': 28, 'prev_value': None, 'change': True}
2024-02-08 07:14:17,794 : INFO : EventManager : Event: ======'machine_var_audits_switches_s_pop'====== Args={'value': 62, 'prev_value': None, 'change': True}
2024-02-08 07:14:17,794 : INFO : EventManager : Event: ======'machine_var_audits_switches_s_pop_left'====== Args={'value': 152, 'prev_value': None, 'change': True}
2024-02-08 07:14:17,794 : INFO : EventManager : Event: ======'machine_var_audits_switches_s_pop_lower'====== Args={'value': 560, 'prev_value': None, 'change': True}
2024-02-08 07:14:17,794 : INFO : EventManager : Event: ======'machine_var_audits_switches_s_pop_right'====== Args={'value': 2348, 'prev_value': None, 'change': True}
2024-02-08 07:14:17,794 : INFO : EventManager : Event: ======'machine_var_audits_switches_s_right_flipper_1'====== Args={'value': 3494, 'prev_value': None, 'change': True}
2024-02-08 07:14:17,794 : INFO : EventManager : Event: ======'machine_var_audits_switches_s_right_flipper_2'====== Args={'value': 3304, 'prev_value': None, 'change': True}
2024-02-08 07:14:17,794 : INFO : EventManager : Event: ======'machine_var_audits_switches_s_rollover_left'====== Args={'value': 84, 'prev_value': None, 'change': True}
2024-02-08 07:14:17,795 : INFO : EventManager : Event: ======'machine_var_audits_switches_s_rollover_right'====== Args={'value': 488, 'prev_value': None, 'change': True}
2024-02-08 07:14:17,795 : INFO : EventManager : Event: ======'machine_var_audits_switches_s_sling_l'====== Args={'value': 35, 'prev_value': None, 'change': True}
2024-02-08 07:14:17,795 : INFO : EventManager : Event: ======'machine_var_audits_switches_s_sling_left'====== Args={'value': 159, 'prev_value': None, 'change': True}
2024-02-08 07:14:17,795 : INFO : EventManager : Event: ======'machine_var_audits_switches_s_sling_r'====== Args={'value': 32, 'prev_value': None, 'change': True}
2024-02-08 07:14:17,795 : INFO : EventManager : Event: ======'machine_var_audits_switches_s_sling_right'====== Args={'value': 237, 'prev_value': None, 'change': True}
2024-02-08 07:14:17,795 : INFO : EventManager : Event: ======'machine_var_audits_switches_s_start'====== Args={'value': 118, 'prev_value': None, 'change': True}
2024-02-08 07:14:17,795 : INFO : EventManager : Event: ======'machine_var_audits_switches_s_stationary_back'====== Args={'value': 28, 'prev_value': None, 'change': True}
2024-02-08 07:14:17,795 : INFO : EventManager : Event: ======'machine_var_audits_switches_s_stationary_l'====== Args={'value': 43, 'prev_value': None, 'change': True}
2024-02-08 07:14:17,796 : INFO : EventManager : Event: ======'machine_var_audits_switches_s_stationary_right'====== Args={'value': 23, 'prev_value': None, 'change': True}
2024-02-08 07:14:17,796 : INFO : EventManager : Event: ======'machine_var_audits_switches_s_tilt'====== Args={'value': 2735, 'prev_value': None, 'change': True}
2024-02-08 07:14:17,796 : INFO : EventManager : Event: ======'machine_var_audits_switches_s_trough_1'====== Args={'value': 64, 'prev_value': None, 'change': True}
2024-02-08 07:14:17,796 : INFO : EventManager : Event: ======'machine_var_audits_switches_s_trough_2'====== Args={'value': 504, 'prev_value': None, 'change': True}
2024-02-08 07:14:17,796 : INFO : EventManager : Event: ======'machine_var_audits_switches_s_trough_3'====== Args={'value': 459, 'prev_value': None, 'change': True}
2024-02-08 07:14:17,796 : INFO : EventManager : Event: ======'machine_var_audits_switches_s_trough_4'====== Args={'value': 506, 'prev_value': None, 'change': True}
2024-02-08 07:14:17,796 : INFO : EventManager : Event: ======'machine_var_audits_switches_s_trough_5'====== Args={'value': 284, 'prev_value': None, 'change': True}
2024-02-08 07:14:17,797 : INFO : EventManager : Event: ======'machine_var_audits_switches_s_trough_6'====== Args={'value': 277, 'prev_value': None, 'change': True}
2024-02-08 07:14:17,797 : INFO : EventManager : Event: ======'machine_var_audits_switches_s_trough_jam'====== Args={'value': 344, 'prev_value': None, 'change': True}
2024-02-08 07:14:17,797 : INFO : EventManager : Event: ======'machine_var_audits_switches_s_u_lane_l'====== Args={'value': 15, 'prev_value': None, 'change': True}
2024-02-08 07:14:17,797 : INFO : EventManager : Event: ======'machine_var_audits_switches_s_u_lane_r'====== Args={'value': 20, 'prev_value': None, 'change': True}
2024-02-08 07:14:17,797 : INFO : EventManager : Event: ======'machine_var_audits_switches_s_u_rollover'====== Args={'value': 10, 'prev_value': None, 'change': True}
2024-02-08 07:14:17,797 : INFO : EventManager : Event: ======'machine_var_audits_switches_s_u_target'====== Args={'value': 8, 'prev_value': None, 'change': True}
2024-02-08 07:14:17,798 : INFO : EventManager : Event: ======'machine_var_audits_switches_s_vuk'====== Args={'value': 15, 'prev_value': None, 'change': True}
2024-02-08 07:14:17,798 : INFO : EventManager : Event: ======'machine_var_audits_switches_s_vuk_back'====== Args={'value': 489, 'prev_value': None, 'change': True}
2024-02-08 07:14:17,798 : INFO : EventManager : Event: ======'machine_var_audits_switches_s_vuk_right'====== Args={'value': 1, 'prev_value': None, 'change': True}
2024-02-08 07:14:17,799 : INFO : EventManager : Event: ======'init_phase_5'====== Args={}
2024-02-08 07:14:17,821 : INFO : EventManager : Event: ======'init_done'====== Args={}
2024-02-08 07:14:17,822 : INFO : EventManager : Event: ======'machine_reset_phase_1'====== Args={}
2024-02-08 07:14:17,822 : INFO : EventManager : Event: ======'machine_reset_phase_2'====== Args={}
2024-02-08 07:14:17,823 : INFO : EventManager : Event: ======'machine_reset_phase_3'====== Args={}
2024-02-08 07:14:17,823 : INFO : EventManager : Event: ======'reset_complete'====== Args={}
2024-02-08 07:14:17,824 : INFO : EventManager : Event: ======'mode_attract_will_start'====== Args={}
2024-02-08 07:14:17,824 : INFO : EventManager : Event: ======'mode_attract_starting'====== Args={}
2024-02-08 07:14:17,824 : INFO : Mode.attract : Started. Priority: 10
2024-02-08 07:14:17,824 : INFO : EventManager : Event: ======'modes_active_modes_changed'====== Args={}
2024-02-08 07:14:17,824 : INFO : EventManager : Event: ======'mode_attract_started'====== Args={}
2024-02-08 07:14:17,825 : INFO : EventManager : Event: ======'collecting_balls'====== Args={}
2024-02-08 07:14:17,825 : INFO : ball_device.bd_trough : Adding 2 ball(s) to the eject_queue with target <playfield.playfield>.
2024-02-08 07:14:17,825 : INFO : EventManager : Event: ======'balldevice_balls_available'====== Args={}
2024-02-08 07:14:17,825 : INFO : EventManager : Event: ======'balldevice_balls_available'====== Args={}
2024-02-08 07:14:17,842 : INFO : Machine : Starting the main run loop.
2024-02-08 07:14:17,843 : INFO : ball_device.bd_trough : State: waiting_for_target_ready
2024-02-08 07:14:17,843 : INFO : EventManager : Event: ======'balldevice_bd_trough_ball_eject_attempt'====== Args={'balls': 1, 'target': <playfield.playfield>, 'source': <ball_device.bd_trough>, 'mechanical_eject': False, 'num_attempts': 0}
2024-02-08 07:14:17,843 : INFO : ball_device.bd_trough : State: ejecting
2024-02-08 07:14:17,843 : INFO : ball_device.bd_trough : Ejecting ball to <playfield.playfield>
2024-02-08 07:14:17,843 : INFO : EventManager : Event: ======'balldevice_bd_trough_ejecting_ball'====== Args={'balls': 1, 'target': <playfield.playfield>, 'source': <ball_device.bd_trough>, 'mechanical_eject': False, 'num_attempts': 0}
2024-02-08 07:14:17,844 : INFO : ball_device.bd_trough : Wait for ball to leave device
2024-02-08 07:14:17,844 : INFO : coil.c_trough : Pulsing Driver for 13ms (0.95 pulse_power)
2024-02-08 07:14:17,869 : INFO : SwitchController : <<<<<<< 's_trough_4' inactive >>>>>>>
2024-02-08 07:14:17,872 : INFO : SwitchController : <<<<<<< 's_trough_4' active >>>>>>>
2024-02-08 07:14:17,874 : INFO : ball_device.bd_trough : State: ball_left
2024-02-08 07:14:17,874 : INFO : ball_device.bd_trough : Ball left
2024-02-08 07:14:17,874 : INFO : ball_device.bd_trough : Wait for confirm with timeout 10.0
2024-02-08 07:14:17,901 : INFO : SwitchController : <<<<<<< 's_trough_4' inactive >>>>>>>
2024-02-08 07:14:18,165 : INFO : SwitchController : <<<<<<< 's_trough_3' inactive >>>>>>>
2024-02-08 07:14:18,196 : INFO : SwitchController : <<<<<<< 's_trough_4' active >>>>>>>
2024-02-08 07:14:27,866 : INFO : ball_device.bd_trough : State: failed_confirm
2024-02-08 07:14:27,866 : INFO : ball_device.bd_trough : Got timeout (10.0s) before confirm from <playfield.playfield>
2024-02-08 07:14:27,960 : INFO : ball_device.bd_trough : Confirming eject because target is playfield and ball did not return.
2024-02-08 07:14:27,960 : INFO : ball_device.bd_trough : Eject successful
2024-02-08 07:14:27,960 : INFO : EventManager : Event: ======'balldevice_bd_trough_ball_eject_success'====== Args={'balls': 1, 'target': <playfield.playfield>}
2024-02-08 07:14:27,960 : INFO : EventManager : Event: ======'balldevice_playfield_ball_enter'====== Args={'new_balls': 1, 'unclaimed_balls': 1, 'device': <playfield.playfield>}
2024-02-08 07:14:27,960 : INFO : EventManager : Event: ======'playfield_ball_count_change'====== Args={'balls': 1, 'change': 1}
2024-02-08 07:14:27,961 : INFO : EventManager : Event: ======'balldevice_bd_trough_ball_count_changed'====== Args={'balls': 1}
2024-02-08 07:14:27,961 : INFO : ball_device.bd_trough : State: idle
2024-02-08 07:14:27,961 : INFO : ball_device.bd_trough : State: waiting_for_target_ready
2024-02-08 07:14:27,961 : INFO : EventManager : Event: ======'balldevice_bd_trough_ball_eject_attempt'====== Args={'balls': 1, 'target': <playfield.playfield>, 'source': <ball_device.bd_trough>, 'mechanical_eject': False, 'num_attempts': 0}
2024-02-08 07:14:27,962 : INFO : ball_device.bd_trough : State: ejecting
2024-02-08 07:14:27,962 : INFO : ball_device.bd_trough : Ejecting ball to <playfield.playfield>
2024-02-08 07:14:27,962 : INFO : EventManager : Event: ======'balldevice_bd_trough_ejecting_ball'====== Args={'balls': 1, 'target': <playfield.playfield>, 'source': <ball_device.bd_trough>, 'mechanical_eject': False, 'num_attempts': 0}
2024-02-08 07:14:27,962 : INFO : ball_device.bd_trough : Wait for ball to leave device
2024-02-08 07:14:27,962 : INFO : coil.c_trough : Pulsing Driver for 13ms (0.95 pulse_power)
2024-02-08 07:14:27,991 : INFO : SwitchController : <<<<<<< 's_trough_4' inactive >>>>>>>
2024-02-08 07:14:27,991 : INFO : SwitchController : <<<<<<< 's_trough_4' active >>>>>>>
2024-02-08 07:14:27,993 : INFO : ball_device.bd_trough : State: ball_left
2024-02-08 07:14:27,993 : INFO : ball_device.bd_trough : Ball left
2024-02-08 07:14:27,993 : INFO : ball_device.bd_trough : Wait for confirm with timeout 10.0
2024-02-08 07:14:28,006 : INFO : SwitchController : <<<<<<< 's_trough_4' inactive >>>>>>>
2024-02-08 07:14:37,995 : INFO : ball_device.bd_trough : State: failed_confirm
2024-02-08 07:14:37,995 : INFO : ball_device.bd_trough : Got timeout (10.0s) before confirm from <playfield.playfield>
2024-02-08 07:14:38,090 : INFO : ball_device.bd_trough : Confirming eject because target is playfield and ball did not return.
2024-02-08 07:14:38,090 : INFO : ball_device.bd_trough : Eject successful
2024-02-08 07:14:38,090 : INFO : EventManager : Event: ======'balldevice_bd_trough_ball_eject_success'====== Args={'balls': 1, 'target': <playfield.playfield>}
2024-02-08 07:14:38,091 : INFO : EventManager : Event: ======'balldevice_playfield_ball_enter'====== Args={'new_balls': 1, 'unclaimed_balls': 1, 'device': <playfield.playfield>}
2024-02-08 07:14:38,091 : INFO : EventManager : Event: ======'playfield_ball_count_change'====== Args={'balls': 2, 'change': 1}
2024-02-08 07:14:38,091 : INFO : EventManager : Event: ======'balldevice_bd_trough_ball_count_changed'====== Args={'balls': 0}
2024-02-08 07:14:38,091 : INFO : ball_device.bd_trough : State: idle
2024-02-08 07:15:45,458 : INFO : Machine : Shutting down...
2024-02-08 07:15:45,458 : INFO : EventManager : Event: ======'shutdown'====== Args={}
2024-02-08 07:15:45,555 : INFO : root : MPF run loop ended.
