2024-04-06 10:03:58,987 : INFO : root : Loading config.
2024-04-06 10:03:59,009 : INFO : ConfigProcessor : Config spec file cache created: /var/folders/l2/q8hj_6s91xnb2jxg1sqm0h7r0000gn/T/config_spec.mpf_cache
2024-04-06 10:03:59,010 : INFO : YamlMultifileConfigLoader : Machine config file #1: config.yaml
2024-04-06 10:03:59,010 : WARNING : ConfigProcessor : Config file in cache changed: /Users/tannerpetch/Documents/GitHub/lofab/config/config.yaml
2024-04-06 10:03:59,010 : INFO : ConfigProcessor : Loading config from file /Library/Frameworks/Python.framework/Versions/3.9/lib/python3.9/site-packages/mpf/mpfconfig.yaml.
2024-04-06 10:03:59,014 : INFO : ConfigProcessor : Loading config: /Library/Frameworks/Python.framework/Versions/3.9/lib/python3.9/site-packages/mpf/mpfconfig.yaml
2024-04-06 10:03:59,014 : INFO : ConfigProcessor : Loading config from file /Users/tannerpetch/Documents/GitHub/lofab/config/config.yaml.
2024-04-06 10:03:59,018 : INFO : ConfigProcessor : Loading config: /Users/tannerpetch/Documents/GitHub/lofab/config/config.yaml
2024-04-06 10:03:59,019 : INFO : ConfigProcessor : Config file cache created: /var/folders/l2/q8hj_6s91xnb2jxg1sqm0h7r0000gn/T/871505f0f2d2915bd502f0a1fb110f3b.mpf_cache
2024-04-06 10:03:59,043 : INFO : ConfigProcessor : Loading config from file /Library/Frameworks/Python.framework/Versions/3.9/lib/python3.9/site-packages/mpf/modes/attract/config/attract.yaml.
2024-04-06 10:03:59,043 : INFO : ConfigProcessor : Loading config: /Library/Frameworks/Python.framework/Versions/3.9/lib/python3.9/site-packages/mpf/modes/attract/config/attract.yaml
2024-04-06 10:03:59,043 : INFO : ConfigProcessor : Loading config from file /Users/tannerpetch/Documents/GitHub/lofab/modes/attract/config/attract.yaml.
2024-04-06 10:03:59,044 : INFO : ConfigProcessor : Loading config: /Users/tannerpetch/Documents/GitHub/lofab/modes/attract/config/attract.yaml
2024-04-06 10:03:59,044 : INFO : ConfigProcessor : Config file cache created: /var/folders/l2/q8hj_6s91xnb2jxg1sqm0h7r0000gn/T/640347d32029b3f32c9ad31d7a1b4b81.mpf_cache
2024-04-06 10:03:59,044 : INFO : ConfigProcessor : Loading config from file /Library/Frameworks/Python.framework/Versions/3.9/lib/python3.9/site-packages/mpf/modes/game/config/game.yaml.
2024-04-06 10:03:59,044 : INFO : ConfigProcessor : Loading config: /Library/Frameworks/Python.framework/Versions/3.9/lib/python3.9/site-packages/mpf/modes/game/config/game.yaml
2024-04-06 10:03:59,044 : INFO : ConfigProcessor : Config file cache created: /var/folders/l2/q8hj_6s91xnb2jxg1sqm0h7r0000gn/T/edcc5f1d3215b377c9faab88c62e4ce0.mpf_cache
2024-04-06 10:03:59,044 : INFO : ConfigProcessor : Loading config from cache: /var/folders/l2/q8hj_6s91xnb2jxg1sqm0h7r0000gn/T/640347d32029b3f32c9ad31d7a1b4b81.mpf_cache
2024-04-06 10:03:59,045 : WARNING : ConfigProcessor : Config file in cache changed: /Users/tannerpetch/Documents/GitHub/lofab/modes/base/config/base.yaml
2024-04-06 10:03:59,045 : INFO : ConfigProcessor : Loading config from file /Users/tannerpetch/Documents/GitHub/lofab/modes/base/config/base.yaml.
2024-04-06 10:03:59,045 : INFO : ConfigProcessor : Loading config: /Users/tannerpetch/Documents/GitHub/lofab/modes/base/config/base.yaml
2024-04-06 10:03:59,045 : INFO : ConfigProcessor : Config file cache created: /var/folders/l2/q8hj_6s91xnb2jxg1sqm0h7r0000gn/T/f97c90855879603280fcc571f5c42639.mpf_cache
2024-04-06 10:03:59,046 : INFO : ConfigProcessor : Loading config from file /Users/tannerpetch/Documents/GitHub/lofab/modes/attract/shows/./red_knife_expand_reverse.yaml.
2024-04-06 10:03:59,069 : INFO : ConfigProcessor : Loading config: /Users/tannerpetch/Documents/GitHub/lofab/modes/attract/shows/./red_knife_expand_reverse.yaml
2024-04-06 10:03:59,069 : INFO : ConfigProcessor : Config file cache created: /var/folders/l2/q8hj_6s91xnb2jxg1sqm0h7r0000gn/T/3dbc438e88423aa3ff742db2713b600f.mpf_cache
2024-04-06 10:03:59,069 : INFO : ConfigProcessor : Loading config from file /Users/tannerpetch/Documents/GitHub/lofab/modes/attract/shows/./attract_tilt.yaml.
2024-04-06 10:03:59,070 : INFO : ConfigProcessor : Loading config: /Users/tannerpetch/Documents/GitHub/lofab/modes/attract/shows/./attract_tilt.yaml
2024-04-06 10:03:59,070 : INFO : ConfigProcessor : Config file cache created: /var/folders/l2/q8hj_6s91xnb2jxg1sqm0h7r0000gn/T/154d071a3850556c6f3eae37bf41c8b6.mpf_cache
2024-04-06 10:03:59,070 : INFO : ConfigProcessor : Loading config from file /Users/tannerpetch/Documents/GitHub/lofab/modes/attract/shows/./knife_breathe.yaml.
2024-04-06 10:03:59,127 : INFO : ConfigProcessor : Loading config: /Users/tannerpetch/Documents/GitHub/lofab/modes/attract/shows/./knife_breathe.yaml
2024-04-06 10:03:59,128 : INFO : ConfigProcessor : Config file cache created: /var/folders/l2/q8hj_6s91xnb2jxg1sqm0h7r0000gn/T/ab100dbe0e16472b56f0213f3842a00f.mpf_cache
2024-04-06 10:03:59,129 : INFO : ConfigProcessor : Loading config from file /Users/tannerpetch/Documents/GitHub/lofab/modes/attract/shows/./gi-start.yaml.
2024-04-06 10:03:59,129 : INFO : ConfigProcessor : Loading config: /Users/tannerpetch/Documents/GitHub/lofab/modes/attract/shows/./gi-start.yaml
2024-04-06 10:03:59,129 : INFO : ConfigProcessor : Config file cache created: /var/folders/l2/q8hj_6s91xnb2jxg1sqm0h7r0000gn/T/0f3c951d4c93079ae3fac6429c5bc2ee.mpf_cache
2024-04-06 10:03:59,129 : INFO : ConfigProcessor : Loading config from file /Users/tannerpetch/Documents/GitHub/lofab/modes/attract/shows/./red_circle_expand.yaml.
2024-04-06 10:03:59,151 : INFO : ConfigProcessor : Loading config: /Users/tannerpetch/Documents/GitHub/lofab/modes/attract/shows/./red_circle_expand.yaml
2024-04-06 10:03:59,152 : INFO : ConfigProcessor : Config file cache created: /var/folders/l2/q8hj_6s91xnb2jxg1sqm0h7r0000gn/T/8bf004783a280ac33d17b88f37848116.mpf_cache
2024-04-06 10:03:59,152 : INFO : ConfigProcessor : Loading config from cache: /var/folders/l2/q8hj_6s91xnb2jxg1sqm0h7r0000gn/T/d5d50eaa09e055f3a827c6269a3aa165.mpf_cache
2024-04-06 10:03:59,153 : INFO : Machine : Mission Pinball Framework Core Engine v0.57.1.dev3
2024-04-06 10:03:59,153 : INFO : Machine : Command line arguments: {'no_load_cache': False, 'create_config_cache': True, 'bcp': False, 'configfile': ['config.yaml'], 'force_assets_load': False, 'platform_integration_test': False, 'jsonlogging': False, 'logfile': 'logs/2024-04-06-10-03-58-mpf-Tanners-Laptop.local.log', 'pause': False, 'production': False, 'text_ui': True, 'loglevel': 15, 'consoleloglevel': 20, 'force_platform': 'virtual', 'syslog_address': None, 'mc_file_name': None, 'no_sound': False}
2024-04-06 10:03:59,153 : INFO : Machine : MPF path: /Library/Frameworks/Python.framework/Versions/3.9/lib/python3.9/site-packages/mpf
2024-04-06 10:03:59,153 : INFO : Machine : Machine path: /Users/tannerpetch/Documents/GitHub/lofab
2024-04-06 10:03:59,153 : INFO : Machine : Platform: darwin
2024-04-06 10:03:59,153 : INFO : Machine : Python executable location: /Library/Frameworks/Python.framework/Versions/3.9/bin/python3.9
2024-04-06 10:03:59,153 : INFO : Machine : Python version: 3.9.13 (64-bit)
2024-04-06 10:03:59,153 : INFO : Machine : Initializing MPF...
2024-04-06 10:03:59,177 : INFO : EventManager : Event: ======'machine_var_credits_string'====== Args={'value': 'FREE PLAY', 'prev_value': None, 'change': True}
2024-04-06 10:03:59,191 : INFO : EventManager : Event: ======'machine_var_master_volume'====== Args={'value': 0.5, 'prev_value': None, 'change': True}
2024-04-06 10:03:59,191 : INFO : EventManager : Event: ======'machine_var_player1_score'====== Args={'value': 0, 'prev_value': None, 'change': True}
2024-04-06 10:03:59,191 : INFO : EventManager : Event: ======'machine_var_mpf_version'====== Args={'value': 'Mission Pinball Framework v0.57.1.dev3', 'prev_value': None, 'change': True}
2024-04-06 10:03:59,191 : INFO : EventManager : Event: ======'machine_var_mpf_extended_version'====== Args={'value': 'Mission Pinball Framework v0.57.1.dev3, Config version:6, Show version: 6, BCP version:1.1', 'prev_value': None, 'change': True}
2024-04-06 10:03:59,191 : INFO : EventManager : Event: ======'machine_var_python_version'====== Args={'value': '3.9.13', 'prev_value': None, 'change': True}
2024-04-06 10:03:59,201 : INFO : EventManager : Event: ======'machine_var_platform'====== Args={'value': 'macOS-14.3-arm64-arm-64bit', 'prev_value': None, 'change': True}
2024-04-06 10:03:59,201 : INFO : EventManager : Event: ======'machine_var_platform_system'====== Args={'value': 'Darwin', 'prev_value': None, 'change': True}
2024-04-06 10:03:59,201 : INFO : EventManager : Event: ======'machine_var_platform_release'====== Args={'value': '23.3.0', 'prev_value': None, 'change': True}
2024-04-06 10:03:59,201 : INFO : EventManager : Event: ======'machine_var_platform_version'====== Args={'value': 'Darwin Kernel Version 23.3.0: Thu Dec 21 02:29:41 PST 2023; root:xnu-10002.81.5~11/RELEASE_ARM64_T8122', 'prev_value': None, 'change': True}
2024-04-06 10:03:59,201 : INFO : EventManager : Event: ======'machine_var_platform_machine'====== Args={'value': 'arm64', 'prev_value': None, 'change': True}
2024-04-06 10:03:59,201 : INFO : EventManager : Event: ======'init_phase_1'====== Args={}
2024-04-06 10:03:59,213 : INFO : EventManager : Event: ======'init_phase_2'====== Args={}
2024-04-06 10:03:59,215 : INFO : ball_device.bd_vuk : BCH: Initial count: 0
2024-04-06 10:03:59,215 : INFO : ball_device.bd_vuk : State: idle
2024-04-06 10:03:59,215 : INFO : ball_device.bd_trough : BCH: Initial count: 0
2024-04-06 10:03:59,215 : INFO : ball_device.bd_trough : State: idle
2024-04-06 10:03:59,218 : INFO : EventManager : Event: ======'init_phase_3'====== Args={}
2024-04-06 10:03:59,361 : INFO : EventManager : Event: ======'init_phase_4'====== Args={}
2024-04-06 10:03:59,362 : INFO : BallController : Initial balls found: 0
2024-04-06 10:03:59,363 : INFO : EventManager : Event: ======'machine_var_audits_events_game_ended'====== Args={'value': 44, 'prev_value': None, 'change': True}
2024-04-06 10:03:59,363 : INFO : EventManager : Event: ======'machine_var_audits_events_game_started'====== Args={'value': 124, 'prev_value': None, 'change': True}
2024-04-06 10:03:59,363 : INFO : EventManager : Event: ======'machine_var_audits_missing_switches_s_e'====== Args={'value': 4, 'prev_value': None, 'change': True}
2024-04-06 10:03:59,363 : INFO : EventManager : Event: ======'machine_var_audits_missing_switches_s_flipper_l'====== Args={'value': 4, 'prev_value': None, 'change': True}
2024-04-06 10:03:59,363 : INFO : EventManager : Event: ======'machine_var_audits_missing_switches_s_flipper_r'====== Args={'value': 4, 'prev_value': None, 'change': True}
2024-04-06 10:03:59,363 : INFO : EventManager : Event: ======'machine_var_audits_missing_switches_s_h'====== Args={'value': 4, 'prev_value': None, 'change': True}
2024-04-06 10:03:59,363 : INFO : EventManager : Event: ======'machine_var_audits_missing_switches_s_launch'====== Args={'value': 4, 'prev_value': None, 'change': True}
2024-04-06 10:03:59,363 : INFO : EventManager : Event: ======'machine_var_audits_missing_switches_s_pop'====== Args={'value': 4, 'prev_value': None, 'change': True}
2024-04-06 10:03:59,363 : INFO : EventManager : Event: ======'machine_var_audits_missing_switches_s_ramp_complete'====== Args={'value': 4, 'prev_value': None, 'change': True}
2024-04-06 10:03:59,363 : INFO : EventManager : Event: ======'machine_var_audits_missing_switches_s_ramp_l'====== Args={'value': 4, 'prev_value': None, 'change': True}
2024-04-06 10:03:59,363 : INFO : EventManager : Event: ======'machine_var_audits_missing_switches_s_ramp_r'====== Args={'value': 4, 'prev_value': None, 'change': True}
2024-04-06 10:03:59,363 : INFO : EventManager : Event: ======'machine_var_audits_missing_switches_s_sling_l'====== Args={'value': 4, 'prev_value': None, 'change': True}
2024-04-06 10:03:59,363 : INFO : EventManager : Event: ======'machine_var_audits_missing_switches_s_sling_r'====== Args={'value': 4, 'prev_value': None, 'change': True}
2024-04-06 10:03:59,363 : INFO : EventManager : Event: ======'machine_var_audits_missing_switches_s_spinner'====== Args={'value': 4, 'prev_value': None, 'change': True}
2024-04-06 10:03:59,363 : INFO : EventManager : Event: ======'machine_var_audits_missing_switches_s_start'====== Args={'value': 4, 'prev_value': None, 'change': True}
2024-04-06 10:03:59,363 : INFO : EventManager : Event: ======'machine_var_audits_missing_switches_s_stationary_S'====== Args={'value': 4, 'prev_value': None, 'change': True}
2024-04-06 10:03:59,363 : INFO : EventManager : Event: ======'machine_var_audits_missing_switches_s_stationary_back'====== Args={'value': 4, 'prev_value': None, 'change': True}
2024-04-06 10:03:59,363 : INFO : EventManager : Event: ======'machine_var_audits_missing_switches_s_stationary_o'====== Args={'value': 4, 'prev_value': None, 'change': True}
2024-04-06 10:03:59,363 : INFO : EventManager : Event: ======'machine_var_audits_missing_switches_s_stationay_u'====== Args={'value': 4, 'prev_value': None, 'change': True}
2024-04-06 10:03:59,363 : INFO : EventManager : Event: ======'machine_var_audits_missing_switches_s_trough_1'====== Args={'value': 1, 'prev_value': None, 'change': True}
2024-04-06 10:03:59,363 : INFO : EventManager : Event: ======'machine_var_audits_missing_switches_s_trough_2'====== Args={'value': 4, 'prev_value': None, 'change': True}
2024-04-06 10:03:59,363 : INFO : EventManager : Event: ======'machine_var_audits_missing_switches_s_trough_3'====== Args={'value': 4, 'prev_value': None, 'change': True}
2024-04-06 10:03:59,363 : INFO : EventManager : Event: ======'machine_var_audits_missing_switches_s_trough_4'====== Args={'value': 4, 'prev_value': None, 'change': True}
2024-04-06 10:03:59,364 : INFO : EventManager : Event: ======'machine_var_audits_missing_switches_s_vuk'====== Args={'value': 4, 'prev_value': None, 'change': True}
2024-04-06 10:03:59,364 : INFO : EventManager : Event: ======'machine_var_audits_player_score'====== Args={'value': {'average': 0.0, 'top': [0, 0, 0, 0, 0, 0, 0, 0, 0, 0], 'total': 44}, 'prev_value': None, 'change': True}
2024-04-06 10:03:59,364 : INFO : EventManager : Event: ======'machine_var_audits_switches_s_9'====== Args={'value': 0, 'prev_value': None, 'change': True}
2024-04-06 10:03:59,364 : INFO : EventManager : Event: ======'machine_var_audits_switches_s_autolauncher'====== Args={'value': 422, 'prev_value': None, 'change': True}
2024-04-06 10:03:59,364 : INFO : EventManager : Event: ======'machine_var_audits_switches_s_b_eos'====== Args={'value': 2450, 'prev_value': None, 'change': True}
2024-04-06 10:03:59,364 : INFO : EventManager : Event: ======'machine_var_audits_switches_s_b_pop'====== Args={'value': 446, 'prev_value': None, 'change': True}
2024-04-06 10:03:59,364 : INFO : EventManager : Event: ======'machine_var_audits_switches_s_b_rollover_interchange'====== Args={'value': 10, 'prev_value': None, 'change': True}
2024-04-06 10:03:59,364 : INFO : EventManager : Event: ======'machine_var_audits_switches_s_b_rollover_loop'====== Args={'value': 24, 'prev_value': None, 'change': True}
2024-04-06 10:03:59,364 : INFO : EventManager : Event: ======'machine_var_audits_switches_s_b_rollover_misc'====== Args={'value': 33, 'prev_value': None, 'change': True}
2024-04-06 10:03:59,364 : INFO : EventManager : Event: ======'machine_var_audits_switches_s_b_target_left'====== Args={'value': 21, 'prev_value': None, 'change': True}
2024-04-06 10:03:59,364 : INFO : EventManager : Event: ======'machine_var_audits_switches_s_b_target_right'====== Args={'value': 39, 'prev_value': None, 'change': True}
2024-04-06 10:03:59,364 : INFO : EventManager : Event: ======'machine_var_audits_switches_s_drop_mid_center'====== Args={'value': 113, 'prev_value': None, 'change': True}
2024-04-06 10:03:59,364 : INFO : EventManager : Event: ======'machine_var_audits_switches_s_drop_mid_left'====== Args={'value': 76, 'prev_value': None, 'change': True}
2024-04-06 10:03:59,364 : INFO : EventManager : Event: ======'machine_var_audits_switches_s_drop_mid_right'====== Args={'value': 96, 'prev_value': None, 'change': True}
2024-04-06 10:03:59,364 : INFO : EventManager : Event: ======'machine_var_audits_switches_s_drop_right_left'====== Args={'value': 32, 'prev_value': None, 'change': True}
2024-04-06 10:03:59,364 : INFO : EventManager : Event: ======'machine_var_audits_switches_s_drop_right_right'====== Args={'value': 32, 'prev_value': None, 'change': True}
2024-04-06 10:03:59,364 : INFO : EventManager : Event: ======'machine_var_audits_switches_s_drop_scoop'====== Args={'value': 0, 'prev_value': None, 'change': True}
2024-04-06 10:03:59,365 : INFO : EventManager : Event: ======'machine_var_audits_switches_s_drop_single'====== Args={'value': 24, 'prev_value': None, 'change': True}
2024-04-06 10:03:59,365 : INFO : EventManager : Event: ======'machine_var_audits_switches_s_e'====== Args={'value': 0, 'prev_value': None, 'change': True}
2024-04-06 10:03:59,365 : INFO : EventManager : Event: ======'machine_var_audits_switches_s_flip_left_eos'====== Args={'value': 25095, 'prev_value': None, 'change': True}
2024-04-06 10:03:59,365 : INFO : EventManager : Event: ======'machine_var_audits_switches_s_flip_left_top_eos'====== Args={'value': 1729, 'prev_value': None, 'change': True}
2024-04-06 10:03:59,365 : INFO : EventManager : Event: ======'machine_var_audits_switches_s_flip_right_eos'====== Args={'value': 2110, 'prev_value': None, 'change': True}
2024-04-06 10:03:59,365 : INFO : EventManager : Event: ======'machine_var_audits_switches_s_flipper_l'====== Args={'value': 251, 'prev_value': None, 'change': True}
2024-04-06 10:03:59,365 : INFO : EventManager : Event: ======'machine_var_audits_switches_s_flipper_r'====== Args={'value': 166, 'prev_value': None, 'change': True}
2024-04-06 10:03:59,365 : INFO : EventManager : Event: ======'machine_var_audits_switches_s_h'====== Args={'value': 0, 'prev_value': None, 'change': True}
2024-04-06 10:03:59,365 : INFO : EventManager : Event: ======'machine_var_audits_switches_s_inlane_left'====== Args={'value': 31, 'prev_value': None, 'change': True}
2024-04-06 10:03:59,365 : INFO : EventManager : Event: ======'machine_var_audits_switches_s_inlane_right'====== Args={'value': 59, 'prev_value': None, 'change': True}
2024-04-06 10:03:59,365 : INFO : EventManager : Event: ======'machine_var_audits_switches_s_l_rollover'====== Args={'value': 9, 'prev_value': None, 'change': True}
2024-04-06 10:03:59,365 : INFO : EventManager : Event: ======'machine_var_audits_switches_s_l_target_far'====== Args={'value': 9, 'prev_value': None, 'change': True}
2024-04-06 10:03:59,365 : INFO : EventManager : Event: ======'machine_var_audits_switches_s_l_target_large'====== Args={'value': 9, 'prev_value': None, 'change': True}
2024-04-06 10:03:59,365 : INFO : EventManager : Event: ======'machine_var_audits_switches_s_l_target_left'====== Args={'value': 10, 'prev_value': None, 'change': True}
2024-04-06 10:03:59,365 : INFO : EventManager : Event: ======'machine_var_audits_switches_s_l_target_right'====== Args={'value': 9, 'prev_value': None, 'change': True}
2024-04-06 10:03:59,366 : INFO : EventManager : Event: ======'machine_var_audits_switches_s_l_vuk'====== Args={'value': 9, 'prev_value': None, 'change': True}
2024-04-06 10:03:59,366 : INFO : EventManager : Event: ======'machine_var_audits_switches_s_launch'====== Args={'value': 460, 'prev_value': None, 'change': True}
2024-04-06 10:03:59,366 : INFO : EventManager : Event: ======'machine_var_audits_switches_s_left_flipper_1'====== Args={'value': 1947, 'prev_value': None, 'change': True}
2024-04-06 10:03:59,366 : INFO : EventManager : Event: ======'machine_var_audits_switches_s_left_flipper_2'====== Args={'value': 651, 'prev_value': None, 'change': True}
2024-04-06 10:03:59,366 : INFO : EventManager : Event: ======'machine_var_audits_switches_s_lock_1'====== Args={'value': 1, 'prev_value': None, 'change': True}
2024-04-06 10:03:59,366 : INFO : EventManager : Event: ======'machine_var_audits_switches_s_lock_2'====== Args={'value': 1, 'prev_value': None, 'change': True}
2024-04-06 10:03:59,366 : INFO : EventManager : Event: ======'machine_var_audits_switches_s_lock_3'====== Args={'value': 1, 'prev_value': None, 'change': True}
2024-04-06 10:03:59,366 : INFO : EventManager : Event: ======'machine_var_audits_switches_s_outlane_left'====== Args={'value': 12, 'prev_value': None, 'change': True}
2024-04-06 10:03:59,366 : INFO : EventManager : Event: ======'machine_var_audits_switches_s_outlane_right'====== Args={'value': 28, 'prev_value': None, 'change': True}
2024-04-06 10:03:59,366 : INFO : EventManager : Event: ======'machine_var_audits_switches_s_pop'====== Args={'value': 62, 'prev_value': None, 'change': True}
2024-04-06 10:03:59,366 : INFO : EventManager : Event: ======'machine_var_audits_switches_s_pop_left'====== Args={'value': 152, 'prev_value': None, 'change': True}
2024-04-06 10:03:59,366 : INFO : EventManager : Event: ======'machine_var_audits_switches_s_pop_lower'====== Args={'value': 560, 'prev_value': None, 'change': True}
2024-04-06 10:03:59,367 : INFO : EventManager : Event: ======'machine_var_audits_switches_s_pop_right'====== Args={'value': 2348, 'prev_value': None, 'change': True}
2024-04-06 10:03:59,367 : INFO : EventManager : Event: ======'machine_var_audits_switches_s_ramp_complete'====== Args={'value': 0, 'prev_value': None, 'change': True}
2024-04-06 10:03:59,367 : INFO : EventManager : Event: ======'machine_var_audits_switches_s_ramp_l'====== Args={'value': 0, 'prev_value': None, 'change': True}
2024-04-06 10:03:59,367 : INFO : EventManager : Event: ======'machine_var_audits_switches_s_ramp_r'====== Args={'value': 0, 'prev_value': None, 'change': True}
2024-04-06 10:03:59,367 : INFO : EventManager : Event: ======'machine_var_audits_switches_s_right_flipper_1'====== Args={'value': 3494, 'prev_value': None, 'change': True}
2024-04-06 10:03:59,367 : INFO : EventManager : Event: ======'machine_var_audits_switches_s_right_flipper_2'====== Args={'value': 3304, 'prev_value': None, 'change': True}
2024-04-06 10:03:59,367 : INFO : EventManager : Event: ======'machine_var_audits_switches_s_rollover_left'====== Args={'value': 84, 'prev_value': None, 'change': True}
2024-04-06 10:03:59,367 : INFO : EventManager : Event: ======'machine_var_audits_switches_s_rollover_right'====== Args={'value': 488, 'prev_value': None, 'change': True}
2024-04-06 10:03:59,367 : INFO : EventManager : Event: ======'machine_var_audits_switches_s_sling_l'====== Args={'value': 35, 'prev_value': None, 'change': True}
2024-04-06 10:03:59,367 : INFO : EventManager : Event: ======'machine_var_audits_switches_s_sling_left'====== Args={'value': 159, 'prev_value': None, 'change': True}
2024-04-06 10:03:59,367 : INFO : EventManager : Event: ======'machine_var_audits_switches_s_sling_r'====== Args={'value': 32, 'prev_value': None, 'change': True}
2024-04-06 10:03:59,368 : INFO : EventManager : Event: ======'machine_var_audits_switches_s_sling_right'====== Args={'value': 237, 'prev_value': None, 'change': True}
2024-04-06 10:03:59,368 : INFO : EventManager : Event: ======'machine_var_audits_switches_s_spinner'====== Args={'value': 0, 'prev_value': None, 'change': True}
2024-04-06 10:03:59,368 : INFO : EventManager : Event: ======'machine_var_audits_switches_s_start'====== Args={'value': 118, 'prev_value': None, 'change': True}
2024-04-06 10:03:59,368 : INFO : EventManager : Event: ======'machine_var_audits_switches_s_stationary_S'====== Args={'value': 0, 'prev_value': None, 'change': True}
2024-04-06 10:03:59,368 : INFO : EventManager : Event: ======'machine_var_audits_switches_s_stationary_back'====== Args={'value': 28, 'prev_value': None, 'change': True}
2024-04-06 10:03:59,368 : INFO : EventManager : Event: ======'machine_var_audits_switches_s_stationary_l'====== Args={'value': 43, 'prev_value': None, 'change': True}
2024-04-06 10:03:59,368 : INFO : EventManager : Event: ======'machine_var_audits_switches_s_stationary_o'====== Args={'value': 0, 'prev_value': None, 'change': True}
2024-04-06 10:03:59,368 : INFO : EventManager : Event: ======'machine_var_audits_switches_s_stationary_right'====== Args={'value': 23, 'prev_value': None, 'change': True}
2024-04-06 10:03:59,368 : INFO : EventManager : Event: ======'machine_var_audits_switches_s_stationay_u'====== Args={'value': 0, 'prev_value': None, 'change': True}
2024-04-06 10:03:59,368 : INFO : EventManager : Event: ======'machine_var_audits_switches_s_tilt'====== Args={'value': 2735, 'prev_value': None, 'change': True}
2024-04-06 10:03:59,369 : INFO : EventManager : Event: ======'machine_var_audits_switches_s_trough_1'====== Args={'value': 65, 'prev_value': None, 'change': True}
2024-04-06 10:03:59,369 : INFO : EventManager : Event: ======'machine_var_audits_switches_s_trough_2'====== Args={'value': 504, 'prev_value': None, 'change': True}
2024-04-06 10:03:59,369 : INFO : EventManager : Event: ======'machine_var_audits_switches_s_trough_3'====== Args={'value': 459, 'prev_value': None, 'change': True}
2024-04-06 10:03:59,369 : INFO : EventManager : Event: ======'machine_var_audits_switches_s_trough_4'====== Args={'value': 506, 'prev_value': None, 'change': True}
2024-04-06 10:03:59,369 : INFO : EventManager : Event: ======'machine_var_audits_switches_s_trough_5'====== Args={'value': 284, 'prev_value': None, 'change': True}
2024-04-06 10:03:59,369 : INFO : EventManager : Event: ======'machine_var_audits_switches_s_trough_6'====== Args={'value': 277, 'prev_value': None, 'change': True}
2024-04-06 10:03:59,369 : INFO : EventManager : Event: ======'machine_var_audits_switches_s_trough_jam'====== Args={'value': 344, 'prev_value': None, 'change': True}
2024-04-06 10:03:59,370 : INFO : EventManager : Event: ======'machine_var_audits_switches_s_u_lane_l'====== Args={'value': 15, 'prev_value': None, 'change': True}
2024-04-06 10:03:59,370 : INFO : EventManager : Event: ======'machine_var_audits_switches_s_u_lane_r'====== Args={'value': 20, 'prev_value': None, 'change': True}
2024-04-06 10:03:59,370 : INFO : EventManager : Event: ======'machine_var_audits_switches_s_u_rollover'====== Args={'value': 10, 'prev_value': None, 'change': True}
2024-04-06 10:03:59,370 : INFO : EventManager : Event: ======'machine_var_audits_switches_s_u_target'====== Args={'value': 8, 'prev_value': None, 'change': True}
2024-04-06 10:03:59,370 : INFO : EventManager : Event: ======'machine_var_audits_switches_s_vuk'====== Args={'value': 15, 'prev_value': None, 'change': True}
2024-04-06 10:03:59,370 : INFO : EventManager : Event: ======'machine_var_audits_switches_s_vuk_back'====== Args={'value': 489, 'prev_value': None, 'change': True}
2024-04-06 10:03:59,370 : INFO : EventManager : Event: ======'machine_var_audits_switches_s_vuk_right'====== Args={'value': 1, 'prev_value': None, 'change': True}
2024-04-06 10:03:59,371 : INFO : EventManager : Event: ======'init_phase_5'====== Args={}
2024-04-06 10:03:59,371 : INFO : EventManager : Event: ======'init_done'====== Args={}
2024-04-06 10:03:59,371 : INFO : EventManager : Event: ======'machine_reset_phase_1'====== Args={}
2024-04-06 10:03:59,372 : INFO : EventManager : Event: ======'machine_reset_phase_2'====== Args={}
2024-04-06 10:03:59,372 : INFO : EventManager : Event: ======'machine_reset_phase_3'====== Args={}
2024-04-06 10:03:59,372 : INFO : EventManager : Event: ======'reset_complete'====== Args={}
2024-04-06 10:03:59,372 : INFO : EventManager : Event: ======'mode_attract_will_start'====== Args={}
2024-04-06 10:03:59,372 : INFO : EventManager : Event: ======'mode_attract_starting'====== Args={}
2024-04-06 10:03:59,372 : INFO : Mode.attract : Started. Priority: 10
2024-04-06 10:03:59,372 : INFO : EventManager : Event: ======'modes_active_modes_changed'====== Args={}
2024-04-06 10:03:59,372 : INFO : EventManager : Event: ======'mode_attract_started'====== Args={}
2024-04-06 10:03:59,372 : INFO : EventManager : Event: ======'collecting_balls_complete'====== Args={}
2024-04-06 10:03:59,372 : INFO : Machine : Starting the main run loop.
2024-04-06 10:04:00,115 : INFO : BcpServer : New client connected.
2024-04-06 10:04:07,619 : INFO : SwitchController : <<<<<<< 's_start' active >>>>>>>
2024-04-06 10:04:07,703 : INFO : SwitchController : <<<<<<< 's_start' inactive >>>>>>>
2024-04-06 10:04:07,703 : INFO : EventManager : Event: ======'request_to_start_game'====== Args={}
2024-04-06 10:04:07,704 : INFO : BallController : Known balls: 0
2024-04-06 10:04:07,704 : INFO : BallController : bd_vuk contains 0 balls. Tags []
2024-04-06 10:04:07,704 : INFO : BallController : bd_trough contains 0 balls. Tags ['trough', 'home', 'drain']
2024-04-06 10:04:07,704 : INFO : BallController : playfield contains 0 balls. Tags ['default']
2024-04-06 10:04:07,704 : WARNING : BallController : BallController denies game start. Not enough balls. 0 found. 1 required
2024-04-06 10:04:07,704 : INFO : BallController : Triggering ball search.
2024-04-06 10:04:14,634 : INFO : SwitchController : <<<<<<< 's_start' active >>>>>>>
2024-04-06 10:04:14,766 : INFO : SwitchController : <<<<<<< 's_start' inactive >>>>>>>
2024-04-06 10:04:14,766 : INFO : EventManager : Event: ======'request_to_start_game'====== Args={}
2024-04-06 10:04:14,767 : INFO : BallController : Known balls: 0
2024-04-06 10:04:14,767 : INFO : BallController : bd_vuk contains 0 balls. Tags []
2024-04-06 10:04:14,767 : INFO : BallController : bd_trough contains 0 balls. Tags ['trough', 'home', 'drain']
2024-04-06 10:04:14,767 : INFO : BallController : playfield contains 0 balls. Tags ['default']
2024-04-06 10:04:14,767 : WARNING : BallController : BallController denies game start. Not enough balls. 0 found. 1 required
2024-04-06 10:04:14,767 : INFO : BallController : Triggering ball search.
2024-04-06 10:04:14,915 : INFO : SwitchController : <<<<<<< 's_start' active >>>>>>>
2024-04-06 10:04:15,032 : INFO : SwitchController : <<<<<<< 's_start' inactive >>>>>>>
2024-04-06 10:04:15,032 : INFO : EventManager : Event: ======'request_to_start_game'====== Args={}
2024-04-06 10:04:15,033 : INFO : BallController : Known balls: 0
2024-04-06 10:04:15,033 : INFO : BallController : bd_vuk contains 0 balls. Tags []
2024-04-06 10:04:15,033 : INFO : BallController : bd_trough contains 0 balls. Tags ['trough', 'home', 'drain']
2024-04-06 10:04:15,033 : INFO : BallController : playfield contains 0 balls. Tags ['default']
2024-04-06 10:04:15,033 : WARNING : BallController : BallController denies game start. Not enough balls. 0 found. 1 required
2024-04-06 10:04:15,033 : INFO : BallController : Triggering ball search.
2024-04-06 10:04:18,267 : INFO : SwitchController : <<<<<<< 's_trough_1' active >>>>>>>
2024-04-06 10:04:18,417 : INFO : SwitchController : <<<<<<< 's_trough_1' inactive >>>>>>>
2024-04-06 10:04:18,784 : INFO : SwitchController : <<<<<<< 's_trough_1' active >>>>>>>
2024-04-06 10:04:19,286 : INFO : EventManager : Event: ======'balldevice_bd_trough_ball_count_changed'====== Args={'balls': 1}
2024-04-06 10:04:19,286 : INFO : ball_device.bd_trough : Received unexpected ball
2024-04-06 10:04:19,286 : INFO : EventManager : Event: ======'balldevice_captured_from_playfield'====== Args={'balls': 1}
2024-04-06 10:04:19,287 : INFO : EventManager : Event: ======'sw_playfield_active'====== Args={'balls': 1}
2024-04-06 10:04:19,287 : INFO : EventManager : Event: ======'playfield_active'====== Args={}
2024-04-06 10:04:19,287 : INFO : EventManager : Event: ======'unexpected_ball_on_playfield'====== Args={}
2024-04-06 10:04:19,287 : INFO : EventManager : Event: ======'playfield_ball_count_change'====== Args={'balls': -1, 'change': -1}
2024-04-06 10:04:19,288 : INFO : EventManager : Event: ======'balldevice_playfield_ball_enter'====== Args={'new_balls': 1, 'unclaimed_balls': 1, 'device': <playfield.playfield>}
2024-04-06 10:04:19,288 : INFO : EventManager : Event: ======'playfield_ball_count_change'====== Args={'balls': 0, 'change': 1}
2024-04-06 10:04:19,288 : INFO : BallController : Found a new ball which was captured from playfield. Known balls: 1
2024-04-06 10:04:19,288 : INFO : EventManager : Event: ======'found_new_ball'====== Args={}
2024-04-06 10:04:19,288 : INFO : EventManager : Event: ======'balldevice_bd_trough_ball_enter'====== Args={'new_balls': 1, 'unclaimed_balls': 1, 'new_available_balls': 1, 'device': <ball_device.bd_trough>}
2024-04-06 10:04:19,289 : INFO : EventManager : Event: ======'ball_drain'====== Args={'device': <ball_device.bd_trough>, 'balls': 1}
2024-04-06 10:04:19,289 : INFO : EventManager : Event: ======'balldevice_balls_available'====== Args={}
2024-04-06 10:04:19,289 : INFO : EventManager : Event: ======'balldevice_bd_trough_ball_entered'====== Args={'new_balls': 1, 'device': <ball_device.bd_trough>}
2024-04-06 10:04:21,234 : INFO : SwitchController : <<<<<<< 's_start' active >>>>>>>
2024-04-06 10:04:21,365 : INFO : SwitchController : <<<<<<< 's_start' inactive >>>>>>>
2024-04-06 10:04:21,365 : INFO : EventManager : Event: ======'request_to_start_game'====== Args={}
2024-04-06 10:04:21,365 : INFO : EventManager : Event: ======'game_start'====== Args={'buttons': [], 'hold_time': 0.13026312499999904}
2024-04-06 10:04:21,365 : INFO : EventManager : Event: ======'mode_game_will_start'====== Args={'buttons': [], 'hold_time': 0.13026312499999904}
2024-04-06 10:04:21,366 : INFO : EventManager : Event: ======'mode_game_starting'====== Args={'buttons': [], 'hold_time': 0.13026312499999904}
2024-04-06 10:04:21,366 : INFO : EventManager : Event: ======'mode_attract_will_stop'====== Args={}
2024-04-06 10:04:21,367 : INFO : EventManager : Event: ======'mode_attract_stopping'====== Args={}
2024-04-06 10:04:21,367 : INFO : Mode.attract : Stopped.
2024-04-06 10:04:21,367 : INFO : EventManager : Event: ======'modes_active_modes_changed'====== Args={}
2024-04-06 10:04:21,367 : INFO : EventManager : Event: ======'mode_attract_stopped'====== Args={}
2024-04-06 10:04:21,368 : INFO : EventManager : Event: ======'clear'====== Args={'key': 'attract'}
2024-04-06 10:04:21,368 : INFO : Mode.game : Started. Priority: 20
2024-04-06 10:04:21,368 : INFO : EventManager : Event: ======'modes_active_modes_changed'====== Args={}
2024-04-06 10:04:21,368 : INFO : EventManager : Event: ======'mode_game_started'====== Args={'buttons': [], 'hold_time': 0.13026312499999904}
2024-04-06 10:04:21,369 : INFO : EventManager : Event: ======'game_will_start'====== Args={}
2024-04-06 10:04:21,369 : INFO : EventManager : Event: ======'game_starting'====== Args={'game': <Mode.game>}
2024-04-06 10:04:21,369 : INFO : EventManager : Unordered handler for class <Auditor> on event game_ended with priority 1. Handlers: [RegisteredHandler(callback=<bound method Auditor.disable of <Auditor>>, priority=1, kwargs={}, key=UUID('f4403063-5e4a-4394-b129-497c7960a082'), condition=None, blocking_facility=None), RegisteredHandler(callback=<bound method Auditor._save_audits of <Auditor>>, priority=1, kwargs={}, key=UUID('d4ae1740-518f-4406-915f-f4da00de13bf'), condition=None, blocking_facility=None)]. The order of those handlers is not defined and they will be executed in random order. This might lead to race conditions and potential bugs.
2024-04-06 10:04:21,370 : INFO : EventManager : Event: ======'player_add_request'====== Args={}
2024-04-06 10:04:21,370 : INFO : EventManager : Event: ======'player_will_add'====== Args={'number': 1}
2024-04-06 10:04:21,370 : INFO : EventManager : Event: ======'player_adding'====== Args={'player': <Player 1>, 'number': 1}
2024-04-06 10:04:21,370 : INFO : EventManager : Event: ======'player_added'====== Args={'player': <Player 1>, 'num': 1}
2024-04-06 10:04:21,370 : INFO : Mode.game : Player added successfully. Total players: 1
2024-04-06 10:04:21,370 : INFO : EventManager : Event: ======'player_index'====== Args={'value': 0, 'prev_value': 0, 'change': 0, 'player_num': 1}
2024-04-06 10:04:21,370 : INFO : EventManager : Event: ======'player_number'====== Args={'value': 1, 'prev_value': 1, 'change': 0, 'player_num': 1}
2024-04-06 10:04:21,371 : INFO : EventManager : Event: ======'player_score'====== Args={'value': 0, 'prev_value': 0, 'change': 0, 'player_num': 1}
2024-04-06 10:04:21,371 : INFO : EventManager : Event: ======'game_started'====== Args={}
2024-04-06 10:04:21,371 : INFO : EventManager : Event: ======'player_turn_will_start'====== Args={'player': <Player 1>, 'number': 1}
2024-04-06 10:04:21,372 : INFO : EventManager : Event: ======'player_turn_starting'====== Args={'player': <Player 1>, 'number': 1}
2024-04-06 10:04:21,372 : INFO : EventManager : Event: ======'player_ball'====== Args={'value': 1, 'prev_value': 0, 'change': 1, 'player_num': 1}
2024-04-06 10:04:21,372 : INFO : EventManager : Event: ======'player_turn_started'====== Args={'player': <Player 1>, 'number': 1}
2024-04-06 10:04:21,372 : INFO : EventManager : Event: ======'ball_will_start'====== Args={'player': 1, 'ball': 1, 'balls_remaining': 2, 'is_extra_ball': False}
2024-04-06 10:04:21,382 : INFO : EventManager : Event: ======'ball_starting'====== Args={'player': 1, 'ball': 1, 'balls_remaining': 2, 'is_extra_ball': False}
2024-04-06 10:04:21,382 : INFO : EventManager : Event: ======'mode_base_will_start'====== Args={'queue': <QueuedEvent>, 'player': 1, 'ball': 1, 'balls_remaining': 2, 'is_extra_ball': False}
2024-04-06 10:04:21,382 : INFO : EventManager : Event: ======'player_shot_left_inlane_h_enabled'====== Args={'value': True, 'prev_value': 0, 'change': 1, 'player_num': 1}
2024-04-06 10:04:21,383 : INFO : EventManager : Event: ======'player_shot_right_inlane_enabled'====== Args={'value': True, 'prev_value': 0, 'change': 1, 'player_num': 1}
2024-04-06 10:04:21,383 : INFO : EventManager : Event: ======'mode_base_starting'====== Args={'queue': <QueuedEvent>, 'player': 1, 'ball': 1, 'balls_remaining': 2, 'is_extra_ball': False}
2024-04-06 10:04:21,383 : INFO : Mode.base : Started. Priority: 100
2024-04-06 10:04:21,383 : INFO : EventManager : Event: ======'modes_active_modes_changed'====== Args={}
2024-04-06 10:04:21,383 : INFO : EventManager : Event: ======'mode_base_started'====== Args={'queue': <QueuedEvent>, 'player': 1, 'ball': 1, 'balls_remaining': 2, 'is_extra_ball': False}
2024-04-06 10:04:21,384 : INFO : EventManager : Event: ======'balls_in_play'====== Args={'balls': 1}
2024-04-06 10:04:21,384 : INFO : EventManager : Event: ======'ball_started'====== Args={'player': 1, 'ball': 1, 'balls_remaining': 2, 'is_extra_ball': False}
2024-04-06 10:04:21,384 : INFO : EventManager : Event: ======'single_player_ball_started'====== Args={}
2024-04-06 10:04:21,386 : INFO : EventManager : Event: ======'ball_start_target'====== Args={'target': 'playfield'}
2024-04-06 10:04:21,386 : INFO : ball_device.bd_trough : Setting up player-controlled eject. Balls: 1, Target: <playfield.playfield>, player_controlled_eject_event: None
2024-04-06 10:04:21,386 : INFO : ball_device.bd_trough : Adding 1 ball(s) to the eject_queue with target <playfield.playfield>.
2024-04-06 10:04:21,387 : INFO : EventManager : Event: ======'balldevice_balls_available'====== Args={}
2024-04-06 10:04:21,387 : INFO : ball_device.bd_trough : State: waiting_for_target_ready
2024-04-06 10:04:21,387 : INFO : EventManager : Event: ======'balldevice_bd_trough_ball_eject_attempt'====== Args={'balls': 1, 'target': <playfield.playfield>, 'source': <ball_device.bd_trough>, 'mechanical_eject': False, 'num_attempts': 0}
2024-04-06 10:04:21,387 : INFO : ball_device.bd_trough : State: ejecting
2024-04-06 10:04:21,387 : INFO : ball_device.bd_trough : Ejecting ball to <playfield.playfield>
2024-04-06 10:04:21,387 : INFO : EventManager : Event: ======'balldevice_bd_trough_ejecting_ball'====== Args={'balls': 1, 'target': <playfield.playfield>, 'source': <ball_device.bd_trough>, 'mechanical_eject': False, 'num_attempts': 0}
2024-04-06 10:04:21,387 : INFO : ball_device.bd_trough : Wait for ball to leave device
2024-04-06 10:04:21,388 : INFO : coil.c_trough : Pulsing Driver for 15ms (1.0 pulse_power)
2024-04-06 10:04:31,388 : INFO : EventManager : Event: ======'balldevice_bd_trough_ball_eject_failed'====== Args={'target': <playfield.playfield>, 'balls': 1, 'retry': True, 'num_attempts': 1}
2024-04-06 10:04:31,391 : INFO : ball_device.bd_trough : State: waiting_for_target_ready
2024-04-06 10:04:31,391 : INFO : EventManager : Event: ======'balldevice_bd_trough_ball_eject_attempt'====== Args={'balls': 1, 'target': <playfield.playfield>, 'source': <ball_device.bd_trough>, 'mechanical_eject': False, 'num_attempts': 1}
2024-04-06 10:04:31,392 : INFO : ball_device.bd_trough : State: ejecting
2024-04-06 10:04:31,392 : INFO : ball_device.bd_trough : Ejecting ball to <playfield.playfield>
2024-04-06 10:04:31,392 : INFO : EventManager : Event: ======'balldevice_bd_trough_ejecting_ball'====== Args={'balls': 1, 'target': <playfield.playfield>, 'source': <ball_device.bd_trough>, 'mechanical_eject': False, 'num_attempts': 1}
2024-04-06 10:04:31,393 : INFO : ball_device.bd_trough : Wait for ball to leave device
2024-04-06 10:04:31,393 : INFO : coil.c_trough : Pulsing Driver for 15ms (1.0 pulse_power)
2024-04-06 10:04:41,394 : INFO : EventManager : Event: ======'balldevice_bd_trough_ball_eject_failed'====== Args={'target': <playfield.playfield>, 'balls': 1, 'retry': True, 'num_attempts': 2}
2024-04-06 10:04:41,396 : INFO : ball_device.bd_trough : State: waiting_for_target_ready
2024-04-06 10:04:41,397 : INFO : EventManager : Event: ======'balldevice_bd_trough_ball_eject_attempt'====== Args={'balls': 1, 'target': <playfield.playfield>, 'source': <ball_device.bd_trough>, 'mechanical_eject': False, 'num_attempts': 2}
2024-04-06 10:04:41,397 : INFO : ball_device.bd_trough : State: ejecting
2024-04-06 10:04:41,397 : INFO : ball_device.bd_trough : Ejecting ball to <playfield.playfield>
2024-04-06 10:04:41,398 : INFO : EventManager : Event: ======'balldevice_bd_trough_ejecting_ball'====== Args={'balls': 1, 'target': <playfield.playfield>, 'source': <ball_device.bd_trough>, 'mechanical_eject': False, 'num_attempts': 2}
2024-04-06 10:04:41,398 : INFO : ball_device.bd_trough : Wait for ball to leave device
2024-04-06 10:04:41,398 : INFO : coil.c_trough : Pulsing Driver for 15ms (1.0 pulse_power)
2024-04-06 10:04:51,400 : INFO : EventManager : Event: ======'balldevice_bd_trough_ball_eject_failed'====== Args={'target': <playfield.playfield>, 'balls': 1, 'retry': True, 'num_attempts': 3}
2024-04-06 10:04:51,401 : INFO : ball_device.bd_trough : State: waiting_for_target_ready
2024-04-06 10:04:51,401 : INFO : EventManager : Event: ======'balldevice_bd_trough_ball_eject_attempt'====== Args={'balls': 1, 'target': <playfield.playfield>, 'source': <ball_device.bd_trough>, 'mechanical_eject': False, 'num_attempts': 3}
2024-04-06 10:04:51,401 : INFO : ball_device.bd_trough : State: ejecting
2024-04-06 10:04:51,402 : INFO : ball_device.bd_trough : Ejecting ball to <playfield.playfield>
2024-04-06 10:04:51,402 : INFO : EventManager : Event: ======'balldevice_bd_trough_ejecting_ball'====== Args={'balls': 1, 'target': <playfield.playfield>, 'source': <ball_device.bd_trough>, 'mechanical_eject': False, 'num_attempts': 3}
2024-04-06 10:04:51,402 : INFO : ball_device.bd_trough : Wait for ball to leave device
2024-04-06 10:04:51,402 : INFO : coil.c_trough : Pulsing Driver for 15ms (1.0 pulse_power)
2024-04-06 10:05:01,404 : INFO : EventManager : Event: ======'balldevice_bd_trough_ball_eject_failed'====== Args={'target': <playfield.playfield>, 'balls': 1, 'retry': True, 'num_attempts': 4}
2024-04-06 10:05:01,406 : INFO : ball_device.bd_trough : State: waiting_for_target_ready
2024-04-06 10:05:01,406 : INFO : EventManager : Event: ======'balldevice_bd_trough_ball_eject_attempt'====== Args={'balls': 1, 'target': <playfield.playfield>, 'source': <ball_device.bd_trough>, 'mechanical_eject': False, 'num_attempts': 4}
2024-04-06 10:05:01,407 : INFO : ball_device.bd_trough : State: ejecting
2024-04-06 10:05:01,407 : INFO : ball_device.bd_trough : Ejecting ball to <playfield.playfield>
2024-04-06 10:05:01,407 : INFO : EventManager : Event: ======'balldevice_bd_trough_ejecting_ball'====== Args={'balls': 1, 'target': <playfield.playfield>, 'source': <ball_device.bd_trough>, 'mechanical_eject': False, 'num_attempts': 4}
2024-04-06 10:05:01,408 : INFO : ball_device.bd_trough : Wait for ball to leave device
2024-04-06 10:05:01,408 : INFO : coil.c_trough : Pulsing Driver for 15ms (1.0 pulse_power)
2024-04-06 10:05:11,408 : INFO : EventManager : Event: ======'balldevice_bd_trough_ball_eject_failed'====== Args={'target': <playfield.playfield>, 'balls': 1, 'retry': True, 'num_attempts': 5}
2024-04-06 10:05:11,410 : INFO : ball_device.bd_trough : State: waiting_for_target_ready
2024-04-06 10:05:11,410 : INFO : EventManager : Event: ======'balldevice_bd_trough_ball_eject_attempt'====== Args={'balls': 1, 'target': <playfield.playfield>, 'source': <ball_device.bd_trough>, 'mechanical_eject': False, 'num_attempts': 5}
2024-04-06 10:05:11,411 : INFO : ball_device.bd_trough : State: ejecting
2024-04-06 10:05:11,411 : INFO : ball_device.bd_trough : Ejecting ball to <playfield.playfield>
2024-04-06 10:05:11,411 : INFO : EventManager : Event: ======'balldevice_bd_trough_ejecting_ball'====== Args={'balls': 1, 'target': <playfield.playfield>, 'source': <ball_device.bd_trough>, 'mechanical_eject': False, 'num_attempts': 5}
2024-04-06 10:05:11,411 : INFO : ball_device.bd_trough : Wait for ball to leave device
2024-04-06 10:05:11,412 : INFO : coil.c_trough : Pulsing Driver for 15ms (1.0 pulse_power)
2024-04-06 10:05:21,412 : INFO : EventManager : Event: ======'balldevice_bd_trough_ball_eject_failed'====== Args={'target': <playfield.playfield>, 'balls': 1, 'retry': True, 'num_attempts': 6}
2024-04-06 10:05:21,415 : INFO : ball_device.bd_trough : State: waiting_for_target_ready
2024-04-06 10:05:21,415 : INFO : EventManager : Event: ======'balldevice_bd_trough_ball_eject_attempt'====== Args={'balls': 1, 'target': <playfield.playfield>, 'source': <ball_device.bd_trough>, 'mechanical_eject': False, 'num_attempts': 6}
2024-04-06 10:05:21,416 : INFO : ball_device.bd_trough : State: ejecting
2024-04-06 10:05:21,416 : INFO : ball_device.bd_trough : Ejecting ball to <playfield.playfield>
2024-04-06 10:05:21,416 : INFO : EventManager : Event: ======'balldevice_bd_trough_ejecting_ball'====== Args={'balls': 1, 'target': <playfield.playfield>, 'source': <ball_device.bd_trough>, 'mechanical_eject': False, 'num_attempts': 6}
2024-04-06 10:05:21,417 : INFO : ball_device.bd_trough : Wait for ball to leave device
2024-04-06 10:05:21,417 : INFO : coil.c_trough : Pulsing Driver for 15ms (1.0 pulse_power)
2024-04-06 10:05:31,419 : INFO : EventManager : Event: ======'balldevice_bd_trough_ball_eject_failed'====== Args={'target': <playfield.playfield>, 'balls': 1, 'retry': True, 'num_attempts': 7}
2024-04-06 10:05:31,421 : INFO : ball_device.bd_trough : State: waiting_for_target_ready
2024-04-06 10:05:31,422 : INFO : EventManager : Event: ======'balldevice_bd_trough_ball_eject_attempt'====== Args={'balls': 1, 'target': <playfield.playfield>, 'source': <ball_device.bd_trough>, 'mechanical_eject': False, 'num_attempts': 7}
2024-04-06 10:05:31,422 : INFO : ball_device.bd_trough : State: ejecting
2024-04-06 10:05:31,423 : INFO : ball_device.bd_trough : Ejecting ball to <playfield.playfield>
2024-04-06 10:05:31,423 : INFO : EventManager : Event: ======'balldevice_bd_trough_ejecting_ball'====== Args={'balls': 1, 'target': <playfield.playfield>, 'source': <ball_device.bd_trough>, 'mechanical_eject': False, 'num_attempts': 7}
2024-04-06 10:05:31,424 : INFO : ball_device.bd_trough : Wait for ball to leave device
2024-04-06 10:05:31,424 : INFO : coil.c_trough : Pulsing Driver for 15ms (1.0 pulse_power)
2024-04-06 10:05:41,425 : INFO : EventManager : Event: ======'balldevice_bd_trough_ball_eject_failed'====== Args={'target': <playfield.playfield>, 'balls': 1, 'retry': True, 'num_attempts': 8}
2024-04-06 10:05:41,427 : INFO : ball_device.bd_trough : State: waiting_for_target_ready
2024-04-06 10:05:41,428 : INFO : EventManager : Event: ======'balldevice_bd_trough_ball_eject_attempt'====== Args={'balls': 1, 'target': <playfield.playfield>, 'source': <ball_device.bd_trough>, 'mechanical_eject': False, 'num_attempts': 8}
2024-04-06 10:05:41,428 : INFO : ball_device.bd_trough : State: ejecting
2024-04-06 10:05:41,428 : INFO : ball_device.bd_trough : Ejecting ball to <playfield.playfield>
2024-04-06 10:05:41,428 : INFO : EventManager : Event: ======'balldevice_bd_trough_ejecting_ball'====== Args={'balls': 1, 'target': <playfield.playfield>, 'source': <ball_device.bd_trough>, 'mechanical_eject': False, 'num_attempts': 8}
2024-04-06 10:05:41,429 : INFO : ball_device.bd_trough : Wait for ball to leave device
2024-04-06 10:05:41,429 : INFO : coil.c_trough : Pulsing Driver for 15ms (1.0 pulse_power)
2024-04-06 10:05:51,430 : INFO : EventManager : Event: ======'balldevice_bd_trough_ball_eject_failed'====== Args={'target': <playfield.playfield>, 'balls': 1, 'retry': True, 'num_attempts': 9}
2024-04-06 10:05:51,432 : INFO : ball_device.bd_trough : State: waiting_for_target_ready
2024-04-06 10:05:51,433 : INFO : EventManager : Event: ======'balldevice_bd_trough_ball_eject_attempt'====== Args={'balls': 1, 'target': <playfield.playfield>, 'source': <ball_device.bd_trough>, 'mechanical_eject': False, 'num_attempts': 9}
2024-04-06 10:05:51,434 : INFO : ball_device.bd_trough : State: ejecting
2024-04-06 10:05:51,434 : INFO : ball_device.bd_trough : Ejecting ball to <playfield.playfield>
2024-04-06 10:05:51,434 : INFO : EventManager : Event: ======'balldevice_bd_trough_ejecting_ball'====== Args={'balls': 1, 'target': <playfield.playfield>, 'source': <ball_device.bd_trough>, 'mechanical_eject': False, 'num_attempts': 9}
2024-04-06 10:05:51,435 : INFO : ball_device.bd_trough : Wait for ball to leave device
2024-04-06 10:05:51,435 : INFO : coil.c_trough : Pulsing Driver for 15ms (1.0 pulse_power)
2024-04-06 10:06:01,436 : INFO : EventManager : Event: ======'balldevice_bd_trough_ball_eject_failed'====== Args={'target': <playfield.playfield>, 'balls': 1, 'retry': True, 'num_attempts': 10}
2024-04-06 10:06:01,438 : INFO : ball_device.bd_trough : State: waiting_for_target_ready
2024-04-06 10:06:01,439 : INFO : EventManager : Event: ======'balldevice_bd_trough_ball_eject_attempt'====== Args={'balls': 1, 'target': <playfield.playfield>, 'source': <ball_device.bd_trough>, 'mechanical_eject': False, 'num_attempts': 10}
2024-04-06 10:06:01,439 : INFO : ball_device.bd_trough : State: ejecting
2024-04-06 10:06:01,440 : INFO : ball_device.bd_trough : Ejecting ball to <playfield.playfield>
2024-04-06 10:06:01,440 : INFO : EventManager : Event: ======'balldevice_bd_trough_ejecting_ball'====== Args={'balls': 1, 'target': <playfield.playfield>, 'source': <ball_device.bd_trough>, 'mechanical_eject': False, 'num_attempts': 10}
2024-04-06 10:06:01,441 : INFO : ball_device.bd_trough : Wait for ball to leave device
2024-04-06 10:06:01,441 : INFO : coil.c_trough : Pulsing Driver for 15ms (1.0 pulse_power)
2024-04-06 10:06:11,442 : INFO : EventManager : Event: ======'balldevice_bd_trough_ball_eject_failed'====== Args={'target': <playfield.playfield>, 'balls': 1, 'retry': True, 'num_attempts': 11}
2024-04-06 10:06:11,444 : INFO : ball_device.bd_trough : State: waiting_for_target_ready
2024-04-06 10:06:11,445 : INFO : EventManager : Event: ======'balldevice_bd_trough_ball_eject_attempt'====== Args={'balls': 1, 'target': <playfield.playfield>, 'source': <ball_device.bd_trough>, 'mechanical_eject': False, 'num_attempts': 11}
2024-04-06 10:06:11,445 : INFO : ball_device.bd_trough : State: ejecting
2024-04-06 10:06:11,445 : INFO : ball_device.bd_trough : Ejecting ball to <playfield.playfield>
2024-04-06 10:06:11,445 : INFO : EventManager : Event: ======'balldevice_bd_trough_ejecting_ball'====== Args={'balls': 1, 'target': <playfield.playfield>, 'source': <ball_device.bd_trough>, 'mechanical_eject': False, 'num_attempts': 11}
2024-04-06 10:06:11,446 : INFO : ball_device.bd_trough : Wait for ball to leave device
2024-04-06 10:06:11,446 : INFO : coil.c_trough : Pulsing Driver for 15ms (1.0 pulse_power)
2024-04-06 10:06:21,448 : INFO : EventManager : Event: ======'balldevice_bd_trough_ball_eject_failed'====== Args={'target': <playfield.playfield>, 'balls': 1, 'retry': True, 'num_attempts': 12}
2024-04-06 10:06:21,450 : INFO : ball_device.bd_trough : State: waiting_for_target_ready
2024-04-06 10:06:21,450 : INFO : EventManager : Event: ======'balldevice_bd_trough_ball_eject_attempt'====== Args={'balls': 1, 'target': <playfield.playfield>, 'source': <ball_device.bd_trough>, 'mechanical_eject': False, 'num_attempts': 12}
2024-04-06 10:06:21,451 : INFO : ball_device.bd_trough : State: ejecting
2024-04-06 10:06:21,451 : INFO : ball_device.bd_trough : Ejecting ball to <playfield.playfield>
2024-04-06 10:06:21,451 : INFO : EventManager : Event: ======'balldevice_bd_trough_ejecting_ball'====== Args={'balls': 1, 'target': <playfield.playfield>, 'source': <ball_device.bd_trough>, 'mechanical_eject': False, 'num_attempts': 12}
2024-04-06 10:06:21,451 : INFO : ball_device.bd_trough : Wait for ball to leave device
2024-04-06 10:06:21,451 : INFO : coil.c_trough : Pulsing Driver for 15ms (1.0 pulse_power)
2024-04-06 10:06:31,453 : INFO : EventManager : Event: ======'balldevice_bd_trough_ball_eject_failed'====== Args={'target': <playfield.playfield>, 'balls': 1, 'retry': True, 'num_attempts': 13}
2024-04-06 10:06:31,455 : INFO : ball_device.bd_trough : State: waiting_for_target_ready
2024-04-06 10:06:31,456 : INFO : EventManager : Event: ======'balldevice_bd_trough_ball_eject_attempt'====== Args={'balls': 1, 'target': <playfield.playfield>, 'source': <ball_device.bd_trough>, 'mechanical_eject': False, 'num_attempts': 13}
2024-04-06 10:06:31,457 : INFO : ball_device.bd_trough : State: ejecting
2024-04-06 10:06:31,457 : INFO : ball_device.bd_trough : Ejecting ball to <playfield.playfield>
2024-04-06 10:06:31,457 : INFO : EventManager : Event: ======'balldevice_bd_trough_ejecting_ball'====== Args={'balls': 1, 'target': <playfield.playfield>, 'source': <ball_device.bd_trough>, 'mechanical_eject': False, 'num_attempts': 13}
2024-04-06 10:06:31,458 : INFO : ball_device.bd_trough : Wait for ball to leave device
2024-04-06 10:06:31,458 : INFO : coil.c_trough : Pulsing Driver for 15ms (1.0 pulse_power)
2024-04-06 10:06:41,459 : INFO : EventManager : Event: ======'balldevice_bd_trough_ball_eject_failed'====== Args={'target': <playfield.playfield>, 'balls': 1, 'retry': True, 'num_attempts': 14}
2024-04-06 10:06:41,461 : INFO : ball_device.bd_trough : State: waiting_for_target_ready
2024-04-06 10:06:41,461 : INFO : EventManager : Event: ======'balldevice_bd_trough_ball_eject_attempt'====== Args={'balls': 1, 'target': <playfield.playfield>, 'source': <ball_device.bd_trough>, 'mechanical_eject': False, 'num_attempts': 14}
2024-04-06 10:06:41,462 : INFO : ball_device.bd_trough : State: ejecting
2024-04-06 10:06:41,462 : INFO : ball_device.bd_trough : Ejecting ball to <playfield.playfield>
2024-04-06 10:06:41,462 : INFO : EventManager : Event: ======'balldevice_bd_trough_ejecting_ball'====== Args={'balls': 1, 'target': <playfield.playfield>, 'source': <ball_device.bd_trough>, 'mechanical_eject': False, 'num_attempts': 14}
2024-04-06 10:06:41,463 : INFO : ball_device.bd_trough : Wait for ball to leave device
2024-04-06 10:06:41,463 : INFO : coil.c_trough : Pulsing Driver for 15ms (1.0 pulse_power)
2024-04-06 10:06:51,465 : INFO : EventManager : Event: ======'balldevice_bd_trough_ball_eject_failed'====== Args={'target': <playfield.playfield>, 'balls': 1, 'retry': True, 'num_attempts': 15}
2024-04-06 10:06:51,466 : INFO : ball_device.bd_trough : State: waiting_for_target_ready
2024-04-06 10:06:51,466 : INFO : EventManager : Event: ======'balldevice_bd_trough_ball_eject_attempt'====== Args={'balls': 1, 'target': <playfield.playfield>, 'source': <ball_device.bd_trough>, 'mechanical_eject': False, 'num_attempts': 15}
2024-04-06 10:06:51,467 : INFO : ball_device.bd_trough : State: ejecting
2024-04-06 10:06:51,467 : INFO : ball_device.bd_trough : Ejecting ball to <playfield.playfield>
2024-04-06 10:06:51,467 : INFO : EventManager : Event: ======'balldevice_bd_trough_ejecting_ball'====== Args={'balls': 1, 'target': <playfield.playfield>, 'source': <ball_device.bd_trough>, 'mechanical_eject': False, 'num_attempts': 15}
2024-04-06 10:06:51,468 : INFO : ball_device.bd_trough : Wait for ball to leave device
2024-04-06 10:06:51,468 : INFO : coil.c_trough : Pulsing Driver for 15ms (1.0 pulse_power)
2024-04-06 10:07:01,469 : INFO : EventManager : Event: ======'balldevice_bd_trough_ball_eject_failed'====== Args={'target': <playfield.playfield>, 'balls': 1, 'retry': True, 'num_attempts': 16}
2024-04-06 10:07:01,471 : INFO : ball_device.bd_trough : State: waiting_for_target_ready
2024-04-06 10:07:01,472 : INFO : EventManager : Event: ======'balldevice_bd_trough_ball_eject_attempt'====== Args={'balls': 1, 'target': <playfield.playfield>, 'source': <ball_device.bd_trough>, 'mechanical_eject': False, 'num_attempts': 16}
2024-04-06 10:07:01,472 : INFO : ball_device.bd_trough : State: ejecting
2024-04-06 10:07:01,473 : INFO : ball_device.bd_trough : Ejecting ball to <playfield.playfield>
2024-04-06 10:07:01,473 : INFO : EventManager : Event: ======'balldevice_bd_trough_ejecting_ball'====== Args={'balls': 1, 'target': <playfield.playfield>, 'source': <ball_device.bd_trough>, 'mechanical_eject': False, 'num_attempts': 16}
2024-04-06 10:07:01,474 : INFO : ball_device.bd_trough : Wait for ball to leave device
2024-04-06 10:07:01,474 : INFO : coil.c_trough : Pulsing Driver for 15ms (1.0 pulse_power)
2024-04-06 10:07:11,476 : INFO : EventManager : Event: ======'balldevice_bd_trough_ball_eject_failed'====== Args={'target': <playfield.playfield>, 'balls': 1, 'retry': True, 'num_attempts': 17}
2024-04-06 10:07:11,479 : INFO : ball_device.bd_trough : State: waiting_for_target_ready
2024-04-06 10:07:11,479 : INFO : EventManager : Event: ======'balldevice_bd_trough_ball_eject_attempt'====== Args={'balls': 1, 'target': <playfield.playfield>, 'source': <ball_device.bd_trough>, 'mechanical_eject': False, 'num_attempts': 17}
2024-04-06 10:07:11,479 : INFO : ball_device.bd_trough : State: ejecting
2024-04-06 10:07:11,480 : INFO : ball_device.bd_trough : Ejecting ball to <playfield.playfield>
2024-04-06 10:07:11,480 : INFO : EventManager : Event: ======'balldevice_bd_trough_ejecting_ball'====== Args={'balls': 1, 'target': <playfield.playfield>, 'source': <ball_device.bd_trough>, 'mechanical_eject': False, 'num_attempts': 17}
2024-04-06 10:07:11,482 : INFO : ball_device.bd_trough : Wait for ball to leave device
2024-04-06 10:07:11,482 : INFO : coil.c_trough : Pulsing Driver for 15ms (1.0 pulse_power)
2024-04-06 10:07:21,483 : INFO : EventManager : Event: ======'balldevice_bd_trough_ball_eject_failed'====== Args={'target': <playfield.playfield>, 'balls': 1, 'retry': True, 'num_attempts': 18}
2024-04-06 10:07:21,485 : INFO : ball_device.bd_trough : State: waiting_for_target_ready
2024-04-06 10:07:21,486 : INFO : EventManager : Event: ======'balldevice_bd_trough_ball_eject_attempt'====== Args={'balls': 1, 'target': <playfield.playfield>, 'source': <ball_device.bd_trough>, 'mechanical_eject': False, 'num_attempts': 18}
2024-04-06 10:07:21,487 : INFO : ball_device.bd_trough : State: ejecting
2024-04-06 10:07:21,487 : INFO : ball_device.bd_trough : Ejecting ball to <playfield.playfield>
2024-04-06 10:07:21,487 : INFO : EventManager : Event: ======'balldevice_bd_trough_ejecting_ball'====== Args={'balls': 1, 'target': <playfield.playfield>, 'source': <ball_device.bd_trough>, 'mechanical_eject': False, 'num_attempts': 18}
2024-04-06 10:07:21,488 : INFO : ball_device.bd_trough : Wait for ball to leave device
2024-04-06 10:07:21,488 : INFO : coil.c_trough : Pulsing Driver for 15ms (1.0 pulse_power)
2024-04-06 10:07:31,490 : INFO : EventManager : Event: ======'balldevice_bd_trough_ball_eject_failed'====== Args={'target': <playfield.playfield>, 'balls': 1, 'retry': True, 'num_attempts': 19}
2024-04-06 10:07:31,492 : INFO : ball_device.bd_trough : State: waiting_for_target_ready
2024-04-06 10:07:31,492 : INFO : EventManager : Event: ======'balldevice_bd_trough_ball_eject_attempt'====== Args={'balls': 1, 'target': <playfield.playfield>, 'source': <ball_device.bd_trough>, 'mechanical_eject': False, 'num_attempts': 19}
2024-04-06 10:07:31,493 : INFO : ball_device.bd_trough : State: ejecting
2024-04-06 10:07:31,494 : INFO : ball_device.bd_trough : Ejecting ball to <playfield.playfield>
2024-04-06 10:07:31,494 : INFO : EventManager : Event: ======'balldevice_bd_trough_ejecting_ball'====== Args={'balls': 1, 'target': <playfield.playfield>, 'source': <ball_device.bd_trough>, 'mechanical_eject': False, 'num_attempts': 19}
2024-04-06 10:07:31,495 : INFO : ball_device.bd_trough : Wait for ball to leave device
2024-04-06 10:07:31,495 : INFO : coil.c_trough : Pulsing Driver for 15ms (1.0 pulse_power)
2024-04-06 10:07:41,495 : INFO : EventManager : Event: ======'balldevice_bd_trough_ball_eject_failed'====== Args={'target': <playfield.playfield>, 'balls': 1, 'retry': True, 'num_attempts': 20}
2024-04-06 10:07:41,497 : INFO : ball_device.bd_trough : State: waiting_for_target_ready
2024-04-06 10:07:41,497 : INFO : EventManager : Event: ======'balldevice_bd_trough_ball_eject_attempt'====== Args={'balls': 1, 'target': <playfield.playfield>, 'source': <ball_device.bd_trough>, 'mechanical_eject': False, 'num_attempts': 20}
2024-04-06 10:07:41,498 : INFO : ball_device.bd_trough : State: ejecting
2024-04-06 10:07:41,498 : INFO : ball_device.bd_trough : Ejecting ball to <playfield.playfield>
2024-04-06 10:07:41,498 : INFO : EventManager : Event: ======'balldevice_bd_trough_ejecting_ball'====== Args={'balls': 1, 'target': <playfield.playfield>, 'source': <ball_device.bd_trough>, 'mechanical_eject': False, 'num_attempts': 20}
2024-04-06 10:07:41,499 : INFO : ball_device.bd_trough : Wait for ball to leave device
2024-04-06 10:07:41,499 : INFO : coil.c_trough : Pulsing Driver for 15ms (1.0 pulse_power)
2024-04-06 10:07:51,501 : INFO : EventManager : Event: ======'balldevice_bd_trough_ball_eject_failed'====== Args={'target': <playfield.playfield>, 'balls': 1, 'retry': True, 'num_attempts': 21}
2024-04-06 10:07:51,503 : INFO : ball_device.bd_trough : State: waiting_for_target_ready
2024-04-06 10:07:51,504 : INFO : EventManager : Event: ======'balldevice_bd_trough_ball_eject_attempt'====== Args={'balls': 1, 'target': <playfield.playfield>, 'source': <ball_device.bd_trough>, 'mechanical_eject': False, 'num_attempts': 21}
2024-04-06 10:07:51,505 : INFO : ball_device.bd_trough : State: ejecting
2024-04-06 10:07:51,506 : INFO : ball_device.bd_trough : Ejecting ball to <playfield.playfield>
2024-04-06 10:07:51,506 : INFO : EventManager : Event: ======'balldevice_bd_trough_ejecting_ball'====== Args={'balls': 1, 'target': <playfield.playfield>, 'source': <ball_device.bd_trough>, 'mechanical_eject': False, 'num_attempts': 21}
2024-04-06 10:07:51,507 : INFO : ball_device.bd_trough : Wait for ball to leave device
2024-04-06 10:07:51,507 : INFO : coil.c_trough : Pulsing Driver for 15ms (1.0 pulse_power)
2024-04-06 10:08:01,509 : INFO : EventManager : Event: ======'balldevice_bd_trough_ball_eject_failed'====== Args={'target': <playfield.playfield>, 'balls': 1, 'retry': True, 'num_attempts': 22}
2024-04-06 10:08:01,511 : INFO : ball_device.bd_trough : State: waiting_for_target_ready
2024-04-06 10:08:01,511 : INFO : EventManager : Event: ======'balldevice_bd_trough_ball_eject_attempt'====== Args={'balls': 1, 'target': <playfield.playfield>, 'source': <ball_device.bd_trough>, 'mechanical_eject': False, 'num_attempts': 22}
2024-04-06 10:08:01,512 : INFO : ball_device.bd_trough : State: ejecting
2024-04-06 10:08:01,512 : INFO : ball_device.bd_trough : Ejecting ball to <playfield.playfield>
2024-04-06 10:08:01,512 : INFO : EventManager : Event: ======'balldevice_bd_trough_ejecting_ball'====== Args={'balls': 1, 'target': <playfield.playfield>, 'source': <ball_device.bd_trough>, 'mechanical_eject': False, 'num_attempts': 22}
2024-04-06 10:08:01,513 : INFO : ball_device.bd_trough : Wait for ball to leave device
2024-04-06 10:08:01,513 : INFO : coil.c_trough : Pulsing Driver for 15ms (1.0 pulse_power)
2024-04-06 10:08:06,875 : INFO : Machine : Shutting down...
2024-04-06 10:08:06,875 : INFO : EventManager : Event: ======'shutdown'====== Args={}
2024-04-06 10:08:06,883 : INFO : EventManager : Event: ======'mode_game_will_stop'====== Args={}
2024-04-06 10:08:06,883 : INFO : EventManager : Event: ======'mode_game_stopping'====== Args={}
2024-04-06 10:08:06,883 : INFO : EventManager : Event: ======'mode_base_will_stop'====== Args={}
2024-04-06 10:08:06,883 : INFO : EventManager : Event: ======'mode_base_stopping'====== Args={}
2024-04-06 10:08:06,884 : INFO : Mode.base : Stopped.
2024-04-06 10:08:06,884 : INFO : EventManager : Event: ======'modes_active_modes_changed'====== Args={}
2024-04-06 10:08:06,884 : INFO : EventManager : Event: ======'mode_base_stopped'====== Args={}
2024-04-06 10:08:06,884 : INFO : EventManager : Event: ======'clear'====== Args={'key': 'base'}
2024-04-06 10:08:06,885 : INFO : Mode.game : Stopped.
2024-04-06 10:08:06,885 : INFO : EventManager : Event: ======'modes_active_modes_changed'====== Args={}
2024-04-06 10:08:06,885 : INFO : EventManager : Event: ======'mode_game_stopped'====== Args={}
2024-04-06 10:08:06,885 : INFO : EventManager : Event: ======'clear'====== Args={'key': 'game'}
2024-04-06 10:08:06,886 : INFO : root : MPF run loop ended.
