2024-05-07 17:15:32,507 : INFO : root : Loading config.
2024-05-07 17:15:32,509 : INFO : YamlMultifileConfigLoader : Machine config file #1: config.yaml
2024-05-07 17:15:32,509 : INFO : ConfigProcessor : Loading config from cache: /var/folders/l2/q8hj_6s91xnb2jxg1sqm0h7r0000gn/T/479bffd5d2f40b527f859677e5b1aef9.mpf_cache
2024-05-07 17:15:32,534 : INFO : ConfigProcessor : Loading config from cache: /var/folders/l2/q8hj_6s91xnb2jxg1sqm0h7r0000gn/T/0481b880979d7ccc71369ad5f781c736.mpf_cache
2024-05-07 17:15:32,534 : INFO : ConfigProcessor : Loading config from cache: /var/folders/l2/q8hj_6s91xnb2jxg1sqm0h7r0000gn/T/9cfa8e96748dd80c23752180dbf36e5c.mpf_cache
2024-05-07 17:15:32,534 : INFO : ConfigProcessor : Loading config from cache: /var/folders/l2/q8hj_6s91xnb2jxg1sqm0h7r0000gn/T/0481b880979d7ccc71369ad5f781c736.mpf_cache
2024-05-07 17:15:32,534 : INFO : ConfigProcessor : Loading config from cache: /var/folders/l2/q8hj_6s91xnb2jxg1sqm0h7r0000gn/T/1875c266911f801b691956fe9e9284d6.mpf_cache
2024-05-07 17:15:32,534 : INFO : ConfigProcessor : Loading config from cache: /var/folders/l2/q8hj_6s91xnb2jxg1sqm0h7r0000gn/T/f97c90855879603280fcc571f5c42639.mpf_cache
2024-05-07 17:15:32,535 : INFO : ConfigProcessor : Loading config from cache: /var/folders/l2/q8hj_6s91xnb2jxg1sqm0h7r0000gn/T/5336ce152edc820b26f3a51a9f95779b.mpf_cache
2024-05-07 17:15:32,535 : WARNING : ConfigProcessor : Config file in cache changed: /Users/tannerpetch/Documents/GitHub/lofab/modes/mult_fleshy/config/mult_fleshy.yaml
2024-05-07 17:15:32,535 : INFO : ConfigProcessor : Loading config from file /Users/tannerpetch/Documents/GitHub/lofab/modes/mult_fleshy/config/mult_fleshy.yaml.
2024-05-07 17:15:32,537 : INFO : ConfigProcessor : Loading config: /Users/tannerpetch/Documents/GitHub/lofab/modes/mult_fleshy/config/mult_fleshy.yaml
2024-05-07 17:15:32,537 : INFO : ConfigProcessor : Config file cache created: /var/folders/l2/q8hj_6s91xnb2jxg1sqm0h7r0000gn/T/584196ece55f676a535bfbda3a88171a.mpf_cache
2024-05-07 17:15:32,537 : INFO : ConfigProcessor : Loading config from cache: /var/folders/l2/q8hj_6s91xnb2jxg1sqm0h7r0000gn/T/4b1e343fa9806c398ec7ee103dcfa7e2.mpf_cache
2024-05-07 17:15:32,538 : INFO : ConfigProcessor : Loading config from cache: /var/folders/l2/q8hj_6s91xnb2jxg1sqm0h7r0000gn/T/66764f8b68b26fdba6c1f2bce3638479.mpf_cache
2024-05-07 17:15:32,538 : INFO : ConfigProcessor : Loading config from cache: /var/folders/l2/q8hj_6s91xnb2jxg1sqm0h7r0000gn/T/580ec13747cbd889de997403d41329e7.mpf_cache
2024-05-07 17:15:32,539 : INFO : ConfigProcessor : Loading config from cache: /var/folders/l2/q8hj_6s91xnb2jxg1sqm0h7r0000gn/T/2b5fdb8fd0e736387486af32f8df92fd.mpf_cache
2024-05-07 17:15:32,539 : INFO : ConfigProcessor : Loading config from cache: /var/folders/l2/q8hj_6s91xnb2jxg1sqm0h7r0000gn/T/3dbc438e88423aa3ff742db2713b600f.mpf_cache
2024-05-07 17:15:32,540 : INFO : ConfigProcessor : Loading config from cache: /var/folders/l2/q8hj_6s91xnb2jxg1sqm0h7r0000gn/T/154d071a3850556c6f3eae37bf41c8b6.mpf_cache
2024-05-07 17:15:32,541 : INFO : ConfigProcessor : Loading config from cache: /var/folders/l2/q8hj_6s91xnb2jxg1sqm0h7r0000gn/T/ab100dbe0e16472b56f0213f3842a00f.mpf_cache
2024-05-07 17:15:32,542 : INFO : ConfigProcessor : Loading config from cache: /var/folders/l2/q8hj_6s91xnb2jxg1sqm0h7r0000gn/T/f03ad90ccd2c053e9e5d10795d01f4ba.mpf_cache
2024-05-07 17:15:32,543 : INFO : ConfigProcessor : Loading config from cache: /var/folders/l2/q8hj_6s91xnb2jxg1sqm0h7r0000gn/T/0f3c951d4c93079ae3fac6429c5bc2ee.mpf_cache
2024-05-07 17:15:32,543 : INFO : ConfigProcessor : Loading config from cache: /var/folders/l2/q8hj_6s91xnb2jxg1sqm0h7r0000gn/T/8bf004783a280ac33d17b88f37848116.mpf_cache
2024-05-07 17:15:32,544 : INFO : ConfigProcessor : Loading config from cache: /var/folders/l2/q8hj_6s91xnb2jxg1sqm0h7r0000gn/T/db98bdefe8a072cec23a2527f4303b09.mpf_cache
2024-05-07 17:15:32,545 : INFO : ConfigProcessor : Loading config from cache: /var/folders/l2/q8hj_6s91xnb2jxg1sqm0h7r0000gn/T/d5d50eaa09e055f3a827c6269a3aa165.mpf_cache
2024-05-07 17:15:32,545 : INFO : ConfigProcessor : Loading config from cache: /var/folders/l2/q8hj_6s91xnb2jxg1sqm0h7r0000gn/T/eefb91dd78a2b4d0f2b86f7f7cb501a3.mpf_cache
2024-05-07 17:15:32,545 : INFO : ConfigProcessor : Loading config from cache: /var/folders/l2/q8hj_6s91xnb2jxg1sqm0h7r0000gn/T/d32f8b43f49e3e57afbd189fbbccae80.mpf_cache
2024-05-07 17:15:32,545 : INFO : ConfigProcessor : Loading config from cache: /var/folders/l2/q8hj_6s91xnb2jxg1sqm0h7r0000gn/T/08db62a1c5938674fa894d468364ed3e.mpf_cache
2024-05-07 17:15:32,546 : INFO : ConfigProcessor : Loading config from cache: /var/folders/l2/q8hj_6s91xnb2jxg1sqm0h7r0000gn/T/98754ca8fa1663afefe3af8297a0d59a.mpf_cache
2024-05-07 17:15:32,546 : INFO : ConfigProcessor : Loading config from cache: /var/folders/l2/q8hj_6s91xnb2jxg1sqm0h7r0000gn/T/0b5d87cc943a75a2ef030b7892588c99.mpf_cache
2024-05-07 17:15:32,547 : INFO : ConfigProcessor : Loading config from cache: /var/folders/l2/q8hj_6s91xnb2jxg1sqm0h7r0000gn/T/250153cb7d132f4134a2e9b694314568.mpf_cache
2024-05-07 17:15:32,547 : INFO : ConfigProcessor : Loading config from cache: /var/folders/l2/q8hj_6s91xnb2jxg1sqm0h7r0000gn/T/bbbe87a2f82c66174798be62d4e8058c.mpf_cache
2024-05-07 17:15:32,548 : INFO : ConfigProcessor : Loading config from cache: /var/folders/l2/q8hj_6s91xnb2jxg1sqm0h7r0000gn/T/5545c5ff302318fa3a4687589808743d.mpf_cache
2024-05-07 17:15:32,548 : INFO : ConfigProcessor : Loading config from cache: /var/folders/l2/q8hj_6s91xnb2jxg1sqm0h7r0000gn/T/89af055c57b135455281acad4d6d7133.mpf_cache
2024-05-07 17:15:32,549 : INFO : Machine : Mission Pinball Framework Core Engine v0.80.0.dev1
2024-05-07 17:15:32,549 : INFO : Machine : Command line arguments: {'no_load_cache': False, 'create_config_cache': True, 'bcp': True, 'configfile': ['config.yaml'], 'force_assets_load': False, 'platform_integration_test': False, 'jsonlogging': False, 'logfile': 'logs/2024-05-07-17-15-32-mpf-Tanners-Laptop.local.log', 'pause': False, 'production': False, 'text_ui': False, 'loglevel': 15, 'consoleloglevel': 20, 'force_platform': 'virtual', 'syslog_address': None, 'mc_file_name': None, 'no_sound': False}
2024-05-07 17:15:32,550 : INFO : Machine : MPF path: /Users/tannerpetch/Documents/git/mpf/mpf
2024-05-07 17:15:32,550 : INFO : Machine : Machine path: /Users/tannerpetch/Documents/GitHub/lofab
2024-05-07 17:15:32,550 : INFO : Machine : Platform: darwin
2024-05-07 17:15:32,550 : INFO : Machine : Python executable location: /Users/tannerpetch/mpfenv/bin/python3
2024-05-07 17:15:32,550 : INFO : Machine : Python version: 3.9.13 (64-bit)
2024-05-07 17:15:32,550 : INFO : Machine : Initializing MPF...
2024-05-07 17:15:32,570 : INFO : EventManager : Event: ======'machine_var_credits_string'====== Args={'value': 'FREE PLAY', 'prev_value': None, 'change': True}
2024-05-07 17:15:32,576 : INFO : EventManager : Event: ======'machine_var_master_volume'====== Args={'value': 0.5, 'prev_value': None, 'change': True}
2024-05-07 17:15:32,576 : INFO : EventManager : Event: ======'machine_var_player1_score'====== Args={'value': 0, 'prev_value': None, 'change': True}
2024-05-07 17:15:32,576 : INFO : EventManager : Event: ======'machine_var_mpf_version'====== Args={'value': 'Mission Pinball Framework v0.80.0.dev1', 'prev_value': None, 'change': True}
2024-05-07 17:15:32,576 : INFO : EventManager : Event: ======'machine_var_mpf_extended_version'====== Args={'value': 'Mission Pinball Framework v0.80.0.dev1, Config version:6, Show version: 6, BCP version:1.1', 'prev_value': None, 'change': True}
2024-05-07 17:15:32,576 : INFO : EventManager : Event: ======'machine_var_python_version'====== Args={'value': '3.9.13', 'prev_value': None, 'change': True}
2024-05-07 17:15:32,584 : INFO : EventManager : Event: ======'machine_var_platform'====== Args={'value': 'macOS-14.3-arm64-arm-64bit', 'prev_value': None, 'change': True}
2024-05-07 17:15:32,584 : INFO : EventManager : Event: ======'machine_var_platform_system'====== Args={'value': 'Darwin', 'prev_value': None, 'change': True}
2024-05-07 17:15:32,584 : INFO : EventManager : Event: ======'machine_var_platform_release'====== Args={'value': '23.3.0', 'prev_value': None, 'change': True}
2024-05-07 17:15:32,584 : INFO : EventManager : Event: ======'machine_var_platform_version'====== Args={'value': 'Darwin Kernel Version 23.3.0: Thu Dec 21 02:29:41 PST 2023; root:xnu-10002.81.5~11/RELEASE_ARM64_T8122', 'prev_value': None, 'change': True}
2024-05-07 17:15:32,584 : INFO : EventManager : Event: ======'machine_var_platform_machine'====== Args={'value': 'arm64', 'prev_value': None, 'change': True}
2024-05-07 17:15:32,584 : INFO : EventManager : Event: ======'init_phase_1'====== Args={}
2024-05-07 17:15:32,598 : INFO : EventManager : Event: ======'init_phase_2'====== Args={}
2024-05-07 17:15:32,600 : INFO : EventManager : Event: ======'bcp_connection_attempt'====== Args={'name': 'local_display', 'host': 'localhost', 'port': 5050}
2024-05-07 17:15:32,601 : INFO : BCPClientSocket : Connecting BCP to 'local_display' at localhost:5050...
2024-05-07 17:15:36,205 : INFO : BCPClientSocket : Connected BCP to 'local_display' localhost:5050
2024-05-07 17:15:36,206 : INFO : EventManager : Event: ======'bcp_clients_connected'====== Args={}
2024-05-07 17:15:36,207 : INFO : ball_device.bd_vuk : BCH: Initial count: 0
2024-05-07 17:15:36,208 : INFO : ball_device.bd_vuk : State: idle
2024-05-07 17:15:36,209 : INFO : ball_device.bd_trough : BCH: Initial count: 0
2024-05-07 17:15:36,209 : INFO : ball_device.bd_trough : State: idle
2024-05-07 17:15:36,234 : INFO : EventManager : Event: ======'init_phase_3'====== Args={}
2024-05-07 17:15:36,466 : INFO : EventManager : Event: ======'init_phase_4'====== Args={}
2024-05-07 17:15:36,466 : INFO : BallController : Initial balls found: 0
2024-05-07 17:15:36,466 : INFO : EventManager : Event: ======'machine_var_audits_events_game_ended'====== Args={'value': 7, 'prev_value': None, 'change': True}
2024-05-07 17:15:36,466 : INFO : EventManager : Event: ======'machine_var_audits_events_game_started'====== Args={'value': 71, 'prev_value': None, 'change': True}
2024-05-07 17:15:36,466 : INFO : EventManager : Event: ======'machine_var_audits_missing_switches_s_e'====== Args={'value': 71, 'prev_value': None, 'change': True}
2024-05-07 17:15:36,466 : INFO : EventManager : Event: ======'machine_var_audits_missing_switches_s_flipper_l'====== Args={'value': 54, 'prev_value': None, 'change': True}
2024-05-07 17:15:36,466 : INFO : EventManager : Event: ======'machine_var_audits_missing_switches_s_flipper_r'====== Args={'value': 16, 'prev_value': None, 'change': True}
2024-05-07 17:15:36,466 : INFO : EventManager : Event: ======'machine_var_audits_missing_switches_s_h'====== Args={'value': 71, 'prev_value': None, 'change': True}
2024-05-07 17:15:36,466 : INFO : EventManager : Event: ======'machine_var_audits_missing_switches_s_pop'====== Args={'value': 71, 'prev_value': None, 'change': True}
2024-05-07 17:15:36,466 : INFO : EventManager : Event: ======'machine_var_audits_missing_switches_s_sling_l'====== Args={'value': 30, 'prev_value': None, 'change': True}
2024-05-07 17:15:36,466 : INFO : EventManager : Event: ======'machine_var_audits_missing_switches_s_sling_r'====== Args={'value': 30, 'prev_value': None, 'change': True}
2024-05-07 17:15:36,467 : INFO : EventManager : Event: ======'machine_var_audits_missing_switches_s_spinner'====== Args={'value': 71, 'prev_value': None, 'change': True}
2024-05-07 17:15:36,467 : INFO : EventManager : Event: ======'machine_var_audits_missing_switches_s_start'====== Args={'value': 32, 'prev_value': None, 'change': True}
2024-05-07 17:15:36,467 : INFO : EventManager : Event: ======'machine_var_audits_missing_switches_s_stationary_u'====== Args={'value': 57, 'prev_value': None, 'change': True}
2024-05-07 17:15:36,467 : INFO : EventManager : Event: ======'machine_var_audits_missing_switches_s_tilt_l'====== Args={'value': 71, 'prev_value': None, 'change': True}
2024-05-07 17:15:36,467 : INFO : EventManager : Event: ======'machine_var_audits_missing_switches_s_tilt_r'====== Args={'value': 71, 'prev_value': None, 'change': True}
2024-05-07 17:15:36,467 : INFO : EventManager : Event: ======'machine_var_audits_missing_switches_s_trough_2'====== Args={'value': 43, 'prev_value': None, 'change': True}
2024-05-07 17:15:36,467 : INFO : EventManager : Event: ======'machine_var_audits_missing_switches_s_trough_3'====== Args={'value': 71, 'prev_value': None, 'change': True}
2024-05-07 17:15:36,467 : INFO : EventManager : Event: ======'machine_var_audits_missing_switches_s_trough_4'====== Args={'value': 69, 'prev_value': None, 'change': True}
2024-05-07 17:15:36,467 : INFO : EventManager : Event: ======'machine_var_audits_missing_switches_s_vuk'====== Args={'value': 69, 'prev_value': None, 'change': True}
2024-05-07 17:15:36,467 : INFO : EventManager : Event: ======'machine_var_audits_player_score'====== Args={'value': {'average': 0, 'top': [100, 0, 0, 0, 0, 0, 0, 0, 0], 'total': 9}, 'prev_value': None, 'change': True}
2024-05-07 17:15:36,467 : INFO : EventManager : Event: ======'machine_var_audits_shots_r_o'====== Args={'value': 62, 'prev_value': None, 'change': True}
2024-05-07 17:15:36,467 : INFO : EventManager : Event: ======'machine_var_audits_shots_r_o_fleshy'====== Args={'value': 137, 'prev_value': None, 'change': True}
2024-05-07 17:15:36,467 : INFO : EventManager : Event: ======'machine_var_audits_shots_r_o_rotate'====== Args={'value': 86, 'prev_value': None, 'change': True}
2024-05-07 17:15:36,467 : INFO : EventManager : Event: ======'machine_var_audits_shots_r_pop_stationary'====== Args={'value': 5, 'prev_value': None, 'change': True}
2024-05-07 17:15:36,467 : INFO : EventManager : Event: ======'machine_var_audits_shots_r_ramp_l_fleshy'====== Args={'value': 12, 'prev_value': None, 'change': True}
2024-05-07 17:15:36,467 : INFO : EventManager : Event: ======'machine_var_audits_shots_r_ramp_r_fleshy'====== Args={'value': 12, 'prev_value': None, 'change': True}
2024-05-07 17:15:36,467 : INFO : EventManager : Event: ======'machine_var_audits_shots_r_s'====== Args={'value': 28, 'prev_value': None, 'change': True}
2024-05-07 17:15:36,467 : INFO : EventManager : Event: ======'machine_var_audits_shots_r_s_fleshy'====== Args={'value': 106, 'prev_value': None, 'change': True}
2024-05-07 17:15:36,467 : INFO : EventManager : Event: ======'machine_var_audits_shots_r_s_rotate'====== Args={'value': 83, 'prev_value': None, 'change': True}
2024-05-07 17:15:36,467 : INFO : EventManager : Event: ======'machine_var_audits_shots_r_sling_l'====== Args={'value': 12, 'prev_value': None, 'change': True}
2024-05-07 17:15:36,467 : INFO : EventManager : Event: ======'machine_var_audits_shots_r_sling_r'====== Args={'value': 18, 'prev_value': None, 'change': True}
2024-05-07 17:15:36,467 : INFO : EventManager : Event: ======'machine_var_audits_shots_r_stationary_back_fleshy'====== Args={'value': 7, 'prev_value': None, 'change': True}
2024-05-07 17:15:36,467 : INFO : EventManager : Event: ======'machine_var_audits_shots_r_u'====== Args={'value': 4, 'prev_value': None, 'change': True}
2024-05-07 17:15:36,467 : INFO : EventManager : Event: ======'machine_var_audits_switches_s_e'====== Args={'value': 0, 'prev_value': None, 'change': True}
2024-05-07 17:15:36,467 : INFO : EventManager : Event: ======'machine_var_audits_switches_s_flipper_l'====== Args={'value': 17, 'prev_value': None, 'change': True}
2024-05-07 17:15:36,467 : INFO : EventManager : Event: ======'machine_var_audits_switches_s_flipper_r'====== Args={'value': 5, 'prev_value': None, 'change': True}
2024-05-07 17:15:36,467 : INFO : EventManager : Event: ======'machine_var_audits_switches_s_h'====== Args={'value': 0, 'prev_value': None, 'change': True}
2024-05-07 17:15:36,467 : INFO : EventManager : Event: ======'machine_var_audits_switches_s_launch'====== Args={'value': 71, 'prev_value': None, 'change': True}
2024-05-07 17:15:36,467 : INFO : EventManager : Event: ======'machine_var_audits_switches_s_pop'====== Args={'value': 0, 'prev_value': None, 'change': True}
2024-05-07 17:15:36,467 : INFO : EventManager : Event: ======'machine_var_audits_switches_s_ramp_complete'====== Args={'value': 26, 'prev_value': None, 'change': True}
2024-05-07 17:15:36,467 : INFO : EventManager : Event: ======'machine_var_audits_switches_s_ramp_l'====== Args={'value': 15, 'prev_value': None, 'change': True}
2024-05-07 17:15:36,467 : INFO : EventManager : Event: ======'machine_var_audits_switches_s_ramp_r'====== Args={'value': 12, 'prev_value': None, 'change': True}
2024-05-07 17:15:36,467 : INFO : EventManager : Event: ======'machine_var_audits_switches_s_sling_l'====== Args={'value': 12, 'prev_value': None, 'change': True}
2024-05-07 17:15:36,467 : INFO : EventManager : Event: ======'machine_var_audits_switches_s_sling_r'====== Args={'value': 18, 'prev_value': None, 'change': True}
2024-05-07 17:15:36,467 : INFO : EventManager : Event: ======'machine_var_audits_switches_s_spinner'====== Args={'value': 0, 'prev_value': None, 'change': True}
2024-05-07 17:15:36,467 : INFO : EventManager : Event: ======'machine_var_audits_switches_s_start'====== Args={'value': 6, 'prev_value': None, 'change': True}
2024-05-07 17:15:36,467 : INFO : EventManager : Event: ======'machine_var_audits_switches_s_stationary_back'====== Args={'value': 7, 'prev_value': None, 'change': True}
2024-05-07 17:15:36,467 : INFO : EventManager : Event: ======'machine_var_audits_switches_s_stationary_o'====== Args={'value': 142, 'prev_value': None, 'change': True}
2024-05-07 17:15:36,467 : INFO : EventManager : Event: ======'machine_var_audits_switches_s_stationary_s'====== Args={'value': 106, 'prev_value': None, 'change': True}
2024-05-07 17:15:36,467 : INFO : EventManager : Event: ======'machine_var_audits_switches_s_stationary_u'====== Args={'value': 23, 'prev_value': None, 'change': True}
2024-05-07 17:15:36,467 : INFO : EventManager : Event: ======'machine_var_audits_switches_s_tilt_l'====== Args={'value': 0, 'prev_value': None, 'change': True}
2024-05-07 17:15:36,467 : INFO : EventManager : Event: ======'machine_var_audits_switches_s_tilt_r'====== Args={'value': 0, 'prev_value': None, 'change': True}
2024-05-07 17:15:36,467 : INFO : EventManager : Event: ======'machine_var_audits_switches_s_trough_1'====== Args={'value': 29, 'prev_value': None, 'change': True}
2024-05-07 17:15:36,467 : INFO : EventManager : Event: ======'machine_var_audits_switches_s_trough_2'====== Args={'value': 1, 'prev_value': None, 'change': True}
2024-05-07 17:15:36,467 : INFO : EventManager : Event: ======'machine_var_audits_switches_s_trough_3'====== Args={'value': 0, 'prev_value': None, 'change': True}
2024-05-07 17:15:36,467 : INFO : EventManager : Event: ======'machine_var_audits_switches_s_trough_4'====== Args={'value': 1, 'prev_value': None, 'change': True}
2024-05-07 17:15:36,467 : INFO : EventManager : Event: ======'machine_var_audits_switches_s_vuk'====== Args={'value': 6, 'prev_value': None, 'change': True}
2024-05-07 17:15:36,468 : INFO : EventManager : Event: ======'init_phase_5'====== Args={}
2024-05-07 17:15:36,468 : INFO : EventManager : Event: ======'init_done'====== Args={}
2024-05-07 17:15:36,468 : INFO : EventManager : Event: ======'machine_reset_phase_1'====== Args={}
2024-05-07 17:15:36,478 : INFO : EventManager : Event: ======'machine_reset_phase_2'====== Args={}
2024-05-07 17:15:36,478 : INFO : EventManager : Event: ======'machine_reset_phase_3'====== Args={}
2024-05-07 17:15:36,478 : INFO : EventManager : Event: ======'reset_complete'====== Args={}
2024-05-07 17:15:36,478 : INFO : EventManager : Event: ======'mode_attract_will_start'====== Args={}
2024-05-07 17:15:36,478 : INFO : EventManager : Event: ======'mode_attract_starting'====== Args={}
2024-05-07 17:15:36,478 : INFO : Mode.attract : Started. Priority: 10
2024-05-07 17:15:36,478 : INFO : EventManager : Event: ======'modes_active_modes_changed'====== Args={}
2024-05-07 17:15:36,478 : INFO : EventManager : Event: ======'mode_attract_started'====== Args={}
2024-05-07 17:15:36,478 : INFO : EventManager : Event: ======'collecting_balls_complete'====== Args={}
2024-05-07 17:15:36,479 : INFO : Machine : Starting the main run loop.
2024-05-07 17:15:36,563 : INFO : EventManager : Event: ======'slide_attract2_created'====== Args={'_from_bcp': True}
2024-05-07 17:15:36,563 : INFO : EventManager : Event: ======'slide__removed'====== Args={'_from_bcp': True}
2024-05-07 17:15:36,564 : INFO : EventManager : Event: ======'slide_attract2_active'====== Args={'original_context': 'show_3', 'cmd': 'slides_play', '_from_bcp': True}
2024-05-07 17:15:37,029 : INFO : BcpServer : New client connected.
2024-05-07 17:15:39,493 : INFO : EventManager : Event: ======'slide_attract2_created'====== Args={'_from_bcp': True}
2024-05-07 17:15:39,501 : INFO : EventManager : Event: ======'slide_attract_fast_created'====== Args={'_from_bcp': True}
2024-05-07 17:15:39,501 : INFO : EventManager : Event: ======'slide_attract2_inactive'====== Args={'_from_bcp': True}
2024-05-07 17:15:39,502 : INFO : EventManager : Event: ======'slide_attract_fast_active'====== Args={'original_context': 'show_3', 'cmd': 'slides_play', '_from_bcp': True}
2024-05-07 17:15:39,502 : INFO : EventManager : Event: ======'slide_attract2_removed'====== Args={'_from_bcp': True}
2024-05-07 17:15:42,495 : INFO : EventManager : Event: ======'slide_attract_fast_inactive'====== Args={'_from_bcp': True}
2024-05-07 17:15:42,496 : INFO : EventManager : Event: ======'slide_attract2_active'====== Args={'_from_bcp': True}
2024-05-07 17:15:42,496 : INFO : EventManager : Event: ======'slide_attract_fast_removed'====== Args={'_from_bcp': True}
2024-05-07 17:15:42,503 : INFO : EventManager : Event: ======'slide_attract_created'====== Args={'_from_bcp': True}
2024-05-07 17:15:42,504 : INFO : EventManager : Event: ======'slide_attract2_inactive'====== Args={'_from_bcp': True}
2024-05-07 17:15:42,504 : INFO : EventManager : Event: ======'slide_attract_active'====== Args={'original_context': 'show_3', 'cmd': 'slides_play', '_from_bcp': True}
2024-05-07 17:15:43,298 : INFO : SwitchController : <<<<<<< 's_trough_1' active >>>>>>>
2024-05-07 17:15:43,413 : INFO : SwitchController : <<<<<<< 's_trough_1' inactive >>>>>>>
2024-05-07 17:15:44,216 : INFO : SwitchController : <<<<<<< 's_start' active >>>>>>>
2024-05-07 17:15:45,482 : INFO : EventManager : Event: ======'slide_attract_inactive'====== Args={'_from_bcp': True}
2024-05-07 17:15:45,482 : INFO : EventManager : Event: ======'slide_attract2_active'====== Args={'_from_bcp': True}
2024-05-07 17:15:45,483 : INFO : EventManager : Event: ======'slide_attract_removed'====== Args={'_from_bcp': True}
2024-05-07 17:15:46,213 : INFO : SwitchController : <<<<<<< 's_trough_1' active >>>>>>>
2024-05-07 17:15:46,714 : INFO : EventManager : Event: ======'balldevice_bd_trough_ball_count_changed'====== Args={'balls': 1}
2024-05-07 17:15:46,714 : INFO : ball_device.bd_trough : Received unexpected ball
2024-05-07 17:15:46,714 : INFO : EventManager : Event: ======'balldevice_captured_from_playfield'====== Args={'balls': 1}
2024-05-07 17:15:46,714 : INFO : EventManager : Event: ======'sw_playfield_active'====== Args={'balls': 1}
2024-05-07 17:15:46,715 : INFO : EventManager : Event: ======'playfield_active'====== Args={}
2024-05-07 17:15:46,715 : INFO : EventManager : Event: ======'unexpected_ball_on_playfield'====== Args={}
2024-05-07 17:15:46,715 : INFO : EventManager : Event: ======'playfield_ball_count_change'====== Args={'balls': -1, 'change': -1}
2024-05-07 17:15:46,716 : INFO : EventManager : Event: ======'balldevice_playfield_ball_enter'====== Args={'new_balls': 1, 'unclaimed_balls': 1, 'device': <playfield.playfield>}
2024-05-07 17:15:46,716 : INFO : EventManager : Event: ======'playfield_ball_count_change'====== Args={'balls': 0, 'change': 1}
2024-05-07 17:15:46,717 : INFO : BallController : Found a new ball which was captured from playfield. Known balls: 1
2024-05-07 17:15:46,717 : INFO : EventManager : Event: ======'found_new_ball'====== Args={}
2024-05-07 17:15:46,717 : INFO : EventManager : Event: ======'balldevice_bd_trough_ball_enter'====== Args={'new_balls': 1, 'unclaimed_balls': 1, 'new_available_balls': 1, 'device': <ball_device.bd_trough>}
2024-05-07 17:15:46,717 : INFO : EventManager : Event: ======'ball_drain'====== Args={'device': <ball_device.bd_trough>, 'balls': 1}
2024-05-07 17:15:46,718 : INFO : EventManager : Event: ======'balldevice_balls_available'====== Args={}
2024-05-07 17:15:46,718 : INFO : EventManager : Event: ======'balldevice_bd_trough_ball_entered'====== Args={'new_balls': 1, 'device': <ball_device.bd_trough>}
2024-05-07 17:15:47,113 : INFO : SwitchController : <<<<<<< 's_start' inactive >>>>>>>
2024-05-07 17:15:47,113 : INFO : EventManager : Event: ======'request_to_start_game'====== Args={}
2024-05-07 17:15:47,114 : INFO : EventManager : Event: ======'game_start'====== Args={'buttons': [], 'hold_time': 2.8975495000000002}
2024-05-07 17:15:47,114 : INFO : EventManager : Event: ======'mode_game_will_start'====== Args={'buttons': [], 'hold_time': 2.8975495000000002}
2024-05-07 17:15:47,115 : INFO : EventManager : Event: ======'mode_game_starting'====== Args={'buttons': [], 'hold_time': 2.8975495000000002}
2024-05-07 17:15:47,115 : INFO : EventManager : Event: ======'mode_attract_will_stop'====== Args={}
2024-05-07 17:15:47,115 : INFO : EventManager : Event: ======'mode_attract_stopping'====== Args={}
2024-05-07 17:15:47,115 : INFO : Mode.attract : Stopped.
2024-05-07 17:15:47,115 : INFO : EventManager : Event: ======'modes_active_modes_changed'====== Args={}
2024-05-07 17:15:47,116 : INFO : EventManager : Event: ======'mode_attract_stopped'====== Args={}
2024-05-07 17:15:47,117 : INFO : EventManager : Event: ======'clear'====== Args={'key': 'attract'}
2024-05-07 17:15:47,117 : INFO : Mode.game : Started. Priority: 20
2024-05-07 17:15:47,117 : INFO : EventManager : Event: ======'modes_active_modes_changed'====== Args={}
2024-05-07 17:15:47,117 : INFO : EventManager : Event: ======'mode_game_started'====== Args={'buttons': [], 'hold_time': 2.8975495000000002}
2024-05-07 17:15:47,117 : INFO : EventManager : Event: ======'game_will_start'====== Args={}
2024-05-07 17:15:47,118 : INFO : EventManager : Event: ======'game_starting'====== Args={'game': <Mode.game>}
2024-05-07 17:15:47,119 : INFO : EventManager : Unordered handler for class <Auditor> on event game_ended with priority 1. Handlers: [RegisteredHandler(callback=<bound method Auditor.disable of <Auditor>>, priority=1, kwargs={}, key=UUID('b97fa1a2-32a7-4179-9826-0824fb395a51'), condition=None, blocking_facility=None), RegisteredHandler(callback=<bound method Auditor._save_audits of <Auditor>>, priority=1, kwargs={}, key=UUID('119e9ef1-21c9-450e-bb1b-15b59e383b91'), condition=None, blocking_facility=None)]. The order of those handlers is not defined and they will be executed in random order. This might lead to race conditions and potential bugs.
2024-05-07 17:15:47,119 : INFO : EventManager : Event: ======'player_add_request'====== Args={}
2024-05-07 17:15:47,119 : INFO : EventManager : Event: ======'player_will_add'====== Args={'number': 1}
2024-05-07 17:15:47,119 : INFO : EventManager : Event: ======'player_adding'====== Args={'player': <Player 1>, 'number': 1}
2024-05-07 17:15:47,119 : INFO : EventManager : Event: ======'player_added'====== Args={'player': <Player 1>, 'num': 1}
2024-05-07 17:15:47,120 : INFO : Mode.game : Player added successfully. Total players: 1
2024-05-07 17:15:47,120 : INFO : EventManager : Event: ======'player_index'====== Args={'value': 0, 'prev_value': 0, 'change': 0, 'player_num': 1}
2024-05-07 17:15:47,120 : INFO : EventManager : Event: ======'player_number'====== Args={'value': 1, 'prev_value': 1, 'change': 0, 'player_num': 1}
2024-05-07 17:15:47,120 : INFO : EventManager : Event: ======'player_current_room'====== Args={'value': 'LIVING ROOM', 'prev_value': 'LIVING ROOM', 'change': False, 'player_num': 1}
2024-05-07 17:15:47,121 : INFO : EventManager : Event: ======'player_score'====== Args={'value': 0, 'prev_value': 0, 'change': 0, 'player_num': 1}
2024-05-07 17:15:47,121 : INFO : EventManager : Event: ======'game_started'====== Args={}
2024-05-07 17:15:47,121 : INFO : EventManager : Event: ======'player_turn_will_start'====== Args={'player': <Player 1>, 'number': 1}
2024-05-07 17:15:47,122 : INFO : EventManager : Event: ======'player_turn_starting'====== Args={'player': <Player 1>, 'number': 1}
2024-05-07 17:15:47,125 : INFO : EventManager : Event: ======'player_ball'====== Args={'value': 1, 'prev_value': 0, 'change': 1, 'player_num': 1}
2024-05-07 17:15:47,125 : INFO : EventManager : Event: ======'player_turn_started'====== Args={'player': <Player 1>, 'number': 1}
2024-05-07 17:15:47,126 : INFO : EventManager : Event: ======'ball_will_start'====== Args={'player': 1, 'ball': 1, 'balls_remaining': 2, 'is_extra_ball': False}
2024-05-07 17:15:47,126 : INFO : EventManager : Event: ======'ball_starting'====== Args={'player': 1, 'ball': 1, 'balls_remaining': 2, 'is_extra_ball': False}
2024-05-07 17:15:47,126 : INFO : EventManager : Event: ======'mode_base_will_start'====== Args={'queue': <QueuedEvent>, 'player': 1, 'ball': 1, 'balls_remaining': 2, 'is_extra_ball': False}
2024-05-07 17:15:47,126 : INFO : EventManager : Event: ======'player_shot_r_pop_enabled'====== Args={'value': True, 'prev_value': 0, 'change': 1, 'player_num': 1}
2024-05-07 17:15:47,127 : INFO : EventManager : Event: ======'player_shot_r_sling_l_enabled'====== Args={'value': True, 'prev_value': 0, 'change': 1, 'player_num': 1}
2024-05-07 17:15:47,127 : INFO : EventManager : Event: ======'player_shot_r_sling_r_enabled'====== Args={'value': True, 'prev_value': 0, 'change': 1, 'player_num': 1}
2024-05-07 17:15:47,127 : INFO : EventManager : Event: ======'player_shot_r_ramp_r_enabled'====== Args={'value': True, 'prev_value': 0, 'change': 1, 'player_num': 1}
2024-05-07 17:15:47,127 : INFO : EventManager : Event: ======'player_shot_r_ramp_l_enabled'====== Args={'value': True, 'prev_value': 0, 'change': 1, 'player_num': 1}
2024-05-07 17:15:47,128 : INFO : EventManager : Event: ======'player_shot_r_vuk_enabled'====== Args={'value': True, 'prev_value': 0, 'change': 1, 'player_num': 1}
2024-05-07 17:15:47,128 : INFO : EventManager : Event: ======'player_shot_r_vuk_bank_enabled'====== Args={'value': True, 'prev_value': 0, 'change': 1, 'player_num': 1}
2024-05-07 17:15:47,129 : INFO : EventManager : Event: ======'player_shot_r_right_orbit_enabled'====== Args={'value': True, 'prev_value': 0, 'change': 1, 'player_num': 1}
2024-05-07 17:15:47,129 : INFO : EventManager : Event: ======'player_shot_r_pop_stationary_enabled'====== Args={'value': True, 'prev_value': 0, 'change': 1, 'player_num': 1}
2024-05-07 17:15:47,131 : INFO : EventManager : Event: ======'mode_base_starting'====== Args={'queue': <QueuedEvent>, 'player': 1, 'ball': 1, 'balls_remaining': 2, 'is_extra_ball': False}
2024-05-07 17:15:47,131 : INFO : EventManager : Event: ======'waiting_for_launch_press'====== Args={}
2024-05-07 17:15:47,131 : INFO : EventManager : Event: ======'mode_launch_shows_will_start'====== Args={}
2024-05-07 17:15:47,131 : INFO : EventManager : Event: ======'mode_launch_shows_starting'====== Args={}
2024-05-07 17:15:47,131 : INFO : Mode.launch_shows : Started. Priority: 200
2024-05-07 17:15:47,131 : INFO : EventManager : Event: ======'modes_active_modes_changed'====== Args={}
2024-05-07 17:15:47,131 : INFO : EventManager : Event: ======'mode_launch_shows_started'====== Args={}
2024-05-07 17:15:47,132 : INFO : Mode.base : Started. Priority: 100
2024-05-07 17:15:47,132 : INFO : EventManager : Event: ======'modes_active_modes_changed'====== Args={}
2024-05-07 17:15:47,132 : INFO : EventManager : Event: ======'mode_base_started'====== Args={'queue': <QueuedEvent>, 'player': 1, 'ball': 1, 'balls_remaining': 2, 'is_extra_ball': False}
2024-05-07 17:15:47,173 : INFO : EventManager : Event: ======'slide_launch_created'====== Args={'_from_bcp': True}
2024-05-07 17:15:47,173 : INFO : EventManager : Event: ======'slide_attract2_inactive'====== Args={'_from_bcp': True}
2024-05-07 17:15:47,173 : INFO : EventManager : Event: ======'slide_launch_active'====== Args={'original_context': 'launch_shows', 'original_calling_context': 'mode_launch_shows_started', 'cmd': 'slides_play', '_from_bcp': True}
2024-05-07 17:15:47,173 : INFO : EventManager : Event: ======'slide_attract2_removed'====== Args={'_from_bcp': True}
2024-05-07 17:15:47,252 : INFO : SwitchController : <<<<<<< 's_start' active >>>>>>>
2024-05-07 17:15:47,252 : INFO : EventManager : Event: ======'sw_start'====== Args={}
2024-05-07 17:15:47,252 : INFO : EventManager : Event: ======'machine_var_audits_switches_s_start'====== Args={'value': 7, 'prev_value': 6, 'change': 1}
2024-05-07 17:15:47,252 : INFO : EventManager : Event: ======'player_add_request'====== Args={}
2024-05-07 17:15:47,252 : INFO : EventManager : Event: ======'player_will_add'====== Args={'number': 2}
2024-05-07 17:15:47,252 : INFO : EventManager : Event: ======'player_adding'====== Args={'player': <Player 2>, 'number': 2}
2024-05-07 17:15:47,253 : INFO : EventManager : Event: ======'player_added'====== Args={'player': <Player 2>, 'num': 2}
2024-05-07 17:15:47,253 : INFO : Mode.game : Player added successfully. Total players: 2
2024-05-07 17:15:47,253 : INFO : EventManager : Event: ======'multiplayer_game'====== Args={}
2024-05-07 17:15:47,253 : INFO : EventManager : Event: ======'player_index'====== Args={'value': 1, 'prev_value': 1, 'change': 0, 'player_num': 2}
2024-05-07 17:15:47,253 : INFO : EventManager : Event: ======'player_number'====== Args={'value': 2, 'prev_value': 2, 'change': 0, 'player_num': 2}
2024-05-07 17:15:47,253 : INFO : EventManager : Event: ======'player_current_room'====== Args={'value': 'LIVING ROOM', 'prev_value': 'LIVING ROOM', 'change': False, 'player_num': 2}
2024-05-07 17:15:47,253 : INFO : EventManager : Event: ======'player_score'====== Args={'value': 0, 'prev_value': 0, 'change': 0, 'player_num': 2}
2024-05-07 17:15:47,753 : INFO : SwitchController : <<<<<<< 's_start' inactive >>>>>>>
2024-05-07 17:15:48,949 : INFO : SwitchController : <<<<<<< 's_launch' active >>>>>>>
2024-05-07 17:15:48,949 : INFO : EventManager : Event: ======'e_launch_press'====== Args={}
2024-05-07 17:15:48,949 : INFO : EventManager : Event: ======'machine_var_audits_switches_s_launch'====== Args={'value': 72, 'prev_value': 71, 'change': 1}
2024-05-07 17:15:48,950 : INFO : EventManager : Event: ======'balls_in_play'====== Args={'balls': 1}
2024-05-07 17:15:48,950 : INFO : EventManager : Event: ======'ball_started'====== Args={'player': 1, 'ball': 1, 'balls_remaining': 2, 'is_extra_ball': False}
2024-05-07 17:15:48,951 : INFO : EventManager : Event: ======'mode_launch_shows_will_stop'====== Args={}
2024-05-07 17:15:48,951 : INFO : EventManager : Event: ======'mode_launch_shows_stopping'====== Args={}
2024-05-07 17:15:48,951 : INFO : EventManager : Event: ======'mode_mult_fleshy_qualify_will_start'====== Args={'player': 1, 'ball': 1, 'balls_remaining': 2, 'is_extra_ball': False}
2024-05-07 17:15:48,951 : INFO : EventManager : Event: ======'player_shot_r_o_fleshy_enabled'====== Args={'value': True, 'prev_value': 0, 'change': 1, 'player_num': 1}
2024-05-07 17:15:48,952 : INFO : EventManager : Event: ======'player_shot_r_s_fleshy_enabled'====== Args={'value': True, 'prev_value': 0, 'change': 1, 'player_num': 1}
2024-05-07 17:15:48,952 : INFO : EventManager : Event: ======'fleshy_shots_complete'====== Args={'state': 'unlit'}
2024-05-07 17:15:48,953 : INFO : EventManager : Event: ======'fleshy_shots_unlit_complete'====== Args={}
2024-05-07 17:15:48,953 : INFO : EventManager : Event: ======'mode_mult_fleshy_qualify_starting'====== Args={'player': 1, 'ball': 1, 'balls_remaining': 2, 'is_extra_ball': False}
2024-05-07 17:15:48,954 : INFO : EventManager : Event: ======'mode_start_ball_save_will_start'====== Args={'player': 1, 'ball': 1, 'balls_remaining': 2, 'is_extra_ball': False}
2024-05-07 17:15:48,955 : INFO : EventManager : Event: ======'mode_start_ball_save_starting'====== Args={'player': 1, 'ball': 1, 'balls_remaining': 2, 'is_extra_ball': False}
2024-05-07 17:15:48,955 : INFO : EventManager : Event: ======'mode_lane_rotate_will_start'====== Args={'player': 1, 'ball': 1, 'balls_remaining': 2, 'is_extra_ball': False}
2024-05-07 17:15:48,955 : INFO : EventManager : Event: ======'player_shot_r_h_rotate_enabled'====== Args={'value': True, 'prev_value': 0, 'change': 1, 'player_num': 1}
2024-05-07 17:15:48,956 : INFO : EventManager : Event: ======'player_shot_r_o_rotate_enabled'====== Args={'value': True, 'prev_value': 0, 'change': 1, 'player_num': 1}
2024-05-07 17:15:48,956 : INFO : EventManager : Event: ======'player_shot_r_u_rotate_enabled'====== Args={'value': True, 'prev_value': 0, 'change': 1, 'player_num': 1}
2024-05-07 17:15:48,956 : INFO : EventManager : Event: ======'player_shot_r_s_rotate_enabled'====== Args={'value': True, 'prev_value': 0, 'change': 1, 'player_num': 1}
2024-05-07 17:15:48,957 : INFO : EventManager : Event: ======'player_shot_r_e_rotate_enabled'====== Args={'value': True, 'prev_value': 0, 'change': 1, 'player_num': 1}
2024-05-07 17:15:48,957 : INFO : EventManager : Event: ======'rotate_group_complete'====== Args={'state': 'unlit'}
2024-05-07 17:15:48,957 : INFO : EventManager : Event: ======'rotate_group_unlit_complete'====== Args={}
2024-05-07 17:15:48,959 : INFO : EventManager : Event: ======'mode_lane_rotate_starting'====== Args={'player': 1, 'ball': 1, 'balls_remaining': 2, 'is_extra_ball': False}
2024-05-07 17:15:48,961 : INFO : Mode.lane_rotate : Started. Priority: 100
2024-05-07 17:15:48,961 : INFO : EventManager : Event: ======'modes_active_modes_changed'====== Args={}
2024-05-07 17:15:48,961 : INFO : EventManager : Event: ======'mode_lane_rotate_started'====== Args={'player': 1, 'ball': 1, 'balls_remaining': 2, 'is_extra_ball': False}
2024-05-07 17:15:48,962 : INFO : Mode.start_ball_save : Started. Priority: 100
2024-05-07 17:15:48,962 : INFO : EventManager : Event: ======'modes_active_modes_changed'====== Args={}
2024-05-07 17:15:48,962 : INFO : EventManager : Event: ======'mode_start_ball_save_started'====== Args={'player': 1, 'ball': 1, 'balls_remaining': 2, 'is_extra_ball': False}
2024-05-07 17:15:48,962 : INFO : EventManager : Event: ======'ball_save_ball_save_ball_save_enabled'====== Args={}
2024-05-07 17:15:48,963 : INFO : Mode.mult_fleshy_qualify : Started. Priority: 100
2024-05-07 17:15:48,963 : INFO : EventManager : Event: ======'modes_active_modes_changed'====== Args={}
2024-05-07 17:15:48,963 : INFO : EventManager : Event: ======'mode_mult_fleshy_qualify_started'====== Args={'player': 1, 'ball': 1, 'balls_remaining': 2, 'is_extra_ball': False}
2024-05-07 17:15:48,963 : INFO : Mode.launch_shows : Stopped.
2024-05-07 17:15:48,963 : INFO : EventManager : Event: ======'modes_active_modes_changed'====== Args={}
2024-05-07 17:15:48,963 : INFO : EventManager : Event: ======'mode_launch_shows_stopped'====== Args={}
2024-05-07 17:15:48,964 : INFO : EventManager : Event: ======'clear'====== Args={'key': 'launch_shows'}
2024-05-07 17:15:48,964 : INFO : EventManager : Event: ======'multi_player_ball_started'====== Args={}
2024-05-07 17:15:48,965 : INFO : EventManager : Event: ======'player_1_ball_started'====== Args={}
2024-05-07 17:15:48,965 : INFO : EventManager : Event: ======'ball_start_target'====== Args={'target': 'playfield'}
2024-05-07 17:15:48,966 : INFO : ball_device.bd_trough : Setting up player-controlled eject. Balls: 1, Target: <playfield.playfield>, player_controlled_eject_event: None
2024-05-07 17:15:48,966 : INFO : ball_device.bd_trough : Adding 1 ball(s) to the eject_queue with target <playfield.playfield>.
2024-05-07 17:15:48,966 : INFO : EventManager : Event: ======'balldevice_balls_available'====== Args={}
2024-05-07 17:15:48,966 : INFO : ball_device.bd_trough : State: waiting_for_target_ready
2024-05-07 17:15:48,967 : INFO : EventManager : Event: ======'balldevice_bd_trough_ball_eject_attempt'====== Args={'balls': 1, 'target': <playfield.playfield>, 'source': <ball_device.bd_trough>, 'mechanical_eject': False, 'num_attempts': 0}
2024-05-07 17:15:48,967 : INFO : ball_device.bd_trough : State: ejecting
2024-05-07 17:15:48,967 : INFO : ball_device.bd_trough : Ejecting ball to <playfield.playfield>
2024-05-07 17:15:48,967 : INFO : EventManager : Event: ======'balldevice_bd_trough_ejecting_ball'====== Args={'balls': 1, 'target': <playfield.playfield>, 'source': <ball_device.bd_trough>, 'mechanical_eject': False, 'num_attempts': 0}
2024-05-07 17:15:48,967 : INFO : EventManager : Event: ======'ball_save_ball_save_ball_save_timer_start'====== Args={}
2024-05-07 17:15:48,968 : INFO : ball_device.bd_trough : Wait for ball to leave device
2024-05-07 17:15:48,968 : INFO : coil.c_trough : Pulsing Driver for 14ms (1.0 pulse_power)
2024-05-07 17:15:49,038 : INFO : EventManager : Event: ======'slide_base_created'====== Args={'_from_bcp': True}
2024-05-07 17:15:49,038 : INFO : EventManager : Event: ======'slide_launch_inactive'====== Args={'_from_bcp': True}
2024-05-07 17:15:49,038 : INFO : EventManager : Event: ======'slide_base_active'====== Args={'original_context': 'base', 'original_calling_context': 'mode_launch_shows_stopped', 'cmd': 'slides_play', '_from_bcp': True}
2024-05-07 17:15:49,038 : INFO : EventManager : Event: ======'slide_launch_removed'====== Args={'_from_bcp': True}
2024-05-07 17:15:49,084 : INFO : SwitchController : <<<<<<< 's_launch' inactive >>>>>>>
2024-05-07 17:15:50,233 : INFO : SwitchController : <<<<<<< 's_stationary_o' active >>>>>>>
2024-05-07 17:15:50,233 : INFO : EventManager : Event: ======'playfield_active'====== Args={}
2024-05-07 17:15:50,233 : INFO : EventManager : Event: ======'playfield_active'====== Args={}
2024-05-07 17:15:50,233 : INFO : EventManager : Event: ======'s_stationary_o_active'====== Args={}
2024-05-07 17:15:50,234 : INFO : EventManager : Event: ======'sw_playfield_active'====== Args={}
2024-05-07 17:15:50,234 : INFO : EventManager : Event: ======'machine_var_audits_switches_s_stationary_o'====== Args={'value': 143, 'prev_value': 142, 'change': 1}
2024-05-07 17:15:50,235 : INFO : EventManager : Event: ======'player_shot_r_o_fleshy'====== Args={'value': 1, 'prev_value': 0, 'change': 1, 'player_num': 1}
2024-05-07 17:15:50,239 : INFO : EventManager : Event: ======'machine_var_audits_shots_r_o_fleshy'====== Args={'value': 138, 'prev_value': 137, 'change': 1}
2024-05-07 17:15:50,240 : INFO : EventManager : Event: ======'r_o_fleshy_hit'====== Args={'profile': 'fleshy_profile', 'state': 'unlit', 'advancing': True}
2024-05-07 17:15:50,240 : INFO : EventManager : Event: ======'r_o_fleshy_fleshy_profile_hit'====== Args={'profile': 'fleshy_profile', 'state': 'unlit', 'advancing': True}
2024-05-07 17:15:50,240 : INFO : EventManager : Event: ======'r_o_fleshy_fleshy_profile_unlit_hit'====== Args={'profile': 'fleshy_profile', 'state': 'unlit', 'advancing': True}
2024-05-07 17:15:50,240 : INFO : EventManager : Event: ======'r_o_fleshy_unlit_hit'====== Args={'profile': 'fleshy_profile', 'state': 'unlit', 'advancing': True}
2024-05-07 17:15:50,240 : INFO : EventManager : Event: ======'player_shot_r_o_rotate'====== Args={'value': 1, 'prev_value': 0, 'change': 1, 'player_num': 1}
2024-05-07 17:15:50,241 : INFO : EventManager : Event: ======'machine_var_audits_shots_r_o_rotate'====== Args={'value': 87, 'prev_value': 86, 'change': 1}
2024-05-07 17:15:50,241 : INFO : EventManager : Event: ======'r_o_rotate_hit'====== Args={'profile': 'rotate_profile', 'state': 'unlit', 'advancing': True}
2024-05-07 17:15:50,242 : INFO : EventManager : Event: ======'r_o_rotate_rotate_profile_hit'====== Args={'profile': 'rotate_profile', 'state': 'unlit', 'advancing': True}
2024-05-07 17:15:50,242 : INFO : EventManager : Event: ======'r_o_rotate_rotate_profile_unlit_hit'====== Args={'profile': 'rotate_profile', 'state': 'unlit', 'advancing': True}
2024-05-07 17:15:50,242 : INFO : EventManager : Event: ======'r_o_rotate_unlit_hit'====== Args={'profile': 'rotate_profile', 'state': 'unlit', 'advancing': True}
2024-05-07 17:15:50,243 : INFO : EventManager : Event: ======'fleshy_shots_hit'====== Args={}
2024-05-07 17:15:50,243 : INFO : EventManager : Event: ======'fleshy_shots_unlit_hit'====== Args={}
2024-05-07 17:15:50,243 : INFO : EventManager : Event: ======'rotate_group_hit'====== Args={}
2024-05-07 17:15:50,244 : INFO : EventManager : Event: ======'rotate_group_unlit_hit'====== Args={}
2024-05-07 17:15:50,244 : INFO : EventManager : Event: ======'playfield_active'====== Args={}
2024-05-07 17:15:50,316 : INFO : SwitchController : <<<<<<< 's_stationary_o' inactive >>>>>>>
2024-05-07 17:15:50,446 : INFO : SwitchController : <<<<<<< 's_stationary_o' active >>>>>>>
2024-05-07 17:15:50,446 : INFO : EventManager : Event: ======'playfield_active'====== Args={}
2024-05-07 17:15:50,447 : INFO : EventManager : Event: ======'playfield_active'====== Args={}
2024-05-07 17:15:50,447 : INFO : EventManager : Event: ======'s_stationary_o_active'====== Args={}
2024-05-07 17:15:50,447 : INFO : EventManager : Event: ======'sw_playfield_active'====== Args={}
2024-05-07 17:15:50,447 : INFO : EventManager : Event: ======'machine_var_audits_switches_s_stationary_o'====== Args={'value': 144, 'prev_value': 143, 'change': 1}
2024-05-07 17:15:50,448 : INFO : EventManager : Event: ======'player_shot_r_o_fleshy'====== Args={'value': 2, 'prev_value': 1, 'change': 1, 'player_num': 1}
2024-05-07 17:15:50,449 : INFO : EventManager : Event: ======'machine_var_audits_shots_r_o_fleshy'====== Args={'value': 139, 'prev_value': 138, 'change': 1}
2024-05-07 17:15:50,449 : INFO : EventManager : Event: ======'r_o_fleshy_hit'====== Args={'profile': 'fleshy_profile', 'state': 'light1lit', 'advancing': True}
2024-05-07 17:15:50,449 : INFO : EventManager : Event: ======'r_o_fleshy_fleshy_profile_hit'====== Args={'profile': 'fleshy_profile', 'state': 'light1lit', 'advancing': True}
2024-05-07 17:15:50,450 : INFO : EventManager : Event: ======'r_o_fleshy_fleshy_profile_light1lit_hit'====== Args={'profile': 'fleshy_profile', 'state': 'light1lit', 'advancing': True}
2024-05-07 17:15:50,450 : INFO : EventManager : Event: ======'r_o_fleshy_light1lit_hit'====== Args={'profile': 'fleshy_profile', 'state': 'light1lit', 'advancing': True}
2024-05-07 17:15:50,451 : INFO : EventManager : Event: ======'machine_var_audits_shots_r_o_rotate'====== Args={'value': 88, 'prev_value': 87, 'change': 1}
2024-05-07 17:15:50,451 : INFO : EventManager : Event: ======'r_o_rotate_hit'====== Args={'profile': 'rotate_profile', 'state': 'hit', 'advancing': False}
2024-05-07 17:15:50,451 : INFO : EventManager : Event: ======'r_o_rotate_rotate_profile_hit'====== Args={'profile': 'rotate_profile', 'state': 'hit', 'advancing': False}
2024-05-07 17:15:50,451 : INFO : EventManager : Event: ======'r_o_rotate_rotate_profile_hit_hit'====== Args={'profile': 'rotate_profile', 'state': 'hit', 'advancing': False}
2024-05-07 17:15:50,452 : INFO : EventManager : Event: ======'r_o_rotate_hit_hit'====== Args={'profile': 'rotate_profile', 'state': 'hit', 'advancing': False}
2024-05-07 17:15:50,452 : INFO : EventManager : Event: ======'fleshy_shots_hit'====== Args={}
2024-05-07 17:15:50,452 : INFO : EventManager : Event: ======'fleshy_shots_light1lit_hit'====== Args={}
2024-05-07 17:15:50,452 : INFO : EventManager : Event: ======'rotate_group_hit'====== Args={}
2024-05-07 17:15:50,452 : INFO : EventManager : Event: ======'rotate_group_hit_hit'====== Args={}
2024-05-07 17:15:50,452 : INFO : EventManager : Event: ======'playfield_active'====== Args={}
2024-05-07 17:15:50,564 : INFO : SwitchController : <<<<<<< 's_stationary_o' inactive >>>>>>>
2024-05-07 17:15:50,680 : INFO : SwitchController : <<<<<<< 's_stationary_o' active >>>>>>>
2024-05-07 17:15:50,680 : INFO : EventManager : Event: ======'playfield_active'====== Args={}
2024-05-07 17:15:50,680 : INFO : EventManager : Event: ======'playfield_active'====== Args={}
2024-05-07 17:15:50,680 : INFO : EventManager : Event: ======'s_stationary_o_active'====== Args={}
2024-05-07 17:15:50,680 : INFO : EventManager : Event: ======'sw_playfield_active'====== Args={}
2024-05-07 17:15:50,681 : INFO : EventManager : Event: ======'machine_var_audits_switches_s_stationary_o'====== Args={'value': 145, 'prev_value': 144, 'change': 1}
2024-05-07 17:15:50,681 : INFO : EventManager : Event: ======'player_shot_r_o_fleshy'====== Args={'value': 3, 'prev_value': 2, 'change': 1, 'player_num': 1}
2024-05-07 17:15:50,682 : INFO : EventManager : Event: ======'machine_var_audits_shots_r_o_fleshy'====== Args={'value': 140, 'prev_value': 139, 'change': 1}
2024-05-07 17:15:50,682 : INFO : EventManager : Event: ======'r_o_fleshy_hit'====== Args={'profile': 'fleshy_profile', 'state': 'light2lit', 'advancing': True}
2024-05-07 17:15:50,683 : INFO : EventManager : Event: ======'r_o_fleshy_fleshy_profile_hit'====== Args={'profile': 'fleshy_profile', 'state': 'light2lit', 'advancing': True}
2024-05-07 17:15:50,683 : INFO : EventManager : Event: ======'r_o_fleshy_fleshy_profile_light2lit_hit'====== Args={'profile': 'fleshy_profile', 'state': 'light2lit', 'advancing': True}
2024-05-07 17:15:50,683 : INFO : EventManager : Event: ======'r_o_fleshy_light2lit_hit'====== Args={'profile': 'fleshy_profile', 'state': 'light2lit', 'advancing': True}
2024-05-07 17:15:50,683 : INFO : EventManager : Event: ======'machine_var_audits_shots_r_o_rotate'====== Args={'value': 89, 'prev_value': 88, 'change': 1}
2024-05-07 17:15:50,684 : INFO : EventManager : Event: ======'r_o_rotate_hit'====== Args={'profile': 'rotate_profile', 'state': 'hit', 'advancing': False}
2024-05-07 17:15:50,684 : INFO : EventManager : Event: ======'r_o_rotate_rotate_profile_hit'====== Args={'profile': 'rotate_profile', 'state': 'hit', 'advancing': False}
2024-05-07 17:15:50,684 : INFO : EventManager : Event: ======'r_o_rotate_rotate_profile_hit_hit'====== Args={'profile': 'rotate_profile', 'state': 'hit', 'advancing': False}
2024-05-07 17:15:50,684 : INFO : EventManager : Event: ======'r_o_rotate_hit_hit'====== Args={'profile': 'rotate_profile', 'state': 'hit', 'advancing': False}
2024-05-07 17:15:50,684 : INFO : EventManager : Event: ======'fleshy_shots_hit'====== Args={}
2024-05-07 17:15:50,685 : INFO : EventManager : Event: ======'fleshy_shots_light2lit_hit'====== Args={}
2024-05-07 17:15:50,685 : INFO : EventManager : Event: ======'rotate_group_hit'====== Args={}
2024-05-07 17:15:50,685 : INFO : EventManager : Event: ======'rotate_group_hit_hit'====== Args={}
2024-05-07 17:15:50,685 : INFO : EventManager : Event: ======'playfield_active'====== Args={}
2024-05-07 17:15:50,765 : INFO : SwitchController : <<<<<<< 's_stationary_o' inactive >>>>>>>
2024-05-07 17:15:50,968 : INFO : EventManager : Event: ======'balldevice_bd_trough_ball_eject_failed'====== Args={'target': <playfield.playfield>, 'balls': 1, 'retry': True, 'num_attempts': 1}
2024-05-07 17:15:50,970 : INFO : ball_device.bd_trough : State: waiting_for_target_ready
2024-05-07 17:15:50,970 : INFO : EventManager : Event: ======'balldevice_bd_trough_ball_eject_attempt'====== Args={'balls': 1, 'target': <playfield.playfield>, 'source': <ball_device.bd_trough>, 'mechanical_eject': False, 'num_attempts': 1}
2024-05-07 17:15:50,970 : INFO : ball_device.bd_trough : State: ejecting
2024-05-07 17:15:50,970 : INFO : ball_device.bd_trough : Ejecting ball to <playfield.playfield>
2024-05-07 17:15:50,971 : INFO : EventManager : Event: ======'balldevice_bd_trough_ejecting_ball'====== Args={'balls': 1, 'target': <playfield.playfield>, 'source': <ball_device.bd_trough>, 'mechanical_eject': False, 'num_attempts': 1}
2024-05-07 17:15:50,971 : INFO : ball_device.bd_trough : Wait for ball to leave device
2024-05-07 17:15:50,971 : INFO : coil.c_trough : Pulsing Driver for 14ms (1.0 pulse_power)
2024-05-07 17:15:51,582 : INFO : SwitchController : <<<<<<< 's_stationary_s' active >>>>>>>
2024-05-07 17:15:51,582 : INFO : EventManager : Event: ======'playfield_active'====== Args={}
2024-05-07 17:15:51,582 : INFO : EventManager : Event: ======'playfield_active'====== Args={}
2024-05-07 17:15:51,582 : INFO : EventManager : Event: ======'s_stationary_s_active'====== Args={}
2024-05-07 17:15:51,583 : INFO : EventManager : Event: ======'sw_playfield_active'====== Args={}
2024-05-07 17:15:51,583 : INFO : EventManager : Event: ======'machine_var_audits_switches_s_stationary_s'====== Args={'value': 107, 'prev_value': 106, 'change': 1}
2024-05-07 17:15:51,584 : INFO : EventManager : Event: ======'player_shot_r_s_fleshy'====== Args={'value': 1, 'prev_value': 0, 'change': 1, 'player_num': 1}
2024-05-07 17:15:51,585 : INFO : EventManager : Event: ======'machine_var_audits_shots_r_s_fleshy'====== Args={'value': 107, 'prev_value': 106, 'change': 1}
2024-05-07 17:15:51,585 : INFO : EventManager : Event: ======'r_s_fleshy_hit'====== Args={'profile': 'fleshy_profile', 'state': 'unlit', 'advancing': True}
2024-05-07 17:15:51,585 : INFO : EventManager : Event: ======'r_s_fleshy_fleshy_profile_hit'====== Args={'profile': 'fleshy_profile', 'state': 'unlit', 'advancing': True}
2024-05-07 17:15:51,585 : INFO : EventManager : Event: ======'r_s_fleshy_fleshy_profile_unlit_hit'====== Args={'profile': 'fleshy_profile', 'state': 'unlit', 'advancing': True}
2024-05-07 17:15:51,585 : INFO : EventManager : Event: ======'r_s_fleshy_unlit_hit'====== Args={'profile': 'fleshy_profile', 'state': 'unlit', 'advancing': True}
2024-05-07 17:15:51,586 : INFO : EventManager : Event: ======'player_shot_r_s_rotate'====== Args={'value': 1, 'prev_value': 0, 'change': 1, 'player_num': 1}
2024-05-07 17:15:51,586 : INFO : EventManager : Event: ======'machine_var_audits_shots_r_s_rotate'====== Args={'value': 84, 'prev_value': 83, 'change': 1}
2024-05-07 17:15:51,587 : INFO : EventManager : Event: ======'r_s_rotate_hit'====== Args={'profile': 'rotate_profile', 'state': 'unlit', 'advancing': True}
2024-05-07 17:15:51,587 : INFO : EventManager : Event: ======'r_s_rotate_rotate_profile_hit'====== Args={'profile': 'rotate_profile', 'state': 'unlit', 'advancing': True}
2024-05-07 17:15:51,587 : INFO : EventManager : Event: ======'r_s_rotate_rotate_profile_unlit_hit'====== Args={'profile': 'rotate_profile', 'state': 'unlit', 'advancing': True}
2024-05-07 17:15:51,587 : INFO : EventManager : Event: ======'r_s_rotate_unlit_hit'====== Args={'profile': 'rotate_profile', 'state': 'unlit', 'advancing': True}
2024-05-07 17:15:51,587 : INFO : EventManager : Event: ======'playfield_active'====== Args={}
2024-05-07 17:15:51,588 : INFO : EventManager : Event: ======'fleshy_shots_hit'====== Args={}
2024-05-07 17:15:51,588 : INFO : EventManager : Event: ======'fleshy_shots_unlit_hit'====== Args={}
2024-05-07 17:15:51,588 : INFO : EventManager : Event: ======'rotate_group_hit'====== Args={}
2024-05-07 17:15:51,588 : INFO : EventManager : Event: ======'rotate_group_unlit_hit'====== Args={}
2024-05-07 17:15:51,589 : INFO : EventManager : Event: ======'playfield_active'====== Args={}
2024-05-07 17:15:51,666 : INFO : SwitchController : <<<<<<< 's_stationary_s' inactive >>>>>>>
2024-05-07 17:15:51,782 : INFO : SwitchController : <<<<<<< 's_stationary_s' active >>>>>>>
2024-05-07 17:15:51,782 : INFO : EventManager : Event: ======'playfield_active'====== Args={}
2024-05-07 17:15:51,782 : INFO : EventManager : Event: ======'playfield_active'====== Args={}
2024-05-07 17:15:51,782 : INFO : EventManager : Event: ======'s_stationary_s_active'====== Args={}
2024-05-07 17:15:51,783 : INFO : EventManager : Event: ======'sw_playfield_active'====== Args={}
2024-05-07 17:15:51,783 : INFO : EventManager : Event: ======'machine_var_audits_switches_s_stationary_s'====== Args={'value': 108, 'prev_value': 107, 'change': 1}
2024-05-07 17:15:51,783 : INFO : EventManager : Event: ======'player_shot_r_s_fleshy'====== Args={'value': 2, 'prev_value': 1, 'change': 1, 'player_num': 1}
2024-05-07 17:15:51,784 : INFO : EventManager : Event: ======'machine_var_audits_shots_r_s_fleshy'====== Args={'value': 108, 'prev_value': 107, 'change': 1}
2024-05-07 17:15:51,784 : INFO : EventManager : Event: ======'r_s_fleshy_hit'====== Args={'profile': 'fleshy_profile', 'state': 'light1lit', 'advancing': True}
2024-05-07 17:15:51,784 : INFO : EventManager : Event: ======'r_s_fleshy_fleshy_profile_hit'====== Args={'profile': 'fleshy_profile', 'state': 'light1lit', 'advancing': True}
2024-05-07 17:15:51,785 : INFO : EventManager : Event: ======'r_s_fleshy_fleshy_profile_light1lit_hit'====== Args={'profile': 'fleshy_profile', 'state': 'light1lit', 'advancing': True}
2024-05-07 17:15:51,785 : INFO : EventManager : Event: ======'r_s_fleshy_light1lit_hit'====== Args={'profile': 'fleshy_profile', 'state': 'light1lit', 'advancing': True}
2024-05-07 17:15:51,785 : INFO : EventManager : Event: ======'machine_var_audits_shots_r_s_rotate'====== Args={'value': 85, 'prev_value': 84, 'change': 1}
2024-05-07 17:15:51,785 : INFO : EventManager : Event: ======'r_s_rotate_hit'====== Args={'profile': 'rotate_profile', 'state': 'hit', 'advancing': False}
2024-05-07 17:15:51,786 : INFO : EventManager : Event: ======'r_s_rotate_rotate_profile_hit'====== Args={'profile': 'rotate_profile', 'state': 'hit', 'advancing': False}
2024-05-07 17:15:51,786 : INFO : EventManager : Event: ======'r_s_rotate_rotate_profile_hit_hit'====== Args={'profile': 'rotate_profile', 'state': 'hit', 'advancing': False}
2024-05-07 17:15:51,786 : INFO : EventManager : Event: ======'r_s_rotate_hit_hit'====== Args={'profile': 'rotate_profile', 'state': 'hit', 'advancing': False}
2024-05-07 17:15:51,786 : INFO : EventManager : Event: ======'playfield_active'====== Args={}
2024-05-07 17:15:51,786 : INFO : EventManager : Event: ======'fleshy_shots_hit'====== Args={}
2024-05-07 17:15:51,786 : INFO : EventManager : Event: ======'fleshy_shots_light1lit_hit'====== Args={}
2024-05-07 17:15:51,786 : INFO : EventManager : Event: ======'rotate_group_hit'====== Args={}
2024-05-07 17:15:51,787 : INFO : EventManager : Event: ======'rotate_group_hit_hit'====== Args={}
2024-05-07 17:15:51,787 : INFO : EventManager : Event: ======'playfield_active'====== Args={}
2024-05-07 17:15:51,880 : INFO : SwitchController : <<<<<<< 's_stationary_s' inactive >>>>>>>
2024-05-07 17:15:51,964 : INFO : SwitchController : <<<<<<< 's_stationary_s' active >>>>>>>
2024-05-07 17:15:51,964 : INFO : EventManager : Event: ======'playfield_active'====== Args={}
2024-05-07 17:15:51,964 : INFO : EventManager : Event: ======'playfield_active'====== Args={}
2024-05-07 17:15:51,964 : INFO : EventManager : Event: ======'s_stationary_s_active'====== Args={}
2024-05-07 17:15:51,965 : INFO : EventManager : Event: ======'sw_playfield_active'====== Args={}
2024-05-07 17:15:51,965 : INFO : EventManager : Event: ======'machine_var_audits_switches_s_stationary_s'====== Args={'value': 109, 'prev_value': 108, 'change': 1}
2024-05-07 17:15:51,965 : INFO : EventManager : Event: ======'player_shot_r_s_fleshy'====== Args={'value': 3, 'prev_value': 2, 'change': 1, 'player_num': 1}
2024-05-07 17:15:51,966 : INFO : EventManager : Event: ======'machine_var_audits_shots_r_s_fleshy'====== Args={'value': 109, 'prev_value': 108, 'change': 1}
2024-05-07 17:15:51,966 : INFO : EventManager : Event: ======'r_s_fleshy_hit'====== Args={'profile': 'fleshy_profile', 'state': 'light2lit', 'advancing': True}
2024-05-07 17:15:51,967 : INFO : EventManager : Event: ======'r_s_fleshy_fleshy_profile_hit'====== Args={'profile': 'fleshy_profile', 'state': 'light2lit', 'advancing': True}
2024-05-07 17:15:51,967 : INFO : EventManager : Event: ======'r_s_fleshy_fleshy_profile_light2lit_hit'====== Args={'profile': 'fleshy_profile', 'state': 'light2lit', 'advancing': True}
2024-05-07 17:15:51,967 : INFO : EventManager : Event: ======'r_s_fleshy_light2lit_hit'====== Args={'profile': 'fleshy_profile', 'state': 'light2lit', 'advancing': True}
2024-05-07 17:15:51,967 : INFO : EventManager : Event: ======'machine_var_audits_shots_r_s_rotate'====== Args={'value': 86, 'prev_value': 85, 'change': 1}
2024-05-07 17:15:51,967 : INFO : EventManager : Event: ======'r_s_rotate_hit'====== Args={'profile': 'rotate_profile', 'state': 'hit', 'advancing': False}
2024-05-07 17:15:51,967 : INFO : EventManager : Event: ======'r_s_rotate_rotate_profile_hit'====== Args={'profile': 'rotate_profile', 'state': 'hit', 'advancing': False}
2024-05-07 17:15:51,967 : INFO : EventManager : Event: ======'r_s_rotate_rotate_profile_hit_hit'====== Args={'profile': 'rotate_profile', 'state': 'hit', 'advancing': False}
2024-05-07 17:15:51,967 : INFO : EventManager : Event: ======'r_s_rotate_hit_hit'====== Args={'profile': 'rotate_profile', 'state': 'hit', 'advancing': False}
2024-05-07 17:15:51,968 : INFO : EventManager : Event: ======'playfield_active'====== Args={}
2024-05-07 17:15:51,968 : INFO : EventManager : Event: ======'fleshy_shots_complete'====== Args={'state': 'light3lit'}
2024-05-07 17:15:51,968 : INFO : EventManager : Event: ======'fleshy_shots_light3lit_complete'====== Args={}
2024-05-07 17:15:51,968 : INFO : EventManager : Event: ======'mult_fleshy_start'====== Args={'priority': 0}
2024-05-07 17:15:51,968 : INFO : EventManager : Event: ======'fleshy_qualify_stop'====== Args={'priority': 0}
2024-05-07 17:15:51,969 : INFO : EventManager : Event: ======'mode_mult_fleshy_will_start'====== Args={'priority': 0}
2024-05-07 17:15:51,969 : INFO : EventManager : Event: ======'player_shot_r_ramp_r_fleshy_enabled'====== Args={'value': True, 'prev_value': 0, 'change': 1, 'player_num': 1}
2024-05-07 17:15:51,969 : INFO : EventManager : Event: ======'player_shot_r_ramp_l_fleshy_enabled'====== Args={'value': True, 'prev_value': 0, 'change': 1, 'player_num': 1}
2024-05-07 17:15:51,970 : INFO : EventManager : Event: ======'player_shot_r_right_orbit_fleshy_enabled'====== Args={'value': True, 'prev_value': 0, 'change': 1, 'player_num': 1}
2024-05-07 17:15:51,971 : INFO : EventManager : Event: ======'mode_mult_fleshy_starting'====== Args={'priority': 0}
2024-05-07 17:15:51,972 : INFO : EventManager : Event: ======'mode_mult_fleshy_qualify_will_stop'====== Args={}
2024-05-07 17:15:51,972 : INFO : EventManager : Event: ======'mode_mult_fleshy_qualify_stopping'====== Args={}
2024-05-07 17:15:51,972 : INFO : EventManager : Event: ======'fleshy_shots_hit'====== Args={}
2024-05-07 17:15:51,972 : INFO : EventManager : Event: ======'fleshy_shots_light2lit_hit'====== Args={}
2024-05-07 17:15:51,972 : INFO : EventManager : Event: ======'rotate_group_hit'====== Args={}
2024-05-07 17:15:51,972 : INFO : EventManager : Event: ======'rotate_group_hit_hit'====== Args={}
2024-05-07 17:15:51,972 : INFO : EventManager : Event: ======'playfield_active'====== Args={}
2024-05-07 17:15:51,973 : INFO : Mode.mult_fleshy_qualify : Stopped.
2024-05-07 17:15:51,973 : INFO : EventManager : Event: ======'modes_active_modes_changed'====== Args={}
2024-05-07 17:15:51,973 : INFO : EventManager : Event: ======'mode_mult_fleshy_qualify_stopped'====== Args={}
2024-05-07 17:15:51,973 : INFO : EventManager : Event: ======'clear'====== Args={'key': 'mult_fleshy_qualify'}
2024-05-07 17:15:51,973 : INFO : Mode.mult_fleshy : Started. Priority: 200
2024-05-07 17:15:51,974 : INFO : EventManager : Event: ======'modes_active_modes_changed'====== Args={}
2024-05-07 17:15:51,974 : INFO : EventManager : Event: ======'mode_mult_fleshy_started'====== Args={'priority': 0}
2024-05-07 17:15:51,974 : INFO : EventManager : Event: ======'ball_save_ball_save_enabled'====== Args={}
2024-05-07 17:15:51,974 : WARNING : Mode.game : Balls in play have been capped by num_balls_known.
2024-05-07 17:15:51,974 : INFO : EventManager : Event: ======'balls_in_play'====== Args={'balls': 1}
2024-05-07 17:15:51,975 : INFO : ball_device.bd_trough : Adding 1 ball(s) to the eject_queue with target <playfield.playfield>.
2024-05-07 17:15:51,975 : INFO : EventManager : Event: ======'multiball_fleshy_multiball_shoot_again_ended'====== Args={}
2024-05-07 17:15:51,975 : INFO : EventManager : Event: ======'multiball_fleshy_multiball_started'====== Args={'balls': 2}
2024-05-07 17:15:51,975 : INFO : EventManager : Event: ======'ball_save_ball_save_ball_save_hurry_up'====== Args={}
2024-05-07 17:15:52,097 : INFO : SwitchController : <<<<<<< 's_stationary_s' inactive >>>>>>>
2024-05-07 17:15:52,588 : INFO : EventManager : Event: ======'ss_vuk_bank_timeout'====== Args={}
2024-05-07 17:15:52,787 : INFO : EventManager : Event: ======'ss_vuk_bank_timeout'====== Args={}
2024-05-07 17:15:52,969 : INFO : EventManager : Event: ======'ss_vuk_bank_timeout'====== Args={}
2024-05-07 17:15:52,972 : INFO : EventManager : Event: ======'balldevice_bd_trough_ball_eject_failed'====== Args={'target': <playfield.playfield>, 'balls': 1, 'retry': True, 'num_attempts': 2}
2024-05-07 17:15:52,973 : INFO : ball_device.bd_trough : State: waiting_for_target_ready
2024-05-07 17:15:52,973 : INFO : EventManager : Event: ======'balldevice_bd_trough_ball_eject_attempt'====== Args={'balls': 1, 'target': <playfield.playfield>, 'source': <ball_device.bd_trough>, 'mechanical_eject': False, 'num_attempts': 2}
2024-05-07 17:15:52,973 : INFO : ball_device.bd_trough : State: ejecting
2024-05-07 17:15:52,974 : INFO : ball_device.bd_trough : Ejecting ball to <playfield.playfield>
2024-05-07 17:15:52,974 : INFO : EventManager : Event: ======'balldevice_bd_trough_ejecting_ball'====== Args={'balls': 1, 'target': <playfield.playfield>, 'source': <ball_device.bd_trough>, 'mechanical_eject': False, 'num_attempts': 2}
2024-05-07 17:15:52,974 : INFO : EventManager : Event: ======'ball_save_ball_save_timer_start'====== Args={}
2024-05-07 17:15:52,976 : INFO : ball_device.bd_trough : Wait for ball to leave device
2024-05-07 17:15:52,976 : INFO : coil.c_trough : Pulsing Driver for 14ms (1.0 pulse_power)
2024-05-07 17:15:53,969 : INFO : EventManager : Event: ======'ball_save_ball_save_ball_save_disabled'====== Args={}
2024-05-07 17:15:54,977 : INFO : EventManager : Event: ======'balldevice_bd_trough_ball_eject_failed'====== Args={'target': <playfield.playfield>, 'balls': 1, 'retry': True, 'num_attempts': 3}
2024-05-07 17:15:54,979 : INFO : ball_device.bd_trough : State: waiting_for_target_ready
2024-05-07 17:15:54,979 : INFO : EventManager : Event: ======'balldevice_bd_trough_ball_eject_attempt'====== Args={'balls': 1, 'target': <playfield.playfield>, 'source': <ball_device.bd_trough>, 'mechanical_eject': False, 'num_attempts': 3}
2024-05-07 17:15:54,979 : INFO : ball_device.bd_trough : State: ejecting
2024-05-07 17:15:54,980 : INFO : ball_device.bd_trough : Ejecting ball to <playfield.playfield>
2024-05-07 17:15:54,980 : INFO : EventManager : Event: ======'balldevice_bd_trough_ejecting_ball'====== Args={'balls': 1, 'target': <playfield.playfield>, 'source': <ball_device.bd_trough>, 'mechanical_eject': False, 'num_attempts': 3}
2024-05-07 17:15:54,981 : INFO : ball_device.bd_trough : Wait for ball to leave device
2024-05-07 17:15:54,982 : INFO : coil.c_trough : Pulsing Driver for 14ms (1.0 pulse_power)
2024-05-07 17:15:55,798 : INFO : SwitchController : <<<<<<< 's_ramp_l' active >>>>>>>
2024-05-07 17:15:55,798 : INFO : EventManager : Event: ======'s_ramp_l_active'====== Args={}
2024-05-07 17:15:55,798 : INFO : EventManager : Event: ======'machine_var_audits_switches_s_ramp_l'====== Args={'value': 16, 'prev_value': 15, 'change': 1}
2024-05-07 17:15:55,799 : INFO : EventManager : Event: ======'playfield_active'====== Args={}
2024-05-07 17:15:55,913 : INFO : SwitchController : <<<<<<< 's_ramp_l' inactive >>>>>>>
2024-05-07 17:15:56,815 : INFO : SwitchController : <<<<<<< 's_ramp_complete' active >>>>>>>
2024-05-07 17:15:56,815 : INFO : EventManager : Event: ======'s_ramp_complete_active'====== Args={}
2024-05-07 17:15:56,815 : INFO : EventManager : Event: ======'machine_var_audits_switches_s_ramp_complete'====== Args={'value': 27, 'prev_value': 26, 'change': 1}
2024-05-07 17:15:56,816 : INFO : EventManager : Event: ======'playfield_active'====== Args={}
2024-05-07 17:15:56,816 : INFO : EventManager : Event: ======'playfield_active'====== Args={}
2024-05-07 17:15:56,816 : INFO : EventManager : Event: ======'ss_ramp_l_hit'====== Args={'elapsed': 1.0139470830000015}
2024-05-07 17:15:56,817 : INFO : EventManager : Event: ======'player_shot_r_ramp_l_fleshy'====== Args={'value': 1, 'prev_value': 0, 'change': 1, 'player_num': 1}
2024-05-07 17:15:56,817 : INFO : EventManager : Event: ======'machine_var_audits_shots_r_ramp_l_fleshy'====== Args={'value': 13, 'prev_value': 12, 'change': 1}
2024-05-07 17:15:56,821 : INFO : EventManager : Event: ======'r_ramp_l_fleshy_hit'====== Args={'profile': 'sp_fleshy_jp', 'state': None, 'advancing': True}
2024-05-07 17:15:56,821 : INFO : EventManager : Event: ======'r_ramp_l_fleshy_sp_fleshy_jp_hit'====== Args={'profile': 'sp_fleshy_jp', 'state': None, 'advancing': True}
2024-05-07 17:15:56,821 : INFO : EventManager : Event: ======'r_ramp_l_fleshy_sp_fleshy_jp_None_hit'====== Args={'profile': 'sp_fleshy_jp', 'state': None, 'advancing': True}
2024-05-07 17:15:56,822 : INFO : EventManager : Event: ======'r_ramp_l_fleshy_None_hit'====== Args={'profile': 'sp_fleshy_jp', 'state': None, 'advancing': True}
2024-05-07 17:15:56,822 : INFO : EventManager : Event: ======'fleshy_jackpot_group_hit'====== Args={}
2024-05-07 17:15:56,822 : INFO : EventManager : Event: ======'fleshy_jackpot_group_None_hit'====== Args={}
2024-05-07 17:15:56,917 : INFO : SwitchController : <<<<<<< 's_ramp_complete' inactive >>>>>>>
2024-05-07 17:15:56,983 : INFO : EventManager : Event: ======'balldevice_bd_trough_ball_eject_failed'====== Args={'target': <playfield.playfield>, 'balls': 1, 'retry': True, 'num_attempts': 4}
2024-05-07 17:15:56,984 : INFO : ball_device.bd_trough : State: waiting_for_target_ready
2024-05-07 17:15:56,984 : INFO : EventManager : Event: ======'balldevice_bd_trough_ball_eject_attempt'====== Args={'balls': 1, 'target': <playfield.playfield>, 'source': <ball_device.bd_trough>, 'mechanical_eject': False, 'num_attempts': 4}
2024-05-07 17:15:56,984 : INFO : ball_device.bd_trough : State: ejecting
2024-05-07 17:15:56,984 : INFO : ball_device.bd_trough : Ejecting ball to <playfield.playfield>
2024-05-07 17:15:56,984 : INFO : EventManager : Event: ======'balldevice_bd_trough_ejecting_ball'====== Args={'balls': 1, 'target': <playfield.playfield>, 'source': <ball_device.bd_trough>, 'mechanical_eject': False, 'num_attempts': 4}
2024-05-07 17:15:56,984 : INFO : ball_device.bd_trough : Wait for ball to leave device
2024-05-07 17:15:56,985 : INFO : coil.c_trough : Pulsing Driver for 14ms (1.0 pulse_power)
2024-05-07 17:15:58,986 : INFO : EventManager : Event: ======'balldevice_bd_trough_ball_eject_failed'====== Args={'target': <playfield.playfield>, 'balls': 1, 'retry': True, 'num_attempts': 5}
2024-05-07 17:15:58,987 : INFO : ball_device.bd_trough : State: waiting_for_target_ready
2024-05-07 17:15:58,987 : INFO : EventManager : Event: ======'balldevice_bd_trough_ball_eject_attempt'====== Args={'balls': 1, 'target': <playfield.playfield>, 'source': <ball_device.bd_trough>, 'mechanical_eject': False, 'num_attempts': 5}
2024-05-07 17:15:58,988 : INFO : ball_device.bd_trough : State: ejecting
2024-05-07 17:15:58,988 : INFO : ball_device.bd_trough : Ejecting ball to <playfield.playfield>
2024-05-07 17:15:58,988 : INFO : EventManager : Event: ======'balldevice_bd_trough_ejecting_ball'====== Args={'balls': 1, 'target': <playfield.playfield>, 'source': <ball_device.bd_trough>, 'mechanical_eject': False, 'num_attempts': 5}
2024-05-07 17:15:58,989 : INFO : ball_device.bd_trough : Wait for ball to leave device
2024-05-07 17:15:58,989 : INFO : coil.c_trough : Pulsing Driver for 14ms (1.0 pulse_power)
2024-05-07 17:15:59,616 : INFO : Machine : Shutting down...
2024-05-07 17:15:59,617 : INFO : EventManager : Event: ======'shutdown'====== Args={}
2024-05-07 17:15:59,618 : INFO : EventManager : Event: ======'mode_game_will_stop'====== Args={}
2024-05-07 17:15:59,618 : INFO : EventManager : Event: ======'mode_game_stopping'====== Args={}
2024-05-07 17:15:59,618 : INFO : EventManager : Event: ======'mode_base_will_stop'====== Args={}
2024-05-07 17:15:59,618 : INFO : EventManager : Event: ======'mode_base_stopping'====== Args={}
2024-05-07 17:15:59,618 : INFO : EventManager : Event: ======'mode_start_ball_save_will_stop'====== Args={}
2024-05-07 17:15:59,618 : INFO : EventManager : Event: ======'mode_start_ball_save_stopping'====== Args={}
2024-05-07 17:15:59,619 : INFO : EventManager : Event: ======'mode_lane_rotate_will_stop'====== Args={}
2024-05-07 17:15:59,619 : INFO : EventManager : Event: ======'mode_lane_rotate_stopping'====== Args={}
2024-05-07 17:15:59,619 : INFO : EventManager : Event: ======'mode_mult_fleshy_will_stop'====== Args={}
2024-05-07 17:15:59,619 : INFO : EventManager : Event: ======'mode_mult_fleshy_stopping'====== Args={}
2024-05-07 17:15:59,619 : INFO : Mode.mult_fleshy : Stopped.
2024-05-07 17:15:59,619 : INFO : EventManager : Event: ======'modes_active_modes_changed'====== Args={}
2024-05-07 17:15:59,619 : INFO : EventManager : Event: ======'mode_mult_fleshy_stopped'====== Args={}
2024-05-07 17:15:59,619 : INFO : EventManager : Event: ======'clear'====== Args={'key': 'mult_fleshy'}
2024-05-07 17:15:59,620 : INFO : EventManager : Event: ======'ball_save_ball_save_disabled'====== Args={}
2024-05-07 17:15:59,620 : INFO : Mode.lane_rotate : Stopped.
2024-05-07 17:15:59,620 : INFO : EventManager : Event: ======'modes_active_modes_changed'====== Args={}
2024-05-07 17:15:59,620 : INFO : EventManager : Event: ======'mode_lane_rotate_stopped'====== Args={}
2024-05-07 17:15:59,620 : INFO : EventManager : Event: ======'clear'====== Args={'key': 'lane_rotate'}
2024-05-07 17:15:59,621 : INFO : Mode.start_ball_save : Stopped.
2024-05-07 17:15:59,621 : INFO : EventManager : Event: ======'modes_active_modes_changed'====== Args={}
2024-05-07 17:15:59,621 : INFO : EventManager : Event: ======'mode_start_ball_save_stopped'====== Args={}
2024-05-07 17:15:59,621 : INFO : EventManager : Event: ======'clear'====== Args={'key': 'start_ball_save'}
2024-05-07 17:15:59,621 : INFO : Mode.base : Stopped.
2024-05-07 17:15:59,621 : INFO : EventManager : Event: ======'modes_active_modes_changed'====== Args={}
2024-05-07 17:15:59,622 : INFO : EventManager : Event: ======'mode_base_stopped'====== Args={}
2024-05-07 17:15:59,622 : INFO : EventManager : Event: ======'clear'====== Args={'key': 'base'}
2024-05-07 17:15:59,623 : INFO : Mode.game : Stopped.
2024-05-07 17:15:59,623 : INFO : EventManager : Event: ======'modes_active_modes_changed'====== Args={}
2024-05-07 17:15:59,623 : INFO : EventManager : Event: ======'mode_game_stopped'====== Args={}
2024-05-07 17:15:59,623 : INFO : EventManager : Event: ======'clear'====== Args={'key': 'game'}
2024-05-07 17:15:59,625 : INFO : root : MPF run loop ended.
