2024-04-19 05:59:46,534 : kivy : Kivy: v2.2.1
2024-04-19 05:59:46,534 : kivy : Kivy: Installed at "/Library/Frameworks/Python.framework/Versions/3.9/lib/python3.9/site-packages/kivy/__init__.py"
2024-04-19 05:59:46,534 : kivy : Python: v3.9.13 (v3.9.13:6de2ca5339, May 17 2022, 11:37:23) 
[Clang 13.0.0 (clang-1300.0.29.30)]
2024-04-19 05:59:46,534 : kivy : Python: Interpreter at "/Library/Frameworks/Python.framework/Versions/3.9/bin/python3.9"
2024-04-19 05:59:46,546 : kivy : Factory: 190 symbols loaded
2024-04-19 05:59:46,671 : kivy : ImageLoaderFFPy: Using ffpyplayer 4.5.1
2024-04-19 05:59:46,671 : kivy : Image: Providers: img_tex, img_imageio, img_dds, img_sdl2, img_pil, img_ffpyplayer 
2024-04-19 05:59:46,752 : kivy : VideoFFPy: Using ffpyplayer 4.5.1
2024-04-19 05:59:46,752 : kivy : Video: Provider: ffpyplayer(['video_ffmpeg'] ignored)
2024-04-19 05:59:46,792 : root : Loading MPF-MC controller
2024-04-19 05:59:46,798 : YamlMultifileConfigLoader : Machine config file #1: config
2024-04-19 05:59:46,798 : ConfigProcessor : Config file in cache changed: /Users/tannerpetch/Documents/GitHub/lofab/config/config
2024-04-19 05:59:46,798 : ConfigProcessor : Loading config from file /Library/Frameworks/Python.framework/Versions/3.9/lib/python3.9/site-packages/mpfmc/mcconfig.yaml.
2024-04-19 05:59:46,801 : ConfigProcessor : Loading config: /Library/Frameworks/Python.framework/Versions/3.9/lib/python3.9/site-packages/mpfmc/mcconfig.yaml
2024-04-19 05:59:46,802 : ConfigProcessor : Loading config from file /Users/tannerpetch/Documents/GitHub/lofab/config/config.
2024-04-19 05:59:46,806 : ConfigProcessor : Loading config: /Users/tannerpetch/Documents/GitHub/lofab/config/config
2024-04-19 05:59:46,807 : ConfigProcessor : Config file cache created: /var/folders/l2/q8hj_6s91xnb2jxg1sqm0h7r0000gn/T/d2eff62569ef5a6216970672da69648f.mpf_cache
2024-04-19 05:59:46,807 : ConfigProcessor : Loading config from cache: /var/folders/l2/q8hj_6s91xnb2jxg1sqm0h7r0000gn/T/640347d32029b3f32c9ad31d7a1b4b81.mpf_cache
2024-04-19 05:59:46,807 : ConfigProcessor : Loading config from cache: /var/folders/l2/q8hj_6s91xnb2jxg1sqm0h7r0000gn/T/edcc5f1d3215b377c9faab88c62e4ce0.mpf_cache
2024-04-19 05:59:46,807 : ConfigProcessor : Loading config from cache: /var/folders/l2/q8hj_6s91xnb2jxg1sqm0h7r0000gn/T/640347d32029b3f32c9ad31d7a1b4b81.mpf_cache
2024-04-19 05:59:46,807 : ConfigProcessor : Loading config from cache: /var/folders/l2/q8hj_6s91xnb2jxg1sqm0h7r0000gn/T/f97c90855879603280fcc571f5c42639.mpf_cache
2024-04-19 05:59:46,807 : ConfigProcessor : Loading config from cache: /var/folders/l2/q8hj_6s91xnb2jxg1sqm0h7r0000gn/T/1875c266911f801b691956fe9e9284d6.mpf_cache
2024-04-19 05:59:46,807 : ConfigProcessor : Config file in cache changed: /Users/tannerpetch/Documents/GitHub/lofab/modes/ball_started_shows/config/ball_started_shows.yaml
2024-04-19 05:59:46,807 : ConfigProcessor : Loading config from file /Users/tannerpetch/Documents/GitHub/lofab/modes/ball_started_shows/config/ball_started_shows.yaml.
2024-04-19 05:59:46,808 : ConfigProcessor : Loading config: /Users/tannerpetch/Documents/GitHub/lofab/modes/ball_started_shows/config/ball_started_shows.yaml
2024-04-19 05:59:46,808 : ConfigProcessor : Config file cache created: /var/folders/l2/q8hj_6s91xnb2jxg1sqm0h7r0000gn/T/dc654dabef444957b27720f6742c211f.mpf_cache
2024-04-19 05:59:46,808 : mpfmc : Mission Pinball Framework Media Controller (MPF-MC) v0.57.0. Requires MPF v0.57.0 or newer.
2024-04-19 05:59:46,808 : mpfmc : Found MPF v0.57.1.dev3
2024-04-19 05:59:46,808 : mpfmc : Machine path: /Users/tannerpetch/Documents/GitHub/lofab
2024-04-19 05:59:46,808 : mpfmc : Starting clock at 60.0Hz
2024-04-19 05:59:46,815 : kivy : Text: Provider: sdl2
2024-04-19 05:59:46,830 : kivy : Window: Provider: sdl2
2024-04-19 05:59:46,942 : kivy : GL: Using the "OpenGL ES 2" graphics system
2024-04-19 05:59:46,943 : kivy : GL: Backend used <sdl2>
2024-04-19 05:59:46,943 : kivy : GL: OpenGL version <b'2.1 Metal - 88'>
2024-04-19 05:59:46,943 : kivy : GL: OpenGL vendor <b'Apple'>
2024-04-19 05:59:46,943 : kivy : GL: OpenGL renderer <b'Apple M3'>
2024-04-19 05:59:46,943 : kivy : GL: OpenGL parsed version: 2, 1
2024-04-19 05:59:46,943 : kivy : GL: Shading version <b'1.20'>
2024-04-19 05:59:46,943 : kivy : GL: Texture max size <16384>
2024-04-19 05:59:46,943 : kivy : GL: Texture max units <16>
2024-04-19 05:59:46,953 : kivy : Window: auto add sdl2 input provider
2024-04-19 05:59:46,954 : kivy : Window: virtual keyboard not allowed, single mode, not docked
2024-04-19 05:59:46,957 : SoundSystem : SoundSystem: Using default 'sound_system' settings
2024-04-19 05:59:47,063 : AudioInterface : Initialized
2024-04-19 05:59:47,064 : AudioInterface : Loaded SDL 2.30.1
2024-04-19 05:59:47,064 : AudioInterface : Loaded SDL_Mixer 2.8.0
2024-04-19 05:59:47,064 : AudioInterface : Loaded GStreamer 1.22.10.0
2024-04-19 05:59:47,064 : AudioInterface : Loaded GLib 2.80.0
2024-04-19 05:59:47,064 : AudioInterface : Settings requested - rate: 44100, channels: 1, buffer: 2048 samples
2024-04-19 05:59:47,064 : AudioInterface : Settings in use - rate: 44100, channels: 1, buffer: 2048 samples (4096 bytes @ 2 bytes per sample)
2024-04-19 05:59:47,064 : SoundSystem : No audio tracks are specified in your machine config file. a track named 'default' has been created.
2024-04-19 05:59:47,064 : SoundSystem : Setting master volume to 0.0
2024-04-19 05:59:47,064 : AudioInterface : Enabling audio playback
2024-04-19 05:59:47,065 : kivy : Base: Start application main loop
2024-04-19 05:59:47,066 : EventManager : Event: ======'display_window_initialized'====== Args={}
2024-04-19 05:59:47,434 : mpfmc : Display: Setting 'window' as default display
2024-04-19 05:59:47,441 : mpfmc : ASPECT RATIO MISMATCH: The on-screen window is not the same aspect ratio as the display called 'window'. The logical display will be scaled from 1024x600 to the window size 1600x1200, and a black bar will make up the difference
2024-04-19 05:59:47,441 : EventManager : Event: ======'displays_initialized'====== Args={}
2024-04-19 05:59:47,441 : EventManager : Event: ======'slide_window_blank_created'====== Args={}
2024-04-19 05:59:47,442 : EventManager : Event: ======'display_window_ready'====== Args={}
2024-04-19 05:59:47,447 : EventManager : Event: ======'init_phase_1'====== Args={}
2024-04-19 05:59:47,449 : EventManager : Event: ======'mc_ready'====== Args={}
2024-04-19 05:59:47,449 : EventManager : Event: ======'init_phase_2'====== Args={}
2024-04-19 05:59:47,450 : EventManager : Event: ======'init_phase_3'====== Args={}
2024-04-19 05:59:47,451 : EventManager : Event: ======'init_phase_4'====== Args={}
2024-04-19 05:59:47,451 : EventManager : Event: ======'init_phase_5'====== Args={}
2024-04-19 05:59:47,476 : kivy : GL: NPOT texture support is available
2024-04-19 05:59:47,478 : EventManager : Event: ======'loading_assets'====== Args={'total': 2, 'loaded': 1, 'remaining': 1, 'percent': 50}
2024-04-19 05:59:47,479 : AssetManager : Loading assets: 1/2 (50%)
2024-04-19 05:59:47,481 : EventManager : Event: ======'loading_assets'====== Args={'total': 2, 'loaded': 2, 'remaining': 0, 'percent': 100}
2024-04-19 05:59:47,481 : AssetManager : Asset loading took: 0.41652607917785645
2024-04-19 05:59:47,481 : EventManager : Event: ======'asset_loading_complete'====== Args={}
2024-04-19 05:59:47,481 : AssetManager : Loading assets: 2/2 (100%)
2024-04-19 05:59:47,481 : EventManager : Event: ======'init_done'====== Args={}
2024-04-19 05:59:47,481 : MPF-MC BCP Server : Starting up on localhost port 5050
2024-04-19 05:59:47,483 : MPF-MC BCP Server : Waiting for a connection...
2024-04-19 05:59:47,509 : EventManager : Event: ======'client_disconnected'====== Args={'host': '127.0.0.1', 'port': 5050}
2024-04-19 06:00:00,157 : kivy : Base: Leaving application in progress...
2024-04-19 06:00:00,158 : mpfmc : Stopping...
2024-04-19 06:00:00,158 : EventManager : Event: ======'shutdown'====== Args={}
2024-04-19 06:00:00,158 : AudioInterface : Disabling audio playback
2024-04-19 06:00:00,250 : mpfmc : Loop rate 72.74 Hz
2024-04-19 06:00:00,250 : root : MC run loop ended.
2024-04-19 06:00:00,250 : root : Stopping child threads... (3 remaining)
2024-04-19 06:00:00,495 : MPF-MC BCP Server : Stopping BCP listener thread
2024-04-19 06:00:00,528 : MPF-MC BCP Server : Stopping BCP sending thread
2024-04-19 06:00:00,553 : root : All child threads stopped.
