2024-05-06 10:53:45,797 : INFO : root : Loading config.
2024-05-06 10:53:45,799 : INFO : YamlMultifileConfigLoader : Machine config file #1: config.yaml
2024-05-06 10:53:45,799 : INFO : ConfigProcessor : Loading config from cache: /var/folders/l2/q8hj_6s91xnb2jxg1sqm0h7r0000gn/T/479bffd5d2f40b527f859677e5b1aef9.mpf_cache
2024-05-06 10:53:45,823 : INFO : ConfigProcessor : Loading config from cache: /var/folders/l2/q8hj_6s91xnb2jxg1sqm0h7r0000gn/T/0481b880979d7ccc71369ad5f781c736.mpf_cache
2024-05-06 10:53:45,824 : INFO : ConfigProcessor : Loading config from cache: /var/folders/l2/q8hj_6s91xnb2jxg1sqm0h7r0000gn/T/9cfa8e96748dd80c23752180dbf36e5c.mpf_cache
2024-05-06 10:53:45,824 : INFO : ConfigProcessor : Loading config from cache: /var/folders/l2/q8hj_6s91xnb2jxg1sqm0h7r0000gn/T/0481b880979d7ccc71369ad5f781c736.mpf_cache
2024-05-06 10:53:45,824 : INFO : ConfigProcessor : Loading config from cache: /var/folders/l2/q8hj_6s91xnb2jxg1sqm0h7r0000gn/T/1875c266911f801b691956fe9e9284d6.mpf_cache
2024-05-06 10:53:45,824 : INFO : ConfigProcessor : Loading config from cache: /var/folders/l2/q8hj_6s91xnb2jxg1sqm0h7r0000gn/T/f97c90855879603280fcc571f5c42639.mpf_cache
2024-05-06 10:53:45,824 : INFO : ConfigProcessor : Loading config from cache: /var/folders/l2/q8hj_6s91xnb2jxg1sqm0h7r0000gn/T/5336ce152edc820b26f3a51a9f95779b.mpf_cache
2024-05-06 10:53:45,825 : WARNING : ConfigProcessor : Config file in cache changed: /Users/tannerpetch/Documents/GitHub/lofab/modes/mult_fleshy/config/mult_fleshy.yaml
2024-05-06 10:53:45,825 : INFO : ConfigProcessor : Loading config from file /Users/tannerpetch/Documents/GitHub/lofab/modes/mult_fleshy/config/mult_fleshy.yaml.
2024-05-06 10:53:45,826 : INFO : ConfigProcessor : Loading config: /Users/tannerpetch/Documents/GitHub/lofab/modes/mult_fleshy/config/mult_fleshy.yaml
2024-05-06 10:53:45,826 : INFO : ConfigProcessor : Config file cache created: /var/folders/l2/q8hj_6s91xnb2jxg1sqm0h7r0000gn/T/584196ece55f676a535bfbda3a88171a.mpf_cache
2024-05-06 10:53:45,827 : INFO : ConfigProcessor : Loading config from cache: /var/folders/l2/q8hj_6s91xnb2jxg1sqm0h7r0000gn/T/4b1e343fa9806c398ec7ee103dcfa7e2.mpf_cache
2024-05-06 10:53:45,827 : INFO : ConfigProcessor : Loading config from cache: /var/folders/l2/q8hj_6s91xnb2jxg1sqm0h7r0000gn/T/3dbc438e88423aa3ff742db2713b600f.mpf_cache
2024-05-06 10:53:45,828 : INFO : ConfigProcessor : Loading config from cache: /var/folders/l2/q8hj_6s91xnb2jxg1sqm0h7r0000gn/T/154d071a3850556c6f3eae37bf41c8b6.mpf_cache
2024-05-06 10:53:45,828 : INFO : ConfigProcessor : Loading config from cache: /var/folders/l2/q8hj_6s91xnb2jxg1sqm0h7r0000gn/T/ab100dbe0e16472b56f0213f3842a00f.mpf_cache
2024-05-06 10:53:45,830 : INFO : ConfigProcessor : Loading config from cache: /var/folders/l2/q8hj_6s91xnb2jxg1sqm0h7r0000gn/T/f03ad90ccd2c053e9e5d10795d01f4ba.mpf_cache
2024-05-06 10:53:45,830 : INFO : ConfigProcessor : Loading config from cache: /var/folders/l2/q8hj_6s91xnb2jxg1sqm0h7r0000gn/T/0f3c951d4c93079ae3fac6429c5bc2ee.mpf_cache
2024-05-06 10:53:45,830 : INFO : ConfigProcessor : Loading config from cache: /var/folders/l2/q8hj_6s91xnb2jxg1sqm0h7r0000gn/T/8bf004783a280ac33d17b88f37848116.mpf_cache
2024-05-06 10:53:45,831 : INFO : ConfigProcessor : Loading config from cache: /var/folders/l2/q8hj_6s91xnb2jxg1sqm0h7r0000gn/T/db98bdefe8a072cec23a2527f4303b09.mpf_cache
2024-05-06 10:53:45,832 : INFO : ConfigProcessor : Loading config from cache: /var/folders/l2/q8hj_6s91xnb2jxg1sqm0h7r0000gn/T/d5d50eaa09e055f3a827c6269a3aa165.mpf_cache
2024-05-06 10:53:45,832 : INFO : ConfigProcessor : Loading config from cache: /var/folders/l2/q8hj_6s91xnb2jxg1sqm0h7r0000gn/T/eefb91dd78a2b4d0f2b86f7f7cb501a3.mpf_cache
2024-05-06 10:53:45,832 : INFO : ConfigProcessor : Loading config from cache: /var/folders/l2/q8hj_6s91xnb2jxg1sqm0h7r0000gn/T/d32f8b43f49e3e57afbd189fbbccae80.mpf_cache
2024-05-06 10:53:45,832 : INFO : ConfigProcessor : Loading config from cache: /var/folders/l2/q8hj_6s91xnb2jxg1sqm0h7r0000gn/T/08db62a1c5938674fa894d468364ed3e.mpf_cache
2024-05-06 10:53:45,833 : INFO : ConfigProcessor : Loading config from cache: /var/folders/l2/q8hj_6s91xnb2jxg1sqm0h7r0000gn/T/98754ca8fa1663afefe3af8297a0d59a.mpf_cache
2024-05-06 10:53:45,833 : INFO : Machine : Mission Pinball Framework Core Engine v0.80.0.dev1
2024-05-06 10:53:45,833 : INFO : Machine : Command line arguments: {'no_load_cache': False, 'create_config_cache': True, 'bcp': False, 'configfile': ['config.yaml'], 'force_assets_load': False, 'platform_integration_test': False, 'jsonlogging': False, 'logfile': 'logs/2024-05-06-10-53-45-mpf-Tanners-Laptop.local.log', 'pause': False, 'production': False, 'text_ui': True, 'loglevel': 15, 'consoleloglevel': 20, 'force_platform': 'virtual', 'syslog_address': None, 'mc_file_name': None, 'no_sound': False}
2024-05-06 10:53:45,833 : INFO : Machine : MPF path: /Users/tannerpetch/Documents/git/mpf/mpf
2024-05-06 10:53:45,833 : INFO : Machine : Machine path: /Users/tannerpetch/Documents/GitHub/lofab
2024-05-06 10:53:45,833 : INFO : Machine : Platform: darwin
2024-05-06 10:53:45,833 : INFO : Machine : Python executable location: /Users/tannerpetch/mpfenv/bin/python3
2024-05-06 10:53:45,833 : INFO : Machine : Python version: 3.9.13 (64-bit)
2024-05-06 10:53:45,834 : INFO : Machine : Initializing MPF...
2024-05-06 10:53:45,861 : INFO : EventManager : Event: ======'machine_var_credits_string'====== Args={'value': 'FREE PLAY', 'prev_value': None, 'change': True}
2024-05-06 10:53:45,867 : INFO : EventManager : Event: ======'machine_var_master_volume'====== Args={'value': 0.5, 'prev_value': None, 'change': True}
2024-05-06 10:53:45,867 : INFO : EventManager : Event: ======'machine_var_player1_score'====== Args={'value': 100, 'prev_value': None, 'change': True}
2024-05-06 10:53:45,867 : INFO : EventManager : Event: ======'machine_var_player2_score'====== Args={'value': 0, 'prev_value': None, 'change': True}
2024-05-06 10:53:45,867 : INFO : EventManager : Event: ======'machine_var_mpf_version'====== Args={'value': 'Mission Pinball Framework v0.80.0.dev1', 'prev_value': None, 'change': True}
2024-05-06 10:53:45,867 : INFO : EventManager : Event: ======'machine_var_mpf_extended_version'====== Args={'value': 'Mission Pinball Framework v0.80.0.dev1, Config version:6, Show version: 6, BCP version:1.1', 'prev_value': None, 'change': True}
2024-05-06 10:53:45,867 : INFO : EventManager : Event: ======'machine_var_python_version'====== Args={'value': '3.9.13', 'prev_value': None, 'change': True}
2024-05-06 10:53:45,874 : INFO : EventManager : Event: ======'machine_var_platform'====== Args={'value': 'macOS-14.3-arm64-arm-64bit', 'prev_value': None, 'change': True}
2024-05-06 10:53:45,874 : INFO : EventManager : Event: ======'machine_var_platform_system'====== Args={'value': 'Darwin', 'prev_value': None, 'change': True}
2024-05-06 10:53:45,874 : INFO : EventManager : Event: ======'machine_var_platform_release'====== Args={'value': '23.3.0', 'prev_value': None, 'change': True}
2024-05-06 10:53:45,874 : INFO : EventManager : Event: ======'machine_var_platform_version'====== Args={'value': 'Darwin Kernel Version 23.3.0: Thu Dec 21 02:29:41 PST 2023; root:xnu-10002.81.5~11/RELEASE_ARM64_T8122', 'prev_value': None, 'change': True}
2024-05-06 10:53:45,874 : INFO : EventManager : Event: ======'machine_var_platform_machine'====== Args={'value': 'arm64', 'prev_value': None, 'change': True}
2024-05-06 10:53:45,874 : INFO : EventManager : Event: ======'init_phase_1'====== Args={}
2024-05-06 10:53:45,888 : INFO : EventManager : Event: ======'init_phase_2'====== Args={}
2024-05-06 10:53:45,890 : INFO : ball_device.bd_vuk : BCH: Initial count: 0
2024-05-06 10:53:45,890 : INFO : ball_device.bd_vuk : State: idle
2024-05-06 10:53:45,890 : INFO : ball_device.bd_trough : BCH: Initial count: 0
2024-05-06 10:53:45,890 : INFO : ball_device.bd_trough : State: idle
2024-05-06 10:53:45,894 : INFO : EventManager : Event: ======'init_phase_3'====== Args={}
2024-05-06 10:53:46,038 : INFO : EventManager : Event: ======'init_phase_4'====== Args={}
2024-05-06 10:53:46,039 : INFO : BallController : Initial balls found: 0
2024-05-06 10:53:46,039 : INFO : EventManager : Event: ======'machine_var_audits_events_game_ended'====== Args={'value': 1, 'prev_value': None, 'change': True}
2024-05-06 10:53:46,040 : INFO : EventManager : Event: ======'machine_var_audits_events_game_started'====== Args={'value': 29, 'prev_value': None, 'change': True}
2024-05-06 10:53:46,040 : INFO : EventManager : Event: ======'machine_var_audits_missing_switches_s_e'====== Args={'value': 29, 'prev_value': None, 'change': True}
2024-05-06 10:53:46,040 : INFO : EventManager : Event: ======'machine_var_audits_missing_switches_s_flipper_l'====== Args={'value': 12, 'prev_value': None, 'change': True}
2024-05-06 10:53:46,040 : INFO : EventManager : Event: ======'machine_var_audits_missing_switches_s_flipper_r'====== Args={'value': 18, 'prev_value': None, 'change': True}
2024-05-06 10:53:46,040 : INFO : EventManager : Event: ======'machine_var_audits_missing_switches_s_h'====== Args={'value': 29, 'prev_value': None, 'change': True}
2024-05-06 10:53:46,040 : INFO : EventManager : Event: ======'machine_var_audits_missing_switches_s_pop'====== Args={'value': 29, 'prev_value': None, 'change': True}
2024-05-06 10:53:46,040 : INFO : EventManager : Event: ======'machine_var_audits_missing_switches_s_ramp_complete'====== Args={'value': 29, 'prev_value': None, 'change': True}
2024-05-06 10:53:46,040 : INFO : EventManager : Event: ======'machine_var_audits_missing_switches_s_ramp_l'====== Args={'value': 29, 'prev_value': None, 'change': True}
2024-05-06 10:53:46,040 : INFO : EventManager : Event: ======'machine_var_audits_missing_switches_s_ramp_r'====== Args={'value': 29, 'prev_value': None, 'change': True}
2024-05-06 10:53:46,040 : INFO : EventManager : Event: ======'machine_var_audits_missing_switches_s_sling_l'====== Args={'value': 29, 'prev_value': None, 'change': True}
2024-05-06 10:53:46,040 : INFO : EventManager : Event: ======'machine_var_audits_missing_switches_s_sling_r'====== Args={'value': 29, 'prev_value': None, 'change': True}
2024-05-06 10:53:46,040 : INFO : EventManager : Event: ======'machine_var_audits_missing_switches_s_spinner'====== Args={'value': 29, 'prev_value': None, 'change': True}
2024-05-06 10:53:46,040 : INFO : EventManager : Event: ======'machine_var_audits_missing_switches_s_start'====== Args={'value': 16, 'prev_value': None, 'change': True}
2024-05-06 10:53:46,040 : INFO : EventManager : Event: ======'machine_var_audits_missing_switches_s_stationary_back'====== Args={'value': 29, 'prev_value': None, 'change': True}
2024-05-06 10:53:46,040 : INFO : EventManager : Event: ======'machine_var_audits_missing_switches_s_stationary_u'====== Args={'value': 15, 'prev_value': None, 'change': True}
2024-05-06 10:53:46,040 : INFO : EventManager : Event: ======'machine_var_audits_missing_switches_s_tilt_l'====== Args={'value': 29, 'prev_value': None, 'change': True}
2024-05-06 10:53:46,040 : INFO : EventManager : Event: ======'machine_var_audits_missing_switches_s_tilt_r'====== Args={'value': 29, 'prev_value': None, 'change': True}
2024-05-06 10:53:46,040 : INFO : EventManager : Event: ======'machine_var_audits_missing_switches_s_trough_1'====== Args={'value': 16, 'prev_value': None, 'change': True}
2024-05-06 10:53:46,040 : INFO : EventManager : Event: ======'machine_var_audits_missing_switches_s_trough_2'====== Args={'value': 1, 'prev_value': None, 'change': True}
2024-05-06 10:53:46,040 : INFO : EventManager : Event: ======'machine_var_audits_missing_switches_s_trough_3'====== Args={'value': 29, 'prev_value': None, 'change': True}
2024-05-06 10:53:46,040 : INFO : EventManager : Event: ======'machine_var_audits_missing_switches_s_trough_4'====== Args={'value': 27, 'prev_value': None, 'change': True}
2024-05-06 10:53:46,040 : INFO : EventManager : Event: ======'machine_var_audits_missing_switches_s_vuk'====== Args={'value': 27, 'prev_value': None, 'change': True}
2024-05-06 10:53:46,040 : INFO : EventManager : Event: ======'machine_var_audits_player_score'====== Args={'value': {'average': 0, 'top': [100, 0], 'total': 2}, 'prev_value': None, 'change': True}
2024-05-06 10:53:46,040 : INFO : EventManager : Event: ======'machine_var_audits_shots_r_o'====== Args={'value': 55, 'prev_value': None, 'change': True}
2024-05-06 10:53:46,041 : INFO : EventManager : Event: ======'machine_var_audits_shots_r_o_fleshy'====== Args={'value': 79, 'prev_value': None, 'change': True}
2024-05-06 10:53:46,041 : INFO : EventManager : Event: ======'machine_var_audits_shots_r_o_rotate'====== Args={'value': 27, 'prev_value': None, 'change': True}
2024-05-06 10:53:46,041 : INFO : EventManager : Event: ======'machine_var_audits_shots_r_s'====== Args={'value': 23, 'prev_value': None, 'change': True}
2024-05-06 10:53:46,041 : INFO : EventManager : Event: ======'machine_var_audits_shots_r_s_fleshy'====== Args={'value': 50, 'prev_value': None, 'change': True}
2024-05-06 10:53:46,041 : INFO : EventManager : Event: ======'machine_var_audits_shots_r_s_rotate'====== Args={'value': 27, 'prev_value': None, 'change': True}
2024-05-06 10:53:46,041 : INFO : EventManager : Event: ======'machine_var_audits_shots_r_u'====== Args={'value': 4, 'prev_value': None, 'change': True}
2024-05-06 10:53:46,041 : INFO : EventManager : Event: ======'machine_var_audits_switches_s_e'====== Args={'value': 0, 'prev_value': None, 'change': True}
2024-05-06 10:53:46,041 : INFO : EventManager : Event: ======'machine_var_audits_switches_s_flipper_l'====== Args={'value': 17, 'prev_value': None, 'change': True}
2024-05-06 10:53:46,041 : INFO : EventManager : Event: ======'machine_var_audits_switches_s_flipper_r'====== Args={'value': 1, 'prev_value': None, 'change': True}
2024-05-06 10:53:46,041 : INFO : EventManager : Event: ======'machine_var_audits_switches_s_h'====== Args={'value': 0, 'prev_value': None, 'change': True}
2024-05-06 10:53:46,041 : INFO : EventManager : Event: ======'machine_var_audits_switches_s_launch'====== Args={'value': 29, 'prev_value': None, 'change': True}
2024-05-06 10:53:46,041 : INFO : EventManager : Event: ======'machine_var_audits_switches_s_pop'====== Args={'value': 0, 'prev_value': None, 'change': True}
2024-05-06 10:53:46,041 : INFO : EventManager : Event: ======'machine_var_audits_switches_s_ramp_complete'====== Args={'value': 0, 'prev_value': None, 'change': True}
2024-05-06 10:53:46,041 : INFO : EventManager : Event: ======'machine_var_audits_switches_s_ramp_l'====== Args={'value': 0, 'prev_value': None, 'change': True}
2024-05-06 10:53:46,041 : INFO : EventManager : Event: ======'machine_var_audits_switches_s_ramp_r'====== Args={'value': 0, 'prev_value': None, 'change': True}
2024-05-06 10:53:46,041 : INFO : EventManager : Event: ======'machine_var_audits_switches_s_sling_l'====== Args={'value': 0, 'prev_value': None, 'change': True}
2024-05-06 10:53:46,042 : INFO : EventManager : Event: ======'machine_var_audits_switches_s_sling_r'====== Args={'value': 0, 'prev_value': None, 'change': True}
2024-05-06 10:53:46,042 : INFO : EventManager : Event: ======'machine_var_audits_switches_s_spinner'====== Args={'value': 0, 'prev_value': None, 'change': True}
2024-05-06 10:53:46,042 : INFO : EventManager : Event: ======'machine_var_audits_switches_s_start'====== Args={'value': 5, 'prev_value': None, 'change': True}
2024-05-06 10:53:46,042 : INFO : EventManager : Event: ======'machine_var_audits_switches_s_stationary_back'====== Args={'value': 0, 'prev_value': None, 'change': True}
2024-05-06 10:53:46,042 : INFO : EventManager : Event: ======'machine_var_audits_switches_s_stationary_o'====== Args={'value': 83, 'prev_value': None, 'change': True}
2024-05-06 10:53:46,042 : INFO : EventManager : Event: ======'machine_var_audits_switches_s_stationary_s'====== Args={'value': 50, 'prev_value': None, 'change': True}
2024-05-06 10:53:46,042 : INFO : EventManager : Event: ======'machine_var_audits_switches_s_stationary_u'====== Args={'value': 23, 'prev_value': None, 'change': True}
2024-05-06 10:53:46,042 : INFO : EventManager : Event: ======'machine_var_audits_switches_s_tilt_l'====== Args={'value': 0, 'prev_value': None, 'change': True}
2024-05-06 10:53:46,042 : INFO : EventManager : Event: ======'machine_var_audits_switches_s_tilt_r'====== Args={'value': 0, 'prev_value': None, 'change': True}
2024-05-06 10:53:46,042 : INFO : EventManager : Event: ======'machine_var_audits_switches_s_trough_1'====== Args={'value': 5, 'prev_value': None, 'change': True}
2024-05-06 10:53:46,042 : INFO : EventManager : Event: ======'machine_var_audits_switches_s_trough_2'====== Args={'value': 1, 'prev_value': None, 'change': True}
2024-05-06 10:53:46,042 : INFO : EventManager : Event: ======'machine_var_audits_switches_s_trough_3'====== Args={'value': 0, 'prev_value': None, 'change': True}
2024-05-06 10:53:46,042 : INFO : EventManager : Event: ======'machine_var_audits_switches_s_trough_4'====== Args={'value': 1, 'prev_value': None, 'change': True}
2024-05-06 10:53:46,042 : INFO : EventManager : Event: ======'machine_var_audits_switches_s_vuk'====== Args={'value': 6, 'prev_value': None, 'change': True}
2024-05-06 10:53:46,043 : INFO : EventManager : Event: ======'init_phase_5'====== Args={}
2024-05-06 10:53:46,043 : INFO : EventManager : Event: ======'init_done'====== Args={}
2024-05-06 10:53:46,043 : INFO : EventManager : Event: ======'machine_reset_phase_1'====== Args={}
2024-05-06 10:53:46,044 : INFO : EventManager : Event: ======'machine_reset_phase_2'====== Args={}
2024-05-06 10:53:46,044 : INFO : EventManager : Event: ======'machine_reset_phase_3'====== Args={}
2024-05-06 10:53:46,044 : INFO : EventManager : Event: ======'reset_complete'====== Args={}
2024-05-06 10:53:46,044 : INFO : EventManager : Event: ======'mode_attract_will_start'====== Args={}
2024-05-06 10:53:46,044 : INFO : EventManager : Event: ======'mode_attract_starting'====== Args={}
2024-05-06 10:53:46,044 : INFO : Mode.attract : Started. Priority: 10
2024-05-06 10:53:46,044 : INFO : EventManager : Event: ======'modes_active_modes_changed'====== Args={}
2024-05-06 10:53:46,044 : INFO : EventManager : Event: ======'mode_attract_started'====== Args={}
2024-05-06 10:53:46,044 : INFO : EventManager : Event: ======'collecting_balls_complete'====== Args={}
2024-05-06 10:53:46,044 : INFO : Machine : Starting the main run loop.
2024-05-06 10:53:46,691 : INFO : BcpServer : New client connected.
2024-05-06 10:53:50,727 : INFO : SwitchController : <<<<<<< 's_trough_1' active >>>>>>>
2024-05-06 10:53:50,840 : INFO : SwitchController : <<<<<<< 's_trough_1' inactive >>>>>>>
2024-05-06 10:53:51,087 : INFO : SwitchController : <<<<<<< 's_trough_1' active >>>>>>>
2024-05-06 10:53:51,589 : INFO : EventManager : Event: ======'balldevice_bd_trough_ball_count_changed'====== Args={'balls': 1}
2024-05-06 10:53:51,589 : INFO : ball_device.bd_trough : Received unexpected ball
2024-05-06 10:53:51,589 : INFO : EventManager : Event: ======'balldevice_captured_from_playfield'====== Args={'balls': 1}
2024-05-06 10:53:51,589 : INFO : EventManager : Event: ======'sw_playfield_active'====== Args={'balls': 1}
2024-05-06 10:53:51,590 : INFO : EventManager : Event: ======'playfield_active'====== Args={}
2024-05-06 10:53:51,590 : INFO : EventManager : Event: ======'unexpected_ball_on_playfield'====== Args={}
2024-05-06 10:53:51,590 : INFO : EventManager : Event: ======'playfield_ball_count_change'====== Args={'balls': -1, 'change': -1}
2024-05-06 10:53:51,591 : INFO : EventManager : Event: ======'balldevice_playfield_ball_enter'====== Args={'new_balls': 1, 'unclaimed_balls': 1, 'device': <playfield.playfield>}
2024-05-06 10:53:51,591 : INFO : EventManager : Event: ======'playfield_ball_count_change'====== Args={'balls': 0, 'change': 1}
2024-05-06 10:53:51,591 : INFO : BallController : Found a new ball which was captured from playfield. Known balls: 1
2024-05-06 10:53:51,591 : INFO : EventManager : Event: ======'found_new_ball'====== Args={}
2024-05-06 10:53:51,591 : INFO : EventManager : Event: ======'balldevice_bd_trough_ball_enter'====== Args={'new_balls': 1, 'unclaimed_balls': 1, 'new_available_balls': 1, 'device': <ball_device.bd_trough>}
2024-05-06 10:53:51,592 : INFO : EventManager : Event: ======'ball_drain'====== Args={'device': <ball_device.bd_trough>, 'balls': 1}
2024-05-06 10:53:51,592 : INFO : EventManager : Event: ======'balldevice_balls_available'====== Args={}
2024-05-06 10:53:51,592 : INFO : EventManager : Event: ======'balldevice_bd_trough_ball_entered'====== Args={'new_balls': 1, 'device': <ball_device.bd_trough>}
2024-05-06 10:53:52,355 : INFO : SwitchController : <<<<<<< 's_start' active >>>>>>>
2024-05-06 10:53:52,473 : INFO : SwitchController : <<<<<<< 's_start' inactive >>>>>>>
2024-05-06 10:53:52,473 : INFO : EventManager : Event: ======'request_to_start_game'====== Args={}
2024-05-06 10:53:52,473 : INFO : EventManager : Event: ======'game_start'====== Args={'buttons': [], 'hold_time': 0.11737091600000049}
2024-05-06 10:53:52,474 : INFO : EventManager : Event: ======'mode_game_will_start'====== Args={'buttons': [], 'hold_time': 0.11737091600000049}
2024-05-06 10:53:52,474 : INFO : EventManager : Event: ======'mode_game_starting'====== Args={'buttons': [], 'hold_time': 0.11737091600000049}
2024-05-06 10:53:52,474 : INFO : EventManager : Event: ======'mode_attract_will_stop'====== Args={}
2024-05-06 10:53:52,475 : INFO : EventManager : Event: ======'mode_attract_stopping'====== Args={}
2024-05-06 10:53:52,475 : INFO : Mode.attract : Stopped.
2024-05-06 10:53:52,475 : INFO : EventManager : Event: ======'modes_active_modes_changed'====== Args={}
2024-05-06 10:53:52,476 : INFO : EventManager : Event: ======'mode_attract_stopped'====== Args={}
2024-05-06 10:53:52,476 : INFO : EventManager : Event: ======'clear'====== Args={'key': 'attract'}
2024-05-06 10:53:52,476 : INFO : Mode.game : Started. Priority: 20
2024-05-06 10:53:52,476 : INFO : EventManager : Event: ======'modes_active_modes_changed'====== Args={}
2024-05-06 10:53:52,476 : INFO : EventManager : Event: ======'mode_game_started'====== Args={'buttons': [], 'hold_time': 0.11737091600000049}
2024-05-06 10:53:52,477 : INFO : EventManager : Event: ======'game_will_start'====== Args={}
2024-05-06 10:53:52,479 : INFO : EventManager : Event: ======'game_starting'====== Args={'game': <Mode.game>}
2024-05-06 10:53:52,479 : INFO : EventManager : Unordered handler for class <Auditor> on event game_ended with priority 1. Handlers: [RegisteredHandler(callback=<bound method Auditor.disable of <Auditor>>, priority=1, kwargs={}, key=UUID('064bd4d0-b674-44bd-bdce-a43615bce9f0'), condition=None, blocking_facility=None), RegisteredHandler(callback=<bound method Auditor._save_audits of <Auditor>>, priority=1, kwargs={}, key=UUID('8409b039-2d44-4ab3-b5f5-be5fa6098c71'), condition=None, blocking_facility=None)]. The order of those handlers is not defined and they will be executed in random order. This might lead to race conditions and potential bugs.
2024-05-06 10:53:52,479 : INFO : EventManager : Event: ======'player_add_request'====== Args={}
2024-05-06 10:53:52,480 : INFO : EventManager : Event: ======'player_will_add'====== Args={'number': 1}
2024-05-06 10:53:52,480 : INFO : EventManager : Event: ======'player_adding'====== Args={'player': <Player 1>, 'number': 1}
2024-05-06 10:53:52,480 : INFO : EventManager : Event: ======'player_added'====== Args={'player': <Player 1>, 'num': 1}
2024-05-06 10:53:52,480 : INFO : Mode.game : Player added successfully. Total players: 1
2024-05-06 10:53:52,480 : INFO : EventManager : Event: ======'player_index'====== Args={'value': 0, 'prev_value': 0, 'change': 0, 'player_num': 1}
2024-05-06 10:53:52,480 : INFO : EventManager : Event: ======'player_number'====== Args={'value': 1, 'prev_value': 1, 'change': 0, 'player_num': 1}
2024-05-06 10:53:52,480 : INFO : EventManager : Event: ======'player_score'====== Args={'value': 0, 'prev_value': 0, 'change': 0, 'player_num': 1}
2024-05-06 10:53:52,481 : INFO : EventManager : Event: ======'game_started'====== Args={}
2024-05-06 10:53:52,481 : INFO : EventManager : Event: ======'player_turn_will_start'====== Args={'player': <Player 1>, 'number': 1}
2024-05-06 10:53:52,481 : INFO : EventManager : Event: ======'player_turn_starting'====== Args={'player': <Player 1>, 'number': 1}
2024-05-06 10:53:52,482 : INFO : EventManager : Event: ======'player_ball'====== Args={'value': 1, 'prev_value': 0, 'change': 1, 'player_num': 1}
2024-05-06 10:53:52,482 : INFO : EventManager : Event: ======'player_turn_started'====== Args={'player': <Player 1>, 'number': 1}
2024-05-06 10:53:52,488 : INFO : EventManager : Event: ======'ball_will_start'====== Args={'player': 1, 'ball': 1, 'balls_remaining': 2, 'is_extra_ball': False}
2024-05-06 10:53:52,488 : INFO : EventManager : Event: ======'ball_starting'====== Args={'player': 1, 'ball': 1, 'balls_remaining': 2, 'is_extra_ball': False}
2024-05-06 10:53:52,488 : INFO : EventManager : Event: ======'mode_base_will_start'====== Args={'queue': <QueuedEvent>, 'player': 1, 'ball': 1, 'balls_remaining': 2, 'is_extra_ball': False}
2024-05-06 10:53:52,489 : INFO : EventManager : Event: ======'player_shot_r_pop_enabled'====== Args={'value': True, 'prev_value': 0, 'change': 1, 'player_num': 1}
2024-05-06 10:53:52,489 : INFO : EventManager : Event: ======'player_shot_r_sling_l_enabled'====== Args={'value': True, 'prev_value': 0, 'change': 1, 'player_num': 1}
2024-05-06 10:53:52,489 : INFO : EventManager : Event: ======'player_shot_r_sling_r_enabled'====== Args={'value': True, 'prev_value': 0, 'change': 1, 'player_num': 1}
2024-05-06 10:53:52,490 : INFO : EventManager : Event: ======'mode_base_starting'====== Args={'queue': <QueuedEvent>, 'player': 1, 'ball': 1, 'balls_remaining': 2, 'is_extra_ball': False}
2024-05-06 10:53:52,490 : INFO : EventManager : Event: ======'waiting_for_launch_press'====== Args={}
2024-05-06 10:53:52,490 : INFO : Mode.base : Started. Priority: 100
2024-05-06 10:53:52,490 : INFO : EventManager : Event: ======'modes_active_modes_changed'====== Args={}
2024-05-06 10:53:52,490 : INFO : EventManager : Event: ======'mode_base_started'====== Args={'queue': <QueuedEvent>, 'player': 1, 'ball': 1, 'balls_remaining': 2, 'is_extra_ball': False}
2024-05-06 10:53:54,125 : INFO : SwitchController : <<<<<<< 's_launch' active >>>>>>>
2024-05-06 10:53:54,125 : INFO : EventManager : Event: ======'e_launch_press'====== Args={}
2024-05-06 10:53:54,126 : INFO : EventManager : Event: ======'machine_var_audits_switches_s_launch'====== Args={'value': 30, 'prev_value': 29, 'change': 1}
2024-05-06 10:53:54,128 : INFO : EventManager : Event: ======'balls_in_play'====== Args={'balls': 1}
2024-05-06 10:53:54,131 : INFO : EventManager : Event: ======'ball_started'====== Args={'player': 1, 'ball': 1, 'balls_remaining': 2, 'is_extra_ball': False}
2024-05-06 10:53:54,132 : INFO : EventManager : Event: ======'mode_start_ball_save_will_start'====== Args={'player': 1, 'ball': 1, 'balls_remaining': 2, 'is_extra_ball': False}
2024-05-06 10:53:54,133 : INFO : EventManager : Event: ======'mode_start_ball_save_starting'====== Args={'player': 1, 'ball': 1, 'balls_remaining': 2, 'is_extra_ball': False}
2024-05-06 10:53:54,134 : INFO : EventManager : Event: ======'mode_mult_fleshy_qualify_will_start'====== Args={'player': 1, 'ball': 1, 'balls_remaining': 2, 'is_extra_ball': False}
2024-05-06 10:53:54,134 : INFO : EventManager : Event: ======'player_shot_r_o_fleshy_enabled'====== Args={'value': True, 'prev_value': 0, 'change': 1, 'player_num': 1}
2024-05-06 10:53:54,135 : INFO : EventManager : Event: ======'player_shot_r_s_fleshy_enabled'====== Args={'value': True, 'prev_value': 0, 'change': 1, 'player_num': 1}
2024-05-06 10:53:54,136 : INFO : EventManager : Event: ======'fleshy_shots_complete'====== Args={'state': 'unlit'}
2024-05-06 10:53:54,136 : INFO : EventManager : Event: ======'fleshy_shots_unlit_complete'====== Args={}
2024-05-06 10:53:54,137 : INFO : EventManager : Event: ======'mode_mult_fleshy_qualify_starting'====== Args={'player': 1, 'ball': 1, 'balls_remaining': 2, 'is_extra_ball': False}
2024-05-06 10:53:54,137 : INFO : EventManager : Event: ======'mode_lane_rotate_will_start'====== Args={'player': 1, 'ball': 1, 'balls_remaining': 2, 'is_extra_ball': False}
2024-05-06 10:53:54,138 : INFO : EventManager : Event: ======'player_shot_r_h_rotate_enabled'====== Args={'value': True, 'prev_value': 0, 'change': 1, 'player_num': 1}
2024-05-06 10:53:54,139 : INFO : EventManager : Event: ======'player_shot_r_o_rotate_enabled'====== Args={'value': True, 'prev_value': 0, 'change': 1, 'player_num': 1}
2024-05-06 10:53:54,139 : INFO : EventManager : Event: ======'player_shot_r_u_rotate_enabled'====== Args={'value': True, 'prev_value': 0, 'change': 1, 'player_num': 1}
2024-05-06 10:53:54,140 : INFO : EventManager : Event: ======'player_shot_r_s_rotate_enabled'====== Args={'value': True, 'prev_value': 0, 'change': 1, 'player_num': 1}
2024-05-06 10:53:54,140 : INFO : EventManager : Event: ======'player_shot_r_e_rotate_enabled'====== Args={'value': True, 'prev_value': 0, 'change': 1, 'player_num': 1}
2024-05-06 10:53:54,141 : INFO : EventManager : Event: ======'mode_lane_rotate_starting'====== Args={'player': 1, 'ball': 1, 'balls_remaining': 2, 'is_extra_ball': False}
2024-05-06 10:53:54,142 : INFO : Mode.lane_rotate : Started. Priority: 100
2024-05-06 10:53:54,142 : INFO : EventManager : Event: ======'modes_active_modes_changed'====== Args={}
2024-05-06 10:53:54,142 : INFO : EventManager : Event: ======'mode_lane_rotate_started'====== Args={'player': 1, 'ball': 1, 'balls_remaining': 2, 'is_extra_ball': False}
2024-05-06 10:53:54,143 : INFO : Mode.mult_fleshy_qualify : Started. Priority: 100
2024-05-06 10:53:54,143 : INFO : EventManager : Event: ======'modes_active_modes_changed'====== Args={}
2024-05-06 10:53:54,143 : INFO : EventManager : Event: ======'mode_mult_fleshy_qualify_started'====== Args={'player': 1, 'ball': 1, 'balls_remaining': 2, 'is_extra_ball': False}
2024-05-06 10:53:54,143 : INFO : Mode.start_ball_save : Started. Priority: 100
2024-05-06 10:53:54,143 : INFO : EventManager : Event: ======'modes_active_modes_changed'====== Args={}
2024-05-06 10:53:54,143 : INFO : EventManager : Event: ======'mode_start_ball_save_started'====== Args={'player': 1, 'ball': 1, 'balls_remaining': 2, 'is_extra_ball': False}
2024-05-06 10:53:54,144 : INFO : EventManager : Event: ======'ball_save_ball_save_ball_save_enabled'====== Args={}
2024-05-06 10:53:54,144 : INFO : EventManager : Event: ======'single_player_ball_started'====== Args={}
2024-05-06 10:53:54,150 : INFO : EventManager : Event: ======'ball_start_target'====== Args={'target': 'playfield'}
2024-05-06 10:53:54,150 : INFO : ball_device.bd_trough : Setting up player-controlled eject. Balls: 1, Target: <playfield.playfield>, player_controlled_eject_event: None
2024-05-06 10:53:54,151 : INFO : ball_device.bd_trough : Adding 1 ball(s) to the eject_queue with target <playfield.playfield>.
2024-05-06 10:53:54,151 : INFO : EventManager : Event: ======'balldevice_balls_available'====== Args={}
2024-05-06 10:53:54,151 : INFO : ball_device.bd_trough : State: waiting_for_target_ready
2024-05-06 10:53:54,151 : INFO : EventManager : Event: ======'balldevice_bd_trough_ball_eject_attempt'====== Args={'balls': 1, 'target': <playfield.playfield>, 'source': <ball_device.bd_trough>, 'mechanical_eject': False, 'num_attempts': 0}
2024-05-06 10:53:54,151 : INFO : ball_device.bd_trough : State: ejecting
2024-05-06 10:53:54,152 : INFO : ball_device.bd_trough : Ejecting ball to <playfield.playfield>
2024-05-06 10:53:54,152 : INFO : EventManager : Event: ======'balldevice_bd_trough_ejecting_ball'====== Args={'balls': 1, 'target': <playfield.playfield>, 'source': <ball_device.bd_trough>, 'mechanical_eject': False, 'num_attempts': 0}
2024-05-06 10:53:54,152 : INFO : EventManager : Event: ======'ball_save_ball_save_ball_save_timer_start'====== Args={}
2024-05-06 10:53:54,152 : INFO : ball_device.bd_trough : Wait for ball to leave device
2024-05-06 10:53:54,153 : INFO : coil.c_trough : Pulsing Driver for 10ms (1.0 pulse_power)
2024-05-06 10:53:54,242 : INFO : SwitchController : <<<<<<< 's_launch' inactive >>>>>>>
2024-05-06 10:53:55,693 : INFO : SwitchController : <<<<<<< 's_stationary_o' active >>>>>>>
2024-05-06 10:53:55,693 : INFO : EventManager : Event: ======'playfield_active'====== Args={}
2024-05-06 10:53:55,693 : INFO : EventManager : Event: ======'playfield_active'====== Args={}
2024-05-06 10:53:55,694 : INFO : EventManager : Event: ======'s_stationary_o_active'====== Args={}
2024-05-06 10:53:55,694 : INFO : EventManager : Event: ======'sw_playfield_active'====== Args={}
2024-05-06 10:53:55,694 : INFO : EventManager : Event: ======'machine_var_audits_switches_s_stationary_o'====== Args={'value': 84, 'prev_value': 83, 'change': 1}
2024-05-06 10:53:55,695 : INFO : EventManager : Event: ======'player_shot_r_o_fleshy'====== Args={'value': 1, 'prev_value': 0, 'change': 1, 'player_num': 1}
2024-05-06 10:53:55,700 : INFO : EventManager : Event: ======'machine_var_audits_shots_r_o_fleshy'====== Args={'value': 80, 'prev_value': 79, 'change': 1}
2024-05-06 10:53:55,701 : INFO : EventManager : Event: ======'r_o_fleshy_hit'====== Args={'profile': 'fleshy_profile', 'state': 'unlit', 'advancing': True}
2024-05-06 10:53:55,701 : INFO : EventManager : Event: ======'r_o_fleshy_fleshy_profile_hit'====== Args={'profile': 'fleshy_profile', 'state': 'unlit', 'advancing': True}
2024-05-06 10:53:55,702 : INFO : EventManager : Event: ======'r_o_fleshy_fleshy_profile_unlit_hit'====== Args={'profile': 'fleshy_profile', 'state': 'unlit', 'advancing': True}
2024-05-06 10:53:55,702 : INFO : EventManager : Event: ======'r_o_fleshy_unlit_hit'====== Args={'profile': 'fleshy_profile', 'state': 'unlit', 'advancing': True}
2024-05-06 10:53:55,702 : INFO : EventManager : Event: ======'player_shot_r_o_rotate'====== Args={'value': 1, 'prev_value': 0, 'change': 1, 'player_num': 1}
2024-05-06 10:53:55,704 : INFO : EventManager : Event: ======'machine_var_audits_shots_r_o_rotate'====== Args={'value': 28, 'prev_value': 27, 'change': 1}
2024-05-06 10:53:55,704 : INFO : EventManager : Event: ======'r_o_rotate_hit'====== Args={'profile': 'rotate_profile', 'state': None, 'advancing': True}
2024-05-06 10:53:55,704 : INFO : EventManager : Event: ======'r_o_rotate_rotate_profile_hit'====== Args={'profile': 'rotate_profile', 'state': None, 'advancing': True}
2024-05-06 10:53:55,704 : INFO : EventManager : Event: ======'r_o_rotate_rotate_profile_None_hit'====== Args={'profile': 'rotate_profile', 'state': None, 'advancing': True}
2024-05-06 10:53:55,705 : INFO : EventManager : Event: ======'r_o_rotate_None_hit'====== Args={'profile': 'rotate_profile', 'state': None, 'advancing': True}
2024-05-06 10:53:55,706 : INFO : EventManager : Event: ======'fleshy_shots_hit'====== Args={}
2024-05-06 10:53:55,706 : INFO : EventManager : Event: ======'fleshy_shots_unlit_hit'====== Args={}
2024-05-06 10:53:55,706 : INFO : EventManager : Event: ======'rotate_group_hit'====== Args={}
2024-05-06 10:53:55,706 : INFO : EventManager : Event: ======'rotate_group_None_hit'====== Args={}
2024-05-06 10:53:55,706 : INFO : EventManager : Event: ======'playfield_active'====== Args={}
2024-05-06 10:53:55,807 : INFO : SwitchController : <<<<<<< 's_stationary_o' inactive >>>>>>>
2024-05-06 10:53:56,057 : INFO : SwitchController : <<<<<<< 's_stationary_o' active >>>>>>>
2024-05-06 10:53:56,057 : INFO : EventManager : Event: ======'playfield_active'====== Args={}
2024-05-06 10:53:56,057 : INFO : EventManager : Event: ======'playfield_active'====== Args={}
2024-05-06 10:53:56,058 : INFO : EventManager : Event: ======'s_stationary_o_active'====== Args={}
2024-05-06 10:53:56,058 : INFO : EventManager : Event: ======'sw_playfield_active'====== Args={}
2024-05-06 10:53:56,058 : INFO : EventManager : Event: ======'machine_var_audits_switches_s_stationary_o'====== Args={'value': 85, 'prev_value': 84, 'change': 1}
2024-05-06 10:53:56,059 : INFO : EventManager : Event: ======'player_shot_r_o_fleshy'====== Args={'value': 2, 'prev_value': 1, 'change': 1, 'player_num': 1}
2024-05-06 10:53:56,060 : INFO : EventManager : Event: ======'machine_var_audits_shots_r_o_fleshy'====== Args={'value': 81, 'prev_value': 80, 'change': 1}
2024-05-06 10:53:56,060 : INFO : EventManager : Event: ======'r_o_fleshy_hit'====== Args={'profile': 'fleshy_profile', 'state': 'light1lit', 'advancing': True}
2024-05-06 10:53:56,060 : INFO : EventManager : Event: ======'r_o_fleshy_fleshy_profile_hit'====== Args={'profile': 'fleshy_profile', 'state': 'light1lit', 'advancing': True}
2024-05-06 10:53:56,061 : INFO : EventManager : Event: ======'r_o_fleshy_fleshy_profile_light1lit_hit'====== Args={'profile': 'fleshy_profile', 'state': 'light1lit', 'advancing': True}
2024-05-06 10:53:56,061 : INFO : EventManager : Event: ======'r_o_fleshy_light1lit_hit'====== Args={'profile': 'fleshy_profile', 'state': 'light1lit', 'advancing': True}
2024-05-06 10:53:56,061 : INFO : EventManager : Event: ======'machine_var_audits_shots_r_o_rotate'====== Args={'value': 29, 'prev_value': 28, 'change': 1}
2024-05-06 10:53:56,062 : INFO : EventManager : Event: ======'r_o_rotate_hit'====== Args={'profile': 'rotate_profile', 'state': 'hit', 'advancing': False}
2024-05-06 10:53:56,062 : INFO : EventManager : Event: ======'r_o_rotate_rotate_profile_hit'====== Args={'profile': 'rotate_profile', 'state': 'hit', 'advancing': False}
2024-05-06 10:53:56,062 : INFO : EventManager : Event: ======'r_o_rotate_rotate_profile_hit_hit'====== Args={'profile': 'rotate_profile', 'state': 'hit', 'advancing': False}
2024-05-06 10:53:56,062 : INFO : EventManager : Event: ======'r_o_rotate_hit_hit'====== Args={'profile': 'rotate_profile', 'state': 'hit', 'advancing': False}
2024-05-06 10:53:56,062 : INFO : EventManager : Event: ======'fleshy_shots_hit'====== Args={}
2024-05-06 10:53:56,063 : INFO : EventManager : Event: ======'fleshy_shots_light1lit_hit'====== Args={}
2024-05-06 10:53:56,063 : INFO : EventManager : Event: ======'rotate_group_hit'====== Args={}
2024-05-06 10:53:56,063 : INFO : EventManager : Event: ======'rotate_group_hit_hit'====== Args={}
2024-05-06 10:53:56,063 : INFO : EventManager : Event: ======'playfield_active'====== Args={}
2024-05-06 10:53:56,153 : INFO : EventManager : Event: ======'balldevice_bd_trough_ball_eject_failed'====== Args={'target': <playfield.playfield>, 'balls': 1, 'retry': True, 'num_attempts': 1}
2024-05-06 10:53:56,154 : INFO : ball_device.bd_trough : State: waiting_for_target_ready
2024-05-06 10:53:56,154 : INFO : EventManager : Event: ======'balldevice_bd_trough_ball_eject_attempt'====== Args={'balls': 1, 'target': <playfield.playfield>, 'source': <ball_device.bd_trough>, 'mechanical_eject': False, 'num_attempts': 1}
2024-05-06 10:53:56,154 : INFO : ball_device.bd_trough : State: ejecting
2024-05-06 10:53:56,155 : INFO : ball_device.bd_trough : Ejecting ball to <playfield.playfield>
2024-05-06 10:53:56,155 : INFO : EventManager : Event: ======'balldevice_bd_trough_ejecting_ball'====== Args={'balls': 1, 'target': <playfield.playfield>, 'source': <ball_device.bd_trough>, 'mechanical_eject': False, 'num_attempts': 1}
2024-05-06 10:53:56,155 : INFO : ball_device.bd_trough : Wait for ball to leave device
2024-05-06 10:53:56,155 : INFO : coil.c_trough : Pulsing Driver for 10ms (1.0 pulse_power)
2024-05-06 10:53:56,194 : INFO : SwitchController : <<<<<<< 's_stationary_o' inactive >>>>>>>
2024-05-06 10:53:56,458 : INFO : SwitchController : <<<<<<< 's_stationary_o' active >>>>>>>
2024-05-06 10:53:56,458 : INFO : EventManager : Event: ======'playfield_active'====== Args={}
2024-05-06 10:53:56,458 : INFO : EventManager : Event: ======'playfield_active'====== Args={}
2024-05-06 10:53:56,459 : INFO : EventManager : Event: ======'s_stationary_o_active'====== Args={}
2024-05-06 10:53:56,459 : INFO : EventManager : Event: ======'sw_playfield_active'====== Args={}
2024-05-06 10:53:56,459 : INFO : EventManager : Event: ======'machine_var_audits_switches_s_stationary_o'====== Args={'value': 86, 'prev_value': 85, 'change': 1}
2024-05-06 10:53:56,460 : INFO : EventManager : Event: ======'player_shot_r_o_fleshy'====== Args={'value': 3, 'prev_value': 2, 'change': 1, 'player_num': 1}
2024-05-06 10:53:56,461 : INFO : EventManager : Event: ======'machine_var_audits_shots_r_o_fleshy'====== Args={'value': 82, 'prev_value': 81, 'change': 1}
2024-05-06 10:53:56,461 : INFO : EventManager : Event: ======'r_o_fleshy_hit'====== Args={'profile': 'fleshy_profile', 'state': 'light2lit', 'advancing': True}
2024-05-06 10:53:56,461 : INFO : EventManager : Event: ======'r_o_fleshy_fleshy_profile_hit'====== Args={'profile': 'fleshy_profile', 'state': 'light2lit', 'advancing': True}
2024-05-06 10:53:56,461 : INFO : EventManager : Event: ======'r_o_fleshy_fleshy_profile_light2lit_hit'====== Args={'profile': 'fleshy_profile', 'state': 'light2lit', 'advancing': True}
2024-05-06 10:53:56,462 : INFO : EventManager : Event: ======'r_o_fleshy_light2lit_hit'====== Args={'profile': 'fleshy_profile', 'state': 'light2lit', 'advancing': True}
2024-05-06 10:53:56,462 : INFO : EventManager : Event: ======'machine_var_audits_shots_r_o_rotate'====== Args={'value': 30, 'prev_value': 29, 'change': 1}
2024-05-06 10:53:56,462 : INFO : EventManager : Event: ======'r_o_rotate_hit'====== Args={'profile': 'rotate_profile', 'state': 'hit', 'advancing': False}
2024-05-06 10:53:56,462 : INFO : EventManager : Event: ======'r_o_rotate_rotate_profile_hit'====== Args={'profile': 'rotate_profile', 'state': 'hit', 'advancing': False}
2024-05-06 10:53:56,463 : INFO : EventManager : Event: ======'r_o_rotate_rotate_profile_hit_hit'====== Args={'profile': 'rotate_profile', 'state': 'hit', 'advancing': False}
2024-05-06 10:53:56,463 : INFO : EventManager : Event: ======'r_o_rotate_hit_hit'====== Args={'profile': 'rotate_profile', 'state': 'hit', 'advancing': False}
2024-05-06 10:53:56,463 : INFO : EventManager : Event: ======'fleshy_shots_hit'====== Args={}
2024-05-06 10:53:56,463 : INFO : EventManager : Event: ======'fleshy_shots_light2lit_hit'====== Args={}
2024-05-06 10:53:56,463 : INFO : EventManager : Event: ======'rotate_group_hit'====== Args={}
2024-05-06 10:53:56,463 : INFO : EventManager : Event: ======'rotate_group_hit_hit'====== Args={}
2024-05-06 10:53:56,464 : INFO : EventManager : Event: ======'playfield_active'====== Args={}
2024-05-06 10:53:56,589 : INFO : SwitchController : <<<<<<< 's_stationary_o' inactive >>>>>>>
2024-05-06 10:53:57,152 : INFO : EventManager : Event: ======'ball_save_ball_save_ball_save_hurry_up'====== Args={}
2024-05-06 10:53:58,156 : INFO : EventManager : Event: ======'balldevice_bd_trough_ball_eject_failed'====== Args={'target': <playfield.playfield>, 'balls': 1, 'retry': True, 'num_attempts': 2}
2024-05-06 10:53:58,157 : INFO : ball_device.bd_trough : State: waiting_for_target_ready
2024-05-06 10:53:58,157 : INFO : EventManager : Event: ======'balldevice_bd_trough_ball_eject_attempt'====== Args={'balls': 1, 'target': <playfield.playfield>, 'source': <ball_device.bd_trough>, 'mechanical_eject': False, 'num_attempts': 2}
2024-05-06 10:53:58,158 : INFO : ball_device.bd_trough : State: ejecting
2024-05-06 10:53:58,158 : INFO : ball_device.bd_trough : Ejecting ball to <playfield.playfield>
2024-05-06 10:53:58,158 : INFO : EventManager : Event: ======'balldevice_bd_trough_ejecting_ball'====== Args={'balls': 1, 'target': <playfield.playfield>, 'source': <ball_device.bd_trough>, 'mechanical_eject': False, 'num_attempts': 2}
2024-05-06 10:53:58,160 : INFO : ball_device.bd_trough : Wait for ball to leave device
2024-05-06 10:53:58,160 : INFO : coil.c_trough : Pulsing Driver for 10ms (1.0 pulse_power)
2024-05-06 10:53:58,624 : INFO : SwitchController : <<<<<<< 's_stationary_s' active >>>>>>>
2024-05-06 10:53:58,624 : INFO : EventManager : Event: ======'playfield_active'====== Args={}
2024-05-06 10:53:58,625 : INFO : EventManager : Event: ======'playfield_active'====== Args={}
2024-05-06 10:53:58,625 : INFO : EventManager : Event: ======'s_stationary_s_active'====== Args={}
2024-05-06 10:53:58,626 : INFO : EventManager : Event: ======'sw_playfield_active'====== Args={}
2024-05-06 10:53:58,626 : INFO : EventManager : Event: ======'machine_var_audits_switches_s_stationary_s'====== Args={'value': 51, 'prev_value': 50, 'change': 1}
2024-05-06 10:53:58,627 : INFO : EventManager : Event: ======'player_shot_r_s_fleshy'====== Args={'value': 1, 'prev_value': 0, 'change': 1, 'player_num': 1}
2024-05-06 10:53:58,632 : INFO : EventManager : Event: ======'machine_var_audits_shots_r_s_fleshy'====== Args={'value': 51, 'prev_value': 50, 'change': 1}
2024-05-06 10:53:58,633 : INFO : EventManager : Event: ======'r_s_fleshy_hit'====== Args={'profile': 'fleshy_profile', 'state': 'unlit', 'advancing': True}
2024-05-06 10:53:58,633 : INFO : EventManager : Event: ======'r_s_fleshy_fleshy_profile_hit'====== Args={'profile': 'fleshy_profile', 'state': 'unlit', 'advancing': True}
2024-05-06 10:53:58,634 : INFO : EventManager : Event: ======'r_s_fleshy_fleshy_profile_unlit_hit'====== Args={'profile': 'fleshy_profile', 'state': 'unlit', 'advancing': True}
2024-05-06 10:53:58,634 : INFO : EventManager : Event: ======'r_s_fleshy_unlit_hit'====== Args={'profile': 'fleshy_profile', 'state': 'unlit', 'advancing': True}
2024-05-06 10:53:58,634 : INFO : EventManager : Event: ======'player_shot_r_s_rotate'====== Args={'value': 1, 'prev_value': 0, 'change': 1, 'player_num': 1}
2024-05-06 10:53:58,635 : INFO : EventManager : Event: ======'machine_var_audits_shots_r_s_rotate'====== Args={'value': 28, 'prev_value': 27, 'change': 1}
2024-05-06 10:53:58,635 : INFO : EventManager : Event: ======'r_s_rotate_hit'====== Args={'profile': 'rotate_profile', 'state': None, 'advancing': True}
2024-05-06 10:53:58,636 : INFO : EventManager : Event: ======'r_s_rotate_rotate_profile_hit'====== Args={'profile': 'rotate_profile', 'state': None, 'advancing': True}
2024-05-06 10:53:58,636 : INFO : EventManager : Event: ======'r_s_rotate_rotate_profile_None_hit'====== Args={'profile': 'rotate_profile', 'state': None, 'advancing': True}
2024-05-06 10:53:58,636 : INFO : EventManager : Event: ======'r_s_rotate_None_hit'====== Args={'profile': 'rotate_profile', 'state': None, 'advancing': True}
2024-05-06 10:53:58,637 : INFO : EventManager : Event: ======'fleshy_shots_hit'====== Args={}
2024-05-06 10:53:58,637 : INFO : EventManager : Event: ======'fleshy_shots_unlit_hit'====== Args={}
2024-05-06 10:53:58,637 : INFO : EventManager : Event: ======'rotate_group_hit'====== Args={}
2024-05-06 10:53:58,637 : INFO : EventManager : Event: ======'rotate_group_None_hit'====== Args={}
2024-05-06 10:53:58,637 : INFO : EventManager : Event: ======'playfield_active'====== Args={}
2024-05-06 10:53:58,756 : INFO : SwitchController : <<<<<<< 's_stationary_s' inactive >>>>>>>
2024-05-06 10:53:59,041 : INFO : SwitchController : <<<<<<< 's_stationary_s' active >>>>>>>
2024-05-06 10:53:59,041 : INFO : EventManager : Event: ======'playfield_active'====== Args={}
2024-05-06 10:53:59,041 : INFO : EventManager : Event: ======'playfield_active'====== Args={}
2024-05-06 10:53:59,041 : INFO : EventManager : Event: ======'s_stationary_s_active'====== Args={}
2024-05-06 10:53:59,041 : INFO : EventManager : Event: ======'sw_playfield_active'====== Args={}
2024-05-06 10:53:59,042 : INFO : EventManager : Event: ======'machine_var_audits_switches_s_stationary_s'====== Args={'value': 52, 'prev_value': 51, 'change': 1}
2024-05-06 10:53:59,042 : INFO : EventManager : Event: ======'player_shot_r_s_fleshy'====== Args={'value': 2, 'prev_value': 1, 'change': 1, 'player_num': 1}
2024-05-06 10:53:59,043 : INFO : EventManager : Event: ======'machine_var_audits_shots_r_s_fleshy'====== Args={'value': 52, 'prev_value': 51, 'change': 1}
2024-05-06 10:53:59,043 : INFO : EventManager : Event: ======'r_s_fleshy_hit'====== Args={'profile': 'fleshy_profile', 'state': 'light1lit', 'advancing': True}
2024-05-06 10:53:59,044 : INFO : EventManager : Event: ======'r_s_fleshy_fleshy_profile_hit'====== Args={'profile': 'fleshy_profile', 'state': 'light1lit', 'advancing': True}
2024-05-06 10:53:59,044 : INFO : EventManager : Event: ======'r_s_fleshy_fleshy_profile_light1lit_hit'====== Args={'profile': 'fleshy_profile', 'state': 'light1lit', 'advancing': True}
2024-05-06 10:53:59,044 : INFO : EventManager : Event: ======'r_s_fleshy_light1lit_hit'====== Args={'profile': 'fleshy_profile', 'state': 'light1lit', 'advancing': True}
2024-05-06 10:53:59,044 : INFO : EventManager : Event: ======'machine_var_audits_shots_r_s_rotate'====== Args={'value': 29, 'prev_value': 28, 'change': 1}
2024-05-06 10:53:59,044 : INFO : EventManager : Event: ======'r_s_rotate_hit'====== Args={'profile': 'rotate_profile', 'state': 'hit', 'advancing': False}
2024-05-06 10:53:59,045 : INFO : EventManager : Event: ======'r_s_rotate_rotate_profile_hit'====== Args={'profile': 'rotate_profile', 'state': 'hit', 'advancing': False}
2024-05-06 10:53:59,045 : INFO : EventManager : Event: ======'r_s_rotate_rotate_profile_hit_hit'====== Args={'profile': 'rotate_profile', 'state': 'hit', 'advancing': False}
2024-05-06 10:53:59,045 : INFO : EventManager : Event: ======'r_s_rotate_hit_hit'====== Args={'profile': 'rotate_profile', 'state': 'hit', 'advancing': False}
2024-05-06 10:53:59,045 : INFO : EventManager : Event: ======'fleshy_shots_hit'====== Args={}
2024-05-06 10:53:59,046 : INFO : EventManager : Event: ======'fleshy_shots_light1lit_hit'====== Args={}
2024-05-06 10:53:59,046 : INFO : EventManager : Event: ======'rotate_group_hit'====== Args={}
2024-05-06 10:53:59,046 : INFO : EventManager : Event: ======'rotate_group_hit_hit'====== Args={}
2024-05-06 10:53:59,046 : INFO : EventManager : Event: ======'playfield_active'====== Args={}
2024-05-06 10:53:59,153 : INFO : EventManager : Event: ======'ball_save_ball_save_ball_save_disabled'====== Args={}
2024-05-06 10:53:59,195 : INFO : SwitchController : <<<<<<< 's_stationary_s' inactive >>>>>>>
2024-05-06 10:53:59,491 : INFO : SwitchController : <<<<<<< 's_stationary_s' active >>>>>>>
2024-05-06 10:53:59,492 : INFO : EventManager : Event: ======'playfield_active'====== Args={}
2024-05-06 10:53:59,492 : INFO : EventManager : Event: ======'playfield_active'====== Args={}
2024-05-06 10:53:59,492 : INFO : EventManager : Event: ======'s_stationary_s_active'====== Args={}
2024-05-06 10:53:59,493 : INFO : EventManager : Event: ======'sw_playfield_active'====== Args={}
2024-05-06 10:53:59,493 : INFO : EventManager : Event: ======'machine_var_audits_switches_s_stationary_s'====== Args={'value': 53, 'prev_value': 52, 'change': 1}
2024-05-06 10:53:59,494 : INFO : EventManager : Event: ======'player_shot_r_s_fleshy'====== Args={'value': 3, 'prev_value': 2, 'change': 1, 'player_num': 1}
2024-05-06 10:53:59,495 : INFO : EventManager : Event: ======'machine_var_audits_shots_r_s_fleshy'====== Args={'value': 53, 'prev_value': 52, 'change': 1}
2024-05-06 10:53:59,495 : INFO : EventManager : Event: ======'r_s_fleshy_hit'====== Args={'profile': 'fleshy_profile', 'state': 'light2lit', 'advancing': True}
2024-05-06 10:53:59,495 : INFO : EventManager : Event: ======'r_s_fleshy_fleshy_profile_hit'====== Args={'profile': 'fleshy_profile', 'state': 'light2lit', 'advancing': True}
2024-05-06 10:53:59,496 : INFO : EventManager : Event: ======'r_s_fleshy_fleshy_profile_light2lit_hit'====== Args={'profile': 'fleshy_profile', 'state': 'light2lit', 'advancing': True}
2024-05-06 10:53:59,496 : INFO : EventManager : Event: ======'r_s_fleshy_light2lit_hit'====== Args={'profile': 'fleshy_profile', 'state': 'light2lit', 'advancing': True}
2024-05-06 10:53:59,496 : INFO : EventManager : Event: ======'machine_var_audits_shots_r_s_rotate'====== Args={'value': 30, 'prev_value': 29, 'change': 1}
2024-05-06 10:53:59,497 : INFO : EventManager : Event: ======'r_s_rotate_hit'====== Args={'profile': 'rotate_profile', 'state': 'hit', 'advancing': False}
2024-05-06 10:53:59,497 : INFO : EventManager : Event: ======'r_s_rotate_rotate_profile_hit'====== Args={'profile': 'rotate_profile', 'state': 'hit', 'advancing': False}
2024-05-06 10:53:59,497 : INFO : EventManager : Event: ======'r_s_rotate_rotate_profile_hit_hit'====== Args={'profile': 'rotate_profile', 'state': 'hit', 'advancing': False}
2024-05-06 10:53:59,497 : INFO : EventManager : Event: ======'r_s_rotate_hit_hit'====== Args={'profile': 'rotate_profile', 'state': 'hit', 'advancing': False}
2024-05-06 10:53:59,497 : INFO : EventManager : Event: ======'fleshy_shots_complete'====== Args={'state': 'light3lit'}
2024-05-06 10:53:59,498 : INFO : EventManager : Event: ======'fleshy_shots_light3lit_complete'====== Args={}
2024-05-06 10:53:59,498 : INFO : EventManager : Event: ======'mult_fleshy_start'====== Args={'priority': 0}
2024-05-06 10:53:59,498 : INFO : EventManager : Event: ======'fleshy_qualify_stop'====== Args={'priority': 0}
2024-05-06 10:53:59,498 : INFO : EventManager : Event: ======'mode_mult_fleshy_will_start'====== Args={'priority': 0}
2024-05-06 10:53:59,500 : INFO : EventManager : Event: ======'mode_mult_fleshy_starting'====== Args={'priority': 0}
2024-05-06 10:53:59,500 : INFO : EventManager : Event: ======'mode_mult_fleshy_qualify_will_stop'====== Args={}
2024-05-06 10:53:59,501 : INFO : EventManager : Event: ======'mode_mult_fleshy_qualify_stopping'====== Args={}
2024-05-06 10:53:59,501 : INFO : EventManager : Event: ======'fleshy_shots_hit'====== Args={}
2024-05-06 10:53:59,501 : INFO : EventManager : Event: ======'fleshy_shots_light2lit_hit'====== Args={}
2024-05-06 10:53:59,501 : INFO : EventManager : Event: ======'rotate_group_hit'====== Args={}
2024-05-06 10:53:59,502 : INFO : EventManager : Event: ======'rotate_group_hit_hit'====== Args={}
2024-05-06 10:53:59,502 : INFO : EventManager : Event: ======'playfield_active'====== Args={}
2024-05-06 10:53:59,502 : INFO : Mode.mult_fleshy_qualify : Stopped.
2024-05-06 10:53:59,502 : INFO : EventManager : Event: ======'modes_active_modes_changed'====== Args={}
2024-05-06 10:53:59,502 : INFO : EventManager : Event: ======'mode_mult_fleshy_qualify_stopped'====== Args={}
2024-05-06 10:53:59,503 : INFO : EventManager : Event: ======'clear'====== Args={'key': 'mult_fleshy_qualify'}
2024-05-06 10:53:59,504 : INFO : Mode.mult_fleshy : Started. Priority: 200
2024-05-06 10:53:59,504 : INFO : EventManager : Event: ======'modes_active_modes_changed'====== Args={}
2024-05-06 10:53:59,504 : INFO : EventManager : Event: ======'mode_mult_fleshy_started'====== Args={'priority': 0}
2024-05-06 10:53:59,505 : INFO : EventManager : Event: ======'ball_save_ball_save_enabled'====== Args={}
2024-05-06 10:53:59,622 : INFO : SwitchController : <<<<<<< 's_stationary_s' inactive >>>>>>>
2024-05-06 10:54:00,161 : INFO : EventManager : Event: ======'balldevice_bd_trough_ball_eject_failed'====== Args={'target': <playfield.playfield>, 'balls': 1, 'retry': True, 'num_attempts': 3}
2024-05-06 10:54:00,163 : INFO : ball_device.bd_trough : State: waiting_for_target_ready
2024-05-06 10:54:00,163 : INFO : EventManager : Event: ======'balldevice_bd_trough_ball_eject_attempt'====== Args={'balls': 1, 'target': <playfield.playfield>, 'source': <ball_device.bd_trough>, 'mechanical_eject': False, 'num_attempts': 3}
2024-05-06 10:54:00,164 : INFO : ball_device.bd_trough : State: ejecting
2024-05-06 10:54:00,164 : INFO : ball_device.bd_trough : Ejecting ball to <playfield.playfield>
2024-05-06 10:54:00,164 : INFO : EventManager : Event: ======'balldevice_bd_trough_ejecting_ball'====== Args={'balls': 1, 'target': <playfield.playfield>, 'source': <ball_device.bd_trough>, 'mechanical_eject': False, 'num_attempts': 3}
2024-05-06 10:54:00,165 : INFO : EventManager : Event: ======'ball_save_ball_save_timer_start'====== Args={}
2024-05-06 10:54:00,168 : INFO : ball_device.bd_trough : Wait for ball to leave device
2024-05-06 10:54:00,168 : INFO : coil.c_trough : Pulsing Driver for 10ms (1.0 pulse_power)
2024-05-06 10:54:02,168 : INFO : EventManager : Event: ======'balldevice_bd_trough_ball_eject_failed'====== Args={'target': <playfield.playfield>, 'balls': 1, 'retry': True, 'num_attempts': 4}
2024-05-06 10:54:02,169 : INFO : ball_device.bd_trough : State: waiting_for_target_ready
2024-05-06 10:54:02,170 : INFO : EventManager : Event: ======'balldevice_bd_trough_ball_eject_attempt'====== Args={'balls': 1, 'target': <playfield.playfield>, 'source': <ball_device.bd_trough>, 'mechanical_eject': False, 'num_attempts': 4}
2024-05-06 10:54:02,170 : INFO : ball_device.bd_trough : State: ejecting
2024-05-06 10:54:02,170 : INFO : ball_device.bd_trough : Ejecting ball to <playfield.playfield>
2024-05-06 10:54:02,170 : INFO : EventManager : Event: ======'balldevice_bd_trough_ejecting_ball'====== Args={'balls': 1, 'target': <playfield.playfield>, 'source': <ball_device.bd_trough>, 'mechanical_eject': False, 'num_attempts': 4}
2024-05-06 10:54:02,171 : INFO : ball_device.bd_trough : Wait for ball to leave device
2024-05-06 10:54:02,171 : INFO : coil.c_trough : Pulsing Driver for 10ms (1.0 pulse_power)
2024-05-06 10:54:04,172 : INFO : EventManager : Event: ======'balldevice_bd_trough_ball_eject_failed'====== Args={'target': <playfield.playfield>, 'balls': 1, 'retry': True, 'num_attempts': 5}
2024-05-06 10:54:04,174 : INFO : ball_device.bd_trough : State: waiting_for_target_ready
2024-05-06 10:54:04,175 : INFO : EventManager : Event: ======'balldevice_bd_trough_ball_eject_attempt'====== Args={'balls': 1, 'target': <playfield.playfield>, 'source': <ball_device.bd_trough>, 'mechanical_eject': False, 'num_attempts': 5}
2024-05-06 10:54:04,176 : INFO : ball_device.bd_trough : State: ejecting
2024-05-06 10:54:04,176 : INFO : ball_device.bd_trough : Ejecting ball to <playfield.playfield>
2024-05-06 10:54:04,176 : INFO : EventManager : Event: ======'balldevice_bd_trough_ejecting_ball'====== Args={'balls': 1, 'target': <playfield.playfield>, 'source': <ball_device.bd_trough>, 'mechanical_eject': False, 'num_attempts': 5}
2024-05-06 10:54:04,178 : INFO : ball_device.bd_trough : Wait for ball to leave device
2024-05-06 10:54:04,178 : INFO : coil.c_trough : Pulsing Driver for 10ms (1.0 pulse_power)
2024-05-06 10:54:06,179 : INFO : EventManager : Event: ======'balldevice_bd_trough_ball_eject_failed'====== Args={'target': <playfield.playfield>, 'balls': 1, 'retry': True, 'num_attempts': 6}
2024-05-06 10:54:06,181 : INFO : ball_device.bd_trough : State: waiting_for_target_ready
2024-05-06 10:54:06,182 : INFO : EventManager : Event: ======'balldevice_bd_trough_ball_eject_attempt'====== Args={'balls': 1, 'target': <playfield.playfield>, 'source': <ball_device.bd_trough>, 'mechanical_eject': False, 'num_attempts': 6}
2024-05-06 10:54:06,182 : INFO : ball_device.bd_trough : State: ejecting
2024-05-06 10:54:06,182 : INFO : ball_device.bd_trough : Ejecting ball to <playfield.playfield>
2024-05-06 10:54:06,183 : INFO : EventManager : Event: ======'balldevice_bd_trough_ejecting_ball'====== Args={'balls': 1, 'target': <playfield.playfield>, 'source': <ball_device.bd_trough>, 'mechanical_eject': False, 'num_attempts': 6}
2024-05-06 10:54:06,184 : INFO : ball_device.bd_trough : Wait for ball to leave device
2024-05-06 10:54:06,184 : INFO : coil.c_trough : Pulsing Driver for 10ms (1.0 pulse_power)
2024-05-06 10:54:07,166 : INFO : EventManager : Event: ======'ball_save_ball_save_hurry_up'====== Args={}
2024-05-06 10:54:08,185 : INFO : EventManager : Event: ======'balldevice_bd_trough_ball_eject_failed'====== Args={'target': <playfield.playfield>, 'balls': 1, 'retry': True, 'num_attempts': 7}
2024-05-06 10:54:08,188 : INFO : ball_device.bd_trough : State: waiting_for_target_ready
2024-05-06 10:54:08,189 : INFO : EventManager : Event: ======'balldevice_bd_trough_ball_eject_attempt'====== Args={'balls': 1, 'target': <playfield.playfield>, 'source': <ball_device.bd_trough>, 'mechanical_eject': False, 'num_attempts': 7}
2024-05-06 10:54:08,190 : INFO : ball_device.bd_trough : State: ejecting
2024-05-06 10:54:08,190 : INFO : ball_device.bd_trough : Ejecting ball to <playfield.playfield>
2024-05-06 10:54:08,190 : INFO : EventManager : Event: ======'balldevice_bd_trough_ejecting_ball'====== Args={'balls': 1, 'target': <playfield.playfield>, 'source': <ball_device.bd_trough>, 'mechanical_eject': False, 'num_attempts': 7}
2024-05-06 10:54:08,192 : INFO : ball_device.bd_trough : Wait for ball to leave device
2024-05-06 10:54:08,192 : INFO : coil.c_trough : Pulsing Driver for 10ms (1.0 pulse_power)
2024-05-06 10:54:10,167 : INFO : EventManager : Event: ======'ball_save_ball_save_disabled'====== Args={}
2024-05-06 10:54:10,194 : INFO : EventManager : Event: ======'balldevice_bd_trough_ball_eject_failed'====== Args={'target': <playfield.playfield>, 'balls': 1, 'retry': True, 'num_attempts': 8}
2024-05-06 10:54:10,195 : INFO : ball_device.bd_trough : State: waiting_for_target_ready
2024-05-06 10:54:10,196 : INFO : EventManager : Event: ======'balldevice_bd_trough_ball_eject_attempt'====== Args={'balls': 1, 'target': <playfield.playfield>, 'source': <ball_device.bd_trough>, 'mechanical_eject': False, 'num_attempts': 8}
2024-05-06 10:54:10,196 : INFO : ball_device.bd_trough : State: ejecting
2024-05-06 10:54:10,197 : INFO : ball_device.bd_trough : Ejecting ball to <playfield.playfield>
2024-05-06 10:54:10,197 : INFO : EventManager : Event: ======'balldevice_bd_trough_ejecting_ball'====== Args={'balls': 1, 'target': <playfield.playfield>, 'source': <ball_device.bd_trough>, 'mechanical_eject': False, 'num_attempts': 8}
2024-05-06 10:54:10,198 : INFO : ball_device.bd_trough : Wait for ball to leave device
2024-05-06 10:54:10,198 : INFO : coil.c_trough : Pulsing Driver for 10ms (1.0 pulse_power)
2024-05-06 10:54:12,198 : INFO : EventManager : Event: ======'balldevice_bd_trough_ball_eject_failed'====== Args={'target': <playfield.playfield>, 'balls': 1, 'retry': True, 'num_attempts': 9}
2024-05-06 10:54:12,201 : INFO : ball_device.bd_trough : State: waiting_for_target_ready
2024-05-06 10:54:12,202 : INFO : EventManager : Event: ======'balldevice_bd_trough_ball_eject_attempt'====== Args={'balls': 1, 'target': <playfield.playfield>, 'source': <ball_device.bd_trough>, 'mechanical_eject': False, 'num_attempts': 9}
2024-05-06 10:54:12,202 : INFO : ball_device.bd_trough : State: ejecting
2024-05-06 10:54:12,203 : INFO : ball_device.bd_trough : Ejecting ball to <playfield.playfield>
2024-05-06 10:54:12,203 : INFO : EventManager : Event: ======'balldevice_bd_trough_ejecting_ball'====== Args={'balls': 1, 'target': <playfield.playfield>, 'source': <ball_device.bd_trough>, 'mechanical_eject': False, 'num_attempts': 9}
2024-05-06 10:54:12,205 : INFO : ball_device.bd_trough : Wait for ball to leave device
2024-05-06 10:54:12,205 : INFO : coil.c_trough : Pulsing Driver for 10ms (1.0 pulse_power)
2024-05-06 10:54:14,206 : INFO : EventManager : Event: ======'balldevice_bd_trough_ball_eject_failed'====== Args={'target': <playfield.playfield>, 'balls': 1, 'retry': True, 'num_attempts': 10}
2024-05-06 10:54:14,208 : INFO : ball_device.bd_trough : State: waiting_for_target_ready
2024-05-06 10:54:14,209 : INFO : EventManager : Event: ======'balldevice_bd_trough_ball_eject_attempt'====== Args={'balls': 1, 'target': <playfield.playfield>, 'source': <ball_device.bd_trough>, 'mechanical_eject': False, 'num_attempts': 10}
2024-05-06 10:54:14,209 : INFO : ball_device.bd_trough : State: ejecting
2024-05-06 10:54:14,209 : INFO : ball_device.bd_trough : Ejecting ball to <playfield.playfield>
2024-05-06 10:54:14,209 : INFO : EventManager : Event: ======'balldevice_bd_trough_ejecting_ball'====== Args={'balls': 1, 'target': <playfield.playfield>, 'source': <ball_device.bd_trough>, 'mechanical_eject': False, 'num_attempts': 10}
2024-05-06 10:54:14,210 : INFO : ball_device.bd_trough : Wait for ball to leave device
2024-05-06 10:54:14,210 : INFO : coil.c_trough : Pulsing Driver for 10ms (1.0 pulse_power)
2024-05-06 10:54:16,211 : INFO : EventManager : Event: ======'balldevice_bd_trough_ball_eject_failed'====== Args={'target': <playfield.playfield>, 'balls': 1, 'retry': True, 'num_attempts': 11}
2024-05-06 10:54:16,213 : INFO : ball_device.bd_trough : State: waiting_for_target_ready
2024-05-06 10:54:16,214 : INFO : EventManager : Event: ======'balldevice_bd_trough_ball_eject_attempt'====== Args={'balls': 1, 'target': <playfield.playfield>, 'source': <ball_device.bd_trough>, 'mechanical_eject': False, 'num_attempts': 11}
2024-05-06 10:54:16,214 : INFO : ball_device.bd_trough : State: ejecting
2024-05-06 10:54:16,215 : INFO : ball_device.bd_trough : Ejecting ball to <playfield.playfield>
2024-05-06 10:54:16,215 : INFO : EventManager : Event: ======'balldevice_bd_trough_ejecting_ball'====== Args={'balls': 1, 'target': <playfield.playfield>, 'source': <ball_device.bd_trough>, 'mechanical_eject': False, 'num_attempts': 11}
2024-05-06 10:54:16,216 : INFO : ball_device.bd_trough : Wait for ball to leave device
2024-05-06 10:54:16,216 : INFO : coil.c_trough : Pulsing Driver for 10ms (1.0 pulse_power)
2024-05-06 10:54:18,217 : INFO : EventManager : Event: ======'balldevice_bd_trough_ball_eject_failed'====== Args={'target': <playfield.playfield>, 'balls': 1, 'retry': True, 'num_attempts': 12}
2024-05-06 10:54:18,220 : INFO : ball_device.bd_trough : State: waiting_for_target_ready
2024-05-06 10:54:18,221 : INFO : EventManager : Event: ======'balldevice_bd_trough_ball_eject_attempt'====== Args={'balls': 1, 'target': <playfield.playfield>, 'source': <ball_device.bd_trough>, 'mechanical_eject': False, 'num_attempts': 12}
2024-05-06 10:54:18,222 : INFO : ball_device.bd_trough : State: ejecting
2024-05-06 10:54:18,222 : INFO : ball_device.bd_trough : Ejecting ball to <playfield.playfield>
2024-05-06 10:54:18,222 : INFO : EventManager : Event: ======'balldevice_bd_trough_ejecting_ball'====== Args={'balls': 1, 'target': <playfield.playfield>, 'source': <ball_device.bd_trough>, 'mechanical_eject': False, 'num_attempts': 12}
2024-05-06 10:54:18,224 : INFO : ball_device.bd_trough : Wait for ball to leave device
2024-05-06 10:54:18,224 : INFO : coil.c_trough : Pulsing Driver for 10ms (1.0 pulse_power)
2024-05-06 10:54:20,225 : INFO : EventManager : Event: ======'balldevice_bd_trough_ball_eject_failed'====== Args={'target': <playfield.playfield>, 'balls': 1, 'retry': True, 'num_attempts': 13}
2024-05-06 10:54:20,228 : INFO : ball_device.bd_trough : State: waiting_for_target_ready
2024-05-06 10:54:20,228 : INFO : EventManager : Event: ======'balldevice_bd_trough_ball_eject_attempt'====== Args={'balls': 1, 'target': <playfield.playfield>, 'source': <ball_device.bd_trough>, 'mechanical_eject': False, 'num_attempts': 13}
2024-05-06 10:54:20,229 : INFO : ball_device.bd_trough : State: ejecting
2024-05-06 10:54:20,229 : INFO : ball_device.bd_trough : Ejecting ball to <playfield.playfield>
2024-05-06 10:54:20,230 : INFO : EventManager : Event: ======'balldevice_bd_trough_ejecting_ball'====== Args={'balls': 1, 'target': <playfield.playfield>, 'source': <ball_device.bd_trough>, 'mechanical_eject': False, 'num_attempts': 13}
2024-05-06 10:54:20,231 : INFO : ball_device.bd_trough : Wait for ball to leave device
2024-05-06 10:54:20,231 : INFO : coil.c_trough : Pulsing Driver for 10ms (1.0 pulse_power)
2024-05-06 10:54:22,232 : INFO : EventManager : Event: ======'balldevice_bd_trough_ball_eject_failed'====== Args={'target': <playfield.playfield>, 'balls': 1, 'retry': True, 'num_attempts': 14}
2024-05-06 10:54:22,234 : INFO : ball_device.bd_trough : State: waiting_for_target_ready
2024-05-06 10:54:22,235 : INFO : EventManager : Event: ======'balldevice_bd_trough_ball_eject_attempt'====== Args={'balls': 1, 'target': <playfield.playfield>, 'source': <ball_device.bd_trough>, 'mechanical_eject': False, 'num_attempts': 14}
2024-05-06 10:54:22,235 : INFO : ball_device.bd_trough : State: ejecting
2024-05-06 10:54:22,236 : INFO : ball_device.bd_trough : Ejecting ball to <playfield.playfield>
2024-05-06 10:54:22,236 : INFO : EventManager : Event: ======'balldevice_bd_trough_ejecting_ball'====== Args={'balls': 1, 'target': <playfield.playfield>, 'source': <ball_device.bd_trough>, 'mechanical_eject': False, 'num_attempts': 14}
2024-05-06 10:54:22,238 : INFO : ball_device.bd_trough : Wait for ball to leave device
2024-05-06 10:54:22,238 : INFO : coil.c_trough : Pulsing Driver for 10ms (1.0 pulse_power)
2024-05-06 10:54:24,240 : INFO : EventManager : Event: ======'balldevice_bd_trough_ball_eject_failed'====== Args={'target': <playfield.playfield>, 'balls': 1, 'retry': True, 'num_attempts': 15}
2024-05-06 10:54:24,243 : INFO : ball_device.bd_trough : State: waiting_for_target_ready
2024-05-06 10:54:24,243 : INFO : EventManager : Event: ======'balldevice_bd_trough_ball_eject_attempt'====== Args={'balls': 1, 'target': <playfield.playfield>, 'source': <ball_device.bd_trough>, 'mechanical_eject': False, 'num_attempts': 15}
2024-05-06 10:54:24,244 : INFO : ball_device.bd_trough : State: ejecting
2024-05-06 10:54:24,244 : INFO : ball_device.bd_trough : Ejecting ball to <playfield.playfield>
2024-05-06 10:54:24,244 : INFO : EventManager : Event: ======'balldevice_bd_trough_ejecting_ball'====== Args={'balls': 1, 'target': <playfield.playfield>, 'source': <ball_device.bd_trough>, 'mechanical_eject': False, 'num_attempts': 15}
2024-05-06 10:54:24,245 : INFO : ball_device.bd_trough : Wait for ball to leave device
2024-05-06 10:54:24,245 : INFO : coil.c_trough : Pulsing Driver for 10ms (1.0 pulse_power)
2024-05-06 10:54:26,247 : INFO : EventManager : Event: ======'balldevice_bd_trough_ball_eject_failed'====== Args={'target': <playfield.playfield>, 'balls': 1, 'retry': True, 'num_attempts': 16}
2024-05-06 10:54:26,249 : INFO : ball_device.bd_trough : State: waiting_for_target_ready
2024-05-06 10:54:26,250 : INFO : EventManager : Event: ======'balldevice_bd_trough_ball_eject_attempt'====== Args={'balls': 1, 'target': <playfield.playfield>, 'source': <ball_device.bd_trough>, 'mechanical_eject': False, 'num_attempts': 16}
2024-05-06 10:54:26,250 : INFO : ball_device.bd_trough : State: ejecting
2024-05-06 10:54:26,251 : INFO : ball_device.bd_trough : Ejecting ball to <playfield.playfield>
2024-05-06 10:54:26,251 : INFO : EventManager : Event: ======'balldevice_bd_trough_ejecting_ball'====== Args={'balls': 1, 'target': <playfield.playfield>, 'source': <ball_device.bd_trough>, 'mechanical_eject': False, 'num_attempts': 16}
2024-05-06 10:54:26,252 : INFO : ball_device.bd_trough : Wait for ball to leave device
2024-05-06 10:54:26,252 : INFO : coil.c_trough : Pulsing Driver for 10ms (1.0 pulse_power)
2024-05-06 10:54:26,960 : INFO : Machine : Shutting down...
2024-05-06 10:54:26,960 : INFO : EventManager : Event: ======'shutdown'====== Args={}
2024-05-06 10:54:26,967 : INFO : EventManager : Event: ======'mode_game_will_stop'====== Args={}
2024-05-06 10:54:26,968 : INFO : EventManager : Event: ======'mode_game_stopping'====== Args={}
2024-05-06 10:54:26,968 : INFO : EventManager : Event: ======'mode_start_ball_save_will_stop'====== Args={}
2024-05-06 10:54:26,968 : INFO : EventManager : Event: ======'mode_start_ball_save_stopping'====== Args={}
2024-05-06 10:54:26,968 : INFO : EventManager : Event: ======'mode_base_will_stop'====== Args={}
2024-05-06 10:54:26,968 : INFO : EventManager : Event: ======'mode_base_stopping'====== Args={}
2024-05-06 10:54:26,968 : INFO : EventManager : Event: ======'mode_mult_fleshy_will_stop'====== Args={}
2024-05-06 10:54:26,968 : INFO : EventManager : Event: ======'mode_mult_fleshy_stopping'====== Args={}
2024-05-06 10:54:26,968 : INFO : EventManager : Event: ======'mode_lane_rotate_will_stop'====== Args={}
2024-05-06 10:54:26,968 : INFO : EventManager : Event: ======'mode_lane_rotate_stopping'====== Args={}
2024-05-06 10:54:26,968 : INFO : Mode.lane_rotate : Stopped.
2024-05-06 10:54:26,968 : INFO : EventManager : Event: ======'modes_active_modes_changed'====== Args={}
2024-05-06 10:54:26,968 : INFO : EventManager : Event: ======'mode_lane_rotate_stopped'====== Args={}
2024-05-06 10:54:26,969 : INFO : EventManager : Event: ======'clear'====== Args={'key': 'lane_rotate'}
2024-05-06 10:54:26,969 : INFO : Mode.mult_fleshy : Stopped.
2024-05-06 10:54:26,969 : INFO : EventManager : Event: ======'modes_active_modes_changed'====== Args={}
2024-05-06 10:54:26,969 : INFO : EventManager : Event: ======'mode_mult_fleshy_stopped'====== Args={}
2024-05-06 10:54:26,969 : INFO : EventManager : Event: ======'clear'====== Args={'key': 'mult_fleshy'}
2024-05-06 10:54:26,969 : INFO : Mode.base : Stopped.
2024-05-06 10:54:26,969 : INFO : EventManager : Event: ======'modes_active_modes_changed'====== Args={}
2024-05-06 10:54:26,970 : INFO : EventManager : Event: ======'mode_base_stopped'====== Args={}
2024-05-06 10:54:26,970 : INFO : EventManager : Event: ======'clear'====== Args={'key': 'base'}
2024-05-06 10:54:26,970 : INFO : Mode.start_ball_save : Stopped.
2024-05-06 10:54:26,970 : INFO : EventManager : Event: ======'modes_active_modes_changed'====== Args={}
2024-05-06 10:54:26,970 : INFO : EventManager : Event: ======'mode_start_ball_save_stopped'====== Args={}
2024-05-06 10:54:26,970 : INFO : EventManager : Event: ======'clear'====== Args={'key': 'start_ball_save'}
2024-05-06 10:54:26,971 : INFO : Mode.game : Stopped.
2024-05-06 10:54:26,971 : INFO : EventManager : Event: ======'modes_active_modes_changed'====== Args={}
2024-05-06 10:54:26,971 : INFO : EventManager : Event: ======'mode_game_stopped'====== Args={}
2024-05-06 10:54:26,971 : INFO : EventManager : Event: ======'clear'====== Args={'key': 'game'}
2024-05-06 10:54:26,972 : INFO : root : MPF run loop ended.
