2024-02-02 10:40:06,093 : INFO : root : Loading config.
2024-02-02 10:40:06,097 : INFO : YamlMultifileConfigLoader : Machine config file #1: config.yaml
2024-02-02 10:40:06,097 : INFO : ConfigProcessor : Loading config from cache: C:\Users\Tanner\AppData\Local\Temp\ae594c12e5b61ed7124eed45950049a7.mpf_cache
2024-02-02 10:40:06,173 : INFO : ConfigProcessor : Loading config from cache: C:\Users\Tanner\AppData\Local\Temp\165ae565642a148ddd3c4976ade4dd88.mpf_cache
2024-02-02 10:40:06,173 : INFO : ConfigProcessor : Loading config from cache: C:\Users\Tanner\AppData\Local\Temp\dfbe1b39ae456f06de73c859384050b2.mpf_cache
2024-02-02 10:40:06,174 : INFO : Machine : Mission Pinball Framework Core Engine v0.57.0.dev33
2024-02-02 10:40:06,174 : INFO : Machine : Command line arguments: {'no_load_cache': False, 'create_config_cache': True, 'bcp': False, 'configfile': ['config.yaml'], 'force_assets_load': False, 'jsonlogging': False, 'logfile': 'logs\\2024-02-02-10-40-06-mpf-DESKTOP-7HNFDQ5.log', 'pause': False, 'production': False, 'text_ui': True, 'loglevel': 15, 'consoleloglevel': 20, 'force_platform': None, 'syslog_address': None, 'mc_file_name': None, 'no_sound': False}
2024-02-02 10:40:06,174 : INFO : Machine : MPF path: C:\Users\Tanner\AppData\Local\Packages\PythonSoftwareFoundation.Python.3.11_qbz5n2kfra8p0\LocalCache\local-packages\Python311\site-packages\mpf
2024-02-02 10:40:06,174 : INFO : Machine : Machine path: c:\lofab
2024-02-02 10:40:06,174 : INFO : Machine : Platform: win32
2024-02-02 10:40:06,174 : INFO : Machine : Python executable location: C:\Users\Tanner\AppData\Local\Microsoft\WindowsApps\PythonSoftwareFoundation.Python.3.11_qbz5n2kfra8p0\python.exe
2024-02-02 10:40:06,175 : INFO : Machine : Python version: 3.11.7 (64-bit)
2024-02-02 10:40:06,177 : INFO : Machine : Initializing MPF...
2024-02-02 10:40:06,414 : INFO : [NET] : Trying to connect to com9 at 921600bps
2024-02-02 10:40:06,491 : INFO : [NET] : Connected to com9 at 921600bps
2024-02-02 10:40:06,495 : INFO : [NET] : Connected to FP-CPU-2000 with firmware v02.13
2024-02-02 10:40:06,527 : INFO : [NET] : Registered I/O Board 0: Model: FP-I/O-0804, Firmware: 01.10, Switches: 8, Drivers: 4
2024-02-02 10:40:06,543 : INFO : [NET] : Registered I/O Board 1: Model: FP-I/O-0804, Firmware: 01.09, Switches: 8, Drivers: 4
2024-02-02 10:40:06,558 : INFO : [NET] : Registered I/O Board 2: Model: FP-I/O-3208, Firmware: 01.10, Switches: 32, Drivers: 8
2024-02-02 10:40:06,559 : INFO : [EXP] : Trying to connect to com10 at 921600bps
2024-02-02 10:40:06,637 : INFO : [EXP] : Connected to com10 at 921600bps
2024-02-02 10:40:06,652 : INFO : [EXP] : Verifying hardware for EXP "pf" (FP-EXP-0081, @84) with ID string "EXP FP-EXP-0081  0.12", board address 84
2024-02-02 10:40:06,668 : INFO : [EXP] : Verifying hardware for EXP "pf" (FP-EXP-0081, @84) with ID string "BRK FP-EXP-0081  0.12", board address 840
2024-02-02 10:40:06,683 : INFO : [EXP] : Verifying hardware for EXP "pf" (FP-EXP-0081, @84) with ID string "BRK FP-EXP-0081  0.12", board address 841
2024-02-02 10:40:06,699 : INFO : EventManager : Event: ======'machine_var_credits_string'====== Args={'value': 'FREE PLAY', 'prev_value': None, 'change': True}
2024-02-02 10:40:06,714 : INFO : EventManager : Event: ======'machine_var_master_volume'====== Args={'value': 0.5, 'prev_value': None, 'change': True}
2024-02-02 10:40:06,714 : INFO : EventManager : Event: ======'machine_var_player1_score'====== Args={'value': 0, 'prev_value': None, 'change': True}
2024-02-02 10:40:06,714 : INFO : EventManager : Event: ======'machine_var_mpf_version'====== Args={'value': 'Mission Pinball Framework v0.57.0.dev33', 'prev_value': None, 'change': True}
2024-02-02 10:40:06,714 : INFO : EventManager : Event: ======'machine_var_mpf_extended_version'====== Args={'value': 'Mission Pinball Framework v0.57.0.dev33, Config version:6, Show version: 6, BCP version:1.1', 'prev_value': None, 'change': True}
2024-02-02 10:40:06,714 : INFO : EventManager : Event: ======'machine_var_python_version'====== Args={'value': '3.11.7', 'prev_value': None, 'change': True}
2024-02-02 10:40:06,722 : INFO : EventManager : Event: ======'machine_var_platform'====== Args={'value': 'Windows-10-10.0.19045-SP0', 'prev_value': None, 'change': True}
2024-02-02 10:40:06,723 : INFO : EventManager : Event: ======'machine_var_platform_system'====== Args={'value': 'Windows', 'prev_value': None, 'change': True}
2024-02-02 10:40:06,723 : INFO : EventManager : Event: ======'machine_var_platform_release'====== Args={'value': '10', 'prev_value': None, 'change': True}
2024-02-02 10:40:06,723 : INFO : EventManager : Event: ======'machine_var_platform_version'====== Args={'value': '10.0.19045', 'prev_value': None, 'change': True}
2024-02-02 10:40:06,723 : INFO : EventManager : Event: ======'machine_var_platform_machine'====== Args={'value': 'AMD64', 'prev_value': None, 'change': True}
2024-02-02 10:40:06,723 : INFO : EventManager : Event: ======'init_phase_1'====== Args={}
2024-02-02 10:40:09,239 : INFO : SwitchController : <<<<<<< 's_trough_4' active >>>>>>>
2024-02-02 10:40:09,270 : INFO : EventManager : Event: ======'init_phase_2'====== Args={}
2024-02-02 10:40:09,270 : INFO : SwitchController : Found active switch: (19, [FAST Platform Interface]) <switch.s_trough_4>
2024-02-02 10:40:09,273 : INFO : ball_device.bd_vuk : BCH: Initial count: 0
2024-02-02 10:40:09,273 : INFO : ball_device.bd_vuk : State: idle
2024-02-02 10:40:09,740 : INFO : ball_device.bd_trough : BCH: Initial count: 1
2024-02-02 10:40:09,740 : INFO : ball_device.bd_trough : State: idle
2024-02-02 10:40:09,748 : INFO : EventManager : Event: ======'init_phase_3'====== Args={}
2024-02-02 10:40:09,750 : INFO : EventManager : Event: ======'init_phase_4'====== Args={}
2024-02-02 10:40:09,750 : INFO : BallController : Initial balls found: 1
2024-02-02 10:40:09,751 : INFO : EventManager : Event: ======'machine_var_audits_events_game_ended'====== Args={'value': 44, 'prev_value': None, 'change': True}
2024-02-02 10:40:09,751 : INFO : EventManager : Event: ======'machine_var_audits_events_game_started'====== Args={'value': 116, 'prev_value': None, 'change': True}
2024-02-02 10:40:09,751 : INFO : EventManager : Event: ======'machine_var_audits_player_score'====== Args={'value': {'average': 0.0, 'top': [0, 0, 0, 0, 0, 0, 0, 0, 0, 0], 'total': 44}, 'prev_value': None, 'change': True}
2024-02-02 10:40:09,751 : INFO : EventManager : Event: ======'machine_var_audits_switches_s_autolauncher'====== Args={'value': 422, 'prev_value': None, 'change': True}
2024-02-02 10:40:09,751 : INFO : EventManager : Event: ======'machine_var_audits_switches_s_b_eos'====== Args={'value': 2450, 'prev_value': None, 'change': True}
2024-02-02 10:40:09,752 : INFO : EventManager : Event: ======'machine_var_audits_switches_s_b_pop'====== Args={'value': 446, 'prev_value': None, 'change': True}
2024-02-02 10:40:09,752 : INFO : EventManager : Event: ======'machine_var_audits_switches_s_b_rollover_interchange'====== Args={'value': 10, 'prev_value': None, 'change': True}
2024-02-02 10:40:09,752 : INFO : EventManager : Event: ======'machine_var_audits_switches_s_b_rollover_loop'====== Args={'value': 24, 'prev_value': None, 'change': True}
2024-02-02 10:40:09,752 : INFO : EventManager : Event: ======'machine_var_audits_switches_s_b_rollover_misc'====== Args={'value': 33, 'prev_value': None, 'change': True}
2024-02-02 10:40:09,752 : INFO : EventManager : Event: ======'machine_var_audits_switches_s_b_target_left'====== Args={'value': 21, 'prev_value': None, 'change': True}
2024-02-02 10:40:09,752 : INFO : EventManager : Event: ======'machine_var_audits_switches_s_b_target_right'====== Args={'value': 39, 'prev_value': None, 'change': True}
2024-02-02 10:40:09,752 : INFO : EventManager : Event: ======'machine_var_audits_switches_s_drop_mid_center'====== Args={'value': 113, 'prev_value': None, 'change': True}
2024-02-02 10:40:09,752 : INFO : EventManager : Event: ======'machine_var_audits_switches_s_drop_mid_left'====== Args={'value': 76, 'prev_value': None, 'change': True}
2024-02-02 10:40:09,752 : INFO : EventManager : Event: ======'machine_var_audits_switches_s_drop_mid_right'====== Args={'value': 96, 'prev_value': None, 'change': True}
2024-02-02 10:40:09,752 : INFO : EventManager : Event: ======'machine_var_audits_switches_s_drop_right_left'====== Args={'value': 32, 'prev_value': None, 'change': True}
2024-02-02 10:40:09,752 : INFO : EventManager : Event: ======'machine_var_audits_switches_s_drop_right_right'====== Args={'value': 32, 'prev_value': None, 'change': True}
2024-02-02 10:40:09,752 : INFO : EventManager : Event: ======'machine_var_audits_switches_s_drop_scoop'====== Args={'value': 0, 'prev_value': None, 'change': True}
2024-02-02 10:40:09,753 : INFO : EventManager : Event: ======'machine_var_audits_switches_s_drop_single'====== Args={'value': 24, 'prev_value': None, 'change': True}
2024-02-02 10:40:09,753 : INFO : EventManager : Event: ======'machine_var_audits_switches_s_flip_left_eos'====== Args={'value': 25095, 'prev_value': None, 'change': True}
2024-02-02 10:40:09,753 : INFO : EventManager : Event: ======'machine_var_audits_switches_s_flip_left_top_eos'====== Args={'value': 1729, 'prev_value': None, 'change': True}
2024-02-02 10:40:09,753 : INFO : EventManager : Event: ======'machine_var_audits_switches_s_flip_right_eos'====== Args={'value': 2110, 'prev_value': None, 'change': True}
2024-02-02 10:40:09,753 : INFO : EventManager : Event: ======'machine_var_audits_switches_s_inlane_left'====== Args={'value': 31, 'prev_value': None, 'change': True}
2024-02-02 10:40:09,753 : INFO : EventManager : Event: ======'machine_var_audits_switches_s_inlane_right'====== Args={'value': 59, 'prev_value': None, 'change': True}
2024-02-02 10:40:09,753 : INFO : EventManager : Event: ======'machine_var_audits_switches_s_l_rollover'====== Args={'value': 9, 'prev_value': None, 'change': True}
2024-02-02 10:40:09,753 : INFO : EventManager : Event: ======'machine_var_audits_switches_s_l_target_far'====== Args={'value': 9, 'prev_value': None, 'change': True}
2024-02-02 10:40:09,753 : INFO : EventManager : Event: ======'machine_var_audits_switches_s_l_target_large'====== Args={'value': 9, 'prev_value': None, 'change': True}
2024-02-02 10:40:09,753 : INFO : EventManager : Event: ======'machine_var_audits_switches_s_l_target_left'====== Args={'value': 10, 'prev_value': None, 'change': True}
2024-02-02 10:40:09,754 : INFO : EventManager : Event: ======'machine_var_audits_switches_s_l_target_right'====== Args={'value': 9, 'prev_value': None, 'change': True}
2024-02-02 10:40:09,754 : INFO : EventManager : Event: ======'machine_var_audits_switches_s_l_vuk'====== Args={'value': 9, 'prev_value': None, 'change': True}
2024-02-02 10:40:09,754 : INFO : EventManager : Event: ======'machine_var_audits_switches_s_launch'====== Args={'value': 460, 'prev_value': None, 'change': True}
2024-02-02 10:40:09,754 : INFO : EventManager : Event: ======'machine_var_audits_switches_s_left_flipper_1'====== Args={'value': 1947, 'prev_value': None, 'change': True}
2024-02-02 10:40:09,754 : INFO : EventManager : Event: ======'machine_var_audits_switches_s_left_flipper_2'====== Args={'value': 651, 'prev_value': None, 'change': True}
2024-02-02 10:40:09,754 : INFO : EventManager : Event: ======'machine_var_audits_switches_s_lock_1'====== Args={'value': 1, 'prev_value': None, 'change': True}
2024-02-02 10:40:09,754 : INFO : EventManager : Event: ======'machine_var_audits_switches_s_lock_2'====== Args={'value': 1, 'prev_value': None, 'change': True}
2024-02-02 10:40:09,754 : INFO : EventManager : Event: ======'machine_var_audits_switches_s_lock_3'====== Args={'value': 1, 'prev_value': None, 'change': True}
2024-02-02 10:40:09,754 : INFO : EventManager : Event: ======'machine_var_audits_switches_s_outlane_left'====== Args={'value': 12, 'prev_value': None, 'change': True}
2024-02-02 10:40:09,755 : INFO : EventManager : Event: ======'machine_var_audits_switches_s_outlane_right'====== Args={'value': 28, 'prev_value': None, 'change': True}
2024-02-02 10:40:09,755 : INFO : EventManager : Event: ======'machine_var_audits_switches_s_pop_left'====== Args={'value': 152, 'prev_value': None, 'change': True}
2024-02-02 10:40:09,755 : INFO : EventManager : Event: ======'machine_var_audits_switches_s_pop_lower'====== Args={'value': 560, 'prev_value': None, 'change': True}
2024-02-02 10:40:09,755 : INFO : EventManager : Event: ======'machine_var_audits_switches_s_pop_right'====== Args={'value': 2348, 'prev_value': None, 'change': True}
2024-02-02 10:40:09,755 : INFO : EventManager : Event: ======'machine_var_audits_switches_s_right_flipper_1'====== Args={'value': 3494, 'prev_value': None, 'change': True}
2024-02-02 10:40:09,755 : INFO : EventManager : Event: ======'machine_var_audits_switches_s_right_flipper_2'====== Args={'value': 3304, 'prev_value': None, 'change': True}
2024-02-02 10:40:09,755 : INFO : EventManager : Event: ======'machine_var_audits_switches_s_rollover_left'====== Args={'value': 84, 'prev_value': None, 'change': True}
2024-02-02 10:40:09,755 : INFO : EventManager : Event: ======'machine_var_audits_switches_s_rollover_right'====== Args={'value': 488, 'prev_value': None, 'change': True}
2024-02-02 10:40:09,756 : INFO : EventManager : Event: ======'machine_var_audits_switches_s_sling_left'====== Args={'value': 159, 'prev_value': None, 'change': True}
2024-02-02 10:40:09,756 : INFO : EventManager : Event: ======'machine_var_audits_switches_s_sling_right'====== Args={'value': 237, 'prev_value': None, 'change': True}
2024-02-02 10:40:09,756 : INFO : EventManager : Event: ======'machine_var_audits_switches_s_start'====== Args={'value': 113, 'prev_value': None, 'change': True}
2024-02-02 10:40:09,756 : INFO : EventManager : Event: ======'machine_var_audits_switches_s_tilt'====== Args={'value': 2735, 'prev_value': None, 'change': True}
2024-02-02 10:40:09,756 : INFO : EventManager : Event: ======'machine_var_audits_switches_s_trough_1'====== Args={'value': 0, 'prev_value': None, 'change': True}
2024-02-02 10:40:09,756 : INFO : EventManager : Event: ======'machine_var_audits_switches_s_trough_2'====== Args={'value': 440, 'prev_value': None, 'change': True}
2024-02-02 10:40:09,756 : INFO : EventManager : Event: ======'machine_var_audits_switches_s_trough_3'====== Args={'value': 394, 'prev_value': None, 'change': True}
2024-02-02 10:40:09,757 : INFO : EventManager : Event: ======'machine_var_audits_switches_s_trough_4'====== Args={'value': 396, 'prev_value': None, 'change': True}
2024-02-02 10:40:09,757 : INFO : EventManager : Event: ======'machine_var_audits_switches_s_trough_5'====== Args={'value': 284, 'prev_value': None, 'change': True}
2024-02-02 10:40:09,757 : INFO : EventManager : Event: ======'machine_var_audits_switches_s_trough_6'====== Args={'value': 277, 'prev_value': None, 'change': True}
2024-02-02 10:40:09,757 : INFO : EventManager : Event: ======'machine_var_audits_switches_s_trough_jam'====== Args={'value': 344, 'prev_value': None, 'change': True}
2024-02-02 10:40:09,757 : INFO : EventManager : Event: ======'machine_var_audits_switches_s_u_lane_l'====== Args={'value': 15, 'prev_value': None, 'change': True}
2024-02-02 10:40:09,757 : INFO : EventManager : Event: ======'machine_var_audits_switches_s_u_lane_r'====== Args={'value': 20, 'prev_value': None, 'change': True}
2024-02-02 10:40:09,757 : INFO : EventManager : Event: ======'machine_var_audits_switches_s_u_rollover'====== Args={'value': 10, 'prev_value': None, 'change': True}
2024-02-02 10:40:09,758 : INFO : EventManager : Event: ======'machine_var_audits_switches_s_u_target'====== Args={'value': 8, 'prev_value': None, 'change': True}
2024-02-02 10:40:09,758 : INFO : EventManager : Event: ======'machine_var_audits_switches_s_vuk_back'====== Args={'value': 489, 'prev_value': None, 'change': True}
2024-02-02 10:40:09,758 : INFO : EventManager : Event: ======'machine_var_audits_switches_s_vuk_right'====== Args={'value': 1, 'prev_value': None, 'change': True}
2024-02-02 10:40:09,758 : INFO : EventManager : Event: ======'machine_var_audits_switches_s_flipper_l'====== Args={'value': 0, 'prev_value': None, 'change': True}
2024-02-02 10:40:09,758 : INFO : EventManager : Event: ======'machine_var_audits_switches_s_flipper_r'====== Args={'value': 0, 'prev_value': None, 'change': True}
2024-02-02 10:40:09,758 : INFO : EventManager : Event: ======'machine_var_audits_switches_s_sling_l'====== Args={'value': 0, 'prev_value': None, 'change': True}
2024-02-02 10:40:09,758 : INFO : EventManager : Event: ======'machine_var_audits_switches_s_stationary_l'====== Args={'value': 0, 'prev_value': None, 'change': True}
2024-02-02 10:40:09,759 : INFO : EventManager : Event: ======'machine_var_audits_switches_s_9'====== Args={'value': 0, 'prev_value': None, 'change': True}
2024-02-02 10:40:09,759 : INFO : EventManager : Event: ======'machine_var_audits_switches_s_pop'====== Args={'value': 0, 'prev_value': None, 'change': True}
2024-02-02 10:40:09,759 : INFO : EventManager : Event: ======'machine_var_audits_switches_s_stationary_right'====== Args={'value': 0, 'prev_value': None, 'change': True}
2024-02-02 10:40:09,759 : INFO : EventManager : Event: ======'machine_var_audits_switches_s_stationary_back'====== Args={'value': 0, 'prev_value': None, 'change': True}
2024-02-02 10:40:09,759 : INFO : EventManager : Event: ======'machine_var_audits_switches_s_sling_r'====== Args={'value': 0, 'prev_value': None, 'change': True}
2024-02-02 10:40:09,759 : INFO : EventManager : Event: ======'machine_var_audits_switches_s_vuk'====== Args={'value': 0, 'prev_value': None, 'change': True}
2024-02-02 10:40:09,760 : INFO : EventManager : Event: ======'init_phase_5'====== Args={}
2024-02-02 10:40:09,784 : INFO : EventManager : Event: ======'init_done'====== Args={}
2024-02-02 10:40:09,784 : INFO : EventManager : Event: ======'machine_reset_phase_1'====== Args={}
2024-02-02 10:40:09,784 : INFO : EventManager : Event: ======'machine_reset_phase_2'====== Args={}
2024-02-02 10:40:09,785 : INFO : EventManager : Event: ======'machine_reset_phase_3'====== Args={}
2024-02-02 10:40:09,786 : INFO : EventManager : Event: ======'reset_complete'====== Args={}
2024-02-02 10:40:09,786 : INFO : EventManager : Event: ======'mode_attract_will_start'====== Args={}
2024-02-02 10:40:09,786 : INFO : EventManager : Event: ======'mode_attract_starting'====== Args={}
2024-02-02 10:40:09,786 : INFO : Mode.attract : Started. Priority: 10
2024-02-02 10:40:09,786 : INFO : EventManager : Event: ======'modes_active_modes_changed'====== Args={}
2024-02-02 10:40:09,786 : INFO : EventManager : Event: ======'mode_attract_started'====== Args={}
2024-02-02 10:40:09,787 : INFO : EventManager : Event: ======'collecting_balls'====== Args={}
2024-02-02 10:40:09,787 : INFO : ball_device.bd_trough : Adding 1 ball(s) to the eject_queue with target <playfield.playfield>.
2024-02-02 10:40:09,787 : INFO : EventManager : Event: ======'balldevice_balls_available'====== Args={}
2024-02-02 10:40:09,805 : INFO : Machine : Starting the main run loop.
2024-02-02 10:40:09,806 : INFO : ball_device.bd_trough : State: waiting_for_target_ready
2024-02-02 10:40:09,806 : INFO : EventManager : Event: ======'balldevice_bd_trough_ball_eject_attempt'====== Args={'balls': 1, 'target': <playfield.playfield>, 'source': <ball_device.bd_trough>, 'mechanical_eject': False, 'num_attempts': 0}
2024-02-02 10:40:09,806 : INFO : ball_device.bd_trough : State: ejecting
2024-02-02 10:40:09,806 : INFO : ball_device.bd_trough : Ejecting ball to <playfield.playfield>
2024-02-02 10:40:09,806 : INFO : EventManager : Event: ======'balldevice_bd_trough_ejecting_ball'====== Args={'balls': 1, 'target': <playfield.playfield>, 'source': <ball_device.bd_trough>, 'mechanical_eject': False, 'num_attempts': 0}
2024-02-02 10:40:09,807 : INFO : ball_device.bd_trough : Wait for ball to leave device
2024-02-02 10:40:09,807 : INFO : coil.c_trough : Pulsing Driver for 10ms (0.95 pulse_power)
2024-02-02 10:40:09,834 : INFO : SwitchController : <<<<<<< 's_trough_4' inactive >>>>>>>
2024-02-02 10:40:09,837 : INFO : ball_device.bd_trough : State: ball_left
2024-02-02 10:40:09,837 : INFO : ball_device.bd_trough : Ball left
2024-02-02 10:40:09,837 : INFO : ball_device.bd_trough : Wait for confirm with timeout 10.0
2024-02-02 10:40:11,068 : INFO : SwitchController : <<<<<<< 's_flipper_l' active >>>>>>>
2024-02-02 10:40:11,209 : INFO : SwitchController : <<<<<<< 's_pop' active >>>>>>>
2024-02-02 10:40:11,209 : INFO : EventManager : Event: ======'playfield_active'====== Args={}
2024-02-02 10:40:11,209 : INFO : SwitchController : <<<<<<< 's_pop' inactive >>>>>>>
2024-02-02 10:40:11,211 : INFO : ball_device.bd_trough : Got eject confirm
2024-02-02 10:40:11,211 : INFO : ball_device.bd_trough : Eject successful
2024-02-02 10:40:11,211 : INFO : EventManager : Event: ======'balldevice_bd_trough_ball_eject_success'====== Args={'balls': 1, 'target': <playfield.playfield>}
2024-02-02 10:40:11,211 : INFO : EventManager : Event: ======'balldevice_playfield_ball_enter'====== Args={'new_balls': 1, 'unclaimed_balls': 1, 'device': <playfield.playfield>}
2024-02-02 10:40:11,211 : INFO : EventManager : Event: ======'playfield_ball_count_change'====== Args={'balls': 1, 'change': 1}
2024-02-02 10:40:11,211 : INFO : EventManager : Event: ======'balldevice_bd_trough_ball_count_changed'====== Args={'balls': 0}
2024-02-02 10:40:11,211 : INFO : ball_device.bd_trough : State: idle
2024-02-02 10:40:11,255 : INFO : SwitchController : <<<<<<< 's_flipper_l' inactive >>>>>>>
2024-02-02 10:40:12,102 : INFO : SwitchController : <<<<<<< 's_trough_1' active >>>>>>>
2024-02-02 10:40:12,181 : INFO : SwitchController : <<<<<<< 's_trough_1' inactive >>>>>>>
2024-02-02 10:40:12,199 : INFO : SwitchController : <<<<<<< 's_trough_2' active >>>>>>>
2024-02-02 10:40:12,276 : INFO : SwitchController : <<<<<<< 's_trough_2' inactive >>>>>>>
2024-02-02 10:40:12,302 : INFO : SwitchController : <<<<<<< 's_trough_3' active >>>>>>>
2024-02-02 10:40:12,353 : INFO : SwitchController : <<<<<<< 's_trough_3' inactive >>>>>>>
2024-02-02 10:40:12,371 : INFO : SwitchController : <<<<<<< 's_trough_4' active >>>>>>>
2024-02-02 10:40:12,869 : INFO : EventManager : Event: ======'balldevice_bd_trough_ball_count_changed'====== Args={'balls': 1}
2024-02-02 10:40:12,869 : INFO : ball_device.bd_trough : Received unexpected ball
2024-02-02 10:40:12,869 : INFO : EventManager : Event: ======'balldevice_captured_from_playfield'====== Args={'balls': 1}
2024-02-02 10:40:12,869 : INFO : EventManager : Event: ======'sw_playfield_active'====== Args={'balls': 1}
2024-02-02 10:40:12,870 : INFO : EventManager : Event: ======'playfield_ball_count_change'====== Args={'balls': 0, 'change': -1}
2024-02-02 10:40:12,870 : INFO : EventManager : Event: ======'balldevice_bd_trough_ball_enter'====== Args={'new_balls': 1, 'unclaimed_balls': 1, 'new_available_balls': 1, 'device': <ball_device.bd_trough>}
2024-02-02 10:40:12,870 : INFO : ball_device.bd_trough : Ejecting 1 unexpected balls using path deque([<ball_device.bd_trough>, <playfield.playfield>])
2024-02-02 10:40:12,870 : INFO : EventManager : Event: ======'balldevice_balls_available'====== Args={}
2024-02-02 10:40:12,870 : INFO : EventManager : Event: ======'balldevice_balls_available'====== Args={}
2024-02-02 10:40:12,870 : INFO : EventManager : Event: ======'balldevice_bd_trough_ball_entered'====== Args={'new_balls': 1, 'device': <ball_device.bd_trough>}
2024-02-02 10:40:12,871 : INFO : ball_device.bd_trough : State: waiting_for_target_ready
2024-02-02 10:40:12,871 : INFO : EventManager : Event: ======'balldevice_bd_trough_ball_eject_attempt'====== Args={'balls': 1, 'target': <playfield.playfield>, 'source': <ball_device.bd_trough>, 'mechanical_eject': False, 'num_attempts': 0}
2024-02-02 10:40:12,871 : INFO : ball_device.bd_trough : State: ejecting
2024-02-02 10:40:12,871 : INFO : ball_device.bd_trough : Ejecting ball to <playfield.playfield>
2024-02-02 10:40:12,871 : INFO : EventManager : Event: ======'balldevice_bd_trough_ejecting_ball'====== Args={'balls': 1, 'target': <playfield.playfield>, 'source': <ball_device.bd_trough>, 'mechanical_eject': False, 'num_attempts': 0}
2024-02-02 10:40:12,872 : INFO : ball_device.bd_trough : Wait for ball to leave device
2024-02-02 10:40:12,872 : INFO : coil.c_trough : Pulsing Driver for 10ms (0.95 pulse_power)
2024-02-02 10:40:12,900 : INFO : SwitchController : <<<<<<< 's_trough_4' inactive >>>>>>>
2024-02-02 10:40:12,903 : INFO : ball_device.bd_trough : State: ball_left
2024-02-02 10:40:12,903 : INFO : ball_device.bd_trough : Ball left
2024-02-02 10:40:12,903 : INFO : ball_device.bd_trough : Wait for confirm with timeout 10.0
2024-02-02 10:40:14,307 : INFO : SwitchController : <<<<<<< 's_flipper_l' active >>>>>>>
2024-02-02 10:40:14,449 : INFO : SwitchController : <<<<<<< 's_stationary_back' active >>>>>>>
2024-02-02 10:40:14,449 : INFO : EventManager : Event: ======'sw_playfield_active'====== Args={}
2024-02-02 10:40:14,449 : INFO : SwitchController : <<<<<<< 's_stationary_back' inactive >>>>>>>
2024-02-02 10:40:14,449 : INFO : EventManager : Event: ======'playfield_active'====== Args={}
2024-02-02 10:40:14,451 : INFO : ball_device.bd_trough : Got eject confirm
2024-02-02 10:40:14,451 : INFO : ball_device.bd_trough : Eject successful
2024-02-02 10:40:14,451 : INFO : EventManager : Event: ======'balldevice_bd_trough_ball_eject_success'====== Args={'balls': 1, 'target': <playfield.playfield>}
2024-02-02 10:40:14,451 : INFO : EventManager : Event: ======'balldevice_playfield_ball_enter'====== Args={'new_balls': 1, 'unclaimed_balls': 1, 'device': <playfield.playfield>}
2024-02-02 10:40:14,451 : INFO : EventManager : Event: ======'playfield_ball_count_change'====== Args={'balls': 1, 'change': 1}
2024-02-02 10:40:14,451 : INFO : EventManager : Event: ======'balldevice_bd_trough_ball_count_changed'====== Args={'balls': 0}
2024-02-02 10:40:14,451 : INFO : ball_device.bd_trough : State: idle
2024-02-02 10:40:14,495 : INFO : SwitchController : <<<<<<< 's_flipper_l' inactive >>>>>>>
2024-02-02 10:40:15,914 : INFO : SwitchController : <<<<<<< 's_sling_l' active >>>>>>>
2024-02-02 10:40:15,933 : INFO : SwitchController : <<<<<<< 's_sling_l' inactive >>>>>>>
2024-02-02 10:40:16,178 : INFO : SwitchController : <<<<<<< 's_pop' active >>>>>>>
2024-02-02 10:40:16,210 : INFO : SwitchController : <<<<<<< 's_pop' inactive >>>>>>>
2024-02-02 10:40:17,005 : INFO : SwitchController : <<<<<<< 's_trough_1' active >>>>>>>
2024-02-02 10:40:17,100 : INFO : SwitchController : <<<<<<< 's_trough_1' inactive >>>>>>>
2024-02-02 10:40:17,117 : INFO : SwitchController : <<<<<<< 's_trough_2' active >>>>>>>
2024-02-02 10:40:17,178 : INFO : SwitchController : <<<<<<< 's_trough_2' inactive >>>>>>>
2024-02-02 10:40:17,208 : INFO : SwitchController : <<<<<<< 's_trough_3' active >>>>>>>
2024-02-02 10:40:17,270 : INFO : SwitchController : <<<<<<< 's_trough_3' inactive >>>>>>>
2024-02-02 10:40:17,297 : INFO : SwitchController : <<<<<<< 's_trough_4' active >>>>>>>
2024-02-02 10:40:17,787 : INFO : EventManager : Event: ======'balldevice_bd_trough_ball_count_changed'====== Args={'balls': 1}
2024-02-02 10:40:17,787 : INFO : ball_device.bd_trough : Received unexpected ball
2024-02-02 10:40:17,787 : INFO : EventManager : Event: ======'balldevice_captured_from_playfield'====== Args={'balls': 1}
2024-02-02 10:40:17,787 : INFO : EventManager : Event: ======'sw_playfield_active'====== Args={'balls': 1}
2024-02-02 10:40:17,787 : INFO : EventManager : Event: ======'playfield_ball_count_change'====== Args={'balls': 0, 'change': -1}
2024-02-02 10:40:17,788 : INFO : EventManager : Event: ======'balldevice_bd_trough_ball_enter'====== Args={'new_balls': 1, 'unclaimed_balls': 1, 'new_available_balls': 1, 'device': <ball_device.bd_trough>}
2024-02-02 10:40:17,788 : INFO : ball_device.bd_trough : Ejecting 1 unexpected balls using path deque([<ball_device.bd_trough>, <playfield.playfield>])
2024-02-02 10:40:17,788 : INFO : EventManager : Event: ======'balldevice_balls_available'====== Args={}
2024-02-02 10:40:17,788 : INFO : EventManager : Event: ======'balldevice_balls_available'====== Args={}
2024-02-02 10:40:17,788 : INFO : EventManager : Event: ======'balldevice_bd_trough_ball_entered'====== Args={'new_balls': 1, 'device': <ball_device.bd_trough>}
2024-02-02 10:40:17,789 : INFO : ball_device.bd_trough : State: waiting_for_target_ready
2024-02-02 10:40:17,789 : INFO : EventManager : Event: ======'balldevice_bd_trough_ball_eject_attempt'====== Args={'balls': 1, 'target': <playfield.playfield>, 'source': <ball_device.bd_trough>, 'mechanical_eject': False, 'num_attempts': 0}
2024-02-02 10:40:17,789 : INFO : ball_device.bd_trough : State: ejecting
2024-02-02 10:40:17,789 : INFO : ball_device.bd_trough : Ejecting ball to <playfield.playfield>
2024-02-02 10:40:17,789 : INFO : EventManager : Event: ======'balldevice_bd_trough_ejecting_ball'====== Args={'balls': 1, 'target': <playfield.playfield>, 'source': <ball_device.bd_trough>, 'mechanical_eject': False, 'num_attempts': 0}
2024-02-02 10:40:17,790 : INFO : ball_device.bd_trough : Wait for ball to leave device
2024-02-02 10:40:17,790 : INFO : coil.c_trough : Pulsing Driver for 10ms (0.95 pulse_power)
2024-02-02 10:40:17,819 : INFO : SwitchController : <<<<<<< 's_trough_4' inactive >>>>>>>
2024-02-02 10:40:17,822 : INFO : ball_device.bd_trough : State: ball_left
2024-02-02 10:40:17,823 : INFO : ball_device.bd_trough : Ball left
2024-02-02 10:40:17,823 : INFO : ball_device.bd_trough : Wait for confirm with timeout 10.0
2024-02-02 10:40:17,835 : INFO : SwitchController : <<<<<<< 's_trough_4' active >>>>>>>
2024-02-02 10:40:17,835 : INFO : SwitchController : <<<<<<< 's_trough_4' inactive >>>>>>>
2024-02-02 10:40:20,007 : INFO : SwitchController : <<<<<<< 's_flipper_l' active >>>>>>>
2024-02-02 10:40:20,115 : INFO : SwitchController : <<<<<<< 's_flipper_l' inactive >>>>>>>
2024-02-02 10:40:20,162 : INFO : SwitchController : <<<<<<< 's_pop' active >>>>>>>
2024-02-02 10:40:20,162 : INFO : EventManager : Event: ======'playfield_active'====== Args={}
2024-02-02 10:40:20,162 : INFO : SwitchController : <<<<<<< 's_pop' inactive >>>>>>>
2024-02-02 10:40:20,163 : INFO : ball_device.bd_trough : Got eject confirm
2024-02-02 10:40:20,163 : INFO : ball_device.bd_trough : Eject successful
2024-02-02 10:40:20,164 : INFO : EventManager : Event: ======'balldevice_bd_trough_ball_eject_success'====== Args={'balls': 1, 'target': <playfield.playfield>}
2024-02-02 10:40:20,164 : INFO : EventManager : Event: ======'balldevice_playfield_ball_enter'====== Args={'new_balls': 1, 'unclaimed_balls': 1, 'device': <playfield.playfield>}
2024-02-02 10:40:20,164 : INFO : EventManager : Event: ======'playfield_ball_count_change'====== Args={'balls': 1, 'change': 1}
2024-02-02 10:40:20,164 : INFO : EventManager : Event: ======'balldevice_bd_trough_ball_count_changed'====== Args={'balls': 0}
2024-02-02 10:40:20,164 : INFO : ball_device.bd_trough : State: idle
2024-02-02 10:40:20,192 : INFO : SwitchController : <<<<<<< 's_stationary_back' active >>>>>>>
2024-02-02 10:40:20,192 : INFO : EventManager : Event: ======'sw_playfield_active'====== Args={}
2024-02-02 10:40:20,192 : INFO : SwitchController : <<<<<<< 's_stationary_back' inactive >>>>>>>
2024-02-02 10:40:20,208 : INFO : SwitchController : <<<<<<< 's_stationary_back' active >>>>>>>
2024-02-02 10:40:20,208 : INFO : EventManager : Event: ======'sw_playfield_active'====== Args={}
2024-02-02 10:40:20,224 : INFO : SwitchController : <<<<<<< 's_stationary_back' inactive >>>>>>>
2024-02-02 10:40:20,660 : INFO : SwitchController : <<<<<<< 's_flipper_l' active >>>>>>>
2024-02-02 10:40:20,799 : INFO : SwitchController : <<<<<<< 's_flipper_l' inactive >>>>>>>
2024-02-02 10:40:21,034 : INFO : SwitchController : <<<<<<< 's_flipper_l' active >>>>>>>
2024-02-02 10:40:21,220 : INFO : SwitchController : <<<<<<< 's_flipper_l' inactive >>>>>>>
2024-02-02 10:40:21,746 : INFO : SwitchController : <<<<<<< 's_trough_1' active >>>>>>>
2024-02-02 10:40:21,840 : INFO : SwitchController : <<<<<<< 's_trough_1' inactive >>>>>>>
2024-02-02 10:40:21,871 : INFO : SwitchController : <<<<<<< 's_trough_2' active >>>>>>>
2024-02-02 10:40:21,935 : INFO : SwitchController : <<<<<<< 's_trough_2' inactive >>>>>>>
2024-02-02 10:40:21,953 : INFO : SwitchController : <<<<<<< 's_trough_3' active >>>>>>>
2024-02-02 10:40:22,029 : INFO : SwitchController : <<<<<<< 's_trough_3' inactive >>>>>>>
2024-02-02 10:40:22,029 : INFO : SwitchController : <<<<<<< 's_trough_4' active >>>>>>>
2024-02-02 10:40:22,527 : INFO : EventManager : Event: ======'balldevice_bd_trough_ball_count_changed'====== Args={'balls': 1}
2024-02-02 10:40:22,527 : INFO : ball_device.bd_trough : Received unexpected ball
2024-02-02 10:40:22,527 : INFO : EventManager : Event: ======'balldevice_captured_from_playfield'====== Args={'balls': 1}
2024-02-02 10:40:22,527 : INFO : EventManager : Event: ======'sw_playfield_active'====== Args={'balls': 1}
2024-02-02 10:40:22,527 : INFO : EventManager : Event: ======'playfield_ball_count_change'====== Args={'balls': 0, 'change': -1}
2024-02-02 10:40:22,528 : INFO : EventManager : Event: ======'balldevice_bd_trough_ball_enter'====== Args={'new_balls': 1, 'unclaimed_balls': 1, 'new_available_balls': 1, 'device': <ball_device.bd_trough>}
2024-02-02 10:40:22,528 : INFO : ball_device.bd_trough : Ejecting 1 unexpected balls using path deque([<ball_device.bd_trough>, <playfield.playfield>])
2024-02-02 10:40:22,528 : INFO : EventManager : Event: ======'balldevice_balls_available'====== Args={}
2024-02-02 10:40:22,528 : INFO : EventManager : Event: ======'balldevice_balls_available'====== Args={}
2024-02-02 10:40:22,528 : INFO : EventManager : Event: ======'balldevice_bd_trough_ball_entered'====== Args={'new_balls': 1, 'device': <ball_device.bd_trough>}
2024-02-02 10:40:22,529 : INFO : ball_device.bd_trough : State: waiting_for_target_ready
2024-02-02 10:40:22,529 : INFO : EventManager : Event: ======'balldevice_bd_trough_ball_eject_attempt'====== Args={'balls': 1, 'target': <playfield.playfield>, 'source': <ball_device.bd_trough>, 'mechanical_eject': False, 'num_attempts': 0}
2024-02-02 10:40:22,529 : INFO : ball_device.bd_trough : State: ejecting
2024-02-02 10:40:22,529 : INFO : ball_device.bd_trough : Ejecting ball to <playfield.playfield>
2024-02-02 10:40:22,529 : INFO : EventManager : Event: ======'balldevice_bd_trough_ejecting_ball'====== Args={'balls': 1, 'target': <playfield.playfield>, 'source': <ball_device.bd_trough>, 'mechanical_eject': False, 'num_attempts': 0}
2024-02-02 10:40:22,530 : INFO : ball_device.bd_trough : Wait for ball to leave device
2024-02-02 10:40:22,530 : INFO : coil.c_trough : Pulsing Driver for 10ms (0.95 pulse_power)
2024-02-02 10:40:22,558 : INFO : SwitchController : <<<<<<< 's_trough_4' inactive >>>>>>>
2024-02-02 10:40:22,562 : INFO : ball_device.bd_trough : State: ball_left
2024-02-02 10:40:22,562 : INFO : ball_device.bd_trough : Ball left
2024-02-02 10:40:22,562 : INFO : ball_device.bd_trough : Wait for confirm with timeout 10.0
2024-02-02 10:40:23,447 : INFO : SwitchController : <<<<<<< 's_flipper_l' active >>>>>>>
2024-02-02 10:40:23,571 : INFO : SwitchController : <<<<<<< 's_flipper_l' inactive >>>>>>>
2024-02-02 10:40:23,589 : INFO : SwitchController : <<<<<<< 's_pop' active >>>>>>>
2024-02-02 10:40:23,589 : INFO : EventManager : Event: ======'playfield_active'====== Args={}
2024-02-02 10:40:23,589 : INFO : SwitchController : <<<<<<< 's_stationary_back' active >>>>>>>
2024-02-02 10:40:23,589 : INFO : EventManager : Event: ======'sw_playfield_active'====== Args={}
2024-02-02 10:40:23,589 : INFO : SwitchController : <<<<<<< 's_stationary_back' inactive >>>>>>>
2024-02-02 10:40:23,589 : INFO : SwitchController : <<<<<<< 's_pop' inactive >>>>>>>
2024-02-02 10:40:23,590 : INFO : EventManager : Event: ======'playfield_active'====== Args={}
2024-02-02 10:40:23,591 : INFO : ball_device.bd_trough : Got eject confirm
2024-02-02 10:40:23,591 : INFO : ball_device.bd_trough : Eject successful
2024-02-02 10:40:23,591 : INFO : EventManager : Event: ======'balldevice_bd_trough_ball_eject_success'====== Args={'balls': 1, 'target': <playfield.playfield>}
2024-02-02 10:40:23,591 : INFO : EventManager : Event: ======'balldevice_playfield_ball_enter'====== Args={'new_balls': 1, 'unclaimed_balls': 1, 'device': <playfield.playfield>}
2024-02-02 10:40:23,591 : INFO : EventManager : Event: ======'playfield_ball_count_change'====== Args={'balls': 1, 'change': 1}
2024-02-02 10:40:23,591 : INFO : EventManager : Event: ======'balldevice_bd_trough_ball_count_changed'====== Args={'balls': 0}
2024-02-02 10:40:23,591 : INFO : ball_device.bd_trough : State: idle
2024-02-02 10:40:23,774 : INFO : SwitchController : <<<<<<< 's_sling_r' active >>>>>>>
2024-02-02 10:40:23,774 : INFO : SwitchController : <<<<<<< 's_sling_r' inactive >>>>>>>
2024-02-02 10:40:24,648 : INFO : SwitchController : <<<<<<< 's_sling_r' active >>>>>>>
2024-02-02 10:40:24,666 : INFO : SwitchController : <<<<<<< 's_sling_r' inactive >>>>>>>
2024-02-02 10:40:25,803 : INFO : SwitchController : <<<<<<< 's_flipper_r' active >>>>>>>
2024-02-02 10:40:26,272 : INFO : SwitchController : <<<<<<< 's_flipper_r' inactive >>>>>>>
2024-02-02 10:40:26,459 : INFO : SwitchController : <<<<<<< 's_flipper_r' active >>>>>>>
2024-02-02 10:40:26,660 : INFO : SwitchController : <<<<<<< 's_flipper_r' inactive >>>>>>>
2024-02-02 10:40:27,319 : INFO : SwitchController : <<<<<<< 's_vuk' active >>>>>>>
2024-02-02 10:40:27,823 : INFO : EventManager : Event: ======'balldevice_bd_vuk_ball_count_changed'====== Args={'balls': 1}
2024-02-02 10:40:27,823 : INFO : ball_device.bd_vuk : Received unexpected ball
2024-02-02 10:40:27,823 : INFO : EventManager : Event: ======'balldevice_captured_from_playfield'====== Args={'balls': 1}
2024-02-02 10:40:27,823 : INFO : EventManager : Event: ======'sw_playfield_active'====== Args={'balls': 1}
2024-02-02 10:40:27,823 : INFO : EventManager : Event: ======'playfield_ball_count_change'====== Args={'balls': 0, 'change': -1}
2024-02-02 10:40:27,824 : INFO : EventManager : Event: ======'balldevice_bd_vuk_ball_enter'====== Args={'new_balls': 1, 'unclaimed_balls': 1, 'new_available_balls': 1, 'device': <ball_device.bd_vuk>}
2024-02-02 10:40:27,824 : INFO : ball_device.bd_vuk : Ejecting 1 unexpected balls using path deque([<ball_device.bd_vuk>, <playfield.playfield>])
2024-02-02 10:40:27,824 : INFO : EventManager : Event: ======'balldevice_balls_available'====== Args={}
2024-02-02 10:40:27,824 : INFO : EventManager : Event: ======'balldevice_balls_available'====== Args={}
2024-02-02 10:40:27,824 : INFO : EventManager : Event: ======'balldevice_bd_vuk_ball_entered'====== Args={'new_balls': 1, 'device': <ball_device.bd_vuk>}
2024-02-02 10:40:27,825 : INFO : ball_device.bd_vuk : State: waiting_for_target_ready
2024-02-02 10:40:27,825 : INFO : EventManager : Event: ======'balldevice_bd_vuk_ball_eject_attempt'====== Args={'balls': 1, 'target': <playfield.playfield>, 'source': <ball_device.bd_vuk>, 'mechanical_eject': False, 'num_attempts': 0}
2024-02-02 10:40:27,825 : INFO : ball_device.bd_vuk : State: ejecting
2024-02-02 10:40:27,825 : INFO : ball_device.bd_vuk : Ejecting ball to <playfield.playfield>
2024-02-02 10:40:27,825 : INFO : EventManager : Event: ======'balldevice_bd_vuk_ejecting_ball'====== Args={'balls': 1, 'target': <playfield.playfield>, 'source': <ball_device.bd_vuk>, 'mechanical_eject': False, 'num_attempts': 0}
2024-02-02 10:40:27,825 : INFO : ball_device.bd_vuk : Wait for ball to leave device
2024-02-02 10:40:27,826 : INFO : coil.c_vuk : Pulsing Driver for 10ms (1.0 pulse_power)
2024-02-02 10:40:27,855 : INFO : SwitchController : <<<<<<< 's_vuk' inactive >>>>>>>
2024-02-02 10:40:27,858 : INFO : SwitchController : <<<<<<< 's_vuk' active >>>>>>>
2024-02-02 10:40:27,860 : INFO : ball_device.bd_vuk : State: ball_left
2024-02-02 10:40:27,860 : INFO : ball_device.bd_vuk : Ball left
2024-02-02 10:40:27,860 : INFO : ball_device.bd_vuk : Wait for confirm with timeout 2.0
2024-02-02 10:40:27,887 : INFO : SwitchController : <<<<<<< 's_vuk' inactive >>>>>>>
2024-02-02 10:40:28,483 : INFO : SwitchController : <<<<<<< 's_sling_l' active >>>>>>>
2024-02-02 10:40:28,483 : INFO : EventManager : Event: ======'playfield_active'====== Args={}
2024-02-02 10:40:28,483 : INFO : SwitchController : <<<<<<< 's_sling_l' inactive >>>>>>>
2024-02-02 10:40:28,484 : INFO : ball_device.bd_vuk : Got eject confirm
2024-02-02 10:40:28,484 : INFO : ball_device.bd_vuk : Eject successful
2024-02-02 10:40:28,484 : INFO : EventManager : Event: ======'balldevice_bd_vuk_ball_eject_success'====== Args={'balls': 1, 'target': <playfield.playfield>}
2024-02-02 10:40:28,485 : INFO : EventManager : Event: ======'balldevice_playfield_ball_enter'====== Args={'new_balls': 1, 'unclaimed_balls': 1, 'device': <playfield.playfield>}
2024-02-02 10:40:28,485 : INFO : EventManager : Event: ======'playfield_ball_count_change'====== Args={'balls': 1, 'change': 1}
2024-02-02 10:40:28,485 : INFO : EventManager : Event: ======'balldevice_bd_vuk_ball_count_changed'====== Args={'balls': 0}
2024-02-02 10:40:28,485 : INFO : ball_device.bd_vuk : State: idle
2024-02-02 10:40:28,641 : INFO : SwitchController : <<<<<<< 's_pop' active >>>>>>>
2024-02-02 10:40:28,660 : INFO : SwitchController : <<<<<<< 's_pop' inactive >>>>>>>
2024-02-02 10:40:28,939 : INFO : SwitchController : <<<<<<< 's_flipper_l' active >>>>>>>
2024-02-02 10:40:29,033 : INFO : SwitchController : <<<<<<< 's_flipper_l' inactive >>>>>>>
2024-02-02 10:40:29,330 : INFO : SwitchController : <<<<<<< 's_flipper_r' active >>>>>>>
2024-02-02 10:40:29,472 : INFO : SwitchController : <<<<<<< 's_pop' active >>>>>>>
2024-02-02 10:40:29,489 : INFO : SwitchController : <<<<<<< 's_pop' inactive >>>>>>>
2024-02-02 10:40:29,676 : INFO : SwitchController : <<<<<<< 's_sling_r' active >>>>>>>
2024-02-02 10:40:29,676 : INFO : SwitchController : <<<<<<< 's_sling_r' inactive >>>>>>>
2024-02-02 10:40:29,973 : INFO : SwitchController : <<<<<<< 's_flipper_r' inactive >>>>>>>
2024-02-02 10:40:30,018 : INFO : SwitchController : <<<<<<< 's_flipper_l' active >>>>>>>
2024-02-02 10:40:30,390 : INFO : SwitchController : <<<<<<< 's_flipper_l' inactive >>>>>>>
2024-02-02 10:40:30,468 : INFO : SwitchController : <<<<<<< 's_flipper_r' active >>>>>>>
2024-02-02 10:40:30,858 : INFO : SwitchController : <<<<<<< 's_flipper_r' inactive >>>>>>>
2024-02-02 10:40:30,920 : INFO : SwitchController : <<<<<<< 's_flipper_l' active >>>>>>>
2024-02-02 10:40:31,233 : INFO : SwitchController : <<<<<<< 's_flipper_l' inactive >>>>>>>
2024-02-02 10:40:31,251 : INFO : SwitchController : <<<<<<< 's_flipper_r' active >>>>>>>
2024-02-02 10:40:33,370 : INFO : SwitchController : <<<<<<< 's_flipper_r' inactive >>>>>>>
2024-02-02 10:40:33,690 : INFO : SwitchController : <<<<<<< 's_flipper_r' active >>>>>>>
2024-02-02 10:40:34,106 : INFO : SwitchController : <<<<<<< 's_flipper_r' inactive >>>>>>>
2024-02-02 10:40:34,202 : INFO : SwitchController : <<<<<<< 's_flipper_l' active >>>>>>>
2024-02-02 10:40:34,346 : INFO : SwitchController : <<<<<<< 's_flipper_l' inactive >>>>>>>
2024-02-02 10:40:34,712 : INFO : SwitchController : <<<<<<< 's_trough_1' active >>>>>>>
2024-02-02 10:40:34,808 : INFO : SwitchController : <<<<<<< 's_trough_1' inactive >>>>>>>
2024-02-02 10:40:34,839 : INFO : SwitchController : <<<<<<< 's_trough_2' active >>>>>>>
2024-02-02 10:40:34,919 : INFO : SwitchController : <<<<<<< 's_trough_2' inactive >>>>>>>
2024-02-02 10:40:34,937 : INFO : SwitchController : <<<<<<< 's_trough_3' active >>>>>>>
2024-02-02 10:40:34,999 : INFO : SwitchController : <<<<<<< 's_trough_3' inactive >>>>>>>
2024-02-02 10:40:35,017 : INFO : SwitchController : <<<<<<< 's_trough_4' active >>>>>>>
2024-02-02 10:40:35,510 : INFO : EventManager : Event: ======'balldevice_bd_trough_ball_count_changed'====== Args={'balls': 1}
2024-02-02 10:40:35,510 : INFO : ball_device.bd_trough : Received unexpected ball
2024-02-02 10:40:35,510 : INFO : EventManager : Event: ======'balldevice_captured_from_playfield'====== Args={'balls': 1}
2024-02-02 10:40:35,510 : INFO : EventManager : Event: ======'sw_playfield_active'====== Args={'balls': 1}
2024-02-02 10:40:35,510 : INFO : EventManager : Event: ======'playfield_ball_count_change'====== Args={'balls': 0, 'change': -1}
2024-02-02 10:40:35,511 : INFO : EventManager : Event: ======'balldevice_bd_trough_ball_enter'====== Args={'new_balls': 1, 'unclaimed_balls': 1, 'new_available_balls': 1, 'device': <ball_device.bd_trough>}
2024-02-02 10:40:35,511 : INFO : ball_device.bd_trough : Ejecting 1 unexpected balls using path deque([<ball_device.bd_trough>, <playfield.playfield>])
2024-02-02 10:40:35,511 : INFO : EventManager : Event: ======'balldevice_balls_available'====== Args={}
2024-02-02 10:40:35,511 : INFO : EventManager : Event: ======'balldevice_balls_available'====== Args={}
2024-02-02 10:40:35,511 : INFO : EventManager : Event: ======'balldevice_bd_trough_ball_entered'====== Args={'new_balls': 1, 'device': <ball_device.bd_trough>}
2024-02-02 10:40:35,512 : INFO : ball_device.bd_trough : State: waiting_for_target_ready
2024-02-02 10:40:35,512 : INFO : EventManager : Event: ======'balldevice_bd_trough_ball_eject_attempt'====== Args={'balls': 1, 'target': <playfield.playfield>, 'source': <ball_device.bd_trough>, 'mechanical_eject': False, 'num_attempts': 0}
2024-02-02 10:40:35,512 : INFO : ball_device.bd_trough : State: ejecting
2024-02-02 10:40:35,512 : INFO : ball_device.bd_trough : Ejecting ball to <playfield.playfield>
2024-02-02 10:40:35,512 : INFO : EventManager : Event: ======'balldevice_bd_trough_ejecting_ball'====== Args={'balls': 1, 'target': <playfield.playfield>, 'source': <ball_device.bd_trough>, 'mechanical_eject': False, 'num_attempts': 0}
2024-02-02 10:40:35,513 : INFO : ball_device.bd_trough : Wait for ball to leave device
2024-02-02 10:40:35,513 : INFO : coil.c_trough : Pulsing Driver for 10ms (0.95 pulse_power)
2024-02-02 10:40:35,542 : INFO : SwitchController : <<<<<<< 's_trough_4' inactive >>>>>>>
2024-02-02 10:40:35,546 : INFO : ball_device.bd_trough : State: ball_left
2024-02-02 10:40:35,546 : INFO : ball_device.bd_trough : Ball left
2024-02-02 10:40:35,546 : INFO : ball_device.bd_trough : Wait for confirm with timeout 10.0
2024-02-02 10:40:36,878 : INFO : SwitchController : <<<<<<< 's_trough_4' active >>>>>>>
2024-02-02 10:40:39,120 : INFO : SwitchController : <<<<<<< 's_flipper_l' active >>>>>>>
2024-02-02 10:40:39,167 : INFO : SwitchController : <<<<<<< 's_flipper_r' active >>>>>>>
2024-02-02 10:40:39,167 : INFO : EventManager : Event: ======'flipper_cancel'====== Args={'triggering_group': 2, 'triggering_switch': 's_flipper_r'}
2024-02-02 10:40:39,230 : INFO : SwitchController : <<<<<<< 's_flipper_l' inactive >>>>>>>
2024-02-02 10:40:39,230 : INFO : EventManager : Event: ======'both_flippers_one'====== Args={'triggering_group': 1, 'triggering_switch': 's_flipper_l'}
2024-02-02 10:40:39,248 : INFO : SwitchController : <<<<<<< 's_flipper_r' inactive >>>>>>>
2024-02-02 10:40:39,248 : INFO : EventManager : Event: ======'both_flippers_inactive'====== Args={'triggering_group': 2, 'triggering_switch': 's_flipper_r'}
2024-02-02 10:40:39,356 : INFO : SwitchController : <<<<<<< 's_flipper_l' active >>>>>>>
2024-02-02 10:40:39,387 : INFO : SwitchController : <<<<<<< 's_flipper_r' active >>>>>>>
2024-02-02 10:40:39,387 : INFO : EventManager : Event: ======'flipper_cancel'====== Args={'triggering_group': 2, 'triggering_switch': 's_flipper_r'}
2024-02-02 10:40:39,448 : INFO : SwitchController : <<<<<<< 's_flipper_l' inactive >>>>>>>
2024-02-02 10:40:39,448 : INFO : EventManager : Event: ======'both_flippers_one'====== Args={'triggering_group': 1, 'triggering_switch': 's_flipper_l'}
2024-02-02 10:40:39,466 : INFO : SwitchController : <<<<<<< 's_flipper_r' inactive >>>>>>>
2024-02-02 10:40:39,466 : INFO : EventManager : Event: ======'both_flippers_inactive'====== Args={'triggering_group': 2, 'triggering_switch': 's_flipper_r'}
2024-02-02 10:40:44,352 : INFO : SwitchController : <<<<<<< 's_flipper_r' active >>>>>>>
2024-02-02 10:40:44,384 : INFO : SwitchController : <<<<<<< 's_flipper_l' active >>>>>>>
2024-02-02 10:40:44,384 : INFO : EventManager : Event: ======'flipper_cancel'====== Args={'triggering_group': 1, 'triggering_switch': 's_flipper_l'}
2024-02-02 10:40:45,009 : INFO : SwitchController : <<<<<<< 's_flipper_r' inactive >>>>>>>
2024-02-02 10:40:45,009 : INFO : EventManager : Event: ======'both_flippers_one'====== Args={'triggering_group': 2, 'triggering_switch': 's_flipper_r'}
2024-02-02 10:40:45,009 : INFO : SwitchController : <<<<<<< 's_flipper_l' inactive >>>>>>>
2024-02-02 10:40:45,009 : INFO : EventManager : Event: ======'both_flippers_inactive'====== Args={'triggering_group': 1, 'triggering_switch': 's_flipper_l'}
2024-02-02 10:40:45,539 : INFO : ball_device.bd_trough : State: failed_confirm
2024-02-02 10:40:45,539 : INFO : ball_device.bd_trough : Got timeout (10.0s) before confirm from <playfield.playfield>
2024-02-02 10:40:45,603 : INFO : SwitchController : <<<<<<< 's_flipper_r' active >>>>>>>
2024-02-02 10:40:45,634 : INFO : ball_device.bd_trough : Got unknown balls. Assuming a ball returned.
2024-02-02 10:40:45,634 : INFO : EventManager : Event: ======'balldevice_bd_trough_ball_eject_failed'====== Args={'target': <playfield.playfield>, 'balls': 1, 'retry': True, 'num_attempts': 1}
2024-02-02 10:40:45,635 : INFO : ball_device.bd_trough : State: waiting_for_target_ready
2024-02-02 10:40:45,635 : INFO : EventManager : Event: ======'balldevice_bd_trough_ball_eject_attempt'====== Args={'balls': 1, 'target': <playfield.playfield>, 'source': <ball_device.bd_trough>, 'mechanical_eject': False, 'num_attempts': 1}
2024-02-02 10:40:45,635 : INFO : ball_device.bd_trough : State: ejecting
2024-02-02 10:40:45,635 : INFO : ball_device.bd_trough : Ejecting ball to <playfield.playfield>
2024-02-02 10:40:45,635 : INFO : EventManager : Event: ======'balldevice_bd_trough_ejecting_ball'====== Args={'balls': 1, 'target': <playfield.playfield>, 'source': <ball_device.bd_trough>, 'mechanical_eject': False, 'num_attempts': 1}
2024-02-02 10:40:45,635 : INFO : ball_device.bd_trough : Wait for ball to leave device
2024-02-02 10:40:45,636 : INFO : coil.c_trough : Pulsing Driver for 10ms (0.95 pulse_power)
2024-02-02 10:40:45,665 : INFO : SwitchController : <<<<<<< 's_trough_4' inactive >>>>>>>
2024-02-02 10:40:45,667 : INFO : ball_device.bd_trough : State: ball_left
2024-02-02 10:40:45,667 : INFO : ball_device.bd_trough : Ball left
2024-02-02 10:40:45,668 : INFO : ball_device.bd_trough : Wait for confirm with timeout 10.0
2024-02-02 10:40:45,945 : INFO : SwitchController : <<<<<<< 's_flipper_r' inactive >>>>>>>
2024-02-02 10:40:46,461 : INFO : SwitchController : <<<<<<< 's_flipper_l' active >>>>>>>
2024-02-02 10:40:46,571 : INFO : SwitchController : <<<<<<< 's_flipper_l' inactive >>>>>>>
2024-02-02 10:40:46,634 : INFO : SwitchController : <<<<<<< 's_pop' active >>>>>>>
2024-02-02 10:40:46,634 : INFO : EventManager : Event: ======'playfield_active'====== Args={}
2024-02-02 10:40:46,636 : INFO : ball_device.bd_trough : Got eject confirm
2024-02-02 10:40:46,636 : INFO : ball_device.bd_trough : Eject successful
2024-02-02 10:40:46,636 : INFO : EventManager : Event: ======'balldevice_bd_trough_ball_eject_success'====== Args={'balls': 1, 'target': <playfield.playfield>}
2024-02-02 10:40:46,636 : INFO : EventManager : Event: ======'balldevice_playfield_ball_enter'====== Args={'new_balls': 1, 'unclaimed_balls': 1, 'device': <playfield.playfield>}
2024-02-02 10:40:46,636 : INFO : EventManager : Event: ======'playfield_ball_count_change'====== Args={'balls': 1, 'change': 1}
2024-02-02 10:40:46,637 : INFO : EventManager : Event: ======'balldevice_bd_trough_ball_count_changed'====== Args={'balls': 0}
2024-02-02 10:40:46,637 : INFO : ball_device.bd_trough : State: idle
2024-02-02 10:40:46,649 : INFO : SwitchController : <<<<<<< 's_pop' inactive >>>>>>>
2024-02-02 10:40:46,681 : INFO : SwitchController : <<<<<<< 's_pop' active >>>>>>>
2024-02-02 10:40:46,712 : INFO : SwitchController : <<<<<<< 's_pop' inactive >>>>>>>
2024-02-02 10:40:47,568 : INFO : SwitchController : <<<<<<< 's_trough_1' active >>>>>>>
2024-02-02 10:40:47,663 : INFO : SwitchController : <<<<<<< 's_trough_1' inactive >>>>>>>
2024-02-02 10:40:47,682 : INFO : SwitchController : <<<<<<< 's_trough_2' active >>>>>>>
2024-02-02 10:40:47,757 : INFO : SwitchController : <<<<<<< 's_trough_2' inactive >>>>>>>
2024-02-02 10:40:47,775 : INFO : SwitchController : <<<<<<< 's_trough_3' active >>>>>>>
2024-02-02 10:40:47,834 : INFO : SwitchController : <<<<<<< 's_trough_3' inactive >>>>>>>
2024-02-02 10:40:47,851 : INFO : SwitchController : <<<<<<< 's_trough_4' active >>>>>>>
2024-02-02 10:40:48,352 : INFO : EventManager : Event: ======'balldevice_bd_trough_ball_count_changed'====== Args={'balls': 1}
2024-02-02 10:40:48,352 : INFO : ball_device.bd_trough : Received unexpected ball
2024-02-02 10:40:48,352 : INFO : EventManager : Event: ======'balldevice_captured_from_playfield'====== Args={'balls': 1}
2024-02-02 10:40:48,352 : INFO : EventManager : Event: ======'sw_playfield_active'====== Args={'balls': 1}
2024-02-02 10:40:48,352 : INFO : EventManager : Event: ======'playfield_ball_count_change'====== Args={'balls': 0, 'change': -1}
2024-02-02 10:40:48,353 : INFO : EventManager : Event: ======'balldevice_bd_trough_ball_enter'====== Args={'new_balls': 1, 'unclaimed_balls': 1, 'new_available_balls': 1, 'device': <ball_device.bd_trough>}
2024-02-02 10:40:48,353 : INFO : ball_device.bd_trough : Ejecting 1 unexpected balls using path deque([<ball_device.bd_trough>, <playfield.playfield>])
2024-02-02 10:40:48,353 : INFO : EventManager : Event: ======'balldevice_balls_available'====== Args={}
2024-02-02 10:40:48,353 : INFO : EventManager : Event: ======'balldevice_balls_available'====== Args={}
2024-02-02 10:40:48,353 : INFO : EventManager : Event: ======'balldevice_bd_trough_ball_entered'====== Args={'new_balls': 1, 'device': <ball_device.bd_trough>}
2024-02-02 10:40:48,354 : INFO : ball_device.bd_trough : State: waiting_for_target_ready
2024-02-02 10:40:48,354 : INFO : EventManager : Event: ======'balldevice_bd_trough_ball_eject_attempt'====== Args={'balls': 1, 'target': <playfield.playfield>, 'source': <ball_device.bd_trough>, 'mechanical_eject': False, 'num_attempts': 0}
2024-02-02 10:40:48,354 : INFO : ball_device.bd_trough : State: ejecting
2024-02-02 10:40:48,354 : INFO : ball_device.bd_trough : Ejecting ball to <playfield.playfield>
2024-02-02 10:40:48,354 : INFO : EventManager : Event: ======'balldevice_bd_trough_ejecting_ball'====== Args={'balls': 1, 'target': <playfield.playfield>, 'source': <ball_device.bd_trough>, 'mechanical_eject': False, 'num_attempts': 0}
2024-02-02 10:40:48,354 : INFO : ball_device.bd_trough : Wait for ball to leave device
2024-02-02 10:40:48,354 : INFO : coil.c_trough : Pulsing Driver for 10ms (0.95 pulse_power)
2024-02-02 10:40:48,383 : INFO : SwitchController : <<<<<<< 's_trough_4' inactive >>>>>>>
2024-02-02 10:40:48,387 : INFO : ball_device.bd_trough : State: ball_left
2024-02-02 10:40:48,387 : INFO : ball_device.bd_trough : Ball left
2024-02-02 10:40:48,387 : INFO : ball_device.bd_trough : Wait for confirm with timeout 10.0
2024-02-02 10:40:48,709 : INFO : SwitchController : <<<<<<< 's_trough_4' active >>>>>>>
2024-02-02 10:40:57,184 : INFO : Machine : Shutting down...
2024-02-02 10:40:57,184 : INFO : EventManager : Event: ======'shutdown'====== Args={}
2024-02-02 10:40:57,277 : INFO : root : MPF run loop ended.
