2024-05-07 07:04:44,332 : INFO : root : Loading config.
2024-05-07 07:04:44,333 : INFO : YamlMultifileConfigLoader : Machine config file #1: config.yaml
2024-05-07 07:04:44,333 : INFO : ConfigProcessor : Loading config from cache: /var/folders/l2/q8hj_6s91xnb2jxg1sqm0h7r0000gn/T/479bffd5d2f40b527f859677e5b1aef9.mpf_cache
2024-05-07 07:04:44,357 : INFO : ConfigProcessor : Loading config from cache: /var/folders/l2/q8hj_6s91xnb2jxg1sqm0h7r0000gn/T/0481b880979d7ccc71369ad5f781c736.mpf_cache
2024-05-07 07:04:44,358 : INFO : ConfigProcessor : Loading config from cache: /var/folders/l2/q8hj_6s91xnb2jxg1sqm0h7r0000gn/T/9cfa8e96748dd80c23752180dbf36e5c.mpf_cache
2024-05-07 07:04:44,358 : INFO : ConfigProcessor : Loading config from cache: /var/folders/l2/q8hj_6s91xnb2jxg1sqm0h7r0000gn/T/0481b880979d7ccc71369ad5f781c736.mpf_cache
2024-05-07 07:04:44,358 : INFO : ConfigProcessor : Loading config from cache: /var/folders/l2/q8hj_6s91xnb2jxg1sqm0h7r0000gn/T/1875c266911f801b691956fe9e9284d6.mpf_cache
2024-05-07 07:04:44,358 : INFO : ConfigProcessor : Loading config from cache: /var/folders/l2/q8hj_6s91xnb2jxg1sqm0h7r0000gn/T/f97c90855879603280fcc571f5c42639.mpf_cache
2024-05-07 07:04:44,358 : INFO : ConfigProcessor : Loading config from cache: /var/folders/l2/q8hj_6s91xnb2jxg1sqm0h7r0000gn/T/5336ce152edc820b26f3a51a9f95779b.mpf_cache
2024-05-07 07:04:44,359 : INFO : ConfigProcessor : Loading config from cache: /var/folders/l2/q8hj_6s91xnb2jxg1sqm0h7r0000gn/T/584196ece55f676a535bfbda3a88171a.mpf_cache
2024-05-07 07:04:44,359 : INFO : ConfigProcessor : Loading config from cache: /var/folders/l2/q8hj_6s91xnb2jxg1sqm0h7r0000gn/T/4b1e343fa9806c398ec7ee103dcfa7e2.mpf_cache
2024-05-07 07:04:44,359 : INFO : ConfigProcessor : Loading config from cache: /var/folders/l2/q8hj_6s91xnb2jxg1sqm0h7r0000gn/T/66764f8b68b26fdba6c1f2bce3638479.mpf_cache
2024-05-07 07:04:44,359 : INFO : ConfigProcessor : Loading config from cache: /var/folders/l2/q8hj_6s91xnb2jxg1sqm0h7r0000gn/T/2b5fdb8fd0e736387486af32f8df92fd.mpf_cache
2024-05-07 07:04:44,360 : INFO : ConfigProcessor : Loading config from cache: /var/folders/l2/q8hj_6s91xnb2jxg1sqm0h7r0000gn/T/3dbc438e88423aa3ff742db2713b600f.mpf_cache
2024-05-07 07:04:44,361 : INFO : ConfigProcessor : Loading config from cache: /var/folders/l2/q8hj_6s91xnb2jxg1sqm0h7r0000gn/T/154d071a3850556c6f3eae37bf41c8b6.mpf_cache
2024-05-07 07:04:44,361 : INFO : ConfigProcessor : Loading config from cache: /var/folders/l2/q8hj_6s91xnb2jxg1sqm0h7r0000gn/T/ab100dbe0e16472b56f0213f3842a00f.mpf_cache
2024-05-07 07:04:44,363 : INFO : ConfigProcessor : Loading config from cache: /var/folders/l2/q8hj_6s91xnb2jxg1sqm0h7r0000gn/T/f03ad90ccd2c053e9e5d10795d01f4ba.mpf_cache
2024-05-07 07:04:44,363 : INFO : ConfigProcessor : Loading config from cache: /var/folders/l2/q8hj_6s91xnb2jxg1sqm0h7r0000gn/T/0f3c951d4c93079ae3fac6429c5bc2ee.mpf_cache
2024-05-07 07:04:44,363 : INFO : ConfigProcessor : Loading config from cache: /var/folders/l2/q8hj_6s91xnb2jxg1sqm0h7r0000gn/T/8bf004783a280ac33d17b88f37848116.mpf_cache
2024-05-07 07:04:44,364 : INFO : ConfigProcessor : Loading config from cache: /var/folders/l2/q8hj_6s91xnb2jxg1sqm0h7r0000gn/T/db98bdefe8a072cec23a2527f4303b09.mpf_cache
2024-05-07 07:04:44,365 : INFO : ConfigProcessor : Loading config from cache: /var/folders/l2/q8hj_6s91xnb2jxg1sqm0h7r0000gn/T/d5d50eaa09e055f3a827c6269a3aa165.mpf_cache
2024-05-07 07:04:44,365 : INFO : ConfigProcessor : Loading config from cache: /var/folders/l2/q8hj_6s91xnb2jxg1sqm0h7r0000gn/T/eefb91dd78a2b4d0f2b86f7f7cb501a3.mpf_cache
2024-05-07 07:04:44,365 : INFO : ConfigProcessor : Loading config from cache: /var/folders/l2/q8hj_6s91xnb2jxg1sqm0h7r0000gn/T/d32f8b43f49e3e57afbd189fbbccae80.mpf_cache
2024-05-07 07:04:44,365 : INFO : ConfigProcessor : Loading config from cache: /var/folders/l2/q8hj_6s91xnb2jxg1sqm0h7r0000gn/T/08db62a1c5938674fa894d468364ed3e.mpf_cache
2024-05-07 07:04:44,366 : INFO : ConfigProcessor : Loading config from cache: /var/folders/l2/q8hj_6s91xnb2jxg1sqm0h7r0000gn/T/98754ca8fa1663afefe3af8297a0d59a.mpf_cache
2024-05-07 07:04:44,366 : INFO : ConfigProcessor : Loading config from cache: /var/folders/l2/q8hj_6s91xnb2jxg1sqm0h7r0000gn/T/0b5d87cc943a75a2ef030b7892588c99.mpf_cache
2024-05-07 07:04:44,366 : INFO : ConfigProcessor : Loading config from cache: /var/folders/l2/q8hj_6s91xnb2jxg1sqm0h7r0000gn/T/250153cb7d132f4134a2e9b694314568.mpf_cache
2024-05-07 07:04:44,366 : INFO : ConfigProcessor : Loading config from cache: /var/folders/l2/q8hj_6s91xnb2jxg1sqm0h7r0000gn/T/bbbe87a2f82c66174798be62d4e8058c.mpf_cache
2024-05-07 07:04:44,366 : INFO : Machine : Mission Pinball Framework Core Engine v0.80.0.dev1
2024-05-07 07:04:44,367 : INFO : Machine : Command line arguments: {'no_load_cache': False, 'create_config_cache': True, 'bcp': True, 'configfile': ['config.yaml'], 'force_assets_load': False, 'platform_integration_test': False, 'jsonlogging': False, 'logfile': 'logs/2024-05-07-07-04-44-mpf-Tanners-Laptop.local.log', 'pause': False, 'production': False, 'text_ui': False, 'loglevel': 15, 'consoleloglevel': 20, 'force_platform': 'virtual', 'syslog_address': None, 'mc_file_name': None, 'no_sound': False}
2024-05-07 07:04:44,367 : INFO : Machine : MPF path: /Users/tannerpetch/Documents/git/mpf/mpf
2024-05-07 07:04:44,367 : INFO : Machine : Machine path: /Users/tannerpetch/Documents/GitHub/lofab
2024-05-07 07:04:44,367 : INFO : Machine : Platform: darwin
2024-05-07 07:04:44,367 : INFO : Machine : Python executable location: /Users/tannerpetch/mpfenv/bin/python3
2024-05-07 07:04:44,367 : INFO : Machine : Python version: 3.9.13 (64-bit)
2024-05-07 07:04:44,367 : INFO : Machine : Initializing MPF...
2024-05-07 07:04:44,387 : INFO : EventManager : Event: ======'machine_var_credits_string'====== Args={'value': 'FREE PLAY', 'prev_value': None, 'change': True}
2024-05-07 07:04:44,394 : INFO : EventManager : Event: ======'machine_var_master_volume'====== Args={'value': 0.5, 'prev_value': None, 'change': True}
2024-05-07 07:04:44,394 : INFO : EventManager : Event: ======'machine_var_player1_score'====== Args={'value': 0, 'prev_value': None, 'change': True}
2024-05-07 07:04:44,394 : INFO : EventManager : Event: ======'machine_var_mpf_version'====== Args={'value': 'Mission Pinball Framework v0.80.0.dev1', 'prev_value': None, 'change': True}
2024-05-07 07:04:44,394 : INFO : EventManager : Event: ======'machine_var_mpf_extended_version'====== Args={'value': 'Mission Pinball Framework v0.80.0.dev1, Config version:6, Show version: 6, BCP version:1.1', 'prev_value': None, 'change': True}
2024-05-07 07:04:44,394 : INFO : EventManager : Event: ======'machine_var_python_version'====== Args={'value': '3.9.13', 'prev_value': None, 'change': True}
2024-05-07 07:04:44,404 : INFO : EventManager : Event: ======'machine_var_platform'====== Args={'value': 'macOS-14.3-arm64-arm-64bit', 'prev_value': None, 'change': True}
2024-05-07 07:04:44,404 : INFO : EventManager : Event: ======'machine_var_platform_system'====== Args={'value': 'Darwin', 'prev_value': None, 'change': True}
2024-05-07 07:04:44,404 : INFO : EventManager : Event: ======'machine_var_platform_release'====== Args={'value': '23.3.0', 'prev_value': None, 'change': True}
2024-05-07 07:04:44,404 : INFO : EventManager : Event: ======'machine_var_platform_version'====== Args={'value': 'Darwin Kernel Version 23.3.0: Thu Dec 21 02:29:41 PST 2023; root:xnu-10002.81.5~11/RELEASE_ARM64_T8122', 'prev_value': None, 'change': True}
2024-05-07 07:04:44,404 : INFO : EventManager : Event: ======'machine_var_platform_machine'====== Args={'value': 'arm64', 'prev_value': None, 'change': True}
2024-05-07 07:04:44,404 : INFO : EventManager : Event: ======'init_phase_1'====== Args={}
2024-05-07 07:04:44,418 : INFO : EventManager : Event: ======'init_phase_2'====== Args={}
2024-05-07 07:04:44,420 : INFO : EventManager : Event: ======'bcp_connection_attempt'====== Args={'name': 'local_display', 'host': 'localhost', 'port': 5050}
2024-05-07 07:04:44,421 : INFO : BCPClientSocket : Connecting BCP to 'local_display' at localhost:5050...
2024-05-07 07:04:44,424 : INFO : BCPClientSocket : Connected BCP to 'local_display' localhost:5050
2024-05-07 07:04:44,424 : INFO : EventManager : Event: ======'bcp_clients_connected'====== Args={}
2024-05-07 07:04:44,424 : INFO : ball_device.bd_vuk : BCH: Initial count: 0
2024-05-07 07:04:44,424 : INFO : ball_device.bd_vuk : State: idle
2024-05-07 07:04:44,424 : INFO : ball_device.bd_trough : BCH: Initial count: 0
2024-05-07 07:04:44,424 : INFO : ball_device.bd_trough : State: idle
2024-05-07 07:04:44,427 : INFO : EventManager : Event: ======'init_phase_3'====== Args={}
2024-05-07 07:04:44,573 : INFO : EventManager : Event: ======'init_phase_4'====== Args={}
2024-05-07 07:04:44,574 : INFO : BallController : Initial balls found: 0
2024-05-07 07:04:44,574 : INFO : EventManager : Event: ======'machine_var_audits_events_game_ended'====== Args={'value': 3, 'prev_value': None, 'change': True}
2024-05-07 07:04:44,574 : INFO : EventManager : Event: ======'machine_var_audits_events_game_started'====== Args={'value': 55, 'prev_value': None, 'change': True}
2024-05-07 07:04:44,574 : INFO : EventManager : Event: ======'machine_var_audits_missing_switches_s_e'====== Args={'value': 55, 'prev_value': None, 'change': True}
2024-05-07 07:04:44,574 : INFO : EventManager : Event: ======'machine_var_audits_missing_switches_s_flipper_l'====== Args={'value': 38, 'prev_value': None, 'change': True}
2024-05-07 07:04:44,574 : INFO : EventManager : Event: ======'machine_var_audits_missing_switches_s_h'====== Args={'value': 55, 'prev_value': None, 'change': True}
2024-05-07 07:04:44,574 : INFO : EventManager : Event: ======'machine_var_audits_missing_switches_s_pop'====== Args={'value': 55, 'prev_value': None, 'change': True}
2024-05-07 07:04:44,574 : INFO : EventManager : Event: ======'machine_var_audits_missing_switches_s_ramp_complete'====== Args={'value': 55, 'prev_value': None, 'change': True}
2024-05-07 07:04:44,574 : INFO : EventManager : Event: ======'machine_var_audits_missing_switches_s_ramp_l'====== Args={'value': 55, 'prev_value': None, 'change': True}
2024-05-07 07:04:44,574 : INFO : EventManager : Event: ======'machine_var_audits_missing_switches_s_ramp_r'====== Args={'value': 55, 'prev_value': None, 'change': True}
2024-05-07 07:04:44,574 : INFO : EventManager : Event: ======'machine_var_audits_missing_switches_s_sling_l'====== Args={'value': 14, 'prev_value': None, 'change': True}
2024-05-07 07:04:44,574 : INFO : EventManager : Event: ======'machine_var_audits_missing_switches_s_sling_r'====== Args={'value': 14, 'prev_value': None, 'change': True}
2024-05-07 07:04:44,574 : INFO : EventManager : Event: ======'machine_var_audits_missing_switches_s_spinner'====== Args={'value': 55, 'prev_value': None, 'change': True}
2024-05-07 07:04:44,574 : INFO : EventManager : Event: ======'machine_var_audits_missing_switches_s_start'====== Args={'value': 16, 'prev_value': None, 'change': True}
2024-05-07 07:04:44,574 : INFO : EventManager : Event: ======'machine_var_audits_missing_switches_s_stationary_back'====== Args={'value': 55, 'prev_value': None, 'change': True}
2024-05-07 07:04:44,574 : INFO : EventManager : Event: ======'machine_var_audits_missing_switches_s_stationary_o'====== Args={'value': 1, 'prev_value': None, 'change': True}
2024-05-07 07:04:44,574 : INFO : EventManager : Event: ======'machine_var_audits_missing_switches_s_stationary_s'====== Args={'value': 1, 'prev_value': None, 'change': True}
2024-05-07 07:04:44,574 : INFO : EventManager : Event: ======'machine_var_audits_missing_switches_s_stationary_u'====== Args={'value': 41, 'prev_value': None, 'change': True}
2024-05-07 07:04:44,574 : INFO : EventManager : Event: ======'machine_var_audits_missing_switches_s_tilt_l'====== Args={'value': 55, 'prev_value': None, 'change': True}
2024-05-07 07:04:44,574 : INFO : EventManager : Event: ======'machine_var_audits_missing_switches_s_tilt_r'====== Args={'value': 55, 'prev_value': None, 'change': True}
2024-05-07 07:04:44,574 : INFO : EventManager : Event: ======'machine_var_audits_missing_switches_s_trough_2'====== Args={'value': 27, 'prev_value': None, 'change': True}
2024-05-07 07:04:44,574 : INFO : EventManager : Event: ======'machine_var_audits_missing_switches_s_trough_3'====== Args={'value': 55, 'prev_value': None, 'change': True}
2024-05-07 07:04:44,574 : INFO : EventManager : Event: ======'machine_var_audits_missing_switches_s_trough_4'====== Args={'value': 53, 'prev_value': None, 'change': True}
2024-05-07 07:04:44,574 : INFO : EventManager : Event: ======'machine_var_audits_missing_switches_s_vuk'====== Args={'value': 53, 'prev_value': None, 'change': True}
2024-05-07 07:04:44,574 : INFO : EventManager : Event: ======'machine_var_audits_player_score'====== Args={'value': {'average': 0, 'top': [100, 0, 0, 0, 0], 'total': 5}, 'prev_value': None, 'change': True}
2024-05-07 07:04:44,575 : INFO : EventManager : Event: ======'machine_var_audits_shots_r_o'====== Args={'value': 62, 'prev_value': None, 'change': True}
2024-05-07 07:04:44,575 : INFO : EventManager : Event: ======'machine_var_audits_shots_r_o_fleshy'====== Args={'value': 104, 'prev_value': None, 'change': True}
2024-05-07 07:04:44,575 : INFO : EventManager : Event: ======'machine_var_audits_shots_r_o_rotate'====== Args={'value': 52, 'prev_value': None, 'change': True}
2024-05-07 07:04:44,575 : INFO : EventManager : Event: ======'machine_var_audits_shots_r_s'====== Args={'value': 28, 'prev_value': None, 'change': True}
2024-05-07 07:04:44,575 : INFO : EventManager : Event: ======'machine_var_audits_shots_r_s_fleshy'====== Args={'value': 73, 'prev_value': None, 'change': True}
2024-05-07 07:04:44,575 : INFO : EventManager : Event: ======'machine_var_audits_shots_r_s_rotate'====== Args={'value': 50, 'prev_value': None, 'change': True}
2024-05-07 07:04:44,575 : INFO : EventManager : Event: ======'machine_var_audits_shots_r_sling_l'====== Args={'value': 12, 'prev_value': None, 'change': True}
2024-05-07 07:04:44,575 : INFO : EventManager : Event: ======'machine_var_audits_shots_r_sling_r'====== Args={'value': 18, 'prev_value': None, 'change': True}
2024-05-07 07:04:44,575 : INFO : EventManager : Event: ======'machine_var_audits_shots_r_u'====== Args={'value': 4, 'prev_value': None, 'change': True}
2024-05-07 07:04:44,575 : INFO : EventManager : Event: ======'machine_var_audits_switches_s_e'====== Args={'value': 0, 'prev_value': None, 'change': True}
2024-05-07 07:04:44,575 : INFO : EventManager : Event: ======'machine_var_audits_switches_s_flipper_l'====== Args={'value': 17, 'prev_value': None, 'change': True}
2024-05-07 07:04:44,575 : INFO : EventManager : Event: ======'machine_var_audits_switches_s_flipper_r'====== Args={'value': 5, 'prev_value': None, 'change': True}
2024-05-07 07:04:44,575 : INFO : EventManager : Event: ======'machine_var_audits_switches_s_h'====== Args={'value': 0, 'prev_value': None, 'change': True}
2024-05-07 07:04:44,575 : INFO : EventManager : Event: ======'machine_var_audits_switches_s_launch'====== Args={'value': 47, 'prev_value': None, 'change': True}
2024-05-07 07:04:44,575 : INFO : EventManager : Event: ======'machine_var_audits_switches_s_pop'====== Args={'value': 0, 'prev_value': None, 'change': True}
2024-05-07 07:04:44,575 : INFO : EventManager : Event: ======'machine_var_audits_switches_s_ramp_complete'====== Args={'value': 0, 'prev_value': None, 'change': True}
2024-05-07 07:04:44,575 : INFO : EventManager : Event: ======'machine_var_audits_switches_s_ramp_l'====== Args={'value': 0, 'prev_value': None, 'change': True}
2024-05-07 07:04:44,575 : INFO : EventManager : Event: ======'machine_var_audits_switches_s_ramp_r'====== Args={'value': 0, 'prev_value': None, 'change': True}
2024-05-07 07:04:44,575 : INFO : EventManager : Event: ======'machine_var_audits_switches_s_sling_l'====== Args={'value': 12, 'prev_value': None, 'change': True}
2024-05-07 07:04:44,575 : INFO : EventManager : Event: ======'machine_var_audits_switches_s_sling_r'====== Args={'value': 18, 'prev_value': None, 'change': True}
2024-05-07 07:04:44,575 : INFO : EventManager : Event: ======'machine_var_audits_switches_s_spinner'====== Args={'value': 0, 'prev_value': None, 'change': True}
2024-05-07 07:04:44,575 : INFO : EventManager : Event: ======'machine_var_audits_switches_s_start'====== Args={'value': 6, 'prev_value': None, 'change': True}
2024-05-07 07:04:44,575 : INFO : EventManager : Event: ======'machine_var_audits_switches_s_stationary_back'====== Args={'value': 0, 'prev_value': None, 'change': True}
2024-05-07 07:04:44,575 : INFO : EventManager : Event: ======'machine_var_audits_switches_s_stationary_o'====== Args={'value': 108, 'prev_value': None, 'change': True}
2024-05-07 07:04:44,575 : INFO : EventManager : Event: ======'machine_var_audits_switches_s_stationary_s'====== Args={'value': 73, 'prev_value': None, 'change': True}
2024-05-07 07:04:44,575 : INFO : EventManager : Event: ======'machine_var_audits_switches_s_stationary_u'====== Args={'value': 23, 'prev_value': None, 'change': True}
2024-05-07 07:04:44,575 : INFO : EventManager : Event: ======'machine_var_audits_switches_s_tilt_l'====== Args={'value': 0, 'prev_value': None, 'change': True}
2024-05-07 07:04:44,575 : INFO : EventManager : Event: ======'machine_var_audits_switches_s_tilt_r'====== Args={'value': 0, 'prev_value': None, 'change': True}
2024-05-07 07:04:44,575 : INFO : EventManager : Event: ======'machine_var_audits_switches_s_trough_1'====== Args={'value': 12, 'prev_value': None, 'change': True}
2024-05-07 07:04:44,575 : INFO : EventManager : Event: ======'machine_var_audits_switches_s_trough_2'====== Args={'value': 1, 'prev_value': None, 'change': True}
2024-05-07 07:04:44,575 : INFO : EventManager : Event: ======'machine_var_audits_switches_s_trough_3'====== Args={'value': 0, 'prev_value': None, 'change': True}
2024-05-07 07:04:44,575 : INFO : EventManager : Event: ======'machine_var_audits_switches_s_trough_4'====== Args={'value': 1, 'prev_value': None, 'change': True}
2024-05-07 07:04:44,575 : INFO : EventManager : Event: ======'machine_var_audits_switches_s_vuk'====== Args={'value': 6, 'prev_value': None, 'change': True}
2024-05-07 07:04:44,576 : INFO : EventManager : Event: ======'init_phase_5'====== Args={}
2024-05-07 07:04:44,576 : INFO : EventManager : Event: ======'init_done'====== Args={}
2024-05-07 07:04:44,576 : INFO : EventManager : Event: ======'machine_reset_phase_1'====== Args={}
2024-05-07 07:04:44,581 : INFO : EventManager : Event: ======'machine_reset_phase_2'====== Args={}
2024-05-07 07:04:44,581 : INFO : EventManager : Event: ======'machine_reset_phase_3'====== Args={}
2024-05-07 07:04:44,584 : INFO : EventManager : Event: ======'reset_complete'====== Args={}
2024-05-07 07:04:44,584 : INFO : EventManager : Event: ======'mode_attract_will_start'====== Args={}
2024-05-07 07:04:44,584 : INFO : EventManager : Event: ======'mode_attract_starting'====== Args={}
2024-05-07 07:04:44,584 : INFO : Mode.attract : Started. Priority: 10
2024-05-07 07:04:44,584 : INFO : EventManager : Event: ======'modes_active_modes_changed'====== Args={}
2024-05-07 07:04:44,584 : INFO : EventManager : Event: ======'mode_attract_started'====== Args={}
2024-05-07 07:04:44,585 : INFO : EventManager : Event: ======'collecting_balls_complete'====== Args={}
2024-05-07 07:04:44,585 : INFO : Machine : Starting the main run loop.
2024-05-07 07:04:44,690 : INFO : EventManager : Event: ======'slide_attract2_created'====== Args={'_from_bcp': True}
2024-05-07 07:04:44,690 : INFO : EventManager : Event: ======'slide__removed'====== Args={'_from_bcp': True}
2024-05-07 07:04:44,690 : INFO : EventManager : Event: ======'slide_attract2_active'====== Args={'original_context': 'show_3', 'cmd': 'slides_play', '_from_bcp': True}
2024-05-07 07:04:45,074 : INFO : BcpServer : New client connected.
2024-05-07 07:04:47,608 : INFO : EventManager : Event: ======'slide_attract_fast_created'====== Args={'_from_bcp': True}
2024-05-07 07:04:47,609 : INFO : EventManager : Event: ======'slide_attract2_inactive'====== Args={'_from_bcp': True}
2024-05-07 07:04:47,609 : INFO : EventManager : Event: ======'slide_attract_fast_active'====== Args={'original_context': 'show_3', 'cmd': 'slides_play', '_from_bcp': True}
2024-05-07 07:04:47,610 : INFO : EventManager : Event: ======'slide_attract2_removed'====== Args={'_from_bcp': True}
2024-05-07 07:04:50,607 : INFO : EventManager : Event: ======'slide_attract_created'====== Args={'_from_bcp': True}
2024-05-07 07:04:50,608 : INFO : EventManager : Event: ======'slide_attract_fast_inactive'====== Args={'_from_bcp': True}
2024-05-07 07:04:50,608 : INFO : EventManager : Event: ======'slide_attract_active'====== Args={'original_context': 'show_3', 'cmd': 'slides_play', '_from_bcp': True}
2024-05-07 07:04:50,608 : INFO : EventManager : Event: ======'slide_attract_fast_removed'====== Args={'_from_bcp': True}
2024-05-07 07:04:52,236 : INFO : SwitchController : <<<<<<< 's_trough_1' active >>>>>>>
2024-05-07 07:04:52,370 : INFO : SwitchController : <<<<<<< 's_trough_1' inactive >>>>>>>
2024-05-07 07:04:52,637 : INFO : SwitchController : <<<<<<< 's_trough_1' active >>>>>>>
2024-05-07 07:04:53,138 : INFO : EventManager : Event: ======'balldevice_bd_trough_ball_count_changed'====== Args={'balls': 1}
2024-05-07 07:04:53,138 : INFO : ball_device.bd_trough : Received unexpected ball
2024-05-07 07:04:53,139 : INFO : EventManager : Event: ======'balldevice_captured_from_playfield'====== Args={'balls': 1}
2024-05-07 07:04:53,139 : INFO : EventManager : Event: ======'sw_playfield_active'====== Args={'balls': 1}
2024-05-07 07:04:53,139 : INFO : EventManager : Event: ======'playfield_active'====== Args={}
2024-05-07 07:04:53,139 : INFO : EventManager : Event: ======'unexpected_ball_on_playfield'====== Args={}
2024-05-07 07:04:53,139 : INFO : EventManager : Event: ======'playfield_ball_count_change'====== Args={'balls': -1, 'change': -1}
2024-05-07 07:04:53,140 : INFO : EventManager : Event: ======'balldevice_playfield_ball_enter'====== Args={'new_balls': 1, 'unclaimed_balls': 1, 'device': <playfield.playfield>}
2024-05-07 07:04:53,140 : INFO : EventManager : Event: ======'playfield_ball_count_change'====== Args={'balls': 0, 'change': 1}
2024-05-07 07:04:53,140 : INFO : BallController : Found a new ball which was captured from playfield. Known balls: 1
2024-05-07 07:04:53,140 : INFO : EventManager : Event: ======'found_new_ball'====== Args={}
2024-05-07 07:04:53,140 : INFO : EventManager : Event: ======'balldevice_bd_trough_ball_enter'====== Args={'new_balls': 1, 'unclaimed_balls': 1, 'new_available_balls': 1, 'device': <ball_device.bd_trough>}
2024-05-07 07:04:53,141 : INFO : EventManager : Event: ======'ball_drain'====== Args={'device': <ball_device.bd_trough>, 'balls': 1}
2024-05-07 07:04:53,141 : INFO : EventManager : Event: ======'balldevice_balls_available'====== Args={}
2024-05-07 07:04:53,141 : INFO : EventManager : Event: ======'balldevice_bd_trough_ball_entered'====== Args={'new_balls': 1, 'device': <ball_device.bd_trough>}
2024-05-07 07:04:53,569 : INFO : SwitchController : <<<<<<< 's_start' active >>>>>>>
2024-05-07 07:04:53,599 : INFO : EventManager : Event: ======'slide_attract2_created'====== Args={'_from_bcp': True}
2024-05-07 07:04:53,600 : INFO : EventManager : Event: ======'slide_attract_inactive'====== Args={'_from_bcp': True}
2024-05-07 07:04:53,600 : INFO : EventManager : Event: ======'slide_attract2_active'====== Args={'original_context': 'show_3', 'cmd': 'slides_play', '_from_bcp': True}
2024-05-07 07:04:53,600 : INFO : EventManager : Event: ======'slide_attract_removed'====== Args={'_from_bcp': True}
2024-05-07 07:04:53,675 : INFO : SwitchController : <<<<<<< 's_start' inactive >>>>>>>
2024-05-07 07:04:53,675 : INFO : EventManager : Event: ======'request_to_start_game'====== Args={}
2024-05-07 07:04:53,676 : INFO : EventManager : Event: ======'game_start'====== Args={'buttons': [], 'hold_time': 0.10598324999999953}
2024-05-07 07:04:53,676 : INFO : EventManager : Event: ======'mode_game_will_start'====== Args={'buttons': [], 'hold_time': 0.10598324999999953}
2024-05-07 07:04:53,676 : INFO : EventManager : Event: ======'mode_game_starting'====== Args={'buttons': [], 'hold_time': 0.10598324999999953}
2024-05-07 07:04:53,676 : INFO : EventManager : Event: ======'mode_attract_will_stop'====== Args={}
2024-05-07 07:04:53,676 : INFO : EventManager : Event: ======'mode_attract_stopping'====== Args={}
2024-05-07 07:04:53,676 : INFO : Mode.attract : Stopped.
2024-05-07 07:04:53,676 : INFO : EventManager : Event: ======'modes_active_modes_changed'====== Args={}
2024-05-07 07:04:53,677 : INFO : EventManager : Event: ======'mode_attract_stopped'====== Args={}
2024-05-07 07:04:53,677 : INFO : EventManager : Event: ======'clear'====== Args={'key': 'attract'}
2024-05-07 07:04:53,677 : INFO : Mode.game : Started. Priority: 20
2024-05-07 07:04:53,677 : INFO : EventManager : Event: ======'modes_active_modes_changed'====== Args={}
2024-05-07 07:04:53,677 : INFO : EventManager : Event: ======'mode_game_started'====== Args={'buttons': [], 'hold_time': 0.10598324999999953}
2024-05-07 07:04:53,677 : INFO : EventManager : Event: ======'game_will_start'====== Args={}
2024-05-07 07:04:53,677 : INFO : EventManager : Event: ======'game_starting'====== Args={'game': <Mode.game>}
2024-05-07 07:04:53,678 : INFO : EventManager : Unordered handler for class <Auditor> on event game_ended with priority 1. Handlers: [RegisteredHandler(callback=<bound method Auditor.disable of <Auditor>>, priority=1, kwargs={}, key=UUID('2407c84d-57f4-46cf-b82a-23e824d2d289'), condition=None, blocking_facility=None), RegisteredHandler(callback=<bound method Auditor._save_audits of <Auditor>>, priority=1, kwargs={}, key=UUID('cbab1dc5-9848-4147-aa62-3d598b9647f0'), condition=None, blocking_facility=None)]. The order of those handlers is not defined and they will be executed in random order. This might lead to race conditions and potential bugs.
2024-05-07 07:04:53,678 : INFO : EventManager : Event: ======'player_add_request'====== Args={}
2024-05-07 07:04:53,678 : INFO : EventManager : Event: ======'player_will_add'====== Args={'number': 1}
2024-05-07 07:04:53,678 : INFO : EventManager : Event: ======'player_adding'====== Args={'player': <Player 1>, 'number': 1}
2024-05-07 07:04:53,678 : INFO : EventManager : Event: ======'player_added'====== Args={'player': <Player 1>, 'num': 1}
2024-05-07 07:04:53,678 : INFO : Mode.game : Player added successfully. Total players: 1
2024-05-07 07:04:53,678 : INFO : EventManager : Event: ======'player_index'====== Args={'value': 0, 'prev_value': 0, 'change': 0, 'player_num': 1}
2024-05-07 07:04:53,678 : INFO : EventManager : Event: ======'player_number'====== Args={'value': 1, 'prev_value': 1, 'change': 0, 'player_num': 1}
2024-05-07 07:04:53,678 : INFO : EventManager : Event: ======'player_current_room'====== Args={'value': 'LIVING ROOM', 'prev_value': 'LIVING ROOM', 'change': False, 'player_num': 1}
2024-05-07 07:04:53,678 : INFO : EventManager : Event: ======'player_score'====== Args={'value': 0, 'prev_value': 0, 'change': 0, 'player_num': 1}
2024-05-07 07:04:53,679 : INFO : EventManager : Event: ======'game_started'====== Args={}
2024-05-07 07:04:53,679 : INFO : EventManager : Event: ======'player_turn_will_start'====== Args={'player': <Player 1>, 'number': 1}
2024-05-07 07:04:53,679 : INFO : EventManager : Event: ======'player_turn_starting'====== Args={'player': <Player 1>, 'number': 1}
2024-05-07 07:04:53,680 : INFO : EventManager : Event: ======'player_ball'====== Args={'value': 1, 'prev_value': 0, 'change': 1, 'player_num': 1}
2024-05-07 07:04:53,680 : INFO : EventManager : Event: ======'player_turn_started'====== Args={'player': <Player 1>, 'number': 1}
2024-05-07 07:04:53,681 : INFO : EventManager : Event: ======'ball_will_start'====== Args={'player': 1, 'ball': 1, 'balls_remaining': 2, 'is_extra_ball': False}
2024-05-07 07:04:53,681 : INFO : EventManager : Event: ======'ball_starting'====== Args={'player': 1, 'ball': 1, 'balls_remaining': 2, 'is_extra_ball': False}
2024-05-07 07:04:53,681 : INFO : EventManager : Event: ======'mode_base_will_start'====== Args={'queue': <QueuedEvent>, 'player': 1, 'ball': 1, 'balls_remaining': 2, 'is_extra_ball': False}
2024-05-07 07:04:53,681 : INFO : EventManager : Event: ======'player_shot_r_pop_enabled'====== Args={'value': True, 'prev_value': 0, 'change': 1, 'player_num': 1}
2024-05-07 07:04:53,681 : INFO : EventManager : Event: ======'player_shot_r_sling_l_enabled'====== Args={'value': True, 'prev_value': 0, 'change': 1, 'player_num': 1}
2024-05-07 07:04:53,681 : INFO : EventManager : Event: ======'player_shot_r_sling_r_enabled'====== Args={'value': True, 'prev_value': 0, 'change': 1, 'player_num': 1}
2024-05-07 07:04:53,682 : INFO : EventManager : Event: ======'player_shot_r_h_enabled'====== Args={'value': True, 'prev_value': 0, 'change': 1, 'player_num': 1}
2024-05-07 07:04:53,682 : INFO : EventManager : Event: ======'player_shot_r_o_enabled'====== Args={'value': True, 'prev_value': 0, 'change': 1, 'player_num': 1}
2024-05-07 07:04:53,682 : INFO : EventManager : Event: ======'player_shot_r_u_enabled'====== Args={'value': True, 'prev_value': 0, 'change': 1, 'player_num': 1}
2024-05-07 07:04:53,682 : INFO : EventManager : Event: ======'player_shot_r_s_enabled'====== Args={'value': True, 'prev_value': 0, 'change': 1, 'player_num': 1}
2024-05-07 07:04:53,682 : INFO : EventManager : Event: ======'player_shot_r_e_enabled'====== Args={'value': True, 'prev_value': 0, 'change': 1, 'player_num': 1}
2024-05-07 07:04:53,683 : INFO : EventManager : Event: ======'player_shot_r_ramp_r_enabled'====== Args={'value': True, 'prev_value': 0, 'change': 1, 'player_num': 1}
2024-05-07 07:04:53,683 : INFO : EventManager : Event: ======'player_shot_r_ramp_l_enabled'====== Args={'value': True, 'prev_value': 0, 'change': 1, 'player_num': 1}
2024-05-07 07:04:53,683 : INFO : EventManager : Event: ======'player_shot_r_vuk_enabled'====== Args={'value': True, 'prev_value': 0, 'change': 1, 'player_num': 1}
2024-05-07 07:04:53,683 : INFO : EventManager : Event: ======'player_shot_r_vuk_bank_enabled'====== Args={'value': True, 'prev_value': 0, 'change': 1, 'player_num': 1}
2024-05-07 07:04:53,683 : INFO : EventManager : Event: ======'player_shot_r_right_orbit_enabled'====== Args={'value': True, 'prev_value': 0, 'change': 1, 'player_num': 1}
2024-05-07 07:04:53,683 : INFO : EventManager : Event: ======'player_shot_r_pop_stationary_enabled'====== Args={'value': True, 'prev_value': 0, 'change': 1, 'player_num': 1}
2024-05-07 07:04:53,684 : INFO : EventManager : Event: ======'mode_base_starting'====== Args={'queue': <QueuedEvent>, 'player': 1, 'ball': 1, 'balls_remaining': 2, 'is_extra_ball': False}
2024-05-07 07:04:53,684 : INFO : EventManager : Event: ======'waiting_for_launch_press'====== Args={}
2024-05-07 07:04:53,685 : INFO : EventManager : Event: ======'mode_launch_shows_will_start'====== Args={}
2024-05-07 07:04:53,685 : INFO : EventManager : Event: ======'mode_launch_shows_starting'====== Args={}
2024-05-07 07:04:53,685 : INFO : Mode.launch_shows : Started. Priority: 200
2024-05-07 07:04:53,685 : INFO : EventManager : Event: ======'modes_active_modes_changed'====== Args={}
2024-05-07 07:04:53,685 : INFO : EventManager : Event: ======'mode_launch_shows_started'====== Args={}
2024-05-07 07:04:53,685 : INFO : Mode.base : Started. Priority: 100
2024-05-07 07:04:53,685 : INFO : EventManager : Event: ======'modes_active_modes_changed'====== Args={}
2024-05-07 07:04:53,686 : INFO : EventManager : Event: ======'mode_base_started'====== Args={'queue': <QueuedEvent>, 'player': 1, 'ball': 1, 'balls_remaining': 2, 'is_extra_ball': False}
2024-05-07 07:04:53,729 : INFO : EventManager : Event: ======'slide_launch_created'====== Args={'_from_bcp': True}
2024-05-07 07:04:53,729 : INFO : EventManager : Event: ======'slide_attract2_inactive'====== Args={'_from_bcp': True}
2024-05-07 07:04:53,729 : INFO : EventManager : Event: ======'slide_launch_active'====== Args={'original_context': 'launch_shows', 'original_calling_context': 'mode_launch_shows_started', 'cmd': 'slides_play', '_from_bcp': True}
2024-05-07 07:04:53,730 : INFO : EventManager : Event: ======'slide_attract2_removed'====== Args={'_from_bcp': True}
2024-05-07 07:04:55,521 : INFO : SwitchController : <<<<<<< 's_launch' active >>>>>>>
2024-05-07 07:04:55,521 : INFO : EventManager : Event: ======'e_launch_press'====== Args={}
2024-05-07 07:04:55,521 : INFO : EventManager : Event: ======'machine_var_audits_switches_s_launch'====== Args={'value': 48, 'prev_value': 47, 'change': 1}
2024-05-07 07:04:55,526 : INFO : EventManager : Event: ======'balls_in_play'====== Args={'balls': 1}
2024-05-07 07:04:55,526 : INFO : EventManager : Event: ======'ball_started'====== Args={'player': 1, 'ball': 1, 'balls_remaining': 2, 'is_extra_ball': False}
2024-05-07 07:04:55,526 : INFO : EventManager : Event: ======'mode_launch_shows_will_stop'====== Args={}
2024-05-07 07:04:55,527 : INFO : EventManager : Event: ======'mode_launch_shows_stopping'====== Args={}
2024-05-07 07:04:55,527 : INFO : EventManager : Event: ======'mode_start_ball_save_will_start'====== Args={'player': 1, 'ball': 1, 'balls_remaining': 2, 'is_extra_ball': False}
2024-05-07 07:04:55,527 : INFO : EventManager : Event: ======'mode_start_ball_save_starting'====== Args={'player': 1, 'ball': 1, 'balls_remaining': 2, 'is_extra_ball': False}
2024-05-07 07:04:55,528 : INFO : EventManager : Event: ======'mode_mult_fleshy_qualify_will_start'====== Args={'player': 1, 'ball': 1, 'balls_remaining': 2, 'is_extra_ball': False}
2024-05-07 07:04:55,528 : INFO : EventManager : Event: ======'player_shot_r_o_fleshy_enabled'====== Args={'value': True, 'prev_value': 0, 'change': 1, 'player_num': 1}
2024-05-07 07:04:55,529 : INFO : EventManager : Event: ======'player_shot_r_s_fleshy_enabled'====== Args={'value': True, 'prev_value': 0, 'change': 1, 'player_num': 1}
2024-05-07 07:04:55,529 : INFO : EventManager : Event: ======'fleshy_shots_complete'====== Args={'state': 'unlit'}
2024-05-07 07:04:55,530 : INFO : EventManager : Event: ======'fleshy_shots_unlit_complete'====== Args={}
2024-05-07 07:04:55,531 : INFO : EventManager : Event: ======'mode_mult_fleshy_qualify_starting'====== Args={'player': 1, 'ball': 1, 'balls_remaining': 2, 'is_extra_ball': False}
2024-05-07 07:04:55,531 : INFO : EventManager : Event: ======'mode_lane_rotate_will_start'====== Args={'player': 1, 'ball': 1, 'balls_remaining': 2, 'is_extra_ball': False}
2024-05-07 07:04:55,532 : INFO : EventManager : Event: ======'player_shot_r_h_rotate_enabled'====== Args={'value': True, 'prev_value': 0, 'change': 1, 'player_num': 1}
2024-05-07 07:04:55,533 : INFO : EventManager : Event: ======'player_shot_r_o_rotate_enabled'====== Args={'value': True, 'prev_value': 0, 'change': 1, 'player_num': 1}
2024-05-07 07:04:55,534 : INFO : EventManager : Event: ======'player_shot_r_u_rotate_enabled'====== Args={'value': True, 'prev_value': 0, 'change': 1, 'player_num': 1}
2024-05-07 07:04:55,534 : INFO : EventManager : Event: ======'player_shot_r_s_rotate_enabled'====== Args={'value': True, 'prev_value': 0, 'change': 1, 'player_num': 1}
2024-05-07 07:04:55,535 : INFO : EventManager : Event: ======'player_shot_r_e_rotate_enabled'====== Args={'value': True, 'prev_value': 0, 'change': 1, 'player_num': 1}
2024-05-07 07:04:55,536 : INFO : EventManager : Event: ======'mode_lane_rotate_starting'====== Args={'player': 1, 'ball': 1, 'balls_remaining': 2, 'is_extra_ball': False}
2024-05-07 07:04:55,537 : INFO : Mode.lane_rotate : Started. Priority: 100
2024-05-07 07:04:55,537 : INFO : EventManager : Event: ======'modes_active_modes_changed'====== Args={}
2024-05-07 07:04:55,538 : INFO : EventManager : Event: ======'mode_lane_rotate_started'====== Args={'player': 1, 'ball': 1, 'balls_remaining': 2, 'is_extra_ball': False}
2024-05-07 07:04:55,538 : INFO : Mode.mult_fleshy_qualify : Started. Priority: 100
2024-05-07 07:04:55,538 : INFO : EventManager : Event: ======'modes_active_modes_changed'====== Args={}
2024-05-07 07:04:55,538 : INFO : EventManager : Event: ======'mode_mult_fleshy_qualify_started'====== Args={'player': 1, 'ball': 1, 'balls_remaining': 2, 'is_extra_ball': False}
2024-05-07 07:04:55,539 : INFO : Mode.start_ball_save : Started. Priority: 100
2024-05-07 07:04:55,539 : INFO : EventManager : Event: ======'modes_active_modes_changed'====== Args={}
2024-05-07 07:04:55,539 : INFO : EventManager : Event: ======'mode_start_ball_save_started'====== Args={'player': 1, 'ball': 1, 'balls_remaining': 2, 'is_extra_ball': False}
2024-05-07 07:04:55,539 : INFO : EventManager : Event: ======'ball_save_ball_save_ball_save_enabled'====== Args={}
2024-05-07 07:04:55,540 : INFO : Mode.launch_shows : Stopped.
2024-05-07 07:04:55,540 : INFO : EventManager : Event: ======'modes_active_modes_changed'====== Args={}
2024-05-07 07:04:55,540 : INFO : EventManager : Event: ======'mode_launch_shows_stopped'====== Args={}
2024-05-07 07:04:55,540 : INFO : EventManager : Event: ======'clear'====== Args={'key': 'launch_shows'}
2024-05-07 07:04:55,541 : INFO : EventManager : Event: ======'single_player_ball_started'====== Args={}
2024-05-07 07:04:55,542 : INFO : EventManager : Event: ======'ball_start_target'====== Args={'target': 'playfield'}
2024-05-07 07:04:55,543 : INFO : ball_device.bd_trough : Setting up player-controlled eject. Balls: 1, Target: <playfield.playfield>, player_controlled_eject_event: None
2024-05-07 07:04:55,543 : INFO : ball_device.bd_trough : Adding 1 ball(s) to the eject_queue with target <playfield.playfield>.
2024-05-07 07:04:55,543 : INFO : EventManager : Event: ======'balldevice_balls_available'====== Args={}
2024-05-07 07:04:55,543 : INFO : ball_device.bd_trough : State: waiting_for_target_ready
2024-05-07 07:04:55,543 : INFO : EventManager : Event: ======'balldevice_bd_trough_ball_eject_attempt'====== Args={'balls': 1, 'target': <playfield.playfield>, 'source': <ball_device.bd_trough>, 'mechanical_eject': False, 'num_attempts': 0}
2024-05-07 07:04:55,543 : INFO : ball_device.bd_trough : State: ejecting
2024-05-07 07:04:55,544 : INFO : ball_device.bd_trough : Ejecting ball to <playfield.playfield>
2024-05-07 07:04:55,544 : INFO : EventManager : Event: ======'balldevice_bd_trough_ejecting_ball'====== Args={'balls': 1, 'target': <playfield.playfield>, 'source': <ball_device.bd_trough>, 'mechanical_eject': False, 'num_attempts': 0}
2024-05-07 07:04:55,544 : INFO : EventManager : Event: ======'ball_save_ball_save_ball_save_timer_start'====== Args={}
2024-05-07 07:04:55,545 : INFO : ball_device.bd_trough : Wait for ball to leave device
2024-05-07 07:04:55,545 : INFO : coil.c_trough : Pulsing Driver for 14ms (1.0 pulse_power)
2024-05-07 07:04:55,611 : INFO : EventManager : Event: ======'slide_base_created'====== Args={'_from_bcp': True}
2024-05-07 07:04:55,611 : INFO : EventManager : Event: ======'slide_launch_inactive'====== Args={'_from_bcp': True}
2024-05-07 07:04:55,612 : INFO : EventManager : Event: ======'slide_base_active'====== Args={'original_context': 'base', 'original_calling_context': 'mode_launch_shows_stopped', 'cmd': 'slides_play', '_from_bcp': True}
2024-05-07 07:04:55,612 : INFO : EventManager : Event: ======'slide_launch_removed'====== Args={'_from_bcp': True}
2024-05-07 07:04:55,665 : INFO : SwitchController : <<<<<<< 's_launch' inactive >>>>>>>
2024-05-07 07:04:56,821 : INFO : SwitchController : <<<<<<< 's_trough_1' inactive >>>>>>>
2024-05-07 07:04:56,822 : INFO : ball_device.bd_trough : State: ball_left
2024-05-07 07:04:56,822 : INFO : ball_device.bd_trough : Ball left
2024-05-07 07:04:56,822 : INFO : ball_device.bd_trough : Wait for confirm with timeout 2.0
2024-05-07 07:04:58,546 : INFO : EventManager : Event: ======'ball_save_ball_save_ball_save_hurry_up'====== Args={}
2024-05-07 07:04:58,823 : INFO : ball_device.bd_trough : State: failed_confirm
2024-05-07 07:04:58,824 : INFO : ball_device.bd_trough : Got timeout (2.0s) before confirm from <playfield.playfield>
2024-05-07 07:04:58,924 : INFO : ball_device.bd_trough : Confirming eject because target is playfield and ball did not return.
2024-05-07 07:04:58,924 : INFO : ball_device.bd_trough : Eject successful
2024-05-07 07:04:58,924 : INFO : EventManager : Event: ======'balldevice_bd_trough_ball_eject_success'====== Args={'balls': 1, 'target': <playfield.playfield>}
2024-05-07 07:04:58,925 : INFO : EventManager : Event: ======'balldevice_playfield_ball_enter'====== Args={'new_balls': 1, 'unclaimed_balls': 1, 'device': <playfield.playfield>}
2024-05-07 07:04:58,925 : INFO : EventManager : Event: ======'playfield_ball_count_change'====== Args={'balls': 1, 'change': 1}
2024-05-07 07:04:58,925 : INFO : EventManager : Event: ======'balldevice_bd_trough_ball_count_changed'====== Args={'balls': 0}
2024-05-07 07:04:58,926 : INFO : ball_device.bd_trough : State: idle
2024-05-07 07:05:00,546 : INFO : EventManager : Event: ======'ball_save_ball_save_ball_save_disabled'====== Args={}
2024-05-07 07:05:01,382 : INFO : SwitchController : <<<<<<< 's_trough_1' active >>>>>>>
2024-05-07 07:05:01,382 : INFO : EventManager : Event: ======'machine_var_audits_switches_s_trough_1'====== Args={'value': 13, 'prev_value': 12, 'change': 1}
2024-05-07 07:05:01,883 : INFO : EventManager : Event: ======'balldevice_bd_trough_ball_count_changed'====== Args={'balls': 1}
2024-05-07 07:05:01,884 : INFO : ball_device.bd_trough : Received unexpected ball
2024-05-07 07:05:01,884 : INFO : EventManager : Event: ======'balldevice_captured_from_playfield'====== Args={'balls': 1}
2024-05-07 07:05:01,885 : INFO : EventManager : Event: ======'sw_playfield_active'====== Args={'balls': 1}
2024-05-07 07:05:01,886 : INFO : EventManager : Event: ======'playfield_ball_count_change'====== Args={'balls': 0, 'change': -1}
2024-05-07 07:05:01,887 : INFO : EventManager : Event: ======'balldevice_bd_trough_ball_enter'====== Args={'new_balls': 1, 'unclaimed_balls': 1, 'new_available_balls': 1, 'device': <ball_device.bd_trough>}
2024-05-07 07:05:01,887 : INFO : EventManager : Event: ======'ball_drain'====== Args={'device': <ball_device.bd_trough>, 'balls': 1}
2024-05-07 07:05:01,888 : INFO : EventManager : Event: ======'ball_will_end'====== Args={}
2024-05-07 07:05:01,888 : INFO : EventManager : Event: ======'balldevice_balls_available'====== Args={}
2024-05-07 07:05:01,889 : INFO : EventManager : Event: ======'balldevice_bd_trough_ball_entered'====== Args={'new_balls': 1, 'device': <ball_device.bd_trough>}
2024-05-07 07:05:01,889 : INFO : EventManager : Event: ======'mode_lane_rotate_will_stop'====== Args={}
2024-05-07 07:05:01,889 : INFO : EventManager : Event: ======'mode_lane_rotate_stopping'====== Args={}
2024-05-07 07:05:01,890 : INFO : Mode.lane_rotate : Stopped.
2024-05-07 07:05:01,890 : INFO : EventManager : Event: ======'modes_active_modes_changed'====== Args={}
2024-05-07 07:05:01,890 : INFO : EventManager : Event: ======'mode_lane_rotate_stopped'====== Args={}
2024-05-07 07:05:01,890 : INFO : EventManager : Event: ======'clear'====== Args={'key': 'lane_rotate'}
2024-05-07 07:05:01,891 : INFO : EventManager : Event: ======'ball_ending'====== Args={}
2024-05-07 07:05:01,892 : INFO : EventManager : Event: ======'mode_start_ball_save_will_stop'====== Args={}
2024-05-07 07:05:01,893 : INFO : EventManager : Event: ======'mode_start_ball_save_stopping'====== Args={}
2024-05-07 07:05:01,893 : INFO : EventManager : Event: ======'mode_mult_fleshy_qualify_will_stop'====== Args={}
2024-05-07 07:05:01,893 : INFO : EventManager : Event: ======'mode_mult_fleshy_qualify_stopping'====== Args={}
2024-05-07 07:05:01,893 : INFO : EventManager : Event: ======'mode_base_will_stop'====== Args={}
2024-05-07 07:05:01,893 : INFO : EventManager : Event: ======'mode_base_stopping'====== Args={}
2024-05-07 07:05:01,893 : INFO : Mode.base : Stopped.
2024-05-07 07:05:01,894 : INFO : EventManager : Event: ======'modes_active_modes_changed'====== Args={}
2024-05-07 07:05:01,895 : INFO : EventManager : Event: ======'mode_base_stopped'====== Args={}
2024-05-07 07:05:01,895 : INFO : EventManager : Event: ======'clear'====== Args={'key': 'base'}
2024-05-07 07:05:01,896 : INFO : Mode.mult_fleshy_qualify : Stopped.
2024-05-07 07:05:01,896 : INFO : EventManager : Event: ======'modes_active_modes_changed'====== Args={}
2024-05-07 07:05:01,897 : INFO : EventManager : Event: ======'mode_mult_fleshy_qualify_stopped'====== Args={}
2024-05-07 07:05:01,898 : INFO : EventManager : Event: ======'clear'====== Args={'key': 'mult_fleshy_qualify'}
2024-05-07 07:05:01,899 : INFO : Mode.start_ball_save : Stopped.
2024-05-07 07:05:01,900 : INFO : EventManager : Event: ======'modes_active_modes_changed'====== Args={}
2024-05-07 07:05:01,901 : INFO : EventManager : Event: ======'mode_start_ball_save_stopped'====== Args={}
2024-05-07 07:05:01,901 : INFO : EventManager : Event: ======'clear'====== Args={'key': 'start_ball_save'}
2024-05-07 07:05:01,902 : INFO : EventManager : Event: ======'ball_ended'====== Args={}
2024-05-07 07:05:01,904 : INFO : EventManager : Event: ======'player_turn_will_end'====== Args={'player': <Player 1>, 'number': 1}
2024-05-07 07:05:01,904 : INFO : EventManager : Event: ======'player_turn_ending'====== Args={'player': <Player 1>, 'number': 1}
2024-05-07 07:05:01,904 : INFO : EventManager : Event: ======'player_turn_ended'====== Args={'player': <Player 1>, 'number': 1}
2024-05-07 07:05:01,905 : INFO : EventManager : Event: ======'player_turn_will_start'====== Args={'player': <Player 1>, 'number': 1}
2024-05-07 07:05:01,905 : INFO : EventManager : Event: ======'player_turn_starting'====== Args={'player': <Player 1>, 'number': 1}
2024-05-07 07:05:01,905 : INFO : EventManager : Event: ======'player_ball'====== Args={'value': 2, 'prev_value': 1, 'change': 1, 'player_num': 1}
2024-05-07 07:05:01,905 : INFO : EventManager : Event: ======'player_turn_started'====== Args={'player': <Player 1>, 'number': 1}
2024-05-07 07:05:01,906 : INFO : EventManager : Event: ======'ball_will_start'====== Args={'player': 1, 'ball': 2, 'balls_remaining': 1, 'is_extra_ball': False}
2024-05-07 07:05:01,906 : INFO : EventManager : Event: ======'ball_starting'====== Args={'player': 1, 'ball': 2, 'balls_remaining': 1, 'is_extra_ball': False}
2024-05-07 07:05:01,906 : INFO : EventManager : Event: ======'mode_base_will_start'====== Args={'queue': <QueuedEvent>, 'player': 1, 'ball': 2, 'balls_remaining': 1, 'is_extra_ball': False}
2024-05-07 07:05:01,909 : INFO : EventManager : Event: ======'mode_base_starting'====== Args={'queue': <QueuedEvent>, 'player': 1, 'ball': 2, 'balls_remaining': 1, 'is_extra_ball': False}
2024-05-07 07:05:01,909 : INFO : EventManager : Event: ======'waiting_for_launch_press'====== Args={}
2024-05-07 07:05:01,909 : INFO : EventManager : Event: ======'mode_launch_shows_will_start'====== Args={}
2024-05-07 07:05:01,909 : INFO : EventManager : Event: ======'mode_launch_shows_starting'====== Args={}
2024-05-07 07:05:01,910 : INFO : Mode.launch_shows : Started. Priority: 200
2024-05-07 07:05:01,910 : INFO : EventManager : Event: ======'modes_active_modes_changed'====== Args={}
2024-05-07 07:05:01,910 : INFO : EventManager : Event: ======'mode_launch_shows_started'====== Args={}
2024-05-07 07:05:01,910 : INFO : Mode.base : Started. Priority: 100
2024-05-07 07:05:01,910 : INFO : EventManager : Event: ======'modes_active_modes_changed'====== Args={}
2024-05-07 07:05:01,910 : INFO : EventManager : Event: ======'mode_base_started'====== Args={'queue': <QueuedEvent>, 'player': 1, 'ball': 2, 'balls_remaining': 1, 'is_extra_ball': False}
2024-05-07 07:05:01,915 : INFO : EventManager : Event: ======'slide_launch_created'====== Args={'_from_bcp': True}
2024-05-07 07:05:01,915 : INFO : EventManager : Event: ======'slide_base_inactive'====== Args={'_from_bcp': True}
2024-05-07 07:05:01,916 : INFO : EventManager : Event: ======'slide_launch_active'====== Args={'original_context': 'launch_shows', 'original_calling_context': 'mode_launch_shows_started', 'cmd': 'slides_play', '_from_bcp': True}
2024-05-07 07:05:01,916 : INFO : EventManager : Event: ======'slide_base_removed'====== Args={'_from_bcp': True}
2024-05-07 07:05:03,389 : INFO : SwitchController : <<<<<<< 's_launch' active >>>>>>>
2024-05-07 07:05:03,389 : INFO : EventManager : Event: ======'e_launch_press'====== Args={}
2024-05-07 07:05:03,389 : INFO : EventManager : Event: ======'machine_var_audits_switches_s_launch'====== Args={'value': 49, 'prev_value': 48, 'change': 1}
2024-05-07 07:05:03,390 : INFO : EventManager : Event: ======'balls_in_play'====== Args={'balls': 1}
2024-05-07 07:05:03,390 : INFO : EventManager : Event: ======'ball_started'====== Args={'player': 1, 'ball': 2, 'balls_remaining': 1, 'is_extra_ball': False}
2024-05-07 07:05:03,391 : INFO : EventManager : Event: ======'mode_launch_shows_will_stop'====== Args={}
2024-05-07 07:05:03,391 : INFO : EventManager : Event: ======'mode_launch_shows_stopping'====== Args={}
2024-05-07 07:05:03,391 : INFO : EventManager : Event: ======'mode_start_ball_save_will_start'====== Args={'player': 1, 'ball': 2, 'balls_remaining': 1, 'is_extra_ball': False}
2024-05-07 07:05:03,392 : INFO : EventManager : Event: ======'mode_start_ball_save_starting'====== Args={'player': 1, 'ball': 2, 'balls_remaining': 1, 'is_extra_ball': False}
2024-05-07 07:05:03,392 : INFO : EventManager : Event: ======'mode_mult_fleshy_qualify_will_start'====== Args={'player': 1, 'ball': 2, 'balls_remaining': 1, 'is_extra_ball': False}
2024-05-07 07:05:03,393 : INFO : EventManager : Event: ======'mode_mult_fleshy_qualify_starting'====== Args={'player': 1, 'ball': 2, 'balls_remaining': 1, 'is_extra_ball': False}
2024-05-07 07:05:03,393 : INFO : EventManager : Event: ======'mode_lane_rotate_will_start'====== Args={'player': 1, 'ball': 2, 'balls_remaining': 1, 'is_extra_ball': False}
2024-05-07 07:05:03,394 : INFO : EventManager : Event: ======'mode_lane_rotate_starting'====== Args={'player': 1, 'ball': 2, 'balls_remaining': 1, 'is_extra_ball': False}
2024-05-07 07:05:03,396 : INFO : Mode.lane_rotate : Started. Priority: 100
2024-05-07 07:05:03,396 : INFO : EventManager : Event: ======'modes_active_modes_changed'====== Args={}
2024-05-07 07:05:03,396 : INFO : EventManager : Event: ======'mode_lane_rotate_started'====== Args={'player': 1, 'ball': 2, 'balls_remaining': 1, 'is_extra_ball': False}
2024-05-07 07:05:03,396 : INFO : Mode.mult_fleshy_qualify : Started. Priority: 100
2024-05-07 07:05:03,396 : INFO : EventManager : Event: ======'modes_active_modes_changed'====== Args={}
2024-05-07 07:05:03,396 : INFO : EventManager : Event: ======'mode_mult_fleshy_qualify_started'====== Args={'player': 1, 'ball': 2, 'balls_remaining': 1, 'is_extra_ball': False}
2024-05-07 07:05:03,396 : INFO : Mode.start_ball_save : Started. Priority: 100
2024-05-07 07:05:03,396 : INFO : EventManager : Event: ======'modes_active_modes_changed'====== Args={}
2024-05-07 07:05:03,397 : INFO : EventManager : Event: ======'mode_start_ball_save_started'====== Args={'player': 1, 'ball': 2, 'balls_remaining': 1, 'is_extra_ball': False}
2024-05-07 07:05:03,397 : INFO : EventManager : Event: ======'ball_save_ball_save_ball_save_enabled'====== Args={}
2024-05-07 07:05:03,397 : INFO : Mode.launch_shows : Stopped.
2024-05-07 07:05:03,397 : INFO : EventManager : Event: ======'modes_active_modes_changed'====== Args={}
2024-05-07 07:05:03,398 : INFO : EventManager : Event: ======'mode_launch_shows_stopped'====== Args={}
2024-05-07 07:05:03,398 : INFO : EventManager : Event: ======'clear'====== Args={'key': 'launch_shows'}
2024-05-07 07:05:03,399 : INFO : EventManager : Event: ======'single_player_ball_started'====== Args={}
2024-05-07 07:05:03,404 : INFO : EventManager : Event: ======'ball_start_target'====== Args={'target': 'playfield'}
2024-05-07 07:05:03,404 : INFO : ball_device.bd_trough : Setting up player-controlled eject. Balls: 1, Target: <playfield.playfield>, player_controlled_eject_event: None
2024-05-07 07:05:03,404 : INFO : ball_device.bd_trough : Adding 1 ball(s) to the eject_queue with target <playfield.playfield>.
2024-05-07 07:05:03,405 : INFO : EventManager : Event: ======'balldevice_balls_available'====== Args={}
2024-05-07 07:05:03,405 : INFO : ball_device.bd_trough : State: waiting_for_target_ready
2024-05-07 07:05:03,405 : INFO : EventManager : Event: ======'balldevice_bd_trough_ball_eject_attempt'====== Args={'balls': 1, 'target': <playfield.playfield>, 'source': <ball_device.bd_trough>, 'mechanical_eject': False, 'num_attempts': 0}
2024-05-07 07:05:03,406 : INFO : ball_device.bd_trough : State: ejecting
2024-05-07 07:05:03,406 : INFO : ball_device.bd_trough : Ejecting ball to <playfield.playfield>
2024-05-07 07:05:03,406 : INFO : EventManager : Event: ======'balldevice_bd_trough_ejecting_ball'====== Args={'balls': 1, 'target': <playfield.playfield>, 'source': <ball_device.bd_trough>, 'mechanical_eject': False, 'num_attempts': 0}
2024-05-07 07:05:03,406 : INFO : EventManager : Event: ======'ball_save_ball_save_ball_save_timer_start'====== Args={}
2024-05-07 07:05:03,407 : INFO : ball_device.bd_trough : Wait for ball to leave device
2024-05-07 07:05:03,407 : INFO : coil.c_trough : Pulsing Driver for 14ms (1.0 pulse_power)
2024-05-07 07:05:03,415 : INFO : EventManager : Event: ======'slide_base_created'====== Args={'_from_bcp': True}
2024-05-07 07:05:03,416 : INFO : EventManager : Event: ======'slide_launch_inactive'====== Args={'_from_bcp': True}
2024-05-07 07:05:03,416 : INFO : EventManager : Event: ======'slide_base_active'====== Args={'original_context': 'base', 'original_calling_context': 'mode_launch_shows_stopped', 'cmd': 'slides_play', '_from_bcp': True}
2024-05-07 07:05:03,416 : INFO : EventManager : Event: ======'slide_launch_removed'====== Args={'_from_bcp': True}
2024-05-07 07:05:03,489 : INFO : SwitchController : <<<<<<< 's_launch' inactive >>>>>>>
2024-05-07 07:05:04,578 : INFO : SwitchController : <<<<<<< 's_trough_1' inactive >>>>>>>
2024-05-07 07:05:04,579 : INFO : ball_device.bd_trough : State: ball_left
2024-05-07 07:05:04,579 : INFO : ball_device.bd_trough : Ball left
2024-05-07 07:05:04,579 : INFO : ball_device.bd_trough : Wait for confirm with timeout 2.0
2024-05-07 07:05:06,408 : INFO : EventManager : Event: ======'ball_save_ball_save_ball_save_hurry_up'====== Args={}
2024-05-07 07:05:06,580 : INFO : ball_device.bd_trough : State: failed_confirm
2024-05-07 07:05:06,581 : INFO : ball_device.bd_trough : Got timeout (2.0s) before confirm from <playfield.playfield>
2024-05-07 07:05:06,683 : INFO : ball_device.bd_trough : Confirming eject because target is playfield and ball did not return.
2024-05-07 07:05:06,683 : INFO : ball_device.bd_trough : Eject successful
2024-05-07 07:05:06,683 : INFO : EventManager : Event: ======'balldevice_bd_trough_ball_eject_success'====== Args={'balls': 1, 'target': <playfield.playfield>}
2024-05-07 07:05:06,684 : INFO : EventManager : Event: ======'balldevice_playfield_ball_enter'====== Args={'new_balls': 1, 'unclaimed_balls': 1, 'device': <playfield.playfield>}
2024-05-07 07:05:06,684 : INFO : EventManager : Event: ======'playfield_ball_count_change'====== Args={'balls': 1, 'change': 1}
2024-05-07 07:05:06,685 : INFO : EventManager : Event: ======'balldevice_bd_trough_ball_count_changed'====== Args={'balls': 0}
2024-05-07 07:05:06,685 : INFO : ball_device.bd_trough : State: idle
2024-05-07 07:05:08,409 : INFO : EventManager : Event: ======'ball_save_ball_save_ball_save_disabled'====== Args={}
2024-05-07 07:05:09,273 : INFO : SwitchController : <<<<<<< 's_trough_1' active >>>>>>>
2024-05-07 07:05:09,273 : INFO : EventManager : Event: ======'machine_var_audits_switches_s_trough_1'====== Args={'value': 14, 'prev_value': 13, 'change': 1}
2024-05-07 07:05:09,774 : INFO : EventManager : Event: ======'balldevice_bd_trough_ball_count_changed'====== Args={'balls': 1}
2024-05-07 07:05:09,775 : INFO : ball_device.bd_trough : Received unexpected ball
2024-05-07 07:05:09,775 : INFO : EventManager : Event: ======'balldevice_captured_from_playfield'====== Args={'balls': 1}
2024-05-07 07:05:09,775 : INFO : EventManager : Event: ======'sw_playfield_active'====== Args={'balls': 1}
2024-05-07 07:05:09,776 : INFO : EventManager : Event: ======'playfield_ball_count_change'====== Args={'balls': 0, 'change': -1}
2024-05-07 07:05:09,776 : INFO : EventManager : Event: ======'balldevice_bd_trough_ball_enter'====== Args={'new_balls': 1, 'unclaimed_balls': 1, 'new_available_balls': 1, 'device': <ball_device.bd_trough>}
2024-05-07 07:05:09,777 : INFO : EventManager : Event: ======'ball_drain'====== Args={'device': <ball_device.bd_trough>, 'balls': 1}
2024-05-07 07:05:09,777 : INFO : EventManager : Event: ======'ball_will_end'====== Args={}
2024-05-07 07:05:09,778 : INFO : EventManager : Event: ======'balldevice_balls_available'====== Args={}
2024-05-07 07:05:09,778 : INFO : EventManager : Event: ======'balldevice_bd_trough_ball_entered'====== Args={'new_balls': 1, 'device': <ball_device.bd_trough>}
2024-05-07 07:05:09,778 : INFO : EventManager : Event: ======'mode_lane_rotate_will_stop'====== Args={}
2024-05-07 07:05:09,778 : INFO : EventManager : Event: ======'mode_lane_rotate_stopping'====== Args={}
2024-05-07 07:05:09,779 : INFO : Mode.lane_rotate : Stopped.
2024-05-07 07:05:09,779 : INFO : EventManager : Event: ======'modes_active_modes_changed'====== Args={}
2024-05-07 07:05:09,779 : INFO : EventManager : Event: ======'mode_lane_rotate_stopped'====== Args={}
2024-05-07 07:05:09,779 : INFO : EventManager : Event: ======'clear'====== Args={'key': 'lane_rotate'}
2024-05-07 07:05:09,781 : INFO : EventManager : Event: ======'ball_ending'====== Args={}
2024-05-07 07:05:09,781 : INFO : EventManager : Event: ======'mode_start_ball_save_will_stop'====== Args={}
2024-05-07 07:05:09,782 : INFO : EventManager : Event: ======'mode_start_ball_save_stopping'====== Args={}
2024-05-07 07:05:09,782 : INFO : EventManager : Event: ======'mode_mult_fleshy_qualify_will_stop'====== Args={}
2024-05-07 07:05:09,782 : INFO : EventManager : Event: ======'mode_mult_fleshy_qualify_stopping'====== Args={}
2024-05-07 07:05:09,782 : INFO : EventManager : Event: ======'mode_base_will_stop'====== Args={}
2024-05-07 07:05:09,783 : INFO : EventManager : Event: ======'mode_base_stopping'====== Args={}
2024-05-07 07:05:09,784 : INFO : Mode.base : Stopped.
2024-05-07 07:05:09,784 : INFO : EventManager : Event: ======'modes_active_modes_changed'====== Args={}
2024-05-07 07:05:09,785 : INFO : EventManager : Event: ======'mode_base_stopped'====== Args={}
2024-05-07 07:05:09,786 : INFO : EventManager : Event: ======'clear'====== Args={'key': 'base'}
2024-05-07 07:05:09,788 : INFO : Mode.mult_fleshy_qualify : Stopped.
2024-05-07 07:05:09,788 : INFO : EventManager : Event: ======'modes_active_modes_changed'====== Args={}
2024-05-07 07:05:09,789 : INFO : EventManager : Event: ======'mode_mult_fleshy_qualify_stopped'====== Args={}
2024-05-07 07:05:09,789 : INFO : EventManager : Event: ======'clear'====== Args={'key': 'mult_fleshy_qualify'}
2024-05-07 07:05:09,790 : INFO : Mode.start_ball_save : Stopped.
2024-05-07 07:05:09,790 : INFO : EventManager : Event: ======'modes_active_modes_changed'====== Args={}
2024-05-07 07:05:09,790 : INFO : EventManager : Event: ======'mode_start_ball_save_stopped'====== Args={}
2024-05-07 07:05:09,790 : INFO : EventManager : Event: ======'clear'====== Args={'key': 'start_ball_save'}
2024-05-07 07:05:09,791 : INFO : EventManager : Event: ======'ball_ended'====== Args={}
2024-05-07 07:05:09,791 : INFO : EventManager : Event: ======'player_turn_will_end'====== Args={'player': <Player 1>, 'number': 1}
2024-05-07 07:05:09,792 : INFO : EventManager : Event: ======'player_turn_ending'====== Args={'player': <Player 1>, 'number': 1}
2024-05-07 07:05:09,792 : INFO : EventManager : Event: ======'player_turn_ended'====== Args={'player': <Player 1>, 'number': 1}
2024-05-07 07:05:09,792 : INFO : EventManager : Event: ======'player_turn_will_start'====== Args={'player': <Player 1>, 'number': 1}
2024-05-07 07:05:09,793 : INFO : EventManager : Event: ======'player_turn_starting'====== Args={'player': <Player 1>, 'number': 1}
2024-05-07 07:05:09,793 : INFO : EventManager : Event: ======'player_ball'====== Args={'value': 3, 'prev_value': 2, 'change': 1, 'player_num': 1}
2024-05-07 07:05:09,793 : INFO : EventManager : Event: ======'player_turn_started'====== Args={'player': <Player 1>, 'number': 1}
2024-05-07 07:05:09,793 : INFO : EventManager : Event: ======'ball_will_start'====== Args={'player': 1, 'ball': 3, 'balls_remaining': 0, 'is_extra_ball': False}
2024-05-07 07:05:09,794 : INFO : EventManager : Event: ======'ball_starting'====== Args={'player': 1, 'ball': 3, 'balls_remaining': 0, 'is_extra_ball': False}
2024-05-07 07:05:09,794 : INFO : EventManager : Event: ======'mode_base_will_start'====== Args={'queue': <QueuedEvent>, 'player': 1, 'ball': 3, 'balls_remaining': 0, 'is_extra_ball': False}
2024-05-07 07:05:09,797 : INFO : EventManager : Event: ======'mode_base_starting'====== Args={'queue': <QueuedEvent>, 'player': 1, 'ball': 3, 'balls_remaining': 0, 'is_extra_ball': False}
2024-05-07 07:05:09,797 : INFO : EventManager : Event: ======'waiting_for_launch_press'====== Args={}
2024-05-07 07:05:09,797 : INFO : EventManager : Event: ======'mode_launch_shows_will_start'====== Args={}
2024-05-07 07:05:09,798 : INFO : EventManager : Event: ======'mode_launch_shows_starting'====== Args={}
2024-05-07 07:05:09,798 : INFO : Mode.launch_shows : Started. Priority: 200
2024-05-07 07:05:09,798 : INFO : EventManager : Event: ======'modes_active_modes_changed'====== Args={}
2024-05-07 07:05:09,798 : INFO : EventManager : Event: ======'mode_launch_shows_started'====== Args={}
2024-05-07 07:05:09,799 : INFO : Mode.base : Started. Priority: 100
2024-05-07 07:05:09,799 : INFO : EventManager : Event: ======'modes_active_modes_changed'====== Args={}
2024-05-07 07:05:09,799 : INFO : EventManager : Event: ======'mode_base_started'====== Args={'queue': <QueuedEvent>, 'player': 1, 'ball': 3, 'balls_remaining': 0, 'is_extra_ball': False}
2024-05-07 07:05:09,815 : INFO : EventManager : Event: ======'slide_launch_created'====== Args={'_from_bcp': True}
2024-05-07 07:05:09,815 : INFO : EventManager : Event: ======'slide_base_inactive'====== Args={'_from_bcp': True}
2024-05-07 07:05:09,816 : INFO : EventManager : Event: ======'slide_launch_active'====== Args={'original_context': 'launch_shows', 'original_calling_context': 'mode_launch_shows_started', 'cmd': 'slides_play', '_from_bcp': True}
2024-05-07 07:05:09,816 : INFO : EventManager : Event: ======'slide_base_removed'====== Args={'_from_bcp': True}
2024-05-07 07:05:11,476 : INFO : SwitchController : <<<<<<< 's_launch' active >>>>>>>
2024-05-07 07:05:11,476 : INFO : EventManager : Event: ======'e_launch_press'====== Args={}
2024-05-07 07:05:11,477 : INFO : EventManager : Event: ======'machine_var_audits_switches_s_launch'====== Args={'value': 50, 'prev_value': 49, 'change': 1}
2024-05-07 07:05:11,478 : INFO : EventManager : Event: ======'balls_in_play'====== Args={'balls': 1}
2024-05-07 07:05:11,478 : INFO : EventManager : Event: ======'ball_started'====== Args={'player': 1, 'ball': 3, 'balls_remaining': 0, 'is_extra_ball': False}
2024-05-07 07:05:11,481 : INFO : EventManager : Event: ======'mode_launch_shows_will_stop'====== Args={}
2024-05-07 07:05:11,482 : INFO : EventManager : Event: ======'mode_launch_shows_stopping'====== Args={}
2024-05-07 07:05:11,482 : INFO : EventManager : Event: ======'mode_start_ball_save_will_start'====== Args={'player': 1, 'ball': 3, 'balls_remaining': 0, 'is_extra_ball': False}
2024-05-07 07:05:11,483 : INFO : EventManager : Event: ======'mode_start_ball_save_starting'====== Args={'player': 1, 'ball': 3, 'balls_remaining': 0, 'is_extra_ball': False}
2024-05-07 07:05:11,483 : INFO : EventManager : Event: ======'mode_mult_fleshy_qualify_will_start'====== Args={'player': 1, 'ball': 3, 'balls_remaining': 0, 'is_extra_ball': False}
2024-05-07 07:05:11,484 : INFO : EventManager : Event: ======'mode_mult_fleshy_qualify_starting'====== Args={'player': 1, 'ball': 3, 'balls_remaining': 0, 'is_extra_ball': False}
2024-05-07 07:05:11,485 : INFO : EventManager : Event: ======'mode_lane_rotate_will_start'====== Args={'player': 1, 'ball': 3, 'balls_remaining': 0, 'is_extra_ball': False}
2024-05-07 07:05:11,487 : INFO : EventManager : Event: ======'mode_lane_rotate_starting'====== Args={'player': 1, 'ball': 3, 'balls_remaining': 0, 'is_extra_ball': False}
2024-05-07 07:05:11,488 : INFO : Mode.lane_rotate : Started. Priority: 100
2024-05-07 07:05:11,488 : INFO : EventManager : Event: ======'modes_active_modes_changed'====== Args={}
2024-05-07 07:05:11,488 : INFO : EventManager : Event: ======'mode_lane_rotate_started'====== Args={'player': 1, 'ball': 3, 'balls_remaining': 0, 'is_extra_ball': False}
2024-05-07 07:05:11,488 : INFO : Mode.mult_fleshy_qualify : Started. Priority: 100
2024-05-07 07:05:11,489 : INFO : EventManager : Event: ======'modes_active_modes_changed'====== Args={}
2024-05-07 07:05:11,489 : INFO : EventManager : Event: ======'mode_mult_fleshy_qualify_started'====== Args={'player': 1, 'ball': 3, 'balls_remaining': 0, 'is_extra_ball': False}
2024-05-07 07:05:11,489 : INFO : Mode.start_ball_save : Started. Priority: 100
2024-05-07 07:05:11,489 : INFO : EventManager : Event: ======'modes_active_modes_changed'====== Args={}
2024-05-07 07:05:11,489 : INFO : EventManager : Event: ======'mode_start_ball_save_started'====== Args={'player': 1, 'ball': 3, 'balls_remaining': 0, 'is_extra_ball': False}
2024-05-07 07:05:11,490 : INFO : EventManager : Event: ======'ball_save_ball_save_ball_save_enabled'====== Args={}
2024-05-07 07:05:11,490 : INFO : Mode.launch_shows : Stopped.
2024-05-07 07:05:11,490 : INFO : EventManager : Event: ======'modes_active_modes_changed'====== Args={}
2024-05-07 07:05:11,490 : INFO : EventManager : Event: ======'mode_launch_shows_stopped'====== Args={}
2024-05-07 07:05:11,490 : INFO : EventManager : Event: ======'clear'====== Args={'key': 'launch_shows'}
2024-05-07 07:05:11,491 : INFO : EventManager : Event: ======'single_player_ball_started'====== Args={}
2024-05-07 07:05:11,493 : INFO : EventManager : Event: ======'ball_start_target'====== Args={'target': 'playfield'}
2024-05-07 07:05:11,493 : INFO : ball_device.bd_trough : Setting up player-controlled eject. Balls: 1, Target: <playfield.playfield>, player_controlled_eject_event: None
2024-05-07 07:05:11,493 : INFO : ball_device.bd_trough : Adding 1 ball(s) to the eject_queue with target <playfield.playfield>.
2024-05-07 07:05:11,493 : INFO : EventManager : Event: ======'balldevice_balls_available'====== Args={}
2024-05-07 07:05:11,494 : INFO : ball_device.bd_trough : State: waiting_for_target_ready
2024-05-07 07:05:11,494 : INFO : EventManager : Event: ======'balldevice_bd_trough_ball_eject_attempt'====== Args={'balls': 1, 'target': <playfield.playfield>, 'source': <ball_device.bd_trough>, 'mechanical_eject': False, 'num_attempts': 0}
2024-05-07 07:05:11,494 : INFO : ball_device.bd_trough : State: ejecting
2024-05-07 07:05:11,495 : INFO : ball_device.bd_trough : Ejecting ball to <playfield.playfield>
2024-05-07 07:05:11,495 : INFO : EventManager : Event: ======'balldevice_bd_trough_ejecting_ball'====== Args={'balls': 1, 'target': <playfield.playfield>, 'source': <ball_device.bd_trough>, 'mechanical_eject': False, 'num_attempts': 0}
2024-05-07 07:05:11,495 : INFO : EventManager : Event: ======'ball_save_ball_save_ball_save_timer_start'====== Args={}
2024-05-07 07:05:11,496 : INFO : ball_device.bd_trough : Wait for ball to leave device
2024-05-07 07:05:11,496 : INFO : coil.c_trough : Pulsing Driver for 14ms (1.0 pulse_power)
2024-05-07 07:05:11,503 : INFO : EventManager : Event: ======'slide_base_created'====== Args={'_from_bcp': True}
2024-05-07 07:05:11,503 : INFO : EventManager : Event: ======'slide_launch_inactive'====== Args={'_from_bcp': True}
2024-05-07 07:05:11,503 : INFO : EventManager : Event: ======'slide_base_active'====== Args={'original_context': 'base', 'original_calling_context': 'mode_launch_shows_stopped', 'cmd': 'slides_play', '_from_bcp': True}
2024-05-07 07:05:11,503 : INFO : EventManager : Event: ======'slide_launch_removed'====== Args={'_from_bcp': True}
2024-05-07 07:05:11,588 : INFO : SwitchController : <<<<<<< 's_launch' inactive >>>>>>>
2024-05-07 07:05:12,762 : INFO : SwitchController : <<<<<<< 's_trough_1' inactive >>>>>>>
2024-05-07 07:05:12,763 : INFO : ball_device.bd_trough : State: ball_left
2024-05-07 07:05:12,763 : INFO : ball_device.bd_trough : Ball left
2024-05-07 07:05:12,763 : INFO : ball_device.bd_trough : Wait for confirm with timeout 2.0
2024-05-07 07:05:14,497 : INFO : EventManager : Event: ======'ball_save_ball_save_ball_save_hurry_up'====== Args={}
2024-05-07 07:05:14,765 : INFO : ball_device.bd_trough : State: failed_confirm
2024-05-07 07:05:14,766 : INFO : ball_device.bd_trough : Got timeout (2.0s) before confirm from <playfield.playfield>
2024-05-07 07:05:14,867 : INFO : ball_device.bd_trough : Confirming eject because target is playfield and ball did not return.
2024-05-07 07:05:14,868 : INFO : ball_device.bd_trough : Eject successful
2024-05-07 07:05:14,868 : INFO : EventManager : Event: ======'balldevice_bd_trough_ball_eject_success'====== Args={'balls': 1, 'target': <playfield.playfield>}
2024-05-07 07:05:14,868 : INFO : EventManager : Event: ======'balldevice_playfield_ball_enter'====== Args={'new_balls': 1, 'unclaimed_balls': 1, 'device': <playfield.playfield>}
2024-05-07 07:05:14,869 : INFO : EventManager : Event: ======'playfield_ball_count_change'====== Args={'balls': 1, 'change': 1}
2024-05-07 07:05:14,870 : INFO : EventManager : Event: ======'balldevice_bd_trough_ball_count_changed'====== Args={'balls': 0}
2024-05-07 07:05:14,871 : INFO : ball_device.bd_trough : State: idle
2024-05-07 07:05:16,498 : INFO : EventManager : Event: ======'ball_save_ball_save_ball_save_disabled'====== Args={}
2024-05-07 07:05:17,720 : INFO : SwitchController : <<<<<<< 's_trough_1' active >>>>>>>
2024-05-07 07:05:17,720 : INFO : EventManager : Event: ======'machine_var_audits_switches_s_trough_1'====== Args={'value': 15, 'prev_value': 14, 'change': 1}
2024-05-07 07:05:18,221 : INFO : EventManager : Event: ======'balldevice_bd_trough_ball_count_changed'====== Args={'balls': 1}
2024-05-07 07:05:18,222 : INFO : ball_device.bd_trough : Received unexpected ball
2024-05-07 07:05:18,222 : INFO : EventManager : Event: ======'balldevice_captured_from_playfield'====== Args={'balls': 1}
2024-05-07 07:05:18,223 : INFO : EventManager : Event: ======'sw_playfield_active'====== Args={'balls': 1}
2024-05-07 07:05:18,223 : INFO : EventManager : Event: ======'playfield_ball_count_change'====== Args={'balls': 0, 'change': -1}
2024-05-07 07:05:18,224 : INFO : EventManager : Event: ======'balldevice_bd_trough_ball_enter'====== Args={'new_balls': 1, 'unclaimed_balls': 1, 'new_available_balls': 1, 'device': <ball_device.bd_trough>}
2024-05-07 07:05:18,224 : INFO : EventManager : Event: ======'ball_drain'====== Args={'device': <ball_device.bd_trough>, 'balls': 1}
2024-05-07 07:05:18,225 : INFO : EventManager : Event: ======'ball_will_end'====== Args={}
2024-05-07 07:05:18,225 : INFO : EventManager : Event: ======'balldevice_balls_available'====== Args={}
2024-05-07 07:05:18,226 : INFO : EventManager : Event: ======'balldevice_bd_trough_ball_entered'====== Args={'new_balls': 1, 'device': <ball_device.bd_trough>}
2024-05-07 07:05:18,226 : INFO : EventManager : Event: ======'mode_lane_rotate_will_stop'====== Args={}
2024-05-07 07:05:18,226 : INFO : EventManager : Event: ======'mode_lane_rotate_stopping'====== Args={}
2024-05-07 07:05:18,227 : INFO : Mode.lane_rotate : Stopped.
2024-05-07 07:05:18,227 : INFO : EventManager : Event: ======'modes_active_modes_changed'====== Args={}
2024-05-07 07:05:18,227 : INFO : EventManager : Event: ======'mode_lane_rotate_stopped'====== Args={}
2024-05-07 07:05:18,228 : INFO : EventManager : Event: ======'clear'====== Args={'key': 'lane_rotate'}
2024-05-07 07:05:18,229 : INFO : EventManager : Event: ======'ball_ending'====== Args={}
2024-05-07 07:05:18,229 : INFO : EventManager : Event: ======'mode_start_ball_save_will_stop'====== Args={}
2024-05-07 07:05:18,229 : INFO : EventManager : Event: ======'mode_start_ball_save_stopping'====== Args={}
2024-05-07 07:05:18,230 : INFO : EventManager : Event: ======'mode_mult_fleshy_qualify_will_stop'====== Args={}
2024-05-07 07:05:18,230 : INFO : EventManager : Event: ======'mode_mult_fleshy_qualify_stopping'====== Args={}
2024-05-07 07:05:18,231 : INFO : EventManager : Event: ======'mode_base_will_stop'====== Args={}
2024-05-07 07:05:18,231 : INFO : EventManager : Event: ======'mode_base_stopping'====== Args={}
2024-05-07 07:05:18,232 : INFO : Mode.base : Stopped.
2024-05-07 07:05:18,232 : INFO : EventManager : Event: ======'modes_active_modes_changed'====== Args={}
2024-05-07 07:05:18,234 : INFO : EventManager : Event: ======'mode_base_stopped'====== Args={}
2024-05-07 07:05:18,234 : INFO : EventManager : Event: ======'clear'====== Args={'key': 'base'}
2024-05-07 07:05:18,237 : INFO : Mode.mult_fleshy_qualify : Stopped.
2024-05-07 07:05:18,237 : INFO : EventManager : Event: ======'modes_active_modes_changed'====== Args={}
2024-05-07 07:05:18,237 : INFO : EventManager : Event: ======'mode_mult_fleshy_qualify_stopped'====== Args={}
2024-05-07 07:05:18,238 : INFO : EventManager : Event: ======'clear'====== Args={'key': 'mult_fleshy_qualify'}
2024-05-07 07:05:18,239 : INFO : Mode.start_ball_save : Stopped.
2024-05-07 07:05:18,239 : INFO : EventManager : Event: ======'modes_active_modes_changed'====== Args={}
2024-05-07 07:05:18,239 : INFO : EventManager : Event: ======'mode_start_ball_save_stopped'====== Args={}
2024-05-07 07:05:18,239 : INFO : EventManager : Event: ======'clear'====== Args={'key': 'start_ball_save'}
2024-05-07 07:05:18,240 : INFO : EventManager : Event: ======'ball_ended'====== Args={}
2024-05-07 07:05:18,242 : INFO : EventManager : Event: ======'player_turn_will_end'====== Args={'player': <Player 1>, 'number': 1}
2024-05-07 07:05:18,242 : INFO : EventManager : Event: ======'player_turn_ending'====== Args={'player': <Player 1>, 'number': 1}
2024-05-07 07:05:18,242 : INFO : EventManager : Event: ======'player_turn_ended'====== Args={'player': <Player 1>, 'number': 1}
2024-05-07 07:05:18,243 : INFO : EventManager : Event: ======'game_will_end'====== Args={}
2024-05-07 07:05:18,243 : INFO : EventManager : Event: ======'game_ending'====== Args={}
2024-05-07 07:05:18,243 : INFO : EventManager : Event: ======'game_ended'====== Args={}
2024-05-07 07:05:18,244 : INFO : EventManager : Event: ======'mode_game_will_stop'====== Args={}
2024-05-07 07:05:18,244 : INFO : EventManager : Event: ======'mode_game_stopping'====== Args={}
2024-05-07 07:05:18,244 : INFO : EventManager : Event: ======'mode_attract_will_start'====== Args={}
2024-05-07 07:05:18,245 : INFO : EventManager : Event: ======'mode_attract_starting'====== Args={}
2024-05-07 07:05:18,245 : INFO : Mode.attract : Started. Priority: 10
2024-05-07 07:05:18,245 : INFO : EventManager : Event: ======'modes_active_modes_changed'====== Args={}
2024-05-07 07:05:18,245 : INFO : EventManager : Event: ======'mode_attract_started'====== Args={}
2024-05-07 07:05:18,246 : INFO : EventManager : Event: ======'collecting_balls_complete'====== Args={}
2024-05-07 07:05:18,247 : INFO : Mode.game : Stopped.
2024-05-07 07:05:18,247 : INFO : EventManager : Event: ======'modes_active_modes_changed'====== Args={}
2024-05-07 07:05:18,247 : INFO : EventManager : Event: ======'mode_game_stopped'====== Args={}
2024-05-07 07:05:18,247 : INFO : EventManager : Event: ======'clear'====== Args={'key': 'game'}
2024-05-07 07:05:18,255 : INFO : EventManager : Event: ======'slide_attract2_created'====== Args={'_from_bcp': True}
2024-05-07 07:06:27,937 : INFO : Machine : Shutting down...
2024-05-07 07:06:27,937 : INFO : EventManager : Event: ======'shutdown'====== Args={}
2024-05-07 07:06:27,952 : INFO : root : MPF run loop ended.
