2024-05-05 08:39:17,126 : INFO : root : Loading MPF Monitor Version 0.57.1
2024-05-05 08:39:18,733 : INFO : Core : Looking for MPF at localhost:5051
2024-05-05 08:39:19,784 : INFO : BCP Client : Connected to MPF
2024-05-05 09:31:32,871 : INFO : BCP Client : Connected to MPF
2024-05-05 09:32:14,871 : INFO : BCP Client : Connected to MPF
2024-05-05 09:34:30,870 : INFO : BCP Client : Connected to MPF
2024-05-05 09:35:13,870 : INFO : BCP Client : Connected to MPF
2024-05-05 09:36:17,870 : INFO : BCP Client : Connected to MPF
2024-05-05 11:04:42,833 : INFO : BCP Client : Connected to MPF
2024-05-05 11:05:13,832 : INFO : BCP Client : Connected to MPF
2024-05-05 11:05:42,832 : INFO : BCP Client : Connected to MPF
2024-05-05 11:07:31,831 : INFO : BCP Client : Connected to MPF
2024-05-05 11:09:19,831 : INFO : BCP Client : Connected to MPF
2024-05-05 11:10:36,830 : INFO : BCP Client : Connected to MPF
2024-05-05 11:16:57,836 : INFO : BCP Client : Connected to MPF
2024-05-05 20:29:03,303 : INFO : BCP Client : Connected to MPF
2024-05-06 07:10:17,231 : INFO : BCP Client : Connected to MPF
2024-05-06 07:11:24,229 : INFO : BCP Client : Connected to MPF
2024-05-06 07:12:11,230 : INFO : BCP Client : Connected to MPF
2024-05-06 08:23:59,193 : INFO : BCP Client : Connected to MPF
2024-05-06 08:26:21,191 : INFO : BCP Client : Connected to MPF
2024-05-06 10:19:52,223 : INFO : BCP Client : Connected to MPF
2024-05-06 10:20:38,219 : INFO : BCP Client : Connected to MPF
2024-05-06 10:27:05,217 : INFO : BCP Client : Connected to MPF
2024-05-06 10:28:19,215 : INFO : root : MPF Monitor run loop ended.
2024-05-06 10:28:19,215 : INFO : root : Stopping child threads... (0 remaining)
2024-05-06 10:28:19,216 : INFO : root : All child threads stopped.
