2024-04-19 20:20:00,137 : kivy : Kivy: v2.2.1
2024-04-19 20:20:00,137 : kivy : Kivy: Installed at "/Library/Frameworks/Python.framework/Versions/3.9/lib/python3.9/site-packages/kivy/__init__.py"
2024-04-19 20:20:00,137 : kivy : Python: v3.9.13 (v3.9.13:6de2ca5339, May 17 2022, 11:37:23) 
[Clang 13.0.0 (clang-1300.0.29.30)]
2024-04-19 20:20:00,137 : kivy : Python: Interpreter at "/Library/Frameworks/Python.framework/Versions/3.9/bin/python3.9"
2024-04-19 20:20:00,144 : kivy : Factory: 190 symbols loaded
2024-04-19 20:20:00,226 : kivy : ImageLoaderFFPy: Using ffpyplayer 4.5.1
2024-04-19 20:20:00,226 : kivy : Image: Providers: img_tex, img_imageio, img_dds, img_sdl2, img_pil, img_ffpyplayer 
2024-04-19 20:20:00,275 : kivy : VideoFFPy: Using ffpyplayer 4.5.1
2024-04-19 20:20:00,275 : kivy : Video: Provider: ffpyplayer(['video_ffmpeg'] ignored)
2024-04-19 20:20:00,295 : root : Loading MPF-MC controller
2024-04-19 20:20:00,296 : YamlMultifileConfigLoader : Machine config file #1: config
2024-04-19 20:20:00,296 : ConfigProcessor : Config file in cache changed: /Users/tannerpetch/Documents/GitHub/lofab/config/config
2024-04-19 20:20:00,296 : ConfigProcessor : Loading config from file /Library/Frameworks/Python.framework/Versions/3.9/lib/python3.9/site-packages/mpfmc/mcconfig.yaml.
2024-04-19 20:20:00,299 : ConfigProcessor : Loading config: /Library/Frameworks/Python.framework/Versions/3.9/lib/python3.9/site-packages/mpfmc/mcconfig.yaml
2024-04-19 20:20:00,299 : ConfigProcessor : Loading config from file /Users/tannerpetch/Documents/GitHub/lofab/config/config.
2024-04-19 20:20:00,303 : ConfigProcessor : Loading config: /Users/tannerpetch/Documents/GitHub/lofab/config/config
2024-04-19 20:20:00,305 : ConfigProcessor : Config file cache created: /var/folders/l2/q8hj_6s91xnb2jxg1sqm0h7r0000gn/T/d2eff62569ef5a6216970672da69648f.mpf_cache
2024-04-19 20:20:00,305 : ConfigProcessor : Loading config from cache: /var/folders/l2/q8hj_6s91xnb2jxg1sqm0h7r0000gn/T/640347d32029b3f32c9ad31d7a1b4b81.mpf_cache
2024-04-19 20:20:00,305 : ConfigProcessor : Loading config from cache: /var/folders/l2/q8hj_6s91xnb2jxg1sqm0h7r0000gn/T/edcc5f1d3215b377c9faab88c62e4ce0.mpf_cache
2024-04-19 20:20:00,305 : ConfigProcessor : Loading config from cache: /var/folders/l2/q8hj_6s91xnb2jxg1sqm0h7r0000gn/T/640347d32029b3f32c9ad31d7a1b4b81.mpf_cache
2024-04-19 20:20:00,305 : ConfigProcessor : Loading config from cache: /var/folders/l2/q8hj_6s91xnb2jxg1sqm0h7r0000gn/T/1875c266911f801b691956fe9e9284d6.mpf_cache
2024-04-19 20:20:00,306 : ConfigProcessor : Loading config from cache: /var/folders/l2/q8hj_6s91xnb2jxg1sqm0h7r0000gn/T/f97c90855879603280fcc571f5c42639.mpf_cache
2024-04-19 20:20:00,306 : ConfigProcessor : Loading config from cache: /var/folders/l2/q8hj_6s91xnb2jxg1sqm0h7r0000gn/T/66764f8b68b26fdba6c1f2bce3638479.mpf_cache
2024-04-19 20:20:00,306 : mpfmc : Mission Pinball Framework Media Controller (MPF-MC) v0.57.0. Requires MPF v0.57.0 or newer.
2024-04-19 20:20:00,306 : mpfmc : Found MPF v0.57.1.dev3
2024-04-19 20:20:00,306 : mpfmc : Machine path: /Users/tannerpetch/Documents/GitHub/lofab
2024-04-19 20:20:00,306 : mpfmc : Starting clock at 60.0Hz
2024-04-19 20:20:00,310 : kivy : Text: Provider: sdl2
2024-04-19 20:20:00,324 : kivy : Window: Provider: sdl2
2024-04-19 20:20:00,424 : kivy : GL: Using the "OpenGL ES 2" graphics system
2024-04-19 20:20:00,425 : kivy : GL: Backend used <sdl2>
2024-04-19 20:20:00,425 : kivy : GL: OpenGL version <b'2.1 Metal - 88'>
2024-04-19 20:20:00,425 : kivy : GL: OpenGL vendor <b'Apple'>
2024-04-19 20:20:00,425 : kivy : GL: OpenGL renderer <b'Apple M3'>
2024-04-19 20:20:00,425 : kivy : GL: OpenGL parsed version: 2, 1
2024-04-19 20:20:00,425 : kivy : GL: Shading version <b'1.20'>
2024-04-19 20:20:00,425 : kivy : GL: Texture max size <16384>
2024-04-19 20:20:00,425 : kivy : GL: Texture max units <16>
2024-04-19 20:20:00,433 : kivy : Window: auto add sdl2 input provider
2024-04-19 20:20:00,433 : kivy : Window: virtual keyboard not allowed, single mode, not docked
2024-04-19 20:20:00,436 : SoundSystem : SoundSystem: Using default 'sound_system' settings
2024-04-19 20:20:01,754 : AudioInterface : Initialized
2024-04-19 20:20:01,754 : AudioInterface : Loaded SDL 2.30.1
2024-04-19 20:20:01,754 : AudioInterface : Loaded SDL_Mixer 2.8.0
2024-04-19 20:20:01,754 : AudioInterface : Loaded GStreamer 1.22.10.0
2024-04-19 20:20:01,754 : AudioInterface : Loaded GLib 2.80.0
2024-04-19 20:20:01,754 : AudioInterface : Settings requested - rate: 44100, channels: 1, buffer: 2048 samples
2024-04-19 20:20:01,754 : AudioInterface : Settings in use - rate: 44100, channels: 1, buffer: 2048 samples (4096 bytes @ 2 bytes per sample)
2024-04-19 20:20:01,755 : SoundSystem : No audio tracks are specified in your machine config file. a track named 'default' has been created.
2024-04-19 20:20:01,755 : SoundSystem : Setting master volume to 0.0
2024-04-19 20:20:01,755 : AudioInterface : Enabling audio playback
2024-04-19 20:20:01,756 : kivy : Base: Start application main loop
2024-04-19 20:20:01,756 : EventManager : Event: ======'display_window_initialized'====== Args={}
2024-04-19 20:20:02,104 : mpfmc : Display: Setting 'window' as default display
2024-04-19 20:20:02,111 : mpfmc : ASPECT RATIO MISMATCH: The on-screen window is not the same aspect ratio as the display called 'window'. The logical display will be scaled from 1024x600 to the window size 1600x1200, and a black bar will make up the difference
2024-04-19 20:20:02,111 : EventManager : Event: ======'displays_initialized'====== Args={}
2024-04-19 20:20:02,112 : EventManager : Event: ======'slide_window_blank_created'====== Args={}
2024-04-19 20:20:02,112 : EventManager : Event: ======'display_window_ready'====== Args={}
2024-04-19 20:20:02,117 : EventManager : Event: ======'init_phase_1'====== Args={}
2024-04-19 20:20:02,119 : EventManager : Event: ======'mc_ready'====== Args={}
2024-04-19 20:20:02,119 : EventManager : Event: ======'init_phase_2'====== Args={}
2024-04-19 20:20:02,121 : EventManager : Event: ======'init_phase_3'====== Args={}
2024-04-19 20:20:02,122 : EventManager : Event: ======'init_phase_4'====== Args={}
2024-04-19 20:20:02,122 : EventManager : Event: ======'init_phase_5'====== Args={}
2024-04-19 20:20:02,197 : kivy : GL: NPOT texture support is available
2024-04-19 20:20:02,199 : EventManager : Event: ======'loading_assets'====== Args={'total': 2, 'loaded': 1, 'remaining': 1, 'percent': 50}
2024-04-19 20:20:02,199 : AssetManager : Loading assets: 1/2 (50%)
2024-04-19 20:20:02,200 : EventManager : Event: ======'loading_assets'====== Args={'total': 2, 'loaded': 2, 'remaining': 0, 'percent': 100}
2024-04-19 20:20:02,200 : AssetManager : Asset loading took: 0.44540905952453613
2024-04-19 20:20:02,200 : EventManager : Event: ======'asset_loading_complete'====== Args={}
2024-04-19 20:20:02,200 : AssetManager : Loading assets: 2/2 (100%)
2024-04-19 20:20:02,200 : EventManager : Event: ======'init_done'====== Args={}
2024-04-19 20:20:02,200 : MPF-MC BCP Server : Starting up on localhost port 5050
2024-04-19 20:20:02,201 : MPF-MC BCP Server : Waiting for a connection...
2024-04-19 20:20:02,210 : EventManager : Event: ======'client_disconnected'====== Args={'host': '127.0.0.1', 'port': 5050}
2024-04-19 20:20:02,247 : MPF-MC BCP Server : Received connection from: 127.0.0.1:56957
2024-04-19 20:20:02,250 : EventManager : Event: ======'client_connected'====== Args={'host': '127.0.0.1', 'port': 56957}
2024-04-19 20:20:02,407 : EventManager : Event: ======'machine_var_credits_string'====== Args={'value': 'FREE PLAY', 'prev_value': None, 'change': True}
2024-04-19 20:20:02,407 : EventManager : Event: ======'machine_var_master_volume'====== Args={'value': 0.5, 'prev_value': None, 'change': True}
2024-04-19 20:20:02,407 : EventManager : Event: ======'machine_var_player1_score'====== Args={'value': 0, 'prev_value': None, 'change': True}
2024-04-19 20:20:02,407 : EventManager : Event: ======'machine_var_mpf_version'====== Args={'value': 'Mission Pinball Framework v0.57.1.dev3', 'prev_value': None, 'change': True}
2024-04-19 20:20:02,407 : EventManager : Event: ======'machine_var_mpf_extended_version'====== Args={'value': 'Mission Pinball Framework v0.57.1.dev3, Config version:6, Show version: 6, BCP version:1.1', 'prev_value': None, 'change': True}
2024-04-19 20:20:02,407 : EventManager : Event: ======'machine_var_python_version'====== Args={'value': '3.9.13', 'prev_value': None, 'change': True}
2024-04-19 20:20:02,407 : EventManager : Event: ======'machine_var_platform'====== Args={'value': 'macOS-14.3-arm64-arm-64bit', 'prev_value': None, 'change': True}
2024-04-19 20:20:02,407 : EventManager : Event: ======'machine_var_platform_system'====== Args={'value': 'Darwin', 'prev_value': None, 'change': True}
2024-04-19 20:20:02,407 : EventManager : Event: ======'machine_var_platform_release'====== Args={'value': '23.3.0', 'prev_value': None, 'change': True}
2024-04-19 20:20:02,407 : EventManager : Event: ======'machine_var_platform_version'====== Args={'value': 'Darwin Kernel Version 23.3.0: Thu Dec 21 02:29:41 PST 2023; root:xnu-10002.81.5~11/RELEASE_ARM64_T8122', 'prev_value': None, 'change': True}
2024-04-19 20:20:02,407 : EventManager : Event: ======'machine_var_platform_machine'====== Args={'value': 'arm64', 'prev_value': None, 'change': True}
2024-04-19 20:20:02,407 : EventManager : Event: ======'machine_var_mc_version'====== Args={'value': 'MPF-MC v0.57.0', 'prev_value': None, 'change': True}
2024-04-19 20:20:02,407 : EventManager : Event: ======'machine_var_mc_extended_version'====== Args={'value': 'MPF-MC v0.57.0 (config_version=6, BCP v1.1,                      Requires MPF API compatibility v0.57.0 or newer)', 'prev_value': None, 'change': True}
2024-04-19 20:20:02,407 : EventManager : Event: ======'machine_var_credits_string'====== Args={'value': 'FREE PLAY', 'prev_value': None, 'change': True}
2024-04-19 20:20:02,407 : EventManager : Event: ======'machine_var_master_volume'====== Args={'value': 0.5, 'prev_value': None, 'change': True}
2024-04-19 20:20:02,407 : EventManager : Event: ======'machine_var_player1_score'====== Args={'value': 0, 'prev_value': None, 'change': True}
2024-04-19 20:20:02,407 : EventManager : Event: ======'machine_var_mpf_version'====== Args={'value': 'Mission Pinball Framework v0.57.1.dev3', 'prev_value': None, 'change': True}
2024-04-19 20:20:02,407 : EventManager : Event: ======'machine_var_mpf_extended_version'====== Args={'value': 'Mission Pinball Framework v0.57.1.dev3, Config version:6, Show version: 6, BCP version:1.1', 'prev_value': None, 'change': True}
2024-04-19 20:20:02,407 : EventManager : Event: ======'machine_var_python_version'====== Args={'value': '3.9.13', 'prev_value': None, 'change': True}
2024-04-19 20:20:02,407 : EventManager : Event: ======'machine_var_platform'====== Args={'value': 'macOS-14.3-arm64-arm-64bit', 'prev_value': None, 'change': True}
2024-04-19 20:20:02,407 : EventManager : Event: ======'machine_var_platform_system'====== Args={'value': 'Darwin', 'prev_value': None, 'change': True}
2024-04-19 20:20:02,407 : EventManager : Event: ======'machine_var_platform_release'====== Args={'value': '23.3.0', 'prev_value': None, 'change': True}
2024-04-19 20:20:02,407 : EventManager : Event: ======'machine_var_platform_version'====== Args={'value': 'Darwin Kernel Version 23.3.0: Thu Dec 21 02:29:41 PST 2023; root:xnu-10002.81.5~11/RELEASE_ARM64_T8122', 'prev_value': None, 'change': True}
2024-04-19 20:20:02,407 : EventManager : Event: ======'machine_var_platform_machine'====== Args={'value': 'arm64', 'prev_value': None, 'change': True}
2024-04-19 20:20:02,407 : EventManager : Event: ======'machine_var_mc_version'====== Args={'value': 'MPF-MC v0.57.0', 'prev_value': None, 'change': True}
2024-04-19 20:20:02,407 : EventManager : Event: ======'machine_var_mc_extended_version'====== Args={'value': 'MPF-MC v0.57.0 (config_version=6, BCP v1.1,                      Requires MPF API compatibility v0.57.0 or newer)', 'prev_value': None, 'change': True}
2024-04-19 20:20:02,407 : EventManager : Event: ======'machine_var_credits_string'====== Args={'value': 'FREE PLAY', 'prev_value': None, 'change': True}
2024-04-19 20:20:02,407 : EventManager : Event: ======'machine_var_master_volume'====== Args={'value': 0.5, 'prev_value': None, 'change': True}
2024-04-19 20:20:02,407 : EventManager : Event: ======'machine_var_player1_score'====== Args={'value': 0, 'prev_value': None, 'change': True}
2024-04-19 20:20:02,407 : EventManager : Event: ======'machine_var_mpf_version'====== Args={'value': 'Mission Pinball Framework v0.57.1.dev3', 'prev_value': None, 'change': True}
2024-04-19 20:20:02,407 : EventManager : Event: ======'machine_var_mpf_extended_version'====== Args={'value': 'Mission Pinball Framework v0.57.1.dev3, Config version:6, Show version: 6, BCP version:1.1', 'prev_value': None, 'change': True}
2024-04-19 20:20:02,407 : EventManager : Event: ======'machine_var_python_version'====== Args={'value': '3.9.13', 'prev_value': None, 'change': True}
2024-04-19 20:20:02,407 : EventManager : Event: ======'machine_var_platform'====== Args={'value': 'macOS-14.3-arm64-arm-64bit', 'prev_value': None, 'change': True}
2024-04-19 20:20:02,408 : EventManager : Event: ======'machine_var_platform_system'====== Args={'value': 'Darwin', 'prev_value': None, 'change': True}
2024-04-19 20:20:02,408 : EventManager : Event: ======'machine_var_platform_release'====== Args={'value': '23.3.0', 'prev_value': None, 'change': True}
2024-04-19 20:20:02,408 : EventManager : Event: ======'machine_var_platform_version'====== Args={'value': 'Darwin Kernel Version 23.3.0: Thu Dec 21 02:29:41 PST 2023; root:xnu-10002.81.5~11/RELEASE_ARM64_T8122', 'prev_value': None, 'change': True}
2024-04-19 20:20:02,408 : EventManager : Event: ======'machine_var_platform_machine'====== Args={'value': 'arm64', 'prev_value': None, 'change': True}
2024-04-19 20:20:02,408 : EventManager : Event: ======'machine_var_mc_version'====== Args={'value': 'MPF-MC v0.57.0', 'prev_value': None, 'change': True}
2024-04-19 20:20:02,408 : EventManager : Event: ======'machine_var_mc_extended_version'====== Args={'value': 'MPF-MC v0.57.0 (config_version=6, BCP v1.1,                      Requires MPF API compatibility v0.57.0 or newer)', 'prev_value': None, 'change': True}
2024-04-19 20:20:02,408 : EventManager : Event: ======'machine_var_credits_string'====== Args={'value': 'FREE PLAY', 'prev_value': None, 'change': True}
2024-04-19 20:20:02,408 : EventManager : Event: ======'machine_var_master_volume'====== Args={'value': 0.5, 'prev_value': None, 'change': True}
2024-04-19 20:20:02,408 : EventManager : Event: ======'machine_var_player1_score'====== Args={'value': 0, 'prev_value': None, 'change': True}
2024-04-19 20:20:02,408 : EventManager : Event: ======'machine_var_mpf_version'====== Args={'value': 'Mission Pinball Framework v0.57.1.dev3', 'prev_value': None, 'change': True}
2024-04-19 20:20:02,408 : EventManager : Event: ======'machine_var_mpf_extended_version'====== Args={'value': 'Mission Pinball Framework v0.57.1.dev3, Config version:6, Show version: 6, BCP version:1.1', 'prev_value': None, 'change': True}
2024-04-19 20:20:02,408 : EventManager : Event: ======'machine_var_python_version'====== Args={'value': '3.9.13', 'prev_value': None, 'change': True}
2024-04-19 20:20:02,408 : EventManager : Event: ======'machine_var_platform'====== Args={'value': 'macOS-14.3-arm64-arm-64bit', 'prev_value': None, 'change': True}
2024-04-19 20:20:02,408 : EventManager : Event: ======'machine_var_platform_system'====== Args={'value': 'Darwin', 'prev_value': None, 'change': True}
2024-04-19 20:20:02,408 : EventManager : Event: ======'machine_var_platform_release'====== Args={'value': '23.3.0', 'prev_value': None, 'change': True}
2024-04-19 20:20:02,408 : EventManager : Event: ======'machine_var_platform_version'====== Args={'value': 'Darwin Kernel Version 23.3.0: Thu Dec 21 02:29:41 PST 2023; root:xnu-10002.81.5~11/RELEASE_ARM64_T8122', 'prev_value': None, 'change': True}
2024-04-19 20:20:02,408 : EventManager : Event: ======'machine_var_platform_machine'====== Args={'value': 'arm64', 'prev_value': None, 'change': True}
2024-04-19 20:20:02,408 : EventManager : Event: ======'machine_var_mc_version'====== Args={'value': 'MPF-MC v0.57.0', 'prev_value': None, 'change': True}
2024-04-19 20:20:02,408 : EventManager : Event: ======'machine_var_mc_extended_version'====== Args={'value': 'MPF-MC v0.57.0 (config_version=6, BCP v1.1,                      Requires MPF API compatibility v0.57.0 or newer)', 'prev_value': None, 'change': True}
2024-04-19 20:20:02,408 : EventManager : Event: ======'machine_var_audits_events_game_ended'====== Args={'value': 0, 'prev_value': None, 'change': True}
2024-04-19 20:20:02,408 : EventManager : Event: ======'machine_var_audits_events_game_started'====== Args={'value': 2, 'prev_value': None, 'change': True}
2024-04-19 20:20:02,408 : EventManager : Event: ======'machine_var_audits_missing_switches_s_e'====== Args={'value': 2, 'prev_value': None, 'change': True}
2024-04-19 20:20:02,408 : SoundSystem : Setting master volume to 0.5
2024-04-19 20:20:02,408 : SoundSystem : Setting master volume to 0.5
2024-04-19 20:20:02,408 : SoundSystem : Setting master volume to 0.5
2024-04-19 20:20:02,408 : SoundSystem : Setting master volume to 0.5
2024-04-19 20:20:02,420 : EventManager : Event: ======'machine_var_audits_missing_switches_s_flipper_l'====== Args={'value': 2, 'prev_value': None, 'change': True}
2024-04-19 20:20:02,420 : EventManager : Event: ======'machine_var_audits_missing_switches_s_flipper_r'====== Args={'value': 2, 'prev_value': None, 'change': True}
2024-04-19 20:20:02,420 : EventManager : Event: ======'machine_var_audits_missing_switches_s_h'====== Args={'value': 2, 'prev_value': None, 'change': True}
2024-04-19 20:20:02,420 : EventManager : Event: ======'machine_var_audits_missing_switches_s_pop'====== Args={'value': 2, 'prev_value': None, 'change': True}
2024-04-19 20:20:02,420 : EventManager : Event: ======'machine_var_audits_missing_switches_s_ramp_complete'====== Args={'value': 2, 'prev_value': None, 'change': True}
2024-04-19 20:20:02,420 : EventManager : Event: ======'machine_var_audits_missing_switches_s_ramp_l'====== Args={'value': 2, 'prev_value': None, 'change': True}
2024-04-19 20:20:02,420 : EventManager : Event: ======'machine_var_audits_missing_switches_s_ramp_r'====== Args={'value': 2, 'prev_value': None, 'change': True}
2024-04-19 20:20:02,420 : EventManager : Event: ======'machine_var_audits_missing_switches_s_sling_l'====== Args={'value': 1, 'prev_value': None, 'change': True}
2024-04-19 20:20:02,420 : EventManager : Event: ======'machine_var_audits_missing_switches_s_sling_r'====== Args={'value': 1, 'prev_value': None, 'change': True}
2024-04-19 20:20:02,420 : EventManager : Event: ======'machine_var_audits_missing_switches_s_spinner'====== Args={'value': 2, 'prev_value': None, 'change': True}
2024-04-19 20:20:02,420 : EventManager : Event: ======'machine_var_audits_missing_switches_s_start'====== Args={'value': 2, 'prev_value': None, 'change': True}
2024-04-19 20:20:02,420 : EventManager : Event: ======'machine_var_audits_missing_switches_s_stationary_back'====== Args={'value': 2, 'prev_value': None, 'change': True}
2024-04-19 20:20:02,420 : EventManager : Event: ======'machine_var_audits_missing_switches_s_stationary_o'====== Args={'value': 2, 'prev_value': None, 'change': True}
2024-04-19 20:20:02,420 : EventManager : Event: ======'machine_var_audits_missing_switches_s_stationary_s'====== Args={'value': 2, 'prev_value': None, 'change': True}
2024-04-19 20:20:02,420 : EventManager : Event: ======'machine_var_audits_missing_switches_s_stationary_u'====== Args={'value': 2, 'prev_value': None, 'change': True}
2024-04-19 20:20:02,420 : EventManager : Event: ======'machine_var_audits_missing_switches_s_tilt_l'====== Args={'value': 2, 'prev_value': None, 'change': True}
2024-04-19 20:20:02,420 : EventManager : Event: ======'machine_var_audits_missing_switches_s_tilt_r'====== Args={'value': 2, 'prev_value': None, 'change': True}
2024-04-19 20:20:02,420 : EventManager : Event: ======'machine_var_audits_missing_switches_s_trough_1'====== Args={'value': 1, 'prev_value': None, 'change': True}
2024-04-19 20:20:02,420 : EventManager : Event: ======'machine_var_audits_missing_switches_s_trough_2'====== Args={'value': 2, 'prev_value': None, 'change': True}
2024-04-19 20:20:02,420 : EventManager : Event: ======'machine_var_audits_missing_switches_s_trough_3'====== Args={'value': 2, 'prev_value': None, 'change': True}
2024-04-19 20:20:02,420 : EventManager : Event: ======'machine_var_audits_missing_switches_s_trough_4'====== Args={'value': 2, 'prev_value': None, 'change': True}
2024-04-19 20:20:02,420 : EventManager : Event: ======'machine_var_audits_missing_switches_s_vuk'====== Args={'value': 2, 'prev_value': None, 'change': True}
2024-04-19 20:20:02,420 : EventManager : Event: ======'machine_var_audits_player_score'====== Args={'value': {'average': 0, 'top': [], 'total': 0}, 'prev_value': None, 'change': True}
2024-04-19 20:20:02,420 : EventManager : Event: ======'machine_var_audits_shots_r_sling_l'====== Args={'value': 7, 'prev_value': None, 'change': True}
2024-04-19 20:20:02,420 : EventManager : Event: ======'machine_var_audits_shots_r_sling_r'====== Args={'value': 9, 'prev_value': None, 'change': True}
2024-04-19 20:20:02,420 : EventManager : Event: ======'machine_var_audits_switches_s_e'====== Args={'value': 0, 'prev_value': None, 'change': True}
2024-04-19 20:20:02,420 : EventManager : Event: ======'machine_var_audits_switches_s_flipper_l'====== Args={'value': 0, 'prev_value': None, 'change': True}
2024-04-19 20:20:02,421 : EventManager : Event: ======'machine_var_audits_switches_s_flipper_r'====== Args={'value': 0, 'prev_value': None, 'change': True}
2024-04-19 20:20:02,421 : EventManager : Event: ======'machine_var_audits_switches_s_h'====== Args={'value': 0, 'prev_value': None, 'change': True}
2024-04-19 20:20:02,421 : EventManager : Event: ======'machine_var_audits_switches_s_launch'====== Args={'value': 4, 'prev_value': None, 'change': True}
2024-04-19 20:20:02,421 : EventManager : Event: ======'machine_var_audits_switches_s_pop'====== Args={'value': 0, 'prev_value': None, 'change': True}
2024-04-19 20:20:02,421 : EventManager : Event: ======'machine_var_audits_switches_s_ramp_complete'====== Args={'value': 0, 'prev_value': None, 'change': True}
2024-04-19 20:20:02,421 : EventManager : Event: ======'machine_var_audits_switches_s_ramp_l'====== Args={'value': 0, 'prev_value': None, 'change': True}
2024-04-19 20:20:02,421 : EventManager : Event: ======'machine_var_audits_switches_s_ramp_r'====== Args={'value': 0, 'prev_value': None, 'change': True}
2024-04-19 20:20:02,421 : EventManager : Event: ======'machine_var_audits_switches_s_sling_l'====== Args={'value': 7, 'prev_value': None, 'change': True}
2024-04-19 20:20:02,421 : EventManager : Event: ======'machine_var_audits_switches_s_sling_r'====== Args={'value': 9, 'prev_value': None, 'change': True}
2024-04-19 20:20:02,421 : EventManager : Event: ======'machine_var_audits_switches_s_spinner'====== Args={'value': 0, 'prev_value': None, 'change': True}
2024-04-19 20:20:02,421 : EventManager : Event: ======'machine_var_audits_switches_s_start'====== Args={'value': 0, 'prev_value': None, 'change': True}
2024-04-19 20:20:02,421 : EventManager : Event: ======'machine_var_audits_switches_s_stationary_back'====== Args={'value': 0, 'prev_value': None, 'change': True}
2024-04-19 20:20:02,421 : EventManager : Event: ======'machine_var_audits_switches_s_stationary_o'====== Args={'value': 0, 'prev_value': None, 'change': True}
2024-04-19 20:20:02,421 : EventManager : Event: ======'machine_var_audits_switches_s_stationary_s'====== Args={'value': 0, 'prev_value': None, 'change': True}
2024-04-19 20:20:02,421 : EventManager : Event: ======'machine_var_audits_switches_s_stationary_u'====== Args={'value': 0, 'prev_value': None, 'change': True}
2024-04-19 20:20:02,421 : EventManager : Event: ======'machine_var_audits_switches_s_tilt_l'====== Args={'value': 0, 'prev_value': None, 'change': True}
2024-04-19 20:20:02,421 : EventManager : Event: ======'machine_var_audits_switches_s_tilt_r'====== Args={'value': 0, 'prev_value': None, 'change': True}
2024-04-19 20:20:02,421 : EventManager : Event: ======'machine_var_audits_switches_s_trough_1'====== Args={'value': 3, 'prev_value': None, 'change': True}
2024-04-19 20:20:02,421 : EventManager : Event: ======'machine_var_audits_switches_s_trough_2'====== Args={'value': 0, 'prev_value': None, 'change': True}
2024-04-19 20:20:02,421 : EventManager : Event: ======'machine_var_audits_switches_s_trough_3'====== Args={'value': 0, 'prev_value': None, 'change': True}
2024-04-19 20:20:02,421 : EventManager : Event: ======'machine_var_audits_switches_s_trough_4'====== Args={'value': 0, 'prev_value': None, 'change': True}
2024-04-19 20:20:02,421 : EventManager : Event: ======'machine_var_audits_switches_s_vuk'====== Args={'value': 0, 'prev_value': None, 'change': True}
2024-04-19 20:20:02,421 : EventManager : Event: ======'mc_reset_phase_1'====== Args={}
2024-04-19 20:20:02,421 : EventManager : Event: ======'mc_reset_phase_2'====== Args={}
2024-04-19 20:20:02,421 : EventManager : Event: ======'mc_reset_phase_3'====== Args={}
2024-04-19 20:20:02,421 : EventManager : Event: ======'mc_reset_complete'====== Args={}
2024-04-19 20:20:02,433 : EventManager : Event: ======'slides_play'====== Args={'settings': {'fast_slide': {'widgets': [{'type': 'image', 'image': 'fast_slide', '_default_settings': ['type', 'image'], 'x': None, 'y': None, 'anchor_x': 'center', 'anchor_y': 'center', 'round_anchor_x': None, 'round_anchor_y': None, 'opacity': 1.0, 'z': 0, 'reset_animations_events': {}, 'color': [1.0, 1.0, 1.0, 1.0], 'style': [], 'adjust_top': 0, 'adjust_bottom': 0, 'adjust_left': 0, 'adjust_right': 0, 'expire': None, 'key': None, 'widget': None, 'events_when_added': [], 'events_when_removed': [], 'fps': 10, 'loops': -1, 'auto_play': True, 'start_frame': 0, 'rotation': 0, 'scale': 1.0, 'animations': None}], 'target': None, 'background_color': [0.0, 0.0, 0.0, 1.0], 'priority': None, 'show': True, 'force': False, 'expire': None, 'slide': None, 'tokens': {}, 'action': 'play'}}, 'context': 'show_3', 'calling_context': 0, 'priority': 10, 'show_tokens': {}, 'start_time': 2.603030125}
2024-04-19 20:20:02,434 : EventManager : Event: ======'slide_fast_slide_created'====== Args={}
2024-04-19 20:20:02,434 : EventManager : Event: ======'slide_fast_slide_active'====== Args={}
2024-04-19 20:20:05,431 : EventManager : Event: ======'slides_play'====== Args={'settings': {'hofab_title': {'widgets': [{'type': 'image', 'image': 'hofab_title', '_default_settings': ['type', 'image'], 'x': None, 'y': None, 'anchor_x': 'center', 'anchor_y': 'center', 'round_anchor_x': None, 'round_anchor_y': None, 'opacity': 1.0, 'z': 0, 'reset_animations_events': {}, 'color': [1.0, 1.0, 1.0, 1.0], 'style': [], 'adjust_top': 0, 'adjust_bottom': 0, 'adjust_left': 0, 'adjust_right': 0, 'expire': None, 'key': None, 'widget': None, 'events_when_added': [], 'events_when_removed': [], 'fps': 10, 'loops': -1, 'auto_play': True, 'start_frame': 0, 'rotation': 0, 'scale': 1.0, 'animations': None}], 'target': None, 'background_color': [0.0, 0.0, 0.0, 1.0], 'priority': None, 'show': True, 'force': False, 'expire': None, 'slide': None, 'tokens': {}, 'action': 'play'}}, 'context': 'show_3', 'calling_context': 1, 'priority': 10, 'show_tokens': {}, 'start_time': 5.603030125}
2024-04-19 20:20:05,433 : EventManager : Event: ======'slide_hofab_title_created'====== Args={}
2024-04-19 20:20:05,434 : EventManager : Event: ======'slide_hofab_title_active'====== Args={}
2024-04-19 20:20:08,437 : EventManager : Event: ======'slides_play'====== Args={'settings': {'fast_slide': {'widgets': [{'type': 'image', 'image': 'fast_slide', '_default_settings': ['type', 'image'], 'x': None, 'y': None, 'anchor_x': 'center', 'anchor_y': 'center', 'round_anchor_x': None, 'round_anchor_y': None, 'opacity': 1.0, 'z': 0, 'reset_animations_events': {}, 'color': [1.0, 1.0, 1.0, 1.0], 'style': [], 'adjust_top': 0, 'adjust_bottom': 0, 'adjust_left': 0, 'adjust_right': 0, 'expire': None, 'key': None, 'widget': None, 'events_when_added': [], 'events_when_removed': [], 'fps': 10, 'loops': -1, 'auto_play': True, 'start_frame': 0, 'rotation': 0, 'scale': 1.0, 'animations': None}], 'target': None, 'background_color': [0.0, 0.0, 0.0, 1.0], 'priority': None, 'show': True, 'force': False, 'expire': None, 'slide': None, 'tokens': {}, 'action': 'play'}}, 'context': 'show_3', 'calling_context': 0, 'priority': 10, 'show_tokens': {}, 'start_time': 8.603030125}
2024-04-19 20:20:08,438 : EventManager : Event: ======'slide_fast_slide_removed'====== Args={}
2024-04-19 20:20:08,440 : EventManager : Event: ======'slide_fast_slide_created'====== Args={}
2024-04-19 20:20:08,441 : EventManager : Event: ======'slide_fast_slide_active'====== Args={}
2024-04-19 20:20:11,430 : EventManager : Event: ======'slides_play'====== Args={'settings': {'hofab_title': {'widgets': [{'type': 'image', 'image': 'hofab_title', '_default_settings': ['type', 'image'], 'x': None, 'y': None, 'anchor_x': 'center', 'anchor_y': 'center', 'round_anchor_x': None, 'round_anchor_y': None, 'opacity': 1.0, 'z': 0, 'reset_animations_events': {}, 'color': [1.0, 1.0, 1.0, 1.0], 'style': [], 'adjust_top': 0, 'adjust_bottom': 0, 'adjust_left': 0, 'adjust_right': 0, 'expire': None, 'key': None, 'widget': None, 'events_when_added': [], 'events_when_removed': [], 'fps': 10, 'loops': -1, 'auto_play': True, 'start_frame': 0, 'rotation': 0, 'scale': 1.0, 'animations': None}], 'target': None, 'background_color': [0.0, 0.0, 0.0, 1.0], 'priority': None, 'show': True, 'force': False, 'expire': None, 'slide': None, 'tokens': {}, 'action': 'play'}}, 'context': 'show_3', 'calling_context': 1, 'priority': 10, 'show_tokens': {}, 'start_time': 11.603030125}
2024-04-19 20:20:11,430 : EventManager : Event: ======'slide_hofab_title_removed'====== Args={}
2024-04-19 20:20:11,432 : EventManager : Event: ======'slide_hofab_title_created'====== Args={}
2024-04-19 20:20:11,432 : EventManager : Event: ======'slide_hofab_title_active'====== Args={}
2024-04-19 20:20:14,431 : EventManager : Event: ======'slides_play'====== Args={'settings': {'fast_slide': {'widgets': [{'type': 'image', 'image': 'fast_slide', '_default_settings': ['type', 'image'], 'x': None, 'y': None, 'anchor_x': 'center', 'anchor_y': 'center', 'round_anchor_x': None, 'round_anchor_y': None, 'opacity': 1.0, 'z': 0, 'reset_animations_events': {}, 'color': [1.0, 1.0, 1.0, 1.0], 'style': [], 'adjust_top': 0, 'adjust_bottom': 0, 'adjust_left': 0, 'adjust_right': 0, 'expire': None, 'key': None, 'widget': None, 'events_when_added': [], 'events_when_removed': [], 'fps': 10, 'loops': -1, 'auto_play': True, 'start_frame': 0, 'rotation': 0, 'scale': 1.0, 'animations': None}], 'target': None, 'background_color': [0.0, 0.0, 0.0, 1.0], 'priority': None, 'show': True, 'force': False, 'expire': None, 'slide': None, 'tokens': {}, 'action': 'play'}}, 'context': 'show_3', 'calling_context': 0, 'priority': 10, 'show_tokens': {}, 'start_time': 14.603030125}
2024-04-19 20:20:14,432 : EventManager : Event: ======'slide_fast_slide_removed'====== Args={}
2024-04-19 20:20:14,433 : EventManager : Event: ======'slide_fast_slide_created'====== Args={}
2024-04-19 20:20:14,436 : EventManager : Event: ======'slide_fast_slide_active'====== Args={}
2024-04-19 20:20:17,429 : EventManager : Event: ======'slides_play'====== Args={'settings': {'hofab_title': {'widgets': [{'type': 'image', 'image': 'hofab_title', '_default_settings': ['type', 'image'], 'x': None, 'y': None, 'anchor_x': 'center', 'anchor_y': 'center', 'round_anchor_x': None, 'round_anchor_y': None, 'opacity': 1.0, 'z': 0, 'reset_animations_events': {}, 'color': [1.0, 1.0, 1.0, 1.0], 'style': [], 'adjust_top': 0, 'adjust_bottom': 0, 'adjust_left': 0, 'adjust_right': 0, 'expire': None, 'key': None, 'widget': None, 'events_when_added': [], 'events_when_removed': [], 'fps': 10, 'loops': -1, 'auto_play': True, 'start_frame': 0, 'rotation': 0, 'scale': 1.0, 'animations': None}], 'target': None, 'background_color': [0.0, 0.0, 0.0, 1.0], 'priority': None, 'show': True, 'force': False, 'expire': None, 'slide': None, 'tokens': {}, 'action': 'play'}}, 'context': 'show_3', 'calling_context': 1, 'priority': 10, 'show_tokens': {}, 'start_time': 17.603030125}
2024-04-19 20:20:17,429 : EventManager : Event: ======'slide_hofab_title_removed'====== Args={}
2024-04-19 20:20:17,431 : EventManager : Event: ======'slide_hofab_title_created'====== Args={}
2024-04-19 20:20:17,431 : EventManager : Event: ======'slide_hofab_title_active'====== Args={}
2024-04-19 20:20:20,427 : EventManager : Event: ======'slides_play'====== Args={'settings': {'fast_slide': {'widgets': [{'type': 'image', 'image': 'fast_slide', '_default_settings': ['type', 'image'], 'x': None, 'y': None, 'anchor_x': 'center', 'anchor_y': 'center', 'round_anchor_x': None, 'round_anchor_y': None, 'opacity': 1.0, 'z': 0, 'reset_animations_events': {}, 'color': [1.0, 1.0, 1.0, 1.0], 'style': [], 'adjust_top': 0, 'adjust_bottom': 0, 'adjust_left': 0, 'adjust_right': 0, 'expire': None, 'key': None, 'widget': None, 'events_when_added': [], 'events_when_removed': [], 'fps': 10, 'loops': -1, 'auto_play': True, 'start_frame': 0, 'rotation': 0, 'scale': 1.0, 'animations': None}], 'target': None, 'background_color': [0.0, 0.0, 0.0, 1.0], 'priority': None, 'show': True, 'force': False, 'expire': None, 'slide': None, 'tokens': {}, 'action': 'play'}}, 'context': 'show_3', 'calling_context': 0, 'priority': 10, 'show_tokens': {}, 'start_time': 20.603030125}
2024-04-19 20:20:20,428 : EventManager : Event: ======'slide_fast_slide_removed'====== Args={}
2024-04-19 20:20:20,430 : EventManager : Event: ======'slide_fast_slide_created'====== Args={}
2024-04-19 20:20:20,430 : EventManager : Event: ======'slide_fast_slide_active'====== Args={}
2024-04-19 20:20:23,433 : EventManager : Event: ======'slides_play'====== Args={'settings': {'hofab_title': {'widgets': [{'type': 'image', 'image': 'hofab_title', '_default_settings': ['type', 'image'], 'x': None, 'y': None, 'anchor_x': 'center', 'anchor_y': 'center', 'round_anchor_x': None, 'round_anchor_y': None, 'opacity': 1.0, 'z': 0, 'reset_animations_events': {}, 'color': [1.0, 1.0, 1.0, 1.0], 'style': [], 'adjust_top': 0, 'adjust_bottom': 0, 'adjust_left': 0, 'adjust_right': 0, 'expire': None, 'key': None, 'widget': None, 'events_when_added': [], 'events_when_removed': [], 'fps': 10, 'loops': -1, 'auto_play': True, 'start_frame': 0, 'rotation': 0, 'scale': 1.0, 'animations': None}], 'target': None, 'background_color': [0.0, 0.0, 0.0, 1.0], 'priority': None, 'show': True, 'force': False, 'expire': None, 'slide': None, 'tokens': {}, 'action': 'play'}}, 'context': 'show_3', 'calling_context': 1, 'priority': 10, 'show_tokens': {}, 'start_time': 23.603030125}
2024-04-19 20:20:23,433 : EventManager : Event: ======'slide_hofab_title_removed'====== Args={}
2024-04-19 20:20:23,435 : EventManager : Event: ======'slide_hofab_title_created'====== Args={}
2024-04-19 20:20:23,435 : EventManager : Event: ======'slide_hofab_title_active'====== Args={}
2024-04-19 20:20:26,430 : EventManager : Event: ======'slides_play'====== Args={'settings': {'fast_slide': {'widgets': [{'type': 'image', 'image': 'fast_slide', '_default_settings': ['type', 'image'], 'x': None, 'y': None, 'anchor_x': 'center', 'anchor_y': 'center', 'round_anchor_x': None, 'round_anchor_y': None, 'opacity': 1.0, 'z': 0, 'reset_animations_events': {}, 'color': [1.0, 1.0, 1.0, 1.0], 'style': [], 'adjust_top': 0, 'adjust_bottom': 0, 'adjust_left': 0, 'adjust_right': 0, 'expire': None, 'key': None, 'widget': None, 'events_when_added': [], 'events_when_removed': [], 'fps': 10, 'loops': -1, 'auto_play': True, 'start_frame': 0, 'rotation': 0, 'scale': 1.0, 'animations': None}], 'target': None, 'background_color': [0.0, 0.0, 0.0, 1.0], 'priority': None, 'show': True, 'force': False, 'expire': None, 'slide': None, 'tokens': {}, 'action': 'play'}}, 'context': 'show_3', 'calling_context': 0, 'priority': 10, 'show_tokens': {}, 'start_time': 26.603030125}
2024-04-19 20:20:26,431 : EventManager : Event: ======'slide_fast_slide_removed'====== Args={}
2024-04-19 20:20:26,433 : EventManager : Event: ======'slide_fast_slide_created'====== Args={}
2024-04-19 20:20:26,433 : EventManager : Event: ======'slide_fast_slide_active'====== Args={}
2024-04-19 20:20:29,431 : EventManager : Event: ======'slides_play'====== Args={'settings': {'hofab_title': {'widgets': [{'type': 'image', 'image': 'hofab_title', '_default_settings': ['type', 'image'], 'x': None, 'y': None, 'anchor_x': 'center', 'anchor_y': 'center', 'round_anchor_x': None, 'round_anchor_y': None, 'opacity': 1.0, 'z': 0, 'reset_animations_events': {}, 'color': [1.0, 1.0, 1.0, 1.0], 'style': [], 'adjust_top': 0, 'adjust_bottom': 0, 'adjust_left': 0, 'adjust_right': 0, 'expire': None, 'key': None, 'widget': None, 'events_when_added': [], 'events_when_removed': [], 'fps': 10, 'loops': -1, 'auto_play': True, 'start_frame': 0, 'rotation': 0, 'scale': 1.0, 'animations': None}], 'target': None, 'background_color': [0.0, 0.0, 0.0, 1.0], 'priority': None, 'show': True, 'force': False, 'expire': None, 'slide': None, 'tokens': {}, 'action': 'play'}}, 'context': 'show_3', 'calling_context': 1, 'priority': 10, 'show_tokens': {}, 'start_time': 29.603030125}
2024-04-19 20:20:29,432 : EventManager : Event: ======'slide_hofab_title_removed'====== Args={}
2024-04-19 20:20:29,433 : EventManager : Event: ======'slide_hofab_title_created'====== Args={}
2024-04-19 20:20:29,434 : EventManager : Event: ======'slide_hofab_title_active'====== Args={}
2024-04-19 20:20:32,433 : EventManager : Event: ======'slides_play'====== Args={'settings': {'fast_slide': {'widgets': [{'type': 'image', 'image': 'fast_slide', '_default_settings': ['type', 'image'], 'x': None, 'y': None, 'anchor_x': 'center', 'anchor_y': 'center', 'round_anchor_x': None, 'round_anchor_y': None, 'opacity': 1.0, 'z': 0, 'reset_animations_events': {}, 'color': [1.0, 1.0, 1.0, 1.0], 'style': [], 'adjust_top': 0, 'adjust_bottom': 0, 'adjust_left': 0, 'adjust_right': 0, 'expire': None, 'key': None, 'widget': None, 'events_when_added': [], 'events_when_removed': [], 'fps': 10, 'loops': -1, 'auto_play': True, 'start_frame': 0, 'rotation': 0, 'scale': 1.0, 'animations': None}], 'target': None, 'background_color': [0.0, 0.0, 0.0, 1.0], 'priority': None, 'show': True, 'force': False, 'expire': None, 'slide': None, 'tokens': {}, 'action': 'play'}}, 'context': 'show_3', 'calling_context': 0, 'priority': 10, 'show_tokens': {}, 'start_time': 32.603030125000004}
2024-04-19 20:20:32,433 : EventManager : Event: ======'slide_fast_slide_removed'====== Args={}
2024-04-19 20:20:32,435 : EventManager : Event: ======'slide_fast_slide_created'====== Args={}
2024-04-19 20:20:32,435 : EventManager : Event: ======'slide_fast_slide_active'====== Args={}
2024-04-19 20:20:35,425 : EventManager : Event: ======'slides_play'====== Args={'settings': {'hofab_title': {'widgets': [{'type': 'image', 'image': 'hofab_title', '_default_settings': ['type', 'image'], 'x': None, 'y': None, 'anchor_x': 'center', 'anchor_y': 'center', 'round_anchor_x': None, 'round_anchor_y': None, 'opacity': 1.0, 'z': 0, 'reset_animations_events': {}, 'color': [1.0, 1.0, 1.0, 1.0], 'style': [], 'adjust_top': 0, 'adjust_bottom': 0, 'adjust_left': 0, 'adjust_right': 0, 'expire': None, 'key': None, 'widget': None, 'events_when_added': [], 'events_when_removed': [], 'fps': 10, 'loops': -1, 'auto_play': True, 'start_frame': 0, 'rotation': 0, 'scale': 1.0, 'animations': None}], 'target': None, 'background_color': [0.0, 0.0, 0.0, 1.0], 'priority': None, 'show': True, 'force': False, 'expire': None, 'slide': None, 'tokens': {}, 'action': 'play'}}, 'context': 'show_3', 'calling_context': 1, 'priority': 10, 'show_tokens': {}, 'start_time': 35.603030125000004}
2024-04-19 20:20:35,425 : EventManager : Event: ======'slide_hofab_title_removed'====== Args={}
2024-04-19 20:20:35,427 : EventManager : Event: ======'slide_hofab_title_created'====== Args={}
2024-04-19 20:20:35,428 : EventManager : Event: ======'slide_hofab_title_active'====== Args={}
2024-04-19 20:20:38,428 : EventManager : Event: ======'slides_play'====== Args={'settings': {'fast_slide': {'widgets': [{'type': 'image', 'image': 'fast_slide', '_default_settings': ['type', 'image'], 'x': None, 'y': None, 'anchor_x': 'center', 'anchor_y': 'center', 'round_anchor_x': None, 'round_anchor_y': None, 'opacity': 1.0, 'z': 0, 'reset_animations_events': {}, 'color': [1.0, 1.0, 1.0, 1.0], 'style': [], 'adjust_top': 0, 'adjust_bottom': 0, 'adjust_left': 0, 'adjust_right': 0, 'expire': None, 'key': None, 'widget': None, 'events_when_added': [], 'events_when_removed': [], 'fps': 10, 'loops': -1, 'auto_play': True, 'start_frame': 0, 'rotation': 0, 'scale': 1.0, 'animations': None}], 'target': None, 'background_color': [0.0, 0.0, 0.0, 1.0], 'priority': None, 'show': True, 'force': False, 'expire': None, 'slide': None, 'tokens': {}, 'action': 'play'}}, 'context': 'show_3', 'calling_context': 0, 'priority': 10, 'show_tokens': {}, 'start_time': 38.603030125000004}
2024-04-19 20:20:38,429 : EventManager : Event: ======'slide_fast_slide_removed'====== Args={}
2024-04-19 20:20:38,429 : EventManager : Event: ======'slide_fast_slide_created'====== Args={}
2024-04-19 20:20:38,430 : EventManager : Event: ======'slide_fast_slide_active'====== Args={}
2024-04-19 20:20:41,425 : EventManager : Event: ======'slides_play'====== Args={'settings': {'hofab_title': {'widgets': [{'type': 'image', 'image': 'hofab_title', '_default_settings': ['type', 'image'], 'x': None, 'y': None, 'anchor_x': 'center', 'anchor_y': 'center', 'round_anchor_x': None, 'round_anchor_y': None, 'opacity': 1.0, 'z': 0, 'reset_animations_events': {}, 'color': [1.0, 1.0, 1.0, 1.0], 'style': [], 'adjust_top': 0, 'adjust_bottom': 0, 'adjust_left': 0, 'adjust_right': 0, 'expire': None, 'key': None, 'widget': None, 'events_when_added': [], 'events_when_removed': [], 'fps': 10, 'loops': -1, 'auto_play': True, 'start_frame': 0, 'rotation': 0, 'scale': 1.0, 'animations': None}], 'target': None, 'background_color': [0.0, 0.0, 0.0, 1.0], 'priority': None, 'show': True, 'force': False, 'expire': None, 'slide': None, 'tokens': {}, 'action': 'play'}}, 'context': 'show_3', 'calling_context': 1, 'priority': 10, 'show_tokens': {}, 'start_time': 41.603030125000004}
2024-04-19 20:20:41,425 : EventManager : Event: ======'slide_hofab_title_removed'====== Args={}
2024-04-19 20:20:41,427 : EventManager : Event: ======'slide_hofab_title_created'====== Args={}
2024-04-19 20:20:41,428 : EventManager : Event: ======'slide_hofab_title_active'====== Args={}
2024-04-19 20:20:42,133 : EventManager : Event: ======'game_started'====== Args={}
2024-04-19 20:20:42,133 : EventManager : Event: ======'slides_clear'====== Args={'context': 'show_3'}
2024-04-19 20:20:42,133 : EventManager : Event: ======'player_added'====== Args={'player': <Player 1>, 'num': 1}
2024-04-19 20:20:42,133 : EventManager : Event: ======'player_index'====== Args={'value': 0, 'prev_value': 0, 'change': 0, 'player_num': 1}
2024-04-19 20:20:42,133 : EventManager : Event: ======'player_number'====== Args={'value': 1, 'prev_value': 1, 'change': 0, 'player_num': 1}
2024-04-19 20:20:42,133 : EventManager : Event: ======'player_score'====== Args={'value': 0, 'prev_value': 0, 'change': 0, 'player_num': 1}
2024-04-19 20:20:42,134 : EventManager : Event: ======'slide_fast_slide_removed'====== Args={}
2024-04-19 20:20:42,134 : EventManager : Event: ======'slide_hofab_title_removed'====== Args={}
2024-04-19 20:20:42,134 : EventManager : Event: ======'slide_window_blank_active'====== Args={}
2024-04-19 20:20:42,146 : EventManager : Event: ======'player_ball'====== Args={'value': 1, 'prev_value': 0, 'change': 1, 'player_num': 1}
2024-04-19 20:20:42,146 : EventManager : Event: ======'player_turn_start'====== Args={'number': 1, 'player': <Player 1>}
2024-04-19 20:20:42,146 : EventManager : Event: ======'player_shot_r_pop_enabled'====== Args={'value': True, 'prev_value': 0, 'change': 1, 'player_num': 1}
2024-04-19 20:20:42,146 : EventManager : Event: ======'player_shot_r_sling_l_enabled'====== Args={'value': True, 'prev_value': 0, 'change': 1, 'player_num': 1}
2024-04-19 20:20:42,146 : EventManager : Event: ======'player_shot_r_sling_r_enabled'====== Args={'value': True, 'prev_value': 0, 'change': 1, 'player_num': 1}
2024-04-19 20:20:42,159 : EventManager : Event: ======'slides_play'====== Args={'settings': {'launch_slide': {'widgets': [{'type': 'text', 'text': 'PRESS LAUNCH BUTTON', 'color': [1.0, 0.0, 0.0, 1], 'font_size': 50, '_default_settings': ['type', 'text', 'color', 'font_size'], 'x': None, 'y': None, 'anchor_x': 'center', 'anchor_y': 'center', 'round_anchor_x': None, 'round_anchor_y': None, 'opacity': 1.0, 'z': 0, 'reset_animations_events': {}, 'style': [], 'adjust_top': 0, 'adjust_bottom': 0, 'adjust_left': 0, 'adjust_right': 0, 'expire': None, 'key': None, 'widget': None, 'events_when_added': [], 'events_when_removed': [], 'bitmap_font': False, 'font_kerning': True, 'bold': False, 'italic': False, 'number_grouping': False, 'min_digits': 0, 'halign': 'center', 'valign': 'middle', 'rotation': 0, 'scale': 1.0, 'casing': None, 'outline_color': [1.0, 1.0, 1.0, 1.0], 'outline_width': 0, 'animations': None}], 'target': None, 'background_color': [0.0, 0.0, 0.0, 1.0], 'priority': None, 'show': True, 'force': False, 'expire': None, 'slide': None, 'tokens': {}, 'action': 'play'}}, 'context': 'show_10', 'calling_context': 0, 'priority': 180, 'show_tokens': {}, 'start_time': 42.33043575}
2024-04-19 20:20:42,164 : EventManager : Event: ======'slide_launch_slide_created'====== Args={}
2024-04-19 20:20:42,165 : EventManager : Event: ======'slide_launch_slide_active'====== Args={}
2024-04-19 20:22:22,160 : EventManager : Event: ======'slides_play'====== Args={'settings': {'launch_slide': {'widgets': [{'type': 'text', 'text': 'PRESS LAUNCH BUTTON', 'color': [1.0, 0.0, 0.0, 1], 'font_size': 50, '_default_settings': ['type', 'text', 'color', 'font_size'], 'x': None, 'y': None, 'anchor_x': 'center', 'anchor_y': 'center', 'round_anchor_x': None, 'round_anchor_y': None, 'opacity': 1.0, 'z': 0, 'reset_animations_events': {}, 'style': [], 'adjust_top': 0, 'adjust_bottom': 0, 'adjust_left': 0, 'adjust_right': 0, 'expire': None, 'key': None, 'widget': None, 'events_when_added': [], 'events_when_removed': [], 'bitmap_font': False, 'font_kerning': True, 'bold': False, 'italic': False, 'number_grouping': False, 'min_digits': 0, 'halign': 'center', 'valign': 'middle', 'rotation': 0, 'scale': 1.0, 'casing': None, 'outline_color': [1.0, 1.0, 1.0, 1.0], 'outline_width': 0, 'animations': None}], 'target': None, 'background_color': [0.0, 0.0, 0.0, 1.0], 'priority': None, 'show': True, 'force': False, 'expire': None, 'slide': None, 'tokens': {}, 'action': 'play'}}, 'context': 'show_10', 'calling_context': 0, 'priority': 180, 'show_tokens': {}, 'start_time': 142.33043575}
2024-04-19 20:22:22,162 : EventManager : Event: ======'slide_launch_slide_removed'====== Args={}
2024-04-19 20:22:22,165 : EventManager : Event: ======'slide_launch_slide_created'====== Args={}
2024-04-19 20:22:22,166 : EventManager : Event: ======'slide_launch_slide_active'====== Args={}
2024-04-19 20:24:02,160 : EventManager : Event: ======'slides_play'====== Args={'settings': {'launch_slide': {'widgets': [{'type': 'text', 'text': 'PRESS LAUNCH BUTTON', 'color': [1.0, 0.0, 0.0, 1], 'font_size': 50, '_default_settings': ['type', 'text', 'color', 'font_size'], 'x': None, 'y': None, 'anchor_x': 'center', 'anchor_y': 'center', 'round_anchor_x': None, 'round_anchor_y': None, 'opacity': 1.0, 'z': 0, 'reset_animations_events': {}, 'style': [], 'adjust_top': 0, 'adjust_bottom': 0, 'adjust_left': 0, 'adjust_right': 0, 'expire': None, 'key': None, 'widget': None, 'events_when_added': [], 'events_when_removed': [], 'bitmap_font': False, 'font_kerning': True, 'bold': False, 'italic': False, 'number_grouping': False, 'min_digits': 0, 'halign': 'center', 'valign': 'middle', 'rotation': 0, 'scale': 1.0, 'casing': None, 'outline_color': [1.0, 1.0, 1.0, 1.0], 'outline_width': 0, 'animations': None}], 'target': None, 'background_color': [0.0, 0.0, 0.0, 1.0], 'priority': None, 'show': True, 'force': False, 'expire': None, 'slide': None, 'tokens': {}, 'action': 'play'}}, 'context': 'show_10', 'calling_context': 0, 'priority': 180, 'show_tokens': {}, 'start_time': 242.33043575}
2024-04-19 20:24:02,161 : EventManager : Event: ======'slide_launch_slide_removed'====== Args={}
2024-04-19 20:24:02,164 : EventManager : Event: ======'slide_launch_slide_created'====== Args={}
2024-04-19 20:24:02,165 : EventManager : Event: ======'slide_launch_slide_active'====== Args={}
2024-04-19 20:25:22,705 : kivy : Base: Leaving application in progress...
2024-04-19 20:25:22,710 : mpfmc : Stopping...
2024-04-19 20:25:22,711 : EventManager : Event: ======'shutdown'====== Args={}
2024-04-19 20:25:22,711 : AudioInterface : Disabling audio playback
2024-04-19 20:25:22,779 : mpfmc : Loop rate 75.13 Hz
