2024-05-06 07:10:16,770 : INFO : root : Loading config.
2024-05-06 07:10:16,790 : INFO : ConfigProcessor : Config spec file cache created: /var/folders/l2/q8hj_6s91xnb2jxg1sqm0h7r0000gn/T/config_spec.mpf_cache
2024-05-06 07:10:16,790 : INFO : YamlMultifileConfigLoader : Machine config file #1: config.yaml
2024-05-06 07:10:16,790 : INFO : ConfigProcessor : Loading config from cache: /var/folders/l2/q8hj_6s91xnb2jxg1sqm0h7r0000gn/T/479bffd5d2f40b527f859677e5b1aef9.mpf_cache
2024-05-06 07:10:16,815 : INFO : ConfigProcessor : Loading config from cache: /var/folders/l2/q8hj_6s91xnb2jxg1sqm0h7r0000gn/T/0481b880979d7ccc71369ad5f781c736.mpf_cache
2024-05-06 07:10:16,815 : INFO : ConfigProcessor : Loading config from cache: /var/folders/l2/q8hj_6s91xnb2jxg1sqm0h7r0000gn/T/9cfa8e96748dd80c23752180dbf36e5c.mpf_cache
2024-05-06 07:10:16,816 : INFO : ConfigProcessor : Loading config from cache: /var/folders/l2/q8hj_6s91xnb2jxg1sqm0h7r0000gn/T/0481b880979d7ccc71369ad5f781c736.mpf_cache
2024-05-06 07:10:16,816 : WARNING : ConfigProcessor : Config file in cache changed: /Users/tannerpetch/Documents/GitHub/lofab/modes/lane_rotate/config/lane_rotate.yaml
2024-05-06 07:10:16,816 : INFO : ConfigProcessor : Loading config from file /Users/tannerpetch/Documents/GitHub/lofab/modes/lane_rotate/config/lane_rotate.yaml.
2024-05-06 07:10:16,817 : INFO : ConfigProcessor : Loading config: /Users/tannerpetch/Documents/GitHub/lofab/modes/lane_rotate/config/lane_rotate.yaml
2024-05-06 07:10:16,818 : INFO : ConfigProcessor : Config file cache created: /var/folders/l2/q8hj_6s91xnb2jxg1sqm0h7r0000gn/T/1875c266911f801b691956fe9e9284d6.mpf_cache
2024-05-06 07:10:16,818 : INFO : ConfigProcessor : Loading config from cache: /var/folders/l2/q8hj_6s91xnb2jxg1sqm0h7r0000gn/T/f97c90855879603280fcc571f5c42639.mpf_cache
2024-05-06 07:10:16,818 : INFO : ConfigProcessor : Loading config from cache: /var/folders/l2/q8hj_6s91xnb2jxg1sqm0h7r0000gn/T/5336ce152edc820b26f3a51a9f95779b.mpf_cache
2024-05-06 07:10:16,819 : INFO : ConfigProcessor : Loading config from cache: /var/folders/l2/q8hj_6s91xnb2jxg1sqm0h7r0000gn/T/3dbc438e88423aa3ff742db2713b600f.mpf_cache
2024-05-06 07:10:16,820 : INFO : ConfigProcessor : Loading config from cache: /var/folders/l2/q8hj_6s91xnb2jxg1sqm0h7r0000gn/T/154d071a3850556c6f3eae37bf41c8b6.mpf_cache
2024-05-06 07:10:16,821 : INFO : ConfigProcessor : Loading config from cache: /var/folders/l2/q8hj_6s91xnb2jxg1sqm0h7r0000gn/T/ab100dbe0e16472b56f0213f3842a00f.mpf_cache
2024-05-06 07:10:16,822 : INFO : ConfigProcessor : Loading config from cache: /var/folders/l2/q8hj_6s91xnb2jxg1sqm0h7r0000gn/T/f03ad90ccd2c053e9e5d10795d01f4ba.mpf_cache
2024-05-06 07:10:16,822 : INFO : ConfigProcessor : Loading config from cache: /var/folders/l2/q8hj_6s91xnb2jxg1sqm0h7r0000gn/T/0f3c951d4c93079ae3fac6429c5bc2ee.mpf_cache
2024-05-06 07:10:16,823 : INFO : ConfigProcessor : Loading config from cache: /var/folders/l2/q8hj_6s91xnb2jxg1sqm0h7r0000gn/T/8bf004783a280ac33d17b88f37848116.mpf_cache
2024-05-06 07:10:16,824 : INFO : ConfigProcessor : Loading config from file /Users/tannerpetch/Documents/GitHub/lofab/modes/lane_rotate/shows/./lanes_complete.yaml.
2024-05-06 07:10:16,824 : INFO : ConfigProcessor : Loading config: /Users/tannerpetch/Documents/GitHub/lofab/modes/lane_rotate/shows/./lanes_complete.yaml
2024-05-06 07:10:16,825 : INFO : ConfigProcessor : Config file cache created: /var/folders/l2/q8hj_6s91xnb2jxg1sqm0h7r0000gn/T/db98bdefe8a072cec23a2527f4303b09.mpf_cache
2024-05-06 07:10:16,825 : INFO : ConfigProcessor : Loading config from cache: /var/folders/l2/q8hj_6s91xnb2jxg1sqm0h7r0000gn/T/d5d50eaa09e055f3a827c6269a3aa165.mpf_cache
2024-05-06 07:10:16,825 : INFO : ConfigProcessor : Loading config from cache: /var/folders/l2/q8hj_6s91xnb2jxg1sqm0h7r0000gn/T/eefb91dd78a2b4d0f2b86f7f7cb501a3.mpf_cache
2024-05-06 07:10:16,826 : INFO : ConfigProcessor : Loading config from cache: /var/folders/l2/q8hj_6s91xnb2jxg1sqm0h7r0000gn/T/d32f8b43f49e3e57afbd189fbbccae80.mpf_cache
2024-05-06 07:10:16,826 : INFO : ConfigProcessor : Loading config from cache: /var/folders/l2/q8hj_6s91xnb2jxg1sqm0h7r0000gn/T/08db62a1c5938674fa894d468364ed3e.mpf_cache
2024-05-06 07:10:16,826 : INFO : Machine : Mission Pinball Framework Core Engine v0.80.0.dev1
2024-05-06 07:10:16,826 : INFO : Machine : Command line arguments: {'no_load_cache': False, 'create_config_cache': True, 'bcp': False, 'configfile': ['config.yaml'], 'force_assets_load': False, 'platform_integration_test': False, 'jsonlogging': False, 'logfile': 'logs/2024-05-06-07-10-16-mpf-Tanners-Laptop.local.log', 'pause': False, 'production': False, 'text_ui': True, 'loglevel': 15, 'consoleloglevel': 20, 'force_platform': 'virtual', 'syslog_address': None, 'mc_file_name': None, 'no_sound': False}
2024-05-06 07:10:16,826 : INFO : Machine : MPF path: /Users/tannerpetch/Documents/git/mpf/mpf
2024-05-06 07:10:16,826 : INFO : Machine : Machine path: /Users/tannerpetch/Documents/GitHub/lofab
2024-05-06 07:10:16,826 : INFO : Machine : Platform: darwin
2024-05-06 07:10:16,826 : INFO : Machine : Python executable location: /Users/tannerpetch/mpfenv/bin/python3
2024-05-06 07:10:16,826 : INFO : Machine : Python version: 3.9.13 (64-bit)
2024-05-06 07:10:16,826 : INFO : Machine : Initializing MPF...
2024-05-06 07:10:16,860 : INFO : EventManager : Event: ======'machine_var_credits_string'====== Args={'value': 'FREE PLAY', 'prev_value': None, 'change': True}
2024-05-06 07:10:16,866 : INFO : EventManager : Event: ======'machine_var_master_volume'====== Args={'value': 0.5, 'prev_value': None, 'change': True}
2024-05-06 07:10:16,866 : INFO : EventManager : Event: ======'machine_var_player1_score'====== Args={'value': 100, 'prev_value': None, 'change': True}
2024-05-06 07:10:16,866 : INFO : EventManager : Event: ======'machine_var_player2_score'====== Args={'value': 0, 'prev_value': None, 'change': True}
2024-05-06 07:10:16,866 : INFO : EventManager : Event: ======'machine_var_mpf_version'====== Args={'value': 'Mission Pinball Framework v0.80.0.dev1', 'prev_value': None, 'change': True}
2024-05-06 07:10:16,866 : INFO : EventManager : Event: ======'machine_var_mpf_extended_version'====== Args={'value': 'Mission Pinball Framework v0.80.0.dev1, Config version:6, Show version: 6, BCP version:1.1', 'prev_value': None, 'change': True}
2024-05-06 07:10:16,866 : INFO : EventManager : Event: ======'machine_var_python_version'====== Args={'value': '3.9.13', 'prev_value': None, 'change': True}
2024-05-06 07:10:16,875 : INFO : EventManager : Event: ======'machine_var_platform'====== Args={'value': 'macOS-14.3-arm64-arm-64bit', 'prev_value': None, 'change': True}
2024-05-06 07:10:16,875 : INFO : EventManager : Event: ======'machine_var_platform_system'====== Args={'value': 'Darwin', 'prev_value': None, 'change': True}
2024-05-06 07:10:16,875 : INFO : EventManager : Event: ======'machine_var_platform_release'====== Args={'value': '23.3.0', 'prev_value': None, 'change': True}
2024-05-06 07:10:16,875 : INFO : EventManager : Event: ======'machine_var_platform_version'====== Args={'value': 'Darwin Kernel Version 23.3.0: Thu Dec 21 02:29:41 PST 2023; root:xnu-10002.81.5~11/RELEASE_ARM64_T8122', 'prev_value': None, 'change': True}
2024-05-06 07:10:16,875 : INFO : EventManager : Event: ======'machine_var_platform_machine'====== Args={'value': 'arm64', 'prev_value': None, 'change': True}
2024-05-06 07:10:16,875 : INFO : EventManager : Event: ======'init_phase_1'====== Args={}
2024-05-06 07:10:16,889 : INFO : EventManager : Event: ======'init_phase_2'====== Args={}
2024-05-06 07:10:16,891 : INFO : ball_device.bd_vuk : BCH: Initial count: 0
2024-05-06 07:10:16,891 : INFO : ball_device.bd_vuk : State: idle
2024-05-06 07:10:16,891 : INFO : ball_device.bd_trough : BCH: Initial count: 0
2024-05-06 07:10:16,891 : INFO : ball_device.bd_trough : State: idle
2024-05-06 07:10:16,895 : INFO : EventManager : Event: ======'init_phase_3'====== Args={}
2024-05-06 07:10:17,026 : INFO : EventManager : Event: ======'init_phase_4'====== Args={}
2024-05-06 07:10:17,027 : INFO : BallController : Initial balls found: 0
2024-05-06 07:10:17,028 : INFO : EventManager : Event: ======'machine_var_audits_events_game_ended'====== Args={'value': 1, 'prev_value': None, 'change': True}
2024-05-06 07:10:17,028 : INFO : EventManager : Event: ======'machine_var_audits_events_game_started'====== Args={'value': 14, 'prev_value': None, 'change': True}
2024-05-06 07:10:17,028 : INFO : EventManager : Event: ======'machine_var_audits_missing_switches_s_e'====== Args={'value': 14, 'prev_value': None, 'change': True}
2024-05-06 07:10:17,028 : INFO : EventManager : Event: ======'machine_var_audits_missing_switches_s_flipper_l'====== Args={'value': 1, 'prev_value': None, 'change': True}
2024-05-06 07:10:17,028 : INFO : EventManager : Event: ======'machine_var_audits_missing_switches_s_flipper_r'====== Args={'value': 3, 'prev_value': None, 'change': True}
2024-05-06 07:10:17,028 : INFO : EventManager : Event: ======'machine_var_audits_missing_switches_s_h'====== Args={'value': 14, 'prev_value': None, 'change': True}
2024-05-06 07:10:17,028 : INFO : EventManager : Event: ======'machine_var_audits_missing_switches_s_pop'====== Args={'value': 14, 'prev_value': None, 'change': True}
2024-05-06 07:10:17,028 : INFO : EventManager : Event: ======'machine_var_audits_missing_switches_s_ramp_complete'====== Args={'value': 14, 'prev_value': None, 'change': True}
2024-05-06 07:10:17,028 : INFO : EventManager : Event: ======'machine_var_audits_missing_switches_s_ramp_l'====== Args={'value': 14, 'prev_value': None, 'change': True}
2024-05-06 07:10:17,028 : INFO : EventManager : Event: ======'machine_var_audits_missing_switches_s_ramp_r'====== Args={'value': 14, 'prev_value': None, 'change': True}
2024-05-06 07:10:17,028 : INFO : EventManager : Event: ======'machine_var_audits_missing_switches_s_sling_l'====== Args={'value': 14, 'prev_value': None, 'change': True}
2024-05-06 07:10:17,028 : INFO : EventManager : Event: ======'machine_var_audits_missing_switches_s_sling_r'====== Args={'value': 14, 'prev_value': None, 'change': True}
2024-05-06 07:10:17,028 : INFO : EventManager : Event: ======'machine_var_audits_missing_switches_s_spinner'====== Args={'value': 14, 'prev_value': None, 'change': True}
2024-05-06 07:10:17,028 : INFO : EventManager : Event: ======'machine_var_audits_missing_switches_s_start'====== Args={'value': 1, 'prev_value': None, 'change': True}
2024-05-06 07:10:17,028 : INFO : EventManager : Event: ======'machine_var_audits_missing_switches_s_stationary_back'====== Args={'value': 14, 'prev_value': None, 'change': True}
2024-05-06 07:10:17,028 : INFO : EventManager : Event: ======'machine_var_audits_missing_switches_s_tilt_l'====== Args={'value': 14, 'prev_value': None, 'change': True}
2024-05-06 07:10:17,028 : INFO : EventManager : Event: ======'machine_var_audits_missing_switches_s_tilt_r'====== Args={'value': 14, 'prev_value': None, 'change': True}
2024-05-06 07:10:17,028 : INFO : EventManager : Event: ======'machine_var_audits_missing_switches_s_trough_1'====== Args={'value': 1, 'prev_value': None, 'change': True}
2024-05-06 07:10:17,028 : INFO : EventManager : Event: ======'machine_var_audits_missing_switches_s_trough_2'====== Args={'value': 14, 'prev_value': None, 'change': True}
2024-05-06 07:10:17,028 : INFO : EventManager : Event: ======'machine_var_audits_missing_switches_s_trough_3'====== Args={'value': 14, 'prev_value': None, 'change': True}
2024-05-06 07:10:17,028 : INFO : EventManager : Event: ======'machine_var_audits_missing_switches_s_trough_4'====== Args={'value': 12, 'prev_value': None, 'change': True}
2024-05-06 07:10:17,028 : INFO : EventManager : Event: ======'machine_var_audits_missing_switches_s_vuk'====== Args={'value': 12, 'prev_value': None, 'change': True}
2024-05-06 07:10:17,028 : INFO : EventManager : Event: ======'machine_var_audits_player_score'====== Args={'value': {'average': 0, 'top': [100, 0], 'total': 2}, 'prev_value': None, 'change': True}
2024-05-06 07:10:17,028 : INFO : EventManager : Event: ======'machine_var_audits_shots_r_o'====== Args={'value': 34, 'prev_value': None, 'change': True}
2024-05-06 07:10:17,029 : INFO : EventManager : Event: ======'machine_var_audits_shots_r_o_fleshy'====== Args={'value': 31, 'prev_value': None, 'change': True}
2024-05-06 07:10:17,029 : INFO : EventManager : Event: ======'machine_var_audits_shots_r_s'====== Args={'value': 17, 'prev_value': None, 'change': True}
2024-05-06 07:10:17,029 : INFO : EventManager : Event: ======'machine_var_audits_shots_r_s_fleshy'====== Args={'value': 17, 'prev_value': None, 'change': True}
2024-05-06 07:10:17,029 : INFO : EventManager : Event: ======'machine_var_audits_shots_r_u'====== Args={'value': 4, 'prev_value': None, 'change': True}
2024-05-06 07:10:17,029 : INFO : EventManager : Event: ======'machine_var_audits_switches_s_e'====== Args={'value': 0, 'prev_value': None, 'change': True}
2024-05-06 07:10:17,029 : INFO : EventManager : Event: ======'machine_var_audits_switches_s_flipper_l'====== Args={'value': 5, 'prev_value': None, 'change': True}
2024-05-06 07:10:17,029 : INFO : EventManager : Event: ======'machine_var_audits_switches_s_flipper_r'====== Args={'value': 1, 'prev_value': None, 'change': True}
2024-05-06 07:10:17,029 : INFO : EventManager : Event: ======'machine_var_audits_switches_s_h'====== Args={'value': 0, 'prev_value': None, 'change': True}
2024-05-06 07:10:17,029 : INFO : EventManager : Event: ======'machine_var_audits_switches_s_launch'====== Args={'value': 14, 'prev_value': None, 'change': True}
2024-05-06 07:10:17,029 : INFO : EventManager : Event: ======'machine_var_audits_switches_s_pop'====== Args={'value': 0, 'prev_value': None, 'change': True}
2024-05-06 07:10:17,029 : INFO : EventManager : Event: ======'machine_var_audits_switches_s_ramp_complete'====== Args={'value': 0, 'prev_value': None, 'change': True}
2024-05-06 07:10:17,029 : INFO : EventManager : Event: ======'machine_var_audits_switches_s_ramp_l'====== Args={'value': 0, 'prev_value': None, 'change': True}
2024-05-06 07:10:17,029 : INFO : EventManager : Event: ======'machine_var_audits_switches_s_ramp_r'====== Args={'value': 0, 'prev_value': None, 'change': True}
2024-05-06 07:10:17,029 : INFO : EventManager : Event: ======'machine_var_audits_switches_s_sling_l'====== Args={'value': 0, 'prev_value': None, 'change': True}
2024-05-06 07:10:17,029 : INFO : EventManager : Event: ======'machine_var_audits_switches_s_sling_r'====== Args={'value': 0, 'prev_value': None, 'change': True}
2024-05-06 07:10:17,029 : INFO : EventManager : Event: ======'machine_var_audits_switches_s_spinner'====== Args={'value': 0, 'prev_value': None, 'change': True}
2024-05-06 07:10:17,030 : INFO : EventManager : Event: ======'machine_var_audits_switches_s_start'====== Args={'value': 5, 'prev_value': None, 'change': True}
2024-05-06 07:10:17,030 : INFO : EventManager : Event: ======'machine_var_audits_switches_s_stationary_back'====== Args={'value': 0, 'prev_value': None, 'change': True}
2024-05-06 07:10:17,030 : INFO : EventManager : Event: ======'machine_var_audits_switches_s_stationary_o'====== Args={'value': 35, 'prev_value': None, 'change': True}
2024-05-06 07:10:17,030 : INFO : EventManager : Event: ======'machine_var_audits_switches_s_stationary_s'====== Args={'value': 17, 'prev_value': None, 'change': True}
2024-05-06 07:10:17,030 : INFO : EventManager : Event: ======'machine_var_audits_switches_s_stationary_u'====== Args={'value': 23, 'prev_value': None, 'change': True}
2024-05-06 07:10:17,030 : INFO : EventManager : Event: ======'machine_var_audits_switches_s_tilt_l'====== Args={'value': 0, 'prev_value': None, 'change': True}
2024-05-06 07:10:17,030 : INFO : EventManager : Event: ======'machine_var_audits_switches_s_tilt_r'====== Args={'value': 0, 'prev_value': None, 'change': True}
2024-05-06 07:10:17,030 : INFO : EventManager : Event: ======'machine_var_audits_switches_s_trough_1'====== Args={'value': 5, 'prev_value': None, 'change': True}
2024-05-06 07:10:17,030 : INFO : EventManager : Event: ======'machine_var_audits_switches_s_trough_2'====== Args={'value': 0, 'prev_value': None, 'change': True}
2024-05-06 07:10:17,030 : INFO : EventManager : Event: ======'machine_var_audits_switches_s_trough_3'====== Args={'value': 0, 'prev_value': None, 'change': True}
2024-05-06 07:10:17,030 : INFO : EventManager : Event: ======'machine_var_audits_switches_s_trough_4'====== Args={'value': 1, 'prev_value': None, 'change': True}
2024-05-06 07:10:17,030 : INFO : EventManager : Event: ======'machine_var_audits_switches_s_vuk'====== Args={'value': 6, 'prev_value': None, 'change': True}
2024-05-06 07:10:17,031 : INFO : EventManager : Event: ======'init_phase_5'====== Args={}
2024-05-06 07:10:17,031 : INFO : EventManager : Event: ======'init_done'====== Args={}
2024-05-06 07:10:17,031 : INFO : EventManager : Event: ======'machine_reset_phase_1'====== Args={}
2024-05-06 07:10:17,031 : INFO : EventManager : Event: ======'machine_reset_phase_2'====== Args={}
2024-05-06 07:10:17,031 : INFO : EventManager : Event: ======'machine_reset_phase_3'====== Args={}
2024-05-06 07:10:17,031 : INFO : EventManager : Event: ======'reset_complete'====== Args={}
2024-05-06 07:10:17,032 : INFO : EventManager : Event: ======'mode_attract_will_start'====== Args={}
2024-05-06 07:10:17,032 : INFO : EventManager : Event: ======'mode_attract_starting'====== Args={}
2024-05-06 07:10:17,032 : INFO : Mode.attract : Started. Priority: 10
2024-05-06 07:10:17,032 : INFO : EventManager : Event: ======'modes_active_modes_changed'====== Args={}
2024-05-06 07:10:17,032 : INFO : EventManager : Event: ======'mode_attract_started'====== Args={}
2024-05-06 07:10:17,032 : INFO : EventManager : Event: ======'collecting_balls_complete'====== Args={}
2024-05-06 07:10:17,032 : INFO : Machine : Starting the main run loop.
2024-05-06 07:10:17,230 : INFO : BcpServer : New client connected.
2024-05-06 07:10:22,253 : INFO : SwitchController : <<<<<<< 's_trough_1' active >>>>>>>
2024-05-06 07:10:22,753 : INFO : EventManager : Event: ======'balldevice_bd_trough_ball_count_changed'====== Args={'balls': 1}
2024-05-06 07:10:22,753 : INFO : ball_device.bd_trough : Received unexpected ball
2024-05-06 07:10:22,753 : INFO : EventManager : Event: ======'balldevice_captured_from_playfield'====== Args={'balls': 1}
2024-05-06 07:10:22,754 : INFO : EventManager : Event: ======'sw_playfield_active'====== Args={'balls': 1}
2024-05-06 07:10:22,754 : INFO : EventManager : Event: ======'playfield_active'====== Args={}
2024-05-06 07:10:22,754 : INFO : EventManager : Event: ======'unexpected_ball_on_playfield'====== Args={}
2024-05-06 07:10:22,754 : INFO : EventManager : Event: ======'playfield_ball_count_change'====== Args={'balls': -1, 'change': -1}
2024-05-06 07:10:22,754 : INFO : EventManager : Event: ======'balldevice_playfield_ball_enter'====== Args={'new_balls': 1, 'unclaimed_balls': 1, 'device': <playfield.playfield>}
2024-05-06 07:10:22,754 : INFO : EventManager : Event: ======'playfield_ball_count_change'====== Args={'balls': 0, 'change': 1}
2024-05-06 07:10:22,755 : INFO : BallController : Found a new ball which was captured from playfield. Known balls: 1
2024-05-06 07:10:22,755 : INFO : EventManager : Event: ======'found_new_ball'====== Args={}
2024-05-06 07:10:22,755 : INFO : EventManager : Event: ======'balldevice_bd_trough_ball_enter'====== Args={'new_balls': 1, 'unclaimed_balls': 1, 'new_available_balls': 1, 'device': <ball_device.bd_trough>}
2024-05-06 07:10:22,755 : INFO : EventManager : Event: ======'ball_drain'====== Args={'device': <ball_device.bd_trough>, 'balls': 1}
2024-05-06 07:10:22,755 : INFO : EventManager : Event: ======'balldevice_balls_available'====== Args={}
2024-05-06 07:10:22,755 : INFO : EventManager : Event: ======'balldevice_bd_trough_ball_entered'====== Args={'new_balls': 1, 'device': <ball_device.bd_trough>}
2024-05-06 07:10:23,351 : INFO : SwitchController : <<<<<<< 's_start' active >>>>>>>
2024-05-06 07:10:23,450 : INFO : SwitchController : <<<<<<< 's_start' inactive >>>>>>>
2024-05-06 07:10:23,450 : INFO : EventManager : Event: ======'request_to_start_game'====== Args={}
2024-05-06 07:10:23,450 : INFO : EventManager : Event: ======'game_start'====== Args={'buttons': [], 'hold_time': 0.09901025000000008}
2024-05-06 07:10:23,451 : INFO : EventManager : Event: ======'mode_game_will_start'====== Args={'buttons': [], 'hold_time': 0.09901025000000008}
2024-05-06 07:10:23,451 : INFO : EventManager : Event: ======'mode_game_starting'====== Args={'buttons': [], 'hold_time': 0.09901025000000008}
2024-05-06 07:10:23,451 : INFO : EventManager : Event: ======'mode_attract_will_stop'====== Args={}
2024-05-06 07:10:23,451 : INFO : EventManager : Event: ======'mode_attract_stopping'====== Args={}
2024-05-06 07:10:23,452 : INFO : Mode.attract : Stopped.
2024-05-06 07:10:23,452 : INFO : EventManager : Event: ======'modes_active_modes_changed'====== Args={}
2024-05-06 07:10:23,452 : INFO : EventManager : Event: ======'mode_attract_stopped'====== Args={}
2024-05-06 07:10:23,452 : INFO : EventManager : Event: ======'clear'====== Args={'key': 'attract'}
2024-05-06 07:10:23,453 : INFO : Mode.game : Started. Priority: 20
2024-05-06 07:10:23,453 : INFO : EventManager : Event: ======'modes_active_modes_changed'====== Args={}
2024-05-06 07:10:23,453 : INFO : EventManager : Event: ======'mode_game_started'====== Args={'buttons': [], 'hold_time': 0.09901025000000008}
2024-05-06 07:10:23,453 : INFO : EventManager : Event: ======'game_will_start'====== Args={}
2024-05-06 07:10:23,454 : INFO : EventManager : Event: ======'game_starting'====== Args={'game': <Mode.game>}
2024-05-06 07:10:23,454 : INFO : EventManager : Unordered handler for class <Auditor> on event game_ended with priority 1. Handlers: [RegisteredHandler(callback=<bound method Auditor.disable of <Auditor>>, priority=1, kwargs={}, key=UUID('89861dbc-f577-4b15-a013-39d0601c709e'), condition=None, blocking_facility=None), RegisteredHandler(callback=<bound method Auditor._save_audits of <Auditor>>, priority=1, kwargs={}, key=UUID('e3013858-5163-4d6f-9d64-fd26b40d8d5c'), condition=None, blocking_facility=None)]. The order of those handlers is not defined and they will be executed in random order. This might lead to race conditions and potential bugs.
2024-05-06 07:10:23,454 : INFO : EventManager : Event: ======'player_add_request'====== Args={}
2024-05-06 07:10:23,455 : INFO : EventManager : Event: ======'player_will_add'====== Args={'number': 1}
2024-05-06 07:10:23,455 : INFO : EventManager : Event: ======'player_adding'====== Args={'player': <Player 1>, 'number': 1}
2024-05-06 07:10:23,455 : INFO : EventManager : Event: ======'player_added'====== Args={'player': <Player 1>, 'num': 1}
2024-05-06 07:10:23,455 : INFO : Mode.game : Player added successfully. Total players: 1
2024-05-06 07:10:23,455 : INFO : EventManager : Event: ======'player_index'====== Args={'value': 0, 'prev_value': 0, 'change': 0, 'player_num': 1}
2024-05-06 07:10:23,456 : INFO : EventManager : Event: ======'player_number'====== Args={'value': 1, 'prev_value': 1, 'change': 0, 'player_num': 1}
2024-05-06 07:10:23,456 : INFO : EventManager : Event: ======'player_score'====== Args={'value': 0, 'prev_value': 0, 'change': 0, 'player_num': 1}
2024-05-06 07:10:23,456 : INFO : EventManager : Event: ======'game_started'====== Args={}
2024-05-06 07:10:23,457 : INFO : EventManager : Event: ======'player_turn_will_start'====== Args={'player': <Player 1>, 'number': 1}
2024-05-06 07:10:23,459 : INFO : EventManager : Event: ======'player_turn_starting'====== Args={'player': <Player 1>, 'number': 1}
2024-05-06 07:10:23,459 : INFO : EventManager : Event: ======'player_ball'====== Args={'value': 1, 'prev_value': 0, 'change': 1, 'player_num': 1}
2024-05-06 07:10:23,460 : INFO : EventManager : Event: ======'player_turn_started'====== Args={'player': <Player 1>, 'number': 1}
2024-05-06 07:10:23,460 : INFO : EventManager : Event: ======'ball_will_start'====== Args={'player': 1, 'ball': 1, 'balls_remaining': 2, 'is_extra_ball': False}
2024-05-06 07:10:23,464 : INFO : EventManager : Event: ======'ball_starting'====== Args={'player': 1, 'ball': 1, 'balls_remaining': 2, 'is_extra_ball': False}
2024-05-06 07:10:23,464 : INFO : EventManager : Event: ======'mode_base_will_start'====== Args={'queue': <QueuedEvent>, 'player': 1, 'ball': 1, 'balls_remaining': 2, 'is_extra_ball': False}
2024-05-06 07:10:23,464 : INFO : EventManager : Event: ======'player_shot_r_pop_enabled'====== Args={'value': True, 'prev_value': 0, 'change': 1, 'player_num': 1}
2024-05-06 07:10:23,465 : INFO : EventManager : Event: ======'player_shot_r_sling_l_enabled'====== Args={'value': True, 'prev_value': 0, 'change': 1, 'player_num': 1}
2024-05-06 07:10:23,465 : INFO : EventManager : Event: ======'player_shot_r_sling_r_enabled'====== Args={'value': True, 'prev_value': 0, 'change': 1, 'player_num': 1}
2024-05-06 07:10:23,466 : INFO : EventManager : Event: ======'mode_base_starting'====== Args={'queue': <QueuedEvent>, 'player': 1, 'ball': 1, 'balls_remaining': 2, 'is_extra_ball': False}
2024-05-06 07:10:23,466 : INFO : EventManager : Event: ======'waiting_for_launch_press'====== Args={}
2024-05-06 07:10:23,466 : INFO : Mode.base : Started. Priority: 100
2024-05-06 07:10:23,466 : INFO : EventManager : Event: ======'modes_active_modes_changed'====== Args={}
2024-05-06 07:10:23,466 : INFO : EventManager : Event: ======'mode_base_started'====== Args={'queue': <QueuedEvent>, 'player': 1, 'ball': 1, 'balls_remaining': 2, 'is_extra_ball': False}
2024-05-06 07:10:25,250 : INFO : SwitchController : <<<<<<< 's_launch' active >>>>>>>
2024-05-06 07:10:25,250 : INFO : EventManager : Event: ======'e_launch_press'====== Args={}
2024-05-06 07:10:25,251 : INFO : EventManager : Event: ======'machine_var_audits_switches_s_launch'====== Args={'value': 15, 'prev_value': 14, 'change': 1}
2024-05-06 07:10:25,253 : INFO : EventManager : Event: ======'balls_in_play'====== Args={'balls': 1}
2024-05-06 07:10:25,257 : INFO : EventManager : Event: ======'ball_started'====== Args={'player': 1, 'ball': 1, 'balls_remaining': 2, 'is_extra_ball': False}
2024-05-06 07:10:25,257 : INFO : EventManager : Event: ======'mode_lane_rotate_will_start'====== Args={'player': 1, 'ball': 1, 'balls_remaining': 2, 'is_extra_ball': False}
2024-05-06 07:10:25,258 : INFO : EventManager : Event: ======'player_shot_r_h_enabled'====== Args={'value': True, 'prev_value': 0, 'change': 1, 'player_num': 1}
2024-05-06 07:10:25,259 : INFO : EventManager : Event: ======'player_shot_r_o_enabled'====== Args={'value': True, 'prev_value': 0, 'change': 1, 'player_num': 1}
2024-05-06 07:10:25,259 : INFO : EventManager : Event: ======'player_shot_r_u_enabled'====== Args={'value': True, 'prev_value': 0, 'change': 1, 'player_num': 1}
2024-05-06 07:10:25,259 : INFO : EventManager : Event: ======'player_shot_r_s_enabled'====== Args={'value': True, 'prev_value': 0, 'change': 1, 'player_num': 1}
2024-05-06 07:10:25,260 : INFO : EventManager : Event: ======'player_shot_r_e_enabled'====== Args={'value': True, 'prev_value': 0, 'change': 1, 'player_num': 1}
2024-05-06 07:10:25,262 : INFO : EventManager : Event: ======'mode_lane_rotate_starting'====== Args={'player': 1, 'ball': 1, 'balls_remaining': 2, 'is_extra_ball': False}
2024-05-06 07:10:25,263 : INFO : EventManager : Event: ======'mode_mult_fleshy_qualify_will_start'====== Args={'player': 1, 'ball': 1, 'balls_remaining': 2, 'is_extra_ball': False}
2024-05-06 07:10:25,263 : INFO : EventManager : Event: ======'player_shot_r_o_fleshy_enabled'====== Args={'value': True, 'prev_value': 0, 'change': 1, 'player_num': 1}
2024-05-06 07:10:25,264 : INFO : EventManager : Event: ======'player_shot_r_s_fleshy_enabled'====== Args={'value': True, 'prev_value': 0, 'change': 1, 'player_num': 1}
2024-05-06 07:10:25,264 : INFO : EventManager : Event: ======'mode_mult_fleshy_qualify_starting'====== Args={'player': 1, 'ball': 1, 'balls_remaining': 2, 'is_extra_ball': False}
2024-05-06 07:10:25,265 : INFO : Mode.mult_fleshy_qualify : Started. Priority: 100
2024-05-06 07:10:25,265 : INFO : EventManager : Event: ======'modes_active_modes_changed'====== Args={}
2024-05-06 07:10:25,266 : INFO : EventManager : Event: ======'mode_mult_fleshy_qualify_started'====== Args={'player': 1, 'ball': 1, 'balls_remaining': 2, 'is_extra_ball': False}
2024-05-06 07:10:25,266 : INFO : Mode.lane_rotate : Started. Priority: 100
2024-05-06 07:10:25,266 : INFO : EventManager : Event: ======'modes_active_modes_changed'====== Args={}
2024-05-06 07:10:25,266 : INFO : EventManager : Event: ======'mode_lane_rotate_started'====== Args={'player': 1, 'ball': 1, 'balls_remaining': 2, 'is_extra_ball': False}
2024-05-06 07:10:25,266 : INFO : EventManager : Event: ======'single_player_ball_started'====== Args={}
2024-05-06 07:10:25,273 : INFO : EventManager : Event: ======'ball_start_target'====== Args={'target': 'playfield'}
2024-05-06 07:10:25,273 : INFO : ball_device.bd_trough : Setting up player-controlled eject. Balls: 1, Target: <playfield.playfield>, player_controlled_eject_event: None
2024-05-06 07:10:25,273 : INFO : ball_device.bd_trough : Adding 1 ball(s) to the eject_queue with target <playfield.playfield>.
2024-05-06 07:10:25,273 : INFO : EventManager : Event: ======'balldevice_balls_available'====== Args={}
2024-05-06 07:10:25,274 : INFO : ball_device.bd_trough : State: waiting_for_target_ready
2024-05-06 07:10:25,274 : INFO : EventManager : Event: ======'balldevice_bd_trough_ball_eject_attempt'====== Args={'balls': 1, 'target': <playfield.playfield>, 'source': <ball_device.bd_trough>, 'mechanical_eject': False, 'num_attempts': 0}
2024-05-06 07:10:25,274 : INFO : ball_device.bd_trough : State: ejecting
2024-05-06 07:10:25,274 : INFO : ball_device.bd_trough : Ejecting ball to <playfield.playfield>
2024-05-06 07:10:25,274 : INFO : EventManager : Event: ======'balldevice_bd_trough_ejecting_ball'====== Args={'balls': 1, 'target': <playfield.playfield>, 'source': <ball_device.bd_trough>, 'mechanical_eject': False, 'num_attempts': 0}
2024-05-06 07:10:25,275 : INFO : ball_device.bd_trough : Wait for ball to leave device
2024-05-06 07:10:25,275 : INFO : coil.c_trough : Pulsing Driver for 15ms (1.0 pulse_power)
2024-05-06 07:10:25,415 : INFO : SwitchController : <<<<<<< 's_launch' inactive >>>>>>>
2024-05-06 07:10:27,277 : INFO : EventManager : Event: ======'balldevice_bd_trough_ball_eject_failed'====== Args={'target': <playfield.playfield>, 'balls': 1, 'retry': True, 'num_attempts': 1}
2024-05-06 07:10:27,279 : INFO : ball_device.bd_trough : State: waiting_for_target_ready
2024-05-06 07:10:27,279 : INFO : EventManager : Event: ======'balldevice_bd_trough_ball_eject_attempt'====== Args={'balls': 1, 'target': <playfield.playfield>, 'source': <ball_device.bd_trough>, 'mechanical_eject': False, 'num_attempts': 1}
2024-05-06 07:10:27,279 : INFO : ball_device.bd_trough : State: ejecting
2024-05-06 07:10:27,280 : INFO : ball_device.bd_trough : Ejecting ball to <playfield.playfield>
2024-05-06 07:10:27,280 : INFO : EventManager : Event: ======'balldevice_bd_trough_ejecting_ball'====== Args={'balls': 1, 'target': <playfield.playfield>, 'source': <ball_device.bd_trough>, 'mechanical_eject': False, 'num_attempts': 1}
2024-05-06 07:10:27,281 : INFO : ball_device.bd_trough : Wait for ball to leave device
2024-05-06 07:10:27,281 : INFO : coil.c_trough : Pulsing Driver for 15ms (1.0 pulse_power)
2024-05-06 07:10:29,219 : INFO : SwitchController : <<<<<<< 's_stationary_o' active >>>>>>>
2024-05-06 07:10:29,219 : INFO : EventManager : Event: ======'playfield_active'====== Args={}
2024-05-06 07:10:29,220 : INFO : EventManager : Event: ======'playfield_active'====== Args={}
2024-05-06 07:10:29,221 : INFO : EventManager : Event: ======'s_stationary_o_active'====== Args={}
2024-05-06 07:10:29,221 : INFO : EventManager : Event: ======'sw_playfield_active'====== Args={}
2024-05-06 07:10:29,221 : INFO : EventManager : Event: ======'machine_var_audits_switches_s_stationary_o'====== Args={'value': 36, 'prev_value': 35, 'change': 1}
2024-05-06 07:10:29,223 : INFO : EventManager : Event: ======'player_shot_r_o'====== Args={'value': 1, 'prev_value': 0, 'change': 1, 'player_num': 1}
2024-05-06 07:10:29,227 : INFO : EventManager : Event: ======'machine_var_audits_shots_r_o'====== Args={'value': 35, 'prev_value': 34, 'change': 1}
2024-05-06 07:10:29,228 : INFO : EventManager : Event: ======'r_o_hit'====== Args={'profile': 'rotate_profile', 'state': None, 'advancing': True}
2024-05-06 07:10:29,229 : INFO : EventManager : Event: ======'r_o_rotate_profile_hit'====== Args={'profile': 'rotate_profile', 'state': None, 'advancing': True}
2024-05-06 07:10:29,229 : INFO : EventManager : Event: ======'r_o_rotate_profile_None_hit'====== Args={'profile': 'rotate_profile', 'state': None, 'advancing': True}
2024-05-06 07:10:29,229 : INFO : EventManager : Event: ======'r_o_None_hit'====== Args={'profile': 'rotate_profile', 'state': None, 'advancing': True}
2024-05-06 07:10:29,230 : INFO : EventManager : Event: ======'player_shot_r_o_fleshy'====== Args={'value': 1, 'prev_value': 0, 'change': 1, 'player_num': 1}
2024-05-06 07:10:29,230 : INFO : EventManager : Event: ======'machine_var_audits_shots_r_o_fleshy'====== Args={'value': 32, 'prev_value': 31, 'change': 1}
2024-05-06 07:10:29,231 : INFO : EventManager : Event: ======'r_o_fleshy_hit'====== Args={'profile': 'fleshy_profile', 'state': 'unlit', 'advancing': True}
2024-05-06 07:10:29,231 : INFO : EventManager : Event: ======'r_o_fleshy_fleshy_profile_hit'====== Args={'profile': 'fleshy_profile', 'state': 'unlit', 'advancing': True}
2024-05-06 07:10:29,232 : INFO : EventManager : Event: ======'r_o_fleshy_fleshy_profile_unlit_hit'====== Args={'profile': 'fleshy_profile', 'state': 'unlit', 'advancing': True}
2024-05-06 07:10:29,232 : INFO : EventManager : Event: ======'r_o_fleshy_unlit_hit'====== Args={'profile': 'fleshy_profile', 'state': 'unlit', 'advancing': True}
2024-05-06 07:10:29,232 : INFO : EventManager : Event: ======'player_score'====== Args={'value': 100, 'prev_value': 0, 'change': 100, 'player_num': 1, 'source': 'lane_rotate'}
2024-05-06 07:10:29,233 : INFO : EventManager : Event: ======'rotate_group_hit'====== Args={}
2024-05-06 07:10:29,233 : INFO : EventManager : Event: ======'rotate_group_None_hit'====== Args={}
2024-05-06 07:10:29,234 : INFO : EventManager : Event: ======'playfield_active'====== Args={}
2024-05-06 07:10:29,282 : INFO : EventManager : Event: ======'balldevice_bd_trough_ball_eject_failed'====== Args={'target': <playfield.playfield>, 'balls': 1, 'retry': True, 'num_attempts': 2}
2024-05-06 07:10:29,282 : INFO : ball_device.bd_trough : State: waiting_for_target_ready
2024-05-06 07:10:29,283 : INFO : EventManager : Event: ======'balldevice_bd_trough_ball_eject_attempt'====== Args={'balls': 1, 'target': <playfield.playfield>, 'source': <ball_device.bd_trough>, 'mechanical_eject': False, 'num_attempts': 2}
2024-05-06 07:10:29,283 : INFO : ball_device.bd_trough : State: ejecting
2024-05-06 07:10:29,283 : INFO : ball_device.bd_trough : Ejecting ball to <playfield.playfield>
2024-05-06 07:10:29,283 : INFO : EventManager : Event: ======'balldevice_bd_trough_ejecting_ball'====== Args={'balls': 1, 'target': <playfield.playfield>, 'source': <ball_device.bd_trough>, 'mechanical_eject': False, 'num_attempts': 2}
2024-05-06 07:10:29,283 : INFO : ball_device.bd_trough : Wait for ball to leave device
2024-05-06 07:10:29,283 : INFO : coil.c_trough : Pulsing Driver for 15ms (1.0 pulse_power)
2024-05-06 07:10:29,348 : INFO : SwitchController : <<<<<<< 's_stationary_o' inactive >>>>>>>
2024-05-06 07:10:31,284 : INFO : EventManager : Event: ======'balldevice_bd_trough_ball_eject_failed'====== Args={'target': <playfield.playfield>, 'balls': 1, 'retry': True, 'num_attempts': 3}
2024-05-06 07:10:31,286 : INFO : ball_device.bd_trough : State: waiting_for_target_ready
2024-05-06 07:10:31,286 : INFO : EventManager : Event: ======'balldevice_bd_trough_ball_eject_attempt'====== Args={'balls': 1, 'target': <playfield.playfield>, 'source': <ball_device.bd_trough>, 'mechanical_eject': False, 'num_attempts': 3}
2024-05-06 07:10:31,287 : INFO : ball_device.bd_trough : State: ejecting
2024-05-06 07:10:31,287 : INFO : ball_device.bd_trough : Ejecting ball to <playfield.playfield>
2024-05-06 07:10:31,287 : INFO : EventManager : Event: ======'balldevice_bd_trough_ejecting_ball'====== Args={'balls': 1, 'target': <playfield.playfield>, 'source': <ball_device.bd_trough>, 'mechanical_eject': False, 'num_attempts': 3}
2024-05-06 07:10:31,288 : INFO : ball_device.bd_trough : Wait for ball to leave device
2024-05-06 07:10:31,288 : INFO : coil.c_trough : Pulsing Driver for 15ms (1.0 pulse_power)
2024-05-06 07:10:32,019 : INFO : SwitchController : <<<<<<< 's_flipper_l' active >>>>>>>
2024-05-06 07:10:32,019 : INFO : EventManager : Event: ======'s_flipper_l_active'====== Args={}
2024-05-06 07:10:32,020 : INFO : EventManager : Event: ======'machine_var_audits_switches_s_flipper_l'====== Args={'value': 6, 'prev_value': 5, 'change': 1}
2024-05-06 07:10:32,021 : INFO : EventManager : Event: ======'player_shot_r_h'====== Args={'value': 1, 'prev_value': 0, 'change': 1, 'player_num': 1}
2024-05-06 07:10:32,025 : INFO : EventManager : Event: ======'player_shot_r_o'====== Args={'value': 0, 'prev_value': 1, 'change': -1, 'player_num': 1}
2024-05-06 07:10:32,183 : INFO : SwitchController : <<<<<<< 's_flipper_l' inactive >>>>>>>
2024-05-06 07:10:33,290 : INFO : EventManager : Event: ======'balldevice_bd_trough_ball_eject_failed'====== Args={'target': <playfield.playfield>, 'balls': 1, 'retry': True, 'num_attempts': 4}
2024-05-06 07:10:33,291 : INFO : ball_device.bd_trough : State: waiting_for_target_ready
2024-05-06 07:10:33,292 : INFO : EventManager : Event: ======'balldevice_bd_trough_ball_eject_attempt'====== Args={'balls': 1, 'target': <playfield.playfield>, 'source': <ball_device.bd_trough>, 'mechanical_eject': False, 'num_attempts': 4}
2024-05-06 07:10:33,292 : INFO : ball_device.bd_trough : State: ejecting
2024-05-06 07:10:33,292 : INFO : ball_device.bd_trough : Ejecting ball to <playfield.playfield>
2024-05-06 07:10:33,292 : INFO : EventManager : Event: ======'balldevice_bd_trough_ejecting_ball'====== Args={'balls': 1, 'target': <playfield.playfield>, 'source': <ball_device.bd_trough>, 'mechanical_eject': False, 'num_attempts': 4}
2024-05-06 07:10:33,293 : INFO : ball_device.bd_trough : Wait for ball to leave device
2024-05-06 07:10:33,293 : INFO : coil.c_trough : Pulsing Driver for 15ms (1.0 pulse_power)
2024-05-06 07:10:33,986 : INFO : SwitchController : <<<<<<< 's_stationary_o' active >>>>>>>
2024-05-06 07:10:33,986 : INFO : EventManager : Event: ======'playfield_active'====== Args={}
2024-05-06 07:10:33,987 : INFO : EventManager : Event: ======'playfield_active'====== Args={}
2024-05-06 07:10:33,987 : INFO : EventManager : Event: ======'s_stationary_o_active'====== Args={}
2024-05-06 07:10:33,987 : INFO : EventManager : Event: ======'sw_playfield_active'====== Args={}
2024-05-06 07:10:33,988 : INFO : EventManager : Event: ======'machine_var_audits_switches_s_stationary_o'====== Args={'value': 37, 'prev_value': 36, 'change': 1}
2024-05-06 07:10:33,989 : INFO : EventManager : Event: ======'player_shot_r_o'====== Args={'value': 1, 'prev_value': 0, 'change': 1, 'player_num': 1}
2024-05-06 07:10:33,993 : INFO : EventManager : Event: ======'machine_var_audits_shots_r_o'====== Args={'value': 36, 'prev_value': 35, 'change': 1}
2024-05-06 07:10:33,994 : INFO : EventManager : Event: ======'r_o_hit'====== Args={'profile': 'rotate_profile', 'state': None, 'advancing': True}
2024-05-06 07:10:33,994 : INFO : EventManager : Event: ======'r_o_rotate_profile_hit'====== Args={'profile': 'rotate_profile', 'state': None, 'advancing': True}
2024-05-06 07:10:33,994 : INFO : EventManager : Event: ======'r_o_rotate_profile_None_hit'====== Args={'profile': 'rotate_profile', 'state': None, 'advancing': True}
2024-05-06 07:10:33,995 : INFO : EventManager : Event: ======'r_o_None_hit'====== Args={'profile': 'rotate_profile', 'state': None, 'advancing': True}
2024-05-06 07:10:33,995 : INFO : EventManager : Event: ======'player_shot_r_o_fleshy'====== Args={'value': 2, 'prev_value': 1, 'change': 1, 'player_num': 1}
2024-05-06 07:10:33,996 : INFO : EventManager : Event: ======'machine_var_audits_shots_r_o_fleshy'====== Args={'value': 33, 'prev_value': 32, 'change': 1}
2024-05-06 07:10:33,997 : INFO : EventManager : Event: ======'r_o_fleshy_hit'====== Args={'profile': 'fleshy_profile', 'state': 'light1lit', 'advancing': True}
2024-05-06 07:10:33,997 : INFO : EventManager : Event: ======'r_o_fleshy_fleshy_profile_hit'====== Args={'profile': 'fleshy_profile', 'state': 'light1lit', 'advancing': True}
2024-05-06 07:10:33,997 : INFO : EventManager : Event: ======'r_o_fleshy_fleshy_profile_light1lit_hit'====== Args={'profile': 'fleshy_profile', 'state': 'light1lit', 'advancing': True}
2024-05-06 07:10:33,997 : INFO : EventManager : Event: ======'r_o_fleshy_light1lit_hit'====== Args={'profile': 'fleshy_profile', 'state': 'light1lit', 'advancing': True}
2024-05-06 07:10:33,999 : INFO : EventManager : Event: ======'player_score'====== Args={'value': 200, 'prev_value': 100, 'change': 100, 'player_num': 1, 'source': 'lane_rotate'}
2024-05-06 07:10:33,999 : INFO : EventManager : Event: ======'rotate_group_hit'====== Args={}
2024-05-06 07:10:33,999 : INFO : EventManager : Event: ======'rotate_group_None_hit'====== Args={}
2024-05-06 07:10:34,001 : INFO : EventManager : Event: ======'playfield_active'====== Args={}
2024-05-06 07:10:34,110 : INFO : SwitchController : <<<<<<< 's_stationary_o' inactive >>>>>>>
2024-05-06 07:10:35,295 : INFO : EventManager : Event: ======'balldevice_bd_trough_ball_eject_failed'====== Args={'target': <playfield.playfield>, 'balls': 1, 'retry': True, 'num_attempts': 5}
2024-05-06 07:10:35,298 : INFO : ball_device.bd_trough : State: waiting_for_target_ready
2024-05-06 07:10:35,298 : INFO : EventManager : Event: ======'balldevice_bd_trough_ball_eject_attempt'====== Args={'balls': 1, 'target': <playfield.playfield>, 'source': <ball_device.bd_trough>, 'mechanical_eject': False, 'num_attempts': 5}
2024-05-06 07:10:35,299 : INFO : ball_device.bd_trough : State: ejecting
2024-05-06 07:10:35,299 : INFO : ball_device.bd_trough : Ejecting ball to <playfield.playfield>
2024-05-06 07:10:35,299 : INFO : EventManager : Event: ======'balldevice_bd_trough_ejecting_ball'====== Args={'balls': 1, 'target': <playfield.playfield>, 'source': <ball_device.bd_trough>, 'mechanical_eject': False, 'num_attempts': 5}
2024-05-06 07:10:35,301 : INFO : ball_device.bd_trough : Wait for ball to leave device
2024-05-06 07:10:35,301 : INFO : coil.c_trough : Pulsing Driver for 15ms (1.0 pulse_power)
2024-05-06 07:10:37,301 : INFO : EventManager : Event: ======'balldevice_bd_trough_ball_eject_failed'====== Args={'target': <playfield.playfield>, 'balls': 1, 'retry': True, 'num_attempts': 6}
2024-05-06 07:10:37,302 : INFO : ball_device.bd_trough : State: waiting_for_target_ready
2024-05-06 07:10:37,303 : INFO : EventManager : Event: ======'balldevice_bd_trough_ball_eject_attempt'====== Args={'balls': 1, 'target': <playfield.playfield>, 'source': <ball_device.bd_trough>, 'mechanical_eject': False, 'num_attempts': 6}
2024-05-06 07:10:37,303 : INFO : ball_device.bd_trough : State: ejecting
2024-05-06 07:10:37,303 : INFO : ball_device.bd_trough : Ejecting ball to <playfield.playfield>
2024-05-06 07:10:37,303 : INFO : EventManager : Event: ======'balldevice_bd_trough_ejecting_ball'====== Args={'balls': 1, 'target': <playfield.playfield>, 'source': <ball_device.bd_trough>, 'mechanical_eject': False, 'num_attempts': 6}
2024-05-06 07:10:37,304 : INFO : ball_device.bd_trough : Wait for ball to leave device
2024-05-06 07:10:37,304 : INFO : coil.c_trough : Pulsing Driver for 15ms (1.0 pulse_power)
2024-05-06 07:10:37,384 : INFO : SwitchController : <<<<<<< 's_flipper_l' active >>>>>>>
2024-05-06 07:10:37,384 : INFO : EventManager : Event: ======'s_flipper_l_active'====== Args={}
2024-05-06 07:10:37,384 : INFO : EventManager : Event: ======'machine_var_audits_switches_s_flipper_l'====== Args={'value': 7, 'prev_value': 6, 'change': 1}
2024-05-06 07:10:37,385 : INFO : EventManager : Event: ======'player_shot_r_o'====== Args={'value': 0, 'prev_value': 1, 'change': -1, 'player_num': 1}
2024-05-06 07:10:37,386 : INFO : EventManager : Event: ======'player_shot_r_e'====== Args={'value': 1, 'prev_value': 0, 'change': 1, 'player_num': 1}
2024-05-06 07:10:37,533 : INFO : SwitchController : <<<<<<< 's_flipper_l' inactive >>>>>>>
2024-05-06 07:10:39,305 : INFO : EventManager : Event: ======'balldevice_bd_trough_ball_eject_failed'====== Args={'target': <playfield.playfield>, 'balls': 1, 'retry': True, 'num_attempts': 7}
2024-05-06 07:10:39,307 : INFO : ball_device.bd_trough : State: waiting_for_target_ready
2024-05-06 07:10:39,308 : INFO : EventManager : Event: ======'balldevice_bd_trough_ball_eject_attempt'====== Args={'balls': 1, 'target': <playfield.playfield>, 'source': <ball_device.bd_trough>, 'mechanical_eject': False, 'num_attempts': 7}
2024-05-06 07:10:39,309 : INFO : ball_device.bd_trough : State: ejecting
2024-05-06 07:10:39,309 : INFO : ball_device.bd_trough : Ejecting ball to <playfield.playfield>
2024-05-06 07:10:39,309 : INFO : EventManager : Event: ======'balldevice_bd_trough_ejecting_ball'====== Args={'balls': 1, 'target': <playfield.playfield>, 'source': <ball_device.bd_trough>, 'mechanical_eject': False, 'num_attempts': 7}
2024-05-06 07:10:39,310 : INFO : ball_device.bd_trough : Wait for ball to leave device
2024-05-06 07:10:39,310 : INFO : coil.c_trough : Pulsing Driver for 15ms (1.0 pulse_power)
2024-05-06 07:10:41,311 : INFO : EventManager : Event: ======'balldevice_bd_trough_ball_eject_failed'====== Args={'target': <playfield.playfield>, 'balls': 1, 'retry': True, 'num_attempts': 8}
2024-05-06 07:10:41,313 : INFO : ball_device.bd_trough : State: waiting_for_target_ready
2024-05-06 07:10:41,314 : INFO : EventManager : Event: ======'balldevice_bd_trough_ball_eject_attempt'====== Args={'balls': 1, 'target': <playfield.playfield>, 'source': <ball_device.bd_trough>, 'mechanical_eject': False, 'num_attempts': 8}
2024-05-06 07:10:41,314 : INFO : ball_device.bd_trough : State: ejecting
2024-05-06 07:10:41,314 : INFO : ball_device.bd_trough : Ejecting ball to <playfield.playfield>
2024-05-06 07:10:41,314 : INFO : EventManager : Event: ======'balldevice_bd_trough_ejecting_ball'====== Args={'balls': 1, 'target': <playfield.playfield>, 'source': <ball_device.bd_trough>, 'mechanical_eject': False, 'num_attempts': 8}
2024-05-06 07:10:41,315 : INFO : ball_device.bd_trough : Wait for ball to leave device
2024-05-06 07:10:41,315 : INFO : coil.c_trough : Pulsing Driver for 15ms (1.0 pulse_power)
2024-05-06 07:10:41,515 : INFO : SwitchController : <<<<<<< 's_stationary_o' active >>>>>>>
2024-05-06 07:10:41,516 : INFO : EventManager : Event: ======'playfield_active'====== Args={}
2024-05-06 07:10:41,516 : INFO : EventManager : Event: ======'playfield_active'====== Args={}
2024-05-06 07:10:41,516 : INFO : EventManager : Event: ======'s_stationary_o_active'====== Args={}
2024-05-06 07:10:41,516 : INFO : EventManager : Event: ======'sw_playfield_active'====== Args={}
2024-05-06 07:10:41,516 : INFO : EventManager : Event: ======'machine_var_audits_switches_s_stationary_o'====== Args={'value': 38, 'prev_value': 37, 'change': 1}
2024-05-06 07:10:41,517 : INFO : EventManager : Event: ======'player_shot_r_o'====== Args={'value': 1, 'prev_value': 0, 'change': 1, 'player_num': 1}
2024-05-06 07:10:41,520 : INFO : EventManager : Event: ======'machine_var_audits_shots_r_o'====== Args={'value': 37, 'prev_value': 36, 'change': 1}
2024-05-06 07:10:41,520 : INFO : EventManager : Event: ======'r_o_hit'====== Args={'profile': 'rotate_profile', 'state': None, 'advancing': True}
2024-05-06 07:10:41,520 : INFO : EventManager : Event: ======'r_o_rotate_profile_hit'====== Args={'profile': 'rotate_profile', 'state': None, 'advancing': True}
2024-05-06 07:10:41,520 : INFO : EventManager : Event: ======'r_o_rotate_profile_None_hit'====== Args={'profile': 'rotate_profile', 'state': None, 'advancing': True}
2024-05-06 07:10:41,520 : INFO : EventManager : Event: ======'r_o_None_hit'====== Args={'profile': 'rotate_profile', 'state': None, 'advancing': True}
2024-05-06 07:10:41,520 : INFO : EventManager : Event: ======'player_shot_r_o_fleshy'====== Args={'value': 3, 'prev_value': 2, 'change': 1, 'player_num': 1}
2024-05-06 07:10:41,520 : INFO : EventManager : Event: ======'machine_var_audits_shots_r_o_fleshy'====== Args={'value': 34, 'prev_value': 33, 'change': 1}
2024-05-06 07:10:41,521 : INFO : EventManager : Event: ======'r_o_fleshy_hit'====== Args={'profile': 'fleshy_profile', 'state': 'light2lit', 'advancing': True}
2024-05-06 07:10:41,521 : INFO : EventManager : Event: ======'r_o_fleshy_fleshy_profile_hit'====== Args={'profile': 'fleshy_profile', 'state': 'light2lit', 'advancing': True}
2024-05-06 07:10:41,521 : INFO : EventManager : Event: ======'r_o_fleshy_fleshy_profile_light2lit_hit'====== Args={'profile': 'fleshy_profile', 'state': 'light2lit', 'advancing': True}
2024-05-06 07:10:41,521 : INFO : EventManager : Event: ======'r_o_fleshy_light2lit_hit'====== Args={'profile': 'fleshy_profile', 'state': 'light2lit', 'advancing': True}
2024-05-06 07:10:41,522 : INFO : EventManager : Event: ======'player_score'====== Args={'value': 300, 'prev_value': 200, 'change': 100, 'player_num': 1, 'source': 'lane_rotate'}
2024-05-06 07:10:41,522 : INFO : EventManager : Event: ======'rotate_group_hit'====== Args={}
2024-05-06 07:10:41,522 : INFO : EventManager : Event: ======'rotate_group_None_hit'====== Args={}
2024-05-06 07:10:41,523 : INFO : EventManager : Event: ======'playfield_active'====== Args={}
2024-05-06 07:10:41,717 : INFO : SwitchController : <<<<<<< 's_stationary_o' inactive >>>>>>>
2024-05-06 07:10:43,019 : INFO : SwitchController : <<<<<<< 's_flipper_l' active >>>>>>>
2024-05-06 07:10:43,019 : INFO : EventManager : Event: ======'s_flipper_l_active'====== Args={}
2024-05-06 07:10:43,020 : INFO : EventManager : Event: ======'machine_var_audits_switches_s_flipper_l'====== Args={'value': 8, 'prev_value': 7, 'change': 1}
2024-05-06 07:10:43,021 : INFO : EventManager : Event: ======'player_shot_r_o'====== Args={'value': 0, 'prev_value': 1, 'change': -1, 'player_num': 1}
2024-05-06 07:10:43,022 : INFO : EventManager : Event: ======'player_shot_r_s'====== Args={'value': 1, 'prev_value': 0, 'change': 1, 'player_num': 1}
2024-05-06 07:10:43,167 : INFO : SwitchController : <<<<<<< 's_flipper_l' inactive >>>>>>>
2024-05-06 07:10:43,316 : INFO : EventManager : Event: ======'balldevice_bd_trough_ball_eject_failed'====== Args={'target': <playfield.playfield>, 'balls': 1, 'retry': True, 'num_attempts': 9}
2024-05-06 07:10:43,319 : INFO : ball_device.bd_trough : State: waiting_for_target_ready
2024-05-06 07:10:43,319 : INFO : EventManager : Event: ======'balldevice_bd_trough_ball_eject_attempt'====== Args={'balls': 1, 'target': <playfield.playfield>, 'source': <ball_device.bd_trough>, 'mechanical_eject': False, 'num_attempts': 9}
2024-05-06 07:10:43,320 : INFO : ball_device.bd_trough : State: ejecting
2024-05-06 07:10:43,320 : INFO : ball_device.bd_trough : Ejecting ball to <playfield.playfield>
2024-05-06 07:10:43,320 : INFO : EventManager : Event: ======'balldevice_bd_trough_ejecting_ball'====== Args={'balls': 1, 'target': <playfield.playfield>, 'source': <ball_device.bd_trough>, 'mechanical_eject': False, 'num_attempts': 9}
2024-05-06 07:10:43,321 : INFO : ball_device.bd_trough : Wait for ball to leave device
2024-05-06 07:10:43,322 : INFO : coil.c_trough : Pulsing Driver for 15ms (1.0 pulse_power)
2024-05-06 07:10:45,034 : INFO : SwitchController : <<<<<<< 's_stationary_o' active >>>>>>>
2024-05-06 07:10:45,035 : INFO : EventManager : Event: ======'playfield_active'====== Args={}
2024-05-06 07:10:45,035 : INFO : EventManager : Event: ======'playfield_active'====== Args={}
2024-05-06 07:10:45,035 : INFO : EventManager : Event: ======'s_stationary_o_active'====== Args={}
2024-05-06 07:10:45,036 : INFO : EventManager : Event: ======'sw_playfield_active'====== Args={}
2024-05-06 07:10:45,037 : INFO : EventManager : Event: ======'machine_var_audits_switches_s_stationary_o'====== Args={'value': 39, 'prev_value': 38, 'change': 1}
2024-05-06 07:10:45,038 : INFO : EventManager : Event: ======'player_shot_r_o'====== Args={'value': 1, 'prev_value': 0, 'change': 1, 'player_num': 1}
2024-05-06 07:10:45,043 : INFO : EventManager : Event: ======'machine_var_audits_shots_r_o'====== Args={'value': 38, 'prev_value': 37, 'change': 1}
2024-05-06 07:10:45,043 : INFO : EventManager : Event: ======'r_o_hit'====== Args={'profile': 'rotate_profile', 'state': None, 'advancing': True}
2024-05-06 07:10:45,044 : INFO : EventManager : Event: ======'r_o_rotate_profile_hit'====== Args={'profile': 'rotate_profile', 'state': None, 'advancing': True}
2024-05-06 07:10:45,044 : INFO : EventManager : Event: ======'r_o_rotate_profile_None_hit'====== Args={'profile': 'rotate_profile', 'state': None, 'advancing': True}
2024-05-06 07:10:45,045 : INFO : EventManager : Event: ======'r_o_None_hit'====== Args={'profile': 'rotate_profile', 'state': None, 'advancing': True}
2024-05-06 07:10:45,045 : INFO : EventManager : Event: ======'machine_var_audits_shots_r_o_fleshy'====== Args={'value': 35, 'prev_value': 34, 'change': 1}
2024-05-06 07:10:45,045 : INFO : EventManager : Event: ======'r_o_fleshy_hit'====== Args={'profile': 'fleshy_profile', 'state': 'light3lit', 'advancing': False}
2024-05-06 07:10:45,046 : INFO : EventManager : Event: ======'r_o_fleshy_fleshy_profile_hit'====== Args={'profile': 'fleshy_profile', 'state': 'light3lit', 'advancing': False}
2024-05-06 07:10:45,046 : INFO : EventManager : Event: ======'r_o_fleshy_fleshy_profile_light3lit_hit'====== Args={'profile': 'fleshy_profile', 'state': 'light3lit', 'advancing': False}
2024-05-06 07:10:45,046 : INFO : EventManager : Event: ======'r_o_fleshy_light3lit_hit'====== Args={'profile': 'fleshy_profile', 'state': 'light3lit', 'advancing': False}
2024-05-06 07:10:45,048 : INFO : EventManager : Event: ======'player_score'====== Args={'value': 400, 'prev_value': 300, 'change': 100, 'player_num': 1, 'source': 'lane_rotate'}
2024-05-06 07:10:45,048 : INFO : EventManager : Event: ======'rotate_group_hit'====== Args={}
2024-05-06 07:10:45,048 : INFO : EventManager : Event: ======'rotate_group_None_hit'====== Args={}
2024-05-06 07:10:45,050 : INFO : EventManager : Event: ======'playfield_active'====== Args={}
2024-05-06 07:10:45,167 : INFO : SwitchController : <<<<<<< 's_stationary_o' inactive >>>>>>>
2024-05-06 07:10:45,323 : INFO : EventManager : Event: ======'balldevice_bd_trough_ball_eject_failed'====== Args={'target': <playfield.playfield>, 'balls': 1, 'retry': True, 'num_attempts': 10}
2024-05-06 07:10:45,324 : INFO : ball_device.bd_trough : State: waiting_for_target_ready
2024-05-06 07:10:45,324 : INFO : EventManager : Event: ======'balldevice_bd_trough_ball_eject_attempt'====== Args={'balls': 1, 'target': <playfield.playfield>, 'source': <ball_device.bd_trough>, 'mechanical_eject': False, 'num_attempts': 10}
2024-05-06 07:10:45,324 : INFO : ball_device.bd_trough : State: ejecting
2024-05-06 07:10:45,325 : INFO : ball_device.bd_trough : Ejecting ball to <playfield.playfield>
2024-05-06 07:10:45,325 : INFO : EventManager : Event: ======'balldevice_bd_trough_ejecting_ball'====== Args={'balls': 1, 'target': <playfield.playfield>, 'source': <ball_device.bd_trough>, 'mechanical_eject': False, 'num_attempts': 10}
2024-05-06 07:10:45,325 : INFO : ball_device.bd_trough : Wait for ball to leave device
2024-05-06 07:10:45,325 : INFO : coil.c_trough : Pulsing Driver for 15ms (1.0 pulse_power)
2024-05-06 07:10:47,327 : INFO : EventManager : Event: ======'balldevice_bd_trough_ball_eject_failed'====== Args={'target': <playfield.playfield>, 'balls': 1, 'retry': True, 'num_attempts': 11}
2024-05-06 07:10:47,329 : INFO : ball_device.bd_trough : State: waiting_for_target_ready
2024-05-06 07:10:47,329 : INFO : EventManager : Event: ======'balldevice_bd_trough_ball_eject_attempt'====== Args={'balls': 1, 'target': <playfield.playfield>, 'source': <ball_device.bd_trough>, 'mechanical_eject': False, 'num_attempts': 11}
2024-05-06 07:10:47,330 : INFO : ball_device.bd_trough : State: ejecting
2024-05-06 07:10:47,331 : INFO : ball_device.bd_trough : Ejecting ball to <playfield.playfield>
2024-05-06 07:10:47,331 : INFO : EventManager : Event: ======'balldevice_bd_trough_ejecting_ball'====== Args={'balls': 1, 'target': <playfield.playfield>, 'source': <ball_device.bd_trough>, 'mechanical_eject': False, 'num_attempts': 11}
2024-05-06 07:10:47,332 : INFO : ball_device.bd_trough : Wait for ball to leave device
2024-05-06 07:10:47,333 : INFO : coil.c_trough : Pulsing Driver for 15ms (1.0 pulse_power)
2024-05-06 07:10:47,752 : INFO : SwitchController : <<<<<<< 's_flipper_l' active >>>>>>>
2024-05-06 07:10:47,752 : INFO : EventManager : Event: ======'s_flipper_l_active'====== Args={}
2024-05-06 07:10:47,753 : INFO : EventManager : Event: ======'machine_var_audits_switches_s_flipper_l'====== Args={'value': 9, 'prev_value': 8, 'change': 1}
2024-05-06 07:10:47,753 : INFO : EventManager : Event: ======'player_shot_r_o'====== Args={'value': 0, 'prev_value': 1, 'change': -1, 'player_num': 1}
2024-05-06 07:10:47,759 : INFO : EventManager : Event: ======'player_shot_r_u'====== Args={'value': 1, 'prev_value': 0, 'change': 1, 'player_num': 1}
2024-05-06 07:10:47,885 : INFO : SwitchController : <<<<<<< 's_flipper_l' inactive >>>>>>>
2024-05-06 07:10:49,334 : INFO : EventManager : Event: ======'balldevice_bd_trough_ball_eject_failed'====== Args={'target': <playfield.playfield>, 'balls': 1, 'retry': True, 'num_attempts': 12}
2024-05-06 07:10:49,337 : INFO : ball_device.bd_trough : State: waiting_for_target_ready
2024-05-06 07:10:49,337 : INFO : EventManager : Event: ======'balldevice_bd_trough_ball_eject_attempt'====== Args={'balls': 1, 'target': <playfield.playfield>, 'source': <ball_device.bd_trough>, 'mechanical_eject': False, 'num_attempts': 12}
2024-05-06 07:10:49,338 : INFO : ball_device.bd_trough : State: ejecting
2024-05-06 07:10:49,338 : INFO : ball_device.bd_trough : Ejecting ball to <playfield.playfield>
2024-05-06 07:10:49,338 : INFO : EventManager : Event: ======'balldevice_bd_trough_ejecting_ball'====== Args={'balls': 1, 'target': <playfield.playfield>, 'source': <ball_device.bd_trough>, 'mechanical_eject': False, 'num_attempts': 12}
2024-05-06 07:10:49,339 : INFO : ball_device.bd_trough : Wait for ball to leave device
2024-05-06 07:10:49,339 : INFO : coil.c_trough : Pulsing Driver for 15ms (1.0 pulse_power)
2024-05-06 07:10:51,340 : INFO : EventManager : Event: ======'balldevice_bd_trough_ball_eject_failed'====== Args={'target': <playfield.playfield>, 'balls': 1, 'retry': True, 'num_attempts': 13}
2024-05-06 07:10:51,341 : INFO : ball_device.bd_trough : State: waiting_for_target_ready
2024-05-06 07:10:51,342 : INFO : EventManager : Event: ======'balldevice_bd_trough_ball_eject_attempt'====== Args={'balls': 1, 'target': <playfield.playfield>, 'source': <ball_device.bd_trough>, 'mechanical_eject': False, 'num_attempts': 13}
2024-05-06 07:10:51,342 : INFO : ball_device.bd_trough : State: ejecting
2024-05-06 07:10:51,342 : INFO : ball_device.bd_trough : Ejecting ball to <playfield.playfield>
2024-05-06 07:10:51,342 : INFO : EventManager : Event: ======'balldevice_bd_trough_ejecting_ball'====== Args={'balls': 1, 'target': <playfield.playfield>, 'source': <ball_device.bd_trough>, 'mechanical_eject': False, 'num_attempts': 13}
2024-05-06 07:10:51,343 : INFO : ball_device.bd_trough : Wait for ball to leave device
2024-05-06 07:10:51,343 : INFO : coil.c_trough : Pulsing Driver for 15ms (1.0 pulse_power)
2024-05-06 07:10:52,201 : INFO : SwitchController : <<<<<<< 's_stationary_o' active >>>>>>>
2024-05-06 07:10:52,201 : INFO : EventManager : Event: ======'playfield_active'====== Args={}
2024-05-06 07:10:52,202 : INFO : EventManager : Event: ======'playfield_active'====== Args={}
2024-05-06 07:10:52,202 : INFO : EventManager : Event: ======'s_stationary_o_active'====== Args={}
2024-05-06 07:10:52,202 : INFO : EventManager : Event: ======'sw_playfield_active'====== Args={}
2024-05-06 07:10:52,202 : INFO : EventManager : Event: ======'machine_var_audits_switches_s_stationary_o'====== Args={'value': 40, 'prev_value': 39, 'change': 1}
2024-05-06 07:10:52,203 : INFO : EventManager : Event: ======'player_shot_r_o'====== Args={'value': 1, 'prev_value': 0, 'change': 1, 'player_num': 1}
2024-05-06 07:10:52,204 : INFO : EventManager : Event: ======'machine_var_audits_shots_r_o'====== Args={'value': 39, 'prev_value': 38, 'change': 1}
2024-05-06 07:10:52,205 : INFO : EventManager : Event: ======'r_o_hit'====== Args={'profile': 'rotate_profile', 'state': None, 'advancing': True}
2024-05-06 07:10:52,205 : INFO : EventManager : Event: ======'r_o_rotate_profile_hit'====== Args={'profile': 'rotate_profile', 'state': None, 'advancing': True}
2024-05-06 07:10:52,205 : INFO : EventManager : Event: ======'r_o_rotate_profile_None_hit'====== Args={'profile': 'rotate_profile', 'state': None, 'advancing': True}
2024-05-06 07:10:52,205 : INFO : EventManager : Event: ======'r_o_None_hit'====== Args={'profile': 'rotate_profile', 'state': None, 'advancing': True}
2024-05-06 07:10:52,205 : INFO : EventManager : Event: ======'machine_var_audits_shots_r_o_fleshy'====== Args={'value': 36, 'prev_value': 35, 'change': 1}
2024-05-06 07:10:52,205 : INFO : EventManager : Event: ======'r_o_fleshy_hit'====== Args={'profile': 'fleshy_profile', 'state': 'light3lit', 'advancing': False}
2024-05-06 07:10:52,206 : INFO : EventManager : Event: ======'r_o_fleshy_fleshy_profile_hit'====== Args={'profile': 'fleshy_profile', 'state': 'light3lit', 'advancing': False}
2024-05-06 07:10:52,206 : INFO : EventManager : Event: ======'r_o_fleshy_fleshy_profile_light3lit_hit'====== Args={'profile': 'fleshy_profile', 'state': 'light3lit', 'advancing': False}
2024-05-06 07:10:52,206 : INFO : EventManager : Event: ======'r_o_fleshy_light3lit_hit'====== Args={'profile': 'fleshy_profile', 'state': 'light3lit', 'advancing': False}
2024-05-06 07:10:52,208 : INFO : EventManager : Event: ======'rotate_group_complete'====== Args={'state': 'hit'}
2024-05-06 07:10:52,209 : INFO : EventManager : Event: ======'rotate_group_hit_complete'====== Args={}
2024-05-06 07:10:52,210 : INFO : EventManager : Event: ======'player_shot_r_h'====== Args={'value': 0, 'prev_value': 1, 'change': -1, 'player_num': 1}
2024-05-06 07:10:52,210 : INFO : EventManager : Event: ======'player_shot_r_o'====== Args={'value': 0, 'prev_value': 1, 'change': -1, 'player_num': 1}
2024-05-06 07:10:52,211 : INFO : EventManager : Event: ======'player_shot_r_u'====== Args={'value': 0, 'prev_value': 1, 'change': -1, 'player_num': 1}
2024-05-06 07:10:52,211 : INFO : EventManager : Event: ======'player_shot_r_s'====== Args={'value': 0, 'prev_value': 1, 'change': -1, 'player_num': 1}
2024-05-06 07:10:52,211 : INFO : EventManager : Event: ======'player_shot_r_e'====== Args={'value': 0, 'prev_value': 1, 'change': -1, 'player_num': 1}
2024-05-06 07:10:52,212 : INFO : EventManager : Event: ======'player_score'====== Args={'value': 1400, 'prev_value': 400, 'change': 1000, 'player_num': 1, 'source': 'lane_rotate'}
2024-05-06 07:10:52,217 : INFO : EventManager : Event: ======'player_score'====== Args={'value': 1500, 'prev_value': 1400, 'change': 100, 'player_num': 1, 'source': 'lane_rotate'}
2024-05-06 07:10:52,217 : INFO : EventManager : Event: ======'rotate_group_hit'====== Args={}
2024-05-06 07:10:52,217 : INFO : EventManager : Event: ======'rotate_group_None_hit'====== Args={}
2024-05-06 07:10:52,218 : INFO : EventManager : Event: ======'playfield_active'====== Args={}
2024-05-06 07:10:52,335 : INFO : SwitchController : <<<<<<< 's_stationary_o' inactive >>>>>>>
2024-05-06 07:10:53,344 : INFO : EventManager : Event: ======'balldevice_bd_trough_ball_eject_failed'====== Args={'target': <playfield.playfield>, 'balls': 1, 'retry': True, 'num_attempts': 14}
2024-05-06 07:10:53,347 : INFO : ball_device.bd_trough : State: waiting_for_target_ready
2024-05-06 07:10:53,347 : INFO : EventManager : Event: ======'balldevice_bd_trough_ball_eject_attempt'====== Args={'balls': 1, 'target': <playfield.playfield>, 'source': <ball_device.bd_trough>, 'mechanical_eject': False, 'num_attempts': 14}
2024-05-06 07:10:53,348 : INFO : ball_device.bd_trough : State: ejecting
2024-05-06 07:10:53,348 : INFO : ball_device.bd_trough : Ejecting ball to <playfield.playfield>
2024-05-06 07:10:53,349 : INFO : EventManager : Event: ======'balldevice_bd_trough_ejecting_ball'====== Args={'balls': 1, 'target': <playfield.playfield>, 'source': <ball_device.bd_trough>, 'mechanical_eject': False, 'num_attempts': 14}
2024-05-06 07:10:53,350 : INFO : ball_device.bd_trough : Wait for ball to leave device
2024-05-06 07:10:53,351 : INFO : coil.c_trough : Pulsing Driver for 15ms (1.0 pulse_power)
2024-05-06 07:10:55,352 : INFO : EventManager : Event: ======'balldevice_bd_trough_ball_eject_failed'====== Args={'target': <playfield.playfield>, 'balls': 1, 'retry': True, 'num_attempts': 15}
2024-05-06 07:10:55,353 : INFO : ball_device.bd_trough : State: waiting_for_target_ready
2024-05-06 07:10:55,353 : INFO : EventManager : Event: ======'balldevice_bd_trough_ball_eject_attempt'====== Args={'balls': 1, 'target': <playfield.playfield>, 'source': <ball_device.bd_trough>, 'mechanical_eject': False, 'num_attempts': 15}
2024-05-06 07:10:55,353 : INFO : ball_device.bd_trough : State: ejecting
2024-05-06 07:10:55,354 : INFO : ball_device.bd_trough : Ejecting ball to <playfield.playfield>
2024-05-06 07:10:55,354 : INFO : EventManager : Event: ======'balldevice_bd_trough_ejecting_ball'====== Args={'balls': 1, 'target': <playfield.playfield>, 'source': <ball_device.bd_trough>, 'mechanical_eject': False, 'num_attempts': 15}
2024-05-06 07:10:55,355 : INFO : ball_device.bd_trough : Wait for ball to leave device
2024-05-06 07:10:55,355 : INFO : coil.c_trough : Pulsing Driver for 15ms (1.0 pulse_power)
2024-05-06 07:10:57,357 : INFO : EventManager : Event: ======'balldevice_bd_trough_ball_eject_failed'====== Args={'target': <playfield.playfield>, 'balls': 1, 'retry': True, 'num_attempts': 16}
2024-05-06 07:10:57,358 : INFO : ball_device.bd_trough : State: waiting_for_target_ready
2024-05-06 07:10:57,359 : INFO : EventManager : Event: ======'balldevice_bd_trough_ball_eject_attempt'====== Args={'balls': 1, 'target': <playfield.playfield>, 'source': <ball_device.bd_trough>, 'mechanical_eject': False, 'num_attempts': 16}
2024-05-06 07:10:57,360 : INFO : ball_device.bd_trough : State: ejecting
2024-05-06 07:10:57,360 : INFO : ball_device.bd_trough : Ejecting ball to <playfield.playfield>
2024-05-06 07:10:57,360 : INFO : EventManager : Event: ======'balldevice_bd_trough_ejecting_ball'====== Args={'balls': 1, 'target': <playfield.playfield>, 'source': <ball_device.bd_trough>, 'mechanical_eject': False, 'num_attempts': 16}
2024-05-06 07:10:57,361 : INFO : ball_device.bd_trough : Wait for ball to leave device
2024-05-06 07:10:57,361 : INFO : coil.c_trough : Pulsing Driver for 15ms (1.0 pulse_power)
2024-05-06 07:10:59,362 : INFO : EventManager : Event: ======'balldevice_bd_trough_ball_eject_failed'====== Args={'target': <playfield.playfield>, 'balls': 1, 'retry': True, 'num_attempts': 17}
2024-05-06 07:10:59,366 : INFO : ball_device.bd_trough : State: waiting_for_target_ready
2024-05-06 07:10:59,367 : INFO : EventManager : Event: ======'balldevice_bd_trough_ball_eject_attempt'====== Args={'balls': 1, 'target': <playfield.playfield>, 'source': <ball_device.bd_trough>, 'mechanical_eject': False, 'num_attempts': 17}
2024-05-06 07:10:59,368 : INFO : ball_device.bd_trough : State: ejecting
2024-05-06 07:10:59,368 : INFO : ball_device.bd_trough : Ejecting ball to <playfield.playfield>
2024-05-06 07:10:59,368 : INFO : EventManager : Event: ======'balldevice_bd_trough_ejecting_ball'====== Args={'balls': 1, 'target': <playfield.playfield>, 'source': <ball_device.bd_trough>, 'mechanical_eject': False, 'num_attempts': 17}
2024-05-06 07:10:59,370 : INFO : ball_device.bd_trough : Wait for ball to leave device
2024-05-06 07:10:59,370 : INFO : coil.c_trough : Pulsing Driver for 15ms (1.0 pulse_power)
2024-05-06 07:11:01,371 : INFO : EventManager : Event: ======'balldevice_bd_trough_ball_eject_failed'====== Args={'target': <playfield.playfield>, 'balls': 1, 'retry': True, 'num_attempts': 18}
2024-05-06 07:11:01,375 : INFO : ball_device.bd_trough : State: waiting_for_target_ready
2024-05-06 07:11:01,375 : INFO : EventManager : Event: ======'balldevice_bd_trough_ball_eject_attempt'====== Args={'balls': 1, 'target': <playfield.playfield>, 'source': <ball_device.bd_trough>, 'mechanical_eject': False, 'num_attempts': 18}
2024-05-06 07:11:01,376 : INFO : ball_device.bd_trough : State: ejecting
2024-05-06 07:11:01,376 : INFO : ball_device.bd_trough : Ejecting ball to <playfield.playfield>
2024-05-06 07:11:01,376 : INFO : EventManager : Event: ======'balldevice_bd_trough_ejecting_ball'====== Args={'balls': 1, 'target': <playfield.playfield>, 'source': <ball_device.bd_trough>, 'mechanical_eject': False, 'num_attempts': 18}
2024-05-06 07:11:01,378 : INFO : ball_device.bd_trough : Wait for ball to leave device
2024-05-06 07:11:01,378 : INFO : coil.c_trough : Pulsing Driver for 15ms (1.0 pulse_power)
2024-05-06 07:11:03,379 : INFO : EventManager : Event: ======'balldevice_bd_trough_ball_eject_failed'====== Args={'target': <playfield.playfield>, 'balls': 1, 'retry': True, 'num_attempts': 19}
2024-05-06 07:11:03,382 : INFO : ball_device.bd_trough : State: waiting_for_target_ready
2024-05-06 07:11:03,382 : INFO : EventManager : Event: ======'balldevice_bd_trough_ball_eject_attempt'====== Args={'balls': 1, 'target': <playfield.playfield>, 'source': <ball_device.bd_trough>, 'mechanical_eject': False, 'num_attempts': 19}
2024-05-06 07:11:03,384 : INFO : ball_device.bd_trough : State: ejecting
2024-05-06 07:11:03,384 : INFO : ball_device.bd_trough : Ejecting ball to <playfield.playfield>
2024-05-06 07:11:03,384 : INFO : EventManager : Event: ======'balldevice_bd_trough_ejecting_ball'====== Args={'balls': 1, 'target': <playfield.playfield>, 'source': <ball_device.bd_trough>, 'mechanical_eject': False, 'num_attempts': 19}
2024-05-06 07:11:03,386 : INFO : ball_device.bd_trough : Wait for ball to leave device
2024-05-06 07:11:03,387 : INFO : coil.c_trough : Pulsing Driver for 15ms (1.0 pulse_power)
2024-05-06 07:11:05,388 : INFO : EventManager : Event: ======'balldevice_bd_trough_ball_eject_failed'====== Args={'target': <playfield.playfield>, 'balls': 1, 'retry': True, 'num_attempts': 20}
2024-05-06 07:11:05,390 : INFO : ball_device.bd_trough : State: waiting_for_target_ready
2024-05-06 07:11:05,390 : INFO : EventManager : Event: ======'balldevice_bd_trough_ball_eject_attempt'====== Args={'balls': 1, 'target': <playfield.playfield>, 'source': <ball_device.bd_trough>, 'mechanical_eject': False, 'num_attempts': 20}
2024-05-06 07:11:05,391 : INFO : ball_device.bd_trough : State: ejecting
2024-05-06 07:11:05,391 : INFO : ball_device.bd_trough : Ejecting ball to <playfield.playfield>
2024-05-06 07:11:05,391 : INFO : EventManager : Event: ======'balldevice_bd_trough_ejecting_ball'====== Args={'balls': 1, 'target': <playfield.playfield>, 'source': <ball_device.bd_trough>, 'mechanical_eject': False, 'num_attempts': 20}
2024-05-06 07:11:05,392 : INFO : ball_device.bd_trough : Wait for ball to leave device
2024-05-06 07:11:05,392 : INFO : coil.c_trough : Pulsing Driver for 15ms (1.0 pulse_power)
2024-05-06 07:11:07,394 : INFO : EventManager : Event: ======'balldevice_bd_trough_ball_eject_failed'====== Args={'target': <playfield.playfield>, 'balls': 1, 'retry': True, 'num_attempts': 21}
2024-05-06 07:11:07,397 : INFO : ball_device.bd_trough : State: waiting_for_target_ready
2024-05-06 07:11:07,398 : INFO : EventManager : Event: ======'balldevice_bd_trough_ball_eject_attempt'====== Args={'balls': 1, 'target': <playfield.playfield>, 'source': <ball_device.bd_trough>, 'mechanical_eject': False, 'num_attempts': 21}
2024-05-06 07:11:07,399 : INFO : ball_device.bd_trough : State: ejecting
2024-05-06 07:11:07,399 : INFO : ball_device.bd_trough : Ejecting ball to <playfield.playfield>
2024-05-06 07:11:07,399 : INFO : EventManager : Event: ======'balldevice_bd_trough_ejecting_ball'====== Args={'balls': 1, 'target': <playfield.playfield>, 'source': <ball_device.bd_trough>, 'mechanical_eject': False, 'num_attempts': 21}
2024-05-06 07:11:07,401 : INFO : ball_device.bd_trough : Wait for ball to leave device
2024-05-06 07:11:07,401 : INFO : coil.c_trough : Pulsing Driver for 15ms (1.0 pulse_power)
2024-05-06 07:11:09,403 : INFO : EventManager : Event: ======'balldevice_bd_trough_ball_eject_failed'====== Args={'target': <playfield.playfield>, 'balls': 1, 'retry': True, 'num_attempts': 22}
2024-05-06 07:11:09,404 : INFO : ball_device.bd_trough : State: waiting_for_target_ready
2024-05-06 07:11:09,405 : INFO : EventManager : Event: ======'balldevice_bd_trough_ball_eject_attempt'====== Args={'balls': 1, 'target': <playfield.playfield>, 'source': <ball_device.bd_trough>, 'mechanical_eject': False, 'num_attempts': 22}
2024-05-06 07:11:09,405 : INFO : ball_device.bd_trough : State: ejecting
2024-05-06 07:11:09,405 : INFO : ball_device.bd_trough : Ejecting ball to <playfield.playfield>
2024-05-06 07:11:09,406 : INFO : EventManager : Event: ======'balldevice_bd_trough_ejecting_ball'====== Args={'balls': 1, 'target': <playfield.playfield>, 'source': <ball_device.bd_trough>, 'mechanical_eject': False, 'num_attempts': 22}
2024-05-06 07:11:09,406 : INFO : ball_device.bd_trough : Wait for ball to leave device
2024-05-06 07:11:09,407 : INFO : coil.c_trough : Pulsing Driver for 15ms (1.0 pulse_power)
2024-05-06 07:11:11,408 : INFO : EventManager : Event: ======'balldevice_bd_trough_ball_eject_failed'====== Args={'target': <playfield.playfield>, 'balls': 1, 'retry': True, 'num_attempts': 23}
2024-05-06 07:11:11,410 : INFO : ball_device.bd_trough : State: waiting_for_target_ready
2024-05-06 07:11:11,410 : INFO : EventManager : Event: ======'balldevice_bd_trough_ball_eject_attempt'====== Args={'balls': 1, 'target': <playfield.playfield>, 'source': <ball_device.bd_trough>, 'mechanical_eject': False, 'num_attempts': 23}
2024-05-06 07:11:11,411 : INFO : ball_device.bd_trough : State: ejecting
2024-05-06 07:11:11,411 : INFO : ball_device.bd_trough : Ejecting ball to <playfield.playfield>
2024-05-06 07:11:11,411 : INFO : EventManager : Event: ======'balldevice_bd_trough_ejecting_ball'====== Args={'balls': 1, 'target': <playfield.playfield>, 'source': <ball_device.bd_trough>, 'mechanical_eject': False, 'num_attempts': 23}
2024-05-06 07:11:11,412 : INFO : ball_device.bd_trough : Wait for ball to leave device
2024-05-06 07:11:11,412 : INFO : coil.c_trough : Pulsing Driver for 15ms (1.0 pulse_power)
2024-05-06 07:11:13,413 : INFO : EventManager : Event: ======'balldevice_bd_trough_ball_eject_failed'====== Args={'target': <playfield.playfield>, 'balls': 1, 'retry': True, 'num_attempts': 24}
2024-05-06 07:11:13,415 : INFO : ball_device.bd_trough : State: waiting_for_target_ready
2024-05-06 07:11:13,416 : INFO : EventManager : Event: ======'balldevice_bd_trough_ball_eject_attempt'====== Args={'balls': 1, 'target': <playfield.playfield>, 'source': <ball_device.bd_trough>, 'mechanical_eject': False, 'num_attempts': 24}
2024-05-06 07:11:13,417 : INFO : ball_device.bd_trough : State: ejecting
2024-05-06 07:11:13,417 : INFO : ball_device.bd_trough : Ejecting ball to <playfield.playfield>
2024-05-06 07:11:13,417 : INFO : EventManager : Event: ======'balldevice_bd_trough_ejecting_ball'====== Args={'balls': 1, 'target': <playfield.playfield>, 'source': <ball_device.bd_trough>, 'mechanical_eject': False, 'num_attempts': 24}
2024-05-06 07:11:13,418 : INFO : ball_device.bd_trough : Wait for ball to leave device
2024-05-06 07:11:13,418 : INFO : coil.c_trough : Pulsing Driver for 15ms (1.0 pulse_power)
2024-05-06 07:11:15,420 : INFO : EventManager : Event: ======'balldevice_bd_trough_ball_eject_failed'====== Args={'target': <playfield.playfield>, 'balls': 1, 'retry': True, 'num_attempts': 25}
2024-05-06 07:11:15,421 : INFO : ball_device.bd_trough : State: waiting_for_target_ready
2024-05-06 07:11:15,421 : INFO : EventManager : Event: ======'balldevice_bd_trough_ball_eject_attempt'====== Args={'balls': 1, 'target': <playfield.playfield>, 'source': <ball_device.bd_trough>, 'mechanical_eject': False, 'num_attempts': 25}
2024-05-06 07:11:15,422 : INFO : ball_device.bd_trough : State: ejecting
2024-05-06 07:11:15,422 : INFO : ball_device.bd_trough : Ejecting ball to <playfield.playfield>
2024-05-06 07:11:15,422 : INFO : EventManager : Event: ======'balldevice_bd_trough_ejecting_ball'====== Args={'balls': 1, 'target': <playfield.playfield>, 'source': <ball_device.bd_trough>, 'mechanical_eject': False, 'num_attempts': 25}
2024-05-06 07:11:15,424 : INFO : ball_device.bd_trough : Wait for ball to leave device
2024-05-06 07:11:15,424 : INFO : coil.c_trough : Pulsing Driver for 15ms (1.0 pulse_power)
2024-05-06 07:11:17,425 : INFO : EventManager : Event: ======'balldevice_bd_trough_ball_eject_failed'====== Args={'target': <playfield.playfield>, 'balls': 1, 'retry': True, 'num_attempts': 26}
2024-05-06 07:11:17,427 : INFO : ball_device.bd_trough : State: waiting_for_target_ready
2024-05-06 07:11:17,428 : INFO : EventManager : Event: ======'balldevice_bd_trough_ball_eject_attempt'====== Args={'balls': 1, 'target': <playfield.playfield>, 'source': <ball_device.bd_trough>, 'mechanical_eject': False, 'num_attempts': 26}
2024-05-06 07:11:17,428 : INFO : ball_device.bd_trough : State: ejecting
2024-05-06 07:11:17,429 : INFO : ball_device.bd_trough : Ejecting ball to <playfield.playfield>
2024-05-06 07:11:17,429 : INFO : EventManager : Event: ======'balldevice_bd_trough_ejecting_ball'====== Args={'balls': 1, 'target': <playfield.playfield>, 'source': <ball_device.bd_trough>, 'mechanical_eject': False, 'num_attempts': 26}
2024-05-06 07:11:17,430 : INFO : ball_device.bd_trough : Wait for ball to leave device
2024-05-06 07:11:17,430 : INFO : coil.c_trough : Pulsing Driver for 15ms (1.0 pulse_power)
2024-05-06 07:11:19,432 : INFO : EventManager : Event: ======'balldevice_bd_trough_ball_eject_failed'====== Args={'target': <playfield.playfield>, 'balls': 1, 'retry': True, 'num_attempts': 27}
2024-05-06 07:11:19,434 : INFO : ball_device.bd_trough : State: waiting_for_target_ready
2024-05-06 07:11:19,435 : INFO : EventManager : Event: ======'balldevice_bd_trough_ball_eject_attempt'====== Args={'balls': 1, 'target': <playfield.playfield>, 'source': <ball_device.bd_trough>, 'mechanical_eject': False, 'num_attempts': 27}
2024-05-06 07:11:19,435 : INFO : ball_device.bd_trough : State: ejecting
2024-05-06 07:11:19,436 : INFO : ball_device.bd_trough : Ejecting ball to <playfield.playfield>
2024-05-06 07:11:19,436 : INFO : EventManager : Event: ======'balldevice_bd_trough_ejecting_ball'====== Args={'balls': 1, 'target': <playfield.playfield>, 'source': <ball_device.bd_trough>, 'mechanical_eject': False, 'num_attempts': 27}
2024-05-06 07:11:19,437 : INFO : ball_device.bd_trough : Wait for ball to leave device
2024-05-06 07:11:19,437 : INFO : coil.c_trough : Pulsing Driver for 15ms (1.0 pulse_power)
2024-05-06 07:11:21,208 : INFO : Machine : Shutting down...
2024-05-06 07:11:21,209 : INFO : EventManager : Event: ======'shutdown'====== Args={}
2024-05-06 07:11:21,215 : INFO : EventManager : Event: ======'mode_game_will_stop'====== Args={}
2024-05-06 07:11:21,215 : INFO : EventManager : Event: ======'mode_game_stopping'====== Args={}
2024-05-06 07:11:21,216 : INFO : EventManager : Event: ======'mode_lane_rotate_will_stop'====== Args={}
2024-05-06 07:11:21,216 : INFO : EventManager : Event: ======'mode_lane_rotate_stopping'====== Args={}
2024-05-06 07:11:21,216 : INFO : EventManager : Event: ======'mode_mult_fleshy_qualify_will_stop'====== Args={}
2024-05-06 07:11:21,216 : INFO : EventManager : Event: ======'mode_mult_fleshy_qualify_stopping'====== Args={}
2024-05-06 07:11:21,216 : INFO : EventManager : Event: ======'mode_base_will_stop'====== Args={}
2024-05-06 07:11:21,216 : INFO : EventManager : Event: ======'mode_base_stopping'====== Args={}
2024-05-06 07:11:21,217 : INFO : Mode.base : Stopped.
2024-05-06 07:11:21,217 : INFO : EventManager : Event: ======'modes_active_modes_changed'====== Args={}
2024-05-06 07:11:21,218 : INFO : EventManager : Event: ======'mode_base_stopped'====== Args={}
2024-05-06 07:11:21,218 : INFO : EventManager : Event: ======'clear'====== Args={'key': 'base'}
2024-05-06 07:11:21,220 : INFO : Mode.mult_fleshy_qualify : Stopped.
2024-05-06 07:11:21,220 : INFO : EventManager : Event: ======'modes_active_modes_changed'====== Args={}
2024-05-06 07:11:21,220 : INFO : EventManager : Event: ======'mode_mult_fleshy_qualify_stopped'====== Args={}
2024-05-06 07:11:21,220 : INFO : EventManager : Event: ======'clear'====== Args={'key': 'mult_fleshy_qualify'}
2024-05-06 07:11:21,221 : INFO : Mode.lane_rotate : Stopped.
2024-05-06 07:11:21,221 : INFO : EventManager : Event: ======'modes_active_modes_changed'====== Args={}
2024-05-06 07:11:21,221 : INFO : EventManager : Event: ======'mode_lane_rotate_stopped'====== Args={}
2024-05-06 07:11:21,221 : INFO : EventManager : Event: ======'clear'====== Args={'key': 'lane_rotate'}
2024-05-06 07:11:21,222 : INFO : Mode.game : Stopped.
2024-05-06 07:11:21,222 : INFO : EventManager : Event: ======'modes_active_modes_changed'====== Args={}
2024-05-06 07:11:21,222 : INFO : EventManager : Event: ======'mode_game_stopped'====== Args={}
2024-05-06 07:11:21,222 : INFO : EventManager : Event: ======'clear'====== Args={'key': 'game'}
2024-05-06 07:11:21,224 : INFO : root : MPF run loop ended.
