2024-02-01 13:05:50,553 : INFO : root : Loading config.
2024-02-01 13:05:50,559 : INFO : YamlMultifileConfigLoader : Machine config file #1: config.yaml
2024-02-01 13:05:50,560 : INFO : ConfigProcessor : Loading config from cache: C:\Users\Tanner\AppData\Local\Temp\35bf7834a2cb30277765407e9f9dad35.mpf_cache
2024-02-01 13:05:50,662 : INFO : ConfigProcessor : Loading config from cache: C:\Users\Tanner\AppData\Local\Temp\165ae565642a148ddd3c4976ade4dd88.mpf_cache
2024-02-01 13:05:50,663 : INFO : ConfigProcessor : Loading config from cache: C:\Users\Tanner\AppData\Local\Temp\dfbe1b39ae456f06de73c859384050b2.mpf_cache
2024-02-01 13:05:50,664 : INFO : Machine : Mission Pinball Framework Core Engine v0.57.0.dev33
2024-02-01 13:05:50,664 : INFO : Machine : Command line arguments: {'no_load_cache': False, 'create_config_cache': True, 'bcp': False, 'configfile': ['config.yaml'], 'force_assets_load': False, 'jsonlogging': False, 'logfile': 'logs\\2024-02-01-13-05-50-mpf-DESKTOP-7HNFDQ5.log', 'pause': False, 'production': False, 'text_ui': True, 'loglevel': 15, 'consoleloglevel': 20, 'force_platform': None, 'syslog_address': None, 'mc_file_name': None, 'no_sound': False}
2024-02-01 13:05:50,665 : INFO : Machine : MPF path: C:\Users\Tanner\AppData\Local\Packages\PythonSoftwareFoundation.Python.3.11_qbz5n2kfra8p0\LocalCache\local-packages\Python311\site-packages\mpf
2024-02-01 13:05:50,665 : INFO : Machine : Machine path: C:\lofab
2024-02-01 13:05:50,665 : INFO : Machine : Platform: win32
2024-02-01 13:05:50,665 : INFO : Machine : Python executable location: C:\Users\Tanner\AppData\Local\Microsoft\WindowsApps\PythonSoftwareFoundation.Python.3.11_qbz5n2kfra8p0\python.exe
2024-02-01 13:05:50,665 : INFO : Machine : Python version: 3.11.7 (64-bit)
2024-02-01 13:05:50,667 : INFO : Machine : Initializing MPF...
2024-02-01 13:05:50,941 : INFO : [NET] : Trying to connect to com9 at 921600bps
2024-02-01 13:05:51,020 : INFO : [NET] : Connected to com9 at 921600bps
2024-02-01 13:05:51,034 : INFO : [NET] : Connected to FP-CPU-2000 with firmware v02.13
2024-02-01 13:05:51,066 : INFO : [NET] : Registered I/O Board 0: Model: FP-I/O-0804, Firmware: 01.10, Switches: 8, Drivers: 4
2024-02-01 13:05:51,082 : INFO : [NET] : Registered I/O Board 1: Model: FP-I/O-0804, Firmware: 01.09, Switches: 8, Drivers: 4
2024-02-01 13:05:51,097 : INFO : [NET] : Registered I/O Board 2: Model: FP-I/O-3208, Firmware: 01.10, Switches: 32, Drivers: 8
2024-02-01 13:05:51,098 : INFO : [EXP] : Trying to connect to com10 at 921600bps
2024-02-01 13:05:51,176 : INFO : [EXP] : Connected to com10 at 921600bps
2024-02-01 13:05:51,193 : INFO : [EXP] : Verifying hardware for EXP "pf" (FP-EXP-0081, @84) with ID string "EXP FP-EXP-0081  0.12", board address 84
2024-02-01 13:05:51,208 : INFO : [EXP] : Verifying hardware for EXP "pf" (FP-EXP-0081, @84) with ID string "BRK FP-EXP-0081  0.12", board address 840
2024-02-01 13:05:51,223 : INFO : [EXP] : Verifying hardware for EXP "pf" (FP-EXP-0081, @84) with ID string "BRK FP-EXP-0081  0.12", board address 841
2024-02-01 13:05:51,239 : INFO : EventManager : Event: ======'machine_var_credits_string'====== Args={'value': 'FREE PLAY', 'prev_value': None, 'change': True}
2024-02-01 13:05:51,253 : INFO : EventManager : Event: ======'machine_var_master_volume'====== Args={'value': 0.5, 'prev_value': None, 'change': True}
2024-02-01 13:05:51,254 : INFO : EventManager : Event: ======'machine_var_player1_score'====== Args={'value': 0, 'prev_value': None, 'change': True}
2024-02-01 13:05:51,254 : INFO : EventManager : Event: ======'machine_var_mpf_version'====== Args={'value': 'Mission Pinball Framework v0.57.0.dev33', 'prev_value': None, 'change': True}
2024-02-01 13:05:51,254 : INFO : EventManager : Event: ======'machine_var_mpf_extended_version'====== Args={'value': 'Mission Pinball Framework v0.57.0.dev33, Config version:6, Show version: 6, BCP version:1.1', 'prev_value': None, 'change': True}
2024-02-01 13:05:51,254 : INFO : EventManager : Event: ======'machine_var_python_version'====== Args={'value': '3.11.7', 'prev_value': None, 'change': True}
2024-02-01 13:05:51,262 : INFO : EventManager : Event: ======'machine_var_platform'====== Args={'value': 'Windows-10-10.0.19045-SP0', 'prev_value': None, 'change': True}
2024-02-01 13:05:51,262 : INFO : EventManager : Event: ======'machine_var_platform_system'====== Args={'value': 'Windows', 'prev_value': None, 'change': True}
2024-02-01 13:05:51,262 : INFO : EventManager : Event: ======'machine_var_platform_release'====== Args={'value': '10', 'prev_value': None, 'change': True}
2024-02-01 13:05:51,262 : INFO : EventManager : Event: ======'machine_var_platform_version'====== Args={'value': '10.0.19045', 'prev_value': None, 'change': True}
2024-02-01 13:05:51,262 : INFO : EventManager : Event: ======'machine_var_platform_machine'====== Args={'value': 'AMD64', 'prev_value': None, 'change': True}
2024-02-01 13:05:51,262 : INFO : EventManager : Event: ======'init_phase_1'====== Args={}
2024-02-01 13:05:55,428 : INFO : SwitchController : <<<<<<< 's_sling_r' active >>>>>>>
2024-02-01 13:05:55,460 : INFO : EventManager : Event: ======'init_phase_2'====== Args={}
2024-02-01 13:05:55,460 : INFO : SwitchController : Found active switch: (29, [FAST Platform Interface]) <switch.s_sling_r>
2024-02-01 13:05:55,469 : INFO : EventManager : Event: ======'init_phase_3'====== Args={}
2024-02-01 13:05:55,471 : INFO : EventManager : Event: ======'init_phase_4'====== Args={}
2024-02-01 13:05:55,473 : INFO : EventManager : Event: ======'machine_var_audits_events_game_ended'====== Args={'value': 44, 'prev_value': None, 'change': True}
2024-02-01 13:05:55,473 : INFO : EventManager : Event: ======'machine_var_audits_events_game_started'====== Args={'value': 116, 'prev_value': None, 'change': True}
2024-02-01 13:05:55,473 : INFO : EventManager : Event: ======'machine_var_audits_player_score'====== Args={'value': {'average': 0.0, 'top': [0, 0, 0, 0, 0, 0, 0, 0, 0, 0], 'total': 44}, 'prev_value': None, 'change': True}
2024-02-01 13:05:55,473 : INFO : EventManager : Event: ======'machine_var_audits_switches_s_autolauncher'====== Args={'value': 422, 'prev_value': None, 'change': True}
2024-02-01 13:05:55,473 : INFO : EventManager : Event: ======'machine_var_audits_switches_s_b_eos'====== Args={'value': 2450, 'prev_value': None, 'change': True}
2024-02-01 13:05:55,473 : INFO : EventManager : Event: ======'machine_var_audits_switches_s_b_pop'====== Args={'value': 446, 'prev_value': None, 'change': True}
2024-02-01 13:05:55,473 : INFO : EventManager : Event: ======'machine_var_audits_switches_s_b_rollover_interchange'====== Args={'value': 10, 'prev_value': None, 'change': True}
2024-02-01 13:05:55,473 : INFO : EventManager : Event: ======'machine_var_audits_switches_s_b_rollover_loop'====== Args={'value': 24, 'prev_value': None, 'change': True}
2024-02-01 13:05:55,473 : INFO : EventManager : Event: ======'machine_var_audits_switches_s_b_rollover_misc'====== Args={'value': 33, 'prev_value': None, 'change': True}
2024-02-01 13:05:55,473 : INFO : EventManager : Event: ======'machine_var_audits_switches_s_b_target_left'====== Args={'value': 21, 'prev_value': None, 'change': True}
2024-02-01 13:05:55,474 : INFO : EventManager : Event: ======'machine_var_audits_switches_s_b_target_right'====== Args={'value': 39, 'prev_value': None, 'change': True}
2024-02-01 13:05:55,474 : INFO : EventManager : Event: ======'machine_var_audits_switches_s_drop_mid_center'====== Args={'value': 113, 'prev_value': None, 'change': True}
2024-02-01 13:05:55,474 : INFO : EventManager : Event: ======'machine_var_audits_switches_s_drop_mid_left'====== Args={'value': 76, 'prev_value': None, 'change': True}
2024-02-01 13:05:55,474 : INFO : EventManager : Event: ======'machine_var_audits_switches_s_drop_mid_right'====== Args={'value': 96, 'prev_value': None, 'change': True}
2024-02-01 13:05:55,474 : INFO : EventManager : Event: ======'machine_var_audits_switches_s_drop_right_left'====== Args={'value': 32, 'prev_value': None, 'change': True}
2024-02-01 13:05:55,474 : INFO : EventManager : Event: ======'machine_var_audits_switches_s_drop_right_right'====== Args={'value': 32, 'prev_value': None, 'change': True}
2024-02-01 13:05:55,474 : INFO : EventManager : Event: ======'machine_var_audits_switches_s_drop_scoop'====== Args={'value': 0, 'prev_value': None, 'change': True}
2024-02-01 13:05:55,474 : INFO : EventManager : Event: ======'machine_var_audits_switches_s_drop_single'====== Args={'value': 24, 'prev_value': None, 'change': True}
2024-02-01 13:05:55,474 : INFO : EventManager : Event: ======'machine_var_audits_switches_s_flip_left_eos'====== Args={'value': 25095, 'prev_value': None, 'change': True}
2024-02-01 13:05:55,474 : INFO : EventManager : Event: ======'machine_var_audits_switches_s_flip_left_top_eos'====== Args={'value': 1729, 'prev_value': None, 'change': True}
2024-02-01 13:05:55,474 : INFO : EventManager : Event: ======'machine_var_audits_switches_s_flip_right_eos'====== Args={'value': 2110, 'prev_value': None, 'change': True}
2024-02-01 13:05:55,475 : INFO : EventManager : Event: ======'machine_var_audits_switches_s_inlane_left'====== Args={'value': 31, 'prev_value': None, 'change': True}
2024-02-01 13:05:55,475 : INFO : EventManager : Event: ======'machine_var_audits_switches_s_inlane_right'====== Args={'value': 59, 'prev_value': None, 'change': True}
2024-02-01 13:05:55,475 : INFO : EventManager : Event: ======'machine_var_audits_switches_s_l_rollover'====== Args={'value': 9, 'prev_value': None, 'change': True}
2024-02-01 13:05:55,475 : INFO : EventManager : Event: ======'machine_var_audits_switches_s_l_target_far'====== Args={'value': 9, 'prev_value': None, 'change': True}
2024-02-01 13:05:55,475 : INFO : EventManager : Event: ======'machine_var_audits_switches_s_l_target_large'====== Args={'value': 9, 'prev_value': None, 'change': True}
2024-02-01 13:05:55,475 : INFO : EventManager : Event: ======'machine_var_audits_switches_s_l_target_left'====== Args={'value': 10, 'prev_value': None, 'change': True}
2024-02-01 13:05:55,475 : INFO : EventManager : Event: ======'machine_var_audits_switches_s_l_target_right'====== Args={'value': 9, 'prev_value': None, 'change': True}
2024-02-01 13:05:55,475 : INFO : EventManager : Event: ======'machine_var_audits_switches_s_l_vuk'====== Args={'value': 9, 'prev_value': None, 'change': True}
2024-02-01 13:05:55,475 : INFO : EventManager : Event: ======'machine_var_audits_switches_s_launch'====== Args={'value': 460, 'prev_value': None, 'change': True}
2024-02-01 13:05:55,475 : INFO : EventManager : Event: ======'machine_var_audits_switches_s_left_flipper_1'====== Args={'value': 1947, 'prev_value': None, 'change': True}
2024-02-01 13:05:55,476 : INFO : EventManager : Event: ======'machine_var_audits_switches_s_left_flipper_2'====== Args={'value': 651, 'prev_value': None, 'change': True}
2024-02-01 13:05:55,476 : INFO : EventManager : Event: ======'machine_var_audits_switches_s_lock_1'====== Args={'value': 1, 'prev_value': None, 'change': True}
2024-02-01 13:05:55,476 : INFO : EventManager : Event: ======'machine_var_audits_switches_s_lock_2'====== Args={'value': 1, 'prev_value': None, 'change': True}
2024-02-01 13:05:55,476 : INFO : EventManager : Event: ======'machine_var_audits_switches_s_lock_3'====== Args={'value': 1, 'prev_value': None, 'change': True}
2024-02-01 13:05:55,476 : INFO : EventManager : Event: ======'machine_var_audits_switches_s_outlane_left'====== Args={'value': 12, 'prev_value': None, 'change': True}
2024-02-01 13:05:55,476 : INFO : EventManager : Event: ======'machine_var_audits_switches_s_outlane_right'====== Args={'value': 28, 'prev_value': None, 'change': True}
2024-02-01 13:05:55,476 : INFO : EventManager : Event: ======'machine_var_audits_switches_s_pop_left'====== Args={'value': 152, 'prev_value': None, 'change': True}
2024-02-01 13:05:55,476 : INFO : EventManager : Event: ======'machine_var_audits_switches_s_pop_lower'====== Args={'value': 560, 'prev_value': None, 'change': True}
2024-02-01 13:05:55,477 : INFO : EventManager : Event: ======'machine_var_audits_switches_s_pop_right'====== Args={'value': 2348, 'prev_value': None, 'change': True}
2024-02-01 13:05:55,477 : INFO : EventManager : Event: ======'machine_var_audits_switches_s_right_flipper_1'====== Args={'value': 3494, 'prev_value': None, 'change': True}
2024-02-01 13:05:55,477 : INFO : EventManager : Event: ======'machine_var_audits_switches_s_right_flipper_2'====== Args={'value': 3304, 'prev_value': None, 'change': True}
2024-02-01 13:05:55,477 : INFO : EventManager : Event: ======'machine_var_audits_switches_s_rollover_left'====== Args={'value': 84, 'prev_value': None, 'change': True}
2024-02-01 13:05:55,477 : INFO : EventManager : Event: ======'machine_var_audits_switches_s_rollover_right'====== Args={'value': 488, 'prev_value': None, 'change': True}
2024-02-01 13:05:55,477 : INFO : EventManager : Event: ======'machine_var_audits_switches_s_sling_left'====== Args={'value': 159, 'prev_value': None, 'change': True}
2024-02-01 13:05:55,477 : INFO : EventManager : Event: ======'machine_var_audits_switches_s_sling_right'====== Args={'value': 237, 'prev_value': None, 'change': True}
2024-02-01 13:05:55,477 : INFO : EventManager : Event: ======'machine_var_audits_switches_s_start'====== Args={'value': 113, 'prev_value': None, 'change': True}
2024-02-01 13:05:55,478 : INFO : EventManager : Event: ======'machine_var_audits_switches_s_tilt'====== Args={'value': 2735, 'prev_value': None, 'change': True}
2024-02-01 13:05:55,478 : INFO : EventManager : Event: ======'machine_var_audits_switches_s_trough_1'====== Args={'value': 0, 'prev_value': None, 'change': True}
2024-02-01 13:05:55,478 : INFO : EventManager : Event: ======'machine_var_audits_switches_s_trough_2'====== Args={'value': 440, 'prev_value': None, 'change': True}
2024-02-01 13:05:55,478 : INFO : EventManager : Event: ======'machine_var_audits_switches_s_trough_3'====== Args={'value': 394, 'prev_value': None, 'change': True}
2024-02-01 13:05:55,478 : INFO : EventManager : Event: ======'machine_var_audits_switches_s_trough_4'====== Args={'value': 396, 'prev_value': None, 'change': True}
2024-02-01 13:05:55,478 : INFO : EventManager : Event: ======'machine_var_audits_switches_s_trough_5'====== Args={'value': 284, 'prev_value': None, 'change': True}
2024-02-01 13:05:55,479 : INFO : EventManager : Event: ======'machine_var_audits_switches_s_trough_6'====== Args={'value': 277, 'prev_value': None, 'change': True}
2024-02-01 13:05:55,479 : INFO : EventManager : Event: ======'machine_var_audits_switches_s_trough_jam'====== Args={'value': 344, 'prev_value': None, 'change': True}
2024-02-01 13:05:55,479 : INFO : EventManager : Event: ======'machine_var_audits_switches_s_u_lane_l'====== Args={'value': 15, 'prev_value': None, 'change': True}
2024-02-01 13:05:55,479 : INFO : EventManager : Event: ======'machine_var_audits_switches_s_u_lane_r'====== Args={'value': 20, 'prev_value': None, 'change': True}
2024-02-01 13:05:55,479 : INFO : EventManager : Event: ======'machine_var_audits_switches_s_u_rollover'====== Args={'value': 10, 'prev_value': None, 'change': True}
2024-02-01 13:05:55,479 : INFO : EventManager : Event: ======'machine_var_audits_switches_s_u_target'====== Args={'value': 8, 'prev_value': None, 'change': True}
2024-02-01 13:05:55,479 : INFO : EventManager : Event: ======'machine_var_audits_switches_s_vuk_back'====== Args={'value': 489, 'prev_value': None, 'change': True}
2024-02-01 13:05:55,480 : INFO : EventManager : Event: ======'machine_var_audits_switches_s_vuk_right'====== Args={'value': 1, 'prev_value': None, 'change': True}
2024-02-01 13:05:55,480 : INFO : EventManager : Event: ======'machine_var_audits_switches_s_left_flipper'====== Args={'value': 0, 'prev_value': None, 'change': True}
2024-02-01 13:05:55,480 : INFO : EventManager : Event: ======'machine_var_audits_switches_s_right_flipper'====== Args={'value': 0, 'prev_value': None, 'change': True}
2024-02-01 13:05:55,480 : INFO : EventManager : Event: ======'machine_var_audits_switches_s_sling_l'====== Args={'value': 0, 'prev_value': None, 'change': True}
2024-02-01 13:05:55,480 : INFO : EventManager : Event: ======'machine_var_audits_switches_s_stationary_l'====== Args={'value': 0, 'prev_value': None, 'change': True}
2024-02-01 13:05:55,480 : INFO : EventManager : Event: ======'machine_var_audits_switches_s_9'====== Args={'value': 0, 'prev_value': None, 'change': True}
2024-02-01 13:05:55,481 : INFO : EventManager : Event: ======'machine_var_audits_switches_s_pop'====== Args={'value': 0, 'prev_value': None, 'change': True}
2024-02-01 13:05:55,481 : INFO : EventManager : Event: ======'machine_var_audits_switches_s_stationary_right'====== Args={'value': 0, 'prev_value': None, 'change': True}
2024-02-01 13:05:55,481 : INFO : EventManager : Event: ======'machine_var_audits_switches_s_stationary_back'====== Args={'value': 0, 'prev_value': None, 'change': True}
2024-02-01 13:05:55,481 : INFO : EventManager : Event: ======'machine_var_audits_switches_s_sling_r'====== Args={'value': 0, 'prev_value': None, 'change': True}
2024-02-01 13:05:55,481 : INFO : EventManager : Event: ======'machine_var_audits_switches_s_vuk'====== Args={'value': 0, 'prev_value': None, 'change': True}
2024-02-01 13:05:55,482 : INFO : EventManager : Event: ======'init_phase_5'====== Args={}
2024-02-01 13:05:55,515 : INFO : EventManager : Event: ======'init_done'====== Args={}
2024-02-01 13:05:55,515 : INFO : EventManager : Event: ======'machine_reset_phase_1'====== Args={}
2024-02-01 13:05:55,516 : INFO : EventManager : Event: ======'machine_reset_phase_2'====== Args={}
2024-02-01 13:05:55,516 : INFO : EventManager : Event: ======'machine_reset_phase_3'====== Args={}
2024-02-01 13:05:55,517 : INFO : EventManager : Event: ======'reset_complete'====== Args={}
2024-02-01 13:05:55,517 : INFO : EventManager : Event: ======'mode_attract_will_start'====== Args={}
2024-02-01 13:05:55,517 : INFO : EventManager : Event: ======'mode_attract_starting'====== Args={}
2024-02-01 13:05:55,517 : INFO : Mode.attract : Started. Priority: 10
2024-02-01 13:05:55,517 : INFO : EventManager : Event: ======'modes_active_modes_changed'====== Args={}
2024-02-01 13:05:55,517 : INFO : EventManager : Event: ======'mode_attract_started'====== Args={}
2024-02-01 13:05:55,517 : INFO : EventManager : Event: ======'collecting_balls_complete'====== Args={}
2024-02-01 13:05:55,535 : INFO : Machine : Starting the main run loop.
2024-02-01 13:05:58,816 : INFO : SwitchController : <<<<<<< 's_trough_4' active >>>>>>>
2024-02-01 13:05:59,001 : INFO : SwitchController : <<<<<<< 's_trough_4' inactive >>>>>>>
2024-02-01 13:05:59,190 : INFO : SwitchController : <<<<<<< 's_trough_3' active >>>>>>>
2024-02-01 13:05:59,286 : INFO : SwitchController : <<<<<<< 's_trough_3' inactive >>>>>>>
2024-02-01 13:05:59,441 : INFO : SwitchController : <<<<<<< 's_trough_2' active >>>>>>>
2024-02-01 13:05:59,614 : INFO : SwitchController : <<<<<<< 's_trough_2' inactive >>>>>>>
2024-02-01 13:05:59,864 : INFO : SwitchController : <<<<<<< 's_trough_1' active >>>>>>>
2024-02-01 13:06:00,085 : INFO : SwitchController : <<<<<<< 's_trough_1' inactive >>>>>>>
2024-02-01 13:06:00,367 : INFO : SwitchController : <<<<<<< 's_trough_1' active >>>>>>>
2024-02-01 13:06:00,445 : INFO : SwitchController : <<<<<<< 's_trough_1' inactive >>>>>>>
2024-02-01 13:06:00,509 : INFO : SwitchController : <<<<<<< 's_trough_2' active >>>>>>>
2024-02-01 13:06:00,589 : INFO : SwitchController : <<<<<<< 's_trough_2' inactive >>>>>>>
2024-02-01 13:06:00,651 : INFO : SwitchController : <<<<<<< 's_trough_3' active >>>>>>>
2024-02-01 13:06:00,823 : INFO : SwitchController : <<<<<<< 's_trough_3' inactive >>>>>>>
2024-02-01 13:06:00,885 : INFO : SwitchController : <<<<<<< 's_trough_4' active >>>>>>>
2024-02-01 13:06:00,947 : INFO : SwitchController : <<<<<<< 's_trough_4' inactive >>>>>>>
2024-02-01 13:06:01,261 : INFO : SwitchController : <<<<<<< 's_trough_4' active >>>>>>>
2024-02-01 13:06:01,323 : INFO : SwitchController : <<<<<<< 's_trough_4' inactive >>>>>>>
2024-02-01 13:06:38,042 : INFO : SwitchController : <<<<<<< 's_trough_1' active >>>>>>>
2024-02-01 13:06:50,295 : INFO : SwitchController : <<<<<<< 's_trough_1' inactive >>>>>>>
2024-02-01 13:06:51,561 : INFO : SwitchController : <<<<<<< 's_trough_2' active >>>>>>>
2024-02-01 13:06:51,657 : INFO : SwitchController : <<<<<<< 's_trough_2' inactive >>>>>>>
2024-02-01 13:06:52,923 : INFO : SwitchController : <<<<<<< 's_trough_1' active >>>>>>>
2024-02-01 13:06:52,955 : INFO : SwitchController : <<<<<<< 's_trough_1' inactive >>>>>>>
2024-02-01 13:06:53,249 : INFO : SwitchController : <<<<<<< 's_trough_1' active >>>>>>>
2024-02-01 13:06:53,577 : INFO : SwitchController : <<<<<<< 's_trough_1' inactive >>>>>>>
2024-02-01 13:06:56,042 : INFO : SwitchController : <<<<<<< 's_trough_2' active >>>>>>>
2024-02-01 13:07:10,988 : INFO : SwitchController : <<<<<<< 's_trough_2' inactive >>>>>>>
2024-02-01 13:07:12,166 : INFO : SwitchController : <<<<<<< 's_trough_2' active >>>>>>>
2024-02-01 13:07:12,899 : INFO : SwitchController : <<<<<<< 's_trough_2' inactive >>>>>>>
2024-02-01 13:07:20,354 : INFO : SwitchController : <<<<<<< 's_trough_2' active >>>>>>>
2024-02-01 13:07:28,320 : INFO : SwitchController : <<<<<<< 's_trough_2' inactive >>>>>>>
2024-02-01 13:07:30,288 : INFO : SwitchController : <<<<<<< 's_trough_2' active >>>>>>>
2024-02-01 13:07:30,319 : INFO : SwitchController : <<<<<<< 's_trough_2' inactive >>>>>>>
2024-02-01 13:07:30,571 : INFO : SwitchController : <<<<<<< 's_trough_2' active >>>>>>>
2024-02-01 13:07:31,737 : INFO : SwitchController : <<<<<<< 's_trough_2' inactive >>>>>>>
2024-02-01 13:07:43,728 : INFO : SwitchController : <<<<<<< 's_trough_2' active >>>>>>>
2024-02-01 13:07:44,073 : INFO : SwitchController : <<<<<<< 's_trough_2' inactive >>>>>>>
2024-02-01 13:07:48,204 : INFO : SwitchController : <<<<<<< 's_trough_2' active >>>>>>>
2024-02-01 13:07:48,986 : INFO : SwitchController : <<<<<<< 's_trough_2' inactive >>>>>>>
2024-02-01 13:07:53,607 : INFO : SwitchController : <<<<<<< 's_trough_2' active >>>>>>>
2024-02-01 13:07:53,669 : INFO : SwitchController : <<<<<<< 's_trough_2' inactive >>>>>>>
2024-02-01 13:07:53,731 : INFO : SwitchController : <<<<<<< 's_trough_3' active >>>>>>>
2024-02-01 13:07:53,778 : INFO : SwitchController : <<<<<<< 's_trough_3' inactive >>>>>>>
2024-02-01 13:07:53,871 : INFO : SwitchController : <<<<<<< 's_trough_4' active >>>>>>>
2024-02-01 13:07:54,105 : INFO : SwitchController : <<<<<<< 's_trough_4' inactive >>>>>>>
2024-02-01 13:07:54,168 : INFO : SwitchController : <<<<<<< 's_trough_3' active >>>>>>>
2024-02-01 13:07:54,213 : INFO : SwitchController : <<<<<<< 's_trough_3' inactive >>>>>>>
2024-02-01 13:07:54,262 : INFO : SwitchController : <<<<<<< 's_trough_2' active >>>>>>>
2024-02-01 13:07:54,324 : INFO : SwitchController : <<<<<<< 's_trough_2' inactive >>>>>>>
2024-02-01 13:07:54,386 : INFO : SwitchController : <<<<<<< 's_trough_1' active >>>>>>>
2024-02-01 13:07:54,448 : INFO : SwitchController : <<<<<<< 's_trough_1' inactive >>>>>>>
2024-02-01 13:07:54,621 : INFO : SwitchController : <<<<<<< 's_trough_1' active >>>>>>>
2024-02-01 13:07:54,683 : INFO : SwitchController : <<<<<<< 's_trough_1' inactive >>>>>>>
2024-02-01 13:07:54,730 : INFO : SwitchController : <<<<<<< 's_trough_2' active >>>>>>>
2024-02-01 13:07:54,777 : INFO : SwitchController : <<<<<<< 's_trough_2' inactive >>>>>>>
2024-02-01 13:07:54,854 : INFO : SwitchController : <<<<<<< 's_trough_3' active >>>>>>>
2024-02-01 13:07:54,901 : INFO : SwitchController : <<<<<<< 's_trough_3' inactive >>>>>>>
2024-02-01 13:08:41,487 : INFO : SwitchController : <<<<<<< 's_trough_3' active >>>>>>>
2024-02-01 13:08:41,550 : INFO : SwitchController : <<<<<<< 's_trough_3' inactive >>>>>>>
2024-02-01 13:08:41,613 : INFO : SwitchController : <<<<<<< 's_trough_2' active >>>>>>>
2024-02-01 13:08:41,660 : INFO : SwitchController : <<<<<<< 's_trough_2' inactive >>>>>>>
2024-02-01 13:08:41,690 : INFO : SwitchController : <<<<<<< 's_trough_1' active >>>>>>>
2024-02-01 13:08:41,754 : INFO : SwitchController : <<<<<<< 's_trough_1' inactive >>>>>>>
2024-02-01 13:08:41,908 : INFO : SwitchController : <<<<<<< 's_trough_1' active >>>>>>>
2024-02-01 13:08:41,971 : INFO : SwitchController : <<<<<<< 's_trough_1' inactive >>>>>>>
2024-02-01 13:08:42,017 : INFO : SwitchController : <<<<<<< 's_trough_2' active >>>>>>>
2024-02-01 13:08:42,064 : INFO : SwitchController : <<<<<<< 's_trough_2' inactive >>>>>>>
2024-02-01 13:08:42,112 : INFO : SwitchController : <<<<<<< 's_trough_3' active >>>>>>>
2024-02-01 13:08:42,157 : INFO : SwitchController : <<<<<<< 's_trough_3' inactive >>>>>>>
2024-02-01 13:08:42,408 : INFO : SwitchController : <<<<<<< 's_trough_3' active >>>>>>>
2024-02-01 13:08:42,486 : INFO : SwitchController : <<<<<<< 's_trough_3' inactive >>>>>>>
2024-02-01 13:08:42,533 : INFO : SwitchController : <<<<<<< 's_trough_2' active >>>>>>>
2024-02-01 13:08:42,597 : INFO : SwitchController : <<<<<<< 's_trough_2' inactive >>>>>>>
2024-02-01 13:08:42,676 : INFO : SwitchController : <<<<<<< 's_trough_1' active >>>>>>>
2024-02-01 13:08:42,908 : INFO : SwitchController : <<<<<<< 's_trough_1' inactive >>>>>>>
2024-02-01 13:08:58,153 : INFO : SwitchController : <<<<<<< 's_launch' active >>>>>>>
2024-02-01 13:09:01,111 : INFO : SwitchController : <<<<<<< 's_launch' inactive >>>>>>>
2024-02-01 13:09:15,646 : INFO : SwitchController : <<<<<<< 's_sling_r' inactive >>>>>>>
2024-02-01 13:09:15,664 : INFO : SwitchController : <<<<<<< 's_sling_r' active >>>>>>>
2024-02-01 13:09:15,664 : INFO : SwitchController : <<<<<<< 's_sling_r' inactive >>>>>>>
2024-02-01 13:09:15,676 : INFO : SwitchController : <<<<<<< 's_sling_r' active >>>>>>>
2024-02-01 13:09:15,694 : INFO : SwitchController : <<<<<<< 's_sling_r' inactive >>>>>>>
2024-02-01 13:09:15,694 : INFO : SwitchController : <<<<<<< 's_sling_r' active >>>>>>>
2024-02-01 13:09:15,753 : INFO : SwitchController : <<<<<<< 's_sling_r' inactive >>>>>>>
2024-02-01 13:09:15,753 : INFO : SwitchController : <<<<<<< 's_sling_r' active >>>>>>>
2024-02-01 13:09:15,770 : INFO : SwitchController : <<<<<<< 's_sling_r' inactive >>>>>>>
2024-02-01 13:09:15,770 : INFO : SwitchController : <<<<<<< 's_sling_r' active >>>>>>>
2024-02-01 13:09:15,809 : INFO : SwitchController : <<<<<<< 's_sling_r' inactive >>>>>>>
2024-02-01 13:09:15,812 : INFO : SwitchController : <<<<<<< 's_sling_r' active >>>>>>>
2024-02-01 13:09:15,847 : INFO : SwitchController : <<<<<<< 's_sling_r' inactive >>>>>>>
2024-02-01 13:09:15,864 : INFO : SwitchController : <<<<<<< 's_sling_r' active >>>>>>>
2024-02-01 13:09:15,864 : INFO : SwitchController : <<<<<<< 's_sling_r' inactive >>>>>>>
2024-02-01 13:09:15,878 : INFO : SwitchController : <<<<<<< 's_sling_r' active >>>>>>>
2024-02-01 13:09:15,925 : INFO : SwitchController : <<<<<<< 's_sling_r' inactive >>>>>>>
2024-02-01 13:09:15,942 : INFO : SwitchController : <<<<<<< 's_sling_r' active >>>>>>>
2024-02-01 13:09:15,958 : INFO : SwitchController : <<<<<<< 's_sling_r' inactive >>>>>>>
2024-02-01 13:09:15,973 : INFO : SwitchController : <<<<<<< 's_sling_r' active >>>>>>>
2024-02-01 13:09:15,973 : INFO : SwitchController : <<<<<<< 's_sling_r' inactive >>>>>>>
2024-02-01 13:09:16,019 : INFO : SwitchController : <<<<<<< 's_sling_r' active >>>>>>>
2024-02-01 13:09:16,175 : INFO : SwitchController : <<<<<<< 's_sling_r' inactive >>>>>>>
2024-02-01 13:09:16,192 : INFO : SwitchController : <<<<<<< 's_sling_r' active >>>>>>>
2024-02-01 13:09:17,464 : INFO : SwitchController : <<<<<<< 's_sling_r' inactive >>>>>>>
2024-02-01 13:09:17,479 : INFO : SwitchController : <<<<<<< 's_sling_r' active >>>>>>>
2024-02-01 13:09:19,935 : INFO : SwitchController : <<<<<<< 's_sling_r' inactive >>>>>>>
2024-02-01 13:09:19,966 : INFO : SwitchController : <<<<<<< 's_sling_r' active >>>>>>>
2024-02-01 13:09:19,966 : INFO : SwitchController : <<<<<<< 's_sling_r' inactive >>>>>>>
2024-02-01 13:09:20,326 : INFO : SwitchController : <<<<<<< 's_sling_r' active >>>>>>>
2024-02-01 13:09:20,343 : INFO : SwitchController : <<<<<<< 's_sling_r' inactive >>>>>>>
2024-02-01 13:09:20,343 : INFO : SwitchController : <<<<<<< 's_sling_r' active >>>>>>>
2024-02-01 13:09:24,633 : INFO : SwitchController : <<<<<<< 's_sling_r' inactive >>>>>>>
2024-02-01 13:09:25,119 : INFO : SwitchController : <<<<<<< 's_sling_r' active >>>>>>>
2024-02-01 13:09:28,585 : INFO : SwitchController : <<<<<<< 's_sling_r' inactive >>>>>>>
2024-02-01 13:09:28,585 : INFO : SwitchController : <<<<<<< 's_sling_r' active >>>>>>>
2024-02-01 13:09:28,602 : INFO : SwitchController : <<<<<<< 's_sling_r' inactive >>>>>>>
2024-02-01 13:09:28,620 : INFO : SwitchController : <<<<<<< 's_sling_r' active >>>>>>>
2024-02-01 13:09:28,741 : INFO : SwitchController : <<<<<<< 's_sling_r' inactive >>>>>>>
2024-02-01 13:09:28,758 : INFO : SwitchController : <<<<<<< 's_sling_r' active >>>>>>>
2024-02-01 13:09:54,535 : INFO : SwitchController : <<<<<<< 's_sling_r' inactive >>>>>>>
2024-02-01 13:09:54,554 : INFO : SwitchController : <<<<<<< 's_sling_r' active >>>>>>>
2024-02-01 13:09:54,629 : INFO : SwitchController : <<<<<<< 's_sling_r' inactive >>>>>>>
2024-02-01 13:09:54,676 : INFO : SwitchController : <<<<<<< 's_sling_r' active >>>>>>>
2024-02-01 13:09:54,723 : INFO : SwitchController : <<<<<<< 's_sling_r' inactive >>>>>>>
2024-02-01 13:09:54,808 : INFO : SwitchController : <<<<<<< 's_sling_r' active >>>>>>>
2024-02-01 13:09:54,846 : INFO : SwitchController : <<<<<<< 's_sling_r' inactive >>>>>>>
2024-02-01 13:09:54,895 : INFO : SwitchController : <<<<<<< 's_sling_r' active >>>>>>>
2024-02-01 13:09:54,940 : INFO : SwitchController : <<<<<<< 's_sling_r' inactive >>>>>>>
2024-02-01 13:09:54,971 : INFO : SwitchController : <<<<<<< 's_sling_r' active >>>>>>>
2024-02-01 13:09:54,971 : INFO : SwitchController : <<<<<<< 's_sling_r' inactive >>>>>>>
2024-02-01 13:09:55,002 : INFO : SwitchController : <<<<<<< 's_sling_r' active >>>>>>>
2024-02-01 13:09:56,732 : INFO : SwitchController : <<<<<<< 's_sling_r' inactive >>>>>>>
2024-02-01 13:09:57,152 : INFO : SwitchController : <<<<<<< 's_sling_r' active >>>>>>>
2024-02-01 13:10:11,318 : INFO : SwitchController : <<<<<<< 's_sling_r' inactive >>>>>>>
2024-02-01 13:10:12,283 : INFO : SwitchController : <<<<<<< 's_left_flipper' active >>>>>>>
2024-02-01 13:10:13,096 : INFO : SwitchController : <<<<<<< 's_left_flipper' inactive >>>>>>>
2024-02-01 13:10:13,345 : INFO : SwitchController : <<<<<<< 's_sling_r' active >>>>>>>
2024-02-01 13:10:14,617 : INFO : SwitchController : <<<<<<< 's_sling_r' inactive >>>>>>>
2024-02-01 13:10:15,402 : INFO : SwitchController : <<<<<<< 's_sling_r' active >>>>>>>
2024-02-01 13:10:16,100 : INFO : SwitchController : <<<<<<< 's_sling_r' inactive >>>>>>>
2024-02-01 13:10:16,162 : INFO : SwitchController : <<<<<<< 's_sling_r' active >>>>>>>
2024-02-01 13:10:16,193 : INFO : SwitchController : <<<<<<< 's_sling_r' inactive >>>>>>>
2024-02-01 13:10:16,239 : INFO : SwitchController : <<<<<<< 's_sling_r' active >>>>>>>
2024-02-01 13:10:16,270 : INFO : SwitchController : <<<<<<< 's_sling_r' inactive >>>>>>>
2024-02-01 13:10:16,318 : INFO : SwitchController : <<<<<<< 's_sling_r' active >>>>>>>
2024-02-01 13:10:16,504 : INFO : SwitchController : <<<<<<< 's_sling_r' inactive >>>>>>>
2024-02-01 13:10:16,521 : INFO : SwitchController : <<<<<<< 's_sling_r' active >>>>>>>
2024-02-01 13:10:16,538 : INFO : SwitchController : <<<<<<< 's_sling_r' inactive >>>>>>>
2024-02-01 13:10:16,552 : INFO : SwitchController : <<<<<<< 's_sling_r' active >>>>>>>
2024-02-01 13:10:16,568 : INFO : SwitchController : <<<<<<< 's_sling_r' inactive >>>>>>>
2024-02-01 13:10:16,914 : INFO : SwitchController : <<<<<<< 's_sling_r' active >>>>>>>
2024-02-01 13:10:17,022 : INFO : SwitchController : <<<<<<< 's_sling_r' inactive >>>>>>>
2024-02-01 13:10:17,022 : INFO : SwitchController : <<<<<<< 's_sling_r' active >>>>>>>
2024-02-01 13:10:17,115 : INFO : SwitchController : <<<<<<< 's_sling_r' inactive >>>>>>>
2024-02-01 13:10:17,133 : INFO : SwitchController : <<<<<<< 's_sling_r' active >>>>>>>
2024-02-01 13:10:17,161 : INFO : SwitchController : <<<<<<< 's_sling_r' inactive >>>>>>>
2024-02-01 13:10:18,764 : INFO : SwitchController : <<<<<<< 's_sling_r' active >>>>>>>
2024-02-01 13:10:18,904 : INFO : SwitchController : <<<<<<< 's_sling_r' inactive >>>>>>>
2024-02-01 13:10:18,904 : INFO : SwitchController : <<<<<<< 's_sling_r' active >>>>>>>
2024-02-01 13:10:18,921 : INFO : SwitchController : <<<<<<< 's_sling_r' inactive >>>>>>>
2024-02-01 13:10:19,106 : INFO : SwitchController : <<<<<<< 's_sling_r' active >>>>>>>
2024-02-01 13:10:19,215 : INFO : SwitchController : <<<<<<< 's_sling_r' inactive >>>>>>>
2024-02-01 13:10:20,260 : INFO : SwitchController : <<<<<<< 's_sling_r' active >>>>>>>
2024-02-01 13:10:20,386 : INFO : SwitchController : <<<<<<< 's_sling_r' inactive >>>>>>>
2024-02-01 13:10:20,608 : INFO : SwitchController : <<<<<<< 's_sling_r' active >>>>>>>
2024-02-01 13:10:20,717 : INFO : SwitchController : <<<<<<< 's_sling_r' inactive >>>>>>>
2024-02-01 13:10:21,215 : INFO : SwitchController : <<<<<<< 's_sling_r' active >>>>>>>
2024-02-01 13:10:23,796 : INFO : SwitchController : <<<<<<< 's_sling_r' inactive >>>>>>>
2024-02-01 13:10:24,283 : INFO : SwitchController : <<<<<<< 's_sling_r' active >>>>>>>
2024-02-01 13:10:27,430 : INFO : SwitchController : <<<<<<< 's_sling_r' inactive >>>>>>>
2024-02-01 13:10:27,461 : INFO : SwitchController : <<<<<<< 's_sling_r' active >>>>>>>
2024-02-01 13:10:27,461 : INFO : SwitchController : <<<<<<< 's_sling_r' inactive >>>>>>>
2024-02-01 13:10:27,602 : INFO : SwitchController : <<<<<<< 's_sling_r' active >>>>>>>
2024-02-01 13:10:27,602 : INFO : SwitchController : <<<<<<< 's_sling_r' inactive >>>>>>>
2024-02-01 13:10:27,633 : INFO : SwitchController : <<<<<<< 's_sling_r' active >>>>>>>
2024-02-01 13:10:27,790 : INFO : SwitchController : <<<<<<< 's_sling_r' inactive >>>>>>>
2024-02-01 13:10:27,817 : INFO : SwitchController : <<<<<<< 's_sling_r' active >>>>>>>
2024-02-01 13:10:27,851 : INFO : SwitchController : <<<<<<< 's_sling_r' inactive >>>>>>>
2024-02-01 13:10:27,899 : INFO : SwitchController : <<<<<<< 's_sling_r' active >>>>>>>
2024-02-01 13:10:27,899 : INFO : SwitchController : <<<<<<< 's_sling_r' inactive >>>>>>>
2024-02-01 13:10:27,930 : INFO : SwitchController : <<<<<<< 's_sling_r' active >>>>>>>
2024-02-01 13:10:27,961 : INFO : SwitchController : <<<<<<< 's_sling_r' inactive >>>>>>>
2024-02-01 13:10:27,976 : INFO : SwitchController : <<<<<<< 's_sling_r' active >>>>>>>
2024-02-01 13:10:28,023 : INFO : SwitchController : <<<<<<< 's_sling_r' inactive >>>>>>>
2024-02-01 13:10:28,040 : INFO : SwitchController : <<<<<<< 's_sling_r' active >>>>>>>
2024-02-01 13:10:28,100 : INFO : SwitchController : <<<<<<< 's_sling_r' inactive >>>>>>>
2024-02-01 13:10:28,118 : INFO : SwitchController : <<<<<<< 's_sling_r' active >>>>>>>
2024-02-01 13:10:28,133 : INFO : SwitchController : <<<<<<< 's_sling_r' inactive >>>>>>>
2024-02-01 13:10:28,149 : INFO : SwitchController : <<<<<<< 's_sling_r' active >>>>>>>
2024-02-01 13:10:28,209 : INFO : SwitchController : <<<<<<< 's_sling_r' inactive >>>>>>>
2024-02-01 13:10:28,226 : INFO : SwitchController : <<<<<<< 's_sling_r' active >>>>>>>
2024-02-01 13:10:28,226 : INFO : SwitchController : <<<<<<< 's_sling_r' inactive >>>>>>>
2024-02-01 13:10:28,226 : INFO : SwitchController : <<<<<<< 's_sling_r' active >>>>>>>
2024-02-01 13:10:29,819 : INFO : SwitchController : <<<<<<< 's_sling_r' inactive >>>>>>>
2024-02-01 13:10:29,835 : INFO : SwitchController : <<<<<<< 's_sling_r' active >>>>>>>
2024-02-01 13:10:29,851 : INFO : SwitchController : <<<<<<< 's_sling_r' inactive >>>>>>>
2024-02-01 13:10:29,851 : INFO : SwitchController : <<<<<<< 's_sling_r' active >>>>>>>
2024-02-01 13:10:32,341 : INFO : SwitchController : <<<<<<< 's_sling_r' inactive >>>>>>>
2024-02-01 13:10:35,335 : INFO : SwitchController : <<<<<<< 's_sling_r' active >>>>>>>
2024-02-01 13:10:35,973 : INFO : SwitchController : <<<<<<< 's_sling_r' inactive >>>>>>>
2024-02-01 13:10:37,250 : INFO : SwitchController : <<<<<<< 's_sling_r' active >>>>>>>
2024-02-01 13:10:37,250 : INFO : SwitchController : <<<<<<< 's_sling_r' inactive >>>>>>>
2024-02-01 13:10:37,298 : INFO : SwitchController : <<<<<<< 's_sling_r' active >>>>>>>
2024-02-01 13:10:37,346 : INFO : SwitchController : <<<<<<< 's_sling_r' inactive >>>>>>>
2024-02-01 13:10:37,364 : INFO : SwitchController : <<<<<<< 's_sling_r' active >>>>>>>
2024-02-01 13:10:39,254 : INFO : SwitchController : <<<<<<< 's_sling_r' inactive >>>>>>>
2024-02-01 13:10:39,273 : INFO : SwitchController : <<<<<<< 's_sling_r' active >>>>>>>
2024-02-01 13:10:39,366 : INFO : SwitchController : <<<<<<< 's_sling_r' inactive >>>>>>>
2024-02-01 13:10:39,384 : INFO : SwitchController : <<<<<<< 's_sling_r' active >>>>>>>
2024-02-01 13:10:39,385 : INFO : SwitchController : <<<<<<< 's_sling_r' inactive >>>>>>>
2024-02-01 13:10:39,398 : INFO : SwitchController : <<<<<<< 's_sling_r' active >>>>>>>
2024-02-01 13:10:40,146 : INFO : SwitchController : <<<<<<< 's_sling_r' inactive >>>>>>>
2024-02-01 13:10:40,636 : INFO : SwitchController : <<<<<<< 's_sling_r' active >>>>>>>
2024-02-01 13:10:40,827 : INFO : SwitchController : <<<<<<< 's_sling_r' inactive >>>>>>>
2024-02-01 13:10:41,099 : INFO : SwitchController : <<<<<<< 's_sling_r' active >>>>>>>
2024-02-01 13:10:41,384 : INFO : SwitchController : <<<<<<< 's_sling_r' inactive >>>>>>>
2024-02-01 13:10:41,542 : INFO : SwitchController : <<<<<<< 's_sling_r' active >>>>>>>
2024-02-01 13:10:42,037 : INFO : SwitchController : <<<<<<< 's_sling_r' inactive >>>>>>>
2024-02-01 13:10:42,213 : INFO : SwitchController : <<<<<<< 's_sling_r' active >>>>>>>
2024-02-01 13:10:42,387 : INFO : SwitchController : <<<<<<< 's_sling_r' inactive >>>>>>>
2024-02-01 13:10:42,434 : INFO : SwitchController : <<<<<<< 's_sling_r' active >>>>>>>
2024-02-01 13:10:42,451 : INFO : SwitchController : <<<<<<< 's_sling_r' inactive >>>>>>>
2024-02-01 13:10:42,715 : INFO : SwitchController : <<<<<<< 's_sling_r' active >>>>>>>
2024-02-01 13:10:48,653 : INFO : SwitchController : <<<<<<< 's_sling_r' inactive >>>>>>>
2024-02-01 13:10:48,672 : INFO : SwitchController : <<<<<<< 's_sling_r' active >>>>>>>
2024-02-01 13:10:48,672 : INFO : SwitchController : <<<<<<< 's_sling_r' inactive >>>>>>>
2024-02-01 13:10:48,672 : INFO : SwitchController : <<<<<<< 's_sling_r' active >>>>>>>
2024-02-01 13:10:48,672 : INFO : SwitchController : <<<<<<< 's_sling_r' inactive >>>>>>>
2024-02-01 13:10:48,686 : INFO : SwitchController : <<<<<<< 's_sling_r' active >>>>>>>
2024-02-01 13:10:48,702 : INFO : SwitchController : <<<<<<< 's_sling_r' inactive >>>>>>>
2024-02-01 13:10:48,702 : INFO : SwitchController : <<<<<<< 's_sling_r' active >>>>>>>
2024-02-01 13:10:48,716 : INFO : SwitchController : <<<<<<< 's_sling_r' inactive >>>>>>>
2024-02-01 13:10:48,716 : INFO : SwitchController : <<<<<<< 's_sling_r' active >>>>>>>
2024-02-01 13:10:48,777 : INFO : SwitchController : <<<<<<< 's_sling_r' inactive >>>>>>>
2024-02-01 13:10:48,778 : INFO : SwitchController : <<<<<<< 's_sling_r' active >>>>>>>
2024-02-01 13:10:48,819 : INFO : SwitchController : <<<<<<< 's_sling_r' inactive >>>>>>>
2024-02-01 13:10:48,820 : INFO : SwitchController : <<<<<<< 's_sling_r' active >>>>>>>
2024-02-01 13:10:48,840 : INFO : SwitchController : <<<<<<< 's_sling_r' inactive >>>>>>>
2024-02-01 13:10:48,858 : INFO : SwitchController : <<<<<<< 's_sling_r' active >>>>>>>
2024-02-01 13:10:48,858 : INFO : SwitchController : <<<<<<< 's_sling_r' inactive >>>>>>>
2024-02-01 13:10:48,858 : INFO : SwitchController : <<<<<<< 's_sling_r' active >>>>>>>
2024-02-01 13:10:48,982 : INFO : SwitchController : <<<<<<< 's_sling_r' inactive >>>>>>>
2024-02-01 13:10:49,000 : INFO : SwitchController : <<<<<<< 's_sling_r' active >>>>>>>
2024-02-01 13:10:49,001 : INFO : SwitchController : <<<<<<< 's_sling_r' inactive >>>>>>>
2024-02-01 13:10:49,014 : INFO : SwitchController : <<<<<<< 's_sling_r' active >>>>>>>
2024-02-01 13:10:49,014 : INFO : SwitchController : <<<<<<< 's_sling_r' inactive >>>>>>>
2024-02-01 13:10:49,031 : INFO : SwitchController : <<<<<<< 's_sling_r' active >>>>>>>
2024-02-01 13:10:49,206 : INFO : SwitchController : <<<<<<< 's_sling_r' inactive >>>>>>>
2024-02-01 13:10:49,225 : INFO : SwitchController : <<<<<<< 's_sling_r' active >>>>>>>
2024-02-01 13:10:49,241 : INFO : SwitchController : <<<<<<< 's_sling_r' inactive >>>>>>>
2024-02-01 13:10:49,241 : INFO : SwitchController : <<<<<<< 's_sling_r' active >>>>>>>
2024-02-01 13:10:49,396 : INFO : SwitchController : <<<<<<< 's_sling_r' inactive >>>>>>>
2024-02-01 13:10:49,444 : INFO : SwitchController : <<<<<<< 's_sling_r' active >>>>>>>
2024-02-01 13:10:49,508 : INFO : SwitchController : <<<<<<< 's_sling_r' inactive >>>>>>>
2024-02-01 13:10:49,540 : INFO : SwitchController : <<<<<<< 's_sling_r' active >>>>>>>
2024-02-01 13:10:49,540 : INFO : SwitchController : <<<<<<< 's_sling_r' inactive >>>>>>>
2024-02-01 13:10:49,588 : INFO : SwitchController : <<<<<<< 's_sling_r' active >>>>>>>
2024-02-01 13:10:51,559 : INFO : SwitchController : <<<<<<< 's_sling_r' inactive >>>>>>>
2024-02-01 13:10:54,109 : INFO : SwitchController : <<<<<<< 's_sling_r' active >>>>>>>
2024-02-01 13:10:54,140 : INFO : SwitchController : <<<<<<< 's_sling_r' inactive >>>>>>>
2024-02-01 13:10:54,140 : INFO : SwitchController : <<<<<<< 's_sling_r' active >>>>>>>
2024-02-01 13:10:54,157 : INFO : SwitchController : <<<<<<< 's_sling_r' inactive >>>>>>>
2024-02-01 13:10:54,378 : INFO : SwitchController : <<<<<<< 's_sling_r' active >>>>>>>
2024-02-01 13:10:56,077 : INFO : SwitchController : <<<<<<< 's_sling_r' inactive >>>>>>>
2024-02-01 13:10:56,077 : INFO : SwitchController : <<<<<<< 's_sling_r' active >>>>>>>
2024-02-01 13:10:56,263 : INFO : SwitchController : <<<<<<< 's_sling_r' inactive >>>>>>>
2024-02-01 13:10:56,263 : INFO : SwitchController : <<<<<<< 's_sling_r' active >>>>>>>
2024-02-01 13:10:56,281 : INFO : SwitchController : <<<<<<< 's_sling_r' inactive >>>>>>>
2024-02-01 13:10:56,299 : INFO : SwitchController : <<<<<<< 's_sling_r' active >>>>>>>
2024-02-01 13:10:56,299 : INFO : SwitchController : <<<<<<< 's_sling_r' inactive >>>>>>>
2024-02-01 13:10:57,917 : INFO : SwitchController : <<<<<<< 's_sling_r' active >>>>>>>
2024-02-01 13:10:57,979 : INFO : SwitchController : <<<<<<< 's_sling_r' inactive >>>>>>>
2024-02-01 13:10:58,117 : INFO : SwitchController : <<<<<<< 's_sling_r' active >>>>>>>
2024-02-01 13:10:58,211 : INFO : SwitchController : <<<<<<< 's_sling_r' inactive >>>>>>>
2024-02-01 13:10:58,335 : INFO : SwitchController : <<<<<<< 's_sling_r' active >>>>>>>
2024-02-01 13:10:58,413 : INFO : SwitchController : <<<<<<< 's_sling_r' inactive >>>>>>>
2024-02-01 13:10:58,569 : INFO : SwitchController : <<<<<<< 's_sling_r' active >>>>>>>
2024-02-01 13:10:58,615 : INFO : SwitchController : <<<<<<< 's_sling_r' inactive >>>>>>>
2024-02-01 13:10:58,864 : INFO : SwitchController : <<<<<<< 's_sling_r' active >>>>>>>
2024-02-01 13:10:58,864 : INFO : SwitchController : <<<<<<< 's_sling_r' inactive >>>>>>>
2024-02-01 13:10:59,191 : INFO : SwitchController : <<<<<<< 's_sling_r' active >>>>>>>
2024-02-01 13:10:59,255 : INFO : SwitchController : <<<<<<< 's_sling_r' inactive >>>>>>>
2024-02-01 13:11:01,655 : INFO : SwitchController : <<<<<<< 's_sling_r' active >>>>>>>
2024-02-01 13:11:02,437 : INFO : SwitchController : <<<<<<< 's_sling_r' inactive >>>>>>>
2024-02-01 13:11:03,667 : INFO : SwitchController : <<<<<<< 's_sling_r' active >>>>>>>
2024-02-01 13:11:03,776 : INFO : SwitchController : <<<<<<< 's_sling_r' inactive >>>>>>>
2024-02-01 13:11:03,933 : INFO : SwitchController : <<<<<<< 's_sling_r' active >>>>>>>
2024-02-01 13:11:04,042 : INFO : SwitchController : <<<<<<< 's_sling_r' inactive >>>>>>>
2024-02-01 13:11:04,215 : INFO : SwitchController : <<<<<<< 's_sling_r' active >>>>>>>
2024-02-01 13:11:04,308 : INFO : SwitchController : <<<<<<< 's_sling_r' inactive >>>>>>>
2024-02-01 13:11:04,589 : INFO : SwitchController : <<<<<<< 's_sling_r' active >>>>>>>
2024-02-01 13:11:04,713 : INFO : SwitchController : <<<<<<< 's_sling_r' inactive >>>>>>>
2024-02-01 13:11:04,853 : INFO : SwitchController : <<<<<<< 's_sling_r' active >>>>>>>
2024-02-01 13:11:04,946 : INFO : SwitchController : <<<<<<< 's_sling_r' inactive >>>>>>>
2024-02-01 13:11:05,102 : INFO : SwitchController : <<<<<<< 's_sling_r' active >>>>>>>
2024-02-01 13:11:05,164 : INFO : SwitchController : <<<<<<< 's_sling_r' inactive >>>>>>>
2024-02-01 13:11:05,290 : INFO : SwitchController : <<<<<<< 's_sling_r' active >>>>>>>
2024-02-01 13:11:05,353 : INFO : SwitchController : <<<<<<< 's_sling_r' inactive >>>>>>>
2024-02-01 13:11:41,558 : INFO : SwitchController : <<<<<<< 's_sling_l' active >>>>>>>
2024-02-01 13:11:41,590 : INFO : SwitchController : <<<<<<< 's_sling_l' inactive >>>>>>>
2024-02-01 13:11:41,621 : INFO : SwitchController : <<<<<<< 's_sling_l' active >>>>>>>
2024-02-01 13:11:41,682 : INFO : SwitchController : <<<<<<< 's_sling_l' inactive >>>>>>>
2024-02-01 13:11:44,447 : INFO : SwitchController : <<<<<<< 's_sling_l' active >>>>>>>
2024-02-01 13:11:44,466 : INFO : SwitchController : <<<<<<< 's_sling_l' inactive >>>>>>>
2024-02-01 13:11:44,589 : INFO : SwitchController : <<<<<<< 's_sling_l' active >>>>>>>
2024-02-01 13:11:44,652 : INFO : SwitchController : <<<<<<< 's_sling_l' inactive >>>>>>>
2024-02-01 13:11:44,699 : INFO : SwitchController : <<<<<<< 's_sling_l' active >>>>>>>
2024-02-01 13:11:44,699 : INFO : SwitchController : <<<<<<< 's_sling_l' inactive >>>>>>>
2024-02-01 13:11:44,716 : INFO : SwitchController : <<<<<<< 's_sling_l' active >>>>>>>
2024-02-01 13:11:44,733 : INFO : SwitchController : <<<<<<< 's_sling_l' inactive >>>>>>>
2024-02-01 13:11:47,823 : INFO : SwitchController : <<<<<<< 's_sling_l' active >>>>>>>
2024-02-01 13:11:48,021 : INFO : SwitchController : <<<<<<< 's_sling_l' inactive >>>>>>>
2024-02-01 13:11:53,788 : INFO : SwitchController : <<<<<<< 's_sling_l' active >>>>>>>
2024-02-01 13:11:53,816 : INFO : SwitchController : <<<<<<< 's_sling_l' inactive >>>>>>>
2024-02-01 13:11:53,850 : INFO : SwitchController : <<<<<<< 's_sling_l' active >>>>>>>
2024-02-01 13:11:53,850 : INFO : SwitchController : <<<<<<< 's_sling_l' inactive >>>>>>>
2024-02-01 13:11:53,866 : INFO : SwitchController : <<<<<<< 's_sling_l' active >>>>>>>
2024-02-01 13:11:53,896 : INFO : SwitchController : <<<<<<< 's_sling_l' inactive >>>>>>>
2024-02-01 13:11:53,928 : INFO : SwitchController : <<<<<<< 's_sling_l' active >>>>>>>
2024-02-01 13:11:53,946 : INFO : SwitchController : <<<<<<< 's_sling_l' inactive >>>>>>>
2024-02-01 13:11:53,946 : INFO : SwitchController : <<<<<<< 's_sling_l' active >>>>>>>
2024-02-01 13:11:54,038 : INFO : SwitchController : <<<<<<< 's_sling_l' inactive >>>>>>>
2024-02-01 13:11:54,350 : INFO : SwitchController : <<<<<<< 's_sling_l' active >>>>>>>
2024-02-01 13:11:54,397 : INFO : SwitchController : <<<<<<< 's_sling_l' inactive >>>>>>>
2024-02-01 13:11:54,415 : INFO : SwitchController : <<<<<<< 's_sling_l' active >>>>>>>
2024-02-01 13:11:54,476 : INFO : SwitchController : <<<<<<< 's_sling_l' inactive >>>>>>>
2024-02-01 13:11:54,494 : INFO : SwitchController : <<<<<<< 's_sling_l' active >>>>>>>
2024-02-01 13:11:54,494 : INFO : SwitchController : <<<<<<< 's_sling_l' inactive >>>>>>>
2024-02-01 13:11:54,834 : INFO : SwitchController : <<<<<<< 's_sling_l' active >>>>>>>
2024-02-01 13:11:54,975 : INFO : SwitchController : <<<<<<< 's_sling_l' inactive >>>>>>>
2024-02-01 13:11:55,276 : INFO : SwitchController : <<<<<<< 's_sling_l' active >>>>>>>
2024-02-01 13:11:55,433 : INFO : SwitchController : <<<<<<< 's_sling_l' inactive >>>>>>>
2024-02-01 13:11:56,089 : INFO : SwitchController : <<<<<<< 's_sling_l' active >>>>>>>
2024-02-01 13:11:56,135 : INFO : SwitchController : <<<<<<< 's_sling_l' inactive >>>>>>>
2024-02-01 13:12:02,427 : INFO : SwitchController : <<<<<<< 's_sling_l' active >>>>>>>
2024-02-01 13:12:02,446 : INFO : SwitchController : <<<<<<< 's_sling_l' inactive >>>>>>>
2024-02-01 13:12:02,709 : INFO : SwitchController : <<<<<<< 's_sling_l' active >>>>>>>
2024-02-01 13:12:02,787 : INFO : SwitchController : <<<<<<< 's_sling_l' inactive >>>>>>>
2024-02-01 13:12:04,097 : INFO : SwitchController : <<<<<<< 's_sling_l' active >>>>>>>
2024-02-01 13:12:04,116 : INFO : SwitchController : <<<<<<< 's_sling_l' inactive >>>>>>>
2024-02-01 13:12:42,837 : INFO : SwitchController : <<<<<<< 's_sling_l' active >>>>>>>
2024-02-01 13:12:42,855 : INFO : SwitchController : <<<<<<< 's_sling_l' inactive >>>>>>>
2024-02-01 13:12:42,855 : INFO : SwitchController : <<<<<<< 's_sling_l' active >>>>>>>
2024-02-01 13:12:42,961 : INFO : SwitchController : <<<<<<< 's_sling_l' inactive >>>>>>>
2024-02-01 13:12:42,976 : INFO : SwitchController : <<<<<<< 's_sling_l' active >>>>>>>
2024-02-01 13:12:43,038 : INFO : SwitchController : <<<<<<< 's_sling_l' inactive >>>>>>>
2024-02-01 13:12:43,055 : INFO : SwitchController : <<<<<<< 's_sling_l' active >>>>>>>
2024-02-01 13:12:45,715 : INFO : SwitchController : <<<<<<< 's_sling_l' inactive >>>>>>>
2024-02-01 13:12:46,339 : INFO : SwitchController : <<<<<<< 's_sling_l' active >>>>>>>
2024-02-01 13:12:46,749 : INFO : SwitchController : <<<<<<< 's_sling_l' inactive >>>>>>>
2024-02-01 13:12:46,766 : INFO : SwitchController : <<<<<<< 's_sling_l' active >>>>>>>
2024-02-01 13:12:46,782 : INFO : SwitchController : <<<<<<< 's_sling_l' inactive >>>>>>>
2024-02-01 13:12:46,782 : INFO : SwitchController : <<<<<<< 's_sling_l' active >>>>>>>
2024-02-01 13:12:46,905 : INFO : SwitchController : <<<<<<< 's_sling_l' inactive >>>>>>>
2024-02-01 13:12:46,905 : INFO : SwitchController : <<<<<<< 's_sling_l' active >>>>>>>
2024-02-01 13:12:47,094 : INFO : SwitchController : <<<<<<< 's_sling_l' inactive >>>>>>>
2024-02-01 13:12:47,326 : INFO : SwitchController : <<<<<<< 's_sling_l' active >>>>>>>
2024-02-01 13:12:47,343 : INFO : SwitchController : <<<<<<< 's_sling_l' inactive >>>>>>>
2024-02-01 13:12:47,387 : INFO : SwitchController : <<<<<<< 's_sling_l' active >>>>>>>
2024-02-01 13:12:48,132 : INFO : SwitchController : <<<<<<< 's_sling_l' inactive >>>>>>>
2024-02-01 13:12:49,220 : INFO : SwitchController : <<<<<<< 's_sling_l' active >>>>>>>
2024-02-01 13:12:49,313 : INFO : SwitchController : <<<<<<< 's_sling_l' inactive >>>>>>>
2024-02-01 13:12:49,344 : INFO : SwitchController : <<<<<<< 's_sling_l' active >>>>>>>
2024-02-01 13:12:49,391 : INFO : SwitchController : <<<<<<< 's_sling_l' inactive >>>>>>>
2024-02-01 13:12:50,450 : INFO : SwitchController : <<<<<<< 's_sling_l' active >>>>>>>
2024-02-01 13:12:50,527 : INFO : SwitchController : <<<<<<< 's_sling_l' inactive >>>>>>>
2024-02-01 13:12:51,227 : INFO : SwitchController : <<<<<<< 's_sling_l' active >>>>>>>
2024-02-01 13:12:51,259 : INFO : SwitchController : <<<<<<< 's_sling_l' inactive >>>>>>>
2024-02-01 13:12:52,052 : INFO : SwitchController : <<<<<<< 's_sling_l' active >>>>>>>
2024-02-01 13:12:52,099 : INFO : SwitchController : <<<<<<< 's_sling_l' inactive >>>>>>>
2024-02-01 13:12:52,194 : INFO : SwitchController : <<<<<<< 's_sling_l' active >>>>>>>
2024-02-01 13:12:52,554 : INFO : SwitchController : <<<<<<< 's_sling_l' inactive >>>>>>>
2024-02-01 13:12:52,572 : INFO : SwitchController : <<<<<<< 's_sling_l' active >>>>>>>
2024-02-01 13:12:52,573 : INFO : SwitchController : <<<<<<< 's_sling_l' inactive >>>>>>>
2024-02-01 13:12:52,836 : INFO : SwitchController : <<<<<<< 's_sling_l' active >>>>>>>
2024-02-01 13:12:52,883 : INFO : SwitchController : <<<<<<< 's_sling_l' inactive >>>>>>>
2024-02-01 13:12:52,883 : INFO : SwitchController : <<<<<<< 's_sling_l' active >>>>>>>
2024-02-01 13:12:52,899 : INFO : SwitchController : <<<<<<< 's_sling_l' inactive >>>>>>>
2024-02-01 13:12:53,461 : INFO : SwitchController : <<<<<<< 's_sling_l' active >>>>>>>
2024-02-01 13:12:53,464 : INFO : SwitchController : <<<<<<< 's_sling_l' inactive >>>>>>>
2024-02-01 13:12:53,492 : INFO : SwitchController : <<<<<<< 's_sling_l' active >>>>>>>
2024-02-01 13:12:53,524 : INFO : SwitchController : <<<<<<< 's_sling_l' inactive >>>>>>>
2024-02-01 13:12:55,563 : INFO : SwitchController : <<<<<<< 's_sling_l' active >>>>>>>
2024-02-01 13:12:55,582 : INFO : SwitchController : <<<<<<< 's_sling_l' inactive >>>>>>>
2024-02-01 13:12:56,161 : INFO : SwitchController : <<<<<<< 's_sling_l' active >>>>>>>
2024-02-01 13:12:56,271 : INFO : SwitchController : <<<<<<< 's_sling_l' inactive >>>>>>>
2024-02-01 13:12:56,334 : INFO : SwitchController : <<<<<<< 's_sling_l' active >>>>>>>
2024-02-01 13:12:56,366 : INFO : SwitchController : <<<<<<< 's_sling_l' inactive >>>>>>>
2024-02-01 13:12:56,383 : INFO : SwitchController : <<<<<<< 's_sling_l' active >>>>>>>
2024-02-01 13:12:56,398 : INFO : SwitchController : <<<<<<< 's_sling_l' inactive >>>>>>>
2024-02-01 13:12:57,128 : INFO : SwitchController : <<<<<<< 's_sling_l' active >>>>>>>
2024-02-01 13:12:57,470 : INFO : SwitchController : <<<<<<< 's_sling_l' inactive >>>>>>>
2024-02-01 13:12:57,784 : INFO : SwitchController : <<<<<<< 's_sling_l' active >>>>>>>
2024-02-01 13:12:57,784 : INFO : SwitchController : <<<<<<< 's_sling_l' inactive >>>>>>>
2024-02-01 13:12:57,816 : INFO : SwitchController : <<<<<<< 's_sling_l' active >>>>>>>
2024-02-01 13:12:57,817 : INFO : SwitchController : <<<<<<< 's_sling_l' inactive >>>>>>>
2024-02-01 13:12:57,846 : INFO : SwitchController : <<<<<<< 's_sling_l' active >>>>>>>
2024-02-01 13:12:57,846 : INFO : SwitchController : <<<<<<< 's_sling_l' inactive >>>>>>>
2024-02-01 13:12:57,970 : INFO : SwitchController : <<<<<<< 's_sling_l' active >>>>>>>
2024-02-01 13:12:57,970 : INFO : SwitchController : <<<<<<< 's_sling_l' inactive >>>>>>>
2024-02-01 13:13:16,131 : INFO : SwitchController : <<<<<<< 's_sling_l' active >>>>>>>
2024-02-01 13:13:16,131 : INFO : SwitchController : <<<<<<< 's_sling_l' inactive >>>>>>>
2024-02-01 13:13:16,148 : INFO : SwitchController : <<<<<<< 's_sling_l' active >>>>>>>
2024-02-01 13:13:16,148 : INFO : SwitchController : <<<<<<< 's_sling_l' inactive >>>>>>>
2024-02-01 13:13:16,380 : INFO : SwitchController : <<<<<<< 's_sling_l' active >>>>>>>
2024-02-01 13:13:16,399 : INFO : SwitchController : <<<<<<< 's_sling_l' inactive >>>>>>>
2024-02-01 13:13:16,537 : INFO : SwitchController : <<<<<<< 's_sling_l' active >>>>>>>
2024-02-01 13:13:16,537 : INFO : SwitchController : <<<<<<< 's_sling_l' inactive >>>>>>>
2024-02-01 13:13:16,537 : INFO : SwitchController : <<<<<<< 's_sling_l' active >>>>>>>
2024-02-01 13:13:16,552 : INFO : SwitchController : <<<<<<< 's_sling_l' inactive >>>>>>>
2024-02-01 13:13:16,614 : INFO : SwitchController : <<<<<<< 's_sling_l' active >>>>>>>
2024-02-01 13:13:16,632 : INFO : SwitchController : <<<<<<< 's_sling_l' inactive >>>>>>>
2024-02-01 13:13:16,722 : INFO : SwitchController : <<<<<<< 's_sling_l' active >>>>>>>
2024-02-01 13:13:17,002 : INFO : SwitchController : <<<<<<< 's_sling_l' inactive >>>>>>>
2024-02-01 13:13:17,267 : INFO : SwitchController : <<<<<<< 's_sling_l' active >>>>>>>
2024-02-01 13:13:17,284 : INFO : SwitchController : <<<<<<< 's_sling_l' inactive >>>>>>>
2024-02-01 13:13:17,299 : INFO : SwitchController : <<<<<<< 's_sling_l' active >>>>>>>
2024-02-01 13:13:17,299 : INFO : SwitchController : <<<<<<< 's_sling_l' inactive >>>>>>>
2024-02-01 13:13:17,299 : INFO : SwitchController : <<<<<<< 's_sling_l' active >>>>>>>
2024-02-01 13:13:17,329 : INFO : SwitchController : <<<<<<< 's_sling_l' inactive >>>>>>>
2024-02-01 13:13:17,407 : INFO : SwitchController : <<<<<<< 's_sling_l' active >>>>>>>
2024-02-01 13:13:17,425 : INFO : SwitchController : <<<<<<< 's_sling_l' inactive >>>>>>>
2024-02-01 13:13:17,440 : INFO : SwitchController : <<<<<<< 's_sling_l' active >>>>>>>
2024-02-01 13:13:17,456 : INFO : SwitchController : <<<<<<< 's_sling_l' inactive >>>>>>>
2024-02-01 13:13:17,486 : INFO : SwitchController : <<<<<<< 's_sling_l' active >>>>>>>
2024-02-01 13:13:17,503 : INFO : SwitchController : <<<<<<< 's_sling_l' inactive >>>>>>>
2024-02-01 13:13:17,505 : INFO : SwitchController : <<<<<<< 's_sling_l' active >>>>>>>
2024-02-01 13:13:17,594 : INFO : SwitchController : <<<<<<< 's_sling_l' inactive >>>>>>>
2024-02-01 13:13:17,594 : INFO : SwitchController : <<<<<<< 's_sling_l' active >>>>>>>
2024-02-01 13:13:17,672 : INFO : SwitchController : <<<<<<< 's_sling_l' inactive >>>>>>>
2024-02-01 13:13:17,781 : INFO : SwitchController : <<<<<<< 's_sling_l' active >>>>>>>
2024-02-01 13:13:17,781 : INFO : SwitchController : <<<<<<< 's_sling_l' inactive >>>>>>>
2024-02-01 13:13:17,820 : INFO : SwitchController : <<<<<<< 's_sling_l' active >>>>>>>
2024-02-01 13:13:17,857 : INFO : SwitchController : <<<<<<< 's_sling_l' inactive >>>>>>>
2024-02-01 13:13:17,966 : INFO : SwitchController : <<<<<<< 's_sling_l' active >>>>>>>
2024-02-01 13:13:17,981 : INFO : SwitchController : <<<<<<< 's_sling_l' inactive >>>>>>>
2024-02-01 13:13:17,981 : INFO : SwitchController : <<<<<<< 's_sling_l' active >>>>>>>
2024-02-01 13:13:18,029 : INFO : SwitchController : <<<<<<< 's_sling_l' inactive >>>>>>>
2024-02-01 13:13:18,046 : INFO : SwitchController : <<<<<<< 's_sling_l' active >>>>>>>
2024-02-01 13:13:18,203 : INFO : SwitchController : <<<<<<< 's_sling_l' inactive >>>>>>>
2024-02-01 13:13:18,249 : INFO : SwitchController : <<<<<<< 's_sling_l' active >>>>>>>
2024-02-01 13:13:18,266 : INFO : SwitchController : <<<<<<< 's_sling_l' inactive >>>>>>>
2024-02-01 13:13:18,434 : INFO : SwitchController : <<<<<<< 's_sling_l' active >>>>>>>
2024-02-01 13:13:18,465 : INFO : SwitchController : <<<<<<< 's_sling_l' inactive >>>>>>>
2024-02-01 13:13:18,496 : INFO : SwitchController : <<<<<<< 's_sling_l' active >>>>>>>
2024-02-01 13:13:18,514 : INFO : SwitchController : <<<<<<< 's_sling_l' inactive >>>>>>>
2024-02-01 13:13:18,591 : INFO : SwitchController : <<<<<<< 's_sling_l' active >>>>>>>
2024-02-01 13:13:18,686 : INFO : SwitchController : <<<<<<< 's_sling_l' inactive >>>>>>>
2024-02-01 13:13:18,733 : INFO : SwitchController : <<<<<<< 's_sling_l' active >>>>>>>
2024-02-01 13:13:18,733 : INFO : SwitchController : <<<<<<< 's_sling_l' inactive >>>>>>>
2024-02-01 13:13:18,818 : INFO : SwitchController : <<<<<<< 's_sling_l' active >>>>>>>
2024-02-01 13:13:18,818 : INFO : SwitchController : <<<<<<< 's_sling_l' inactive >>>>>>>
2024-02-01 13:13:18,826 : INFO : SwitchController : <<<<<<< 's_sling_l' active >>>>>>>
2024-02-01 13:13:18,857 : INFO : SwitchController : <<<<<<< 's_sling_l' inactive >>>>>>>
2024-02-01 13:13:18,920 : INFO : SwitchController : <<<<<<< 's_sling_l' active >>>>>>>
2024-02-01 13:13:18,920 : INFO : SwitchController : <<<<<<< 's_sling_l' inactive >>>>>>>
2024-02-01 13:13:18,937 : INFO : SwitchController : <<<<<<< 's_sling_l' active >>>>>>>
2024-02-01 13:13:18,937 : INFO : SwitchController : <<<<<<< 's_sling_l' inactive >>>>>>>
2024-02-01 13:13:18,953 : INFO : SwitchController : <<<<<<< 's_sling_l' active >>>>>>>
2024-02-01 13:13:18,969 : INFO : SwitchController : <<<<<<< 's_sling_l' inactive >>>>>>>
2024-02-01 13:13:19,593 : INFO : SwitchController : <<<<<<< 's_sling_l' active >>>>>>>
2024-02-01 13:13:19,610 : INFO : SwitchController : <<<<<<< 's_sling_l' inactive >>>>>>>
2024-02-01 13:13:19,640 : INFO : SwitchController : <<<<<<< 's_sling_l' active >>>>>>>
2024-02-01 13:13:19,640 : INFO : SwitchController : <<<<<<< 's_sling_l' inactive >>>>>>>
2024-02-01 13:13:19,640 : INFO : SwitchController : <<<<<<< 's_sling_l' active >>>>>>>
2024-02-01 13:13:19,671 : INFO : SwitchController : <<<<<<< 's_sling_l' inactive >>>>>>>
2024-02-01 13:13:19,688 : INFO : SwitchController : <<<<<<< 's_sling_l' active >>>>>>>
2024-02-01 13:13:19,765 : INFO : SwitchController : <<<<<<< 's_sling_l' inactive >>>>>>>
2024-02-01 13:13:19,824 : INFO : SwitchController : <<<<<<< 's_sling_l' active >>>>>>>
2024-02-01 13:13:19,830 : INFO : SwitchController : <<<<<<< 's_sling_l' inactive >>>>>>>
2024-02-01 13:13:19,858 : INFO : SwitchController : <<<<<<< 's_sling_l' active >>>>>>>
2024-02-01 13:13:19,876 : INFO : SwitchController : <<<<<<< 's_sling_l' inactive >>>>>>>
2024-02-01 13:13:20,747 : INFO : SwitchController : <<<<<<< 's_sling_l' active >>>>>>>
2024-02-01 13:13:20,817 : INFO : SwitchController : <<<<<<< 's_sling_l' inactive >>>>>>>
2024-02-01 13:13:20,824 : INFO : SwitchController : <<<<<<< 's_sling_l' active >>>>>>>
2024-02-01 13:13:20,824 : INFO : SwitchController : <<<<<<< 's_sling_l' inactive >>>>>>>
2024-02-01 13:13:20,856 : INFO : SwitchController : <<<<<<< 's_sling_l' active >>>>>>>
2024-02-01 13:13:20,919 : INFO : SwitchController : <<<<<<< 's_sling_l' inactive >>>>>>>
2024-02-01 13:13:20,936 : INFO : SwitchController : <<<<<<< 's_sling_l' active >>>>>>>
2024-02-01 13:13:20,981 : INFO : SwitchController : <<<<<<< 's_sling_l' inactive >>>>>>>
2024-02-01 13:13:20,981 : INFO : SwitchController : <<<<<<< 's_sling_l' active >>>>>>>
2024-02-01 13:13:21,012 : INFO : SwitchController : <<<<<<< 's_sling_l' inactive >>>>>>>
2024-02-01 13:13:21,029 : INFO : SwitchController : <<<<<<< 's_sling_l' active >>>>>>>
2024-02-01 13:13:21,228 : INFO : SwitchController : <<<<<<< 's_sling_l' inactive >>>>>>>
2024-02-01 13:13:24,246 : INFO : SwitchController : <<<<<<< 's_sling_l' active >>>>>>>
2024-02-01 13:13:24,265 : INFO : SwitchController : <<<<<<< 's_sling_l' inactive >>>>>>>
2024-02-01 13:13:24,265 : INFO : SwitchController : <<<<<<< 's_sling_l' active >>>>>>>
2024-02-01 13:13:24,293 : INFO : SwitchController : <<<<<<< 's_sling_l' inactive >>>>>>>
2024-02-01 13:13:24,418 : INFO : SwitchController : <<<<<<< 's_sling_l' active >>>>>>>
2024-02-01 13:13:24,418 : INFO : SwitchController : <<<<<<< 's_sling_l' inactive >>>>>>>
2024-02-01 13:13:31,462 : INFO : SwitchController : <<<<<<< 's_vuk' active >>>>>>>
2024-02-01 13:13:31,477 : INFO : SwitchController : <<<<<<< 's_trough_4' active >>>>>>>
2024-02-01 13:13:31,494 : INFO : SwitchController : <<<<<<< 's_trough_3' active >>>>>>>
2024-02-01 13:13:31,494 : INFO : SwitchController : <<<<<<< 's_trough_1' active >>>>>>>
2024-02-01 13:13:31,494 : INFO : SwitchController : <<<<<<< 's_trough_2' active >>>>>>>
2024-02-01 13:13:31,494 : INFO : SwitchController : <<<<<<< 's_right_flipper' active >>>>>>>
2024-02-01 13:13:31,494 : INFO : SwitchController : <<<<<<< 's_left_flipper' active >>>>>>>
2024-02-01 13:13:31,494 : INFO : EventManager : Event: ======'flipper_cancel'====== Args={'triggering_group': 1, 'triggering_switch': 's_left_flipper'}
2024-02-01 13:13:31,494 : INFO : SwitchController : <<<<<<< 's_launch' active >>>>>>>
2024-02-01 13:13:31,494 : INFO : SwitchController : <<<<<<< 's_trough_1' inactive >>>>>>>
2024-02-01 13:13:31,495 : INFO : SwitchController : <<<<<<< 's_trough_2' inactive >>>>>>>
2024-02-01 13:13:31,495 : INFO : SwitchController : <<<<<<< 's_trough_3' inactive >>>>>>>
2024-02-01 13:13:31,495 : INFO : SwitchController : <<<<<<< 's_trough_4' inactive >>>>>>>
2024-02-01 13:13:31,495 : INFO : SwitchController : <<<<<<< 's_sling_l' active >>>>>>>
2024-02-01 13:13:31,495 : INFO : SwitchController : <<<<<<< 's_stationary_l' active >>>>>>>
2024-02-01 13:13:31,495 : INFO : EventManager : Event: ======'sw_playfield_active'====== Args={}
2024-02-01 13:13:31,495 : INFO : SwitchController : <<<<<<< 's_9' active >>>>>>>
2024-02-01 13:13:31,495 : INFO : EventManager : Event: ======'sw_playfield_active'====== Args={}
2024-02-01 13:13:31,495 : INFO : SwitchController : <<<<<<< 's_pop' active >>>>>>>
2024-02-01 13:13:31,495 : INFO : SwitchController : <<<<<<< 's_stationary_right' active >>>>>>>
2024-02-01 13:13:31,495 : INFO : EventManager : Event: ======'sw_playfield_active'====== Args={}
2024-02-01 13:13:31,495 : INFO : SwitchController : <<<<<<< 's_stationary_back' active >>>>>>>
2024-02-01 13:13:31,495 : INFO : EventManager : Event: ======'sw_playfield_active'====== Args={}
2024-02-01 13:13:31,495 : INFO : SwitchController : <<<<<<< 's_sling_r' active >>>>>>>
2024-02-01 13:13:31,495 : INFO : SwitchController : <<<<<<< 's_vuk' inactive >>>>>>>
2024-02-01 13:13:31,496 : INFO : EventManager : Event: ======'playfield_active'====== Args={}
2024-02-01 13:13:31,496 : INFO : EventManager : Event: ======'unexpected_ball_on_playfield'====== Args={}
2024-02-01 13:13:31,496 : INFO : EventManager : Event: ======'playfield_active'====== Args={}
2024-02-01 13:13:31,496 : INFO : EventManager : Event: ======'unexpected_ball_on_playfield'====== Args={}
2024-02-01 13:13:31,496 : INFO : EventManager : Event: ======'playfield_active'====== Args={}
2024-02-01 13:13:31,496 : INFO : EventManager : Event: ======'unexpected_ball_on_playfield'====== Args={}
2024-02-01 13:13:31,496 : INFO : EventManager : Event: ======'playfield_active'====== Args={}
2024-02-01 13:13:31,496 : INFO : EventManager : Event: ======'unexpected_ball_on_playfield'====== Args={}
2024-02-01 13:13:31,540 : ERROR : asyncio : Fatal write error on serial transport
protocol: <asyncio.streams.StreamReaderProtocol object at 0x000001960649C390>
transport: SerialTransport(<ProactorEventLoop running=True closed=False debug=False>, <asyncio.streams.StreamReaderProtocol object at 0x000001960649C390>, Serial<id=0x196064a4430, open=True>(port='com9', baudrate=921600, bytesize=8, parity='N', stopbits=1, timeout=0, xonxoff=False, rtscts=False, dsrdtr=False))
Traceback (most recent call last):
  File "C:\Users\Tanner\AppData\Local\Packages\PythonSoftwareFoundation.Python.3.11_qbz5n2kfra8p0\LocalCache\local-packages\Python311\site-packages\serial_asyncio\__init__.py", line 290, in _poll_read
    if self.serial.in_waiting:
       ^^^^^^^^^^^^^^^^^^^^^^
  File "C:\Users\Tanner\AppData\Local\Packages\PythonSoftwareFoundation.Python.3.11_qbz5n2kfra8p0\LocalCache\local-packages\Python311\site-packages\serial\serialwin32.py", line 259, in in_waiting
    raise SerialException("ClearCommError failed ({!r})".format(ctypes.WinError()))
serial.serialutil.SerialException: ClearCommError failed (PermissionError(13, 'The device does not recognize the command.', None, 22))
2024-02-01 13:13:31,541 : ERROR : asyncio : Fatal write error on serial transport
protocol: <asyncio.streams.StreamReaderProtocol object at 0x00000196064BF250>
transport: SerialTransport(<ProactorEventLoop running=True closed=False debug=False>, <asyncio.streams.StreamReaderProtocol object at 0x00000196064BF250>, Serial<id=0x196064b9a80, open=True>(port='com10', baudrate=921600, bytesize=8, parity='N', stopbits=1, timeout=0, xonxoff=False, rtscts=False, dsrdtr=False))
Traceback (most recent call last):
  File "C:\Users\Tanner\AppData\Local\Packages\PythonSoftwareFoundation.Python.3.11_qbz5n2kfra8p0\LocalCache\local-packages\Python311\site-packages\serial_asyncio\__init__.py", line 290, in _poll_read
    if self.serial.in_waiting:
       ^^^^^^^^^^^^^^^^^^^^^^
  File "C:\Users\Tanner\AppData\Local\Packages\PythonSoftwareFoundation.Python.3.11_qbz5n2kfra8p0\LocalCache\local-packages\Python311\site-packages\serial\serialwin32.py", line 259, in in_waiting
    raise SerialException("ClearCommError failed ({!r})".format(ctypes.WinError()))
serial.serialutil.SerialException: ClearCommError failed (PermissionError(13, 'The device does not recognize the command.', None, 22))
2024-02-01 13:13:31,542 : WARNING : [NET] : Serial error: ClearCommError failed (PermissionError(13, 'The device does not recognize the command.', None, 22))
2024-02-01 13:13:31,542 : WARNING : [EXP] : Serial error: ClearCommError failed (PermissionError(13, 'The device does not recognize the command.', None, 22))
2024-02-01 13:13:31,546 : INFO : Machine : Shutting down...
2024-02-01 13:13:31,546 : INFO : EventManager : Event: ======'shutdown'====== Args={}
2024-02-01 13:13:31,666 : ERROR : root : ClearCommError failed (PermissionError(13, 'The device does not recognize the command.', None, 22))
Traceback (most recent call last):
  File "C:\Users\Tanner\AppData\Local\Packages\PythonSoftwareFoundation.Python.3.11_qbz5n2kfra8p0\LocalCache\local-packages\Python311\site-packages\mpf\commands\game.py", line 233, in __init__
    self.machine.run()
  File "C:\Users\Tanner\AppData\Local\Packages\PythonSoftwareFoundation.Python.3.11_qbz5n2kfra8p0\LocalCache\local-packages\Python311\site-packages\mpf\core\machine.py", line 684, in run
    self._run_loop()
  File "C:\Users\Tanner\AppData\Local\Packages\PythonSoftwareFoundation.Python.3.11_qbz5n2kfra8p0\LocalCache\local-packages\Python311\site-packages\mpf\core\machine.py", line 784, in _run_loop
    self._crash_shutdown()
  File "C:\Users\Tanner\AppData\Local\Packages\PythonSoftwareFoundation.Python.3.11_qbz5n2kfra8p0\LocalCache\local-packages\Python311\site-packages\mpf\core\machine.py", line 729, in _crash_shutdown
    self._do_stop()
  File "C:\Users\Tanner\AppData\Local\Packages\PythonSoftwareFoundation.Python.3.11_qbz5n2kfra8p0\LocalCache\local-packages\Python311\site-packages\mpf\core\machine.py", line 720, in _do_stop
    self.shutdown()
  File "C:\Users\Tanner\AppData\Local\Packages\PythonSoftwareFoundation.Python.3.11_qbz5n2kfra8p0\LocalCache\local-packages\Python311\site-packages\mpf\core\machine.py", line 750, in shutdown
    self._platform_stop()
  File "C:\Users\Tanner\AppData\Local\Packages\PythonSoftwareFoundation.Python.3.11_qbz5n2kfra8p0\LocalCache\local-packages\Python311\site-packages\mpf\core\machine.py", line 800, in _platform_stop
    hardware_platform.stop()
  File "C:\Users\Tanner\AppData\Local\Packages\PythonSoftwareFoundation.Python.3.11_qbz5n2kfra8p0\LocalCache\local-packages\Python311\site-packages\mpf\platforms\fast\fast.py", line 171, in stop
    connection.stop()
  File "C:\Users\Tanner\AppData\Local\Packages\PythonSoftwareFoundation.Python.3.11_qbz5n2kfra8p0\LocalCache\local-packages\Python311\site-packages\mpf\platforms\fast\communicators\base.py", line 230, in stop
    self.machine.clock.loop.run_until_complete(self.writer.wait_closed())
  File "C:\Program Files\WindowsApps\PythonSoftwareFoundation.Python.3.11_3.11.2032.0_x64__qbz5n2kfra8p0\Lib\asyncio\base_events.py", line 653, in run_until_complete
    return future.result()
           ^^^^^^^^^^^^^^^
  File "C:\Program Files\WindowsApps\PythonSoftwareFoundation.Python.3.11_3.11.2032.0_x64__qbz5n2kfra8p0\Lib\asyncio\streams.py", line 361, in wait_closed
    await self._protocol._get_close_waiter(self)
  File "C:\Users\Tanner\AppData\Local\Packages\PythonSoftwareFoundation.Python.3.11_qbz5n2kfra8p0\LocalCache\local-packages\Python311\site-packages\serial_asyncio\__init__.py", line 290, in _poll_read
    if self.serial.in_waiting:
       ^^^^^^^^^^^^^^^^^^^^^^
  File "C:\Users\Tanner\AppData\Local\Packages\PythonSoftwareFoundation.Python.3.11_qbz5n2kfra8p0\LocalCache\local-packages\Python311\site-packages\serial\serialwin32.py", line 259, in in_waiting
    raise SerialException("ClearCommError failed ({!r})".format(ctypes.WinError()))
serial.serialutil.SerialException: ClearCommError failed (PermissionError(13, 'The device does not recognize the command.', None, 22))
