2024-05-06 10:28:32,189 : INFO : root : Loading config.
2024-05-06 10:28:32,191 : INFO : YamlMultifileConfigLoader : Machine config file #1: config.yaml
2024-05-06 10:28:32,191 : INFO : ConfigProcessor : Loading config from cache: /var/folders/l2/q8hj_6s91xnb2jxg1sqm0h7r0000gn/T/479bffd5d2f40b527f859677e5b1aef9.mpf_cache
2024-05-06 10:28:32,213 : INFO : ConfigProcessor : Loading config from cache: /var/folders/l2/q8hj_6s91xnb2jxg1sqm0h7r0000gn/T/0481b880979d7ccc71369ad5f781c736.mpf_cache
2024-05-06 10:28:32,213 : INFO : ConfigProcessor : Loading config from cache: /var/folders/l2/q8hj_6s91xnb2jxg1sqm0h7r0000gn/T/9cfa8e96748dd80c23752180dbf36e5c.mpf_cache
2024-05-06 10:28:32,214 : INFO : ConfigProcessor : Loading config from cache: /var/folders/l2/q8hj_6s91xnb2jxg1sqm0h7r0000gn/T/0481b880979d7ccc71369ad5f781c736.mpf_cache
2024-05-06 10:28:32,214 : INFO : ConfigProcessor : Loading config from cache: /var/folders/l2/q8hj_6s91xnb2jxg1sqm0h7r0000gn/T/1875c266911f801b691956fe9e9284d6.mpf_cache
2024-05-06 10:28:32,214 : INFO : ConfigProcessor : Loading config from cache: /var/folders/l2/q8hj_6s91xnb2jxg1sqm0h7r0000gn/T/f97c90855879603280fcc571f5c42639.mpf_cache
2024-05-06 10:28:32,214 : INFO : ConfigProcessor : Loading config from cache: /var/folders/l2/q8hj_6s91xnb2jxg1sqm0h7r0000gn/T/5336ce152edc820b26f3a51a9f95779b.mpf_cache
2024-05-06 10:28:32,214 : INFO : ConfigProcessor : Loading config from cache: /var/folders/l2/q8hj_6s91xnb2jxg1sqm0h7r0000gn/T/584196ece55f676a535bfbda3a88171a.mpf_cache
2024-05-06 10:28:32,214 : INFO : ConfigProcessor : Loading config from cache: /var/folders/l2/q8hj_6s91xnb2jxg1sqm0h7r0000gn/T/4b1e343fa9806c398ec7ee103dcfa7e2.mpf_cache
2024-05-06 10:28:32,215 : INFO : ConfigProcessor : Loading config from cache: /var/folders/l2/q8hj_6s91xnb2jxg1sqm0h7r0000gn/T/3dbc438e88423aa3ff742db2713b600f.mpf_cache
2024-05-06 10:28:32,216 : INFO : ConfigProcessor : Loading config from cache: /var/folders/l2/q8hj_6s91xnb2jxg1sqm0h7r0000gn/T/154d071a3850556c6f3eae37bf41c8b6.mpf_cache
2024-05-06 10:28:32,216 : INFO : ConfigProcessor : Loading config from cache: /var/folders/l2/q8hj_6s91xnb2jxg1sqm0h7r0000gn/T/ab100dbe0e16472b56f0213f3842a00f.mpf_cache
2024-05-06 10:28:32,218 : INFO : ConfigProcessor : Loading config from cache: /var/folders/l2/q8hj_6s91xnb2jxg1sqm0h7r0000gn/T/f03ad90ccd2c053e9e5d10795d01f4ba.mpf_cache
2024-05-06 10:28:32,218 : INFO : ConfigProcessor : Loading config from cache: /var/folders/l2/q8hj_6s91xnb2jxg1sqm0h7r0000gn/T/0f3c951d4c93079ae3fac6429c5bc2ee.mpf_cache
2024-05-06 10:28:32,218 : INFO : ConfigProcessor : Loading config from cache: /var/folders/l2/q8hj_6s91xnb2jxg1sqm0h7r0000gn/T/8bf004783a280ac33d17b88f37848116.mpf_cache
2024-05-06 10:28:32,219 : INFO : ConfigProcessor : Loading config from cache: /var/folders/l2/q8hj_6s91xnb2jxg1sqm0h7r0000gn/T/db98bdefe8a072cec23a2527f4303b09.mpf_cache
2024-05-06 10:28:32,219 : INFO : ConfigProcessor : Loading config from cache: /var/folders/l2/q8hj_6s91xnb2jxg1sqm0h7r0000gn/T/d5d50eaa09e055f3a827c6269a3aa165.mpf_cache
2024-05-06 10:28:32,220 : INFO : ConfigProcessor : Loading config from cache: /var/folders/l2/q8hj_6s91xnb2jxg1sqm0h7r0000gn/T/eefb91dd78a2b4d0f2b86f7f7cb501a3.mpf_cache
2024-05-06 10:28:32,220 : INFO : ConfigProcessor : Loading config from cache: /var/folders/l2/q8hj_6s91xnb2jxg1sqm0h7r0000gn/T/d32f8b43f49e3e57afbd189fbbccae80.mpf_cache
2024-05-06 10:28:32,220 : INFO : ConfigProcessor : Loading config from cache: /var/folders/l2/q8hj_6s91xnb2jxg1sqm0h7r0000gn/T/08db62a1c5938674fa894d468364ed3e.mpf_cache
2024-05-06 10:28:32,220 : INFO : ConfigProcessor : Loading config from cache: /var/folders/l2/q8hj_6s91xnb2jxg1sqm0h7r0000gn/T/98754ca8fa1663afefe3af8297a0d59a.mpf_cache
2024-05-06 10:28:32,220 : INFO : Machine : Mission Pinball Framework Core Engine v0.80.0.dev1
2024-05-06 10:28:32,221 : INFO : Machine : Command line arguments: {'no_load_cache': False, 'create_config_cache': True, 'bcp': False, 'configfile': ['config.yaml'], 'force_assets_load': False, 'platform_integration_test': False, 'jsonlogging': False, 'logfile': 'logs/2024-05-06-10-28-32-mpf-Tanners-Laptop.local.log', 'pause': False, 'production': False, 'text_ui': True, 'loglevel': 15, 'consoleloglevel': 20, 'force_platform': 'virtual', 'syslog_address': None, 'mc_file_name': None, 'no_sound': False}
2024-05-06 10:28:32,221 : INFO : Machine : MPF path: /Users/tannerpetch/Documents/git/mpf/mpf
2024-05-06 10:28:32,221 : INFO : Machine : Machine path: /Users/tannerpetch/Documents/GitHub/lofab
2024-05-06 10:28:32,221 : INFO : Machine : Platform: darwin
2024-05-06 10:28:32,221 : INFO : Machine : Python executable location: /Users/tannerpetch/mpfenv/bin/python3
2024-05-06 10:28:32,221 : INFO : Machine : Python version: 3.9.13 (64-bit)
2024-05-06 10:28:32,221 : INFO : Machine : Initializing MPF...
2024-05-06 10:28:32,243 : INFO : EventManager : Event: ======'machine_var_credits_string'====== Args={'value': 'FREE PLAY', 'prev_value': None, 'change': True}
2024-05-06 10:28:32,249 : INFO : EventManager : Event: ======'machine_var_master_volume'====== Args={'value': 0.5, 'prev_value': None, 'change': True}
2024-05-06 10:28:32,249 : INFO : EventManager : Event: ======'machine_var_player1_score'====== Args={'value': 100, 'prev_value': None, 'change': True}
2024-05-06 10:28:32,249 : INFO : EventManager : Event: ======'machine_var_player2_score'====== Args={'value': 0, 'prev_value': None, 'change': True}
2024-05-06 10:28:32,249 : INFO : EventManager : Event: ======'machine_var_mpf_version'====== Args={'value': 'Mission Pinball Framework v0.80.0.dev1', 'prev_value': None, 'change': True}
2024-05-06 10:28:32,249 : INFO : EventManager : Event: ======'machine_var_mpf_extended_version'====== Args={'value': 'Mission Pinball Framework v0.80.0.dev1, Config version:6, Show version: 6, BCP version:1.1', 'prev_value': None, 'change': True}
2024-05-06 10:28:32,249 : INFO : EventManager : Event: ======'machine_var_python_version'====== Args={'value': '3.9.13', 'prev_value': None, 'change': True}
2024-05-06 10:28:32,255 : INFO : EventManager : Event: ======'machine_var_platform'====== Args={'value': 'macOS-14.3-arm64-arm-64bit', 'prev_value': None, 'change': True}
2024-05-06 10:28:32,255 : INFO : EventManager : Event: ======'machine_var_platform_system'====== Args={'value': 'Darwin', 'prev_value': None, 'change': True}
2024-05-06 10:28:32,255 : INFO : EventManager : Event: ======'machine_var_platform_release'====== Args={'value': '23.3.0', 'prev_value': None, 'change': True}
2024-05-06 10:28:32,255 : INFO : EventManager : Event: ======'machine_var_platform_version'====== Args={'value': 'Darwin Kernel Version 23.3.0: Thu Dec 21 02:29:41 PST 2023; root:xnu-10002.81.5~11/RELEASE_ARM64_T8122', 'prev_value': None, 'change': True}
2024-05-06 10:28:32,255 : INFO : EventManager : Event: ======'machine_var_platform_machine'====== Args={'value': 'arm64', 'prev_value': None, 'change': True}
2024-05-06 10:28:32,255 : INFO : EventManager : Event: ======'init_phase_1'====== Args={}
2024-05-06 10:28:32,268 : INFO : EventManager : Event: ======'init_phase_2'====== Args={}
2024-05-06 10:28:32,270 : INFO : ball_device.bd_vuk : BCH: Initial count: 0
2024-05-06 10:28:32,270 : INFO : ball_device.bd_vuk : State: idle
2024-05-06 10:28:32,270 : INFO : ball_device.bd_trough : BCH: Initial count: 0
2024-05-06 10:28:32,271 : INFO : ball_device.bd_trough : State: idle
2024-05-06 10:28:32,274 : INFO : EventManager : Event: ======'init_phase_3'====== Args={}
2024-05-06 10:28:32,418 : INFO : EventManager : Event: ======'init_phase_4'====== Args={}
2024-05-06 10:28:32,419 : INFO : BallController : Initial balls found: 0
2024-05-06 10:28:32,419 : INFO : EventManager : Event: ======'machine_var_audits_events_game_ended'====== Args={'value': 1, 'prev_value': None, 'change': True}
2024-05-06 10:28:32,419 : INFO : EventManager : Event: ======'machine_var_audits_events_game_started'====== Args={'value': 22, 'prev_value': None, 'change': True}
2024-05-06 10:28:32,419 : INFO : EventManager : Event: ======'machine_var_audits_missing_switches_s_e'====== Args={'value': 22, 'prev_value': None, 'change': True}
2024-05-06 10:28:32,420 : INFO : EventManager : Event: ======'machine_var_audits_missing_switches_s_flipper_l'====== Args={'value': 5, 'prev_value': None, 'change': True}
2024-05-06 10:28:32,420 : INFO : EventManager : Event: ======'machine_var_audits_missing_switches_s_flipper_r'====== Args={'value': 11, 'prev_value': None, 'change': True}
2024-05-06 10:28:32,420 : INFO : EventManager : Event: ======'machine_var_audits_missing_switches_s_h'====== Args={'value': 22, 'prev_value': None, 'change': True}
2024-05-06 10:28:32,420 : INFO : EventManager : Event: ======'machine_var_audits_missing_switches_s_pop'====== Args={'value': 22, 'prev_value': None, 'change': True}
2024-05-06 10:28:32,420 : INFO : EventManager : Event: ======'machine_var_audits_missing_switches_s_ramp_complete'====== Args={'value': 22, 'prev_value': None, 'change': True}
2024-05-06 10:28:32,420 : INFO : EventManager : Event: ======'machine_var_audits_missing_switches_s_ramp_l'====== Args={'value': 22, 'prev_value': None, 'change': True}
2024-05-06 10:28:32,420 : INFO : EventManager : Event: ======'machine_var_audits_missing_switches_s_ramp_r'====== Args={'value': 22, 'prev_value': None, 'change': True}
2024-05-06 10:28:32,420 : INFO : EventManager : Event: ======'machine_var_audits_missing_switches_s_sling_l'====== Args={'value': 22, 'prev_value': None, 'change': True}
2024-05-06 10:28:32,420 : INFO : EventManager : Event: ======'machine_var_audits_missing_switches_s_sling_r'====== Args={'value': 22, 'prev_value': None, 'change': True}
2024-05-06 10:28:32,420 : INFO : EventManager : Event: ======'machine_var_audits_missing_switches_s_spinner'====== Args={'value': 22, 'prev_value': None, 'change': True}
2024-05-06 10:28:32,420 : INFO : EventManager : Event: ======'machine_var_audits_missing_switches_s_start'====== Args={'value': 9, 'prev_value': None, 'change': True}
2024-05-06 10:28:32,420 : INFO : EventManager : Event: ======'machine_var_audits_missing_switches_s_stationary_back'====== Args={'value': 22, 'prev_value': None, 'change': True}
2024-05-06 10:28:32,420 : INFO : EventManager : Event: ======'machine_var_audits_missing_switches_s_stationary_u'====== Args={'value': 8, 'prev_value': None, 'change': True}
2024-05-06 10:28:32,420 : INFO : EventManager : Event: ======'machine_var_audits_missing_switches_s_tilt_l'====== Args={'value': 22, 'prev_value': None, 'change': True}
2024-05-06 10:28:32,420 : INFO : EventManager : Event: ======'machine_var_audits_missing_switches_s_tilt_r'====== Args={'value': 22, 'prev_value': None, 'change': True}
2024-05-06 10:28:32,420 : INFO : EventManager : Event: ======'machine_var_audits_missing_switches_s_trough_1'====== Args={'value': 9, 'prev_value': None, 'change': True}
2024-05-06 10:28:32,420 : INFO : EventManager : Event: ======'machine_var_audits_missing_switches_s_trough_2'====== Args={'value': 22, 'prev_value': None, 'change': True}
2024-05-06 10:28:32,420 : INFO : EventManager : Event: ======'machine_var_audits_missing_switches_s_trough_3'====== Args={'value': 22, 'prev_value': None, 'change': True}
2024-05-06 10:28:32,420 : INFO : EventManager : Event: ======'machine_var_audits_missing_switches_s_trough_4'====== Args={'value': 20, 'prev_value': None, 'change': True}
2024-05-06 10:28:32,420 : INFO : EventManager : Event: ======'machine_var_audits_missing_switches_s_vuk'====== Args={'value': 20, 'prev_value': None, 'change': True}
2024-05-06 10:28:32,420 : INFO : EventManager : Event: ======'machine_var_audits_player_score'====== Args={'value': {'average': 0, 'top': [100, 0], 'total': 2}, 'prev_value': None, 'change': True}
2024-05-06 10:28:32,420 : INFO : EventManager : Event: ======'machine_var_audits_shots_r_o'====== Args={'value': 55, 'prev_value': None, 'change': True}
2024-05-06 10:28:32,420 : INFO : EventManager : Event: ======'machine_var_audits_shots_r_o_fleshy'====== Args={'value': 58, 'prev_value': None, 'change': True}
2024-05-06 10:28:32,420 : INFO : EventManager : Event: ======'machine_var_audits_shots_r_o_rotate'====== Args={'value': 6, 'prev_value': None, 'change': True}
2024-05-06 10:28:32,421 : INFO : EventManager : Event: ======'machine_var_audits_shots_r_s'====== Args={'value': 23, 'prev_value': None, 'change': True}
2024-05-06 10:28:32,421 : INFO : EventManager : Event: ======'machine_var_audits_shots_r_s_fleshy'====== Args={'value': 29, 'prev_value': None, 'change': True}
2024-05-06 10:28:32,421 : INFO : EventManager : Event: ======'machine_var_audits_shots_r_s_rotate'====== Args={'value': 6, 'prev_value': None, 'change': True}
2024-05-06 10:28:32,421 : INFO : EventManager : Event: ======'machine_var_audits_shots_r_u'====== Args={'value': 4, 'prev_value': None, 'change': True}
2024-05-06 10:28:32,421 : INFO : EventManager : Event: ======'machine_var_audits_switches_s_e'====== Args={'value': 0, 'prev_value': None, 'change': True}
2024-05-06 10:28:32,421 : INFO : EventManager : Event: ======'machine_var_audits_switches_s_flipper_l'====== Args={'value': 17, 'prev_value': None, 'change': True}
2024-05-06 10:28:32,421 : INFO : EventManager : Event: ======'machine_var_audits_switches_s_flipper_r'====== Args={'value': 1, 'prev_value': None, 'change': True}
2024-05-06 10:28:32,421 : INFO : EventManager : Event: ======'machine_var_audits_switches_s_h'====== Args={'value': 0, 'prev_value': None, 'change': True}
2024-05-06 10:28:32,421 : INFO : EventManager : Event: ======'machine_var_audits_switches_s_launch'====== Args={'value': 22, 'prev_value': None, 'change': True}
2024-05-06 10:28:32,421 : INFO : EventManager : Event: ======'machine_var_audits_switches_s_pop'====== Args={'value': 0, 'prev_value': None, 'change': True}
2024-05-06 10:28:32,421 : INFO : EventManager : Event: ======'machine_var_audits_switches_s_ramp_complete'====== Args={'value': 0, 'prev_value': None, 'change': True}
2024-05-06 10:28:32,421 : INFO : EventManager : Event: ======'machine_var_audits_switches_s_ramp_l'====== Args={'value': 0, 'prev_value': None, 'change': True}
2024-05-06 10:28:32,421 : INFO : EventManager : Event: ======'machine_var_audits_switches_s_ramp_r'====== Args={'value': 0, 'prev_value': None, 'change': True}
2024-05-06 10:28:32,421 : INFO : EventManager : Event: ======'machine_var_audits_switches_s_sling_l'====== Args={'value': 0, 'prev_value': None, 'change': True}
2024-05-06 10:28:32,421 : INFO : EventManager : Event: ======'machine_var_audits_switches_s_sling_r'====== Args={'value': 0, 'prev_value': None, 'change': True}
2024-05-06 10:28:32,421 : INFO : EventManager : Event: ======'machine_var_audits_switches_s_spinner'====== Args={'value': 0, 'prev_value': None, 'change': True}
2024-05-06 10:28:32,422 : INFO : EventManager : Event: ======'machine_var_audits_switches_s_start'====== Args={'value': 5, 'prev_value': None, 'change': True}
2024-05-06 10:28:32,422 : INFO : EventManager : Event: ======'machine_var_audits_switches_s_stationary_back'====== Args={'value': 0, 'prev_value': None, 'change': True}
2024-05-06 10:28:32,422 : INFO : EventManager : Event: ======'machine_var_audits_switches_s_stationary_o'====== Args={'value': 62, 'prev_value': None, 'change': True}
2024-05-06 10:28:32,422 : INFO : EventManager : Event: ======'machine_var_audits_switches_s_stationary_s'====== Args={'value': 29, 'prev_value': None, 'change': True}
2024-05-06 10:28:32,422 : INFO : EventManager : Event: ======'machine_var_audits_switches_s_stationary_u'====== Args={'value': 23, 'prev_value': None, 'change': True}
2024-05-06 10:28:32,422 : INFO : EventManager : Event: ======'machine_var_audits_switches_s_tilt_l'====== Args={'value': 0, 'prev_value': None, 'change': True}
2024-05-06 10:28:32,422 : INFO : EventManager : Event: ======'machine_var_audits_switches_s_tilt_r'====== Args={'value': 0, 'prev_value': None, 'change': True}
2024-05-06 10:28:32,422 : INFO : EventManager : Event: ======'machine_var_audits_switches_s_trough_1'====== Args={'value': 5, 'prev_value': None, 'change': True}
2024-05-06 10:28:32,422 : INFO : EventManager : Event: ======'machine_var_audits_switches_s_trough_2'====== Args={'value': 0, 'prev_value': None, 'change': True}
2024-05-06 10:28:32,422 : INFO : EventManager : Event: ======'machine_var_audits_switches_s_trough_3'====== Args={'value': 0, 'prev_value': None, 'change': True}
2024-05-06 10:28:32,422 : INFO : EventManager : Event: ======'machine_var_audits_switches_s_trough_4'====== Args={'value': 1, 'prev_value': None, 'change': True}
2024-05-06 10:28:32,422 : INFO : EventManager : Event: ======'machine_var_audits_switches_s_vuk'====== Args={'value': 6, 'prev_value': None, 'change': True}
2024-05-06 10:28:32,423 : INFO : EventManager : Event: ======'init_phase_5'====== Args={}
2024-05-06 10:28:32,423 : INFO : EventManager : Event: ======'init_done'====== Args={}
2024-05-06 10:28:32,423 : INFO : EventManager : Event: ======'machine_reset_phase_1'====== Args={}
2024-05-06 10:28:32,423 : INFO : EventManager : Event: ======'machine_reset_phase_2'====== Args={}
2024-05-06 10:28:32,423 : INFO : EventManager : Event: ======'machine_reset_phase_3'====== Args={}
2024-05-06 10:28:32,423 : INFO : EventManager : Event: ======'reset_complete'====== Args={}
2024-05-06 10:28:32,424 : INFO : EventManager : Event: ======'mode_attract_will_start'====== Args={}
2024-05-06 10:28:32,424 : INFO : EventManager : Event: ======'mode_attract_starting'====== Args={}
2024-05-06 10:28:32,424 : INFO : Mode.attract : Started. Priority: 10
2024-05-06 10:28:32,424 : INFO : EventManager : Event: ======'modes_active_modes_changed'====== Args={}
2024-05-06 10:28:32,424 : INFO : EventManager : Event: ======'mode_attract_started'====== Args={}
2024-05-06 10:28:32,424 : INFO : EventManager : Event: ======'collecting_balls_complete'====== Args={}
2024-05-06 10:28:32,424 : INFO : Machine : Starting the main run loop.
2024-05-06 10:28:32,717 : INFO : BcpServer : New client connected.
2024-05-06 10:28:38,466 : INFO : SwitchController : <<<<<<< 's_trough_1' active >>>>>>>
2024-05-06 10:28:38,522 : INFO : SwitchController : <<<<<<< 's_trough_1' inactive >>>>>>>
2024-05-06 10:28:38,898 : INFO : SwitchController : <<<<<<< 's_trough_1' active >>>>>>>
2024-05-06 10:28:39,399 : INFO : EventManager : Event: ======'balldevice_bd_trough_ball_count_changed'====== Args={'balls': 1}
2024-05-06 10:28:39,399 : INFO : ball_device.bd_trough : Received unexpected ball
2024-05-06 10:28:39,399 : INFO : EventManager : Event: ======'balldevice_captured_from_playfield'====== Args={'balls': 1}
2024-05-06 10:28:39,400 : INFO : EventManager : Event: ======'sw_playfield_active'====== Args={'balls': 1}
2024-05-06 10:28:39,400 : INFO : EventManager : Event: ======'playfield_active'====== Args={}
2024-05-06 10:28:39,400 : INFO : EventManager : Event: ======'unexpected_ball_on_playfield'====== Args={}
2024-05-06 10:28:39,400 : INFO : EventManager : Event: ======'playfield_ball_count_change'====== Args={'balls': -1, 'change': -1}
2024-05-06 10:28:39,401 : INFO : EventManager : Event: ======'balldevice_playfield_ball_enter'====== Args={'new_balls': 1, 'unclaimed_balls': 1, 'device': <playfield.playfield>}
2024-05-06 10:28:39,401 : INFO : EventManager : Event: ======'playfield_ball_count_change'====== Args={'balls': 0, 'change': 1}
2024-05-06 10:28:39,401 : INFO : BallController : Found a new ball which was captured from playfield. Known balls: 1
2024-05-06 10:28:39,401 : INFO : EventManager : Event: ======'found_new_ball'====== Args={}
2024-05-06 10:28:39,402 : INFO : EventManager : Event: ======'balldevice_bd_trough_ball_enter'====== Args={'new_balls': 1, 'unclaimed_balls': 1, 'new_available_balls': 1, 'device': <ball_device.bd_trough>}
2024-05-06 10:28:39,402 : INFO : EventManager : Event: ======'ball_drain'====== Args={'device': <ball_device.bd_trough>, 'balls': 1}
2024-05-06 10:28:39,402 : INFO : EventManager : Event: ======'balldevice_balls_available'====== Args={}
2024-05-06 10:28:39,403 : INFO : EventManager : Event: ======'balldevice_bd_trough_ball_entered'====== Args={'new_balls': 1, 'device': <ball_device.bd_trough>}
2024-05-06 10:28:41,508 : INFO : SwitchController : <<<<<<< 's_start' active >>>>>>>
2024-05-06 10:28:41,613 : INFO : SwitchController : <<<<<<< 's_start' inactive >>>>>>>
2024-05-06 10:28:41,613 : INFO : EventManager : Event: ======'request_to_start_game'====== Args={}
2024-05-06 10:28:41,614 : INFO : EventManager : Event: ======'game_start'====== Args={'buttons': [], 'hold_time': 0.1051581249999991}
2024-05-06 10:28:41,614 : INFO : EventManager : Event: ======'mode_game_will_start'====== Args={'buttons': [], 'hold_time': 0.1051581249999991}
2024-05-06 10:28:41,614 : INFO : EventManager : Event: ======'mode_game_starting'====== Args={'buttons': [], 'hold_time': 0.1051581249999991}
2024-05-06 10:28:41,615 : INFO : EventManager : Event: ======'mode_attract_will_stop'====== Args={}
2024-05-06 10:28:41,615 : INFO : EventManager : Event: ======'mode_attract_stopping'====== Args={}
2024-05-06 10:28:41,615 : INFO : Mode.attract : Stopped.
2024-05-06 10:28:41,615 : INFO : EventManager : Event: ======'modes_active_modes_changed'====== Args={}
2024-05-06 10:28:41,616 : INFO : EventManager : Event: ======'mode_attract_stopped'====== Args={}
2024-05-06 10:28:41,616 : INFO : EventManager : Event: ======'clear'====== Args={'key': 'attract'}
2024-05-06 10:28:41,616 : INFO : Mode.game : Started. Priority: 20
2024-05-06 10:28:41,616 : INFO : EventManager : Event: ======'modes_active_modes_changed'====== Args={}
2024-05-06 10:28:41,616 : INFO : EventManager : Event: ======'mode_game_started'====== Args={'buttons': [], 'hold_time': 0.1051581249999991}
2024-05-06 10:28:41,617 : INFO : EventManager : Event: ======'game_will_start'====== Args={}
2024-05-06 10:28:41,617 : INFO : EventManager : Event: ======'game_starting'====== Args={'game': <Mode.game>}
2024-05-06 10:28:41,617 : INFO : EventManager : Unordered handler for class <Auditor> on event game_ended with priority 1. Handlers: [RegisteredHandler(callback=<bound method Auditor.disable of <Auditor>>, priority=1, kwargs={}, key=UUID('b7a7de67-df0b-4b99-ab7b-2fc0dea6510a'), condition=None, blocking_facility=None), RegisteredHandler(callback=<bound method Auditor._save_audits of <Auditor>>, priority=1, kwargs={}, key=UUID('d5d33075-c8a2-450e-bd5d-75873121056f'), condition=None, blocking_facility=None)]. The order of those handlers is not defined and they will be executed in random order. This might lead to race conditions and potential bugs.
2024-05-06 10:28:41,618 : INFO : EventManager : Event: ======'player_add_request'====== Args={}
2024-05-06 10:28:41,618 : INFO : EventManager : Event: ======'player_will_add'====== Args={'number': 1}
2024-05-06 10:28:41,618 : INFO : EventManager : Event: ======'player_adding'====== Args={'player': <Player 1>, 'number': 1}
2024-05-06 10:28:41,618 : INFO : EventManager : Event: ======'player_added'====== Args={'player': <Player 1>, 'num': 1}
2024-05-06 10:28:41,618 : INFO : Mode.game : Player added successfully. Total players: 1
2024-05-06 10:28:41,618 : INFO : EventManager : Event: ======'player_index'====== Args={'value': 0, 'prev_value': 0, 'change': 0, 'player_num': 1}
2024-05-06 10:28:41,618 : INFO : EventManager : Event: ======'player_number'====== Args={'value': 1, 'prev_value': 1, 'change': 0, 'player_num': 1}
2024-05-06 10:28:41,618 : INFO : EventManager : Event: ======'player_score'====== Args={'value': 0, 'prev_value': 0, 'change': 0, 'player_num': 1}
2024-05-06 10:28:41,619 : INFO : EventManager : Event: ======'game_started'====== Args={}
2024-05-06 10:28:41,619 : INFO : EventManager : Event: ======'player_turn_will_start'====== Args={'player': <Player 1>, 'number': 1}
2024-05-06 10:28:41,627 : INFO : EventManager : Event: ======'player_turn_starting'====== Args={'player': <Player 1>, 'number': 1}
2024-05-06 10:28:41,627 : INFO : EventManager : Event: ======'player_ball'====== Args={'value': 1, 'prev_value': 0, 'change': 1, 'player_num': 1}
2024-05-06 10:28:41,628 : INFO : EventManager : Event: ======'player_turn_started'====== Args={'player': <Player 1>, 'number': 1}
2024-05-06 10:28:41,628 : INFO : EventManager : Event: ======'ball_will_start'====== Args={'player': 1, 'ball': 1, 'balls_remaining': 2, 'is_extra_ball': False}
2024-05-06 10:28:41,628 : INFO : EventManager : Event: ======'ball_starting'====== Args={'player': 1, 'ball': 1, 'balls_remaining': 2, 'is_extra_ball': False}
2024-05-06 10:28:41,628 : INFO : EventManager : Event: ======'mode_base_will_start'====== Args={'queue': <QueuedEvent>, 'player': 1, 'ball': 1, 'balls_remaining': 2, 'is_extra_ball': False}
2024-05-06 10:28:41,628 : INFO : EventManager : Event: ======'player_shot_r_pop_enabled'====== Args={'value': True, 'prev_value': 0, 'change': 1, 'player_num': 1}
2024-05-06 10:28:41,629 : INFO : EventManager : Event: ======'player_shot_r_sling_l_enabled'====== Args={'value': True, 'prev_value': 0, 'change': 1, 'player_num': 1}
2024-05-06 10:28:41,629 : INFO : EventManager : Event: ======'player_shot_r_sling_r_enabled'====== Args={'value': True, 'prev_value': 0, 'change': 1, 'player_num': 1}
2024-05-06 10:28:41,629 : INFO : EventManager : Event: ======'mode_base_starting'====== Args={'queue': <QueuedEvent>, 'player': 1, 'ball': 1, 'balls_remaining': 2, 'is_extra_ball': False}
2024-05-06 10:28:41,629 : INFO : EventManager : Event: ======'waiting_for_launch_press'====== Args={}
2024-05-06 10:28:41,630 : INFO : Mode.base : Started. Priority: 100
2024-05-06 10:28:41,630 : INFO : EventManager : Event: ======'modes_active_modes_changed'====== Args={}
2024-05-06 10:28:41,630 : INFO : EventManager : Event: ======'mode_base_started'====== Args={'queue': <QueuedEvent>, 'player': 1, 'ball': 1, 'balls_remaining': 2, 'is_extra_ball': False}
2024-05-06 10:28:42,675 : INFO : SwitchController : <<<<<<< 's_launch' active >>>>>>>
2024-05-06 10:28:42,676 : INFO : EventManager : Event: ======'e_launch_press'====== Args={}
2024-05-06 10:28:42,677 : INFO : EventManager : Event: ======'machine_var_audits_switches_s_launch'====== Args={'value': 23, 'prev_value': 22, 'change': 1}
2024-05-06 10:28:42,679 : INFO : EventManager : Event: ======'balls_in_play'====== Args={'balls': 1}
2024-05-06 10:28:42,684 : INFO : EventManager : Event: ======'ball_started'====== Args={'player': 1, 'ball': 1, 'balls_remaining': 2, 'is_extra_ball': False}
2024-05-06 10:28:42,685 : INFO : EventManager : Event: ======'mode_lane_rotate_will_start'====== Args={'player': 1, 'ball': 1, 'balls_remaining': 2, 'is_extra_ball': False}
2024-05-06 10:28:42,686 : INFO : EventManager : Event: ======'player_shot_r_h_rotate_enabled'====== Args={'value': True, 'prev_value': 0, 'change': 1, 'player_num': 1}
2024-05-06 10:28:42,687 : INFO : EventManager : Event: ======'player_shot_r_o_rotate_enabled'====== Args={'value': True, 'prev_value': 0, 'change': 1, 'player_num': 1}
2024-05-06 10:28:42,688 : INFO : EventManager : Event: ======'player_shot_r_u_rotate_enabled'====== Args={'value': True, 'prev_value': 0, 'change': 1, 'player_num': 1}
2024-05-06 10:28:42,689 : INFO : EventManager : Event: ======'player_shot_r_s_rotate_enabled'====== Args={'value': True, 'prev_value': 0, 'change': 1, 'player_num': 1}
2024-05-06 10:28:42,690 : INFO : EventManager : Event: ======'player_shot_r_e_rotate_enabled'====== Args={'value': True, 'prev_value': 0, 'change': 1, 'player_num': 1}
2024-05-06 10:28:42,691 : INFO : EventManager : Event: ======'mode_lane_rotate_starting'====== Args={'player': 1, 'ball': 1, 'balls_remaining': 2, 'is_extra_ball': False}
2024-05-06 10:28:42,691 : INFO : EventManager : Event: ======'mode_mult_fleshy_qualify_will_start'====== Args={'player': 1, 'ball': 1, 'balls_remaining': 2, 'is_extra_ball': False}
2024-05-06 10:28:42,691 : INFO : EventManager : Event: ======'player_shot_r_o_fleshy_enabled'====== Args={'value': True, 'prev_value': 0, 'change': 1, 'player_num': 1}
2024-05-06 10:28:42,692 : INFO : EventManager : Event: ======'player_shot_r_s_fleshy_enabled'====== Args={'value': True, 'prev_value': 0, 'change': 1, 'player_num': 1}
2024-05-06 10:28:42,692 : INFO : EventManager : Event: ======'fleshy_shots_complete'====== Args={'state': 'unlit'}
2024-05-06 10:28:42,692 : INFO : EventManager : Event: ======'fleshy_shots_unlit_complete'====== Args={}
2024-05-06 10:28:42,693 : INFO : EventManager : Event: ======'mode_mult_fleshy_qualify_starting'====== Args={'player': 1, 'ball': 1, 'balls_remaining': 2, 'is_extra_ball': False}
2024-05-06 10:28:42,693 : INFO : EventManager : Event: ======'mode_start_ball_save_will_start'====== Args={'player': 1, 'ball': 1, 'balls_remaining': 2, 'is_extra_ball': False}
2024-05-06 10:28:42,694 : INFO : EventManager : Event: ======'mode_start_ball_save_starting'====== Args={'player': 1, 'ball': 1, 'balls_remaining': 2, 'is_extra_ball': False}
2024-05-06 10:28:42,695 : INFO : Mode.start_ball_save : Started. Priority: 100
2024-05-06 10:28:42,695 : INFO : EventManager : Event: ======'modes_active_modes_changed'====== Args={}
2024-05-06 10:28:42,695 : INFO : EventManager : Event: ======'mode_start_ball_save_started'====== Args={'player': 1, 'ball': 1, 'balls_remaining': 2, 'is_extra_ball': False}
2024-05-06 10:28:42,696 : INFO : EventManager : Event: ======'ball_save_ball_save_ball_save_enabled'====== Args={}
2024-05-06 10:28:42,696 : INFO : Mode.mult_fleshy_qualify : Started. Priority: 100
2024-05-06 10:28:42,696 : INFO : EventManager : Event: ======'modes_active_modes_changed'====== Args={}
2024-05-06 10:28:42,696 : INFO : EventManager : Event: ======'mode_mult_fleshy_qualify_started'====== Args={'player': 1, 'ball': 1, 'balls_remaining': 2, 'is_extra_ball': False}
2024-05-06 10:28:42,697 : INFO : Mode.lane_rotate : Started. Priority: 100
2024-05-06 10:28:42,697 : INFO : EventManager : Event: ======'modes_active_modes_changed'====== Args={}
2024-05-06 10:28:42,697 : INFO : EventManager : Event: ======'mode_lane_rotate_started'====== Args={'player': 1, 'ball': 1, 'balls_remaining': 2, 'is_extra_ball': False}
2024-05-06 10:28:42,698 : INFO : EventManager : Event: ======'single_player_ball_started'====== Args={}
2024-05-06 10:28:42,702 : INFO : EventManager : Event: ======'ball_start_target'====== Args={'target': 'playfield'}
2024-05-06 10:28:42,704 : INFO : ball_device.bd_trough : Setting up player-controlled eject. Balls: 1, Target: <playfield.playfield>, player_controlled_eject_event: None
2024-05-06 10:28:42,704 : INFO : ball_device.bd_trough : Adding 1 ball(s) to the eject_queue with target <playfield.playfield>.
2024-05-06 10:28:42,704 : INFO : EventManager : Event: ======'balldevice_balls_available'====== Args={}
2024-05-06 10:28:42,704 : INFO : ball_device.bd_trough : State: waiting_for_target_ready
2024-05-06 10:28:42,704 : INFO : EventManager : Event: ======'balldevice_bd_trough_ball_eject_attempt'====== Args={'balls': 1, 'target': <playfield.playfield>, 'source': <ball_device.bd_trough>, 'mechanical_eject': False, 'num_attempts': 0}
2024-05-06 10:28:42,704 : INFO : ball_device.bd_trough : State: ejecting
2024-05-06 10:28:42,705 : INFO : ball_device.bd_trough : Ejecting ball to <playfield.playfield>
2024-05-06 10:28:42,705 : INFO : EventManager : Event: ======'balldevice_bd_trough_ejecting_ball'====== Args={'balls': 1, 'target': <playfield.playfield>, 'source': <ball_device.bd_trough>, 'mechanical_eject': False, 'num_attempts': 0}
2024-05-06 10:28:42,705 : INFO : EventManager : Event: ======'ball_save_ball_save_ball_save_timer_start'====== Args={}
2024-05-06 10:28:42,705 : INFO : ball_device.bd_trough : Wait for ball to leave device
2024-05-06 10:28:42,706 : INFO : coil.c_trough : Pulsing Driver for 10ms (1.0 pulse_power)
2024-05-06 10:28:42,806 : INFO : SwitchController : <<<<<<< 's_launch' inactive >>>>>>>
2024-05-06 10:28:44,076 : INFO : SwitchController : <<<<<<< 's_stationary_o' active >>>>>>>
2024-05-06 10:28:44,076 : INFO : EventManager : Event: ======'playfield_active'====== Args={}
2024-05-06 10:28:44,078 : INFO : EventManager : Event: ======'playfield_active'====== Args={}
2024-05-06 10:28:44,078 : INFO : EventManager : Event: ======'s_stationary_o_active'====== Args={}
2024-05-06 10:28:44,079 : INFO : EventManager : Event: ======'sw_playfield_active'====== Args={}
2024-05-06 10:28:44,079 : INFO : EventManager : Event: ======'machine_var_audits_switches_s_stationary_o'====== Args={'value': 63, 'prev_value': 62, 'change': 1}
2024-05-06 10:28:44,080 : INFO : EventManager : Event: ======'player_shot_r_o_rotate'====== Args={'value': 1, 'prev_value': 0, 'change': 1, 'player_num': 1}
2024-05-06 10:28:44,086 : INFO : EventManager : Event: ======'machine_var_audits_shots_r_o_rotate'====== Args={'value': 7, 'prev_value': 6, 'change': 1}
2024-05-06 10:28:44,086 : INFO : EventManager : Event: ======'r_o_rotate_hit'====== Args={'profile': 'rotate_profile', 'state': None, 'advancing': True}
2024-05-06 10:28:44,087 : INFO : EventManager : Event: ======'r_o_rotate_rotate_profile_hit'====== Args={'profile': 'rotate_profile', 'state': None, 'advancing': True}
2024-05-06 10:28:44,087 : INFO : EventManager : Event: ======'r_o_rotate_rotate_profile_None_hit'====== Args={'profile': 'rotate_profile', 'state': None, 'advancing': True}
2024-05-06 10:28:44,087 : INFO : EventManager : Event: ======'r_o_rotate_None_hit'====== Args={'profile': 'rotate_profile', 'state': None, 'advancing': True}
2024-05-06 10:28:44,088 : INFO : EventManager : Event: ======'player_shot_r_o_fleshy'====== Args={'value': 1, 'prev_value': 0, 'change': 1, 'player_num': 1}
2024-05-06 10:28:44,089 : INFO : EventManager : Event: ======'machine_var_audits_shots_r_o_fleshy'====== Args={'value': 59, 'prev_value': 58, 'change': 1}
2024-05-06 10:28:44,089 : INFO : EventManager : Event: ======'r_o_fleshy_hit'====== Args={'profile': 'fleshy_profile', 'state': 'unlit', 'advancing': True}
2024-05-06 10:28:44,089 : INFO : EventManager : Event: ======'r_o_fleshy_fleshy_profile_hit'====== Args={'profile': 'fleshy_profile', 'state': 'unlit', 'advancing': True}
2024-05-06 10:28:44,090 : INFO : EventManager : Event: ======'r_o_fleshy_fleshy_profile_unlit_hit'====== Args={'profile': 'fleshy_profile', 'state': 'unlit', 'advancing': True}
2024-05-06 10:28:44,090 : INFO : EventManager : Event: ======'r_o_fleshy_unlit_hit'====== Args={'profile': 'fleshy_profile', 'state': 'unlit', 'advancing': True}
2024-05-06 10:28:44,090 : INFO : EventManager : Event: ======'rotate_group_hit'====== Args={}
2024-05-06 10:28:44,090 : INFO : EventManager : Event: ======'rotate_group_None_hit'====== Args={}
2024-05-06 10:28:44,090 : INFO : EventManager : Event: ======'fleshy_shots_hit'====== Args={}
2024-05-06 10:28:44,090 : INFO : EventManager : Event: ======'fleshy_shots_unlit_hit'====== Args={}
2024-05-06 10:28:44,090 : INFO : EventManager : Event: ======'playfield_active'====== Args={}
2024-05-06 10:28:44,209 : INFO : SwitchController : <<<<<<< 's_stationary_o' inactive >>>>>>>
2024-05-06 10:28:44,424 : INFO : SwitchController : <<<<<<< 's_stationary_o' active >>>>>>>
2024-05-06 10:28:44,424 : INFO : EventManager : Event: ======'playfield_active'====== Args={}
2024-05-06 10:28:44,424 : INFO : EventManager : Event: ======'playfield_active'====== Args={}
2024-05-06 10:28:44,424 : INFO : EventManager : Event: ======'s_stationary_o_active'====== Args={}
2024-05-06 10:28:44,424 : INFO : EventManager : Event: ======'sw_playfield_active'====== Args={}
2024-05-06 10:28:44,425 : INFO : EventManager : Event: ======'machine_var_audits_switches_s_stationary_o'====== Args={'value': 64, 'prev_value': 63, 'change': 1}
2024-05-06 10:28:44,426 : INFO : EventManager : Event: ======'machine_var_audits_shots_r_o_rotate'====== Args={'value': 8, 'prev_value': 7, 'change': 1}
2024-05-06 10:28:44,427 : INFO : EventManager : Event: ======'r_o_rotate_hit'====== Args={'profile': 'rotate_profile', 'state': 'hit', 'advancing': False}
2024-05-06 10:28:44,427 : INFO : EventManager : Event: ======'r_o_rotate_rotate_profile_hit'====== Args={'profile': 'rotate_profile', 'state': 'hit', 'advancing': False}
2024-05-06 10:28:44,427 : INFO : EventManager : Event: ======'r_o_rotate_rotate_profile_hit_hit'====== Args={'profile': 'rotate_profile', 'state': 'hit', 'advancing': False}
2024-05-06 10:28:44,427 : INFO : EventManager : Event: ======'r_o_rotate_hit_hit'====== Args={'profile': 'rotate_profile', 'state': 'hit', 'advancing': False}
2024-05-06 10:28:44,427 : INFO : EventManager : Event: ======'player_shot_r_o_fleshy'====== Args={'value': 2, 'prev_value': 1, 'change': 1, 'player_num': 1}
2024-05-06 10:28:44,428 : INFO : EventManager : Event: ======'machine_var_audits_shots_r_o_fleshy'====== Args={'value': 60, 'prev_value': 59, 'change': 1}
2024-05-06 10:28:44,429 : INFO : EventManager : Event: ======'r_o_fleshy_hit'====== Args={'profile': 'fleshy_profile', 'state': 'light1lit', 'advancing': True}
2024-05-06 10:28:44,429 : INFO : EventManager : Event: ======'r_o_fleshy_fleshy_profile_hit'====== Args={'profile': 'fleshy_profile', 'state': 'light1lit', 'advancing': True}
2024-05-06 10:28:44,429 : INFO : EventManager : Event: ======'r_o_fleshy_fleshy_profile_light1lit_hit'====== Args={'profile': 'fleshy_profile', 'state': 'light1lit', 'advancing': True}
2024-05-06 10:28:44,429 : INFO : EventManager : Event: ======'r_o_fleshy_light1lit_hit'====== Args={'profile': 'fleshy_profile', 'state': 'light1lit', 'advancing': True}
2024-05-06 10:28:44,429 : INFO : EventManager : Event: ======'rotate_group_hit'====== Args={}
2024-05-06 10:28:44,429 : INFO : EventManager : Event: ======'rotate_group_hit_hit'====== Args={}
2024-05-06 10:28:44,429 : INFO : EventManager : Event: ======'fleshy_shots_hit'====== Args={}
2024-05-06 10:28:44,429 : INFO : EventManager : Event: ======'fleshy_shots_light1lit_hit'====== Args={}
2024-05-06 10:28:44,430 : INFO : EventManager : Event: ======'playfield_active'====== Args={}
2024-05-06 10:28:44,541 : INFO : SwitchController : <<<<<<< 's_stationary_o' inactive >>>>>>>
2024-05-06 10:28:44,707 : INFO : EventManager : Event: ======'balldevice_bd_trough_ball_eject_failed'====== Args={'target': <playfield.playfield>, 'balls': 1, 'retry': True, 'num_attempts': 1}
2024-05-06 10:28:44,709 : INFO : ball_device.bd_trough : State: waiting_for_target_ready
2024-05-06 10:28:44,710 : INFO : EventManager : Event: ======'balldevice_bd_trough_ball_eject_attempt'====== Args={'balls': 1, 'target': <playfield.playfield>, 'source': <ball_device.bd_trough>, 'mechanical_eject': False, 'num_attempts': 1}
2024-05-06 10:28:44,711 : INFO : ball_device.bd_trough : State: ejecting
2024-05-06 10:28:44,711 : INFO : ball_device.bd_trough : Ejecting ball to <playfield.playfield>
2024-05-06 10:28:44,711 : INFO : EventManager : Event: ======'balldevice_bd_trough_ejecting_ball'====== Args={'balls': 1, 'target': <playfield.playfield>, 'source': <ball_device.bd_trough>, 'mechanical_eject': False, 'num_attempts': 1}
2024-05-06 10:28:44,712 : INFO : ball_device.bd_trough : Wait for ball to leave device
2024-05-06 10:28:44,712 : INFO : coil.c_trough : Pulsing Driver for 10ms (1.0 pulse_power)
2024-05-06 10:28:44,776 : INFO : SwitchController : <<<<<<< 's_stationary_o' active >>>>>>>
2024-05-06 10:28:44,776 : INFO : EventManager : Event: ======'playfield_active'====== Args={}
2024-05-06 10:28:44,776 : INFO : EventManager : Event: ======'playfield_active'====== Args={}
2024-05-06 10:28:44,776 : INFO : EventManager : Event: ======'s_stationary_o_active'====== Args={}
2024-05-06 10:28:44,776 : INFO : EventManager : Event: ======'sw_playfield_active'====== Args={}
2024-05-06 10:28:44,776 : INFO : EventManager : Event: ======'machine_var_audits_switches_s_stationary_o'====== Args={'value': 65, 'prev_value': 64, 'change': 1}
2024-05-06 10:28:44,777 : INFO : EventManager : Event: ======'machine_var_audits_shots_r_o_rotate'====== Args={'value': 9, 'prev_value': 8, 'change': 1}
2024-05-06 10:28:44,777 : INFO : EventManager : Event: ======'r_o_rotate_hit'====== Args={'profile': 'rotate_profile', 'state': 'hit', 'advancing': False}
2024-05-06 10:28:44,777 : INFO : EventManager : Event: ======'r_o_rotate_rotate_profile_hit'====== Args={'profile': 'rotate_profile', 'state': 'hit', 'advancing': False}
2024-05-06 10:28:44,777 : INFO : EventManager : Event: ======'r_o_rotate_rotate_profile_hit_hit'====== Args={'profile': 'rotate_profile', 'state': 'hit', 'advancing': False}
2024-05-06 10:28:44,778 : INFO : EventManager : Event: ======'r_o_rotate_hit_hit'====== Args={'profile': 'rotate_profile', 'state': 'hit', 'advancing': False}
2024-05-06 10:28:44,778 : INFO : EventManager : Event: ======'player_shot_r_o_fleshy'====== Args={'value': 3, 'prev_value': 2, 'change': 1, 'player_num': 1}
2024-05-06 10:28:44,778 : INFO : EventManager : Event: ======'machine_var_audits_shots_r_o_fleshy'====== Args={'value': 61, 'prev_value': 60, 'change': 1}
2024-05-06 10:28:44,778 : INFO : EventManager : Event: ======'r_o_fleshy_hit'====== Args={'profile': 'fleshy_profile', 'state': 'light2lit', 'advancing': True}
2024-05-06 10:28:44,779 : INFO : EventManager : Event: ======'r_o_fleshy_fleshy_profile_hit'====== Args={'profile': 'fleshy_profile', 'state': 'light2lit', 'advancing': True}
2024-05-06 10:28:44,779 : INFO : EventManager : Event: ======'r_o_fleshy_fleshy_profile_light2lit_hit'====== Args={'profile': 'fleshy_profile', 'state': 'light2lit', 'advancing': True}
2024-05-06 10:28:44,779 : INFO : EventManager : Event: ======'r_o_fleshy_light2lit_hit'====== Args={'profile': 'fleshy_profile', 'state': 'light2lit', 'advancing': True}
2024-05-06 10:28:44,779 : INFO : EventManager : Event: ======'rotate_group_hit'====== Args={}
2024-05-06 10:28:44,779 : INFO : EventManager : Event: ======'rotate_group_hit_hit'====== Args={}
2024-05-06 10:28:44,779 : INFO : EventManager : Event: ======'fleshy_shots_hit'====== Args={}
2024-05-06 10:28:44,779 : INFO : EventManager : Event: ======'fleshy_shots_light2lit_hit'====== Args={}
2024-05-06 10:28:44,779 : INFO : EventManager : Event: ======'playfield_active'====== Args={}
2024-05-06 10:28:44,912 : INFO : SwitchController : <<<<<<< 's_stationary_o' inactive >>>>>>>
2024-05-06 10:28:45,707 : INFO : EventManager : Event: ======'ball_save_ball_save_ball_save_hurry_up'====== Args={}
2024-05-06 10:28:45,925 : INFO : SwitchController : <<<<<<< 's_stationary_s' active >>>>>>>
2024-05-06 10:28:45,925 : INFO : EventManager : Event: ======'playfield_active'====== Args={}
2024-05-06 10:28:45,926 : INFO : EventManager : Event: ======'playfield_active'====== Args={}
2024-05-06 10:28:45,926 : INFO : EventManager : Event: ======'s_stationary_s_active'====== Args={}
2024-05-06 10:28:45,927 : INFO : EventManager : Event: ======'sw_playfield_active'====== Args={}
2024-05-06 10:28:45,927 : INFO : EventManager : Event: ======'machine_var_audits_switches_s_stationary_s'====== Args={'value': 30, 'prev_value': 29, 'change': 1}
2024-05-06 10:28:45,929 : INFO : EventManager : Event: ======'player_shot_r_s_rotate'====== Args={'value': 1, 'prev_value': 0, 'change': 1, 'player_num': 1}
2024-05-06 10:28:45,930 : INFO : EventManager : Event: ======'machine_var_audits_shots_r_s_rotate'====== Args={'value': 7, 'prev_value': 6, 'change': 1}
2024-05-06 10:28:45,931 : INFO : EventManager : Event: ======'r_s_rotate_hit'====== Args={'profile': 'rotate_profile', 'state': None, 'advancing': True}
2024-05-06 10:28:45,931 : INFO : EventManager : Event: ======'r_s_rotate_rotate_profile_hit'====== Args={'profile': 'rotate_profile', 'state': None, 'advancing': True}
2024-05-06 10:28:45,931 : INFO : EventManager : Event: ======'r_s_rotate_rotate_profile_None_hit'====== Args={'profile': 'rotate_profile', 'state': None, 'advancing': True}
2024-05-06 10:28:45,931 : INFO : EventManager : Event: ======'r_s_rotate_None_hit'====== Args={'profile': 'rotate_profile', 'state': None, 'advancing': True}
2024-05-06 10:28:45,932 : INFO : EventManager : Event: ======'player_shot_r_s_fleshy'====== Args={'value': 1, 'prev_value': 0, 'change': 1, 'player_num': 1}
2024-05-06 10:28:45,932 : INFO : EventManager : Event: ======'machine_var_audits_shots_r_s_fleshy'====== Args={'value': 30, 'prev_value': 29, 'change': 1}
2024-05-06 10:28:45,933 : INFO : EventManager : Event: ======'r_s_fleshy_hit'====== Args={'profile': 'fleshy_profile', 'state': 'unlit', 'advancing': True}
2024-05-06 10:28:45,933 : INFO : EventManager : Event: ======'r_s_fleshy_fleshy_profile_hit'====== Args={'profile': 'fleshy_profile', 'state': 'unlit', 'advancing': True}
2024-05-06 10:28:45,934 : INFO : EventManager : Event: ======'r_s_fleshy_fleshy_profile_unlit_hit'====== Args={'profile': 'fleshy_profile', 'state': 'unlit', 'advancing': True}
2024-05-06 10:28:45,934 : INFO : EventManager : Event: ======'r_s_fleshy_unlit_hit'====== Args={'profile': 'fleshy_profile', 'state': 'unlit', 'advancing': True}
2024-05-06 10:28:45,934 : INFO : EventManager : Event: ======'rotate_group_hit'====== Args={}
2024-05-06 10:28:45,934 : INFO : EventManager : Event: ======'rotate_group_None_hit'====== Args={}
2024-05-06 10:28:45,934 : INFO : EventManager : Event: ======'fleshy_shots_hit'====== Args={}
2024-05-06 10:28:45,934 : INFO : EventManager : Event: ======'fleshy_shots_unlit_hit'====== Args={}
2024-05-06 10:28:45,935 : INFO : EventManager : Event: ======'playfield_active'====== Args={}
2024-05-06 10:28:46,058 : INFO : SwitchController : <<<<<<< 's_stationary_s' inactive >>>>>>>
2024-05-06 10:28:46,227 : INFO : SwitchController : <<<<<<< 's_stationary_s' active >>>>>>>
2024-05-06 10:28:46,227 : INFO : EventManager : Event: ======'playfield_active'====== Args={}
2024-05-06 10:28:46,228 : INFO : EventManager : Event: ======'playfield_active'====== Args={}
2024-05-06 10:28:46,228 : INFO : EventManager : Event: ======'s_stationary_s_active'====== Args={}
2024-05-06 10:28:46,228 : INFO : EventManager : Event: ======'sw_playfield_active'====== Args={}
2024-05-06 10:28:46,229 : INFO : EventManager : Event: ======'machine_var_audits_switches_s_stationary_s'====== Args={'value': 31, 'prev_value': 30, 'change': 1}
2024-05-06 10:28:46,230 : INFO : EventManager : Event: ======'machine_var_audits_shots_r_s_rotate'====== Args={'value': 8, 'prev_value': 7, 'change': 1}
2024-05-06 10:28:46,230 : INFO : EventManager : Event: ======'r_s_rotate_hit'====== Args={'profile': 'rotate_profile', 'state': 'hit', 'advancing': False}
2024-05-06 10:28:46,231 : INFO : EventManager : Event: ======'r_s_rotate_rotate_profile_hit'====== Args={'profile': 'rotate_profile', 'state': 'hit', 'advancing': False}
2024-05-06 10:28:46,231 : INFO : EventManager : Event: ======'r_s_rotate_rotate_profile_hit_hit'====== Args={'profile': 'rotate_profile', 'state': 'hit', 'advancing': False}
2024-05-06 10:28:46,231 : INFO : EventManager : Event: ======'r_s_rotate_hit_hit'====== Args={'profile': 'rotate_profile', 'state': 'hit', 'advancing': False}
2024-05-06 10:28:46,232 : INFO : EventManager : Event: ======'player_shot_r_s_fleshy'====== Args={'value': 2, 'prev_value': 1, 'change': 1, 'player_num': 1}
2024-05-06 10:28:46,233 : INFO : EventManager : Event: ======'machine_var_audits_shots_r_s_fleshy'====== Args={'value': 31, 'prev_value': 30, 'change': 1}
2024-05-06 10:28:46,233 : INFO : EventManager : Event: ======'r_s_fleshy_hit'====== Args={'profile': 'fleshy_profile', 'state': 'light1lit', 'advancing': True}
2024-05-06 10:28:46,234 : INFO : EventManager : Event: ======'r_s_fleshy_fleshy_profile_hit'====== Args={'profile': 'fleshy_profile', 'state': 'light1lit', 'advancing': True}
2024-05-06 10:28:46,234 : INFO : EventManager : Event: ======'r_s_fleshy_fleshy_profile_light1lit_hit'====== Args={'profile': 'fleshy_profile', 'state': 'light1lit', 'advancing': True}
2024-05-06 10:28:46,234 : INFO : EventManager : Event: ======'r_s_fleshy_light1lit_hit'====== Args={'profile': 'fleshy_profile', 'state': 'light1lit', 'advancing': True}
2024-05-06 10:28:46,234 : INFO : EventManager : Event: ======'rotate_group_hit'====== Args={}
2024-05-06 10:28:46,234 : INFO : EventManager : Event: ======'rotate_group_hit_hit'====== Args={}
2024-05-06 10:28:46,235 : INFO : EventManager : Event: ======'fleshy_shots_hit'====== Args={}
2024-05-06 10:28:46,235 : INFO : EventManager : Event: ======'fleshy_shots_light1lit_hit'====== Args={}
2024-05-06 10:28:46,235 : INFO : EventManager : Event: ======'playfield_active'====== Args={}
2024-05-06 10:28:46,340 : INFO : SwitchController : <<<<<<< 's_stationary_s' inactive >>>>>>>
2024-05-06 10:28:46,507 : INFO : SwitchController : <<<<<<< 's_stationary_s' active >>>>>>>
2024-05-06 10:28:46,507 : INFO : EventManager : Event: ======'playfield_active'====== Args={}
2024-05-06 10:28:46,508 : INFO : EventManager : Event: ======'playfield_active'====== Args={}
2024-05-06 10:28:46,508 : INFO : EventManager : Event: ======'s_stationary_s_active'====== Args={}
2024-05-06 10:28:46,508 : INFO : EventManager : Event: ======'sw_playfield_active'====== Args={}
2024-05-06 10:28:46,508 : INFO : EventManager : Event: ======'machine_var_audits_switches_s_stationary_s'====== Args={'value': 32, 'prev_value': 31, 'change': 1}
2024-05-06 10:28:46,509 : INFO : EventManager : Event: ======'machine_var_audits_shots_r_s_rotate'====== Args={'value': 9, 'prev_value': 8, 'change': 1}
2024-05-06 10:28:46,509 : INFO : EventManager : Event: ======'r_s_rotate_hit'====== Args={'profile': 'rotate_profile', 'state': 'hit', 'advancing': False}
2024-05-06 10:28:46,509 : INFO : EventManager : Event: ======'r_s_rotate_rotate_profile_hit'====== Args={'profile': 'rotate_profile', 'state': 'hit', 'advancing': False}
2024-05-06 10:28:46,509 : INFO : EventManager : Event: ======'r_s_rotate_rotate_profile_hit_hit'====== Args={'profile': 'rotate_profile', 'state': 'hit', 'advancing': False}
2024-05-06 10:28:46,509 : INFO : EventManager : Event: ======'r_s_rotate_hit_hit'====== Args={'profile': 'rotate_profile', 'state': 'hit', 'advancing': False}
2024-05-06 10:28:46,509 : INFO : EventManager : Event: ======'player_shot_r_s_fleshy'====== Args={'value': 3, 'prev_value': 2, 'change': 1, 'player_num': 1}
2024-05-06 10:28:46,510 : INFO : EventManager : Event: ======'machine_var_audits_shots_r_s_fleshy'====== Args={'value': 32, 'prev_value': 31, 'change': 1}
2024-05-06 10:28:46,510 : INFO : EventManager : Event: ======'r_s_fleshy_hit'====== Args={'profile': 'fleshy_profile', 'state': 'light2lit', 'advancing': True}
2024-05-06 10:28:46,510 : INFO : EventManager : Event: ======'r_s_fleshy_fleshy_profile_hit'====== Args={'profile': 'fleshy_profile', 'state': 'light2lit', 'advancing': True}
2024-05-06 10:28:46,510 : INFO : EventManager : Event: ======'r_s_fleshy_fleshy_profile_light2lit_hit'====== Args={'profile': 'fleshy_profile', 'state': 'light2lit', 'advancing': True}
2024-05-06 10:28:46,511 : INFO : EventManager : Event: ======'r_s_fleshy_light2lit_hit'====== Args={'profile': 'fleshy_profile', 'state': 'light2lit', 'advancing': True}
2024-05-06 10:28:46,511 : INFO : EventManager : Event: ======'rotate_group_hit'====== Args={}
2024-05-06 10:28:46,511 : INFO : EventManager : Event: ======'rotate_group_hit_hit'====== Args={}
2024-05-06 10:28:46,511 : INFO : EventManager : Event: ======'fleshy_shots_complete'====== Args={'state': 'light3lit'}
2024-05-06 10:28:46,511 : INFO : EventManager : Event: ======'fleshy_shots_light3lit_complete'====== Args={}
2024-05-06 10:28:46,511 : INFO : EventManager : Event: ======'mult_fleshy_start'====== Args={'priority': 0}
2024-05-06 10:28:46,511 : INFO : EventManager : Event: ======'fleshy_qualify_stop'====== Args={'priority': 0}
2024-05-06 10:28:46,511 : INFO : EventManager : Event: ======'mode_mult_fleshy_will_start'====== Args={'priority': 0}
2024-05-06 10:28:46,513 : INFO : EventManager : Event: ======'mode_mult_fleshy_starting'====== Args={'priority': 0}
2024-05-06 10:28:46,514 : INFO : EventManager : Event: ======'mode_mult_fleshy_qualify_will_stop'====== Args={}
2024-05-06 10:28:46,514 : INFO : EventManager : Event: ======'mode_mult_fleshy_qualify_stopping'====== Args={}
2024-05-06 10:28:46,514 : INFO : EventManager : Event: ======'fleshy_shots_hit'====== Args={}
2024-05-06 10:28:46,514 : INFO : EventManager : Event: ======'fleshy_shots_light2lit_hit'====== Args={}
2024-05-06 10:28:46,514 : INFO : EventManager : Event: ======'playfield_active'====== Args={}
2024-05-06 10:28:46,514 : INFO : Mode.mult_fleshy_qualify : Stopped.
2024-05-06 10:28:46,514 : INFO : EventManager : Event: ======'modes_active_modes_changed'====== Args={}
2024-05-06 10:28:46,514 : INFO : EventManager : Event: ======'mode_mult_fleshy_qualify_stopped'====== Args={}
2024-05-06 10:28:46,514 : INFO : EventManager : Event: ======'clear'====== Args={'key': 'mult_fleshy_qualify'}
2024-05-06 10:28:46,515 : INFO : Mode.mult_fleshy : Started. Priority: 100
2024-05-06 10:28:46,515 : INFO : EventManager : Event: ======'modes_active_modes_changed'====== Args={}
2024-05-06 10:28:46,515 : INFO : EventManager : Event: ======'mode_mult_fleshy_started'====== Args={'priority': 0}
2024-05-06 10:28:46,516 : INFO : EventManager : Event: ======'ball_save_fleshy_save_enabled'====== Args={}
2024-05-06 10:28:46,516 : WARNING : Mode.game : Balls in play have been capped by num_balls_known.
2024-05-06 10:28:46,516 : INFO : EventManager : Event: ======'balls_in_play'====== Args={'balls': 1}
2024-05-06 10:28:46,516 : INFO : ball_device.bd_trough : Adding 1 ball(s) to the eject_queue with target <playfield.playfield>.
2024-05-06 10:28:46,516 : INFO : EventManager : Event: ======'multiball_fleshy_multiball_shoot_again_ended'====== Args={}
2024-05-06 10:28:46,517 : INFO : EventManager : Event: ======'multiball_fleshy_multiball_started'====== Args={'balls': 2}
2024-05-06 10:28:46,625 : INFO : SwitchController : <<<<<<< 's_stationary_s' inactive >>>>>>>
2024-05-06 10:28:46,713 : INFO : EventManager : Event: ======'balldevice_bd_trough_ball_eject_failed'====== Args={'target': <playfield.playfield>, 'balls': 1, 'retry': True, 'num_attempts': 2}
2024-05-06 10:28:46,715 : INFO : ball_device.bd_trough : State: waiting_for_target_ready
2024-05-06 10:28:46,716 : INFO : EventManager : Event: ======'balldevice_bd_trough_ball_eject_attempt'====== Args={'balls': 1, 'target': <playfield.playfield>, 'source': <ball_device.bd_trough>, 'mechanical_eject': False, 'num_attempts': 2}
2024-05-06 10:28:46,716 : INFO : ball_device.bd_trough : State: ejecting
2024-05-06 10:28:46,717 : INFO : ball_device.bd_trough : Ejecting ball to <playfield.playfield>
2024-05-06 10:28:46,717 : INFO : EventManager : Event: ======'balldevice_bd_trough_ejecting_ball'====== Args={'balls': 1, 'target': <playfield.playfield>, 'source': <ball_device.bd_trough>, 'mechanical_eject': False, 'num_attempts': 2}
2024-05-06 10:28:46,718 : INFO : ball_device.bd_trough : Wait for ball to leave device
2024-05-06 10:28:46,719 : INFO : coil.c_trough : Pulsing Driver for 10ms (1.0 pulse_power)
2024-05-06 10:28:47,707 : INFO : EventManager : Event: ======'ball_save_ball_save_ball_save_disabled'====== Args={}
2024-05-06 10:28:48,720 : INFO : EventManager : Event: ======'balldevice_bd_trough_ball_eject_failed'====== Args={'target': <playfield.playfield>, 'balls': 1, 'retry': True, 'num_attempts': 3}
2024-05-06 10:28:48,723 : INFO : ball_device.bd_trough : State: waiting_for_target_ready
2024-05-06 10:28:48,724 : INFO : EventManager : Event: ======'balldevice_bd_trough_ball_eject_attempt'====== Args={'balls': 1, 'target': <playfield.playfield>, 'source': <ball_device.bd_trough>, 'mechanical_eject': False, 'num_attempts': 3}
2024-05-06 10:28:48,725 : INFO : ball_device.bd_trough : State: ejecting
2024-05-06 10:28:48,725 : INFO : ball_device.bd_trough : Ejecting ball to <playfield.playfield>
2024-05-06 10:28:48,726 : INFO : EventManager : Event: ======'balldevice_bd_trough_ejecting_ball'====== Args={'balls': 1, 'target': <playfield.playfield>, 'source': <ball_device.bd_trough>, 'mechanical_eject': False, 'num_attempts': 3}
2024-05-06 10:28:48,727 : INFO : ball_device.bd_trough : Wait for ball to leave device
2024-05-06 10:28:48,727 : INFO : coil.c_trough : Pulsing Driver for 10ms (1.0 pulse_power)
2024-05-06 10:28:48,916 : INFO : Machine : Shutting down...
2024-05-06 10:28:48,916 : INFO : EventManager : Event: ======'shutdown'====== Args={}
2024-05-06 10:28:48,919 : INFO : EventManager : Event: ======'mode_game_will_stop'====== Args={}
2024-05-06 10:28:48,919 : INFO : EventManager : Event: ======'mode_game_stopping'====== Args={}
2024-05-06 10:28:48,920 : INFO : EventManager : Event: ======'mode_mult_fleshy_will_stop'====== Args={}
2024-05-06 10:28:48,920 : INFO : EventManager : Event: ======'mode_mult_fleshy_stopping'====== Args={}
2024-05-06 10:28:48,920 : INFO : EventManager : Event: ======'mode_lane_rotate_will_stop'====== Args={}
2024-05-06 10:28:48,921 : INFO : EventManager : Event: ======'mode_lane_rotate_stopping'====== Args={}
2024-05-06 10:28:48,921 : INFO : EventManager : Event: ======'mode_base_will_stop'====== Args={}
2024-05-06 10:28:48,921 : INFO : EventManager : Event: ======'mode_base_stopping'====== Args={}
2024-05-06 10:28:48,921 : INFO : EventManager : Event: ======'mode_start_ball_save_will_stop'====== Args={}
2024-05-06 10:28:48,921 : INFO : EventManager : Event: ======'mode_start_ball_save_stopping'====== Args={}
2024-05-06 10:28:48,922 : INFO : Mode.start_ball_save : Stopped.
2024-05-06 10:28:48,922 : INFO : EventManager : Event: ======'modes_active_modes_changed'====== Args={}
2024-05-06 10:28:48,922 : INFO : EventManager : Event: ======'mode_start_ball_save_stopped'====== Args={}
2024-05-06 10:28:48,922 : INFO : EventManager : Event: ======'clear'====== Args={'key': 'start_ball_save'}
2024-05-06 10:28:48,922 : INFO : Mode.base : Stopped.
2024-05-06 10:28:48,922 : INFO : EventManager : Event: ======'modes_active_modes_changed'====== Args={}
2024-05-06 10:28:48,923 : INFO : EventManager : Event: ======'mode_base_stopped'====== Args={}
2024-05-06 10:28:48,923 : INFO : EventManager : Event: ======'clear'====== Args={'key': 'base'}
2024-05-06 10:28:48,925 : INFO : Mode.lane_rotate : Stopped.
2024-05-06 10:28:48,925 : INFO : EventManager : Event: ======'modes_active_modes_changed'====== Args={}
2024-05-06 10:28:48,925 : INFO : EventManager : Event: ======'mode_lane_rotate_stopped'====== Args={}
2024-05-06 10:28:48,926 : INFO : EventManager : Event: ======'clear'====== Args={'key': 'lane_rotate'}
2024-05-06 10:28:48,927 : INFO : Mode.mult_fleshy : Stopped.
2024-05-06 10:28:48,928 : INFO : EventManager : Event: ======'modes_active_modes_changed'====== Args={}
2024-05-06 10:28:48,928 : INFO : EventManager : Event: ======'mode_mult_fleshy_stopped'====== Args={}
2024-05-06 10:28:48,928 : INFO : EventManager : Event: ======'clear'====== Args={'key': 'mult_fleshy'}
2024-05-06 10:28:48,928 : INFO : EventManager : Event: ======'ball_save_fleshy_save_disabled'====== Args={}
2024-05-06 10:28:48,929 : INFO : Mode.game : Stopped.
2024-05-06 10:28:48,929 : INFO : EventManager : Event: ======'modes_active_modes_changed'====== Args={}
2024-05-06 10:28:48,929 : INFO : EventManager : Event: ======'mode_game_stopped'====== Args={}
2024-05-06 10:28:48,929 : INFO : EventManager : Event: ======'clear'====== Args={'key': 'game'}
2024-05-06 10:28:48,930 : INFO : root : MPF run loop ended.
