2024-05-05 09:35:12,934 : INFO : root : Loading config.
2024-05-05 09:35:12,936 : INFO : YamlMultifileConfigLoader : Machine config file #1: config.yaml
2024-05-05 09:35:12,936 : INFO : ConfigProcessor : Loading config from cache: /var/folders/l2/q8hj_6s91xnb2jxg1sqm0h7r0000gn/T/479bffd5d2f40b527f859677e5b1aef9.mpf_cache
2024-05-05 09:35:12,958 : INFO : ConfigProcessor : Loading config from cache: /var/folders/l2/q8hj_6s91xnb2jxg1sqm0h7r0000gn/T/0481b880979d7ccc71369ad5f781c736.mpf_cache
2024-05-05 09:35:12,958 : INFO : ConfigProcessor : Loading config from cache: /var/folders/l2/q8hj_6s91xnb2jxg1sqm0h7r0000gn/T/9cfa8e96748dd80c23752180dbf36e5c.mpf_cache
2024-05-05 09:35:12,958 : INFO : ConfigProcessor : Loading config from cache: /var/folders/l2/q8hj_6s91xnb2jxg1sqm0h7r0000gn/T/0481b880979d7ccc71369ad5f781c736.mpf_cache
2024-05-05 09:35:12,958 : INFO : ConfigProcessor : Loading config from cache: /var/folders/l2/q8hj_6s91xnb2jxg1sqm0h7r0000gn/T/1875c266911f801b691956fe9e9284d6.mpf_cache
2024-05-05 09:35:12,959 : INFO : ConfigProcessor : Loading config from cache: /var/folders/l2/q8hj_6s91xnb2jxg1sqm0h7r0000gn/T/f97c90855879603280fcc571f5c42639.mpf_cache
2024-05-05 09:35:12,959 : INFO : ConfigProcessor : Loading config from cache: /var/folders/l2/q8hj_6s91xnb2jxg1sqm0h7r0000gn/T/5336ce152edc820b26f3a51a9f95779b.mpf_cache
2024-05-05 09:35:12,959 : INFO : ConfigProcessor : Loading config from cache: /var/folders/l2/q8hj_6s91xnb2jxg1sqm0h7r0000gn/T/3dbc438e88423aa3ff742db2713b600f.mpf_cache
2024-05-05 09:35:12,960 : INFO : ConfigProcessor : Loading config from cache: /var/folders/l2/q8hj_6s91xnb2jxg1sqm0h7r0000gn/T/154d071a3850556c6f3eae37bf41c8b6.mpf_cache
2024-05-05 09:35:12,960 : INFO : ConfigProcessor : Loading config from cache: /var/folders/l2/q8hj_6s91xnb2jxg1sqm0h7r0000gn/T/ab100dbe0e16472b56f0213f3842a00f.mpf_cache
2024-05-05 09:35:12,962 : INFO : ConfigProcessor : Loading config from cache: /var/folders/l2/q8hj_6s91xnb2jxg1sqm0h7r0000gn/T/f03ad90ccd2c053e9e5d10795d01f4ba.mpf_cache
2024-05-05 09:35:12,962 : INFO : ConfigProcessor : Loading config from cache: /var/folders/l2/q8hj_6s91xnb2jxg1sqm0h7r0000gn/T/0f3c951d4c93079ae3fac6429c5bc2ee.mpf_cache
2024-05-05 09:35:12,962 : INFO : ConfigProcessor : Loading config from cache: /var/folders/l2/q8hj_6s91xnb2jxg1sqm0h7r0000gn/T/8bf004783a280ac33d17b88f37848116.mpf_cache
2024-05-05 09:35:12,963 : INFO : ConfigProcessor : Loading config from cache: /var/folders/l2/q8hj_6s91xnb2jxg1sqm0h7r0000gn/T/d5d50eaa09e055f3a827c6269a3aa165.mpf_cache
2024-05-05 09:35:12,963 : INFO : ConfigProcessor : Loading config from cache: /var/folders/l2/q8hj_6s91xnb2jxg1sqm0h7r0000gn/T/eefb91dd78a2b4d0f2b86f7f7cb501a3.mpf_cache
2024-05-05 09:35:12,963 : INFO : ConfigProcessor : Loading config from cache: /var/folders/l2/q8hj_6s91xnb2jxg1sqm0h7r0000gn/T/d32f8b43f49e3e57afbd189fbbccae80.mpf_cache
2024-05-05 09:35:12,963 : INFO : ConfigProcessor : Loading config from cache: /var/folders/l2/q8hj_6s91xnb2jxg1sqm0h7r0000gn/T/08db62a1c5938674fa894d468364ed3e.mpf_cache
2024-05-05 09:35:12,963 : INFO : Machine : Mission Pinball Framework Core Engine v0.80.0.dev1
2024-05-05 09:35:12,963 : INFO : Machine : Command line arguments: {'no_load_cache': False, 'create_config_cache': True, 'bcp': False, 'configfile': ['config.yaml'], 'force_assets_load': False, 'platform_integration_test': False, 'jsonlogging': False, 'logfile': 'logs/2024-05-05-09-35-12-mpf-Tanners-Laptop.local.log', 'pause': False, 'production': False, 'text_ui': True, 'loglevel': 15, 'consoleloglevel': 20, 'force_platform': 'virtual', 'syslog_address': None, 'mc_file_name': None, 'no_sound': False}
2024-05-05 09:35:12,963 : INFO : Machine : MPF path: /Users/tannerpetch/Documents/git/mpf/mpf
2024-05-05 09:35:12,964 : INFO : Machine : Machine path: /Users/tannerpetch/Documents/GitHub/lofab
2024-05-05 09:35:12,964 : INFO : Machine : Platform: darwin
2024-05-05 09:35:12,964 : INFO : Machine : Python executable location: /Users/tannerpetch/mpfenv/bin/python3
2024-05-05 09:35:12,964 : INFO : Machine : Python version: 3.9.13 (64-bit)
2024-05-05 09:35:12,964 : INFO : Machine : Initializing MPF...
2024-05-05 09:35:12,985 : INFO : EventManager : Event: ======'machine_var_credits_string'====== Args={'value': 'FREE PLAY', 'prev_value': None, 'change': True}
2024-05-05 09:35:12,990 : INFO : EventManager : Event: ======'machine_var_master_volume'====== Args={'value': 0.5, 'prev_value': None, 'change': True}
2024-05-05 09:35:12,990 : INFO : EventManager : Event: ======'machine_var_mpf_version'====== Args={'value': 'Mission Pinball Framework v0.80.0.dev1', 'prev_value': None, 'change': True}
2024-05-05 09:35:12,990 : INFO : EventManager : Event: ======'machine_var_mpf_extended_version'====== Args={'value': 'Mission Pinball Framework v0.80.0.dev1, Config version:6, Show version: 6, BCP version:1.1', 'prev_value': None, 'change': True}
2024-05-05 09:35:12,990 : INFO : EventManager : Event: ======'machine_var_python_version'====== Args={'value': '3.9.13', 'prev_value': None, 'change': True}
2024-05-05 09:35:12,997 : INFO : EventManager : Event: ======'machine_var_platform'====== Args={'value': 'macOS-14.3-arm64-arm-64bit', 'prev_value': None, 'change': True}
2024-05-05 09:35:12,998 : INFO : EventManager : Event: ======'machine_var_platform_system'====== Args={'value': 'Darwin', 'prev_value': None, 'change': True}
2024-05-05 09:35:12,998 : INFO : EventManager : Event: ======'machine_var_platform_release'====== Args={'value': '23.3.0', 'prev_value': None, 'change': True}
2024-05-05 09:35:12,998 : INFO : EventManager : Event: ======'machine_var_platform_version'====== Args={'value': 'Darwin Kernel Version 23.3.0: Thu Dec 21 02:29:41 PST 2023; root:xnu-10002.81.5~11/RELEASE_ARM64_T8122', 'prev_value': None, 'change': True}
2024-05-05 09:35:12,998 : INFO : EventManager : Event: ======'machine_var_platform_machine'====== Args={'value': 'arm64', 'prev_value': None, 'change': True}
2024-05-05 09:35:12,998 : INFO : EventManager : Event: ======'init_phase_1'====== Args={}
2024-05-05 09:35:13,010 : INFO : EventManager : Event: ======'init_phase_2'====== Args={}
2024-05-05 09:35:13,012 : INFO : ball_device.bd_vuk : BCH: Initial count: 0
2024-05-05 09:35:13,012 : INFO : ball_device.bd_vuk : State: idle
2024-05-05 09:35:13,012 : INFO : ball_device.bd_trough : BCH: Initial count: 0
2024-05-05 09:35:13,012 : INFO : ball_device.bd_trough : State: idle
2024-05-05 09:35:13,016 : INFO : EventManager : Event: ======'init_phase_3'====== Args={}
2024-05-05 09:35:13,159 : INFO : EventManager : Event: ======'init_phase_4'====== Args={}
2024-05-05 09:35:13,159 : INFO : BallController : Initial balls found: 0
2024-05-05 09:35:13,160 : INFO : EventManager : Event: ======'machine_var_audits_events_game_ended'====== Args={'value': 0, 'prev_value': None, 'change': True}
2024-05-05 09:35:13,160 : INFO : EventManager : Event: ======'machine_var_audits_events_game_started'====== Args={'value': 3, 'prev_value': None, 'change': True}
2024-05-05 09:35:13,160 : INFO : EventManager : Event: ======'machine_var_audits_missing_switches_s_e'====== Args={'value': 3, 'prev_value': None, 'change': True}
2024-05-05 09:35:13,160 : INFO : EventManager : Event: ======'machine_var_audits_missing_switches_s_flipper_l'====== Args={'value': 3, 'prev_value': None, 'change': True}
2024-05-05 09:35:13,160 : INFO : EventManager : Event: ======'machine_var_audits_missing_switches_s_flipper_r'====== Args={'value': 3, 'prev_value': None, 'change': True}
2024-05-05 09:35:13,160 : INFO : EventManager : Event: ======'machine_var_audits_missing_switches_s_h'====== Args={'value': 3, 'prev_value': None, 'change': True}
2024-05-05 09:35:13,160 : INFO : EventManager : Event: ======'machine_var_audits_missing_switches_s_launch'====== Args={'value': 3, 'prev_value': None, 'change': True}
2024-05-05 09:35:13,160 : INFO : EventManager : Event: ======'machine_var_audits_missing_switches_s_pop'====== Args={'value': 3, 'prev_value': None, 'change': True}
2024-05-05 09:35:13,160 : INFO : EventManager : Event: ======'machine_var_audits_missing_switches_s_ramp_complete'====== Args={'value': 3, 'prev_value': None, 'change': True}
2024-05-05 09:35:13,160 : INFO : EventManager : Event: ======'machine_var_audits_missing_switches_s_ramp_l'====== Args={'value': 3, 'prev_value': None, 'change': True}
2024-05-05 09:35:13,160 : INFO : EventManager : Event: ======'machine_var_audits_missing_switches_s_ramp_r'====== Args={'value': 3, 'prev_value': None, 'change': True}
2024-05-05 09:35:13,160 : INFO : EventManager : Event: ======'machine_var_audits_missing_switches_s_sling_l'====== Args={'value': 3, 'prev_value': None, 'change': True}
2024-05-05 09:35:13,160 : INFO : EventManager : Event: ======'machine_var_audits_missing_switches_s_sling_r'====== Args={'value': 3, 'prev_value': None, 'change': True}
2024-05-05 09:35:13,160 : INFO : EventManager : Event: ======'machine_var_audits_missing_switches_s_spinner'====== Args={'value': 3, 'prev_value': None, 'change': True}
2024-05-05 09:35:13,160 : INFO : EventManager : Event: ======'machine_var_audits_missing_switches_s_start'====== Args={'value': 1, 'prev_value': None, 'change': True}
2024-05-05 09:35:13,160 : INFO : EventManager : Event: ======'machine_var_audits_missing_switches_s_stationary_back'====== Args={'value': 3, 'prev_value': None, 'change': True}
2024-05-05 09:35:13,160 : INFO : EventManager : Event: ======'machine_var_audits_missing_switches_s_stationary_o'====== Args={'value': 3, 'prev_value': None, 'change': True}
2024-05-05 09:35:13,161 : INFO : EventManager : Event: ======'machine_var_audits_missing_switches_s_stationary_s'====== Args={'value': 3, 'prev_value': None, 'change': True}
2024-05-05 09:35:13,161 : INFO : EventManager : Event: ======'machine_var_audits_missing_switches_s_stationary_u'====== Args={'value': 1, 'prev_value': None, 'change': True}
2024-05-05 09:35:13,161 : INFO : EventManager : Event: ======'machine_var_audits_missing_switches_s_tilt_l'====== Args={'value': 3, 'prev_value': None, 'change': True}
2024-05-05 09:35:13,161 : INFO : EventManager : Event: ======'machine_var_audits_missing_switches_s_tilt_r'====== Args={'value': 3, 'prev_value': None, 'change': True}
2024-05-05 09:35:13,161 : INFO : EventManager : Event: ======'machine_var_audits_missing_switches_s_trough_1'====== Args={'value': 1, 'prev_value': None, 'change': True}
2024-05-05 09:35:13,161 : INFO : EventManager : Event: ======'machine_var_audits_missing_switches_s_trough_2'====== Args={'value': 3, 'prev_value': None, 'change': True}
2024-05-05 09:35:13,161 : INFO : EventManager : Event: ======'machine_var_audits_missing_switches_s_trough_3'====== Args={'value': 3, 'prev_value': None, 'change': True}
2024-05-05 09:35:13,161 : INFO : EventManager : Event: ======'machine_var_audits_missing_switches_s_trough_4'====== Args={'value': 1, 'prev_value': None, 'change': True}
2024-05-05 09:35:13,161 : INFO : EventManager : Event: ======'machine_var_audits_missing_switches_s_vuk'====== Args={'value': 1, 'prev_value': None, 'change': True}
2024-05-05 09:35:13,161 : INFO : EventManager : Event: ======'machine_var_audits_player_score'====== Args={'value': {'average': 0, 'top': [], 'total': 0}, 'prev_value': None, 'change': True}
2024-05-05 09:35:13,161 : INFO : EventManager : Event: ======'machine_var_audits_switches_s_e'====== Args={'value': 0, 'prev_value': None, 'change': True}
2024-05-05 09:35:13,161 : INFO : EventManager : Event: ======'machine_var_audits_switches_s_flipper_l'====== Args={'value': 0, 'prev_value': None, 'change': True}
2024-05-05 09:35:13,161 : INFO : EventManager : Event: ======'machine_var_audits_switches_s_flipper_r'====== Args={'value': 0, 'prev_value': None, 'change': True}
2024-05-05 09:35:13,161 : INFO : EventManager : Event: ======'machine_var_audits_switches_s_h'====== Args={'value': 0, 'prev_value': None, 'change': True}
2024-05-05 09:35:13,161 : INFO : EventManager : Event: ======'machine_var_audits_switches_s_launch'====== Args={'value': 0, 'prev_value': None, 'change': True}
2024-05-05 09:35:13,161 : INFO : EventManager : Event: ======'machine_var_audits_switches_s_pop'====== Args={'value': 0, 'prev_value': None, 'change': True}
2024-05-05 09:35:13,161 : INFO : EventManager : Event: ======'machine_var_audits_switches_s_ramp_complete'====== Args={'value': 0, 'prev_value': None, 'change': True}
2024-05-05 09:35:13,161 : INFO : EventManager : Event: ======'machine_var_audits_switches_s_ramp_l'====== Args={'value': 0, 'prev_value': None, 'change': True}
2024-05-05 09:35:13,161 : INFO : EventManager : Event: ======'machine_var_audits_switches_s_ramp_r'====== Args={'value': 0, 'prev_value': None, 'change': True}
2024-05-05 09:35:13,161 : INFO : EventManager : Event: ======'machine_var_audits_switches_s_sling_l'====== Args={'value': 0, 'prev_value': None, 'change': True}
2024-05-05 09:35:13,162 : INFO : EventManager : Event: ======'machine_var_audits_switches_s_sling_r'====== Args={'value': 0, 'prev_value': None, 'change': True}
2024-05-05 09:35:13,162 : INFO : EventManager : Event: ======'machine_var_audits_switches_s_spinner'====== Args={'value': 0, 'prev_value': None, 'change': True}
2024-05-05 09:35:13,162 : INFO : EventManager : Event: ======'machine_var_audits_switches_s_start'====== Args={'value': 2, 'prev_value': None, 'change': True}
2024-05-05 09:35:13,162 : INFO : EventManager : Event: ======'machine_var_audits_switches_s_stationary_back'====== Args={'value': 0, 'prev_value': None, 'change': True}
2024-05-05 09:35:13,162 : INFO : EventManager : Event: ======'machine_var_audits_switches_s_stationary_o'====== Args={'value': 0, 'prev_value': None, 'change': True}
2024-05-05 09:35:13,162 : INFO : EventManager : Event: ======'machine_var_audits_switches_s_stationary_s'====== Args={'value': 0, 'prev_value': None, 'change': True}
2024-05-05 09:35:13,162 : INFO : EventManager : Event: ======'machine_var_audits_switches_s_stationary_u'====== Args={'value': 19, 'prev_value': None, 'change': True}
2024-05-05 09:35:13,162 : INFO : EventManager : Event: ======'machine_var_audits_switches_s_tilt_l'====== Args={'value': 0, 'prev_value': None, 'change': True}
2024-05-05 09:35:13,162 : INFO : EventManager : Event: ======'machine_var_audits_switches_s_tilt_r'====== Args={'value': 0, 'prev_value': None, 'change': True}
2024-05-05 09:35:13,162 : INFO : EventManager : Event: ======'machine_var_audits_switches_s_trough_1'====== Args={'value': 2, 'prev_value': None, 'change': True}
2024-05-05 09:35:13,162 : INFO : EventManager : Event: ======'machine_var_audits_switches_s_trough_2'====== Args={'value': 0, 'prev_value': None, 'change': True}
2024-05-05 09:35:13,162 : INFO : EventManager : Event: ======'machine_var_audits_switches_s_trough_3'====== Args={'value': 0, 'prev_value': None, 'change': True}
2024-05-05 09:35:13,162 : INFO : EventManager : Event: ======'machine_var_audits_switches_s_trough_4'====== Args={'value': 1, 'prev_value': None, 'change': True}
2024-05-05 09:35:13,162 : INFO : EventManager : Event: ======'machine_var_audits_switches_s_vuk'====== Args={'value': 6, 'prev_value': None, 'change': True}
2024-05-05 09:35:13,163 : INFO : EventManager : Event: ======'init_phase_5'====== Args={}
2024-05-05 09:35:13,163 : INFO : EventManager : Event: ======'init_done'====== Args={}
2024-05-05 09:35:13,163 : INFO : EventManager : Event: ======'machine_reset_phase_1'====== Args={}
2024-05-05 09:35:13,163 : INFO : EventManager : Event: ======'machine_reset_phase_2'====== Args={}
2024-05-05 09:35:13,164 : INFO : EventManager : Event: ======'machine_reset_phase_3'====== Args={}
2024-05-05 09:35:13,164 : INFO : EventManager : Event: ======'reset_complete'====== Args={}
2024-05-05 09:35:13,164 : INFO : EventManager : Event: ======'mode_attract_will_start'====== Args={}
2024-05-05 09:35:13,164 : INFO : EventManager : Event: ======'mode_attract_starting'====== Args={}
2024-05-05 09:35:13,164 : INFO : Mode.attract : Started. Priority: 10
2024-05-05 09:35:13,164 : INFO : EventManager : Event: ======'modes_active_modes_changed'====== Args={}
2024-05-05 09:35:13,164 : INFO : EventManager : Event: ======'mode_attract_started'====== Args={}
2024-05-05 09:35:13,164 : INFO : EventManager : Event: ======'collecting_balls_complete'====== Args={}
2024-05-05 09:35:13,164 : INFO : Machine : Starting the main run loop.
2024-05-05 09:35:13,872 : INFO : BcpServer : New client connected.
2024-05-05 09:35:15,755 : INFO : SwitchController : <<<<<<< 's_trough_1' active >>>>>>>
2024-05-05 09:35:15,888 : INFO : SwitchController : <<<<<<< 's_trough_1' inactive >>>>>>>
2024-05-05 09:35:16,215 : INFO : SwitchController : <<<<<<< 's_trough_1' active >>>>>>>
2024-05-05 09:35:16,718 : INFO : EventManager : Event: ======'balldevice_bd_trough_ball_count_changed'====== Args={'balls': 1}
2024-05-05 09:35:16,718 : INFO : ball_device.bd_trough : Received unexpected ball
2024-05-05 09:35:16,718 : INFO : EventManager : Event: ======'balldevice_captured_from_playfield'====== Args={'balls': 1}
2024-05-05 09:35:16,719 : INFO : EventManager : Event: ======'sw_playfield_active'====== Args={'balls': 1}
2024-05-05 09:35:16,719 : INFO : EventManager : Event: ======'playfield_active'====== Args={}
2024-05-05 09:35:16,720 : INFO : EventManager : Event: ======'unexpected_ball_on_playfield'====== Args={}
2024-05-05 09:35:16,720 : INFO : EventManager : Event: ======'playfield_ball_count_change'====== Args={'balls': -1, 'change': -1}
2024-05-05 09:35:16,720 : INFO : EventManager : Event: ======'balldevice_playfield_ball_enter'====== Args={'new_balls': 1, 'unclaimed_balls': 1, 'device': <playfield.playfield>}
2024-05-05 09:35:16,720 : INFO : EventManager : Event: ======'playfield_ball_count_change'====== Args={'balls': 0, 'change': 1}
2024-05-05 09:35:16,720 : INFO : BallController : Found a new ball which was captured from playfield. Known balls: 1
2024-05-05 09:35:16,720 : INFO : EventManager : Event: ======'found_new_ball'====== Args={}
2024-05-05 09:35:16,720 : INFO : EventManager : Event: ======'balldevice_bd_trough_ball_enter'====== Args={'new_balls': 1, 'unclaimed_balls': 1, 'new_available_balls': 1, 'device': <ball_device.bd_trough>}
2024-05-05 09:35:16,721 : INFO : EventManager : Event: ======'ball_drain'====== Args={'device': <ball_device.bd_trough>, 'balls': 1}
2024-05-05 09:35:16,721 : INFO : EventManager : Event: ======'balldevice_balls_available'====== Args={}
2024-05-05 09:35:16,721 : INFO : EventManager : Event: ======'balldevice_bd_trough_ball_entered'====== Args={'new_balls': 1, 'device': <ball_device.bd_trough>}
2024-05-05 09:35:17,721 : INFO : SwitchController : <<<<<<< 's_start' active >>>>>>>
2024-05-05 09:35:17,872 : INFO : SwitchController : <<<<<<< 's_start' inactive >>>>>>>
2024-05-05 09:35:17,872 : INFO : EventManager : Event: ======'request_to_start_game'====== Args={}
2024-05-05 09:35:17,872 : INFO : EventManager : Event: ======'game_start'====== Args={'buttons': [], 'hold_time': 0.15031162499999962}
2024-05-05 09:35:17,873 : INFO : EventManager : Event: ======'mode_game_will_start'====== Args={'buttons': [], 'hold_time': 0.15031162499999962}
2024-05-05 09:35:17,873 : INFO : EventManager : Event: ======'mode_game_starting'====== Args={'buttons': [], 'hold_time': 0.15031162499999962}
2024-05-05 09:35:17,874 : INFO : EventManager : Event: ======'mode_attract_will_stop'====== Args={}
2024-05-05 09:35:17,874 : INFO : EventManager : Event: ======'mode_attract_stopping'====== Args={}
2024-05-05 09:35:17,874 : INFO : Mode.attract : Stopped.
2024-05-05 09:35:17,874 : INFO : EventManager : Event: ======'modes_active_modes_changed'====== Args={}
2024-05-05 09:35:17,875 : INFO : EventManager : Event: ======'mode_attract_stopped'====== Args={}
2024-05-05 09:35:17,875 : INFO : EventManager : Event: ======'clear'====== Args={'key': 'attract'}
2024-05-05 09:35:17,876 : INFO : Mode.game : Started. Priority: 20
2024-05-05 09:35:17,876 : INFO : EventManager : Event: ======'modes_active_modes_changed'====== Args={}
2024-05-05 09:35:17,876 : INFO : EventManager : Event: ======'mode_game_started'====== Args={'buttons': [], 'hold_time': 0.15031162499999962}
2024-05-05 09:35:17,876 : INFO : EventManager : Event: ======'game_will_start'====== Args={}
2024-05-05 09:35:17,877 : INFO : EventManager : Event: ======'game_starting'====== Args={'game': <Mode.game>}
2024-05-05 09:35:17,877 : INFO : EventManager : Unordered handler for class <Auditor> on event game_ended with priority 1. Handlers: [RegisteredHandler(callback=<bound method Auditor.disable of <Auditor>>, priority=1, kwargs={}, key=UUID('bbc68481-a6b7-4eb7-bc24-c781a3afd658'), condition=None, blocking_facility=None), RegisteredHandler(callback=<bound method Auditor._save_audits of <Auditor>>, priority=1, kwargs={}, key=UUID('54cb7a60-f04e-4212-bce5-a6cbd20034f0'), condition=None, blocking_facility=None)]. The order of those handlers is not defined and they will be executed in random order. This might lead to race conditions and potential bugs.
2024-05-05 09:35:17,877 : INFO : EventManager : Event: ======'player_add_request'====== Args={}
2024-05-05 09:35:17,878 : INFO : EventManager : Event: ======'player_will_add'====== Args={'number': 1}
2024-05-05 09:35:17,878 : INFO : EventManager : Event: ======'player_adding'====== Args={'player': <Player 1>, 'number': 1}
2024-05-05 09:35:17,878 : INFO : EventManager : Event: ======'player_added'====== Args={'player': <Player 1>, 'num': 1}
2024-05-05 09:35:17,878 : INFO : Mode.game : Player added successfully. Total players: 1
2024-05-05 09:35:17,878 : INFO : EventManager : Event: ======'player_index'====== Args={'value': 0, 'prev_value': 0, 'change': 0, 'player_num': 1}
2024-05-05 09:35:17,879 : INFO : EventManager : Event: ======'player_number'====== Args={'value': 1, 'prev_value': 1, 'change': 0, 'player_num': 1}
2024-05-05 09:35:17,879 : INFO : EventManager : Event: ======'player_score'====== Args={'value': 0, 'prev_value': 0, 'change': 0, 'player_num': 1}
2024-05-05 09:35:17,879 : INFO : EventManager : Event: ======'game_started'====== Args={}
2024-05-05 09:35:17,880 : INFO : EventManager : Event: ======'player_turn_will_start'====== Args={'player': <Player 1>, 'number': 1}
2024-05-05 09:35:17,882 : INFO : EventManager : Event: ======'player_turn_starting'====== Args={'player': <Player 1>, 'number': 1}
2024-05-05 09:35:17,888 : INFO : EventManager : Event: ======'player_ball'====== Args={'value': 1, 'prev_value': 0, 'change': 1, 'player_num': 1}
2024-05-05 09:35:17,888 : INFO : EventManager : Event: ======'player_turn_started'====== Args={'player': <Player 1>, 'number': 1}
2024-05-05 09:35:17,889 : INFO : EventManager : Event: ======'ball_will_start'====== Args={'player': 1, 'ball': 1, 'balls_remaining': 2, 'is_extra_ball': False}
2024-05-05 09:35:17,889 : INFO : EventManager : Event: ======'ball_starting'====== Args={'player': 1, 'ball': 1, 'balls_remaining': 2, 'is_extra_ball': False}
2024-05-05 09:35:17,889 : INFO : EventManager : Event: ======'mode_base_will_start'====== Args={'queue': <QueuedEvent>, 'player': 1, 'ball': 1, 'balls_remaining': 2, 'is_extra_ball': False}
2024-05-05 09:35:17,889 : INFO : EventManager : Event: ======'player_shot_r_pop_enabled'====== Args={'value': True, 'prev_value': 0, 'change': 1, 'player_num': 1}
2024-05-05 09:35:17,890 : INFO : EventManager : Event: ======'player_shot_r_sling_l_enabled'====== Args={'value': True, 'prev_value': 0, 'change': 1, 'player_num': 1}
2024-05-05 09:35:17,890 : INFO : EventManager : Event: ======'player_shot_r_sling_r_enabled'====== Args={'value': True, 'prev_value': 0, 'change': 1, 'player_num': 1}
2024-05-05 09:35:17,890 : INFO : EventManager : Event: ======'mode_base_starting'====== Args={'queue': <QueuedEvent>, 'player': 1, 'ball': 1, 'balls_remaining': 2, 'is_extra_ball': False}
2024-05-05 09:35:17,891 : INFO : EventManager : Event: ======'waiting_for_launch_press'====== Args={}
2024-05-05 09:35:17,891 : INFO : Mode.base : Started. Priority: 100
2024-05-05 09:35:17,891 : INFO : EventManager : Event: ======'modes_active_modes_changed'====== Args={}
2024-05-05 09:35:17,891 : INFO : EventManager : Event: ======'mode_base_started'====== Args={'queue': <QueuedEvent>, 'player': 1, 'ball': 1, 'balls_remaining': 2, 'is_extra_ball': False}
2024-05-05 09:35:20,556 : INFO : SwitchController : <<<<<<< 's_launch' active >>>>>>>
2024-05-05 09:35:20,556 : INFO : EventManager : Event: ======'e_launch_press'====== Args={}
2024-05-05 09:35:20,556 : INFO : EventManager : Event: ======'machine_var_audits_switches_s_launch'====== Args={'value': 1, 'prev_value': 0, 'change': 1}
2024-05-05 09:35:20,558 : INFO : EventManager : Event: ======'balls_in_play'====== Args={'balls': 1}
2024-05-05 09:35:20,559 : INFO : EventManager : Event: ======'ball_started'====== Args={'player': 1, 'ball': 1, 'balls_remaining': 2, 'is_extra_ball': False}
2024-05-05 09:35:20,563 : INFO : EventManager : Event: ======'mode_lane_rotate_will_start'====== Args={'player': 1, 'ball': 1, 'balls_remaining': 2, 'is_extra_ball': False}
2024-05-05 09:35:20,564 : INFO : EventManager : Event: ======'player_shot_r_h_enabled'====== Args={'value': True, 'prev_value': 0, 'change': 1, 'player_num': 1}
2024-05-05 09:35:20,565 : INFO : EventManager : Event: ======'player_shot_r_o_enabled'====== Args={'value': True, 'prev_value': 0, 'change': 1, 'player_num': 1}
2024-05-05 09:35:20,565 : INFO : EventManager : Event: ======'player_shot_r_u_enabled'====== Args={'value': True, 'prev_value': 0, 'change': 1, 'player_num': 1}
2024-05-05 09:35:20,566 : INFO : EventManager : Event: ======'player_shot_r_s_enabled'====== Args={'value': True, 'prev_value': 0, 'change': 1, 'player_num': 1}
2024-05-05 09:35:20,566 : INFO : EventManager : Event: ======'player_shot_r_e_enabled'====== Args={'value': True, 'prev_value': 0, 'change': 1, 'player_num': 1}
2024-05-05 09:35:20,568 : INFO : EventManager : Event: ======'mode_lane_rotate_starting'====== Args={'player': 1, 'ball': 1, 'balls_remaining': 2, 'is_extra_ball': False}
2024-05-05 09:35:20,569 : INFO : EventManager : Event: ======'mode_mult_fleshy_qualify_will_start'====== Args={'player': 1, 'ball': 1, 'balls_remaining': 2, 'is_extra_ball': False}
2024-05-05 09:35:20,569 : INFO : EventManager : Event: ======'player_shot_r_o_fleshy_enabled'====== Args={'value': True, 'prev_value': 0, 'change': 1, 'player_num': 1}
2024-05-05 09:35:20,570 : INFO : EventManager : Event: ======'player_shot_r_s_fleshy_enabled'====== Args={'value': True, 'prev_value': 0, 'change': 1, 'player_num': 1}
2024-05-05 09:35:20,570 : INFO : EventManager : Event: ======'mode_mult_fleshy_qualify_starting'====== Args={'player': 1, 'ball': 1, 'balls_remaining': 2, 'is_extra_ball': False}
2024-05-05 09:35:20,571 : INFO : Mode.mult_fleshy_qualify : Started. Priority: 100
2024-05-05 09:35:20,571 : INFO : EventManager : Event: ======'modes_active_modes_changed'====== Args={}
2024-05-05 09:35:20,571 : INFO : EventManager : Event: ======'mode_mult_fleshy_qualify_started'====== Args={'player': 1, 'ball': 1, 'balls_remaining': 2, 'is_extra_ball': False}
2024-05-05 09:35:20,572 : INFO : Mode.lane_rotate : Started. Priority: 100
2024-05-05 09:35:20,572 : INFO : EventManager : Event: ======'modes_active_modes_changed'====== Args={}
2024-05-05 09:35:20,572 : INFO : EventManager : Event: ======'mode_lane_rotate_started'====== Args={'player': 1, 'ball': 1, 'balls_remaining': 2, 'is_extra_ball': False}
2024-05-05 09:35:20,572 : INFO : EventManager : Event: ======'single_player_ball_started'====== Args={}
2024-05-05 09:35:20,577 : INFO : EventManager : Event: ======'ball_start_target'====== Args={'target': 'playfield'}
2024-05-05 09:35:20,578 : INFO : ball_device.bd_trough : Setting up player-controlled eject. Balls: 1, Target: <playfield.playfield>, player_controlled_eject_event: None
2024-05-05 09:35:20,578 : INFO : ball_device.bd_trough : Adding 1 ball(s) to the eject_queue with target <playfield.playfield>.
2024-05-05 09:35:20,578 : INFO : EventManager : Event: ======'balldevice_balls_available'====== Args={}
2024-05-05 09:35:20,578 : INFO : ball_device.bd_trough : State: waiting_for_target_ready
2024-05-05 09:35:20,578 : INFO : EventManager : Event: ======'balldevice_bd_trough_ball_eject_attempt'====== Args={'balls': 1, 'target': <playfield.playfield>, 'source': <ball_device.bd_trough>, 'mechanical_eject': False, 'num_attempts': 0}
2024-05-05 09:35:20,579 : INFO : ball_device.bd_trough : State: ejecting
2024-05-05 09:35:20,579 : INFO : ball_device.bd_trough : Ejecting ball to <playfield.playfield>
2024-05-05 09:35:20,579 : INFO : EventManager : Event: ======'balldevice_bd_trough_ejecting_ball'====== Args={'balls': 1, 'target': <playfield.playfield>, 'source': <ball_device.bd_trough>, 'mechanical_eject': False, 'num_attempts': 0}
2024-05-05 09:35:20,579 : INFO : ball_device.bd_trough : Wait for ball to leave device
2024-05-05 09:35:20,579 : INFO : coil.c_trough : Pulsing Driver for 15ms (1.0 pulse_power)
2024-05-05 09:35:20,721 : INFO : SwitchController : <<<<<<< 's_launch' inactive >>>>>>>
2024-05-05 09:35:22,581 : INFO : EventManager : Event: ======'balldevice_bd_trough_ball_eject_failed'====== Args={'target': <playfield.playfield>, 'balls': 1, 'retry': True, 'num_attempts': 1}
2024-05-05 09:35:22,583 : INFO : ball_device.bd_trough : State: waiting_for_target_ready
2024-05-05 09:35:22,584 : INFO : EventManager : Event: ======'balldevice_bd_trough_ball_eject_attempt'====== Args={'balls': 1, 'target': <playfield.playfield>, 'source': <ball_device.bd_trough>, 'mechanical_eject': False, 'num_attempts': 1}
2024-05-05 09:35:22,584 : INFO : ball_device.bd_trough : State: ejecting
2024-05-05 09:35:22,584 : INFO : ball_device.bd_trough : Ejecting ball to <playfield.playfield>
2024-05-05 09:35:22,585 : INFO : EventManager : Event: ======'balldevice_bd_trough_ejecting_ball'====== Args={'balls': 1, 'target': <playfield.playfield>, 'source': <ball_device.bd_trough>, 'mechanical_eject': False, 'num_attempts': 1}
2024-05-05 09:35:22,585 : INFO : ball_device.bd_trough : Wait for ball to leave device
2024-05-05 09:35:22,586 : INFO : coil.c_trough : Pulsing Driver for 15ms (1.0 pulse_power)
2024-05-05 09:35:23,523 : INFO : SwitchController : <<<<<<< 's_stationary_u' active >>>>>>>
2024-05-05 09:35:23,523 : INFO : EventManager : Event: ======'playfield_active'====== Args={}
2024-05-05 09:35:23,524 : INFO : EventManager : Event: ======'s_stationary_u_active'====== Args={}
2024-05-05 09:35:23,524 : INFO : EventManager : Event: ======'sw_playfield_active'====== Args={}
2024-05-05 09:35:23,524 : INFO : EventManager : Event: ======'machine_var_audits_switches_s_stationary_u'====== Args={'value': 20, 'prev_value': 19, 'change': 1}
2024-05-05 09:35:23,525 : INFO : EventManager : Event: ======'player_shot_r_u'====== Args={'value': 1, 'prev_value': 0, 'change': 1, 'player_num': 1}
2024-05-05 09:35:23,526 : INFO : EventManager : Event: ======'machine_var_audits_shots_r_u'====== Args={'value': 1, 'prev_value': None, 'change': True}
2024-05-05 09:35:23,527 : INFO : EventManager : Event: ======'r_u_hit'====== Args={'profile': 'rotate_profile', 'state': None, 'advancing': True}
2024-05-05 09:35:23,531 : INFO : EventManager : Event: ======'r_u_rotate_profile_hit'====== Args={'profile': 'rotate_profile', 'state': None, 'advancing': True}
2024-05-05 09:35:23,531 : INFO : EventManager : Event: ======'r_u_rotate_profile_None_hit'====== Args={'profile': 'rotate_profile', 'state': None, 'advancing': True}
2024-05-05 09:35:23,531 : INFO : EventManager : Event: ======'r_u_None_hit'====== Args={'profile': 'rotate_profile', 'state': None, 'advancing': True}
2024-05-05 09:35:23,531 : INFO : EventManager : Event: ======'player_score'====== Args={'value': 100, 'prev_value': 0, 'change': 100, 'player_num': 1, 'source': 'lane_rotate'}
2024-05-05 09:35:23,532 : INFO : EventManager : Event: ======'rotate_group_hit'====== Args={}
2024-05-05 09:35:23,532 : INFO : EventManager : Event: ======'rotate_group_None_hit'====== Args={}
2024-05-05 09:35:23,533 : INFO : EventManager : Event: ======'playfield_active'====== Args={}
2024-05-05 09:35:23,653 : INFO : SwitchController : <<<<<<< 's_stationary_u' inactive >>>>>>>
2024-05-05 09:35:24,588 : INFO : EventManager : Event: ======'balldevice_bd_trough_ball_eject_failed'====== Args={'target': <playfield.playfield>, 'balls': 1, 'retry': True, 'num_attempts': 2}
2024-05-05 09:35:24,591 : INFO : ball_device.bd_trough : State: waiting_for_target_ready
2024-05-05 09:35:24,591 : INFO : EventManager : Event: ======'balldevice_bd_trough_ball_eject_attempt'====== Args={'balls': 1, 'target': <playfield.playfield>, 'source': <ball_device.bd_trough>, 'mechanical_eject': False, 'num_attempts': 2}
2024-05-05 09:35:24,592 : INFO : ball_device.bd_trough : State: ejecting
2024-05-05 09:35:24,592 : INFO : ball_device.bd_trough : Ejecting ball to <playfield.playfield>
2024-05-05 09:35:24,592 : INFO : EventManager : Event: ======'balldevice_bd_trough_ejecting_ball'====== Args={'balls': 1, 'target': <playfield.playfield>, 'source': <ball_device.bd_trough>, 'mechanical_eject': False, 'num_attempts': 2}
2024-05-05 09:35:24,593 : INFO : ball_device.bd_trough : Wait for ball to leave device
2024-05-05 09:35:24,593 : INFO : coil.c_trough : Pulsing Driver for 15ms (1.0 pulse_power)
2024-05-05 09:35:25,041 : INFO : SwitchController : <<<<<<< 's_stationary_u' active >>>>>>>
2024-05-05 09:35:25,041 : INFO : EventManager : Event: ======'playfield_active'====== Args={}
2024-05-05 09:35:25,042 : INFO : EventManager : Event: ======'s_stationary_u_active'====== Args={}
2024-05-05 09:35:25,042 : INFO : EventManager : Event: ======'sw_playfield_active'====== Args={}
2024-05-05 09:35:25,042 : INFO : EventManager : Event: ======'machine_var_audits_switches_s_stationary_u'====== Args={'value': 21, 'prev_value': 20, 'change': 1}
2024-05-05 09:35:25,043 : INFO : EventManager : Event: ======'machine_var_audits_shots_r_u'====== Args={'value': 2, 'prev_value': 1, 'change': 1}
2024-05-05 09:35:25,044 : INFO : EventManager : Event: ======'r_u_hit'====== Args={'profile': 'rotate_profile', 'state': 'hit', 'advancing': False}
2024-05-05 09:35:25,044 : INFO : EventManager : Event: ======'r_u_rotate_profile_hit'====== Args={'profile': 'rotate_profile', 'state': 'hit', 'advancing': False}
2024-05-05 09:35:25,044 : INFO : EventManager : Event: ======'r_u_rotate_profile_hit_hit'====== Args={'profile': 'rotate_profile', 'state': 'hit', 'advancing': False}
2024-05-05 09:35:25,045 : INFO : EventManager : Event: ======'r_u_hit_hit'====== Args={'profile': 'rotate_profile', 'state': 'hit', 'advancing': False}
2024-05-05 09:35:25,045 : INFO : EventManager : Event: ======'player_score'====== Args={'value': 200, 'prev_value': 100, 'change': 100, 'player_num': 1, 'source': 'lane_rotate'}
2024-05-05 09:35:25,045 : INFO : EventManager : Event: ======'rotate_group_hit'====== Args={}
2024-05-05 09:35:25,045 : INFO : EventManager : Event: ======'rotate_group_hit_hit'====== Args={}
2024-05-05 09:35:25,046 : INFO : EventManager : Event: ======'playfield_active'====== Args={}
2024-05-05 09:35:25,223 : INFO : SwitchController : <<<<<<< 's_stationary_u' inactive >>>>>>>
2024-05-05 09:35:26,356 : INFO : SwitchController : <<<<<<< 's_stationary_u' active >>>>>>>
2024-05-05 09:35:26,357 : INFO : EventManager : Event: ======'playfield_active'====== Args={}
2024-05-05 09:35:26,357 : INFO : EventManager : Event: ======'s_stationary_u_active'====== Args={}
2024-05-05 09:35:26,358 : INFO : EventManager : Event: ======'sw_playfield_active'====== Args={}
2024-05-05 09:35:26,358 : INFO : EventManager : Event: ======'machine_var_audits_switches_s_stationary_u'====== Args={'value': 22, 'prev_value': 21, 'change': 1}
2024-05-05 09:35:26,359 : INFO : EventManager : Event: ======'machine_var_audits_shots_r_u'====== Args={'value': 3, 'prev_value': 2, 'change': 1}
2024-05-05 09:35:26,360 : INFO : EventManager : Event: ======'r_u_hit'====== Args={'profile': 'rotate_profile', 'state': 'hit', 'advancing': False}
2024-05-05 09:35:26,360 : INFO : EventManager : Event: ======'r_u_rotate_profile_hit'====== Args={'profile': 'rotate_profile', 'state': 'hit', 'advancing': False}
2024-05-05 09:35:26,360 : INFO : EventManager : Event: ======'r_u_rotate_profile_hit_hit'====== Args={'profile': 'rotate_profile', 'state': 'hit', 'advancing': False}
2024-05-05 09:35:26,360 : INFO : EventManager : Event: ======'r_u_hit_hit'====== Args={'profile': 'rotate_profile', 'state': 'hit', 'advancing': False}
2024-05-05 09:35:26,360 : INFO : EventManager : Event: ======'player_score'====== Args={'value': 300, 'prev_value': 200, 'change': 100, 'player_num': 1, 'source': 'lane_rotate'}
2024-05-05 09:35:26,361 : INFO : EventManager : Event: ======'rotate_group_hit'====== Args={}
2024-05-05 09:35:26,361 : INFO : EventManager : Event: ======'rotate_group_hit_hit'====== Args={}
2024-05-05 09:35:26,362 : INFO : EventManager : Event: ======'playfield_active'====== Args={}
2024-05-05 09:35:26,594 : INFO : EventManager : Event: ======'balldevice_bd_trough_ball_eject_failed'====== Args={'target': <playfield.playfield>, 'balls': 1, 'retry': True, 'num_attempts': 3}
2024-05-05 09:35:26,596 : INFO : ball_device.bd_trough : State: waiting_for_target_ready
2024-05-05 09:35:26,596 : INFO : EventManager : Event: ======'balldevice_bd_trough_ball_eject_attempt'====== Args={'balls': 1, 'target': <playfield.playfield>, 'source': <ball_device.bd_trough>, 'mechanical_eject': False, 'num_attempts': 3}
2024-05-05 09:35:26,596 : INFO : ball_device.bd_trough : State: ejecting
2024-05-05 09:35:26,596 : INFO : ball_device.bd_trough : Ejecting ball to <playfield.playfield>
2024-05-05 09:35:26,596 : INFO : EventManager : Event: ======'balldevice_bd_trough_ejecting_ball'====== Args={'balls': 1, 'target': <playfield.playfield>, 'source': <ball_device.bd_trough>, 'mechanical_eject': False, 'num_attempts': 3}
2024-05-05 09:35:26,598 : INFO : ball_device.bd_trough : Wait for ball to leave device
2024-05-05 09:35:26,598 : INFO : coil.c_trough : Pulsing Driver for 15ms (1.0 pulse_power)
2024-05-05 09:35:28,599 : INFO : EventManager : Event: ======'balldevice_bd_trough_ball_eject_failed'====== Args={'target': <playfield.playfield>, 'balls': 1, 'retry': True, 'num_attempts': 4}
2024-05-05 09:35:28,600 : INFO : ball_device.bd_trough : State: waiting_for_target_ready
2024-05-05 09:35:28,601 : INFO : EventManager : Event: ======'balldevice_bd_trough_ball_eject_attempt'====== Args={'balls': 1, 'target': <playfield.playfield>, 'source': <ball_device.bd_trough>, 'mechanical_eject': False, 'num_attempts': 4}
2024-05-05 09:35:28,602 : INFO : ball_device.bd_trough : State: ejecting
2024-05-05 09:35:28,602 : INFO : ball_device.bd_trough : Ejecting ball to <playfield.playfield>
2024-05-05 09:35:28,602 : INFO : EventManager : Event: ======'balldevice_bd_trough_ejecting_ball'====== Args={'balls': 1, 'target': <playfield.playfield>, 'source': <ball_device.bd_trough>, 'mechanical_eject': False, 'num_attempts': 4}
2024-05-05 09:35:28,603 : INFO : ball_device.bd_trough : Wait for ball to leave device
2024-05-05 09:35:28,604 : INFO : coil.c_trough : Pulsing Driver for 15ms (1.0 pulse_power)
2024-05-05 09:35:30,604 : INFO : EventManager : Event: ======'balldevice_bd_trough_ball_eject_failed'====== Args={'target': <playfield.playfield>, 'balls': 1, 'retry': True, 'num_attempts': 5}
2024-05-05 09:35:30,607 : INFO : ball_device.bd_trough : State: waiting_for_target_ready
2024-05-05 09:35:30,608 : INFO : EventManager : Event: ======'balldevice_bd_trough_ball_eject_attempt'====== Args={'balls': 1, 'target': <playfield.playfield>, 'source': <ball_device.bd_trough>, 'mechanical_eject': False, 'num_attempts': 5}
2024-05-05 09:35:30,609 : INFO : ball_device.bd_trough : State: ejecting
2024-05-05 09:35:30,609 : INFO : ball_device.bd_trough : Ejecting ball to <playfield.playfield>
2024-05-05 09:35:30,609 : INFO : EventManager : Event: ======'balldevice_bd_trough_ejecting_ball'====== Args={'balls': 1, 'target': <playfield.playfield>, 'source': <ball_device.bd_trough>, 'mechanical_eject': False, 'num_attempts': 5}
2024-05-05 09:35:30,610 : INFO : ball_device.bd_trough : Wait for ball to leave device
2024-05-05 09:35:30,610 : INFO : coil.c_trough : Pulsing Driver for 15ms (1.0 pulse_power)
2024-05-05 09:35:32,611 : INFO : EventManager : Event: ======'balldevice_bd_trough_ball_eject_failed'====== Args={'target': <playfield.playfield>, 'balls': 1, 'retry': True, 'num_attempts': 6}
2024-05-05 09:35:32,614 : INFO : ball_device.bd_trough : State: waiting_for_target_ready
2024-05-05 09:35:32,614 : INFO : EventManager : Event: ======'balldevice_bd_trough_ball_eject_attempt'====== Args={'balls': 1, 'target': <playfield.playfield>, 'source': <ball_device.bd_trough>, 'mechanical_eject': False, 'num_attempts': 6}
2024-05-05 09:35:32,615 : INFO : ball_device.bd_trough : State: ejecting
2024-05-05 09:35:32,615 : INFO : ball_device.bd_trough : Ejecting ball to <playfield.playfield>
2024-05-05 09:35:32,615 : INFO : EventManager : Event: ======'balldevice_bd_trough_ejecting_ball'====== Args={'balls': 1, 'target': <playfield.playfield>, 'source': <ball_device.bd_trough>, 'mechanical_eject': False, 'num_attempts': 6}
2024-05-05 09:35:32,616 : INFO : ball_device.bd_trough : Wait for ball to leave device
2024-05-05 09:35:32,616 : INFO : coil.c_trough : Pulsing Driver for 15ms (1.0 pulse_power)
2024-05-05 09:35:34,618 : INFO : EventManager : Event: ======'balldevice_bd_trough_ball_eject_failed'====== Args={'target': <playfield.playfield>, 'balls': 1, 'retry': True, 'num_attempts': 7}
2024-05-05 09:35:34,621 : INFO : ball_device.bd_trough : State: waiting_for_target_ready
2024-05-05 09:35:34,622 : INFO : EventManager : Event: ======'balldevice_bd_trough_ball_eject_attempt'====== Args={'balls': 1, 'target': <playfield.playfield>, 'source': <ball_device.bd_trough>, 'mechanical_eject': False, 'num_attempts': 7}
2024-05-05 09:35:34,623 : INFO : ball_device.bd_trough : State: ejecting
2024-05-05 09:35:34,623 : INFO : ball_device.bd_trough : Ejecting ball to <playfield.playfield>
2024-05-05 09:35:34,624 : INFO : EventManager : Event: ======'balldevice_bd_trough_ejecting_ball'====== Args={'balls': 1, 'target': <playfield.playfield>, 'source': <ball_device.bd_trough>, 'mechanical_eject': False, 'num_attempts': 7}
2024-05-05 09:35:34,625 : INFO : ball_device.bd_trough : Wait for ball to leave device
2024-05-05 09:35:34,625 : INFO : coil.c_trough : Pulsing Driver for 15ms (1.0 pulse_power)
2024-05-05 09:35:36,627 : INFO : EventManager : Event: ======'balldevice_bd_trough_ball_eject_failed'====== Args={'target': <playfield.playfield>, 'balls': 1, 'retry': True, 'num_attempts': 8}
2024-05-05 09:35:36,628 : INFO : ball_device.bd_trough : State: waiting_for_target_ready
2024-05-05 09:35:36,628 : INFO : EventManager : Event: ======'balldevice_bd_trough_ball_eject_attempt'====== Args={'balls': 1, 'target': <playfield.playfield>, 'source': <ball_device.bd_trough>, 'mechanical_eject': False, 'num_attempts': 8}
2024-05-05 09:35:36,629 : INFO : ball_device.bd_trough : State: ejecting
2024-05-05 09:35:36,629 : INFO : ball_device.bd_trough : Ejecting ball to <playfield.playfield>
2024-05-05 09:35:36,629 : INFO : EventManager : Event: ======'balldevice_bd_trough_ejecting_ball'====== Args={'balls': 1, 'target': <playfield.playfield>, 'source': <ball_device.bd_trough>, 'mechanical_eject': False, 'num_attempts': 8}
2024-05-05 09:35:36,630 : INFO : ball_device.bd_trough : Wait for ball to leave device
2024-05-05 09:35:36,630 : INFO : coil.c_trough : Pulsing Driver for 15ms (1.0 pulse_power)
2024-05-05 09:35:38,539 : INFO : SwitchController : <<<<<<< 's_stationary_o' active >>>>>>>
2024-05-05 09:35:38,539 : INFO : EventManager : Event: ======'playfield_active'====== Args={}
2024-05-05 09:35:38,539 : INFO : EventManager : Event: ======'playfield_active'====== Args={}
2024-05-05 09:35:38,540 : INFO : EventManager : Event: ======'s_stationary_o_active'====== Args={}
2024-05-05 09:35:38,540 : INFO : EventManager : Event: ======'sw_playfield_active'====== Args={}
2024-05-05 09:35:38,541 : INFO : EventManager : Event: ======'machine_var_audits_switches_s_stationary_o'====== Args={'value': 1, 'prev_value': 0, 'change': 1}
2024-05-05 09:35:38,542 : INFO : EventManager : Event: ======'player_shot_r_o'====== Args={'value': 1, 'prev_value': 0, 'change': 1, 'player_num': 1}
2024-05-05 09:35:38,547 : INFO : EventManager : Event: ======'machine_var_audits_shots_r_o'====== Args={'value': 1, 'prev_value': None, 'change': True}
2024-05-05 09:35:38,548 : INFO : EventManager : Event: ======'r_o_hit'====== Args={'profile': 'rotate_profile', 'state': None, 'advancing': True}
2024-05-05 09:35:38,548 : INFO : EventManager : Event: ======'r_o_rotate_profile_hit'====== Args={'profile': 'rotate_profile', 'state': None, 'advancing': True}
2024-05-05 09:35:38,548 : INFO : EventManager : Event: ======'r_o_rotate_profile_None_hit'====== Args={'profile': 'rotate_profile', 'state': None, 'advancing': True}
2024-05-05 09:35:38,549 : INFO : EventManager : Event: ======'r_o_None_hit'====== Args={'profile': 'rotate_profile', 'state': None, 'advancing': True}
2024-05-05 09:35:38,549 : INFO : EventManager : Event: ======'player_shot_r_o_fleshy'====== Args={'value': 1, 'prev_value': 0, 'change': 1, 'player_num': 1}
2024-05-05 09:35:38,549 : INFO : EventManager : Event: ======'machine_var_audits_shots_r_o_fleshy'====== Args={'value': 1, 'prev_value': None, 'change': True}
2024-05-05 09:35:38,550 : INFO : EventManager : Event: ======'r_o_fleshy_hit'====== Args={'profile': 'fleshy_profile', 'state': 'unlit', 'advancing': True}
2024-05-05 09:35:38,550 : INFO : EventManager : Event: ======'r_o_fleshy_fleshy_profile_hit'====== Args={'profile': 'fleshy_profile', 'state': 'unlit', 'advancing': True}
2024-05-05 09:35:38,550 : INFO : EventManager : Event: ======'r_o_fleshy_fleshy_profile_unlit_hit'====== Args={'profile': 'fleshy_profile', 'state': 'unlit', 'advancing': True}
2024-05-05 09:35:38,550 : INFO : EventManager : Event: ======'r_o_fleshy_unlit_hit'====== Args={'profile': 'fleshy_profile', 'state': 'unlit', 'advancing': True}
2024-05-05 09:35:38,550 : INFO : EventManager : Event: ======'player_score'====== Args={'value': 400, 'prev_value': 300, 'change': 100, 'player_num': 1, 'source': 'lane_rotate'}
2024-05-05 09:35:38,551 : INFO : EventManager : Event: ======'rotate_group_hit'====== Args={}
2024-05-05 09:35:38,551 : INFO : EventManager : Event: ======'rotate_group_None_hit'====== Args={}
2024-05-05 09:35:38,553 : INFO : EventManager : Event: ======'playfield_active'====== Args={}
2024-05-05 09:35:38,631 : INFO : EventManager : Event: ======'balldevice_bd_trough_ball_eject_failed'====== Args={'target': <playfield.playfield>, 'balls': 1, 'retry': True, 'num_attempts': 9}
2024-05-05 09:35:38,632 : INFO : ball_device.bd_trough : State: waiting_for_target_ready
2024-05-05 09:35:38,632 : INFO : EventManager : Event: ======'balldevice_bd_trough_ball_eject_attempt'====== Args={'balls': 1, 'target': <playfield.playfield>, 'source': <ball_device.bd_trough>, 'mechanical_eject': False, 'num_attempts': 9}
2024-05-05 09:35:38,632 : INFO : ball_device.bd_trough : State: ejecting
2024-05-05 09:35:38,632 : INFO : ball_device.bd_trough : Ejecting ball to <playfield.playfield>
2024-05-05 09:35:38,632 : INFO : EventManager : Event: ======'balldevice_bd_trough_ejecting_ball'====== Args={'balls': 1, 'target': <playfield.playfield>, 'source': <ball_device.bd_trough>, 'mechanical_eject': False, 'num_attempts': 9}
2024-05-05 09:35:38,632 : INFO : ball_device.bd_trough : Wait for ball to leave device
2024-05-05 09:35:38,633 : INFO : coil.c_trough : Pulsing Driver for 15ms (1.0 pulse_power)
2024-05-05 09:35:40,634 : INFO : EventManager : Event: ======'balldevice_bd_trough_ball_eject_failed'====== Args={'target': <playfield.playfield>, 'balls': 1, 'retry': True, 'num_attempts': 10}
2024-05-05 09:35:40,637 : INFO : ball_device.bd_trough : State: waiting_for_target_ready
2024-05-05 09:35:40,638 : INFO : EventManager : Event: ======'balldevice_bd_trough_ball_eject_attempt'====== Args={'balls': 1, 'target': <playfield.playfield>, 'source': <ball_device.bd_trough>, 'mechanical_eject': False, 'num_attempts': 10}
2024-05-05 09:35:40,639 : INFO : ball_device.bd_trough : State: ejecting
2024-05-05 09:35:40,639 : INFO : ball_device.bd_trough : Ejecting ball to <playfield.playfield>
2024-05-05 09:35:40,640 : INFO : EventManager : Event: ======'balldevice_bd_trough_ejecting_ball'====== Args={'balls': 1, 'target': <playfield.playfield>, 'source': <ball_device.bd_trough>, 'mechanical_eject': False, 'num_attempts': 10}
2024-05-05 09:35:40,640 : INFO : ball_device.bd_trough : Wait for ball to leave device
2024-05-05 09:35:40,641 : INFO : coil.c_trough : Pulsing Driver for 15ms (1.0 pulse_power)
2024-05-05 09:35:40,914 : INFO : SwitchController : <<<<<<< 's_stationary_o' inactive >>>>>>>
2024-05-05 09:35:42,642 : INFO : EventManager : Event: ======'balldevice_bd_trough_ball_eject_failed'====== Args={'target': <playfield.playfield>, 'balls': 1, 'retry': True, 'num_attempts': 11}
2024-05-05 09:35:42,644 : INFO : ball_device.bd_trough : State: waiting_for_target_ready
2024-05-05 09:35:42,645 : INFO : EventManager : Event: ======'balldevice_bd_trough_ball_eject_attempt'====== Args={'balls': 1, 'target': <playfield.playfield>, 'source': <ball_device.bd_trough>, 'mechanical_eject': False, 'num_attempts': 11}
2024-05-05 09:35:42,645 : INFO : ball_device.bd_trough : State: ejecting
2024-05-05 09:35:42,646 : INFO : ball_device.bd_trough : Ejecting ball to <playfield.playfield>
2024-05-05 09:35:42,646 : INFO : EventManager : Event: ======'balldevice_bd_trough_ejecting_ball'====== Args={'balls': 1, 'target': <playfield.playfield>, 'source': <ball_device.bd_trough>, 'mechanical_eject': False, 'num_attempts': 11}
2024-05-05 09:35:42,647 : INFO : ball_device.bd_trough : Wait for ball to leave device
2024-05-05 09:35:42,647 : INFO : coil.c_trough : Pulsing Driver for 15ms (1.0 pulse_power)
2024-05-05 09:35:42,939 : INFO : SwitchController : <<<<<<< 's_stationary_o' active >>>>>>>
2024-05-05 09:35:42,939 : INFO : EventManager : Event: ======'playfield_active'====== Args={}
2024-05-05 09:35:42,939 : INFO : EventManager : Event: ======'playfield_active'====== Args={}
2024-05-05 09:35:42,940 : INFO : EventManager : Event: ======'s_stationary_o_active'====== Args={}
2024-05-05 09:35:42,940 : INFO : EventManager : Event: ======'sw_playfield_active'====== Args={}
2024-05-05 09:35:42,940 : INFO : EventManager : Event: ======'machine_var_audits_switches_s_stationary_o'====== Args={'value': 2, 'prev_value': 1, 'change': 1}
2024-05-05 09:35:42,941 : INFO : EventManager : Event: ======'machine_var_audits_shots_r_o'====== Args={'value': 2, 'prev_value': 1, 'change': 1}
2024-05-05 09:35:42,942 : INFO : EventManager : Event: ======'r_o_hit'====== Args={'profile': 'rotate_profile', 'state': 'hit', 'advancing': False}
2024-05-05 09:35:42,942 : INFO : EventManager : Event: ======'r_o_rotate_profile_hit'====== Args={'profile': 'rotate_profile', 'state': 'hit', 'advancing': False}
2024-05-05 09:35:42,945 : INFO : EventManager : Event: ======'r_o_rotate_profile_hit_hit'====== Args={'profile': 'rotate_profile', 'state': 'hit', 'advancing': False}
2024-05-05 09:35:42,945 : INFO : EventManager : Event: ======'r_o_hit_hit'====== Args={'profile': 'rotate_profile', 'state': 'hit', 'advancing': False}
2024-05-05 09:35:42,946 : INFO : EventManager : Event: ======'player_shot_r_o_fleshy'====== Args={'value': 2, 'prev_value': 1, 'change': 1, 'player_num': 1}
2024-05-05 09:35:42,947 : INFO : EventManager : Event: ======'machine_var_audits_shots_r_o_fleshy'====== Args={'value': 2, 'prev_value': 1, 'change': 1}
2024-05-05 09:35:42,947 : INFO : EventManager : Event: ======'r_o_fleshy_hit'====== Args={'profile': 'fleshy_profile', 'state': 'light1lit', 'advancing': True}
2024-05-05 09:35:42,947 : INFO : EventManager : Event: ======'r_o_fleshy_fleshy_profile_hit'====== Args={'profile': 'fleshy_profile', 'state': 'light1lit', 'advancing': True}
2024-05-05 09:35:42,947 : INFO : EventManager : Event: ======'r_o_fleshy_fleshy_profile_light1lit_hit'====== Args={'profile': 'fleshy_profile', 'state': 'light1lit', 'advancing': True}
2024-05-05 09:35:42,947 : INFO : EventManager : Event: ======'r_o_fleshy_light1lit_hit'====== Args={'profile': 'fleshy_profile', 'state': 'light1lit', 'advancing': True}
2024-05-05 09:35:42,948 : INFO : EventManager : Event: ======'player_score'====== Args={'value': 500, 'prev_value': 400, 'change': 100, 'player_num': 1, 'source': 'lane_rotate'}
2024-05-05 09:35:42,948 : INFO : EventManager : Event: ======'rotate_group_hit'====== Args={}
2024-05-05 09:35:42,948 : INFO : EventManager : Event: ======'rotate_group_hit_hit'====== Args={}
2024-05-05 09:35:42,950 : INFO : EventManager : Event: ======'playfield_active'====== Args={}
2024-05-05 09:35:43,023 : INFO : SwitchController : <<<<<<< 's_stationary_o' inactive >>>>>>>
2024-05-05 09:35:44,647 : INFO : EventManager : Event: ======'balldevice_bd_trough_ball_eject_failed'====== Args={'target': <playfield.playfield>, 'balls': 1, 'retry': True, 'num_attempts': 12}
2024-05-05 09:35:44,649 : INFO : ball_device.bd_trough : State: waiting_for_target_ready
2024-05-05 09:35:44,649 : INFO : EventManager : Event: ======'balldevice_bd_trough_ball_eject_attempt'====== Args={'balls': 1, 'target': <playfield.playfield>, 'source': <ball_device.bd_trough>, 'mechanical_eject': False, 'num_attempts': 12}
2024-05-05 09:35:44,650 : INFO : ball_device.bd_trough : State: ejecting
2024-05-05 09:35:44,650 : INFO : ball_device.bd_trough : Ejecting ball to <playfield.playfield>
2024-05-05 09:35:44,650 : INFO : EventManager : Event: ======'balldevice_bd_trough_ejecting_ball'====== Args={'balls': 1, 'target': <playfield.playfield>, 'source': <ball_device.bd_trough>, 'mechanical_eject': False, 'num_attempts': 12}
2024-05-05 09:35:44,651 : INFO : ball_device.bd_trough : Wait for ball to leave device
2024-05-05 09:35:44,651 : INFO : coil.c_trough : Pulsing Driver for 15ms (1.0 pulse_power)
2024-05-05 09:35:46,256 : INFO : SwitchController : <<<<<<< 's_stationary_o' active >>>>>>>
2024-05-05 09:35:46,256 : INFO : EventManager : Event: ======'playfield_active'====== Args={}
2024-05-05 09:35:46,256 : INFO : EventManager : Event: ======'playfield_active'====== Args={}
2024-05-05 09:35:46,256 : INFO : EventManager : Event: ======'s_stationary_o_active'====== Args={}
2024-05-05 09:35:46,256 : INFO : EventManager : Event: ======'sw_playfield_active'====== Args={}
2024-05-05 09:35:46,256 : INFO : EventManager : Event: ======'machine_var_audits_switches_s_stationary_o'====== Args={'value': 3, 'prev_value': 2, 'change': 1}
2024-05-05 09:35:46,257 : INFO : EventManager : Event: ======'machine_var_audits_shots_r_o'====== Args={'value': 3, 'prev_value': 2, 'change': 1}
2024-05-05 09:35:46,261 : INFO : EventManager : Event: ======'r_o_hit'====== Args={'profile': 'rotate_profile', 'state': 'hit', 'advancing': False}
2024-05-05 09:35:46,261 : INFO : EventManager : Event: ======'r_o_rotate_profile_hit'====== Args={'profile': 'rotate_profile', 'state': 'hit', 'advancing': False}
2024-05-05 09:35:46,262 : INFO : EventManager : Event: ======'r_o_rotate_profile_hit_hit'====== Args={'profile': 'rotate_profile', 'state': 'hit', 'advancing': False}
2024-05-05 09:35:46,262 : INFO : EventManager : Event: ======'r_o_hit_hit'====== Args={'profile': 'rotate_profile', 'state': 'hit', 'advancing': False}
2024-05-05 09:35:46,262 : INFO : EventManager : Event: ======'player_shot_r_o_fleshy'====== Args={'value': 3, 'prev_value': 2, 'change': 1, 'player_num': 1}
2024-05-05 09:35:46,263 : INFO : EventManager : Event: ======'machine_var_audits_shots_r_o_fleshy'====== Args={'value': 3, 'prev_value': 2, 'change': 1}
2024-05-05 09:35:46,263 : INFO : EventManager : Event: ======'r_o_fleshy_hit'====== Args={'profile': 'fleshy_profile', 'state': 'light2lit', 'advancing': True}
2024-05-05 09:35:46,263 : INFO : EventManager : Event: ======'r_o_fleshy_fleshy_profile_hit'====== Args={'profile': 'fleshy_profile', 'state': 'light2lit', 'advancing': True}
2024-05-05 09:35:46,264 : INFO : EventManager : Event: ======'r_o_fleshy_fleshy_profile_light2lit_hit'====== Args={'profile': 'fleshy_profile', 'state': 'light2lit', 'advancing': True}
2024-05-05 09:35:46,264 : INFO : EventManager : Event: ======'r_o_fleshy_light2lit_hit'====== Args={'profile': 'fleshy_profile', 'state': 'light2lit', 'advancing': True}
2024-05-05 09:35:46,264 : INFO : EventManager : Event: ======'player_score'====== Args={'value': 600, 'prev_value': 500, 'change': 100, 'player_num': 1, 'source': 'lane_rotate'}
2024-05-05 09:35:46,264 : INFO : EventManager : Event: ======'rotate_group_hit'====== Args={}
2024-05-05 09:35:46,264 : INFO : EventManager : Event: ======'rotate_group_hit_hit'====== Args={}
2024-05-05 09:35:46,266 : INFO : EventManager : Event: ======'playfield_active'====== Args={}
2024-05-05 09:35:46,355 : INFO : SwitchController : <<<<<<< 's_stationary_o' inactive >>>>>>>
2024-05-05 09:35:46,653 : INFO : EventManager : Event: ======'balldevice_bd_trough_ball_eject_failed'====== Args={'target': <playfield.playfield>, 'balls': 1, 'retry': True, 'num_attempts': 13}
2024-05-05 09:35:46,655 : INFO : ball_device.bd_trough : State: waiting_for_target_ready
2024-05-05 09:35:46,655 : INFO : EventManager : Event: ======'balldevice_bd_trough_ball_eject_attempt'====== Args={'balls': 1, 'target': <playfield.playfield>, 'source': <ball_device.bd_trough>, 'mechanical_eject': False, 'num_attempts': 13}
2024-05-05 09:35:46,656 : INFO : ball_device.bd_trough : State: ejecting
2024-05-05 09:35:46,656 : INFO : ball_device.bd_trough : Ejecting ball to <playfield.playfield>
2024-05-05 09:35:46,656 : INFO : EventManager : Event: ======'balldevice_bd_trough_ejecting_ball'====== Args={'balls': 1, 'target': <playfield.playfield>, 'source': <ball_device.bd_trough>, 'mechanical_eject': False, 'num_attempts': 13}
2024-05-05 09:35:46,657 : INFO : ball_device.bd_trough : Wait for ball to leave device
2024-05-05 09:35:46,657 : INFO : coil.c_trough : Pulsing Driver for 15ms (1.0 pulse_power)
2024-05-05 09:35:48,658 : INFO : EventManager : Event: ======'balldevice_bd_trough_ball_eject_failed'====== Args={'target': <playfield.playfield>, 'balls': 1, 'retry': True, 'num_attempts': 14}
2024-05-05 09:35:48,660 : INFO : ball_device.bd_trough : State: waiting_for_target_ready
2024-05-05 09:35:48,660 : INFO : EventManager : Event: ======'balldevice_bd_trough_ball_eject_attempt'====== Args={'balls': 1, 'target': <playfield.playfield>, 'source': <ball_device.bd_trough>, 'mechanical_eject': False, 'num_attempts': 14}
2024-05-05 09:35:48,661 : INFO : ball_device.bd_trough : State: ejecting
2024-05-05 09:35:48,661 : INFO : ball_device.bd_trough : Ejecting ball to <playfield.playfield>
2024-05-05 09:35:48,661 : INFO : EventManager : Event: ======'balldevice_bd_trough_ejecting_ball'====== Args={'balls': 1, 'target': <playfield.playfield>, 'source': <ball_device.bd_trough>, 'mechanical_eject': False, 'num_attempts': 14}
2024-05-05 09:35:48,662 : INFO : ball_device.bd_trough : Wait for ball to leave device
2024-05-05 09:35:48,662 : INFO : coil.c_trough : Pulsing Driver for 15ms (1.0 pulse_power)
2024-05-05 09:35:50,664 : INFO : EventManager : Event: ======'balldevice_bd_trough_ball_eject_failed'====== Args={'target': <playfield.playfield>, 'balls': 1, 'retry': True, 'num_attempts': 15}
2024-05-05 09:35:50,666 : INFO : ball_device.bd_trough : State: waiting_for_target_ready
2024-05-05 09:35:50,667 : INFO : EventManager : Event: ======'balldevice_bd_trough_ball_eject_attempt'====== Args={'balls': 1, 'target': <playfield.playfield>, 'source': <ball_device.bd_trough>, 'mechanical_eject': False, 'num_attempts': 15}
2024-05-05 09:35:50,667 : INFO : ball_device.bd_trough : State: ejecting
2024-05-05 09:35:50,667 : INFO : ball_device.bd_trough : Ejecting ball to <playfield.playfield>
2024-05-05 09:35:50,667 : INFO : EventManager : Event: ======'balldevice_bd_trough_ejecting_ball'====== Args={'balls': 1, 'target': <playfield.playfield>, 'source': <ball_device.bd_trough>, 'mechanical_eject': False, 'num_attempts': 15}
2024-05-05 09:35:50,668 : INFO : ball_device.bd_trough : Wait for ball to leave device
2024-05-05 09:35:50,668 : INFO : coil.c_trough : Pulsing Driver for 15ms (1.0 pulse_power)
2024-05-05 09:35:52,520 : INFO : SwitchController : <<<<<<< 's_stationary_o' active >>>>>>>
2024-05-05 09:35:52,520 : INFO : EventManager : Event: ======'playfield_active'====== Args={}
2024-05-05 09:35:52,520 : INFO : EventManager : Event: ======'playfield_active'====== Args={}
2024-05-05 09:35:52,520 : INFO : EventManager : Event: ======'s_stationary_o_active'====== Args={}
2024-05-05 09:35:52,521 : INFO : EventManager : Event: ======'sw_playfield_active'====== Args={}
2024-05-05 09:35:52,521 : INFO : EventManager : Event: ======'machine_var_audits_switches_s_stationary_o'====== Args={'value': 4, 'prev_value': 3, 'change': 1}
2024-05-05 09:35:52,522 : INFO : EventManager : Event: ======'machine_var_audits_shots_r_o'====== Args={'value': 4, 'prev_value': 3, 'change': 1}
2024-05-05 09:35:52,522 : INFO : EventManager : Event: ======'r_o_hit'====== Args={'profile': 'rotate_profile', 'state': 'hit', 'advancing': False}
2024-05-05 09:35:52,522 : INFO : EventManager : Event: ======'r_o_rotate_profile_hit'====== Args={'profile': 'rotate_profile', 'state': 'hit', 'advancing': False}
2024-05-05 09:35:52,522 : INFO : EventManager : Event: ======'r_o_rotate_profile_hit_hit'====== Args={'profile': 'rotate_profile', 'state': 'hit', 'advancing': False}
2024-05-05 09:35:52,525 : INFO : EventManager : Event: ======'r_o_hit_hit'====== Args={'profile': 'rotate_profile', 'state': 'hit', 'advancing': False}
2024-05-05 09:35:52,525 : INFO : EventManager : Event: ======'machine_var_audits_shots_r_o_fleshy'====== Args={'value': 4, 'prev_value': 3, 'change': 1}
2024-05-05 09:35:52,525 : INFO : EventManager : Event: ======'r_o_fleshy_hit'====== Args={'profile': 'fleshy_profile', 'state': 'light3lit', 'advancing': False}
2024-05-05 09:35:52,525 : INFO : EventManager : Event: ======'r_o_fleshy_fleshy_profile_hit'====== Args={'profile': 'fleshy_profile', 'state': 'light3lit', 'advancing': False}
2024-05-05 09:35:52,526 : INFO : EventManager : Event: ======'r_o_fleshy_fleshy_profile_light3lit_hit'====== Args={'profile': 'fleshy_profile', 'state': 'light3lit', 'advancing': False}
2024-05-05 09:35:52,526 : INFO : EventManager : Event: ======'r_o_fleshy_light3lit_hit'====== Args={'profile': 'fleshy_profile', 'state': 'light3lit', 'advancing': False}
2024-05-05 09:35:52,526 : INFO : EventManager : Event: ======'player_score'====== Args={'value': 700, 'prev_value': 600, 'change': 100, 'player_num': 1, 'source': 'lane_rotate'}
2024-05-05 09:35:52,526 : INFO : EventManager : Event: ======'rotate_group_hit'====== Args={}
2024-05-05 09:35:52,526 : INFO : EventManager : Event: ======'rotate_group_hit_hit'====== Args={}
2024-05-05 09:35:52,527 : INFO : EventManager : Event: ======'playfield_active'====== Args={}
2024-05-05 09:35:52,636 : INFO : SwitchController : <<<<<<< 's_stationary_o' inactive >>>>>>>
2024-05-05 09:35:52,669 : INFO : EventManager : Event: ======'balldevice_bd_trough_ball_eject_failed'====== Args={'target': <playfield.playfield>, 'balls': 1, 'retry': True, 'num_attempts': 16}
2024-05-05 09:35:52,670 : INFO : ball_device.bd_trough : State: waiting_for_target_ready
2024-05-05 09:35:52,670 : INFO : EventManager : Event: ======'balldevice_bd_trough_ball_eject_attempt'====== Args={'balls': 1, 'target': <playfield.playfield>, 'source': <ball_device.bd_trough>, 'mechanical_eject': False, 'num_attempts': 16}
2024-05-05 09:35:52,670 : INFO : ball_device.bd_trough : State: ejecting
2024-05-05 09:35:52,670 : INFO : ball_device.bd_trough : Ejecting ball to <playfield.playfield>
2024-05-05 09:35:52,670 : INFO : EventManager : Event: ======'balldevice_bd_trough_ejecting_ball'====== Args={'balls': 1, 'target': <playfield.playfield>, 'source': <ball_device.bd_trough>, 'mechanical_eject': False, 'num_attempts': 16}
2024-05-05 09:35:52,671 : INFO : ball_device.bd_trough : Wait for ball to leave device
2024-05-05 09:35:52,671 : INFO : coil.c_trough : Pulsing Driver for 15ms (1.0 pulse_power)
2024-05-05 09:35:53,322 : INFO : SwitchController : <<<<<<< 's_stationary_o' active >>>>>>>
2024-05-05 09:35:53,322 : INFO : EventManager : Event: ======'playfield_active'====== Args={}
2024-05-05 09:35:53,322 : INFO : EventManager : Event: ======'playfield_active'====== Args={}
2024-05-05 09:35:53,322 : INFO : EventManager : Event: ======'s_stationary_o_active'====== Args={}
2024-05-05 09:35:53,322 : INFO : EventManager : Event: ======'sw_playfield_active'====== Args={}
2024-05-05 09:35:53,323 : INFO : EventManager : Event: ======'machine_var_audits_switches_s_stationary_o'====== Args={'value': 5, 'prev_value': 4, 'change': 1}
2024-05-05 09:35:53,323 : INFO : EventManager : Event: ======'machine_var_audits_shots_r_o'====== Args={'value': 5, 'prev_value': 4, 'change': 1}
2024-05-05 09:35:53,324 : INFO : EventManager : Event: ======'r_o_hit'====== Args={'profile': 'rotate_profile', 'state': 'hit', 'advancing': False}
2024-05-05 09:35:53,324 : INFO : EventManager : Event: ======'r_o_rotate_profile_hit'====== Args={'profile': 'rotate_profile', 'state': 'hit', 'advancing': False}
2024-05-05 09:35:53,324 : INFO : EventManager : Event: ======'r_o_rotate_profile_hit_hit'====== Args={'profile': 'rotate_profile', 'state': 'hit', 'advancing': False}
2024-05-05 09:35:53,324 : INFO : EventManager : Event: ======'r_o_hit_hit'====== Args={'profile': 'rotate_profile', 'state': 'hit', 'advancing': False}
2024-05-05 09:35:53,324 : INFO : EventManager : Event: ======'machine_var_audits_shots_r_o_fleshy'====== Args={'value': 5, 'prev_value': 4, 'change': 1}
2024-05-05 09:35:53,324 : INFO : EventManager : Event: ======'r_o_fleshy_hit'====== Args={'profile': 'fleshy_profile', 'state': 'light3lit', 'advancing': False}
2024-05-05 09:35:53,325 : INFO : EventManager : Event: ======'r_o_fleshy_fleshy_profile_hit'====== Args={'profile': 'fleshy_profile', 'state': 'light3lit', 'advancing': False}
2024-05-05 09:35:53,325 : INFO : EventManager : Event: ======'r_o_fleshy_fleshy_profile_light3lit_hit'====== Args={'profile': 'fleshy_profile', 'state': 'light3lit', 'advancing': False}
2024-05-05 09:35:53,325 : INFO : EventManager : Event: ======'r_o_fleshy_light3lit_hit'====== Args={'profile': 'fleshy_profile', 'state': 'light3lit', 'advancing': False}
2024-05-05 09:35:53,325 : INFO : EventManager : Event: ======'player_score'====== Args={'value': 800, 'prev_value': 700, 'change': 100, 'player_num': 1, 'source': 'lane_rotate'}
2024-05-05 09:35:53,325 : INFO : EventManager : Event: ======'rotate_group_hit'====== Args={}
2024-05-05 09:35:53,326 : INFO : EventManager : Event: ======'rotate_group_hit_hit'====== Args={}
2024-05-05 09:35:53,327 : INFO : EventManager : Event: ======'playfield_active'====== Args={}
2024-05-05 09:35:53,489 : INFO : SwitchController : <<<<<<< 's_stationary_o' inactive >>>>>>>
2024-05-05 09:35:53,805 : INFO : SwitchController : <<<<<<< 's_stationary_o' active >>>>>>>
2024-05-05 09:35:53,805 : INFO : EventManager : Event: ======'playfield_active'====== Args={}
2024-05-05 09:35:53,806 : INFO : EventManager : Event: ======'playfield_active'====== Args={}
2024-05-05 09:35:53,806 : INFO : EventManager : Event: ======'s_stationary_o_active'====== Args={}
2024-05-05 09:35:53,806 : INFO : EventManager : Event: ======'sw_playfield_active'====== Args={}
2024-05-05 09:35:53,806 : INFO : EventManager : Event: ======'machine_var_audits_switches_s_stationary_o'====== Args={'value': 6, 'prev_value': 5, 'change': 1}
2024-05-05 09:35:53,807 : INFO : EventManager : Event: ======'machine_var_audits_shots_r_o'====== Args={'value': 6, 'prev_value': 5, 'change': 1}
2024-05-05 09:35:53,807 : INFO : EventManager : Event: ======'r_o_hit'====== Args={'profile': 'rotate_profile', 'state': 'hit', 'advancing': False}
2024-05-05 09:35:53,808 : INFO : EventManager : Event: ======'r_o_rotate_profile_hit'====== Args={'profile': 'rotate_profile', 'state': 'hit', 'advancing': False}
2024-05-05 09:35:53,808 : INFO : EventManager : Event: ======'r_o_rotate_profile_hit_hit'====== Args={'profile': 'rotate_profile', 'state': 'hit', 'advancing': False}
2024-05-05 09:35:53,808 : INFO : EventManager : Event: ======'r_o_hit_hit'====== Args={'profile': 'rotate_profile', 'state': 'hit', 'advancing': False}
2024-05-05 09:35:53,808 : INFO : EventManager : Event: ======'machine_var_audits_shots_r_o_fleshy'====== Args={'value': 6, 'prev_value': 5, 'change': 1}
2024-05-05 09:35:53,809 : INFO : EventManager : Event: ======'r_o_fleshy_hit'====== Args={'profile': 'fleshy_profile', 'state': 'light3lit', 'advancing': False}
2024-05-05 09:35:53,809 : INFO : EventManager : Event: ======'r_o_fleshy_fleshy_profile_hit'====== Args={'profile': 'fleshy_profile', 'state': 'light3lit', 'advancing': False}
2024-05-05 09:35:53,809 : INFO : EventManager : Event: ======'r_o_fleshy_fleshy_profile_light3lit_hit'====== Args={'profile': 'fleshy_profile', 'state': 'light3lit', 'advancing': False}
2024-05-05 09:35:53,809 : INFO : EventManager : Event: ======'r_o_fleshy_light3lit_hit'====== Args={'profile': 'fleshy_profile', 'state': 'light3lit', 'advancing': False}
2024-05-05 09:35:53,809 : INFO : EventManager : Event: ======'player_score'====== Args={'value': 900, 'prev_value': 800, 'change': 100, 'player_num': 1, 'source': 'lane_rotate'}
2024-05-05 09:35:53,809 : INFO : EventManager : Event: ======'rotate_group_hit'====== Args={}
2024-05-05 09:35:53,809 : INFO : EventManager : Event: ======'rotate_group_hit_hit'====== Args={}
2024-05-05 09:35:53,810 : INFO : EventManager : Event: ======'playfield_active'====== Args={}
2024-05-05 09:35:54,006 : INFO : SwitchController : <<<<<<< 's_stationary_o' inactive >>>>>>>
2024-05-05 09:35:54,188 : INFO : SwitchController : <<<<<<< 's_stationary_o' active >>>>>>>
2024-05-05 09:35:54,188 : INFO : EventManager : Event: ======'playfield_active'====== Args={}
2024-05-05 09:35:54,189 : INFO : EventManager : Event: ======'playfield_active'====== Args={}
2024-05-05 09:35:54,189 : INFO : EventManager : Event: ======'s_stationary_o_active'====== Args={}
2024-05-05 09:35:54,189 : INFO : EventManager : Event: ======'sw_playfield_active'====== Args={}
2024-05-05 09:35:54,189 : INFO : EventManager : Event: ======'machine_var_audits_switches_s_stationary_o'====== Args={'value': 7, 'prev_value': 6, 'change': 1}
2024-05-05 09:35:54,190 : INFO : EventManager : Event: ======'machine_var_audits_shots_r_o'====== Args={'value': 7, 'prev_value': 6, 'change': 1}
2024-05-05 09:35:54,190 : INFO : EventManager : Event: ======'r_o_hit'====== Args={'profile': 'rotate_profile', 'state': 'hit', 'advancing': False}
2024-05-05 09:35:54,191 : INFO : EventManager : Event: ======'r_o_rotate_profile_hit'====== Args={'profile': 'rotate_profile', 'state': 'hit', 'advancing': False}
2024-05-05 09:35:54,191 : INFO : EventManager : Event: ======'r_o_rotate_profile_hit_hit'====== Args={'profile': 'rotate_profile', 'state': 'hit', 'advancing': False}
2024-05-05 09:35:54,191 : INFO : EventManager : Event: ======'r_o_hit_hit'====== Args={'profile': 'rotate_profile', 'state': 'hit', 'advancing': False}
2024-05-05 09:35:54,191 : INFO : EventManager : Event: ======'machine_var_audits_shots_r_o_fleshy'====== Args={'value': 7, 'prev_value': 6, 'change': 1}
2024-05-05 09:35:54,192 : INFO : EventManager : Event: ======'r_o_fleshy_hit'====== Args={'profile': 'fleshy_profile', 'state': 'light3lit', 'advancing': False}
2024-05-05 09:35:54,192 : INFO : EventManager : Event: ======'r_o_fleshy_fleshy_profile_hit'====== Args={'profile': 'fleshy_profile', 'state': 'light3lit', 'advancing': False}
2024-05-05 09:35:54,193 : INFO : EventManager : Event: ======'r_o_fleshy_fleshy_profile_light3lit_hit'====== Args={'profile': 'fleshy_profile', 'state': 'light3lit', 'advancing': False}
2024-05-05 09:35:54,193 : INFO : EventManager : Event: ======'r_o_fleshy_light3lit_hit'====== Args={'profile': 'fleshy_profile', 'state': 'light3lit', 'advancing': False}
2024-05-05 09:35:54,193 : INFO : EventManager : Event: ======'player_score'====== Args={'value': 1000, 'prev_value': 900, 'change': 100, 'player_num': 1, 'source': 'lane_rotate'}
2024-05-05 09:35:54,193 : INFO : EventManager : Event: ======'rotate_group_hit'====== Args={}
2024-05-05 09:35:54,193 : INFO : EventManager : Event: ======'rotate_group_hit_hit'====== Args={}
2024-05-05 09:35:54,194 : INFO : EventManager : Event: ======'playfield_active'====== Args={}
2024-05-05 09:35:54,372 : INFO : SwitchController : <<<<<<< 's_stationary_o' inactive >>>>>>>
2024-05-05 09:35:54,672 : INFO : EventManager : Event: ======'balldevice_bd_trough_ball_eject_failed'====== Args={'target': <playfield.playfield>, 'balls': 1, 'retry': True, 'num_attempts': 17}
2024-05-05 09:35:54,673 : INFO : ball_device.bd_trough : State: waiting_for_target_ready
2024-05-05 09:35:54,673 : INFO : EventManager : Event: ======'balldevice_bd_trough_ball_eject_attempt'====== Args={'balls': 1, 'target': <playfield.playfield>, 'source': <ball_device.bd_trough>, 'mechanical_eject': False, 'num_attempts': 17}
2024-05-05 09:35:54,674 : INFO : ball_device.bd_trough : State: ejecting
2024-05-05 09:35:54,674 : INFO : ball_device.bd_trough : Ejecting ball to <playfield.playfield>
2024-05-05 09:35:54,674 : INFO : EventManager : Event: ======'balldevice_bd_trough_ejecting_ball'====== Args={'balls': 1, 'target': <playfield.playfield>, 'source': <ball_device.bd_trough>, 'mechanical_eject': False, 'num_attempts': 17}
2024-05-05 09:35:54,675 : INFO : ball_device.bd_trough : Wait for ball to leave device
2024-05-05 09:35:54,675 : INFO : coil.c_trough : Pulsing Driver for 15ms (1.0 pulse_power)
2024-05-05 09:35:54,854 : INFO : SwitchController : <<<<<<< 's_stationary_o' active >>>>>>>
2024-05-05 09:35:54,854 : INFO : EventManager : Event: ======'playfield_active'====== Args={}
2024-05-05 09:35:54,855 : INFO : EventManager : Event: ======'playfield_active'====== Args={}
2024-05-05 09:35:54,855 : INFO : EventManager : Event: ======'s_stationary_o_active'====== Args={}
2024-05-05 09:35:54,856 : INFO : EventManager : Event: ======'sw_playfield_active'====== Args={}
2024-05-05 09:35:54,856 : INFO : EventManager : Event: ======'machine_var_audits_switches_s_stationary_o'====== Args={'value': 8, 'prev_value': 7, 'change': 1}
2024-05-05 09:35:54,857 : INFO : EventManager : Event: ======'machine_var_audits_shots_r_o'====== Args={'value': 8, 'prev_value': 7, 'change': 1}
2024-05-05 09:35:54,857 : INFO : EventManager : Event: ======'r_o_hit'====== Args={'profile': 'rotate_profile', 'state': 'hit', 'advancing': False}
2024-05-05 09:35:54,857 : INFO : EventManager : Event: ======'r_o_rotate_profile_hit'====== Args={'profile': 'rotate_profile', 'state': 'hit', 'advancing': False}
2024-05-05 09:35:54,858 : INFO : EventManager : Event: ======'r_o_rotate_profile_hit_hit'====== Args={'profile': 'rotate_profile', 'state': 'hit', 'advancing': False}
2024-05-05 09:35:54,858 : INFO : EventManager : Event: ======'r_o_hit_hit'====== Args={'profile': 'rotate_profile', 'state': 'hit', 'advancing': False}
2024-05-05 09:35:54,858 : INFO : EventManager : Event: ======'machine_var_audits_shots_r_o_fleshy'====== Args={'value': 8, 'prev_value': 7, 'change': 1}
2024-05-05 09:35:54,859 : INFO : EventManager : Event: ======'r_o_fleshy_hit'====== Args={'profile': 'fleshy_profile', 'state': 'light3lit', 'advancing': False}
2024-05-05 09:35:54,859 : INFO : EventManager : Event: ======'r_o_fleshy_fleshy_profile_hit'====== Args={'profile': 'fleshy_profile', 'state': 'light3lit', 'advancing': False}
2024-05-05 09:35:54,859 : INFO : EventManager : Event: ======'r_o_fleshy_fleshy_profile_light3lit_hit'====== Args={'profile': 'fleshy_profile', 'state': 'light3lit', 'advancing': False}
2024-05-05 09:35:54,859 : INFO : EventManager : Event: ======'r_o_fleshy_light3lit_hit'====== Args={'profile': 'fleshy_profile', 'state': 'light3lit', 'advancing': False}
2024-05-05 09:35:54,859 : INFO : EventManager : Event: ======'player_score'====== Args={'value': 1100, 'prev_value': 1000, 'change': 100, 'player_num': 1, 'source': 'lane_rotate'}
2024-05-05 09:35:54,860 : INFO : EventManager : Event: ======'rotate_group_hit'====== Args={}
2024-05-05 09:35:54,860 : INFO : EventManager : Event: ======'rotate_group_hit_hit'====== Args={}
2024-05-05 09:35:54,861 : INFO : EventManager : Event: ======'playfield_active'====== Args={}
2024-05-05 09:35:54,988 : INFO : SwitchController : <<<<<<< 's_stationary_o' inactive >>>>>>>
2024-05-05 09:35:55,107 : INFO : SwitchController : <<<<<<< 's_stationary_o' active >>>>>>>
2024-05-05 09:35:55,107 : INFO : EventManager : Event: ======'playfield_active'====== Args={}
2024-05-05 09:35:55,107 : INFO : EventManager : Event: ======'playfield_active'====== Args={}
2024-05-05 09:35:55,107 : INFO : EventManager : Event: ======'s_stationary_o_active'====== Args={}
2024-05-05 09:35:55,108 : INFO : EventManager : Event: ======'sw_playfield_active'====== Args={}
2024-05-05 09:35:55,108 : INFO : EventManager : Event: ======'machine_var_audits_switches_s_stationary_o'====== Args={'value': 9, 'prev_value': 8, 'change': 1}
2024-05-05 09:35:55,109 : INFO : EventManager : Event: ======'machine_var_audits_shots_r_o'====== Args={'value': 9, 'prev_value': 8, 'change': 1}
2024-05-05 09:35:55,109 : INFO : EventManager : Event: ======'r_o_hit'====== Args={'profile': 'rotate_profile', 'state': 'hit', 'advancing': False}
2024-05-05 09:35:55,110 : INFO : EventManager : Event: ======'r_o_rotate_profile_hit'====== Args={'profile': 'rotate_profile', 'state': 'hit', 'advancing': False}
2024-05-05 09:35:55,110 : INFO : EventManager : Event: ======'r_o_rotate_profile_hit_hit'====== Args={'profile': 'rotate_profile', 'state': 'hit', 'advancing': False}
2024-05-05 09:35:55,110 : INFO : EventManager : Event: ======'r_o_hit_hit'====== Args={'profile': 'rotate_profile', 'state': 'hit', 'advancing': False}
2024-05-05 09:35:55,110 : INFO : EventManager : Event: ======'machine_var_audits_shots_r_o_fleshy'====== Args={'value': 9, 'prev_value': 8, 'change': 1}
2024-05-05 09:35:55,111 : INFO : EventManager : Event: ======'r_o_fleshy_hit'====== Args={'profile': 'fleshy_profile', 'state': 'light3lit', 'advancing': False}
2024-05-05 09:35:55,111 : INFO : EventManager : Event: ======'r_o_fleshy_fleshy_profile_hit'====== Args={'profile': 'fleshy_profile', 'state': 'light3lit', 'advancing': False}
2024-05-05 09:35:55,111 : INFO : EventManager : Event: ======'r_o_fleshy_fleshy_profile_light3lit_hit'====== Args={'profile': 'fleshy_profile', 'state': 'light3lit', 'advancing': False}
2024-05-05 09:35:55,111 : INFO : EventManager : Event: ======'r_o_fleshy_light3lit_hit'====== Args={'profile': 'fleshy_profile', 'state': 'light3lit', 'advancing': False}
2024-05-05 09:35:55,112 : INFO : EventManager : Event: ======'player_score'====== Args={'value': 1200, 'prev_value': 1100, 'change': 100, 'player_num': 1, 'source': 'lane_rotate'}
2024-05-05 09:35:55,112 : INFO : EventManager : Event: ======'rotate_group_hit'====== Args={}
2024-05-05 09:35:55,112 : INFO : EventManager : Event: ======'rotate_group_hit_hit'====== Args={}
2024-05-05 09:35:55,113 : INFO : EventManager : Event: ======'playfield_active'====== Args={}
2024-05-05 09:35:55,255 : INFO : SwitchController : <<<<<<< 's_stationary_o' inactive >>>>>>>
2024-05-05 09:35:56,676 : INFO : EventManager : Event: ======'balldevice_bd_trough_ball_eject_failed'====== Args={'target': <playfield.playfield>, 'balls': 1, 'retry': True, 'num_attempts': 18}
2024-05-05 09:35:56,677 : INFO : ball_device.bd_trough : State: waiting_for_target_ready
2024-05-05 09:35:56,678 : INFO : EventManager : Event: ======'balldevice_bd_trough_ball_eject_attempt'====== Args={'balls': 1, 'target': <playfield.playfield>, 'source': <ball_device.bd_trough>, 'mechanical_eject': False, 'num_attempts': 18}
2024-05-05 09:35:56,678 : INFO : ball_device.bd_trough : State: ejecting
2024-05-05 09:35:56,679 : INFO : ball_device.bd_trough : Ejecting ball to <playfield.playfield>
2024-05-05 09:35:56,679 : INFO : EventManager : Event: ======'balldevice_bd_trough_ejecting_ball'====== Args={'balls': 1, 'target': <playfield.playfield>, 'source': <ball_device.bd_trough>, 'mechanical_eject': False, 'num_attempts': 18}
2024-05-05 09:35:56,679 : INFO : ball_device.bd_trough : Wait for ball to leave device
2024-05-05 09:35:56,680 : INFO : coil.c_trough : Pulsing Driver for 15ms (1.0 pulse_power)
2024-05-05 09:35:58,680 : INFO : EventManager : Event: ======'balldevice_bd_trough_ball_eject_failed'====== Args={'target': <playfield.playfield>, 'balls': 1, 'retry': True, 'num_attempts': 19}
2024-05-05 09:35:58,682 : INFO : ball_device.bd_trough : State: waiting_for_target_ready
2024-05-05 09:35:58,683 : INFO : EventManager : Event: ======'balldevice_bd_trough_ball_eject_attempt'====== Args={'balls': 1, 'target': <playfield.playfield>, 'source': <ball_device.bd_trough>, 'mechanical_eject': False, 'num_attempts': 19}
2024-05-05 09:35:58,684 : INFO : ball_device.bd_trough : State: ejecting
2024-05-05 09:35:58,684 : INFO : ball_device.bd_trough : Ejecting ball to <playfield.playfield>
2024-05-05 09:35:58,684 : INFO : EventManager : Event: ======'balldevice_bd_trough_ejecting_ball'====== Args={'balls': 1, 'target': <playfield.playfield>, 'source': <ball_device.bd_trough>, 'mechanical_eject': False, 'num_attempts': 19}
2024-05-05 09:35:58,685 : INFO : ball_device.bd_trough : Wait for ball to leave device
2024-05-05 09:35:58,686 : INFO : coil.c_trough : Pulsing Driver for 15ms (1.0 pulse_power)
2024-05-05 09:36:00,687 : INFO : EventManager : Event: ======'balldevice_bd_trough_ball_eject_failed'====== Args={'target': <playfield.playfield>, 'balls': 1, 'retry': True, 'num_attempts': 20}
2024-05-05 09:36:00,688 : INFO : ball_device.bd_trough : State: waiting_for_target_ready
2024-05-05 09:36:00,688 : INFO : EventManager : Event: ======'balldevice_bd_trough_ball_eject_attempt'====== Args={'balls': 1, 'target': <playfield.playfield>, 'source': <ball_device.bd_trough>, 'mechanical_eject': False, 'num_attempts': 20}
2024-05-05 09:36:00,688 : INFO : ball_device.bd_trough : State: ejecting
2024-05-05 09:36:00,688 : INFO : ball_device.bd_trough : Ejecting ball to <playfield.playfield>
2024-05-05 09:36:00,688 : INFO : EventManager : Event: ======'balldevice_bd_trough_ejecting_ball'====== Args={'balls': 1, 'target': <playfield.playfield>, 'source': <ball_device.bd_trough>, 'mechanical_eject': False, 'num_attempts': 20}
2024-05-05 09:36:00,688 : INFO : ball_device.bd_trough : Wait for ball to leave device
2024-05-05 09:36:00,688 : INFO : coil.c_trough : Pulsing Driver for 15ms (1.0 pulse_power)
2024-05-05 09:36:02,689 : INFO : EventManager : Event: ======'balldevice_bd_trough_ball_eject_failed'====== Args={'target': <playfield.playfield>, 'balls': 1, 'retry': True, 'num_attempts': 21}
2024-05-05 09:36:02,691 : INFO : ball_device.bd_trough : State: waiting_for_target_ready
2024-05-05 09:36:02,691 : INFO : EventManager : Event: ======'balldevice_bd_trough_ball_eject_attempt'====== Args={'balls': 1, 'target': <playfield.playfield>, 'source': <ball_device.bd_trough>, 'mechanical_eject': False, 'num_attempts': 21}
2024-05-05 09:36:02,692 : INFO : ball_device.bd_trough : State: ejecting
2024-05-05 09:36:02,692 : INFO : ball_device.bd_trough : Ejecting ball to <playfield.playfield>
2024-05-05 09:36:02,692 : INFO : EventManager : Event: ======'balldevice_bd_trough_ejecting_ball'====== Args={'balls': 1, 'target': <playfield.playfield>, 'source': <ball_device.bd_trough>, 'mechanical_eject': False, 'num_attempts': 21}
2024-05-05 09:36:02,693 : INFO : ball_device.bd_trough : Wait for ball to leave device
2024-05-05 09:36:02,693 : INFO : coil.c_trough : Pulsing Driver for 15ms (1.0 pulse_power)
2024-05-05 09:36:04,694 : INFO : EventManager : Event: ======'balldevice_bd_trough_ball_eject_failed'====== Args={'target': <playfield.playfield>, 'balls': 1, 'retry': True, 'num_attempts': 22}
2024-05-05 09:36:04,696 : INFO : ball_device.bd_trough : State: waiting_for_target_ready
2024-05-05 09:36:04,697 : INFO : EventManager : Event: ======'balldevice_bd_trough_ball_eject_attempt'====== Args={'balls': 1, 'target': <playfield.playfield>, 'source': <ball_device.bd_trough>, 'mechanical_eject': False, 'num_attempts': 22}
2024-05-05 09:36:04,698 : INFO : ball_device.bd_trough : State: ejecting
2024-05-05 09:36:04,698 : INFO : ball_device.bd_trough : Ejecting ball to <playfield.playfield>
2024-05-05 09:36:04,698 : INFO : EventManager : Event: ======'balldevice_bd_trough_ejecting_ball'====== Args={'balls': 1, 'target': <playfield.playfield>, 'source': <ball_device.bd_trough>, 'mechanical_eject': False, 'num_attempts': 22}
2024-05-05 09:36:04,699 : INFO : ball_device.bd_trough : Wait for ball to leave device
2024-05-05 09:36:04,699 : INFO : coil.c_trough : Pulsing Driver for 15ms (1.0 pulse_power)
2024-05-05 09:36:06,700 : INFO : EventManager : Event: ======'balldevice_bd_trough_ball_eject_failed'====== Args={'target': <playfield.playfield>, 'balls': 1, 'retry': True, 'num_attempts': 23}
2024-05-05 09:36:06,702 : INFO : ball_device.bd_trough : State: waiting_for_target_ready
2024-05-05 09:36:06,703 : INFO : EventManager : Event: ======'balldevice_bd_trough_ball_eject_attempt'====== Args={'balls': 1, 'target': <playfield.playfield>, 'source': <ball_device.bd_trough>, 'mechanical_eject': False, 'num_attempts': 23}
2024-05-05 09:36:06,704 : INFO : ball_device.bd_trough : State: ejecting
2024-05-05 09:36:06,704 : INFO : ball_device.bd_trough : Ejecting ball to <playfield.playfield>
2024-05-05 09:36:06,704 : INFO : EventManager : Event: ======'balldevice_bd_trough_ejecting_ball'====== Args={'balls': 1, 'target': <playfield.playfield>, 'source': <ball_device.bd_trough>, 'mechanical_eject': False, 'num_attempts': 23}
2024-05-05 09:36:06,706 : INFO : ball_device.bd_trough : Wait for ball to leave device
2024-05-05 09:36:06,706 : INFO : coil.c_trough : Pulsing Driver for 15ms (1.0 pulse_power)
2024-05-05 09:36:08,706 : INFO : EventManager : Event: ======'balldevice_bd_trough_ball_eject_failed'====== Args={'target': <playfield.playfield>, 'balls': 1, 'retry': True, 'num_attempts': 24}
2024-05-05 09:36:08,708 : INFO : ball_device.bd_trough : State: waiting_for_target_ready
2024-05-05 09:36:08,708 : INFO : EventManager : Event: ======'balldevice_bd_trough_ball_eject_attempt'====== Args={'balls': 1, 'target': <playfield.playfield>, 'source': <ball_device.bd_trough>, 'mechanical_eject': False, 'num_attempts': 24}
2024-05-05 09:36:08,709 : INFO : ball_device.bd_trough : State: ejecting
2024-05-05 09:36:08,709 : INFO : ball_device.bd_trough : Ejecting ball to <playfield.playfield>
2024-05-05 09:36:08,710 : INFO : EventManager : Event: ======'balldevice_bd_trough_ejecting_ball'====== Args={'balls': 1, 'target': <playfield.playfield>, 'source': <ball_device.bd_trough>, 'mechanical_eject': False, 'num_attempts': 24}
2024-05-05 09:36:08,710 : INFO : ball_device.bd_trough : Wait for ball to leave device
2024-05-05 09:36:08,710 : INFO : coil.c_trough : Pulsing Driver for 15ms (1.0 pulse_power)
2024-05-05 09:36:10,712 : INFO : EventManager : Event: ======'balldevice_bd_trough_ball_eject_failed'====== Args={'target': <playfield.playfield>, 'balls': 1, 'retry': True, 'num_attempts': 25}
2024-05-05 09:36:10,715 : INFO : ball_device.bd_trough : State: waiting_for_target_ready
2024-05-05 09:36:10,715 : INFO : EventManager : Event: ======'balldevice_bd_trough_ball_eject_attempt'====== Args={'balls': 1, 'target': <playfield.playfield>, 'source': <ball_device.bd_trough>, 'mechanical_eject': False, 'num_attempts': 25}
2024-05-05 09:36:10,716 : INFO : ball_device.bd_trough : State: ejecting
2024-05-05 09:36:10,716 : INFO : ball_device.bd_trough : Ejecting ball to <playfield.playfield>
2024-05-05 09:36:10,716 : INFO : EventManager : Event: ======'balldevice_bd_trough_ejecting_ball'====== Args={'balls': 1, 'target': <playfield.playfield>, 'source': <ball_device.bd_trough>, 'mechanical_eject': False, 'num_attempts': 25}
2024-05-05 09:36:10,717 : INFO : ball_device.bd_trough : Wait for ball to leave device
2024-05-05 09:36:10,717 : INFO : coil.c_trough : Pulsing Driver for 15ms (1.0 pulse_power)
2024-05-05 09:36:12,719 : INFO : EventManager : Event: ======'balldevice_bd_trough_ball_eject_failed'====== Args={'target': <playfield.playfield>, 'balls': 1, 'retry': True, 'num_attempts': 26}
2024-05-05 09:36:12,722 : INFO : ball_device.bd_trough : State: waiting_for_target_ready
2024-05-05 09:36:12,722 : INFO : EventManager : Event: ======'balldevice_bd_trough_ball_eject_attempt'====== Args={'balls': 1, 'target': <playfield.playfield>, 'source': <ball_device.bd_trough>, 'mechanical_eject': False, 'num_attempts': 26}
2024-05-05 09:36:12,723 : INFO : ball_device.bd_trough : State: ejecting
2024-05-05 09:36:12,723 : INFO : ball_device.bd_trough : Ejecting ball to <playfield.playfield>
2024-05-05 09:36:12,723 : INFO : EventManager : Event: ======'balldevice_bd_trough_ejecting_ball'====== Args={'balls': 1, 'target': <playfield.playfield>, 'source': <ball_device.bd_trough>, 'mechanical_eject': False, 'num_attempts': 26}
2024-05-05 09:36:12,725 : INFO : ball_device.bd_trough : Wait for ball to leave device
2024-05-05 09:36:12,725 : INFO : coil.c_trough : Pulsing Driver for 15ms (1.0 pulse_power)
2024-05-05 09:36:14,727 : INFO : EventManager : Event: ======'balldevice_bd_trough_ball_eject_failed'====== Args={'target': <playfield.playfield>, 'balls': 1, 'retry': True, 'num_attempts': 27}
2024-05-05 09:36:14,730 : INFO : ball_device.bd_trough : State: waiting_for_target_ready
2024-05-05 09:36:14,730 : INFO : EventManager : Event: ======'balldevice_bd_trough_ball_eject_attempt'====== Args={'balls': 1, 'target': <playfield.playfield>, 'source': <ball_device.bd_trough>, 'mechanical_eject': False, 'num_attempts': 27}
2024-05-05 09:36:14,731 : INFO : ball_device.bd_trough : State: ejecting
2024-05-05 09:36:14,731 : INFO : ball_device.bd_trough : Ejecting ball to <playfield.playfield>
2024-05-05 09:36:14,731 : INFO : EventManager : Event: ======'balldevice_bd_trough_ejecting_ball'====== Args={'balls': 1, 'target': <playfield.playfield>, 'source': <ball_device.bd_trough>, 'mechanical_eject': False, 'num_attempts': 27}
2024-05-05 09:36:14,732 : INFO : ball_device.bd_trough : Wait for ball to leave device
2024-05-05 09:36:14,732 : INFO : coil.c_trough : Pulsing Driver for 15ms (1.0 pulse_power)
2024-05-05 09:36:15,966 : INFO : Machine : Shutting down...
2024-05-05 09:36:15,966 : INFO : EventManager : Event: ======'shutdown'====== Args={}
2024-05-05 09:36:15,970 : INFO : EventManager : Event: ======'mode_game_will_stop'====== Args={}
2024-05-05 09:36:15,970 : INFO : EventManager : Event: ======'mode_game_stopping'====== Args={}
2024-05-05 09:36:15,971 : INFO : EventManager : Event: ======'mode_lane_rotate_will_stop'====== Args={}
2024-05-05 09:36:15,971 : INFO : EventManager : Event: ======'mode_lane_rotate_stopping'====== Args={}
2024-05-05 09:36:15,971 : INFO : EventManager : Event: ======'mode_base_will_stop'====== Args={}
2024-05-05 09:36:15,971 : INFO : EventManager : Event: ======'mode_base_stopping'====== Args={}
2024-05-05 09:36:15,971 : INFO : EventManager : Event: ======'mode_mult_fleshy_qualify_will_stop'====== Args={}
2024-05-05 09:36:15,971 : INFO : EventManager : Event: ======'mode_mult_fleshy_qualify_stopping'====== Args={}
2024-05-05 09:36:15,972 : INFO : Mode.mult_fleshy_qualify : Stopped.
2024-05-05 09:36:15,972 : INFO : EventManager : Event: ======'modes_active_modes_changed'====== Args={}
2024-05-05 09:36:15,972 : INFO : EventManager : Event: ======'mode_mult_fleshy_qualify_stopped'====== Args={}
2024-05-05 09:36:15,974 : INFO : EventManager : Event: ======'clear'====== Args={'key': 'mult_fleshy_qualify'}
2024-05-05 09:36:15,976 : INFO : Mode.base : Stopped.
2024-05-05 09:36:15,976 : INFO : EventManager : Event: ======'modes_active_modes_changed'====== Args={}
2024-05-05 09:36:15,977 : INFO : EventManager : Event: ======'mode_base_stopped'====== Args={}
2024-05-05 09:36:15,977 : INFO : EventManager : Event: ======'clear'====== Args={'key': 'base'}
2024-05-05 09:36:15,978 : INFO : Mode.lane_rotate : Stopped.
2024-05-05 09:36:15,978 : INFO : EventManager : Event: ======'modes_active_modes_changed'====== Args={}
2024-05-05 09:36:15,978 : INFO : EventManager : Event: ======'mode_lane_rotate_stopped'====== Args={}
2024-05-05 09:36:15,978 : INFO : EventManager : Event: ======'clear'====== Args={'key': 'lane_rotate'}
2024-05-05 09:36:15,979 : INFO : Mode.game : Stopped.
2024-05-05 09:36:15,979 : INFO : EventManager : Event: ======'modes_active_modes_changed'====== Args={}
2024-05-05 09:36:15,979 : INFO : EventManager : Event: ======'mode_game_stopped'====== Args={}
2024-05-05 09:36:15,979 : INFO : EventManager : Event: ======'clear'====== Args={'key': 'game'}
2024-05-05 09:36:15,982 : INFO : root : MPF run loop ended.
