2024-06-07 21:21:07,729 : INFO : root : Loading config.
2024-06-07 21:21:07,731 : INFO : YamlMultifileConfigLoader : Machine config file #1: config.yaml
2024-06-07 21:21:07,731 : INFO : ConfigProcessor : Loading config from cache: /var/folders/l2/q8hj_6s91xnb2jxg1sqm0h7r0000gn/T/479bffd5d2f40b527f859677e5b1aef9.mpf_cache
2024-06-07 21:21:07,755 : INFO : ConfigProcessor : Loading config from cache: /var/folders/l2/q8hj_6s91xnb2jxg1sqm0h7r0000gn/T/0481b880979d7ccc71369ad5f781c736.mpf_cache
2024-06-07 21:21:07,755 : INFO : ConfigProcessor : Loading config from cache: /var/folders/l2/q8hj_6s91xnb2jxg1sqm0h7r0000gn/T/9cfa8e96748dd80c23752180dbf36e5c.mpf_cache
2024-06-07 21:21:07,756 : INFO : ConfigProcessor : Loading config from cache: /var/folders/l2/q8hj_6s91xnb2jxg1sqm0h7r0000gn/T/f97c90855879603280fcc571f5c42639.mpf_cache
2024-06-07 21:21:07,756 : INFO : ConfigProcessor : Loading config from cache: /var/folders/l2/q8hj_6s91xnb2jxg1sqm0h7r0000gn/T/0481b880979d7ccc71369ad5f781c736.mpf_cache
2024-06-07 21:21:07,756 : INFO : ConfigProcessor : Loading config from cache: /var/folders/l2/q8hj_6s91xnb2jxg1sqm0h7r0000gn/T/1875c266911f801b691956fe9e9284d6.mpf_cache
2024-06-07 21:21:07,756 : INFO : ConfigProcessor : Loading config from cache: /var/folders/l2/q8hj_6s91xnb2jxg1sqm0h7r0000gn/T/5336ce152edc820b26f3a51a9f95779b.mpf_cache
2024-06-07 21:21:07,757 : INFO : ConfigProcessor : Loading config from cache: /var/folders/l2/q8hj_6s91xnb2jxg1sqm0h7r0000gn/T/584196ece55f676a535bfbda3a88171a.mpf_cache
2024-06-07 21:21:07,757 : INFO : ConfigProcessor : Loading config from cache: /var/folders/l2/q8hj_6s91xnb2jxg1sqm0h7r0000gn/T/580ec13747cbd889de997403d41329e7.mpf_cache
2024-06-07 21:21:07,757 : INFO : ConfigProcessor : Loading config from cache: /var/folders/l2/q8hj_6s91xnb2jxg1sqm0h7r0000gn/T/4b1e343fa9806c398ec7ee103dcfa7e2.mpf_cache
2024-06-07 21:21:07,757 : INFO : ConfigProcessor : Loading config from cache: /var/folders/l2/q8hj_6s91xnb2jxg1sqm0h7r0000gn/T/66764f8b68b26fdba6c1f2bce3638479.mpf_cache
2024-06-07 21:21:07,757 : INFO : ConfigProcessor : Loading config from cache: /var/folders/l2/q8hj_6s91xnb2jxg1sqm0h7r0000gn/T/0c919395e2ce92a9f3b169ffcf017109.mpf_cache
2024-06-07 21:21:07,757 : WARNING : ConfigProcessor : Config file in cache changed: /Users/tannerpetch/Documents/GitHub/lofab/modes/hurryup_tilt/config/hurryup_tilt.yaml
2024-06-07 21:21:07,757 : INFO : ConfigProcessor : Loading config from file /Users/tannerpetch/Documents/GitHub/lofab/modes/hurryup_tilt/config/hurryup_tilt.yaml.
2024-06-07 21:21:07,759 : INFO : ConfigProcessor : Loading config: /Users/tannerpetch/Documents/GitHub/lofab/modes/hurryup_tilt/config/hurryup_tilt.yaml
2024-06-07 21:21:07,759 : INFO : ConfigProcessor : Config file cache created: /var/folders/l2/q8hj_6s91xnb2jxg1sqm0h7r0000gn/T/437d7d3e70b7081fed3bd3ee4c73d41b.mpf_cache
2024-06-07 21:21:07,759 : INFO : ConfigProcessor : Loading config from cache: /var/folders/l2/q8hj_6s91xnb2jxg1sqm0h7r0000gn/T/a3ab7d74d06f7d14292ebc77e3ada161.mpf_cache
2024-06-07 21:21:07,759 : INFO : ConfigProcessor : Loading config from cache: /var/folders/l2/q8hj_6s91xnb2jxg1sqm0h7r0000gn/T/2b5fdb8fd0e736387486af32f8df92fd.mpf_cache
2024-06-07 21:21:07,760 : INFO : ConfigProcessor : Loading config from cache: /var/folders/l2/q8hj_6s91xnb2jxg1sqm0h7r0000gn/T/3dbc438e88423aa3ff742db2713b600f.mpf_cache
2024-06-07 21:21:07,761 : INFO : ConfigProcessor : Loading config from cache: /var/folders/l2/q8hj_6s91xnb2jxg1sqm0h7r0000gn/T/154d071a3850556c6f3eae37bf41c8b6.mpf_cache
2024-06-07 21:21:07,761 : INFO : ConfigProcessor : Loading config from cache: /var/folders/l2/q8hj_6s91xnb2jxg1sqm0h7r0000gn/T/ab100dbe0e16472b56f0213f3842a00f.mpf_cache
2024-06-07 21:21:07,762 : INFO : ConfigProcessor : Loading config from cache: /var/folders/l2/q8hj_6s91xnb2jxg1sqm0h7r0000gn/T/f03ad90ccd2c053e9e5d10795d01f4ba.mpf_cache
2024-06-07 21:21:07,762 : INFO : ConfigProcessor : Loading config from cache: /var/folders/l2/q8hj_6s91xnb2jxg1sqm0h7r0000gn/T/0f3c951d4c93079ae3fac6429c5bc2ee.mpf_cache
2024-06-07 21:21:07,762 : INFO : ConfigProcessor : Loading config from cache: /var/folders/l2/q8hj_6s91xnb2jxg1sqm0h7r0000gn/T/8bf004783a280ac33d17b88f37848116.mpf_cache
2024-06-07 21:21:07,764 : INFO : ConfigProcessor : Loading config from cache: /var/folders/l2/q8hj_6s91xnb2jxg1sqm0h7r0000gn/T/d5d50eaa09e055f3a827c6269a3aa165.mpf_cache
2024-06-07 21:21:07,765 : INFO : ConfigProcessor : Loading config from cache: /var/folders/l2/q8hj_6s91xnb2jxg1sqm0h7r0000gn/T/db98bdefe8a072cec23a2527f4303b09.mpf_cache
2024-06-07 21:21:07,765 : INFO : ConfigProcessor : Loading config from cache: /var/folders/l2/q8hj_6s91xnb2jxg1sqm0h7r0000gn/T/eefb91dd78a2b4d0f2b86f7f7cb501a3.mpf_cache
2024-06-07 21:21:07,765 : INFO : ConfigProcessor : Loading config from cache: /var/folders/l2/q8hj_6s91xnb2jxg1sqm0h7r0000gn/T/d32f8b43f49e3e57afbd189fbbccae80.mpf_cache
2024-06-07 21:21:07,765 : INFO : ConfigProcessor : Loading config from cache: /var/folders/l2/q8hj_6s91xnb2jxg1sqm0h7r0000gn/T/08db62a1c5938674fa894d468364ed3e.mpf_cache
2024-06-07 21:21:07,766 : INFO : ConfigProcessor : Loading config from cache: /var/folders/l2/q8hj_6s91xnb2jxg1sqm0h7r0000gn/T/98754ca8fa1663afefe3af8297a0d59a.mpf_cache
2024-06-07 21:21:07,766 : INFO : ConfigProcessor : Loading config from cache: /var/folders/l2/q8hj_6s91xnb2jxg1sqm0h7r0000gn/T/0b5d87cc943a75a2ef030b7892588c99.mpf_cache
2024-06-07 21:21:07,767 : INFO : ConfigProcessor : Loading config from cache: /var/folders/l2/q8hj_6s91xnb2jxg1sqm0h7r0000gn/T/5545c5ff302318fa3a4687589808743d.mpf_cache
2024-06-07 21:21:07,767 : INFO : ConfigProcessor : Loading config from cache: /var/folders/l2/q8hj_6s91xnb2jxg1sqm0h7r0000gn/T/89af055c57b135455281acad4d6d7133.mpf_cache
2024-06-07 21:21:07,769 : INFO : ConfigProcessor : Loading config from cache: /var/folders/l2/q8hj_6s91xnb2jxg1sqm0h7r0000gn/T/250153cb7d132f4134a2e9b694314568.mpf_cache
2024-06-07 21:21:07,769 : INFO : ConfigProcessor : Loading config from cache: /var/folders/l2/q8hj_6s91xnb2jxg1sqm0h7r0000gn/T/bbbe87a2f82c66174798be62d4e8058c.mpf_cache
2024-06-07 21:21:07,769 : INFO : ConfigProcessor : Loading config from cache: /var/folders/l2/q8hj_6s91xnb2jxg1sqm0h7r0000gn/T/2f00c61e68427a4836dbfe64f1826615.mpf_cache
2024-06-07 21:21:07,770 : INFO : ConfigProcessor : Loading config from cache: /var/folders/l2/q8hj_6s91xnb2jxg1sqm0h7r0000gn/T/fc2375d75a21213b7a8ae195deeda13f.mpf_cache
2024-06-07 21:21:07,770 : INFO : ConfigProcessor : Loading config from cache: /var/folders/l2/q8hj_6s91xnb2jxg1sqm0h7r0000gn/T/d5f9bfe8056108a5be40a39619bb3439.mpf_cache
2024-06-07 21:21:07,770 : INFO : Machine : Mission Pinball Framework Core Engine v0.80.0.dev1
2024-06-07 21:21:07,770 : INFO : Machine : Command line arguments: {'no_load_cache': False, 'create_config_cache': True, 'bcp': False, 'configfile': ['config.yaml'], 'force_assets_load': False, 'platform_integration_test': False, 'jsonlogging': False, 'logfile': 'logs/2024-06-07-21-21-07-mpf-Tanners-Laptop.local.log', 'pause': False, 'production': False, 'text_ui': True, 'loglevel': 15, 'consoleloglevel': 20, 'force_platform': 'smart_virtual', 'syslog_address': None, 'mc_file_name': None, 'no_sound': False}
2024-06-07 21:21:07,770 : INFO : Machine : MPF path: /Users/tannerpetch/Documents/git/mpf/mpf
2024-06-07 21:21:07,770 : INFO : Machine : Machine path: /Users/tannerpetch/Documents/GitHub/lofab
2024-06-07 21:21:07,770 : INFO : Machine : Platform: darwin
2024-06-07 21:21:07,770 : INFO : Machine : Python executable location: /Users/tannerpetch/mpfenv/bin/python3
2024-06-07 21:21:07,770 : INFO : Machine : Python version: 3.9.13 (64-bit)
2024-06-07 21:21:07,770 : INFO : Machine : Initializing MPF...
2024-06-07 21:21:07,802 : INFO : EventManager : Event: ======'machine_var_credits_string'====== Args={'value': 'FREE PLAY', 'prev_value': None, 'change': True}
2024-06-07 21:21:07,809 : INFO : EventManager : Event: ======'machine_var_master_volume'====== Args={'value': 0.5, 'prev_value': None, 'change': True}
2024-06-07 21:21:07,809 : INFO : EventManager : Event: ======'machine_var_player1_score'====== Args={'value': 0, 'prev_value': None, 'change': True}
2024-06-07 21:21:07,809 : INFO : EventManager : Event: ======'machine_var_mpf_version'====== Args={'value': 'Mission Pinball Framework v0.80.0.dev1', 'prev_value': None, 'change': True}
2024-06-07 21:21:07,809 : INFO : EventManager : Event: ======'machine_var_mpf_extended_version'====== Args={'value': 'Mission Pinball Framework v0.80.0.dev1, Config version:6, Show version: 6, BCP version:1.1', 'prev_value': None, 'change': True}
2024-06-07 21:21:07,809 : INFO : EventManager : Event: ======'machine_var_python_version'====== Args={'value': '3.9.13', 'prev_value': None, 'change': True}
2024-06-07 21:21:07,819 : INFO : EventManager : Event: ======'machine_var_platform'====== Args={'value': 'macOS-14.3-arm64-arm-64bit', 'prev_value': None, 'change': True}
2024-06-07 21:21:07,819 : INFO : EventManager : Event: ======'machine_var_platform_system'====== Args={'value': 'Darwin', 'prev_value': None, 'change': True}
2024-06-07 21:21:07,819 : INFO : EventManager : Event: ======'machine_var_platform_release'====== Args={'value': '23.3.0', 'prev_value': None, 'change': True}
2024-06-07 21:21:07,819 : INFO : EventManager : Event: ======'machine_var_platform_version'====== Args={'value': 'Darwin Kernel Version 23.3.0: Thu Dec 21 02:29:41 PST 2023; root:xnu-10002.81.5~11/RELEASE_ARM64_T8122', 'prev_value': None, 'change': True}
2024-06-07 21:21:07,819 : INFO : EventManager : Event: ======'machine_var_platform_machine'====== Args={'value': 'arm64', 'prev_value': None, 'change': True}
2024-06-07 21:21:07,819 : INFO : EventManager : Event: ======'init_phase_1'====== Args={}
2024-06-07 21:21:07,836 : INFO : EventManager : Event: ======'init_phase_2'====== Args={}
2024-06-07 21:21:07,839 : INFO : ball_device.bd_vuk : BCH: Initial count: 0
2024-06-07 21:21:07,839 : INFO : ball_device.bd_vuk : State: idle
2024-06-07 21:21:07,839 : INFO : ball_device.bd_trough : BCH: Initial count: 0
2024-06-07 21:21:07,844 : INFO : ball_device.bd_trough : State: idle
2024-06-07 21:21:07,848 : INFO : EventManager : Event: ======'init_phase_3'====== Args={}
2024-06-07 21:21:08,061 : ERROR : asyncio : Exception in callback EventManager._queue_task_done(<Task finishe..._front_r\']')>)
handle: <Handle EventManager._queue_task_done(<Task finishe..._front_r\']')>)>
Traceback (most recent call last):
  File "/Library/Frameworks/Python.framework/Versions/3.9/lib/python3.9/asyncio/events.py", line 80, in _run
    self._context.run(self._callback, *self._args)
  File "/Users/tannerpetch/Documents/git/mpf/mpf/core/events.py", line 795, in _queue_task_done
    future.result()
  File "/Users/tannerpetch/Documents/git/mpf/mpf/core/events.py", line 708, in _run_handlers_sequential
    handler.callback(queue=queue, **merged_kwargs)
  File "/Users/tannerpetch/Documents/git/mpf/mpf/core/show_controller.py", line 53, in _load_shows
    self.machine.shows[show_name].load(show_config)
  File "/Users/tannerpetch/Documents/git/mpf/mpf/assets/show.py", line 171, in load
    self._process_step_actions(step, actions)
  File "/Users/tannerpetch/Documents/git/mpf/mpf/assets/show.py", line 201, in _process_step_actions
    raise e
  File "/Users/tannerpetch/Documents/git/mpf/mpf/assets/show.py", line 197, in _process_step_actions
    self.machine.show_controller.show_players[key].validate_config_entry(value, self.name)
  File "/Users/tannerpetch/Documents/git/mpf/mpf/config_players/device_config_player.py", line 56, in validate_config_entry
    raise e
  File "/Users/tannerpetch/Documents/git/mpf/mpf/config_players/device_config_player.py", line 52, in validate_config_entry
    self._validate_config_item(device, device_settings))
  File "/Users/tannerpetch/Documents/git/mpf/mpf/config_players/device_config_player.py", line 85, in _validate_config_item
    devices = self._expand_device(device)
  File "/Users/tannerpetch/Documents/git/mpf/mpf/config_players/device_config_player.py", line 114, in _expand_device
    return self.raise_config_error(
  File "/Users/tannerpetch/Documents/git/mpf/mpf/core/logging.py", line 174, in raise_config_error
    raise ConfigFileError(msg, error_no, self.log.name if self.log else "", context, self._url_base) \
mpf.exceptions.config_file_error.ConfigFileError: Config File Error in light_player: Show "tilt_r_flash" >> Failed to load config player tilt_r_flash:lights with settings {'l_tilt_front_r': 'red-f250ms', 'l_tilt_on_1': 'red-f250ms', 'l_tilt_on_2': 'red-f250ms'} >> Could not find a lights device with name or tag l_tilt_front_r, from list ['l_tilt_front_r'] Error Code: CFE-light_player-101 (https://missionpinball.org/logs)
2024-06-07 21:21:08,065 : INFO : Machine : Starting the main run loop.
2024-06-07 21:21:08,065 : INFO : Machine : Shutting down...
2024-06-07 21:21:08,065 : INFO : EventManager : Event: ======'shutdown'====== Args={}
2024-06-07 21:21:09,067 : ERROR : Machine : Runtime Exception
Traceback (most recent call last):
  File "/Users/tannerpetch/Documents/git/mpf/mpf/core/machine.py", line 793, in _run_loop
    raise self._exception['exception']
  File "/Library/Frameworks/Python.framework/Versions/3.9/lib/python3.9/asyncio/events.py", line 80, in _run
    self._context.run(self._callback, *self._args)
  File "/Users/tannerpetch/Documents/git/mpf/mpf/core/events.py", line 795, in _queue_task_done
    future.result()
  File "/Users/tannerpetch/Documents/git/mpf/mpf/core/events.py", line 708, in _run_handlers_sequential
    handler.callback(queue=queue, **merged_kwargs)
  File "/Users/tannerpetch/Documents/git/mpf/mpf/core/show_controller.py", line 53, in _load_shows
    self.machine.shows[show_name].load(show_config)
  File "/Users/tannerpetch/Documents/git/mpf/mpf/assets/show.py", line 171, in load
    self._process_step_actions(step, actions)
  File "/Users/tannerpetch/Documents/git/mpf/mpf/assets/show.py", line 201, in _process_step_actions
    raise e
  File "/Users/tannerpetch/Documents/git/mpf/mpf/assets/show.py", line 197, in _process_step_actions
    self.machine.show_controller.show_players[key].validate_config_entry(value, self.name)
  File "/Users/tannerpetch/Documents/git/mpf/mpf/config_players/device_config_player.py", line 56, in validate_config_entry
    raise e
  File "/Users/tannerpetch/Documents/git/mpf/mpf/config_players/device_config_player.py", line 52, in validate_config_entry
    self._validate_config_item(device, device_settings))
  File "/Users/tannerpetch/Documents/git/mpf/mpf/config_players/device_config_player.py", line 85, in _validate_config_item
    devices = self._expand_device(device)
  File "/Users/tannerpetch/Documents/git/mpf/mpf/config_players/device_config_player.py", line 114, in _expand_device
    return self.raise_config_error(
  File "/Users/tannerpetch/Documents/git/mpf/mpf/core/logging.py", line 174, in raise_config_error
    raise ConfigFileError(msg, error_no, self.log.name if self.log else "", context, self._url_base) \
mpf.exceptions.config_file_error.ConfigFileError: Config File Error in light_player: Show "tilt_r_flash" >> Failed to load config player tilt_r_flash:lights with settings {'l_tilt_front_r': 'red-f250ms', 'l_tilt_on_1': 'red-f250ms', 'l_tilt_on_2': 'red-f250ms'} >> Could not find a lights device with name or tag l_tilt_front_r, from list ['l_tilt_front_r'] Error Code: CFE-light_player-101 (https://missionpinball.org/logs)
2024-06-07 21:21:09,071 : INFO : root : MPF run loop ended.
