2024-02-08 10:12:10,613 : INFO : root : Loading config.
2024-02-08 10:12:10,616 : INFO : YamlMultifileConfigLoader : Machine config file #1: config.yaml
2024-02-08 10:12:10,617 : INFO : ConfigProcessor : Loading config from cache: C:\Users\Tanner\AppData\Local\Temp\ae594c12e5b61ed7124eed45950049a7.mpf_cache
2024-02-08 10:12:10,691 : INFO : ConfigProcessor : Loading config from cache: C:\Users\Tanner\AppData\Local\Temp\e981666969e170eb9e0a37595fe7075e.mpf_cache
2024-02-08 10:12:10,692 : INFO : ConfigProcessor : Loading config from cache: C:\Users\Tanner\AppData\Local\Temp\dfbe1b39ae456f06de73c859384050b2.mpf_cache
2024-02-08 10:12:10,693 : INFO : ConfigProcessor : Loading config from cache: C:\Users\Tanner\AppData\Local\Temp\e981666969e170eb9e0a37595fe7075e.mpf_cache
2024-02-08 10:12:10,694 : INFO : ConfigProcessor : Loading config from cache: C:\Users\Tanner\AppData\Local\Temp\cacbc1766a696e848da166f75f474858.mpf_cache
2024-02-08 10:12:10,694 : INFO : Machine : Mission Pinball Framework Core Engine v0.57.0.dev33
2024-02-08 10:12:10,694 : INFO : Machine : Command line arguments: {'no_load_cache': False, 'create_config_cache': True, 'bcp': False, 'configfile': ['config.yaml'], 'force_assets_load': False, 'jsonlogging': False, 'logfile': 'logs\\2024-02-08-10-12-10-mpf-DESKTOP-7HNFDQ5.log', 'pause': False, 'production': False, 'text_ui': True, 'loglevel': 15, 'consoleloglevel': 20, 'force_platform': None, 'syslog_address': None, 'mc_file_name': None, 'no_sound': False}
2024-02-08 10:12:10,694 : INFO : Machine : MPF path: C:\Users\Tanner\AppData\Local\Packages\PythonSoftwareFoundation.Python.3.11_qbz5n2kfra8p0\LocalCache\local-packages\Python311\site-packages\mpf
2024-02-08 10:12:10,695 : INFO : Machine : Machine path: c:\lofab
2024-02-08 10:12:10,695 : INFO : Machine : Platform: win32
2024-02-08 10:12:10,695 : INFO : Machine : Python executable location: C:\Users\Tanner\AppData\Local\Microsoft\WindowsApps\PythonSoftwareFoundation.Python.3.11_qbz5n2kfra8p0\python.exe
2024-02-08 10:12:10,695 : INFO : Machine : Python version: 3.11.8 (64-bit)
2024-02-08 10:12:10,697 : INFO : Machine : Initializing MPF...
2024-02-08 10:12:10,928 : INFO : [NET] : Trying to connect to com9 at 921600bps
2024-02-08 10:12:11,005 : INFO : [NET] : Connected to com9 at 921600bps
2024-02-08 10:12:11,011 : INFO : [NET] : Connected to FP-CPU-2000 with firmware v02.13
2024-02-08 10:12:11,043 : INFO : [NET] : Registered I/O Board 0: Model: FP-I/O-0804, Firmware: 01.10, Switches: 8, Drivers: 4
2024-02-08 10:12:11,058 : INFO : [NET] : Registered I/O Board 1: Model: FP-I/O-0804, Firmware: 01.09, Switches: 8, Drivers: 4
2024-02-08 10:12:11,074 : INFO : [NET] : Registered I/O Board 2: Model: FP-I/O-3208, Firmware: 01.10, Switches: 32, Drivers: 8
2024-02-08 10:12:11,075 : INFO : [EXP] : Trying to connect to com10 at 921600bps
2024-02-08 10:12:11,153 : INFO : [EXP] : Connected to com10 at 921600bps
2024-02-08 10:12:11,168 : INFO : [EXP] : Verifying hardware for EXP "pf" (FP-EXP-0081, @84) with ID string "EXP FP-EXP-0081  0.12", board address 84
2024-02-08 10:12:11,184 : INFO : [EXP] : Verifying hardware for EXP "pf" (FP-EXP-0081, @84) with ID string "BRK FP-EXP-0081  0.12", board address 840
2024-02-08 10:12:11,200 : INFO : [EXP] : Verifying hardware for EXP "pf" (FP-EXP-0081, @84) with ID string "BRK FP-EXP-0081  0.12", board address 841
2024-02-08 10:12:11,216 : INFO : EventManager : Event: ======'machine_var_credits_string'====== Args={'value': 'FREE PLAY', 'prev_value': None, 'change': True}
2024-02-08 10:12:11,231 : INFO : EventManager : Event: ======'machine_var_master_volume'====== Args={'value': 0.5, 'prev_value': None, 'change': True}
2024-02-08 10:12:11,231 : INFO : EventManager : Event: ======'machine_var_player1_score'====== Args={'value': 0, 'prev_value': None, 'change': True}
2024-02-08 10:12:11,231 : INFO : EventManager : Event: ======'machine_var_mpf_version'====== Args={'value': 'Mission Pinball Framework v0.57.0.dev33', 'prev_value': None, 'change': True}
2024-02-08 10:12:11,231 : INFO : EventManager : Event: ======'machine_var_mpf_extended_version'====== Args={'value': 'Mission Pinball Framework v0.57.0.dev33, Config version:6, Show version: 6, BCP version:1.1', 'prev_value': None, 'change': True}
2024-02-08 10:12:11,231 : INFO : EventManager : Event: ======'machine_var_python_version'====== Args={'value': '3.11.8', 'prev_value': None, 'change': True}
2024-02-08 10:12:11,239 : INFO : EventManager : Event: ======'machine_var_platform'====== Args={'value': 'Windows-10-10.0.19045-SP0', 'prev_value': None, 'change': True}
2024-02-08 10:12:11,239 : INFO : EventManager : Event: ======'machine_var_platform_system'====== Args={'value': 'Windows', 'prev_value': None, 'change': True}
2024-02-08 10:12:11,239 : INFO : EventManager : Event: ======'machine_var_platform_release'====== Args={'value': '10', 'prev_value': None, 'change': True}
2024-02-08 10:12:11,239 : INFO : EventManager : Event: ======'machine_var_platform_version'====== Args={'value': '10.0.19045', 'prev_value': None, 'change': True}
2024-02-08 10:12:11,239 : INFO : EventManager : Event: ======'machine_var_platform_machine'====== Args={'value': 'AMD64', 'prev_value': None, 'change': True}
2024-02-08 10:12:11,240 : INFO : EventManager : Event: ======'init_phase_1'====== Args={}
2024-02-08 10:12:13,751 : INFO : SwitchController : <<<<<<< 's_trough_4' active >>>>>>>
2024-02-08 10:12:13,790 : INFO : EventManager : Event: ======'init_phase_2'====== Args={}
2024-02-08 10:12:13,790 : INFO : SwitchController : Found active switch: (19, [FAST Platform Interface]) <switch.s_trough_4>
2024-02-08 10:12:13,793 : INFO : ball_device.bd_vuk : BCH: Initial count: 0
2024-02-08 10:12:13,793 : INFO : ball_device.bd_vuk : State: idle
2024-02-08 10:12:14,253 : INFO : ball_device.bd_trough : BCH: Initial count: 1
2024-02-08 10:12:14,253 : INFO : ball_device.bd_trough : State: idle
2024-02-08 10:12:14,261 : INFO : EventManager : Event: ======'init_phase_3'====== Args={}
2024-02-08 10:12:14,264 : INFO : EventManager : Event: ======'init_phase_4'====== Args={}
2024-02-08 10:12:14,264 : INFO : BallController : Initial balls found: 1
2024-02-08 10:12:14,265 : INFO : EventManager : Event: ======'machine_var_audits_events_game_ended'====== Args={'value': 44, 'prev_value': None, 'change': True}
2024-02-08 10:12:14,265 : INFO : EventManager : Event: ======'machine_var_audits_events_game_started'====== Args={'value': 120, 'prev_value': None, 'change': True}
2024-02-08 10:12:14,265 : INFO : EventManager : Event: ======'machine_var_audits_player_score'====== Args={'value': {'average': 0.0, 'top': [0, 0, 0, 0, 0, 0, 0, 0, 0, 0], 'total': 44}, 'prev_value': None, 'change': True}
2024-02-08 10:12:14,266 : INFO : EventManager : Event: ======'machine_var_audits_switches_s_9'====== Args={'value': 0, 'prev_value': None, 'change': True}
2024-02-08 10:12:14,266 : INFO : EventManager : Event: ======'machine_var_audits_switches_s_autolauncher'====== Args={'value': 422, 'prev_value': None, 'change': True}
2024-02-08 10:12:14,266 : INFO : EventManager : Event: ======'machine_var_audits_switches_s_b_eos'====== Args={'value': 2450, 'prev_value': None, 'change': True}
2024-02-08 10:12:14,266 : INFO : EventManager : Event: ======'machine_var_audits_switches_s_b_pop'====== Args={'value': 446, 'prev_value': None, 'change': True}
2024-02-08 10:12:14,266 : INFO : EventManager : Event: ======'machine_var_audits_switches_s_b_rollover_interchange'====== Args={'value': 10, 'prev_value': None, 'change': True}
2024-02-08 10:12:14,266 : INFO : EventManager : Event: ======'machine_var_audits_switches_s_b_rollover_loop'====== Args={'value': 24, 'prev_value': None, 'change': True}
2024-02-08 10:12:14,266 : INFO : EventManager : Event: ======'machine_var_audits_switches_s_b_rollover_misc'====== Args={'value': 33, 'prev_value': None, 'change': True}
2024-02-08 10:12:14,266 : INFO : EventManager : Event: ======'machine_var_audits_switches_s_b_target_left'====== Args={'value': 21, 'prev_value': None, 'change': True}
2024-02-08 10:12:14,266 : INFO : EventManager : Event: ======'machine_var_audits_switches_s_b_target_right'====== Args={'value': 39, 'prev_value': None, 'change': True}
2024-02-08 10:12:14,266 : INFO : EventManager : Event: ======'machine_var_audits_switches_s_drop_mid_center'====== Args={'value': 113, 'prev_value': None, 'change': True}
2024-02-08 10:12:14,266 : INFO : EventManager : Event: ======'machine_var_audits_switches_s_drop_mid_left'====== Args={'value': 76, 'prev_value': None, 'change': True}
2024-02-08 10:12:14,266 : INFO : EventManager : Event: ======'machine_var_audits_switches_s_drop_mid_right'====== Args={'value': 96, 'prev_value': None, 'change': True}
2024-02-08 10:12:14,267 : INFO : EventManager : Event: ======'machine_var_audits_switches_s_drop_right_left'====== Args={'value': 32, 'prev_value': None, 'change': True}
2024-02-08 10:12:14,267 : INFO : EventManager : Event: ======'machine_var_audits_switches_s_drop_right_right'====== Args={'value': 32, 'prev_value': None, 'change': True}
2024-02-08 10:12:14,267 : INFO : EventManager : Event: ======'machine_var_audits_switches_s_drop_scoop'====== Args={'value': 0, 'prev_value': None, 'change': True}
2024-02-08 10:12:14,267 : INFO : EventManager : Event: ======'machine_var_audits_switches_s_drop_single'====== Args={'value': 24, 'prev_value': None, 'change': True}
2024-02-08 10:12:14,267 : INFO : EventManager : Event: ======'machine_var_audits_switches_s_flip_left_eos'====== Args={'value': 25095, 'prev_value': None, 'change': True}
2024-02-08 10:12:14,267 : INFO : EventManager : Event: ======'machine_var_audits_switches_s_flip_left_top_eos'====== Args={'value': 1729, 'prev_value': None, 'change': True}
2024-02-08 10:12:14,267 : INFO : EventManager : Event: ======'machine_var_audits_switches_s_flip_right_eos'====== Args={'value': 2110, 'prev_value': None, 'change': True}
2024-02-08 10:12:14,267 : INFO : EventManager : Event: ======'machine_var_audits_switches_s_flipper_l'====== Args={'value': 251, 'prev_value': None, 'change': True}
2024-02-08 10:12:14,267 : INFO : EventManager : Event: ======'machine_var_audits_switches_s_flipper_r'====== Args={'value': 166, 'prev_value': None, 'change': True}
2024-02-08 10:12:14,267 : INFO : EventManager : Event: ======'machine_var_audits_switches_s_inlane_left'====== Args={'value': 31, 'prev_value': None, 'change': True}
2024-02-08 10:12:14,267 : INFO : EventManager : Event: ======'machine_var_audits_switches_s_inlane_right'====== Args={'value': 59, 'prev_value': None, 'change': True}
2024-02-08 10:12:14,268 : INFO : EventManager : Event: ======'machine_var_audits_switches_s_l_rollover'====== Args={'value': 9, 'prev_value': None, 'change': True}
2024-02-08 10:12:14,268 : INFO : EventManager : Event: ======'machine_var_audits_switches_s_l_target_far'====== Args={'value': 9, 'prev_value': None, 'change': True}
2024-02-08 10:12:14,268 : INFO : EventManager : Event: ======'machine_var_audits_switches_s_l_target_large'====== Args={'value': 9, 'prev_value': None, 'change': True}
2024-02-08 10:12:14,268 : INFO : EventManager : Event: ======'machine_var_audits_switches_s_l_target_left'====== Args={'value': 10, 'prev_value': None, 'change': True}
2024-02-08 10:12:14,268 : INFO : EventManager : Event: ======'machine_var_audits_switches_s_l_target_right'====== Args={'value': 9, 'prev_value': None, 'change': True}
2024-02-08 10:12:14,268 : INFO : EventManager : Event: ======'machine_var_audits_switches_s_l_vuk'====== Args={'value': 9, 'prev_value': None, 'change': True}
2024-02-08 10:12:14,268 : INFO : EventManager : Event: ======'machine_var_audits_switches_s_launch'====== Args={'value': 460, 'prev_value': None, 'change': True}
2024-02-08 10:12:14,268 : INFO : EventManager : Event: ======'machine_var_audits_switches_s_left_flipper_1'====== Args={'value': 1947, 'prev_value': None, 'change': True}
2024-02-08 10:12:14,268 : INFO : EventManager : Event: ======'machine_var_audits_switches_s_left_flipper_2'====== Args={'value': 651, 'prev_value': None, 'change': True}
2024-02-08 10:12:14,268 : INFO : EventManager : Event: ======'machine_var_audits_switches_s_lock_1'====== Args={'value': 1, 'prev_value': None, 'change': True}
2024-02-08 10:12:14,269 : INFO : EventManager : Event: ======'machine_var_audits_switches_s_lock_2'====== Args={'value': 1, 'prev_value': None, 'change': True}
2024-02-08 10:12:14,269 : INFO : EventManager : Event: ======'machine_var_audits_switches_s_lock_3'====== Args={'value': 1, 'prev_value': None, 'change': True}
2024-02-08 10:12:14,269 : INFO : EventManager : Event: ======'machine_var_audits_switches_s_outlane_left'====== Args={'value': 12, 'prev_value': None, 'change': True}
2024-02-08 10:12:14,269 : INFO : EventManager : Event: ======'machine_var_audits_switches_s_outlane_right'====== Args={'value': 28, 'prev_value': None, 'change': True}
2024-02-08 10:12:14,269 : INFO : EventManager : Event: ======'machine_var_audits_switches_s_pop'====== Args={'value': 62, 'prev_value': None, 'change': True}
2024-02-08 10:12:14,269 : INFO : EventManager : Event: ======'machine_var_audits_switches_s_pop_left'====== Args={'value': 152, 'prev_value': None, 'change': True}
2024-02-08 10:12:14,269 : INFO : EventManager : Event: ======'machine_var_audits_switches_s_pop_lower'====== Args={'value': 560, 'prev_value': None, 'change': True}
2024-02-08 10:12:14,269 : INFO : EventManager : Event: ======'machine_var_audits_switches_s_pop_right'====== Args={'value': 2348, 'prev_value': None, 'change': True}
2024-02-08 10:12:14,270 : INFO : EventManager : Event: ======'machine_var_audits_switches_s_right_flipper_1'====== Args={'value': 3494, 'prev_value': None, 'change': True}
2024-02-08 10:12:14,270 : INFO : EventManager : Event: ======'machine_var_audits_switches_s_right_flipper_2'====== Args={'value': 3304, 'prev_value': None, 'change': True}
2024-02-08 10:12:14,270 : INFO : EventManager : Event: ======'machine_var_audits_switches_s_rollover_left'====== Args={'value': 84, 'prev_value': None, 'change': True}
2024-02-08 10:12:14,270 : INFO : EventManager : Event: ======'machine_var_audits_switches_s_rollover_right'====== Args={'value': 488, 'prev_value': None, 'change': True}
2024-02-08 10:12:14,270 : INFO : EventManager : Event: ======'machine_var_audits_switches_s_sling_l'====== Args={'value': 35, 'prev_value': None, 'change': True}
2024-02-08 10:12:14,270 : INFO : EventManager : Event: ======'machine_var_audits_switches_s_sling_left'====== Args={'value': 159, 'prev_value': None, 'change': True}
2024-02-08 10:12:14,270 : INFO : EventManager : Event: ======'machine_var_audits_switches_s_sling_r'====== Args={'value': 32, 'prev_value': None, 'change': True}
2024-02-08 10:12:14,270 : INFO : EventManager : Event: ======'machine_var_audits_switches_s_sling_right'====== Args={'value': 237, 'prev_value': None, 'change': True}
2024-02-08 10:12:14,271 : INFO : EventManager : Event: ======'machine_var_audits_switches_s_start'====== Args={'value': 118, 'prev_value': None, 'change': True}
2024-02-08 10:12:14,271 : INFO : EventManager : Event: ======'machine_var_audits_switches_s_stationary_back'====== Args={'value': 28, 'prev_value': None, 'change': True}
2024-02-08 10:12:14,271 : INFO : EventManager : Event: ======'machine_var_audits_switches_s_stationary_l'====== Args={'value': 43, 'prev_value': None, 'change': True}
2024-02-08 10:12:14,271 : INFO : EventManager : Event: ======'machine_var_audits_switches_s_stationary_right'====== Args={'value': 23, 'prev_value': None, 'change': True}
2024-02-08 10:12:14,271 : INFO : EventManager : Event: ======'machine_var_audits_switches_s_tilt'====== Args={'value': 2735, 'prev_value': None, 'change': True}
2024-02-08 10:12:14,271 : INFO : EventManager : Event: ======'machine_var_audits_switches_s_trough_1'====== Args={'value': 64, 'prev_value': None, 'change': True}
2024-02-08 10:12:14,271 : INFO : EventManager : Event: ======'machine_var_audits_switches_s_trough_2'====== Args={'value': 504, 'prev_value': None, 'change': True}
2024-02-08 10:12:14,272 : INFO : EventManager : Event: ======'machine_var_audits_switches_s_trough_3'====== Args={'value': 459, 'prev_value': None, 'change': True}
2024-02-08 10:12:14,272 : INFO : EventManager : Event: ======'machine_var_audits_switches_s_trough_4'====== Args={'value': 506, 'prev_value': None, 'change': True}
2024-02-08 10:12:14,272 : INFO : EventManager : Event: ======'machine_var_audits_switches_s_trough_5'====== Args={'value': 284, 'prev_value': None, 'change': True}
2024-02-08 10:12:14,272 : INFO : EventManager : Event: ======'machine_var_audits_switches_s_trough_6'====== Args={'value': 277, 'prev_value': None, 'change': True}
2024-02-08 10:12:14,272 : INFO : EventManager : Event: ======'machine_var_audits_switches_s_trough_jam'====== Args={'value': 344, 'prev_value': None, 'change': True}
2024-02-08 10:12:14,272 : INFO : EventManager : Event: ======'machine_var_audits_switches_s_u_lane_l'====== Args={'value': 15, 'prev_value': None, 'change': True}
2024-02-08 10:12:14,272 : INFO : EventManager : Event: ======'machine_var_audits_switches_s_u_lane_r'====== Args={'value': 20, 'prev_value': None, 'change': True}
2024-02-08 10:12:14,273 : INFO : EventManager : Event: ======'machine_var_audits_switches_s_u_rollover'====== Args={'value': 10, 'prev_value': None, 'change': True}
2024-02-08 10:12:14,273 : INFO : EventManager : Event: ======'machine_var_audits_switches_s_u_target'====== Args={'value': 8, 'prev_value': None, 'change': True}
2024-02-08 10:12:14,273 : INFO : EventManager : Event: ======'machine_var_audits_switches_s_vuk'====== Args={'value': 15, 'prev_value': None, 'change': True}
2024-02-08 10:12:14,273 : INFO : EventManager : Event: ======'machine_var_audits_switches_s_vuk_back'====== Args={'value': 489, 'prev_value': None, 'change': True}
2024-02-08 10:12:14,273 : INFO : EventManager : Event: ======'machine_var_audits_switches_s_vuk_right'====== Args={'value': 1, 'prev_value': None, 'change': True}
2024-02-08 10:12:14,274 : INFO : EventManager : Event: ======'init_phase_5'====== Args={}
2024-02-08 10:12:14,305 : INFO : EventManager : Event: ======'init_done'====== Args={}
2024-02-08 10:12:14,305 : INFO : EventManager : Event: ======'machine_reset_phase_1'====== Args={}
2024-02-08 10:12:14,306 : INFO : EventManager : Event: ======'machine_reset_phase_2'====== Args={}
2024-02-08 10:12:14,306 : INFO : EventManager : Event: ======'machine_reset_phase_3'====== Args={}
2024-02-08 10:12:14,307 : INFO : EventManager : Event: ======'reset_complete'====== Args={}
2024-02-08 10:12:14,307 : INFO : EventManager : Event: ======'mode_attract_will_start'====== Args={}
2024-02-08 10:12:14,308 : INFO : EventManager : Event: ======'mode_attract_starting'====== Args={}
2024-02-08 10:12:14,308 : INFO : Mode.attract : Started. Priority: 10
2024-02-08 10:12:14,308 : INFO : EventManager : Event: ======'modes_active_modes_changed'====== Args={}
2024-02-08 10:12:14,308 : INFO : EventManager : Event: ======'mode_attract_started'====== Args={}
2024-02-08 10:12:14,308 : INFO : EventManager : Event: ======'collecting_balls'====== Args={}
2024-02-08 10:12:14,308 : INFO : ball_device.bd_trough : Adding 1 ball(s) to the eject_queue with target <playfield.playfield>.
2024-02-08 10:12:14,309 : INFO : EventManager : Event: ======'balldevice_balls_available'====== Args={}
2024-02-08 10:12:14,326 : INFO : Machine : Starting the main run loop.
2024-02-08 10:12:14,327 : INFO : ball_device.bd_trough : State: waiting_for_target_ready
2024-02-08 10:12:14,327 : INFO : EventManager : Event: ======'balldevice_bd_trough_ball_eject_attempt'====== Args={'balls': 1, 'target': <playfield.playfield>, 'source': <ball_device.bd_trough>, 'mechanical_eject': False, 'num_attempts': 0}
2024-02-08 10:12:14,327 : INFO : ball_device.bd_trough : State: ejecting
2024-02-08 10:12:14,327 : INFO : ball_device.bd_trough : Ejecting ball to <playfield.playfield>
2024-02-08 10:12:14,327 : INFO : EventManager : Event: ======'balldevice_bd_trough_ejecting_ball'====== Args={'balls': 1, 'target': <playfield.playfield>, 'source': <ball_device.bd_trough>, 'mechanical_eject': False, 'num_attempts': 0}
2024-02-08 10:12:14,328 : INFO : ball_device.bd_trough : Wait for ball to leave device
2024-02-08 10:12:14,328 : INFO : coil.c_trough : Pulsing Driver for 15ms (1.0 pulse_power)
2024-02-08 10:12:14,378 : INFO : SwitchController : <<<<<<< 's_trough_4' inactive >>>>>>>
2024-02-08 10:12:14,381 : INFO : ball_device.bd_trough : State: ball_left
2024-02-08 10:12:14,381 : INFO : ball_device.bd_trough : Ball left
2024-02-08 10:12:14,381 : INFO : ball_device.bd_trough : Wait for confirm with timeout 10.0
2024-02-08 10:12:14,917 : INFO : SwitchController : <<<<<<< 's_sling_l' active >>>>>>>
2024-02-08 10:12:14,917 : INFO : EventManager : Event: ======'playfield_active'====== Args={}
2024-02-08 10:12:14,917 : INFO : SwitchController : <<<<<<< 's_sling_l' inactive >>>>>>>
2024-02-08 10:12:14,920 : INFO : ball_device.bd_trough : Got eject confirm
2024-02-08 10:12:14,920 : INFO : ball_device.bd_trough : Eject successful
2024-02-08 10:12:14,920 : INFO : EventManager : Event: ======'balldevice_bd_trough_ball_eject_success'====== Args={'balls': 1, 'target': <playfield.playfield>}
2024-02-08 10:12:14,920 : INFO : EventManager : Event: ======'balldevice_playfield_ball_enter'====== Args={'new_balls': 1, 'unclaimed_balls': 1, 'device': <playfield.playfield>}
2024-02-08 10:12:14,920 : INFO : EventManager : Event: ======'playfield_ball_count_change'====== Args={'balls': 1, 'change': 1}
2024-02-08 10:12:14,920 : INFO : EventManager : Event: ======'balldevice_bd_trough_ball_count_changed'====== Args={'balls': 0}
2024-02-08 10:12:14,920 : INFO : ball_device.bd_trough : State: idle
2024-02-08 10:12:15,059 : INFO : SwitchController : <<<<<<< 's_pop' active >>>>>>>
2024-02-08 10:12:15,059 : INFO : SwitchController : <<<<<<< 's_pop' inactive >>>>>>>
2024-02-08 10:12:15,059 : INFO : SwitchController : <<<<<<< 's_pop' active >>>>>>>
2024-02-08 10:12:15,075 : INFO : SwitchController : <<<<<<< 's_pop' inactive >>>>>>>
2024-02-08 10:12:15,218 : INFO : SwitchController : <<<<<<< 's_flipper_l' active >>>>>>>
2024-02-08 10:12:15,563 : INFO : SwitchController : <<<<<<< 's_flipper_l' inactive >>>>>>>
2024-02-08 10:12:15,688 : INFO : SwitchController : <<<<<<< 's_trough_1' active >>>>>>>
2024-02-08 10:12:15,792 : INFO : SwitchController : <<<<<<< 's_trough_1' inactive >>>>>>>
2024-02-08 10:12:15,812 : INFO : SwitchController : <<<<<<< 's_trough_2' active >>>>>>>
2024-02-08 10:12:15,907 : INFO : SwitchController : <<<<<<< 's_trough_2' inactive >>>>>>>
2024-02-08 10:12:15,922 : INFO : SwitchController : <<<<<<< 's_trough_3' active >>>>>>>
2024-02-08 10:12:16,002 : INFO : SwitchController : <<<<<<< 's_trough_3' inactive >>>>>>>
2024-02-08 10:12:16,002 : INFO : SwitchController : <<<<<<< 's_trough_4' active >>>>>>>
2024-02-08 10:12:16,516 : INFO : EventManager : Event: ======'balldevice_bd_trough_ball_count_changed'====== Args={'balls': 1}
2024-02-08 10:12:16,516 : INFO : ball_device.bd_trough : Received unexpected ball
2024-02-08 10:12:16,516 : INFO : EventManager : Event: ======'balldevice_captured_from_playfield'====== Args={'balls': 1}
2024-02-08 10:12:16,516 : INFO : EventManager : Event: ======'sw_playfield_active'====== Args={'balls': 1}
2024-02-08 10:12:16,516 : INFO : EventManager : Event: ======'playfield_ball_count_change'====== Args={'balls': 0, 'change': -1}
2024-02-08 10:12:16,517 : INFO : EventManager : Event: ======'balldevice_bd_trough_ball_enter'====== Args={'new_balls': 1, 'unclaimed_balls': 1, 'new_available_balls': 1, 'device': <ball_device.bd_trough>}
2024-02-08 10:12:16,517 : INFO : ball_device.bd_trough : Ejecting 1 unexpected balls using path deque([<ball_device.bd_trough>, <playfield.playfield>])
2024-02-08 10:12:16,518 : INFO : EventManager : Event: ======'balldevice_balls_available'====== Args={}
2024-02-08 10:12:16,518 : INFO : EventManager : Event: ======'balldevice_balls_available'====== Args={}
2024-02-08 10:12:16,518 : INFO : EventManager : Event: ======'balldevice_bd_trough_ball_entered'====== Args={'new_balls': 1, 'device': <ball_device.bd_trough>}
2024-02-08 10:12:16,518 : INFO : ball_device.bd_trough : State: waiting_for_target_ready
2024-02-08 10:12:16,518 : INFO : EventManager : Event: ======'balldevice_bd_trough_ball_eject_attempt'====== Args={'balls': 1, 'target': <playfield.playfield>, 'source': <ball_device.bd_trough>, 'mechanical_eject': False, 'num_attempts': 0}
2024-02-08 10:12:16,519 : INFO : ball_device.bd_trough : State: ejecting
2024-02-08 10:12:16,519 : INFO : ball_device.bd_trough : Ejecting ball to <playfield.playfield>
2024-02-08 10:12:16,519 : INFO : EventManager : Event: ======'balldevice_bd_trough_ejecting_ball'====== Args={'balls': 1, 'target': <playfield.playfield>, 'source': <ball_device.bd_trough>, 'mechanical_eject': False, 'num_attempts': 0}
2024-02-08 10:12:16,519 : INFO : ball_device.bd_trough : Wait for ball to leave device
2024-02-08 10:12:16,519 : INFO : coil.c_trough : Pulsing Driver for 15ms (1.0 pulse_power)
2024-02-08 10:12:16,562 : INFO : SwitchController : <<<<<<< 's_trough_4' inactive >>>>>>>
2024-02-08 10:12:16,565 : INFO : ball_device.bd_trough : State: ball_left
2024-02-08 10:12:16,565 : INFO : ball_device.bd_trough : Ball left
2024-02-08 10:12:16,565 : INFO : ball_device.bd_trough : Wait for confirm with timeout 10.0
2024-02-08 10:12:16,827 : INFO : SwitchController : <<<<<<< 's_trough_3' active >>>>>>>
2024-02-08 10:12:17,308 : INFO : SwitchController : <<<<<<< 's_trough_3' inactive >>>>>>>
2024-02-08 10:12:17,326 : INFO : SwitchController : <<<<<<< 's_trough_4' active >>>>>>>
2024-02-08 10:12:20,032 : INFO : SwitchController : <<<<<<< 's_flipper_r' active >>>>>>>
2024-02-08 10:12:20,078 : INFO : SwitchController : <<<<<<< 's_flipper_l' active >>>>>>>
2024-02-08 10:12:20,078 : INFO : EventManager : Event: ======'flipper_cancel'====== Args={'triggering_group': 1, 'triggering_switch': 's_flipper_l'}
2024-02-08 10:12:20,235 : INFO : SwitchController : <<<<<<< 's_flipper_r' inactive >>>>>>>
2024-02-08 10:12:20,235 : INFO : EventManager : Event: ======'both_flippers_one'====== Args={'triggering_group': 2, 'triggering_switch': 's_flipper_r'}
2024-02-08 10:12:20,235 : INFO : SwitchController : <<<<<<< 's_flipper_l' inactive >>>>>>>
2024-02-08 10:12:20,235 : INFO : EventManager : Event: ======'both_flippers_inactive'====== Args={'triggering_group': 1, 'triggering_switch': 's_flipper_l'}
2024-02-08 10:12:26,572 : INFO : ball_device.bd_trough : State: failed_confirm
2024-02-08 10:12:26,572 : INFO : ball_device.bd_trough : Got timeout (10.0s) before confirm from <playfield.playfield>
2024-02-08 10:12:26,666 : INFO : ball_device.bd_trough : Got unknown balls. Assuming a ball returned.
2024-02-08 10:12:26,666 : INFO : EventManager : Event: ======'balldevice_bd_trough_ball_eject_failed'====== Args={'target': <playfield.playfield>, 'balls': 1, 'retry': True, 'num_attempts': 1}
2024-02-08 10:12:26,667 : INFO : ball_device.bd_trough : State: waiting_for_target_ready
2024-02-08 10:12:26,667 : INFO : EventManager : Event: ======'balldevice_bd_trough_ball_eject_attempt'====== Args={'balls': 1, 'target': <playfield.playfield>, 'source': <ball_device.bd_trough>, 'mechanical_eject': False, 'num_attempts': 1}
2024-02-08 10:12:26,667 : INFO : ball_device.bd_trough : State: ejecting
2024-02-08 10:12:26,667 : INFO : ball_device.bd_trough : Ejecting ball to <playfield.playfield>
2024-02-08 10:12:26,667 : INFO : EventManager : Event: ======'balldevice_bd_trough_ejecting_ball'====== Args={'balls': 1, 'target': <playfield.playfield>, 'source': <ball_device.bd_trough>, 'mechanical_eject': False, 'num_attempts': 1}
2024-02-08 10:12:26,668 : INFO : ball_device.bd_trough : Wait for ball to leave device
2024-02-08 10:12:26,668 : INFO : coil.c_trough : Pulsing Driver for 15ms (1.0 pulse_power)
2024-02-08 10:12:26,713 : INFO : SwitchController : <<<<<<< 's_trough_4' inactive >>>>>>>
2024-02-08 10:12:26,716 : INFO : ball_device.bd_trough : State: ball_left
2024-02-08 10:12:26,716 : INFO : ball_device.bd_trough : Ball left
2024-02-08 10:12:26,716 : INFO : ball_device.bd_trough : Wait for confirm with timeout 10.0
2024-02-08 10:12:27,334 : INFO : SwitchController : <<<<<<< 's_sling_l' active >>>>>>>
2024-02-08 10:12:27,334 : INFO : EventManager : Event: ======'playfield_active'====== Args={}
2024-02-08 10:12:27,338 : INFO : ball_device.bd_trough : Got eject confirm
2024-02-08 10:12:27,338 : INFO : ball_device.bd_trough : Eject successful
2024-02-08 10:12:27,338 : INFO : EventManager : Event: ======'balldevice_bd_trough_ball_eject_success'====== Args={'balls': 1, 'target': <playfield.playfield>}
2024-02-08 10:12:27,338 : INFO : EventManager : Event: ======'balldevice_playfield_ball_enter'====== Args={'new_balls': 1, 'unclaimed_balls': 1, 'device': <playfield.playfield>}
2024-02-08 10:12:27,338 : INFO : EventManager : Event: ======'playfield_ball_count_change'====== Args={'balls': 1, 'change': 1}
2024-02-08 10:12:27,338 : INFO : EventManager : Event: ======'balldevice_bd_trough_ball_count_changed'====== Args={'balls': 0}
2024-02-08 10:12:27,338 : INFO : ball_device.bd_trough : State: idle
2024-02-08 10:12:27,350 : INFO : SwitchController : <<<<<<< 's_sling_l' inactive >>>>>>>
2024-02-08 10:12:27,755 : INFO : SwitchController : <<<<<<< 's_vuk' active >>>>>>>
2024-02-08 10:12:28,259 : INFO : EventManager : Event: ======'balldevice_bd_vuk_ball_count_changed'====== Args={'balls': 1}
2024-02-08 10:12:28,259 : INFO : ball_device.bd_vuk : Received unexpected ball
2024-02-08 10:12:28,260 : INFO : EventManager : Event: ======'balldevice_captured_from_playfield'====== Args={'balls': 1}
2024-02-08 10:12:28,260 : INFO : EventManager : Event: ======'sw_playfield_active'====== Args={'balls': 1}
2024-02-08 10:12:28,260 : INFO : EventManager : Event: ======'playfield_ball_count_change'====== Args={'balls': 0, 'change': -1}
2024-02-08 10:12:28,260 : INFO : EventManager : Event: ======'balldevice_bd_vuk_ball_enter'====== Args={'new_balls': 1, 'unclaimed_balls': 1, 'new_available_balls': 1, 'device': <ball_device.bd_vuk>}
2024-02-08 10:12:28,261 : INFO : ball_device.bd_vuk : Ejecting 1 unexpected balls using path deque([<ball_device.bd_vuk>, <playfield.playfield>])
2024-02-08 10:12:28,261 : INFO : EventManager : Event: ======'balldevice_balls_available'====== Args={}
2024-02-08 10:12:28,261 : INFO : EventManager : Event: ======'balldevice_balls_available'====== Args={}
2024-02-08 10:12:28,261 : INFO : EventManager : Event: ======'balldevice_bd_vuk_ball_entered'====== Args={'new_balls': 1, 'device': <ball_device.bd_vuk>}
2024-02-08 10:12:28,261 : INFO : ball_device.bd_vuk : State: waiting_for_target_ready
2024-02-08 10:12:28,261 : INFO : EventManager : Event: ======'balldevice_bd_vuk_ball_eject_attempt'====== Args={'balls': 1, 'target': <playfield.playfield>, 'source': <ball_device.bd_vuk>, 'mechanical_eject': False, 'num_attempts': 0}
2024-02-08 10:12:28,262 : INFO : ball_device.bd_vuk : State: ejecting
2024-02-08 10:12:28,262 : INFO : ball_device.bd_vuk : Ejecting ball to <playfield.playfield>
2024-02-08 10:12:28,262 : INFO : EventManager : Event: ======'balldevice_bd_vuk_ejecting_ball'====== Args={'balls': 1, 'target': <playfield.playfield>, 'source': <ball_device.bd_vuk>, 'mechanical_eject': False, 'num_attempts': 0}
2024-02-08 10:12:28,262 : INFO : ball_device.bd_vuk : Wait for ball to leave device
2024-02-08 10:12:28,262 : INFO : coil.c_vuk : Pulsing Driver for 10ms (1.0 pulse_power)
2024-02-08 10:12:28,290 : INFO : SwitchController : <<<<<<< 's_vuk' inactive >>>>>>>
2024-02-08 10:12:28,293 : INFO : ball_device.bd_vuk : State: ball_left
2024-02-08 10:12:28,293 : INFO : ball_device.bd_vuk : Ball left
2024-02-08 10:12:28,293 : INFO : ball_device.bd_vuk : Wait for confirm with timeout 2.0
2024-02-08 10:12:28,304 : INFO : SwitchController : <<<<<<< 's_vuk' active >>>>>>>
2024-02-08 10:12:28,321 : INFO : SwitchController : <<<<<<< 's_vuk' inactive >>>>>>>
2024-02-08 10:12:28,976 : INFO : SwitchController : <<<<<<< 's_flipper_l' active >>>>>>>
2024-02-08 10:12:30,292 : INFO : ball_device.bd_vuk : State: failed_confirm
2024-02-08 10:12:30,292 : INFO : ball_device.bd_vuk : Got timeout (2.0s) before confirm from <playfield.playfield>
2024-02-08 10:12:30,382 : INFO : ball_device.bd_vuk : Confirming eject because target is playfield and ball did not return.
2024-02-08 10:12:30,382 : INFO : ball_device.bd_vuk : Eject successful
2024-02-08 10:12:30,382 : INFO : EventManager : Event: ======'balldevice_bd_vuk_ball_eject_success'====== Args={'balls': 1, 'target': <playfield.playfield>}
2024-02-08 10:12:30,383 : INFO : EventManager : Event: ======'balldevice_playfield_ball_enter'====== Args={'new_balls': 1, 'unclaimed_balls': 1, 'device': <playfield.playfield>}
2024-02-08 10:12:30,383 : INFO : EventManager : Event: ======'playfield_ball_count_change'====== Args={'balls': 1, 'change': 1}
2024-02-08 10:12:30,383 : INFO : EventManager : Event: ======'balldevice_bd_vuk_ball_count_changed'====== Args={'balls': 0}
2024-02-08 10:12:30,383 : INFO : ball_device.bd_vuk : State: idle
2024-02-08 10:12:30,619 : INFO : SwitchController : <<<<<<< 's_flipper_l' inactive >>>>>>>
2024-02-08 10:12:30,795 : INFO : SwitchController : <<<<<<< 's_flipper_r' active >>>>>>>
2024-02-08 10:12:31,209 : INFO : SwitchController : <<<<<<< 's_flipper_r' inactive >>>>>>>
2024-02-08 10:12:33,779 : INFO : SwitchController : <<<<<<< 's_flipper_l' active >>>>>>>
2024-02-08 10:12:33,920 : INFO : SwitchController : <<<<<<< 's_stationary_back' active >>>>>>>
2024-02-08 10:12:33,920 : INFO : EventManager : Event: ======'sw_playfield_active'====== Args={}
2024-02-08 10:12:33,920 : INFO : SwitchController : <<<<<<< 's_stationary_back' inactive >>>>>>>
2024-02-08 10:12:34,547 : INFO : SwitchController : <<<<<<< 's_flipper_l' inactive >>>>>>>
2024-02-08 10:12:34,565 : INFO : SwitchController : <<<<<<< 's_flipper_r' active >>>>>>>
2024-02-08 10:12:34,623 : INFO : SwitchController : <<<<<<< 's_flipper_r' inactive >>>>>>>
2024-02-08 10:12:34,686 : INFO : SwitchController : <<<<<<< 's_pop' active >>>>>>>
2024-02-08 10:12:34,686 : INFO : SwitchController : <<<<<<< 's_pop' inactive >>>>>>>
2024-02-08 10:12:34,764 : INFO : SwitchController : <<<<<<< 's_pop' active >>>>>>>
2024-02-08 10:12:34,767 : INFO : SwitchController : <<<<<<< 's_pop' inactive >>>>>>>
2024-02-08 10:12:34,906 : INFO : SwitchController : <<<<<<< 's_sling_r' active >>>>>>>
2024-02-08 10:12:34,925 : INFO : SwitchController : <<<<<<< 's_sling_r' inactive >>>>>>>
2024-02-08 10:12:35,078 : INFO : SwitchController : <<<<<<< 's_stationary_l' active >>>>>>>
2024-02-08 10:12:35,078 : INFO : EventManager : Event: ======'sw_playfield_active'====== Args={}
2024-02-08 10:12:35,093 : INFO : SwitchController : <<<<<<< 's_stationary_l' inactive >>>>>>>
2024-02-08 10:12:35,250 : INFO : SwitchController : <<<<<<< 's_sling_l' active >>>>>>>
2024-02-08 10:12:35,267 : INFO : SwitchController : <<<<<<< 's_sling_l' inactive >>>>>>>
2024-02-08 10:12:35,484 : INFO : SwitchController : <<<<<<< 's_pop' active >>>>>>>
2024-02-08 10:12:35,501 : INFO : SwitchController : <<<<<<< 's_pop' inactive >>>>>>>
2024-02-08 10:12:35,608 : INFO : SwitchController : <<<<<<< 's_sling_r' active >>>>>>>
2024-02-08 10:12:35,626 : INFO : SwitchController : <<<<<<< 's_sling_r' inactive >>>>>>>
2024-02-08 10:12:36,279 : INFO : SwitchController : <<<<<<< 's_flipper_l' active >>>>>>>
2024-02-08 10:12:37,340 : INFO : SwitchController : <<<<<<< 's_flipper_l' inactive >>>>>>>
2024-02-08 10:12:37,625 : INFO : SwitchController : <<<<<<< 's_flipper_r' active >>>>>>>
2024-02-08 10:12:38,015 : INFO : SwitchController : <<<<<<< 's_flipper_r' inactive >>>>>>>
2024-02-08 10:12:38,034 : INFO : SwitchController : <<<<<<< 's_sling_r' active >>>>>>>
2024-02-08 10:12:38,046 : INFO : SwitchController : <<<<<<< 's_sling_r' inactive >>>>>>>
2024-02-08 10:12:38,200 : INFO : SwitchController : <<<<<<< 's_stationary_right' active >>>>>>>
2024-02-08 10:12:38,200 : INFO : EventManager : Event: ======'sw_playfield_active'====== Args={}
2024-02-08 10:12:38,216 : INFO : SwitchController : <<<<<<< 's_stationary_right' inactive >>>>>>>
2024-02-08 10:12:40,633 : INFO : SwitchController : <<<<<<< 's_flipper_r' active >>>>>>>
2024-02-08 10:12:41,055 : INFO : SwitchController : <<<<<<< 's_flipper_r' inactive >>>>>>>
2024-02-08 10:12:41,351 : INFO : SwitchController : <<<<<<< 's_flipper_l' active >>>>>>>
2024-02-08 10:12:41,429 : INFO : SwitchController : <<<<<<< 's_sling_l' active >>>>>>>
2024-02-08 10:12:41,446 : INFO : SwitchController : <<<<<<< 's_sling_l' inactive >>>>>>>
2024-02-08 10:12:41,505 : INFO : SwitchController : <<<<<<< 's_flipper_l' inactive >>>>>>>
2024-02-08 10:12:41,599 : INFO : SwitchController : <<<<<<< 's_stationary_right' active >>>>>>>
2024-02-08 10:12:41,599 : INFO : EventManager : Event: ======'sw_playfield_active'====== Args={}
2024-02-08 10:12:41,614 : INFO : SwitchController : <<<<<<< 's_stationary_right' inactive >>>>>>>
2024-02-08 10:12:41,770 : INFO : SwitchController : <<<<<<< 's_sling_r' active >>>>>>>
2024-02-08 10:12:41,794 : INFO : SwitchController : <<<<<<< 's_sling_r' inactive >>>>>>>
2024-02-08 10:12:41,926 : INFO : SwitchController : <<<<<<< 's_pop' active >>>>>>>
2024-02-08 10:12:41,926 : INFO : SwitchController : <<<<<<< 's_pop' inactive >>>>>>>
2024-02-08 10:12:42,533 : INFO : SwitchController : <<<<<<< 's_flipper_l' active >>>>>>>
2024-02-08 10:12:42,813 : INFO : SwitchController : <<<<<<< 's_flipper_l' inactive >>>>>>>
2024-02-08 10:12:43,269 : INFO : SwitchController : <<<<<<< 's_trough_1' active >>>>>>>
2024-02-08 10:12:43,347 : INFO : SwitchController : <<<<<<< 's_trough_1' inactive >>>>>>>
2024-02-08 10:12:43,379 : INFO : SwitchController : <<<<<<< 's_trough_2' active >>>>>>>
2024-02-08 10:12:43,440 : INFO : SwitchController : <<<<<<< 's_trough_2' inactive >>>>>>>
2024-02-08 10:12:43,456 : INFO : SwitchController : <<<<<<< 's_trough_3' active >>>>>>>
2024-02-08 10:12:43,517 : INFO : SwitchController : <<<<<<< 's_trough_3' inactive >>>>>>>
2024-02-08 10:12:43,533 : INFO : SwitchController : <<<<<<< 's_trough_4' active >>>>>>>
2024-02-08 10:12:44,035 : INFO : EventManager : Event: ======'balldevice_bd_trough_ball_count_changed'====== Args={'balls': 1}
2024-02-08 10:12:44,035 : INFO : ball_device.bd_trough : Received unexpected ball
2024-02-08 10:12:44,035 : INFO : EventManager : Event: ======'balldevice_captured_from_playfield'====== Args={'balls': 1}
2024-02-08 10:12:44,035 : INFO : EventManager : Event: ======'sw_playfield_active'====== Args={'balls': 1}
2024-02-08 10:12:44,035 : INFO : EventManager : Event: ======'playfield_ball_count_change'====== Args={'balls': 0, 'change': -1}
2024-02-08 10:12:44,036 : INFO : EventManager : Event: ======'balldevice_bd_trough_ball_enter'====== Args={'new_balls': 1, 'unclaimed_balls': 1, 'new_available_balls': 1, 'device': <ball_device.bd_trough>}
2024-02-08 10:12:44,036 : INFO : ball_device.bd_trough : Ejecting 1 unexpected balls using path deque([<ball_device.bd_trough>, <playfield.playfield>])
2024-02-08 10:12:44,036 : INFO : EventManager : Event: ======'balldevice_balls_available'====== Args={}
2024-02-08 10:12:44,036 : INFO : EventManager : Event: ======'balldevice_balls_available'====== Args={}
2024-02-08 10:12:44,036 : INFO : EventManager : Event: ======'balldevice_bd_trough_ball_entered'====== Args={'new_balls': 1, 'device': <ball_device.bd_trough>}
2024-02-08 10:12:44,037 : INFO : ball_device.bd_trough : State: waiting_for_target_ready
2024-02-08 10:12:44,037 : INFO : EventManager : Event: ======'balldevice_bd_trough_ball_eject_attempt'====== Args={'balls': 1, 'target': <playfield.playfield>, 'source': <ball_device.bd_trough>, 'mechanical_eject': False, 'num_attempts': 0}
2024-02-08 10:12:44,037 : INFO : ball_device.bd_trough : State: ejecting
2024-02-08 10:12:44,037 : INFO : ball_device.bd_trough : Ejecting ball to <playfield.playfield>
2024-02-08 10:12:44,037 : INFO : EventManager : Event: ======'balldevice_bd_trough_ejecting_ball'====== Args={'balls': 1, 'target': <playfield.playfield>, 'source': <ball_device.bd_trough>, 'mechanical_eject': False, 'num_attempts': 0}
2024-02-08 10:12:44,038 : INFO : ball_device.bd_trough : Wait for ball to leave device
2024-02-08 10:12:44,038 : INFO : coil.c_trough : Pulsing Driver for 15ms (1.0 pulse_power)
2024-02-08 10:12:44,067 : INFO : SwitchController : <<<<<<< 's_trough_4' inactive >>>>>>>
2024-02-08 10:12:44,067 : INFO : SwitchController : <<<<<<< 's_trough_4' active >>>>>>>
2024-02-08 10:12:44,068 : INFO : ball_device.bd_trough : State: ball_left
2024-02-08 10:12:44,068 : INFO : ball_device.bd_trough : Ball left
2024-02-08 10:12:44,068 : INFO : ball_device.bd_trough : Wait for confirm with timeout 10.0
2024-02-08 10:12:44,083 : INFO : SwitchController : <<<<<<< 's_trough_4' inactive >>>>>>>
2024-02-08 10:12:44,863 : INFO : SwitchController : <<<<<<< 's_flipper_r' active >>>>>>>
2024-02-08 10:12:45,113 : INFO : SwitchController : <<<<<<< 's_flipper_l' active >>>>>>>
2024-02-08 10:12:45,113 : INFO : EventManager : Event: ======'flipper_cancel'====== Args={'triggering_group': 1, 'triggering_switch': 's_flipper_l'}
2024-02-08 10:12:45,224 : INFO : SwitchController : <<<<<<< 's_flipper_r' inactive >>>>>>>
2024-02-08 10:12:45,224 : INFO : EventManager : Event: ======'both_flippers_one'====== Args={'triggering_group': 2, 'triggering_switch': 's_flipper_r'}
2024-02-08 10:12:46,228 : INFO : SwitchController : <<<<<<< 's_flipper_l' inactive >>>>>>>
2024-02-08 10:12:46,228 : INFO : EventManager : Event: ======'both_flippers_inactive'====== Args={'triggering_group': 1, 'triggering_switch': 's_flipper_l'}
2024-02-08 10:12:46,779 : INFO : SwitchController : <<<<<<< 's_flipper_r' active >>>>>>>
2024-02-08 10:12:47,185 : INFO : SwitchController : <<<<<<< 's_flipper_r' inactive >>>>>>>
2024-02-08 10:12:47,466 : INFO : SwitchController : <<<<<<< 's_flipper_l' active >>>>>>>
2024-02-08 10:12:47,512 : INFO : SwitchController : <<<<<<< 's_sling_l' active >>>>>>>
2024-02-08 10:12:47,512 : INFO : EventManager : Event: ======'playfield_active'====== Args={}
2024-02-08 10:12:47,514 : INFO : ball_device.bd_trough : Got eject confirm
2024-02-08 10:12:47,514 : INFO : ball_device.bd_trough : Eject successful
2024-02-08 10:12:47,514 : INFO : EventManager : Event: ======'balldevice_bd_trough_ball_eject_success'====== Args={'balls': 1, 'target': <playfield.playfield>}
2024-02-08 10:12:47,514 : INFO : EventManager : Event: ======'balldevice_playfield_ball_enter'====== Args={'new_balls': 1, 'unclaimed_balls': 1, 'device': <playfield.playfield>}
2024-02-08 10:12:47,514 : INFO : EventManager : Event: ======'playfield_ball_count_change'====== Args={'balls': 1, 'change': 1}
2024-02-08 10:12:47,515 : INFO : EventManager : Event: ======'balldevice_bd_trough_ball_count_changed'====== Args={'balls': 0}
2024-02-08 10:12:47,515 : INFO : ball_device.bd_trough : State: idle
2024-02-08 10:12:47,515 : INFO : SwitchController : <<<<<<< 's_sling_l' inactive >>>>>>>
2024-02-08 10:12:47,574 : INFO : SwitchController : <<<<<<< 's_flipper_l' inactive >>>>>>>
2024-02-08 10:12:47,683 : INFO : SwitchController : <<<<<<< 's_pop' active >>>>>>>
2024-02-08 10:12:47,714 : INFO : SwitchController : <<<<<<< 's_pop' inactive >>>>>>>
2024-02-08 10:12:49,198 : INFO : SwitchController : <<<<<<< 's_flipper_l' active >>>>>>>
2024-02-08 10:12:49,322 : INFO : SwitchController : <<<<<<< 's_flipper_l' inactive >>>>>>>
2024-02-08 10:12:51,154 : INFO : SwitchController : <<<<<<< 's_flipper_r' active >>>>>>>
2024-02-08 10:12:51,298 : INFO : SwitchController : <<<<<<< 's_stationary_l' active >>>>>>>
2024-02-08 10:12:51,298 : INFO : EventManager : Event: ======'sw_playfield_active'====== Args={}
2024-02-08 10:12:51,298 : INFO : SwitchController : <<<<<<< 's_stationary_l' inactive >>>>>>>
2024-02-08 10:12:51,299 : INFO : SwitchController : <<<<<<< 's_stationary_l' active >>>>>>>
2024-02-08 10:12:51,299 : INFO : EventManager : Event: ======'sw_playfield_active'====== Args={}
2024-02-08 10:12:51,314 : INFO : SwitchController : <<<<<<< 's_stationary_l' inactive >>>>>>>
2024-02-08 10:12:51,314 : INFO : SwitchController : <<<<<<< 's_stationary_l' active >>>>>>>
2024-02-08 10:12:51,314 : INFO : EventManager : Event: ======'sw_playfield_active'====== Args={}
2024-02-08 10:12:51,330 : INFO : SwitchController : <<<<<<< 's_stationary_l' inactive >>>>>>>
2024-02-08 10:12:51,631 : INFO : SwitchController : <<<<<<< 's_flipper_r' inactive >>>>>>>
2024-02-08 10:12:53,122 : INFO : SwitchController : <<<<<<< 's_flipper_l' active >>>>>>>
2024-02-08 10:12:53,732 : INFO : SwitchController : <<<<<<< 's_flipper_l' inactive >>>>>>>
2024-02-08 10:12:53,827 : INFO : SwitchController : <<<<<<< 's_flipper_r' active >>>>>>>
2024-02-08 10:12:54,028 : INFO : SwitchController : <<<<<<< 's_flipper_l' active >>>>>>>
2024-02-08 10:12:54,028 : INFO : EventManager : Event: ======'flipper_cancel'====== Args={'triggering_group': 1, 'triggering_switch': 's_flipper_l'}
2024-02-08 10:12:54,167 : INFO : SwitchController : <<<<<<< 's_flipper_r' inactive >>>>>>>
2024-02-08 10:12:54,167 : INFO : EventManager : Event: ======'both_flippers_one'====== Args={'triggering_group': 2, 'triggering_switch': 's_flipper_r'}
2024-02-08 10:12:54,371 : INFO : SwitchController : <<<<<<< 's_flipper_l' inactive >>>>>>>
2024-02-08 10:12:54,371 : INFO : EventManager : Event: ======'both_flippers_inactive'====== Args={'triggering_group': 1, 'triggering_switch': 's_flipper_l'}
2024-02-08 10:12:54,653 : INFO : SwitchController : <<<<<<< 's_trough_1' active >>>>>>>
2024-02-08 10:12:54,748 : INFO : SwitchController : <<<<<<< 's_trough_1' inactive >>>>>>>
2024-02-08 10:12:54,766 : INFO : SwitchController : <<<<<<< 's_trough_2' active >>>>>>>
2024-02-08 10:12:54,843 : INFO : SwitchController : <<<<<<< 's_trough_2' inactive >>>>>>>
2024-02-08 10:12:54,862 : INFO : SwitchController : <<<<<<< 's_trough_3' active >>>>>>>
2024-02-08 10:12:54,922 : INFO : SwitchController : <<<<<<< 's_trough_3' inactive >>>>>>>
2024-02-08 10:12:54,925 : INFO : SwitchController : <<<<<<< 's_trough_4' active >>>>>>>
2024-02-08 10:12:55,430 : INFO : EventManager : Event: ======'balldevice_bd_trough_ball_count_changed'====== Args={'balls': 1}
2024-02-08 10:12:55,430 : INFO : ball_device.bd_trough : Received unexpected ball
2024-02-08 10:12:55,430 : INFO : EventManager : Event: ======'balldevice_captured_from_playfield'====== Args={'balls': 1}
2024-02-08 10:12:55,430 : INFO : EventManager : Event: ======'sw_playfield_active'====== Args={'balls': 1}
2024-02-08 10:12:55,430 : INFO : EventManager : Event: ======'playfield_ball_count_change'====== Args={'balls': 0, 'change': -1}
2024-02-08 10:12:55,431 : INFO : EventManager : Event: ======'balldevice_bd_trough_ball_enter'====== Args={'new_balls': 1, 'unclaimed_balls': 1, 'new_available_balls': 1, 'device': <ball_device.bd_trough>}
2024-02-08 10:12:55,431 : INFO : ball_device.bd_trough : Ejecting 1 unexpected balls using path deque([<ball_device.bd_trough>, <playfield.playfield>])
2024-02-08 10:12:55,431 : INFO : EventManager : Event: ======'balldevice_balls_available'====== Args={}
2024-02-08 10:12:55,431 : INFO : EventManager : Event: ======'balldevice_balls_available'====== Args={}
2024-02-08 10:12:55,431 : INFO : EventManager : Event: ======'balldevice_bd_trough_ball_entered'====== Args={'new_balls': 1, 'device': <ball_device.bd_trough>}
2024-02-08 10:12:55,432 : INFO : ball_device.bd_trough : State: waiting_for_target_ready
2024-02-08 10:12:55,432 : INFO : EventManager : Event: ======'balldevice_bd_trough_ball_eject_attempt'====== Args={'balls': 1, 'target': <playfield.playfield>, 'source': <ball_device.bd_trough>, 'mechanical_eject': False, 'num_attempts': 0}
2024-02-08 10:12:55,432 : INFO : ball_device.bd_trough : State: ejecting
2024-02-08 10:12:55,432 : INFO : ball_device.bd_trough : Ejecting ball to <playfield.playfield>
2024-02-08 10:12:55,432 : INFO : EventManager : Event: ======'balldevice_bd_trough_ejecting_ball'====== Args={'balls': 1, 'target': <playfield.playfield>, 'source': <ball_device.bd_trough>, 'mechanical_eject': False, 'num_attempts': 0}
2024-02-08 10:12:55,433 : INFO : ball_device.bd_trough : Wait for ball to leave device
2024-02-08 10:12:55,433 : INFO : coil.c_trough : Pulsing Driver for 15ms (1.0 pulse_power)
2024-02-08 10:12:55,478 : INFO : SwitchController : <<<<<<< 's_trough_4' inactive >>>>>>>
2024-02-08 10:12:55,480 : INFO : ball_device.bd_trough : State: ball_left
2024-02-08 10:12:55,481 : INFO : ball_device.bd_trough : Ball left
2024-02-08 10:12:55,481 : INFO : ball_device.bd_trough : Wait for confirm with timeout 10.0
2024-02-08 10:12:56,338 : INFO : SwitchController : <<<<<<< 's_trough_1' active >>>>>>>
2024-02-08 10:12:56,451 : INFO : SwitchController : <<<<<<< 's_trough_1' inactive >>>>>>>
2024-02-08 10:12:56,465 : INFO : SwitchController : <<<<<<< 's_trough_2' active >>>>>>>
2024-02-08 10:12:56,542 : INFO : SwitchController : <<<<<<< 's_trough_2' inactive >>>>>>>
2024-02-08 10:12:56,560 : INFO : SwitchController : <<<<<<< 's_trough_3' active >>>>>>>
2024-02-08 10:12:56,636 : INFO : SwitchController : <<<<<<< 's_trough_3' inactive >>>>>>>
2024-02-08 10:12:56,654 : INFO : SwitchController : <<<<<<< 's_trough_4' active >>>>>>>
2024-02-08 10:13:00,076 : INFO : SwitchController : <<<<<<< 's_flipper_l' active >>>>>>>
2024-02-08 10:13:00,095 : INFO : SwitchController : <<<<<<< 's_flipper_r' active >>>>>>>
2024-02-08 10:13:00,095 : INFO : EventManager : Event: ======'flipper_cancel'====== Args={'triggering_group': 2, 'triggering_switch': 's_flipper_r'}
2024-02-08 10:13:00,248 : INFO : SwitchController : <<<<<<< 's_flipper_l' inactive >>>>>>>
2024-02-08 10:13:00,248 : INFO : EventManager : Event: ======'both_flippers_one'====== Args={'triggering_group': 1, 'triggering_switch': 's_flipper_l'}
2024-02-08 10:13:00,266 : INFO : SwitchController : <<<<<<< 's_flipper_r' inactive >>>>>>>
2024-02-08 10:13:00,266 : INFO : EventManager : Event: ======'both_flippers_inactive'====== Args={'triggering_group': 2, 'triggering_switch': 's_flipper_r'}
2024-02-08 10:13:05,467 : INFO : ball_device.bd_trough : State: failed_confirm
2024-02-08 10:13:05,467 : INFO : ball_device.bd_trough : Got timeout (10.0s) before confirm from <playfield.playfield>
2024-02-08 10:13:05,563 : INFO : ball_device.bd_trough : Got unknown balls. Assuming a ball returned.
2024-02-08 10:13:05,564 : INFO : EventManager : Event: ======'balldevice_bd_trough_ball_eject_failed'====== Args={'target': <playfield.playfield>, 'balls': 1, 'retry': True, 'num_attempts': 1}
2024-02-08 10:13:05,564 : INFO : ball_device.bd_trough : State: waiting_for_target_ready
2024-02-08 10:13:05,564 : INFO : EventManager : Event: ======'balldevice_bd_trough_ball_eject_attempt'====== Args={'balls': 1, 'target': <playfield.playfield>, 'source': <ball_device.bd_trough>, 'mechanical_eject': False, 'num_attempts': 1}
2024-02-08 10:13:05,565 : INFO : ball_device.bd_trough : State: ejecting
2024-02-08 10:13:05,565 : INFO : ball_device.bd_trough : Ejecting ball to <playfield.playfield>
2024-02-08 10:13:05,565 : INFO : EventManager : Event: ======'balldevice_bd_trough_ejecting_ball'====== Args={'balls': 1, 'target': <playfield.playfield>, 'source': <ball_device.bd_trough>, 'mechanical_eject': False, 'num_attempts': 1}
2024-02-08 10:13:05,566 : INFO : ball_device.bd_trough : Wait for ball to leave device
2024-02-08 10:13:05,566 : INFO : coil.c_trough : Pulsing Driver for 15ms (1.0 pulse_power)
2024-02-08 10:13:05,610 : INFO : SwitchController : <<<<<<< 's_trough_4' inactive >>>>>>>
2024-02-08 10:13:05,615 : INFO : ball_device.bd_trough : State: ball_left
2024-02-08 10:13:05,615 : INFO : ball_device.bd_trough : Ball left
2024-02-08 10:13:05,615 : INFO : ball_device.bd_trough : Wait for confirm with timeout 10.0
2024-02-08 10:13:05,626 : INFO : SwitchController : <<<<<<< 's_flipper_l' active >>>>>>>
2024-02-08 10:13:05,645 : INFO : SwitchController : <<<<<<< 's_flipper_r' active >>>>>>>
2024-02-08 10:13:05,645 : INFO : EventManager : Event: ======'flipper_cancel'====== Args={'triggering_group': 2, 'triggering_switch': 's_flipper_r'}
2024-02-08 10:13:05,818 : INFO : SwitchController : <<<<<<< 's_flipper_r' inactive >>>>>>>
2024-02-08 10:13:05,818 : INFO : EventManager : Event: ======'both_flippers_one'====== Args={'triggering_group': 2, 'triggering_switch': 's_flipper_r'}
2024-02-08 10:13:05,834 : INFO : SwitchController : <<<<<<< 's_flipper_l' inactive >>>>>>>
2024-02-08 10:13:05,834 : INFO : EventManager : Event: ======'both_flippers_inactive'====== Args={'triggering_group': 1, 'triggering_switch': 's_flipper_l'}
2024-02-08 10:13:06,273 : INFO : SwitchController : <<<<<<< 's_flipper_l' active >>>>>>>
2024-02-08 10:13:06,385 : INFO : SwitchController : <<<<<<< 's_stationary_l' active >>>>>>>
2024-02-08 10:13:06,386 : INFO : EventManager : Event: ======'sw_playfield_active'====== Args={}
2024-02-08 10:13:06,386 : INFO : EventManager : Event: ======'playfield_active'====== Args={}
2024-02-08 10:13:06,389 : INFO : SwitchController : <<<<<<< 's_stationary_l' inactive >>>>>>>
2024-02-08 10:13:06,389 : INFO : ball_device.bd_trough : Got eject confirm
2024-02-08 10:13:06,389 : INFO : ball_device.bd_trough : Eject successful
2024-02-08 10:13:06,389 : INFO : EventManager : Event: ======'balldevice_bd_trough_ball_eject_success'====== Args={'balls': 1, 'target': <playfield.playfield>}
2024-02-08 10:13:06,391 : INFO : EventManager : Event: ======'balldevice_playfield_ball_enter'====== Args={'new_balls': 1, 'unclaimed_balls': 1, 'device': <playfield.playfield>}
2024-02-08 10:13:06,391 : INFO : EventManager : Event: ======'playfield_ball_count_change'====== Args={'balls': 1, 'change': 1}
2024-02-08 10:13:06,391 : INFO : EventManager : Event: ======'balldevice_bd_trough_ball_count_changed'====== Args={'balls': 0}
2024-02-08 10:13:06,391 : INFO : ball_device.bd_trough : State: idle
2024-02-08 10:13:06,401 : INFO : SwitchController : <<<<<<< 's_stationary_l' active >>>>>>>
2024-02-08 10:13:06,401 : INFO : EventManager : Event: ======'sw_playfield_active'====== Args={}
2024-02-08 10:13:06,417 : INFO : SwitchController : <<<<<<< 's_stationary_l' inactive >>>>>>>
2024-02-08 10:13:06,417 : INFO : SwitchController : <<<<<<< 's_stationary_l' active >>>>>>>
2024-02-08 10:13:06,417 : INFO : EventManager : Event: ======'sw_playfield_active'====== Args={}
2024-02-08 10:13:06,419 : INFO : SwitchController : <<<<<<< 's_stationary_l' inactive >>>>>>>
2024-02-08 10:13:06,530 : INFO : SwitchController : <<<<<<< 's_sling_r' active >>>>>>>
2024-02-08 10:13:06,547 : INFO : SwitchController : <<<<<<< 's_sling_r' inactive >>>>>>>
2024-02-08 10:13:07,800 : INFO : SwitchController : <<<<<<< 's_sling_l' active >>>>>>>
2024-02-08 10:13:07,809 : INFO : SwitchController : <<<<<<< 's_sling_l' inactive >>>>>>>
2024-02-08 10:13:08,063 : INFO : SwitchController : <<<<<<< 's_pop' active >>>>>>>
2024-02-08 10:13:08,063 : INFO : SwitchController : <<<<<<< 's_pop' inactive >>>>>>>
2024-02-08 10:13:08,063 : INFO : SwitchController : <<<<<<< 's_pop' active >>>>>>>
2024-02-08 10:13:08,079 : INFO : SwitchController : <<<<<<< 's_pop' inactive >>>>>>>
2024-02-08 10:13:08,111 : INFO : SwitchController : <<<<<<< 's_pop' active >>>>>>>
2024-02-08 10:13:08,143 : INFO : SwitchController : <<<<<<< 's_pop' inactive >>>>>>>
2024-02-08 10:13:08,159 : INFO : SwitchController : <<<<<<< 's_stationary_back' active >>>>>>>
2024-02-08 10:13:08,159 : INFO : EventManager : Event: ======'sw_playfield_active'====== Args={}
2024-02-08 10:13:08,175 : INFO : SwitchController : <<<<<<< 's_stationary_back' inactive >>>>>>>
2024-02-08 10:13:08,191 : INFO : SwitchController : <<<<<<< 's_pop' active >>>>>>>
2024-02-08 10:13:08,223 : INFO : SwitchController : <<<<<<< 's_pop' inactive >>>>>>>
2024-02-08 10:13:08,241 : INFO : SwitchController : <<<<<<< 's_stationary_back' active >>>>>>>
2024-02-08 10:13:08,241 : INFO : EventManager : Event: ======'sw_playfield_active'====== Args={}
2024-02-08 10:13:08,255 : INFO : SwitchController : <<<<<<< 's_stationary_back' inactive >>>>>>>
2024-02-08 10:13:08,989 : INFO : SwitchController : <<<<<<< 's_flipper_l' inactive >>>>>>>
2024-02-08 10:13:09,653 : INFO : SwitchController : <<<<<<< 's_trough_1' active >>>>>>>
2024-02-08 10:13:09,761 : INFO : SwitchController : <<<<<<< 's_trough_1' inactive >>>>>>>
2024-02-08 10:13:09,776 : INFO : SwitchController : <<<<<<< 's_trough_2' active >>>>>>>
2024-02-08 10:13:09,856 : INFO : SwitchController : <<<<<<< 's_trough_2' inactive >>>>>>>
2024-02-08 10:13:09,871 : INFO : SwitchController : <<<<<<< 's_trough_3' active >>>>>>>
2024-02-08 10:13:09,933 : INFO : SwitchController : <<<<<<< 's_trough_3' inactive >>>>>>>
2024-02-08 10:13:09,951 : INFO : SwitchController : <<<<<<< 's_trough_4' active >>>>>>>
2024-02-08 10:13:10,448 : INFO : EventManager : Event: ======'balldevice_bd_trough_ball_count_changed'====== Args={'balls': 1}
2024-02-08 10:13:10,449 : INFO : ball_device.bd_trough : Received unexpected ball
2024-02-08 10:13:10,449 : INFO : EventManager : Event: ======'balldevice_captured_from_playfield'====== Args={'balls': 1}
2024-02-08 10:13:10,449 : INFO : EventManager : Event: ======'sw_playfield_active'====== Args={'balls': 1}
2024-02-08 10:13:10,449 : INFO : EventManager : Event: ======'playfield_ball_count_change'====== Args={'balls': 0, 'change': -1}
2024-02-08 10:13:10,449 : INFO : EventManager : Event: ======'balldevice_bd_trough_ball_enter'====== Args={'new_balls': 1, 'unclaimed_balls': 1, 'new_available_balls': 1, 'device': <ball_device.bd_trough>}
2024-02-08 10:13:10,450 : INFO : ball_device.bd_trough : Ejecting 1 unexpected balls using path deque([<ball_device.bd_trough>, <playfield.playfield>])
2024-02-08 10:13:10,450 : INFO : EventManager : Event: ======'balldevice_balls_available'====== Args={}
2024-02-08 10:13:10,450 : INFO : EventManager : Event: ======'balldevice_balls_available'====== Args={}
2024-02-08 10:13:10,450 : INFO : EventManager : Event: ======'balldevice_bd_trough_ball_entered'====== Args={'new_balls': 1, 'device': <ball_device.bd_trough>}
2024-02-08 10:13:10,450 : INFO : ball_device.bd_trough : State: waiting_for_target_ready
2024-02-08 10:13:10,450 : INFO : EventManager : Event: ======'balldevice_bd_trough_ball_eject_attempt'====== Args={'balls': 1, 'target': <playfield.playfield>, 'source': <ball_device.bd_trough>, 'mechanical_eject': False, 'num_attempts': 0}
2024-02-08 10:13:10,451 : INFO : ball_device.bd_trough : State: ejecting
2024-02-08 10:13:10,451 : INFO : ball_device.bd_trough : Ejecting ball to <playfield.playfield>
2024-02-08 10:13:10,451 : INFO : EventManager : Event: ======'balldevice_bd_trough_ejecting_ball'====== Args={'balls': 1, 'target': <playfield.playfield>, 'source': <ball_device.bd_trough>, 'mechanical_eject': False, 'num_attempts': 0}
2024-02-08 10:13:10,451 : INFO : ball_device.bd_trough : Wait for ball to leave device
2024-02-08 10:13:10,451 : INFO : coil.c_trough : Pulsing Driver for 15ms (1.0 pulse_power)
2024-02-08 10:13:10,494 : INFO : SwitchController : <<<<<<< 's_trough_4' inactive >>>>>>>
2024-02-08 10:13:10,497 : INFO : ball_device.bd_trough : State: ball_left
2024-02-08 10:13:10,497 : INFO : ball_device.bd_trough : Ball left
2024-02-08 10:13:10,497 : INFO : ball_device.bd_trough : Wait for confirm with timeout 10.0
2024-02-08 10:13:10,759 : INFO : SwitchController : <<<<<<< 's_trough_4' active >>>>>>>
2024-02-08 10:13:10,775 : INFO : SwitchController : <<<<<<< 's_trough_4' inactive >>>>>>>
2024-02-08 10:13:10,799 : INFO : SwitchController : <<<<<<< 's_trough_3' active >>>>>>>
2024-02-08 10:13:11,243 : INFO : SwitchController : <<<<<<< 's_trough_3' inactive >>>>>>>
2024-02-08 10:13:11,261 : INFO : SwitchController : <<<<<<< 's_trough_4' active >>>>>>>
2024-02-08 10:13:12,557 : INFO : Machine : Shutting down...
2024-02-08 10:13:12,557 : INFO : EventManager : Event: ======'shutdown'====== Args={}
2024-02-08 10:13:12,658 : INFO : root : MPF run loop ended.
