2024-05-06 21:55:17,491 : INFO : root : Loading config.
2024-05-06 21:55:17,493 : INFO : YamlMultifileConfigLoader : Machine config file #1: config.yaml
2024-05-06 21:55:17,493 : WARNING : ConfigProcessor : Config file in cache changed: /Users/tannerpetch/Documents/GitHub/lofab/config/config.yaml
2024-05-06 21:55:17,493 : INFO : ConfigProcessor : Loading config from file /Users/tannerpetch/Documents/git/mpf/mpf/mpfconfig.yaml.
2024-05-06 21:55:17,498 : INFO : ConfigProcessor : Loading config: /Users/tannerpetch/Documents/git/mpf/mpf/mpfconfig.yaml
2024-05-06 21:55:17,498 : INFO : ConfigProcessor : Loading config from file /Users/tannerpetch/Documents/GitHub/lofab/config/config.yaml.
2024-05-06 21:55:17,502 : INFO : ConfigProcessor : Loading config: /Users/tannerpetch/Documents/GitHub/lofab/config/config.yaml
2024-05-06 21:55:17,503 : INFO : ConfigProcessor : Config file cache created: /var/folders/l2/q8hj_6s91xnb2jxg1sqm0h7r0000gn/T/479bffd5d2f40b527f859677e5b1aef9.mpf_cache
2024-05-06 21:55:17,525 : INFO : ConfigProcessor : Loading config from cache: /var/folders/l2/q8hj_6s91xnb2jxg1sqm0h7r0000gn/T/0481b880979d7ccc71369ad5f781c736.mpf_cache
2024-05-06 21:55:17,526 : INFO : ConfigProcessor : Loading config from cache: /var/folders/l2/q8hj_6s91xnb2jxg1sqm0h7r0000gn/T/9cfa8e96748dd80c23752180dbf36e5c.mpf_cache
2024-05-06 21:55:17,526 : INFO : ConfigProcessor : Loading config from cache: /var/folders/l2/q8hj_6s91xnb2jxg1sqm0h7r0000gn/T/0481b880979d7ccc71369ad5f781c736.mpf_cache
2024-05-06 21:55:17,526 : INFO : ConfigProcessor : Loading config from cache: /var/folders/l2/q8hj_6s91xnb2jxg1sqm0h7r0000gn/T/1875c266911f801b691956fe9e9284d6.mpf_cache
2024-05-06 21:55:17,526 : INFO : ConfigProcessor : Loading config from cache: /var/folders/l2/q8hj_6s91xnb2jxg1sqm0h7r0000gn/T/f97c90855879603280fcc571f5c42639.mpf_cache
2024-05-06 21:55:17,526 : INFO : ConfigProcessor : Loading config from cache: /var/folders/l2/q8hj_6s91xnb2jxg1sqm0h7r0000gn/T/5336ce152edc820b26f3a51a9f95779b.mpf_cache
2024-05-06 21:55:17,527 : INFO : ConfigProcessor : Loading config from cache: /var/folders/l2/q8hj_6s91xnb2jxg1sqm0h7r0000gn/T/584196ece55f676a535bfbda3a88171a.mpf_cache
2024-05-06 21:55:17,527 : INFO : ConfigProcessor : Loading config from cache: /var/folders/l2/q8hj_6s91xnb2jxg1sqm0h7r0000gn/T/4b1e343fa9806c398ec7ee103dcfa7e2.mpf_cache
2024-05-06 21:55:17,527 : INFO : ConfigProcessor : Loading config from cache: /var/folders/l2/q8hj_6s91xnb2jxg1sqm0h7r0000gn/T/3dbc438e88423aa3ff742db2713b600f.mpf_cache
2024-05-06 21:55:17,528 : INFO : ConfigProcessor : Loading config from cache: /var/folders/l2/q8hj_6s91xnb2jxg1sqm0h7r0000gn/T/154d071a3850556c6f3eae37bf41c8b6.mpf_cache
2024-05-06 21:55:17,528 : INFO : ConfigProcessor : Loading config from cache: /var/folders/l2/q8hj_6s91xnb2jxg1sqm0h7r0000gn/T/ab100dbe0e16472b56f0213f3842a00f.mpf_cache
2024-05-06 21:55:17,530 : INFO : ConfigProcessor : Loading config from cache: /var/folders/l2/q8hj_6s91xnb2jxg1sqm0h7r0000gn/T/f03ad90ccd2c053e9e5d10795d01f4ba.mpf_cache
2024-05-06 21:55:17,530 : INFO : ConfigProcessor : Loading config from cache: /var/folders/l2/q8hj_6s91xnb2jxg1sqm0h7r0000gn/T/0f3c951d4c93079ae3fac6429c5bc2ee.mpf_cache
2024-05-06 21:55:17,530 : INFO : ConfigProcessor : Loading config from cache: /var/folders/l2/q8hj_6s91xnb2jxg1sqm0h7r0000gn/T/8bf004783a280ac33d17b88f37848116.mpf_cache
2024-05-06 21:55:17,531 : INFO : ConfigProcessor : Loading config from cache: /var/folders/l2/q8hj_6s91xnb2jxg1sqm0h7r0000gn/T/db98bdefe8a072cec23a2527f4303b09.mpf_cache
2024-05-06 21:55:17,531 : INFO : ConfigProcessor : Loading config from cache: /var/folders/l2/q8hj_6s91xnb2jxg1sqm0h7r0000gn/T/d5d50eaa09e055f3a827c6269a3aa165.mpf_cache
2024-05-06 21:55:17,531 : INFO : ConfigProcessor : Loading config from cache: /var/folders/l2/q8hj_6s91xnb2jxg1sqm0h7r0000gn/T/eefb91dd78a2b4d0f2b86f7f7cb501a3.mpf_cache
2024-05-06 21:55:17,531 : INFO : ConfigProcessor : Loading config from cache: /var/folders/l2/q8hj_6s91xnb2jxg1sqm0h7r0000gn/T/d32f8b43f49e3e57afbd189fbbccae80.mpf_cache
2024-05-06 21:55:17,532 : INFO : ConfigProcessor : Loading config from cache: /var/folders/l2/q8hj_6s91xnb2jxg1sqm0h7r0000gn/T/08db62a1c5938674fa894d468364ed3e.mpf_cache
2024-05-06 21:55:17,532 : INFO : ConfigProcessor : Loading config from cache: /var/folders/l2/q8hj_6s91xnb2jxg1sqm0h7r0000gn/T/98754ca8fa1663afefe3af8297a0d59a.mpf_cache
2024-05-06 21:55:17,532 : INFO : Machine : Mission Pinball Framework Core Engine v0.80.0.dev1
2024-05-06 21:55:17,532 : INFO : Machine : Command line arguments: {'no_load_cache': False, 'create_config_cache': True, 'bcp': True, 'configfile': ['config.yaml'], 'force_assets_load': False, 'platform_integration_test': False, 'jsonlogging': False, 'logfile': 'logs/2024-05-06-21-55-17-mpf-Tanners-Laptop.local.log', 'pause': False, 'production': False, 'text_ui': False, 'loglevel': 15, 'consoleloglevel': 20, 'force_platform': 'virtual', 'syslog_address': None, 'mc_file_name': None, 'no_sound': False}
2024-05-06 21:55:17,532 : INFO : Machine : MPF path: /Users/tannerpetch/Documents/git/mpf/mpf
2024-05-06 21:55:17,532 : INFO : Machine : Machine path: /Users/tannerpetch/Documents/GitHub/lofab
2024-05-06 21:55:17,532 : INFO : Machine : Platform: darwin
2024-05-06 21:55:17,532 : INFO : Machine : Python executable location: /Users/tannerpetch/mpfenv/bin/python3
2024-05-06 21:55:17,532 : INFO : Machine : Python version: 3.9.13 (64-bit)
2024-05-06 21:55:17,533 : INFO : Machine : Initializing MPF...
2024-05-06 21:55:17,552 : INFO : EventManager : Event: ======'machine_var_credits_string'====== Args={'value': 'FREE PLAY', 'prev_value': None, 'change': True}
2024-05-06 21:55:17,557 : INFO : EventManager : Event: ======'machine_var_master_volume'====== Args={'value': 0.5, 'prev_value': None, 'change': True}
2024-05-06 21:55:17,557 : INFO : EventManager : Event: ======'machine_var_player1_score'====== Args={'value': 100, 'prev_value': None, 'change': True}
2024-05-06 21:55:17,557 : INFO : EventManager : Event: ======'machine_var_player2_score'====== Args={'value': 0, 'prev_value': None, 'change': True}
2024-05-06 21:55:17,558 : INFO : EventManager : Event: ======'machine_var_mpf_version'====== Args={'value': 'Mission Pinball Framework v0.80.0.dev1', 'prev_value': None, 'change': True}
2024-05-06 21:55:17,558 : INFO : EventManager : Event: ======'machine_var_mpf_extended_version'====== Args={'value': 'Mission Pinball Framework v0.80.0.dev1, Config version:6, Show version: 6, BCP version:1.1', 'prev_value': None, 'change': True}
2024-05-06 21:55:17,558 : INFO : EventManager : Event: ======'machine_var_python_version'====== Args={'value': '3.9.13', 'prev_value': None, 'change': True}
2024-05-06 21:55:17,566 : INFO : EventManager : Event: ======'machine_var_platform'====== Args={'value': 'macOS-14.3-arm64-arm-64bit', 'prev_value': None, 'change': True}
2024-05-06 21:55:17,566 : INFO : EventManager : Event: ======'machine_var_platform_system'====== Args={'value': 'Darwin', 'prev_value': None, 'change': True}
2024-05-06 21:55:17,566 : INFO : EventManager : Event: ======'machine_var_platform_release'====== Args={'value': '23.3.0', 'prev_value': None, 'change': True}
2024-05-06 21:55:17,566 : INFO : EventManager : Event: ======'machine_var_platform_version'====== Args={'value': 'Darwin Kernel Version 23.3.0: Thu Dec 21 02:29:41 PST 2023; root:xnu-10002.81.5~11/RELEASE_ARM64_T8122', 'prev_value': None, 'change': True}
2024-05-06 21:55:17,566 : INFO : EventManager : Event: ======'machine_var_platform_machine'====== Args={'value': 'arm64', 'prev_value': None, 'change': True}
2024-05-06 21:55:17,566 : INFO : EventManager : Event: ======'init_phase_1'====== Args={}
2024-05-06 21:55:17,585 : INFO : EventManager : Event: ======'init_phase_2'====== Args={}
2024-05-06 21:55:17,587 : INFO : EventManager : Event: ======'bcp_connection_attempt'====== Args={'name': 'local_display', 'host': 'localhost', 'port': 5050}
2024-05-06 21:55:17,587 : INFO : BCPClientSocket : Connecting BCP to 'local_display' at localhost:5050...
2024-05-06 21:55:17,590 : INFO : BCPClientSocket : Connected BCP to 'local_display' localhost:5050
2024-05-06 21:55:17,590 : INFO : EventManager : Event: ======'bcp_clients_connected'====== Args={}
2024-05-06 21:55:17,591 : INFO : ball_device.bd_vuk : BCH: Initial count: 0
2024-05-06 21:55:17,591 : INFO : ball_device.bd_vuk : State: idle
2024-05-06 21:55:17,591 : INFO : ball_device.bd_trough : BCH: Initial count: 0
2024-05-06 21:55:17,591 : INFO : ball_device.bd_trough : State: idle
2024-05-06 21:55:17,594 : INFO : EventManager : Event: ======'init_phase_3'====== Args={}
2024-05-06 21:55:17,737 : INFO : EventManager : Event: ======'init_phase_4'====== Args={}
2024-05-06 21:55:17,738 : INFO : BallController : Initial balls found: 0
2024-05-06 21:55:17,738 : INFO : EventManager : Event: ======'machine_var_audits_events_game_ended'====== Args={'value': 1, 'prev_value': None, 'change': True}
2024-05-06 21:55:17,738 : INFO : EventManager : Event: ======'machine_var_audits_events_game_started'====== Args={'value': 36, 'prev_value': None, 'change': True}
2024-05-06 21:55:17,738 : INFO : EventManager : Event: ======'machine_var_audits_missing_switches_s_e'====== Args={'value': 36, 'prev_value': None, 'change': True}
2024-05-06 21:55:17,738 : INFO : EventManager : Event: ======'machine_var_audits_missing_switches_s_flipper_l'====== Args={'value': 19, 'prev_value': None, 'change': True}
2024-05-06 21:55:17,738 : INFO : EventManager : Event: ======'machine_var_audits_missing_switches_s_flipper_r'====== Args={'value': 25, 'prev_value': None, 'change': True}
2024-05-06 21:55:17,738 : INFO : EventManager : Event: ======'machine_var_audits_missing_switches_s_h'====== Args={'value': 36, 'prev_value': None, 'change': True}
2024-05-06 21:55:17,738 : INFO : EventManager : Event: ======'machine_var_audits_missing_switches_s_launch'====== Args={'value': 1, 'prev_value': None, 'change': True}
2024-05-06 21:55:17,738 : INFO : EventManager : Event: ======'machine_var_audits_missing_switches_s_pop'====== Args={'value': 36, 'prev_value': None, 'change': True}
2024-05-06 21:55:17,738 : INFO : EventManager : Event: ======'machine_var_audits_missing_switches_s_ramp_complete'====== Args={'value': 36, 'prev_value': None, 'change': True}
2024-05-06 21:55:17,738 : INFO : EventManager : Event: ======'machine_var_audits_missing_switches_s_ramp_l'====== Args={'value': 36, 'prev_value': None, 'change': True}
2024-05-06 21:55:17,738 : INFO : EventManager : Event: ======'machine_var_audits_missing_switches_s_ramp_r'====== Args={'value': 36, 'prev_value': None, 'change': True}
2024-05-06 21:55:17,738 : INFO : EventManager : Event: ======'machine_var_audits_missing_switches_s_sling_l'====== Args={'value': 36, 'prev_value': None, 'change': True}
2024-05-06 21:55:17,739 : INFO : EventManager : Event: ======'machine_var_audits_missing_switches_s_sling_r'====== Args={'value': 36, 'prev_value': None, 'change': True}
2024-05-06 21:55:17,739 : INFO : EventManager : Event: ======'machine_var_audits_missing_switches_s_spinner'====== Args={'value': 36, 'prev_value': None, 'change': True}
2024-05-06 21:55:17,739 : INFO : EventManager : Event: ======'machine_var_audits_missing_switches_s_start'====== Args={'value': 23, 'prev_value': None, 'change': True}
2024-05-06 21:55:17,739 : INFO : EventManager : Event: ======'machine_var_audits_missing_switches_s_stationary_back'====== Args={'value': 36, 'prev_value': None, 'change': True}
2024-05-06 21:55:17,739 : INFO : EventManager : Event: ======'machine_var_audits_missing_switches_s_stationary_o'====== Args={'value': 1, 'prev_value': None, 'change': True}
2024-05-06 21:55:17,739 : INFO : EventManager : Event: ======'machine_var_audits_missing_switches_s_stationary_s'====== Args={'value': 1, 'prev_value': None, 'change': True}
2024-05-06 21:55:17,739 : INFO : EventManager : Event: ======'machine_var_audits_missing_switches_s_stationary_u'====== Args={'value': 22, 'prev_value': None, 'change': True}
2024-05-06 21:55:17,739 : INFO : EventManager : Event: ======'machine_var_audits_missing_switches_s_tilt_l'====== Args={'value': 36, 'prev_value': None, 'change': True}
2024-05-06 21:55:17,739 : INFO : EventManager : Event: ======'machine_var_audits_missing_switches_s_tilt_r'====== Args={'value': 36, 'prev_value': None, 'change': True}
2024-05-06 21:55:17,739 : INFO : EventManager : Event: ======'machine_var_audits_missing_switches_s_trough_1'====== Args={'value': 23, 'prev_value': None, 'change': True}
2024-05-06 21:55:17,739 : INFO : EventManager : Event: ======'machine_var_audits_missing_switches_s_trough_2'====== Args={'value': 8, 'prev_value': None, 'change': True}
2024-05-06 21:55:17,739 : INFO : EventManager : Event: ======'machine_var_audits_missing_switches_s_trough_3'====== Args={'value': 36, 'prev_value': None, 'change': True}
2024-05-06 21:55:17,739 : INFO : EventManager : Event: ======'machine_var_audits_missing_switches_s_trough_4'====== Args={'value': 34, 'prev_value': None, 'change': True}
2024-05-06 21:55:17,739 : INFO : EventManager : Event: ======'machine_var_audits_missing_switches_s_vuk'====== Args={'value': 34, 'prev_value': None, 'change': True}
2024-05-06 21:55:17,739 : INFO : EventManager : Event: ======'machine_var_audits_player_score'====== Args={'value': {'average': 0, 'top': [100, 0], 'total': 2}, 'prev_value': None, 'change': True}
2024-05-06 21:55:17,739 : INFO : EventManager : Event: ======'machine_var_audits_shots_r_o'====== Args={'value': 55, 'prev_value': None, 'change': True}
2024-05-06 21:55:17,739 : INFO : EventManager : Event: ======'machine_var_audits_shots_r_o_fleshy'====== Args={'value': 97, 'prev_value': None, 'change': True}
2024-05-06 21:55:17,739 : INFO : EventManager : Event: ======'machine_var_audits_shots_r_o_rotate'====== Args={'value': 45, 'prev_value': None, 'change': True}
2024-05-06 21:55:17,739 : INFO : EventManager : Event: ======'machine_var_audits_shots_r_s'====== Args={'value': 23, 'prev_value': None, 'change': True}
2024-05-06 21:55:17,739 : INFO : EventManager : Event: ======'machine_var_audits_shots_r_s_fleshy'====== Args={'value': 68, 'prev_value': None, 'change': True}
2024-05-06 21:55:17,739 : INFO : EventManager : Event: ======'machine_var_audits_shots_r_s_rotate'====== Args={'value': 45, 'prev_value': None, 'change': True}
2024-05-06 21:55:17,739 : INFO : EventManager : Event: ======'machine_var_audits_shots_r_u'====== Args={'value': 4, 'prev_value': None, 'change': True}
2024-05-06 21:55:17,739 : INFO : EventManager : Event: ======'machine_var_audits_switches_s_e'====== Args={'value': 0, 'prev_value': None, 'change': True}
2024-05-06 21:55:17,739 : INFO : EventManager : Event: ======'machine_var_audits_switches_s_flipper_l'====== Args={'value': 17, 'prev_value': None, 'change': True}
2024-05-06 21:55:17,739 : INFO : EventManager : Event: ======'machine_var_audits_switches_s_flipper_r'====== Args={'value': 1, 'prev_value': None, 'change': True}
2024-05-06 21:55:17,739 : INFO : EventManager : Event: ======'machine_var_audits_switches_s_h'====== Args={'value': 0, 'prev_value': None, 'change': True}
2024-05-06 21:55:17,739 : INFO : EventManager : Event: ======'machine_var_audits_switches_s_launch'====== Args={'value': 35, 'prev_value': None, 'change': True}
2024-05-06 21:55:17,739 : INFO : EventManager : Event: ======'machine_var_audits_switches_s_pop'====== Args={'value': 0, 'prev_value': None, 'change': True}
2024-05-06 21:55:17,739 : INFO : EventManager : Event: ======'machine_var_audits_switches_s_ramp_complete'====== Args={'value': 0, 'prev_value': None, 'change': True}
2024-05-06 21:55:17,739 : INFO : EventManager : Event: ======'machine_var_audits_switches_s_ramp_l'====== Args={'value': 0, 'prev_value': None, 'change': True}
2024-05-06 21:55:17,739 : INFO : EventManager : Event: ======'machine_var_audits_switches_s_ramp_r'====== Args={'value': 0, 'prev_value': None, 'change': True}
2024-05-06 21:55:17,739 : INFO : EventManager : Event: ======'machine_var_audits_switches_s_sling_l'====== Args={'value': 0, 'prev_value': None, 'change': True}
2024-05-06 21:55:17,739 : INFO : EventManager : Event: ======'machine_var_audits_switches_s_sling_r'====== Args={'value': 0, 'prev_value': None, 'change': True}
2024-05-06 21:55:17,739 : INFO : EventManager : Event: ======'machine_var_audits_switches_s_spinner'====== Args={'value': 0, 'prev_value': None, 'change': True}
2024-05-06 21:55:17,739 : INFO : EventManager : Event: ======'machine_var_audits_switches_s_start'====== Args={'value': 5, 'prev_value': None, 'change': True}
2024-05-06 21:55:17,739 : INFO : EventManager : Event: ======'machine_var_audits_switches_s_stationary_back'====== Args={'value': 0, 'prev_value': None, 'change': True}
2024-05-06 21:55:17,739 : INFO : EventManager : Event: ======'machine_var_audits_switches_s_stationary_o'====== Args={'value': 101, 'prev_value': None, 'change': True}
2024-05-06 21:55:17,739 : INFO : EventManager : Event: ======'machine_var_audits_switches_s_stationary_s'====== Args={'value': 68, 'prev_value': None, 'change': True}
2024-05-06 21:55:17,739 : INFO : EventManager : Event: ======'machine_var_audits_switches_s_stationary_u'====== Args={'value': 23, 'prev_value': None, 'change': True}
2024-05-06 21:55:17,739 : INFO : EventManager : Event: ======'machine_var_audits_switches_s_tilt_l'====== Args={'value': 0, 'prev_value': None, 'change': True}
2024-05-06 21:55:17,739 : INFO : EventManager : Event: ======'machine_var_audits_switches_s_tilt_r'====== Args={'value': 0, 'prev_value': None, 'change': True}
2024-05-06 21:55:17,739 : INFO : EventManager : Event: ======'machine_var_audits_switches_s_trough_1'====== Args={'value': 5, 'prev_value': None, 'change': True}
2024-05-06 21:55:17,739 : INFO : EventManager : Event: ======'machine_var_audits_switches_s_trough_2'====== Args={'value': 1, 'prev_value': None, 'change': True}
2024-05-06 21:55:17,739 : INFO : EventManager : Event: ======'machine_var_audits_switches_s_trough_3'====== Args={'value': 0, 'prev_value': None, 'change': True}
2024-05-06 21:55:17,739 : INFO : EventManager : Event: ======'machine_var_audits_switches_s_trough_4'====== Args={'value': 1, 'prev_value': None, 'change': True}
2024-05-06 21:55:17,739 : INFO : EventManager : Event: ======'machine_var_audits_switches_s_vuk'====== Args={'value': 6, 'prev_value': None, 'change': True}
2024-05-06 21:55:17,740 : INFO : EventManager : Event: ======'init_phase_5'====== Args={}
2024-05-06 21:55:17,740 : INFO : EventManager : Event: ======'init_done'====== Args={}
2024-05-06 21:55:17,740 : INFO : EventManager : Event: ======'machine_reset_phase_1'====== Args={}
2024-05-06 21:55:17,752 : INFO : EventManager : Event: ======'machine_reset_phase_2'====== Args={}
2024-05-06 21:55:17,752 : INFO : EventManager : Event: ======'machine_reset_phase_3'====== Args={}
2024-05-06 21:55:17,752 : INFO : EventManager : Event: ======'reset_complete'====== Args={}
2024-05-06 21:55:17,752 : INFO : EventManager : Event: ======'mode_attract_will_start'====== Args={}
2024-05-06 21:55:17,753 : INFO : EventManager : Event: ======'mode_attract_starting'====== Args={}
2024-05-06 21:55:17,753 : INFO : Mode.attract : Started. Priority: 10
2024-05-06 21:55:17,753 : INFO : EventManager : Event: ======'modes_active_modes_changed'====== Args={}
2024-05-06 21:55:17,753 : INFO : EventManager : Event: ======'mode_attract_started'====== Args={}
2024-05-06 21:55:17,753 : INFO : EventManager : Event: ======'collecting_balls_complete'====== Args={}
2024-05-06 21:55:17,753 : INFO : Machine : Starting the main run loop.
2024-05-06 21:55:17,778 : INFO : EventManager : Event: ======'slide_attract_created'====== Args={'_from_bcp': True}
2024-05-06 21:55:17,778 : INFO : EventManager : Event: ======'slide__removed'====== Args={'_from_bcp': True}
2024-05-06 21:55:17,778 : INFO : EventManager : Event: ======'slide_attract_active'====== Args={'original_context': 'attract', 'original_calling_context': 'mode_attract_started', 'cmd': 'slides_play', '_from_bcp': True}
2024-05-06 21:55:18,141 : INFO : BcpServer : New client connected.
2024-05-06 21:55:21,559 : INFO : SwitchController : <<<<<<< 's_trough_1' active >>>>>>>
2024-05-06 21:55:21,643 : INFO : SwitchController : <<<<<<< 's_trough_1' inactive >>>>>>>
2024-05-06 21:55:21,946 : INFO : SwitchController : <<<<<<< 's_trough_1' active >>>>>>>
2024-05-06 21:55:22,447 : INFO : EventManager : Event: ======'balldevice_bd_trough_ball_count_changed'====== Args={'balls': 1}
2024-05-06 21:55:22,447 : INFO : ball_device.bd_trough : Received unexpected ball
2024-05-06 21:55:22,447 : INFO : EventManager : Event: ======'balldevice_captured_from_playfield'====== Args={'balls': 1}
2024-05-06 21:55:22,448 : INFO : EventManager : Event: ======'sw_playfield_active'====== Args={'balls': 1}
2024-05-06 21:55:22,448 : INFO : EventManager : Event: ======'playfield_active'====== Args={}
2024-05-06 21:55:22,448 : INFO : EventManager : Event: ======'unexpected_ball_on_playfield'====== Args={}
2024-05-06 21:55:22,448 : INFO : EventManager : Event: ======'playfield_ball_count_change'====== Args={'balls': -1, 'change': -1}
2024-05-06 21:55:22,449 : INFO : EventManager : Event: ======'balldevice_playfield_ball_enter'====== Args={'new_balls': 1, 'unclaimed_balls': 1, 'device': <playfield.playfield>}
2024-05-06 21:55:22,449 : INFO : EventManager : Event: ======'playfield_ball_count_change'====== Args={'balls': 0, 'change': 1}
2024-05-06 21:55:22,449 : INFO : BallController : Found a new ball which was captured from playfield. Known balls: 1
2024-05-06 21:55:22,449 : INFO : EventManager : Event: ======'found_new_ball'====== Args={}
2024-05-06 21:55:22,449 : INFO : EventManager : Event: ======'balldevice_bd_trough_ball_enter'====== Args={'new_balls': 1, 'unclaimed_balls': 1, 'new_available_balls': 1, 'device': <ball_device.bd_trough>}
2024-05-06 21:55:22,450 : INFO : EventManager : Event: ======'ball_drain'====== Args={'device': <ball_device.bd_trough>, 'balls': 1}
2024-05-06 21:55:22,450 : INFO : EventManager : Event: ======'balldevice_balls_available'====== Args={}
2024-05-06 21:55:22,451 : INFO : EventManager : Event: ======'balldevice_bd_trough_ball_entered'====== Args={'new_balls': 1, 'device': <ball_device.bd_trough>}
2024-05-06 21:55:24,345 : INFO : SwitchController : <<<<<<< 's_start' active >>>>>>>
2024-05-06 21:55:24,445 : INFO : SwitchController : <<<<<<< 's_start' inactive >>>>>>>
2024-05-06 21:55:24,445 : INFO : EventManager : Event: ======'request_to_start_game'====== Args={}
2024-05-06 21:55:24,446 : INFO : EventManager : Event: ======'game_start'====== Args={'buttons': [], 'hold_time': 0.10015208400000031}
2024-05-06 21:55:24,447 : INFO : EventManager : Event: ======'mode_game_will_start'====== Args={'buttons': [], 'hold_time': 0.10015208400000031}
2024-05-06 21:55:24,447 : INFO : EventManager : Event: ======'mode_game_starting'====== Args={'buttons': [], 'hold_time': 0.10015208400000031}
2024-05-06 21:55:24,447 : INFO : EventManager : Event: ======'mode_attract_will_stop'====== Args={}
2024-05-06 21:55:24,448 : INFO : EventManager : Event: ======'mode_attract_stopping'====== Args={}
2024-05-06 21:55:24,448 : INFO : Mode.attract : Stopped.
2024-05-06 21:55:24,448 : INFO : EventManager : Event: ======'modes_active_modes_changed'====== Args={}
2024-05-06 21:55:24,449 : INFO : EventManager : Event: ======'mode_attract_stopped'====== Args={}
2024-05-06 21:55:24,449 : INFO : EventManager : Event: ======'clear'====== Args={'key': 'attract'}
2024-05-06 21:55:24,449 : INFO : Mode.game : Started. Priority: 20
2024-05-06 21:55:24,449 : INFO : EventManager : Event: ======'modes_active_modes_changed'====== Args={}
2024-05-06 21:55:24,449 : INFO : EventManager : Event: ======'mode_game_started'====== Args={'buttons': [], 'hold_time': 0.10015208400000031}
2024-05-06 21:55:24,450 : INFO : EventManager : Event: ======'game_will_start'====== Args={}
2024-05-06 21:55:24,450 : INFO : EventManager : Event: ======'game_starting'====== Args={'game': <Mode.game>}
2024-05-06 21:55:24,451 : INFO : EventManager : Unordered handler for class <Auditor> on event game_ended with priority 1. Handlers: [RegisteredHandler(callback=<bound method Auditor.disable of <Auditor>>, priority=1, kwargs={}, key=UUID('76dee462-8f8c-47ee-8881-47ed52541e1a'), condition=None, blocking_facility=None), RegisteredHandler(callback=<bound method Auditor._save_audits of <Auditor>>, priority=1, kwargs={}, key=UUID('217eeb8c-b10e-4cc5-93f2-7eb8eb88c54f'), condition=None, blocking_facility=None)]. The order of those handlers is not defined and they will be executed in random order. This might lead to race conditions and potential bugs.
2024-05-06 21:55:24,452 : INFO : EventManager : Event: ======'player_add_request'====== Args={}
2024-05-06 21:55:24,452 : INFO : EventManager : Event: ======'player_will_add'====== Args={'number': 1}
2024-05-06 21:55:24,452 : INFO : EventManager : Event: ======'player_adding'====== Args={'player': <Player 1>, 'number': 1}
2024-05-06 21:55:24,453 : INFO : EventManager : Event: ======'player_added'====== Args={'player': <Player 1>, 'num': 1}
2024-05-06 21:55:24,453 : INFO : Mode.game : Player added successfully. Total players: 1
2024-05-06 21:55:24,453 : INFO : EventManager : Event: ======'player_index'====== Args={'value': 0, 'prev_value': 0, 'change': 0, 'player_num': 1}
2024-05-06 21:55:24,453 : INFO : EventManager : Event: ======'player_number'====== Args={'value': 1, 'prev_value': 1, 'change': 0, 'player_num': 1}
2024-05-06 21:55:24,454 : INFO : EventManager : Event: ======'player_current_room'====== Args={'value': 'LIVING ROOM', 'prev_value': 'LIVING ROOM', 'change': False, 'player_num': 1}
2024-05-06 21:55:24,454 : INFO : EventManager : Event: ======'player_score'====== Args={'value': 0, 'prev_value': 0, 'change': 0, 'player_num': 1}
2024-05-06 21:55:24,455 : INFO : EventManager : Event: ======'game_started'====== Args={}
2024-05-06 21:55:24,460 : INFO : EventManager : Event: ======'player_turn_will_start'====== Args={'player': <Player 1>, 'number': 1}
2024-05-06 21:55:24,460 : INFO : EventManager : Event: ======'player_turn_starting'====== Args={'player': <Player 1>, 'number': 1}
2024-05-06 21:55:24,461 : INFO : EventManager : Event: ======'player_ball'====== Args={'value': 1, 'prev_value': 0, 'change': 1, 'player_num': 1}
2024-05-06 21:55:24,461 : INFO : EventManager : Event: ======'player_turn_started'====== Args={'player': <Player 1>, 'number': 1}
2024-05-06 21:55:24,462 : INFO : EventManager : Event: ======'ball_will_start'====== Args={'player': 1, 'ball': 1, 'balls_remaining': 2, 'is_extra_ball': False}
2024-05-06 21:55:24,462 : INFO : EventManager : Event: ======'ball_starting'====== Args={'player': 1, 'ball': 1, 'balls_remaining': 2, 'is_extra_ball': False}
2024-05-06 21:55:24,462 : INFO : EventManager : Event: ======'mode_base_will_start'====== Args={'queue': <QueuedEvent>, 'player': 1, 'ball': 1, 'balls_remaining': 2, 'is_extra_ball': False}
2024-05-06 21:55:24,463 : INFO : EventManager : Event: ======'player_shot_r_pop_enabled'====== Args={'value': True, 'prev_value': 0, 'change': 1, 'player_num': 1}
2024-05-06 21:55:24,463 : INFO : EventManager : Event: ======'player_shot_r_sling_l_enabled'====== Args={'value': True, 'prev_value': 0, 'change': 1, 'player_num': 1}
2024-05-06 21:55:24,464 : INFO : EventManager : Event: ======'player_shot_r_sling_r_enabled'====== Args={'value': True, 'prev_value': 0, 'change': 1, 'player_num': 1}
2024-05-06 21:55:24,464 : INFO : EventManager : Event: ======'player_shot_r_h_enabled'====== Args={'value': True, 'prev_value': 0, 'change': 1, 'player_num': 1}
2024-05-06 21:55:24,464 : INFO : EventManager : Event: ======'player_shot_r_o_enabled'====== Args={'value': True, 'prev_value': 0, 'change': 1, 'player_num': 1}
2024-05-06 21:55:24,465 : INFO : EventManager : Event: ======'player_shot_r_u_enabled'====== Args={'value': True, 'prev_value': 0, 'change': 1, 'player_num': 1}
2024-05-06 21:55:24,465 : INFO : EventManager : Event: ======'player_shot_r_s_enabled'====== Args={'value': True, 'prev_value': 0, 'change': 1, 'player_num': 1}
2024-05-06 21:55:24,466 : INFO : EventManager : Event: ======'player_shot_r_e_enabled'====== Args={'value': True, 'prev_value': 0, 'change': 1, 'player_num': 1}
2024-05-06 21:55:24,466 : INFO : EventManager : Event: ======'player_shot_r_ramp_r_enabled'====== Args={'value': True, 'prev_value': 0, 'change': 1, 'player_num': 1}
2024-05-06 21:55:24,466 : INFO : EventManager : Event: ======'player_shot_r_ramp_l_enabled'====== Args={'value': True, 'prev_value': 0, 'change': 1, 'player_num': 1}
2024-05-06 21:55:24,467 : INFO : EventManager : Event: ======'player_shot_r_vuk_enabled'====== Args={'value': True, 'prev_value': 0, 'change': 1, 'player_num': 1}
2024-05-06 21:55:24,467 : INFO : EventManager : Event: ======'player_shot_r_vuk_bank_enabled'====== Args={'value': True, 'prev_value': 0, 'change': 1, 'player_num': 1}
2024-05-06 21:55:24,467 : INFO : EventManager : Event: ======'player_shot_r_right_orbit_enabled'====== Args={'value': True, 'prev_value': 0, 'change': 1, 'player_num': 1}
2024-05-06 21:55:24,468 : INFO : EventManager : Event: ======'player_shot_r_pop_stationary_enabled'====== Args={'value': True, 'prev_value': 0, 'change': 1, 'player_num': 1}
2024-05-06 21:55:24,469 : INFO : EventManager : Event: ======'mode_base_starting'====== Args={'queue': <QueuedEvent>, 'player': 1, 'ball': 1, 'balls_remaining': 2, 'is_extra_ball': False}
2024-05-06 21:55:24,469 : INFO : Mode.base : Started. Priority: 100
2024-05-06 21:55:24,469 : INFO : EventManager : Event: ======'modes_active_modes_changed'====== Args={}
2024-05-06 21:55:24,469 : INFO : EventManager : Event: ======'mode_base_started'====== Args={'queue': <QueuedEvent>, 'player': 1, 'ball': 1, 'balls_remaining': 2, 'is_extra_ball': False}
2024-05-06 21:55:24,470 : INFO : EventManager : Event: ======'balls_in_play'====== Args={'balls': 1}
2024-05-06 21:55:24,470 : INFO : EventManager : Event: ======'ball_started'====== Args={'player': 1, 'ball': 1, 'balls_remaining': 2, 'is_extra_ball': False}
2024-05-06 21:55:24,471 : INFO : EventManager : Event: ======'mode_mult_fleshy_qualify_will_start'====== Args={'player': 1, 'ball': 1, 'balls_remaining': 2, 'is_extra_ball': False}
2024-05-06 21:55:24,471 : INFO : EventManager : Event: ======'player_shot_r_o_fleshy_enabled'====== Args={'value': True, 'prev_value': 0, 'change': 1, 'player_num': 1}
2024-05-06 21:55:24,471 : INFO : EventManager : Event: ======'player_shot_r_s_fleshy_enabled'====== Args={'value': True, 'prev_value': 0, 'change': 1, 'player_num': 1}
2024-05-06 21:55:24,471 : INFO : EventManager : Event: ======'fleshy_shots_complete'====== Args={'state': 'unlit'}
2024-05-06 21:55:24,471 : INFO : EventManager : Event: ======'fleshy_shots_unlit_complete'====== Args={}
2024-05-06 21:55:24,472 : INFO : EventManager : Event: ======'mode_mult_fleshy_qualify_starting'====== Args={'player': 1, 'ball': 1, 'balls_remaining': 2, 'is_extra_ball': False}
2024-05-06 21:55:24,472 : INFO : EventManager : Event: ======'mode_lane_rotate_will_start'====== Args={'player': 1, 'ball': 1, 'balls_remaining': 2, 'is_extra_ball': False}
2024-05-06 21:55:24,472 : INFO : EventManager : Event: ======'player_shot_r_h_rotate_enabled'====== Args={'value': True, 'prev_value': 0, 'change': 1, 'player_num': 1}
2024-05-06 21:55:24,472 : INFO : EventManager : Event: ======'player_shot_r_o_rotate_enabled'====== Args={'value': True, 'prev_value': 0, 'change': 1, 'player_num': 1}
2024-05-06 21:55:24,473 : INFO : EventManager : Event: ======'player_shot_r_u_rotate_enabled'====== Args={'value': True, 'prev_value': 0, 'change': 1, 'player_num': 1}
2024-05-06 21:55:24,473 : INFO : EventManager : Event: ======'player_shot_r_s_rotate_enabled'====== Args={'value': True, 'prev_value': 0, 'change': 1, 'player_num': 1}
2024-05-06 21:55:24,473 : INFO : EventManager : Event: ======'player_shot_r_e_rotate_enabled'====== Args={'value': True, 'prev_value': 0, 'change': 1, 'player_num': 1}
2024-05-06 21:55:24,474 : INFO : EventManager : Event: ======'mode_lane_rotate_starting'====== Args={'player': 1, 'ball': 1, 'balls_remaining': 2, 'is_extra_ball': False}
2024-05-06 21:55:24,474 : INFO : EventManager : Event: ======'mode_start_ball_save_will_start'====== Args={'player': 1, 'ball': 1, 'balls_remaining': 2, 'is_extra_ball': False}
2024-05-06 21:55:24,475 : INFO : EventManager : Event: ======'mode_start_ball_save_starting'====== Args={'player': 1, 'ball': 1, 'balls_remaining': 2, 'is_extra_ball': False}
2024-05-06 21:55:24,475 : INFO : Mode.start_ball_save : Started. Priority: 100
2024-05-06 21:55:24,475 : INFO : EventManager : Event: ======'modes_active_modes_changed'====== Args={}
2024-05-06 21:55:24,475 : INFO : EventManager : Event: ======'mode_start_ball_save_started'====== Args={'player': 1, 'ball': 1, 'balls_remaining': 2, 'is_extra_ball': False}
2024-05-06 21:55:24,476 : INFO : EventManager : Event: ======'ball_save_ball_save_ball_save_enabled'====== Args={}
2024-05-06 21:55:24,476 : INFO : Mode.lane_rotate : Started. Priority: 100
2024-05-06 21:55:24,476 : INFO : EventManager : Event: ======'modes_active_modes_changed'====== Args={}
2024-05-06 21:55:24,476 : INFO : EventManager : Event: ======'mode_lane_rotate_started'====== Args={'player': 1, 'ball': 1, 'balls_remaining': 2, 'is_extra_ball': False}
2024-05-06 21:55:24,476 : INFO : Mode.mult_fleshy_qualify : Started. Priority: 100
2024-05-06 21:55:24,476 : INFO : EventManager : Event: ======'modes_active_modes_changed'====== Args={}
2024-05-06 21:55:24,476 : INFO : EventManager : Event: ======'mode_mult_fleshy_qualify_started'====== Args={'player': 1, 'ball': 1, 'balls_remaining': 2, 'is_extra_ball': False}
2024-05-06 21:55:24,478 : INFO : EventManager : Event: ======'single_player_ball_started'====== Args={}
2024-05-06 21:55:24,479 : INFO : EventManager : Event: ======'ball_start_target'====== Args={'target': 'playfield'}
2024-05-06 21:55:24,479 : INFO : ball_device.bd_trough : Setting up player-controlled eject. Balls: 1, Target: <playfield.playfield>, player_controlled_eject_event: None
2024-05-06 21:55:24,479 : INFO : ball_device.bd_trough : Adding 1 ball(s) to the eject_queue with target <playfield.playfield>.
2024-05-06 21:55:24,479 : INFO : EventManager : Event: ======'balldevice_balls_available'====== Args={}
2024-05-06 21:55:24,480 : INFO : ball_device.bd_trough : State: waiting_for_target_ready
2024-05-06 21:55:24,480 : INFO : EventManager : Event: ======'balldevice_bd_trough_ball_eject_attempt'====== Args={'balls': 1, 'target': <playfield.playfield>, 'source': <ball_device.bd_trough>, 'mechanical_eject': False, 'num_attempts': 0}
2024-05-06 21:55:24,480 : INFO : ball_device.bd_trough : State: ejecting
2024-05-06 21:55:24,480 : INFO : ball_device.bd_trough : Ejecting ball to <playfield.playfield>
2024-05-06 21:55:24,480 : INFO : EventManager : Event: ======'balldevice_bd_trough_ejecting_ball'====== Args={'balls': 1, 'target': <playfield.playfield>, 'source': <ball_device.bd_trough>, 'mechanical_eject': False, 'num_attempts': 0}
2024-05-06 21:55:24,480 : INFO : EventManager : Event: ======'ball_save_ball_save_ball_save_timer_start'====== Args={}
2024-05-06 21:55:24,481 : INFO : ball_device.bd_trough : Wait for ball to leave device
2024-05-06 21:55:24,481 : INFO : coil.c_trough : Pulsing Driver for 14ms (1.0 pulse_power)
2024-05-06 21:55:24,552 : INFO : EventManager : Event: ======'slide_base_created'====== Args={'_from_bcp': True}
2024-05-06 21:55:24,552 : INFO : EventManager : Event: ======'slide_attract_inactive'====== Args={'_from_bcp': True}
2024-05-06 21:55:24,552 : INFO : EventManager : Event: ======'slide_base_active'====== Args={'original_context': 'base', 'original_calling_context': 'mode_base_started', 'queue': '<QueuedEvent>', 'cmd': 'slides_play', '_from_bcp': True}
2024-05-06 21:55:26,482 : INFO : EventManager : Event: ======'balldevice_bd_trough_ball_eject_failed'====== Args={'target': <playfield.playfield>, 'balls': 1, 'retry': True, 'num_attempts': 1}
2024-05-06 21:55:26,483 : INFO : ball_device.bd_trough : State: waiting_for_target_ready
2024-05-06 21:55:26,484 : INFO : EventManager : Event: ======'balldevice_bd_trough_ball_eject_attempt'====== Args={'balls': 1, 'target': <playfield.playfield>, 'source': <ball_device.bd_trough>, 'mechanical_eject': False, 'num_attempts': 1}
2024-05-06 21:55:26,484 : INFO : ball_device.bd_trough : State: ejecting
2024-05-06 21:55:26,485 : INFO : ball_device.bd_trough : Ejecting ball to <playfield.playfield>
2024-05-06 21:55:26,485 : INFO : EventManager : Event: ======'balldevice_bd_trough_ejecting_ball'====== Args={'balls': 1, 'target': <playfield.playfield>, 'source': <ball_device.bd_trough>, 'mechanical_eject': False, 'num_attempts': 1}
2024-05-06 21:55:26,486 : INFO : ball_device.bd_trough : Wait for ball to leave device
2024-05-06 21:55:26,486 : INFO : coil.c_trough : Pulsing Driver for 14ms (1.0 pulse_power)
2024-05-06 21:55:27,482 : INFO : EventManager : Event: ======'ball_save_ball_save_ball_save_hurry_up'====== Args={}
2024-05-06 21:55:28,487 : INFO : EventManager : Event: ======'balldevice_bd_trough_ball_eject_failed'====== Args={'target': <playfield.playfield>, 'balls': 1, 'retry': True, 'num_attempts': 2}
2024-05-06 21:55:28,490 : INFO : ball_device.bd_trough : State: waiting_for_target_ready
2024-05-06 21:55:28,491 : INFO : EventManager : Event: ======'balldevice_bd_trough_ball_eject_attempt'====== Args={'balls': 1, 'target': <playfield.playfield>, 'source': <ball_device.bd_trough>, 'mechanical_eject': False, 'num_attempts': 2}
2024-05-06 21:55:28,491 : INFO : ball_device.bd_trough : State: ejecting
2024-05-06 21:55:28,491 : INFO : ball_device.bd_trough : Ejecting ball to <playfield.playfield>
2024-05-06 21:55:28,491 : INFO : EventManager : Event: ======'balldevice_bd_trough_ejecting_ball'====== Args={'balls': 1, 'target': <playfield.playfield>, 'source': <ball_device.bd_trough>, 'mechanical_eject': False, 'num_attempts': 2}
2024-05-06 21:55:28,493 : INFO : ball_device.bd_trough : Wait for ball to leave device
2024-05-06 21:55:28,493 : INFO : coil.c_trough : Pulsing Driver for 14ms (1.0 pulse_power)
2024-05-06 21:55:29,482 : INFO : EventManager : Event: ======'ball_save_ball_save_ball_save_disabled'====== Args={}
2024-05-06 21:55:30,494 : INFO : EventManager : Event: ======'balldevice_bd_trough_ball_eject_failed'====== Args={'target': <playfield.playfield>, 'balls': 1, 'retry': True, 'num_attempts': 3}
2024-05-06 21:55:30,496 : INFO : ball_device.bd_trough : State: waiting_for_target_ready
2024-05-06 21:55:30,496 : INFO : EventManager : Event: ======'balldevice_bd_trough_ball_eject_attempt'====== Args={'balls': 1, 'target': <playfield.playfield>, 'source': <ball_device.bd_trough>, 'mechanical_eject': False, 'num_attempts': 3}
2024-05-06 21:55:30,497 : INFO : ball_device.bd_trough : State: ejecting
2024-05-06 21:55:30,498 : INFO : ball_device.bd_trough : Ejecting ball to <playfield.playfield>
2024-05-06 21:55:30,498 : INFO : EventManager : Event: ======'balldevice_bd_trough_ejecting_ball'====== Args={'balls': 1, 'target': <playfield.playfield>, 'source': <ball_device.bd_trough>, 'mechanical_eject': False, 'num_attempts': 3}
2024-05-06 21:55:30,499 : INFO : ball_device.bd_trough : Wait for ball to leave device
2024-05-06 21:55:30,499 : INFO : coil.c_trough : Pulsing Driver for 14ms (1.0 pulse_power)
2024-05-06 21:55:32,500 : INFO : EventManager : Event: ======'balldevice_bd_trough_ball_eject_failed'====== Args={'target': <playfield.playfield>, 'balls': 1, 'retry': True, 'num_attempts': 4}
2024-05-06 21:55:32,502 : INFO : ball_device.bd_trough : State: waiting_for_target_ready
2024-05-06 21:55:32,502 : INFO : EventManager : Event: ======'balldevice_bd_trough_ball_eject_attempt'====== Args={'balls': 1, 'target': <playfield.playfield>, 'source': <ball_device.bd_trough>, 'mechanical_eject': False, 'num_attempts': 4}
2024-05-06 21:55:32,503 : INFO : ball_device.bd_trough : State: ejecting
2024-05-06 21:55:32,503 : INFO : ball_device.bd_trough : Ejecting ball to <playfield.playfield>
2024-05-06 21:55:32,503 : INFO : EventManager : Event: ======'balldevice_bd_trough_ejecting_ball'====== Args={'balls': 1, 'target': <playfield.playfield>, 'source': <ball_device.bd_trough>, 'mechanical_eject': False, 'num_attempts': 4}
2024-05-06 21:55:32,505 : INFO : ball_device.bd_trough : Wait for ball to leave device
2024-05-06 21:55:32,505 : INFO : coil.c_trough : Pulsing Driver for 14ms (1.0 pulse_power)
2024-05-06 21:55:34,507 : INFO : EventManager : Event: ======'balldevice_bd_trough_ball_eject_failed'====== Args={'target': <playfield.playfield>, 'balls': 1, 'retry': True, 'num_attempts': 5}
2024-05-06 21:55:34,509 : INFO : ball_device.bd_trough : State: waiting_for_target_ready
2024-05-06 21:55:34,509 : INFO : EventManager : Event: ======'balldevice_bd_trough_ball_eject_attempt'====== Args={'balls': 1, 'target': <playfield.playfield>, 'source': <ball_device.bd_trough>, 'mechanical_eject': False, 'num_attempts': 5}
2024-05-06 21:55:34,510 : INFO : ball_device.bd_trough : State: ejecting
2024-05-06 21:55:34,511 : INFO : ball_device.bd_trough : Ejecting ball to <playfield.playfield>
2024-05-06 21:55:34,511 : INFO : EventManager : Event: ======'balldevice_bd_trough_ejecting_ball'====== Args={'balls': 1, 'target': <playfield.playfield>, 'source': <ball_device.bd_trough>, 'mechanical_eject': False, 'num_attempts': 5}
2024-05-06 21:55:34,512 : INFO : ball_device.bd_trough : Wait for ball to leave device
2024-05-06 21:55:34,512 : INFO : coil.c_trough : Pulsing Driver for 14ms (1.0 pulse_power)
2024-05-06 21:55:36,513 : INFO : EventManager : Event: ======'balldevice_bd_trough_ball_eject_failed'====== Args={'target': <playfield.playfield>, 'balls': 1, 'retry': True, 'num_attempts': 6}
2024-05-06 21:55:36,515 : INFO : ball_device.bd_trough : State: waiting_for_target_ready
2024-05-06 21:55:36,516 : INFO : EventManager : Event: ======'balldevice_bd_trough_ball_eject_attempt'====== Args={'balls': 1, 'target': <playfield.playfield>, 'source': <ball_device.bd_trough>, 'mechanical_eject': False, 'num_attempts': 6}
2024-05-06 21:55:36,516 : INFO : ball_device.bd_trough : State: ejecting
2024-05-06 21:55:36,517 : INFO : ball_device.bd_trough : Ejecting ball to <playfield.playfield>
2024-05-06 21:55:36,517 : INFO : EventManager : Event: ======'balldevice_bd_trough_ejecting_ball'====== Args={'balls': 1, 'target': <playfield.playfield>, 'source': <ball_device.bd_trough>, 'mechanical_eject': False, 'num_attempts': 6}
2024-05-06 21:55:36,518 : INFO : ball_device.bd_trough : Wait for ball to leave device
2024-05-06 21:55:36,519 : INFO : coil.c_trough : Pulsing Driver for 14ms (1.0 pulse_power)
2024-05-06 21:55:38,520 : INFO : EventManager : Event: ======'balldevice_bd_trough_ball_eject_failed'====== Args={'target': <playfield.playfield>, 'balls': 1, 'retry': True, 'num_attempts': 7}
2024-05-06 21:55:38,522 : INFO : ball_device.bd_trough : State: waiting_for_target_ready
2024-05-06 21:55:38,522 : INFO : EventManager : Event: ======'balldevice_bd_trough_ball_eject_attempt'====== Args={'balls': 1, 'target': <playfield.playfield>, 'source': <ball_device.bd_trough>, 'mechanical_eject': False, 'num_attempts': 7}
2024-05-06 21:55:38,523 : INFO : ball_device.bd_trough : State: ejecting
2024-05-06 21:55:38,523 : INFO : ball_device.bd_trough : Ejecting ball to <playfield.playfield>
2024-05-06 21:55:38,523 : INFO : EventManager : Event: ======'balldevice_bd_trough_ejecting_ball'====== Args={'balls': 1, 'target': <playfield.playfield>, 'source': <ball_device.bd_trough>, 'mechanical_eject': False, 'num_attempts': 7}
2024-05-06 21:55:38,524 : INFO : ball_device.bd_trough : Wait for ball to leave device
2024-05-06 21:55:38,524 : INFO : coil.c_trough : Pulsing Driver for 14ms (1.0 pulse_power)
2024-05-06 21:55:40,526 : INFO : EventManager : Event: ======'balldevice_bd_trough_ball_eject_failed'====== Args={'target': <playfield.playfield>, 'balls': 1, 'retry': True, 'num_attempts': 8}
2024-05-06 21:55:40,528 : INFO : ball_device.bd_trough : State: waiting_for_target_ready
2024-05-06 21:55:40,528 : INFO : EventManager : Event: ======'balldevice_bd_trough_ball_eject_attempt'====== Args={'balls': 1, 'target': <playfield.playfield>, 'source': <ball_device.bd_trough>, 'mechanical_eject': False, 'num_attempts': 8}
2024-05-06 21:55:40,529 : INFO : ball_device.bd_trough : State: ejecting
2024-05-06 21:55:40,529 : INFO : ball_device.bd_trough : Ejecting ball to <playfield.playfield>
2024-05-06 21:55:40,529 : INFO : EventManager : Event: ======'balldevice_bd_trough_ejecting_ball'====== Args={'balls': 1, 'target': <playfield.playfield>, 'source': <ball_device.bd_trough>, 'mechanical_eject': False, 'num_attempts': 8}
2024-05-06 21:55:40,531 : INFO : ball_device.bd_trough : Wait for ball to leave device
2024-05-06 21:55:40,531 : INFO : coil.c_trough : Pulsing Driver for 14ms (1.0 pulse_power)
2024-05-06 21:55:42,532 : INFO : EventManager : Event: ======'balldevice_bd_trough_ball_eject_failed'====== Args={'target': <playfield.playfield>, 'balls': 1, 'retry': True, 'num_attempts': 9}
2024-05-06 21:55:42,535 : INFO : ball_device.bd_trough : State: waiting_for_target_ready
2024-05-06 21:55:42,535 : INFO : EventManager : Event: ======'balldevice_bd_trough_ball_eject_attempt'====== Args={'balls': 1, 'target': <playfield.playfield>, 'source': <ball_device.bd_trough>, 'mechanical_eject': False, 'num_attempts': 9}
2024-05-06 21:55:42,536 : INFO : ball_device.bd_trough : State: ejecting
2024-05-06 21:55:42,537 : INFO : ball_device.bd_trough : Ejecting ball to <playfield.playfield>
2024-05-06 21:55:42,537 : INFO : EventManager : Event: ======'balldevice_bd_trough_ejecting_ball'====== Args={'balls': 1, 'target': <playfield.playfield>, 'source': <ball_device.bd_trough>, 'mechanical_eject': False, 'num_attempts': 9}
2024-05-06 21:55:42,539 : INFO : ball_device.bd_trough : Wait for ball to leave device
2024-05-06 21:55:42,539 : INFO : coil.c_trough : Pulsing Driver for 14ms (1.0 pulse_power)
2024-05-06 21:55:44,541 : INFO : EventManager : Event: ======'balldevice_bd_trough_ball_eject_failed'====== Args={'target': <playfield.playfield>, 'balls': 1, 'retry': True, 'num_attempts': 10}
2024-05-06 21:55:44,543 : INFO : ball_device.bd_trough : State: waiting_for_target_ready
2024-05-06 21:55:44,544 : INFO : EventManager : Event: ======'balldevice_bd_trough_ball_eject_attempt'====== Args={'balls': 1, 'target': <playfield.playfield>, 'source': <ball_device.bd_trough>, 'mechanical_eject': False, 'num_attempts': 10}
2024-05-06 21:55:44,544 : INFO : ball_device.bd_trough : State: ejecting
2024-05-06 21:55:44,545 : INFO : ball_device.bd_trough : Ejecting ball to <playfield.playfield>
2024-05-06 21:55:44,545 : INFO : EventManager : Event: ======'balldevice_bd_trough_ejecting_ball'====== Args={'balls': 1, 'target': <playfield.playfield>, 'source': <ball_device.bd_trough>, 'mechanical_eject': False, 'num_attempts': 10}
2024-05-06 21:55:44,546 : INFO : ball_device.bd_trough : Wait for ball to leave device
2024-05-06 21:55:44,546 : INFO : coil.c_trough : Pulsing Driver for 14ms (1.0 pulse_power)
2024-05-06 21:55:46,547 : INFO : EventManager : Event: ======'balldevice_bd_trough_ball_eject_failed'====== Args={'target': <playfield.playfield>, 'balls': 1, 'retry': True, 'num_attempts': 11}
2024-05-06 21:55:46,548 : INFO : ball_device.bd_trough : State: waiting_for_target_ready
2024-05-06 21:55:46,549 : INFO : EventManager : Event: ======'balldevice_bd_trough_ball_eject_attempt'====== Args={'balls': 1, 'target': <playfield.playfield>, 'source': <ball_device.bd_trough>, 'mechanical_eject': False, 'num_attempts': 11}
2024-05-06 21:55:46,549 : INFO : ball_device.bd_trough : State: ejecting
2024-05-06 21:55:46,550 : INFO : ball_device.bd_trough : Ejecting ball to <playfield.playfield>
2024-05-06 21:55:46,550 : INFO : EventManager : Event: ======'balldevice_bd_trough_ejecting_ball'====== Args={'balls': 1, 'target': <playfield.playfield>, 'source': <ball_device.bd_trough>, 'mechanical_eject': False, 'num_attempts': 11}
2024-05-06 21:55:46,551 : INFO : ball_device.bd_trough : Wait for ball to leave device
2024-05-06 21:55:46,552 : INFO : coil.c_trough : Pulsing Driver for 14ms (1.0 pulse_power)
2024-05-06 21:55:48,553 : INFO : EventManager : Event: ======'balldevice_bd_trough_ball_eject_failed'====== Args={'target': <playfield.playfield>, 'balls': 1, 'retry': True, 'num_attempts': 12}
2024-05-06 21:55:48,559 : INFO : ball_device.bd_trough : State: waiting_for_target_ready
2024-05-06 21:55:48,561 : INFO : EventManager : Event: ======'balldevice_bd_trough_ball_eject_attempt'====== Args={'balls': 1, 'target': <playfield.playfield>, 'source': <ball_device.bd_trough>, 'mechanical_eject': False, 'num_attempts': 12}
2024-05-06 21:55:48,563 : INFO : ball_device.bd_trough : State: ejecting
2024-05-06 21:55:48,563 : INFO : ball_device.bd_trough : Ejecting ball to <playfield.playfield>
2024-05-06 21:55:48,563 : INFO : EventManager : Event: ======'balldevice_bd_trough_ejecting_ball'====== Args={'balls': 1, 'target': <playfield.playfield>, 'source': <ball_device.bd_trough>, 'mechanical_eject': False, 'num_attempts': 12}
2024-05-06 21:55:48,566 : INFO : ball_device.bd_trough : Wait for ball to leave device
2024-05-06 21:55:48,566 : INFO : coil.c_trough : Pulsing Driver for 14ms (1.0 pulse_power)
2024-05-06 21:55:50,567 : INFO : EventManager : Event: ======'balldevice_bd_trough_ball_eject_failed'====== Args={'target': <playfield.playfield>, 'balls': 1, 'retry': True, 'num_attempts': 13}
2024-05-06 21:55:50,569 : INFO : ball_device.bd_trough : State: waiting_for_target_ready
2024-05-06 21:55:50,570 : INFO : EventManager : Event: ======'balldevice_bd_trough_ball_eject_attempt'====== Args={'balls': 1, 'target': <playfield.playfield>, 'source': <ball_device.bd_trough>, 'mechanical_eject': False, 'num_attempts': 13}
2024-05-06 21:55:50,571 : INFO : ball_device.bd_trough : State: ejecting
2024-05-06 21:55:50,571 : INFO : ball_device.bd_trough : Ejecting ball to <playfield.playfield>
2024-05-06 21:55:50,571 : INFO : EventManager : Event: ======'balldevice_bd_trough_ejecting_ball'====== Args={'balls': 1, 'target': <playfield.playfield>, 'source': <ball_device.bd_trough>, 'mechanical_eject': False, 'num_attempts': 13}
2024-05-06 21:55:50,572 : INFO : ball_device.bd_trough : Wait for ball to leave device
2024-05-06 21:55:50,573 : INFO : coil.c_trough : Pulsing Driver for 14ms (1.0 pulse_power)
2024-05-06 21:55:52,574 : INFO : EventManager : Event: ======'balldevice_bd_trough_ball_eject_failed'====== Args={'target': <playfield.playfield>, 'balls': 1, 'retry': True, 'num_attempts': 14}
2024-05-06 21:55:52,576 : INFO : ball_device.bd_trough : State: waiting_for_target_ready
2024-05-06 21:55:52,576 : INFO : EventManager : Event: ======'balldevice_bd_trough_ball_eject_attempt'====== Args={'balls': 1, 'target': <playfield.playfield>, 'source': <ball_device.bd_trough>, 'mechanical_eject': False, 'num_attempts': 14}
2024-05-06 21:55:52,577 : INFO : ball_device.bd_trough : State: ejecting
2024-05-06 21:55:52,577 : INFO : ball_device.bd_trough : Ejecting ball to <playfield.playfield>
2024-05-06 21:55:52,577 : INFO : EventManager : Event: ======'balldevice_bd_trough_ejecting_ball'====== Args={'balls': 1, 'target': <playfield.playfield>, 'source': <ball_device.bd_trough>, 'mechanical_eject': False, 'num_attempts': 14}
2024-05-06 21:55:52,579 : INFO : ball_device.bd_trough : Wait for ball to leave device
2024-05-06 21:55:52,579 : INFO : coil.c_trough : Pulsing Driver for 14ms (1.0 pulse_power)
2024-05-06 21:55:54,581 : INFO : EventManager : Event: ======'balldevice_bd_trough_ball_eject_failed'====== Args={'target': <playfield.playfield>, 'balls': 1, 'retry': True, 'num_attempts': 15}
2024-05-06 21:55:54,583 : INFO : ball_device.bd_trough : State: waiting_for_target_ready
2024-05-06 21:55:54,583 : INFO : EventManager : Event: ======'balldevice_bd_trough_ball_eject_attempt'====== Args={'balls': 1, 'target': <playfield.playfield>, 'source': <ball_device.bd_trough>, 'mechanical_eject': False, 'num_attempts': 15}
2024-05-06 21:55:54,584 : INFO : ball_device.bd_trough : State: ejecting
2024-05-06 21:55:54,584 : INFO : ball_device.bd_trough : Ejecting ball to <playfield.playfield>
2024-05-06 21:55:54,584 : INFO : EventManager : Event: ======'balldevice_bd_trough_ejecting_ball'====== Args={'balls': 1, 'target': <playfield.playfield>, 'source': <ball_device.bd_trough>, 'mechanical_eject': False, 'num_attempts': 15}
2024-05-06 21:55:54,585 : INFO : ball_device.bd_trough : Wait for ball to leave device
2024-05-06 21:55:54,585 : INFO : coil.c_trough : Pulsing Driver for 14ms (1.0 pulse_power)
2024-05-06 21:55:56,586 : INFO : EventManager : Event: ======'balldevice_bd_trough_ball_eject_failed'====== Args={'target': <playfield.playfield>, 'balls': 1, 'retry': True, 'num_attempts': 16}
2024-05-06 21:55:56,588 : INFO : ball_device.bd_trough : State: waiting_for_target_ready
2024-05-06 21:55:56,589 : INFO : EventManager : Event: ======'balldevice_bd_trough_ball_eject_attempt'====== Args={'balls': 1, 'target': <playfield.playfield>, 'source': <ball_device.bd_trough>, 'mechanical_eject': False, 'num_attempts': 16}
2024-05-06 21:55:56,589 : INFO : ball_device.bd_trough : State: ejecting
2024-05-06 21:55:56,589 : INFO : ball_device.bd_trough : Ejecting ball to <playfield.playfield>
2024-05-06 21:55:56,589 : INFO : EventManager : Event: ======'balldevice_bd_trough_ejecting_ball'====== Args={'balls': 1, 'target': <playfield.playfield>, 'source': <ball_device.bd_trough>, 'mechanical_eject': False, 'num_attempts': 16}
2024-05-06 21:55:56,591 : INFO : ball_device.bd_trough : Wait for ball to leave device
2024-05-06 21:55:56,591 : INFO : coil.c_trough : Pulsing Driver for 14ms (1.0 pulse_power)
2024-05-06 21:55:58,592 : INFO : EventManager : Event: ======'balldevice_bd_trough_ball_eject_failed'====== Args={'target': <playfield.playfield>, 'balls': 1, 'retry': True, 'num_attempts': 17}
2024-05-06 21:55:58,596 : INFO : ball_device.bd_trough : State: waiting_for_target_ready
2024-05-06 21:55:58,596 : INFO : EventManager : Event: ======'balldevice_bd_trough_ball_eject_attempt'====== Args={'balls': 1, 'target': <playfield.playfield>, 'source': <ball_device.bd_trough>, 'mechanical_eject': False, 'num_attempts': 17}
2024-05-06 21:55:58,597 : INFO : ball_device.bd_trough : State: ejecting
2024-05-06 21:55:58,598 : INFO : ball_device.bd_trough : Ejecting ball to <playfield.playfield>
2024-05-06 21:55:58,598 : INFO : EventManager : Event: ======'balldevice_bd_trough_ejecting_ball'====== Args={'balls': 1, 'target': <playfield.playfield>, 'source': <ball_device.bd_trough>, 'mechanical_eject': False, 'num_attempts': 17}
2024-05-06 21:55:58,600 : INFO : ball_device.bd_trough : Wait for ball to leave device
2024-05-06 21:55:58,600 : INFO : coil.c_trough : Pulsing Driver for 14ms (1.0 pulse_power)
2024-05-06 21:56:00,602 : INFO : EventManager : Event: ======'balldevice_bd_trough_ball_eject_failed'====== Args={'target': <playfield.playfield>, 'balls': 1, 'retry': True, 'num_attempts': 18}
2024-05-06 21:56:00,604 : INFO : ball_device.bd_trough : State: waiting_for_target_ready
2024-05-06 21:56:00,605 : INFO : EventManager : Event: ======'balldevice_bd_trough_ball_eject_attempt'====== Args={'balls': 1, 'target': <playfield.playfield>, 'source': <ball_device.bd_trough>, 'mechanical_eject': False, 'num_attempts': 18}
2024-05-06 21:56:00,606 : INFO : ball_device.bd_trough : State: ejecting
2024-05-06 21:56:00,606 : INFO : ball_device.bd_trough : Ejecting ball to <playfield.playfield>
2024-05-06 21:56:00,606 : INFO : EventManager : Event: ======'balldevice_bd_trough_ejecting_ball'====== Args={'balls': 1, 'target': <playfield.playfield>, 'source': <ball_device.bd_trough>, 'mechanical_eject': False, 'num_attempts': 18}
2024-05-06 21:56:00,608 : INFO : ball_device.bd_trough : Wait for ball to leave device
2024-05-06 21:56:00,608 : INFO : coil.c_trough : Pulsing Driver for 14ms (1.0 pulse_power)
2024-05-06 21:56:02,609 : INFO : EventManager : Event: ======'balldevice_bd_trough_ball_eject_failed'====== Args={'target': <playfield.playfield>, 'balls': 1, 'retry': True, 'num_attempts': 19}
2024-05-06 21:56:02,611 : INFO : ball_device.bd_trough : State: waiting_for_target_ready
2024-05-06 21:56:02,611 : INFO : EventManager : Event: ======'balldevice_bd_trough_ball_eject_attempt'====== Args={'balls': 1, 'target': <playfield.playfield>, 'source': <ball_device.bd_trough>, 'mechanical_eject': False, 'num_attempts': 19}
2024-05-06 21:56:02,612 : INFO : ball_device.bd_trough : State: ejecting
2024-05-06 21:56:02,612 : INFO : ball_device.bd_trough : Ejecting ball to <playfield.playfield>
2024-05-06 21:56:02,612 : INFO : EventManager : Event: ======'balldevice_bd_trough_ejecting_ball'====== Args={'balls': 1, 'target': <playfield.playfield>, 'source': <ball_device.bd_trough>, 'mechanical_eject': False, 'num_attempts': 19}
2024-05-06 21:56:02,613 : INFO : ball_device.bd_trough : Wait for ball to leave device
2024-05-06 21:56:02,613 : INFO : coil.c_trough : Pulsing Driver for 14ms (1.0 pulse_power)
2024-05-06 21:56:04,615 : INFO : EventManager : Event: ======'balldevice_bd_trough_ball_eject_failed'====== Args={'target': <playfield.playfield>, 'balls': 1, 'retry': True, 'num_attempts': 20}
2024-05-06 21:56:04,617 : INFO : ball_device.bd_trough : State: waiting_for_target_ready
2024-05-06 21:56:04,618 : INFO : EventManager : Event: ======'balldevice_bd_trough_ball_eject_attempt'====== Args={'balls': 1, 'target': <playfield.playfield>, 'source': <ball_device.bd_trough>, 'mechanical_eject': False, 'num_attempts': 20}
2024-05-06 21:56:04,618 : INFO : ball_device.bd_trough : State: ejecting
2024-05-06 21:56:04,619 : INFO : ball_device.bd_trough : Ejecting ball to <playfield.playfield>
2024-05-06 21:56:04,619 : INFO : EventManager : Event: ======'balldevice_bd_trough_ejecting_ball'====== Args={'balls': 1, 'target': <playfield.playfield>, 'source': <ball_device.bd_trough>, 'mechanical_eject': False, 'num_attempts': 20}
2024-05-06 21:56:04,620 : INFO : ball_device.bd_trough : Wait for ball to leave device
2024-05-06 21:56:04,621 : INFO : coil.c_trough : Pulsing Driver for 14ms (1.0 pulse_power)
2024-05-06 21:56:06,622 : INFO : EventManager : Event: ======'balldevice_bd_trough_ball_eject_failed'====== Args={'target': <playfield.playfield>, 'balls': 1, 'retry': True, 'num_attempts': 21}
2024-05-06 21:56:06,624 : INFO : ball_device.bd_trough : State: waiting_for_target_ready
2024-05-06 21:56:06,624 : INFO : EventManager : Event: ======'balldevice_bd_trough_ball_eject_attempt'====== Args={'balls': 1, 'target': <playfield.playfield>, 'source': <ball_device.bd_trough>, 'mechanical_eject': False, 'num_attempts': 21}
2024-05-06 21:56:06,625 : INFO : ball_device.bd_trough : State: ejecting
2024-05-06 21:56:06,625 : INFO : ball_device.bd_trough : Ejecting ball to <playfield.playfield>
2024-05-06 21:56:06,625 : INFO : EventManager : Event: ======'balldevice_bd_trough_ejecting_ball'====== Args={'balls': 1, 'target': <playfield.playfield>, 'source': <ball_device.bd_trough>, 'mechanical_eject': False, 'num_attempts': 21}
2024-05-06 21:56:06,627 : INFO : ball_device.bd_trough : Wait for ball to leave device
2024-05-06 21:56:06,627 : INFO : coil.c_trough : Pulsing Driver for 14ms (1.0 pulse_power)
2024-05-06 21:56:08,629 : INFO : EventManager : Event: ======'balldevice_bd_trough_ball_eject_failed'====== Args={'target': <playfield.playfield>, 'balls': 1, 'retry': True, 'num_attempts': 22}
2024-05-06 21:56:08,631 : INFO : ball_device.bd_trough : State: waiting_for_target_ready
2024-05-06 21:56:08,632 : INFO : EventManager : Event: ======'balldevice_bd_trough_ball_eject_attempt'====== Args={'balls': 1, 'target': <playfield.playfield>, 'source': <ball_device.bd_trough>, 'mechanical_eject': False, 'num_attempts': 22}
2024-05-06 21:56:08,632 : INFO : ball_device.bd_trough : State: ejecting
2024-05-06 21:56:08,633 : INFO : ball_device.bd_trough : Ejecting ball to <playfield.playfield>
2024-05-06 21:56:08,633 : INFO : EventManager : Event: ======'balldevice_bd_trough_ejecting_ball'====== Args={'balls': 1, 'target': <playfield.playfield>, 'source': <ball_device.bd_trough>, 'mechanical_eject': False, 'num_attempts': 22}
2024-05-06 21:56:08,634 : INFO : ball_device.bd_trough : Wait for ball to leave device
2024-05-06 21:56:08,635 : INFO : coil.c_trough : Pulsing Driver for 14ms (1.0 pulse_power)
2024-05-06 21:56:10,636 : INFO : EventManager : Event: ======'balldevice_bd_trough_ball_eject_failed'====== Args={'target': <playfield.playfield>, 'balls': 1, 'retry': True, 'num_attempts': 23}
2024-05-06 21:56:10,639 : INFO : ball_device.bd_trough : State: waiting_for_target_ready
2024-05-06 21:56:10,639 : INFO : EventManager : Event: ======'balldevice_bd_trough_ball_eject_attempt'====== Args={'balls': 1, 'target': <playfield.playfield>, 'source': <ball_device.bd_trough>, 'mechanical_eject': False, 'num_attempts': 23}
2024-05-06 21:56:10,640 : INFO : ball_device.bd_trough : State: ejecting
2024-05-06 21:56:10,641 : INFO : ball_device.bd_trough : Ejecting ball to <playfield.playfield>
2024-05-06 21:56:10,641 : INFO : EventManager : Event: ======'balldevice_bd_trough_ejecting_ball'====== Args={'balls': 1, 'target': <playfield.playfield>, 'source': <ball_device.bd_trough>, 'mechanical_eject': False, 'num_attempts': 23}
2024-05-06 21:56:10,643 : INFO : ball_device.bd_trough : Wait for ball to leave device
2024-05-06 21:56:10,644 : INFO : coil.c_trough : Pulsing Driver for 14ms (1.0 pulse_power)
2024-05-06 21:56:12,644 : INFO : EventManager : Event: ======'balldevice_bd_trough_ball_eject_failed'====== Args={'target': <playfield.playfield>, 'balls': 1, 'retry': True, 'num_attempts': 24}
2024-05-06 21:56:12,646 : INFO : ball_device.bd_trough : State: waiting_for_target_ready
2024-05-06 21:56:12,646 : INFO : EventManager : Event: ======'balldevice_bd_trough_ball_eject_attempt'====== Args={'balls': 1, 'target': <playfield.playfield>, 'source': <ball_device.bd_trough>, 'mechanical_eject': False, 'num_attempts': 24}
2024-05-06 21:56:12,647 : INFO : ball_device.bd_trough : State: ejecting
2024-05-06 21:56:12,647 : INFO : ball_device.bd_trough : Ejecting ball to <playfield.playfield>
2024-05-06 21:56:12,647 : INFO : EventManager : Event: ======'balldevice_bd_trough_ejecting_ball'====== Args={'balls': 1, 'target': <playfield.playfield>, 'source': <ball_device.bd_trough>, 'mechanical_eject': False, 'num_attempts': 24}
2024-05-06 21:56:12,648 : INFO : ball_device.bd_trough : Wait for ball to leave device
2024-05-06 21:56:12,648 : INFO : coil.c_trough : Pulsing Driver for 14ms (1.0 pulse_power)
2024-05-06 21:56:14,649 : INFO : EventManager : Event: ======'balldevice_bd_trough_ball_eject_failed'====== Args={'target': <playfield.playfield>, 'balls': 1, 'retry': True, 'num_attempts': 25}
2024-05-06 21:56:14,651 : INFO : ball_device.bd_trough : State: waiting_for_target_ready
2024-05-06 21:56:14,652 : INFO : EventManager : Event: ======'balldevice_bd_trough_ball_eject_attempt'====== Args={'balls': 1, 'target': <playfield.playfield>, 'source': <ball_device.bd_trough>, 'mechanical_eject': False, 'num_attempts': 25}
2024-05-06 21:56:14,653 : INFO : ball_device.bd_trough : State: ejecting
2024-05-06 21:56:14,653 : INFO : ball_device.bd_trough : Ejecting ball to <playfield.playfield>
2024-05-06 21:56:14,653 : INFO : EventManager : Event: ======'balldevice_bd_trough_ejecting_ball'====== Args={'balls': 1, 'target': <playfield.playfield>, 'source': <ball_device.bd_trough>, 'mechanical_eject': False, 'num_attempts': 25}
2024-05-06 21:56:14,654 : INFO : ball_device.bd_trough : Wait for ball to leave device
2024-05-06 21:56:14,654 : INFO : coil.c_trough : Pulsing Driver for 14ms (1.0 pulse_power)
2024-05-06 21:56:16,655 : INFO : EventManager : Event: ======'balldevice_bd_trough_ball_eject_failed'====== Args={'target': <playfield.playfield>, 'balls': 1, 'retry': True, 'num_attempts': 26}
2024-05-06 21:56:16,657 : INFO : ball_device.bd_trough : State: waiting_for_target_ready
2024-05-06 21:56:16,657 : INFO : EventManager : Event: ======'balldevice_bd_trough_ball_eject_attempt'====== Args={'balls': 1, 'target': <playfield.playfield>, 'source': <ball_device.bd_trough>, 'mechanical_eject': False, 'num_attempts': 26}
2024-05-06 21:56:16,658 : INFO : ball_device.bd_trough : State: ejecting
2024-05-06 21:56:16,659 : INFO : ball_device.bd_trough : Ejecting ball to <playfield.playfield>
2024-05-06 21:56:16,659 : INFO : EventManager : Event: ======'balldevice_bd_trough_ejecting_ball'====== Args={'balls': 1, 'target': <playfield.playfield>, 'source': <ball_device.bd_trough>, 'mechanical_eject': False, 'num_attempts': 26}
2024-05-06 21:56:16,660 : INFO : ball_device.bd_trough : Wait for ball to leave device
2024-05-06 21:56:16,660 : INFO : coil.c_trough : Pulsing Driver for 14ms (1.0 pulse_power)
2024-05-06 21:56:18,661 : INFO : EventManager : Event: ======'balldevice_bd_trough_ball_eject_failed'====== Args={'target': <playfield.playfield>, 'balls': 1, 'retry': True, 'num_attempts': 27}
2024-05-06 21:56:18,664 : INFO : ball_device.bd_trough : State: waiting_for_target_ready
2024-05-06 21:56:18,664 : INFO : EventManager : Event: ======'balldevice_bd_trough_ball_eject_attempt'====== Args={'balls': 1, 'target': <playfield.playfield>, 'source': <ball_device.bd_trough>, 'mechanical_eject': False, 'num_attempts': 27}
2024-05-06 21:56:18,665 : INFO : ball_device.bd_trough : State: ejecting
2024-05-06 21:56:18,665 : INFO : ball_device.bd_trough : Ejecting ball to <playfield.playfield>
2024-05-06 21:56:18,665 : INFO : EventManager : Event: ======'balldevice_bd_trough_ejecting_ball'====== Args={'balls': 1, 'target': <playfield.playfield>, 'source': <ball_device.bd_trough>, 'mechanical_eject': False, 'num_attempts': 27}
2024-05-06 21:56:18,667 : INFO : ball_device.bd_trough : Wait for ball to leave device
2024-05-06 21:56:18,668 : INFO : coil.c_trough : Pulsing Driver for 14ms (1.0 pulse_power)
2024-05-06 21:56:19,725 : INFO : Machine : Shutting down...
2024-05-06 21:56:19,725 : INFO : EventManager : Event: ======'shutdown'====== Args={}
2024-05-06 21:56:19,728 : INFO : EventManager : Event: ======'mode_game_will_stop'====== Args={}
2024-05-06 21:56:19,729 : INFO : EventManager : Event: ======'mode_game_stopping'====== Args={}
2024-05-06 21:56:19,729 : INFO : EventManager : Event: ======'mode_base_will_stop'====== Args={}
2024-05-06 21:56:19,729 : INFO : EventManager : Event: ======'mode_base_stopping'====== Args={}
2024-05-06 21:56:19,729 : INFO : EventManager : Event: ======'mode_mult_fleshy_qualify_will_stop'====== Args={}
2024-05-06 21:56:19,729 : INFO : EventManager : Event: ======'mode_mult_fleshy_qualify_stopping'====== Args={}
2024-05-06 21:56:19,730 : INFO : EventManager : Event: ======'mode_lane_rotate_will_stop'====== Args={}
2024-05-06 21:56:19,730 : INFO : EventManager : Event: ======'mode_lane_rotate_stopping'====== Args={}
2024-05-06 21:56:19,730 : INFO : EventManager : Event: ======'mode_start_ball_save_will_stop'====== Args={}
2024-05-06 21:56:19,730 : INFO : EventManager : Event: ======'mode_start_ball_save_stopping'====== Args={}
2024-05-06 21:56:19,730 : INFO : Mode.start_ball_save : Stopped.
2024-05-06 21:56:19,730 : INFO : EventManager : Event: ======'modes_active_modes_changed'====== Args={}
2024-05-06 21:56:19,731 : INFO : EventManager : Event: ======'mode_start_ball_save_stopped'====== Args={}
2024-05-06 21:56:19,731 : INFO : EventManager : Event: ======'clear'====== Args={'key': 'start_ball_save'}
2024-05-06 21:56:19,731 : INFO : Mode.lane_rotate : Stopped.
2024-05-06 21:56:19,731 : INFO : EventManager : Event: ======'modes_active_modes_changed'====== Args={}
2024-05-06 21:56:19,731 : INFO : EventManager : Event: ======'mode_lane_rotate_stopped'====== Args={}
2024-05-06 21:56:19,731 : INFO : EventManager : Event: ======'clear'====== Args={'key': 'lane_rotate'}
2024-05-06 21:56:19,732 : INFO : Mode.mult_fleshy_qualify : Stopped.
2024-05-06 21:56:19,732 : INFO : EventManager : Event: ======'modes_active_modes_changed'====== Args={}
2024-05-06 21:56:19,732 : INFO : EventManager : Event: ======'mode_mult_fleshy_qualify_stopped'====== Args={}
2024-05-06 21:56:19,732 : INFO : EventManager : Event: ======'clear'====== Args={'key': 'mult_fleshy_qualify'}
2024-05-06 21:56:19,732 : INFO : Mode.base : Stopped.
2024-05-06 21:56:19,732 : INFO : EventManager : Event: ======'modes_active_modes_changed'====== Args={}
2024-05-06 21:56:19,733 : INFO : EventManager : Event: ======'mode_base_stopped'====== Args={}
2024-05-06 21:56:19,733 : INFO : EventManager : Event: ======'clear'====== Args={'key': 'base'}
2024-05-06 21:56:19,734 : INFO : Mode.game : Stopped.
2024-05-06 21:56:19,734 : INFO : EventManager : Event: ======'modes_active_modes_changed'====== Args={}
2024-05-06 21:56:19,735 : INFO : EventManager : Event: ======'mode_game_stopped'====== Args={}
2024-05-06 21:56:19,735 : INFO : EventManager : Event: ======'clear'====== Args={'key': 'game'}
2024-05-06 21:56:19,740 : INFO : root : MPF run loop ended.
