2024-05-05 11:05:42,500 : INFO : root : Loading config.
2024-05-05 11:05:42,501 : INFO : YamlMultifileConfigLoader : Machine config file #1: config.yaml
2024-05-05 11:05:42,501 : INFO : ConfigProcessor : Loading config from cache: /var/folders/l2/q8hj_6s91xnb2jxg1sqm0h7r0000gn/T/479bffd5d2f40b527f859677e5b1aef9.mpf_cache
2024-05-05 11:05:42,526 : INFO : ConfigProcessor : Loading config from cache: /var/folders/l2/q8hj_6s91xnb2jxg1sqm0h7r0000gn/T/0481b880979d7ccc71369ad5f781c736.mpf_cache
2024-05-05 11:05:42,526 : INFO : ConfigProcessor : Loading config from cache: /var/folders/l2/q8hj_6s91xnb2jxg1sqm0h7r0000gn/T/9cfa8e96748dd80c23752180dbf36e5c.mpf_cache
2024-05-05 11:05:42,526 : INFO : ConfigProcessor : Loading config from cache: /var/folders/l2/q8hj_6s91xnb2jxg1sqm0h7r0000gn/T/0481b880979d7ccc71369ad5f781c736.mpf_cache
2024-05-05 11:05:42,526 : INFO : ConfigProcessor : Loading config from cache: /var/folders/l2/q8hj_6s91xnb2jxg1sqm0h7r0000gn/T/1875c266911f801b691956fe9e9284d6.mpf_cache
2024-05-05 11:05:42,527 : INFO : ConfigProcessor : Loading config from cache: /var/folders/l2/q8hj_6s91xnb2jxg1sqm0h7r0000gn/T/f97c90855879603280fcc571f5c42639.mpf_cache
2024-05-05 11:05:42,527 : INFO : ConfigProcessor : Loading config from cache: /var/folders/l2/q8hj_6s91xnb2jxg1sqm0h7r0000gn/T/5336ce152edc820b26f3a51a9f95779b.mpf_cache
2024-05-05 11:05:42,527 : INFO : ConfigProcessor : Loading config from cache: /var/folders/l2/q8hj_6s91xnb2jxg1sqm0h7r0000gn/T/3dbc438e88423aa3ff742db2713b600f.mpf_cache
2024-05-05 11:05:42,528 : INFO : ConfigProcessor : Loading config from cache: /var/folders/l2/q8hj_6s91xnb2jxg1sqm0h7r0000gn/T/154d071a3850556c6f3eae37bf41c8b6.mpf_cache
2024-05-05 11:05:42,528 : INFO : ConfigProcessor : Loading config from cache: /var/folders/l2/q8hj_6s91xnb2jxg1sqm0h7r0000gn/T/ab100dbe0e16472b56f0213f3842a00f.mpf_cache
2024-05-05 11:05:42,530 : INFO : ConfigProcessor : Loading config from cache: /var/folders/l2/q8hj_6s91xnb2jxg1sqm0h7r0000gn/T/f03ad90ccd2c053e9e5d10795d01f4ba.mpf_cache
2024-05-05 11:05:42,530 : INFO : ConfigProcessor : Loading config from cache: /var/folders/l2/q8hj_6s91xnb2jxg1sqm0h7r0000gn/T/0f3c951d4c93079ae3fac6429c5bc2ee.mpf_cache
2024-05-05 11:05:42,530 : INFO : ConfigProcessor : Loading config from cache: /var/folders/l2/q8hj_6s91xnb2jxg1sqm0h7r0000gn/T/8bf004783a280ac33d17b88f37848116.mpf_cache
2024-05-05 11:05:42,531 : INFO : ConfigProcessor : Loading config from cache: /var/folders/l2/q8hj_6s91xnb2jxg1sqm0h7r0000gn/T/d5d50eaa09e055f3a827c6269a3aa165.mpf_cache
2024-05-05 11:05:42,531 : INFO : ConfigProcessor : Loading config from cache: /var/folders/l2/q8hj_6s91xnb2jxg1sqm0h7r0000gn/T/eefb91dd78a2b4d0f2b86f7f7cb501a3.mpf_cache
2024-05-05 11:05:42,532 : INFO : ConfigProcessor : Loading config from cache: /var/folders/l2/q8hj_6s91xnb2jxg1sqm0h7r0000gn/T/d32f8b43f49e3e57afbd189fbbccae80.mpf_cache
2024-05-05 11:05:42,532 : INFO : ConfigProcessor : Loading config from cache: /var/folders/l2/q8hj_6s91xnb2jxg1sqm0h7r0000gn/T/08db62a1c5938674fa894d468364ed3e.mpf_cache
2024-05-05 11:05:42,532 : INFO : Machine : Mission Pinball Framework Core Engine v0.80.0.dev1
2024-05-05 11:05:42,532 : INFO : Machine : Command line arguments: {'no_load_cache': False, 'create_config_cache': True, 'bcp': False, 'configfile': ['config.yaml'], 'force_assets_load': False, 'platform_integration_test': False, 'jsonlogging': False, 'logfile': 'logs/2024-05-05-11-05-42-mpf-Tanners-Laptop.local.log', 'pause': False, 'production': False, 'text_ui': True, 'loglevel': 15, 'consoleloglevel': 20, 'force_platform': 'virtual', 'syslog_address': None, 'mc_file_name': None, 'no_sound': False}
2024-05-05 11:05:42,532 : INFO : Machine : MPF path: /Users/tannerpetch/Documents/git/mpf/mpf
2024-05-05 11:05:42,532 : INFO : Machine : Machine path: /Users/tannerpetch/Documents/GitHub/lofab
2024-05-05 11:05:42,532 : INFO : Machine : Platform: darwin
2024-05-05 11:05:42,532 : INFO : Machine : Python executable location: /Users/tannerpetch/mpfenv/bin/python3
2024-05-05 11:05:42,532 : INFO : Machine : Python version: 3.9.13 (64-bit)
2024-05-05 11:05:42,533 : INFO : Machine : Initializing MPF...
2024-05-05 11:05:42,556 : INFO : EventManager : Event: ======'machine_var_credits_string'====== Args={'value': 'FREE PLAY', 'prev_value': None, 'change': True}
2024-05-05 11:05:42,562 : INFO : EventManager : Event: ======'machine_var_master_volume'====== Args={'value': 0.5, 'prev_value': None, 'change': True}
2024-05-05 11:05:42,562 : INFO : EventManager : Event: ======'machine_var_player1_score'====== Args={'value': 100, 'prev_value': None, 'change': True}
2024-05-05 11:05:42,562 : INFO : EventManager : Event: ======'machine_var_player2_score'====== Args={'value': 0, 'prev_value': None, 'change': True}
2024-05-05 11:05:42,562 : INFO : EventManager : Event: ======'machine_var_mpf_version'====== Args={'value': 'Mission Pinball Framework v0.80.0.dev1', 'prev_value': None, 'change': True}
2024-05-05 11:05:42,562 : INFO : EventManager : Event: ======'machine_var_mpf_extended_version'====== Args={'value': 'Mission Pinball Framework v0.80.0.dev1, Config version:6, Show version: 6, BCP version:1.1', 'prev_value': None, 'change': True}
2024-05-05 11:05:42,562 : INFO : EventManager : Event: ======'machine_var_python_version'====== Args={'value': '3.9.13', 'prev_value': None, 'change': True}
2024-05-05 11:05:42,569 : INFO : EventManager : Event: ======'machine_var_platform'====== Args={'value': 'macOS-14.3-arm64-arm-64bit', 'prev_value': None, 'change': True}
2024-05-05 11:05:42,569 : INFO : EventManager : Event: ======'machine_var_platform_system'====== Args={'value': 'Darwin', 'prev_value': None, 'change': True}
2024-05-05 11:05:42,569 : INFO : EventManager : Event: ======'machine_var_platform_release'====== Args={'value': '23.3.0', 'prev_value': None, 'change': True}
2024-05-05 11:05:42,569 : INFO : EventManager : Event: ======'machine_var_platform_version'====== Args={'value': 'Darwin Kernel Version 23.3.0: Thu Dec 21 02:29:41 PST 2023; root:xnu-10002.81.5~11/RELEASE_ARM64_T8122', 'prev_value': None, 'change': True}
2024-05-05 11:05:42,569 : INFO : EventManager : Event: ======'machine_var_platform_machine'====== Args={'value': 'arm64', 'prev_value': None, 'change': True}
2024-05-05 11:05:42,569 : INFO : EventManager : Event: ======'init_phase_1'====== Args={}
2024-05-05 11:05:42,582 : INFO : EventManager : Event: ======'init_phase_2'====== Args={}
2024-05-05 11:05:42,583 : INFO : ball_device.bd_vuk : BCH: Initial count: 0
2024-05-05 11:05:42,583 : INFO : ball_device.bd_vuk : State: idle
2024-05-05 11:05:42,584 : INFO : ball_device.bd_trough : BCH: Initial count: 0
2024-05-05 11:05:42,584 : INFO : ball_device.bd_trough : State: idle
2024-05-05 11:05:42,587 : INFO : EventManager : Event: ======'init_phase_3'====== Args={}
2024-05-05 11:05:42,723 : INFO : EventManager : Event: ======'init_phase_4'====== Args={}
2024-05-05 11:05:42,724 : INFO : BallController : Initial balls found: 0
2024-05-05 11:05:42,725 : INFO : EventManager : Event: ======'machine_var_audits_events_game_ended'====== Args={'value': 1, 'prev_value': None, 'change': True}
2024-05-05 11:05:42,725 : INFO : EventManager : Event: ======'machine_var_audits_events_game_started'====== Args={'value': 8, 'prev_value': None, 'change': True}
2024-05-05 11:05:42,725 : INFO : EventManager : Event: ======'machine_var_audits_missing_switches_s_e'====== Args={'value': 8, 'prev_value': None, 'change': True}
2024-05-05 11:05:42,725 : INFO : EventManager : Event: ======'machine_var_audits_missing_switches_s_flipper_l'====== Args={'value': 8, 'prev_value': None, 'change': True}
2024-05-05 11:05:42,725 : INFO : EventManager : Event: ======'machine_var_audits_missing_switches_s_flipper_r'====== Args={'value': 8, 'prev_value': None, 'change': True}
2024-05-05 11:05:42,725 : INFO : EventManager : Event: ======'machine_var_audits_missing_switches_s_h'====== Args={'value': 8, 'prev_value': None, 'change': True}
2024-05-05 11:05:42,725 : INFO : EventManager : Event: ======'machine_var_audits_missing_switches_s_pop'====== Args={'value': 8, 'prev_value': None, 'change': True}
2024-05-05 11:05:42,725 : INFO : EventManager : Event: ======'machine_var_audits_missing_switches_s_ramp_complete'====== Args={'value': 8, 'prev_value': None, 'change': True}
2024-05-05 11:05:42,725 : INFO : EventManager : Event: ======'machine_var_audits_missing_switches_s_ramp_l'====== Args={'value': 8, 'prev_value': None, 'change': True}
2024-05-05 11:05:42,725 : INFO : EventManager : Event: ======'machine_var_audits_missing_switches_s_ramp_r'====== Args={'value': 8, 'prev_value': None, 'change': True}
2024-05-05 11:05:42,725 : INFO : EventManager : Event: ======'machine_var_audits_missing_switches_s_sling_l'====== Args={'value': 8, 'prev_value': None, 'change': True}
2024-05-05 11:05:42,725 : INFO : EventManager : Event: ======'machine_var_audits_missing_switches_s_sling_r'====== Args={'value': 8, 'prev_value': None, 'change': True}
2024-05-05 11:05:42,725 : INFO : EventManager : Event: ======'machine_var_audits_missing_switches_s_spinner'====== Args={'value': 8, 'prev_value': None, 'change': True}
2024-05-05 11:05:42,725 : INFO : EventManager : Event: ======'machine_var_audits_missing_switches_s_stationary_back'====== Args={'value': 8, 'prev_value': None, 'change': True}
2024-05-05 11:05:42,725 : INFO : EventManager : Event: ======'machine_var_audits_missing_switches_s_stationary_s'====== Args={'value': 3, 'prev_value': None, 'change': True}
2024-05-05 11:05:42,725 : INFO : EventManager : Event: ======'machine_var_audits_missing_switches_s_stationary_u'====== Args={'value': 4, 'prev_value': None, 'change': True}
2024-05-05 11:05:42,725 : INFO : EventManager : Event: ======'machine_var_audits_missing_switches_s_tilt_l'====== Args={'value': 8, 'prev_value': None, 'change': True}
2024-05-05 11:05:42,725 : INFO : EventManager : Event: ======'machine_var_audits_missing_switches_s_tilt_r'====== Args={'value': 8, 'prev_value': None, 'change': True}
2024-05-05 11:05:42,725 : INFO : EventManager : Event: ======'machine_var_audits_missing_switches_s_trough_1'====== Args={'value': 6, 'prev_value': None, 'change': True}
2024-05-05 11:05:42,725 : INFO : EventManager : Event: ======'machine_var_audits_missing_switches_s_trough_2'====== Args={'value': 8, 'prev_value': None, 'change': True}
2024-05-05 11:05:42,725 : INFO : EventManager : Event: ======'machine_var_audits_missing_switches_s_trough_3'====== Args={'value': 8, 'prev_value': None, 'change': True}
2024-05-05 11:05:42,725 : INFO : EventManager : Event: ======'machine_var_audits_missing_switches_s_trough_4'====== Args={'value': 6, 'prev_value': None, 'change': True}
2024-05-05 11:05:42,726 : INFO : EventManager : Event: ======'machine_var_audits_missing_switches_s_vuk'====== Args={'value': 6, 'prev_value': None, 'change': True}
2024-05-05 11:05:42,726 : INFO : EventManager : Event: ======'machine_var_audits_player_score'====== Args={'value': {'average': 0, 'top': [100, 0], 'total': 2}, 'prev_value': None, 'change': True}
2024-05-05 11:05:42,726 : INFO : EventManager : Event: ======'machine_var_audits_shots_r_o'====== Args={'value': 14, 'prev_value': None, 'change': True}
2024-05-05 11:05:42,726 : INFO : EventManager : Event: ======'machine_var_audits_shots_r_o_fleshy'====== Args={'value': 14, 'prev_value': None, 'change': True}
2024-05-05 11:05:42,726 : INFO : EventManager : Event: ======'machine_var_audits_shots_r_s'====== Args={'value': 3, 'prev_value': None, 'change': True}
2024-05-05 11:05:42,726 : INFO : EventManager : Event: ======'machine_var_audits_shots_r_s_fleshy'====== Args={'value': 3, 'prev_value': None, 'change': True}
2024-05-05 11:05:42,726 : INFO : EventManager : Event: ======'machine_var_audits_shots_r_u'====== Args={'value': 3, 'prev_value': None, 'change': True}
2024-05-05 11:05:42,726 : INFO : EventManager : Event: ======'machine_var_audits_switches_s_e'====== Args={'value': 0, 'prev_value': None, 'change': True}
2024-05-05 11:05:42,726 : INFO : EventManager : Event: ======'machine_var_audits_switches_s_flipper_l'====== Args={'value': 0, 'prev_value': None, 'change': True}
2024-05-05 11:05:42,726 : INFO : EventManager : Event: ======'machine_var_audits_switches_s_flipper_r'====== Args={'value': 0, 'prev_value': None, 'change': True}
2024-05-05 11:05:42,726 : INFO : EventManager : Event: ======'machine_var_audits_switches_s_h'====== Args={'value': 0, 'prev_value': None, 'change': True}
2024-05-05 11:05:42,726 : INFO : EventManager : Event: ======'machine_var_audits_switches_s_launch'====== Args={'value': 7, 'prev_value': None, 'change': True}
2024-05-05 11:05:42,726 : INFO : EventManager : Event: ======'machine_var_audits_switches_s_pop'====== Args={'value': 0, 'prev_value': None, 'change': True}
2024-05-05 11:05:42,726 : INFO : EventManager : Event: ======'machine_var_audits_switches_s_ramp_complete'====== Args={'value': 0, 'prev_value': None, 'change': True}
2024-05-05 11:05:42,726 : INFO : EventManager : Event: ======'machine_var_audits_switches_s_ramp_l'====== Args={'value': 0, 'prev_value': None, 'change': True}
2024-05-05 11:05:42,726 : INFO : EventManager : Event: ======'machine_var_audits_switches_s_ramp_r'====== Args={'value': 0, 'prev_value': None, 'change': True}
2024-05-05 11:05:42,726 : INFO : EventManager : Event: ======'machine_var_audits_switches_s_sling_l'====== Args={'value': 0, 'prev_value': None, 'change': True}
2024-05-05 11:05:42,727 : INFO : EventManager : Event: ======'machine_var_audits_switches_s_sling_r'====== Args={'value': 0, 'prev_value': None, 'change': True}
2024-05-05 11:05:42,727 : INFO : EventManager : Event: ======'machine_var_audits_switches_s_spinner'====== Args={'value': 0, 'prev_value': None, 'change': True}
2024-05-05 11:05:42,727 : INFO : EventManager : Event: ======'machine_var_audits_switches_s_start'====== Args={'value': 4, 'prev_value': None, 'change': True}
2024-05-05 11:05:42,727 : INFO : EventManager : Event: ======'machine_var_audits_switches_s_stationary_back'====== Args={'value': 0, 'prev_value': None, 'change': True}
2024-05-05 11:05:42,727 : INFO : EventManager : Event: ======'machine_var_audits_switches_s_stationary_o'====== Args={'value': 15, 'prev_value': None, 'change': True}
2024-05-05 11:05:42,727 : INFO : EventManager : Event: ======'machine_var_audits_switches_s_stationary_s'====== Args={'value': 3, 'prev_value': None, 'change': True}
2024-05-05 11:05:42,727 : INFO : EventManager : Event: ======'machine_var_audits_switches_s_stationary_u'====== Args={'value': 22, 'prev_value': None, 'change': True}
2024-05-05 11:05:42,727 : INFO : EventManager : Event: ======'machine_var_audits_switches_s_tilt_l'====== Args={'value': 0, 'prev_value': None, 'change': True}
2024-05-05 11:05:42,727 : INFO : EventManager : Event: ======'machine_var_audits_switches_s_tilt_r'====== Args={'value': 0, 'prev_value': None, 'change': True}
2024-05-05 11:05:42,727 : INFO : EventManager : Event: ======'machine_var_audits_switches_s_trough_1'====== Args={'value': 2, 'prev_value': None, 'change': True}
2024-05-05 11:05:42,727 : INFO : EventManager : Event: ======'machine_var_audits_switches_s_trough_2'====== Args={'value': 0, 'prev_value': None, 'change': True}
2024-05-05 11:05:42,727 : INFO : EventManager : Event: ======'machine_var_audits_switches_s_trough_3'====== Args={'value': 0, 'prev_value': None, 'change': True}
2024-05-05 11:05:42,727 : INFO : EventManager : Event: ======'machine_var_audits_switches_s_trough_4'====== Args={'value': 1, 'prev_value': None, 'change': True}
2024-05-05 11:05:42,727 : INFO : EventManager : Event: ======'machine_var_audits_switches_s_vuk'====== Args={'value': 6, 'prev_value': None, 'change': True}
2024-05-05 11:05:42,728 : INFO : EventManager : Event: ======'init_phase_5'====== Args={}
2024-05-05 11:05:42,728 : INFO : EventManager : Event: ======'init_done'====== Args={}
2024-05-05 11:05:42,728 : INFO : EventManager : Event: ======'machine_reset_phase_1'====== Args={}
2024-05-05 11:05:42,728 : INFO : EventManager : Event: ======'machine_reset_phase_2'====== Args={}
2024-05-05 11:05:42,729 : INFO : EventManager : Event: ======'machine_reset_phase_3'====== Args={}
2024-05-05 11:05:42,729 : INFO : EventManager : Event: ======'reset_complete'====== Args={}
2024-05-05 11:05:42,729 : INFO : EventManager : Event: ======'mode_attract_will_start'====== Args={}
2024-05-05 11:05:42,729 : INFO : EventManager : Event: ======'mode_attract_starting'====== Args={}
2024-05-05 11:05:42,729 : INFO : Mode.attract : Started. Priority: 10
2024-05-05 11:05:42,729 : INFO : EventManager : Event: ======'modes_active_modes_changed'====== Args={}
2024-05-05 11:05:42,729 : INFO : EventManager : Event: ======'mode_attract_started'====== Args={}
2024-05-05 11:05:42,729 : INFO : EventManager : Event: ======'collecting_balls_complete'====== Args={}
2024-05-05 11:05:42,729 : INFO : Machine : Starting the main run loop.
2024-05-05 11:05:42,833 : INFO : BcpServer : New client connected.
2024-05-05 11:05:44,987 : INFO : SwitchController : <<<<<<< 's_trough_1' active >>>>>>>
2024-05-05 11:05:45,488 : INFO : EventManager : Event: ======'balldevice_bd_trough_ball_count_changed'====== Args={'balls': 1}
2024-05-05 11:05:45,488 : INFO : ball_device.bd_trough : Received unexpected ball
2024-05-05 11:05:45,489 : INFO : EventManager : Event: ======'balldevice_captured_from_playfield'====== Args={'balls': 1}
2024-05-05 11:05:45,489 : INFO : EventManager : Event: ======'sw_playfield_active'====== Args={'balls': 1}
2024-05-05 11:05:45,489 : INFO : EventManager : Event: ======'playfield_active'====== Args={}
2024-05-05 11:05:45,489 : INFO : EventManager : Event: ======'unexpected_ball_on_playfield'====== Args={}
2024-05-05 11:05:45,490 : INFO : EventManager : Event: ======'playfield_ball_count_change'====== Args={'balls': -1, 'change': -1}
2024-05-05 11:05:45,490 : INFO : EventManager : Event: ======'balldevice_playfield_ball_enter'====== Args={'new_balls': 1, 'unclaimed_balls': 1, 'device': <playfield.playfield>}
2024-05-05 11:05:45,491 : INFO : EventManager : Event: ======'playfield_ball_count_change'====== Args={'balls': 0, 'change': 1}
2024-05-05 11:05:45,491 : INFO : BallController : Found a new ball which was captured from playfield. Known balls: 1
2024-05-05 11:05:45,491 : INFO : EventManager : Event: ======'found_new_ball'====== Args={}
2024-05-05 11:05:45,492 : INFO : EventManager : Event: ======'balldevice_bd_trough_ball_enter'====== Args={'new_balls': 1, 'unclaimed_balls': 1, 'new_available_balls': 1, 'device': <ball_device.bd_trough>}
2024-05-05 11:05:45,492 : INFO : EventManager : Event: ======'ball_drain'====== Args={'device': <ball_device.bd_trough>, 'balls': 1}
2024-05-05 11:05:45,493 : INFO : EventManager : Event: ======'balldevice_balls_available'====== Args={}
2024-05-05 11:05:45,493 : INFO : EventManager : Event: ======'balldevice_bd_trough_ball_entered'====== Args={'new_balls': 1, 'device': <ball_device.bd_trough>}
2024-05-05 11:05:46,027 : INFO : SwitchController : <<<<<<< 's_start' active >>>>>>>
2024-05-05 11:05:46,157 : INFO : SwitchController : <<<<<<< 's_start' inactive >>>>>>>
2024-05-05 11:05:46,157 : INFO : EventManager : Event: ======'request_to_start_game'====== Args={}
2024-05-05 11:05:46,159 : INFO : EventManager : Event: ======'game_start'====== Args={'buttons': [], 'hold_time': 0.13021941700000017}
2024-05-05 11:05:46,160 : INFO : EventManager : Event: ======'mode_game_will_start'====== Args={'buttons': [], 'hold_time': 0.13021941700000017}
2024-05-05 11:05:46,160 : INFO : EventManager : Event: ======'mode_game_starting'====== Args={'buttons': [], 'hold_time': 0.13021941700000017}
2024-05-05 11:05:46,160 : INFO : EventManager : Event: ======'mode_attract_will_stop'====== Args={}
2024-05-05 11:05:46,160 : INFO : EventManager : Event: ======'mode_attract_stopping'====== Args={}
2024-05-05 11:05:46,161 : INFO : Mode.attract : Stopped.
2024-05-05 11:05:46,161 : INFO : EventManager : Event: ======'modes_active_modes_changed'====== Args={}
2024-05-05 11:05:46,161 : INFO : EventManager : Event: ======'mode_attract_stopped'====== Args={}
2024-05-05 11:05:46,162 : INFO : EventManager : Event: ======'clear'====== Args={'key': 'attract'}
2024-05-05 11:05:46,162 : INFO : Mode.game : Started. Priority: 20
2024-05-05 11:05:46,162 : INFO : EventManager : Event: ======'modes_active_modes_changed'====== Args={}
2024-05-05 11:05:46,162 : INFO : EventManager : Event: ======'mode_game_started'====== Args={'buttons': [], 'hold_time': 0.13021941700000017}
2024-05-05 11:05:46,163 : INFO : EventManager : Event: ======'game_will_start'====== Args={}
2024-05-05 11:05:46,163 : INFO : EventManager : Event: ======'game_starting'====== Args={'game': <Mode.game>}
2024-05-05 11:05:46,163 : INFO : EventManager : Unordered handler for class <Auditor> on event game_ended with priority 1. Handlers: [RegisteredHandler(callback=<bound method Auditor.disable of <Auditor>>, priority=1, kwargs={}, key=UUID('21513fc4-b929-4b87-97bf-c4c49cef5b2a'), condition=None, blocking_facility=None), RegisteredHandler(callback=<bound method Auditor._save_audits of <Auditor>>, priority=1, kwargs={}, key=UUID('1c84077c-3762-4828-beb3-adc0abdbcf55'), condition=None, blocking_facility=None)]. The order of those handlers is not defined and they will be executed in random order. This might lead to race conditions and potential bugs.
2024-05-05 11:05:46,163 : INFO : EventManager : Event: ======'player_add_request'====== Args={}
2024-05-05 11:05:46,164 : INFO : EventManager : Event: ======'player_will_add'====== Args={'number': 1}
2024-05-05 11:05:46,164 : INFO : EventManager : Event: ======'player_adding'====== Args={'player': <Player 1>, 'number': 1}
2024-05-05 11:05:46,164 : INFO : EventManager : Event: ======'player_added'====== Args={'player': <Player 1>, 'num': 1}
2024-05-05 11:05:46,164 : INFO : Mode.game : Player added successfully. Total players: 1
2024-05-05 11:05:46,164 : INFO : EventManager : Event: ======'player_index'====== Args={'value': 0, 'prev_value': 0, 'change': 0, 'player_num': 1}
2024-05-05 11:05:46,164 : INFO : EventManager : Event: ======'player_number'====== Args={'value': 1, 'prev_value': 1, 'change': 0, 'player_num': 1}
2024-05-05 11:05:46,165 : INFO : EventManager : Event: ======'player_score'====== Args={'value': 0, 'prev_value': 0, 'change': 0, 'player_num': 1}
2024-05-05 11:05:46,165 : INFO : EventManager : Event: ======'game_started'====== Args={}
2024-05-05 11:05:46,165 : INFO : EventManager : Event: ======'player_turn_will_start'====== Args={'player': <Player 1>, 'number': 1}
2024-05-05 11:05:46,168 : INFO : EventManager : Event: ======'player_turn_starting'====== Args={'player': <Player 1>, 'number': 1}
2024-05-05 11:05:46,168 : INFO : EventManager : Event: ======'player_ball'====== Args={'value': 1, 'prev_value': 0, 'change': 1, 'player_num': 1}
2024-05-05 11:05:46,168 : INFO : EventManager : Event: ======'player_turn_started'====== Args={'player': <Player 1>, 'number': 1}
2024-05-05 11:05:46,172 : INFO : EventManager : Event: ======'ball_will_start'====== Args={'player': 1, 'ball': 1, 'balls_remaining': 2, 'is_extra_ball': False}
2024-05-05 11:05:46,172 : INFO : EventManager : Event: ======'ball_starting'====== Args={'player': 1, 'ball': 1, 'balls_remaining': 2, 'is_extra_ball': False}
2024-05-05 11:05:46,172 : INFO : EventManager : Event: ======'mode_base_will_start'====== Args={'queue': <QueuedEvent>, 'player': 1, 'ball': 1, 'balls_remaining': 2, 'is_extra_ball': False}
2024-05-05 11:05:46,172 : INFO : EventManager : Event: ======'player_shot_r_pop_enabled'====== Args={'value': True, 'prev_value': 0, 'change': 1, 'player_num': 1}
2024-05-05 11:05:46,172 : INFO : EventManager : Event: ======'player_shot_r_sling_l_enabled'====== Args={'value': True, 'prev_value': 0, 'change': 1, 'player_num': 1}
2024-05-05 11:05:46,173 : INFO : EventManager : Event: ======'player_shot_r_sling_r_enabled'====== Args={'value': True, 'prev_value': 0, 'change': 1, 'player_num': 1}
2024-05-05 11:05:46,173 : INFO : EventManager : Event: ======'mode_base_starting'====== Args={'queue': <QueuedEvent>, 'player': 1, 'ball': 1, 'balls_remaining': 2, 'is_extra_ball': False}
2024-05-05 11:05:46,173 : INFO : EventManager : Event: ======'waiting_for_launch_press'====== Args={}
2024-05-05 11:05:46,174 : INFO : Mode.base : Started. Priority: 100
2024-05-05 11:05:46,174 : INFO : EventManager : Event: ======'modes_active_modes_changed'====== Args={}
2024-05-05 11:05:46,174 : INFO : EventManager : Event: ======'mode_base_started'====== Args={'queue': <QueuedEvent>, 'player': 1, 'ball': 1, 'balls_remaining': 2, 'is_extra_ball': False}
2024-05-05 11:05:47,493 : INFO : SwitchController : <<<<<<< 's_launch' active >>>>>>>
2024-05-05 11:05:47,494 : INFO : EventManager : Event: ======'e_launch_press'====== Args={}
2024-05-05 11:05:47,494 : INFO : EventManager : Event: ======'machine_var_audits_switches_s_launch'====== Args={'value': 8, 'prev_value': 7, 'change': 1}
2024-05-05 11:05:47,496 : INFO : EventManager : Event: ======'balls_in_play'====== Args={'balls': 1}
2024-05-05 11:05:47,499 : INFO : EventManager : Event: ======'ball_started'====== Args={'player': 1, 'ball': 1, 'balls_remaining': 2, 'is_extra_ball': False}
2024-05-05 11:05:47,500 : INFO : EventManager : Event: ======'mode_lane_rotate_will_start'====== Args={'player': 1, 'ball': 1, 'balls_remaining': 2, 'is_extra_ball': False}
2024-05-05 11:05:47,500 : INFO : EventManager : Event: ======'player_shot_r_h_enabled'====== Args={'value': True, 'prev_value': 0, 'change': 1, 'player_num': 1}
2024-05-05 11:05:47,501 : INFO : EventManager : Event: ======'player_shot_r_o_enabled'====== Args={'value': True, 'prev_value': 0, 'change': 1, 'player_num': 1}
2024-05-05 11:05:47,502 : INFO : EventManager : Event: ======'player_shot_r_u_enabled'====== Args={'value': True, 'prev_value': 0, 'change': 1, 'player_num': 1}
2024-05-05 11:05:47,502 : INFO : EventManager : Event: ======'player_shot_r_s_enabled'====== Args={'value': True, 'prev_value': 0, 'change': 1, 'player_num': 1}
2024-05-05 11:05:47,502 : INFO : EventManager : Event: ======'player_shot_r_e_enabled'====== Args={'value': True, 'prev_value': 0, 'change': 1, 'player_num': 1}
2024-05-05 11:05:47,505 : INFO : EventManager : Event: ======'mode_lane_rotate_starting'====== Args={'player': 1, 'ball': 1, 'balls_remaining': 2, 'is_extra_ball': False}
2024-05-05 11:05:47,505 : INFO : EventManager : Event: ======'mode_mult_fleshy_qualify_will_start'====== Args={'player': 1, 'ball': 1, 'balls_remaining': 2, 'is_extra_ball': False}
2024-05-05 11:05:47,505 : INFO : EventManager : Event: ======'player_shot_r_o_fleshy_enabled'====== Args={'value': True, 'prev_value': 0, 'change': 1, 'player_num': 1}
2024-05-05 11:05:47,506 : INFO : EventManager : Event: ======'player_shot_r_s_fleshy_enabled'====== Args={'value': True, 'prev_value': 0, 'change': 1, 'player_num': 1}
2024-05-05 11:05:47,507 : INFO : EventManager : Event: ======'mode_mult_fleshy_qualify_starting'====== Args={'player': 1, 'ball': 1, 'balls_remaining': 2, 'is_extra_ball': False}
2024-05-05 11:05:47,508 : INFO : Mode.mult_fleshy_qualify : Started. Priority: 100
2024-05-05 11:05:47,508 : INFO : EventManager : Event: ======'modes_active_modes_changed'====== Args={}
2024-05-05 11:05:47,508 : INFO : EventManager : Event: ======'mode_mult_fleshy_qualify_started'====== Args={'player': 1, 'ball': 1, 'balls_remaining': 2, 'is_extra_ball': False}
2024-05-05 11:05:47,508 : INFO : Mode.lane_rotate : Started. Priority: 100
2024-05-05 11:05:47,508 : INFO : EventManager : Event: ======'modes_active_modes_changed'====== Args={}
2024-05-05 11:05:47,508 : INFO : EventManager : Event: ======'mode_lane_rotate_started'====== Args={'player': 1, 'ball': 1, 'balls_remaining': 2, 'is_extra_ball': False}
2024-05-05 11:05:47,509 : INFO : EventManager : Event: ======'single_player_ball_started'====== Args={}
2024-05-05 11:05:47,515 : INFO : EventManager : Event: ======'ball_start_target'====== Args={'target': 'playfield'}
2024-05-05 11:05:47,515 : INFO : ball_device.bd_trough : Setting up player-controlled eject. Balls: 1, Target: <playfield.playfield>, player_controlled_eject_event: None
2024-05-05 11:05:47,515 : INFO : ball_device.bd_trough : Adding 1 ball(s) to the eject_queue with target <playfield.playfield>.
2024-05-05 11:05:47,516 : INFO : EventManager : Event: ======'balldevice_balls_available'====== Args={}
2024-05-05 11:05:47,516 : INFO : ball_device.bd_trough : State: waiting_for_target_ready
2024-05-05 11:05:47,516 : INFO : EventManager : Event: ======'balldevice_bd_trough_ball_eject_attempt'====== Args={'balls': 1, 'target': <playfield.playfield>, 'source': <ball_device.bd_trough>, 'mechanical_eject': False, 'num_attempts': 0}
2024-05-05 11:05:47,516 : INFO : ball_device.bd_trough : State: ejecting
2024-05-05 11:05:47,517 : INFO : ball_device.bd_trough : Ejecting ball to <playfield.playfield>
2024-05-05 11:05:47,517 : INFO : EventManager : Event: ======'balldevice_bd_trough_ejecting_ball'====== Args={'balls': 1, 'target': <playfield.playfield>, 'source': <ball_device.bd_trough>, 'mechanical_eject': False, 'num_attempts': 0}
2024-05-05 11:05:47,517 : INFO : ball_device.bd_trough : Wait for ball to leave device
2024-05-05 11:05:47,517 : INFO : coil.c_trough : Pulsing Driver for 15ms (1.0 pulse_power)
2024-05-05 11:05:47,624 : INFO : SwitchController : <<<<<<< 's_launch' inactive >>>>>>>
2024-05-05 11:05:49,309 : INFO : SwitchController : <<<<<<< 's_stationary_s' active >>>>>>>
2024-05-05 11:05:49,309 : INFO : EventManager : Event: ======'playfield_active'====== Args={}
2024-05-05 11:05:49,309 : INFO : EventManager : Event: ======'playfield_active'====== Args={}
2024-05-05 11:05:49,310 : INFO : EventManager : Event: ======'s_stationary_s_active'====== Args={}
2024-05-05 11:05:49,310 : INFO : EventManager : Event: ======'sw_playfield_active'====== Args={}
2024-05-05 11:05:49,310 : INFO : EventManager : Event: ======'machine_var_audits_switches_s_stationary_s'====== Args={'value': 4, 'prev_value': 3, 'change': 1}
2024-05-05 11:05:49,311 : INFO : EventManager : Event: ======'player_shot_r_s'====== Args={'value': 1, 'prev_value': 0, 'change': 1, 'player_num': 1}
2024-05-05 11:05:49,312 : INFO : EventManager : Event: ======'machine_var_audits_shots_r_s'====== Args={'value': 4, 'prev_value': 3, 'change': 1}
2024-05-05 11:05:49,316 : INFO : EventManager : Event: ======'r_s_hit'====== Args={'profile': 'rotate_profile', 'state': None, 'advancing': True}
2024-05-05 11:05:49,317 : INFO : EventManager : Event: ======'r_s_rotate_profile_hit'====== Args={'profile': 'rotate_profile', 'state': None, 'advancing': True}
2024-05-05 11:05:49,317 : INFO : EventManager : Event: ======'r_s_rotate_profile_None_hit'====== Args={'profile': 'rotate_profile', 'state': None, 'advancing': True}
2024-05-05 11:05:49,317 : INFO : EventManager : Event: ======'r_s_None_hit'====== Args={'profile': 'rotate_profile', 'state': None, 'advancing': True}
2024-05-05 11:05:49,317 : INFO : EventManager : Event: ======'player_shot_r_s_fleshy'====== Args={'value': 1, 'prev_value': 0, 'change': 1, 'player_num': 1}
2024-05-05 11:05:49,318 : INFO : EventManager : Event: ======'machine_var_audits_shots_r_s_fleshy'====== Args={'value': 4, 'prev_value': 3, 'change': 1}
2024-05-05 11:05:49,318 : INFO : EventManager : Event: ======'r_s_fleshy_hit'====== Args={'profile': 'fleshy_profile', 'state': 'unlit', 'advancing': True}
2024-05-05 11:05:49,318 : INFO : EventManager : Event: ======'r_s_fleshy_fleshy_profile_hit'====== Args={'profile': 'fleshy_profile', 'state': 'unlit', 'advancing': True}
2024-05-05 11:05:49,319 : INFO : EventManager : Event: ======'r_s_fleshy_fleshy_profile_unlit_hit'====== Args={'profile': 'fleshy_profile', 'state': 'unlit', 'advancing': True}
2024-05-05 11:05:49,319 : INFO : EventManager : Event: ======'r_s_fleshy_unlit_hit'====== Args={'profile': 'fleshy_profile', 'state': 'unlit', 'advancing': True}
2024-05-05 11:05:49,319 : INFO : EventManager : Event: ======'player_score'====== Args={'value': 100, 'prev_value': 0, 'change': 100, 'player_num': 1, 'source': 'lane_rotate'}
2024-05-05 11:05:49,319 : INFO : EventManager : Event: ======'rotate_group_hit'====== Args={}
2024-05-05 11:05:49,319 : INFO : EventManager : Event: ======'rotate_group_None_hit'====== Args={}
2024-05-05 11:05:49,321 : INFO : EventManager : Event: ======'playfield_active'====== Args={}
2024-05-05 11:05:49,425 : INFO : SwitchController : <<<<<<< 's_stationary_s' inactive >>>>>>>
2024-05-05 11:05:49,518 : INFO : EventManager : Event: ======'balldevice_bd_trough_ball_eject_failed'====== Args={'target': <playfield.playfield>, 'balls': 1, 'retry': True, 'num_attempts': 1}
2024-05-05 11:05:49,519 : INFO : ball_device.bd_trough : State: waiting_for_target_ready
2024-05-05 11:05:49,520 : INFO : EventManager : Event: ======'balldevice_bd_trough_ball_eject_attempt'====== Args={'balls': 1, 'target': <playfield.playfield>, 'source': <ball_device.bd_trough>, 'mechanical_eject': False, 'num_attempts': 1}
2024-05-05 11:05:49,520 : INFO : ball_device.bd_trough : State: ejecting
2024-05-05 11:05:49,520 : INFO : ball_device.bd_trough : Ejecting ball to <playfield.playfield>
2024-05-05 11:05:49,520 : INFO : EventManager : Event: ======'balldevice_bd_trough_ejecting_ball'====== Args={'balls': 1, 'target': <playfield.playfield>, 'source': <ball_device.bd_trough>, 'mechanical_eject': False, 'num_attempts': 1}
2024-05-05 11:05:49,520 : INFO : ball_device.bd_trough : Wait for ball to leave device
2024-05-05 11:05:49,521 : INFO : coil.c_trough : Pulsing Driver for 15ms (1.0 pulse_power)
2024-05-05 11:05:51,521 : INFO : EventManager : Event: ======'balldevice_bd_trough_ball_eject_failed'====== Args={'target': <playfield.playfield>, 'balls': 1, 'retry': True, 'num_attempts': 2}
2024-05-05 11:05:51,524 : INFO : ball_device.bd_trough : State: waiting_for_target_ready
2024-05-05 11:05:51,524 : INFO : EventManager : Event: ======'balldevice_bd_trough_ball_eject_attempt'====== Args={'balls': 1, 'target': <playfield.playfield>, 'source': <ball_device.bd_trough>, 'mechanical_eject': False, 'num_attempts': 2}
2024-05-05 11:05:51,526 : INFO : ball_device.bd_trough : State: ejecting
2024-05-05 11:05:51,526 : INFO : ball_device.bd_trough : Ejecting ball to <playfield.playfield>
2024-05-05 11:05:51,526 : INFO : EventManager : Event: ======'balldevice_bd_trough_ejecting_ball'====== Args={'balls': 1, 'target': <playfield.playfield>, 'source': <ball_device.bd_trough>, 'mechanical_eject': False, 'num_attempts': 2}
2024-05-05 11:05:51,528 : INFO : ball_device.bd_trough : Wait for ball to leave device
2024-05-05 11:05:51,528 : INFO : coil.c_trough : Pulsing Driver for 15ms (1.0 pulse_power)
2024-05-05 11:05:53,530 : INFO : EventManager : Event: ======'balldevice_bd_trough_ball_eject_failed'====== Args={'target': <playfield.playfield>, 'balls': 1, 'retry': True, 'num_attempts': 3}
2024-05-05 11:05:53,532 : INFO : ball_device.bd_trough : State: waiting_for_target_ready
2024-05-05 11:05:53,532 : INFO : EventManager : Event: ======'balldevice_bd_trough_ball_eject_attempt'====== Args={'balls': 1, 'target': <playfield.playfield>, 'source': <ball_device.bd_trough>, 'mechanical_eject': False, 'num_attempts': 3}
2024-05-05 11:05:53,533 : INFO : ball_device.bd_trough : State: ejecting
2024-05-05 11:05:53,533 : INFO : ball_device.bd_trough : Ejecting ball to <playfield.playfield>
2024-05-05 11:05:53,533 : INFO : EventManager : Event: ======'balldevice_bd_trough_ejecting_ball'====== Args={'balls': 1, 'target': <playfield.playfield>, 'source': <ball_device.bd_trough>, 'mechanical_eject': False, 'num_attempts': 3}
2024-05-05 11:05:53,534 : INFO : ball_device.bd_trough : Wait for ball to leave device
2024-05-05 11:05:53,534 : INFO : coil.c_trough : Pulsing Driver for 15ms (1.0 pulse_power)
2024-05-05 11:05:55,536 : INFO : EventManager : Event: ======'balldevice_bd_trough_ball_eject_failed'====== Args={'target': <playfield.playfield>, 'balls': 1, 'retry': True, 'num_attempts': 4}
2024-05-05 11:05:55,538 : INFO : ball_device.bd_trough : State: waiting_for_target_ready
2024-05-05 11:05:55,538 : INFO : EventManager : Event: ======'balldevice_bd_trough_ball_eject_attempt'====== Args={'balls': 1, 'target': <playfield.playfield>, 'source': <ball_device.bd_trough>, 'mechanical_eject': False, 'num_attempts': 4}
2024-05-05 11:05:55,538 : INFO : ball_device.bd_trough : State: ejecting
2024-05-05 11:05:55,539 : INFO : ball_device.bd_trough : Ejecting ball to <playfield.playfield>
2024-05-05 11:05:55,539 : INFO : EventManager : Event: ======'balldevice_bd_trough_ejecting_ball'====== Args={'balls': 1, 'target': <playfield.playfield>, 'source': <ball_device.bd_trough>, 'mechanical_eject': False, 'num_attempts': 4}
2024-05-05 11:05:55,540 : INFO : ball_device.bd_trough : Wait for ball to leave device
2024-05-05 11:05:55,540 : INFO : coil.c_trough : Pulsing Driver for 15ms (1.0 pulse_power)
2024-05-05 11:05:57,540 : INFO : EventManager : Event: ======'balldevice_bd_trough_ball_eject_failed'====== Args={'target': <playfield.playfield>, 'balls': 1, 'retry': True, 'num_attempts': 5}
2024-05-05 11:05:57,543 : INFO : ball_device.bd_trough : State: waiting_for_target_ready
2024-05-05 11:05:57,543 : INFO : EventManager : Event: ======'balldevice_bd_trough_ball_eject_attempt'====== Args={'balls': 1, 'target': <playfield.playfield>, 'source': <ball_device.bd_trough>, 'mechanical_eject': False, 'num_attempts': 5}
2024-05-05 11:05:57,544 : INFO : ball_device.bd_trough : State: ejecting
2024-05-05 11:05:57,544 : INFO : ball_device.bd_trough : Ejecting ball to <playfield.playfield>
2024-05-05 11:05:57,544 : INFO : EventManager : Event: ======'balldevice_bd_trough_ejecting_ball'====== Args={'balls': 1, 'target': <playfield.playfield>, 'source': <ball_device.bd_trough>, 'mechanical_eject': False, 'num_attempts': 5}
2024-05-05 11:05:57,545 : INFO : ball_device.bd_trough : Wait for ball to leave device
2024-05-05 11:05:57,545 : INFO : coil.c_trough : Pulsing Driver for 15ms (1.0 pulse_power)
2024-05-05 11:05:59,546 : INFO : EventManager : Event: ======'balldevice_bd_trough_ball_eject_failed'====== Args={'target': <playfield.playfield>, 'balls': 1, 'retry': True, 'num_attempts': 6}
2024-05-05 11:05:59,549 : INFO : ball_device.bd_trough : State: waiting_for_target_ready
2024-05-05 11:05:59,549 : INFO : EventManager : Event: ======'balldevice_bd_trough_ball_eject_attempt'====== Args={'balls': 1, 'target': <playfield.playfield>, 'source': <ball_device.bd_trough>, 'mechanical_eject': False, 'num_attempts': 6}
2024-05-05 11:05:59,550 : INFO : ball_device.bd_trough : State: ejecting
2024-05-05 11:05:59,550 : INFO : ball_device.bd_trough : Ejecting ball to <playfield.playfield>
2024-05-05 11:05:59,550 : INFO : EventManager : Event: ======'balldevice_bd_trough_ejecting_ball'====== Args={'balls': 1, 'target': <playfield.playfield>, 'source': <ball_device.bd_trough>, 'mechanical_eject': False, 'num_attempts': 6}
2024-05-05 11:05:59,551 : INFO : ball_device.bd_trough : Wait for ball to leave device
2024-05-05 11:05:59,552 : INFO : coil.c_trough : Pulsing Driver for 15ms (1.0 pulse_power)
2024-05-05 11:06:01,553 : INFO : EventManager : Event: ======'balldevice_bd_trough_ball_eject_failed'====== Args={'target': <playfield.playfield>, 'balls': 1, 'retry': True, 'num_attempts': 7}
2024-05-05 11:06:01,554 : INFO : ball_device.bd_trough : State: waiting_for_target_ready
2024-05-05 11:06:01,555 : INFO : EventManager : Event: ======'balldevice_bd_trough_ball_eject_attempt'====== Args={'balls': 1, 'target': <playfield.playfield>, 'source': <ball_device.bd_trough>, 'mechanical_eject': False, 'num_attempts': 7}
2024-05-05 11:06:01,555 : INFO : ball_device.bd_trough : State: ejecting
2024-05-05 11:06:01,555 : INFO : ball_device.bd_trough : Ejecting ball to <playfield.playfield>
2024-05-05 11:06:01,555 : INFO : EventManager : Event: ======'balldevice_bd_trough_ejecting_ball'====== Args={'balls': 1, 'target': <playfield.playfield>, 'source': <ball_device.bd_trough>, 'mechanical_eject': False, 'num_attempts': 7}
2024-05-05 11:06:01,556 : INFO : ball_device.bd_trough : Wait for ball to leave device
2024-05-05 11:06:01,557 : INFO : coil.c_trough : Pulsing Driver for 15ms (1.0 pulse_power)
2024-05-05 11:06:03,558 : INFO : EventManager : Event: ======'balldevice_bd_trough_ball_eject_failed'====== Args={'target': <playfield.playfield>, 'balls': 1, 'retry': True, 'num_attempts': 8}
2024-05-05 11:06:03,568 : INFO : ball_device.bd_trough : State: waiting_for_target_ready
2024-05-05 11:06:03,568 : INFO : EventManager : Event: ======'balldevice_bd_trough_ball_eject_attempt'====== Args={'balls': 1, 'target': <playfield.playfield>, 'source': <ball_device.bd_trough>, 'mechanical_eject': False, 'num_attempts': 8}
2024-05-05 11:06:03,569 : INFO : ball_device.bd_trough : State: ejecting
2024-05-05 11:06:03,569 : INFO : ball_device.bd_trough : Ejecting ball to <playfield.playfield>
2024-05-05 11:06:03,569 : INFO : EventManager : Event: ======'balldevice_bd_trough_ejecting_ball'====== Args={'balls': 1, 'target': <playfield.playfield>, 'source': <ball_device.bd_trough>, 'mechanical_eject': False, 'num_attempts': 8}
2024-05-05 11:06:03,570 : INFO : ball_device.bd_trough : Wait for ball to leave device
2024-05-05 11:06:03,570 : INFO : coil.c_trough : Pulsing Driver for 15ms (1.0 pulse_power)
2024-05-05 11:06:05,570 : INFO : EventManager : Event: ======'balldevice_bd_trough_ball_eject_failed'====== Args={'target': <playfield.playfield>, 'balls': 1, 'retry': True, 'num_attempts': 9}
2024-05-05 11:06:05,571 : INFO : ball_device.bd_trough : State: waiting_for_target_ready
2024-05-05 11:06:05,572 : INFO : EventManager : Event: ======'balldevice_bd_trough_ball_eject_attempt'====== Args={'balls': 1, 'target': <playfield.playfield>, 'source': <ball_device.bd_trough>, 'mechanical_eject': False, 'num_attempts': 9}
2024-05-05 11:06:05,572 : INFO : ball_device.bd_trough : State: ejecting
2024-05-05 11:06:05,572 : INFO : ball_device.bd_trough : Ejecting ball to <playfield.playfield>
2024-05-05 11:06:05,572 : INFO : EventManager : Event: ======'balldevice_bd_trough_ejecting_ball'====== Args={'balls': 1, 'target': <playfield.playfield>, 'source': <ball_device.bd_trough>, 'mechanical_eject': False, 'num_attempts': 9}
2024-05-05 11:06:05,573 : INFO : ball_device.bd_trough : Wait for ball to leave device
2024-05-05 11:06:05,573 : INFO : coil.c_trough : Pulsing Driver for 15ms (1.0 pulse_power)
2024-05-05 11:06:07,574 : INFO : EventManager : Event: ======'balldevice_bd_trough_ball_eject_failed'====== Args={'target': <playfield.playfield>, 'balls': 1, 'retry': True, 'num_attempts': 10}
2024-05-05 11:06:07,576 : INFO : ball_device.bd_trough : State: waiting_for_target_ready
2024-05-05 11:06:07,577 : INFO : EventManager : Event: ======'balldevice_bd_trough_ball_eject_attempt'====== Args={'balls': 1, 'target': <playfield.playfield>, 'source': <ball_device.bd_trough>, 'mechanical_eject': False, 'num_attempts': 10}
2024-05-05 11:06:07,577 : INFO : ball_device.bd_trough : State: ejecting
2024-05-05 11:06:07,577 : INFO : ball_device.bd_trough : Ejecting ball to <playfield.playfield>
2024-05-05 11:06:07,577 : INFO : EventManager : Event: ======'balldevice_bd_trough_ejecting_ball'====== Args={'balls': 1, 'target': <playfield.playfield>, 'source': <ball_device.bd_trough>, 'mechanical_eject': False, 'num_attempts': 10}
2024-05-05 11:06:07,578 : INFO : ball_device.bd_trough : Wait for ball to leave device
2024-05-05 11:06:07,578 : INFO : coil.c_trough : Pulsing Driver for 15ms (1.0 pulse_power)
2024-05-05 11:06:09,579 : INFO : EventManager : Event: ======'balldevice_bd_trough_ball_eject_failed'====== Args={'target': <playfield.playfield>, 'balls': 1, 'retry': True, 'num_attempts': 11}
2024-05-05 11:06:09,581 : INFO : ball_device.bd_trough : State: waiting_for_target_ready
2024-05-05 11:06:09,581 : INFO : EventManager : Event: ======'balldevice_bd_trough_ball_eject_attempt'====== Args={'balls': 1, 'target': <playfield.playfield>, 'source': <ball_device.bd_trough>, 'mechanical_eject': False, 'num_attempts': 11}
2024-05-05 11:06:09,581 : INFO : ball_device.bd_trough : State: ejecting
2024-05-05 11:06:09,582 : INFO : ball_device.bd_trough : Ejecting ball to <playfield.playfield>
2024-05-05 11:06:09,582 : INFO : EventManager : Event: ======'balldevice_bd_trough_ejecting_ball'====== Args={'balls': 1, 'target': <playfield.playfield>, 'source': <ball_device.bd_trough>, 'mechanical_eject': False, 'num_attempts': 11}
2024-05-05 11:06:09,582 : INFO : ball_device.bd_trough : Wait for ball to leave device
2024-05-05 11:06:09,583 : INFO : coil.c_trough : Pulsing Driver for 15ms (1.0 pulse_power)
2024-05-05 11:06:11,583 : INFO : EventManager : Event: ======'balldevice_bd_trough_ball_eject_failed'====== Args={'target': <playfield.playfield>, 'balls': 1, 'retry': True, 'num_attempts': 12}
2024-05-05 11:06:11,585 : INFO : ball_device.bd_trough : State: waiting_for_target_ready
2024-05-05 11:06:11,586 : INFO : EventManager : Event: ======'balldevice_bd_trough_ball_eject_attempt'====== Args={'balls': 1, 'target': <playfield.playfield>, 'source': <ball_device.bd_trough>, 'mechanical_eject': False, 'num_attempts': 12}
2024-05-05 11:06:11,586 : INFO : ball_device.bd_trough : State: ejecting
2024-05-05 11:06:11,586 : INFO : ball_device.bd_trough : Ejecting ball to <playfield.playfield>
2024-05-05 11:06:11,587 : INFO : EventManager : Event: ======'balldevice_bd_trough_ejecting_ball'====== Args={'balls': 1, 'target': <playfield.playfield>, 'source': <ball_device.bd_trough>, 'mechanical_eject': False, 'num_attempts': 12}
2024-05-05 11:06:11,587 : INFO : ball_device.bd_trough : Wait for ball to leave device
2024-05-05 11:06:11,588 : INFO : coil.c_trough : Pulsing Driver for 15ms (1.0 pulse_power)
2024-05-05 11:06:13,589 : INFO : EventManager : Event: ======'balldevice_bd_trough_ball_eject_failed'====== Args={'target': <playfield.playfield>, 'balls': 1, 'retry': True, 'num_attempts': 13}
2024-05-05 11:06:13,592 : INFO : ball_device.bd_trough : State: waiting_for_target_ready
2024-05-05 11:06:13,592 : INFO : EventManager : Event: ======'balldevice_bd_trough_ball_eject_attempt'====== Args={'balls': 1, 'target': <playfield.playfield>, 'source': <ball_device.bd_trough>, 'mechanical_eject': False, 'num_attempts': 13}
2024-05-05 11:06:13,593 : INFO : ball_device.bd_trough : State: ejecting
2024-05-05 11:06:13,593 : INFO : ball_device.bd_trough : Ejecting ball to <playfield.playfield>
2024-05-05 11:06:13,593 : INFO : EventManager : Event: ======'balldevice_bd_trough_ejecting_ball'====== Args={'balls': 1, 'target': <playfield.playfield>, 'source': <ball_device.bd_trough>, 'mechanical_eject': False, 'num_attempts': 13}
2024-05-05 11:06:13,594 : INFO : ball_device.bd_trough : Wait for ball to leave device
2024-05-05 11:06:13,594 : INFO : coil.c_trough : Pulsing Driver for 15ms (1.0 pulse_power)
2024-05-05 11:06:15,595 : INFO : EventManager : Event: ======'balldevice_bd_trough_ball_eject_failed'====== Args={'target': <playfield.playfield>, 'balls': 1, 'retry': True, 'num_attempts': 14}
2024-05-05 11:06:15,597 : INFO : ball_device.bd_trough : State: waiting_for_target_ready
2024-05-05 11:06:15,598 : INFO : EventManager : Event: ======'balldevice_bd_trough_ball_eject_attempt'====== Args={'balls': 1, 'target': <playfield.playfield>, 'source': <ball_device.bd_trough>, 'mechanical_eject': False, 'num_attempts': 14}
2024-05-05 11:06:15,598 : INFO : ball_device.bd_trough : State: ejecting
2024-05-05 11:06:15,599 : INFO : ball_device.bd_trough : Ejecting ball to <playfield.playfield>
2024-05-05 11:06:15,599 : INFO : EventManager : Event: ======'balldevice_bd_trough_ejecting_ball'====== Args={'balls': 1, 'target': <playfield.playfield>, 'source': <ball_device.bd_trough>, 'mechanical_eject': False, 'num_attempts': 14}
2024-05-05 11:06:15,600 : INFO : ball_device.bd_trough : Wait for ball to leave device
2024-05-05 11:06:15,601 : INFO : coil.c_trough : Pulsing Driver for 15ms (1.0 pulse_power)
2024-05-05 11:06:17,602 : INFO : EventManager : Event: ======'balldevice_bd_trough_ball_eject_failed'====== Args={'target': <playfield.playfield>, 'balls': 1, 'retry': True, 'num_attempts': 15}
2024-05-05 11:06:17,603 : INFO : ball_device.bd_trough : State: waiting_for_target_ready
2024-05-05 11:06:17,603 : INFO : EventManager : Event: ======'balldevice_bd_trough_ball_eject_attempt'====== Args={'balls': 1, 'target': <playfield.playfield>, 'source': <ball_device.bd_trough>, 'mechanical_eject': False, 'num_attempts': 15}
2024-05-05 11:06:17,604 : INFO : ball_device.bd_trough : State: ejecting
2024-05-05 11:06:17,604 : INFO : ball_device.bd_trough : Ejecting ball to <playfield.playfield>
2024-05-05 11:06:17,605 : INFO : EventManager : Event: ======'balldevice_bd_trough_ejecting_ball'====== Args={'balls': 1, 'target': <playfield.playfield>, 'source': <ball_device.bd_trough>, 'mechanical_eject': False, 'num_attempts': 15}
2024-05-05 11:06:17,607 : INFO : ball_device.bd_trough : Wait for ball to leave device
2024-05-05 11:06:17,607 : INFO : coil.c_trough : Pulsing Driver for 15ms (1.0 pulse_power)
2024-05-05 11:06:19,608 : INFO : EventManager : Event: ======'balldevice_bd_trough_ball_eject_failed'====== Args={'target': <playfield.playfield>, 'balls': 1, 'retry': True, 'num_attempts': 16}
2024-05-05 11:06:19,611 : INFO : ball_device.bd_trough : State: waiting_for_target_ready
2024-05-05 11:06:19,611 : INFO : EventManager : Event: ======'balldevice_bd_trough_ball_eject_attempt'====== Args={'balls': 1, 'target': <playfield.playfield>, 'source': <ball_device.bd_trough>, 'mechanical_eject': False, 'num_attempts': 16}
2024-05-05 11:06:19,612 : INFO : ball_device.bd_trough : State: ejecting
2024-05-05 11:06:19,612 : INFO : ball_device.bd_trough : Ejecting ball to <playfield.playfield>
2024-05-05 11:06:19,612 : INFO : EventManager : Event: ======'balldevice_bd_trough_ejecting_ball'====== Args={'balls': 1, 'target': <playfield.playfield>, 'source': <ball_device.bd_trough>, 'mechanical_eject': False, 'num_attempts': 16}
2024-05-05 11:06:19,613 : INFO : ball_device.bd_trough : Wait for ball to leave device
2024-05-05 11:06:19,613 : INFO : coil.c_trough : Pulsing Driver for 15ms (1.0 pulse_power)
2024-05-05 11:06:21,615 : INFO : EventManager : Event: ======'balldevice_bd_trough_ball_eject_failed'====== Args={'target': <playfield.playfield>, 'balls': 1, 'retry': True, 'num_attempts': 17}
2024-05-05 11:06:21,617 : INFO : ball_device.bd_trough : State: waiting_for_target_ready
2024-05-05 11:06:21,617 : INFO : EventManager : Event: ======'balldevice_bd_trough_ball_eject_attempt'====== Args={'balls': 1, 'target': <playfield.playfield>, 'source': <ball_device.bd_trough>, 'mechanical_eject': False, 'num_attempts': 17}
2024-05-05 11:06:21,618 : INFO : ball_device.bd_trough : State: ejecting
2024-05-05 11:06:21,618 : INFO : ball_device.bd_trough : Ejecting ball to <playfield.playfield>
2024-05-05 11:06:21,618 : INFO : EventManager : Event: ======'balldevice_bd_trough_ejecting_ball'====== Args={'balls': 1, 'target': <playfield.playfield>, 'source': <ball_device.bd_trough>, 'mechanical_eject': False, 'num_attempts': 17}
2024-05-05 11:06:21,619 : INFO : ball_device.bd_trough : Wait for ball to leave device
2024-05-05 11:06:21,619 : INFO : coil.c_trough : Pulsing Driver for 15ms (1.0 pulse_power)
2024-05-05 11:06:23,620 : INFO : EventManager : Event: ======'balldevice_bd_trough_ball_eject_failed'====== Args={'target': <playfield.playfield>, 'balls': 1, 'retry': True, 'num_attempts': 18}
2024-05-05 11:06:23,621 : INFO : ball_device.bd_trough : State: waiting_for_target_ready
2024-05-05 11:06:23,622 : INFO : EventManager : Event: ======'balldevice_bd_trough_ball_eject_attempt'====== Args={'balls': 1, 'target': <playfield.playfield>, 'source': <ball_device.bd_trough>, 'mechanical_eject': False, 'num_attempts': 18}
2024-05-05 11:06:23,623 : INFO : ball_device.bd_trough : State: ejecting
2024-05-05 11:06:23,623 : INFO : ball_device.bd_trough : Ejecting ball to <playfield.playfield>
2024-05-05 11:06:23,623 : INFO : EventManager : Event: ======'balldevice_bd_trough_ejecting_ball'====== Args={'balls': 1, 'target': <playfield.playfield>, 'source': <ball_device.bd_trough>, 'mechanical_eject': False, 'num_attempts': 18}
2024-05-05 11:06:23,626 : INFO : ball_device.bd_trough : Wait for ball to leave device
2024-05-05 11:06:23,626 : INFO : coil.c_trough : Pulsing Driver for 15ms (1.0 pulse_power)
2024-05-05 11:06:25,627 : INFO : EventManager : Event: ======'balldevice_bd_trough_ball_eject_failed'====== Args={'target': <playfield.playfield>, 'balls': 1, 'retry': True, 'num_attempts': 19}
2024-05-05 11:06:25,629 : INFO : ball_device.bd_trough : State: waiting_for_target_ready
2024-05-05 11:06:25,629 : INFO : EventManager : Event: ======'balldevice_bd_trough_ball_eject_attempt'====== Args={'balls': 1, 'target': <playfield.playfield>, 'source': <ball_device.bd_trough>, 'mechanical_eject': False, 'num_attempts': 19}
2024-05-05 11:06:25,630 : INFO : ball_device.bd_trough : State: ejecting
2024-05-05 11:06:25,630 : INFO : ball_device.bd_trough : Ejecting ball to <playfield.playfield>
2024-05-05 11:06:25,630 : INFO : EventManager : Event: ======'balldevice_bd_trough_ejecting_ball'====== Args={'balls': 1, 'target': <playfield.playfield>, 'source': <ball_device.bd_trough>, 'mechanical_eject': False, 'num_attempts': 19}
2024-05-05 11:06:25,631 : INFO : ball_device.bd_trough : Wait for ball to leave device
2024-05-05 11:06:25,631 : INFO : coil.c_trough : Pulsing Driver for 15ms (1.0 pulse_power)
2024-05-05 11:06:27,633 : INFO : EventManager : Event: ======'balldevice_bd_trough_ball_eject_failed'====== Args={'target': <playfield.playfield>, 'balls': 1, 'retry': True, 'num_attempts': 20}
2024-05-05 11:06:27,635 : INFO : ball_device.bd_trough : State: waiting_for_target_ready
2024-05-05 11:06:27,635 : INFO : EventManager : Event: ======'balldevice_bd_trough_ball_eject_attempt'====== Args={'balls': 1, 'target': <playfield.playfield>, 'source': <ball_device.bd_trough>, 'mechanical_eject': False, 'num_attempts': 20}
2024-05-05 11:06:27,636 : INFO : ball_device.bd_trough : State: ejecting
2024-05-05 11:06:27,636 : INFO : ball_device.bd_trough : Ejecting ball to <playfield.playfield>
2024-05-05 11:06:27,637 : INFO : EventManager : Event: ======'balldevice_bd_trough_ejecting_ball'====== Args={'balls': 1, 'target': <playfield.playfield>, 'source': <ball_device.bd_trough>, 'mechanical_eject': False, 'num_attempts': 20}
2024-05-05 11:06:27,638 : INFO : ball_device.bd_trough : Wait for ball to leave device
2024-05-05 11:06:27,638 : INFO : coil.c_trough : Pulsing Driver for 15ms (1.0 pulse_power)
2024-05-05 11:06:29,639 : INFO : EventManager : Event: ======'balldevice_bd_trough_ball_eject_failed'====== Args={'target': <playfield.playfield>, 'balls': 1, 'retry': True, 'num_attempts': 21}
2024-05-05 11:06:29,640 : INFO : ball_device.bd_trough : State: waiting_for_target_ready
2024-05-05 11:06:29,640 : INFO : EventManager : Event: ======'balldevice_bd_trough_ball_eject_attempt'====== Args={'balls': 1, 'target': <playfield.playfield>, 'source': <ball_device.bd_trough>, 'mechanical_eject': False, 'num_attempts': 21}
2024-05-05 11:06:29,641 : INFO : ball_device.bd_trough : State: ejecting
2024-05-05 11:06:29,642 : INFO : ball_device.bd_trough : Ejecting ball to <playfield.playfield>
2024-05-05 11:06:29,642 : INFO : EventManager : Event: ======'balldevice_bd_trough_ejecting_ball'====== Args={'balls': 1, 'target': <playfield.playfield>, 'source': <ball_device.bd_trough>, 'mechanical_eject': False, 'num_attempts': 21}
2024-05-05 11:06:29,644 : INFO : ball_device.bd_trough : Wait for ball to leave device
2024-05-05 11:06:29,644 : INFO : coil.c_trough : Pulsing Driver for 15ms (1.0 pulse_power)
2024-05-05 11:06:31,645 : INFO : EventManager : Event: ======'balldevice_bd_trough_ball_eject_failed'====== Args={'target': <playfield.playfield>, 'balls': 1, 'retry': True, 'num_attempts': 22}
2024-05-05 11:06:31,647 : INFO : ball_device.bd_trough : State: waiting_for_target_ready
2024-05-05 11:06:31,648 : INFO : EventManager : Event: ======'balldevice_bd_trough_ball_eject_attempt'====== Args={'balls': 1, 'target': <playfield.playfield>, 'source': <ball_device.bd_trough>, 'mechanical_eject': False, 'num_attempts': 22}
2024-05-05 11:06:31,648 : INFO : ball_device.bd_trough : State: ejecting
2024-05-05 11:06:31,648 : INFO : ball_device.bd_trough : Ejecting ball to <playfield.playfield>
2024-05-05 11:06:31,648 : INFO : EventManager : Event: ======'balldevice_bd_trough_ejecting_ball'====== Args={'balls': 1, 'target': <playfield.playfield>, 'source': <ball_device.bd_trough>, 'mechanical_eject': False, 'num_attempts': 22}
2024-05-05 11:06:31,650 : INFO : ball_device.bd_trough : Wait for ball to leave device
2024-05-05 11:06:31,650 : INFO : coil.c_trough : Pulsing Driver for 15ms (1.0 pulse_power)
2024-05-05 11:06:33,651 : INFO : EventManager : Event: ======'balldevice_bd_trough_ball_eject_failed'====== Args={'target': <playfield.playfield>, 'balls': 1, 'retry': True, 'num_attempts': 23}
2024-05-05 11:06:33,653 : INFO : ball_device.bd_trough : State: waiting_for_target_ready
2024-05-05 11:06:33,653 : INFO : EventManager : Event: ======'balldevice_bd_trough_ball_eject_attempt'====== Args={'balls': 1, 'target': <playfield.playfield>, 'source': <ball_device.bd_trough>, 'mechanical_eject': False, 'num_attempts': 23}
2024-05-05 11:06:33,654 : INFO : ball_device.bd_trough : State: ejecting
2024-05-05 11:06:33,654 : INFO : ball_device.bd_trough : Ejecting ball to <playfield.playfield>
2024-05-05 11:06:33,654 : INFO : EventManager : Event: ======'balldevice_bd_trough_ejecting_ball'====== Args={'balls': 1, 'target': <playfield.playfield>, 'source': <ball_device.bd_trough>, 'mechanical_eject': False, 'num_attempts': 23}
2024-05-05 11:06:33,656 : INFO : ball_device.bd_trough : Wait for ball to leave device
2024-05-05 11:06:33,656 : INFO : coil.c_trough : Pulsing Driver for 15ms (1.0 pulse_power)
2024-05-05 11:06:35,657 : INFO : EventManager : Event: ======'balldevice_bd_trough_ball_eject_failed'====== Args={'target': <playfield.playfield>, 'balls': 1, 'retry': True, 'num_attempts': 24}
2024-05-05 11:06:35,660 : INFO : ball_device.bd_trough : State: waiting_for_target_ready
2024-05-05 11:06:35,660 : INFO : EventManager : Event: ======'balldevice_bd_trough_ball_eject_attempt'====== Args={'balls': 1, 'target': <playfield.playfield>, 'source': <ball_device.bd_trough>, 'mechanical_eject': False, 'num_attempts': 24}
2024-05-05 11:06:35,661 : INFO : ball_device.bd_trough : State: ejecting
2024-05-05 11:06:35,661 : INFO : ball_device.bd_trough : Ejecting ball to <playfield.playfield>
2024-05-05 11:06:35,662 : INFO : EventManager : Event: ======'balldevice_bd_trough_ejecting_ball'====== Args={'balls': 1, 'target': <playfield.playfield>, 'source': <ball_device.bd_trough>, 'mechanical_eject': False, 'num_attempts': 24}
2024-05-05 11:06:35,663 : INFO : ball_device.bd_trough : Wait for ball to leave device
2024-05-05 11:06:35,663 : INFO : coil.c_trough : Pulsing Driver for 15ms (1.0 pulse_power)
2024-05-05 11:06:37,664 : INFO : EventManager : Event: ======'balldevice_bd_trough_ball_eject_failed'====== Args={'target': <playfield.playfield>, 'balls': 1, 'retry': True, 'num_attempts': 25}
2024-05-05 11:06:37,667 : INFO : ball_device.bd_trough : State: waiting_for_target_ready
2024-05-05 11:06:37,667 : INFO : EventManager : Event: ======'balldevice_bd_trough_ball_eject_attempt'====== Args={'balls': 1, 'target': <playfield.playfield>, 'source': <ball_device.bd_trough>, 'mechanical_eject': False, 'num_attempts': 25}
2024-05-05 11:06:37,668 : INFO : ball_device.bd_trough : State: ejecting
2024-05-05 11:06:37,668 : INFO : ball_device.bd_trough : Ejecting ball to <playfield.playfield>
2024-05-05 11:06:37,668 : INFO : EventManager : Event: ======'balldevice_bd_trough_ejecting_ball'====== Args={'balls': 1, 'target': <playfield.playfield>, 'source': <ball_device.bd_trough>, 'mechanical_eject': False, 'num_attempts': 25}
2024-05-05 11:06:37,670 : INFO : ball_device.bd_trough : Wait for ball to leave device
2024-05-05 11:06:37,670 : INFO : coil.c_trough : Pulsing Driver for 15ms (1.0 pulse_power)
2024-05-05 11:06:39,670 : INFO : EventManager : Event: ======'balldevice_bd_trough_ball_eject_failed'====== Args={'target': <playfield.playfield>, 'balls': 1, 'retry': True, 'num_attempts': 26}
2024-05-05 11:06:39,672 : INFO : ball_device.bd_trough : State: waiting_for_target_ready
2024-05-05 11:06:39,672 : INFO : EventManager : Event: ======'balldevice_bd_trough_ball_eject_attempt'====== Args={'balls': 1, 'target': <playfield.playfield>, 'source': <ball_device.bd_trough>, 'mechanical_eject': False, 'num_attempts': 26}
2024-05-05 11:06:39,673 : INFO : ball_device.bd_trough : State: ejecting
2024-05-05 11:06:39,673 : INFO : ball_device.bd_trough : Ejecting ball to <playfield.playfield>
2024-05-05 11:06:39,673 : INFO : EventManager : Event: ======'balldevice_bd_trough_ejecting_ball'====== Args={'balls': 1, 'target': <playfield.playfield>, 'source': <ball_device.bd_trough>, 'mechanical_eject': False, 'num_attempts': 26}
2024-05-05 11:06:39,675 : INFO : ball_device.bd_trough : Wait for ball to leave device
2024-05-05 11:06:39,675 : INFO : coil.c_trough : Pulsing Driver for 15ms (1.0 pulse_power)
2024-05-05 11:06:41,676 : INFO : EventManager : Event: ======'balldevice_bd_trough_ball_eject_failed'====== Args={'target': <playfield.playfield>, 'balls': 1, 'retry': True, 'num_attempts': 27}
2024-05-05 11:06:41,679 : INFO : ball_device.bd_trough : State: waiting_for_target_ready
2024-05-05 11:06:41,679 : INFO : EventManager : Event: ======'balldevice_bd_trough_ball_eject_attempt'====== Args={'balls': 1, 'target': <playfield.playfield>, 'source': <ball_device.bd_trough>, 'mechanical_eject': False, 'num_attempts': 27}
2024-05-05 11:06:41,680 : INFO : ball_device.bd_trough : State: ejecting
2024-05-05 11:06:41,680 : INFO : ball_device.bd_trough : Ejecting ball to <playfield.playfield>
2024-05-05 11:06:41,680 : INFO : EventManager : Event: ======'balldevice_bd_trough_ejecting_ball'====== Args={'balls': 1, 'target': <playfield.playfield>, 'source': <ball_device.bd_trough>, 'mechanical_eject': False, 'num_attempts': 27}
2024-05-05 11:06:41,681 : INFO : ball_device.bd_trough : Wait for ball to leave device
2024-05-05 11:06:41,682 : INFO : coil.c_trough : Pulsing Driver for 15ms (1.0 pulse_power)
2024-05-05 11:06:43,683 : INFO : EventManager : Event: ======'balldevice_bd_trough_ball_eject_failed'====== Args={'target': <playfield.playfield>, 'balls': 1, 'retry': True, 'num_attempts': 28}
2024-05-05 11:06:43,686 : INFO : ball_device.bd_trough : State: waiting_for_target_ready
2024-05-05 11:06:43,686 : INFO : EventManager : Event: ======'balldevice_bd_trough_ball_eject_attempt'====== Args={'balls': 1, 'target': <playfield.playfield>, 'source': <ball_device.bd_trough>, 'mechanical_eject': False, 'num_attempts': 28}
2024-05-05 11:06:43,687 : INFO : ball_device.bd_trough : State: ejecting
2024-05-05 11:06:43,687 : INFO : ball_device.bd_trough : Ejecting ball to <playfield.playfield>
2024-05-05 11:06:43,687 : INFO : EventManager : Event: ======'balldevice_bd_trough_ejecting_ball'====== Args={'balls': 1, 'target': <playfield.playfield>, 'source': <ball_device.bd_trough>, 'mechanical_eject': False, 'num_attempts': 28}
2024-05-05 11:06:43,688 : INFO : ball_device.bd_trough : Wait for ball to leave device
2024-05-05 11:06:43,688 : INFO : coil.c_trough : Pulsing Driver for 15ms (1.0 pulse_power)
2024-05-05 11:06:45,689 : INFO : EventManager : Event: ======'balldevice_bd_trough_ball_eject_failed'====== Args={'target': <playfield.playfield>, 'balls': 1, 'retry': True, 'num_attempts': 29}
2024-05-05 11:06:45,692 : INFO : ball_device.bd_trough : State: waiting_for_target_ready
2024-05-05 11:06:45,692 : INFO : EventManager : Event: ======'balldevice_bd_trough_ball_eject_attempt'====== Args={'balls': 1, 'target': <playfield.playfield>, 'source': <ball_device.bd_trough>, 'mechanical_eject': False, 'num_attempts': 29}
2024-05-05 11:06:45,693 : INFO : ball_device.bd_trough : State: ejecting
2024-05-05 11:06:45,693 : INFO : ball_device.bd_trough : Ejecting ball to <playfield.playfield>
2024-05-05 11:06:45,693 : INFO : EventManager : Event: ======'balldevice_bd_trough_ejecting_ball'====== Args={'balls': 1, 'target': <playfield.playfield>, 'source': <ball_device.bd_trough>, 'mechanical_eject': False, 'num_attempts': 29}
2024-05-05 11:06:45,694 : INFO : ball_device.bd_trough : Wait for ball to leave device
2024-05-05 11:06:45,694 : INFO : coil.c_trough : Pulsing Driver for 15ms (1.0 pulse_power)
2024-05-05 11:06:47,695 : INFO : EventManager : Event: ======'balldevice_bd_trough_ball_eject_failed'====== Args={'target': <playfield.playfield>, 'balls': 1, 'retry': True, 'num_attempts': 30}
2024-05-05 11:06:47,697 : INFO : ball_device.bd_trough : State: waiting_for_target_ready
2024-05-05 11:06:47,697 : INFO : EventManager : Event: ======'balldevice_bd_trough_ball_eject_attempt'====== Args={'balls': 1, 'target': <playfield.playfield>, 'source': <ball_device.bd_trough>, 'mechanical_eject': False, 'num_attempts': 30}
2024-05-05 11:06:47,698 : INFO : ball_device.bd_trough : State: ejecting
2024-05-05 11:06:47,698 : INFO : ball_device.bd_trough : Ejecting ball to <playfield.playfield>
2024-05-05 11:06:47,698 : INFO : EventManager : Event: ======'balldevice_bd_trough_ejecting_ball'====== Args={'balls': 1, 'target': <playfield.playfield>, 'source': <ball_device.bd_trough>, 'mechanical_eject': False, 'num_attempts': 30}
2024-05-05 11:06:47,699 : INFO : ball_device.bd_trough : Wait for ball to leave device
2024-05-05 11:06:47,699 : INFO : coil.c_trough : Pulsing Driver for 15ms (1.0 pulse_power)
2024-05-05 11:06:49,700 : INFO : EventManager : Event: ======'balldevice_bd_trough_ball_eject_failed'====== Args={'target': <playfield.playfield>, 'balls': 1, 'retry': True, 'num_attempts': 31}
2024-05-05 11:06:49,703 : INFO : ball_device.bd_trough : State: waiting_for_target_ready
2024-05-05 11:06:49,704 : INFO : EventManager : Event: ======'balldevice_bd_trough_ball_eject_attempt'====== Args={'balls': 1, 'target': <playfield.playfield>, 'source': <ball_device.bd_trough>, 'mechanical_eject': False, 'num_attempts': 31}
2024-05-05 11:06:49,704 : INFO : ball_device.bd_trough : State: ejecting
2024-05-05 11:06:49,705 : INFO : ball_device.bd_trough : Ejecting ball to <playfield.playfield>
2024-05-05 11:06:49,705 : INFO : EventManager : Event: ======'balldevice_bd_trough_ejecting_ball'====== Args={'balls': 1, 'target': <playfield.playfield>, 'source': <ball_device.bd_trough>, 'mechanical_eject': False, 'num_attempts': 31}
2024-05-05 11:06:49,706 : INFO : ball_device.bd_trough : Wait for ball to leave device
2024-05-05 11:06:49,706 : INFO : coil.c_trough : Pulsing Driver for 15ms (1.0 pulse_power)
2024-05-05 11:06:51,707 : INFO : EventManager : Event: ======'balldevice_bd_trough_ball_eject_failed'====== Args={'target': <playfield.playfield>, 'balls': 1, 'retry': True, 'num_attempts': 32}
2024-05-05 11:06:51,709 : INFO : ball_device.bd_trough : State: waiting_for_target_ready
2024-05-05 11:06:51,710 : INFO : EventManager : Event: ======'balldevice_bd_trough_ball_eject_attempt'====== Args={'balls': 1, 'target': <playfield.playfield>, 'source': <ball_device.bd_trough>, 'mechanical_eject': False, 'num_attempts': 32}
2024-05-05 11:06:51,710 : INFO : ball_device.bd_trough : State: ejecting
2024-05-05 11:06:51,710 : INFO : ball_device.bd_trough : Ejecting ball to <playfield.playfield>
2024-05-05 11:06:51,710 : INFO : EventManager : Event: ======'balldevice_bd_trough_ejecting_ball'====== Args={'balls': 1, 'target': <playfield.playfield>, 'source': <ball_device.bd_trough>, 'mechanical_eject': False, 'num_attempts': 32}
2024-05-05 11:06:51,711 : INFO : ball_device.bd_trough : Wait for ball to leave device
2024-05-05 11:06:51,711 : INFO : coil.c_trough : Pulsing Driver for 15ms (1.0 pulse_power)
2024-05-05 11:06:53,712 : INFO : EventManager : Event: ======'balldevice_bd_trough_ball_eject_failed'====== Args={'target': <playfield.playfield>, 'balls': 1, 'retry': True, 'num_attempts': 33}
2024-05-05 11:06:53,714 : INFO : ball_device.bd_trough : State: waiting_for_target_ready
2024-05-05 11:06:53,714 : INFO : EventManager : Event: ======'balldevice_bd_trough_ball_eject_attempt'====== Args={'balls': 1, 'target': <playfield.playfield>, 'source': <ball_device.bd_trough>, 'mechanical_eject': False, 'num_attempts': 33}
2024-05-05 11:06:53,715 : INFO : ball_device.bd_trough : State: ejecting
2024-05-05 11:06:53,715 : INFO : ball_device.bd_trough : Ejecting ball to <playfield.playfield>
2024-05-05 11:06:53,716 : INFO : EventManager : Event: ======'balldevice_bd_trough_ejecting_ball'====== Args={'balls': 1, 'target': <playfield.playfield>, 'source': <ball_device.bd_trough>, 'mechanical_eject': False, 'num_attempts': 33}
2024-05-05 11:06:53,717 : INFO : ball_device.bd_trough : Wait for ball to leave device
2024-05-05 11:06:53,717 : INFO : coil.c_trough : Pulsing Driver for 15ms (1.0 pulse_power)
2024-05-05 11:06:55,718 : INFO : EventManager : Event: ======'balldevice_bd_trough_ball_eject_failed'====== Args={'target': <playfield.playfield>, 'balls': 1, 'retry': True, 'num_attempts': 34}
2024-05-05 11:06:55,720 : INFO : ball_device.bd_trough : State: waiting_for_target_ready
2024-05-05 11:06:55,721 : INFO : EventManager : Event: ======'balldevice_bd_trough_ball_eject_attempt'====== Args={'balls': 1, 'target': <playfield.playfield>, 'source': <ball_device.bd_trough>, 'mechanical_eject': False, 'num_attempts': 34}
2024-05-05 11:06:55,721 : INFO : ball_device.bd_trough : State: ejecting
2024-05-05 11:06:55,722 : INFO : ball_device.bd_trough : Ejecting ball to <playfield.playfield>
2024-05-05 11:06:55,722 : INFO : EventManager : Event: ======'balldevice_bd_trough_ejecting_ball'====== Args={'balls': 1, 'target': <playfield.playfield>, 'source': <ball_device.bd_trough>, 'mechanical_eject': False, 'num_attempts': 34}
2024-05-05 11:06:55,723 : INFO : ball_device.bd_trough : Wait for ball to leave device
2024-05-05 11:06:55,723 : INFO : coil.c_trough : Pulsing Driver for 15ms (1.0 pulse_power)
2024-05-05 11:06:57,725 : INFO : EventManager : Event: ======'balldevice_bd_trough_ball_eject_failed'====== Args={'target': <playfield.playfield>, 'balls': 1, 'retry': True, 'num_attempts': 35}
2024-05-05 11:06:57,727 : INFO : ball_device.bd_trough : State: waiting_for_target_ready
2024-05-05 11:06:57,727 : INFO : EventManager : Event: ======'balldevice_bd_trough_ball_eject_attempt'====== Args={'balls': 1, 'target': <playfield.playfield>, 'source': <ball_device.bd_trough>, 'mechanical_eject': False, 'num_attempts': 35}
2024-05-05 11:06:57,728 : INFO : ball_device.bd_trough : State: ejecting
2024-05-05 11:06:57,728 : INFO : ball_device.bd_trough : Ejecting ball to <playfield.playfield>
2024-05-05 11:06:57,728 : INFO : EventManager : Event: ======'balldevice_bd_trough_ejecting_ball'====== Args={'balls': 1, 'target': <playfield.playfield>, 'source': <ball_device.bd_trough>, 'mechanical_eject': False, 'num_attempts': 35}
2024-05-05 11:06:57,730 : INFO : ball_device.bd_trough : Wait for ball to leave device
2024-05-05 11:06:57,730 : INFO : coil.c_trough : Pulsing Driver for 15ms (1.0 pulse_power)
2024-05-05 11:06:59,731 : INFO : EventManager : Event: ======'balldevice_bd_trough_ball_eject_failed'====== Args={'target': <playfield.playfield>, 'balls': 1, 'retry': True, 'num_attempts': 36}
2024-05-05 11:06:59,733 : INFO : ball_device.bd_trough : State: waiting_for_target_ready
2024-05-05 11:06:59,733 : INFO : EventManager : Event: ======'balldevice_bd_trough_ball_eject_attempt'====== Args={'balls': 1, 'target': <playfield.playfield>, 'source': <ball_device.bd_trough>, 'mechanical_eject': False, 'num_attempts': 36}
2024-05-05 11:06:59,734 : INFO : ball_device.bd_trough : State: ejecting
2024-05-05 11:06:59,734 : INFO : ball_device.bd_trough : Ejecting ball to <playfield.playfield>
2024-05-05 11:06:59,735 : INFO : EventManager : Event: ======'balldevice_bd_trough_ejecting_ball'====== Args={'balls': 1, 'target': <playfield.playfield>, 'source': <ball_device.bd_trough>, 'mechanical_eject': False, 'num_attempts': 36}
2024-05-05 11:06:59,735 : INFO : ball_device.bd_trough : Wait for ball to leave device
2024-05-05 11:06:59,736 : INFO : coil.c_trough : Pulsing Driver for 15ms (1.0 pulse_power)
2024-05-05 11:07:01,737 : INFO : EventManager : Event: ======'balldevice_bd_trough_ball_eject_failed'====== Args={'target': <playfield.playfield>, 'balls': 1, 'retry': True, 'num_attempts': 37}
2024-05-05 11:07:01,740 : INFO : ball_device.bd_trough : State: waiting_for_target_ready
2024-05-05 11:07:01,741 : INFO : EventManager : Event: ======'balldevice_bd_trough_ball_eject_attempt'====== Args={'balls': 1, 'target': <playfield.playfield>, 'source': <ball_device.bd_trough>, 'mechanical_eject': False, 'num_attempts': 37}
2024-05-05 11:07:01,741 : INFO : ball_device.bd_trough : State: ejecting
2024-05-05 11:07:01,742 : INFO : ball_device.bd_trough : Ejecting ball to <playfield.playfield>
2024-05-05 11:07:01,742 : INFO : EventManager : Event: ======'balldevice_bd_trough_ejecting_ball'====== Args={'balls': 1, 'target': <playfield.playfield>, 'source': <ball_device.bd_trough>, 'mechanical_eject': False, 'num_attempts': 37}
2024-05-05 11:07:01,743 : INFO : ball_device.bd_trough : Wait for ball to leave device
2024-05-05 11:07:01,743 : INFO : coil.c_trough : Pulsing Driver for 15ms (1.0 pulse_power)
2024-05-05 11:07:03,744 : INFO : EventManager : Event: ======'balldevice_bd_trough_ball_eject_failed'====== Args={'target': <playfield.playfield>, 'balls': 1, 'retry': True, 'num_attempts': 38}
2024-05-05 11:07:03,746 : INFO : ball_device.bd_trough : State: waiting_for_target_ready
2024-05-05 11:07:03,747 : INFO : EventManager : Event: ======'balldevice_bd_trough_ball_eject_attempt'====== Args={'balls': 1, 'target': <playfield.playfield>, 'source': <ball_device.bd_trough>, 'mechanical_eject': False, 'num_attempts': 38}
2024-05-05 11:07:03,747 : INFO : ball_device.bd_trough : State: ejecting
2024-05-05 11:07:03,748 : INFO : ball_device.bd_trough : Ejecting ball to <playfield.playfield>
2024-05-05 11:07:03,748 : INFO : EventManager : Event: ======'balldevice_bd_trough_ejecting_ball'====== Args={'balls': 1, 'target': <playfield.playfield>, 'source': <ball_device.bd_trough>, 'mechanical_eject': False, 'num_attempts': 38}
2024-05-05 11:07:03,749 : INFO : ball_device.bd_trough : Wait for ball to leave device
2024-05-05 11:07:03,750 : INFO : coil.c_trough : Pulsing Driver for 15ms (1.0 pulse_power)
2024-05-05 11:07:05,751 : INFO : EventManager : Event: ======'balldevice_bd_trough_ball_eject_failed'====== Args={'target': <playfield.playfield>, 'balls': 1, 'retry': True, 'num_attempts': 39}
2024-05-05 11:07:05,753 : INFO : ball_device.bd_trough : State: waiting_for_target_ready
2024-05-05 11:07:05,753 : INFO : EventManager : Event: ======'balldevice_bd_trough_ball_eject_attempt'====== Args={'balls': 1, 'target': <playfield.playfield>, 'source': <ball_device.bd_trough>, 'mechanical_eject': False, 'num_attempts': 39}
2024-05-05 11:07:05,753 : INFO : ball_device.bd_trough : State: ejecting
2024-05-05 11:07:05,753 : INFO : ball_device.bd_trough : Ejecting ball to <playfield.playfield>
2024-05-05 11:07:05,753 : INFO : EventManager : Event: ======'balldevice_bd_trough_ejecting_ball'====== Args={'balls': 1, 'target': <playfield.playfield>, 'source': <ball_device.bd_trough>, 'mechanical_eject': False, 'num_attempts': 39}
2024-05-05 11:07:05,754 : INFO : ball_device.bd_trough : Wait for ball to leave device
2024-05-05 11:07:05,754 : INFO : coil.c_trough : Pulsing Driver for 15ms (1.0 pulse_power)
2024-05-05 11:07:07,755 : INFO : EventManager : Event: ======'balldevice_bd_trough_ball_eject_failed'====== Args={'target': <playfield.playfield>, 'balls': 1, 'retry': True, 'num_attempts': 40}
2024-05-05 11:07:07,757 : INFO : ball_device.bd_trough : State: waiting_for_target_ready
2024-05-05 11:07:07,757 : INFO : EventManager : Event: ======'balldevice_bd_trough_ball_eject_attempt'====== Args={'balls': 1, 'target': <playfield.playfield>, 'source': <ball_device.bd_trough>, 'mechanical_eject': False, 'num_attempts': 40}
2024-05-05 11:07:07,758 : INFO : ball_device.bd_trough : State: ejecting
2024-05-05 11:07:07,758 : INFO : ball_device.bd_trough : Ejecting ball to <playfield.playfield>
2024-05-05 11:07:07,758 : INFO : EventManager : Event: ======'balldevice_bd_trough_ejecting_ball'====== Args={'balls': 1, 'target': <playfield.playfield>, 'source': <ball_device.bd_trough>, 'mechanical_eject': False, 'num_attempts': 40}
2024-05-05 11:07:07,760 : INFO : ball_device.bd_trough : Wait for ball to leave device
2024-05-05 11:07:07,760 : INFO : coil.c_trough : Pulsing Driver for 15ms (1.0 pulse_power)
2024-05-05 11:07:09,761 : INFO : EventManager : Event: ======'balldevice_bd_trough_ball_eject_failed'====== Args={'target': <playfield.playfield>, 'balls': 1, 'retry': True, 'num_attempts': 41}
2024-05-05 11:07:09,763 : INFO : ball_device.bd_trough : State: waiting_for_target_ready
2024-05-05 11:07:09,764 : INFO : EventManager : Event: ======'balldevice_bd_trough_ball_eject_attempt'====== Args={'balls': 1, 'target': <playfield.playfield>, 'source': <ball_device.bd_trough>, 'mechanical_eject': False, 'num_attempts': 41}
2024-05-05 11:07:09,765 : INFO : ball_device.bd_trough : State: ejecting
2024-05-05 11:07:09,765 : INFO : ball_device.bd_trough : Ejecting ball to <playfield.playfield>
2024-05-05 11:07:09,765 : INFO : EventManager : Event: ======'balldevice_bd_trough_ejecting_ball'====== Args={'balls': 1, 'target': <playfield.playfield>, 'source': <ball_device.bd_trough>, 'mechanical_eject': False, 'num_attempts': 41}
2024-05-05 11:07:09,766 : INFO : ball_device.bd_trough : Wait for ball to leave device
2024-05-05 11:07:09,767 : INFO : coil.c_trough : Pulsing Driver for 15ms (1.0 pulse_power)
2024-05-05 11:07:11,768 : INFO : EventManager : Event: ======'balldevice_bd_trough_ball_eject_failed'====== Args={'target': <playfield.playfield>, 'balls': 1, 'retry': True, 'num_attempts': 42}
2024-05-05 11:07:11,771 : INFO : ball_device.bd_trough : State: waiting_for_target_ready
2024-05-05 11:07:11,772 : INFO : EventManager : Event: ======'balldevice_bd_trough_ball_eject_attempt'====== Args={'balls': 1, 'target': <playfield.playfield>, 'source': <ball_device.bd_trough>, 'mechanical_eject': False, 'num_attempts': 42}
2024-05-05 11:07:11,773 : INFO : ball_device.bd_trough : State: ejecting
2024-05-05 11:07:11,773 : INFO : ball_device.bd_trough : Ejecting ball to <playfield.playfield>
2024-05-05 11:07:11,773 : INFO : EventManager : Event: ======'balldevice_bd_trough_ejecting_ball'====== Args={'balls': 1, 'target': <playfield.playfield>, 'source': <ball_device.bd_trough>, 'mechanical_eject': False, 'num_attempts': 42}
2024-05-05 11:07:11,775 : INFO : ball_device.bd_trough : Wait for ball to leave device
2024-05-05 11:07:11,775 : INFO : coil.c_trough : Pulsing Driver for 15ms (1.0 pulse_power)
2024-05-05 11:07:13,776 : INFO : EventManager : Event: ======'balldevice_bd_trough_ball_eject_failed'====== Args={'target': <playfield.playfield>, 'balls': 1, 'retry': True, 'num_attempts': 43}
2024-05-05 11:07:13,778 : INFO : ball_device.bd_trough : State: waiting_for_target_ready
2024-05-05 11:07:13,778 : INFO : EventManager : Event: ======'balldevice_bd_trough_ball_eject_attempt'====== Args={'balls': 1, 'target': <playfield.playfield>, 'source': <ball_device.bd_trough>, 'mechanical_eject': False, 'num_attempts': 43}
2024-05-05 11:07:13,779 : INFO : ball_device.bd_trough : State: ejecting
2024-05-05 11:07:13,780 : INFO : ball_device.bd_trough : Ejecting ball to <playfield.playfield>
2024-05-05 11:07:13,780 : INFO : EventManager : Event: ======'balldevice_bd_trough_ejecting_ball'====== Args={'balls': 1, 'target': <playfield.playfield>, 'source': <ball_device.bd_trough>, 'mechanical_eject': False, 'num_attempts': 43}
2024-05-05 11:07:13,781 : INFO : ball_device.bd_trough : Wait for ball to leave device
2024-05-05 11:07:13,781 : INFO : coil.c_trough : Pulsing Driver for 15ms (1.0 pulse_power)
2024-05-05 11:07:15,783 : INFO : EventManager : Event: ======'balldevice_bd_trough_ball_eject_failed'====== Args={'target': <playfield.playfield>, 'balls': 1, 'retry': True, 'num_attempts': 44}
2024-05-05 11:07:15,785 : INFO : ball_device.bd_trough : State: waiting_for_target_ready
2024-05-05 11:07:15,786 : INFO : EventManager : Event: ======'balldevice_bd_trough_ball_eject_attempt'====== Args={'balls': 1, 'target': <playfield.playfield>, 'source': <ball_device.bd_trough>, 'mechanical_eject': False, 'num_attempts': 44}
2024-05-05 11:07:15,786 : INFO : ball_device.bd_trough : State: ejecting
2024-05-05 11:07:15,786 : INFO : ball_device.bd_trough : Ejecting ball to <playfield.playfield>
2024-05-05 11:07:15,786 : INFO : EventManager : Event: ======'balldevice_bd_trough_ejecting_ball'====== Args={'balls': 1, 'target': <playfield.playfield>, 'source': <ball_device.bd_trough>, 'mechanical_eject': False, 'num_attempts': 44}
2024-05-05 11:07:15,787 : INFO : ball_device.bd_trough : Wait for ball to leave device
2024-05-05 11:07:15,787 : INFO : coil.c_trough : Pulsing Driver for 15ms (1.0 pulse_power)
2024-05-05 11:07:17,788 : INFO : EventManager : Event: ======'balldevice_bd_trough_ball_eject_failed'====== Args={'target': <playfield.playfield>, 'balls': 1, 'retry': True, 'num_attempts': 45}
2024-05-05 11:07:17,790 : INFO : ball_device.bd_trough : State: waiting_for_target_ready
2024-05-05 11:07:17,791 : INFO : EventManager : Event: ======'balldevice_bd_trough_ball_eject_attempt'====== Args={'balls': 1, 'target': <playfield.playfield>, 'source': <ball_device.bd_trough>, 'mechanical_eject': False, 'num_attempts': 45}
2024-05-05 11:07:17,791 : INFO : ball_device.bd_trough : State: ejecting
2024-05-05 11:07:17,792 : INFO : ball_device.bd_trough : Ejecting ball to <playfield.playfield>
2024-05-05 11:07:17,792 : INFO : EventManager : Event: ======'balldevice_bd_trough_ejecting_ball'====== Args={'balls': 1, 'target': <playfield.playfield>, 'source': <ball_device.bd_trough>, 'mechanical_eject': False, 'num_attempts': 45}
2024-05-05 11:07:17,793 : INFO : ball_device.bd_trough : Wait for ball to leave device
2024-05-05 11:07:17,793 : INFO : coil.c_trough : Pulsing Driver for 15ms (1.0 pulse_power)
2024-05-05 11:07:19,794 : INFO : EventManager : Event: ======'balldevice_bd_trough_ball_eject_failed'====== Args={'target': <playfield.playfield>, 'balls': 1, 'retry': True, 'num_attempts': 46}
2024-05-05 11:07:19,797 : INFO : ball_device.bd_trough : State: waiting_for_target_ready
2024-05-05 11:07:19,797 : INFO : EventManager : Event: ======'balldevice_bd_trough_ball_eject_attempt'====== Args={'balls': 1, 'target': <playfield.playfield>, 'source': <ball_device.bd_trough>, 'mechanical_eject': False, 'num_attempts': 46}
2024-05-05 11:07:19,798 : INFO : ball_device.bd_trough : State: ejecting
2024-05-05 11:07:19,798 : INFO : ball_device.bd_trough : Ejecting ball to <playfield.playfield>
2024-05-05 11:07:19,798 : INFO : EventManager : Event: ======'balldevice_bd_trough_ejecting_ball'====== Args={'balls': 1, 'target': <playfield.playfield>, 'source': <ball_device.bd_trough>, 'mechanical_eject': False, 'num_attempts': 46}
2024-05-05 11:07:19,799 : INFO : ball_device.bd_trough : Wait for ball to leave device
2024-05-05 11:07:19,799 : INFO : coil.c_trough : Pulsing Driver for 15ms (1.0 pulse_power)
2024-05-05 11:07:21,800 : INFO : EventManager : Event: ======'balldevice_bd_trough_ball_eject_failed'====== Args={'target': <playfield.playfield>, 'balls': 1, 'retry': True, 'num_attempts': 47}
2024-05-05 11:07:21,801 : INFO : ball_device.bd_trough : State: waiting_for_target_ready
2024-05-05 11:07:21,802 : INFO : EventManager : Event: ======'balldevice_bd_trough_ball_eject_attempt'====== Args={'balls': 1, 'target': <playfield.playfield>, 'source': <ball_device.bd_trough>, 'mechanical_eject': False, 'num_attempts': 47}
2024-05-05 11:07:21,802 : INFO : ball_device.bd_trough : State: ejecting
2024-05-05 11:07:21,802 : INFO : ball_device.bd_trough : Ejecting ball to <playfield.playfield>
2024-05-05 11:07:21,803 : INFO : EventManager : Event: ======'balldevice_bd_trough_ejecting_ball'====== Args={'balls': 1, 'target': <playfield.playfield>, 'source': <ball_device.bd_trough>, 'mechanical_eject': False, 'num_attempts': 47}
2024-05-05 11:07:21,804 : INFO : ball_device.bd_trough : Wait for ball to leave device
2024-05-05 11:07:21,804 : INFO : coil.c_trough : Pulsing Driver for 15ms (1.0 pulse_power)
2024-05-05 11:07:23,805 : INFO : EventManager : Event: ======'balldevice_bd_trough_ball_eject_failed'====== Args={'target': <playfield.playfield>, 'balls': 1, 'retry': True, 'num_attempts': 48}
2024-05-05 11:07:23,807 : INFO : ball_device.bd_trough : State: waiting_for_target_ready
2024-05-05 11:07:23,808 : INFO : EventManager : Event: ======'balldevice_bd_trough_ball_eject_attempt'====== Args={'balls': 1, 'target': <playfield.playfield>, 'source': <ball_device.bd_trough>, 'mechanical_eject': False, 'num_attempts': 48}
2024-05-05 11:07:23,809 : INFO : ball_device.bd_trough : State: ejecting
2024-05-05 11:07:23,809 : INFO : ball_device.bd_trough : Ejecting ball to <playfield.playfield>
2024-05-05 11:07:23,810 : INFO : EventManager : Event: ======'balldevice_bd_trough_ejecting_ball'====== Args={'balls': 1, 'target': <playfield.playfield>, 'source': <ball_device.bd_trough>, 'mechanical_eject': False, 'num_attempts': 48}
2024-05-05 11:07:23,811 : INFO : ball_device.bd_trough : Wait for ball to leave device
2024-05-05 11:07:23,811 : INFO : coil.c_trough : Pulsing Driver for 15ms (1.0 pulse_power)
2024-05-05 11:07:25,812 : INFO : EventManager : Event: ======'balldevice_bd_trough_ball_eject_failed'====== Args={'target': <playfield.playfield>, 'balls': 1, 'retry': True, 'num_attempts': 49}
2024-05-05 11:07:25,814 : INFO : ball_device.bd_trough : State: waiting_for_target_ready
2024-05-05 11:07:25,814 : INFO : EventManager : Event: ======'balldevice_bd_trough_ball_eject_attempt'====== Args={'balls': 1, 'target': <playfield.playfield>, 'source': <ball_device.bd_trough>, 'mechanical_eject': False, 'num_attempts': 49}
2024-05-05 11:07:25,814 : INFO : ball_device.bd_trough : State: ejecting
2024-05-05 11:07:25,815 : INFO : ball_device.bd_trough : Ejecting ball to <playfield.playfield>
2024-05-05 11:07:25,815 : INFO : EventManager : Event: ======'balldevice_bd_trough_ejecting_ball'====== Args={'balls': 1, 'target': <playfield.playfield>, 'source': <ball_device.bd_trough>, 'mechanical_eject': False, 'num_attempts': 49}
2024-05-05 11:07:25,816 : INFO : ball_device.bd_trough : Wait for ball to leave device
2024-05-05 11:07:25,816 : INFO : coil.c_trough : Pulsing Driver for 15ms (1.0 pulse_power)
2024-05-05 11:07:27,818 : INFO : EventManager : Event: ======'balldevice_bd_trough_ball_eject_failed'====== Args={'target': <playfield.playfield>, 'balls': 1, 'retry': True, 'num_attempts': 50}
2024-05-05 11:07:27,820 : INFO : ball_device.bd_trough : State: waiting_for_target_ready
2024-05-05 11:07:27,821 : INFO : EventManager : Event: ======'balldevice_bd_trough_ball_eject_attempt'====== Args={'balls': 1, 'target': <playfield.playfield>, 'source': <ball_device.bd_trough>, 'mechanical_eject': False, 'num_attempts': 50}
2024-05-05 11:07:27,821 : INFO : ball_device.bd_trough : State: ejecting
2024-05-05 11:07:27,822 : INFO : ball_device.bd_trough : Ejecting ball to <playfield.playfield>
2024-05-05 11:07:27,822 : INFO : EventManager : Event: ======'balldevice_bd_trough_ejecting_ball'====== Args={'balls': 1, 'target': <playfield.playfield>, 'source': <ball_device.bd_trough>, 'mechanical_eject': False, 'num_attempts': 50}
2024-05-05 11:07:27,824 : INFO : ball_device.bd_trough : Wait for ball to leave device
2024-05-05 11:07:27,825 : INFO : coil.c_trough : Pulsing Driver for 15ms (1.0 pulse_power)
2024-05-05 11:07:29,825 : INFO : EventManager : Event: ======'balldevice_bd_trough_ball_eject_failed'====== Args={'target': <playfield.playfield>, 'balls': 1, 'retry': True, 'num_attempts': 51}
2024-05-05 11:07:29,827 : INFO : ball_device.bd_trough : State: waiting_for_target_ready
2024-05-05 11:07:29,828 : INFO : EventManager : Event: ======'balldevice_bd_trough_ball_eject_attempt'====== Args={'balls': 1, 'target': <playfield.playfield>, 'source': <ball_device.bd_trough>, 'mechanical_eject': False, 'num_attempts': 51}
2024-05-05 11:07:29,828 : INFO : ball_device.bd_trough : State: ejecting
2024-05-05 11:07:29,828 : INFO : ball_device.bd_trough : Ejecting ball to <playfield.playfield>
2024-05-05 11:07:29,828 : INFO : EventManager : Event: ======'balldevice_bd_trough_ejecting_ball'====== Args={'balls': 1, 'target': <playfield.playfield>, 'source': <ball_device.bd_trough>, 'mechanical_eject': False, 'num_attempts': 51}
2024-05-05 11:07:29,829 : INFO : ball_device.bd_trough : Wait for ball to leave device
2024-05-05 11:07:29,830 : INFO : coil.c_trough : Pulsing Driver for 15ms (1.0 pulse_power)
2024-05-05 11:07:30,181 : INFO : Machine : Shutting down...
2024-05-05 11:07:30,181 : INFO : EventManager : Event: ======'shutdown'====== Args={}
2024-05-05 11:07:30,186 : INFO : EventManager : Event: ======'mode_game_will_stop'====== Args={}
2024-05-05 11:07:30,186 : INFO : EventManager : Event: ======'mode_game_stopping'====== Args={}
2024-05-05 11:07:30,187 : INFO : EventManager : Event: ======'mode_lane_rotate_will_stop'====== Args={}
2024-05-05 11:07:30,187 : INFO : EventManager : Event: ======'mode_lane_rotate_stopping'====== Args={}
2024-05-05 11:07:30,187 : INFO : EventManager : Event: ======'mode_mult_fleshy_qualify_will_stop'====== Args={}
2024-05-05 11:07:30,187 : INFO : EventManager : Event: ======'mode_mult_fleshy_qualify_stopping'====== Args={}
2024-05-05 11:07:30,187 : INFO : EventManager : Event: ======'mode_base_will_stop'====== Args={}
2024-05-05 11:07:30,187 : INFO : EventManager : Event: ======'mode_base_stopping'====== Args={}
2024-05-05 11:07:30,187 : INFO : Mode.base : Stopped.
2024-05-05 11:07:30,188 : INFO : EventManager : Event: ======'modes_active_modes_changed'====== Args={}
2024-05-05 11:07:30,188 : INFO : EventManager : Event: ======'mode_base_stopped'====== Args={}
2024-05-05 11:07:30,188 : INFO : EventManager : Event: ======'clear'====== Args={'key': 'base'}
2024-05-05 11:07:30,189 : INFO : Mode.mult_fleshy_qualify : Stopped.
2024-05-05 11:07:30,189 : INFO : EventManager : Event: ======'modes_active_modes_changed'====== Args={}
2024-05-05 11:07:30,190 : INFO : EventManager : Event: ======'mode_mult_fleshy_qualify_stopped'====== Args={}
2024-05-05 11:07:30,190 : INFO : EventManager : Event: ======'clear'====== Args={'key': 'mult_fleshy_qualify'}
2024-05-05 11:07:30,190 : INFO : Mode.lane_rotate : Stopped.
2024-05-05 11:07:30,190 : INFO : EventManager : Event: ======'modes_active_modes_changed'====== Args={}
2024-05-05 11:07:30,190 : INFO : EventManager : Event: ======'mode_lane_rotate_stopped'====== Args={}
2024-05-05 11:07:30,190 : INFO : EventManager : Event: ======'clear'====== Args={'key': 'lane_rotate'}
2024-05-05 11:07:30,191 : INFO : Mode.game : Stopped.
2024-05-05 11:07:30,191 : INFO : EventManager : Event: ======'modes_active_modes_changed'====== Args={}
2024-05-05 11:07:30,192 : INFO : EventManager : Event: ======'mode_game_stopped'====== Args={}
2024-05-05 11:07:30,192 : INFO : EventManager : Event: ======'clear'====== Args={'key': 'game'}
2024-05-05 11:07:30,193 : INFO : root : MPF run loop ended.
