2024-02-01 16:22:28,860 : INFO : root : Loading config.
2024-02-01 16:22:28,864 : INFO : YamlMultifileConfigLoader : Machine config file #1: config.yaml
2024-02-01 16:22:28,865 : INFO : ConfigProcessor : Loading config from cache: C:\Users\Tanner\AppData\Local\Temp\ae594c12e5b61ed7124eed45950049a7.mpf_cache
2024-02-01 16:22:28,941 : INFO : ConfigProcessor : Loading config from cache: C:\Users\Tanner\AppData\Local\Temp\165ae565642a148ddd3c4976ade4dd88.mpf_cache
2024-02-01 16:22:28,942 : INFO : ConfigProcessor : Loading config from cache: C:\Users\Tanner\AppData\Local\Temp\dfbe1b39ae456f06de73c859384050b2.mpf_cache
2024-02-01 16:22:28,943 : INFO : Machine : Mission Pinball Framework Core Engine v0.57.0.dev33
2024-02-01 16:22:28,943 : INFO : Machine : Command line arguments: {'no_load_cache': False, 'create_config_cache': True, 'bcp': False, 'configfile': ['config.yaml'], 'force_assets_load': False, 'jsonlogging': False, 'logfile': 'logs\\2024-02-01-16-22-28-mpf-DESKTOP-7HNFDQ5.log', 'pause': False, 'production': False, 'text_ui': True, 'loglevel': 15, 'consoleloglevel': 20, 'force_platform': None, 'syslog_address': None, 'mc_file_name': None, 'no_sound': False}
2024-02-01 16:22:28,943 : INFO : Machine : MPF path: C:\Users\Tanner\AppData\Local\Packages\PythonSoftwareFoundation.Python.3.11_qbz5n2kfra8p0\LocalCache\local-packages\Python311\site-packages\mpf
2024-02-01 16:22:28,943 : INFO : Machine : Machine path: c:\lofab
2024-02-01 16:22:28,943 : INFO : Machine : Platform: win32
2024-02-01 16:22:28,943 : INFO : Machine : Python executable location: C:\Users\Tanner\AppData\Local\Microsoft\WindowsApps\PythonSoftwareFoundation.Python.3.11_qbz5n2kfra8p0\python.exe
2024-02-01 16:22:28,943 : INFO : Machine : Python version: 3.11.7 (64-bit)
2024-02-01 16:22:28,945 : INFO : Machine : Initializing MPF...
2024-02-01 16:22:29,182 : INFO : [NET] : Trying to connect to com9 at 921600bps
2024-02-01 16:22:29,258 : INFO : [NET] : Connected to com9 at 921600bps
2024-02-01 16:22:29,274 : INFO : [NET] : Connected to FP-CPU-2000 with firmware v02.13
2024-02-01 16:22:29,305 : INFO : [NET] : Registered I/O Board 0: Model: FP-I/O-0804, Firmware: 01.10, Switches: 8, Drivers: 4
2024-02-01 16:22:29,320 : INFO : [NET] : Registered I/O Board 1: Model: FP-I/O-0804, Firmware: 01.09, Switches: 8, Drivers: 4
2024-02-01 16:22:29,336 : INFO : [NET] : Registered I/O Board 2: Model: FP-I/O-3208, Firmware: 01.10, Switches: 32, Drivers: 8
2024-02-01 16:22:29,337 : INFO : [EXP] : Trying to connect to com10 at 921600bps
2024-02-01 16:22:29,414 : INFO : [EXP] : Connected to com10 at 921600bps
2024-02-01 16:22:29,429 : INFO : [EXP] : Verifying hardware for EXP "pf" (FP-EXP-0081, @84) with ID string "EXP FP-EXP-0081  0.12", board address 84
2024-02-01 16:22:29,445 : INFO : [EXP] : Verifying hardware for EXP "pf" (FP-EXP-0081, @84) with ID string "BRK FP-EXP-0081  0.12", board address 840
2024-02-01 16:22:29,461 : INFO : [EXP] : Verifying hardware for EXP "pf" (FP-EXP-0081, @84) with ID string "BRK FP-EXP-0081  0.12", board address 841
2024-02-01 16:22:29,476 : INFO : EventManager : Event: ======'machine_var_credits_string'====== Args={'value': 'FREE PLAY', 'prev_value': None, 'change': True}
2024-02-01 16:22:29,490 : INFO : EventManager : Event: ======'machine_var_master_volume'====== Args={'value': 0.5, 'prev_value': None, 'change': True}
2024-02-01 16:22:29,490 : INFO : EventManager : Event: ======'machine_var_player1_score'====== Args={'value': 0, 'prev_value': None, 'change': True}
2024-02-01 16:22:29,490 : INFO : EventManager : Event: ======'machine_var_mpf_version'====== Args={'value': 'Mission Pinball Framework v0.57.0.dev33', 'prev_value': None, 'change': True}
2024-02-01 16:22:29,490 : INFO : EventManager : Event: ======'machine_var_mpf_extended_version'====== Args={'value': 'Mission Pinball Framework v0.57.0.dev33, Config version:6, Show version: 6, BCP version:1.1', 'prev_value': None, 'change': True}
2024-02-01 16:22:29,491 : INFO : EventManager : Event: ======'machine_var_python_version'====== Args={'value': '3.11.7', 'prev_value': None, 'change': True}
2024-02-01 16:22:29,499 : INFO : EventManager : Event: ======'machine_var_platform'====== Args={'value': 'Windows-10-10.0.19045-SP0', 'prev_value': None, 'change': True}
2024-02-01 16:22:29,499 : INFO : EventManager : Event: ======'machine_var_platform_system'====== Args={'value': 'Windows', 'prev_value': None, 'change': True}
2024-02-01 16:22:29,499 : INFO : EventManager : Event: ======'machine_var_platform_release'====== Args={'value': '10', 'prev_value': None, 'change': True}
2024-02-01 16:22:29,499 : INFO : EventManager : Event: ======'machine_var_platform_version'====== Args={'value': '10.0.19045', 'prev_value': None, 'change': True}
2024-02-01 16:22:29,499 : INFO : EventManager : Event: ======'machine_var_platform_machine'====== Args={'value': 'AMD64', 'prev_value': None, 'change': True}
2024-02-01 16:22:29,499 : INFO : EventManager : Event: ======'init_phase_1'====== Args={}
2024-02-01 16:22:31,918 : INFO : SwitchController : <<<<<<< 's_trough_3' active >>>>>>>
2024-02-01 16:22:31,918 : INFO : SwitchController : <<<<<<< 's_trough_4' active >>>>>>>
2024-02-01 16:22:31,949 : INFO : EventManager : Event: ======'init_phase_2'====== Args={}
2024-02-01 16:22:31,949 : INFO : SwitchController : Found active switch: (18, [FAST Platform Interface]) <switch.s_trough_3>
2024-02-01 16:22:31,949 : INFO : SwitchController : Found active switch: (19, [FAST Platform Interface]) <switch.s_trough_4>
2024-02-01 16:22:31,952 : INFO : ball_device.bd_vuk : BCH: Initial count: 0
2024-02-01 16:22:31,952 : INFO : ball_device.bd_vuk : State: idle
2024-02-01 16:22:32,414 : INFO : ball_device.bd_trough : BCH: Initial count: 2
2024-02-01 16:22:32,414 : INFO : ball_device.bd_trough : State: idle
2024-02-01 16:22:32,422 : INFO : EventManager : Event: ======'init_phase_3'====== Args={}
2024-02-01 16:22:32,424 : INFO : EventManager : Event: ======'init_phase_4'====== Args={}
2024-02-01 16:22:32,424 : INFO : BallController : Initial balls found: 2
2024-02-01 16:22:32,425 : INFO : EventManager : Event: ======'machine_var_audits_events_game_ended'====== Args={'value': 44, 'prev_value': None, 'change': True}
2024-02-01 16:22:32,425 : INFO : EventManager : Event: ======'machine_var_audits_events_game_started'====== Args={'value': 116, 'prev_value': None, 'change': True}
2024-02-01 16:22:32,425 : INFO : EventManager : Event: ======'machine_var_audits_player_score'====== Args={'value': {'average': 0.0, 'top': [0, 0, 0, 0, 0, 0, 0, 0, 0, 0], 'total': 44}, 'prev_value': None, 'change': True}
2024-02-01 16:22:32,425 : INFO : EventManager : Event: ======'machine_var_audits_switches_s_autolauncher'====== Args={'value': 422, 'prev_value': None, 'change': True}
2024-02-01 16:22:32,425 : INFO : EventManager : Event: ======'machine_var_audits_switches_s_b_eos'====== Args={'value': 2450, 'prev_value': None, 'change': True}
2024-02-01 16:22:32,425 : INFO : EventManager : Event: ======'machine_var_audits_switches_s_b_pop'====== Args={'value': 446, 'prev_value': None, 'change': True}
2024-02-01 16:22:32,426 : INFO : EventManager : Event: ======'machine_var_audits_switches_s_b_rollover_interchange'====== Args={'value': 10, 'prev_value': None, 'change': True}
2024-02-01 16:22:32,426 : INFO : EventManager : Event: ======'machine_var_audits_switches_s_b_rollover_loop'====== Args={'value': 24, 'prev_value': None, 'change': True}
2024-02-01 16:22:32,426 : INFO : EventManager : Event: ======'machine_var_audits_switches_s_b_rollover_misc'====== Args={'value': 33, 'prev_value': None, 'change': True}
2024-02-01 16:22:32,426 : INFO : EventManager : Event: ======'machine_var_audits_switches_s_b_target_left'====== Args={'value': 21, 'prev_value': None, 'change': True}
2024-02-01 16:22:32,426 : INFO : EventManager : Event: ======'machine_var_audits_switches_s_b_target_right'====== Args={'value': 39, 'prev_value': None, 'change': True}
2024-02-01 16:22:32,426 : INFO : EventManager : Event: ======'machine_var_audits_switches_s_drop_mid_center'====== Args={'value': 113, 'prev_value': None, 'change': True}
2024-02-01 16:22:32,426 : INFO : EventManager : Event: ======'machine_var_audits_switches_s_drop_mid_left'====== Args={'value': 76, 'prev_value': None, 'change': True}
2024-02-01 16:22:32,426 : INFO : EventManager : Event: ======'machine_var_audits_switches_s_drop_mid_right'====== Args={'value': 96, 'prev_value': None, 'change': True}
2024-02-01 16:22:32,426 : INFO : EventManager : Event: ======'machine_var_audits_switches_s_drop_right_left'====== Args={'value': 32, 'prev_value': None, 'change': True}
2024-02-01 16:22:32,426 : INFO : EventManager : Event: ======'machine_var_audits_switches_s_drop_right_right'====== Args={'value': 32, 'prev_value': None, 'change': True}
2024-02-01 16:22:32,426 : INFO : EventManager : Event: ======'machine_var_audits_switches_s_drop_scoop'====== Args={'value': 0, 'prev_value': None, 'change': True}
2024-02-01 16:22:32,426 : INFO : EventManager : Event: ======'machine_var_audits_switches_s_drop_single'====== Args={'value': 24, 'prev_value': None, 'change': True}
2024-02-01 16:22:32,427 : INFO : EventManager : Event: ======'machine_var_audits_switches_s_flip_left_eos'====== Args={'value': 25095, 'prev_value': None, 'change': True}
2024-02-01 16:22:32,427 : INFO : EventManager : Event: ======'machine_var_audits_switches_s_flip_left_top_eos'====== Args={'value': 1729, 'prev_value': None, 'change': True}
2024-02-01 16:22:32,427 : INFO : EventManager : Event: ======'machine_var_audits_switches_s_flip_right_eos'====== Args={'value': 2110, 'prev_value': None, 'change': True}
2024-02-01 16:22:32,427 : INFO : EventManager : Event: ======'machine_var_audits_switches_s_inlane_left'====== Args={'value': 31, 'prev_value': None, 'change': True}
2024-02-01 16:22:32,427 : INFO : EventManager : Event: ======'machine_var_audits_switches_s_inlane_right'====== Args={'value': 59, 'prev_value': None, 'change': True}
2024-02-01 16:22:32,427 : INFO : EventManager : Event: ======'machine_var_audits_switches_s_l_rollover'====== Args={'value': 9, 'prev_value': None, 'change': True}
2024-02-01 16:22:32,427 : INFO : EventManager : Event: ======'machine_var_audits_switches_s_l_target_far'====== Args={'value': 9, 'prev_value': None, 'change': True}
2024-02-01 16:22:32,427 : INFO : EventManager : Event: ======'machine_var_audits_switches_s_l_target_large'====== Args={'value': 9, 'prev_value': None, 'change': True}
2024-02-01 16:22:32,427 : INFO : EventManager : Event: ======'machine_var_audits_switches_s_l_target_left'====== Args={'value': 10, 'prev_value': None, 'change': True}
2024-02-01 16:22:32,427 : INFO : EventManager : Event: ======'machine_var_audits_switches_s_l_target_right'====== Args={'value': 9, 'prev_value': None, 'change': True}
2024-02-01 16:22:32,428 : INFO : EventManager : Event: ======'machine_var_audits_switches_s_l_vuk'====== Args={'value': 9, 'prev_value': None, 'change': True}
2024-02-01 16:22:32,428 : INFO : EventManager : Event: ======'machine_var_audits_switches_s_launch'====== Args={'value': 460, 'prev_value': None, 'change': True}
2024-02-01 16:22:32,428 : INFO : EventManager : Event: ======'machine_var_audits_switches_s_left_flipper_1'====== Args={'value': 1947, 'prev_value': None, 'change': True}
2024-02-01 16:22:32,428 : INFO : EventManager : Event: ======'machine_var_audits_switches_s_left_flipper_2'====== Args={'value': 651, 'prev_value': None, 'change': True}
2024-02-01 16:22:32,428 : INFO : EventManager : Event: ======'machine_var_audits_switches_s_lock_1'====== Args={'value': 1, 'prev_value': None, 'change': True}
2024-02-01 16:22:32,428 : INFO : EventManager : Event: ======'machine_var_audits_switches_s_lock_2'====== Args={'value': 1, 'prev_value': None, 'change': True}
2024-02-01 16:22:32,428 : INFO : EventManager : Event: ======'machine_var_audits_switches_s_lock_3'====== Args={'value': 1, 'prev_value': None, 'change': True}
2024-02-01 16:22:32,428 : INFO : EventManager : Event: ======'machine_var_audits_switches_s_outlane_left'====== Args={'value': 12, 'prev_value': None, 'change': True}
2024-02-01 16:22:32,428 : INFO : EventManager : Event: ======'machine_var_audits_switches_s_outlane_right'====== Args={'value': 28, 'prev_value': None, 'change': True}
2024-02-01 16:22:32,429 : INFO : EventManager : Event: ======'machine_var_audits_switches_s_pop_left'====== Args={'value': 152, 'prev_value': None, 'change': True}
2024-02-01 16:22:32,429 : INFO : EventManager : Event: ======'machine_var_audits_switches_s_pop_lower'====== Args={'value': 560, 'prev_value': None, 'change': True}
2024-02-01 16:22:32,429 : INFO : EventManager : Event: ======'machine_var_audits_switches_s_pop_right'====== Args={'value': 2348, 'prev_value': None, 'change': True}
2024-02-01 16:22:32,429 : INFO : EventManager : Event: ======'machine_var_audits_switches_s_right_flipper_1'====== Args={'value': 3494, 'prev_value': None, 'change': True}
2024-02-01 16:22:32,429 : INFO : EventManager : Event: ======'machine_var_audits_switches_s_right_flipper_2'====== Args={'value': 3304, 'prev_value': None, 'change': True}
2024-02-01 16:22:32,429 : INFO : EventManager : Event: ======'machine_var_audits_switches_s_rollover_left'====== Args={'value': 84, 'prev_value': None, 'change': True}
2024-02-01 16:22:32,429 : INFO : EventManager : Event: ======'machine_var_audits_switches_s_rollover_right'====== Args={'value': 488, 'prev_value': None, 'change': True}
2024-02-01 16:22:32,429 : INFO : EventManager : Event: ======'machine_var_audits_switches_s_sling_left'====== Args={'value': 159, 'prev_value': None, 'change': True}
2024-02-01 16:22:32,430 : INFO : EventManager : Event: ======'machine_var_audits_switches_s_sling_right'====== Args={'value': 237, 'prev_value': None, 'change': True}
2024-02-01 16:22:32,430 : INFO : EventManager : Event: ======'machine_var_audits_switches_s_start'====== Args={'value': 113, 'prev_value': None, 'change': True}
2024-02-01 16:22:32,430 : INFO : EventManager : Event: ======'machine_var_audits_switches_s_tilt'====== Args={'value': 2735, 'prev_value': None, 'change': True}
2024-02-01 16:22:32,430 : INFO : EventManager : Event: ======'machine_var_audits_switches_s_trough_1'====== Args={'value': 0, 'prev_value': None, 'change': True}
2024-02-01 16:22:32,430 : INFO : EventManager : Event: ======'machine_var_audits_switches_s_trough_2'====== Args={'value': 440, 'prev_value': None, 'change': True}
2024-02-01 16:22:32,431 : INFO : EventManager : Event: ======'machine_var_audits_switches_s_trough_3'====== Args={'value': 394, 'prev_value': None, 'change': True}
2024-02-01 16:22:32,431 : INFO : EventManager : Event: ======'machine_var_audits_switches_s_trough_4'====== Args={'value': 396, 'prev_value': None, 'change': True}
2024-02-01 16:22:32,431 : INFO : EventManager : Event: ======'machine_var_audits_switches_s_trough_5'====== Args={'value': 284, 'prev_value': None, 'change': True}
2024-02-01 16:22:32,431 : INFO : EventManager : Event: ======'machine_var_audits_switches_s_trough_6'====== Args={'value': 277, 'prev_value': None, 'change': True}
2024-02-01 16:22:32,431 : INFO : EventManager : Event: ======'machine_var_audits_switches_s_trough_jam'====== Args={'value': 344, 'prev_value': None, 'change': True}
2024-02-01 16:22:32,431 : INFO : EventManager : Event: ======'machine_var_audits_switches_s_u_lane_l'====== Args={'value': 15, 'prev_value': None, 'change': True}
2024-02-01 16:22:32,431 : INFO : EventManager : Event: ======'machine_var_audits_switches_s_u_lane_r'====== Args={'value': 20, 'prev_value': None, 'change': True}
2024-02-01 16:22:32,432 : INFO : EventManager : Event: ======'machine_var_audits_switches_s_u_rollover'====== Args={'value': 10, 'prev_value': None, 'change': True}
2024-02-01 16:22:32,432 : INFO : EventManager : Event: ======'machine_var_audits_switches_s_u_target'====== Args={'value': 8, 'prev_value': None, 'change': True}
2024-02-01 16:22:32,432 : INFO : EventManager : Event: ======'machine_var_audits_switches_s_vuk_back'====== Args={'value': 489, 'prev_value': None, 'change': True}
2024-02-01 16:22:32,432 : INFO : EventManager : Event: ======'machine_var_audits_switches_s_vuk_right'====== Args={'value': 1, 'prev_value': None, 'change': True}
2024-02-01 16:22:32,432 : INFO : EventManager : Event: ======'machine_var_audits_switches_s_flipper_l'====== Args={'value': 0, 'prev_value': None, 'change': True}
2024-02-01 16:22:32,432 : INFO : EventManager : Event: ======'machine_var_audits_switches_s_flipper_r'====== Args={'value': 0, 'prev_value': None, 'change': True}
2024-02-01 16:22:32,432 : INFO : EventManager : Event: ======'machine_var_audits_switches_s_sling_l'====== Args={'value': 0, 'prev_value': None, 'change': True}
2024-02-01 16:22:32,433 : INFO : EventManager : Event: ======'machine_var_audits_switches_s_stationary_l'====== Args={'value': 0, 'prev_value': None, 'change': True}
2024-02-01 16:22:32,433 : INFO : EventManager : Event: ======'machine_var_audits_switches_s_9'====== Args={'value': 0, 'prev_value': None, 'change': True}
2024-02-01 16:22:32,433 : INFO : EventManager : Event: ======'machine_var_audits_switches_s_pop'====== Args={'value': 0, 'prev_value': None, 'change': True}
2024-02-01 16:22:32,433 : INFO : EventManager : Event: ======'machine_var_audits_switches_s_stationary_right'====== Args={'value': 0, 'prev_value': None, 'change': True}
2024-02-01 16:22:32,433 : INFO : EventManager : Event: ======'machine_var_audits_switches_s_stationary_back'====== Args={'value': 0, 'prev_value': None, 'change': True}
2024-02-01 16:22:32,433 : INFO : EventManager : Event: ======'machine_var_audits_switches_s_sling_r'====== Args={'value': 0, 'prev_value': None, 'change': True}
2024-02-01 16:22:32,434 : INFO : EventManager : Event: ======'machine_var_audits_switches_s_vuk'====== Args={'value': 0, 'prev_value': None, 'change': True}
2024-02-01 16:22:32,434 : INFO : EventManager : Event: ======'init_phase_5'====== Args={}
2024-02-01 16:22:32,458 : INFO : EventManager : Event: ======'init_done'====== Args={}
2024-02-01 16:22:32,458 : INFO : EventManager : Event: ======'machine_reset_phase_1'====== Args={}
2024-02-01 16:22:32,459 : INFO : EventManager : Event: ======'machine_reset_phase_2'====== Args={}
2024-02-01 16:22:32,459 : INFO : EventManager : Event: ======'machine_reset_phase_3'====== Args={}
2024-02-01 16:22:32,460 : INFO : EventManager : Event: ======'reset_complete'====== Args={}
2024-02-01 16:22:32,460 : INFO : EventManager : Event: ======'mode_attract_will_start'====== Args={}
2024-02-01 16:22:32,461 : INFO : EventManager : Event: ======'mode_attract_starting'====== Args={}
2024-02-01 16:22:32,461 : INFO : Mode.attract : Started. Priority: 10
2024-02-01 16:22:32,461 : INFO : EventManager : Event: ======'modes_active_modes_changed'====== Args={}
2024-02-01 16:22:32,461 : INFO : EventManager : Event: ======'mode_attract_started'====== Args={}
2024-02-01 16:22:32,461 : INFO : EventManager : Event: ======'collecting_balls'====== Args={}
2024-02-01 16:22:32,461 : INFO : ball_device.bd_trough : Adding 2 ball(s) to the eject_queue with target <playfield.playfield>.
2024-02-01 16:22:32,461 : INFO : EventManager : Event: ======'balldevice_balls_available'====== Args={}
2024-02-01 16:22:32,461 : INFO : EventManager : Event: ======'balldevice_balls_available'====== Args={}
2024-02-01 16:22:32,480 : INFO : Machine : Starting the main run loop.
2024-02-01 16:22:32,480 : INFO : ball_device.bd_trough : State: waiting_for_target_ready
2024-02-01 16:22:32,481 : INFO : EventManager : Event: ======'balldevice_bd_trough_ball_eject_attempt'====== Args={'balls': 1, 'target': <playfield.playfield>, 'source': <ball_device.bd_trough>, 'mechanical_eject': False, 'num_attempts': 0}
2024-02-01 16:22:32,481 : INFO : ball_device.bd_trough : State: ejecting
2024-02-01 16:22:32,481 : INFO : ball_device.bd_trough : Ejecting ball to <playfield.playfield>
2024-02-01 16:22:32,481 : INFO : EventManager : Event: ======'balldevice_bd_trough_ejecting_ball'====== Args={'balls': 1, 'target': <playfield.playfield>, 'source': <ball_device.bd_trough>, 'mechanical_eject': False, 'num_attempts': 0}
2024-02-01 16:22:32,482 : INFO : ball_device.bd_trough : Wait for ball to leave device
2024-02-01 16:22:32,482 : INFO : coil.c_trough : Pulsing Driver for 60ms (1.0 pulse_power)
2024-02-01 16:22:32,571 : INFO : SwitchController : <<<<<<< 's_trough_4' inactive >>>>>>>
2024-02-01 16:22:32,574 : INFO : ball_device.bd_trough : State: ball_left
2024-02-01 16:22:32,574 : INFO : ball_device.bd_trough : Ball left
2024-02-01 16:22:32,574 : INFO : ball_device.bd_trough : Wait for confirm with timeout 10.0
2024-02-01 16:22:32,792 : INFO : SwitchController : <<<<<<< 's_trough_3' inactive >>>>>>>
2024-02-01 16:22:32,837 : INFO : SwitchController : <<<<<<< 's_trough_4' active >>>>>>>
2024-02-01 16:22:33,164 : INFO : SwitchController : <<<<<<< 's_flipper_r' active >>>>>>>
2024-02-01 16:22:33,182 : INFO : SwitchController : <<<<<<< 's_flipper_l' active >>>>>>>
2024-02-01 16:22:33,182 : INFO : EventManager : Event: ======'flipper_cancel'====== Args={'triggering_group': 1, 'triggering_switch': 's_flipper_l'}
2024-02-01 16:22:33,942 : INFO : SwitchController : <<<<<<< 's_flipper_r' inactive >>>>>>>
2024-02-01 16:22:33,942 : INFO : EventManager : Event: ======'both_flippers_one'====== Args={'triggering_group': 2, 'triggering_switch': 's_flipper_r'}
2024-02-01 16:22:33,988 : INFO : SwitchController : <<<<<<< 's_flipper_r' active >>>>>>>
2024-02-01 16:22:33,988 : INFO : EventManager : Event: ======'flipper_cancel'====== Args={'triggering_group': 2, 'triggering_switch': 's_flipper_r'}
2024-02-01 16:22:34,360 : INFO : SwitchController : <<<<<<< 's_flipper_r' inactive >>>>>>>
2024-02-01 16:22:34,360 : INFO : EventManager : Event: ======'both_flippers_one'====== Args={'triggering_group': 2, 'triggering_switch': 's_flipper_r'}
2024-02-01 16:22:34,471 : INFO : SwitchController : <<<<<<< 's_flipper_l' inactive >>>>>>>
2024-02-01 16:22:34,471 : INFO : EventManager : Event: ======'both_flippers_inactive'====== Args={'triggering_group': 1, 'triggering_switch': 's_flipper_l'}
2024-02-01 16:22:34,753 : INFO : SwitchController : <<<<<<< 's_flipper_r' active >>>>>>>
2024-02-01 16:22:35,579 : INFO : SwitchController : <<<<<<< 's_flipper_r' inactive >>>>>>>
2024-02-01 16:22:36,658 : INFO : SwitchController : <<<<<<< 's_flipper_r' active >>>>>>>
2024-02-01 16:22:36,813 : INFO : SwitchController : <<<<<<< 's_flipper_r' inactive >>>>>>>
2024-02-01 16:22:37,873 : INFO : SwitchController : <<<<<<< 's_flipper_l' active >>>>>>>
2024-02-01 16:22:38,013 : INFO : SwitchController : <<<<<<< 's_flipper_l' inactive >>>>>>>
2024-02-01 16:22:38,108 : INFO : SwitchController : <<<<<<< 's_flipper_l' active >>>>>>>
2024-02-01 16:22:38,487 : INFO : SwitchController : <<<<<<< 's_flipper_l' inactive >>>>>>>
2024-02-01 16:22:38,597 : INFO : SwitchController : <<<<<<< 's_flipper_l' active >>>>>>>
2024-02-01 16:22:38,799 : INFO : SwitchController : <<<<<<< 's_flipper_l' inactive >>>>>>>
2024-02-01 16:22:38,909 : INFO : SwitchController : <<<<<<< 's_flipper_r' active >>>>>>>
2024-02-01 16:22:38,972 : INFO : SwitchController : <<<<<<< 's_flipper_r' inactive >>>>>>>
2024-02-01 16:22:39,535 : INFO : SwitchController : <<<<<<< 's_trough_1' active >>>>>>>
2024-02-01 16:22:39,627 : INFO : SwitchController : <<<<<<< 's_trough_1' inactive >>>>>>>
2024-02-01 16:22:39,646 : INFO : SwitchController : <<<<<<< 's_trough_2' active >>>>>>>
2024-02-01 16:22:39,721 : INFO : SwitchController : <<<<<<< 's_trough_2' inactive >>>>>>>
2024-02-01 16:22:39,739 : INFO : SwitchController : <<<<<<< 's_trough_3' active >>>>>>>
2024-02-01 16:22:42,557 : INFO : ball_device.bd_trough : State: failed_confirm
2024-02-01 16:22:42,557 : INFO : ball_device.bd_trough : Got timeout (10.0s) before confirm from <playfield.playfield>
2024-02-01 16:22:42,650 : INFO : ball_device.bd_trough : Got unknown balls. Assuming a ball returned.
2024-02-01 16:22:42,650 : INFO : EventManager : Event: ======'balldevice_bd_trough_ball_eject_failed'====== Args={'target': <playfield.playfield>, 'balls': 1, 'retry': True, 'num_attempts': 1}
2024-02-01 16:22:42,651 : INFO : ball_device.bd_trough : State: waiting_for_target_ready
2024-02-01 16:22:42,651 : INFO : EventManager : Event: ======'balldevice_bd_trough_ball_eject_attempt'====== Args={'balls': 1, 'target': <playfield.playfield>, 'source': <ball_device.bd_trough>, 'mechanical_eject': False, 'num_attempts': 1}
2024-02-01 16:22:42,651 : INFO : ball_device.bd_trough : State: ejecting
2024-02-01 16:22:42,651 : INFO : ball_device.bd_trough : Ejecting ball to <playfield.playfield>
2024-02-01 16:22:42,651 : INFO : EventManager : Event: ======'balldevice_bd_trough_ejecting_ball'====== Args={'balls': 1, 'target': <playfield.playfield>, 'source': <ball_device.bd_trough>, 'mechanical_eject': False, 'num_attempts': 1}
2024-02-01 16:22:42,652 : INFO : ball_device.bd_trough : Wait for ball to leave device
2024-02-01 16:22:42,652 : INFO : coil.c_trough : Pulsing Driver for 60ms (1.0 pulse_power)
2024-02-01 16:22:42,742 : INFO : SwitchController : <<<<<<< 's_trough_4' inactive >>>>>>>
2024-02-01 16:22:42,746 : INFO : ball_device.bd_trough : State: ball_left
2024-02-01 16:22:42,746 : INFO : ball_device.bd_trough : Ball left
2024-02-01 16:22:42,746 : INFO : ball_device.bd_trough : Wait for confirm with timeout 10.0
2024-02-01 16:22:42,946 : INFO : SwitchController : <<<<<<< 's_trough_3' inactive >>>>>>>
2024-02-01 16:22:42,976 : INFO : SwitchController : <<<<<<< 's_trough_4' active >>>>>>>
2024-02-01 16:22:43,323 : INFO : SwitchController : <<<<<<< 's_flipper_l' active >>>>>>>
2024-02-01 16:22:43,710 : INFO : SwitchController : <<<<<<< 's_flipper_l' inactive >>>>>>>
2024-02-01 16:22:44,101 : INFO : SwitchController : <<<<<<< 's_flipper_r' active >>>>>>>
2024-02-01 16:22:44,384 : INFO : SwitchController : <<<<<<< 's_flipper_r' inactive >>>>>>>
2024-02-01 16:22:44,431 : INFO : SwitchController : <<<<<<< 's_flipper_l' active >>>>>>>
2024-02-01 16:22:44,977 : INFO : SwitchController : <<<<<<< 's_flipper_l' inactive >>>>>>>
2024-02-01 16:22:45,761 : INFO : SwitchController : <<<<<<< 's_flipper_l' active >>>>>>>
2024-02-01 16:22:45,870 : INFO : SwitchController : <<<<<<< 's_flipper_l' inactive >>>>>>>
2024-02-01 16:22:45,948 : INFO : SwitchController : <<<<<<< 's_stationary_right' active >>>>>>>
2024-02-01 16:22:45,948 : INFO : EventManager : Event: ======'sw_playfield_active'====== Args={}
2024-02-01 16:22:45,948 : INFO : SwitchController : <<<<<<< 's_stationary_right' inactive >>>>>>>
2024-02-01 16:22:45,948 : INFO : EventManager : Event: ======'playfield_active'====== Args={}
2024-02-01 16:22:45,950 : INFO : ball_device.bd_trough : Got eject confirm
2024-02-01 16:22:45,950 : INFO : ball_device.bd_trough : Eject successful
2024-02-01 16:22:45,950 : INFO : EventManager : Event: ======'balldevice_bd_trough_ball_eject_success'====== Args={'balls': 1, 'target': <playfield.playfield>}
2024-02-01 16:22:45,950 : INFO : EventManager : Event: ======'balldevice_playfield_ball_enter'====== Args={'new_balls': 1, 'unclaimed_balls': 1, 'device': <playfield.playfield>}
2024-02-01 16:22:45,950 : INFO : EventManager : Event: ======'playfield_ball_count_change'====== Args={'balls': 1, 'change': 1}
2024-02-01 16:22:45,950 : INFO : EventManager : Event: ======'balldevice_bd_trough_ball_count_changed'====== Args={'balls': 1}
2024-02-01 16:22:45,950 : INFO : ball_device.bd_trough : State: idle
2024-02-01 16:22:45,951 : INFO : ball_device.bd_trough : State: waiting_for_target_ready
2024-02-01 16:22:45,951 : INFO : EventManager : Event: ======'balldevice_bd_trough_ball_eject_attempt'====== Args={'balls': 1, 'target': <playfield.playfield>, 'source': <ball_device.bd_trough>, 'mechanical_eject': False, 'num_attempts': 0}
2024-02-01 16:22:45,951 : INFO : ball_device.bd_trough : State: ejecting
2024-02-01 16:22:45,951 : INFO : ball_device.bd_trough : Ejecting ball to <playfield.playfield>
2024-02-01 16:22:45,951 : INFO : EventManager : Event: ======'balldevice_bd_trough_ejecting_ball'====== Args={'balls': 1, 'target': <playfield.playfield>, 'source': <ball_device.bd_trough>, 'mechanical_eject': False, 'num_attempts': 0}
2024-02-01 16:22:45,952 : INFO : ball_device.bd_trough : Wait for ball to leave device
2024-02-01 16:22:45,952 : INFO : coil.c_trough : Pulsing Driver for 60ms (1.0 pulse_power)
2024-02-01 16:22:46,041 : INFO : SwitchController : <<<<<<< 's_trough_4' inactive >>>>>>>
2024-02-01 16:22:46,044 : INFO : ball_device.bd_trough : State: ball_left
2024-02-01 16:22:46,044 : INFO : ball_device.bd_trough : Ball left
2024-02-01 16:22:46,044 : INFO : ball_device.bd_trough : Wait for confirm with timeout 10.0
2024-02-01 16:22:46,729 : INFO : SwitchController : <<<<<<< 's_trough_1' active >>>>>>>
2024-02-01 16:22:46,822 : INFO : SwitchController : <<<<<<< 's_trough_1' inactive >>>>>>>
2024-02-01 16:22:46,840 : INFO : SwitchController : <<<<<<< 's_trough_2' active >>>>>>>
2024-02-01 16:22:46,915 : INFO : SwitchController : <<<<<<< 's_trough_2' inactive >>>>>>>
2024-02-01 16:22:46,933 : INFO : SwitchController : <<<<<<< 's_trough_3' active >>>>>>>
2024-02-01 16:22:47,009 : INFO : SwitchController : <<<<<<< 's_trough_3' inactive >>>>>>>
2024-02-01 16:22:47,009 : INFO : SwitchController : <<<<<<< 's_trough_4' active >>>>>>>
2024-02-01 16:22:47,714 : INFO : SwitchController : <<<<<<< 's_flipper_r' active >>>>>>>
2024-02-01 16:22:47,867 : INFO : SwitchController : <<<<<<< 's_flipper_r' inactive >>>>>>>
2024-02-01 16:22:47,899 : INFO : SwitchController : <<<<<<< 's_flipper_l' active >>>>>>>
2024-02-01 16:22:48,007 : INFO : SwitchController : <<<<<<< 's_flipper_l' inactive >>>>>>>
2024-02-01 16:22:48,958 : INFO : SwitchController : <<<<<<< 's_trough_1' active >>>>>>>
2024-02-01 16:22:49,061 : INFO : SwitchController : <<<<<<< 's_trough_1' inactive >>>>>>>
2024-02-01 16:22:49,064 : INFO : SwitchController : <<<<<<< 's_trough_2' active >>>>>>>
2024-02-01 16:22:49,145 : INFO : SwitchController : <<<<<<< 's_trough_2' inactive >>>>>>>
2024-02-01 16:22:49,162 : INFO : SwitchController : <<<<<<< 's_trough_3' active >>>>>>>
2024-02-01 16:22:55,493 : INFO : SwitchController : <<<<<<< 's_flipper_l' active >>>>>>>
2024-02-01 16:22:55,524 : INFO : SwitchController : <<<<<<< 's_flipper_r' active >>>>>>>
2024-02-01 16:22:55,525 : INFO : EventManager : Event: ======'flipper_cancel'====== Args={'triggering_group': 2, 'triggering_switch': 's_flipper_r'}
2024-02-01 16:22:55,713 : INFO : SwitchController : <<<<<<< 's_flipper_l' inactive >>>>>>>
2024-02-01 16:22:55,713 : INFO : EventManager : Event: ======'both_flippers_one'====== Args={'triggering_group': 1, 'triggering_switch': 's_flipper_l'}
2024-02-01 16:22:55,730 : INFO : SwitchController : <<<<<<< 's_flipper_r' inactive >>>>>>>
2024-02-01 16:22:55,730 : INFO : EventManager : Event: ======'both_flippers_inactive'====== Args={'triggering_group': 2, 'triggering_switch': 's_flipper_r'}
2024-02-01 16:22:56,039 : INFO : ball_device.bd_trough : State: failed_confirm
2024-02-01 16:22:56,039 : INFO : ball_device.bd_trough : Got timeout (10.0s) before confirm from <playfield.playfield>
2024-02-01 16:22:56,133 : INFO : ball_device.bd_trough : Got unknown balls. Assuming a ball returned.
2024-02-01 16:22:56,133 : INFO : EventManager : Event: ======'balldevice_bd_trough_ball_eject_failed'====== Args={'target': <playfield.playfield>, 'balls': 1, 'retry': True, 'num_attempts': 1}
2024-02-01 16:22:56,133 : INFO : EventManager : Event: ======'balldevice_bd_trough_ball_count_changed'====== Args={'balls': 2}
2024-02-01 16:22:56,133 : INFO : ball_device.bd_trough : Received unexpected ball
2024-02-01 16:22:56,134 : INFO : EventManager : Event: ======'balldevice_captured_from_playfield'====== Args={'balls': 1}
2024-02-01 16:22:56,134 : INFO : EventManager : Event: ======'sw_playfield_active'====== Args={'balls': 1}
2024-02-01 16:22:56,134 : INFO : EventManager : Event: ======'playfield_ball_count_change'====== Args={'balls': 0, 'change': -1}
2024-02-01 16:22:56,134 : INFO : EventManager : Event: ======'balldevice_bd_trough_ball_enter'====== Args={'new_balls': 1, 'unclaimed_balls': 1, 'new_available_balls': 1, 'device': <ball_device.bd_trough>}
2024-02-01 16:22:56,134 : INFO : ball_device.bd_trough : Ejecting 1 unexpected balls using path deque([<ball_device.bd_trough>, <playfield.playfield>])
2024-02-01 16:22:56,134 : INFO : EventManager : Event: ======'balldevice_balls_available'====== Args={}
2024-02-01 16:22:56,134 : INFO : EventManager : Event: ======'balldevice_balls_available'====== Args={}
2024-02-01 16:22:56,134 : INFO : EventManager : Event: ======'balldevice_bd_trough_ball_entered'====== Args={'new_balls': 1, 'device': <ball_device.bd_trough>}
2024-02-01 16:22:56,135 : INFO : ball_device.bd_trough : State: waiting_for_target_ready
2024-02-01 16:22:56,135 : INFO : EventManager : Event: ======'balldevice_bd_trough_ball_eject_attempt'====== Args={'balls': 1, 'target': <playfield.playfield>, 'source': <ball_device.bd_trough>, 'mechanical_eject': False, 'num_attempts': 1}
2024-02-01 16:22:56,135 : INFO : ball_device.bd_trough : State: ejecting
2024-02-01 16:22:56,135 : INFO : ball_device.bd_trough : Ejecting ball to <playfield.playfield>
2024-02-01 16:22:56,135 : INFO : EventManager : Event: ======'balldevice_bd_trough_ejecting_ball'====== Args={'balls': 1, 'target': <playfield.playfield>, 'source': <ball_device.bd_trough>, 'mechanical_eject': False, 'num_attempts': 1}
2024-02-01 16:22:56,136 : INFO : ball_device.bd_trough : Wait for ball to leave device
2024-02-01 16:22:56,136 : INFO : coil.c_trough : Pulsing Driver for 60ms (1.0 pulse_power)
2024-02-01 16:22:56,226 : INFO : SwitchController : <<<<<<< 's_trough_4' inactive >>>>>>>
2024-02-01 16:22:56,229 : INFO : ball_device.bd_trough : State: ball_left
2024-02-01 16:22:56,229 : INFO : ball_device.bd_trough : Ball left
2024-02-01 16:22:56,229 : INFO : ball_device.bd_trough : Wait for confirm with timeout 10.0
2024-02-01 16:22:56,459 : INFO : SwitchController : <<<<<<< 's_trough_3' inactive >>>>>>>
2024-02-01 16:22:56,491 : INFO : SwitchController : <<<<<<< 's_trough_4' active >>>>>>>
2024-02-01 16:22:56,723 : INFO : SwitchController : <<<<<<< 's_flipper_l' active >>>>>>>
2024-02-01 16:22:57,291 : INFO : SwitchController : <<<<<<< 's_sling_l' active >>>>>>>
2024-02-01 16:22:57,291 : INFO : EventManager : Event: ======'playfield_active'====== Args={}
2024-02-01 16:22:57,291 : INFO : SwitchController : <<<<<<< 's_sling_l' inactive >>>>>>>
2024-02-01 16:22:57,293 : INFO : ball_device.bd_trough : Got eject confirm
2024-02-01 16:22:57,293 : INFO : ball_device.bd_trough : Eject successful
2024-02-01 16:22:57,293 : INFO : EventManager : Event: ======'balldevice_bd_trough_ball_eject_success'====== Args={'balls': 1, 'target': <playfield.playfield>}
2024-02-01 16:22:57,293 : INFO : EventManager : Event: ======'balldevice_playfield_ball_enter'====== Args={'new_balls': 1, 'unclaimed_balls': 1, 'device': <playfield.playfield>}
2024-02-01 16:22:57,293 : INFO : EventManager : Event: ======'playfield_ball_count_change'====== Args={'balls': 1, 'change': 1}
2024-02-01 16:22:57,293 : INFO : EventManager : Event: ======'balldevice_bd_trough_ball_count_changed'====== Args={'balls': 1}
2024-02-01 16:22:57,293 : INFO : ball_device.bd_trough : State: idle
2024-02-01 16:22:57,294 : INFO : ball_device.bd_trough : State: waiting_for_target_ready
2024-02-01 16:22:57,294 : INFO : EventManager : Event: ======'balldevice_bd_trough_ball_eject_attempt'====== Args={'balls': 1, 'target': <playfield.playfield>, 'source': <ball_device.bd_trough>, 'mechanical_eject': False, 'num_attempts': 0}
2024-02-01 16:22:57,294 : INFO : ball_device.bd_trough : State: ejecting
2024-02-01 16:22:57,294 : INFO : ball_device.bd_trough : Ejecting ball to <playfield.playfield>
2024-02-01 16:22:57,294 : INFO : EventManager : Event: ======'balldevice_bd_trough_ejecting_ball'====== Args={'balls': 1, 'target': <playfield.playfield>, 'source': <ball_device.bd_trough>, 'mechanical_eject': False, 'num_attempts': 0}
2024-02-01 16:22:57,295 : INFO : ball_device.bd_trough : Wait for ball to leave device
2024-02-01 16:22:57,307 : INFO : coil.c_trough : Pulsing Driver for 60ms (1.0 pulse_power)
2024-02-01 16:22:57,401 : INFO : SwitchController : <<<<<<< 's_trough_4' inactive >>>>>>>
2024-02-01 16:22:57,404 : INFO : ball_device.bd_trough : State: ball_left
2024-02-01 16:22:57,404 : INFO : ball_device.bd_trough : Ball left
2024-02-01 16:22:57,404 : INFO : ball_device.bd_trough : Wait for confirm with timeout 10.0
2024-02-01 16:22:57,447 : INFO : SwitchController : <<<<<<< 's_stationary_back' active >>>>>>>
2024-02-01 16:22:57,447 : INFO : EventManager : Event: ======'sw_playfield_active'====== Args={}
2024-02-01 16:22:57,463 : INFO : SwitchController : <<<<<<< 's_stationary_back' inactive >>>>>>>
2024-02-01 16:22:57,664 : INFO : SwitchController : <<<<<<< 's_flipper_l' inactive >>>>>>>
2024-02-01 16:22:58,521 : INFO : SwitchController : <<<<<<< 's_flipper_l' active >>>>>>>
2024-02-01 16:22:58,942 : INFO : SwitchController : <<<<<<< 's_flipper_l' inactive >>>>>>>
2024-02-01 16:22:59,225 : INFO : SwitchController : <<<<<<< 's_flipper_l' active >>>>>>>
2024-02-01 16:22:59,992 : INFO : SwitchController : <<<<<<< 's_flipper_l' inactive >>>>>>>
2024-02-01 16:23:01,118 : INFO : SwitchController : <<<<<<< 's_flipper_l' active >>>>>>>
2024-02-01 16:23:02,576 : INFO : SwitchController : <<<<<<< 's_flipper_l' inactive >>>>>>>
2024-02-01 16:23:02,857 : INFO : SwitchController : <<<<<<< 's_flipper_l' active >>>>>>>
2024-02-01 16:23:03,068 : INFO : SwitchController : <<<<<<< 's_flipper_l' inactive >>>>>>>
2024-02-01 16:23:03,386 : INFO : SwitchController : <<<<<<< 's_vuk' active >>>>>>>
2024-02-01 16:23:03,883 : INFO : EventManager : Event: ======'balldevice_bd_vuk_ball_count_changed'====== Args={'balls': 1}
2024-02-01 16:23:03,883 : INFO : ball_device.bd_vuk : Received unexpected ball
2024-02-01 16:23:03,883 : INFO : EventManager : Event: ======'balldevice_captured_from_playfield'====== Args={'balls': 1}
2024-02-01 16:23:03,883 : INFO : EventManager : Event: ======'sw_playfield_active'====== Args={'balls': 1}
2024-02-01 16:23:03,883 : INFO : EventManager : Event: ======'playfield_ball_count_change'====== Args={'balls': 0, 'change': -1}
2024-02-01 16:23:03,884 : INFO : EventManager : Event: ======'balldevice_bd_vuk_ball_enter'====== Args={'new_balls': 1, 'unclaimed_balls': 1, 'new_available_balls': 1, 'device': <ball_device.bd_vuk>}
2024-02-01 16:23:03,884 : INFO : ball_device.bd_vuk : Ejecting 1 unexpected balls using path deque([<ball_device.bd_vuk>, <playfield.playfield>])
2024-02-01 16:23:03,884 : INFO : EventManager : Event: ======'balldevice_balls_available'====== Args={}
2024-02-01 16:23:03,884 : INFO : EventManager : Event: ======'balldevice_balls_available'====== Args={}
2024-02-01 16:23:03,884 : INFO : EventManager : Event: ======'balldevice_bd_vuk_ball_entered'====== Args={'new_balls': 1, 'device': <ball_device.bd_vuk>}
2024-02-01 16:23:03,885 : INFO : ball_device.bd_vuk : State: waiting_for_target_ready
2024-02-01 16:23:03,885 : INFO : EventManager : Event: ======'balldevice_bd_vuk_ball_eject_attempt'====== Args={'balls': 1, 'target': <playfield.playfield>, 'source': <ball_device.bd_vuk>, 'mechanical_eject': False, 'num_attempts': 0}
2024-02-01 16:23:03,885 : INFO : ball_device.bd_vuk : State: ejecting
2024-02-01 16:23:03,885 : INFO : ball_device.bd_vuk : Ejecting ball to <playfield.playfield>
2024-02-01 16:23:03,885 : INFO : EventManager : Event: ======'balldevice_bd_vuk_ejecting_ball'====== Args={'balls': 1, 'target': <playfield.playfield>, 'source': <ball_device.bd_vuk>, 'mechanical_eject': False, 'num_attempts': 0}
2024-02-01 16:23:03,886 : INFO : ball_device.bd_vuk : Wait for ball to leave device
2024-02-01 16:23:03,886 : INFO : coil.c_vuk : Pulsing Driver for 10ms (1.0 pulse_power)
2024-02-01 16:23:03,915 : INFO : SwitchController : <<<<<<< 's_vuk' inactive >>>>>>>
2024-02-01 16:23:03,918 : INFO : SwitchController : <<<<<<< 's_vuk' active >>>>>>>
2024-02-01 16:23:03,920 : INFO : ball_device.bd_vuk : State: ball_left
2024-02-01 16:23:03,920 : INFO : ball_device.bd_vuk : Ball left
2024-02-01 16:23:03,920 : INFO : ball_device.bd_vuk : Wait for confirm with timeout 2.0
2024-02-01 16:23:03,946 : INFO : SwitchController : <<<<<<< 's_vuk' inactive >>>>>>>
2024-02-01 16:23:04,519 : INFO : SwitchController : <<<<<<< 's_flipper_l' active >>>>>>>
2024-02-01 16:23:04,709 : INFO : SwitchController : <<<<<<< 's_flipper_l' inactive >>>>>>>
2024-02-01 16:23:05,913 : INFO : ball_device.bd_vuk : State: failed_confirm
2024-02-01 16:23:05,913 : INFO : ball_device.bd_vuk : Got timeout (2.0s) before confirm from <playfield.playfield>
2024-02-01 16:23:06,005 : INFO : ball_device.bd_vuk : Confirming eject because target is playfield and ball did not return.
2024-02-01 16:23:06,005 : INFO : ball_device.bd_vuk : Eject successful
2024-02-01 16:23:06,006 : INFO : EventManager : Event: ======'balldevice_bd_vuk_ball_eject_success'====== Args={'balls': 1, 'target': <playfield.playfield>}
2024-02-01 16:23:06,006 : INFO : EventManager : Event: ======'balldevice_playfield_ball_enter'====== Args={'new_balls': 1, 'unclaimed_balls': 1, 'device': <playfield.playfield>}
2024-02-01 16:23:06,006 : INFO : EventManager : Event: ======'playfield_ball_count_change'====== Args={'balls': 1, 'change': 1}
2024-02-01 16:23:06,006 : INFO : EventManager : Event: ======'balldevice_bd_vuk_ball_count_changed'====== Args={'balls': 0}
2024-02-01 16:23:06,006 : INFO : ball_device.bd_vuk : State: idle
2024-02-01 16:23:06,445 : INFO : SwitchController : <<<<<<< 's_flipper_l' active >>>>>>>
2024-02-01 16:23:06,617 : INFO : SwitchController : <<<<<<< 's_flipper_l' inactive >>>>>>>
2024-02-01 16:23:07,382 : INFO : ball_device.bd_trough : State: failed_confirm
2024-02-01 16:23:07,382 : INFO : ball_device.bd_trough : Got timeout (10.0s) before confirm from <playfield.playfield>
2024-02-01 16:23:07,398 : INFO : SwitchController : <<<<<<< 's_sling_r' active >>>>>>>
2024-02-01 16:23:07,417 : INFO : SwitchController : <<<<<<< 's_sling_r' inactive >>>>>>>
2024-02-01 16:23:07,475 : INFO : ball_device.bd_trough : Confirming eject because target is playfield and ball did not return.
2024-02-01 16:23:07,475 : INFO : ball_device.bd_trough : Eject successful
2024-02-01 16:23:07,475 : INFO : EventManager : Event: ======'balldevice_bd_trough_ball_eject_success'====== Args={'balls': 1, 'target': <playfield.playfield>}
2024-02-01 16:23:07,475 : INFO : EventManager : Event: ======'balldevice_playfield_ball_enter'====== Args={'new_balls': 1, 'unclaimed_balls': 1, 'device': <playfield.playfield>}
2024-02-01 16:23:07,475 : INFO : EventManager : Event: ======'playfield_ball_count_change'====== Args={'balls': 2, 'change': 1}
2024-02-01 16:23:07,476 : INFO : EventManager : Event: ======'balldevice_bd_trough_ball_count_changed'====== Args={'balls': 0}
2024-02-01 16:23:07,476 : INFO : ball_device.bd_trough : State: idle
2024-02-01 16:23:08,224 : INFO : SwitchController : <<<<<<< 's_sling_r' active >>>>>>>
2024-02-01 16:23:08,243 : INFO : SwitchController : <<<<<<< 's_sling_r' inactive >>>>>>>
2024-02-01 16:23:08,396 : INFO : SwitchController : <<<<<<< 's_stationary_right' active >>>>>>>
2024-02-01 16:23:08,396 : INFO : EventManager : Event: ======'sw_playfield_active'====== Args={}
2024-02-01 16:23:08,396 : INFO : SwitchController : <<<<<<< 's_stationary_right' inactive >>>>>>>
2024-02-01 16:23:10,463 : INFO : SwitchController : <<<<<<< 's_flipper_l' active >>>>>>>
2024-02-01 16:23:13,247 : INFO : SwitchController : <<<<<<< 's_flipper_l' inactive >>>>>>>
2024-02-01 16:23:13,370 : INFO : SwitchController : <<<<<<< 's_flipper_l' active >>>>>>>
2024-02-01 16:23:13,449 : INFO : SwitchController : <<<<<<< 's_flipper_l' inactive >>>>>>>
2024-02-01 16:23:18,846 : INFO : SwitchController : <<<<<<< 's_flipper_l' active >>>>>>>
2024-02-01 16:23:18,989 : INFO : SwitchController : <<<<<<< 's_pop' active >>>>>>>
2024-02-01 16:23:18,989 : INFO : SwitchController : <<<<<<< 's_flipper_l' inactive >>>>>>>
2024-02-01 16:23:18,989 : INFO : SwitchController : <<<<<<< 's_pop' inactive >>>>>>>
2024-02-01 16:23:19,193 : INFO : SwitchController : <<<<<<< 's_sling_r' active >>>>>>>
2024-02-01 16:23:19,211 : INFO : SwitchController : <<<<<<< 's_sling_r' inactive >>>>>>>
2024-02-01 16:23:19,443 : INFO : SwitchController : <<<<<<< 's_stationary_l' active >>>>>>>
2024-02-01 16:23:19,443 : INFO : EventManager : Event: ======'sw_playfield_active'====== Args={}
2024-02-01 16:23:19,458 : INFO : SwitchController : <<<<<<< 's_stationary_l' inactive >>>>>>>
2024-02-01 16:23:21,225 : INFO : SwitchController : <<<<<<< 's_flipper_r' active >>>>>>>
2024-02-01 16:23:21,382 : INFO : SwitchController : <<<<<<< 's_flipper_r' inactive >>>>>>>
2024-02-01 16:23:21,741 : INFO : SwitchController : <<<<<<< 's_trough_1' active >>>>>>>
2024-02-01 16:23:21,836 : INFO : SwitchController : <<<<<<< 's_trough_1' inactive >>>>>>>
2024-02-01 16:23:21,867 : INFO : SwitchController : <<<<<<< 's_trough_2' active >>>>>>>
2024-02-01 16:23:21,931 : INFO : SwitchController : <<<<<<< 's_trough_2' inactive >>>>>>>
2024-02-01 16:23:21,947 : INFO : SwitchController : <<<<<<< 's_trough_3' active >>>>>>>
2024-02-01 16:23:22,022 : INFO : SwitchController : <<<<<<< 's_trough_3' inactive >>>>>>>
2024-02-01 16:23:22,022 : INFO : SwitchController : <<<<<<< 's_trough_4' active >>>>>>>
2024-02-01 16:23:22,524 : INFO : EventManager : Event: ======'balldevice_bd_trough_ball_count_changed'====== Args={'balls': 1}
2024-02-01 16:23:22,524 : INFO : ball_device.bd_trough : Received unexpected ball
2024-02-01 16:23:22,524 : INFO : EventManager : Event: ======'balldevice_captured_from_playfield'====== Args={'balls': 1}
2024-02-01 16:23:22,525 : INFO : EventManager : Event: ======'sw_playfield_active'====== Args={'balls': 1}
2024-02-01 16:23:22,525 : INFO : EventManager : Event: ======'playfield_ball_count_change'====== Args={'balls': 1, 'change': -1}
2024-02-01 16:23:22,525 : INFO : EventManager : Event: ======'balldevice_bd_trough_ball_enter'====== Args={'new_balls': 1, 'unclaimed_balls': 1, 'new_available_balls': 1, 'device': <ball_device.bd_trough>}
2024-02-01 16:23:22,525 : INFO : ball_device.bd_trough : Ejecting 1 unexpected balls using path deque([<ball_device.bd_trough>, <playfield.playfield>])
2024-02-01 16:23:22,525 : INFO : EventManager : Event: ======'balldevice_balls_available'====== Args={}
2024-02-01 16:23:22,525 : INFO : EventManager : Event: ======'balldevice_balls_available'====== Args={}
2024-02-01 16:23:22,526 : INFO : EventManager : Event: ======'balldevice_bd_trough_ball_entered'====== Args={'new_balls': 1, 'device': <ball_device.bd_trough>}
2024-02-01 16:23:22,526 : INFO : ball_device.bd_trough : State: waiting_for_target_ready
2024-02-01 16:23:22,526 : INFO : EventManager : Event: ======'balldevice_bd_trough_ball_eject_attempt'====== Args={'balls': 1, 'target': <playfield.playfield>, 'source': <ball_device.bd_trough>, 'mechanical_eject': False, 'num_attempts': 0}
2024-02-01 16:23:22,526 : INFO : ball_device.bd_trough : State: ejecting
2024-02-01 16:23:22,526 : INFO : ball_device.bd_trough : Ejecting ball to <playfield.playfield>
2024-02-01 16:23:22,526 : INFO : EventManager : Event: ======'balldevice_bd_trough_ejecting_ball'====== Args={'balls': 1, 'target': <playfield.playfield>, 'source': <ball_device.bd_trough>, 'mechanical_eject': False, 'num_attempts': 0}
2024-02-01 16:23:22,527 : INFO : ball_device.bd_trough : Wait for ball to leave device
2024-02-01 16:23:22,527 : INFO : coil.c_trough : Pulsing Driver for 60ms (1.0 pulse_power)
2024-02-01 16:23:22,617 : INFO : SwitchController : <<<<<<< 's_trough_4' inactive >>>>>>>
2024-02-01 16:23:22,621 : INFO : ball_device.bd_trough : State: ball_left
2024-02-01 16:23:22,621 : INFO : ball_device.bd_trough : Ball left
2024-02-01 16:23:22,621 : INFO : ball_device.bd_trough : Wait for confirm with timeout 10.0
2024-02-01 16:23:23,538 : INFO : SwitchController : <<<<<<< 's_flipper_l' active >>>>>>>
2024-02-01 16:23:23,806 : INFO : SwitchController : <<<<<<< 's_flipper_l' inactive >>>>>>>
2024-02-01 16:23:24,211 : INFO : SwitchController : <<<<<<< 's_flipper_l' active >>>>>>>
2024-02-01 16:23:24,320 : INFO : SwitchController : <<<<<<< 's_flipper_l' inactive >>>>>>>
2024-02-01 16:23:24,367 : INFO : SwitchController : <<<<<<< 's_pop' active >>>>>>>
2024-02-01 16:23:24,384 : INFO : SwitchController : <<<<<<< 's_pop' inactive >>>>>>>
2024-02-01 16:23:24,882 : INFO : SwitchController : <<<<<<< 's_flipper_l' active >>>>>>>
2024-02-01 16:23:24,962 : INFO : SwitchController : <<<<<<< 's_flipper_l' inactive >>>>>>>
2024-02-01 16:23:25,716 : INFO : SwitchController : <<<<<<< 's_flipper_l' active >>>>>>>
2024-02-01 16:23:25,824 : INFO : SwitchController : <<<<<<< 's_flipper_l' inactive >>>>>>>
2024-02-01 16:23:26,168 : INFO : SwitchController : <<<<<<< 's_trough_1' active >>>>>>>
2024-02-01 16:23:26,246 : INFO : SwitchController : <<<<<<< 's_trough_1' inactive >>>>>>>
2024-02-01 16:23:26,263 : INFO : SwitchController : <<<<<<< 's_trough_2' active >>>>>>>
2024-02-01 16:23:26,323 : INFO : SwitchController : <<<<<<< 's_trough_2' inactive >>>>>>>
2024-02-01 16:23:26,341 : INFO : SwitchController : <<<<<<< 's_trough_3' active >>>>>>>
2024-02-01 16:23:26,401 : INFO : SwitchController : <<<<<<< 's_trough_3' inactive >>>>>>>
2024-02-01 16:23:26,401 : INFO : SwitchController : <<<<<<< 's_trough_4' active >>>>>>>
2024-02-01 16:23:32,623 : INFO : ball_device.bd_trough : State: failed_confirm
2024-02-01 16:23:32,623 : INFO : ball_device.bd_trough : Got timeout (10.0s) before confirm from <playfield.playfield>
2024-02-01 16:23:32,716 : INFO : ball_device.bd_trough : Got unknown balls. Assuming a ball returned.
2024-02-01 16:23:32,716 : INFO : EventManager : Event: ======'balldevice_bd_trough_ball_eject_failed'====== Args={'target': <playfield.playfield>, 'balls': 1, 'retry': True, 'num_attempts': 1}
2024-02-01 16:23:32,717 : INFO : ball_device.bd_trough : State: waiting_for_target_ready
2024-02-01 16:23:32,717 : INFO : EventManager : Event: ======'balldevice_bd_trough_ball_eject_attempt'====== Args={'balls': 1, 'target': <playfield.playfield>, 'source': <ball_device.bd_trough>, 'mechanical_eject': False, 'num_attempts': 1}
2024-02-01 16:23:32,717 : INFO : ball_device.bd_trough : State: ejecting
2024-02-01 16:23:32,717 : INFO : ball_device.bd_trough : Ejecting ball to <playfield.playfield>
2024-02-01 16:23:32,717 : INFO : EventManager : Event: ======'balldevice_bd_trough_ejecting_ball'====== Args={'balls': 1, 'target': <playfield.playfield>, 'source': <ball_device.bd_trough>, 'mechanical_eject': False, 'num_attempts': 1}
2024-02-01 16:23:32,718 : INFO : ball_device.bd_trough : Wait for ball to leave device
2024-02-01 16:23:32,718 : INFO : coil.c_trough : Pulsing Driver for 60ms (1.0 pulse_power)
2024-02-01 16:23:32,810 : INFO : SwitchController : <<<<<<< 's_trough_4' inactive >>>>>>>
2024-02-01 16:23:32,813 : INFO : ball_device.bd_trough : State: ball_left
2024-02-01 16:23:32,813 : INFO : ball_device.bd_trough : Ball left
2024-02-01 16:23:32,813 : INFO : ball_device.bd_trough : Wait for confirm with timeout 10.0
2024-02-01 16:23:33,121 : INFO : SwitchController : <<<<<<< 's_flipper_l' active >>>>>>>
2024-02-01 16:23:33,278 : INFO : SwitchController : <<<<<<< 's_flipper_l' inactive >>>>>>>
2024-02-01 16:23:34,434 : INFO : SwitchController : <<<<<<< 's_sling_l' active >>>>>>>
2024-02-01 16:23:34,434 : INFO : SwitchController : <<<<<<< 's_sling_l' inactive >>>>>>>
2024-02-01 16:23:38,324 : INFO : SwitchController : <<<<<<< 's_flipper_l' active >>>>>>>
2024-02-01 16:23:38,433 : INFO : SwitchController : <<<<<<< 's_flipper_l' inactive >>>>>>>
2024-02-01 16:23:38,495 : INFO : SwitchController : <<<<<<< 's_pop' active >>>>>>>
2024-02-01 16:23:38,525 : INFO : SwitchController : <<<<<<< 's_pop' inactive >>>>>>>
2024-02-01 16:23:41,341 : INFO : SwitchController : <<<<<<< 's_flipper_l' active >>>>>>>
2024-02-01 16:23:41,452 : INFO : SwitchController : <<<<<<< 's_flipper_l' inactive >>>>>>>
2024-02-01 16:23:41,500 : INFO : SwitchController : <<<<<<< 's_stationary_back' active >>>>>>>
2024-02-01 16:23:41,500 : INFO : EventManager : Event: ======'sw_playfield_active'====== Args={}
2024-02-01 16:23:41,516 : INFO : SwitchController : <<<<<<< 's_stationary_back' inactive >>>>>>>
2024-02-01 16:23:42,811 : INFO : ball_device.bd_trough : State: failed_confirm
2024-02-01 16:23:42,811 : INFO : ball_device.bd_trough : Got timeout (10.0s) before confirm from <playfield.playfield>
2024-02-01 16:23:42,904 : INFO : ball_device.bd_trough : Confirming eject because target is playfield and ball did not return.
2024-02-01 16:23:42,904 : INFO : ball_device.bd_trough : Eject successful
2024-02-01 16:23:42,904 : INFO : EventManager : Event: ======'balldevice_bd_trough_ball_eject_success'====== Args={'balls': 1, 'target': <playfield.playfield>}
2024-02-01 16:23:42,904 : INFO : EventManager : Event: ======'balldevice_playfield_ball_enter'====== Args={'new_balls': 1, 'unclaimed_balls': 1, 'device': <playfield.playfield>}
2024-02-01 16:23:42,904 : INFO : EventManager : Event: ======'playfield_ball_count_change'====== Args={'balls': 2, 'change': 1}
2024-02-01 16:23:42,905 : INFO : EventManager : Event: ======'balldevice_bd_trough_ball_count_changed'====== Args={'balls': 0}
2024-02-01 16:23:42,905 : INFO : ball_device.bd_trough : State: idle
2024-02-01 16:23:45,068 : INFO : SwitchController : <<<<<<< 's_flipper_l' active >>>>>>>
2024-02-01 16:23:46,065 : INFO : SwitchController : <<<<<<< 's_flipper_l' inactive >>>>>>>
2024-02-01 16:23:48,265 : INFO : SwitchController : <<<<<<< 's_flipper_l' active >>>>>>>
2024-02-01 16:23:50,714 : INFO : SwitchController : <<<<<<< 's_flipper_l' inactive >>>>>>>
2024-02-01 16:23:50,884 : INFO : SwitchController : <<<<<<< 's_flipper_l' active >>>>>>>
2024-02-01 16:23:51,024 : INFO : SwitchController : <<<<<<< 's_flipper_l' inactive >>>>>>>
2024-02-01 16:23:51,274 : INFO : SwitchController : <<<<<<< 's_flipper_l' active >>>>>>>
2024-02-01 16:23:51,839 : INFO : SwitchController : <<<<<<< 's_flipper_l' inactive >>>>>>>
2024-02-01 16:23:52,686 : INFO : SwitchController : <<<<<<< 's_flipper_l' active >>>>>>>
2024-02-01 16:23:54,252 : INFO : SwitchController : <<<<<<< 's_flipper_l' inactive >>>>>>>
2024-02-01 16:23:54,454 : INFO : SwitchController : <<<<<<< 's_flipper_l' active >>>>>>>
2024-02-01 16:23:54,579 : INFO : SwitchController : <<<<<<< 's_flipper_l' inactive >>>>>>>
2024-02-01 16:23:54,891 : INFO : SwitchController : <<<<<<< 's_flipper_l' active >>>>>>>
2024-02-01 16:23:55,112 : INFO : SwitchController : <<<<<<< 's_flipper_l' inactive >>>>>>>
2024-02-01 16:23:56,009 : INFO : SwitchController : <<<<<<< 's_sling_r' active >>>>>>>
2024-02-01 16:23:56,009 : INFO : SwitchController : <<<<<<< 's_sling_r' inactive >>>>>>>
2024-02-01 16:24:16,323 : INFO : SwitchController : <<<<<<< 's_flipper_l' active >>>>>>>
2024-02-01 16:24:16,526 : INFO : SwitchController : <<<<<<< 's_flipper_l' inactive >>>>>>>
2024-02-01 16:24:20,538 : INFO : SwitchController : <<<<<<< 's_flipper_l' active >>>>>>>
2024-02-01 16:24:23,537 : INFO : EventManager : Event: ======'flipper_cradle'====== Args={}
2024-02-01 16:24:34,817 : INFO : SwitchController : <<<<<<< 's_flipper_l' inactive >>>>>>>
2024-02-01 16:24:34,817 : INFO : EventManager : Event: ======'flipper_cradle_release'====== Args={}
2024-02-01 16:24:35,593 : INFO : SwitchController : <<<<<<< 's_flipper_l' active >>>>>>>
2024-02-01 16:24:35,718 : INFO : SwitchController : <<<<<<< 's_flipper_l' inactive >>>>>>>
2024-02-01 16:24:35,918 : INFO : SwitchController : <<<<<<< 's_stationary_right' active >>>>>>>
2024-02-01 16:24:35,918 : INFO : EventManager : Event: ======'sw_playfield_active'====== Args={}
2024-02-01 16:24:35,918 : INFO : SwitchController : <<<<<<< 's_stationary_right' inactive >>>>>>>
2024-02-01 16:24:36,309 : INFO : SwitchController : <<<<<<< 's_sling_r' active >>>>>>>
2024-02-01 16:24:36,341 : INFO : SwitchController : <<<<<<< 's_sling_r' inactive >>>>>>>
2024-02-01 16:24:36,512 : INFO : SwitchController : <<<<<<< 's_stationary_l' active >>>>>>>
2024-02-01 16:24:36,512 : INFO : EventManager : Event: ======'sw_playfield_active'====== Args={}
2024-02-01 16:24:36,512 : INFO : SwitchController : <<<<<<< 's_stationary_l' inactive >>>>>>>
2024-02-01 16:24:40,643 : INFO : SwitchController : <<<<<<< 's_flipper_l' active >>>>>>>
2024-02-01 16:24:43,649 : INFO : EventManager : Event: ======'flipper_cradle'====== Args={}
2024-02-01 16:24:47,264 : INFO : SwitchController : <<<<<<< 's_flipper_l' inactive >>>>>>>
2024-02-01 16:24:47,264 : INFO : EventManager : Event: ======'flipper_cradle_release'====== Args={}
2024-02-01 16:24:48,027 : INFO : SwitchController : <<<<<<< 's_flipper_l' active >>>>>>>
2024-02-01 16:24:48,449 : INFO : SwitchController : <<<<<<< 's_flipper_l' inactive >>>>>>>
2024-02-01 16:24:49,211 : INFO : SwitchController : <<<<<<< 's_trough_1' active >>>>>>>
2024-02-01 16:24:49,289 : INFO : SwitchController : <<<<<<< 's_trough_1' inactive >>>>>>>
2024-02-01 16:24:49,307 : INFO : SwitchController : <<<<<<< 's_trough_2' active >>>>>>>
2024-02-01 16:24:49,382 : INFO : SwitchController : <<<<<<< 's_trough_2' inactive >>>>>>>
2024-02-01 16:24:49,401 : INFO : SwitchController : <<<<<<< 's_trough_3' active >>>>>>>
2024-02-01 16:24:49,460 : INFO : SwitchController : <<<<<<< 's_trough_3' inactive >>>>>>>
2024-02-01 16:24:49,477 : INFO : SwitchController : <<<<<<< 's_trough_4' active >>>>>>>
2024-02-01 16:24:49,978 : INFO : EventManager : Event: ======'balldevice_bd_trough_ball_count_changed'====== Args={'balls': 1}
2024-02-01 16:24:49,978 : INFO : ball_device.bd_trough : Received unexpected ball
2024-02-01 16:24:49,978 : INFO : EventManager : Event: ======'balldevice_captured_from_playfield'====== Args={'balls': 1}
2024-02-01 16:24:49,978 : INFO : EventManager : Event: ======'sw_playfield_active'====== Args={'balls': 1}
2024-02-01 16:24:49,978 : INFO : EventManager : Event: ======'playfield_ball_count_change'====== Args={'balls': 1, 'change': -1}
2024-02-01 16:24:49,979 : INFO : EventManager : Event: ======'balldevice_bd_trough_ball_enter'====== Args={'new_balls': 1, 'unclaimed_balls': 1, 'new_available_balls': 1, 'device': <ball_device.bd_trough>}
2024-02-01 16:24:49,979 : INFO : ball_device.bd_trough : Ejecting 1 unexpected balls using path deque([<ball_device.bd_trough>, <playfield.playfield>])
2024-02-01 16:24:49,979 : INFO : EventManager : Event: ======'balldevice_balls_available'====== Args={}
2024-02-01 16:24:49,979 : INFO : EventManager : Event: ======'balldevice_balls_available'====== Args={}
2024-02-01 16:24:49,979 : INFO : EventManager : Event: ======'balldevice_bd_trough_ball_entered'====== Args={'new_balls': 1, 'device': <ball_device.bd_trough>}
2024-02-01 16:24:49,980 : INFO : ball_device.bd_trough : State: waiting_for_target_ready
2024-02-01 16:24:49,980 : INFO : EventManager : Event: ======'balldevice_bd_trough_ball_eject_attempt'====== Args={'balls': 1, 'target': <playfield.playfield>, 'source': <ball_device.bd_trough>, 'mechanical_eject': False, 'num_attempts': 0}
2024-02-01 16:24:49,980 : INFO : ball_device.bd_trough : State: ejecting
2024-02-01 16:24:49,980 : INFO : ball_device.bd_trough : Ejecting ball to <playfield.playfield>
2024-02-01 16:24:49,980 : INFO : EventManager : Event: ======'balldevice_bd_trough_ejecting_ball'====== Args={'balls': 1, 'target': <playfield.playfield>, 'source': <ball_device.bd_trough>, 'mechanical_eject': False, 'num_attempts': 0}
2024-02-01 16:24:49,981 : INFO : ball_device.bd_trough : Wait for ball to leave device
2024-02-01 16:24:49,981 : INFO : coil.c_trough : Pulsing Driver for 60ms (1.0 pulse_power)
2024-02-01 16:24:50,073 : INFO : SwitchController : <<<<<<< 's_trough_4' inactive >>>>>>>
2024-02-01 16:24:50,076 : INFO : ball_device.bd_trough : State: ball_left
2024-02-01 16:24:50,076 : INFO : ball_device.bd_trough : Ball left
2024-02-01 16:24:50,076 : INFO : ball_device.bd_trough : Wait for confirm with timeout 10.0
2024-02-01 16:24:50,461 : INFO : SwitchController : <<<<<<< 's_stationary_l' active >>>>>>>
2024-02-01 16:24:50,461 : INFO : EventManager : Event: ======'sw_playfield_active'====== Args={}
2024-02-01 16:24:50,476 : INFO : SwitchController : <<<<<<< 's_stationary_l' inactive >>>>>>>
2024-02-01 16:24:53,504 : INFO : SwitchController : <<<<<<< 's_flipper_l' active >>>>>>>
2024-02-01 16:24:56,506 : INFO : EventManager : Event: ======'flipper_cradle'====== Args={}
2024-02-01 16:24:59,565 : INFO : SwitchController : <<<<<<< 's_flipper_l' inactive >>>>>>>
2024-02-01 16:24:59,565 : INFO : EventManager : Event: ======'flipper_cradle_release'====== Args={}
2024-02-01 16:25:00,058 : INFO : ball_device.bd_trough : State: failed_confirm
2024-02-01 16:25:00,058 : INFO : ball_device.bd_trough : Got timeout (10.0s) before confirm from <playfield.playfield>
2024-02-01 16:25:00,144 : INFO : ball_device.bd_trough : Confirming eject because target is playfield and ball did not return.
2024-02-01 16:25:00,144 : INFO : ball_device.bd_trough : Eject successful
2024-02-01 16:25:00,144 : INFO : EventManager : Event: ======'balldevice_bd_trough_ball_eject_success'====== Args={'balls': 1, 'target': <playfield.playfield>}
2024-02-01 16:25:00,144 : INFO : EventManager : Event: ======'balldevice_playfield_ball_enter'====== Args={'new_balls': 1, 'unclaimed_balls': 1, 'device': <playfield.playfield>}
2024-02-01 16:25:00,144 : INFO : EventManager : Event: ======'playfield_ball_count_change'====== Args={'balls': 2, 'change': 1}
2024-02-01 16:25:00,145 : INFO : EventManager : Event: ======'balldevice_bd_trough_ball_count_changed'====== Args={'balls': 0}
2024-02-01 16:25:00,145 : INFO : ball_device.bd_trough : State: idle
2024-02-01 16:25:00,300 : INFO : SwitchController : <<<<<<< 's_flipper_l' active >>>>>>>
2024-02-01 16:25:00,782 : INFO : SwitchController : <<<<<<< 's_flipper_l' inactive >>>>>>>
2024-02-01 16:25:03,824 : INFO : SwitchController : <<<<<<< 's_flipper_l' active >>>>>>>
2024-02-01 16:25:06,823 : INFO : EventManager : Event: ======'flipper_cradle'====== Args={}
2024-02-01 16:25:15,876 : INFO : SwitchController : <<<<<<< 's_flipper_l' inactive >>>>>>>
2024-02-01 16:25:15,876 : INFO : EventManager : Event: ======'flipper_cradle_release'====== Args={}
2024-02-01 16:25:16,468 : INFO : SwitchController : <<<<<<< 's_flipper_l' active >>>>>>>
2024-02-01 16:25:16,655 : INFO : SwitchController : <<<<<<< 's_pop' active >>>>>>>
2024-02-01 16:25:16,655 : INFO : SwitchController : <<<<<<< 's_pop' inactive >>>>>>>
2024-02-01 16:25:16,733 : INFO : SwitchController : <<<<<<< 's_flipper_l' inactive >>>>>>>
2024-02-01 16:25:17,408 : INFO : SwitchController : <<<<<<< 's_trough_1' active >>>>>>>
2024-02-01 16:25:17,503 : INFO : SwitchController : <<<<<<< 's_trough_1' inactive >>>>>>>
2024-02-01 16:25:17,520 : INFO : SwitchController : <<<<<<< 's_trough_2' active >>>>>>>
2024-02-01 16:25:17,582 : INFO : SwitchController : <<<<<<< 's_trough_2' inactive >>>>>>>
2024-02-01 16:25:17,600 : INFO : SwitchController : <<<<<<< 's_trough_3' active >>>>>>>
2024-02-01 16:25:17,676 : INFO : SwitchController : <<<<<<< 's_trough_3' inactive >>>>>>>
2024-02-01 16:25:17,676 : INFO : SwitchController : <<<<<<< 's_trough_4' active >>>>>>>
2024-02-01 16:25:18,174 : INFO : EventManager : Event: ======'balldevice_bd_trough_ball_count_changed'====== Args={'balls': 1}
2024-02-01 16:25:18,174 : INFO : ball_device.bd_trough : Received unexpected ball
2024-02-01 16:25:18,174 : INFO : EventManager : Event: ======'balldevice_captured_from_playfield'====== Args={'balls': 1}
2024-02-01 16:25:18,174 : INFO : EventManager : Event: ======'sw_playfield_active'====== Args={'balls': 1}
2024-02-01 16:25:18,174 : INFO : EventManager : Event: ======'playfield_ball_count_change'====== Args={'balls': 1, 'change': -1}
2024-02-01 16:25:18,175 : INFO : EventManager : Event: ======'balldevice_bd_trough_ball_enter'====== Args={'new_balls': 1, 'unclaimed_balls': 1, 'new_available_balls': 1, 'device': <ball_device.bd_trough>}
2024-02-01 16:25:18,175 : INFO : ball_device.bd_trough : Ejecting 1 unexpected balls using path deque([<ball_device.bd_trough>, <playfield.playfield>])
2024-02-01 16:25:18,175 : INFO : EventManager : Event: ======'balldevice_balls_available'====== Args={}
2024-02-01 16:25:18,175 : INFO : EventManager : Event: ======'balldevice_balls_available'====== Args={}
2024-02-01 16:25:18,175 : INFO : EventManager : Event: ======'balldevice_bd_trough_ball_entered'====== Args={'new_balls': 1, 'device': <ball_device.bd_trough>}
2024-02-01 16:25:18,176 : INFO : ball_device.bd_trough : State: waiting_for_target_ready
2024-02-01 16:25:18,176 : INFO : EventManager : Event: ======'balldevice_bd_trough_ball_eject_attempt'====== Args={'balls': 1, 'target': <playfield.playfield>, 'source': <ball_device.bd_trough>, 'mechanical_eject': False, 'num_attempts': 0}
2024-02-01 16:25:18,176 : INFO : ball_device.bd_trough : State: ejecting
2024-02-01 16:25:18,176 : INFO : ball_device.bd_trough : Ejecting ball to <playfield.playfield>
2024-02-01 16:25:18,176 : INFO : EventManager : Event: ======'balldevice_bd_trough_ejecting_ball'====== Args={'balls': 1, 'target': <playfield.playfield>, 'source': <ball_device.bd_trough>, 'mechanical_eject': False, 'num_attempts': 0}
2024-02-01 16:25:18,177 : INFO : ball_device.bd_trough : Wait for ball to leave device
2024-02-01 16:25:18,177 : INFO : coil.c_trough : Pulsing Driver for 60ms (1.0 pulse_power)
2024-02-01 16:25:18,268 : INFO : SwitchController : <<<<<<< 's_trough_4' inactive >>>>>>>
2024-02-01 16:25:18,271 : INFO : ball_device.bd_trough : State: ball_left
2024-02-01 16:25:18,271 : INFO : ball_device.bd_trough : Ball left
2024-02-01 16:25:18,271 : INFO : ball_device.bd_trough : Wait for confirm with timeout 10.0
2024-02-01 16:25:20,068 : INFO : SwitchController : <<<<<<< 's_flipper_l' active >>>>>>>
2024-02-01 16:25:23,069 : INFO : EventManager : Event: ======'flipper_cradle'====== Args={}
2024-02-01 16:25:25,319 : INFO : SwitchController : <<<<<<< 's_flipper_l' inactive >>>>>>>
2024-02-01 16:25:25,319 : INFO : EventManager : Event: ======'flipper_cradle_release'====== Args={}
2024-02-01 16:25:25,946 : INFO : SwitchController : <<<<<<< 's_flipper_l' active >>>>>>>
2024-02-01 16:25:26,122 : INFO : SwitchController : <<<<<<< 's_pop' active >>>>>>>
2024-02-01 16:25:26,142 : INFO : SwitchController : <<<<<<< 's_pop' inactive >>>>>>>
2024-02-01 16:25:26,142 : INFO : SwitchController : <<<<<<< 's_stationary_back' active >>>>>>>
2024-02-01 16:25:26,142 : INFO : EventManager : Event: ======'sw_playfield_active'====== Args={}
2024-02-01 16:25:26,154 : INFO : SwitchController : <<<<<<< 's_stationary_back' inactive >>>>>>>
2024-02-01 16:25:26,186 : INFO : SwitchController : <<<<<<< 's_pop' active >>>>>>>
2024-02-01 16:25:26,205 : INFO : SwitchController : <<<<<<< 's_pop' inactive >>>>>>>
2024-02-01 16:25:26,205 : INFO : SwitchController : <<<<<<< 's_stationary_back' active >>>>>>>
2024-02-01 16:25:26,205 : INFO : EventManager : Event: ======'sw_playfield_active'====== Args={}
2024-02-01 16:25:26,218 : INFO : SwitchController : <<<<<<< 's_stationary_back' inactive >>>>>>>
2024-02-01 16:25:26,237 : INFO : SwitchController : <<<<<<< 's_pop' active >>>>>>>
2024-02-01 16:25:26,266 : INFO : SwitchController : <<<<<<< 's_pop' inactive >>>>>>>
2024-02-01 16:25:26,379 : INFO : SwitchController : <<<<<<< 's_sling_r' active >>>>>>>
2024-02-01 16:25:26,396 : INFO : SwitchController : <<<<<<< 's_sling_r' inactive >>>>>>>
2024-02-01 16:25:26,457 : INFO : SwitchController : <<<<<<< 's_flipper_l' inactive >>>>>>>
2024-02-01 16:25:26,518 : INFO : SwitchController : <<<<<<< 's_pop' active >>>>>>>
2024-02-01 16:25:26,536 : INFO : SwitchController : <<<<<<< 's_pop' inactive >>>>>>>
2024-02-01 16:25:26,737 : INFO : SwitchController : <<<<<<< 's_sling_r' active >>>>>>>
2024-02-01 16:25:26,754 : INFO : SwitchController : <<<<<<< 's_sling_r' inactive >>>>>>>
2024-02-01 16:25:26,815 : INFO : SwitchController : <<<<<<< 's_stationary_right' active >>>>>>>
2024-02-01 16:25:26,815 : INFO : EventManager : Event: ======'sw_playfield_active'====== Args={}
2024-02-01 16:25:26,831 : INFO : SwitchController : <<<<<<< 's_stationary_right' inactive >>>>>>>
2024-02-01 16:25:27,670 : INFO : SwitchController : <<<<<<< 's_trough_1' active >>>>>>>
2024-02-01 16:25:27,764 : INFO : SwitchController : <<<<<<< 's_trough_1' inactive >>>>>>>
2024-02-01 16:25:27,795 : INFO : SwitchController : <<<<<<< 's_trough_2' active >>>>>>>
2024-02-01 16:25:27,857 : INFO : SwitchController : <<<<<<< 's_trough_2' inactive >>>>>>>
2024-02-01 16:25:27,888 : INFO : SwitchController : <<<<<<< 's_trough_3' active >>>>>>>
2024-02-01 16:25:27,950 : INFO : SwitchController : <<<<<<< 's_trough_3' inactive >>>>>>>
2024-02-01 16:25:27,967 : INFO : SwitchController : <<<<<<< 's_trough_4' active >>>>>>>
2024-02-01 16:25:28,267 : INFO : ball_device.bd_trough : State: failed_confirm
2024-02-01 16:25:28,267 : INFO : ball_device.bd_trough : Got timeout (10.0s) before confirm from <playfield.playfield>
2024-02-01 16:25:28,361 : INFO : ball_device.bd_trough : Confirming eject because target is playfield and ball did not return.
2024-02-01 16:25:28,361 : INFO : ball_device.bd_trough : Eject successful
2024-02-01 16:25:28,361 : INFO : EventManager : Event: ======'balldevice_bd_trough_ball_eject_success'====== Args={'balls': 1, 'target': <playfield.playfield>}
2024-02-01 16:25:28,361 : INFO : EventManager : Event: ======'balldevice_playfield_ball_enter'====== Args={'new_balls': 1, 'unclaimed_balls': 1, 'device': <playfield.playfield>}
2024-02-01 16:25:28,361 : INFO : EventManager : Event: ======'playfield_ball_count_change'====== Args={'balls': 2, 'change': 1}
2024-02-01 16:25:28,362 : INFO : EventManager : Event: ======'balldevice_bd_trough_ball_count_changed'====== Args={'balls': 0}
2024-02-01 16:25:28,362 : INFO : ball_device.bd_trough : State: idle
2024-02-01 16:25:28,455 : INFO : EventManager : Event: ======'balldevice_bd_trough_ball_count_changed'====== Args={'balls': 1}
2024-02-01 16:25:28,455 : INFO : ball_device.bd_trough : Received unexpected ball
2024-02-01 16:25:28,455 : INFO : EventManager : Event: ======'balldevice_captured_from_playfield'====== Args={'balls': 1}
2024-02-01 16:25:28,455 : INFO : EventManager : Event: ======'sw_playfield_active'====== Args={'balls': 1}
2024-02-01 16:25:28,455 : INFO : EventManager : Event: ======'playfield_ball_count_change'====== Args={'balls': 1, 'change': -1}
2024-02-01 16:25:28,455 : INFO : EventManager : Event: ======'balldevice_bd_trough_ball_enter'====== Args={'new_balls': 1, 'unclaimed_balls': 1, 'new_available_balls': 1, 'device': <ball_device.bd_trough>}
2024-02-01 16:25:28,456 : INFO : ball_device.bd_trough : Ejecting 1 unexpected balls using path deque([<ball_device.bd_trough>, <playfield.playfield>])
2024-02-01 16:25:28,456 : INFO : EventManager : Event: ======'balldevice_balls_available'====== Args={}
2024-02-01 16:25:28,456 : INFO : EventManager : Event: ======'balldevice_balls_available'====== Args={}
2024-02-01 16:25:28,456 : INFO : EventManager : Event: ======'balldevice_bd_trough_ball_entered'====== Args={'new_balls': 1, 'device': <ball_device.bd_trough>}
2024-02-01 16:25:28,456 : INFO : ball_device.bd_trough : State: waiting_for_target_ready
2024-02-01 16:25:28,456 : INFO : EventManager : Event: ======'balldevice_bd_trough_ball_eject_attempt'====== Args={'balls': 1, 'target': <playfield.playfield>, 'source': <ball_device.bd_trough>, 'mechanical_eject': False, 'num_attempts': 0}
2024-02-01 16:25:28,457 : INFO : ball_device.bd_trough : State: ejecting
2024-02-01 16:25:28,457 : INFO : ball_device.bd_trough : Ejecting ball to <playfield.playfield>
2024-02-01 16:25:28,457 : INFO : EventManager : Event: ======'balldevice_bd_trough_ejecting_ball'====== Args={'balls': 1, 'target': <playfield.playfield>, 'source': <ball_device.bd_trough>, 'mechanical_eject': False, 'num_attempts': 0}
2024-02-01 16:25:28,457 : INFO : ball_device.bd_trough : Wait for ball to leave device
2024-02-01 16:25:28,457 : INFO : coil.c_trough : Pulsing Driver for 60ms (1.0 pulse_power)
2024-02-01 16:25:28,486 : INFO : SwitchController : <<<<<<< 's_trough_4' inactive >>>>>>>
2024-02-01 16:25:28,486 : INFO : SwitchController : <<<<<<< 's_trough_4' active >>>>>>>
2024-02-01 16:25:28,487 : INFO : ball_device.bd_trough : State: ball_left
2024-02-01 16:25:28,488 : INFO : ball_device.bd_trough : Ball left
2024-02-01 16:25:28,488 : INFO : ball_device.bd_trough : Wait for confirm with timeout 10.0
2024-02-01 16:25:28,549 : INFO : SwitchController : <<<<<<< 's_trough_4' inactive >>>>>>>
2024-02-01 16:25:30,348 : INFO : SwitchController : <<<<<<< 's_sling_l' active >>>>>>>
2024-02-01 16:25:30,367 : INFO : SwitchController : <<<<<<< 's_sling_l' inactive >>>>>>>
2024-02-01 16:25:33,638 : INFO : SwitchController : <<<<<<< 's_flipper_l' active >>>>>>>
2024-02-01 16:25:36,627 : INFO : EventManager : Event: ======'flipper_cradle'====== Args={}
2024-02-01 16:25:38,494 : INFO : ball_device.bd_trough : State: failed_confirm
2024-02-01 16:25:38,494 : INFO : ball_device.bd_trough : Got timeout (10.0s) before confirm from <playfield.playfield>
2024-02-01 16:25:38,590 : INFO : ball_device.bd_trough : Confirming eject because target is playfield and ball did not return.
2024-02-01 16:25:38,590 : INFO : ball_device.bd_trough : Eject successful
2024-02-01 16:25:38,590 : INFO : EventManager : Event: ======'balldevice_bd_trough_ball_eject_success'====== Args={'balls': 1, 'target': <playfield.playfield>}
2024-02-01 16:25:38,590 : INFO : EventManager : Event: ======'balldevice_playfield_ball_enter'====== Args={'new_balls': 1, 'unclaimed_balls': 1, 'device': <playfield.playfield>}
2024-02-01 16:25:38,590 : INFO : EventManager : Event: ======'playfield_ball_count_change'====== Args={'balls': 2, 'change': 1}
2024-02-01 16:25:38,591 : INFO : EventManager : Event: ======'balldevice_bd_trough_ball_count_changed'====== Args={'balls': 0}
2024-02-01 16:25:38,591 : INFO : ball_device.bd_trough : State: idle
2024-02-01 16:25:41,529 : INFO : SwitchController : <<<<<<< 's_flipper_l' inactive >>>>>>>
2024-02-01 16:25:41,529 : INFO : EventManager : Event: ======'flipper_cradle_release'====== Args={}
2024-02-01 16:25:42,278 : INFO : SwitchController : <<<<<<< 's_flipper_l' active >>>>>>>
2024-02-01 16:25:42,851 : INFO : SwitchController : <<<<<<< 's_flipper_l' inactive >>>>>>>
2024-02-01 16:25:45,478 : INFO : SwitchController : <<<<<<< 's_flipper_l' active >>>>>>>
2024-02-01 16:25:48,475 : INFO : EventManager : Event: ======'flipper_cradle'====== Args={}
2024-02-01 16:25:50,881 : INFO : SwitchController : <<<<<<< 's_flipper_l' inactive >>>>>>>
2024-02-01 16:25:50,881 : INFO : EventManager : Event: ======'flipper_cradle_release'====== Args={}
2024-02-01 16:25:51,609 : INFO : SwitchController : <<<<<<< 's_flipper_l' active >>>>>>>
2024-02-01 16:25:52,338 : INFO : SwitchController : <<<<<<< 's_flipper_l' inactive >>>>>>>
2024-02-01 16:25:54,070 : INFO : SwitchController : <<<<<<< 's_trough_1' active >>>>>>>
2024-02-01 16:25:54,140 : INFO : SwitchController : <<<<<<< 's_trough_1' inactive >>>>>>>
2024-02-01 16:25:54,159 : INFO : SwitchController : <<<<<<< 's_trough_2' active >>>>>>>
2024-02-01 16:25:54,235 : INFO : SwitchController : <<<<<<< 's_trough_2' inactive >>>>>>>
2024-02-01 16:25:54,253 : INFO : SwitchController : <<<<<<< 's_trough_3' active >>>>>>>
2024-02-01 16:25:54,329 : INFO : SwitchController : <<<<<<< 's_trough_3' inactive >>>>>>>
2024-02-01 16:25:54,329 : INFO : SwitchController : <<<<<<< 's_trough_4' active >>>>>>>
2024-02-01 16:25:54,831 : INFO : EventManager : Event: ======'balldevice_bd_trough_ball_count_changed'====== Args={'balls': 1}
2024-02-01 16:25:54,831 : INFO : ball_device.bd_trough : Received unexpected ball
2024-02-01 16:25:54,831 : INFO : EventManager : Event: ======'balldevice_captured_from_playfield'====== Args={'balls': 1}
2024-02-01 16:25:54,832 : INFO : EventManager : Event: ======'sw_playfield_active'====== Args={'balls': 1}
2024-02-01 16:25:54,832 : INFO : EventManager : Event: ======'playfield_ball_count_change'====== Args={'balls': 1, 'change': -1}
2024-02-01 16:25:54,832 : INFO : EventManager : Event: ======'balldevice_bd_trough_ball_enter'====== Args={'new_balls': 1, 'unclaimed_balls': 1, 'new_available_balls': 1, 'device': <ball_device.bd_trough>}
2024-02-01 16:25:54,832 : INFO : ball_device.bd_trough : Ejecting 1 unexpected balls using path deque([<ball_device.bd_trough>, <playfield.playfield>])
2024-02-01 16:25:54,832 : INFO : EventManager : Event: ======'balldevice_balls_available'====== Args={}
2024-02-01 16:25:54,832 : INFO : EventManager : Event: ======'balldevice_balls_available'====== Args={}
2024-02-01 16:25:54,832 : INFO : EventManager : Event: ======'balldevice_bd_trough_ball_entered'====== Args={'new_balls': 1, 'device': <ball_device.bd_trough>}
2024-02-01 16:25:54,833 : INFO : ball_device.bd_trough : State: waiting_for_target_ready
2024-02-01 16:25:54,833 : INFO : EventManager : Event: ======'balldevice_bd_trough_ball_eject_attempt'====== Args={'balls': 1, 'target': <playfield.playfield>, 'source': <ball_device.bd_trough>, 'mechanical_eject': False, 'num_attempts': 0}
2024-02-01 16:25:54,833 : INFO : ball_device.bd_trough : State: ejecting
2024-02-01 16:25:54,833 : INFO : ball_device.bd_trough : Ejecting ball to <playfield.playfield>
2024-02-01 16:25:54,833 : INFO : EventManager : Event: ======'balldevice_bd_trough_ejecting_ball'====== Args={'balls': 1, 'target': <playfield.playfield>, 'source': <ball_device.bd_trough>, 'mechanical_eject': False, 'num_attempts': 0}
2024-02-01 16:25:54,834 : INFO : ball_device.bd_trough : Wait for ball to leave device
2024-02-01 16:25:54,834 : INFO : coil.c_trough : Pulsing Driver for 60ms (1.0 pulse_power)
2024-02-01 16:25:54,924 : INFO : SwitchController : <<<<<<< 's_trough_4' inactive >>>>>>>
2024-02-01 16:25:54,927 : INFO : ball_device.bd_trough : State: ball_left
2024-02-01 16:25:54,927 : INFO : ball_device.bd_trough : Ball left
2024-02-01 16:25:54,927 : INFO : ball_device.bd_trough : Wait for confirm with timeout 10.0
2024-02-01 16:26:00,443 : INFO : SwitchController : <<<<<<< 's_flipper_l' active >>>>>>>
2024-02-01 16:26:01,070 : INFO : SwitchController : <<<<<<< 's_flipper_l' inactive >>>>>>>
2024-02-01 16:26:01,287 : INFO : SwitchController : <<<<<<< 's_vuk' active >>>>>>>
2024-02-01 16:26:01,333 : INFO : SwitchController : <<<<<<< 's_flipper_l' active >>>>>>>
2024-02-01 16:26:01,473 : INFO : SwitchController : <<<<<<< 's_flipper_l' inactive >>>>>>>
2024-02-01 16:26:01,786 : INFO : EventManager : Event: ======'balldevice_bd_vuk_ball_count_changed'====== Args={'balls': 1}
2024-02-01 16:26:01,786 : INFO : ball_device.bd_vuk : Received unexpected ball
2024-02-01 16:26:01,786 : INFO : EventManager : Event: ======'balldevice_captured_from_playfield'====== Args={'balls': 1}
2024-02-01 16:26:01,786 : INFO : EventManager : Event: ======'sw_playfield_active'====== Args={'balls': 1}
2024-02-01 16:26:01,786 : INFO : EventManager : Event: ======'playfield_ball_count_change'====== Args={'balls': 0, 'change': -1}
2024-02-01 16:26:01,787 : INFO : EventManager : Event: ======'balldevice_bd_vuk_ball_enter'====== Args={'new_balls': 1, 'unclaimed_balls': 1, 'new_available_balls': 1, 'device': <ball_device.bd_vuk>}
2024-02-01 16:26:01,787 : INFO : ball_device.bd_vuk : Ejecting 1 unexpected balls using path deque([<ball_device.bd_vuk>, <playfield.playfield>])
2024-02-01 16:26:01,787 : INFO : EventManager : Event: ======'balldevice_balls_available'====== Args={}
2024-02-01 16:26:01,787 : INFO : EventManager : Event: ======'balldevice_balls_available'====== Args={}
2024-02-01 16:26:01,787 : INFO : EventManager : Event: ======'balldevice_bd_vuk_ball_entered'====== Args={'new_balls': 1, 'device': <ball_device.bd_vuk>}
2024-02-01 16:26:01,788 : INFO : ball_device.bd_vuk : State: waiting_for_target_ready
2024-02-01 16:26:01,788 : INFO : EventManager : Event: ======'balldevice_bd_vuk_ball_eject_attempt'====== Args={'balls': 1, 'target': <playfield.playfield>, 'source': <ball_device.bd_vuk>, 'mechanical_eject': False, 'num_attempts': 0}
2024-02-01 16:26:01,788 : INFO : ball_device.bd_vuk : State: ejecting
2024-02-01 16:26:01,788 : INFO : ball_device.bd_vuk : Ejecting ball to <playfield.playfield>
2024-02-01 16:26:01,788 : INFO : EventManager : Event: ======'balldevice_bd_vuk_ejecting_ball'====== Args={'balls': 1, 'target': <playfield.playfield>, 'source': <ball_device.bd_vuk>, 'mechanical_eject': False, 'num_attempts': 0}
2024-02-01 16:26:01,789 : INFO : ball_device.bd_vuk : Wait for ball to leave device
2024-02-01 16:26:01,789 : INFO : coil.c_vuk : Pulsing Driver for 10ms (1.0 pulse_power)
2024-02-01 16:26:01,817 : INFO : SwitchController : <<<<<<< 's_vuk' inactive >>>>>>>
2024-02-01 16:26:01,818 : INFO : SwitchController : <<<<<<< 's_vuk' active >>>>>>>
2024-02-01 16:26:01,819 : INFO : ball_device.bd_vuk : State: ball_left
2024-02-01 16:26:01,819 : INFO : ball_device.bd_vuk : Ball left
2024-02-01 16:26:01,819 : INFO : ball_device.bd_vuk : Wait for confirm with timeout 2.0
2024-02-01 16:26:01,863 : INFO : SwitchController : <<<<<<< 's_vuk' inactive >>>>>>>
2024-02-01 16:26:03,802 : INFO : ball_device.bd_vuk : State: failed_confirm
2024-02-01 16:26:03,802 : INFO : ball_device.bd_vuk : Got timeout (2.0s) before confirm from <playfield.playfield>
2024-02-01 16:26:03,896 : INFO : ball_device.bd_vuk : Confirming eject because target is playfield and ball did not return.
2024-02-01 16:26:03,896 : INFO : ball_device.bd_vuk : Eject successful
2024-02-01 16:26:03,896 : INFO : EventManager : Event: ======'balldevice_bd_vuk_ball_eject_success'====== Args={'balls': 1, 'target': <playfield.playfield>}
2024-02-01 16:26:03,896 : INFO : EventManager : Event: ======'balldevice_playfield_ball_enter'====== Args={'new_balls': 1, 'unclaimed_balls': 1, 'device': <playfield.playfield>}
2024-02-01 16:26:03,896 : INFO : EventManager : Event: ======'playfield_ball_count_change'====== Args={'balls': 1, 'change': 1}
2024-02-01 16:26:03,897 : INFO : EventManager : Event: ======'balldevice_bd_vuk_ball_count_changed'====== Args={'balls': 0}
2024-02-01 16:26:03,897 : INFO : ball_device.bd_vuk : State: idle
2024-02-01 16:26:04,924 : INFO : ball_device.bd_trough : State: failed_confirm
2024-02-01 16:26:04,924 : INFO : ball_device.bd_trough : Got timeout (10.0s) before confirm from <playfield.playfield>
2024-02-01 16:26:05,019 : INFO : ball_device.bd_trough : Confirming eject because target is playfield and ball did not return.
2024-02-01 16:26:05,019 : INFO : ball_device.bd_trough : Eject successful
2024-02-01 16:26:05,019 : INFO : EventManager : Event: ======'balldevice_bd_trough_ball_eject_success'====== Args={'balls': 1, 'target': <playfield.playfield>}
2024-02-01 16:26:05,019 : INFO : EventManager : Event: ======'balldevice_playfield_ball_enter'====== Args={'new_balls': 1, 'unclaimed_balls': 1, 'device': <playfield.playfield>}
2024-02-01 16:26:05,020 : INFO : EventManager : Event: ======'playfield_ball_count_change'====== Args={'balls': 2, 'change': 1}
2024-02-01 16:26:05,020 : INFO : EventManager : Event: ======'balldevice_bd_trough_ball_count_changed'====== Args={'balls': 0}
2024-02-01 16:26:05,020 : INFO : ball_device.bd_trough : State: idle
2024-02-01 16:26:05,889 : INFO : SwitchController : <<<<<<< 's_flipper_l' active >>>>>>>
2024-02-01 16:26:06,264 : INFO : SwitchController : <<<<<<< 's_flipper_l' inactive >>>>>>>
2024-02-01 16:26:06,451 : INFO : SwitchController : <<<<<<< 's_flipper_l' active >>>>>>>
2024-02-01 16:26:06,782 : INFO : SwitchController : <<<<<<< 's_flipper_l' inactive >>>>>>>
2024-02-01 16:26:07,205 : INFO : SwitchController : <<<<<<< 's_flipper_l' active >>>>>>>
2024-02-01 16:26:08,517 : INFO : SwitchController : <<<<<<< 's_flipper_l' inactive >>>>>>>
2024-02-01 16:26:09,111 : INFO : SwitchController : <<<<<<< 's_flipper_l' active >>>>>>>
2024-02-01 16:26:09,299 : INFO : SwitchController : <<<<<<< 's_pop' active >>>>>>>
2024-02-01 16:26:09,317 : INFO : SwitchController : <<<<<<< 's_pop' inactive >>>>>>>
2024-02-01 16:26:09,622 : INFO : SwitchController : <<<<<<< 's_flipper_l' inactive >>>>>>>
2024-02-01 16:26:13,955 : INFO : SwitchController : <<<<<<< 's_flipper_l' active >>>>>>>
2024-02-01 16:26:14,127 : INFO : SwitchController : <<<<<<< 's_flipper_l' inactive >>>>>>>
2024-02-01 16:26:14,190 : INFO : SwitchController : <<<<<<< 's_pop' active >>>>>>>
2024-02-01 16:26:14,207 : INFO : SwitchController : <<<<<<< 's_pop' inactive >>>>>>>
2024-02-01 16:26:14,983 : INFO : SwitchController : <<<<<<< 's_trough_1' active >>>>>>>
2024-02-01 16:26:15,076 : INFO : SwitchController : <<<<<<< 's_trough_1' inactive >>>>>>>
2024-02-01 16:26:15,108 : INFO : SwitchController : <<<<<<< 's_trough_2' active >>>>>>>
2024-02-01 16:26:15,184 : INFO : SwitchController : <<<<<<< 's_trough_2' inactive >>>>>>>
2024-02-01 16:26:15,201 : INFO : SwitchController : <<<<<<< 's_trough_3' active >>>>>>>
2024-02-01 16:26:15,261 : INFO : SwitchController : <<<<<<< 's_trough_3' inactive >>>>>>>
2024-02-01 16:26:15,279 : INFO : SwitchController : <<<<<<< 's_trough_4' active >>>>>>>
2024-02-01 16:26:15,779 : INFO : EventManager : Event: ======'balldevice_bd_trough_ball_count_changed'====== Args={'balls': 1}
2024-02-01 16:26:15,779 : INFO : ball_device.bd_trough : Received unexpected ball
2024-02-01 16:26:15,779 : INFO : EventManager : Event: ======'balldevice_captured_from_playfield'====== Args={'balls': 1}
2024-02-01 16:26:15,779 : INFO : EventManager : Event: ======'sw_playfield_active'====== Args={'balls': 1}
2024-02-01 16:26:15,780 : INFO : EventManager : Event: ======'playfield_ball_count_change'====== Args={'balls': 1, 'change': -1}
2024-02-01 16:26:15,780 : INFO : EventManager : Event: ======'balldevice_bd_trough_ball_enter'====== Args={'new_balls': 1, 'unclaimed_balls': 1, 'new_available_balls': 1, 'device': <ball_device.bd_trough>}
2024-02-01 16:26:15,780 : INFO : ball_device.bd_trough : Ejecting 1 unexpected balls using path deque([<ball_device.bd_trough>, <playfield.playfield>])
2024-02-01 16:26:15,780 : INFO : EventManager : Event: ======'balldevice_balls_available'====== Args={}
2024-02-01 16:26:15,780 : INFO : EventManager : Event: ======'balldevice_balls_available'====== Args={}
2024-02-01 16:26:15,780 : INFO : EventManager : Event: ======'balldevice_bd_trough_ball_entered'====== Args={'new_balls': 1, 'device': <ball_device.bd_trough>}
2024-02-01 16:26:15,781 : INFO : ball_device.bd_trough : State: waiting_for_target_ready
2024-02-01 16:26:15,781 : INFO : EventManager : Event: ======'balldevice_bd_trough_ball_eject_attempt'====== Args={'balls': 1, 'target': <playfield.playfield>, 'source': <ball_device.bd_trough>, 'mechanical_eject': False, 'num_attempts': 0}
2024-02-01 16:26:15,781 : INFO : ball_device.bd_trough : State: ejecting
2024-02-01 16:26:15,781 : INFO : ball_device.bd_trough : Ejecting ball to <playfield.playfield>
2024-02-01 16:26:15,781 : INFO : EventManager : Event: ======'balldevice_bd_trough_ejecting_ball'====== Args={'balls': 1, 'target': <playfield.playfield>, 'source': <ball_device.bd_trough>, 'mechanical_eject': False, 'num_attempts': 0}
2024-02-01 16:26:15,782 : INFO : ball_device.bd_trough : Wait for ball to leave device
2024-02-01 16:26:15,782 : INFO : coil.c_trough : Pulsing Driver for 60ms (1.0 pulse_power)
2024-02-01 16:26:15,873 : INFO : SwitchController : <<<<<<< 's_trough_4' inactive >>>>>>>
2024-02-01 16:26:15,875 : INFO : ball_device.bd_trough : State: ball_left
2024-02-01 16:26:15,875 : INFO : ball_device.bd_trough : Ball left
2024-02-01 16:26:15,875 : INFO : ball_device.bd_trough : Wait for confirm with timeout 10.0
2024-02-01 16:26:23,195 : INFO : Machine : Shutting down...
2024-02-01 16:26:23,195 : INFO : EventManager : Event: ======'shutdown'====== Args={}
2024-02-01 16:26:23,303 : INFO : root : MPF run loop ended.
