2024-02-22 16:16:22,580 : INFO : root : Loading config.
2024-02-22 16:16:22,638 : INFO : ConfigProcessor : Config spec file cache created: C:\Users\Tanner\AppData\Local\Temp\config_spec.mpf_cache
2024-02-22 16:16:22,638 : INFO : YamlMultifileConfigLoader : Machine config file #1: config.yaml
2024-02-22 16:16:22,638 : INFO : ConfigProcessor : Loading config from file C:\Users\Tanner\AppData\Local\Packages\PythonSoftwareFoundation.Python.3.11_qbz5n2kfra8p0\LocalCache\local-packages\Python311\site-packages\mpf\mpfconfig.yaml.
2024-02-22 16:16:22,655 : INFO : ConfigProcessor : Loading config: C:\Users\Tanner\AppData\Local\Packages\PythonSoftwareFoundation.Python.3.11_qbz5n2kfra8p0\LocalCache\local-packages\Python311\site-packages\mpf\mpfconfig.yaml
2024-02-22 16:16:22,656 : INFO : ConfigProcessor : Loading config from file c:\lofab\config\config.yaml.
2024-02-22 16:16:22,668 : INFO : ConfigProcessor : Loading config: c:\lofab\config\config.yaml
2024-02-22 16:16:22,670 : INFO : ConfigProcessor : Config file cache created: C:\Users\Tanner\AppData\Local\Temp\ae594c12e5b61ed7124eed45950049a7.mpf_cache
2024-02-22 16:16:23,319 : INFO : ConfigProcessor : Loading config from file C:\Users\Tanner\AppData\Local\Packages\PythonSoftwareFoundation.Python.3.11_qbz5n2kfra8p0\LocalCache\local-packages\Python311\site-packages\mpf\modes\attract\config\attract.yaml.
2024-02-22 16:16:23,324 : INFO : ConfigProcessor : Loading config: C:\Users\Tanner\AppData\Local\Packages\PythonSoftwareFoundation.Python.3.11_qbz5n2kfra8p0\LocalCache\local-packages\Python311\site-packages\mpf\modes\attract\config\attract.yaml
2024-02-22 16:16:23,324 : INFO : ConfigProcessor : Loading config from file c:\lofab\modes\attract\config\attract.yaml.
2024-02-22 16:16:23,329 : INFO : ConfigProcessor : Loading config: c:\lofab\modes\attract\config\attract.yaml
2024-02-22 16:16:23,330 : INFO : ConfigProcessor : Config file cache created: C:\Users\Tanner\AppData\Local\Temp\e981666969e170eb9e0a37595fe7075e.mpf_cache
2024-02-22 16:16:23,331 : INFO : ConfigProcessor : Loading config from file C:\Users\Tanner\AppData\Local\Packages\PythonSoftwareFoundation.Python.3.11_qbz5n2kfra8p0\LocalCache\local-packages\Python311\site-packages\mpf\modes\game\config\game.yaml.
2024-02-22 16:16:23,336 : INFO : ConfigProcessor : Loading config: C:\Users\Tanner\AppData\Local\Packages\PythonSoftwareFoundation.Python.3.11_qbz5n2kfra8p0\LocalCache\local-packages\Python311\site-packages\mpf\modes\game\config\game.yaml
2024-02-22 16:16:23,337 : INFO : ConfigProcessor : Config file cache created: C:\Users\Tanner\AppData\Local\Temp\dfbe1b39ae456f06de73c859384050b2.mpf_cache
2024-02-22 16:16:23,338 : INFO : ConfigProcessor : Loading config from cache: C:\Users\Tanner\AppData\Local\Temp\e981666969e170eb9e0a37595fe7075e.mpf_cache
2024-02-22 16:16:23,343 : INFO : ConfigProcessor : Loading config from file c:\lofab\modes\attract\shows\.\gi-start.yaml.
2024-02-22 16:16:23,348 : INFO : ConfigProcessor : Loading config: c:\lofab\modes\attract\shows\.\gi-start.yaml
2024-02-22 16:16:23,349 : INFO : ConfigProcessor : Config file cache created: C:\Users\Tanner\AppData\Local\Temp\cacbc1766a696e848da166f75f474858.mpf_cache
2024-02-22 16:16:23,349 : INFO : Machine : Mission Pinball Framework Core Engine v0.57.0.dev33
2024-02-22 16:16:23,349 : INFO : Machine : Command line arguments: {'no_load_cache': False, 'create_config_cache': True, 'bcp': False, 'configfile': ['config.yaml'], 'force_assets_load': False, 'jsonlogging': False, 'logfile': 'logs\\2024-02-22-16-16-22-mpf-DESKTOP-7HNFDQ5.log', 'pause': False, 'production': False, 'text_ui': True, 'loglevel': 15, 'consoleloglevel': 20, 'force_platform': 'virtual', 'syslog_address': None, 'mc_file_name': None, 'no_sound': False}
2024-02-22 16:16:23,349 : INFO : Machine : MPF path: C:\Users\Tanner\AppData\Local\Packages\PythonSoftwareFoundation.Python.3.11_qbz5n2kfra8p0\LocalCache\local-packages\Python311\site-packages\mpf
2024-02-22 16:16:23,349 : INFO : Machine : Machine path: c:\lofab
2024-02-22 16:16:23,349 : INFO : Machine : Platform: win32
2024-02-22 16:16:23,349 : INFO : Machine : Python executable location: C:\Users\Tanner\AppData\Local\Microsoft\WindowsApps\PythonSoftwareFoundation.Python.3.11_qbz5n2kfra8p0\python.exe
2024-02-22 16:16:23,350 : INFO : Machine : Python version: 3.11.8 (64-bit)
2024-02-22 16:16:23,352 : INFO : Machine : Initializing MPF...
2024-02-22 16:16:24,105 : INFO : EventManager : Event: ======'machine_var_credits_string'====== Args={'value': 'FREE PLAY', 'prev_value': None, 'change': True}
2024-02-22 16:16:24,254 : INFO : EventManager : Event: ======'machine_var_master_volume'====== Args={'value': 0.5, 'prev_value': None, 'change': True}
2024-02-22 16:16:24,254 : INFO : EventManager : Event: ======'machine_var_player1_score'====== Args={'value': 0, 'prev_value': None, 'change': True}
2024-02-22 16:16:24,255 : INFO : EventManager : Event: ======'machine_var_mpf_version'====== Args={'value': 'Mission Pinball Framework v0.57.0.dev33', 'prev_value': None, 'change': True}
2024-02-22 16:16:24,255 : INFO : EventManager : Event: ======'machine_var_mpf_extended_version'====== Args={'value': 'Mission Pinball Framework v0.57.0.dev33, Config version:6, Show version: 6, BCP version:1.1', 'prev_value': None, 'change': True}
2024-02-22 16:16:24,255 : INFO : EventManager : Event: ======'machine_var_python_version'====== Args={'value': '3.11.8', 'prev_value': None, 'change': True}
2024-02-22 16:16:24,263 : INFO : EventManager : Event: ======'machine_var_platform'====== Args={'value': 'Windows-10-10.0.19045-SP0', 'prev_value': None, 'change': True}
2024-02-22 16:16:24,263 : INFO : EventManager : Event: ======'machine_var_platform_system'====== Args={'value': 'Windows', 'prev_value': None, 'change': True}
2024-02-22 16:16:24,263 : INFO : EventManager : Event: ======'machine_var_platform_release'====== Args={'value': '10', 'prev_value': None, 'change': True}
2024-02-22 16:16:24,263 : INFO : EventManager : Event: ======'machine_var_platform_version'====== Args={'value': '10.0.19045', 'prev_value': None, 'change': True}
2024-02-22 16:16:24,263 : INFO : EventManager : Event: ======'machine_var_platform_machine'====== Args={'value': 'AMD64', 'prev_value': None, 'change': True}
2024-02-22 16:16:24,264 : INFO : EventManager : Event: ======'init_phase_1'====== Args={}
2024-02-22 16:16:24,344 : INFO : EventManager : Event: ======'init_phase_2'====== Args={}
2024-02-22 16:16:24,346 : INFO : ball_device.bd_vuk : BCH: Initial count: 0
2024-02-22 16:16:24,347 : INFO : ball_device.bd_vuk : State: idle
2024-02-22 16:16:24,347 : INFO : ball_device.bd_trough : BCH: Initial count: 0
2024-02-22 16:16:24,347 : INFO : ball_device.bd_trough : State: idle
2024-02-22 16:16:24,395 : INFO : EventManager : Event: ======'init_phase_3'====== Args={}
2024-02-22 16:16:24,398 : INFO : EventManager : Event: ======'init_phase_4'====== Args={}
2024-02-22 16:16:24,398 : INFO : BallController : Initial balls found: 0
2024-02-22 16:16:24,399 : INFO : EventManager : Event: ======'machine_var_audits_events_game_ended'====== Args={'value': 44, 'prev_value': None, 'change': True}
2024-02-22 16:16:24,399 : INFO : EventManager : Event: ======'machine_var_audits_events_game_started'====== Args={'value': 120, 'prev_value': None, 'change': True}
2024-02-22 16:16:24,399 : INFO : EventManager : Event: ======'machine_var_audits_player_score'====== Args={'value': {'average': 0.0, 'top': [0, 0, 0, 0, 0, 0, 0, 0, 0, 0], 'total': 44}, 'prev_value': None, 'change': True}
2024-02-22 16:16:24,399 : INFO : EventManager : Event: ======'machine_var_audits_switches_s_9'====== Args={'value': 0, 'prev_value': None, 'change': True}
2024-02-22 16:16:24,399 : INFO : EventManager : Event: ======'machine_var_audits_switches_s_autolauncher'====== Args={'value': 422, 'prev_value': None, 'change': True}
2024-02-22 16:16:24,399 : INFO : EventManager : Event: ======'machine_var_audits_switches_s_b_eos'====== Args={'value': 2450, 'prev_value': None, 'change': True}
2024-02-22 16:16:24,399 : INFO : EventManager : Event: ======'machine_var_audits_switches_s_b_pop'====== Args={'value': 446, 'prev_value': None, 'change': True}
2024-02-22 16:16:24,400 : INFO : EventManager : Event: ======'machine_var_audits_switches_s_b_rollover_interchange'====== Args={'value': 10, 'prev_value': None, 'change': True}
2024-02-22 16:16:24,400 : INFO : EventManager : Event: ======'machine_var_audits_switches_s_b_rollover_loop'====== Args={'value': 24, 'prev_value': None, 'change': True}
2024-02-22 16:16:24,400 : INFO : EventManager : Event: ======'machine_var_audits_switches_s_b_rollover_misc'====== Args={'value': 33, 'prev_value': None, 'change': True}
2024-02-22 16:16:24,400 : INFO : EventManager : Event: ======'machine_var_audits_switches_s_b_target_left'====== Args={'value': 21, 'prev_value': None, 'change': True}
2024-02-22 16:16:24,400 : INFO : EventManager : Event: ======'machine_var_audits_switches_s_b_target_right'====== Args={'value': 39, 'prev_value': None, 'change': True}
2024-02-22 16:16:24,400 : INFO : EventManager : Event: ======'machine_var_audits_switches_s_drop_mid_center'====== Args={'value': 113, 'prev_value': None, 'change': True}
2024-02-22 16:16:24,400 : INFO : EventManager : Event: ======'machine_var_audits_switches_s_drop_mid_left'====== Args={'value': 76, 'prev_value': None, 'change': True}
2024-02-22 16:16:24,400 : INFO : EventManager : Event: ======'machine_var_audits_switches_s_drop_mid_right'====== Args={'value': 96, 'prev_value': None, 'change': True}
2024-02-22 16:16:24,400 : INFO : EventManager : Event: ======'machine_var_audits_switches_s_drop_right_left'====== Args={'value': 32, 'prev_value': None, 'change': True}
2024-02-22 16:16:24,400 : INFO : EventManager : Event: ======'machine_var_audits_switches_s_drop_right_right'====== Args={'value': 32, 'prev_value': None, 'change': True}
2024-02-22 16:16:24,400 : INFO : EventManager : Event: ======'machine_var_audits_switches_s_drop_scoop'====== Args={'value': 0, 'prev_value': None, 'change': True}
2024-02-22 16:16:24,401 : INFO : EventManager : Event: ======'machine_var_audits_switches_s_drop_single'====== Args={'value': 24, 'prev_value': None, 'change': True}
2024-02-22 16:16:24,401 : INFO : EventManager : Event: ======'machine_var_audits_switches_s_flip_left_eos'====== Args={'value': 25095, 'prev_value': None, 'change': True}
2024-02-22 16:16:24,401 : INFO : EventManager : Event: ======'machine_var_audits_switches_s_flip_left_top_eos'====== Args={'value': 1729, 'prev_value': None, 'change': True}
2024-02-22 16:16:24,401 : INFO : EventManager : Event: ======'machine_var_audits_switches_s_flip_right_eos'====== Args={'value': 2110, 'prev_value': None, 'change': True}
2024-02-22 16:16:24,401 : INFO : EventManager : Event: ======'machine_var_audits_switches_s_flipper_l'====== Args={'value': 251, 'prev_value': None, 'change': True}
2024-02-22 16:16:24,401 : INFO : EventManager : Event: ======'machine_var_audits_switches_s_flipper_r'====== Args={'value': 166, 'prev_value': None, 'change': True}
2024-02-22 16:16:24,401 : INFO : EventManager : Event: ======'machine_var_audits_switches_s_inlane_left'====== Args={'value': 31, 'prev_value': None, 'change': True}
2024-02-22 16:16:24,401 : INFO : EventManager : Event: ======'machine_var_audits_switches_s_inlane_right'====== Args={'value': 59, 'prev_value': None, 'change': True}
2024-02-22 16:16:24,401 : INFO : EventManager : Event: ======'machine_var_audits_switches_s_l_rollover'====== Args={'value': 9, 'prev_value': None, 'change': True}
2024-02-22 16:16:24,401 : INFO : EventManager : Event: ======'machine_var_audits_switches_s_l_target_far'====== Args={'value': 9, 'prev_value': None, 'change': True}
2024-02-22 16:16:24,402 : INFO : EventManager : Event: ======'machine_var_audits_switches_s_l_target_large'====== Args={'value': 9, 'prev_value': None, 'change': True}
2024-02-22 16:16:24,402 : INFO : EventManager : Event: ======'machine_var_audits_switches_s_l_target_left'====== Args={'value': 10, 'prev_value': None, 'change': True}
2024-02-22 16:16:24,402 : INFO : EventManager : Event: ======'machine_var_audits_switches_s_l_target_right'====== Args={'value': 9, 'prev_value': None, 'change': True}
2024-02-22 16:16:24,402 : INFO : EventManager : Event: ======'machine_var_audits_switches_s_l_vuk'====== Args={'value': 9, 'prev_value': None, 'change': True}
2024-02-22 16:16:24,402 : INFO : EventManager : Event: ======'machine_var_audits_switches_s_launch'====== Args={'value': 460, 'prev_value': None, 'change': True}
2024-02-22 16:16:24,402 : INFO : EventManager : Event: ======'machine_var_audits_switches_s_left_flipper_1'====== Args={'value': 1947, 'prev_value': None, 'change': True}
2024-02-22 16:16:24,402 : INFO : EventManager : Event: ======'machine_var_audits_switches_s_left_flipper_2'====== Args={'value': 651, 'prev_value': None, 'change': True}
2024-02-22 16:16:24,402 : INFO : EventManager : Event: ======'machine_var_audits_switches_s_lock_1'====== Args={'value': 1, 'prev_value': None, 'change': True}
2024-02-22 16:16:24,402 : INFO : EventManager : Event: ======'machine_var_audits_switches_s_lock_2'====== Args={'value': 1, 'prev_value': None, 'change': True}
2024-02-22 16:16:24,403 : INFO : EventManager : Event: ======'machine_var_audits_switches_s_lock_3'====== Args={'value': 1, 'prev_value': None, 'change': True}
2024-02-22 16:16:24,403 : INFO : EventManager : Event: ======'machine_var_audits_switches_s_outlane_left'====== Args={'value': 12, 'prev_value': None, 'change': True}
2024-02-22 16:16:24,403 : INFO : EventManager : Event: ======'machine_var_audits_switches_s_outlane_right'====== Args={'value': 28, 'prev_value': None, 'change': True}
2024-02-22 16:16:24,403 : INFO : EventManager : Event: ======'machine_var_audits_switches_s_pop'====== Args={'value': 62, 'prev_value': None, 'change': True}
2024-02-22 16:16:24,403 : INFO : EventManager : Event: ======'machine_var_audits_switches_s_pop_left'====== Args={'value': 152, 'prev_value': None, 'change': True}
2024-02-22 16:16:24,403 : INFO : EventManager : Event: ======'machine_var_audits_switches_s_pop_lower'====== Args={'value': 560, 'prev_value': None, 'change': True}
2024-02-22 16:16:24,403 : INFO : EventManager : Event: ======'machine_var_audits_switches_s_pop_right'====== Args={'value': 2348, 'prev_value': None, 'change': True}
2024-02-22 16:16:24,403 : INFO : EventManager : Event: ======'machine_var_audits_switches_s_right_flipper_1'====== Args={'value': 3494, 'prev_value': None, 'change': True}
2024-02-22 16:16:24,404 : INFO : EventManager : Event: ======'machine_var_audits_switches_s_right_flipper_2'====== Args={'value': 3304, 'prev_value': None, 'change': True}
2024-02-22 16:16:24,404 : INFO : EventManager : Event: ======'machine_var_audits_switches_s_rollover_left'====== Args={'value': 84, 'prev_value': None, 'change': True}
2024-02-22 16:16:24,404 : INFO : EventManager : Event: ======'machine_var_audits_switches_s_rollover_right'====== Args={'value': 488, 'prev_value': None, 'change': True}
2024-02-22 16:16:24,404 : INFO : EventManager : Event: ======'machine_var_audits_switches_s_sling_l'====== Args={'value': 35, 'prev_value': None, 'change': True}
2024-02-22 16:16:24,404 : INFO : EventManager : Event: ======'machine_var_audits_switches_s_sling_left'====== Args={'value': 159, 'prev_value': None, 'change': True}
2024-02-22 16:16:24,404 : INFO : EventManager : Event: ======'machine_var_audits_switches_s_sling_r'====== Args={'value': 32, 'prev_value': None, 'change': True}
2024-02-22 16:16:24,404 : INFO : EventManager : Event: ======'machine_var_audits_switches_s_sling_right'====== Args={'value': 237, 'prev_value': None, 'change': True}
2024-02-22 16:16:24,405 : INFO : EventManager : Event: ======'machine_var_audits_switches_s_start'====== Args={'value': 118, 'prev_value': None, 'change': True}
2024-02-22 16:16:24,405 : INFO : EventManager : Event: ======'machine_var_audits_switches_s_stationary_back'====== Args={'value': 28, 'prev_value': None, 'change': True}
2024-02-22 16:16:24,405 : INFO : EventManager : Event: ======'machine_var_audits_switches_s_stationary_l'====== Args={'value': 43, 'prev_value': None, 'change': True}
2024-02-22 16:16:24,405 : INFO : EventManager : Event: ======'machine_var_audits_switches_s_stationary_right'====== Args={'value': 23, 'prev_value': None, 'change': True}
2024-02-22 16:16:24,405 : INFO : EventManager : Event: ======'machine_var_audits_switches_s_tilt'====== Args={'value': 2735, 'prev_value': None, 'change': True}
2024-02-22 16:16:24,405 : INFO : EventManager : Event: ======'machine_var_audits_switches_s_trough_1'====== Args={'value': 64, 'prev_value': None, 'change': True}
2024-02-22 16:16:24,405 : INFO : EventManager : Event: ======'machine_var_audits_switches_s_trough_2'====== Args={'value': 504, 'prev_value': None, 'change': True}
2024-02-22 16:16:24,406 : INFO : EventManager : Event: ======'machine_var_audits_switches_s_trough_3'====== Args={'value': 459, 'prev_value': None, 'change': True}
2024-02-22 16:16:24,406 : INFO : EventManager : Event: ======'machine_var_audits_switches_s_trough_4'====== Args={'value': 506, 'prev_value': None, 'change': True}
2024-02-22 16:16:24,406 : INFO : EventManager : Event: ======'machine_var_audits_switches_s_trough_5'====== Args={'value': 284, 'prev_value': None, 'change': True}
2024-02-22 16:16:24,406 : INFO : EventManager : Event: ======'machine_var_audits_switches_s_trough_6'====== Args={'value': 277, 'prev_value': None, 'change': True}
2024-02-22 16:16:24,406 : INFO : EventManager : Event: ======'machine_var_audits_switches_s_trough_jam'====== Args={'value': 344, 'prev_value': None, 'change': True}
2024-02-22 16:16:24,406 : INFO : EventManager : Event: ======'machine_var_audits_switches_s_u_lane_l'====== Args={'value': 15, 'prev_value': None, 'change': True}
2024-02-22 16:16:24,406 : INFO : EventManager : Event: ======'machine_var_audits_switches_s_u_lane_r'====== Args={'value': 20, 'prev_value': None, 'change': True}
2024-02-22 16:16:24,407 : INFO : EventManager : Event: ======'machine_var_audits_switches_s_u_rollover'====== Args={'value': 10, 'prev_value': None, 'change': True}
2024-02-22 16:16:24,407 : INFO : EventManager : Event: ======'machine_var_audits_switches_s_u_target'====== Args={'value': 8, 'prev_value': None, 'change': True}
2024-02-22 16:16:24,407 : INFO : EventManager : Event: ======'machine_var_audits_switches_s_vuk'====== Args={'value': 15, 'prev_value': None, 'change': True}
2024-02-22 16:16:24,407 : INFO : EventManager : Event: ======'machine_var_audits_switches_s_vuk_back'====== Args={'value': 489, 'prev_value': None, 'change': True}
2024-02-22 16:16:24,407 : INFO : EventManager : Event: ======'machine_var_audits_switches_s_vuk_right'====== Args={'value': 1, 'prev_value': None, 'change': True}
2024-02-22 16:16:24,408 : INFO : EventManager : Event: ======'init_phase_5'====== Args={}
2024-02-22 16:16:24,439 : INFO : EventManager : Event: ======'init_done'====== Args={}
2024-02-22 16:16:24,439 : INFO : EventManager : Event: ======'machine_reset_phase_1'====== Args={}
2024-02-22 16:16:24,439 : INFO : EventManager : Event: ======'machine_reset_phase_2'====== Args={}
2024-02-22 16:16:24,439 : INFO : EventManager : Event: ======'machine_reset_phase_3'====== Args={}
2024-02-22 16:16:24,440 : INFO : EventManager : Event: ======'reset_complete'====== Args={}
2024-02-22 16:16:24,440 : INFO : EventManager : Event: ======'mode_attract_will_start'====== Args={}
2024-02-22 16:16:24,440 : INFO : EventManager : Event: ======'mode_attract_starting'====== Args={}
2024-02-22 16:16:24,440 : INFO : Mode.attract : Started. Priority: 10
2024-02-22 16:16:24,440 : INFO : EventManager : Event: ======'modes_active_modes_changed'====== Args={}
2024-02-22 16:16:24,440 : INFO : EventManager : Event: ======'mode_attract_started'====== Args={}
2024-02-22 16:16:24,441 : INFO : EventManager : Event: ======'collecting_balls_complete'====== Args={}
2024-02-22 16:16:24,458 : INFO : Machine : Starting the main run loop.
2024-02-22 16:16:42,992 : INFO : BcpServer : New client connected.
2024-02-22 16:17:33,861 : INFO : SwitchController : <<<<<<< 's_trough_2' active >>>>>>>
2024-02-22 16:17:34,356 : INFO : EventManager : Event: ======'balldevice_bd_trough_ball_count_changed'====== Args={'balls': 1}
2024-02-22 16:17:34,356 : INFO : ball_device.bd_trough : Received unexpected ball
2024-02-22 16:17:34,357 : INFO : EventManager : Event: ======'balldevice_captured_from_playfield'====== Args={'balls': 1}
2024-02-22 16:17:34,357 : INFO : EventManager : Event: ======'sw_playfield_active'====== Args={'balls': 1}
2024-02-22 16:17:34,357 : INFO : EventManager : Event: ======'playfield_active'====== Args={}
2024-02-22 16:17:34,357 : INFO : EventManager : Event: ======'unexpected_ball_on_playfield'====== Args={}
2024-02-22 16:17:34,357 : INFO : EventManager : Event: ======'playfield_ball_count_change'====== Args={'balls': -1, 'change': -1}
2024-02-22 16:17:34,358 : INFO : EventManager : Event: ======'balldevice_playfield_ball_enter'====== Args={'new_balls': 1, 'unclaimed_balls': 1, 'device': <playfield.playfield>}
2024-02-22 16:17:34,358 : INFO : EventManager : Event: ======'playfield_ball_count_change'====== Args={'balls': 0, 'change': 1}
2024-02-22 16:17:34,358 : INFO : BallController : Found a new ball which was captured from playfield. Known balls: 1
2024-02-22 16:17:34,358 : INFO : EventManager : Event: ======'found_new_ball'====== Args={}
2024-02-22 16:17:34,358 : INFO : EventManager : Event: ======'balldevice_bd_trough_ball_enter'====== Args={'new_balls': 1, 'unclaimed_balls': 1, 'new_available_balls': 1, 'device': <ball_device.bd_trough>}
2024-02-22 16:17:34,359 : INFO : ball_device.bd_trough : Ejecting 1 unexpected balls using path deque([<ball_device.bd_trough>, <playfield.playfield>])
2024-02-22 16:17:34,359 : INFO : EventManager : Event: ======'balldevice_balls_available'====== Args={}
2024-02-22 16:17:34,359 : INFO : EventManager : Event: ======'balldevice_balls_available'====== Args={}
2024-02-22 16:17:34,359 : INFO : EventManager : Event: ======'balldevice_bd_trough_ball_entered'====== Args={'new_balls': 1, 'device': <ball_device.bd_trough>}
2024-02-22 16:17:34,359 : INFO : ball_device.bd_trough : State: waiting_for_target_ready
2024-02-22 16:17:34,360 : INFO : EventManager : Event: ======'balldevice_bd_trough_ball_eject_attempt'====== Args={'balls': 1, 'target': <playfield.playfield>, 'source': <ball_device.bd_trough>, 'mechanical_eject': False, 'num_attempts': 0}
2024-02-22 16:17:34,360 : INFO : ball_device.bd_trough : State: ejecting
2024-02-22 16:17:34,360 : INFO : ball_device.bd_trough : Ejecting ball to <playfield.playfield>
2024-02-22 16:17:34,360 : INFO : EventManager : Event: ======'balldevice_bd_trough_ejecting_ball'====== Args={'balls': 1, 'target': <playfield.playfield>, 'source': <ball_device.bd_trough>, 'mechanical_eject': False, 'num_attempts': 0}
2024-02-22 16:17:34,361 : INFO : ball_device.bd_trough : Wait for ball to leave device
2024-02-22 16:17:34,361 : INFO : coil.c_trough : Pulsing Driver for 15ms (1.0 pulse_power)
2024-02-22 16:17:35,346 : INFO : SwitchController : <<<<<<< 's_trough_2' inactive >>>>>>>
2024-02-22 16:17:35,351 : INFO : ball_device.bd_trough : State: ball_left
2024-02-22 16:17:35,351 : INFO : ball_device.bd_trough : Ball left
2024-02-22 16:17:35,351 : INFO : ball_device.bd_trough : Wait for confirm with timeout 10.0
2024-02-22 16:17:35,437 : INFO : SwitchController : <<<<<<< 's_trough_2' active >>>>>>>
2024-02-22 16:17:35,890 : INFO : SwitchController : <<<<<<< 's_trough_2' inactive >>>>>>>
2024-02-22 16:17:35,966 : INFO : SwitchController : <<<<<<< 's_trough_2' active >>>>>>>
2024-02-22 16:17:36,377 : INFO : SwitchController : <<<<<<< 's_trough_2' inactive >>>>>>>
2024-02-22 16:17:36,435 : INFO : SwitchController : <<<<<<< 's_trough_2' active >>>>>>>
2024-02-22 16:17:36,506 : INFO : SwitchController : <<<<<<< 's_trough_2' inactive >>>>>>>
2024-02-22 16:17:36,606 : INFO : SwitchController : <<<<<<< 's_trough_2' active >>>>>>>
2024-02-22 16:17:37,056 : INFO : SwitchController : <<<<<<< 's_trough_2' inactive >>>>>>>
2024-02-22 16:17:37,566 : INFO : SwitchController : <<<<<<< 's_trough_2' active >>>>>>>
2024-02-22 16:17:37,978 : INFO : SwitchController : <<<<<<< 's_trough_2' inactive >>>>>>>
2024-02-22 16:17:38,056 : INFO : SwitchController : <<<<<<< 's_trough_2' active >>>>>>>
2024-02-22 16:17:38,187 : INFO : SwitchController : <<<<<<< 's_trough_2' inactive >>>>>>>
2024-02-22 16:17:38,246 : INFO : SwitchController : <<<<<<< 's_trough_2' active >>>>>>>
2024-02-22 16:17:38,380 : INFO : SwitchController : <<<<<<< 's_trough_2' inactive >>>>>>>
2024-02-22 16:17:42,767 : INFO : SwitchController : <<<<<<< 's_trough_3' active >>>>>>>
2024-02-22 16:17:45,363 : INFO : ball_device.bd_trough : State: failed_confirm
2024-02-22 16:17:45,363 : INFO : ball_device.bd_trough : Got timeout (10.0s) before confirm from <playfield.playfield>
2024-02-22 16:17:45,456 : INFO : ball_device.bd_trough : Got unknown balls. Assuming a ball returned.
2024-02-22 16:17:45,456 : INFO : EventManager : Event: ======'balldevice_bd_trough_ball_eject_failed'====== Args={'target': <playfield.playfield>, 'balls': 1, 'retry': True, 'num_attempts': 1}
2024-02-22 16:17:45,458 : INFO : ball_device.bd_trough : State: waiting_for_target_ready
2024-02-22 16:17:45,458 : INFO : EventManager : Event: ======'balldevice_bd_trough_ball_eject_attempt'====== Args={'balls': 1, 'target': <playfield.playfield>, 'source': <ball_device.bd_trough>, 'mechanical_eject': False, 'num_attempts': 1}
2024-02-22 16:17:45,458 : INFO : ball_device.bd_trough : State: ejecting
2024-02-22 16:17:45,458 : INFO : ball_device.bd_trough : Ejecting ball to <playfield.playfield>
2024-02-22 16:17:45,459 : INFO : EventManager : Event: ======'balldevice_bd_trough_ejecting_ball'====== Args={'balls': 1, 'target': <playfield.playfield>, 'source': <ball_device.bd_trough>, 'mechanical_eject': False, 'num_attempts': 1}
2024-02-22 16:17:45,459 : INFO : ball_device.bd_trough : Wait for ball to leave device
2024-02-22 16:17:45,459 : INFO : coil.c_trough : Pulsing Driver for 15ms (1.0 pulse_power)
2024-02-22 16:17:47,155 : INFO : SwitchController : <<<<<<< 's_trough_4' active >>>>>>>
2024-02-22 16:17:48,749 : INFO : SwitchController : <<<<<<< 's_trough_4' inactive >>>>>>>
2024-02-22 16:17:49,427 : INFO : SwitchController : <<<<<<< 's_trough_3' inactive >>>>>>>
2024-02-22 16:17:49,431 : INFO : ball_device.bd_trough : State: ball_left
2024-02-22 16:17:49,431 : INFO : ball_device.bd_trough : Ball left
2024-02-22 16:17:49,431 : INFO : ball_device.bd_trough : Wait for confirm with timeout 10.0
2024-02-22 16:17:59,431 : INFO : ball_device.bd_trough : State: failed_confirm
2024-02-22 16:17:59,431 : INFO : ball_device.bd_trough : Got timeout (10.0s) before confirm from <playfield.playfield>
2024-02-22 16:17:59,525 : INFO : ball_device.bd_trough : Confirming eject because target is playfield and ball did not return.
2024-02-22 16:17:59,525 : INFO : ball_device.bd_trough : Eject successful
2024-02-22 16:17:59,525 : INFO : EventManager : Event: ======'balldevice_bd_trough_ball_eject_success'====== Args={'balls': 1, 'target': <playfield.playfield>}
2024-02-22 16:17:59,526 : INFO : EventManager : Event: ======'balldevice_playfield_ball_enter'====== Args={'new_balls': 1, 'unclaimed_balls': 1, 'device': <playfield.playfield>}
2024-02-22 16:17:59,526 : INFO : EventManager : Event: ======'playfield_ball_count_change'====== Args={'balls': 1, 'change': 1}
2024-02-22 16:17:59,526 : INFO : EventManager : Event: ======'balldevice_bd_trough_ball_count_changed'====== Args={'balls': 0}
2024-02-22 16:17:59,526 : INFO : ball_device.bd_trough : State: idle
2024-02-22 16:18:53,117 : INFO : SwitchController : <<<<<<< 's_sling_r' active >>>>>>>
2024-02-22 16:18:53,225 : INFO : SwitchController : <<<<<<< 's_sling_r' inactive >>>>>>>
2024-02-22 16:18:53,562 : INFO : SwitchController : <<<<<<< 's_sling_r' active >>>>>>>
2024-02-22 16:18:55,216 : INFO : SwitchController : <<<<<<< 's_sling_r' inactive >>>>>>>
2024-02-22 16:18:55,281 : INFO : SwitchController : <<<<<<< 's_sling_r' active >>>>>>>
2024-02-22 16:18:55,624 : INFO : SwitchController : <<<<<<< 's_sling_r' inactive >>>>>>>
2024-02-22 16:19:08,496 : INFO : SwitchController : <<<<<<< 's_vuk' active >>>>>>>
2024-02-22 16:19:08,576 : INFO : SwitchController : <<<<<<< 's_vuk' inactive >>>>>>>
2024-02-22 16:19:08,909 : INFO : SwitchController : <<<<<<< 's_vuk' active >>>>>>>
2024-02-22 16:19:09,415 : INFO : EventManager : Event: ======'balldevice_bd_vuk_ball_count_changed'====== Args={'balls': 1}
2024-02-22 16:19:09,415 : INFO : ball_device.bd_vuk : Received unexpected ball
2024-02-22 16:19:09,415 : INFO : EventManager : Event: ======'balldevice_captured_from_playfield'====== Args={'balls': 1}
2024-02-22 16:19:09,415 : INFO : EventManager : Event: ======'sw_playfield_active'====== Args={'balls': 1}
2024-02-22 16:19:09,416 : INFO : EventManager : Event: ======'playfield_ball_count_change'====== Args={'balls': 0, 'change': -1}
2024-02-22 16:19:09,416 : INFO : EventManager : Event: ======'balldevice_bd_vuk_ball_enter'====== Args={'new_balls': 1, 'unclaimed_balls': 1, 'new_available_balls': 1, 'device': <ball_device.bd_vuk>}
2024-02-22 16:19:09,417 : INFO : ball_device.bd_vuk : Ejecting 1 unexpected balls using path deque([<ball_device.bd_vuk>, <playfield.playfield>])
2024-02-22 16:19:09,417 : INFO : EventManager : Event: ======'balldevice_balls_available'====== Args={}
2024-02-22 16:19:09,417 : INFO : EventManager : Event: ======'balldevice_balls_available'====== Args={}
2024-02-22 16:19:09,417 : INFO : EventManager : Event: ======'balldevice_bd_vuk_ball_entered'====== Args={'new_balls': 1, 'device': <ball_device.bd_vuk>}
2024-02-22 16:19:09,417 : INFO : ball_device.bd_vuk : State: waiting_for_target_ready
2024-02-22 16:19:09,417 : INFO : EventManager : Event: ======'balldevice_bd_vuk_ball_eject_attempt'====== Args={'balls': 1, 'target': <playfield.playfield>, 'source': <ball_device.bd_vuk>, 'mechanical_eject': False, 'num_attempts': 0}
2024-02-22 16:19:09,418 : INFO : ball_device.bd_vuk : State: ejecting
2024-02-22 16:19:09,418 : INFO : ball_device.bd_vuk : Ejecting ball to <playfield.playfield>
2024-02-22 16:19:09,418 : INFO : EventManager : Event: ======'balldevice_bd_vuk_ejecting_ball'====== Args={'balls': 1, 'target': <playfield.playfield>, 'source': <ball_device.bd_vuk>, 'mechanical_eject': False, 'num_attempts': 0}
2024-02-22 16:19:09,418 : INFO : ball_device.bd_vuk : Wait for ball to leave device
2024-02-22 16:19:09,418 : INFO : coil.c_vuk : Pulsing Driver for 10ms (1.0 pulse_power)
2024-02-22 16:19:11,284 : INFO : SwitchController : <<<<<<< 's_vuk' inactive >>>>>>>
2024-02-22 16:19:11,294 : INFO : ball_device.bd_vuk : State: ball_left
2024-02-22 16:19:11,294 : INFO : ball_device.bd_vuk : Ball left
2024-02-22 16:19:11,294 : INFO : ball_device.bd_vuk : Wait for confirm with timeout 2.0
2024-02-22 16:19:13,279 : INFO : ball_device.bd_vuk : State: failed_confirm
2024-02-22 16:19:13,279 : INFO : ball_device.bd_vuk : Got timeout (2.0s) before confirm from <playfield.playfield>
2024-02-22 16:19:13,375 : INFO : ball_device.bd_vuk : Confirming eject because target is playfield and ball did not return.
2024-02-22 16:19:13,375 : INFO : ball_device.bd_vuk : Eject successful
2024-02-22 16:19:13,375 : INFO : EventManager : Event: ======'balldevice_bd_vuk_ball_eject_success'====== Args={'balls': 1, 'target': <playfield.playfield>}
2024-02-22 16:19:13,375 : INFO : EventManager : Event: ======'balldevice_playfield_ball_enter'====== Args={'new_balls': 1, 'unclaimed_balls': 1, 'device': <playfield.playfield>}
2024-02-22 16:19:13,376 : INFO : EventManager : Event: ======'playfield_ball_count_change'====== Args={'balls': 1, 'change': 1}
2024-02-22 16:19:13,376 : INFO : EventManager : Event: ======'balldevice_bd_vuk_ball_count_changed'====== Args={'balls': 0}
2024-02-22 16:19:13,376 : INFO : ball_device.bd_vuk : State: idle
2024-02-22 16:28:16,295 : INFO : SwitchController : <<<<<<< 's_trough_4' active >>>>>>>
2024-02-22 16:28:16,450 : INFO : SwitchController : <<<<<<< 's_trough_4' inactive >>>>>>>
2024-02-22 16:28:16,728 : INFO : SwitchController : <<<<<<< 's_trough_4' active >>>>>>>
2024-02-22 16:28:16,947 : INFO : SwitchController : <<<<<<< 's_trough_4' inactive >>>>>>>
2024-02-22 16:28:17,127 : INFO : SwitchController : <<<<<<< 's_trough_4' active >>>>>>>
2024-02-22 16:28:17,346 : INFO : SwitchController : <<<<<<< 's_trough_4' inactive >>>>>>>
2024-02-25 09:32:45,470 : INFO : BcpServer : New client connected.
2024-02-25 09:32:45,482 : INFO : EventManager : Unordered handler for class <BCP Interface> on event modes_active_modes_changed with priority 1. Handlers: [RegisteredHandler(callback=<bound method BcpInterface._send_mode_list of <BCP Interface>>, priority=1, kwargs={}, key=UUID('cb6ecde5-b864-4804-87d6-92971a01d395'), condition=None, blocking_facility=None), RegisteredHandler(callback=<bound method BcpInterface._send_mode_list of <BCP Interface>>, priority=1, kwargs={}, key=UUID('3a59c2e5-02fb-4208-9a8a-0a28cbd77ebe'), condition=None, blocking_facility=None)]. The order of those handlers is not defined and they will be executed in random order. This might lead to race conditions and potential bugs.
2024-02-25 09:33:00,869 : INFO : Machine : Shutting down...
2024-02-25 09:33:00,869 : INFO : EventManager : Event: ======'shutdown'====== Args={}
2024-02-25 09:33:00,879 : INFO : root : MPF run loop ended.
