2024-05-07 05:07:49,940 : INFO : root : Loading config.
2024-05-07 05:07:49,942 : INFO : YamlMultifileConfigLoader : Machine config file #1: config.yaml
2024-05-07 05:07:49,942 : INFO : ConfigProcessor : Loading config from cache: /var/folders/l2/q8hj_6s91xnb2jxg1sqm0h7r0000gn/T/479bffd5d2f40b527f859677e5b1aef9.mpf_cache
2024-05-07 05:07:49,967 : INFO : ConfigProcessor : Loading config from cache: /var/folders/l2/q8hj_6s91xnb2jxg1sqm0h7r0000gn/T/0481b880979d7ccc71369ad5f781c736.mpf_cache
2024-05-07 05:07:49,967 : INFO : ConfigProcessor : Loading config from cache: /var/folders/l2/q8hj_6s91xnb2jxg1sqm0h7r0000gn/T/9cfa8e96748dd80c23752180dbf36e5c.mpf_cache
2024-05-07 05:07:49,967 : INFO : ConfigProcessor : Loading config from cache: /var/folders/l2/q8hj_6s91xnb2jxg1sqm0h7r0000gn/T/0481b880979d7ccc71369ad5f781c736.mpf_cache
2024-05-07 05:07:49,967 : INFO : ConfigProcessor : Loading config from cache: /var/folders/l2/q8hj_6s91xnb2jxg1sqm0h7r0000gn/T/1875c266911f801b691956fe9e9284d6.mpf_cache
2024-05-07 05:07:49,968 : INFO : ConfigProcessor : Loading config from cache: /var/folders/l2/q8hj_6s91xnb2jxg1sqm0h7r0000gn/T/f97c90855879603280fcc571f5c42639.mpf_cache
2024-05-07 05:07:49,968 : INFO : ConfigProcessor : Loading config from cache: /var/folders/l2/q8hj_6s91xnb2jxg1sqm0h7r0000gn/T/5336ce152edc820b26f3a51a9f95779b.mpf_cache
2024-05-07 05:07:49,968 : INFO : ConfigProcessor : Loading config from cache: /var/folders/l2/q8hj_6s91xnb2jxg1sqm0h7r0000gn/T/584196ece55f676a535bfbda3a88171a.mpf_cache
2024-05-07 05:07:49,968 : INFO : ConfigProcessor : Loading config from cache: /var/folders/l2/q8hj_6s91xnb2jxg1sqm0h7r0000gn/T/4b1e343fa9806c398ec7ee103dcfa7e2.mpf_cache
2024-05-07 05:07:49,969 : INFO : ConfigProcessor : Loading config from cache: /var/folders/l2/q8hj_6s91xnb2jxg1sqm0h7r0000gn/T/66764f8b68b26fdba6c1f2bce3638479.mpf_cache
2024-05-07 05:07:49,969 : INFO : ConfigProcessor : Loading config from cache: /var/folders/l2/q8hj_6s91xnb2jxg1sqm0h7r0000gn/T/3dbc438e88423aa3ff742db2713b600f.mpf_cache
2024-05-07 05:07:49,970 : INFO : ConfigProcessor : Loading config from cache: /var/folders/l2/q8hj_6s91xnb2jxg1sqm0h7r0000gn/T/154d071a3850556c6f3eae37bf41c8b6.mpf_cache
2024-05-07 05:07:49,971 : INFO : ConfigProcessor : Loading config from cache: /var/folders/l2/q8hj_6s91xnb2jxg1sqm0h7r0000gn/T/ab100dbe0e16472b56f0213f3842a00f.mpf_cache
2024-05-07 05:07:49,972 : INFO : ConfigProcessor : Loading config from cache: /var/folders/l2/q8hj_6s91xnb2jxg1sqm0h7r0000gn/T/f03ad90ccd2c053e9e5d10795d01f4ba.mpf_cache
2024-05-07 05:07:49,972 : INFO : ConfigProcessor : Loading config from cache: /var/folders/l2/q8hj_6s91xnb2jxg1sqm0h7r0000gn/T/0f3c951d4c93079ae3fac6429c5bc2ee.mpf_cache
2024-05-07 05:07:49,972 : INFO : ConfigProcessor : Loading config from cache: /var/folders/l2/q8hj_6s91xnb2jxg1sqm0h7r0000gn/T/8bf004783a280ac33d17b88f37848116.mpf_cache
2024-05-07 05:07:49,974 : INFO : ConfigProcessor : Loading config from cache: /var/folders/l2/q8hj_6s91xnb2jxg1sqm0h7r0000gn/T/db98bdefe8a072cec23a2527f4303b09.mpf_cache
2024-05-07 05:07:49,974 : INFO : ConfigProcessor : Loading config from cache: /var/folders/l2/q8hj_6s91xnb2jxg1sqm0h7r0000gn/T/d5d50eaa09e055f3a827c6269a3aa165.mpf_cache
2024-05-07 05:07:49,975 : INFO : ConfigProcessor : Loading config from cache: /var/folders/l2/q8hj_6s91xnb2jxg1sqm0h7r0000gn/T/eefb91dd78a2b4d0f2b86f7f7cb501a3.mpf_cache
2024-05-07 05:07:49,975 : INFO : ConfigProcessor : Loading config from cache: /var/folders/l2/q8hj_6s91xnb2jxg1sqm0h7r0000gn/T/d32f8b43f49e3e57afbd189fbbccae80.mpf_cache
2024-05-07 05:07:49,975 : INFO : ConfigProcessor : Loading config from cache: /var/folders/l2/q8hj_6s91xnb2jxg1sqm0h7r0000gn/T/08db62a1c5938674fa894d468364ed3e.mpf_cache
2024-05-07 05:07:49,976 : INFO : ConfigProcessor : Loading config from cache: /var/folders/l2/q8hj_6s91xnb2jxg1sqm0h7r0000gn/T/98754ca8fa1663afefe3af8297a0d59a.mpf_cache
2024-05-07 05:07:49,977 : INFO : ConfigProcessor : Loading config from cache: /var/folders/l2/q8hj_6s91xnb2jxg1sqm0h7r0000gn/T/250153cb7d132f4134a2e9b694314568.mpf_cache
2024-05-07 05:07:49,977 : INFO : ConfigProcessor : Loading config from cache: /var/folders/l2/q8hj_6s91xnb2jxg1sqm0h7r0000gn/T/bbbe87a2f82c66174798be62d4e8058c.mpf_cache
2024-05-07 05:07:49,977 : INFO : Machine : Mission Pinball Framework Core Engine v0.80.0.dev1
2024-05-07 05:07:49,977 : INFO : Machine : Command line arguments: {'no_load_cache': False, 'create_config_cache': True, 'bcp': True, 'configfile': ['config.yaml'], 'force_assets_load': False, 'platform_integration_test': False, 'jsonlogging': False, 'logfile': 'logs/2024-05-07-05-07-49-mpf-Tanners-Laptop.local.log', 'pause': False, 'production': False, 'text_ui': False, 'loglevel': 15, 'consoleloglevel': 20, 'force_platform': 'virtual', 'syslog_address': None, 'mc_file_name': None, 'no_sound': False}
2024-05-07 05:07:49,977 : INFO : Machine : MPF path: /Users/tannerpetch/Documents/git/mpf/mpf
2024-05-07 05:07:49,977 : INFO : Machine : Machine path: /Users/tannerpetch/Documents/GitHub/lofab
2024-05-07 05:07:49,977 : INFO : Machine : Platform: darwin
2024-05-07 05:07:49,977 : INFO : Machine : Python executable location: /Users/tannerpetch/mpfenv/bin/python3
2024-05-07 05:07:49,977 : INFO : Machine : Python version: 3.9.13 (64-bit)
2024-05-07 05:07:49,978 : INFO : Machine : Initializing MPF...
2024-05-07 05:07:49,997 : INFO : EventManager : Event: ======'machine_var_credits_string'====== Args={'value': 'FREE PLAY', 'prev_value': None, 'change': True}
2024-05-07 05:07:50,004 : INFO : EventManager : Event: ======'machine_var_master_volume'====== Args={'value': 0.5, 'prev_value': None, 'change': True}
2024-05-07 05:07:50,004 : INFO : EventManager : Event: ======'machine_var_player1_score'====== Args={'value': 0, 'prev_value': None, 'change': True}
2024-05-07 05:07:50,004 : INFO : EventManager : Event: ======'machine_var_player2_score'====== Args={'value': 0, 'prev_value': None, 'change': True}
2024-05-07 05:07:50,004 : INFO : EventManager : Event: ======'machine_var_mpf_version'====== Args={'value': 'Mission Pinball Framework v0.80.0.dev1', 'prev_value': None, 'change': True}
2024-05-07 05:07:50,004 : INFO : EventManager : Event: ======'machine_var_mpf_extended_version'====== Args={'value': 'Mission Pinball Framework v0.80.0.dev1, Config version:6, Show version: 6, BCP version:1.1', 'prev_value': None, 'change': True}
2024-05-07 05:07:50,004 : INFO : EventManager : Event: ======'machine_var_python_version'====== Args={'value': '3.9.13', 'prev_value': None, 'change': True}
2024-05-07 05:07:50,012 : INFO : EventManager : Event: ======'machine_var_platform'====== Args={'value': 'macOS-14.3-arm64-arm-64bit', 'prev_value': None, 'change': True}
2024-05-07 05:07:50,012 : INFO : EventManager : Event: ======'machine_var_platform_system'====== Args={'value': 'Darwin', 'prev_value': None, 'change': True}
2024-05-07 05:07:50,012 : INFO : EventManager : Event: ======'machine_var_platform_release'====== Args={'value': '23.3.0', 'prev_value': None, 'change': True}
2024-05-07 05:07:50,012 : INFO : EventManager : Event: ======'machine_var_platform_version'====== Args={'value': 'Darwin Kernel Version 23.3.0: Thu Dec 21 02:29:41 PST 2023; root:xnu-10002.81.5~11/RELEASE_ARM64_T8122', 'prev_value': None, 'change': True}
2024-05-07 05:07:50,012 : INFO : EventManager : Event: ======'machine_var_platform_machine'====== Args={'value': 'arm64', 'prev_value': None, 'change': True}
2024-05-07 05:07:50,012 : INFO : EventManager : Event: ======'init_phase_1'====== Args={}
2024-05-07 05:07:50,027 : INFO : EventManager : Event: ======'init_phase_2'====== Args={}
2024-05-07 05:07:50,029 : INFO : EventManager : Event: ======'bcp_connection_attempt'====== Args={'name': 'local_display', 'host': 'localhost', 'port': 5050}
2024-05-07 05:07:50,030 : INFO : BCPClientSocket : Connecting BCP to 'local_display' at localhost:5050...
2024-05-07 05:07:50,032 : INFO : BCPClientSocket : Connected BCP to 'local_display' localhost:5050
2024-05-07 05:07:50,032 : INFO : EventManager : Event: ======'bcp_clients_connected'====== Args={}
2024-05-07 05:07:50,033 : INFO : ball_device.bd_vuk : BCH: Initial count: 0
2024-05-07 05:07:50,033 : INFO : ball_device.bd_vuk : State: idle
2024-05-07 05:07:50,033 : INFO : ball_device.bd_trough : BCH: Initial count: 0
2024-05-07 05:07:50,033 : INFO : ball_device.bd_trough : State: idle
2024-05-07 05:07:50,036 : INFO : EventManager : Event: ======'init_phase_3'====== Args={}
2024-05-07 05:07:50,178 : INFO : EventManager : Event: ======'init_phase_4'====== Args={}
2024-05-07 05:07:50,178 : INFO : BallController : Initial balls found: 0
2024-05-07 05:07:50,179 : INFO : EventManager : Event: ======'machine_var_audits_events_game_ended'====== Args={'value': 2, 'prev_value': None, 'change': True}
2024-05-07 05:07:50,179 : INFO : EventManager : Event: ======'machine_var_audits_events_game_started'====== Args={'value': 49, 'prev_value': None, 'change': True}
2024-05-07 05:07:50,179 : INFO : EventManager : Event: ======'machine_var_audits_missing_switches_s_e'====== Args={'value': 49, 'prev_value': None, 'change': True}
2024-05-07 05:07:50,179 : INFO : EventManager : Event: ======'machine_var_audits_missing_switches_s_flipper_l'====== Args={'value': 32, 'prev_value': None, 'change': True}
2024-05-07 05:07:50,179 : INFO : EventManager : Event: ======'machine_var_audits_missing_switches_s_flipper_r'====== Args={'value': 38, 'prev_value': None, 'change': True}
2024-05-07 05:07:50,179 : INFO : EventManager : Event: ======'machine_var_audits_missing_switches_s_h'====== Args={'value': 49, 'prev_value': None, 'change': True}
2024-05-07 05:07:50,179 : INFO : EventManager : Event: ======'machine_var_audits_missing_switches_s_pop'====== Args={'value': 49, 'prev_value': None, 'change': True}
2024-05-07 05:07:50,179 : INFO : EventManager : Event: ======'machine_var_audits_missing_switches_s_ramp_complete'====== Args={'value': 49, 'prev_value': None, 'change': True}
2024-05-07 05:07:50,179 : INFO : EventManager : Event: ======'machine_var_audits_missing_switches_s_ramp_l'====== Args={'value': 49, 'prev_value': None, 'change': True}
2024-05-07 05:07:50,179 : INFO : EventManager : Event: ======'machine_var_audits_missing_switches_s_ramp_r'====== Args={'value': 49, 'prev_value': None, 'change': True}
2024-05-07 05:07:50,179 : INFO : EventManager : Event: ======'machine_var_audits_missing_switches_s_sling_l'====== Args={'value': 8, 'prev_value': None, 'change': True}
2024-05-07 05:07:50,179 : INFO : EventManager : Event: ======'machine_var_audits_missing_switches_s_sling_r'====== Args={'value': 8, 'prev_value': None, 'change': True}
2024-05-07 05:07:50,179 : INFO : EventManager : Event: ======'machine_var_audits_missing_switches_s_spinner'====== Args={'value': 49, 'prev_value': None, 'change': True}
2024-05-07 05:07:50,179 : INFO : EventManager : Event: ======'machine_var_audits_missing_switches_s_start'====== Args={'value': 10, 'prev_value': None, 'change': True}
2024-05-07 05:07:50,179 : INFO : EventManager : Event: ======'machine_var_audits_missing_switches_s_stationary_back'====== Args={'value': 49, 'prev_value': None, 'change': True}
2024-05-07 05:07:50,179 : INFO : EventManager : Event: ======'machine_var_audits_missing_switches_s_stationary_o'====== Args={'value': 8, 'prev_value': None, 'change': True}
2024-05-07 05:07:50,179 : INFO : EventManager : Event: ======'machine_var_audits_missing_switches_s_stationary_s'====== Args={'value': 14, 'prev_value': None, 'change': True}
2024-05-07 05:07:50,179 : INFO : EventManager : Event: ======'machine_var_audits_missing_switches_s_stationary_u'====== Args={'value': 35, 'prev_value': None, 'change': True}
2024-05-07 05:07:50,179 : INFO : EventManager : Event: ======'machine_var_audits_missing_switches_s_tilt_l'====== Args={'value': 49, 'prev_value': None, 'change': True}
2024-05-07 05:07:50,179 : INFO : EventManager : Event: ======'machine_var_audits_missing_switches_s_tilt_r'====== Args={'value': 49, 'prev_value': None, 'change': True}
2024-05-07 05:07:50,179 : INFO : EventManager : Event: ======'machine_var_audits_missing_switches_s_trough_1'====== Args={'value': 36, 'prev_value': None, 'change': True}
2024-05-07 05:07:50,179 : INFO : EventManager : Event: ======'machine_var_audits_missing_switches_s_trough_2'====== Args={'value': 21, 'prev_value': None, 'change': True}
2024-05-07 05:07:50,179 : INFO : EventManager : Event: ======'machine_var_audits_missing_switches_s_trough_3'====== Args={'value': 49, 'prev_value': None, 'change': True}
2024-05-07 05:07:50,179 : INFO : EventManager : Event: ======'machine_var_audits_missing_switches_s_trough_4'====== Args={'value': 47, 'prev_value': None, 'change': True}
2024-05-07 05:07:50,179 : INFO : EventManager : Event: ======'machine_var_audits_missing_switches_s_vuk'====== Args={'value': 47, 'prev_value': None, 'change': True}
2024-05-07 05:07:50,179 : INFO : EventManager : Event: ======'machine_var_audits_player_score'====== Args={'value': {'average': 0, 'top': [100, 0, 0, 0], 'total': 4}, 'prev_value': None, 'change': True}
2024-05-07 05:07:50,179 : INFO : EventManager : Event: ======'machine_var_audits_shots_r_o'====== Args={'value': 56, 'prev_value': None, 'change': True}
2024-05-07 05:07:50,179 : INFO : EventManager : Event: ======'machine_var_audits_shots_r_o_fleshy'====== Args={'value': 98, 'prev_value': None, 'change': True}
2024-05-07 05:07:50,179 : INFO : EventManager : Event: ======'machine_var_audits_shots_r_o_rotate'====== Args={'value': 46, 'prev_value': None, 'change': True}
2024-05-07 05:07:50,179 : INFO : EventManager : Event: ======'machine_var_audits_shots_r_s'====== Args={'value': 23, 'prev_value': None, 'change': True}
2024-05-07 05:07:50,179 : INFO : EventManager : Event: ======'machine_var_audits_shots_r_s_fleshy'====== Args={'value': 68, 'prev_value': None, 'change': True}
2024-05-07 05:07:50,179 : INFO : EventManager : Event: ======'machine_var_audits_shots_r_s_rotate'====== Args={'value': 45, 'prev_value': None, 'change': True}
2024-05-07 05:07:50,179 : INFO : EventManager : Event: ======'machine_var_audits_shots_r_sling_l'====== Args={'value': 12, 'prev_value': None, 'change': True}
2024-05-07 05:07:50,180 : INFO : EventManager : Event: ======'machine_var_audits_shots_r_sling_r'====== Args={'value': 18, 'prev_value': None, 'change': True}
2024-05-07 05:07:50,180 : INFO : EventManager : Event: ======'machine_var_audits_shots_r_u'====== Args={'value': 4, 'prev_value': None, 'change': True}
2024-05-07 05:07:50,180 : INFO : EventManager : Event: ======'machine_var_audits_switches_s_e'====== Args={'value': 0, 'prev_value': None, 'change': True}
2024-05-07 05:07:50,180 : INFO : EventManager : Event: ======'machine_var_audits_switches_s_flipper_l'====== Args={'value': 17, 'prev_value': None, 'change': True}
2024-05-07 05:07:50,180 : INFO : EventManager : Event: ======'machine_var_audits_switches_s_flipper_r'====== Args={'value': 1, 'prev_value': None, 'change': True}
2024-05-07 05:07:50,180 : INFO : EventManager : Event: ======'machine_var_audits_switches_s_h'====== Args={'value': 0, 'prev_value': None, 'change': True}
2024-05-07 05:07:50,180 : INFO : EventManager : Event: ======'machine_var_audits_switches_s_launch'====== Args={'value': 39, 'prev_value': None, 'change': True}
2024-05-07 05:07:50,180 : INFO : EventManager : Event: ======'machine_var_audits_switches_s_pop'====== Args={'value': 0, 'prev_value': None, 'change': True}
2024-05-07 05:07:50,180 : INFO : EventManager : Event: ======'machine_var_audits_switches_s_ramp_complete'====== Args={'value': 0, 'prev_value': None, 'change': True}
2024-05-07 05:07:50,180 : INFO : EventManager : Event: ======'machine_var_audits_switches_s_ramp_l'====== Args={'value': 0, 'prev_value': None, 'change': True}
2024-05-07 05:07:50,180 : INFO : EventManager : Event: ======'machine_var_audits_switches_s_ramp_r'====== Args={'value': 0, 'prev_value': None, 'change': True}
2024-05-07 05:07:50,180 : INFO : EventManager : Event: ======'machine_var_audits_switches_s_sling_l'====== Args={'value': 12, 'prev_value': None, 'change': True}
2024-05-07 05:07:50,180 : INFO : EventManager : Event: ======'machine_var_audits_switches_s_sling_r'====== Args={'value': 18, 'prev_value': None, 'change': True}
2024-05-07 05:07:50,180 : INFO : EventManager : Event: ======'machine_var_audits_switches_s_spinner'====== Args={'value': 0, 'prev_value': None, 'change': True}
2024-05-07 05:07:50,180 : INFO : EventManager : Event: ======'machine_var_audits_switches_s_start'====== Args={'value': 6, 'prev_value': None, 'change': True}
2024-05-07 05:07:50,180 : INFO : EventManager : Event: ======'machine_var_audits_switches_s_stationary_back'====== Args={'value': 0, 'prev_value': None, 'change': True}
2024-05-07 05:07:50,180 : INFO : EventManager : Event: ======'machine_var_audits_switches_s_stationary_o'====== Args={'value': 102, 'prev_value': None, 'change': True}
2024-05-07 05:07:50,180 : INFO : EventManager : Event: ======'machine_var_audits_switches_s_stationary_s'====== Args={'value': 68, 'prev_value': None, 'change': True}
2024-05-07 05:07:50,180 : INFO : EventManager : Event: ======'machine_var_audits_switches_s_stationary_u'====== Args={'value': 23, 'prev_value': None, 'change': True}
2024-05-07 05:07:50,180 : INFO : EventManager : Event: ======'machine_var_audits_switches_s_tilt_l'====== Args={'value': 0, 'prev_value': None, 'change': True}
2024-05-07 05:07:50,180 : INFO : EventManager : Event: ======'machine_var_audits_switches_s_tilt_r'====== Args={'value': 0, 'prev_value': None, 'change': True}
2024-05-07 05:07:50,180 : INFO : EventManager : Event: ======'machine_var_audits_switches_s_trough_1'====== Args={'value': 5, 'prev_value': None, 'change': True}
2024-05-07 05:07:50,180 : INFO : EventManager : Event: ======'machine_var_audits_switches_s_trough_2'====== Args={'value': 1, 'prev_value': None, 'change': True}
2024-05-07 05:07:50,180 : INFO : EventManager : Event: ======'machine_var_audits_switches_s_trough_3'====== Args={'value': 0, 'prev_value': None, 'change': True}
2024-05-07 05:07:50,180 : INFO : EventManager : Event: ======'machine_var_audits_switches_s_trough_4'====== Args={'value': 1, 'prev_value': None, 'change': True}
2024-05-07 05:07:50,180 : INFO : EventManager : Event: ======'machine_var_audits_switches_s_vuk'====== Args={'value': 6, 'prev_value': None, 'change': True}
2024-05-07 05:07:50,181 : INFO : EventManager : Event: ======'init_phase_5'====== Args={}
2024-05-07 05:07:50,181 : INFO : EventManager : Event: ======'init_done'====== Args={}
2024-05-07 05:07:50,181 : INFO : EventManager : Event: ======'machine_reset_phase_1'====== Args={}
2024-05-07 05:07:50,184 : INFO : EventManager : Event: ======'machine_reset_phase_2'====== Args={}
2024-05-07 05:07:50,187 : INFO : EventManager : Event: ======'machine_reset_phase_3'====== Args={}
2024-05-07 05:07:50,188 : INFO : EventManager : Event: ======'reset_complete'====== Args={}
2024-05-07 05:07:50,188 : INFO : EventManager : Event: ======'mode_attract_will_start'====== Args={}
2024-05-07 05:07:50,188 : INFO : EventManager : Event: ======'mode_attract_starting'====== Args={}
2024-05-07 05:07:50,188 : INFO : Mode.attract : Started. Priority: 10
2024-05-07 05:07:50,188 : INFO : EventManager : Event: ======'modes_active_modes_changed'====== Args={}
2024-05-07 05:07:50,188 : INFO : EventManager : Event: ======'mode_attract_started'====== Args={}
2024-05-07 05:07:50,189 : INFO : EventManager : Event: ======'collecting_balls_complete'====== Args={}
2024-05-07 05:07:50,189 : INFO : Machine : Starting the main run loop.
2024-05-07 05:07:50,212 : INFO : EventManager : Event: ======'slide_attract_created'====== Args={'_from_bcp': True}
2024-05-07 05:07:50,212 : INFO : EventManager : Event: ======'slide__removed'====== Args={'_from_bcp': True}
2024-05-07 05:07:50,212 : INFO : EventManager : Event: ======'slide_attract_active'====== Args={'original_context': 'attract', 'original_calling_context': 'mode_attract_started', 'cmd': 'slides_play', '_from_bcp': True}
2024-05-07 05:07:50,613 : INFO : BcpServer : New client connected.
2024-05-07 05:07:50,615 : INFO : SwitchController : <<<<<<< 's_trough_1' active >>>>>>>
2024-05-07 05:07:50,615 : INFO : SwitchController : <<<<<<< 's_trough_1' inactive >>>>>>>
2024-05-07 05:07:50,616 : INFO : SwitchController : <<<<<<< 's_trough_1' active >>>>>>>
2024-05-07 05:07:50,616 : INFO : SwitchController : <<<<<<< 's_trough_1' inactive >>>>>>>
2024-05-07 05:07:50,616 : INFO : SwitchController : <<<<<<< 's_trough_2' active >>>>>>>
2024-05-07 05:07:50,616 : INFO : SwitchController : <<<<<<< 's_trough_2' inactive >>>>>>>
2024-05-07 05:07:50,616 : INFO : SwitchController : <<<<<<< 's_trough_2' active >>>>>>>
2024-05-07 05:07:50,616 : INFO : SwitchController : <<<<<<< 's_trough_2' inactive >>>>>>>
2024-05-07 05:07:50,616 : INFO : SwitchController : <<<<<<< 's_trough_2' active >>>>>>>
2024-05-07 05:07:50,617 : INFO : SwitchController : <<<<<<< 's_trough_2' inactive >>>>>>>
2024-05-07 05:07:52,887 : INFO : SwitchController : <<<<<<< 's_trough_1' active >>>>>>>
2024-05-07 05:07:52,969 : INFO : SwitchController : <<<<<<< 's_trough_1' inactive >>>>>>>
2024-05-07 05:07:53,270 : INFO : SwitchController : <<<<<<< 's_trough_1' active >>>>>>>
2024-05-07 05:07:53,771 : INFO : EventManager : Event: ======'balldevice_bd_trough_ball_count_changed'====== Args={'balls': 1}
2024-05-07 05:07:53,771 : INFO : ball_device.bd_trough : Received unexpected ball
2024-05-07 05:07:53,771 : INFO : EventManager : Event: ======'balldevice_captured_from_playfield'====== Args={'balls': 1}
2024-05-07 05:07:53,772 : INFO : EventManager : Event: ======'sw_playfield_active'====== Args={'balls': 1}
2024-05-07 05:07:53,772 : INFO : EventManager : Event: ======'playfield_active'====== Args={}
2024-05-07 05:07:53,772 : INFO : EventManager : Event: ======'unexpected_ball_on_playfield'====== Args={}
2024-05-07 05:07:53,773 : INFO : EventManager : Event: ======'playfield_ball_count_change'====== Args={'balls': -1, 'change': -1}
2024-05-07 05:07:53,773 : INFO : EventManager : Event: ======'balldevice_playfield_ball_enter'====== Args={'new_balls': 1, 'unclaimed_balls': 1, 'device': <playfield.playfield>}
2024-05-07 05:07:53,773 : INFO : EventManager : Event: ======'playfield_ball_count_change'====== Args={'balls': 0, 'change': 1}
2024-05-07 05:07:53,774 : INFO : BallController : Found a new ball which was captured from playfield. Known balls: 1
2024-05-07 05:07:53,774 : INFO : EventManager : Event: ======'found_new_ball'====== Args={}
2024-05-07 05:07:53,774 : INFO : EventManager : Event: ======'balldevice_bd_trough_ball_enter'====== Args={'new_balls': 1, 'unclaimed_balls': 1, 'new_available_balls': 1, 'device': <ball_device.bd_trough>}
2024-05-07 05:07:53,774 : INFO : EventManager : Event: ======'ball_drain'====== Args={'device': <ball_device.bd_trough>, 'balls': 1}
2024-05-07 05:07:53,775 : INFO : EventManager : Event: ======'balldevice_balls_available'====== Args={}
2024-05-07 05:07:53,775 : INFO : EventManager : Event: ======'balldevice_bd_trough_ball_entered'====== Args={'new_balls': 1, 'device': <ball_device.bd_trough>}
2024-05-07 05:07:54,384 : INFO : SwitchController : <<<<<<< 's_start' active >>>>>>>
2024-05-07 05:07:54,486 : INFO : SwitchController : <<<<<<< 's_start' inactive >>>>>>>
2024-05-07 05:07:54,486 : INFO : EventManager : Event: ======'request_to_start_game'====== Args={}
2024-05-07 05:07:54,487 : INFO : EventManager : Event: ======'game_start'====== Args={'buttons': [], 'hold_time': 0.10130762500000046}
2024-05-07 05:07:54,487 : INFO : EventManager : Event: ======'mode_game_will_start'====== Args={'buttons': [], 'hold_time': 0.10130762500000046}
2024-05-07 05:07:54,487 : INFO : EventManager : Event: ======'mode_game_starting'====== Args={'buttons': [], 'hold_time': 0.10130762500000046}
2024-05-07 05:07:54,488 : INFO : EventManager : Event: ======'mode_attract_will_stop'====== Args={}
2024-05-07 05:07:54,488 : INFO : EventManager : Event: ======'mode_attract_stopping'====== Args={}
2024-05-07 05:07:54,488 : INFO : Mode.attract : Stopped.
2024-05-07 05:07:54,488 : INFO : EventManager : Event: ======'modes_active_modes_changed'====== Args={}
2024-05-07 05:07:54,489 : INFO : EventManager : Event: ======'mode_attract_stopped'====== Args={}
2024-05-07 05:07:54,489 : INFO : EventManager : Event: ======'clear'====== Args={'key': 'attract'}
2024-05-07 05:07:54,490 : INFO : Mode.game : Started. Priority: 20
2024-05-07 05:07:54,490 : INFO : EventManager : Event: ======'modes_active_modes_changed'====== Args={}
2024-05-07 05:07:54,490 : INFO : EventManager : Event: ======'mode_game_started'====== Args={'buttons': [], 'hold_time': 0.10130762500000046}
2024-05-07 05:07:54,490 : INFO : EventManager : Event: ======'game_will_start'====== Args={}
2024-05-07 05:07:54,493 : INFO : EventManager : Event: ======'game_starting'====== Args={'game': <Mode.game>}
2024-05-07 05:07:54,494 : INFO : EventManager : Unordered handler for class <Auditor> on event game_ended with priority 1. Handlers: [RegisteredHandler(callback=<bound method Auditor.disable of <Auditor>>, priority=1, kwargs={}, key=UUID('cbddef7c-1a80-4d3b-a439-a09d86bfc770'), condition=None, blocking_facility=None), RegisteredHandler(callback=<bound method Auditor._save_audits of <Auditor>>, priority=1, kwargs={}, key=UUID('1dcedac9-9739-43ed-83ed-555aca2bf18d'), condition=None, blocking_facility=None)]. The order of those handlers is not defined and they will be executed in random order. This might lead to race conditions and potential bugs.
2024-05-07 05:07:54,494 : INFO : EventManager : Event: ======'player_add_request'====== Args={}
2024-05-07 05:07:54,494 : INFO : EventManager : Event: ======'player_will_add'====== Args={'number': 1}
2024-05-07 05:07:54,494 : INFO : EventManager : Event: ======'player_adding'====== Args={'player': <Player 1>, 'number': 1}
2024-05-07 05:07:54,494 : INFO : EventManager : Event: ======'player_added'====== Args={'player': <Player 1>, 'num': 1}
2024-05-07 05:07:54,494 : INFO : Mode.game : Player added successfully. Total players: 1
2024-05-07 05:07:54,494 : INFO : EventManager : Event: ======'player_index'====== Args={'value': 0, 'prev_value': 0, 'change': 0, 'player_num': 1}
2024-05-07 05:07:54,494 : INFO : EventManager : Event: ======'player_number'====== Args={'value': 1, 'prev_value': 1, 'change': 0, 'player_num': 1}
2024-05-07 05:07:54,495 : INFO : EventManager : Event: ======'player_current_room'====== Args={'value': 'LIVING ROOM', 'prev_value': 'LIVING ROOM', 'change': False, 'player_num': 1}
2024-05-07 05:07:54,495 : INFO : EventManager : Event: ======'player_score'====== Args={'value': 0, 'prev_value': 0, 'change': 0, 'player_num': 1}
2024-05-07 05:07:54,495 : INFO : EventManager : Event: ======'game_started'====== Args={}
2024-05-07 05:07:54,495 : INFO : EventManager : Event: ======'player_turn_will_start'====== Args={'player': <Player 1>, 'number': 1}
2024-05-07 05:07:54,496 : INFO : EventManager : Event: ======'player_turn_starting'====== Args={'player': <Player 1>, 'number': 1}
2024-05-07 05:07:54,496 : INFO : EventManager : Event: ======'player_ball'====== Args={'value': 1, 'prev_value': 0, 'change': 1, 'player_num': 1}
2024-05-07 05:07:54,499 : INFO : EventManager : Event: ======'player_turn_started'====== Args={'player': <Player 1>, 'number': 1}
2024-05-07 05:07:54,499 : INFO : EventManager : Event: ======'ball_will_start'====== Args={'player': 1, 'ball': 1, 'balls_remaining': 2, 'is_extra_ball': False}
2024-05-07 05:07:54,500 : INFO : EventManager : Event: ======'ball_starting'====== Args={'player': 1, 'ball': 1, 'balls_remaining': 2, 'is_extra_ball': False}
2024-05-07 05:07:54,500 : INFO : EventManager : Event: ======'mode_base_will_start'====== Args={'queue': <QueuedEvent>, 'player': 1, 'ball': 1, 'balls_remaining': 2, 'is_extra_ball': False}
2024-05-07 05:07:54,500 : INFO : EventManager : Event: ======'player_shot_r_pop_enabled'====== Args={'value': True, 'prev_value': 0, 'change': 1, 'player_num': 1}
2024-05-07 05:07:54,500 : INFO : EventManager : Event: ======'player_shot_r_sling_l_enabled'====== Args={'value': True, 'prev_value': 0, 'change': 1, 'player_num': 1}
2024-05-07 05:07:54,501 : INFO : EventManager : Event: ======'player_shot_r_sling_r_enabled'====== Args={'value': True, 'prev_value': 0, 'change': 1, 'player_num': 1}
2024-05-07 05:07:54,501 : INFO : EventManager : Event: ======'player_shot_r_h_enabled'====== Args={'value': True, 'prev_value': 0, 'change': 1, 'player_num': 1}
2024-05-07 05:07:54,501 : INFO : EventManager : Event: ======'player_shot_r_o_enabled'====== Args={'value': True, 'prev_value': 0, 'change': 1, 'player_num': 1}
2024-05-07 05:07:54,502 : INFO : EventManager : Event: ======'player_shot_r_u_enabled'====== Args={'value': True, 'prev_value': 0, 'change': 1, 'player_num': 1}
2024-05-07 05:07:54,502 : INFO : EventManager : Event: ======'player_shot_r_s_enabled'====== Args={'value': True, 'prev_value': 0, 'change': 1, 'player_num': 1}
2024-05-07 05:07:54,502 : INFO : EventManager : Event: ======'player_shot_r_e_enabled'====== Args={'value': True, 'prev_value': 0, 'change': 1, 'player_num': 1}
2024-05-07 05:07:54,502 : INFO : EventManager : Event: ======'player_shot_r_ramp_r_enabled'====== Args={'value': True, 'prev_value': 0, 'change': 1, 'player_num': 1}
2024-05-07 05:07:54,503 : INFO : EventManager : Event: ======'player_shot_r_ramp_l_enabled'====== Args={'value': True, 'prev_value': 0, 'change': 1, 'player_num': 1}
2024-05-07 05:07:54,503 : INFO : EventManager : Event: ======'player_shot_r_vuk_enabled'====== Args={'value': True, 'prev_value': 0, 'change': 1, 'player_num': 1}
2024-05-07 05:07:54,503 : INFO : EventManager : Event: ======'player_shot_r_vuk_bank_enabled'====== Args={'value': True, 'prev_value': 0, 'change': 1, 'player_num': 1}
2024-05-07 05:07:54,503 : INFO : EventManager : Event: ======'player_shot_r_right_orbit_enabled'====== Args={'value': True, 'prev_value': 0, 'change': 1, 'player_num': 1}
2024-05-07 05:07:54,504 : INFO : EventManager : Event: ======'player_shot_r_pop_stationary_enabled'====== Args={'value': True, 'prev_value': 0, 'change': 1, 'player_num': 1}
2024-05-07 05:07:54,505 : INFO : EventManager : Event: ======'mode_base_starting'====== Args={'queue': <QueuedEvent>, 'player': 1, 'ball': 1, 'balls_remaining': 2, 'is_extra_ball': False}
2024-05-07 05:07:54,505 : INFO : EventManager : Event: ======'waiting_for_launch_press'====== Args={}
2024-05-07 05:07:54,505 : INFO : EventManager : Event: ======'mode_launch_shows_will_start'====== Args={}
2024-05-07 05:07:54,506 : INFO : EventManager : Event: ======'mode_launch_shows_starting'====== Args={}
2024-05-07 05:07:54,506 : INFO : Mode.launch_shows : Started. Priority: 200
2024-05-07 05:07:54,506 : INFO : EventManager : Event: ======'modes_active_modes_changed'====== Args={}
2024-05-07 05:07:54,506 : INFO : EventManager : Event: ======'mode_launch_shows_started'====== Args={}
2024-05-07 05:07:54,506 : INFO : Mode.base : Started. Priority: 100
2024-05-07 05:07:54,506 : INFO : EventManager : Event: ======'modes_active_modes_changed'====== Args={}
2024-05-07 05:07:54,506 : INFO : EventManager : Event: ======'mode_base_started'====== Args={'queue': <QueuedEvent>, 'player': 1, 'ball': 1, 'balls_remaining': 2, 'is_extra_ball': False}
2024-05-07 05:07:54,564 : INFO : EventManager : Event: ======'slide_launch_created'====== Args={'_from_bcp': True}
2024-05-07 05:07:54,564 : INFO : EventManager : Event: ======'slide_attract_inactive'====== Args={'_from_bcp': True}
2024-05-07 05:07:54,564 : INFO : EventManager : Event: ======'slide_launch_active'====== Args={'original_context': 'launch_shows', 'original_calling_context': 'mode_launch_shows_started', 'cmd': 'slides_play', '_from_bcp': True}
2024-05-07 05:07:54,564 : INFO : EventManager : Event: ======'slide_attract_removed'====== Args={'_from_bcp': True}
2024-05-07 05:08:38,451 : INFO : SwitchController : <<<<<<< 's_launch' active >>>>>>>
2024-05-07 05:08:38,451 : INFO : EventManager : Event: ======'e_launch_press'====== Args={}
2024-05-07 05:08:38,452 : INFO : EventManager : Event: ======'machine_var_audits_switches_s_launch'====== Args={'value': 40, 'prev_value': 39, 'change': 1}
2024-05-07 05:08:38,457 : INFO : EventManager : Event: ======'balls_in_play'====== Args={'balls': 1}
2024-05-07 05:08:38,457 : INFO : EventManager : Event: ======'ball_started'====== Args={'player': 1, 'ball': 1, 'balls_remaining': 2, 'is_extra_ball': False}
2024-05-07 05:08:38,458 : INFO : EventManager : Event: ======'mode_launch_shows_will_stop'====== Args={}
2024-05-07 05:08:38,458 : INFO : EventManager : Event: ======'mode_launch_shows_stopping'====== Args={}
2024-05-07 05:08:38,458 : INFO : EventManager : Event: ======'mode_lane_rotate_will_start'====== Args={'player': 1, 'ball': 1, 'balls_remaining': 2, 'is_extra_ball': False}
2024-05-07 05:08:38,458 : INFO : EventManager : Event: ======'player_shot_r_h_rotate_enabled'====== Args={'value': True, 'prev_value': 0, 'change': 1, 'player_num': 1}
2024-05-07 05:08:38,459 : INFO : EventManager : Event: ======'player_shot_r_o_rotate_enabled'====== Args={'value': True, 'prev_value': 0, 'change': 1, 'player_num': 1}
2024-05-07 05:08:38,460 : INFO : EventManager : Event: ======'player_shot_r_u_rotate_enabled'====== Args={'value': True, 'prev_value': 0, 'change': 1, 'player_num': 1}
2024-05-07 05:08:38,461 : INFO : EventManager : Event: ======'player_shot_r_s_rotate_enabled'====== Args={'value': True, 'prev_value': 0, 'change': 1, 'player_num': 1}
2024-05-07 05:08:38,461 : INFO : EventManager : Event: ======'player_shot_r_e_rotate_enabled'====== Args={'value': True, 'prev_value': 0, 'change': 1, 'player_num': 1}
2024-05-07 05:08:38,463 : INFO : EventManager : Event: ======'mode_lane_rotate_starting'====== Args={'player': 1, 'ball': 1, 'balls_remaining': 2, 'is_extra_ball': False}
2024-05-07 05:08:38,464 : INFO : EventManager : Event: ======'mode_start_ball_save_will_start'====== Args={'player': 1, 'ball': 1, 'balls_remaining': 2, 'is_extra_ball': False}
2024-05-07 05:08:38,465 : INFO : EventManager : Event: ======'mode_start_ball_save_starting'====== Args={'player': 1, 'ball': 1, 'balls_remaining': 2, 'is_extra_ball': False}
2024-05-07 05:08:38,465 : INFO : EventManager : Event: ======'mode_mult_fleshy_qualify_will_start'====== Args={'player': 1, 'ball': 1, 'balls_remaining': 2, 'is_extra_ball': False}
2024-05-07 05:08:38,465 : INFO : EventManager : Event: ======'player_shot_r_o_fleshy_enabled'====== Args={'value': True, 'prev_value': 0, 'change': 1, 'player_num': 1}
2024-05-07 05:08:38,466 : INFO : EventManager : Event: ======'player_shot_r_s_fleshy_enabled'====== Args={'value': True, 'prev_value': 0, 'change': 1, 'player_num': 1}
2024-05-07 05:08:38,466 : INFO : EventManager : Event: ======'fleshy_shots_complete'====== Args={'state': 'unlit'}
2024-05-07 05:08:38,466 : INFO : EventManager : Event: ======'fleshy_shots_unlit_complete'====== Args={}
2024-05-07 05:08:38,467 : INFO : EventManager : Event: ======'mode_mult_fleshy_qualify_starting'====== Args={'player': 1, 'ball': 1, 'balls_remaining': 2, 'is_extra_ball': False}
2024-05-07 05:08:38,468 : INFO : Mode.mult_fleshy_qualify : Started. Priority: 100
2024-05-07 05:08:38,468 : INFO : EventManager : Event: ======'modes_active_modes_changed'====== Args={}
2024-05-07 05:08:38,469 : INFO : EventManager : Event: ======'mode_mult_fleshy_qualify_started'====== Args={'player': 1, 'ball': 1, 'balls_remaining': 2, 'is_extra_ball': False}
2024-05-07 05:08:38,469 : INFO : Mode.start_ball_save : Started. Priority: 100
2024-05-07 05:08:38,469 : INFO : EventManager : Event: ======'modes_active_modes_changed'====== Args={}
2024-05-07 05:08:38,469 : INFO : EventManager : Event: ======'mode_start_ball_save_started'====== Args={'player': 1, 'ball': 1, 'balls_remaining': 2, 'is_extra_ball': False}
2024-05-07 05:08:38,470 : INFO : EventManager : Event: ======'ball_save_ball_save_ball_save_enabled'====== Args={}
2024-05-07 05:08:38,470 : INFO : Mode.lane_rotate : Started. Priority: 100
2024-05-07 05:08:38,470 : INFO : EventManager : Event: ======'modes_active_modes_changed'====== Args={}
2024-05-07 05:08:38,470 : INFO : EventManager : Event: ======'mode_lane_rotate_started'====== Args={'player': 1, 'ball': 1, 'balls_remaining': 2, 'is_extra_ball': False}
2024-05-07 05:08:38,471 : INFO : Mode.launch_shows : Stopped.
2024-05-07 05:08:38,471 : INFO : EventManager : Event: ======'modes_active_modes_changed'====== Args={}
2024-05-07 05:08:38,471 : INFO : EventManager : Event: ======'mode_launch_shows_stopped'====== Args={}
2024-05-07 05:08:38,471 : INFO : EventManager : Event: ======'clear'====== Args={'key': 'launch_shows'}
2024-05-07 05:08:38,472 : INFO : EventManager : Event: ======'single_player_ball_started'====== Args={}
2024-05-07 05:08:38,472 : INFO : EventManager : Event: ======'ball_start_target'====== Args={'target': 'playfield'}
2024-05-07 05:08:38,472 : INFO : ball_device.bd_trough : Setting up player-controlled eject. Balls: 1, Target: <playfield.playfield>, player_controlled_eject_event: None
2024-05-07 05:08:38,472 : INFO : ball_device.bd_trough : Adding 1 ball(s) to the eject_queue with target <playfield.playfield>.
2024-05-07 05:08:38,473 : INFO : EventManager : Event: ======'balldevice_balls_available'====== Args={}
2024-05-07 05:08:38,473 : INFO : ball_device.bd_trough : State: waiting_for_target_ready
2024-05-07 05:08:38,474 : INFO : EventManager : Event: ======'balldevice_bd_trough_ball_eject_attempt'====== Args={'balls': 1, 'target': <playfield.playfield>, 'source': <ball_device.bd_trough>, 'mechanical_eject': False, 'num_attempts': 0}
2024-05-07 05:08:38,474 : INFO : ball_device.bd_trough : State: ejecting
2024-05-07 05:08:38,474 : INFO : ball_device.bd_trough : Ejecting ball to <playfield.playfield>
2024-05-07 05:08:38,474 : INFO : EventManager : Event: ======'balldevice_bd_trough_ejecting_ball'====== Args={'balls': 1, 'target': <playfield.playfield>, 'source': <ball_device.bd_trough>, 'mechanical_eject': False, 'num_attempts': 0}
2024-05-07 05:08:38,474 : INFO : EventManager : Event: ======'ball_save_ball_save_ball_save_timer_start'====== Args={}
2024-05-07 05:08:38,475 : INFO : ball_device.bd_trough : Wait for ball to leave device
2024-05-07 05:08:38,475 : INFO : coil.c_trough : Pulsing Driver for 14ms (1.0 pulse_power)
2024-05-07 05:08:38,543 : INFO : EventManager : Event: ======'slide_base_created'====== Args={'_from_bcp': True}
2024-05-07 05:08:38,575 : INFO : SwitchController : <<<<<<< 's_launch' inactive >>>>>>>
2024-05-07 05:08:40,476 : INFO : EventManager : Event: ======'balldevice_bd_trough_ball_eject_failed'====== Args={'target': <playfield.playfield>, 'balls': 1, 'retry': True, 'num_attempts': 1}
2024-05-07 05:08:40,478 : INFO : ball_device.bd_trough : State: waiting_for_target_ready
2024-05-07 05:08:40,479 : INFO : EventManager : Event: ======'balldevice_bd_trough_ball_eject_attempt'====== Args={'balls': 1, 'target': <playfield.playfield>, 'source': <ball_device.bd_trough>, 'mechanical_eject': False, 'num_attempts': 1}
2024-05-07 05:08:40,479 : INFO : ball_device.bd_trough : State: ejecting
2024-05-07 05:08:40,480 : INFO : ball_device.bd_trough : Ejecting ball to <playfield.playfield>
2024-05-07 05:08:40,480 : INFO : EventManager : Event: ======'balldevice_bd_trough_ejecting_ball'====== Args={'balls': 1, 'target': <playfield.playfield>, 'source': <ball_device.bd_trough>, 'mechanical_eject': False, 'num_attempts': 1}
2024-05-07 05:08:40,481 : INFO : ball_device.bd_trough : Wait for ball to leave device
2024-05-07 05:08:40,481 : INFO : coil.c_trough : Pulsing Driver for 14ms (1.0 pulse_power)
2024-05-07 05:08:41,353 : INFO : SwitchController : <<<<<<< 's_trough_1' inactive >>>>>>>
2024-05-07 05:08:41,353 : INFO : ball_device.bd_trough : State: ball_left
2024-05-07 05:08:41,354 : INFO : ball_device.bd_trough : Ball left
2024-05-07 05:08:41,354 : INFO : ball_device.bd_trough : Wait for confirm with timeout 2.0
2024-05-07 05:08:41,476 : INFO : EventManager : Event: ======'ball_save_ball_save_ball_save_hurry_up'====== Args={}
2024-05-07 05:08:43,355 : INFO : ball_device.bd_trough : State: failed_confirm
2024-05-07 05:08:43,355 : INFO : ball_device.bd_trough : Got timeout (2.0s) before confirm from <playfield.playfield>
2024-05-07 05:08:43,456 : INFO : ball_device.bd_trough : Confirming eject because target is playfield and ball did not return.
2024-05-07 05:08:43,456 : INFO : ball_device.bd_trough : Eject successful
2024-05-07 05:08:43,456 : INFO : EventManager : Event: ======'balldevice_bd_trough_ball_eject_success'====== Args={'balls': 1, 'target': <playfield.playfield>}
2024-05-07 05:08:43,457 : INFO : EventManager : Event: ======'balldevice_playfield_ball_enter'====== Args={'new_balls': 1, 'unclaimed_balls': 1, 'device': <playfield.playfield>}
2024-05-07 05:08:43,457 : INFO : EventManager : Event: ======'playfield_ball_count_change'====== Args={'balls': 1, 'change': 1}
2024-05-07 05:08:43,457 : INFO : EventManager : Event: ======'balldevice_bd_trough_ball_count_changed'====== Args={'balls': 0}
2024-05-07 05:08:43,458 : INFO : ball_device.bd_trough : State: idle
2024-05-07 05:08:43,476 : INFO : EventManager : Event: ======'ball_save_ball_save_ball_save_disabled'====== Args={}
2024-05-07 05:08:46,022 : INFO : SwitchController : <<<<<<< 's_trough_1' active >>>>>>>
2024-05-07 05:08:46,022 : INFO : EventManager : Event: ======'machine_var_audits_switches_s_trough_1'====== Args={'value': 6, 'prev_value': 5, 'change': 1}
2024-05-07 05:08:46,524 : INFO : EventManager : Event: ======'balldevice_bd_trough_ball_count_changed'====== Args={'balls': 1}
2024-05-07 05:08:46,525 : INFO : ball_device.bd_trough : Received unexpected ball
2024-05-07 05:08:46,525 : INFO : EventManager : Event: ======'balldevice_captured_from_playfield'====== Args={'balls': 1}
2024-05-07 05:08:46,526 : INFO : EventManager : Event: ======'sw_playfield_active'====== Args={'balls': 1}
2024-05-07 05:08:46,527 : INFO : EventManager : Event: ======'playfield_ball_count_change'====== Args={'balls': 0, 'change': -1}
2024-05-07 05:08:46,528 : INFO : EventManager : Event: ======'balldevice_bd_trough_ball_enter'====== Args={'new_balls': 1, 'unclaimed_balls': 1, 'new_available_balls': 1, 'device': <ball_device.bd_trough>}
2024-05-07 05:08:46,528 : INFO : EventManager : Event: ======'ball_drain'====== Args={'device': <ball_device.bd_trough>, 'balls': 1}
2024-05-07 05:08:46,529 : INFO : EventManager : Event: ======'ball_will_end'====== Args={}
2024-05-07 05:08:46,530 : INFO : EventManager : Event: ======'balldevice_balls_available'====== Args={}
2024-05-07 05:08:46,530 : INFO : EventManager : Event: ======'balldevice_bd_trough_ball_entered'====== Args={'new_balls': 1, 'device': <ball_device.bd_trough>}
2024-05-07 05:08:46,531 : INFO : EventManager : Event: ======'mode_lane_rotate_will_stop'====== Args={}
2024-05-07 05:08:46,531 : INFO : EventManager : Event: ======'mode_lane_rotate_stopping'====== Args={}
2024-05-07 05:08:46,532 : INFO : Mode.lane_rotate : Stopped.
2024-05-07 05:08:46,533 : INFO : EventManager : Event: ======'modes_active_modes_changed'====== Args={}
2024-05-07 05:08:46,533 : INFO : EventManager : Event: ======'mode_lane_rotate_stopped'====== Args={}
2024-05-07 05:08:46,533 : INFO : EventManager : Event: ======'clear'====== Args={'key': 'lane_rotate'}
2024-05-07 05:08:46,535 : INFO : EventManager : Event: ======'ball_ending'====== Args={}
2024-05-07 05:08:46,536 : INFO : EventManager : Event: ======'mode_start_ball_save_will_stop'====== Args={}
2024-05-07 05:08:46,536 : INFO : EventManager : Event: ======'mode_start_ball_save_stopping'====== Args={}
2024-05-07 05:08:46,536 : INFO : EventManager : Event: ======'mode_mult_fleshy_qualify_will_stop'====== Args={}
2024-05-07 05:08:46,536 : INFO : EventManager : Event: ======'mode_mult_fleshy_qualify_stopping'====== Args={}
2024-05-07 05:08:46,536 : INFO : EventManager : Event: ======'mode_base_will_stop'====== Args={}
2024-05-07 05:08:46,536 : INFO : EventManager : Event: ======'mode_base_stopping'====== Args={}
2024-05-07 05:08:46,537 : INFO : Mode.base : Stopped.
2024-05-07 05:08:46,537 : INFO : EventManager : Event: ======'modes_active_modes_changed'====== Args={}
2024-05-07 05:08:46,537 : INFO : EventManager : Event: ======'mode_base_stopped'====== Args={}
2024-05-07 05:08:46,538 : INFO : EventManager : Event: ======'clear'====== Args={'key': 'base'}
2024-05-07 05:08:46,539 : INFO : Mode.mult_fleshy_qualify : Stopped.
2024-05-07 05:08:46,539 : INFO : EventManager : Event: ======'modes_active_modes_changed'====== Args={}
2024-05-07 05:08:46,540 : INFO : EventManager : Event: ======'mode_mult_fleshy_qualify_stopped'====== Args={}
2024-05-07 05:08:46,540 : INFO : EventManager : Event: ======'clear'====== Args={'key': 'mult_fleshy_qualify'}
2024-05-07 05:08:46,540 : INFO : Mode.start_ball_save : Stopped.
2024-05-07 05:08:46,541 : INFO : EventManager : Event: ======'modes_active_modes_changed'====== Args={}
2024-05-07 05:08:46,541 : INFO : EventManager : Event: ======'mode_start_ball_save_stopped'====== Args={}
2024-05-07 05:08:46,541 : INFO : EventManager : Event: ======'clear'====== Args={'key': 'start_ball_save'}
2024-05-07 05:08:46,541 : INFO : EventManager : Event: ======'ball_ended'====== Args={}
2024-05-07 05:08:46,542 : INFO : EventManager : Event: ======'player_turn_will_end'====== Args={'player': <Player 1>, 'number': 1}
2024-05-07 05:08:46,542 : INFO : EventManager : Event: ======'player_turn_ending'====== Args={'player': <Player 1>, 'number': 1}
2024-05-07 05:08:46,542 : INFO : EventManager : Event: ======'player_turn_ended'====== Args={'player': <Player 1>, 'number': 1}
2024-05-07 05:08:46,543 : INFO : EventManager : Event: ======'player_turn_will_start'====== Args={'player': <Player 1>, 'number': 1}
2024-05-07 05:08:46,543 : INFO : EventManager : Event: ======'player_turn_starting'====== Args={'player': <Player 1>, 'number': 1}
2024-05-07 05:08:46,543 : INFO : EventManager : Event: ======'player_ball'====== Args={'value': 2, 'prev_value': 1, 'change': 1, 'player_num': 1}
2024-05-07 05:08:46,543 : INFO : EventManager : Event: ======'player_turn_started'====== Args={'player': <Player 1>, 'number': 1}
2024-05-07 05:08:46,544 : INFO : EventManager : Event: ======'ball_will_start'====== Args={'player': 1, 'ball': 2, 'balls_remaining': 1, 'is_extra_ball': False}
2024-05-07 05:08:46,544 : INFO : EventManager : Event: ======'ball_starting'====== Args={'player': 1, 'ball': 2, 'balls_remaining': 1, 'is_extra_ball': False}
2024-05-07 05:08:46,544 : INFO : EventManager : Event: ======'mode_base_will_start'====== Args={'queue': <QueuedEvent>, 'player': 1, 'ball': 2, 'balls_remaining': 1, 'is_extra_ball': False}
2024-05-07 05:08:46,547 : INFO : EventManager : Event: ======'mode_base_starting'====== Args={'queue': <QueuedEvent>, 'player': 1, 'ball': 2, 'balls_remaining': 1, 'is_extra_ball': False}
2024-05-07 05:08:46,547 : INFO : EventManager : Event: ======'waiting_for_launch_press'====== Args={}
2024-05-07 05:08:46,548 : INFO : EventManager : Event: ======'mode_launch_shows_will_start'====== Args={}
2024-05-07 05:08:46,548 : INFO : EventManager : Event: ======'mode_launch_shows_starting'====== Args={}
2024-05-07 05:08:46,548 : INFO : Mode.launch_shows : Started. Priority: 200
2024-05-07 05:08:46,548 : INFO : EventManager : Event: ======'modes_active_modes_changed'====== Args={}
2024-05-07 05:08:46,548 : INFO : EventManager : Event: ======'mode_launch_shows_started'====== Args={}
2024-05-07 05:08:46,549 : INFO : Mode.base : Started. Priority: 100
2024-05-07 05:08:46,549 : INFO : EventManager : Event: ======'modes_active_modes_changed'====== Args={}
2024-05-07 05:08:46,549 : INFO : EventManager : Event: ======'mode_base_started'====== Args={'queue': <QueuedEvent>, 'player': 1, 'ball': 2, 'balls_remaining': 1, 'is_extra_ball': False}
2024-05-07 05:08:46,564 : INFO : EventManager : Event: ======'slide_launch_created'====== Args={'_from_bcp': True}
2024-05-07 05:08:46,564 : INFO : EventManager : Event: ======'slide_base_removed'====== Args={'_from_bcp': True}
2024-05-07 05:08:46,564 : INFO : EventManager : Event: ======'slide_launch_inactive'====== Args={'_from_bcp': True}
2024-05-07 05:08:46,564 : INFO : EventManager : Event: ======'slide_launch_active'====== Args={'original_context': 'launch_shows', 'original_calling_context': 'mode_launch_shows_started', 'cmd': 'slides_play', '_from_bcp': True}
2024-05-07 05:08:46,565 : INFO : EventManager : Event: ======'slide_launch_removed'====== Args={'_from_bcp': True}
2024-05-07 05:08:46,565 : INFO : EventManager : Event: ======'slide_base_created'====== Args={'_from_bcp': True}
2024-05-07 05:10:23,542 : INFO : Machine : Shutting down...
2024-05-07 05:10:23,542 : INFO : EventManager : Event: ======'shutdown'====== Args={}
2024-05-07 05:10:23,543 : INFO : EventManager : Event: ======'mode_game_will_stop'====== Args={}
2024-05-07 05:10:23,543 : INFO : EventManager : Event: ======'mode_game_stopping'====== Args={}
2024-05-07 05:10:23,544 : INFO : EventManager : Event: ======'mode_base_will_stop'====== Args={}
2024-05-07 05:10:23,544 : INFO : EventManager : Event: ======'mode_base_stopping'====== Args={}
2024-05-07 05:10:23,544 : INFO : EventManager : Event: ======'mode_launch_shows_will_stop'====== Args={}
2024-05-07 05:10:23,544 : INFO : EventManager : Event: ======'mode_launch_shows_stopping'====== Args={}
2024-05-07 05:10:23,544 : INFO : Mode.launch_shows : Stopped.
2024-05-07 05:10:23,545 : INFO : EventManager : Event: ======'modes_active_modes_changed'====== Args={}
2024-05-07 05:10:23,545 : INFO : EventManager : Event: ======'mode_launch_shows_stopped'====== Args={}
2024-05-07 05:10:23,545 : INFO : EventManager : Event: ======'clear'====== Args={'key': 'launch_shows'}
2024-05-07 05:10:23,545 : INFO : Mode.base : Stopped.
2024-05-07 05:10:23,545 : INFO : EventManager : Event: ======'modes_active_modes_changed'====== Args={}
2024-05-07 05:10:23,545 : INFO : EventManager : Event: ======'mode_base_stopped'====== Args={}
2024-05-07 05:10:23,546 : INFO : EventManager : Event: ======'clear'====== Args={'key': 'base'}
2024-05-07 05:10:23,547 : INFO : Mode.game : Stopped.
2024-05-07 05:10:23,547 : INFO : EventManager : Event: ======'modes_active_modes_changed'====== Args={}
2024-05-07 05:10:23,548 : INFO : EventManager : Event: ======'mode_game_stopped'====== Args={}
2024-05-07 05:10:23,548 : INFO : EventManager : Event: ======'clear'====== Args={'key': 'game'}
2024-05-07 05:10:24,553 : INFO : root : MPF run loop ended.
