2024-04-19 17:48:49,976 : kivy : Kivy: v2.2.1
2024-04-19 17:48:49,977 : kivy : Kivy: Installed at "/Library/Frameworks/Python.framework/Versions/3.9/lib/python3.9/site-packages/kivy/__init__.py"
2024-04-19 17:48:49,977 : kivy : Python: v3.9.13 (v3.9.13:6de2ca5339, May 17 2022, 11:37:23) 
[Clang 13.0.0 (clang-1300.0.29.30)]
2024-04-19 17:48:49,977 : kivy : Python: Interpreter at "/Library/Frameworks/Python.framework/Versions/3.9/bin/python3.9"
2024-04-19 17:48:49,982 : kivy : Factory: 190 symbols loaded
2024-04-19 17:48:50,057 : kivy : ImageLoaderFFPy: Using ffpyplayer 4.5.1
2024-04-19 17:48:50,057 : kivy : Image: Providers: img_tex, img_imageio, img_dds, img_sdl2, img_pil, img_ffpyplayer 
2024-04-19 17:48:50,109 : kivy : VideoFFPy: Using ffpyplayer 4.5.1
2024-04-19 17:48:50,109 : kivy : Video: Provider: ffpyplayer(['video_ffmpeg'] ignored)
2024-04-19 17:48:50,128 : root : Loading MPF-MC controller
2024-04-19 17:48:50,150 : ConfigProcessor : Config spec file cache created: /var/folders/l2/q8hj_6s91xnb2jxg1sqm0h7r0000gn/T/config_spec.mpf_cache
2024-04-19 17:48:50,151 : YamlMultifileConfigLoader : Machine config file #1: config
2024-04-19 17:48:50,151 : ConfigProcessor : Loading config from file /Library/Frameworks/Python.framework/Versions/3.9/lib/python3.9/site-packages/mpfmc/mcconfig.yaml.
2024-04-19 17:48:50,154 : ConfigProcessor : Loading config: /Library/Frameworks/Python.framework/Versions/3.9/lib/python3.9/site-packages/mpfmc/mcconfig.yaml
2024-04-19 17:48:50,154 : ConfigProcessor : Loading config from file /Users/tannerpetch/Documents/GitHub/lofab/config/config.
2024-04-19 17:48:50,157 : ConfigProcessor : Loading config: /Users/tannerpetch/Documents/GitHub/lofab/config/config
2024-04-19 17:48:50,158 : ConfigProcessor : Config file cache created: /var/folders/l2/q8hj_6s91xnb2jxg1sqm0h7r0000gn/T/d2eff62569ef5a6216970672da69648f.mpf_cache
2024-04-19 17:48:50,159 : ConfigProcessor : Loading config from file /Library/Frameworks/Python.framework/Versions/3.9/lib/python3.9/site-packages/mpf/modes/attract/config/attract.yaml.
2024-04-19 17:48:50,159 : ConfigProcessor : Loading config: /Library/Frameworks/Python.framework/Versions/3.9/lib/python3.9/site-packages/mpf/modes/attract/config/attract.yaml
2024-04-19 17:48:50,159 : ConfigProcessor : Loading config from file /Users/tannerpetch/Documents/GitHub/lofab/modes/attract/config/attract.yaml.
2024-04-19 17:48:50,159 : ConfigProcessor : Loading config: /Users/tannerpetch/Documents/GitHub/lofab/modes/attract/config/attract.yaml
2024-04-19 17:48:50,159 : ConfigProcessor : Config file cache created: /var/folders/l2/q8hj_6s91xnb2jxg1sqm0h7r0000gn/T/640347d32029b3f32c9ad31d7a1b4b81.mpf_cache
2024-04-19 17:48:50,159 : ConfigProcessor : Loading config from file /Library/Frameworks/Python.framework/Versions/3.9/lib/python3.9/site-packages/mpf/modes/game/config/game.yaml.
2024-04-19 17:48:50,159 : ConfigProcessor : Loading config: /Library/Frameworks/Python.framework/Versions/3.9/lib/python3.9/site-packages/mpf/modes/game/config/game.yaml
2024-04-19 17:48:50,159 : ConfigProcessor : Config file cache created: /var/folders/l2/q8hj_6s91xnb2jxg1sqm0h7r0000gn/T/edcc5f1d3215b377c9faab88c62e4ce0.mpf_cache
2024-04-19 17:48:50,159 : ConfigProcessor : Loading config from file /Library/Frameworks/Python.framework/Versions/3.9/lib/python3.9/site-packages/mpf/modes/attract/config/attract.yaml.
2024-04-19 17:48:50,159 : ConfigProcessor : Loading config: /Library/Frameworks/Python.framework/Versions/3.9/lib/python3.9/site-packages/mpf/modes/attract/config/attract.yaml
2024-04-19 17:48:50,159 : ConfigProcessor : Loading config from file /Users/tannerpetch/Documents/GitHub/lofab/modes/attract/config/attract.yaml.
2024-04-19 17:48:50,160 : ConfigProcessor : Loading config: /Users/tannerpetch/Documents/GitHub/lofab/modes/attract/config/attract.yaml
2024-04-19 17:48:50,160 : ConfigProcessor : Config file cache created: /var/folders/l2/q8hj_6s91xnb2jxg1sqm0h7r0000gn/T/640347d32029b3f32c9ad31d7a1b4b81.mpf_cache
2024-04-19 17:48:50,160 : ConfigProcessor : Loading config from file /Users/tannerpetch/Documents/GitHub/lofab/modes/lane_rotate/config/lane_rotate.yaml.
2024-04-19 17:48:50,160 : ConfigProcessor : Loading config: /Users/tannerpetch/Documents/GitHub/lofab/modes/lane_rotate/config/lane_rotate.yaml
2024-04-19 17:48:50,161 : ConfigProcessor : Config file cache created: /var/folders/l2/q8hj_6s91xnb2jxg1sqm0h7r0000gn/T/1875c266911f801b691956fe9e9284d6.mpf_cache
2024-04-19 17:48:50,161 : ConfigProcessor : Loading config from file /Users/tannerpetch/Documents/GitHub/lofab/modes/base/config/base.yaml.
2024-04-19 17:48:50,161 : ConfigProcessor : Loading config: /Users/tannerpetch/Documents/GitHub/lofab/modes/base/config/base.yaml
2024-04-19 17:48:50,161 : ConfigProcessor : Config file cache created: /var/folders/l2/q8hj_6s91xnb2jxg1sqm0h7r0000gn/T/f97c90855879603280fcc571f5c42639.mpf_cache
2024-04-19 17:48:50,161 : ConfigProcessor : Loading config from file /Users/tannerpetch/Documents/GitHub/lofab/modes/launch_shows/config/launch_shows.yaml.
2024-04-19 17:48:50,162 : ConfigProcessor : Loading config: /Users/tannerpetch/Documents/GitHub/lofab/modes/launch_shows/config/launch_shows.yaml
2024-04-19 17:48:50,162 : ConfigProcessor : Config file cache created: /var/folders/l2/q8hj_6s91xnb2jxg1sqm0h7r0000gn/T/66764f8b68b26fdba6c1f2bce3638479.mpf_cache
2024-04-19 17:48:50,162 : mpfmc : Mission Pinball Framework Media Controller (MPF-MC) v0.57.0. Requires MPF v0.57.0 or newer.
2024-04-19 17:48:50,162 : mpfmc : Found MPF v0.57.1.dev3
2024-04-19 17:48:50,162 : mpfmc : Machine path: /Users/tannerpetch/Documents/GitHub/lofab
2024-04-19 17:48:50,162 : mpfmc : Starting clock at 60.0Hz
2024-04-19 17:48:50,166 : kivy : Text: Provider: sdl2
2024-04-19 17:48:50,178 : kivy : Window: Provider: sdl2
2024-04-19 17:48:50,268 : kivy : GL: Using the "OpenGL ES 2" graphics system
2024-04-19 17:48:50,268 : kivy : GL: Backend used <sdl2>
2024-04-19 17:48:50,268 : kivy : GL: OpenGL version <b'2.1 Metal - 88'>
2024-04-19 17:48:50,268 : kivy : GL: OpenGL vendor <b'Apple'>
2024-04-19 17:48:50,268 : kivy : GL: OpenGL renderer <b'Apple M3'>
2024-04-19 17:48:50,268 : kivy : GL: OpenGL parsed version: 2, 1
2024-04-19 17:48:50,268 : kivy : GL: Shading version <b'1.20'>
2024-04-19 17:48:50,268 : kivy : GL: Texture max size <16384>
2024-04-19 17:48:50,268 : kivy : GL: Texture max units <16>
2024-04-19 17:48:50,277 : kivy : Window: auto add sdl2 input provider
2024-04-19 17:48:50,277 : kivy : Window: virtual keyboard not allowed, single mode, not docked
2024-04-19 17:48:50,280 : SoundSystem : SoundSystem: Using default 'sound_system' settings
2024-04-19 17:48:50,362 : AudioInterface : Initialized
2024-04-19 17:48:50,362 : AudioInterface : Loaded SDL 2.30.1
2024-04-19 17:48:50,362 : AudioInterface : Loaded SDL_Mixer 2.8.0
2024-04-19 17:48:50,362 : AudioInterface : Loaded GStreamer 1.22.10.0
2024-04-19 17:48:50,362 : AudioInterface : Loaded GLib 2.80.0
2024-04-19 17:48:50,362 : AudioInterface : Settings requested - rate: 44100, channels: 1, buffer: 2048 samples
2024-04-19 17:48:50,362 : AudioInterface : Settings in use - rate: 44100, channels: 1, buffer: 2048 samples (4096 bytes @ 2 bytes per sample)
2024-04-19 17:48:50,362 : SoundSystem : No audio tracks are specified in your machine config file. a track named 'default' has been created.
2024-04-19 17:48:50,362 : SoundSystem : Setting master volume to 0.0
2024-04-19 17:48:50,362 : AudioInterface : Enabling audio playback
2024-04-19 17:48:50,364 : kivy : Base: Start application main loop
2024-04-19 17:48:50,365 : EventManager : Event: ======'display_window_initialized'====== Args={}
2024-04-19 17:48:50,702 : mpfmc : Display: Setting 'window' as default display
2024-04-19 17:48:50,709 : EventManager : Event: ======'displays_initialized'====== Args={}
2024-04-19 17:48:50,710 : EventManager : Event: ======'slide_window_blank_created'====== Args={}
2024-04-19 17:48:50,711 : EventManager : Event: ======'display_window_ready'====== Args={}
2024-04-19 17:48:50,718 : EventManager : Event: ======'init_phase_1'====== Args={}
2024-04-19 17:48:50,719 : EventManager : Event: ======'mc_ready'====== Args={}
2024-04-19 17:48:50,719 : EventManager : Event: ======'init_phase_2'====== Args={}
2024-04-19 17:48:50,720 : EventManager : Event: ======'init_phase_3'====== Args={}
2024-04-19 17:48:50,721 : EventManager : Event: ======'init_phase_4'====== Args={}
2024-04-19 17:48:50,721 : EventManager : Event: ======'init_phase_5'====== Args={}
2024-04-19 17:48:50,748 : kivy : GL: NPOT texture support is available
2024-04-19 17:48:50,751 : EventManager : Event: ======'loading_assets'====== Args={'total': 2, 'loaded': 1, 'remaining': 1, 'percent': 50}
2024-04-19 17:48:50,751 : AssetManager : Loading assets: 1/2 (50%)
2024-04-19 17:48:50,753 : EventManager : Event: ======'loading_assets'====== Args={'total': 2, 'loaded': 2, 'remaining': 0, 'percent': 100}
2024-04-19 17:48:50,753 : AssetManager : Asset loading took: 0.39055728912353516
2024-04-19 17:48:50,753 : EventManager : Event: ======'asset_loading_complete'====== Args={}
2024-04-19 17:48:50,753 : AssetManager : Loading assets: 2/2 (100%)
2024-04-19 17:48:50,753 : EventManager : Event: ======'init_done'====== Args={}
2024-04-19 17:48:50,753 : MPF-MC BCP Server : Starting up on localhost port 5050
2024-04-19 17:48:50,754 : MPF-MC BCP Server : Waiting for a connection...
2024-04-19 17:48:50,760 : EventManager : Event: ======'client_disconnected'====== Args={'host': '127.0.0.1', 'port': 5050}
2024-04-19 17:48:56,629 : kivy : Base: Leaving application in progress...
