2024-05-07 06:04:19,691 : INFO : root : Loading config.
2024-05-07 06:04:19,693 : INFO : YamlMultifileConfigLoader : Machine config file #1: config.yaml
2024-05-07 06:04:19,693 : INFO : ConfigProcessor : Loading config from cache: /var/folders/l2/q8hj_6s91xnb2jxg1sqm0h7r0000gn/T/479bffd5d2f40b527f859677e5b1aef9.mpf_cache
2024-05-07 06:04:19,719 : INFO : ConfigProcessor : Loading config from cache: /var/folders/l2/q8hj_6s91xnb2jxg1sqm0h7r0000gn/T/0481b880979d7ccc71369ad5f781c736.mpf_cache
2024-05-07 06:04:19,719 : INFO : ConfigProcessor : Loading config from cache: /var/folders/l2/q8hj_6s91xnb2jxg1sqm0h7r0000gn/T/9cfa8e96748dd80c23752180dbf36e5c.mpf_cache
2024-05-07 06:04:19,720 : INFO : ConfigProcessor : Loading config from cache: /var/folders/l2/q8hj_6s91xnb2jxg1sqm0h7r0000gn/T/0481b880979d7ccc71369ad5f781c736.mpf_cache
2024-05-07 06:04:19,720 : INFO : ConfigProcessor : Loading config from cache: /var/folders/l2/q8hj_6s91xnb2jxg1sqm0h7r0000gn/T/1875c266911f801b691956fe9e9284d6.mpf_cache
2024-05-07 06:04:19,720 : INFO : ConfigProcessor : Loading config from cache: /var/folders/l2/q8hj_6s91xnb2jxg1sqm0h7r0000gn/T/f97c90855879603280fcc571f5c42639.mpf_cache
2024-05-07 06:04:19,720 : INFO : ConfigProcessor : Loading config from cache: /var/folders/l2/q8hj_6s91xnb2jxg1sqm0h7r0000gn/T/5336ce152edc820b26f3a51a9f95779b.mpf_cache
2024-05-07 06:04:19,721 : WARNING : ConfigProcessor : Config file in cache changed: /Users/tannerpetch/Documents/GitHub/lofab/modes/mult_fleshy/config/mult_fleshy.yaml
2024-05-07 06:04:19,721 : INFO : ConfigProcessor : Loading config from file /Users/tannerpetch/Documents/GitHub/lofab/modes/mult_fleshy/config/mult_fleshy.yaml.
2024-05-07 06:04:19,722 : INFO : ConfigProcessor : Loading config: /Users/tannerpetch/Documents/GitHub/lofab/modes/mult_fleshy/config/mult_fleshy.yaml
2024-05-07 06:04:19,723 : INFO : ConfigProcessor : Config file cache created: /var/folders/l2/q8hj_6s91xnb2jxg1sqm0h7r0000gn/T/584196ece55f676a535bfbda3a88171a.mpf_cache
2024-05-07 06:04:19,723 : INFO : ConfigProcessor : Loading config from cache: /var/folders/l2/q8hj_6s91xnb2jxg1sqm0h7r0000gn/T/4b1e343fa9806c398ec7ee103dcfa7e2.mpf_cache
2024-05-07 06:04:19,724 : INFO : ConfigProcessor : Loading config from cache: /var/folders/l2/q8hj_6s91xnb2jxg1sqm0h7r0000gn/T/66764f8b68b26fdba6c1f2bce3638479.mpf_cache
2024-05-07 06:04:19,724 : INFO : ConfigProcessor : Loading config from cache: /var/folders/l2/q8hj_6s91xnb2jxg1sqm0h7r0000gn/T/2b5fdb8fd0e736387486af32f8df92fd.mpf_cache
2024-05-07 06:04:19,725 : INFO : ConfigProcessor : Loading config from cache: /var/folders/l2/q8hj_6s91xnb2jxg1sqm0h7r0000gn/T/3dbc438e88423aa3ff742db2713b600f.mpf_cache
2024-05-07 06:04:19,726 : INFO : ConfigProcessor : Loading config from cache: /var/folders/l2/q8hj_6s91xnb2jxg1sqm0h7r0000gn/T/154d071a3850556c6f3eae37bf41c8b6.mpf_cache
2024-05-07 06:04:19,726 : INFO : ConfigProcessor : Loading config from cache: /var/folders/l2/q8hj_6s91xnb2jxg1sqm0h7r0000gn/T/ab100dbe0e16472b56f0213f3842a00f.mpf_cache
2024-05-07 06:04:19,728 : INFO : ConfigProcessor : Loading config from cache: /var/folders/l2/q8hj_6s91xnb2jxg1sqm0h7r0000gn/T/f03ad90ccd2c053e9e5d10795d01f4ba.mpf_cache
2024-05-07 06:04:19,728 : INFO : ConfigProcessor : Loading config from cache: /var/folders/l2/q8hj_6s91xnb2jxg1sqm0h7r0000gn/T/0f3c951d4c93079ae3fac6429c5bc2ee.mpf_cache
2024-05-07 06:04:19,728 : INFO : ConfigProcessor : Loading config from cache: /var/folders/l2/q8hj_6s91xnb2jxg1sqm0h7r0000gn/T/8bf004783a280ac33d17b88f37848116.mpf_cache
2024-05-07 06:04:19,730 : INFO : ConfigProcessor : Loading config from cache: /var/folders/l2/q8hj_6s91xnb2jxg1sqm0h7r0000gn/T/db98bdefe8a072cec23a2527f4303b09.mpf_cache
2024-05-07 06:04:19,730 : INFO : ConfigProcessor : Loading config from cache: /var/folders/l2/q8hj_6s91xnb2jxg1sqm0h7r0000gn/T/d5d50eaa09e055f3a827c6269a3aa165.mpf_cache
2024-05-07 06:04:19,731 : INFO : ConfigProcessor : Loading config from cache: /var/folders/l2/q8hj_6s91xnb2jxg1sqm0h7r0000gn/T/eefb91dd78a2b4d0f2b86f7f7cb501a3.mpf_cache
2024-05-07 06:04:19,731 : INFO : ConfigProcessor : Loading config from cache: /var/folders/l2/q8hj_6s91xnb2jxg1sqm0h7r0000gn/T/d32f8b43f49e3e57afbd189fbbccae80.mpf_cache
2024-05-07 06:04:19,731 : INFO : ConfigProcessor : Loading config from cache: /var/folders/l2/q8hj_6s91xnb2jxg1sqm0h7r0000gn/T/08db62a1c5938674fa894d468364ed3e.mpf_cache
2024-05-07 06:04:19,732 : INFO : ConfigProcessor : Loading config from cache: /var/folders/l2/q8hj_6s91xnb2jxg1sqm0h7r0000gn/T/98754ca8fa1663afefe3af8297a0d59a.mpf_cache
2024-05-07 06:04:19,733 : INFO : ConfigProcessor : Loading config from cache: /var/folders/l2/q8hj_6s91xnb2jxg1sqm0h7r0000gn/T/250153cb7d132f4134a2e9b694314568.mpf_cache
2024-05-07 06:04:19,733 : INFO : ConfigProcessor : Loading config from cache: /var/folders/l2/q8hj_6s91xnb2jxg1sqm0h7r0000gn/T/bbbe87a2f82c66174798be62d4e8058c.mpf_cache
2024-05-07 06:04:19,733 : INFO : Machine : Mission Pinball Framework Core Engine v0.80.0.dev1
2024-05-07 06:04:19,733 : INFO : Machine : Command line arguments: {'no_load_cache': False, 'create_config_cache': True, 'bcp': True, 'configfile': ['config.yaml'], 'force_assets_load': False, 'platform_integration_test': False, 'jsonlogging': False, 'logfile': 'logs/2024-05-07-06-04-19-mpf-Tanners-Laptop.local.log', 'pause': False, 'production': False, 'text_ui': False, 'loglevel': 15, 'consoleloglevel': 20, 'force_platform': 'virtual', 'syslog_address': None, 'mc_file_name': None, 'no_sound': False}
2024-05-07 06:04:19,733 : INFO : Machine : MPF path: /Users/tannerpetch/Documents/git/mpf/mpf
2024-05-07 06:04:19,733 : INFO : Machine : Machine path: /Users/tannerpetch/Documents/GitHub/lofab
2024-05-07 06:04:19,733 : INFO : Machine : Platform: darwin
2024-05-07 06:04:19,733 : INFO : Machine : Python executable location: /Users/tannerpetch/mpfenv/bin/python3
2024-05-07 06:04:19,733 : INFO : Machine : Python version: 3.9.13 (64-bit)
2024-05-07 06:04:19,734 : INFO : Machine : Initializing MPF...
2024-05-07 06:04:19,758 : INFO : EventManager : Event: ======'machine_var_credits_string'====== Args={'value': 'FREE PLAY', 'prev_value': None, 'change': True}
2024-05-07 06:04:19,765 : INFO : EventManager : Event: ======'machine_var_master_volume'====== Args={'value': 0.5, 'prev_value': None, 'change': True}
2024-05-07 06:04:19,765 : INFO : EventManager : Event: ======'machine_var_player1_score'====== Args={'value': 0, 'prev_value': None, 'change': True}
2024-05-07 06:04:19,765 : INFO : EventManager : Event: ======'machine_var_player2_score'====== Args={'value': 0, 'prev_value': None, 'change': True}
2024-05-07 06:04:19,765 : INFO : EventManager : Event: ======'machine_var_mpf_version'====== Args={'value': 'Mission Pinball Framework v0.80.0.dev1', 'prev_value': None, 'change': True}
2024-05-07 06:04:19,765 : INFO : EventManager : Event: ======'machine_var_mpf_extended_version'====== Args={'value': 'Mission Pinball Framework v0.80.0.dev1, Config version:6, Show version: 6, BCP version:1.1', 'prev_value': None, 'change': True}
2024-05-07 06:04:19,765 : INFO : EventManager : Event: ======'machine_var_python_version'====== Args={'value': '3.9.13', 'prev_value': None, 'change': True}
2024-05-07 06:04:19,779 : INFO : EventManager : Event: ======'machine_var_platform'====== Args={'value': 'macOS-14.3-arm64-arm-64bit', 'prev_value': None, 'change': True}
2024-05-07 06:04:19,779 : INFO : EventManager : Event: ======'machine_var_platform_system'====== Args={'value': 'Darwin', 'prev_value': None, 'change': True}
2024-05-07 06:04:19,779 : INFO : EventManager : Event: ======'machine_var_platform_release'====== Args={'value': '23.3.0', 'prev_value': None, 'change': True}
2024-05-07 06:04:19,779 : INFO : EventManager : Event: ======'machine_var_platform_version'====== Args={'value': 'Darwin Kernel Version 23.3.0: Thu Dec 21 02:29:41 PST 2023; root:xnu-10002.81.5~11/RELEASE_ARM64_T8122', 'prev_value': None, 'change': True}
2024-05-07 06:04:19,780 : INFO : EventManager : Event: ======'machine_var_platform_machine'====== Args={'value': 'arm64', 'prev_value': None, 'change': True}
2024-05-07 06:04:19,780 : INFO : EventManager : Event: ======'init_phase_1'====== Args={}
2024-05-07 06:04:19,795 : INFO : EventManager : Event: ======'init_phase_2'====== Args={}
2024-05-07 06:04:19,797 : INFO : EventManager : Event: ======'bcp_connection_attempt'====== Args={'name': 'local_display', 'host': 'localhost', 'port': 5050}
2024-05-07 06:04:19,797 : INFO : BCPClientSocket : Connecting BCP to 'local_display' at localhost:5050...
2024-05-07 06:04:26,299 : INFO : BCPClientSocket : Connected BCP to 'local_display' localhost:5050
2024-05-07 06:04:26,300 : INFO : EventManager : Event: ======'bcp_clients_connected'====== Args={}
2024-05-07 06:04:26,301 : INFO : ball_device.bd_vuk : BCH: Initial count: 0
2024-05-07 06:04:26,302 : INFO : ball_device.bd_vuk : State: idle
2024-05-07 06:04:26,303 : INFO : ball_device.bd_trough : BCH: Initial count: 0
2024-05-07 06:04:26,303 : INFO : ball_device.bd_trough : State: idle
2024-05-07 06:04:26,326 : INFO : EventManager : Event: ======'init_phase_3'====== Args={}
2024-05-07 06:04:26,480 : ERROR : asyncio : Exception in callback EventManager._queue_task_done(<Task finishe...at: '300MS'")>)
handle: <Handle EventManager._queue_task_done(<Task finishe...at: '300MS'")>)>
Traceback (most recent call last):
  File "/Library/Frameworks/Python.framework/Versions/3.9/lib/python3.9/asyncio/events.py", line 80, in _run
    self._context.run(self._callback, *self._args)
  File "/Users/tannerpetch/Documents/git/mpf/mpf/core/events.py", line 795, in _queue_task_done
    future.result()
  File "/Users/tannerpetch/Documents/git/mpf/mpf/core/events.py", line 708, in _run_handlers_sequential
    handler.callback(queue=queue, **merged_kwargs)
  File "/Users/tannerpetch/Documents/git/mpf/mpf/core/show_controller.py", line 53, in _load_shows
    self.machine.shows[show_name].load(show_config)
  File "/Users/tannerpetch/Documents/git/mpf/mpf/assets/show.py", line 154, in load
    duration = self._get_duration(data, step_num, total_step_time)
  File "/Users/tannerpetch/Documents/git/mpf/mpf/assets/show.py", line 118, in _get_duration
    return Util.string_to_secs(step['duration'])
  File "/Users/tannerpetch/Documents/git/mpf/mpf/core/utility_functions.py", line 626, in string_to_secs
    return Util.string_to_ms(time_string) / 1000.0
  File "/Users/tannerpetch/Documents/git/mpf/mpf/core/utility_functions.py", line 608, in string_to_ms
    return int(float(time_string[:-1]) * 1000)
ValueError: could not convert string to float: '300MS'
2024-05-07 06:04:26,483 : INFO : Machine : Starting the main run loop.
2024-05-07 06:04:26,483 : INFO : Machine : Shutting down...
2024-05-07 06:04:26,483 : INFO : EventManager : Event: ======'shutdown'====== Args={}
2024-05-07 06:04:27,485 : ERROR : Machine : Runtime Exception
Traceback (most recent call last):
  File "/Users/tannerpetch/Documents/git/mpf/mpf/core/machine.py", line 793, in _run_loop
    raise self._exception['exception']
  File "/Library/Frameworks/Python.framework/Versions/3.9/lib/python3.9/asyncio/events.py", line 80, in _run
    self._context.run(self._callback, *self._args)
  File "/Users/tannerpetch/Documents/git/mpf/mpf/core/events.py", line 795, in _queue_task_done
    future.result()
  File "/Users/tannerpetch/Documents/git/mpf/mpf/core/events.py", line 708, in _run_handlers_sequential
    handler.callback(queue=queue, **merged_kwargs)
  File "/Users/tannerpetch/Documents/git/mpf/mpf/core/show_controller.py", line 53, in _load_shows
    self.machine.shows[show_name].load(show_config)
  File "/Users/tannerpetch/Documents/git/mpf/mpf/assets/show.py", line 154, in load
    duration = self._get_duration(data, step_num, total_step_time)
  File "/Users/tannerpetch/Documents/git/mpf/mpf/assets/show.py", line 118, in _get_duration
    return Util.string_to_secs(step['duration'])
  File "/Users/tannerpetch/Documents/git/mpf/mpf/core/utility_functions.py", line 626, in string_to_secs
    return Util.string_to_ms(time_string) / 1000.0
  File "/Users/tannerpetch/Documents/git/mpf/mpf/core/utility_functions.py", line 608, in string_to_ms
    return int(float(time_string[:-1]) * 1000)
ValueError: could not convert string to float: '300MS'
2024-05-07 06:04:27,487 : INFO : root : MPF run loop ended.
