2024-05-05 09:32:14,030 : INFO : root : Loading config.
2024-05-05 09:32:14,032 : INFO : YamlMultifileConfigLoader : Machine config file #1: config.yaml
2024-05-05 09:32:14,032 : WARNING : ConfigProcessor : Config file in cache changed: /Users/tannerpetch/Documents/GitHub/lofab/config/config.yaml
2024-05-05 09:32:14,032 : INFO : ConfigProcessor : Loading config from file /Users/tannerpetch/Documents/git/mpf/mpf/mpfconfig.yaml.
2024-05-05 09:32:14,036 : INFO : ConfigProcessor : Loading config: /Users/tannerpetch/Documents/git/mpf/mpf/mpfconfig.yaml
2024-05-05 09:32:14,037 : INFO : ConfigProcessor : Loading config from file /Users/tannerpetch/Documents/GitHub/lofab/config/config.yaml.
2024-05-05 09:32:14,040 : INFO : ConfigProcessor : Loading config: /Users/tannerpetch/Documents/GitHub/lofab/config/config.yaml
2024-05-05 09:32:14,042 : INFO : ConfigProcessor : Config file cache created: /var/folders/l2/q8hj_6s91xnb2jxg1sqm0h7r0000gn/T/479bffd5d2f40b527f859677e5b1aef9.mpf_cache
2024-05-05 09:32:14,064 : INFO : ConfigProcessor : Loading config from cache: /var/folders/l2/q8hj_6s91xnb2jxg1sqm0h7r0000gn/T/0481b880979d7ccc71369ad5f781c736.mpf_cache
2024-05-05 09:32:14,065 : INFO : ConfigProcessor : Loading config from cache: /var/folders/l2/q8hj_6s91xnb2jxg1sqm0h7r0000gn/T/9cfa8e96748dd80c23752180dbf36e5c.mpf_cache
2024-05-05 09:32:14,065 : INFO : ConfigProcessor : Loading config from cache: /var/folders/l2/q8hj_6s91xnb2jxg1sqm0h7r0000gn/T/0481b880979d7ccc71369ad5f781c736.mpf_cache
2024-05-05 09:32:14,065 : INFO : ConfigProcessor : Loading config from cache: /var/folders/l2/q8hj_6s91xnb2jxg1sqm0h7r0000gn/T/1875c266911f801b691956fe9e9284d6.mpf_cache
2024-05-05 09:32:14,065 : INFO : ConfigProcessor : Loading config from cache: /var/folders/l2/q8hj_6s91xnb2jxg1sqm0h7r0000gn/T/f97c90855879603280fcc571f5c42639.mpf_cache
2024-05-05 09:32:14,065 : INFO : ConfigProcessor : Loading config from cache: /var/folders/l2/q8hj_6s91xnb2jxg1sqm0h7r0000gn/T/5336ce152edc820b26f3a51a9f95779b.mpf_cache
2024-05-05 09:32:14,065 : INFO : ConfigProcessor : Loading config from cache: /var/folders/l2/q8hj_6s91xnb2jxg1sqm0h7r0000gn/T/3dbc438e88423aa3ff742db2713b600f.mpf_cache
2024-05-05 09:32:14,066 : INFO : ConfigProcessor : Loading config from cache: /var/folders/l2/q8hj_6s91xnb2jxg1sqm0h7r0000gn/T/154d071a3850556c6f3eae37bf41c8b6.mpf_cache
2024-05-05 09:32:14,067 : INFO : ConfigProcessor : Loading config from cache: /var/folders/l2/q8hj_6s91xnb2jxg1sqm0h7r0000gn/T/ab100dbe0e16472b56f0213f3842a00f.mpf_cache
2024-05-05 09:32:14,068 : INFO : ConfigProcessor : Loading config from cache: /var/folders/l2/q8hj_6s91xnb2jxg1sqm0h7r0000gn/T/f03ad90ccd2c053e9e5d10795d01f4ba.mpf_cache
2024-05-05 09:32:14,068 : INFO : ConfigProcessor : Loading config from cache: /var/folders/l2/q8hj_6s91xnb2jxg1sqm0h7r0000gn/T/0f3c951d4c93079ae3fac6429c5bc2ee.mpf_cache
2024-05-05 09:32:14,068 : INFO : ConfigProcessor : Loading config from cache: /var/folders/l2/q8hj_6s91xnb2jxg1sqm0h7r0000gn/T/8bf004783a280ac33d17b88f37848116.mpf_cache
2024-05-05 09:32:14,069 : INFO : ConfigProcessor : Loading config from cache: /var/folders/l2/q8hj_6s91xnb2jxg1sqm0h7r0000gn/T/d5d50eaa09e055f3a827c6269a3aa165.mpf_cache
2024-05-05 09:32:14,069 : INFO : ConfigProcessor : Loading config from cache: /var/folders/l2/q8hj_6s91xnb2jxg1sqm0h7r0000gn/T/eefb91dd78a2b4d0f2b86f7f7cb501a3.mpf_cache
2024-05-05 09:32:14,069 : INFO : ConfigProcessor : Loading config from cache: /var/folders/l2/q8hj_6s91xnb2jxg1sqm0h7r0000gn/T/d32f8b43f49e3e57afbd189fbbccae80.mpf_cache
2024-05-05 09:32:14,070 : INFO : ConfigProcessor : Loading config from cache: /var/folders/l2/q8hj_6s91xnb2jxg1sqm0h7r0000gn/T/08db62a1c5938674fa894d468364ed3e.mpf_cache
2024-05-05 09:32:14,070 : INFO : Machine : Mission Pinball Framework Core Engine v0.80.0.dev1
2024-05-05 09:32:14,070 : INFO : Machine : Command line arguments: {'no_load_cache': False, 'create_config_cache': True, 'bcp': False, 'configfile': ['config.yaml'], 'force_assets_load': False, 'platform_integration_test': False, 'jsonlogging': False, 'logfile': 'logs/2024-05-05-09-32-14-mpf-Tanners-Laptop.local.log', 'pause': False, 'production': False, 'text_ui': True, 'loglevel': 15, 'consoleloglevel': 20, 'force_platform': 'virtual', 'syslog_address': None, 'mc_file_name': None, 'no_sound': False}
2024-05-05 09:32:14,070 : INFO : Machine : MPF path: /Users/tannerpetch/Documents/git/mpf/mpf
2024-05-05 09:32:14,070 : INFO : Machine : Machine path: /Users/tannerpetch/Documents/GitHub/lofab
2024-05-05 09:32:14,070 : INFO : Machine : Platform: darwin
2024-05-05 09:32:14,070 : INFO : Machine : Python executable location: /Users/tannerpetch/mpfenv/bin/python3
2024-05-05 09:32:14,070 : INFO : Machine : Python version: 3.9.13 (64-bit)
2024-05-05 09:32:14,070 : INFO : Machine : Initializing MPF...
2024-05-05 09:32:14,096 : INFO : EventManager : Event: ======'machine_var_credits_string'====== Args={'value': 'FREE PLAY', 'prev_value': None, 'change': True}
2024-05-05 09:32:14,101 : INFO : EventManager : Event: ======'machine_var_master_volume'====== Args={'value': 0.5, 'prev_value': None, 'change': True}
2024-05-05 09:32:14,101 : INFO : EventManager : Event: ======'machine_var_mpf_version'====== Args={'value': 'Mission Pinball Framework v0.80.0.dev1', 'prev_value': None, 'change': True}
2024-05-05 09:32:14,101 : INFO : EventManager : Event: ======'machine_var_mpf_extended_version'====== Args={'value': 'Mission Pinball Framework v0.80.0.dev1, Config version:6, Show version: 6, BCP version:1.1', 'prev_value': None, 'change': True}
2024-05-05 09:32:14,101 : INFO : EventManager : Event: ======'machine_var_python_version'====== Args={'value': '3.9.13', 'prev_value': None, 'change': True}
2024-05-05 09:32:14,107 : INFO : EventManager : Event: ======'machine_var_platform'====== Args={'value': 'macOS-14.3-arm64-arm-64bit', 'prev_value': None, 'change': True}
2024-05-05 09:32:14,107 : INFO : EventManager : Event: ======'machine_var_platform_system'====== Args={'value': 'Darwin', 'prev_value': None, 'change': True}
2024-05-05 09:32:14,107 : INFO : EventManager : Event: ======'machine_var_platform_release'====== Args={'value': '23.3.0', 'prev_value': None, 'change': True}
2024-05-05 09:32:14,107 : INFO : EventManager : Event: ======'machine_var_platform_version'====== Args={'value': 'Darwin Kernel Version 23.3.0: Thu Dec 21 02:29:41 PST 2023; root:xnu-10002.81.5~11/RELEASE_ARM64_T8122', 'prev_value': None, 'change': True}
2024-05-05 09:32:14,107 : INFO : EventManager : Event: ======'machine_var_platform_machine'====== Args={'value': 'arm64', 'prev_value': None, 'change': True}
2024-05-05 09:32:14,107 : INFO : EventManager : Event: ======'init_phase_1'====== Args={}
2024-05-05 09:32:14,124 : INFO : EventManager : Event: ======'init_phase_2'====== Args={}
2024-05-05 09:32:14,126 : INFO : ball_device.bd_vuk : BCH: Initial count: 0
2024-05-05 09:32:14,126 : INFO : ball_device.bd_vuk : State: idle
2024-05-05 09:32:14,126 : INFO : ball_device.bd_trough : BCH: Initial count: 0
2024-05-05 09:32:14,127 : INFO : ball_device.bd_trough : State: idle
2024-05-05 09:32:14,130 : INFO : EventManager : Event: ======'init_phase_3'====== Args={}
2024-05-05 09:32:14,264 : INFO : EventManager : Event: ======'init_phase_4'====== Args={}
2024-05-05 09:32:14,264 : INFO : BallController : Initial balls found: 0
2024-05-05 09:32:14,265 : INFO : EventManager : Event: ======'machine_var_audits_events_game_ended'====== Args={'value': 0, 'prev_value': None, 'change': True}
2024-05-05 09:32:14,265 : INFO : EventManager : Event: ======'machine_var_audits_events_game_started'====== Args={'value': 1, 'prev_value': None, 'change': True}
2024-05-05 09:32:14,265 : INFO : EventManager : Event: ======'machine_var_audits_missing_switches_s_e'====== Args={'value': 1, 'prev_value': None, 'change': True}
2024-05-05 09:32:14,265 : INFO : EventManager : Event: ======'machine_var_audits_missing_switches_s_flipper_l'====== Args={'value': 1, 'prev_value': None, 'change': True}
2024-05-05 09:32:14,265 : INFO : EventManager : Event: ======'machine_var_audits_missing_switches_s_flipper_r'====== Args={'value': 1, 'prev_value': None, 'change': True}
2024-05-05 09:32:14,265 : INFO : EventManager : Event: ======'machine_var_audits_missing_switches_s_h'====== Args={'value': 1, 'prev_value': None, 'change': True}
2024-05-05 09:32:14,265 : INFO : EventManager : Event: ======'machine_var_audits_missing_switches_s_launch'====== Args={'value': 1, 'prev_value': None, 'change': True}
2024-05-05 09:32:14,265 : INFO : EventManager : Event: ======'machine_var_audits_missing_switches_s_pop'====== Args={'value': 1, 'prev_value': None, 'change': True}
2024-05-05 09:32:14,265 : INFO : EventManager : Event: ======'machine_var_audits_missing_switches_s_ramp_complete'====== Args={'value': 1, 'prev_value': None, 'change': True}
2024-05-05 09:32:14,265 : INFO : EventManager : Event: ======'machine_var_audits_missing_switches_s_ramp_l'====== Args={'value': 1, 'prev_value': None, 'change': True}
2024-05-05 09:32:14,265 : INFO : EventManager : Event: ======'machine_var_audits_missing_switches_s_ramp_r'====== Args={'value': 1, 'prev_value': None, 'change': True}
2024-05-05 09:32:14,265 : INFO : EventManager : Event: ======'machine_var_audits_missing_switches_s_sling_l'====== Args={'value': 1, 'prev_value': None, 'change': True}
2024-05-05 09:32:14,265 : INFO : EventManager : Event: ======'machine_var_audits_missing_switches_s_sling_r'====== Args={'value': 1, 'prev_value': None, 'change': True}
2024-05-05 09:32:14,265 : INFO : EventManager : Event: ======'machine_var_audits_missing_switches_s_spinner'====== Args={'value': 1, 'prev_value': None, 'change': True}
2024-05-05 09:32:14,265 : INFO : EventManager : Event: ======'machine_var_audits_missing_switches_s_start'====== Args={'value': 1, 'prev_value': None, 'change': True}
2024-05-05 09:32:14,266 : INFO : EventManager : Event: ======'machine_var_audits_missing_switches_s_stationary_back'====== Args={'value': 1, 'prev_value': None, 'change': True}
2024-05-05 09:32:14,266 : INFO : EventManager : Event: ======'machine_var_audits_missing_switches_s_stationary_o'====== Args={'value': 1, 'prev_value': None, 'change': True}
2024-05-05 09:32:14,266 : INFO : EventManager : Event: ======'machine_var_audits_missing_switches_s_stationary_s'====== Args={'value': 1, 'prev_value': None, 'change': True}
2024-05-05 09:32:14,266 : INFO : EventManager : Event: ======'machine_var_audits_missing_switches_s_stationary_u'====== Args={'value': 1, 'prev_value': None, 'change': True}
2024-05-05 09:32:14,266 : INFO : EventManager : Event: ======'machine_var_audits_missing_switches_s_tilt_l'====== Args={'value': 1, 'prev_value': None, 'change': True}
2024-05-05 09:32:14,266 : INFO : EventManager : Event: ======'machine_var_audits_missing_switches_s_tilt_r'====== Args={'value': 1, 'prev_value': None, 'change': True}
2024-05-05 09:32:14,266 : INFO : EventManager : Event: ======'machine_var_audits_missing_switches_s_trough_1'====== Args={'value': 1, 'prev_value': None, 'change': True}
2024-05-05 09:32:14,266 : INFO : EventManager : Event: ======'machine_var_audits_missing_switches_s_trough_2'====== Args={'value': 1, 'prev_value': None, 'change': True}
2024-05-05 09:32:14,266 : INFO : EventManager : Event: ======'machine_var_audits_missing_switches_s_trough_3'====== Args={'value': 1, 'prev_value': None, 'change': True}
2024-05-05 09:32:14,266 : INFO : EventManager : Event: ======'machine_var_audits_missing_switches_s_trough_4'====== Args={'value': 1, 'prev_value': None, 'change': True}
2024-05-05 09:32:14,266 : INFO : EventManager : Event: ======'machine_var_audits_missing_switches_s_vuk'====== Args={'value': 1, 'prev_value': None, 'change': True}
2024-05-05 09:32:14,266 : INFO : EventManager : Event: ======'machine_var_audits_player_score'====== Args={'value': {'average': 0, 'top': [], 'total': 0}, 'prev_value': None, 'change': True}
2024-05-05 09:32:14,266 : INFO : EventManager : Event: ======'machine_var_audits_switches_s_e'====== Args={'value': 0, 'prev_value': None, 'change': True}
2024-05-05 09:32:14,266 : INFO : EventManager : Event: ======'machine_var_audits_switches_s_flipper_l'====== Args={'value': 0, 'prev_value': None, 'change': True}
2024-05-05 09:32:14,266 : INFO : EventManager : Event: ======'machine_var_audits_switches_s_flipper_r'====== Args={'value': 0, 'prev_value': None, 'change': True}
2024-05-05 09:32:14,266 : INFO : EventManager : Event: ======'machine_var_audits_switches_s_h'====== Args={'value': 0, 'prev_value': None, 'change': True}
2024-05-05 09:32:14,266 : INFO : EventManager : Event: ======'machine_var_audits_switches_s_launch'====== Args={'value': 0, 'prev_value': None, 'change': True}
2024-05-05 09:32:14,266 : INFO : EventManager : Event: ======'machine_var_audits_switches_s_pop'====== Args={'value': 0, 'prev_value': None, 'change': True}
2024-05-05 09:32:14,266 : INFO : EventManager : Event: ======'machine_var_audits_switches_s_ramp_complete'====== Args={'value': 0, 'prev_value': None, 'change': True}
2024-05-05 09:32:14,266 : INFO : EventManager : Event: ======'machine_var_audits_switches_s_ramp_l'====== Args={'value': 0, 'prev_value': None, 'change': True}
2024-05-05 09:32:14,267 : INFO : EventManager : Event: ======'machine_var_audits_switches_s_ramp_r'====== Args={'value': 0, 'prev_value': None, 'change': True}
2024-05-05 09:32:14,267 : INFO : EventManager : Event: ======'machine_var_audits_switches_s_sling_l'====== Args={'value': 0, 'prev_value': None, 'change': True}
2024-05-05 09:32:14,267 : INFO : EventManager : Event: ======'machine_var_audits_switches_s_sling_r'====== Args={'value': 0, 'prev_value': None, 'change': True}
2024-05-05 09:32:14,267 : INFO : EventManager : Event: ======'machine_var_audits_switches_s_spinner'====== Args={'value': 0, 'prev_value': None, 'change': True}
2024-05-05 09:32:14,267 : INFO : EventManager : Event: ======'machine_var_audits_switches_s_start'====== Args={'value': 0, 'prev_value': None, 'change': True}
2024-05-05 09:32:14,267 : INFO : EventManager : Event: ======'machine_var_audits_switches_s_stationary_back'====== Args={'value': 0, 'prev_value': None, 'change': True}
2024-05-05 09:32:14,267 : INFO : EventManager : Event: ======'machine_var_audits_switches_s_stationary_o'====== Args={'value': 0, 'prev_value': None, 'change': True}
2024-05-05 09:32:14,267 : INFO : EventManager : Event: ======'machine_var_audits_switches_s_stationary_s'====== Args={'value': 0, 'prev_value': None, 'change': True}
2024-05-05 09:32:14,267 : INFO : EventManager : Event: ======'machine_var_audits_switches_s_stationary_u'====== Args={'value': 0, 'prev_value': None, 'change': True}
2024-05-05 09:32:14,267 : INFO : EventManager : Event: ======'machine_var_audits_switches_s_tilt_l'====== Args={'value': 0, 'prev_value': None, 'change': True}
2024-05-05 09:32:14,267 : INFO : EventManager : Event: ======'machine_var_audits_switches_s_tilt_r'====== Args={'value': 0, 'prev_value': None, 'change': True}
2024-05-05 09:32:14,267 : INFO : EventManager : Event: ======'machine_var_audits_switches_s_trough_1'====== Args={'value': 0, 'prev_value': None, 'change': True}
2024-05-05 09:32:14,267 : INFO : EventManager : Event: ======'machine_var_audits_switches_s_trough_2'====== Args={'value': 0, 'prev_value': None, 'change': True}
2024-05-05 09:32:14,267 : INFO : EventManager : Event: ======'machine_var_audits_switches_s_trough_3'====== Args={'value': 0, 'prev_value': None, 'change': True}
2024-05-05 09:32:14,267 : INFO : EventManager : Event: ======'machine_var_audits_switches_s_trough_4'====== Args={'value': 0, 'prev_value': None, 'change': True}
2024-05-05 09:32:14,268 : INFO : EventManager : Event: ======'machine_var_audits_switches_s_vuk'====== Args={'value': 0, 'prev_value': None, 'change': True}
2024-05-05 09:32:14,268 : INFO : EventManager : Event: ======'init_phase_5'====== Args={}
2024-05-05 09:32:14,268 : INFO : EventManager : Event: ======'init_done'====== Args={}
2024-05-05 09:32:14,268 : INFO : EventManager : Event: ======'machine_reset_phase_1'====== Args={}
2024-05-05 09:32:14,269 : INFO : EventManager : Event: ======'machine_reset_phase_2'====== Args={}
2024-05-05 09:32:14,269 : INFO : EventManager : Event: ======'machine_reset_phase_3'====== Args={}
2024-05-05 09:32:14,269 : INFO : EventManager : Event: ======'reset_complete'====== Args={}
2024-05-05 09:32:14,269 : INFO : EventManager : Event: ======'mode_attract_will_start'====== Args={}
2024-05-05 09:32:14,269 : INFO : EventManager : Event: ======'mode_attract_starting'====== Args={}
2024-05-05 09:32:14,269 : INFO : Mode.attract : Started. Priority: 10
2024-05-05 09:32:14,269 : INFO : EventManager : Event: ======'modes_active_modes_changed'====== Args={}
2024-05-05 09:32:14,269 : INFO : EventManager : Event: ======'mode_attract_started'====== Args={}
2024-05-05 09:32:14,269 : INFO : EventManager : Event: ======'collecting_balls_complete'====== Args={}
2024-05-05 09:32:14,269 : INFO : Machine : Starting the main run loop.
2024-05-05 09:32:14,873 : INFO : BcpServer : New client connected.
2024-05-05 09:32:15,971 : INFO : SwitchController : <<<<<<< 's_trough_1' active >>>>>>>
2024-05-05 09:32:16,088 : INFO : SwitchController : <<<<<<< 's_trough_1' inactive >>>>>>>
2024-05-05 09:32:16,522 : INFO : SwitchController : <<<<<<< 's_trough_1' active >>>>>>>
2024-05-05 09:32:17,025 : INFO : EventManager : Event: ======'balldevice_bd_trough_ball_count_changed'====== Args={'balls': 1}
2024-05-05 09:32:17,025 : INFO : ball_device.bd_trough : Received unexpected ball
2024-05-05 09:32:17,026 : INFO : EventManager : Event: ======'balldevice_captured_from_playfield'====== Args={'balls': 1}
2024-05-05 09:32:17,026 : INFO : EventManager : Event: ======'sw_playfield_active'====== Args={'balls': 1}
2024-05-05 09:32:17,026 : INFO : EventManager : Event: ======'playfield_active'====== Args={}
2024-05-05 09:32:17,026 : INFO : EventManager : Event: ======'unexpected_ball_on_playfield'====== Args={}
2024-05-05 09:32:17,027 : INFO : EventManager : Event: ======'playfield_ball_count_change'====== Args={'balls': -1, 'change': -1}
2024-05-05 09:32:17,027 : INFO : EventManager : Event: ======'balldevice_playfield_ball_enter'====== Args={'new_balls': 1, 'unclaimed_balls': 1, 'device': <playfield.playfield>}
2024-05-05 09:32:17,027 : INFO : EventManager : Event: ======'playfield_ball_count_change'====== Args={'balls': 0, 'change': 1}
2024-05-05 09:32:17,028 : INFO : BallController : Found a new ball which was captured from playfield. Known balls: 1
2024-05-05 09:32:17,028 : INFO : EventManager : Event: ======'found_new_ball'====== Args={}
2024-05-05 09:32:17,028 : INFO : EventManager : Event: ======'balldevice_bd_trough_ball_enter'====== Args={'new_balls': 1, 'unclaimed_balls': 1, 'new_available_balls': 1, 'device': <ball_device.bd_trough>}
2024-05-05 09:32:17,028 : INFO : EventManager : Event: ======'ball_drain'====== Args={'device': <ball_device.bd_trough>, 'balls': 1}
2024-05-05 09:32:17,029 : INFO : EventManager : Event: ======'balldevice_balls_available'====== Args={}
2024-05-05 09:32:17,029 : INFO : EventManager : Event: ======'balldevice_bd_trough_ball_entered'====== Args={'new_balls': 1, 'device': <ball_device.bd_trough>}
2024-05-05 09:32:19,923 : INFO : SwitchController : <<<<<<< 's_start' active >>>>>>>
2024-05-05 09:32:20,088 : INFO : SwitchController : <<<<<<< 's_start' inactive >>>>>>>
2024-05-05 09:32:20,088 : INFO : EventManager : Event: ======'request_to_start_game'====== Args={}
2024-05-05 09:32:20,089 : INFO : EventManager : Event: ======'game_start'====== Args={'buttons': [], 'hold_time': 0.16440658299999988}
2024-05-05 09:32:20,089 : INFO : EventManager : Event: ======'mode_game_will_start'====== Args={'buttons': [], 'hold_time': 0.16440658299999988}
2024-05-05 09:32:20,089 : INFO : EventManager : Event: ======'mode_game_starting'====== Args={'buttons': [], 'hold_time': 0.16440658299999988}
2024-05-05 09:32:20,090 : INFO : EventManager : Event: ======'mode_attract_will_stop'====== Args={}
2024-05-05 09:32:20,090 : INFO : EventManager : Event: ======'mode_attract_stopping'====== Args={}
2024-05-05 09:32:20,090 : INFO : Mode.attract : Stopped.
2024-05-05 09:32:20,090 : INFO : EventManager : Event: ======'modes_active_modes_changed'====== Args={}
2024-05-05 09:32:20,091 : INFO : EventManager : Event: ======'mode_attract_stopped'====== Args={}
2024-05-05 09:32:20,091 : INFO : EventManager : Event: ======'clear'====== Args={'key': 'attract'}
2024-05-05 09:32:20,091 : INFO : Mode.game : Started. Priority: 20
2024-05-05 09:32:20,091 : INFO : EventManager : Event: ======'modes_active_modes_changed'====== Args={}
2024-05-05 09:32:20,091 : INFO : EventManager : Event: ======'mode_game_started'====== Args={'buttons': [], 'hold_time': 0.16440658299999988}
2024-05-05 09:32:20,092 : INFO : EventManager : Event: ======'game_will_start'====== Args={}
2024-05-05 09:32:20,092 : INFO : EventManager : Event: ======'game_starting'====== Args={'game': <Mode.game>}
2024-05-05 09:32:20,093 : INFO : EventManager : Unordered handler for class <Auditor> on event game_ended with priority 1. Handlers: [RegisteredHandler(callback=<bound method Auditor.disable of <Auditor>>, priority=1, kwargs={}, key=UUID('5c391328-8f62-401b-b502-2f815193cb0d'), condition=None, blocking_facility=None), RegisteredHandler(callback=<bound method Auditor._save_audits of <Auditor>>, priority=1, kwargs={}, key=UUID('02b18825-ddec-4d45-8ab1-d0247e981cf7'), condition=None, blocking_facility=None)]. The order of those handlers is not defined and they will be executed in random order. This might lead to race conditions and potential bugs.
2024-05-05 09:32:20,093 : INFO : EventManager : Event: ======'player_add_request'====== Args={}
2024-05-05 09:32:20,093 : INFO : EventManager : Event: ======'player_will_add'====== Args={'number': 1}
2024-05-05 09:32:20,093 : INFO : EventManager : Event: ======'player_adding'====== Args={'player': <Player 1>, 'number': 1}
2024-05-05 09:32:20,094 : INFO : EventManager : Event: ======'player_added'====== Args={'player': <Player 1>, 'num': 1}
2024-05-05 09:32:20,094 : INFO : Mode.game : Player added successfully. Total players: 1
2024-05-05 09:32:20,094 : INFO : EventManager : Event: ======'player_index'====== Args={'value': 0, 'prev_value': 0, 'change': 0, 'player_num': 1}
2024-05-05 09:32:20,094 : INFO : EventManager : Event: ======'player_number'====== Args={'value': 1, 'prev_value': 1, 'change': 0, 'player_num': 1}
2024-05-05 09:32:20,094 : INFO : EventManager : Event: ======'player_score'====== Args={'value': 0, 'prev_value': 0, 'change': 0, 'player_num': 1}
2024-05-05 09:32:20,095 : INFO : EventManager : Event: ======'game_started'====== Args={}
2024-05-05 09:32:20,095 : INFO : EventManager : Event: ======'player_turn_will_start'====== Args={'player': <Player 1>, 'number': 1}
2024-05-05 09:32:20,095 : INFO : EventManager : Event: ======'player_turn_starting'====== Args={'player': <Player 1>, 'number': 1}
2024-05-05 09:32:20,095 : INFO : EventManager : Event: ======'player_ball'====== Args={'value': 1, 'prev_value': 0, 'change': 1, 'player_num': 1}
2024-05-05 09:32:20,095 : INFO : EventManager : Event: ======'player_turn_started'====== Args={'player': <Player 1>, 'number': 1}
2024-05-05 09:32:20,098 : INFO : EventManager : Event: ======'ball_will_start'====== Args={'player': 1, 'ball': 1, 'balls_remaining': 2, 'is_extra_ball': False}
2024-05-05 09:32:20,102 : INFO : EventManager : Event: ======'ball_starting'====== Args={'player': 1, 'ball': 1, 'balls_remaining': 2, 'is_extra_ball': False}
2024-05-05 09:32:20,102 : INFO : EventManager : Event: ======'mode_base_will_start'====== Args={'queue': <QueuedEvent>, 'player': 1, 'ball': 1, 'balls_remaining': 2, 'is_extra_ball': False}
2024-05-05 09:32:20,103 : INFO : EventManager : Event: ======'player_shot_r_pop_enabled'====== Args={'value': True, 'prev_value': 0, 'change': 1, 'player_num': 1}
2024-05-05 09:32:20,103 : INFO : EventManager : Event: ======'player_shot_r_sling_l_enabled'====== Args={'value': True, 'prev_value': 0, 'change': 1, 'player_num': 1}
2024-05-05 09:32:20,103 : INFO : EventManager : Event: ======'player_shot_r_sling_r_enabled'====== Args={'value': True, 'prev_value': 0, 'change': 1, 'player_num': 1}
2024-05-05 09:32:20,104 : INFO : EventManager : Event: ======'mode_base_starting'====== Args={'queue': <QueuedEvent>, 'player': 1, 'ball': 1, 'balls_remaining': 2, 'is_extra_ball': False}
2024-05-05 09:32:20,104 : INFO : EventManager : Event: ======'waiting_for_launch_press'====== Args={}
2024-05-05 09:32:20,104 : INFO : Mode.base : Started. Priority: 100
2024-05-05 09:32:20,104 : INFO : EventManager : Event: ======'modes_active_modes_changed'====== Args={}
2024-05-05 09:32:20,104 : INFO : EventManager : Event: ======'mode_base_started'====== Args={'queue': <QueuedEvent>, 'player': 1, 'ball': 1, 'balls_remaining': 2, 'is_extra_ball': False}
2024-05-05 09:33:14,806 : INFO : SwitchController : <<<<<<< 's_stationary_u' active >>>>>>>
2024-05-05 09:33:14,806 : INFO : EventManager : Event: ======'playfield_active'====== Args={}
2024-05-05 09:33:14,807 : INFO : EventManager : Event: ======'unexpected_ball_on_playfield'====== Args={}
2024-05-05 09:33:14,807 : INFO : EventManager : Event: ======'sw_playfield_active'====== Args={}
2024-05-05 09:33:14,808 : INFO : EventManager : Event: ======'machine_var_audits_switches_s_stationary_u'====== Args={'value': 1, 'prev_value': 0, 'change': 1}
2024-05-05 09:33:14,809 : INFO : EventManager : Event: ======'playfield_active'====== Args={}
2024-05-05 09:33:14,809 : INFO : EventManager : Event: ======'unexpected_ball_on_playfield'====== Args={}
2024-05-05 09:33:14,938 : INFO : SwitchController : <<<<<<< 's_stationary_u' inactive >>>>>>>
2024-05-05 09:33:20,738 : INFO : SwitchController : <<<<<<< 's_start' active >>>>>>>
2024-05-05 09:33:20,738 : INFO : EventManager : Event: ======'sw_start'====== Args={}
2024-05-05 09:33:20,738 : INFO : EventManager : Event: ======'machine_var_audits_switches_s_start'====== Args={'value': 1, 'prev_value': 0, 'change': 1}
2024-05-05 09:33:20,739 : INFO : EventManager : Event: ======'player_add_request'====== Args={}
2024-05-05 09:33:20,739 : INFO : EventManager : Event: ======'player_will_add'====== Args={'number': 2}
2024-05-05 09:33:20,739 : INFO : EventManager : Event: ======'player_adding'====== Args={'player': <Player 2>, 'number': 2}
2024-05-05 09:33:20,739 : INFO : EventManager : Event: ======'player_added'====== Args={'player': <Player 2>, 'num': 2}
2024-05-05 09:33:20,739 : INFO : Mode.game : Player added successfully. Total players: 2
2024-05-05 09:33:20,739 : INFO : EventManager : Event: ======'multiplayer_game'====== Args={}
2024-05-05 09:33:20,742 : INFO : EventManager : Event: ======'player_index'====== Args={'value': 1, 'prev_value': 1, 'change': 0, 'player_num': 2}
2024-05-05 09:33:20,742 : INFO : EventManager : Event: ======'player_number'====== Args={'value': 2, 'prev_value': 2, 'change': 0, 'player_num': 2}
2024-05-05 09:33:20,743 : INFO : EventManager : Event: ======'player_score'====== Args={'value': 0, 'prev_value': 0, 'change': 0, 'player_num': 2}
2024-05-05 09:33:20,888 : INFO : SwitchController : <<<<<<< 's_start' inactive >>>>>>>
2024-05-05 09:33:24,740 : INFO : SwitchController : <<<<<<< 's_stationary_u' active >>>>>>>
2024-05-05 09:33:24,741 : INFO : EventManager : Event: ======'playfield_active'====== Args={}
2024-05-05 09:33:24,741 : INFO : EventManager : Event: ======'unexpected_ball_on_playfield'====== Args={}
2024-05-05 09:33:24,742 : INFO : EventManager : Event: ======'sw_playfield_active'====== Args={}
2024-05-05 09:33:24,742 : INFO : EventManager : Event: ======'machine_var_audits_switches_s_stationary_u'====== Args={'value': 2, 'prev_value': 1, 'change': 1}
2024-05-05 09:33:24,743 : INFO : EventManager : Event: ======'playfield_active'====== Args={}
2024-05-05 09:33:24,743 : INFO : EventManager : Event: ======'unexpected_ball_on_playfield'====== Args={}
2024-05-05 09:33:24,890 : INFO : SwitchController : <<<<<<< 's_stationary_u' inactive >>>>>>>
2024-05-05 09:33:25,090 : INFO : SwitchController : <<<<<<< 's_stationary_u' active >>>>>>>
2024-05-05 09:33:25,091 : INFO : EventManager : Event: ======'playfield_active'====== Args={}
2024-05-05 09:33:25,091 : INFO : EventManager : Event: ======'unexpected_ball_on_playfield'====== Args={}
2024-05-05 09:33:25,091 : INFO : EventManager : Event: ======'sw_playfield_active'====== Args={}
2024-05-05 09:33:25,092 : INFO : EventManager : Event: ======'machine_var_audits_switches_s_stationary_u'====== Args={'value': 3, 'prev_value': 2, 'change': 1}
2024-05-05 09:33:25,092 : INFO : EventManager : Event: ======'playfield_active'====== Args={}
2024-05-05 09:33:25,093 : INFO : EventManager : Event: ======'unexpected_ball_on_playfield'====== Args={}
2024-05-05 09:33:25,222 : INFO : SwitchController : <<<<<<< 's_stationary_u' inactive >>>>>>>
2024-05-05 09:33:25,525 : INFO : SwitchController : <<<<<<< 's_stationary_u' active >>>>>>>
2024-05-05 09:33:25,526 : INFO : EventManager : Event: ======'playfield_active'====== Args={}
2024-05-05 09:33:25,526 : INFO : EventManager : Event: ======'unexpected_ball_on_playfield'====== Args={}
2024-05-05 09:33:25,527 : INFO : EventManager : Event: ======'sw_playfield_active'====== Args={}
2024-05-05 09:33:25,527 : INFO : EventManager : Event: ======'machine_var_audits_switches_s_stationary_u'====== Args={'value': 4, 'prev_value': 3, 'change': 1}
2024-05-05 09:33:25,528 : INFO : EventManager : Event: ======'playfield_active'====== Args={}
2024-05-05 09:33:25,528 : INFO : EventManager : Event: ======'unexpected_ball_on_playfield'====== Args={}
2024-05-05 09:33:25,740 : INFO : SwitchController : <<<<<<< 's_stationary_u' inactive >>>>>>>
2024-05-05 09:33:25,940 : INFO : SwitchController : <<<<<<< 's_stationary_u' active >>>>>>>
2024-05-05 09:33:25,940 : INFO : EventManager : Event: ======'playfield_active'====== Args={}
2024-05-05 09:33:25,941 : INFO : EventManager : Event: ======'unexpected_ball_on_playfield'====== Args={}
2024-05-05 09:33:25,942 : INFO : EventManager : Event: ======'sw_playfield_active'====== Args={}
2024-05-05 09:33:25,942 : INFO : EventManager : Event: ======'machine_var_audits_switches_s_stationary_u'====== Args={'value': 5, 'prev_value': 4, 'change': 1}
2024-05-05 09:33:25,943 : INFO : EventManager : Event: ======'playfield_active'====== Args={}
2024-05-05 09:33:25,943 : INFO : EventManager : Event: ======'unexpected_ball_on_playfield'====== Args={}
2024-05-05 09:33:26,156 : INFO : SwitchController : <<<<<<< 's_stationary_u' inactive >>>>>>>
2024-05-05 09:33:26,357 : INFO : SwitchController : <<<<<<< 's_stationary_u' active >>>>>>>
2024-05-05 09:33:26,357 : INFO : EventManager : Event: ======'playfield_active'====== Args={}
2024-05-05 09:33:26,358 : INFO : EventManager : Event: ======'unexpected_ball_on_playfield'====== Args={}
2024-05-05 09:33:26,358 : INFO : EventManager : Event: ======'sw_playfield_active'====== Args={}
2024-05-05 09:33:26,358 : INFO : EventManager : Event: ======'machine_var_audits_switches_s_stationary_u'====== Args={'value': 6, 'prev_value': 5, 'change': 1}
2024-05-05 09:33:26,359 : INFO : EventManager : Event: ======'playfield_active'====== Args={}
2024-05-05 09:33:26,359 : INFO : EventManager : Event: ======'unexpected_ball_on_playfield'====== Args={}
2024-05-05 09:33:26,556 : INFO : SwitchController : <<<<<<< 's_stationary_u' inactive >>>>>>>
2024-05-05 09:33:26,773 : INFO : SwitchController : <<<<<<< 's_stationary_u' active >>>>>>>
2024-05-05 09:33:26,773 : INFO : EventManager : Event: ======'playfield_active'====== Args={}
2024-05-05 09:33:26,774 : INFO : EventManager : Event: ======'unexpected_ball_on_playfield'====== Args={}
2024-05-05 09:33:26,774 : INFO : EventManager : Event: ======'sw_playfield_active'====== Args={}
2024-05-05 09:33:26,775 : INFO : EventManager : Event: ======'machine_var_audits_switches_s_stationary_u'====== Args={'value': 7, 'prev_value': 6, 'change': 1}
2024-05-05 09:33:26,775 : INFO : EventManager : Event: ======'playfield_active'====== Args={}
2024-05-05 09:33:26,775 : INFO : EventManager : Event: ======'unexpected_ball_on_playfield'====== Args={}
2024-05-05 09:33:26,972 : INFO : SwitchController : <<<<<<< 's_stationary_u' inactive >>>>>>>
2024-05-05 09:33:27,173 : INFO : SwitchController : <<<<<<< 's_stationary_u' active >>>>>>>
2024-05-05 09:33:27,174 : INFO : EventManager : Event: ======'playfield_active'====== Args={}
2024-05-05 09:33:27,174 : INFO : EventManager : Event: ======'unexpected_ball_on_playfield'====== Args={}
2024-05-05 09:33:27,174 : INFO : EventManager : Event: ======'sw_playfield_active'====== Args={}
2024-05-05 09:33:27,175 : INFO : EventManager : Event: ======'machine_var_audits_switches_s_stationary_u'====== Args={'value': 8, 'prev_value': 7, 'change': 1}
2024-05-05 09:33:27,176 : INFO : EventManager : Event: ======'playfield_active'====== Args={}
2024-05-05 09:33:27,176 : INFO : EventManager : Event: ======'unexpected_ball_on_playfield'====== Args={}
2024-05-05 09:33:27,373 : INFO : SwitchController : <<<<<<< 's_stationary_u' inactive >>>>>>>
2024-05-05 09:33:30,289 : INFO : SwitchController : <<<<<<< 's_stationary_u' active >>>>>>>
2024-05-05 09:33:30,289 : INFO : EventManager : Event: ======'playfield_active'====== Args={}
2024-05-05 09:33:30,290 : INFO : EventManager : Event: ======'unexpected_ball_on_playfield'====== Args={}
2024-05-05 09:33:30,290 : INFO : EventManager : Event: ======'sw_playfield_active'====== Args={}
2024-05-05 09:33:30,291 : INFO : EventManager : Event: ======'machine_var_audits_switches_s_stationary_u'====== Args={'value': 9, 'prev_value': 8, 'change': 1}
2024-05-05 09:33:30,292 : INFO : EventManager : Event: ======'playfield_active'====== Args={}
2024-05-05 09:33:30,292 : INFO : EventManager : Event: ======'unexpected_ball_on_playfield'====== Args={}
2024-05-05 09:33:30,505 : INFO : SwitchController : <<<<<<< 's_stationary_u' inactive >>>>>>>
2024-05-05 09:33:30,672 : INFO : SwitchController : <<<<<<< 's_stationary_u' active >>>>>>>
2024-05-05 09:33:30,673 : INFO : EventManager : Event: ======'playfield_active'====== Args={}
2024-05-05 09:33:30,673 : INFO : EventManager : Event: ======'unexpected_ball_on_playfield'====== Args={}
2024-05-05 09:33:30,673 : INFO : EventManager : Event: ======'sw_playfield_active'====== Args={}
2024-05-05 09:33:30,674 : INFO : EventManager : Event: ======'machine_var_audits_switches_s_stationary_u'====== Args={'value': 10, 'prev_value': 9, 'change': 1}
2024-05-05 09:33:30,675 : INFO : EventManager : Event: ======'playfield_active'====== Args={}
2024-05-05 09:33:30,675 : INFO : EventManager : Event: ======'unexpected_ball_on_playfield'====== Args={}
2024-05-05 09:33:31,172 : INFO : SwitchController : <<<<<<< 's_stationary_u' inactive >>>>>>>
2024-05-05 09:33:34,272 : INFO : SwitchController : <<<<<<< 's_stationary_u' active >>>>>>>
2024-05-05 09:33:34,272 : INFO : EventManager : Event: ======'playfield_active'====== Args={}
2024-05-05 09:33:34,273 : INFO : EventManager : Event: ======'unexpected_ball_on_playfield'====== Args={}
2024-05-05 09:33:34,273 : INFO : EventManager : Event: ======'sw_playfield_active'====== Args={}
2024-05-05 09:33:34,273 : INFO : EventManager : Event: ======'machine_var_audits_switches_s_stationary_u'====== Args={'value': 11, 'prev_value': 10, 'change': 1}
2024-05-05 09:33:34,274 : INFO : EventManager : Event: ======'playfield_active'====== Args={}
2024-05-05 09:33:34,275 : INFO : EventManager : Event: ======'unexpected_ball_on_playfield'====== Args={}
2024-05-05 09:33:34,422 : INFO : SwitchController : <<<<<<< 's_stationary_u' inactive >>>>>>>
2024-05-05 09:33:34,606 : INFO : SwitchController : <<<<<<< 's_stationary_u' active >>>>>>>
2024-05-05 09:33:34,606 : INFO : EventManager : Event: ======'playfield_active'====== Args={}
2024-05-05 09:33:34,606 : INFO : EventManager : Event: ======'unexpected_ball_on_playfield'====== Args={}
2024-05-05 09:33:34,607 : INFO : EventManager : Event: ======'sw_playfield_active'====== Args={}
2024-05-05 09:33:34,607 : INFO : EventManager : Event: ======'machine_var_audits_switches_s_stationary_u'====== Args={'value': 12, 'prev_value': 11, 'change': 1}
2024-05-05 09:33:34,608 : INFO : EventManager : Event: ======'playfield_active'====== Args={}
2024-05-05 09:33:34,608 : INFO : EventManager : Event: ======'unexpected_ball_on_playfield'====== Args={}
2024-05-05 09:33:34,739 : INFO : SwitchController : <<<<<<< 's_stationary_u' inactive >>>>>>>
2024-05-05 09:33:34,872 : INFO : SwitchController : <<<<<<< 's_stationary_u' active >>>>>>>
2024-05-05 09:33:34,873 : INFO : EventManager : Event: ======'playfield_active'====== Args={}
2024-05-05 09:33:34,873 : INFO : EventManager : Event: ======'unexpected_ball_on_playfield'====== Args={}
2024-05-05 09:33:34,874 : INFO : EventManager : Event: ======'sw_playfield_active'====== Args={}
2024-05-05 09:33:34,874 : INFO : EventManager : Event: ======'machine_var_audits_switches_s_stationary_u'====== Args={'value': 13, 'prev_value': 12, 'change': 1}
2024-05-05 09:33:34,875 : INFO : EventManager : Event: ======'playfield_active'====== Args={}
2024-05-05 09:33:34,876 : INFO : EventManager : Event: ======'unexpected_ball_on_playfield'====== Args={}
2024-05-05 09:33:35,022 : INFO : SwitchController : <<<<<<< 's_stationary_u' inactive >>>>>>>
2024-05-05 09:33:35,205 : INFO : SwitchController : <<<<<<< 's_stationary_u' active >>>>>>>
2024-05-05 09:33:35,205 : INFO : EventManager : Event: ======'playfield_active'====== Args={}
2024-05-05 09:33:35,206 : INFO : EventManager : Event: ======'unexpected_ball_on_playfield'====== Args={}
2024-05-05 09:33:35,206 : INFO : EventManager : Event: ======'sw_playfield_active'====== Args={}
2024-05-05 09:33:35,207 : INFO : EventManager : Event: ======'machine_var_audits_switches_s_stationary_u'====== Args={'value': 14, 'prev_value': 13, 'change': 1}
2024-05-05 09:33:35,207 : INFO : EventManager : Event: ======'playfield_active'====== Args={}
2024-05-05 09:33:35,208 : INFO : EventManager : Event: ======'unexpected_ball_on_playfield'====== Args={}
2024-05-05 09:33:35,339 : INFO : SwitchController : <<<<<<< 's_stationary_u' inactive >>>>>>>
2024-05-05 09:33:35,489 : INFO : SwitchController : <<<<<<< 's_stationary_u' active >>>>>>>
2024-05-05 09:33:35,489 : INFO : EventManager : Event: ======'playfield_active'====== Args={}
2024-05-05 09:33:35,489 : INFO : EventManager : Event: ======'unexpected_ball_on_playfield'====== Args={}
2024-05-05 09:33:35,490 : INFO : EventManager : Event: ======'sw_playfield_active'====== Args={}
2024-05-05 09:33:35,490 : INFO : EventManager : Event: ======'machine_var_audits_switches_s_stationary_u'====== Args={'value': 15, 'prev_value': 14, 'change': 1}
2024-05-05 09:33:35,491 : INFO : EventManager : Event: ======'playfield_active'====== Args={}
2024-05-05 09:33:35,492 : INFO : EventManager : Event: ======'unexpected_ball_on_playfield'====== Args={}
2024-05-05 09:33:35,705 : INFO : SwitchController : <<<<<<< 's_stationary_u' inactive >>>>>>>
2024-05-05 09:33:43,684 : INFO : SwitchController : <<<<<<< 's_trough_4' active >>>>>>>
2024-05-05 09:33:43,684 : INFO : EventManager : Event: ======'machine_var_audits_switches_s_trough_4'====== Args={'value': 1, 'prev_value': 0, 'change': 1}
2024-05-05 09:33:44,187 : INFO : EventManager : Event: ======'balldevice_bd_trough_ball_count_changed'====== Args={'balls': 2}
2024-05-05 09:33:44,187 : INFO : ball_device.bd_trough : Received unexpected ball
2024-05-05 09:33:44,188 : INFO : EventManager : Event: ======'balldevice_captured_from_playfield'====== Args={'balls': 1}
2024-05-05 09:33:44,189 : INFO : EventManager : Event: ======'sw_playfield_active'====== Args={'balls': 1}
2024-05-05 09:33:44,189 : INFO : EventManager : Event: ======'playfield_active'====== Args={}
2024-05-05 09:33:44,190 : INFO : EventManager : Event: ======'unexpected_ball_on_playfield'====== Args={}
2024-05-05 09:33:44,190 : INFO : EventManager : Event: ======'playfield_ball_count_change'====== Args={'balls': -1, 'change': -1}
2024-05-05 09:33:44,191 : INFO : EventManager : Event: ======'balldevice_playfield_ball_enter'====== Args={'new_balls': 1, 'unclaimed_balls': 1, 'device': <playfield.playfield>}
2024-05-05 09:33:44,191 : INFO : EventManager : Event: ======'playfield_ball_count_change'====== Args={'balls': 0, 'change': 1}
2024-05-05 09:33:44,192 : INFO : BallController : Found a new ball which was captured from playfield. Known balls: 2
2024-05-05 09:33:44,192 : INFO : EventManager : Event: ======'found_new_ball'====== Args={}
2024-05-05 09:33:44,192 : INFO : EventManager : Event: ======'balldevice_bd_trough_ball_enter'====== Args={'new_balls': 1, 'unclaimed_balls': 1, 'new_available_balls': 1, 'device': <ball_device.bd_trough>}
2024-05-05 09:33:44,193 : INFO : EventManager : Event: ======'ball_drain'====== Args={'device': <ball_device.bd_trough>, 'balls': 1}
2024-05-05 09:33:44,193 : INFO : EventManager : Event: ======'balldevice_balls_available'====== Args={}
2024-05-05 09:33:44,193 : INFO : EventManager : Event: ======'balldevice_bd_trough_ball_entered'====== Args={'new_balls': 1, 'device': <ball_device.bd_trough>}
2024-05-05 09:33:52,140 : INFO : SwitchController : <<<<<<< 's_start' active >>>>>>>
2024-05-05 09:33:52,140 : INFO : EventManager : Event: ======'sw_start'====== Args={}
2024-05-05 09:33:52,141 : INFO : EventManager : Event: ======'machine_var_audits_switches_s_start'====== Args={'value': 2, 'prev_value': 1, 'change': 1}
2024-05-05 09:33:52,142 : INFO : EventManager : Event: ======'player_add_request'====== Args={}
2024-05-05 09:33:52,143 : INFO : EventManager : Event: ======'player_will_add'====== Args={'number': 3}
2024-05-05 09:33:52,148 : INFO : EventManager : Event: ======'player_adding'====== Args={'player': <Player 3>, 'number': 3}
2024-05-05 09:33:52,148 : INFO : EventManager : Event: ======'player_added'====== Args={'player': <Player 3>, 'num': 3}
2024-05-05 09:33:52,149 : INFO : Mode.game : Player added successfully. Total players: 3
2024-05-05 09:33:52,149 : INFO : EventManager : Event: ======'player_index'====== Args={'value': 2, 'prev_value': 2, 'change': 0, 'player_num': 3}
2024-05-05 09:33:52,150 : INFO : EventManager : Event: ======'player_number'====== Args={'value': 3, 'prev_value': 3, 'change': 0, 'player_num': 3}
2024-05-05 09:33:52,150 : INFO : EventManager : Event: ======'player_score'====== Args={'value': 0, 'prev_value': 0, 'change': 0, 'player_num': 3}
2024-05-05 09:33:52,273 : INFO : SwitchController : <<<<<<< 's_start' inactive >>>>>>>
2024-05-05 09:34:04,322 : INFO : SwitchController : <<<<<<< 's_vuk' active >>>>>>>
2024-05-05 09:34:04,322 : INFO : EventManager : Event: ======'machine_var_audits_switches_s_vuk'====== Args={'value': 1, 'prev_value': 0, 'change': 1}
2024-05-05 09:34:04,472 : INFO : SwitchController : <<<<<<< 's_vuk' inactive >>>>>>>
2024-05-05 09:34:04,907 : INFO : SwitchController : <<<<<<< 's_vuk' active >>>>>>>
2024-05-05 09:34:04,907 : INFO : EventManager : Event: ======'machine_var_audits_switches_s_vuk'====== Args={'value': 2, 'prev_value': 1, 'change': 1}
2024-05-05 09:34:05,109 : INFO : SwitchController : <<<<<<< 's_vuk' inactive >>>>>>>
2024-05-05 09:34:05,492 : INFO : SwitchController : <<<<<<< 's_vuk' active >>>>>>>
2024-05-05 09:34:05,492 : INFO : EventManager : Event: ======'machine_var_audits_switches_s_vuk'====== Args={'value': 3, 'prev_value': 2, 'change': 1}
2024-05-05 09:34:05,690 : INFO : SwitchController : <<<<<<< 's_vuk' inactive >>>>>>>
2024-05-05 09:34:06,040 : INFO : SwitchController : <<<<<<< 's_vuk' active >>>>>>>
2024-05-05 09:34:06,041 : INFO : EventManager : Event: ======'machine_var_audits_switches_s_vuk'====== Args={'value': 4, 'prev_value': 3, 'change': 1}
2024-05-05 09:34:06,257 : INFO : SwitchController : <<<<<<< 's_vuk' inactive >>>>>>>
2024-05-05 09:34:07,073 : INFO : SwitchController : <<<<<<< 's_vuk' active >>>>>>>
2024-05-05 09:34:07,074 : INFO : EventManager : Event: ======'machine_var_audits_switches_s_vuk'====== Args={'value': 5, 'prev_value': 4, 'change': 1}
2024-05-05 09:34:07,575 : INFO : EventManager : Event: ======'balldevice_bd_vuk_ball_count_changed'====== Args={'balls': 1}
2024-05-05 09:34:07,576 : INFO : ball_device.bd_vuk : Received unexpected ball
2024-05-05 09:34:07,576 : INFO : EventManager : Event: ======'balldevice_captured_from_playfield'====== Args={'balls': 1}
2024-05-05 09:34:07,577 : INFO : EventManager : Event: ======'sw_playfield_active'====== Args={'balls': 1}
2024-05-05 09:34:07,577 : INFO : EventManager : Event: ======'playfield_active'====== Args={}
2024-05-05 09:34:07,577 : INFO : EventManager : Event: ======'unexpected_ball_on_playfield'====== Args={}
2024-05-05 09:34:07,578 : INFO : EventManager : Event: ======'playfield_ball_count_change'====== Args={'balls': -1, 'change': -1}
2024-05-05 09:34:07,578 : INFO : EventManager : Event: ======'balldevice_playfield_ball_enter'====== Args={'new_balls': 1, 'unclaimed_balls': 1, 'device': <playfield.playfield>}
2024-05-05 09:34:07,579 : INFO : EventManager : Event: ======'playfield_ball_count_change'====== Args={'balls': 0, 'change': 1}
2024-05-05 09:34:07,579 : INFO : BallController : Found a new ball which was captured from playfield. Known balls: 3
2024-05-05 09:34:07,579 : INFO : EventManager : Event: ======'found_new_ball'====== Args={}
2024-05-05 09:34:07,579 : INFO : EventManager : Event: ======'balldevice_bd_vuk_ball_enter'====== Args={'new_balls': 1, 'unclaimed_balls': 1, 'new_available_balls': 1, 'device': <ball_device.bd_vuk>}
2024-05-05 09:34:07,580 : INFO : ball_device.bd_vuk : Ejecting 1 unexpected balls using path deque([<ball_device.bd_vuk>, <playfield.playfield>])
2024-05-05 09:34:07,580 : INFO : EventManager : Event: ======'balldevice_balls_available'====== Args={}
2024-05-05 09:34:07,581 : INFO : EventManager : Event: ======'balldevice_balls_available'====== Args={}
2024-05-05 09:34:07,581 : INFO : EventManager : Event: ======'balldevice_bd_vuk_ball_entered'====== Args={'new_balls': 1, 'device': <ball_device.bd_vuk>}
2024-05-05 09:34:07,583 : INFO : ball_device.bd_vuk : State: waiting_for_target_ready
2024-05-05 09:34:07,583 : INFO : EventManager : Event: ======'balldevice_bd_vuk_ball_eject_attempt'====== Args={'balls': 1, 'target': <playfield.playfield>, 'source': <ball_device.bd_vuk>, 'mechanical_eject': False, 'num_attempts': 0}
2024-05-05 09:34:07,584 : INFO : ball_device.bd_vuk : State: ejecting
2024-05-05 09:34:07,584 : INFO : ball_device.bd_vuk : Ejecting ball to <playfield.playfield>
2024-05-05 09:34:07,584 : INFO : EventManager : Event: ======'balldevice_bd_vuk_ejecting_ball'====== Args={'balls': 1, 'target': <playfield.playfield>, 'source': <ball_device.bd_vuk>, 'mechanical_eject': False, 'num_attempts': 0}
2024-05-05 09:34:07,585 : INFO : ball_device.bd_vuk : Wait for ball to leave device
2024-05-05 09:34:07,585 : INFO : coil.c_vuk : Pulsing Driver for 15ms (1.0 pulse_power)
2024-05-05 09:34:08,587 : INFO : EventManager : Event: ======'balldevice_bd_vuk_ball_eject_failed'====== Args={'target': <playfield.playfield>, 'balls': 1, 'retry': True, 'num_attempts': 1}
2024-05-05 09:34:08,590 : INFO : ball_device.bd_vuk : State: waiting_for_target_ready
2024-05-05 09:34:08,590 : INFO : EventManager : Event: ======'balldevice_bd_vuk_ball_eject_attempt'====== Args={'balls': 1, 'target': <playfield.playfield>, 'source': <ball_device.bd_vuk>, 'mechanical_eject': False, 'num_attempts': 1}
2024-05-05 09:34:08,591 : INFO : ball_device.bd_vuk : State: ejecting
2024-05-05 09:34:08,591 : INFO : ball_device.bd_vuk : Ejecting ball to <playfield.playfield>
2024-05-05 09:34:08,591 : INFO : EventManager : Event: ======'balldevice_bd_vuk_ejecting_ball'====== Args={'balls': 1, 'target': <playfield.playfield>, 'source': <ball_device.bd_vuk>, 'mechanical_eject': False, 'num_attempts': 1}
2024-05-05 09:34:08,592 : INFO : ball_device.bd_vuk : Wait for ball to leave device
2024-05-05 09:34:08,592 : INFO : coil.c_vuk : Pulsing Driver for 15ms (1.0 pulse_power)
2024-05-05 09:34:09,390 : INFO : SwitchController : <<<<<<< 's_vuk' inactive >>>>>>>
2024-05-05 09:34:09,392 : INFO : ball_device.bd_vuk : State: ball_left
2024-05-05 09:34:09,392 : INFO : ball_device.bd_vuk : Ball left
2024-05-05 09:34:09,392 : INFO : ball_device.bd_vuk : Wait for confirm with timeout 1.0
2024-05-05 09:34:09,506 : INFO : SwitchController : <<<<<<< 's_vuk' active >>>>>>>
2024-05-05 09:34:09,507 : INFO : EventManager : Event: ======'machine_var_audits_switches_s_vuk'====== Args={'value': 6, 'prev_value': 5, 'change': 1}
2024-05-05 09:34:10,393 : INFO : ball_device.bd_vuk : State: failed_confirm
2024-05-05 09:34:10,394 : INFO : ball_device.bd_vuk : Got timeout (1.0s) before confirm from <playfield.playfield>
2024-05-05 09:34:10,496 : INFO : ball_device.bd_vuk : Got unknown balls. Assuming a ball returned.
2024-05-05 09:34:10,497 : INFO : EventManager : Event: ======'balldevice_bd_vuk_ball_eject_failed'====== Args={'target': <playfield.playfield>, 'balls': 1, 'retry': True, 'num_attempts': 2}
2024-05-05 09:34:10,499 : INFO : ball_device.bd_vuk : State: waiting_for_target_ready
2024-05-05 09:34:10,499 : INFO : EventManager : Event: ======'balldevice_bd_vuk_ball_eject_attempt'====== Args={'balls': 1, 'target': <playfield.playfield>, 'source': <ball_device.bd_vuk>, 'mechanical_eject': False, 'num_attempts': 2}
2024-05-05 09:34:10,500 : INFO : ball_device.bd_vuk : State: ejecting
2024-05-05 09:34:10,500 : INFO : ball_device.bd_vuk : Ejecting ball to <playfield.playfield>
2024-05-05 09:34:10,500 : INFO : EventManager : Event: ======'balldevice_bd_vuk_ejecting_ball'====== Args={'balls': 1, 'target': <playfield.playfield>, 'source': <ball_device.bd_vuk>, 'mechanical_eject': False, 'num_attempts': 2}
2024-05-05 09:34:10,501 : INFO : ball_device.bd_vuk : Wait for ball to leave device
2024-05-05 09:34:10,501 : INFO : coil.c_vuk : Pulsing Driver for 15ms (1.0 pulse_power)
2024-05-05 09:34:11,502 : INFO : EventManager : Event: ======'balldevice_bd_vuk_ball_eject_failed'====== Args={'target': <playfield.playfield>, 'balls': 1, 'retry': True, 'num_attempts': 3}
2024-05-05 09:34:11,505 : INFO : ball_device.bd_vuk : State: waiting_for_target_ready
2024-05-05 09:34:11,505 : INFO : EventManager : Event: ======'balldevice_bd_vuk_ball_eject_attempt'====== Args={'balls': 1, 'target': <playfield.playfield>, 'source': <ball_device.bd_vuk>, 'mechanical_eject': False, 'num_attempts': 3}
2024-05-05 09:34:11,506 : INFO : ball_device.bd_vuk : State: ejecting
2024-05-05 09:34:11,506 : INFO : ball_device.bd_vuk : Ejecting ball to <playfield.playfield>
2024-05-05 09:34:11,506 : INFO : EventManager : Event: ======'balldevice_bd_vuk_ejecting_ball'====== Args={'balls': 1, 'target': <playfield.playfield>, 'source': <ball_device.bd_vuk>, 'mechanical_eject': False, 'num_attempts': 3}
2024-05-05 09:34:11,507 : INFO : ball_device.bd_vuk : Wait for ball to leave device
2024-05-05 09:34:11,507 : INFO : coil.c_vuk : Pulsing Driver for 15ms (1.0 pulse_power)
2024-05-05 09:34:12,422 : INFO : SwitchController : <<<<<<< 's_stationary_u' active >>>>>>>
2024-05-05 09:34:12,422 : INFO : EventManager : Event: ======'playfield_active'====== Args={}
2024-05-05 09:34:12,423 : INFO : EventManager : Event: ======'sw_playfield_active'====== Args={}
2024-05-05 09:34:12,423 : INFO : EventManager : Event: ======'machine_var_audits_switches_s_stationary_u'====== Args={'value': 16, 'prev_value': 15, 'change': 1}
2024-05-05 09:34:12,424 : INFO : EventManager : Event: ======'playfield_active'====== Args={}
2024-05-05 09:34:12,509 : INFO : EventManager : Event: ======'balldevice_bd_vuk_ball_eject_failed'====== Args={'target': <playfield.playfield>, 'balls': 1, 'retry': True, 'num_attempts': 4}
2024-05-05 09:34:12,510 : INFO : ball_device.bd_vuk : State: waiting_for_target_ready
2024-05-05 09:34:12,511 : INFO : EventManager : Event: ======'balldevice_bd_vuk_ball_eject_attempt'====== Args={'balls': 1, 'target': <playfield.playfield>, 'source': <ball_device.bd_vuk>, 'mechanical_eject': False, 'num_attempts': 4}
2024-05-05 09:34:12,511 : INFO : ball_device.bd_vuk : State: ejecting
2024-05-05 09:34:12,511 : INFO : ball_device.bd_vuk : Ejecting ball to <playfield.playfield>
2024-05-05 09:34:12,511 : INFO : EventManager : Event: ======'balldevice_bd_vuk_ejecting_ball'====== Args={'balls': 1, 'target': <playfield.playfield>, 'source': <ball_device.bd_vuk>, 'mechanical_eject': False, 'num_attempts': 4}
2024-05-05 09:34:12,512 : INFO : ball_device.bd_vuk : Wait for ball to leave device
2024-05-05 09:34:12,512 : INFO : coil.c_vuk : Pulsing Driver for 15ms (1.0 pulse_power)
2024-05-05 09:34:12,605 : INFO : SwitchController : <<<<<<< 's_stationary_u' inactive >>>>>>>
2024-05-05 09:34:12,805 : INFO : SwitchController : <<<<<<< 's_stationary_u' active >>>>>>>
2024-05-05 09:34:12,805 : INFO : EventManager : Event: ======'playfield_active'====== Args={}
2024-05-05 09:34:12,805 : INFO : EventManager : Event: ======'sw_playfield_active'====== Args={}
2024-05-05 09:34:12,806 : INFO : EventManager : Event: ======'machine_var_audits_switches_s_stationary_u'====== Args={'value': 17, 'prev_value': 16, 'change': 1}
2024-05-05 09:34:12,807 : INFO : EventManager : Event: ======'playfield_active'====== Args={}
2024-05-05 09:34:12,938 : INFO : SwitchController : <<<<<<< 's_stationary_u' inactive >>>>>>>
2024-05-05 09:34:13,055 : INFO : SwitchController : <<<<<<< 's_stationary_u' active >>>>>>>
2024-05-05 09:34:13,056 : INFO : EventManager : Event: ======'playfield_active'====== Args={}
2024-05-05 09:34:13,056 : INFO : EventManager : Event: ======'sw_playfield_active'====== Args={}
2024-05-05 09:34:13,057 : INFO : EventManager : Event: ======'machine_var_audits_switches_s_stationary_u'====== Args={'value': 18, 'prev_value': 17, 'change': 1}
2024-05-05 09:34:13,058 : INFO : EventManager : Event: ======'playfield_active'====== Args={}
2024-05-05 09:34:13,154 : INFO : SwitchController : <<<<<<< 's_stationary_u' inactive >>>>>>>
2024-05-05 09:34:13,255 : INFO : SwitchController : <<<<<<< 's_stationary_u' active >>>>>>>
2024-05-05 09:34:13,256 : INFO : EventManager : Event: ======'playfield_active'====== Args={}
2024-05-05 09:34:13,256 : INFO : EventManager : Event: ======'sw_playfield_active'====== Args={}
2024-05-05 09:34:13,257 : INFO : EventManager : Event: ======'machine_var_audits_switches_s_stationary_u'====== Args={'value': 19, 'prev_value': 18, 'change': 1}
2024-05-05 09:34:13,258 : INFO : EventManager : Event: ======'playfield_active'====== Args={}
2024-05-05 09:34:13,355 : INFO : SwitchController : <<<<<<< 's_stationary_u' inactive >>>>>>>
2024-05-05 09:34:13,513 : INFO : EventManager : Event: ======'balldevice_bd_vuk_ball_eject_failed'====== Args={'target': <playfield.playfield>, 'balls': 1, 'retry': True, 'num_attempts': 5}
2024-05-05 09:34:13,515 : INFO : ball_device.bd_vuk : State: waiting_for_target_ready
2024-05-05 09:34:13,515 : INFO : EventManager : Event: ======'balldevice_bd_vuk_ball_eject_attempt'====== Args={'balls': 1, 'target': <playfield.playfield>, 'source': <ball_device.bd_vuk>, 'mechanical_eject': False, 'num_attempts': 5}
2024-05-05 09:34:13,516 : INFO : ball_device.bd_vuk : State: ejecting
2024-05-05 09:34:13,516 : INFO : ball_device.bd_vuk : Ejecting ball to <playfield.playfield>
2024-05-05 09:34:13,517 : INFO : EventManager : Event: ======'balldevice_bd_vuk_ejecting_ball'====== Args={'balls': 1, 'target': <playfield.playfield>, 'source': <ball_device.bd_vuk>, 'mechanical_eject': False, 'num_attempts': 5}
2024-05-05 09:34:13,517 : INFO : ball_device.bd_vuk : Wait for ball to leave device
2024-05-05 09:34:13,517 : INFO : coil.c_vuk : Pulsing Driver for 15ms (1.0 pulse_power)
2024-05-05 09:34:14,518 : INFO : EventManager : Event: ======'balldevice_bd_vuk_ball_eject_failed'====== Args={'target': <playfield.playfield>, 'balls': 1, 'retry': True, 'num_attempts': 6}
2024-05-05 09:34:14,520 : INFO : ball_device.bd_vuk : State: waiting_for_target_ready
2024-05-05 09:34:14,521 : INFO : EventManager : Event: ======'balldevice_bd_vuk_ball_eject_attempt'====== Args={'balls': 1, 'target': <playfield.playfield>, 'source': <ball_device.bd_vuk>, 'mechanical_eject': False, 'num_attempts': 6}
2024-05-05 09:34:14,521 : INFO : ball_device.bd_vuk : State: ejecting
2024-05-05 09:34:14,522 : INFO : ball_device.bd_vuk : Ejecting ball to <playfield.playfield>
2024-05-05 09:34:14,522 : INFO : EventManager : Event: ======'balldevice_bd_vuk_ejecting_ball'====== Args={'balls': 1, 'target': <playfield.playfield>, 'source': <ball_device.bd_vuk>, 'mechanical_eject': False, 'num_attempts': 6}
2024-05-05 09:34:14,523 : INFO : ball_device.bd_vuk : Wait for ball to leave device
2024-05-05 09:34:14,523 : INFO : coil.c_vuk : Pulsing Driver for 15ms (1.0 pulse_power)
2024-05-05 09:34:15,524 : INFO : EventManager : Event: ======'balldevice_bd_vuk_ball_eject_failed'====== Args={'target': <playfield.playfield>, 'balls': 1, 'retry': True, 'num_attempts': 7}
2024-05-05 09:34:15,526 : INFO : ball_device.bd_vuk : State: waiting_for_target_ready
2024-05-05 09:34:15,527 : INFO : EventManager : Event: ======'balldevice_bd_vuk_ball_eject_attempt'====== Args={'balls': 1, 'target': <playfield.playfield>, 'source': <ball_device.bd_vuk>, 'mechanical_eject': False, 'num_attempts': 7}
2024-05-05 09:34:15,527 : INFO : ball_device.bd_vuk : State: ejecting
2024-05-05 09:34:15,528 : INFO : ball_device.bd_vuk : Ejecting ball to <playfield.playfield>
2024-05-05 09:34:15,528 : INFO : EventManager : Event: ======'balldevice_bd_vuk_ejecting_ball'====== Args={'balls': 1, 'target': <playfield.playfield>, 'source': <ball_device.bd_vuk>, 'mechanical_eject': False, 'num_attempts': 7}
2024-05-05 09:34:15,529 : INFO : ball_device.bd_vuk : Wait for ball to leave device
2024-05-05 09:34:15,529 : INFO : coil.c_vuk : Pulsing Driver for 15ms (1.0 pulse_power)
2024-05-05 09:34:16,530 : INFO : EventManager : Event: ======'balldevice_bd_vuk_ball_eject_failed'====== Args={'target': <playfield.playfield>, 'balls': 1, 'retry': True, 'num_attempts': 8}
2024-05-05 09:34:16,532 : INFO : ball_device.bd_vuk : State: waiting_for_target_ready
2024-05-05 09:34:16,533 : INFO : EventManager : Event: ======'balldevice_bd_vuk_ball_eject_attempt'====== Args={'balls': 1, 'target': <playfield.playfield>, 'source': <ball_device.bd_vuk>, 'mechanical_eject': False, 'num_attempts': 8}
2024-05-05 09:34:16,534 : INFO : ball_device.bd_vuk : State: ejecting
2024-05-05 09:34:16,534 : INFO : ball_device.bd_vuk : Ejecting ball to <playfield.playfield>
2024-05-05 09:34:16,534 : INFO : EventManager : Event: ======'balldevice_bd_vuk_ejecting_ball'====== Args={'balls': 1, 'target': <playfield.playfield>, 'source': <ball_device.bd_vuk>, 'mechanical_eject': False, 'num_attempts': 8}
2024-05-05 09:34:16,535 : INFO : ball_device.bd_vuk : Wait for ball to leave device
2024-05-05 09:34:16,535 : INFO : coil.c_vuk : Pulsing Driver for 15ms (1.0 pulse_power)
2024-05-05 09:34:17,537 : INFO : EventManager : Event: ======'balldevice_bd_vuk_ball_eject_failed'====== Args={'target': <playfield.playfield>, 'balls': 1, 'retry': True, 'num_attempts': 9}
2024-05-05 09:34:17,540 : INFO : ball_device.bd_vuk : State: waiting_for_target_ready
2024-05-05 09:34:17,540 : INFO : EventManager : Event: ======'balldevice_bd_vuk_ball_eject_attempt'====== Args={'balls': 1, 'target': <playfield.playfield>, 'source': <ball_device.bd_vuk>, 'mechanical_eject': False, 'num_attempts': 9}
2024-05-05 09:34:17,541 : INFO : ball_device.bd_vuk : State: ejecting
2024-05-05 09:34:17,541 : INFO : ball_device.bd_vuk : Ejecting ball to <playfield.playfield>
2024-05-05 09:34:17,541 : INFO : EventManager : Event: ======'balldevice_bd_vuk_ejecting_ball'====== Args={'balls': 1, 'target': <playfield.playfield>, 'source': <ball_device.bd_vuk>, 'mechanical_eject': False, 'num_attempts': 9}
2024-05-05 09:34:17,542 : INFO : ball_device.bd_vuk : Wait for ball to leave device
2024-05-05 09:34:17,542 : INFO : coil.c_vuk : Pulsing Driver for 15ms (1.0 pulse_power)
2024-05-05 09:34:18,429 : INFO : SwitchController : <<<<<<< 's_trough_1' inactive >>>>>>>
2024-05-05 09:34:18,544 : INFO : EventManager : Event: ======'balldevice_bd_vuk_ball_eject_failed'====== Args={'target': <playfield.playfield>, 'balls': 1, 'retry': True, 'num_attempts': 10}
2024-05-05 09:34:18,546 : INFO : ball_device.bd_vuk : State: waiting_for_target_ready
2024-05-05 09:34:18,546 : INFO : EventManager : Event: ======'balldevice_bd_vuk_ball_eject_attempt'====== Args={'balls': 1, 'target': <playfield.playfield>, 'source': <ball_device.bd_vuk>, 'mechanical_eject': False, 'num_attempts': 10}
2024-05-05 09:34:18,547 : INFO : ball_device.bd_vuk : State: ejecting
2024-05-05 09:34:18,547 : INFO : ball_device.bd_vuk : Ejecting ball to <playfield.playfield>
2024-05-05 09:34:18,547 : INFO : EventManager : Event: ======'balldevice_bd_vuk_ejecting_ball'====== Args={'balls': 1, 'target': <playfield.playfield>, 'source': <ball_device.bd_vuk>, 'mechanical_eject': False, 'num_attempts': 10}
2024-05-05 09:34:18,548 : INFO : ball_device.bd_vuk : Wait for ball to leave device
2024-05-05 09:34:18,549 : INFO : coil.c_vuk : Pulsing Driver for 15ms (1.0 pulse_power)
2024-05-05 09:34:19,549 : INFO : EventManager : Event: ======'balldevice_bd_vuk_ball_eject_failed'====== Args={'target': <playfield.playfield>, 'balls': 1, 'retry': True, 'num_attempts': 11}
2024-05-05 09:34:19,552 : INFO : ball_device.bd_vuk : State: waiting_for_target_ready
2024-05-05 09:34:19,552 : INFO : EventManager : Event: ======'balldevice_bd_vuk_ball_eject_attempt'====== Args={'balls': 1, 'target': <playfield.playfield>, 'source': <ball_device.bd_vuk>, 'mechanical_eject': False, 'num_attempts': 11}
2024-05-05 09:34:19,553 : INFO : ball_device.bd_vuk : State: ejecting
2024-05-05 09:34:19,554 : INFO : ball_device.bd_vuk : Ejecting ball to <playfield.playfield>
2024-05-05 09:34:19,554 : INFO : EventManager : Event: ======'balldevice_bd_vuk_ejecting_ball'====== Args={'balls': 1, 'target': <playfield.playfield>, 'source': <ball_device.bd_vuk>, 'mechanical_eject': False, 'num_attempts': 11}
2024-05-05 09:34:19,556 : INFO : ball_device.bd_vuk : Wait for ball to leave device
2024-05-05 09:34:19,556 : INFO : coil.c_vuk : Pulsing Driver for 15ms (1.0 pulse_power)
2024-05-05 09:34:19,957 : INFO : SwitchController : <<<<<<< 's_trough_4' inactive >>>>>>>
2024-05-05 09:34:20,557 : INFO : EventManager : Event: ======'balldevice_bd_vuk_ball_eject_failed'====== Args={'target': <playfield.playfield>, 'balls': 1, 'retry': True, 'num_attempts': 12}
2024-05-05 09:34:20,559 : INFO : ball_device.bd_vuk : State: waiting_for_target_ready
2024-05-05 09:34:20,560 : INFO : EventManager : Event: ======'balldevice_bd_vuk_ball_eject_attempt'====== Args={'balls': 1, 'target': <playfield.playfield>, 'source': <ball_device.bd_vuk>, 'mechanical_eject': False, 'num_attempts': 12}
2024-05-05 09:34:20,560 : INFO : ball_device.bd_vuk : State: ejecting
2024-05-05 09:34:20,561 : INFO : ball_device.bd_vuk : Ejecting ball to <playfield.playfield>
2024-05-05 09:34:20,561 : INFO : EventManager : Event: ======'balldevice_bd_vuk_ejecting_ball'====== Args={'balls': 1, 'target': <playfield.playfield>, 'source': <ball_device.bd_vuk>, 'mechanical_eject': False, 'num_attempts': 12}
2024-05-05 09:34:20,562 : INFO : ball_device.bd_vuk : Wait for ball to leave device
2024-05-05 09:34:20,562 : INFO : coil.c_vuk : Pulsing Driver for 15ms (1.0 pulse_power)
2024-05-05 09:34:21,563 : INFO : EventManager : Event: ======'balldevice_bd_vuk_ball_eject_failed'====== Args={'target': <playfield.playfield>, 'balls': 1, 'retry': True, 'num_attempts': 13}
2024-05-05 09:34:21,566 : INFO : ball_device.bd_vuk : State: waiting_for_target_ready
2024-05-05 09:34:21,566 : INFO : EventManager : Event: ======'balldevice_bd_vuk_ball_eject_attempt'====== Args={'balls': 1, 'target': <playfield.playfield>, 'source': <ball_device.bd_vuk>, 'mechanical_eject': False, 'num_attempts': 13}
2024-05-05 09:34:21,567 : INFO : ball_device.bd_vuk : State: ejecting
2024-05-05 09:34:21,567 : INFO : ball_device.bd_vuk : Ejecting ball to <playfield.playfield>
2024-05-05 09:34:21,567 : INFO : EventManager : Event: ======'balldevice_bd_vuk_ejecting_ball'====== Args={'balls': 1, 'target': <playfield.playfield>, 'source': <ball_device.bd_vuk>, 'mechanical_eject': False, 'num_attempts': 13}
2024-05-05 09:34:21,568 : INFO : ball_device.bd_vuk : Wait for ball to leave device
2024-05-05 09:34:21,569 : INFO : coil.c_vuk : Pulsing Driver for 15ms (1.0 pulse_power)
2024-05-05 09:34:22,570 : INFO : EventManager : Event: ======'balldevice_bd_vuk_ball_eject_failed'====== Args={'target': <playfield.playfield>, 'balls': 1, 'retry': True, 'num_attempts': 14}
2024-05-05 09:34:22,573 : INFO : ball_device.bd_vuk : State: waiting_for_target_ready
2024-05-05 09:34:22,573 : INFO : EventManager : Event: ======'balldevice_bd_vuk_ball_eject_attempt'====== Args={'balls': 1, 'target': <playfield.playfield>, 'source': <ball_device.bd_vuk>, 'mechanical_eject': False, 'num_attempts': 14}
2024-05-05 09:34:22,574 : INFO : ball_device.bd_vuk : State: ejecting
2024-05-05 09:34:22,574 : INFO : ball_device.bd_vuk : Ejecting ball to <playfield.playfield>
2024-05-05 09:34:22,574 : INFO : EventManager : Event: ======'balldevice_bd_vuk_ejecting_ball'====== Args={'balls': 1, 'target': <playfield.playfield>, 'source': <ball_device.bd_vuk>, 'mechanical_eject': False, 'num_attempts': 14}
2024-05-05 09:34:22,575 : INFO : ball_device.bd_vuk : Wait for ball to leave device
2024-05-05 09:34:22,575 : INFO : coil.c_vuk : Pulsing Driver for 15ms (1.0 pulse_power)
2024-05-05 09:34:23,575 : INFO : EventManager : Event: ======'balldevice_bd_vuk_ball_eject_failed'====== Args={'target': <playfield.playfield>, 'balls': 1, 'retry': True, 'num_attempts': 15}
2024-05-05 09:34:23,577 : INFO : ball_device.bd_vuk : State: waiting_for_target_ready
2024-05-05 09:34:23,578 : INFO : EventManager : Event: ======'balldevice_bd_vuk_ball_eject_attempt'====== Args={'balls': 1, 'target': <playfield.playfield>, 'source': <ball_device.bd_vuk>, 'mechanical_eject': False, 'num_attempts': 15}
2024-05-05 09:34:23,579 : INFO : ball_device.bd_vuk : State: ejecting
2024-05-05 09:34:23,579 : INFO : ball_device.bd_vuk : Ejecting ball to <playfield.playfield>
2024-05-05 09:34:23,579 : INFO : EventManager : Event: ======'balldevice_bd_vuk_ejecting_ball'====== Args={'balls': 1, 'target': <playfield.playfield>, 'source': <ball_device.bd_vuk>, 'mechanical_eject': False, 'num_attempts': 15}
2024-05-05 09:34:23,580 : INFO : ball_device.bd_vuk : Wait for ball to leave device
2024-05-05 09:34:23,580 : INFO : coil.c_vuk : Pulsing Driver for 15ms (1.0 pulse_power)
2024-05-05 09:34:24,582 : INFO : EventManager : Event: ======'balldevice_bd_vuk_ball_eject_failed'====== Args={'target': <playfield.playfield>, 'balls': 1, 'retry': True, 'num_attempts': 16}
2024-05-05 09:34:24,583 : INFO : ball_device.bd_vuk : State: waiting_for_target_ready
2024-05-05 09:34:24,584 : INFO : EventManager : Event: ======'balldevice_bd_vuk_ball_eject_attempt'====== Args={'balls': 1, 'target': <playfield.playfield>, 'source': <ball_device.bd_vuk>, 'mechanical_eject': False, 'num_attempts': 16}
2024-05-05 09:34:24,584 : INFO : ball_device.bd_vuk : State: ejecting
2024-05-05 09:34:24,584 : INFO : ball_device.bd_vuk : Ejecting ball to <playfield.playfield>
2024-05-05 09:34:24,584 : INFO : EventManager : Event: ======'balldevice_bd_vuk_ejecting_ball'====== Args={'balls': 1, 'target': <playfield.playfield>, 'source': <ball_device.bd_vuk>, 'mechanical_eject': False, 'num_attempts': 16}
2024-05-05 09:34:24,585 : INFO : ball_device.bd_vuk : Wait for ball to leave device
2024-05-05 09:34:24,585 : INFO : coil.c_vuk : Pulsing Driver for 15ms (1.0 pulse_power)
2024-05-05 09:34:24,973 : INFO : SwitchController : <<<<<<< 's_trough_1' active >>>>>>>
2024-05-05 09:34:24,973 : INFO : EventManager : Event: ======'machine_var_audits_switches_s_trough_1'====== Args={'value': 1, 'prev_value': 0, 'change': 1}
2024-05-05 09:34:25,108 : INFO : SwitchController : <<<<<<< 's_trough_1' inactive >>>>>>>
2024-05-05 09:34:25,459 : INFO : EventManager : Event: ======'balldevice_bd_trough_ball_count_changed'====== Args={'balls': 0}
2024-05-05 09:34:25,460 : WARNING : ball_device.bd_trough : Ball disappeared while idle. This should not normally happen.
2024-05-05 09:34:25,461 : INFO : EventManager : Event: ======'balldevice_playfield_ball_enter'====== Args={'new_balls': 1, 'unclaimed_balls': 1, 'device': <playfield.playfield>}
2024-05-05 09:34:25,461 : INFO : EventManager : Event: ======'playfield_ball_count_change'====== Args={'balls': 1, 'change': 1}
2024-05-05 09:34:25,461 : INFO : ball_device.bd_trough : 1 ball(s) missing from device. Mechanical eject? False
2024-05-05 09:34:25,461 : INFO : EventManager : Event: ======'balldevice_bd_trough_ball_missing'====== Args={'balls': 1}
2024-05-05 09:34:25,462 : INFO : EventManager : Event: ======'balldevice_ball_missing'====== Args={'balls': 1, 'name': 'bd_trough'}
2024-05-05 09:34:25,462 : WARNING : ball_device.bd_trough : Ball disappeared while idle. This should not normally happen.
2024-05-05 09:34:25,463 : INFO : EventManager : Event: ======'balldevice_playfield_ball_enter'====== Args={'new_balls': 1, 'unclaimed_balls': 1, 'device': <playfield.playfield>}
2024-05-05 09:34:25,463 : INFO : EventManager : Event: ======'playfield_ball_count_change'====== Args={'balls': 2, 'change': 1}
2024-05-05 09:34:25,463 : INFO : ball_device.bd_trough : 1 ball(s) missing from device. Mechanical eject? False
2024-05-05 09:34:25,463 : INFO : EventManager : Event: ======'balldevice_bd_trough_ball_missing'====== Args={'balls': 1}
2024-05-05 09:34:25,464 : INFO : EventManager : Event: ======'balldevice_ball_missing'====== Args={'balls': 1, 'name': 'bd_trough'}
2024-05-05 09:34:25,588 : INFO : EventManager : Event: ======'balldevice_bd_vuk_ball_eject_failed'====== Args={'target': <playfield.playfield>, 'balls': 1, 'retry': True, 'num_attempts': 17}
2024-05-05 09:34:25,591 : INFO : ball_device.bd_vuk : State: waiting_for_target_ready
2024-05-05 09:34:25,592 : INFO : EventManager : Event: ======'balldevice_bd_vuk_ball_eject_attempt'====== Args={'balls': 1, 'target': <playfield.playfield>, 'source': <ball_device.bd_vuk>, 'mechanical_eject': False, 'num_attempts': 17}
2024-05-05 09:34:25,592 : INFO : ball_device.bd_vuk : State: ejecting
2024-05-05 09:34:25,593 : INFO : ball_device.bd_vuk : Ejecting ball to <playfield.playfield>
2024-05-05 09:34:25,593 : INFO : EventManager : Event: ======'balldevice_bd_vuk_ejecting_ball'====== Args={'balls': 1, 'target': <playfield.playfield>, 'source': <ball_device.bd_vuk>, 'mechanical_eject': False, 'num_attempts': 17}
2024-05-05 09:34:25,594 : INFO : ball_device.bd_vuk : Wait for ball to leave device
2024-05-05 09:34:25,594 : INFO : coil.c_vuk : Pulsing Driver for 15ms (1.0 pulse_power)
2024-05-05 09:34:25,707 : INFO : SwitchController : <<<<<<< 's_trough_1' active >>>>>>>
2024-05-05 09:34:25,708 : INFO : EventManager : Event: ======'machine_var_audits_switches_s_trough_1'====== Args={'value': 2, 'prev_value': 1, 'change': 1}
2024-05-05 09:34:26,208 : INFO : EventManager : Event: ======'balldevice_bd_trough_ball_count_changed'====== Args={'balls': 1}
2024-05-05 09:34:26,209 : INFO : ball_device.bd_trough : Received unexpected ball
2024-05-05 09:34:26,209 : INFO : EventManager : Event: ======'balldevice_captured_from_playfield'====== Args={'balls': 1}
2024-05-05 09:34:26,209 : INFO : EventManager : Event: ======'sw_playfield_active'====== Args={'balls': 1}
2024-05-05 09:34:26,210 : INFO : EventManager : Event: ======'playfield_ball_count_change'====== Args={'balls': 1, 'change': -1}
2024-05-05 09:34:26,211 : INFO : EventManager : Event: ======'balldevice_bd_trough_ball_enter'====== Args={'new_balls': 1, 'unclaimed_balls': 1, 'new_available_balls': 1, 'device': <ball_device.bd_trough>}
2024-05-05 09:34:26,211 : INFO : EventManager : Event: ======'ball_drain'====== Args={'device': <ball_device.bd_trough>, 'balls': 1}
2024-05-05 09:34:26,212 : INFO : EventManager : Event: ======'balldevice_balls_available'====== Args={}
2024-05-05 09:34:26,212 : INFO : EventManager : Event: ======'balldevice_bd_trough_ball_entered'====== Args={'new_balls': 1, 'device': <ball_device.bd_trough>}
2024-05-05 09:34:26,595 : INFO : EventManager : Event: ======'balldevice_bd_vuk_ball_eject_failed'====== Args={'target': <playfield.playfield>, 'balls': 1, 'retry': True, 'num_attempts': 18}
2024-05-05 09:34:26,597 : INFO : ball_device.bd_vuk : State: waiting_for_target_ready
2024-05-05 09:34:26,598 : INFO : EventManager : Event: ======'balldevice_bd_vuk_ball_eject_attempt'====== Args={'balls': 1, 'target': <playfield.playfield>, 'source': <ball_device.bd_vuk>, 'mechanical_eject': False, 'num_attempts': 18}
2024-05-05 09:34:26,598 : INFO : ball_device.bd_vuk : State: ejecting
2024-05-05 09:34:26,598 : INFO : ball_device.bd_vuk : Ejecting ball to <playfield.playfield>
2024-05-05 09:34:26,598 : INFO : EventManager : Event: ======'balldevice_bd_vuk_ejecting_ball'====== Args={'balls': 1, 'target': <playfield.playfield>, 'source': <ball_device.bd_vuk>, 'mechanical_eject': False, 'num_attempts': 18}
2024-05-05 09:34:26,599 : INFO : ball_device.bd_vuk : Wait for ball to leave device
2024-05-05 09:34:26,599 : INFO : coil.c_vuk : Pulsing Driver for 15ms (1.0 pulse_power)
2024-05-05 09:34:27,224 : INFO : SwitchController : <<<<<<< 's_trough_1' inactive >>>>>>>
2024-05-05 09:34:27,601 : INFO : EventManager : Event: ======'balldevice_bd_vuk_ball_eject_failed'====== Args={'target': <playfield.playfield>, 'balls': 1, 'retry': True, 'num_attempts': 19}
2024-05-05 09:34:27,605 : INFO : ball_device.bd_vuk : State: waiting_for_target_ready
2024-05-05 09:34:27,606 : INFO : EventManager : Event: ======'balldevice_bd_vuk_ball_eject_attempt'====== Args={'balls': 1, 'target': <playfield.playfield>, 'source': <ball_device.bd_vuk>, 'mechanical_eject': False, 'num_attempts': 19}
2024-05-05 09:34:27,606 : INFO : ball_device.bd_vuk : State: ejecting
2024-05-05 09:34:27,607 : INFO : ball_device.bd_vuk : Ejecting ball to <playfield.playfield>
2024-05-05 09:34:27,607 : INFO : EventManager : Event: ======'balldevice_bd_vuk_ejecting_ball'====== Args={'balls': 1, 'target': <playfield.playfield>, 'source': <ball_device.bd_vuk>, 'mechanical_eject': False, 'num_attempts': 19}
2024-05-05 09:34:27,609 : INFO : ball_device.bd_vuk : Wait for ball to leave device
2024-05-05 09:34:27,609 : INFO : coil.c_vuk : Pulsing Driver for 15ms (1.0 pulse_power)
2024-05-05 09:34:28,611 : INFO : EventManager : Event: ======'balldevice_bd_vuk_ball_eject_failed'====== Args={'target': <playfield.playfield>, 'balls': 1, 'retry': True, 'num_attempts': 20}
2024-05-05 09:34:28,613 : INFO : ball_device.bd_vuk : State: waiting_for_target_ready
2024-05-05 09:34:28,613 : INFO : EventManager : Event: ======'balldevice_bd_vuk_ball_eject_attempt'====== Args={'balls': 1, 'target': <playfield.playfield>, 'source': <ball_device.bd_vuk>, 'mechanical_eject': False, 'num_attempts': 20}
2024-05-05 09:34:28,614 : INFO : ball_device.bd_vuk : State: ejecting
2024-05-05 09:34:28,614 : INFO : ball_device.bd_vuk : Ejecting ball to <playfield.playfield>
2024-05-05 09:34:28,614 : INFO : EventManager : Event: ======'balldevice_bd_vuk_ejecting_ball'====== Args={'balls': 1, 'target': <playfield.playfield>, 'source': <ball_device.bd_vuk>, 'mechanical_eject': False, 'num_attempts': 20}
2024-05-05 09:34:28,615 : INFO : ball_device.bd_vuk : Wait for ball to leave device
2024-05-05 09:34:28,615 : INFO : coil.c_vuk : Pulsing Driver for 15ms (1.0 pulse_power)
2024-05-05 09:34:29,110 : INFO : Machine : Shutting down...
2024-05-05 09:34:29,110 : INFO : EventManager : Event: ======'shutdown'====== Args={}
2024-05-05 09:34:29,112 : INFO : EventManager : Event: ======'mode_game_will_stop'====== Args={}
2024-05-05 09:34:29,112 : INFO : EventManager : Event: ======'mode_game_stopping'====== Args={}
2024-05-05 09:34:29,112 : INFO : EventManager : Event: ======'mode_base_will_stop'====== Args={}
2024-05-05 09:34:29,113 : INFO : EventManager : Event: ======'mode_base_stopping'====== Args={}
2024-05-05 09:34:29,113 : INFO : Mode.base : Stopped.
2024-05-05 09:34:29,113 : INFO : EventManager : Event: ======'modes_active_modes_changed'====== Args={}
2024-05-05 09:34:29,113 : INFO : EventManager : Event: ======'mode_base_stopped'====== Args={}
2024-05-05 09:34:29,113 : INFO : EventManager : Event: ======'clear'====== Args={'key': 'base'}
2024-05-05 09:34:29,114 : INFO : Mode.game : Stopped.
2024-05-05 09:34:29,114 : INFO : EventManager : Event: ======'modes_active_modes_changed'====== Args={}
2024-05-05 09:34:29,114 : INFO : EventManager : Event: ======'mode_game_stopped'====== Args={}
2024-05-05 09:34:29,114 : INFO : EventManager : Event: ======'clear'====== Args={'key': 'game'}
2024-05-05 09:34:30,117 : INFO : root : MPF run loop ended.
