2024-05-06 08:23:58,585 : INFO : root : Loading config.
2024-05-06 08:23:58,587 : INFO : YamlMultifileConfigLoader : Machine config file #1: config.yaml
2024-05-06 08:23:58,587 : WARNING : ConfigProcessor : Config file in cache changed: /Users/tannerpetch/Documents/GitHub/lofab/config/config.yaml
2024-05-06 08:23:58,587 : INFO : ConfigProcessor : Loading config from file /Users/tannerpetch/Documents/git/mpf/mpf/mpfconfig.yaml.
2024-05-06 08:23:58,592 : INFO : ConfigProcessor : Loading config: /Users/tannerpetch/Documents/git/mpf/mpf/mpfconfig.yaml
2024-05-06 08:23:58,592 : INFO : ConfigProcessor : Loading config from file /Users/tannerpetch/Documents/GitHub/lofab/config/config.yaml.
2024-05-06 08:23:58,596 : INFO : ConfigProcessor : Loading config: /Users/tannerpetch/Documents/GitHub/lofab/config/config.yaml
2024-05-06 08:23:58,597 : INFO : ConfigProcessor : Config file cache created: /var/folders/l2/q8hj_6s91xnb2jxg1sqm0h7r0000gn/T/479bffd5d2f40b527f859677e5b1aef9.mpf_cache
2024-05-06 08:23:58,621 : INFO : ConfigProcessor : Loading config from cache: /var/folders/l2/q8hj_6s91xnb2jxg1sqm0h7r0000gn/T/0481b880979d7ccc71369ad5f781c736.mpf_cache
2024-05-06 08:23:58,621 : INFO : ConfigProcessor : Loading config from cache: /var/folders/l2/q8hj_6s91xnb2jxg1sqm0h7r0000gn/T/9cfa8e96748dd80c23752180dbf36e5c.mpf_cache
2024-05-06 08:23:58,622 : INFO : ConfigProcessor : Loading config from cache: /var/folders/l2/q8hj_6s91xnb2jxg1sqm0h7r0000gn/T/0481b880979d7ccc71369ad5f781c736.mpf_cache
2024-05-06 08:23:58,622 : WARNING : ConfigProcessor : Config file in cache changed: /Users/tannerpetch/Documents/GitHub/lofab/modes/lane_rotate/config/lane_rotate.yaml
2024-05-06 08:23:58,622 : INFO : ConfigProcessor : Loading config from file /Users/tannerpetch/Documents/GitHub/lofab/modes/lane_rotate/config/lane_rotate.yaml.
2024-05-06 08:23:58,623 : INFO : ConfigProcessor : Loading config: /Users/tannerpetch/Documents/GitHub/lofab/modes/lane_rotate/config/lane_rotate.yaml
2024-05-06 08:23:58,623 : INFO : ConfigProcessor : Config file cache created: /var/folders/l2/q8hj_6s91xnb2jxg1sqm0h7r0000gn/T/1875c266911f801b691956fe9e9284d6.mpf_cache
2024-05-06 08:23:58,623 : INFO : ConfigProcessor : Loading config from cache: /var/folders/l2/q8hj_6s91xnb2jxg1sqm0h7r0000gn/T/f97c90855879603280fcc571f5c42639.mpf_cache
2024-05-06 08:23:58,623 : WARNING : ConfigProcessor : Config file in cache changed: /Users/tannerpetch/Documents/GitHub/lofab/modes/mult_fleshy_qualify/config/mult_fleshy_qualify.yaml
2024-05-06 08:23:58,624 : INFO : ConfigProcessor : Loading config from file /Users/tannerpetch/Documents/GitHub/lofab/modes/mult_fleshy_qualify/config/mult_fleshy_qualify.yaml.
2024-05-06 08:23:58,624 : INFO : ConfigProcessor : Loading config: /Users/tannerpetch/Documents/GitHub/lofab/modes/mult_fleshy_qualify/config/mult_fleshy_qualify.yaml
2024-05-06 08:23:58,625 : INFO : ConfigProcessor : Config file cache created: /var/folders/l2/q8hj_6s91xnb2jxg1sqm0h7r0000gn/T/5336ce152edc820b26f3a51a9f95779b.mpf_cache
2024-05-06 08:23:58,625 : INFO : ConfigProcessor : Loading config from file /Users/tannerpetch/Documents/GitHub/lofab/modes/mult_fleshy/config/mult_fleshy.yaml.
2024-05-06 08:23:58,626 : INFO : ConfigProcessor : Loading config: /Users/tannerpetch/Documents/GitHub/lofab/modes/mult_fleshy/config/mult_fleshy.yaml
2024-05-06 08:23:58,626 : INFO : ConfigProcessor : Config file cache created: /var/folders/l2/q8hj_6s91xnb2jxg1sqm0h7r0000gn/T/584196ece55f676a535bfbda3a88171a.mpf_cache
2024-05-06 08:23:58,626 : INFO : ConfigProcessor : Loading config from cache: /var/folders/l2/q8hj_6s91xnb2jxg1sqm0h7r0000gn/T/3dbc438e88423aa3ff742db2713b600f.mpf_cache
2024-05-06 08:23:58,627 : INFO : ConfigProcessor : Loading config from cache: /var/folders/l2/q8hj_6s91xnb2jxg1sqm0h7r0000gn/T/154d071a3850556c6f3eae37bf41c8b6.mpf_cache
2024-05-06 08:23:58,627 : INFO : ConfigProcessor : Loading config from cache: /var/folders/l2/q8hj_6s91xnb2jxg1sqm0h7r0000gn/T/ab100dbe0e16472b56f0213f3842a00f.mpf_cache
2024-05-06 08:23:58,629 : INFO : ConfigProcessor : Loading config from cache: /var/folders/l2/q8hj_6s91xnb2jxg1sqm0h7r0000gn/T/f03ad90ccd2c053e9e5d10795d01f4ba.mpf_cache
2024-05-06 08:23:58,629 : INFO : ConfigProcessor : Loading config from cache: /var/folders/l2/q8hj_6s91xnb2jxg1sqm0h7r0000gn/T/0f3c951d4c93079ae3fac6429c5bc2ee.mpf_cache
2024-05-06 08:23:58,629 : INFO : ConfigProcessor : Loading config from cache: /var/folders/l2/q8hj_6s91xnb2jxg1sqm0h7r0000gn/T/8bf004783a280ac33d17b88f37848116.mpf_cache
2024-05-06 08:23:58,630 : INFO : ConfigProcessor : Loading config from cache: /var/folders/l2/q8hj_6s91xnb2jxg1sqm0h7r0000gn/T/db98bdefe8a072cec23a2527f4303b09.mpf_cache
2024-05-06 08:23:58,631 : INFO : ConfigProcessor : Loading config from cache: /var/folders/l2/q8hj_6s91xnb2jxg1sqm0h7r0000gn/T/d5d50eaa09e055f3a827c6269a3aa165.mpf_cache
2024-05-06 08:23:58,631 : INFO : ConfigProcessor : Loading config from cache: /var/folders/l2/q8hj_6s91xnb2jxg1sqm0h7r0000gn/T/eefb91dd78a2b4d0f2b86f7f7cb501a3.mpf_cache
2024-05-06 08:23:58,631 : INFO : ConfigProcessor : Loading config from cache: /var/folders/l2/q8hj_6s91xnb2jxg1sqm0h7r0000gn/T/d32f8b43f49e3e57afbd189fbbccae80.mpf_cache
2024-05-06 08:23:58,631 : INFO : ConfigProcessor : Loading config from cache: /var/folders/l2/q8hj_6s91xnb2jxg1sqm0h7r0000gn/T/08db62a1c5938674fa894d468364ed3e.mpf_cache
2024-05-06 08:23:58,632 : INFO : Machine : Mission Pinball Framework Core Engine v0.80.0.dev1
2024-05-06 08:23:58,632 : INFO : Machine : Command line arguments: {'no_load_cache': False, 'create_config_cache': True, 'bcp': False, 'configfile': ['config.yaml'], 'force_assets_load': False, 'platform_integration_test': False, 'jsonlogging': False, 'logfile': 'logs/2024-05-06-08-23-58-mpf-Tanners-Laptop.local.log', 'pause': False, 'production': False, 'text_ui': True, 'loglevel': 15, 'consoleloglevel': 20, 'force_platform': 'virtual', 'syslog_address': None, 'mc_file_name': None, 'no_sound': False}
2024-05-06 08:23:58,632 : INFO : Machine : MPF path: /Users/tannerpetch/Documents/git/mpf/mpf
2024-05-06 08:23:58,632 : INFO : Machine : Machine path: /Users/tannerpetch/Documents/GitHub/lofab
2024-05-06 08:23:58,632 : INFO : Machine : Platform: darwin
2024-05-06 08:23:58,632 : INFO : Machine : Python executable location: /Users/tannerpetch/mpfenv/bin/python3
2024-05-06 08:23:58,632 : INFO : Machine : Python version: 3.9.13 (64-bit)
2024-05-06 08:23:58,633 : INFO : Machine : Initializing MPF...
2024-05-06 08:23:58,656 : INFO : EventManager : Event: ======'machine_var_credits_string'====== Args={'value': 'FREE PLAY', 'prev_value': None, 'change': True}
2024-05-06 08:23:58,662 : INFO : EventManager : Event: ======'machine_var_master_volume'====== Args={'value': 0.5, 'prev_value': None, 'change': True}
2024-05-06 08:23:58,662 : INFO : EventManager : Event: ======'machine_var_player1_score'====== Args={'value': 100, 'prev_value': None, 'change': True}
2024-05-06 08:23:58,662 : INFO : EventManager : Event: ======'machine_var_player2_score'====== Args={'value': 0, 'prev_value': None, 'change': True}
2024-05-06 08:23:58,662 : INFO : EventManager : Event: ======'machine_var_mpf_version'====== Args={'value': 'Mission Pinball Framework v0.80.0.dev1', 'prev_value': None, 'change': True}
2024-05-06 08:23:58,662 : INFO : EventManager : Event: ======'machine_var_mpf_extended_version'====== Args={'value': 'Mission Pinball Framework v0.80.0.dev1, Config version:6, Show version: 6, BCP version:1.1', 'prev_value': None, 'change': True}
2024-05-06 08:23:58,662 : INFO : EventManager : Event: ======'machine_var_python_version'====== Args={'value': '3.9.13', 'prev_value': None, 'change': True}
2024-05-06 08:23:58,669 : INFO : EventManager : Event: ======'machine_var_platform'====== Args={'value': 'macOS-14.3-arm64-arm-64bit', 'prev_value': None, 'change': True}
2024-05-06 08:23:58,670 : INFO : EventManager : Event: ======'machine_var_platform_system'====== Args={'value': 'Darwin', 'prev_value': None, 'change': True}
2024-05-06 08:23:58,670 : INFO : EventManager : Event: ======'machine_var_platform_release'====== Args={'value': '23.3.0', 'prev_value': None, 'change': True}
2024-05-06 08:23:58,670 : INFO : EventManager : Event: ======'machine_var_platform_version'====== Args={'value': 'Darwin Kernel Version 23.3.0: Thu Dec 21 02:29:41 PST 2023; root:xnu-10002.81.5~11/RELEASE_ARM64_T8122', 'prev_value': None, 'change': True}
2024-05-06 08:23:58,670 : INFO : EventManager : Event: ======'machine_var_platform_machine'====== Args={'value': 'arm64', 'prev_value': None, 'change': True}
2024-05-06 08:23:58,670 : INFO : EventManager : Event: ======'init_phase_1'====== Args={}
2024-05-06 08:23:58,688 : INFO : EventManager : Event: ======'init_phase_2'====== Args={}
2024-05-06 08:23:58,690 : INFO : ball_device.bd_vuk : BCH: Initial count: 0
2024-05-06 08:23:58,690 : INFO : ball_device.bd_vuk : State: idle
2024-05-06 08:23:58,690 : INFO : ball_device.bd_trough : BCH: Initial count: 0
2024-05-06 08:23:58,690 : INFO : ball_device.bd_trough : State: idle
2024-05-06 08:23:58,694 : INFO : EventManager : Event: ======'init_phase_3'====== Args={}
2024-05-06 08:23:58,826 : INFO : EventManager : Event: ======'init_phase_4'====== Args={}
2024-05-06 08:23:58,827 : INFO : BallController : Initial balls found: 0
2024-05-06 08:23:58,827 : INFO : EventManager : Event: ======'machine_var_audits_events_game_ended'====== Args={'value': 1, 'prev_value': None, 'change': True}
2024-05-06 08:23:58,827 : INFO : EventManager : Event: ======'machine_var_audits_events_game_started'====== Args={'value': 17, 'prev_value': None, 'change': True}
2024-05-06 08:23:58,828 : INFO : EventManager : Event: ======'machine_var_audits_missing_switches_s_e'====== Args={'value': 17, 'prev_value': None, 'change': True}
2024-05-06 08:23:58,828 : INFO : EventManager : Event: ======'machine_var_audits_missing_switches_s_flipper_r'====== Args={'value': 6, 'prev_value': None, 'change': True}
2024-05-06 08:23:58,828 : INFO : EventManager : Event: ======'machine_var_audits_missing_switches_s_h'====== Args={'value': 17, 'prev_value': None, 'change': True}
2024-05-06 08:23:58,828 : INFO : EventManager : Event: ======'machine_var_audits_missing_switches_s_pop'====== Args={'value': 17, 'prev_value': None, 'change': True}
2024-05-06 08:23:58,828 : INFO : EventManager : Event: ======'machine_var_audits_missing_switches_s_ramp_complete'====== Args={'value': 17, 'prev_value': None, 'change': True}
2024-05-06 08:23:58,828 : INFO : EventManager : Event: ======'machine_var_audits_missing_switches_s_ramp_l'====== Args={'value': 17, 'prev_value': None, 'change': True}
2024-05-06 08:23:58,828 : INFO : EventManager : Event: ======'machine_var_audits_missing_switches_s_ramp_r'====== Args={'value': 17, 'prev_value': None, 'change': True}
2024-05-06 08:23:58,828 : INFO : EventManager : Event: ======'machine_var_audits_missing_switches_s_sling_l'====== Args={'value': 17, 'prev_value': None, 'change': True}
2024-05-06 08:23:58,828 : INFO : EventManager : Event: ======'machine_var_audits_missing_switches_s_sling_r'====== Args={'value': 17, 'prev_value': None, 'change': True}
2024-05-06 08:23:58,828 : INFO : EventManager : Event: ======'machine_var_audits_missing_switches_s_spinner'====== Args={'value': 17, 'prev_value': None, 'change': True}
2024-05-06 08:23:58,828 : INFO : EventManager : Event: ======'machine_var_audits_missing_switches_s_start'====== Args={'value': 4, 'prev_value': None, 'change': True}
2024-05-06 08:23:58,828 : INFO : EventManager : Event: ======'machine_var_audits_missing_switches_s_stationary_back'====== Args={'value': 17, 'prev_value': None, 'change': True}
2024-05-06 08:23:58,828 : INFO : EventManager : Event: ======'machine_var_audits_missing_switches_s_stationary_s'====== Args={'value': 3, 'prev_value': None, 'change': True}
2024-05-06 08:23:58,828 : INFO : EventManager : Event: ======'machine_var_audits_missing_switches_s_stationary_u'====== Args={'value': 3, 'prev_value': None, 'change': True}
2024-05-06 08:23:58,828 : INFO : EventManager : Event: ======'machine_var_audits_missing_switches_s_tilt_l'====== Args={'value': 17, 'prev_value': None, 'change': True}
2024-05-06 08:23:58,828 : INFO : EventManager : Event: ======'machine_var_audits_missing_switches_s_tilt_r'====== Args={'value': 17, 'prev_value': None, 'change': True}
2024-05-06 08:23:58,828 : INFO : EventManager : Event: ======'machine_var_audits_missing_switches_s_trough_1'====== Args={'value': 4, 'prev_value': None, 'change': True}
2024-05-06 08:23:58,828 : INFO : EventManager : Event: ======'machine_var_audits_missing_switches_s_trough_2'====== Args={'value': 17, 'prev_value': None, 'change': True}
2024-05-06 08:23:58,828 : INFO : EventManager : Event: ======'machine_var_audits_missing_switches_s_trough_3'====== Args={'value': 17, 'prev_value': None, 'change': True}
2024-05-06 08:23:58,828 : INFO : EventManager : Event: ======'machine_var_audits_missing_switches_s_trough_4'====== Args={'value': 15, 'prev_value': None, 'change': True}
2024-05-06 08:23:58,828 : INFO : EventManager : Event: ======'machine_var_audits_missing_switches_s_vuk'====== Args={'value': 15, 'prev_value': None, 'change': True}
2024-05-06 08:23:58,828 : INFO : EventManager : Event: ======'machine_var_audits_player_score'====== Args={'value': {'average': 0, 'top': [100, 0], 'total': 2}, 'prev_value': None, 'change': True}
2024-05-06 08:23:58,828 : INFO : EventManager : Event: ======'machine_var_audits_shots_r_o'====== Args={'value': 49, 'prev_value': None, 'change': True}
2024-05-06 08:23:58,828 : INFO : EventManager : Event: ======'machine_var_audits_shots_r_o_fleshy'====== Args={'value': 46, 'prev_value': None, 'change': True}
2024-05-06 08:23:58,829 : INFO : EventManager : Event: ======'machine_var_audits_shots_r_s'====== Args={'value': 17, 'prev_value': None, 'change': True}
2024-05-06 08:23:58,829 : INFO : EventManager : Event: ======'machine_var_audits_shots_r_s_fleshy'====== Args={'value': 17, 'prev_value': None, 'change': True}
2024-05-06 08:23:58,829 : INFO : EventManager : Event: ======'machine_var_audits_shots_r_u'====== Args={'value': 4, 'prev_value': None, 'change': True}
2024-05-06 08:23:58,829 : INFO : EventManager : Event: ======'machine_var_audits_switches_s_e'====== Args={'value': 0, 'prev_value': None, 'change': True}
2024-05-06 08:23:58,829 : INFO : EventManager : Event: ======'machine_var_audits_switches_s_flipper_l'====== Args={'value': 17, 'prev_value': None, 'change': True}
2024-05-06 08:23:58,829 : INFO : EventManager : Event: ======'machine_var_audits_switches_s_flipper_r'====== Args={'value': 1, 'prev_value': None, 'change': True}
2024-05-06 08:23:58,829 : INFO : EventManager : Event: ======'machine_var_audits_switches_s_h'====== Args={'value': 0, 'prev_value': None, 'change': True}
2024-05-06 08:23:58,829 : INFO : EventManager : Event: ======'machine_var_audits_switches_s_launch'====== Args={'value': 17, 'prev_value': None, 'change': True}
2024-05-06 08:23:58,829 : INFO : EventManager : Event: ======'machine_var_audits_switches_s_pop'====== Args={'value': 0, 'prev_value': None, 'change': True}
2024-05-06 08:23:58,829 : INFO : EventManager : Event: ======'machine_var_audits_switches_s_ramp_complete'====== Args={'value': 0, 'prev_value': None, 'change': True}
2024-05-06 08:23:58,829 : INFO : EventManager : Event: ======'machine_var_audits_switches_s_ramp_l'====== Args={'value': 0, 'prev_value': None, 'change': True}
2024-05-06 08:23:58,829 : INFO : EventManager : Event: ======'machine_var_audits_switches_s_ramp_r'====== Args={'value': 0, 'prev_value': None, 'change': True}
2024-05-06 08:23:58,829 : INFO : EventManager : Event: ======'machine_var_audits_switches_s_sling_l'====== Args={'value': 0, 'prev_value': None, 'change': True}
2024-05-06 08:23:58,829 : INFO : EventManager : Event: ======'machine_var_audits_switches_s_sling_r'====== Args={'value': 0, 'prev_value': None, 'change': True}
2024-05-06 08:23:58,829 : INFO : EventManager : Event: ======'machine_var_audits_switches_s_spinner'====== Args={'value': 0, 'prev_value': None, 'change': True}
2024-05-06 08:23:58,829 : INFO : EventManager : Event: ======'machine_var_audits_switches_s_start'====== Args={'value': 5, 'prev_value': None, 'change': True}
2024-05-06 08:23:58,830 : INFO : EventManager : Event: ======'machine_var_audits_switches_s_stationary_back'====== Args={'value': 0, 'prev_value': None, 'change': True}
2024-05-06 08:23:58,830 : INFO : EventManager : Event: ======'machine_var_audits_switches_s_stationary_o'====== Args={'value': 50, 'prev_value': None, 'change': True}
2024-05-06 08:23:58,830 : INFO : EventManager : Event: ======'machine_var_audits_switches_s_stationary_s'====== Args={'value': 17, 'prev_value': None, 'change': True}
2024-05-06 08:23:58,830 : INFO : EventManager : Event: ======'machine_var_audits_switches_s_stationary_u'====== Args={'value': 23, 'prev_value': None, 'change': True}
2024-05-06 08:23:58,830 : INFO : EventManager : Event: ======'machine_var_audits_switches_s_tilt_l'====== Args={'value': 0, 'prev_value': None, 'change': True}
2024-05-06 08:23:58,830 : INFO : EventManager : Event: ======'machine_var_audits_switches_s_tilt_r'====== Args={'value': 0, 'prev_value': None, 'change': True}
2024-05-06 08:23:58,830 : INFO : EventManager : Event: ======'machine_var_audits_switches_s_trough_1'====== Args={'value': 5, 'prev_value': None, 'change': True}
2024-05-06 08:23:58,830 : INFO : EventManager : Event: ======'machine_var_audits_switches_s_trough_2'====== Args={'value': 0, 'prev_value': None, 'change': True}
2024-05-06 08:23:58,830 : INFO : EventManager : Event: ======'machine_var_audits_switches_s_trough_3'====== Args={'value': 0, 'prev_value': None, 'change': True}
2024-05-06 08:23:58,830 : INFO : EventManager : Event: ======'machine_var_audits_switches_s_trough_4'====== Args={'value': 1, 'prev_value': None, 'change': True}
2024-05-06 08:23:58,830 : INFO : EventManager : Event: ======'machine_var_audits_switches_s_vuk'====== Args={'value': 6, 'prev_value': None, 'change': True}
2024-05-06 08:23:58,831 : INFO : EventManager : Event: ======'init_phase_5'====== Args={}
2024-05-06 08:23:58,831 : INFO : EventManager : Event: ======'init_done'====== Args={}
2024-05-06 08:23:58,831 : INFO : EventManager : Event: ======'machine_reset_phase_1'====== Args={}
2024-05-06 08:23:58,831 : INFO : EventManager : Event: ======'machine_reset_phase_2'====== Args={}
2024-05-06 08:23:58,831 : INFO : EventManager : Event: ======'machine_reset_phase_3'====== Args={}
2024-05-06 08:23:58,831 : INFO : EventManager : Event: ======'reset_complete'====== Args={}
2024-05-06 08:23:58,832 : INFO : EventManager : Event: ======'mode_attract_will_start'====== Args={}
2024-05-06 08:23:58,832 : INFO : EventManager : Event: ======'mode_attract_starting'====== Args={}
2024-05-06 08:23:58,832 : INFO : Mode.attract : Started. Priority: 10
2024-05-06 08:23:58,832 : INFO : EventManager : Event: ======'modes_active_modes_changed'====== Args={}
2024-05-06 08:23:58,832 : INFO : EventManager : Event: ======'mode_attract_started'====== Args={}
2024-05-06 08:23:58,832 : INFO : EventManager : Event: ======'collecting_balls_complete'====== Args={}
2024-05-06 08:23:58,832 : INFO : Machine : Starting the main run loop.
2024-05-06 08:23:59,194 : INFO : BcpServer : New client connected.
2024-05-06 08:24:11,569 : INFO : SwitchController : <<<<<<< 's_trough_1' active >>>>>>>
2024-05-06 08:24:12,070 : INFO : EventManager : Event: ======'balldevice_bd_trough_ball_count_changed'====== Args={'balls': 1}
2024-05-06 08:24:12,070 : INFO : ball_device.bd_trough : Received unexpected ball
2024-05-06 08:24:12,070 : INFO : EventManager : Event: ======'balldevice_captured_from_playfield'====== Args={'balls': 1}
2024-05-06 08:24:12,070 : INFO : EventManager : Event: ======'sw_playfield_active'====== Args={'balls': 1}
2024-05-06 08:24:12,071 : INFO : EventManager : Event: ======'playfield_active'====== Args={}
2024-05-06 08:24:12,071 : INFO : EventManager : Event: ======'unexpected_ball_on_playfield'====== Args={}
2024-05-06 08:24:12,071 : INFO : EventManager : Event: ======'playfield_ball_count_change'====== Args={'balls': -1, 'change': -1}
2024-05-06 08:24:12,072 : INFO : EventManager : Event: ======'balldevice_playfield_ball_enter'====== Args={'new_balls': 1, 'unclaimed_balls': 1, 'device': <playfield.playfield>}
2024-05-06 08:24:12,072 : INFO : EventManager : Event: ======'playfield_ball_count_change'====== Args={'balls': 0, 'change': 1}
2024-05-06 08:24:12,072 : INFO : BallController : Found a new ball which was captured from playfield. Known balls: 1
2024-05-06 08:24:12,072 : INFO : EventManager : Event: ======'found_new_ball'====== Args={}
2024-05-06 08:24:12,072 : INFO : EventManager : Event: ======'balldevice_bd_trough_ball_enter'====== Args={'new_balls': 1, 'unclaimed_balls': 1, 'new_available_balls': 1, 'device': <ball_device.bd_trough>}
2024-05-06 08:24:12,073 : INFO : EventManager : Event: ======'ball_drain'====== Args={'device': <ball_device.bd_trough>, 'balls': 1}
2024-05-06 08:24:12,073 : INFO : EventManager : Event: ======'balldevice_balls_available'====== Args={}
2024-05-06 08:24:12,073 : INFO : EventManager : Event: ======'balldevice_bd_trough_ball_entered'====== Args={'new_balls': 1, 'device': <ball_device.bd_trough>}
2024-05-06 08:24:12,745 : INFO : SwitchController : <<<<<<< 's_start' active >>>>>>>
2024-05-06 08:24:12,844 : INFO : SwitchController : <<<<<<< 's_start' inactive >>>>>>>
2024-05-06 08:24:12,844 : INFO : EventManager : Event: ======'request_to_start_game'====== Args={}
2024-05-06 08:24:12,845 : INFO : EventManager : Event: ======'game_start'====== Args={'buttons': [], 'hold_time': 0.0992452919999991}
2024-05-06 08:24:12,845 : INFO : EventManager : Event: ======'mode_game_will_start'====== Args={'buttons': [], 'hold_time': 0.0992452919999991}
2024-05-06 08:24:12,845 : INFO : EventManager : Event: ======'mode_game_starting'====== Args={'buttons': [], 'hold_time': 0.0992452919999991}
2024-05-06 08:24:12,846 : INFO : EventManager : Event: ======'mode_attract_will_stop'====== Args={}
2024-05-06 08:24:12,846 : INFO : EventManager : Event: ======'mode_attract_stopping'====== Args={}
2024-05-06 08:24:12,846 : INFO : Mode.attract : Stopped.
2024-05-06 08:24:12,846 : INFO : EventManager : Event: ======'modes_active_modes_changed'====== Args={}
2024-05-06 08:24:12,847 : INFO : EventManager : Event: ======'mode_attract_stopped'====== Args={}
2024-05-06 08:24:12,847 : INFO : EventManager : Event: ======'clear'====== Args={'key': 'attract'}
2024-05-06 08:24:12,847 : INFO : Mode.game : Started. Priority: 20
2024-05-06 08:24:12,847 : INFO : EventManager : Event: ======'modes_active_modes_changed'====== Args={}
2024-05-06 08:24:12,847 : INFO : EventManager : Event: ======'mode_game_started'====== Args={'buttons': [], 'hold_time': 0.0992452919999991}
2024-05-06 08:24:12,848 : INFO : EventManager : Event: ======'game_will_start'====== Args={}
2024-05-06 08:24:12,848 : INFO : EventManager : Event: ======'game_starting'====== Args={'game': <Mode.game>}
2024-05-06 08:24:12,849 : INFO : EventManager : Unordered handler for class <Auditor> on event game_ended with priority 1. Handlers: [RegisteredHandler(callback=<bound method Auditor.disable of <Auditor>>, priority=1, kwargs={}, key=UUID('00f532b0-a660-4f18-b65e-3c89c7683738'), condition=None, blocking_facility=None), RegisteredHandler(callback=<bound method Auditor._save_audits of <Auditor>>, priority=1, kwargs={}, key=UUID('d018aa4a-6e83-49ef-9ec3-e99e058e0a4e'), condition=None, blocking_facility=None)]. The order of those handlers is not defined and they will be executed in random order. This might lead to race conditions and potential bugs.
2024-05-06 08:24:12,849 : INFO : EventManager : Event: ======'player_add_request'====== Args={}
2024-05-06 08:24:12,849 : INFO : EventManager : Event: ======'player_will_add'====== Args={'number': 1}
2024-05-06 08:24:12,849 : INFO : EventManager : Event: ======'player_adding'====== Args={'player': <Player 1>, 'number': 1}
2024-05-06 08:24:12,849 : INFO : EventManager : Event: ======'player_added'====== Args={'player': <Player 1>, 'num': 1}
2024-05-06 08:24:12,849 : INFO : Mode.game : Player added successfully. Total players: 1
2024-05-06 08:24:12,849 : INFO : EventManager : Event: ======'player_index'====== Args={'value': 0, 'prev_value': 0, 'change': 0, 'player_num': 1}
2024-05-06 08:24:12,849 : INFO : EventManager : Event: ======'player_number'====== Args={'value': 1, 'prev_value': 1, 'change': 0, 'player_num': 1}
2024-05-06 08:24:12,849 : INFO : EventManager : Event: ======'player_score'====== Args={'value': 0, 'prev_value': 0, 'change': 0, 'player_num': 1}
2024-05-06 08:24:12,850 : INFO : EventManager : Event: ======'game_started'====== Args={}
2024-05-06 08:24:12,850 : INFO : EventManager : Event: ======'player_turn_will_start'====== Args={'player': <Player 1>, 'number': 1}
2024-05-06 08:24:12,851 : INFO : EventManager : Event: ======'player_turn_starting'====== Args={'player': <Player 1>, 'number': 1}
2024-05-06 08:24:12,851 : INFO : EventManager : Event: ======'player_ball'====== Args={'value': 1, 'prev_value': 0, 'change': 1, 'player_num': 1}
2024-05-06 08:24:12,851 : INFO : EventManager : Event: ======'player_turn_started'====== Args={'player': <Player 1>, 'number': 1}
2024-05-06 08:24:12,851 : INFO : EventManager : Event: ======'ball_will_start'====== Args={'player': 1, 'ball': 1, 'balls_remaining': 2, 'is_extra_ball': False}
2024-05-06 08:24:12,852 : INFO : EventManager : Event: ======'ball_starting'====== Args={'player': 1, 'ball': 1, 'balls_remaining': 2, 'is_extra_ball': False}
2024-05-06 08:24:12,854 : INFO : EventManager : Event: ======'mode_base_will_start'====== Args={'queue': <QueuedEvent>, 'player': 1, 'ball': 1, 'balls_remaining': 2, 'is_extra_ball': False}
2024-05-06 08:24:12,855 : INFO : EventManager : Event: ======'player_shot_r_pop_enabled'====== Args={'value': True, 'prev_value': 0, 'change': 1, 'player_num': 1}
2024-05-06 08:24:12,855 : INFO : EventManager : Event: ======'player_shot_r_sling_l_enabled'====== Args={'value': True, 'prev_value': 0, 'change': 1, 'player_num': 1}
2024-05-06 08:24:12,855 : INFO : EventManager : Event: ======'player_shot_r_sling_r_enabled'====== Args={'value': True, 'prev_value': 0, 'change': 1, 'player_num': 1}
2024-05-06 08:24:12,856 : INFO : EventManager : Event: ======'mode_base_starting'====== Args={'queue': <QueuedEvent>, 'player': 1, 'ball': 1, 'balls_remaining': 2, 'is_extra_ball': False}
2024-05-06 08:24:12,856 : INFO : EventManager : Event: ======'waiting_for_launch_press'====== Args={}
2024-05-06 08:24:12,856 : INFO : Mode.base : Started. Priority: 100
2024-05-06 08:24:12,856 : INFO : EventManager : Event: ======'modes_active_modes_changed'====== Args={}
2024-05-06 08:24:12,856 : INFO : EventManager : Event: ======'mode_base_started'====== Args={'queue': <QueuedEvent>, 'player': 1, 'ball': 1, 'balls_remaining': 2, 'is_extra_ball': False}
2024-05-06 08:24:16,267 : INFO : SwitchController : <<<<<<< 's_trough_1' inactive >>>>>>>
2024-05-06 08:24:17,315 : INFO : SwitchController : <<<<<<< 's_launch' active >>>>>>>
2024-05-06 08:24:17,315 : INFO : EventManager : Event: ======'e_launch_press'====== Args={}
2024-05-06 08:24:17,316 : INFO : EventManager : Event: ======'machine_var_audits_switches_s_launch'====== Args={'value': 18, 'prev_value': 17, 'change': 1}
2024-05-06 08:24:17,317 : INFO : EventManager : Event: ======'balls_in_play'====== Args={'balls': 1}
2024-05-06 08:24:17,321 : INFO : EventManager : Event: ======'ball_started'====== Args={'player': 1, 'ball': 1, 'balls_remaining': 2, 'is_extra_ball': False}
2024-05-06 08:24:17,322 : INFO : EventManager : Event: ======'mode_lane_rotate_will_start'====== Args={'player': 1, 'ball': 1, 'balls_remaining': 2, 'is_extra_ball': False}
2024-05-06 08:24:17,323 : INFO : EventManager : Event: ======'player_shot_r_h_enabled'====== Args={'value': True, 'prev_value': 0, 'change': 1, 'player_num': 1}
2024-05-06 08:24:17,324 : INFO : EventManager : Event: ======'player_shot_r_o_enabled'====== Args={'value': True, 'prev_value': 0, 'change': 1, 'player_num': 1}
2024-05-06 08:24:17,324 : INFO : EventManager : Event: ======'player_shot_r_u_enabled'====== Args={'value': True, 'prev_value': 0, 'change': 1, 'player_num': 1}
2024-05-06 08:24:17,325 : INFO : EventManager : Event: ======'player_shot_r_s_enabled'====== Args={'value': True, 'prev_value': 0, 'change': 1, 'player_num': 1}
2024-05-06 08:24:17,326 : INFO : EventManager : Event: ======'player_shot_r_e_enabled'====== Args={'value': True, 'prev_value': 0, 'change': 1, 'player_num': 1}
2024-05-06 08:24:17,328 : INFO : EventManager : Event: ======'mode_lane_rotate_starting'====== Args={'player': 1, 'ball': 1, 'balls_remaining': 2, 'is_extra_ball': False}
2024-05-06 08:24:17,328 : INFO : EventManager : Event: ======'mode_mult_fleshy_qualify_will_start'====== Args={'player': 1, 'ball': 1, 'balls_remaining': 2, 'is_extra_ball': False}
2024-05-06 08:24:17,329 : INFO : EventManager : Event: ======'player_shot_r_o_fleshy_enabled'====== Args={'value': True, 'prev_value': 0, 'change': 1, 'player_num': 1}
2024-05-06 08:24:17,330 : INFO : EventManager : Event: ======'player_shot_r_s_fleshy_enabled'====== Args={'value': True, 'prev_value': 0, 'change': 1, 'player_num': 1}
2024-05-06 08:24:17,330 : INFO : EventManager : Event: ======'fleshy_shots_complete'====== Args={'state': 'unlit'}
2024-05-06 08:24:17,330 : INFO : EventManager : Event: ======'fleshy_shots_unlit_complete'====== Args={}
2024-05-06 08:24:17,331 : INFO : EventManager : Event: ======'mode_mult_fleshy_qualify_starting'====== Args={'player': 1, 'ball': 1, 'balls_remaining': 2, 'is_extra_ball': False}
2024-05-06 08:24:17,332 : INFO : Mode.mult_fleshy_qualify : Started. Priority: 100
2024-05-06 08:24:17,332 : INFO : EventManager : Event: ======'modes_active_modes_changed'====== Args={}
2024-05-06 08:24:17,332 : INFO : EventManager : Event: ======'mode_mult_fleshy_qualify_started'====== Args={'player': 1, 'ball': 1, 'balls_remaining': 2, 'is_extra_ball': False}
2024-05-06 08:24:17,332 : INFO : Mode.lane_rotate : Started. Priority: 100
2024-05-06 08:24:17,332 : INFO : EventManager : Event: ======'modes_active_modes_changed'====== Args={}
2024-05-06 08:24:17,332 : INFO : EventManager : Event: ======'mode_lane_rotate_started'====== Args={'player': 1, 'ball': 1, 'balls_remaining': 2, 'is_extra_ball': False}
2024-05-06 08:24:17,332 : INFO : EventManager : Event: ======'single_player_ball_started'====== Args={}
2024-05-06 08:24:17,339 : INFO : EventManager : Event: ======'ball_start_target'====== Args={'target': 'playfield'}
2024-05-06 08:24:17,339 : INFO : ball_device.bd_trough : Setting up player-controlled eject. Balls: 1, Target: <playfield.playfield>, player_controlled_eject_event: None
2024-05-06 08:24:17,339 : INFO : ball_device.bd_trough : Adding 1 ball(s) to the eject_queue with target <playfield.playfield>.
2024-05-06 08:24:17,339 : INFO : EventManager : Event: ======'balldevice_balls_available'====== Args={}
2024-05-06 08:24:17,451 : INFO : SwitchController : <<<<<<< 's_launch' inactive >>>>>>>
2024-05-06 08:24:20,980 : INFO : SwitchController : <<<<<<< 's_stationary_o' active >>>>>>>
2024-05-06 08:24:20,980 : INFO : EventManager : Event: ======'playfield_active'====== Args={}
2024-05-06 08:24:20,980 : INFO : EventManager : Event: ======'unexpected_ball_on_playfield'====== Args={}
2024-05-06 08:24:20,981 : INFO : EventManager : Event: ======'playfield_active'====== Args={}
2024-05-06 08:24:20,981 : INFO : EventManager : Event: ======'unexpected_ball_on_playfield'====== Args={}
2024-05-06 08:24:20,981 : INFO : EventManager : Event: ======'s_stationary_o_active'====== Args={}
2024-05-06 08:24:20,982 : INFO : EventManager : Event: ======'sw_playfield_active'====== Args={}
2024-05-06 08:24:20,982 : INFO : EventManager : Event: ======'machine_var_audits_switches_s_stationary_o'====== Args={'value': 51, 'prev_value': 50, 'change': 1}
2024-05-06 08:24:20,984 : INFO : EventManager : Event: ======'player_shot_r_o'====== Args={'value': 1, 'prev_value': 0, 'change': 1, 'player_num': 1}
2024-05-06 08:24:20,989 : INFO : EventManager : Event: ======'machine_var_audits_shots_r_o'====== Args={'value': 50, 'prev_value': 49, 'change': 1}
2024-05-06 08:24:20,990 : INFO : EventManager : Event: ======'r_o_hit'====== Args={'profile': 'rotate_profile', 'state': None, 'advancing': True}
2024-05-06 08:24:20,990 : INFO : EventManager : Event: ======'r_o_rotate_profile_hit'====== Args={'profile': 'rotate_profile', 'state': None, 'advancing': True}
2024-05-06 08:24:20,991 : INFO : EventManager : Event: ======'r_o_rotate_profile_None_hit'====== Args={'profile': 'rotate_profile', 'state': None, 'advancing': True}
2024-05-06 08:24:20,991 : INFO : EventManager : Event: ======'r_o_None_hit'====== Args={'profile': 'rotate_profile', 'state': None, 'advancing': True}
2024-05-06 08:24:20,991 : INFO : EventManager : Event: ======'player_shot_r_o_fleshy'====== Args={'value': 1, 'prev_value': 0, 'change': 1, 'player_num': 1}
2024-05-06 08:24:20,992 : INFO : EventManager : Event: ======'machine_var_audits_shots_r_o_fleshy'====== Args={'value': 47, 'prev_value': 46, 'change': 1}
2024-05-06 08:24:20,992 : INFO : EventManager : Event: ======'r_o_fleshy_hit'====== Args={'profile': 'fleshy_profile', 'state': 'unlit', 'advancing': True}
2024-05-06 08:24:20,992 : INFO : EventManager : Event: ======'r_o_fleshy_fleshy_profile_hit'====== Args={'profile': 'fleshy_profile', 'state': 'unlit', 'advancing': True}
2024-05-06 08:24:20,992 : INFO : EventManager : Event: ======'r_o_fleshy_fleshy_profile_unlit_hit'====== Args={'profile': 'fleshy_profile', 'state': 'unlit', 'advancing': True}
2024-05-06 08:24:20,993 : INFO : EventManager : Event: ======'r_o_fleshy_unlit_hit'====== Args={'profile': 'fleshy_profile', 'state': 'unlit', 'advancing': True}
2024-05-06 08:24:20,993 : INFO : EventManager : Event: ======'player_score'====== Args={'value': 100, 'prev_value': 0, 'change': 100, 'player_num': 1, 'source': 'lane_rotate'}
2024-05-06 08:24:20,993 : INFO : EventManager : Event: ======'rotate_group_hit'====== Args={}
2024-05-06 08:24:20,993 : INFO : EventManager : Event: ======'rotate_group_None_hit'====== Args={}
2024-05-06 08:24:20,995 : INFO : EventManager : Event: ======'fleshy_shots_hit'====== Args={}
2024-05-06 08:24:20,995 : INFO : EventManager : Event: ======'fleshy_shots_unlit_hit'====== Args={}
2024-05-06 08:24:20,995 : INFO : EventManager : Event: ======'playfield_active'====== Args={}
2024-05-06 08:24:20,995 : INFO : EventManager : Event: ======'unexpected_ball_on_playfield'====== Args={}
2024-05-06 08:24:21,111 : INFO : SwitchController : <<<<<<< 's_stationary_o' inactive >>>>>>>
2024-05-06 08:24:21,769 : INFO : EventManager : Event: ======'balldevice_bd_trough_ball_count_changed'====== Args={'balls': 0}
2024-05-06 08:24:21,770 : WARNING : ball_device.bd_trough : Ball disappeared while idle. This should not normally happen.
2024-05-06 08:24:21,771 : INFO : EventManager : Event: ======'balldevice_playfield_ball_enter'====== Args={'new_balls': 1, 'unclaimed_balls': 1, 'device': <playfield.playfield>}
2024-05-06 08:24:21,771 : INFO : EventManager : Event: ======'playfield_ball_count_change'====== Args={'balls': 1, 'change': 1}
2024-05-06 08:24:21,772 : INFO : ball_device.bd_trough : 1 ball(s) missing from device. Mechanical eject? False
2024-05-06 08:24:21,772 : INFO : EventManager : Event: ======'balldevice_bd_trough_ball_missing'====== Args={'balls': 1}
2024-05-06 08:24:21,773 : INFO : EventManager : Event: ======'balldevice_ball_missing'====== Args={'balls': 1, 'name': 'bd_trough'}
2024-05-06 08:24:21,773 : INFO : ball_device.bd_trough : State: waiting_for_ball
2024-05-06 08:24:27,811 : INFO : SwitchController : <<<<<<< 's_stationary_s' active >>>>>>>
2024-05-06 08:24:27,811 : INFO : EventManager : Event: ======'s_stationary_s_active'====== Args={}
2024-05-06 08:24:27,812 : INFO : EventManager : Event: ======'sw_playfield_active'====== Args={}
2024-05-06 08:24:27,812 : INFO : EventManager : Event: ======'machine_var_audits_switches_s_stationary_s'====== Args={'value': 18, 'prev_value': 17, 'change': 1}
2024-05-06 08:24:27,813 : INFO : EventManager : Event: ======'player_shot_r_s'====== Args={'value': 1, 'prev_value': 0, 'change': 1, 'player_num': 1}
2024-05-06 08:24:27,816 : INFO : EventManager : Event: ======'machine_var_audits_shots_r_s'====== Args={'value': 18, 'prev_value': 17, 'change': 1}
2024-05-06 08:24:27,817 : INFO : EventManager : Event: ======'r_s_hit'====== Args={'profile': 'rotate_profile', 'state': None, 'advancing': True}
2024-05-06 08:24:27,817 : INFO : EventManager : Event: ======'r_s_rotate_profile_hit'====== Args={'profile': 'rotate_profile', 'state': None, 'advancing': True}
2024-05-06 08:24:27,817 : INFO : EventManager : Event: ======'r_s_rotate_profile_None_hit'====== Args={'profile': 'rotate_profile', 'state': None, 'advancing': True}
2024-05-06 08:24:27,817 : INFO : EventManager : Event: ======'r_s_None_hit'====== Args={'profile': 'rotate_profile', 'state': None, 'advancing': True}
2024-05-06 08:24:27,818 : INFO : EventManager : Event: ======'player_shot_r_s_fleshy'====== Args={'value': 1, 'prev_value': 0, 'change': 1, 'player_num': 1}
2024-05-06 08:24:27,818 : INFO : EventManager : Event: ======'machine_var_audits_shots_r_s_fleshy'====== Args={'value': 18, 'prev_value': 17, 'change': 1}
2024-05-06 08:24:27,819 : INFO : EventManager : Event: ======'r_s_fleshy_hit'====== Args={'profile': 'fleshy_profile', 'state': 'unlit', 'advancing': True}
2024-05-06 08:24:27,819 : INFO : EventManager : Event: ======'r_s_fleshy_fleshy_profile_hit'====== Args={'profile': 'fleshy_profile', 'state': 'unlit', 'advancing': True}
2024-05-06 08:24:27,819 : INFO : EventManager : Event: ======'r_s_fleshy_fleshy_profile_unlit_hit'====== Args={'profile': 'fleshy_profile', 'state': 'unlit', 'advancing': True}
2024-05-06 08:24:27,819 : INFO : EventManager : Event: ======'r_s_fleshy_unlit_hit'====== Args={'profile': 'fleshy_profile', 'state': 'unlit', 'advancing': True}
2024-05-06 08:24:27,819 : INFO : EventManager : Event: ======'player_score'====== Args={'value': 200, 'prev_value': 100, 'change': 100, 'player_num': 1, 'source': 'lane_rotate'}
2024-05-06 08:24:27,819 : INFO : EventManager : Event: ======'rotate_group_hit'====== Args={}
2024-05-06 08:24:27,819 : INFO : EventManager : Event: ======'rotate_group_None_hit'====== Args={}
2024-05-06 08:24:27,820 : INFO : EventManager : Event: ======'fleshy_shots_complete'====== Args={'state': 'light1lit'}
2024-05-06 08:24:27,820 : INFO : EventManager : Event: ======'fleshy_shots_light1lit_complete'====== Args={}
2024-05-06 08:24:27,821 : INFO : EventManager : Event: ======'fleshy_shots_hit'====== Args={}
2024-05-06 08:24:27,821 : INFO : EventManager : Event: ======'fleshy_shots_unlit_hit'====== Args={}
2024-05-06 08:24:27,933 : INFO : SwitchController : <<<<<<< 's_stationary_s' inactive >>>>>>>
2024-05-06 08:24:33,514 : INFO : SwitchController : <<<<<<< 's_stationary_o' active >>>>>>>
2024-05-06 08:24:33,514 : INFO : EventManager : Event: ======'s_stationary_o_active'====== Args={}
2024-05-06 08:24:33,514 : INFO : EventManager : Event: ======'sw_playfield_active'====== Args={}
2024-05-06 08:24:33,514 : INFO : EventManager : Event: ======'machine_var_audits_switches_s_stationary_o'====== Args={'value': 52, 'prev_value': 51, 'change': 1}
2024-05-06 08:24:33,516 : INFO : EventManager : Event: ======'machine_var_audits_shots_r_o'====== Args={'value': 51, 'prev_value': 50, 'change': 1}
2024-05-06 08:24:33,516 : INFO : EventManager : Event: ======'r_o_hit'====== Args={'profile': 'rotate_profile', 'state': 'hit', 'advancing': False}
2024-05-06 08:24:33,519 : INFO : EventManager : Event: ======'r_o_rotate_profile_hit'====== Args={'profile': 'rotate_profile', 'state': 'hit', 'advancing': False}
2024-05-06 08:24:33,520 : INFO : EventManager : Event: ======'r_o_rotate_profile_hit_hit'====== Args={'profile': 'rotate_profile', 'state': 'hit', 'advancing': False}
2024-05-06 08:24:33,520 : INFO : EventManager : Event: ======'r_o_hit_hit'====== Args={'profile': 'rotate_profile', 'state': 'hit', 'advancing': False}
2024-05-06 08:24:33,520 : INFO : EventManager : Event: ======'player_shot_r_o_fleshy'====== Args={'value': 2, 'prev_value': 1, 'change': 1, 'player_num': 1}
2024-05-06 08:24:33,521 : INFO : EventManager : Event: ======'machine_var_audits_shots_r_o_fleshy'====== Args={'value': 48, 'prev_value': 47, 'change': 1}
2024-05-06 08:24:33,522 : INFO : EventManager : Event: ======'r_o_fleshy_hit'====== Args={'profile': 'fleshy_profile', 'state': 'light1lit', 'advancing': True}
2024-05-06 08:24:33,523 : INFO : EventManager : Event: ======'r_o_fleshy_fleshy_profile_hit'====== Args={'profile': 'fleshy_profile', 'state': 'light1lit', 'advancing': True}
2024-05-06 08:24:33,523 : INFO : EventManager : Event: ======'r_o_fleshy_fleshy_profile_light1lit_hit'====== Args={'profile': 'fleshy_profile', 'state': 'light1lit', 'advancing': True}
2024-05-06 08:24:33,523 : INFO : EventManager : Event: ======'r_o_fleshy_light1lit_hit'====== Args={'profile': 'fleshy_profile', 'state': 'light1lit', 'advancing': True}
2024-05-06 08:24:33,523 : INFO : EventManager : Event: ======'player_score'====== Args={'value': 300, 'prev_value': 200, 'change': 100, 'player_num': 1, 'source': 'lane_rotate'}
2024-05-06 08:24:33,523 : INFO : EventManager : Event: ======'rotate_group_hit'====== Args={}
2024-05-06 08:24:33,523 : INFO : EventManager : Event: ======'rotate_group_hit_hit'====== Args={}
2024-05-06 08:24:33,526 : INFO : EventManager : Event: ======'fleshy_shots_hit'====== Args={}
2024-05-06 08:24:33,526 : INFO : EventManager : Event: ======'fleshy_shots_light1lit_hit'====== Args={}
2024-05-06 08:24:33,663 : INFO : SwitchController : <<<<<<< 's_stationary_o' inactive >>>>>>>
2024-05-06 08:24:35,864 : INFO : SwitchController : <<<<<<< 's_stationary_s' active >>>>>>>
2024-05-06 08:24:35,864 : INFO : EventManager : Event: ======'s_stationary_s_active'====== Args={}
2024-05-06 08:24:35,865 : INFO : EventManager : Event: ======'sw_playfield_active'====== Args={}
2024-05-06 08:24:35,865 : INFO : EventManager : Event: ======'machine_var_audits_switches_s_stationary_s'====== Args={'value': 19, 'prev_value': 18, 'change': 1}
2024-05-06 08:24:35,867 : INFO : EventManager : Event: ======'machine_var_audits_shots_r_s'====== Args={'value': 19, 'prev_value': 18, 'change': 1}
2024-05-06 08:24:35,871 : INFO : EventManager : Event: ======'r_s_hit'====== Args={'profile': 'rotate_profile', 'state': 'hit', 'advancing': False}
2024-05-06 08:24:35,872 : INFO : EventManager : Event: ======'r_s_rotate_profile_hit'====== Args={'profile': 'rotate_profile', 'state': 'hit', 'advancing': False}
2024-05-06 08:24:35,872 : INFO : EventManager : Event: ======'r_s_rotate_profile_hit_hit'====== Args={'profile': 'rotate_profile', 'state': 'hit', 'advancing': False}
2024-05-06 08:24:35,873 : INFO : EventManager : Event: ======'r_s_hit_hit'====== Args={'profile': 'rotate_profile', 'state': 'hit', 'advancing': False}
2024-05-06 08:24:35,873 : INFO : EventManager : Event: ======'player_shot_r_s_fleshy'====== Args={'value': 2, 'prev_value': 1, 'change': 1, 'player_num': 1}
2024-05-06 08:24:35,874 : INFO : EventManager : Event: ======'machine_var_audits_shots_r_s_fleshy'====== Args={'value': 19, 'prev_value': 18, 'change': 1}
2024-05-06 08:24:35,874 : INFO : EventManager : Event: ======'r_s_fleshy_hit'====== Args={'profile': 'fleshy_profile', 'state': 'light1lit', 'advancing': True}
2024-05-06 08:24:35,874 : INFO : EventManager : Event: ======'r_s_fleshy_fleshy_profile_hit'====== Args={'profile': 'fleshy_profile', 'state': 'light1lit', 'advancing': True}
2024-05-06 08:24:35,874 : INFO : EventManager : Event: ======'r_s_fleshy_fleshy_profile_light1lit_hit'====== Args={'profile': 'fleshy_profile', 'state': 'light1lit', 'advancing': True}
2024-05-06 08:24:35,875 : INFO : EventManager : Event: ======'r_s_fleshy_light1lit_hit'====== Args={'profile': 'fleshy_profile', 'state': 'light1lit', 'advancing': True}
2024-05-06 08:24:35,875 : INFO : EventManager : Event: ======'player_score'====== Args={'value': 400, 'prev_value': 300, 'change': 100, 'player_num': 1, 'source': 'lane_rotate'}
2024-05-06 08:24:35,875 : INFO : EventManager : Event: ======'rotate_group_hit'====== Args={}
2024-05-06 08:24:35,875 : INFO : EventManager : Event: ======'rotate_group_hit_hit'====== Args={}
2024-05-06 08:24:35,877 : INFO : EventManager : Event: ======'fleshy_shots_complete'====== Args={'state': 'light2lit'}
2024-05-06 08:24:35,877 : INFO : EventManager : Event: ======'fleshy_shots_light2lit_complete'====== Args={}
2024-05-06 08:24:35,879 : INFO : EventManager : Event: ======'fleshy_shots_hit'====== Args={}
2024-05-06 08:24:35,879 : INFO : EventManager : Event: ======'fleshy_shots_light1lit_hit'====== Args={}
2024-05-06 08:24:35,963 : INFO : SwitchController : <<<<<<< 's_stationary_s' inactive >>>>>>>
2024-05-06 08:24:36,630 : INFO : SwitchController : <<<<<<< 's_stationary_s' active >>>>>>>
2024-05-06 08:24:36,631 : INFO : EventManager : Event: ======'s_stationary_s_active'====== Args={}
2024-05-06 08:24:36,631 : INFO : EventManager : Event: ======'sw_playfield_active'====== Args={}
2024-05-06 08:24:36,632 : INFO : EventManager : Event: ======'machine_var_audits_switches_s_stationary_s'====== Args={'value': 20, 'prev_value': 19, 'change': 1}
2024-05-06 08:24:36,633 : INFO : EventManager : Event: ======'machine_var_audits_shots_r_s'====== Args={'value': 20, 'prev_value': 19, 'change': 1}
2024-05-06 08:24:36,634 : INFO : EventManager : Event: ======'r_s_hit'====== Args={'profile': 'rotate_profile', 'state': 'hit', 'advancing': False}
2024-05-06 08:24:36,634 : INFO : EventManager : Event: ======'r_s_rotate_profile_hit'====== Args={'profile': 'rotate_profile', 'state': 'hit', 'advancing': False}
2024-05-06 08:24:36,634 : INFO : EventManager : Event: ======'r_s_rotate_profile_hit_hit'====== Args={'profile': 'rotate_profile', 'state': 'hit', 'advancing': False}
2024-05-06 08:24:36,635 : INFO : EventManager : Event: ======'r_s_hit_hit'====== Args={'profile': 'rotate_profile', 'state': 'hit', 'advancing': False}
2024-05-06 08:24:36,635 : INFO : EventManager : Event: ======'player_shot_r_s_fleshy'====== Args={'value': 3, 'prev_value': 2, 'change': 1, 'player_num': 1}
2024-05-06 08:24:36,636 : INFO : EventManager : Event: ======'machine_var_audits_shots_r_s_fleshy'====== Args={'value': 20, 'prev_value': 19, 'change': 1}
2024-05-06 08:24:36,637 : INFO : EventManager : Event: ======'r_s_fleshy_hit'====== Args={'profile': 'fleshy_profile', 'state': 'light2lit', 'advancing': True}
2024-05-06 08:24:36,637 : INFO : EventManager : Event: ======'r_s_fleshy_fleshy_profile_hit'====== Args={'profile': 'fleshy_profile', 'state': 'light2lit', 'advancing': True}
2024-05-06 08:24:36,637 : INFO : EventManager : Event: ======'r_s_fleshy_fleshy_profile_light2lit_hit'====== Args={'profile': 'fleshy_profile', 'state': 'light2lit', 'advancing': True}
2024-05-06 08:24:36,637 : INFO : EventManager : Event: ======'r_s_fleshy_light2lit_hit'====== Args={'profile': 'fleshy_profile', 'state': 'light2lit', 'advancing': True}
2024-05-06 08:24:36,637 : INFO : EventManager : Event: ======'player_score'====== Args={'value': 500, 'prev_value': 400, 'change': 100, 'player_num': 1, 'source': 'lane_rotate'}
2024-05-06 08:24:36,638 : INFO : EventManager : Event: ======'rotate_group_hit'====== Args={}
2024-05-06 08:24:36,638 : INFO : EventManager : Event: ======'rotate_group_hit_hit'====== Args={}
2024-05-06 08:24:36,640 : INFO : EventManager : Event: ======'fleshy_shots_hit'====== Args={}
2024-05-06 08:24:36,640 : INFO : EventManager : Event: ======'fleshy_shots_light2lit_hit'====== Args={}
2024-05-06 08:24:36,716 : INFO : SwitchController : <<<<<<< 's_stationary_s' inactive >>>>>>>
2024-05-06 08:24:37,895 : INFO : SwitchController : <<<<<<< 's_stationary_o' active >>>>>>>
2024-05-06 08:24:37,896 : INFO : EventManager : Event: ======'s_stationary_o_active'====== Args={}
2024-05-06 08:24:37,896 : INFO : EventManager : Event: ======'sw_playfield_active'====== Args={}
2024-05-06 08:24:37,896 : INFO : EventManager : Event: ======'machine_var_audits_switches_s_stationary_o'====== Args={'value': 53, 'prev_value': 52, 'change': 1}
2024-05-06 08:24:37,898 : INFO : EventManager : Event: ======'machine_var_audits_shots_r_o'====== Args={'value': 52, 'prev_value': 51, 'change': 1}
2024-05-06 08:24:37,898 : INFO : EventManager : Event: ======'r_o_hit'====== Args={'profile': 'rotate_profile', 'state': 'hit', 'advancing': False}
2024-05-06 08:24:37,902 : INFO : EventManager : Event: ======'r_o_rotate_profile_hit'====== Args={'profile': 'rotate_profile', 'state': 'hit', 'advancing': False}
2024-05-06 08:24:37,902 : INFO : EventManager : Event: ======'r_o_rotate_profile_hit_hit'====== Args={'profile': 'rotate_profile', 'state': 'hit', 'advancing': False}
2024-05-06 08:24:37,902 : INFO : EventManager : Event: ======'r_o_hit_hit'====== Args={'profile': 'rotate_profile', 'state': 'hit', 'advancing': False}
2024-05-06 08:24:37,902 : INFO : EventManager : Event: ======'player_shot_r_o_fleshy'====== Args={'value': 3, 'prev_value': 2, 'change': 1, 'player_num': 1}
2024-05-06 08:24:37,903 : INFO : EventManager : Event: ======'machine_var_audits_shots_r_o_fleshy'====== Args={'value': 49, 'prev_value': 48, 'change': 1}
2024-05-06 08:24:37,904 : INFO : EventManager : Event: ======'r_o_fleshy_hit'====== Args={'profile': 'fleshy_profile', 'state': 'light2lit', 'advancing': True}
2024-05-06 08:24:37,904 : INFO : EventManager : Event: ======'r_o_fleshy_fleshy_profile_hit'====== Args={'profile': 'fleshy_profile', 'state': 'light2lit', 'advancing': True}
2024-05-06 08:24:37,904 : INFO : EventManager : Event: ======'r_o_fleshy_fleshy_profile_light2lit_hit'====== Args={'profile': 'fleshy_profile', 'state': 'light2lit', 'advancing': True}
2024-05-06 08:24:37,904 : INFO : EventManager : Event: ======'r_o_fleshy_light2lit_hit'====== Args={'profile': 'fleshy_profile', 'state': 'light2lit', 'advancing': True}
2024-05-06 08:24:37,905 : INFO : EventManager : Event: ======'player_score'====== Args={'value': 600, 'prev_value': 500, 'change': 100, 'player_num': 1, 'source': 'lane_rotate'}
2024-05-06 08:24:37,905 : INFO : EventManager : Event: ======'rotate_group_hit'====== Args={}
2024-05-06 08:24:37,905 : INFO : EventManager : Event: ======'rotate_group_hit_hit'====== Args={}
2024-05-06 08:24:37,906 : INFO : EventManager : Event: ======'fleshy_shots_complete'====== Args={'state': 'light3lit'}
2024-05-06 08:24:37,906 : INFO : EventManager : Event: ======'fleshy_shots_light3lit_complete'====== Args={}
2024-05-06 08:24:37,907 : INFO : EventManager : Event: ======'fleshy_shots_hit'====== Args={}
2024-05-06 08:24:37,907 : INFO : EventManager : Event: ======'fleshy_shots_light2lit_hit'====== Args={}
2024-05-06 08:24:37,979 : INFO : SwitchController : <<<<<<< 's_stationary_o' inactive >>>>>>>
2024-05-06 08:26:19,600 : INFO : Machine : Shutting down...
2024-05-06 08:26:19,600 : INFO : EventManager : Event: ======'shutdown'====== Args={}
2024-05-06 08:26:19,602 : INFO : EventManager : Event: ======'mode_game_will_stop'====== Args={}
2024-05-06 08:26:19,602 : INFO : EventManager : Event: ======'mode_game_stopping'====== Args={}
2024-05-06 08:26:19,605 : INFO : EventManager : Event: ======'mode_base_will_stop'====== Args={}
2024-05-06 08:26:19,605 : INFO : EventManager : Event: ======'mode_base_stopping'====== Args={}
2024-05-06 08:26:19,605 : INFO : EventManager : Event: ======'mode_lane_rotate_will_stop'====== Args={}
2024-05-06 08:26:19,605 : INFO : EventManager : Event: ======'mode_lane_rotate_stopping'====== Args={}
2024-05-06 08:26:19,605 : INFO : EventManager : Event: ======'mode_mult_fleshy_qualify_will_stop'====== Args={}
2024-05-06 08:26:19,605 : INFO : EventManager : Event: ======'mode_mult_fleshy_qualify_stopping'====== Args={}
2024-05-06 08:26:19,606 : INFO : Mode.mult_fleshy_qualify : Stopped.
2024-05-06 08:26:19,606 : INFO : EventManager : Event: ======'modes_active_modes_changed'====== Args={}
2024-05-06 08:26:19,606 : INFO : EventManager : Event: ======'mode_mult_fleshy_qualify_stopped'====== Args={}
2024-05-06 08:26:19,606 : INFO : EventManager : Event: ======'clear'====== Args={'key': 'mult_fleshy_qualify'}
2024-05-06 08:26:19,607 : INFO : Mode.lane_rotate : Stopped.
2024-05-06 08:26:19,607 : INFO : EventManager : Event: ======'modes_active_modes_changed'====== Args={}
2024-05-06 08:26:19,607 : INFO : EventManager : Event: ======'mode_lane_rotate_stopped'====== Args={}
2024-05-06 08:26:19,607 : INFO : EventManager : Event: ======'clear'====== Args={'key': 'lane_rotate'}
2024-05-06 08:26:19,609 : INFO : Mode.base : Stopped.
2024-05-06 08:26:19,609 : INFO : EventManager : Event: ======'modes_active_modes_changed'====== Args={}
2024-05-06 08:26:19,610 : INFO : EventManager : Event: ======'mode_base_stopped'====== Args={}
2024-05-06 08:26:19,610 : INFO : EventManager : Event: ======'clear'====== Args={'key': 'base'}
2024-05-06 08:26:19,611 : INFO : Mode.game : Stopped.
2024-05-06 08:26:19,611 : INFO : EventManager : Event: ======'modes_active_modes_changed'====== Args={}
2024-05-06 08:26:19,611 : INFO : EventManager : Event: ======'mode_game_stopped'====== Args={}
2024-05-06 08:26:19,611 : INFO : EventManager : Event: ======'clear'====== Args={'key': 'game'}
2024-05-06 08:26:19,613 : INFO : root : MPF run loop ended.
