2024-02-01 13:55:44,810 : INFO : root : Loading config.
2024-02-01 13:55:44,814 : INFO : YamlMultifileConfigLoader : Machine config file #1: config.yaml
2024-02-01 13:55:44,814 : WARNING : ConfigProcessor : Config file in cache changed: C:\lofab\config\config.yaml
2024-02-01 13:55:44,814 : INFO : ConfigProcessor : Loading config from file C:\Users\Tanner\AppData\Local\Packages\PythonSoftwareFoundation.Python.3.11_qbz5n2kfra8p0\LocalCache\local-packages\Python311\site-packages\mpf\mpfconfig.yaml.
2024-02-01 13:55:44,825 : INFO : ConfigProcessor : Loading config: C:\Users\Tanner\AppData\Local\Packages\PythonSoftwareFoundation.Python.3.11_qbz5n2kfra8p0\LocalCache\local-packages\Python311\site-packages\mpf\mpfconfig.yaml
2024-02-01 13:55:44,825 : INFO : ConfigProcessor : Loading config from file C:\lofab\config\config.yaml.
2024-02-01 13:55:44,828 : INFO : ConfigProcessor : Loading config: C:\lofab\config\config.yaml
2024-02-01 13:55:44,829 : INFO : ConfigProcessor : Config file cache created: C:\Users\Tanner\AppData\Local\Temp\35bf7834a2cb30277765407e9f9dad35.mpf_cache
2024-02-01 13:55:44,897 : INFO : ConfigProcessor : Loading config from cache: C:\Users\Tanner\AppData\Local\Temp\165ae565642a148ddd3c4976ade4dd88.mpf_cache
2024-02-01 13:55:44,898 : INFO : ConfigProcessor : Loading config from cache: C:\Users\Tanner\AppData\Local\Temp\dfbe1b39ae456f06de73c859384050b2.mpf_cache
2024-02-01 13:55:44,899 : INFO : Machine : Mission Pinball Framework Core Engine v0.57.0.dev33
2024-02-01 13:55:44,899 : INFO : Machine : Command line arguments: {'no_load_cache': False, 'create_config_cache': True, 'bcp': False, 'configfile': ['config.yaml'], 'force_assets_load': False, 'jsonlogging': False, 'logfile': 'logs\\2024-02-01-13-55-44-mpf-DESKTOP-7HNFDQ5.log', 'pause': False, 'production': False, 'text_ui': True, 'loglevel': 15, 'consoleloglevel': 20, 'force_platform': None, 'syslog_address': None, 'mc_file_name': None, 'no_sound': False}
2024-02-01 13:55:44,899 : INFO : Machine : MPF path: C:\Users\Tanner\AppData\Local\Packages\PythonSoftwareFoundation.Python.3.11_qbz5n2kfra8p0\LocalCache\local-packages\Python311\site-packages\mpf
2024-02-01 13:55:44,899 : INFO : Machine : Machine path: C:\lofab
2024-02-01 13:55:44,899 : INFO : Machine : Platform: win32
2024-02-01 13:55:44,899 : INFO : Machine : Python executable location: C:\Users\Tanner\AppData\Local\Microsoft\WindowsApps\PythonSoftwareFoundation.Python.3.11_qbz5n2kfra8p0\python.exe
2024-02-01 13:55:44,899 : INFO : Machine : Python version: 3.11.7 (64-bit)
2024-02-01 13:55:44,902 : INFO : Machine : Initializing MPF...
2024-02-01 13:55:45,123 : INFO : [NET] : Trying to connect to com9 at 921600bps
2024-02-01 13:55:45,200 : INFO : [NET] : Connected to com9 at 921600bps
2024-02-01 13:55:45,214 : INFO : [NET] : Connected to FP-CPU-2000 with firmware v02.13
2024-02-01 13:55:45,245 : INFO : [NET] : Registered I/O Board 0: Model: FP-I/O-0804, Firmware: 01.10, Switches: 8, Drivers: 4
2024-02-01 13:55:45,261 : INFO : [NET] : Registered I/O Board 1: Model: FP-I/O-0804, Firmware: 01.09, Switches: 8, Drivers: 4
2024-02-01 13:55:45,277 : INFO : [NET] : Registered I/O Board 2: Model: FP-I/O-3208, Firmware: 01.10, Switches: 32, Drivers: 8
2024-02-01 13:55:45,278 : INFO : [EXP] : Trying to connect to com10 at 921600bps
2024-02-01 13:55:45,355 : INFO : [EXP] : Connected to com10 at 921600bps
2024-02-01 13:55:45,371 : INFO : [EXP] : Verifying hardware for EXP "pf" (FP-EXP-0081, @84) with ID string "EXP FP-EXP-0081  0.12", board address 84
2024-02-01 13:55:45,386 : INFO : [EXP] : Verifying hardware for EXP "pf" (FP-EXP-0081, @84) with ID string "BRK FP-EXP-0081  0.12", board address 840
2024-02-01 13:55:45,401 : INFO : [EXP] : Verifying hardware for EXP "pf" (FP-EXP-0081, @84) with ID string "BRK FP-EXP-0081  0.12", board address 841
2024-02-01 13:55:45,416 : INFO : EventManager : Event: ======'machine_var_credits_string'====== Args={'value': 'FREE PLAY', 'prev_value': None, 'change': True}
2024-02-01 13:55:45,430 : INFO : EventManager : Event: ======'machine_var_master_volume'====== Args={'value': 0.5, 'prev_value': None, 'change': True}
2024-02-01 13:55:45,431 : INFO : EventManager : Event: ======'machine_var_player1_score'====== Args={'value': 0, 'prev_value': None, 'change': True}
2024-02-01 13:55:45,431 : INFO : EventManager : Event: ======'machine_var_mpf_version'====== Args={'value': 'Mission Pinball Framework v0.57.0.dev33', 'prev_value': None, 'change': True}
2024-02-01 13:55:45,431 : INFO : EventManager : Event: ======'machine_var_mpf_extended_version'====== Args={'value': 'Mission Pinball Framework v0.57.0.dev33, Config version:6, Show version: 6, BCP version:1.1', 'prev_value': None, 'change': True}
2024-02-01 13:55:45,431 : INFO : EventManager : Event: ======'machine_var_python_version'====== Args={'value': '3.11.7', 'prev_value': None, 'change': True}
2024-02-01 13:55:45,440 : INFO : EventManager : Event: ======'machine_var_platform'====== Args={'value': 'Windows-10-10.0.19045-SP0', 'prev_value': None, 'change': True}
2024-02-01 13:55:45,440 : INFO : EventManager : Event: ======'machine_var_platform_system'====== Args={'value': 'Windows', 'prev_value': None, 'change': True}
2024-02-01 13:55:45,440 : INFO : EventManager : Event: ======'machine_var_platform_release'====== Args={'value': '10', 'prev_value': None, 'change': True}
2024-02-01 13:55:45,440 : INFO : EventManager : Event: ======'machine_var_platform_version'====== Args={'value': '10.0.19045', 'prev_value': None, 'change': True}
2024-02-01 13:55:45,440 : INFO : EventManager : Event: ======'machine_var_platform_machine'====== Args={'value': 'AMD64', 'prev_value': None, 'change': True}
2024-02-01 13:55:45,440 : INFO : EventManager : Event: ======'init_phase_1'====== Args={}
2024-02-01 13:55:47,915 : INFO : SwitchController : <<<<<<< 's_trough_4' active >>>>>>>
2024-02-01 13:55:47,946 : INFO : EventManager : Event: ======'init_phase_2'====== Args={}
2024-02-01 13:55:47,946 : INFO : SwitchController : Found active switch: (19, [FAST Platform Interface]) <switch.s_trough_4>
2024-02-01 13:55:47,948 : INFO : ball_device.bd_vuk : BCH: Initial count: 0
2024-02-01 13:55:47,949 : INFO : ball_device.bd_vuk : State: idle
2024-02-01 13:55:48,411 : INFO : ball_device.bd_trough : BCH: Initial count: 1
2024-02-01 13:55:48,411 : INFO : ball_device.bd_trough : State: idle
2024-02-01 13:55:48,420 : INFO : EventManager : Event: ======'init_phase_3'====== Args={}
2024-02-01 13:55:48,421 : INFO : EventManager : Event: ======'init_phase_4'====== Args={}
2024-02-01 13:55:48,422 : INFO : BallController : Initial balls found: 1
2024-02-01 13:55:48,423 : INFO : EventManager : Event: ======'machine_var_audits_events_game_ended'====== Args={'value': 44, 'prev_value': None, 'change': True}
2024-02-01 13:55:48,423 : INFO : EventManager : Event: ======'machine_var_audits_events_game_started'====== Args={'value': 116, 'prev_value': None, 'change': True}
2024-02-01 13:55:48,423 : INFO : EventManager : Event: ======'machine_var_audits_player_score'====== Args={'value': {'average': 0.0, 'top': [0, 0, 0, 0, 0, 0, 0, 0, 0, 0], 'total': 44}, 'prev_value': None, 'change': True}
2024-02-01 13:55:48,423 : INFO : EventManager : Event: ======'machine_var_audits_switches_s_autolauncher'====== Args={'value': 422, 'prev_value': None, 'change': True}
2024-02-01 13:55:48,423 : INFO : EventManager : Event: ======'machine_var_audits_switches_s_b_eos'====== Args={'value': 2450, 'prev_value': None, 'change': True}
2024-02-01 13:55:48,423 : INFO : EventManager : Event: ======'machine_var_audits_switches_s_b_pop'====== Args={'value': 446, 'prev_value': None, 'change': True}
2024-02-01 13:55:48,423 : INFO : EventManager : Event: ======'machine_var_audits_switches_s_b_rollover_interchange'====== Args={'value': 10, 'prev_value': None, 'change': True}
2024-02-01 13:55:48,423 : INFO : EventManager : Event: ======'machine_var_audits_switches_s_b_rollover_loop'====== Args={'value': 24, 'prev_value': None, 'change': True}
2024-02-01 13:55:48,423 : INFO : EventManager : Event: ======'machine_var_audits_switches_s_b_rollover_misc'====== Args={'value': 33, 'prev_value': None, 'change': True}
2024-02-01 13:55:48,424 : INFO : EventManager : Event: ======'machine_var_audits_switches_s_b_target_left'====== Args={'value': 21, 'prev_value': None, 'change': True}
2024-02-01 13:55:48,424 : INFO : EventManager : Event: ======'machine_var_audits_switches_s_b_target_right'====== Args={'value': 39, 'prev_value': None, 'change': True}
2024-02-01 13:55:48,424 : INFO : EventManager : Event: ======'machine_var_audits_switches_s_drop_mid_center'====== Args={'value': 113, 'prev_value': None, 'change': True}
2024-02-01 13:55:48,424 : INFO : EventManager : Event: ======'machine_var_audits_switches_s_drop_mid_left'====== Args={'value': 76, 'prev_value': None, 'change': True}
2024-02-01 13:55:48,424 : INFO : EventManager : Event: ======'machine_var_audits_switches_s_drop_mid_right'====== Args={'value': 96, 'prev_value': None, 'change': True}
2024-02-01 13:55:48,424 : INFO : EventManager : Event: ======'machine_var_audits_switches_s_drop_right_left'====== Args={'value': 32, 'prev_value': None, 'change': True}
2024-02-01 13:55:48,424 : INFO : EventManager : Event: ======'machine_var_audits_switches_s_drop_right_right'====== Args={'value': 32, 'prev_value': None, 'change': True}
2024-02-01 13:55:48,424 : INFO : EventManager : Event: ======'machine_var_audits_switches_s_drop_scoop'====== Args={'value': 0, 'prev_value': None, 'change': True}
2024-02-01 13:55:48,424 : INFO : EventManager : Event: ======'machine_var_audits_switches_s_drop_single'====== Args={'value': 24, 'prev_value': None, 'change': True}
2024-02-01 13:55:48,424 : INFO : EventManager : Event: ======'machine_var_audits_switches_s_flip_left_eos'====== Args={'value': 25095, 'prev_value': None, 'change': True}
2024-02-01 13:55:48,424 : INFO : EventManager : Event: ======'machine_var_audits_switches_s_flip_left_top_eos'====== Args={'value': 1729, 'prev_value': None, 'change': True}
2024-02-01 13:55:48,425 : INFO : EventManager : Event: ======'machine_var_audits_switches_s_flip_right_eos'====== Args={'value': 2110, 'prev_value': None, 'change': True}
2024-02-01 13:55:48,425 : INFO : EventManager : Event: ======'machine_var_audits_switches_s_inlane_left'====== Args={'value': 31, 'prev_value': None, 'change': True}
2024-02-01 13:55:48,425 : INFO : EventManager : Event: ======'machine_var_audits_switches_s_inlane_right'====== Args={'value': 59, 'prev_value': None, 'change': True}
2024-02-01 13:55:48,425 : INFO : EventManager : Event: ======'machine_var_audits_switches_s_l_rollover'====== Args={'value': 9, 'prev_value': None, 'change': True}
2024-02-01 13:55:48,425 : INFO : EventManager : Event: ======'machine_var_audits_switches_s_l_target_far'====== Args={'value': 9, 'prev_value': None, 'change': True}
2024-02-01 13:55:48,425 : INFO : EventManager : Event: ======'machine_var_audits_switches_s_l_target_large'====== Args={'value': 9, 'prev_value': None, 'change': True}
2024-02-01 13:55:48,425 : INFO : EventManager : Event: ======'machine_var_audits_switches_s_l_target_left'====== Args={'value': 10, 'prev_value': None, 'change': True}
2024-02-01 13:55:48,425 : INFO : EventManager : Event: ======'machine_var_audits_switches_s_l_target_right'====== Args={'value': 9, 'prev_value': None, 'change': True}
2024-02-01 13:55:48,425 : INFO : EventManager : Event: ======'machine_var_audits_switches_s_l_vuk'====== Args={'value': 9, 'prev_value': None, 'change': True}
2024-02-01 13:55:48,425 : INFO : EventManager : Event: ======'machine_var_audits_switches_s_launch'====== Args={'value': 460, 'prev_value': None, 'change': True}
2024-02-01 13:55:48,426 : INFO : EventManager : Event: ======'machine_var_audits_switches_s_left_flipper_1'====== Args={'value': 1947, 'prev_value': None, 'change': True}
2024-02-01 13:55:48,426 : INFO : EventManager : Event: ======'machine_var_audits_switches_s_left_flipper_2'====== Args={'value': 651, 'prev_value': None, 'change': True}
2024-02-01 13:55:48,426 : INFO : EventManager : Event: ======'machine_var_audits_switches_s_lock_1'====== Args={'value': 1, 'prev_value': None, 'change': True}
2024-02-01 13:55:48,426 : INFO : EventManager : Event: ======'machine_var_audits_switches_s_lock_2'====== Args={'value': 1, 'prev_value': None, 'change': True}
2024-02-01 13:55:48,426 : INFO : EventManager : Event: ======'machine_var_audits_switches_s_lock_3'====== Args={'value': 1, 'prev_value': None, 'change': True}
2024-02-01 13:55:48,426 : INFO : EventManager : Event: ======'machine_var_audits_switches_s_outlane_left'====== Args={'value': 12, 'prev_value': None, 'change': True}
2024-02-01 13:55:48,426 : INFO : EventManager : Event: ======'machine_var_audits_switches_s_outlane_right'====== Args={'value': 28, 'prev_value': None, 'change': True}
2024-02-01 13:55:48,426 : INFO : EventManager : Event: ======'machine_var_audits_switches_s_pop_left'====== Args={'value': 152, 'prev_value': None, 'change': True}
2024-02-01 13:55:48,426 : INFO : EventManager : Event: ======'machine_var_audits_switches_s_pop_lower'====== Args={'value': 560, 'prev_value': None, 'change': True}
2024-02-01 13:55:48,427 : INFO : EventManager : Event: ======'machine_var_audits_switches_s_pop_right'====== Args={'value': 2348, 'prev_value': None, 'change': True}
2024-02-01 13:55:48,427 : INFO : EventManager : Event: ======'machine_var_audits_switches_s_right_flipper_1'====== Args={'value': 3494, 'prev_value': None, 'change': True}
2024-02-01 13:55:48,427 : INFO : EventManager : Event: ======'machine_var_audits_switches_s_right_flipper_2'====== Args={'value': 3304, 'prev_value': None, 'change': True}
2024-02-01 13:55:48,427 : INFO : EventManager : Event: ======'machine_var_audits_switches_s_rollover_left'====== Args={'value': 84, 'prev_value': None, 'change': True}
2024-02-01 13:55:48,427 : INFO : EventManager : Event: ======'machine_var_audits_switches_s_rollover_right'====== Args={'value': 488, 'prev_value': None, 'change': True}
2024-02-01 13:55:48,427 : INFO : EventManager : Event: ======'machine_var_audits_switches_s_sling_left'====== Args={'value': 159, 'prev_value': None, 'change': True}
2024-02-01 13:55:48,427 : INFO : EventManager : Event: ======'machine_var_audits_switches_s_sling_right'====== Args={'value': 237, 'prev_value': None, 'change': True}
2024-02-01 13:55:48,427 : INFO : EventManager : Event: ======'machine_var_audits_switches_s_start'====== Args={'value': 113, 'prev_value': None, 'change': True}
2024-02-01 13:55:48,428 : INFO : EventManager : Event: ======'machine_var_audits_switches_s_tilt'====== Args={'value': 2735, 'prev_value': None, 'change': True}
2024-02-01 13:55:48,428 : INFO : EventManager : Event: ======'machine_var_audits_switches_s_trough_1'====== Args={'value': 0, 'prev_value': None, 'change': True}
2024-02-01 13:55:48,428 : INFO : EventManager : Event: ======'machine_var_audits_switches_s_trough_2'====== Args={'value': 440, 'prev_value': None, 'change': True}
2024-02-01 13:55:48,428 : INFO : EventManager : Event: ======'machine_var_audits_switches_s_trough_3'====== Args={'value': 394, 'prev_value': None, 'change': True}
2024-02-01 13:55:48,428 : INFO : EventManager : Event: ======'machine_var_audits_switches_s_trough_4'====== Args={'value': 396, 'prev_value': None, 'change': True}
2024-02-01 13:55:48,428 : INFO : EventManager : Event: ======'machine_var_audits_switches_s_trough_5'====== Args={'value': 284, 'prev_value': None, 'change': True}
2024-02-01 13:55:48,428 : INFO : EventManager : Event: ======'machine_var_audits_switches_s_trough_6'====== Args={'value': 277, 'prev_value': None, 'change': True}
2024-02-01 13:55:48,428 : INFO : EventManager : Event: ======'machine_var_audits_switches_s_trough_jam'====== Args={'value': 344, 'prev_value': None, 'change': True}
2024-02-01 13:55:48,429 : INFO : EventManager : Event: ======'machine_var_audits_switches_s_u_lane_l'====== Args={'value': 15, 'prev_value': None, 'change': True}
2024-02-01 13:55:48,429 : INFO : EventManager : Event: ======'machine_var_audits_switches_s_u_lane_r'====== Args={'value': 20, 'prev_value': None, 'change': True}
2024-02-01 13:55:48,429 : INFO : EventManager : Event: ======'machine_var_audits_switches_s_u_rollover'====== Args={'value': 10, 'prev_value': None, 'change': True}
2024-02-01 13:55:48,429 : INFO : EventManager : Event: ======'machine_var_audits_switches_s_u_target'====== Args={'value': 8, 'prev_value': None, 'change': True}
2024-02-01 13:55:48,429 : INFO : EventManager : Event: ======'machine_var_audits_switches_s_vuk_back'====== Args={'value': 489, 'prev_value': None, 'change': True}
2024-02-01 13:55:48,429 : INFO : EventManager : Event: ======'machine_var_audits_switches_s_vuk_right'====== Args={'value': 1, 'prev_value': None, 'change': True}
2024-02-01 13:55:48,430 : INFO : EventManager : Event: ======'machine_var_audits_switches_s_left_flipper'====== Args={'value': 0, 'prev_value': None, 'change': True}
2024-02-01 13:55:48,430 : INFO : EventManager : Event: ======'machine_var_audits_switches_s_right_flipper'====== Args={'value': 0, 'prev_value': None, 'change': True}
2024-02-01 13:55:48,430 : INFO : EventManager : Event: ======'machine_var_audits_switches_s_sling_l'====== Args={'value': 0, 'prev_value': None, 'change': True}
2024-02-01 13:55:48,430 : INFO : EventManager : Event: ======'machine_var_audits_switches_s_stationary_l'====== Args={'value': 0, 'prev_value': None, 'change': True}
2024-02-01 13:55:48,430 : INFO : EventManager : Event: ======'machine_var_audits_switches_s_9'====== Args={'value': 0, 'prev_value': None, 'change': True}
2024-02-01 13:55:48,430 : INFO : EventManager : Event: ======'machine_var_audits_switches_s_pop'====== Args={'value': 0, 'prev_value': None, 'change': True}
2024-02-01 13:55:48,431 : INFO : EventManager : Event: ======'machine_var_audits_switches_s_stationary_right'====== Args={'value': 0, 'prev_value': None, 'change': True}
2024-02-01 13:55:48,431 : INFO : EventManager : Event: ======'machine_var_audits_switches_s_stationary_back'====== Args={'value': 0, 'prev_value': None, 'change': True}
2024-02-01 13:55:48,431 : INFO : EventManager : Event: ======'machine_var_audits_switches_s_sling_r'====== Args={'value': 0, 'prev_value': None, 'change': True}
2024-02-01 13:55:48,431 : INFO : EventManager : Event: ======'machine_var_audits_switches_s_vuk'====== Args={'value': 0, 'prev_value': None, 'change': True}
2024-02-01 13:55:48,432 : INFO : EventManager : Event: ======'init_phase_5'====== Args={}
2024-02-01 13:55:48,451 : INFO : EventManager : Event: ======'init_done'====== Args={}
2024-02-01 13:55:48,451 : INFO : EventManager : Event: ======'machine_reset_phase_1'====== Args={}
2024-02-01 13:55:48,452 : INFO : EventManager : Event: ======'machine_reset_phase_2'====== Args={}
2024-02-01 13:55:48,452 : INFO : EventManager : Event: ======'machine_reset_phase_3'====== Args={}
2024-02-01 13:55:48,453 : INFO : EventManager : Event: ======'reset_complete'====== Args={}
2024-02-01 13:55:48,453 : INFO : EventManager : Event: ======'mode_attract_will_start'====== Args={}
2024-02-01 13:55:48,453 : INFO : EventManager : Event: ======'mode_attract_starting'====== Args={}
2024-02-01 13:55:48,453 : INFO : Mode.attract : Started. Priority: 10
2024-02-01 13:55:48,453 : INFO : EventManager : Event: ======'modes_active_modes_changed'====== Args={}
2024-02-01 13:55:48,453 : INFO : EventManager : Event: ======'mode_attract_started'====== Args={}
2024-02-01 13:55:48,453 : INFO : EventManager : Event: ======'collecting_balls'====== Args={}
2024-02-01 13:55:48,454 : INFO : ball_device.bd_trough : Adding 1 ball(s) to the eject_queue with target <playfield.playfield>.
2024-02-01 13:55:48,454 : INFO : EventManager : Event: ======'balldevice_balls_available'====== Args={}
2024-02-01 13:55:48,468 : INFO : Machine : Starting the main run loop.
2024-02-01 13:55:48,469 : INFO : ball_device.bd_trough : State: waiting_for_target_ready
2024-02-01 13:55:48,469 : INFO : EventManager : Event: ======'balldevice_bd_trough_ball_eject_attempt'====== Args={'balls': 1, 'target': <playfield.playfield>, 'source': <ball_device.bd_trough>, 'mechanical_eject': False, 'num_attempts': 0}
2024-02-01 13:55:48,469 : INFO : ball_device.bd_trough : State: ejecting
2024-02-01 13:55:48,469 : INFO : ball_device.bd_trough : Ejecting ball to <playfield.playfield>
2024-02-01 13:55:48,469 : INFO : EventManager : Event: ======'balldevice_bd_trough_ejecting_ball'====== Args={'balls': 1, 'target': <playfield.playfield>, 'source': <ball_device.bd_trough>, 'mechanical_eject': False, 'num_attempts': 0}
2024-02-01 13:55:48,470 : INFO : ball_device.bd_trough : Wait for ball to leave device
2024-02-01 13:55:48,470 : INFO : coil.c_trough : Pulsing Driver for 60ms (1.0 pulse_power)
2024-02-01 13:55:48,566 : INFO : SwitchController : <<<<<<< 's_trough_4' inactive >>>>>>>
2024-02-01 13:55:48,569 : INFO : ball_device.bd_trough : State: ball_left
2024-02-01 13:55:48,569 : INFO : ball_device.bd_trough : Ball left
2024-02-01 13:55:48,570 : INFO : ball_device.bd_trough : Wait for confirm with timeout 10.0
2024-02-01 13:55:51,732 : INFO : SwitchController : <<<<<<< 's_trough_1' active >>>>>>>
2024-02-01 13:55:51,825 : INFO : SwitchController : <<<<<<< 's_trough_1' inactive >>>>>>>
2024-02-01 13:55:51,842 : INFO : SwitchController : <<<<<<< 's_trough_2' active >>>>>>>
2024-02-01 13:55:51,919 : INFO : SwitchController : <<<<<<< 's_trough_2' inactive >>>>>>>
2024-02-01 13:55:51,935 : INFO : SwitchController : <<<<<<< 's_trough_3' active >>>>>>>
2024-02-01 13:55:51,997 : INFO : SwitchController : <<<<<<< 's_trough_3' inactive >>>>>>>
2024-02-01 13:55:52,024 : INFO : SwitchController : <<<<<<< 's_trough_4' active >>>>>>>
2024-02-01 13:55:58,559 : INFO : ball_device.bd_trough : State: failed_confirm
2024-02-01 13:55:58,559 : INFO : ball_device.bd_trough : Got timeout (10.0s) before confirm from <playfield.playfield>
2024-02-01 13:55:58,652 : INFO : ball_device.bd_trough : Got unknown balls. Assuming a ball returned.
2024-02-01 13:55:58,652 : INFO : EventManager : Event: ======'balldevice_bd_trough_ball_eject_failed'====== Args={'target': <playfield.playfield>, 'balls': 1, 'retry': True, 'num_attempts': 1}
2024-02-01 13:55:58,653 : INFO : ball_device.bd_trough : State: waiting_for_target_ready
2024-02-01 13:55:58,653 : INFO : EventManager : Event: ======'balldevice_bd_trough_ball_eject_attempt'====== Args={'balls': 1, 'target': <playfield.playfield>, 'source': <ball_device.bd_trough>, 'mechanical_eject': False, 'num_attempts': 1}
2024-02-01 13:55:58,653 : INFO : ball_device.bd_trough : State: ejecting
2024-02-01 13:55:58,653 : INFO : ball_device.bd_trough : Ejecting ball to <playfield.playfield>
2024-02-01 13:55:58,653 : INFO : EventManager : Event: ======'balldevice_bd_trough_ejecting_ball'====== Args={'balls': 1, 'target': <playfield.playfield>, 'source': <ball_device.bd_trough>, 'mechanical_eject': False, 'num_attempts': 1}
2024-02-01 13:55:58,654 : INFO : ball_device.bd_trough : Wait for ball to leave device
2024-02-01 13:55:58,654 : INFO : coil.c_trough : Pulsing Driver for 60ms (1.0 pulse_power)
2024-02-01 13:55:58,747 : INFO : SwitchController : <<<<<<< 's_trough_4' inactive >>>>>>>
2024-02-01 13:55:58,751 : INFO : ball_device.bd_trough : State: ball_left
2024-02-01 13:55:58,751 : INFO : ball_device.bd_trough : Ball left
2024-02-01 13:55:58,751 : INFO : ball_device.bd_trough : Wait for confirm with timeout 10.0
2024-02-01 13:56:08,749 : INFO : ball_device.bd_trough : State: failed_confirm
2024-02-01 13:56:08,749 : INFO : ball_device.bd_trough : Got timeout (10.0s) before confirm from <playfield.playfield>
2024-02-01 13:56:08,844 : INFO : ball_device.bd_trough : Confirming eject because target is playfield and ball did not return.
2024-02-01 13:56:08,844 : INFO : ball_device.bd_trough : Eject successful
2024-02-01 13:56:08,844 : INFO : EventManager : Event: ======'balldevice_bd_trough_ball_eject_success'====== Args={'balls': 1, 'target': <playfield.playfield>}
2024-02-01 13:56:08,844 : INFO : EventManager : Event: ======'balldevice_playfield_ball_enter'====== Args={'new_balls': 1, 'unclaimed_balls': 1, 'device': <playfield.playfield>}
2024-02-01 13:56:08,844 : INFO : EventManager : Event: ======'playfield_ball_count_change'====== Args={'balls': 1, 'change': 1}
2024-02-01 13:56:08,844 : INFO : EventManager : Event: ======'balldevice_bd_trough_ball_count_changed'====== Args={'balls': 0}
2024-02-01 13:56:08,845 : INFO : ball_device.bd_trough : State: idle
2024-02-01 13:56:44,830 : INFO : SwitchController : <<<<<<< 's_trough_1' active >>>>>>>
2024-02-01 13:56:44,925 : INFO : SwitchController : <<<<<<< 's_trough_1' inactive >>>>>>>
2024-02-01 13:56:44,943 : INFO : SwitchController : <<<<<<< 's_trough_2' active >>>>>>>
2024-02-01 13:56:45,023 : INFO : SwitchController : <<<<<<< 's_trough_2' inactive >>>>>>>
2024-02-01 13:56:45,038 : INFO : SwitchController : <<<<<<< 's_trough_3' active >>>>>>>
2024-02-01 13:56:45,099 : INFO : SwitchController : <<<<<<< 's_trough_3' inactive >>>>>>>
2024-02-01 13:56:45,116 : INFO : SwitchController : <<<<<<< 's_trough_4' active >>>>>>>
2024-02-01 13:56:45,613 : INFO : EventManager : Event: ======'balldevice_bd_trough_ball_count_changed'====== Args={'balls': 1}
2024-02-01 13:56:45,613 : INFO : ball_device.bd_trough : Received unexpected ball
2024-02-01 13:56:45,613 : INFO : EventManager : Event: ======'balldevice_captured_from_playfield'====== Args={'balls': 1}
2024-02-01 13:56:45,613 : INFO : EventManager : Event: ======'sw_playfield_active'====== Args={'balls': 1}
2024-02-01 13:56:45,613 : INFO : EventManager : Event: ======'playfield_ball_count_change'====== Args={'balls': 0, 'change': -1}
2024-02-01 13:56:45,614 : INFO : EventManager : Event: ======'balldevice_bd_trough_ball_enter'====== Args={'new_balls': 1, 'unclaimed_balls': 1, 'new_available_balls': 1, 'device': <ball_device.bd_trough>}
2024-02-01 13:56:45,614 : INFO : ball_device.bd_trough : Ejecting 1 unexpected balls using path deque([<ball_device.bd_trough>, <playfield.playfield>])
2024-02-01 13:56:45,614 : INFO : EventManager : Event: ======'balldevice_balls_available'====== Args={}
2024-02-01 13:56:45,614 : INFO : EventManager : Event: ======'balldevice_balls_available'====== Args={}
2024-02-01 13:56:45,614 : INFO : EventManager : Event: ======'balldevice_bd_trough_ball_entered'====== Args={'new_balls': 1, 'device': <ball_device.bd_trough>}
2024-02-01 13:56:45,615 : INFO : ball_device.bd_trough : State: waiting_for_target_ready
2024-02-01 13:56:45,615 : INFO : EventManager : Event: ======'balldevice_bd_trough_ball_eject_attempt'====== Args={'balls': 1, 'target': <playfield.playfield>, 'source': <ball_device.bd_trough>, 'mechanical_eject': False, 'num_attempts': 0}
2024-02-01 13:56:45,615 : INFO : ball_device.bd_trough : State: ejecting
2024-02-01 13:56:45,615 : INFO : ball_device.bd_trough : Ejecting ball to <playfield.playfield>
2024-02-01 13:56:45,615 : INFO : EventManager : Event: ======'balldevice_bd_trough_ejecting_ball'====== Args={'balls': 1, 'target': <playfield.playfield>, 'source': <ball_device.bd_trough>, 'mechanical_eject': False, 'num_attempts': 0}
2024-02-01 13:56:45,616 : INFO : ball_device.bd_trough : Wait for ball to leave device
2024-02-01 13:56:45,616 : INFO : coil.c_trough : Pulsing Driver for 60ms (1.0 pulse_power)
2024-02-01 13:56:45,707 : INFO : SwitchController : <<<<<<< 's_trough_4' inactive >>>>>>>
2024-02-01 13:56:45,709 : INFO : ball_device.bd_trough : State: ball_left
2024-02-01 13:56:45,710 : INFO : ball_device.bd_trough : Ball left
2024-02-01 13:56:45,710 : INFO : ball_device.bd_trough : Wait for confirm with timeout 10.0
2024-02-01 13:56:47,785 : INFO : SwitchController : <<<<<<< 's_trough_1' active >>>>>>>
2024-02-01 13:56:47,878 : INFO : SwitchController : <<<<<<< 's_trough_1' inactive >>>>>>>
2024-02-01 13:56:47,897 : INFO : SwitchController : <<<<<<< 's_trough_2' active >>>>>>>
2024-02-01 13:56:47,971 : INFO : SwitchController : <<<<<<< 's_trough_2' inactive >>>>>>>
2024-02-01 13:56:47,990 : INFO : SwitchController : <<<<<<< 's_trough_3' active >>>>>>>
2024-02-01 13:56:48,051 : INFO : SwitchController : <<<<<<< 's_trough_3' inactive >>>>>>>
2024-02-01 13:56:48,069 : INFO : SwitchController : <<<<<<< 's_trough_4' active >>>>>>>
2024-02-01 13:56:51,881 : INFO : SwitchController : <<<<<<< 's_left_flipper' active >>>>>>>
2024-02-01 13:56:52,239 : INFO : SwitchController : <<<<<<< 's_left_flipper' inactive >>>>>>>
2024-02-01 13:56:53,308 : INFO : SwitchController : <<<<<<< 's_left_flipper' active >>>>>>>
2024-02-01 13:56:53,622 : INFO : SwitchController : <<<<<<< 's_left_flipper' inactive >>>>>>>
2024-02-01 13:56:55,711 : INFO : ball_device.bd_trough : State: failed_confirm
2024-02-01 13:56:55,711 : INFO : ball_device.bd_trough : Got timeout (10.0s) before confirm from <playfield.playfield>
2024-02-01 13:56:55,804 : INFO : ball_device.bd_trough : Got unknown balls. Assuming a ball returned.
2024-02-01 13:56:55,804 : INFO : EventManager : Event: ======'balldevice_bd_trough_ball_eject_failed'====== Args={'target': <playfield.playfield>, 'balls': 1, 'retry': True, 'num_attempts': 1}
2024-02-01 13:56:55,805 : INFO : ball_device.bd_trough : State: waiting_for_target_ready
2024-02-01 13:56:55,805 : INFO : EventManager : Event: ======'balldevice_bd_trough_ball_eject_attempt'====== Args={'balls': 1, 'target': <playfield.playfield>, 'source': <ball_device.bd_trough>, 'mechanical_eject': False, 'num_attempts': 1}
2024-02-01 13:56:55,805 : INFO : ball_device.bd_trough : State: ejecting
2024-02-01 13:56:55,805 : INFO : ball_device.bd_trough : Ejecting ball to <playfield.playfield>
2024-02-01 13:56:55,805 : INFO : EventManager : Event: ======'balldevice_bd_trough_ejecting_ball'====== Args={'balls': 1, 'target': <playfield.playfield>, 'source': <ball_device.bd_trough>, 'mechanical_eject': False, 'num_attempts': 1}
2024-02-01 13:56:55,806 : INFO : ball_device.bd_trough : Wait for ball to leave device
2024-02-01 13:56:55,806 : INFO : coil.c_trough : Pulsing Driver for 60ms (1.0 pulse_power)
2024-02-01 13:56:55,898 : INFO : SwitchController : <<<<<<< 's_trough_4' inactive >>>>>>>
2024-02-01 13:56:55,901 : INFO : ball_device.bd_trough : State: ball_left
2024-02-01 13:56:55,901 : INFO : ball_device.bd_trough : Ball left
2024-02-01 13:56:55,901 : INFO : ball_device.bd_trough : Wait for confirm with timeout 10.0
2024-02-01 13:56:56,165 : INFO : SwitchController : <<<<<<< 's_stationary_l' active >>>>>>>
2024-02-01 13:56:56,165 : INFO : EventManager : Event: ======'sw_playfield_active'====== Args={}
2024-02-01 13:56:56,165 : INFO : SwitchController : <<<<<<< 's_stationary_l' inactive >>>>>>>
2024-02-01 13:56:56,165 : INFO : EventManager : Event: ======'playfield_active'====== Args={}
2024-02-01 13:56:56,167 : INFO : ball_device.bd_trough : Got eject confirm
2024-02-01 13:56:56,167 : INFO : ball_device.bd_trough : Eject successful
2024-02-01 13:56:56,167 : INFO : EventManager : Event: ======'balldevice_bd_trough_ball_eject_success'====== Args={'balls': 1, 'target': <playfield.playfield>}
2024-02-01 13:56:56,167 : INFO : EventManager : Event: ======'balldevice_playfield_ball_enter'====== Args={'new_balls': 1, 'unclaimed_balls': 1, 'device': <playfield.playfield>}
2024-02-01 13:56:56,167 : INFO : EventManager : Event: ======'playfield_ball_count_change'====== Args={'balls': 1, 'change': 1}
2024-02-01 13:56:56,167 : INFO : EventManager : Event: ======'balldevice_bd_trough_ball_count_changed'====== Args={'balls': 0}
2024-02-01 13:56:56,167 : INFO : ball_device.bd_trough : State: idle
2024-02-01 13:56:56,369 : INFO : SwitchController : <<<<<<< 's_sling_l' active >>>>>>>
2024-02-01 13:56:56,369 : INFO : SwitchController : <<<<<<< 's_sling_l' inactive >>>>>>>
2024-02-01 13:56:56,480 : INFO : SwitchController : <<<<<<< 's_pop' active >>>>>>>
2024-02-01 13:56:56,480 : INFO : SwitchController : <<<<<<< 's_pop' inactive >>>>>>>
2024-02-01 13:56:56,480 : INFO : SwitchController : <<<<<<< 's_stationary_back' active >>>>>>>
2024-02-01 13:56:56,480 : INFO : EventManager : Event: ======'sw_playfield_active'====== Args={}
2024-02-01 13:56:56,496 : INFO : SwitchController : <<<<<<< 's_stationary_back' inactive >>>>>>>
2024-02-01 13:57:02,148 : INFO : SwitchController : <<<<<<< 's_trough_1' active >>>>>>>
2024-02-01 13:57:02,243 : INFO : SwitchController : <<<<<<< 's_trough_1' inactive >>>>>>>
2024-02-01 13:57:02,262 : INFO : SwitchController : <<<<<<< 's_trough_2' active >>>>>>>
2024-02-01 13:57:02,336 : INFO : SwitchController : <<<<<<< 's_trough_2' inactive >>>>>>>
2024-02-01 13:57:02,354 : INFO : SwitchController : <<<<<<< 's_trough_3' active >>>>>>>
2024-02-01 13:57:02,414 : INFO : SwitchController : <<<<<<< 's_trough_3' inactive >>>>>>>
2024-02-01 13:57:02,429 : INFO : SwitchController : <<<<<<< 's_trough_4' active >>>>>>>
2024-02-01 13:57:02,930 : INFO : EventManager : Event: ======'balldevice_bd_trough_ball_count_changed'====== Args={'balls': 1}
2024-02-01 13:57:02,930 : INFO : ball_device.bd_trough : Received unexpected ball
2024-02-01 13:57:02,930 : INFO : EventManager : Event: ======'balldevice_captured_from_playfield'====== Args={'balls': 1}
2024-02-01 13:57:02,930 : INFO : EventManager : Event: ======'sw_playfield_active'====== Args={'balls': 1}
2024-02-01 13:57:02,930 : INFO : EventManager : Event: ======'playfield_ball_count_change'====== Args={'balls': 0, 'change': -1}
2024-02-01 13:57:02,931 : INFO : EventManager : Event: ======'balldevice_bd_trough_ball_enter'====== Args={'new_balls': 1, 'unclaimed_balls': 1, 'new_available_balls': 1, 'device': <ball_device.bd_trough>}
2024-02-01 13:57:02,931 : INFO : ball_device.bd_trough : Ejecting 1 unexpected balls using path deque([<ball_device.bd_trough>, <playfield.playfield>])
2024-02-01 13:57:02,931 : INFO : EventManager : Event: ======'balldevice_balls_available'====== Args={}
2024-02-01 13:57:02,931 : INFO : EventManager : Event: ======'balldevice_balls_available'====== Args={}
2024-02-01 13:57:02,931 : INFO : EventManager : Event: ======'balldevice_bd_trough_ball_entered'====== Args={'new_balls': 1, 'device': <ball_device.bd_trough>}
2024-02-01 13:57:02,932 : INFO : ball_device.bd_trough : State: waiting_for_target_ready
2024-02-01 13:57:02,932 : INFO : EventManager : Event: ======'balldevice_bd_trough_ball_eject_attempt'====== Args={'balls': 1, 'target': <playfield.playfield>, 'source': <ball_device.bd_trough>, 'mechanical_eject': False, 'num_attempts': 0}
2024-02-01 13:57:02,932 : INFO : ball_device.bd_trough : State: ejecting
2024-02-01 13:57:02,932 : INFO : ball_device.bd_trough : Ejecting ball to <playfield.playfield>
2024-02-01 13:57:02,932 : INFO : EventManager : Event: ======'balldevice_bd_trough_ejecting_ball'====== Args={'balls': 1, 'target': <playfield.playfield>, 'source': <ball_device.bd_trough>, 'mechanical_eject': False, 'num_attempts': 0}
2024-02-01 13:57:02,933 : INFO : ball_device.bd_trough : Wait for ball to leave device
2024-02-01 13:57:02,933 : INFO : coil.c_trough : Pulsing Driver for 60ms (1.0 pulse_power)
2024-02-01 13:57:03,027 : INFO : SwitchController : <<<<<<< 's_trough_4' inactive >>>>>>>
2024-02-01 13:57:03,030 : INFO : ball_device.bd_trough : State: ball_left
2024-02-01 13:57:03,030 : INFO : ball_device.bd_trough : Ball left
2024-02-01 13:57:03,030 : INFO : ball_device.bd_trough : Wait for confirm with timeout 10.0
2024-02-01 13:57:03,305 : INFO : SwitchController : <<<<<<< 's_stationary_l' active >>>>>>>
2024-02-01 13:57:03,305 : INFO : EventManager : Event: ======'sw_playfield_active'====== Args={}
2024-02-01 13:57:03,305 : INFO : EventManager : Event: ======'playfield_active'====== Args={}
2024-02-01 13:57:03,308 : INFO : ball_device.bd_trough : Got eject confirm
2024-02-01 13:57:03,308 : INFO : ball_device.bd_trough : Eject successful
2024-02-01 13:57:03,308 : INFO : EventManager : Event: ======'balldevice_bd_trough_ball_eject_success'====== Args={'balls': 1, 'target': <playfield.playfield>}
2024-02-01 13:57:03,308 : INFO : EventManager : Event: ======'balldevice_playfield_ball_enter'====== Args={'new_balls': 1, 'unclaimed_balls': 1, 'device': <playfield.playfield>}
2024-02-01 13:57:03,308 : INFO : EventManager : Event: ======'playfield_ball_count_change'====== Args={'balls': 1, 'change': 1}
2024-02-01 13:57:03,308 : INFO : EventManager : Event: ======'balldevice_bd_trough_ball_count_changed'====== Args={'balls': 0}
2024-02-01 13:57:03,308 : INFO : ball_device.bd_trough : State: idle
2024-02-01 13:57:03,321 : INFO : SwitchController : <<<<<<< 's_stationary_l' inactive >>>>>>>
2024-02-01 13:57:03,492 : INFO : SwitchController : <<<<<<< 's_sling_l' active >>>>>>>
2024-02-01 13:57:03,509 : INFO : SwitchController : <<<<<<< 's_sling_l' inactive >>>>>>>
2024-02-01 13:57:03,617 : INFO : SwitchController : <<<<<<< 's_stationary_back' active >>>>>>>
2024-02-01 13:57:03,617 : INFO : EventManager : Event: ======'sw_playfield_active'====== Args={}
2024-02-01 13:57:03,633 : INFO : SwitchController : <<<<<<< 's_stationary_back' inactive >>>>>>>
2024-02-01 13:57:03,633 : INFO : SwitchController : <<<<<<< 's_pop' active >>>>>>>
2024-02-01 13:57:03,664 : INFO : SwitchController : <<<<<<< 's_pop' inactive >>>>>>>
2024-02-01 13:57:03,711 : INFO : SwitchController : <<<<<<< 's_pop' active >>>>>>>
2024-02-01 13:57:03,729 : INFO : SwitchController : <<<<<<< 's_pop' inactive >>>>>>>
2024-02-01 13:57:03,836 : INFO : SwitchController : <<<<<<< 's_sling_r' active >>>>>>>
2024-02-01 13:57:03,854 : INFO : SwitchController : <<<<<<< 's_sling_r' inactive >>>>>>>
2024-02-01 13:57:04,413 : INFO : SwitchController : <<<<<<< 's_sling_r' active >>>>>>>
2024-02-01 13:57:04,413 : INFO : SwitchController : <<<<<<< 's_sling_r' inactive >>>>>>>
2024-02-01 13:57:05,053 : INFO : SwitchController : <<<<<<< 's_vuk' active >>>>>>>
2024-02-01 13:57:05,551 : INFO : EventManager : Event: ======'balldevice_bd_vuk_ball_count_changed'====== Args={'balls': 1}
2024-02-01 13:57:05,551 : INFO : ball_device.bd_vuk : Received unexpected ball
2024-02-01 13:57:05,551 : INFO : EventManager : Event: ======'balldevice_captured_from_playfield'====== Args={'balls': 1}
2024-02-01 13:57:05,551 : INFO : EventManager : Event: ======'sw_playfield_active'====== Args={'balls': 1}
2024-02-01 13:57:05,552 : INFO : EventManager : Event: ======'playfield_ball_count_change'====== Args={'balls': 0, 'change': -1}
2024-02-01 13:57:05,552 : INFO : EventManager : Event: ======'balldevice_bd_vuk_ball_enter'====== Args={'new_balls': 1, 'unclaimed_balls': 1, 'new_available_balls': 1, 'device': <ball_device.bd_vuk>}
2024-02-01 13:57:05,552 : INFO : ball_device.bd_vuk : Ejecting 1 unexpected balls using path deque([<ball_device.bd_vuk>, <playfield.playfield>])
2024-02-01 13:57:05,552 : INFO : EventManager : Event: ======'balldevice_balls_available'====== Args={}
2024-02-01 13:57:05,552 : INFO : EventManager : Event: ======'balldevice_balls_available'====== Args={}
2024-02-01 13:57:05,552 : INFO : EventManager : Event: ======'balldevice_bd_vuk_ball_entered'====== Args={'new_balls': 1, 'device': <ball_device.bd_vuk>}
2024-02-01 13:57:05,553 : INFO : ball_device.bd_vuk : State: waiting_for_target_ready
2024-02-01 13:57:05,553 : INFO : EventManager : Event: ======'balldevice_bd_vuk_ball_eject_attempt'====== Args={'balls': 1, 'target': <playfield.playfield>, 'source': <ball_device.bd_vuk>, 'mechanical_eject': False, 'num_attempts': 0}
2024-02-01 13:57:05,553 : INFO : ball_device.bd_vuk : State: ejecting
2024-02-01 13:57:05,553 : INFO : ball_device.bd_vuk : Ejecting ball to <playfield.playfield>
2024-02-01 13:57:05,553 : INFO : EventManager : Event: ======'balldevice_bd_vuk_ejecting_ball'====== Args={'balls': 1, 'target': <playfield.playfield>, 'source': <ball_device.bd_vuk>, 'mechanical_eject': False, 'num_attempts': 0}
2024-02-01 13:57:05,554 : INFO : ball_device.bd_vuk : Wait for ball to leave device
2024-02-01 13:57:05,554 : INFO : coil.c_vuk : Pulsing Driver for 10ms (1.0 pulse_power)
2024-02-01 13:57:05,583 : INFO : SwitchController : <<<<<<< 's_vuk' inactive >>>>>>>
2024-02-01 13:57:05,585 : INFO : ball_device.bd_vuk : State: ball_left
2024-02-01 13:57:05,585 : INFO : ball_device.bd_vuk : Ball left
2024-02-01 13:57:05,585 : INFO : ball_device.bd_vuk : Wait for confirm with timeout 2.0
2024-02-01 13:57:05,598 : INFO : SwitchController : <<<<<<< 's_vuk' active >>>>>>>
2024-02-01 13:57:05,615 : INFO : SwitchController : <<<<<<< 's_vuk' inactive >>>>>>>
2024-02-01 13:57:07,589 : INFO : ball_device.bd_vuk : State: failed_confirm
2024-02-01 13:57:07,589 : INFO : ball_device.bd_vuk : Got timeout (2.0s) before confirm from <playfield.playfield>
2024-02-01 13:57:07,681 : INFO : ball_device.bd_vuk : Confirming eject because target is playfield and ball did not return.
2024-02-01 13:57:07,681 : INFO : ball_device.bd_vuk : Eject successful
2024-02-01 13:57:07,681 : INFO : EventManager : Event: ======'balldevice_bd_vuk_ball_eject_success'====== Args={'balls': 1, 'target': <playfield.playfield>}
2024-02-01 13:57:07,681 : INFO : EventManager : Event: ======'balldevice_playfield_ball_enter'====== Args={'new_balls': 1, 'unclaimed_balls': 1, 'device': <playfield.playfield>}
2024-02-01 13:57:07,681 : INFO : EventManager : Event: ======'playfield_ball_count_change'====== Args={'balls': 1, 'change': 1}
2024-02-01 13:57:07,682 : INFO : EventManager : Event: ======'balldevice_bd_vuk_ball_count_changed'====== Args={'balls': 0}
2024-02-01 13:57:07,682 : INFO : ball_device.bd_vuk : State: idle
2024-02-01 13:57:09,123 : INFO : SwitchController : <<<<<<< 's_trough_1' active >>>>>>>
2024-02-01 13:57:09,232 : INFO : SwitchController : <<<<<<< 's_trough_1' inactive >>>>>>>
2024-02-01 13:57:09,249 : INFO : SwitchController : <<<<<<< 's_trough_2' active >>>>>>>
2024-02-01 13:57:09,324 : INFO : SwitchController : <<<<<<< 's_trough_2' inactive >>>>>>>
2024-02-01 13:57:09,342 : INFO : SwitchController : <<<<<<< 's_trough_3' active >>>>>>>
2024-02-01 13:57:09,403 : INFO : SwitchController : <<<<<<< 's_trough_3' inactive >>>>>>>
2024-02-01 13:57:09,421 : INFO : SwitchController : <<<<<<< 's_trough_4' active >>>>>>>
2024-02-01 13:57:09,917 : INFO : EventManager : Event: ======'balldevice_bd_trough_ball_count_changed'====== Args={'balls': 1}
2024-02-01 13:57:09,917 : INFO : ball_device.bd_trough : Received unexpected ball
2024-02-01 13:57:09,917 : INFO : EventManager : Event: ======'balldevice_captured_from_playfield'====== Args={'balls': 1}
2024-02-01 13:57:09,917 : INFO : EventManager : Event: ======'sw_playfield_active'====== Args={'balls': 1}
2024-02-01 13:57:09,918 : INFO : EventManager : Event: ======'playfield_ball_count_change'====== Args={'balls': 0, 'change': -1}
2024-02-01 13:57:09,918 : INFO : EventManager : Event: ======'balldevice_bd_trough_ball_enter'====== Args={'new_balls': 1, 'unclaimed_balls': 1, 'new_available_balls': 1, 'device': <ball_device.bd_trough>}
2024-02-01 13:57:09,918 : INFO : ball_device.bd_trough : Ejecting 1 unexpected balls using path deque([<ball_device.bd_trough>, <playfield.playfield>])
2024-02-01 13:57:09,918 : INFO : EventManager : Event: ======'balldevice_balls_available'====== Args={}
2024-02-01 13:57:09,918 : INFO : EventManager : Event: ======'balldevice_balls_available'====== Args={}
2024-02-01 13:57:09,918 : INFO : EventManager : Event: ======'balldevice_bd_trough_ball_entered'====== Args={'new_balls': 1, 'device': <ball_device.bd_trough>}
2024-02-01 13:57:09,919 : INFO : ball_device.bd_trough : State: waiting_for_target_ready
2024-02-01 13:57:09,919 : INFO : EventManager : Event: ======'balldevice_bd_trough_ball_eject_attempt'====== Args={'balls': 1, 'target': <playfield.playfield>, 'source': <ball_device.bd_trough>, 'mechanical_eject': False, 'num_attempts': 0}
2024-02-01 13:57:09,919 : INFO : ball_device.bd_trough : State: ejecting
2024-02-01 13:57:09,919 : INFO : ball_device.bd_trough : Ejecting ball to <playfield.playfield>
2024-02-01 13:57:09,919 : INFO : EventManager : Event: ======'balldevice_bd_trough_ejecting_ball'====== Args={'balls': 1, 'target': <playfield.playfield>, 'source': <ball_device.bd_trough>, 'mechanical_eject': False, 'num_attempts': 0}
2024-02-01 13:57:09,920 : INFO : ball_device.bd_trough : Wait for ball to leave device
2024-02-01 13:57:09,920 : INFO : coil.c_trough : Pulsing Driver for 60ms (1.0 pulse_power)
2024-02-01 13:57:10,023 : INFO : SwitchController : <<<<<<< 's_trough_4' inactive >>>>>>>
2024-02-01 13:57:10,025 : INFO : ball_device.bd_trough : State: ball_left
2024-02-01 13:57:10,025 : INFO : ball_device.bd_trough : Ball left
2024-02-01 13:57:10,025 : INFO : ball_device.bd_trough : Wait for confirm with timeout 10.0
2024-02-01 13:57:12,260 : INFO : SwitchController : <<<<<<< 's_trough_1' active >>>>>>>
2024-02-01 13:57:12,353 : INFO : SwitchController : <<<<<<< 's_trough_1' inactive >>>>>>>
2024-02-01 13:57:12,370 : INFO : SwitchController : <<<<<<< 's_trough_2' active >>>>>>>
2024-02-01 13:57:12,445 : INFO : SwitchController : <<<<<<< 's_trough_2' inactive >>>>>>>
2024-02-01 13:57:12,464 : INFO : SwitchController : <<<<<<< 's_trough_3' active >>>>>>>
2024-02-01 13:57:12,523 : INFO : SwitchController : <<<<<<< 's_trough_3' inactive >>>>>>>
2024-02-01 13:57:12,541 : INFO : SwitchController : <<<<<<< 's_trough_4' active >>>>>>>
2024-02-01 13:57:17,905 : INFO : SwitchController : <<<<<<< 's_launch' active >>>>>>>
2024-02-01 13:57:18,023 : INFO : SwitchController : <<<<<<< 's_launch' inactive >>>>>>>
2024-02-01 13:57:20,012 : INFO : ball_device.bd_trough : State: failed_confirm
2024-02-01 13:57:20,012 : INFO : ball_device.bd_trough : Got timeout (10.0s) before confirm from <playfield.playfield>
2024-02-01 13:57:20,097 : INFO : ball_device.bd_trough : Got unknown balls. Assuming a ball returned.
2024-02-01 13:57:20,097 : INFO : EventManager : Event: ======'balldevice_bd_trough_ball_eject_failed'====== Args={'target': <playfield.playfield>, 'balls': 1, 'retry': True, 'num_attempts': 1}
2024-02-01 13:57:20,098 : INFO : ball_device.bd_trough : State: waiting_for_target_ready
2024-02-01 13:57:20,098 : INFO : EventManager : Event: ======'balldevice_bd_trough_ball_eject_attempt'====== Args={'balls': 1, 'target': <playfield.playfield>, 'source': <ball_device.bd_trough>, 'mechanical_eject': False, 'num_attempts': 1}
2024-02-01 13:57:20,098 : INFO : ball_device.bd_trough : State: ejecting
2024-02-01 13:57:20,098 : INFO : ball_device.bd_trough : Ejecting ball to <playfield.playfield>
2024-02-01 13:57:20,098 : INFO : EventManager : Event: ======'balldevice_bd_trough_ejecting_ball'====== Args={'balls': 1, 'target': <playfield.playfield>, 'source': <ball_device.bd_trough>, 'mechanical_eject': False, 'num_attempts': 1}
2024-02-01 13:57:20,099 : INFO : ball_device.bd_trough : Wait for ball to leave device
2024-02-01 13:57:20,099 : INFO : coil.c_trough : Pulsing Driver for 60ms (1.0 pulse_power)
2024-02-01 13:57:20,191 : INFO : SwitchController : <<<<<<< 's_trough_4' inactive >>>>>>>
2024-02-01 13:57:20,194 : INFO : ball_device.bd_trough : State: ball_left
2024-02-01 13:57:20,194 : INFO : ball_device.bd_trough : Ball left
2024-02-01 13:57:20,194 : INFO : ball_device.bd_trough : Wait for confirm with timeout 10.0
2024-02-01 13:57:26,399 : INFO : SwitchController : <<<<<<< 's_stationary_right' active >>>>>>>
2024-02-01 13:57:26,399 : INFO : EventManager : Event: ======'sw_playfield_active'====== Args={}
2024-02-01 13:57:26,399 : INFO : EventManager : Event: ======'playfield_active'====== Args={}
2024-02-01 13:57:26,402 : INFO : SwitchController : <<<<<<< 's_stationary_right' inactive >>>>>>>
2024-02-01 13:57:26,402 : INFO : ball_device.bd_trough : Got eject confirm
2024-02-01 13:57:26,402 : INFO : ball_device.bd_trough : Eject successful
2024-02-01 13:57:26,403 : INFO : EventManager : Event: ======'balldevice_bd_trough_ball_eject_success'====== Args={'balls': 1, 'target': <playfield.playfield>}
2024-02-01 13:57:26,404 : INFO : EventManager : Event: ======'balldevice_playfield_ball_enter'====== Args={'new_balls': 1, 'unclaimed_balls': 1, 'device': <playfield.playfield>}
2024-02-01 13:57:26,404 : INFO : EventManager : Event: ======'playfield_ball_count_change'====== Args={'balls': 1, 'change': 1}
2024-02-01 13:57:26,405 : INFO : EventManager : Event: ======'balldevice_bd_trough_ball_count_changed'====== Args={'balls': 0}
2024-02-01 13:57:26,405 : INFO : ball_device.bd_trough : State: idle
2024-02-01 13:57:28,530 : INFO : SwitchController : <<<<<<< 's_stationary_right' active >>>>>>>
2024-02-01 13:57:28,530 : INFO : EventManager : Event: ======'sw_playfield_active'====== Args={}
2024-02-01 13:57:28,530 : INFO : SwitchController : <<<<<<< 's_stationary_right' inactive >>>>>>>
2024-02-01 13:57:30,455 : INFO : SwitchController : <<<<<<< 's_stationary_right' active >>>>>>>
2024-02-01 13:57:30,455 : INFO : EventManager : Event: ======'sw_playfield_active'====== Args={}
2024-02-01 13:57:30,455 : INFO : SwitchController : <<<<<<< 's_stationary_right' inactive >>>>>>>
2024-02-01 13:57:30,753 : INFO : SwitchController : <<<<<<< 's_sling_r' active >>>>>>>
2024-02-01 13:57:30,753 : INFO : SwitchController : <<<<<<< 's_sling_r' inactive >>>>>>>
2024-02-01 13:57:32,270 : INFO : SwitchController : <<<<<<< 's_stationary_right' active >>>>>>>
2024-02-01 13:57:32,270 : INFO : EventManager : Event: ======'sw_playfield_active'====== Args={}
2024-02-01 13:57:32,286 : INFO : SwitchController : <<<<<<< 's_stationary_right' inactive >>>>>>>
2024-02-01 13:57:32,896 : INFO : SwitchController : <<<<<<< 's_vuk' active >>>>>>>
2024-02-01 13:57:33,399 : INFO : EventManager : Event: ======'balldevice_bd_vuk_ball_count_changed'====== Args={'balls': 1}
2024-02-01 13:57:33,399 : INFO : ball_device.bd_vuk : Received unexpected ball
2024-02-01 13:57:33,399 : INFO : EventManager : Event: ======'balldevice_captured_from_playfield'====== Args={'balls': 1}
2024-02-01 13:57:33,399 : INFO : EventManager : Event: ======'sw_playfield_active'====== Args={'balls': 1}
2024-02-01 13:57:33,400 : INFO : EventManager : Event: ======'playfield_ball_count_change'====== Args={'balls': 0, 'change': -1}
2024-02-01 13:57:33,400 : INFO : EventManager : Event: ======'balldevice_bd_vuk_ball_enter'====== Args={'new_balls': 1, 'unclaimed_balls': 1, 'new_available_balls': 1, 'device': <ball_device.bd_vuk>}
2024-02-01 13:57:33,400 : INFO : ball_device.bd_vuk : Ejecting 1 unexpected balls using path deque([<ball_device.bd_vuk>, <playfield.playfield>])
2024-02-01 13:57:33,400 : INFO : EventManager : Event: ======'balldevice_balls_available'====== Args={}
2024-02-01 13:57:33,400 : INFO : EventManager : Event: ======'balldevice_balls_available'====== Args={}
2024-02-01 13:57:33,400 : INFO : EventManager : Event: ======'balldevice_bd_vuk_ball_entered'====== Args={'new_balls': 1, 'device': <ball_device.bd_vuk>}
2024-02-01 13:57:33,401 : INFO : ball_device.bd_vuk : State: waiting_for_target_ready
2024-02-01 13:57:33,401 : INFO : EventManager : Event: ======'balldevice_bd_vuk_ball_eject_attempt'====== Args={'balls': 1, 'target': <playfield.playfield>, 'source': <ball_device.bd_vuk>, 'mechanical_eject': False, 'num_attempts': 0}
2024-02-01 13:57:33,401 : INFO : ball_device.bd_vuk : State: ejecting
2024-02-01 13:57:33,401 : INFO : ball_device.bd_vuk : Ejecting ball to <playfield.playfield>
2024-02-01 13:57:33,401 : INFO : EventManager : Event: ======'balldevice_bd_vuk_ejecting_ball'====== Args={'balls': 1, 'target': <playfield.playfield>, 'source': <ball_device.bd_vuk>, 'mechanical_eject': False, 'num_attempts': 0}
2024-02-01 13:57:33,402 : INFO : ball_device.bd_vuk : Wait for ball to leave device
2024-02-01 13:57:33,402 : INFO : coil.c_vuk : Pulsing Driver for 10ms (1.0 pulse_power)
2024-02-01 13:57:33,430 : INFO : SwitchController : <<<<<<< 's_vuk' inactive >>>>>>>
2024-02-01 13:57:33,433 : INFO : ball_device.bd_vuk : State: ball_left
2024-02-01 13:57:33,433 : INFO : ball_device.bd_vuk : Ball left
2024-02-01 13:57:33,433 : INFO : ball_device.bd_vuk : Wait for confirm with timeout 2.0
2024-02-01 13:57:35,436 : INFO : ball_device.bd_vuk : State: failed_confirm
2024-02-01 13:57:35,436 : INFO : ball_device.bd_vuk : Got timeout (2.0s) before confirm from <playfield.playfield>
2024-02-01 13:57:35,530 : INFO : ball_device.bd_vuk : Confirming eject because target is playfield and ball did not return.
2024-02-01 13:57:35,530 : INFO : ball_device.bd_vuk : Eject successful
2024-02-01 13:57:35,530 : INFO : EventManager : Event: ======'balldevice_bd_vuk_ball_eject_success'====== Args={'balls': 1, 'target': <playfield.playfield>}
2024-02-01 13:57:35,530 : INFO : EventManager : Event: ======'balldevice_playfield_ball_enter'====== Args={'new_balls': 1, 'unclaimed_balls': 1, 'device': <playfield.playfield>}
2024-02-01 13:57:35,530 : INFO : EventManager : Event: ======'playfield_ball_count_change'====== Args={'balls': 1, 'change': 1}
2024-02-01 13:57:35,531 : INFO : EventManager : Event: ======'balldevice_bd_vuk_ball_count_changed'====== Args={'balls': 0}
2024-02-01 13:57:35,531 : INFO : ball_device.bd_vuk : State: idle
2024-02-01 13:57:39,335 : INFO : SwitchController : <<<<<<< 's_sling_l' active >>>>>>>
2024-02-01 13:57:39,354 : INFO : SwitchController : <<<<<<< 's_sling_l' inactive >>>>>>>
2024-02-01 13:57:39,460 : INFO : SwitchController : <<<<<<< 's_pop' active >>>>>>>
2024-02-01 13:57:39,478 : INFO : SwitchController : <<<<<<< 's_pop' inactive >>>>>>>
2024-02-01 13:57:42,600 : INFO : SwitchController : <<<<<<< 's_sling_l' active >>>>>>>
2024-02-01 13:57:42,600 : INFO : SwitchController : <<<<<<< 's_sling_l' inactive >>>>>>>
2024-02-01 13:57:42,710 : INFO : SwitchController : <<<<<<< 's_pop' active >>>>>>>
2024-02-01 13:57:42,728 : INFO : SwitchController : <<<<<<< 's_pop' inactive >>>>>>>
2024-02-01 13:57:42,728 : INFO : SwitchController : <<<<<<< 's_stationary_back' active >>>>>>>
2024-02-01 13:57:42,728 : INFO : EventManager : Event: ======'sw_playfield_active'====== Args={}
2024-02-01 13:57:42,728 : INFO : SwitchController : <<<<<<< 's_stationary_back' inactive >>>>>>>
2024-02-01 13:57:43,941 : INFO : SwitchController : <<<<<<< 's_sling_l' active >>>>>>>
2024-02-01 13:57:43,960 : INFO : SwitchController : <<<<<<< 's_sling_l' inactive >>>>>>>
2024-02-01 13:57:44,049 : INFO : SwitchController : <<<<<<< 's_pop' active >>>>>>>
2024-02-01 13:57:44,067 : INFO : SwitchController : <<<<<<< 's_pop' inactive >>>>>>>
2024-02-01 13:57:45,979 : INFO : SwitchController : <<<<<<< 's_sling_l' active >>>>>>>
2024-02-01 13:57:45,998 : INFO : SwitchController : <<<<<<< 's_sling_l' inactive >>>>>>>
2024-02-01 13:57:46,088 : INFO : SwitchController : <<<<<<< 's_pop' active >>>>>>>
2024-02-01 13:57:46,106 : INFO : SwitchController : <<<<<<< 's_pop' inactive >>>>>>>
2024-02-01 13:57:46,106 : INFO : SwitchController : <<<<<<< 's_stationary_back' active >>>>>>>
2024-02-01 13:57:46,106 : INFO : EventManager : Event: ======'sw_playfield_active'====== Args={}
2024-02-01 13:57:46,106 : INFO : SwitchController : <<<<<<< 's_stationary_back' inactive >>>>>>>
2024-02-01 13:57:46,791 : INFO : SwitchController : <<<<<<< 's_sling_r' active >>>>>>>
2024-02-01 13:57:46,809 : INFO : SwitchController : <<<<<<< 's_sling_r' inactive >>>>>>>
2024-02-01 13:57:47,892 : INFO : SwitchController : <<<<<<< 's_sling_r' active >>>>>>>
2024-02-01 13:57:47,911 : INFO : SwitchController : <<<<<<< 's_sling_r' inactive >>>>>>>
2024-02-01 13:57:49,805 : INFO : SwitchController : <<<<<<< 's_sling_r' active >>>>>>>
2024-02-01 13:57:49,805 : INFO : SwitchController : <<<<<<< 's_sling_r' inactive >>>>>>>
2024-02-01 13:57:49,884 : INFO : SwitchController : <<<<<<< 's_stationary_right' active >>>>>>>
2024-02-01 13:57:49,884 : INFO : EventManager : Event: ======'sw_playfield_active'====== Args={}
2024-02-01 13:57:49,884 : INFO : SwitchController : <<<<<<< 's_stationary_right' inactive >>>>>>>
2024-02-01 13:57:51,543 : INFO : SwitchController : <<<<<<< 's_trough_1' active >>>>>>>
2024-02-01 13:57:51,636 : INFO : SwitchController : <<<<<<< 's_trough_1' inactive >>>>>>>
2024-02-01 13:57:51,653 : INFO : SwitchController : <<<<<<< 's_trough_2' active >>>>>>>
2024-02-01 13:57:51,729 : INFO : SwitchController : <<<<<<< 's_trough_2' inactive >>>>>>>
2024-02-01 13:57:51,746 : INFO : SwitchController : <<<<<<< 's_trough_3' active >>>>>>>
2024-02-01 13:57:51,805 : INFO : SwitchController : <<<<<<< 's_trough_3' inactive >>>>>>>
2024-02-01 13:57:51,823 : INFO : SwitchController : <<<<<<< 's_trough_4' active >>>>>>>
2024-02-01 13:57:52,323 : INFO : EventManager : Event: ======'balldevice_bd_trough_ball_count_changed'====== Args={'balls': 1}
2024-02-01 13:57:52,323 : INFO : ball_device.bd_trough : Received unexpected ball
2024-02-01 13:57:52,323 : INFO : EventManager : Event: ======'balldevice_captured_from_playfield'====== Args={'balls': 1}
2024-02-01 13:57:52,324 : INFO : EventManager : Event: ======'sw_playfield_active'====== Args={'balls': 1}
2024-02-01 13:57:52,324 : INFO : EventManager : Event: ======'playfield_ball_count_change'====== Args={'balls': 0, 'change': -1}
2024-02-01 13:57:52,324 : INFO : EventManager : Event: ======'balldevice_bd_trough_ball_enter'====== Args={'new_balls': 1, 'unclaimed_balls': 1, 'new_available_balls': 1, 'device': <ball_device.bd_trough>}
2024-02-01 13:57:52,324 : INFO : ball_device.bd_trough : Ejecting 1 unexpected balls using path deque([<ball_device.bd_trough>, <playfield.playfield>])
2024-02-01 13:57:52,324 : INFO : EventManager : Event: ======'balldevice_balls_available'====== Args={}
2024-02-01 13:57:52,324 : INFO : EventManager : Event: ======'balldevice_balls_available'====== Args={}
2024-02-01 13:57:52,324 : INFO : EventManager : Event: ======'balldevice_bd_trough_ball_entered'====== Args={'new_balls': 1, 'device': <ball_device.bd_trough>}
2024-02-01 13:57:52,325 : INFO : ball_device.bd_trough : State: waiting_for_target_ready
2024-02-01 13:57:52,325 : INFO : EventManager : Event: ======'balldevice_bd_trough_ball_eject_attempt'====== Args={'balls': 1, 'target': <playfield.playfield>, 'source': <ball_device.bd_trough>, 'mechanical_eject': False, 'num_attempts': 0}
2024-02-01 13:57:52,325 : INFO : ball_device.bd_trough : State: ejecting
2024-02-01 13:57:52,325 : INFO : ball_device.bd_trough : Ejecting ball to <playfield.playfield>
2024-02-01 13:57:52,325 : INFO : EventManager : Event: ======'balldevice_bd_trough_ejecting_ball'====== Args={'balls': 1, 'target': <playfield.playfield>, 'source': <ball_device.bd_trough>, 'mechanical_eject': False, 'num_attempts': 0}
2024-02-01 13:57:52,326 : INFO : ball_device.bd_trough : Wait for ball to leave device
2024-02-01 13:57:52,326 : INFO : coil.c_trough : Pulsing Driver for 60ms (1.0 pulse_power)
2024-02-01 13:57:52,417 : INFO : SwitchController : <<<<<<< 's_trough_4' inactive >>>>>>>
2024-02-01 13:57:52,420 : INFO : ball_device.bd_trough : State: ball_left
2024-02-01 13:57:52,420 : INFO : ball_device.bd_trough : Ball left
2024-02-01 13:57:52,420 : INFO : ball_device.bd_trough : Wait for confirm with timeout 10.0
2024-02-01 13:57:53,682 : INFO : SwitchController : <<<<<<< 's_sling_l' active >>>>>>>
2024-02-01 13:57:53,682 : INFO : EventManager : Event: ======'playfield_active'====== Args={}
2024-02-01 13:57:53,686 : INFO : ball_device.bd_trough : Got eject confirm
2024-02-01 13:57:53,686 : INFO : ball_device.bd_trough : Eject successful
2024-02-01 13:57:53,686 : INFO : EventManager : Event: ======'balldevice_bd_trough_ball_eject_success'====== Args={'balls': 1, 'target': <playfield.playfield>}
2024-02-01 13:57:53,686 : INFO : SwitchController : <<<<<<< 's_sling_l' inactive >>>>>>>
2024-02-01 13:57:53,686 : INFO : EventManager : Event: ======'balldevice_playfield_ball_enter'====== Args={'new_balls': 1, 'unclaimed_balls': 1, 'device': <playfield.playfield>}
2024-02-01 13:57:53,686 : INFO : EventManager : Event: ======'playfield_ball_count_change'====== Args={'balls': 1, 'change': 1}
2024-02-01 13:57:53,688 : INFO : EventManager : Event: ======'balldevice_bd_trough_ball_count_changed'====== Args={'balls': 0}
2024-02-01 13:57:53,688 : INFO : ball_device.bd_trough : State: idle
2024-02-01 13:57:53,807 : INFO : SwitchController : <<<<<<< 's_stationary_back' active >>>>>>>
2024-02-01 13:57:53,807 : INFO : EventManager : Event: ======'sw_playfield_active'====== Args={}
2024-02-01 13:57:53,807 : INFO : SwitchController : <<<<<<< 's_stationary_back' inactive >>>>>>>
2024-02-01 13:57:53,838 : INFO : SwitchController : <<<<<<< 's_pop' active >>>>>>>
2024-02-01 13:57:53,857 : INFO : SwitchController : <<<<<<< 's_pop' inactive >>>>>>>
2024-02-01 13:57:58,130 : INFO : SwitchController : <<<<<<< 's_trough_4' active >>>>>>>
2024-02-01 13:57:58,193 : INFO : SwitchController : <<<<<<< 's_trough_4' inactive >>>>>>>
2024-02-01 13:57:58,211 : INFO : SwitchController : <<<<<<< 's_trough_4' active >>>>>>>
2024-02-01 13:57:58,709 : INFO : EventManager : Event: ======'balldevice_bd_trough_ball_count_changed'====== Args={'balls': 1}
2024-02-01 13:57:58,709 : INFO : ball_device.bd_trough : Received unexpected ball
2024-02-01 13:57:58,709 : INFO : EventManager : Event: ======'balldevice_captured_from_playfield'====== Args={'balls': 1}
2024-02-01 13:57:58,709 : INFO : EventManager : Event: ======'sw_playfield_active'====== Args={'balls': 1}
2024-02-01 13:57:58,710 : INFO : EventManager : Event: ======'playfield_ball_count_change'====== Args={'balls': 0, 'change': -1}
2024-02-01 13:57:58,710 : INFO : EventManager : Event: ======'balldevice_bd_trough_ball_enter'====== Args={'new_balls': 1, 'unclaimed_balls': 1, 'new_available_balls': 1, 'device': <ball_device.bd_trough>}
2024-02-01 13:57:58,710 : INFO : ball_device.bd_trough : Ejecting 1 unexpected balls using path deque([<ball_device.bd_trough>, <playfield.playfield>])
2024-02-01 13:57:58,710 : INFO : EventManager : Event: ======'balldevice_balls_available'====== Args={}
2024-02-01 13:57:58,710 : INFO : EventManager : Event: ======'balldevice_balls_available'====== Args={}
2024-02-01 13:57:58,710 : INFO : EventManager : Event: ======'balldevice_bd_trough_ball_entered'====== Args={'new_balls': 1, 'device': <ball_device.bd_trough>}
2024-02-01 13:57:58,711 : INFO : ball_device.bd_trough : State: waiting_for_target_ready
2024-02-01 13:57:58,711 : INFO : EventManager : Event: ======'balldevice_bd_trough_ball_eject_attempt'====== Args={'balls': 1, 'target': <playfield.playfield>, 'source': <ball_device.bd_trough>, 'mechanical_eject': False, 'num_attempts': 0}
2024-02-01 13:57:58,711 : INFO : ball_device.bd_trough : State: ejecting
2024-02-01 13:57:58,711 : INFO : ball_device.bd_trough : Ejecting ball to <playfield.playfield>
2024-02-01 13:57:58,711 : INFO : EventManager : Event: ======'balldevice_bd_trough_ejecting_ball'====== Args={'balls': 1, 'target': <playfield.playfield>, 'source': <ball_device.bd_trough>, 'mechanical_eject': False, 'num_attempts': 0}
2024-02-01 13:57:58,712 : INFO : ball_device.bd_trough : Wait for ball to leave device
2024-02-01 13:57:58,712 : INFO : coil.c_trough : Pulsing Driver for 60ms (1.0 pulse_power)
2024-02-01 13:57:58,818 : INFO : SwitchController : <<<<<<< 's_trough_4' inactive >>>>>>>
2024-02-01 13:57:58,821 : INFO : ball_device.bd_trough : State: ball_left
2024-02-01 13:57:58,821 : INFO : ball_device.bd_trough : Ball left
2024-02-01 13:57:58,821 : INFO : ball_device.bd_trough : Wait for confirm with timeout 10.0
2024-02-01 13:57:59,210 : INFO : SwitchController : <<<<<<< 's_stationary_l' active >>>>>>>
2024-02-01 13:57:59,210 : INFO : EventManager : Event: ======'sw_playfield_active'====== Args={}
2024-02-01 13:57:59,210 : INFO : SwitchController : <<<<<<< 's_stationary_l' inactive >>>>>>>
2024-02-01 13:57:59,210 : INFO : EventManager : Event: ======'playfield_active'====== Args={}
2024-02-01 13:57:59,212 : INFO : ball_device.bd_trough : Got eject confirm
2024-02-01 13:57:59,212 : INFO : ball_device.bd_trough : Eject successful
2024-02-01 13:57:59,212 : INFO : EventManager : Event: ======'balldevice_bd_trough_ball_eject_success'====== Args={'balls': 1, 'target': <playfield.playfield>}
2024-02-01 13:57:59,212 : INFO : EventManager : Event: ======'balldevice_playfield_ball_enter'====== Args={'new_balls': 1, 'unclaimed_balls': 1, 'device': <playfield.playfield>}
2024-02-01 13:57:59,212 : INFO : EventManager : Event: ======'playfield_ball_count_change'====== Args={'balls': 1, 'change': 1}
2024-02-01 13:57:59,212 : INFO : EventManager : Event: ======'balldevice_bd_trough_ball_count_changed'====== Args={'balls': 0}
2024-02-01 13:57:59,212 : INFO : ball_device.bd_trough : State: idle
2024-02-01 13:58:00,743 : INFO : SwitchController : <<<<<<< 's_trough_1' active >>>>>>>
2024-02-01 13:58:00,838 : INFO : SwitchController : <<<<<<< 's_trough_1' inactive >>>>>>>
2024-02-01 13:58:00,856 : INFO : SwitchController : <<<<<<< 's_trough_2' active >>>>>>>
2024-02-01 13:58:00,931 : INFO : SwitchController : <<<<<<< 's_trough_2' inactive >>>>>>>
2024-02-01 13:58:00,948 : INFO : SwitchController : <<<<<<< 's_trough_3' active >>>>>>>
2024-02-01 13:58:01,016 : INFO : SwitchController : <<<<<<< 's_trough_3' inactive >>>>>>>
2024-02-01 13:58:01,020 : INFO : SwitchController : <<<<<<< 's_trough_4' active >>>>>>>
2024-02-01 13:58:01,524 : INFO : EventManager : Event: ======'balldevice_bd_trough_ball_count_changed'====== Args={'balls': 1}
2024-02-01 13:58:01,524 : INFO : ball_device.bd_trough : Received unexpected ball
2024-02-01 13:58:01,524 : INFO : EventManager : Event: ======'balldevice_captured_from_playfield'====== Args={'balls': 1}
2024-02-01 13:58:01,524 : INFO : EventManager : Event: ======'sw_playfield_active'====== Args={'balls': 1}
2024-02-01 13:58:01,524 : INFO : EventManager : Event: ======'playfield_ball_count_change'====== Args={'balls': 0, 'change': -1}
2024-02-01 13:58:01,525 : INFO : EventManager : Event: ======'balldevice_bd_trough_ball_enter'====== Args={'new_balls': 1, 'unclaimed_balls': 1, 'new_available_balls': 1, 'device': <ball_device.bd_trough>}
2024-02-01 13:58:01,525 : INFO : ball_device.bd_trough : Ejecting 1 unexpected balls using path deque([<ball_device.bd_trough>, <playfield.playfield>])
2024-02-01 13:58:01,525 : INFO : EventManager : Event: ======'balldevice_balls_available'====== Args={}
2024-02-01 13:58:01,525 : INFO : EventManager : Event: ======'balldevice_balls_available'====== Args={}
2024-02-01 13:58:01,525 : INFO : EventManager : Event: ======'balldevice_bd_trough_ball_entered'====== Args={'new_balls': 1, 'device': <ball_device.bd_trough>}
2024-02-01 13:58:01,526 : INFO : ball_device.bd_trough : State: waiting_for_target_ready
2024-02-01 13:58:01,526 : INFO : EventManager : Event: ======'balldevice_bd_trough_ball_eject_attempt'====== Args={'balls': 1, 'target': <playfield.playfield>, 'source': <ball_device.bd_trough>, 'mechanical_eject': False, 'num_attempts': 0}
2024-02-01 13:58:01,526 : INFO : ball_device.bd_trough : State: ejecting
2024-02-01 13:58:01,526 : INFO : ball_device.bd_trough : Ejecting ball to <playfield.playfield>
2024-02-01 13:58:01,526 : INFO : EventManager : Event: ======'balldevice_bd_trough_ejecting_ball'====== Args={'balls': 1, 'target': <playfield.playfield>, 'source': <ball_device.bd_trough>, 'mechanical_eject': False, 'num_attempts': 0}
2024-02-01 13:58:01,526 : INFO : ball_device.bd_trough : Wait for ball to leave device
2024-02-01 13:58:01,527 : INFO : coil.c_trough : Pulsing Driver for 60ms (1.0 pulse_power)
2024-02-01 13:58:01,633 : INFO : SwitchController : <<<<<<< 's_trough_4' inactive >>>>>>>
2024-02-01 13:58:01,635 : INFO : ball_device.bd_trough : State: ball_left
2024-02-01 13:58:01,635 : INFO : ball_device.bd_trough : Ball left
2024-02-01 13:58:01,635 : INFO : ball_device.bd_trough : Wait for confirm with timeout 10.0
2024-02-01 13:58:01,993 : INFO : SwitchController : <<<<<<< 's_stationary_l' active >>>>>>>
2024-02-01 13:58:01,993 : INFO : EventManager : Event: ======'sw_playfield_active'====== Args={}
2024-02-01 13:58:01,993 : INFO : SwitchController : <<<<<<< 's_stationary_l' inactive >>>>>>>
2024-02-01 13:58:01,993 : INFO : EventManager : Event: ======'playfield_active'====== Args={}
2024-02-01 13:58:01,995 : INFO : ball_device.bd_trough : Got eject confirm
2024-02-01 13:58:01,995 : INFO : ball_device.bd_trough : Eject successful
2024-02-01 13:58:01,995 : INFO : EventManager : Event: ======'balldevice_bd_trough_ball_eject_success'====== Args={'balls': 1, 'target': <playfield.playfield>}
2024-02-01 13:58:01,995 : INFO : EventManager : Event: ======'balldevice_playfield_ball_enter'====== Args={'new_balls': 1, 'unclaimed_balls': 1, 'device': <playfield.playfield>}
2024-02-01 13:58:01,995 : INFO : EventManager : Event: ======'playfield_ball_count_change'====== Args={'balls': 1, 'change': 1}
2024-02-01 13:58:01,995 : INFO : EventManager : Event: ======'balldevice_bd_trough_ball_count_changed'====== Args={'balls': 0}
2024-02-01 13:58:01,995 : INFO : ball_device.bd_trough : State: idle
2024-02-01 13:58:23,894 : INFO : Machine : Shutting down...
2024-02-01 13:58:23,894 : INFO : EventManager : Event: ======'shutdown'====== Args={}
2024-02-01 13:58:24,003 : INFO : root : MPF run loop ended.
