2024-05-07 07:06:31,439 : INFO : root : Loading config.
2024-05-07 07:06:31,441 : INFO : YamlMultifileConfigLoader : Machine config file #1: config.yaml
2024-05-07 07:06:31,441 : INFO : ConfigProcessor : Loading config from cache: /var/folders/l2/q8hj_6s91xnb2jxg1sqm0h7r0000gn/T/479bffd5d2f40b527f859677e5b1aef9.mpf_cache
2024-05-07 07:06:31,474 : INFO : ConfigProcessor : Loading config from cache: /var/folders/l2/q8hj_6s91xnb2jxg1sqm0h7r0000gn/T/0481b880979d7ccc71369ad5f781c736.mpf_cache
2024-05-07 07:06:31,475 : INFO : ConfigProcessor : Loading config from cache: /var/folders/l2/q8hj_6s91xnb2jxg1sqm0h7r0000gn/T/9cfa8e96748dd80c23752180dbf36e5c.mpf_cache
2024-05-07 07:06:31,475 : INFO : ConfigProcessor : Loading config from cache: /var/folders/l2/q8hj_6s91xnb2jxg1sqm0h7r0000gn/T/0481b880979d7ccc71369ad5f781c736.mpf_cache
2024-05-07 07:06:31,475 : INFO : ConfigProcessor : Loading config from cache: /var/folders/l2/q8hj_6s91xnb2jxg1sqm0h7r0000gn/T/1875c266911f801b691956fe9e9284d6.mpf_cache
2024-05-07 07:06:31,475 : WARNING : ConfigProcessor : Config file in cache changed: /Users/tannerpetch/Documents/GitHub/lofab/modes/base/config/base.yaml
2024-05-07 07:06:31,475 : INFO : ConfigProcessor : Loading config from file /Users/tannerpetch/Documents/GitHub/lofab/modes/base/config/base.yaml.
2024-05-07 07:06:31,478 : INFO : ConfigProcessor : Loading config: /Users/tannerpetch/Documents/GitHub/lofab/modes/base/config/base.yaml
2024-05-07 07:06:31,478 : INFO : ConfigProcessor : Config file cache created: /var/folders/l2/q8hj_6s91xnb2jxg1sqm0h7r0000gn/T/f97c90855879603280fcc571f5c42639.mpf_cache
2024-05-07 07:06:31,479 : INFO : ConfigProcessor : Loading config from cache: /var/folders/l2/q8hj_6s91xnb2jxg1sqm0h7r0000gn/T/5336ce152edc820b26f3a51a9f95779b.mpf_cache
2024-05-07 07:06:31,479 : INFO : ConfigProcessor : Loading config from cache: /var/folders/l2/q8hj_6s91xnb2jxg1sqm0h7r0000gn/T/584196ece55f676a535bfbda3a88171a.mpf_cache
2024-05-07 07:06:31,479 : INFO : ConfigProcessor : Loading config from cache: /var/folders/l2/q8hj_6s91xnb2jxg1sqm0h7r0000gn/T/4b1e343fa9806c398ec7ee103dcfa7e2.mpf_cache
2024-05-07 07:06:31,480 : INFO : ConfigProcessor : Loading config from cache: /var/folders/l2/q8hj_6s91xnb2jxg1sqm0h7r0000gn/T/66764f8b68b26fdba6c1f2bce3638479.mpf_cache
2024-05-07 07:06:31,480 : WARNING : ConfigProcessor : Config file in cache changed: /Users/tannerpetch/Documents/GitHub/lofab/modes/attract/shows/./attract_lcd.yaml
2024-05-07 07:06:31,480 : INFO : ConfigProcessor : Loading config from file /Users/tannerpetch/Documents/GitHub/lofab/modes/attract/shows/./attract_lcd.yaml.
2024-05-07 07:06:31,480 : INFO : ConfigProcessor : Loading config: /Users/tannerpetch/Documents/GitHub/lofab/modes/attract/shows/./attract_lcd.yaml
2024-05-07 07:06:31,481 : INFO : ConfigProcessor : Config file cache created: /var/folders/l2/q8hj_6s91xnb2jxg1sqm0h7r0000gn/T/2b5fdb8fd0e736387486af32f8df92fd.mpf_cache
2024-05-07 07:06:31,481 : INFO : ConfigProcessor : Loading config from cache: /var/folders/l2/q8hj_6s91xnb2jxg1sqm0h7r0000gn/T/3dbc438e88423aa3ff742db2713b600f.mpf_cache
2024-05-07 07:06:31,482 : INFO : ConfigProcessor : Loading config from cache: /var/folders/l2/q8hj_6s91xnb2jxg1sqm0h7r0000gn/T/154d071a3850556c6f3eae37bf41c8b6.mpf_cache
2024-05-07 07:06:31,482 : INFO : ConfigProcessor : Loading config from cache: /var/folders/l2/q8hj_6s91xnb2jxg1sqm0h7r0000gn/T/ab100dbe0e16472b56f0213f3842a00f.mpf_cache
2024-05-07 07:06:31,485 : INFO : ConfigProcessor : Loading config from cache: /var/folders/l2/q8hj_6s91xnb2jxg1sqm0h7r0000gn/T/f03ad90ccd2c053e9e5d10795d01f4ba.mpf_cache
2024-05-07 07:06:31,485 : INFO : ConfigProcessor : Loading config from cache: /var/folders/l2/q8hj_6s91xnb2jxg1sqm0h7r0000gn/T/0f3c951d4c93079ae3fac6429c5bc2ee.mpf_cache
2024-05-07 07:06:31,485 : INFO : ConfigProcessor : Loading config from cache: /var/folders/l2/q8hj_6s91xnb2jxg1sqm0h7r0000gn/T/8bf004783a280ac33d17b88f37848116.mpf_cache
2024-05-07 07:06:31,487 : INFO : ConfigProcessor : Loading config from cache: /var/folders/l2/q8hj_6s91xnb2jxg1sqm0h7r0000gn/T/db98bdefe8a072cec23a2527f4303b09.mpf_cache
2024-05-07 07:06:31,487 : INFO : ConfigProcessor : Loading config from cache: /var/folders/l2/q8hj_6s91xnb2jxg1sqm0h7r0000gn/T/d5d50eaa09e055f3a827c6269a3aa165.mpf_cache
2024-05-07 07:06:31,488 : INFO : ConfigProcessor : Loading config from cache: /var/folders/l2/q8hj_6s91xnb2jxg1sqm0h7r0000gn/T/eefb91dd78a2b4d0f2b86f7f7cb501a3.mpf_cache
2024-05-07 07:06:31,488 : INFO : ConfigProcessor : Loading config from cache: /var/folders/l2/q8hj_6s91xnb2jxg1sqm0h7r0000gn/T/d32f8b43f49e3e57afbd189fbbccae80.mpf_cache
2024-05-07 07:06:31,488 : INFO : ConfigProcessor : Loading config from cache: /var/folders/l2/q8hj_6s91xnb2jxg1sqm0h7r0000gn/T/08db62a1c5938674fa894d468364ed3e.mpf_cache
2024-05-07 07:06:31,489 : INFO : ConfigProcessor : Loading config from cache: /var/folders/l2/q8hj_6s91xnb2jxg1sqm0h7r0000gn/T/98754ca8fa1663afefe3af8297a0d59a.mpf_cache
2024-05-07 07:06:31,490 : INFO : ConfigProcessor : Loading config from cache: /var/folders/l2/q8hj_6s91xnb2jxg1sqm0h7r0000gn/T/0b5d87cc943a75a2ef030b7892588c99.mpf_cache
2024-05-07 07:06:31,490 : INFO : ConfigProcessor : Loading config from cache: /var/folders/l2/q8hj_6s91xnb2jxg1sqm0h7r0000gn/T/250153cb7d132f4134a2e9b694314568.mpf_cache
2024-05-07 07:06:31,490 : INFO : ConfigProcessor : Loading config from cache: /var/folders/l2/q8hj_6s91xnb2jxg1sqm0h7r0000gn/T/bbbe87a2f82c66174798be62d4e8058c.mpf_cache
2024-05-07 07:06:31,490 : INFO : Machine : Mission Pinball Framework Core Engine v0.80.0.dev1
2024-05-07 07:06:31,490 : INFO : Machine : Command line arguments: {'no_load_cache': False, 'create_config_cache': True, 'bcp': True, 'configfile': ['config.yaml'], 'force_assets_load': False, 'platform_integration_test': False, 'jsonlogging': False, 'logfile': 'logs/2024-05-07-07-06-31-mpf-Tanners-Laptop.local.log', 'pause': False, 'production': False, 'text_ui': False, 'loglevel': 15, 'consoleloglevel': 20, 'force_platform': 'virtual', 'syslog_address': None, 'mc_file_name': None, 'no_sound': False}
2024-05-07 07:06:31,490 : INFO : Machine : MPF path: /Users/tannerpetch/Documents/git/mpf/mpf
2024-05-07 07:06:31,490 : INFO : Machine : Machine path: /Users/tannerpetch/Documents/GitHub/lofab
2024-05-07 07:06:31,490 : INFO : Machine : Platform: darwin
2024-05-07 07:06:31,490 : INFO : Machine : Python executable location: /Users/tannerpetch/mpfenv/bin/python3
2024-05-07 07:06:31,491 : INFO : Machine : Python version: 3.9.13 (64-bit)
2024-05-07 07:06:31,491 : INFO : Machine : Initializing MPF...
2024-05-07 07:06:31,513 : INFO : EventManager : Event: ======'machine_var_credits_string'====== Args={'value': 'FREE PLAY', 'prev_value': None, 'change': True}
2024-05-07 07:06:31,519 : INFO : EventManager : Event: ======'machine_var_master_volume'====== Args={'value': 0.5, 'prev_value': None, 'change': True}
2024-05-07 07:06:31,519 : INFO : EventManager : Event: ======'machine_var_player1_score'====== Args={'value': 0, 'prev_value': None, 'change': True}
2024-05-07 07:06:31,519 : INFO : EventManager : Event: ======'machine_var_mpf_version'====== Args={'value': 'Mission Pinball Framework v0.80.0.dev1', 'prev_value': None, 'change': True}
2024-05-07 07:06:31,519 : INFO : EventManager : Event: ======'machine_var_mpf_extended_version'====== Args={'value': 'Mission Pinball Framework v0.80.0.dev1, Config version:6, Show version: 6, BCP version:1.1', 'prev_value': None, 'change': True}
2024-05-07 07:06:31,519 : INFO : EventManager : Event: ======'machine_var_python_version'====== Args={'value': '3.9.13', 'prev_value': None, 'change': True}
2024-05-07 07:06:31,527 : INFO : EventManager : Event: ======'machine_var_platform'====== Args={'value': 'macOS-14.3-arm64-arm-64bit', 'prev_value': None, 'change': True}
2024-05-07 07:06:31,527 : INFO : EventManager : Event: ======'machine_var_platform_system'====== Args={'value': 'Darwin', 'prev_value': None, 'change': True}
2024-05-07 07:06:31,527 : INFO : EventManager : Event: ======'machine_var_platform_release'====== Args={'value': '23.3.0', 'prev_value': None, 'change': True}
2024-05-07 07:06:31,527 : INFO : EventManager : Event: ======'machine_var_platform_version'====== Args={'value': 'Darwin Kernel Version 23.3.0: Thu Dec 21 02:29:41 PST 2023; root:xnu-10002.81.5~11/RELEASE_ARM64_T8122', 'prev_value': None, 'change': True}
2024-05-07 07:06:31,527 : INFO : EventManager : Event: ======'machine_var_platform_machine'====== Args={'value': 'arm64', 'prev_value': None, 'change': True}
2024-05-07 07:06:31,527 : INFO : EventManager : Event: ======'init_phase_1'====== Args={}
2024-05-07 07:06:31,542 : INFO : EventManager : Event: ======'init_phase_2'====== Args={}
2024-05-07 07:06:31,544 : INFO : EventManager : Event: ======'bcp_connection_attempt'====== Args={'name': 'local_display', 'host': 'localhost', 'port': 5050}
2024-05-07 07:06:31,544 : INFO : BCPClientSocket : Connecting BCP to 'local_display' at localhost:5050...
2024-05-07 07:06:31,547 : INFO : BCPClientSocket : Connected BCP to 'local_display' localhost:5050
2024-05-07 07:06:31,548 : INFO : EventManager : Event: ======'bcp_clients_connected'====== Args={}
2024-05-07 07:06:31,548 : INFO : ball_device.bd_vuk : BCH: Initial count: 0
2024-05-07 07:06:31,548 : INFO : ball_device.bd_vuk : State: idle
2024-05-07 07:06:31,548 : INFO : ball_device.bd_trough : BCH: Initial count: 0
2024-05-07 07:06:31,548 : INFO : ball_device.bd_trough : State: idle
2024-05-07 07:06:31,552 : INFO : EventManager : Event: ======'init_phase_3'====== Args={}
2024-05-07 07:06:31,699 : INFO : EventManager : Event: ======'init_phase_4'====== Args={}
2024-05-07 07:06:31,700 : INFO : BallController : Initial balls found: 0
2024-05-07 07:06:31,700 : INFO : EventManager : Event: ======'machine_var_audits_events_game_ended'====== Args={'value': 4, 'prev_value': None, 'change': True}
2024-05-07 07:06:31,700 : INFO : EventManager : Event: ======'machine_var_audits_events_game_started'====== Args={'value': 56, 'prev_value': None, 'change': True}
2024-05-07 07:06:31,700 : INFO : EventManager : Event: ======'machine_var_audits_missing_switches_s_e'====== Args={'value': 56, 'prev_value': None, 'change': True}
2024-05-07 07:06:31,700 : INFO : EventManager : Event: ======'machine_var_audits_missing_switches_s_flipper_l'====== Args={'value': 39, 'prev_value': None, 'change': True}
2024-05-07 07:06:31,700 : INFO : EventManager : Event: ======'machine_var_audits_missing_switches_s_flipper_r'====== Args={'value': 1, 'prev_value': None, 'change': True}
2024-05-07 07:06:31,700 : INFO : EventManager : Event: ======'machine_var_audits_missing_switches_s_h'====== Args={'value': 56, 'prev_value': None, 'change': True}
2024-05-07 07:06:31,700 : INFO : EventManager : Event: ======'machine_var_audits_missing_switches_s_pop'====== Args={'value': 56, 'prev_value': None, 'change': True}
2024-05-07 07:06:31,700 : INFO : EventManager : Event: ======'machine_var_audits_missing_switches_s_ramp_complete'====== Args={'value': 56, 'prev_value': None, 'change': True}
2024-05-07 07:06:31,700 : INFO : EventManager : Event: ======'machine_var_audits_missing_switches_s_ramp_l'====== Args={'value': 56, 'prev_value': None, 'change': True}
2024-05-07 07:06:31,700 : INFO : EventManager : Event: ======'machine_var_audits_missing_switches_s_ramp_r'====== Args={'value': 56, 'prev_value': None, 'change': True}
2024-05-07 07:06:31,700 : INFO : EventManager : Event: ======'machine_var_audits_missing_switches_s_sling_l'====== Args={'value': 15, 'prev_value': None, 'change': True}
2024-05-07 07:06:31,700 : INFO : EventManager : Event: ======'machine_var_audits_missing_switches_s_sling_r'====== Args={'value': 15, 'prev_value': None, 'change': True}
2024-05-07 07:06:31,701 : INFO : EventManager : Event: ======'machine_var_audits_missing_switches_s_spinner'====== Args={'value': 56, 'prev_value': None, 'change': True}
2024-05-07 07:06:31,701 : INFO : EventManager : Event: ======'machine_var_audits_missing_switches_s_start'====== Args={'value': 17, 'prev_value': None, 'change': True}
2024-05-07 07:06:31,701 : INFO : EventManager : Event: ======'machine_var_audits_missing_switches_s_stationary_back'====== Args={'value': 56, 'prev_value': None, 'change': True}
2024-05-07 07:06:31,701 : INFO : EventManager : Event: ======'machine_var_audits_missing_switches_s_stationary_o'====== Args={'value': 2, 'prev_value': None, 'change': True}
2024-05-07 07:06:31,701 : INFO : EventManager : Event: ======'machine_var_audits_missing_switches_s_stationary_s'====== Args={'value': 2, 'prev_value': None, 'change': True}
2024-05-07 07:06:31,701 : INFO : EventManager : Event: ======'machine_var_audits_missing_switches_s_stationary_u'====== Args={'value': 42, 'prev_value': None, 'change': True}
2024-05-07 07:06:31,701 : INFO : EventManager : Event: ======'machine_var_audits_missing_switches_s_tilt_l'====== Args={'value': 56, 'prev_value': None, 'change': True}
2024-05-07 07:06:31,701 : INFO : EventManager : Event: ======'machine_var_audits_missing_switches_s_tilt_r'====== Args={'value': 56, 'prev_value': None, 'change': True}
2024-05-07 07:06:31,701 : INFO : EventManager : Event: ======'machine_var_audits_missing_switches_s_trough_2'====== Args={'value': 28, 'prev_value': None, 'change': True}
2024-05-07 07:06:31,701 : INFO : EventManager : Event: ======'machine_var_audits_missing_switches_s_trough_3'====== Args={'value': 56, 'prev_value': None, 'change': True}
2024-05-07 07:06:31,701 : INFO : EventManager : Event: ======'machine_var_audits_missing_switches_s_trough_4'====== Args={'value': 54, 'prev_value': None, 'change': True}
2024-05-07 07:06:31,701 : INFO : EventManager : Event: ======'machine_var_audits_missing_switches_s_vuk'====== Args={'value': 54, 'prev_value': None, 'change': True}
2024-05-07 07:06:31,701 : INFO : EventManager : Event: ======'machine_var_audits_player_score'====== Args={'value': {'average': 0, 'top': [100, 0, 0, 0, 0, 0], 'total': 6}, 'prev_value': None, 'change': True}
2024-05-07 07:06:31,701 : INFO : EventManager : Event: ======'machine_var_audits_shots_r_o'====== Args={'value': 62, 'prev_value': None, 'change': True}
2024-05-07 07:06:31,701 : INFO : EventManager : Event: ======'machine_var_audits_shots_r_o_fleshy'====== Args={'value': 104, 'prev_value': None, 'change': True}
2024-05-07 07:06:31,701 : INFO : EventManager : Event: ======'machine_var_audits_shots_r_o_rotate'====== Args={'value': 52, 'prev_value': None, 'change': True}
2024-05-07 07:06:31,701 : INFO : EventManager : Event: ======'machine_var_audits_shots_r_s'====== Args={'value': 28, 'prev_value': None, 'change': True}
2024-05-07 07:06:31,701 : INFO : EventManager : Event: ======'machine_var_audits_shots_r_s_fleshy'====== Args={'value': 73, 'prev_value': None, 'change': True}
2024-05-07 07:06:31,701 : INFO : EventManager : Event: ======'machine_var_audits_shots_r_s_rotate'====== Args={'value': 50, 'prev_value': None, 'change': True}
2024-05-07 07:06:31,701 : INFO : EventManager : Event: ======'machine_var_audits_shots_r_sling_l'====== Args={'value': 12, 'prev_value': None, 'change': True}
2024-05-07 07:06:31,701 : INFO : EventManager : Event: ======'machine_var_audits_shots_r_sling_r'====== Args={'value': 18, 'prev_value': None, 'change': True}
2024-05-07 07:06:31,701 : INFO : EventManager : Event: ======'machine_var_audits_shots_r_u'====== Args={'value': 4, 'prev_value': None, 'change': True}
2024-05-07 07:06:31,701 : INFO : EventManager : Event: ======'machine_var_audits_switches_s_e'====== Args={'value': 0, 'prev_value': None, 'change': True}
2024-05-07 07:06:31,701 : INFO : EventManager : Event: ======'machine_var_audits_switches_s_flipper_l'====== Args={'value': 17, 'prev_value': None, 'change': True}
2024-05-07 07:06:31,701 : INFO : EventManager : Event: ======'machine_var_audits_switches_s_flipper_r'====== Args={'value': 5, 'prev_value': None, 'change': True}
2024-05-07 07:06:31,701 : INFO : EventManager : Event: ======'machine_var_audits_switches_s_h'====== Args={'value': 0, 'prev_value': None, 'change': True}
2024-05-07 07:06:31,701 : INFO : EventManager : Event: ======'machine_var_audits_switches_s_launch'====== Args={'value': 50, 'prev_value': None, 'change': True}
2024-05-07 07:06:31,701 : INFO : EventManager : Event: ======'machine_var_audits_switches_s_pop'====== Args={'value': 0, 'prev_value': None, 'change': True}
2024-05-07 07:06:31,701 : INFO : EventManager : Event: ======'machine_var_audits_switches_s_ramp_complete'====== Args={'value': 0, 'prev_value': None, 'change': True}
2024-05-07 07:06:31,701 : INFO : EventManager : Event: ======'machine_var_audits_switches_s_ramp_l'====== Args={'value': 0, 'prev_value': None, 'change': True}
2024-05-07 07:06:31,701 : INFO : EventManager : Event: ======'machine_var_audits_switches_s_ramp_r'====== Args={'value': 0, 'prev_value': None, 'change': True}
2024-05-07 07:06:31,701 : INFO : EventManager : Event: ======'machine_var_audits_switches_s_sling_l'====== Args={'value': 12, 'prev_value': None, 'change': True}
2024-05-07 07:06:31,701 : INFO : EventManager : Event: ======'machine_var_audits_switches_s_sling_r'====== Args={'value': 18, 'prev_value': None, 'change': True}
2024-05-07 07:06:31,701 : INFO : EventManager : Event: ======'machine_var_audits_switches_s_spinner'====== Args={'value': 0, 'prev_value': None, 'change': True}
2024-05-07 07:06:31,701 : INFO : EventManager : Event: ======'machine_var_audits_switches_s_start'====== Args={'value': 6, 'prev_value': None, 'change': True}
2024-05-07 07:06:31,701 : INFO : EventManager : Event: ======'machine_var_audits_switches_s_stationary_back'====== Args={'value': 0, 'prev_value': None, 'change': True}
2024-05-07 07:06:31,701 : INFO : EventManager : Event: ======'machine_var_audits_switches_s_stationary_o'====== Args={'value': 108, 'prev_value': None, 'change': True}
2024-05-07 07:06:31,701 : INFO : EventManager : Event: ======'machine_var_audits_switches_s_stationary_s'====== Args={'value': 73, 'prev_value': None, 'change': True}
2024-05-07 07:06:31,701 : INFO : EventManager : Event: ======'machine_var_audits_switches_s_stationary_u'====== Args={'value': 23, 'prev_value': None, 'change': True}
2024-05-07 07:06:31,701 : INFO : EventManager : Event: ======'machine_var_audits_switches_s_tilt_l'====== Args={'value': 0, 'prev_value': None, 'change': True}
2024-05-07 07:06:31,701 : INFO : EventManager : Event: ======'machine_var_audits_switches_s_tilt_r'====== Args={'value': 0, 'prev_value': None, 'change': True}
2024-05-07 07:06:31,701 : INFO : EventManager : Event: ======'machine_var_audits_switches_s_trough_1'====== Args={'value': 15, 'prev_value': None, 'change': True}
2024-05-07 07:06:31,701 : INFO : EventManager : Event: ======'machine_var_audits_switches_s_trough_2'====== Args={'value': 1, 'prev_value': None, 'change': True}
2024-05-07 07:06:31,701 : INFO : EventManager : Event: ======'machine_var_audits_switches_s_trough_3'====== Args={'value': 0, 'prev_value': None, 'change': True}
2024-05-07 07:06:31,701 : INFO : EventManager : Event: ======'machine_var_audits_switches_s_trough_4'====== Args={'value': 1, 'prev_value': None, 'change': True}
2024-05-07 07:06:31,701 : INFO : EventManager : Event: ======'machine_var_audits_switches_s_vuk'====== Args={'value': 6, 'prev_value': None, 'change': True}
2024-05-07 07:06:31,702 : INFO : EventManager : Event: ======'init_phase_5'====== Args={}
2024-05-07 07:06:31,702 : INFO : EventManager : Event: ======'init_done'====== Args={}
2024-05-07 07:06:31,702 : INFO : EventManager : Event: ======'machine_reset_phase_1'====== Args={}
2024-05-07 07:06:31,706 : INFO : EventManager : Event: ======'machine_reset_phase_2'====== Args={}
2024-05-07 07:06:31,707 : INFO : EventManager : Event: ======'machine_reset_phase_3'====== Args={}
2024-05-07 07:06:31,707 : INFO : EventManager : Event: ======'reset_complete'====== Args={}
2024-05-07 07:06:31,707 : INFO : EventManager : Event: ======'mode_attract_will_start'====== Args={}
2024-05-07 07:06:31,707 : INFO : EventManager : Event: ======'mode_attract_starting'====== Args={}
2024-05-07 07:06:31,707 : INFO : Mode.attract : Started. Priority: 10
2024-05-07 07:06:31,707 : INFO : EventManager : Event: ======'modes_active_modes_changed'====== Args={}
2024-05-07 07:06:31,707 : INFO : EventManager : Event: ======'mode_attract_started'====== Args={}
2024-05-07 07:06:31,708 : INFO : EventManager : Event: ======'collecting_balls_complete'====== Args={}
2024-05-07 07:06:31,708 : INFO : Machine : Starting the main run loop.
2024-05-07 07:06:31,814 : INFO : EventManager : Event: ======'slide_attract2_created'====== Args={'_from_bcp': True}
2024-05-07 07:06:31,815 : INFO : EventManager : Event: ======'slide__removed'====== Args={'_from_bcp': True}
2024-05-07 07:06:31,815 : INFO : EventManager : Event: ======'slide_attract2_active'====== Args={'original_context': 'show_3', 'cmd': 'slides_play', '_from_bcp': True}
2024-05-07 07:06:32,072 : INFO : BcpServer : New client connected.
2024-05-07 07:06:38,370 : INFO : SwitchController : <<<<<<< 's_trough_1' active >>>>>>>
2024-05-07 07:06:38,485 : INFO : SwitchController : <<<<<<< 's_trough_1' inactive >>>>>>>
2024-05-07 07:06:38,711 : INFO : SwitchController : <<<<<<< 's_trough_1' active >>>>>>>
2024-05-07 07:06:39,212 : INFO : EventManager : Event: ======'balldevice_bd_trough_ball_count_changed'====== Args={'balls': 1}
2024-05-07 07:06:39,213 : INFO : ball_device.bd_trough : Received unexpected ball
2024-05-07 07:06:39,213 : INFO : EventManager : Event: ======'balldevice_captured_from_playfield'====== Args={'balls': 1}
2024-05-07 07:06:39,214 : INFO : EventManager : Event: ======'sw_playfield_active'====== Args={'balls': 1}
2024-05-07 07:06:39,215 : INFO : EventManager : Event: ======'playfield_active'====== Args={}
2024-05-07 07:06:39,215 : INFO : EventManager : Event: ======'unexpected_ball_on_playfield'====== Args={}
2024-05-07 07:06:39,215 : INFO : EventManager : Event: ======'playfield_ball_count_change'====== Args={'balls': -1, 'change': -1}
2024-05-07 07:06:39,216 : INFO : EventManager : Event: ======'balldevice_playfield_ball_enter'====== Args={'new_balls': 1, 'unclaimed_balls': 1, 'device': <playfield.playfield>}
2024-05-07 07:06:39,216 : INFO : EventManager : Event: ======'playfield_ball_count_change'====== Args={'balls': 0, 'change': 1}
2024-05-07 07:06:39,217 : INFO : BallController : Found a new ball which was captured from playfield. Known balls: 1
2024-05-07 07:06:39,217 : INFO : EventManager : Event: ======'found_new_ball'====== Args={}
2024-05-07 07:06:39,217 : INFO : EventManager : Event: ======'balldevice_bd_trough_ball_enter'====== Args={'new_balls': 1, 'unclaimed_balls': 1, 'new_available_balls': 1, 'device': <ball_device.bd_trough>}
2024-05-07 07:06:39,217 : INFO : EventManager : Event: ======'ball_drain'====== Args={'device': <ball_device.bd_trough>, 'balls': 1}
2024-05-07 07:06:39,218 : INFO : EventManager : Event: ======'balldevice_balls_available'====== Args={}
2024-05-07 07:06:39,218 : INFO : EventManager : Event: ======'balldevice_bd_trough_ball_entered'====== Args={'new_balls': 1, 'device': <ball_device.bd_trough>}
2024-05-07 07:06:39,969 : INFO : SwitchController : <<<<<<< 's_start' active >>>>>>>
2024-05-07 07:06:40,087 : INFO : SwitchController : <<<<<<< 's_start' inactive >>>>>>>
2024-05-07 07:06:40,087 : INFO : EventManager : Event: ======'request_to_start_game'====== Args={}
2024-05-07 07:06:40,087 : INFO : EventManager : Event: ======'game_start'====== Args={'buttons': [], 'hold_time': 0.11768012499999969}
2024-05-07 07:06:40,088 : INFO : EventManager : Event: ======'mode_game_will_start'====== Args={'buttons': [], 'hold_time': 0.11768012499999969}
2024-05-07 07:06:40,088 : INFO : EventManager : Event: ======'mode_game_starting'====== Args={'buttons': [], 'hold_time': 0.11768012499999969}
2024-05-07 07:06:40,088 : INFO : EventManager : Event: ======'mode_attract_will_stop'====== Args={}
2024-05-07 07:06:40,089 : INFO : EventManager : Event: ======'mode_attract_stopping'====== Args={}
2024-05-07 07:06:40,089 : INFO : Mode.attract : Stopped.
2024-05-07 07:06:40,089 : INFO : EventManager : Event: ======'modes_active_modes_changed'====== Args={}
2024-05-07 07:06:40,090 : INFO : EventManager : Event: ======'mode_attract_stopped'====== Args={}
2024-05-07 07:06:40,090 : INFO : EventManager : Event: ======'clear'====== Args={'key': 'attract'}
2024-05-07 07:06:40,090 : INFO : Mode.game : Started. Priority: 20
2024-05-07 07:06:40,090 : INFO : EventManager : Event: ======'modes_active_modes_changed'====== Args={}
2024-05-07 07:06:40,090 : INFO : EventManager : Event: ======'mode_game_started'====== Args={'buttons': [], 'hold_time': 0.11768012499999969}
2024-05-07 07:06:40,091 : INFO : EventManager : Event: ======'game_will_start'====== Args={}
2024-05-07 07:06:40,091 : INFO : EventManager : Event: ======'game_starting'====== Args={'game': <Mode.game>}
2024-05-07 07:06:40,092 : INFO : EventManager : Unordered handler for class <Auditor> on event game_ended with priority 1. Handlers: [RegisteredHandler(callback=<bound method Auditor.disable of <Auditor>>, priority=1, kwargs={}, key=UUID('d27a03d3-e357-4111-8d48-987d5d2c56ff'), condition=None, blocking_facility=None), RegisteredHandler(callback=<bound method Auditor._save_audits of <Auditor>>, priority=1, kwargs={}, key=UUID('db1d6a15-2332-4eb1-aca0-53e6eb2f9ce3'), condition=None, blocking_facility=None)]. The order of those handlers is not defined and they will be executed in random order. This might lead to race conditions and potential bugs.
2024-05-07 07:06:40,092 : INFO : EventManager : Event: ======'player_add_request'====== Args={}
2024-05-07 07:06:40,092 : INFO : EventManager : Event: ======'player_will_add'====== Args={'number': 1}
2024-05-07 07:06:40,092 : INFO : EventManager : Event: ======'player_adding'====== Args={'player': <Player 1>, 'number': 1}
2024-05-07 07:06:40,092 : INFO : EventManager : Event: ======'player_added'====== Args={'player': <Player 1>, 'num': 1}
2024-05-07 07:06:40,093 : INFO : Mode.game : Player added successfully. Total players: 1
2024-05-07 07:06:40,093 : INFO : EventManager : Event: ======'player_index'====== Args={'value': 0, 'prev_value': 0, 'change': 0, 'player_num': 1}
2024-05-07 07:06:40,093 : INFO : EventManager : Event: ======'player_number'====== Args={'value': 1, 'prev_value': 1, 'change': 0, 'player_num': 1}
2024-05-07 07:06:40,093 : INFO : EventManager : Event: ======'player_current_room'====== Args={'value': 'LIVING ROOM', 'prev_value': 'LIVING ROOM', 'change': False, 'player_num': 1}
2024-05-07 07:06:40,093 : INFO : EventManager : Event: ======'player_score'====== Args={'value': 0, 'prev_value': 0, 'change': 0, 'player_num': 1}
2024-05-07 07:06:40,093 : INFO : EventManager : Event: ======'game_started'====== Args={}
2024-05-07 07:06:40,094 : INFO : EventManager : Event: ======'player_turn_will_start'====== Args={'player': <Player 1>, 'number': 1}
2024-05-07 07:06:40,094 : INFO : EventManager : Event: ======'player_turn_starting'====== Args={'player': <Player 1>, 'number': 1}
2024-05-07 07:06:40,094 : INFO : EventManager : Event: ======'player_ball'====== Args={'value': 1, 'prev_value': 0, 'change': 1, 'player_num': 1}
2024-05-07 07:06:40,097 : INFO : EventManager : Event: ======'player_turn_started'====== Args={'player': <Player 1>, 'number': 1}
2024-05-07 07:06:40,097 : INFO : EventManager : Event: ======'ball_will_start'====== Args={'player': 1, 'ball': 1, 'balls_remaining': 2, 'is_extra_ball': False}
2024-05-07 07:06:40,097 : INFO : EventManager : Event: ======'ball_starting'====== Args={'player': 1, 'ball': 1, 'balls_remaining': 2, 'is_extra_ball': False}
2024-05-07 07:06:40,097 : INFO : EventManager : Event: ======'mode_base_will_start'====== Args={'queue': <QueuedEvent>, 'player': 1, 'ball': 1, 'balls_remaining': 2, 'is_extra_ball': False}
2024-05-07 07:06:40,098 : INFO : EventManager : Event: ======'player_shot_r_pop_enabled'====== Args={'value': True, 'prev_value': 0, 'change': 1, 'player_num': 1}
2024-05-07 07:06:40,098 : INFO : EventManager : Event: ======'player_shot_r_sling_l_enabled'====== Args={'value': True, 'prev_value': 0, 'change': 1, 'player_num': 1}
2024-05-07 07:06:40,098 : INFO : EventManager : Event: ======'player_shot_r_sling_r_enabled'====== Args={'value': True, 'prev_value': 0, 'change': 1, 'player_num': 1}
2024-05-07 07:06:40,099 : INFO : EventManager : Event: ======'player_shot_r_h_enabled'====== Args={'value': True, 'prev_value': 0, 'change': 1, 'player_num': 1}
2024-05-07 07:06:40,099 : INFO : EventManager : Event: ======'player_shot_r_o_enabled'====== Args={'value': True, 'prev_value': 0, 'change': 1, 'player_num': 1}
2024-05-07 07:06:40,099 : INFO : EventManager : Event: ======'player_shot_r_u_enabled'====== Args={'value': True, 'prev_value': 0, 'change': 1, 'player_num': 1}
2024-05-07 07:06:40,100 : INFO : EventManager : Event: ======'player_shot_r_s_enabled'====== Args={'value': True, 'prev_value': 0, 'change': 1, 'player_num': 1}
2024-05-07 07:06:40,100 : INFO : EventManager : Event: ======'player_shot_r_e_enabled'====== Args={'value': True, 'prev_value': 0, 'change': 1, 'player_num': 1}
2024-05-07 07:06:40,100 : INFO : EventManager : Event: ======'player_shot_r_ramp_r_enabled'====== Args={'value': True, 'prev_value': 0, 'change': 1, 'player_num': 1}
2024-05-07 07:06:40,100 : INFO : EventManager : Event: ======'player_shot_r_ramp_l_enabled'====== Args={'value': True, 'prev_value': 0, 'change': 1, 'player_num': 1}
2024-05-07 07:06:40,101 : INFO : EventManager : Event: ======'player_shot_r_vuk_enabled'====== Args={'value': True, 'prev_value': 0, 'change': 1, 'player_num': 1}
2024-05-07 07:06:40,101 : INFO : EventManager : Event: ======'player_shot_r_vuk_bank_enabled'====== Args={'value': True, 'prev_value': 0, 'change': 1, 'player_num': 1}
2024-05-07 07:06:40,101 : INFO : EventManager : Event: ======'player_shot_r_right_orbit_enabled'====== Args={'value': True, 'prev_value': 0, 'change': 1, 'player_num': 1}
2024-05-07 07:06:40,101 : INFO : EventManager : Event: ======'player_shot_r_pop_stationary_enabled'====== Args={'value': True, 'prev_value': 0, 'change': 1, 'player_num': 1}
2024-05-07 07:06:40,103 : INFO : EventManager : Event: ======'mode_base_starting'====== Args={'queue': <QueuedEvent>, 'player': 1, 'ball': 1, 'balls_remaining': 2, 'is_extra_ball': False}
2024-05-07 07:06:40,103 : INFO : EventManager : Event: ======'waiting_for_launch_press'====== Args={}
2024-05-07 07:06:40,103 : INFO : EventManager : Event: ======'mode_launch_shows_will_start'====== Args={}
2024-05-07 07:06:40,103 : INFO : EventManager : Event: ======'mode_launch_shows_starting'====== Args={}
2024-05-07 07:06:40,103 : INFO : Mode.launch_shows : Started. Priority: 200
2024-05-07 07:06:40,103 : INFO : EventManager : Event: ======'modes_active_modes_changed'====== Args={}
2024-05-07 07:06:40,104 : INFO : EventManager : Event: ======'mode_launch_shows_started'====== Args={}
2024-05-07 07:06:40,104 : INFO : Mode.base : Started. Priority: 100
2024-05-07 07:06:40,104 : INFO : EventManager : Event: ======'modes_active_modes_changed'====== Args={}
2024-05-07 07:06:40,104 : INFO : EventManager : Event: ======'mode_base_started'====== Args={'queue': <QueuedEvent>, 'player': 1, 'ball': 1, 'balls_remaining': 2, 'is_extra_ball': False}
2024-05-07 07:06:40,142 : INFO : EventManager : Event: ======'slide_launch_created'====== Args={'_from_bcp': True}
2024-05-07 07:06:40,142 : INFO : EventManager : Event: ======'slide_attract2_inactive'====== Args={'_from_bcp': True}
2024-05-07 07:06:40,143 : INFO : EventManager : Event: ======'slide_launch_active'====== Args={'original_context': 'launch_shows', 'original_calling_context': 'mode_launch_shows_started', 'cmd': 'slides_play', '_from_bcp': True}
2024-05-07 07:06:40,143 : INFO : EventManager : Event: ======'slide_attract2_removed'====== Args={'_from_bcp': True}
2024-05-07 07:06:41,152 : INFO : SwitchController : <<<<<<< 's_launch' active >>>>>>>
2024-05-07 07:06:41,153 : INFO : EventManager : Event: ======'e_launch_press'====== Args={}
2024-05-07 07:06:41,153 : INFO : EventManager : Event: ======'machine_var_audits_switches_s_launch'====== Args={'value': 51, 'prev_value': 50, 'change': 1}
2024-05-07 07:06:41,154 : INFO : EventManager : Event: ======'balls_in_play'====== Args={'balls': 1}
2024-05-07 07:06:41,157 : INFO : EventManager : Event: ======'ball_started'====== Args={'player': 1, 'ball': 1, 'balls_remaining': 2, 'is_extra_ball': False}
2024-05-07 07:06:41,158 : INFO : EventManager : Event: ======'mode_launch_shows_will_stop'====== Args={}
2024-05-07 07:06:41,158 : INFO : EventManager : Event: ======'mode_launch_shows_stopping'====== Args={}
2024-05-07 07:06:41,158 : INFO : EventManager : Event: ======'mode_lane_rotate_will_start'====== Args={'player': 1, 'ball': 1, 'balls_remaining': 2, 'is_extra_ball': False}
2024-05-07 07:06:41,158 : INFO : EventManager : Event: ======'player_shot_r_h_rotate_enabled'====== Args={'value': True, 'prev_value': 0, 'change': 1, 'player_num': 1}
2024-05-07 07:06:41,159 : INFO : EventManager : Event: ======'player_shot_r_o_rotate_enabled'====== Args={'value': True, 'prev_value': 0, 'change': 1, 'player_num': 1}
2024-05-07 07:06:41,160 : INFO : EventManager : Event: ======'player_shot_r_u_rotate_enabled'====== Args={'value': True, 'prev_value': 0, 'change': 1, 'player_num': 1}
2024-05-07 07:06:41,160 : INFO : EventManager : Event: ======'player_shot_r_s_rotate_enabled'====== Args={'value': True, 'prev_value': 0, 'change': 1, 'player_num': 1}
2024-05-07 07:06:41,161 : INFO : EventManager : Event: ======'player_shot_r_e_rotate_enabled'====== Args={'value': True, 'prev_value': 0, 'change': 1, 'player_num': 1}
2024-05-07 07:06:41,163 : INFO : EventManager : Event: ======'mode_lane_rotate_starting'====== Args={'player': 1, 'ball': 1, 'balls_remaining': 2, 'is_extra_ball': False}
2024-05-07 07:06:41,164 : INFO : EventManager : Event: ======'mode_start_ball_save_will_start'====== Args={'player': 1, 'ball': 1, 'balls_remaining': 2, 'is_extra_ball': False}
2024-05-07 07:06:41,165 : INFO : EventManager : Event: ======'mode_start_ball_save_starting'====== Args={'player': 1, 'ball': 1, 'balls_remaining': 2, 'is_extra_ball': False}
2024-05-07 07:06:41,165 : INFO : EventManager : Event: ======'mode_mult_fleshy_qualify_will_start'====== Args={'player': 1, 'ball': 1, 'balls_remaining': 2, 'is_extra_ball': False}
2024-05-07 07:06:41,165 : INFO : EventManager : Event: ======'player_shot_r_o_fleshy_enabled'====== Args={'value': True, 'prev_value': 0, 'change': 1, 'player_num': 1}
2024-05-07 07:06:41,166 : INFO : EventManager : Event: ======'player_shot_r_s_fleshy_enabled'====== Args={'value': True, 'prev_value': 0, 'change': 1, 'player_num': 1}
2024-05-07 07:06:41,167 : INFO : EventManager : Event: ======'fleshy_shots_complete'====== Args={'state': 'unlit'}
2024-05-07 07:06:41,167 : INFO : EventManager : Event: ======'fleshy_shots_unlit_complete'====== Args={}
2024-05-07 07:06:41,168 : INFO : EventManager : Event: ======'mode_mult_fleshy_qualify_starting'====== Args={'player': 1, 'ball': 1, 'balls_remaining': 2, 'is_extra_ball': False}
2024-05-07 07:06:41,169 : INFO : Mode.mult_fleshy_qualify : Started. Priority: 100
2024-05-07 07:06:41,169 : INFO : EventManager : Event: ======'modes_active_modes_changed'====== Args={}
2024-05-07 07:06:41,169 : INFO : EventManager : Event: ======'mode_mult_fleshy_qualify_started'====== Args={'player': 1, 'ball': 1, 'balls_remaining': 2, 'is_extra_ball': False}
2024-05-07 07:06:41,170 : INFO : Mode.start_ball_save : Started. Priority: 100
2024-05-07 07:06:41,170 : INFO : EventManager : Event: ======'modes_active_modes_changed'====== Args={}
2024-05-07 07:06:41,170 : INFO : EventManager : Event: ======'mode_start_ball_save_started'====== Args={'player': 1, 'ball': 1, 'balls_remaining': 2, 'is_extra_ball': False}
2024-05-07 07:06:41,170 : INFO : EventManager : Event: ======'ball_save_ball_save_ball_save_enabled'====== Args={}
2024-05-07 07:06:41,170 : INFO : Mode.lane_rotate : Started. Priority: 100
2024-05-07 07:06:41,170 : INFO : EventManager : Event: ======'modes_active_modes_changed'====== Args={}
2024-05-07 07:06:41,170 : INFO : EventManager : Event: ======'mode_lane_rotate_started'====== Args={'player': 1, 'ball': 1, 'balls_remaining': 2, 'is_extra_ball': False}
2024-05-07 07:06:41,171 : INFO : Mode.launch_shows : Stopped.
2024-05-07 07:06:41,171 : INFO : EventManager : Event: ======'modes_active_modes_changed'====== Args={}
2024-05-07 07:06:41,172 : INFO : EventManager : Event: ======'mode_launch_shows_stopped'====== Args={}
2024-05-07 07:06:41,172 : INFO : EventManager : Event: ======'clear'====== Args={'key': 'launch_shows'}
2024-05-07 07:06:41,172 : INFO : EventManager : Event: ======'single_player_ball_started'====== Args={}
2024-05-07 07:06:41,174 : INFO : EventManager : Event: ======'ball_start_target'====== Args={'target': 'playfield'}
2024-05-07 07:06:41,174 : INFO : ball_device.bd_trough : Setting up player-controlled eject. Balls: 1, Target: <playfield.playfield>, player_controlled_eject_event: None
2024-05-07 07:06:41,174 : INFO : ball_device.bd_trough : Adding 1 ball(s) to the eject_queue with target <playfield.playfield>.
2024-05-07 07:06:41,174 : INFO : EventManager : Event: ======'balldevice_balls_available'====== Args={}
2024-05-07 07:06:41,175 : INFO : ball_device.bd_trough : State: waiting_for_target_ready
2024-05-07 07:06:41,175 : INFO : EventManager : Event: ======'balldevice_bd_trough_ball_eject_attempt'====== Args={'balls': 1, 'target': <playfield.playfield>, 'source': <ball_device.bd_trough>, 'mechanical_eject': False, 'num_attempts': 0}
2024-05-07 07:06:41,175 : INFO : ball_device.bd_trough : State: ejecting
2024-05-07 07:06:41,175 : INFO : ball_device.bd_trough : Ejecting ball to <playfield.playfield>
2024-05-07 07:06:41,175 : INFO : EventManager : Event: ======'balldevice_bd_trough_ejecting_ball'====== Args={'balls': 1, 'target': <playfield.playfield>, 'source': <ball_device.bd_trough>, 'mechanical_eject': False, 'num_attempts': 0}
2024-05-07 07:06:41,175 : INFO : EventManager : Event: ======'ball_save_ball_save_ball_save_timer_start'====== Args={}
2024-05-07 07:06:41,176 : INFO : ball_device.bd_trough : Wait for ball to leave device
2024-05-07 07:06:41,176 : INFO : coil.c_trough : Pulsing Driver for 14ms (1.0 pulse_power)
2024-05-07 07:06:41,246 : INFO : EventManager : Event: ======'slide_base_created'====== Args={'_from_bcp': True}
2024-05-07 07:06:41,246 : INFO : EventManager : Event: ======'slide_launch_inactive'====== Args={'_from_bcp': True}
2024-05-07 07:06:41,246 : INFO : EventManager : Event: ======'slide_base_active'====== Args={'original_context': 'base', 'original_calling_context': 'mode_launch_shows_stopped', 'cmd': 'slides_play', '_from_bcp': True}
2024-05-07 07:06:41,247 : INFO : EventManager : Event: ======'slide_launch_removed'====== Args={'_from_bcp': True}
2024-05-07 07:06:41,302 : INFO : SwitchController : <<<<<<< 's_launch' inactive >>>>>>>
2024-05-07 07:06:42,494 : INFO : SwitchController : <<<<<<< 's_trough_1' inactive >>>>>>>
2024-05-07 07:06:42,496 : INFO : ball_device.bd_trough : State: ball_left
2024-05-07 07:06:42,497 : INFO : ball_device.bd_trough : Ball left
2024-05-07 07:06:42,497 : INFO : ball_device.bd_trough : Wait for confirm with timeout 2.0
2024-05-07 07:06:44,176 : INFO : EventManager : Event: ======'ball_save_ball_save_ball_save_hurry_up'====== Args={}
2024-05-07 07:06:44,498 : INFO : ball_device.bd_trough : State: failed_confirm
2024-05-07 07:06:44,499 : INFO : ball_device.bd_trough : Got timeout (2.0s) before confirm from <playfield.playfield>
2024-05-07 07:06:44,600 : INFO : ball_device.bd_trough : Confirming eject because target is playfield and ball did not return.
2024-05-07 07:06:44,600 : INFO : ball_device.bd_trough : Eject successful
2024-05-07 07:06:44,600 : INFO : EventManager : Event: ======'balldevice_bd_trough_ball_eject_success'====== Args={'balls': 1, 'target': <playfield.playfield>}
2024-05-07 07:06:44,601 : INFO : EventManager : Event: ======'balldevice_playfield_ball_enter'====== Args={'new_balls': 1, 'unclaimed_balls': 1, 'device': <playfield.playfield>}
2024-05-07 07:06:44,601 : INFO : EventManager : Event: ======'playfield_ball_count_change'====== Args={'balls': 1, 'change': 1}
2024-05-07 07:06:44,603 : INFO : EventManager : Event: ======'balldevice_bd_trough_ball_count_changed'====== Args={'balls': 0}
2024-05-07 07:06:44,603 : INFO : ball_device.bd_trough : State: idle
2024-05-07 07:06:46,177 : INFO : EventManager : Event: ======'ball_save_ball_save_ball_save_disabled'====== Args={}
2024-05-07 07:06:53,318 : INFO : SwitchController : <<<<<<< 's_trough_1' active >>>>>>>
2024-05-07 07:06:53,318 : INFO : EventManager : Event: ======'machine_var_audits_switches_s_trough_1'====== Args={'value': 16, 'prev_value': 15, 'change': 1}
2024-05-07 07:06:53,418 : INFO : SwitchController : <<<<<<< 's_trough_1' inactive >>>>>>>
2024-05-07 07:06:53,634 : INFO : SwitchController : <<<<<<< 's_trough_1' active >>>>>>>
2024-05-07 07:06:53,635 : INFO : EventManager : Event: ======'machine_var_audits_switches_s_trough_1'====== Args={'value': 17, 'prev_value': 16, 'change': 1}
2024-05-07 07:06:54,136 : INFO : EventManager : Event: ======'balldevice_bd_trough_ball_count_changed'====== Args={'balls': 1}
2024-05-07 07:06:54,137 : INFO : ball_device.bd_trough : Received unexpected ball
2024-05-07 07:06:54,137 : INFO : EventManager : Event: ======'balldevice_captured_from_playfield'====== Args={'balls': 1}
2024-05-07 07:06:54,138 : INFO : EventManager : Event: ======'sw_playfield_active'====== Args={'balls': 1}
2024-05-07 07:06:54,138 : INFO : EventManager : Event: ======'playfield_ball_count_change'====== Args={'balls': 0, 'change': -1}
2024-05-07 07:06:54,139 : INFO : EventManager : Event: ======'balldevice_bd_trough_ball_enter'====== Args={'new_balls': 1, 'unclaimed_balls': 1, 'new_available_balls': 1, 'device': <ball_device.bd_trough>}
2024-05-07 07:06:54,140 : INFO : EventManager : Event: ======'ball_drain'====== Args={'device': <ball_device.bd_trough>, 'balls': 1}
2024-05-07 07:06:54,140 : INFO : EventManager : Event: ======'ball_will_end'====== Args={}
2024-05-07 07:06:54,141 : INFO : EventManager : Event: ======'balldevice_balls_available'====== Args={}
2024-05-07 07:06:54,141 : INFO : EventManager : Event: ======'balldevice_bd_trough_ball_entered'====== Args={'new_balls': 1, 'device': <ball_device.bd_trough>}
2024-05-07 07:06:54,141 : INFO : EventManager : Event: ======'mode_lane_rotate_will_stop'====== Args={}
2024-05-07 07:06:54,142 : INFO : EventManager : Event: ======'mode_lane_rotate_stopping'====== Args={}
2024-05-07 07:06:54,142 : INFO : Mode.lane_rotate : Stopped.
2024-05-07 07:06:54,142 : INFO : EventManager : Event: ======'modes_active_modes_changed'====== Args={}
2024-05-07 07:06:54,143 : INFO : EventManager : Event: ======'mode_lane_rotate_stopped'====== Args={}
2024-05-07 07:06:54,143 : INFO : EventManager : Event: ======'clear'====== Args={'key': 'lane_rotate'}
2024-05-07 07:06:54,145 : INFO : EventManager : Event: ======'ball_ending'====== Args={}
2024-05-07 07:06:54,146 : INFO : EventManager : Event: ======'mode_start_ball_save_will_stop'====== Args={}
2024-05-07 07:06:54,147 : INFO : EventManager : Event: ======'mode_start_ball_save_stopping'====== Args={}
2024-05-07 07:06:54,147 : INFO : EventManager : Event: ======'mode_mult_fleshy_qualify_will_stop'====== Args={}
2024-05-07 07:06:54,147 : INFO : EventManager : Event: ======'mode_mult_fleshy_qualify_stopping'====== Args={}
2024-05-07 07:06:54,147 : INFO : EventManager : Event: ======'mode_base_will_stop'====== Args={}
2024-05-07 07:06:54,147 : INFO : EventManager : Event: ======'mode_base_stopping'====== Args={}
2024-05-07 07:06:54,148 : INFO : Mode.base : Stopped.
2024-05-07 07:06:54,148 : INFO : EventManager : Event: ======'modes_active_modes_changed'====== Args={}
2024-05-07 07:06:54,150 : INFO : EventManager : Event: ======'mode_base_stopped'====== Args={}
2024-05-07 07:06:54,150 : INFO : EventManager : Event: ======'clear'====== Args={'key': 'base'}
2024-05-07 07:06:54,152 : INFO : Mode.mult_fleshy_qualify : Stopped.
2024-05-07 07:06:54,153 : INFO : EventManager : Event: ======'modes_active_modes_changed'====== Args={}
2024-05-07 07:06:54,154 : INFO : EventManager : Event: ======'mode_mult_fleshy_qualify_stopped'====== Args={}
2024-05-07 07:06:54,154 : INFO : EventManager : Event: ======'clear'====== Args={'key': 'mult_fleshy_qualify'}
2024-05-07 07:06:54,154 : INFO : Mode.start_ball_save : Stopped.
2024-05-07 07:06:54,154 : INFO : EventManager : Event: ======'modes_active_modes_changed'====== Args={}
2024-05-07 07:06:54,154 : INFO : EventManager : Event: ======'mode_start_ball_save_stopped'====== Args={}
2024-05-07 07:06:54,155 : INFO : EventManager : Event: ======'clear'====== Args={'key': 'start_ball_save'}
2024-05-07 07:06:54,155 : INFO : EventManager : Event: ======'ball_ended'====== Args={}
2024-05-07 07:06:54,155 : INFO : EventManager : Event: ======'player_turn_will_end'====== Args={'player': <Player 1>, 'number': 1}
2024-05-07 07:06:54,156 : INFO : EventManager : Event: ======'player_turn_ending'====== Args={'player': <Player 1>, 'number': 1}
2024-05-07 07:06:54,156 : INFO : EventManager : Event: ======'player_turn_ended'====== Args={'player': <Player 1>, 'number': 1}
2024-05-07 07:06:54,156 : INFO : EventManager : Event: ======'player_turn_will_start'====== Args={'player': <Player 1>, 'number': 1}
2024-05-07 07:06:54,157 : INFO : EventManager : Event: ======'player_turn_starting'====== Args={'player': <Player 1>, 'number': 1}
2024-05-07 07:06:54,157 : INFO : EventManager : Event: ======'player_ball'====== Args={'value': 2, 'prev_value': 1, 'change': 1, 'player_num': 1}
2024-05-07 07:06:54,157 : INFO : EventManager : Event: ======'player_turn_started'====== Args={'player': <Player 1>, 'number': 1}
2024-05-07 07:06:54,158 : INFO : EventManager : Event: ======'ball_will_start'====== Args={'player': 1, 'ball': 2, 'balls_remaining': 1, 'is_extra_ball': False}
2024-05-07 07:06:54,158 : INFO : EventManager : Event: ======'ball_starting'====== Args={'player': 1, 'ball': 2, 'balls_remaining': 1, 'is_extra_ball': False}
2024-05-07 07:06:54,158 : INFO : EventManager : Event: ======'mode_base_will_start'====== Args={'queue': <QueuedEvent>, 'player': 1, 'ball': 2, 'balls_remaining': 1, 'is_extra_ball': False}
2024-05-07 07:06:54,161 : INFO : EventManager : Event: ======'mode_base_starting'====== Args={'queue': <QueuedEvent>, 'player': 1, 'ball': 2, 'balls_remaining': 1, 'is_extra_ball': False}
2024-05-07 07:06:54,161 : INFO : EventManager : Event: ======'waiting_for_launch_press'====== Args={}
2024-05-07 07:06:54,161 : INFO : EventManager : Event: ======'mode_launch_shows_will_start'====== Args={}
2024-05-07 07:06:54,162 : INFO : EventManager : Event: ======'mode_launch_shows_starting'====== Args={}
2024-05-07 07:06:54,162 : INFO : Mode.launch_shows : Started. Priority: 200
2024-05-07 07:06:54,162 : INFO : EventManager : Event: ======'modes_active_modes_changed'====== Args={}
2024-05-07 07:06:54,162 : INFO : EventManager : Event: ======'mode_launch_shows_started'====== Args={}
2024-05-07 07:06:54,163 : INFO : Mode.base : Started. Priority: 100
2024-05-07 07:06:54,163 : INFO : EventManager : Event: ======'modes_active_modes_changed'====== Args={}
2024-05-07 07:06:54,163 : INFO : EventManager : Event: ======'mode_base_started'====== Args={'queue': <QueuedEvent>, 'player': 1, 'ball': 2, 'balls_remaining': 1, 'is_extra_ball': False}
2024-05-07 07:06:54,168 : INFO : EventManager : Event: ======'slide_launch_created'====== Args={'_from_bcp': True}
2024-05-07 07:06:54,168 : INFO : EventManager : Event: ======'slide_base_inactive'====== Args={'_from_bcp': True}
2024-05-07 07:06:54,169 : INFO : EventManager : Event: ======'slide_launch_active'====== Args={'original_context': 'launch_shows', 'original_calling_context': 'mode_launch_shows_started', 'cmd': 'slides_play', '_from_bcp': True}
2024-05-07 07:06:54,169 : INFO : EventManager : Event: ======'slide_base_removed'====== Args={'_from_bcp': True}
2024-05-07 07:06:56,084 : INFO : SwitchController : <<<<<<< 's_launch' active >>>>>>>
2024-05-07 07:06:56,084 : INFO : EventManager : Event: ======'e_launch_press'====== Args={}
2024-05-07 07:06:56,085 : INFO : EventManager : Event: ======'machine_var_audits_switches_s_launch'====== Args={'value': 52, 'prev_value': 51, 'change': 1}
2024-05-07 07:06:56,085 : INFO : EventManager : Event: ======'balls_in_play'====== Args={'balls': 1}
2024-05-07 07:06:56,085 : INFO : EventManager : Event: ======'ball_started'====== Args={'player': 1, 'ball': 2, 'balls_remaining': 1, 'is_extra_ball': False}
2024-05-07 07:06:56,088 : INFO : EventManager : Event: ======'mode_launch_shows_will_stop'====== Args={}
2024-05-07 07:06:56,089 : INFO : EventManager : Event: ======'mode_launch_shows_stopping'====== Args={}
2024-05-07 07:06:56,089 : INFO : EventManager : Event: ======'mode_lane_rotate_will_start'====== Args={'player': 1, 'ball': 2, 'balls_remaining': 1, 'is_extra_ball': False}
2024-05-07 07:06:56,091 : INFO : EventManager : Event: ======'mode_lane_rotate_starting'====== Args={'player': 1, 'ball': 2, 'balls_remaining': 1, 'is_extra_ball': False}
2024-05-07 07:06:56,091 : INFO : EventManager : Event: ======'mode_start_ball_save_will_start'====== Args={'player': 1, 'ball': 2, 'balls_remaining': 1, 'is_extra_ball': False}
2024-05-07 07:06:56,091 : INFO : EventManager : Event: ======'mode_start_ball_save_starting'====== Args={'player': 1, 'ball': 2, 'balls_remaining': 1, 'is_extra_ball': False}
2024-05-07 07:06:56,092 : INFO : EventManager : Event: ======'mode_mult_fleshy_qualify_will_start'====== Args={'player': 1, 'ball': 2, 'balls_remaining': 1, 'is_extra_ball': False}
2024-05-07 07:06:56,092 : INFO : EventManager : Event: ======'mode_mult_fleshy_qualify_starting'====== Args={'player': 1, 'ball': 2, 'balls_remaining': 1, 'is_extra_ball': False}
2024-05-07 07:06:56,093 : INFO : Mode.mult_fleshy_qualify : Started. Priority: 100
2024-05-07 07:06:56,093 : INFO : EventManager : Event: ======'modes_active_modes_changed'====== Args={}
2024-05-07 07:06:56,094 : INFO : EventManager : Event: ======'mode_mult_fleshy_qualify_started'====== Args={'player': 1, 'ball': 2, 'balls_remaining': 1, 'is_extra_ball': False}
2024-05-07 07:06:56,094 : INFO : Mode.start_ball_save : Started. Priority: 100
2024-05-07 07:06:56,094 : INFO : EventManager : Event: ======'modes_active_modes_changed'====== Args={}
2024-05-07 07:06:56,094 : INFO : EventManager : Event: ======'mode_start_ball_save_started'====== Args={'player': 1, 'ball': 2, 'balls_remaining': 1, 'is_extra_ball': False}
2024-05-07 07:06:56,096 : INFO : EventManager : Event: ======'ball_save_ball_save_ball_save_enabled'====== Args={}
2024-05-07 07:06:56,098 : INFO : Mode.lane_rotate : Started. Priority: 100
2024-05-07 07:06:56,098 : INFO : EventManager : Event: ======'modes_active_modes_changed'====== Args={}
2024-05-07 07:06:56,098 : INFO : EventManager : Event: ======'mode_lane_rotate_started'====== Args={'player': 1, 'ball': 2, 'balls_remaining': 1, 'is_extra_ball': False}
2024-05-07 07:06:56,098 : INFO : Mode.launch_shows : Stopped.
2024-05-07 07:06:56,099 : INFO : EventManager : Event: ======'modes_active_modes_changed'====== Args={}
2024-05-07 07:06:56,100 : INFO : EventManager : Event: ======'mode_launch_shows_stopped'====== Args={}
2024-05-07 07:06:56,100 : INFO : EventManager : Event: ======'clear'====== Args={'key': 'launch_shows'}
2024-05-07 07:06:56,100 : INFO : EventManager : Event: ======'single_player_ball_started'====== Args={}
2024-05-07 07:06:56,102 : INFO : EventManager : Event: ======'ball_start_target'====== Args={'target': 'playfield'}
2024-05-07 07:06:56,102 : INFO : ball_device.bd_trough : Setting up player-controlled eject. Balls: 1, Target: <playfield.playfield>, player_controlled_eject_event: None
2024-05-07 07:06:56,102 : INFO : ball_device.bd_trough : Adding 1 ball(s) to the eject_queue with target <playfield.playfield>.
2024-05-07 07:06:56,102 : INFO : EventManager : Event: ======'balldevice_balls_available'====== Args={}
2024-05-07 07:06:56,102 : INFO : EventManager : Event: ======'slide_base_created'====== Args={'_from_bcp': True}
2024-05-07 07:06:56,102 : INFO : EventManager : Event: ======'slide_launch_inactive'====== Args={'_from_bcp': True}
2024-05-07 07:06:56,103 : INFO : EventManager : Event: ======'slide_base_active'====== Args={'original_context': 'base', 'original_calling_context': 'mode_launch_shows_stopped', 'cmd': 'slides_play', '_from_bcp': True}
2024-05-07 07:06:56,103 : INFO : EventManager : Event: ======'slide_launch_removed'====== Args={'_from_bcp': True}
2024-05-07 07:06:56,103 : INFO : ball_device.bd_trough : State: waiting_for_target_ready
2024-05-07 07:06:56,104 : INFO : EventManager : Event: ======'balldevice_bd_trough_ball_eject_attempt'====== Args={'balls': 1, 'target': <playfield.playfield>, 'source': <ball_device.bd_trough>, 'mechanical_eject': False, 'num_attempts': 0}
2024-05-07 07:06:56,104 : INFO : ball_device.bd_trough : State: ejecting
2024-05-07 07:06:56,104 : INFO : ball_device.bd_trough : Ejecting ball to <playfield.playfield>
2024-05-07 07:06:56,104 : INFO : EventManager : Event: ======'balldevice_bd_trough_ejecting_ball'====== Args={'balls': 1, 'target': <playfield.playfield>, 'source': <ball_device.bd_trough>, 'mechanical_eject': False, 'num_attempts': 0}
2024-05-07 07:06:56,104 : INFO : EventManager : Event: ======'ball_save_ball_save_ball_save_timer_start'====== Args={}
2024-05-07 07:06:56,105 : INFO : ball_device.bd_trough : Wait for ball to leave device
2024-05-07 07:06:56,105 : INFO : coil.c_trough : Pulsing Driver for 14ms (1.0 pulse_power)
2024-05-07 07:06:56,200 : INFO : SwitchController : <<<<<<< 's_launch' inactive >>>>>>>
2024-05-07 07:06:57,202 : INFO : SwitchController : <<<<<<< 's_trough_1' inactive >>>>>>>
2024-05-07 07:06:57,202 : INFO : ball_device.bd_trough : State: ball_left
2024-05-07 07:06:57,203 : INFO : ball_device.bd_trough : Ball left
2024-05-07 07:06:57,203 : INFO : ball_device.bd_trough : Wait for confirm with timeout 2.0
2024-05-07 07:06:59,106 : INFO : EventManager : Event: ======'ball_save_ball_save_ball_save_hurry_up'====== Args={}
2024-05-07 07:06:59,203 : INFO : ball_device.bd_trough : State: failed_confirm
2024-05-07 07:06:59,204 : INFO : ball_device.bd_trough : Got timeout (2.0s) before confirm from <playfield.playfield>
2024-05-07 07:06:59,304 : INFO : ball_device.bd_trough : Confirming eject because target is playfield and ball did not return.
2024-05-07 07:06:59,304 : INFO : ball_device.bd_trough : Eject successful
2024-05-07 07:06:59,304 : INFO : EventManager : Event: ======'balldevice_bd_trough_ball_eject_success'====== Args={'balls': 1, 'target': <playfield.playfield>}
2024-05-07 07:06:59,305 : INFO : EventManager : Event: ======'balldevice_playfield_ball_enter'====== Args={'new_balls': 1, 'unclaimed_balls': 1, 'device': <playfield.playfield>}
2024-05-07 07:06:59,305 : INFO : EventManager : Event: ======'playfield_ball_count_change'====== Args={'balls': 1, 'change': 1}
2024-05-07 07:06:59,307 : INFO : EventManager : Event: ======'balldevice_bd_trough_ball_count_changed'====== Args={'balls': 0}
2024-05-07 07:06:59,307 : INFO : ball_device.bd_trough : State: idle
2024-05-07 07:07:01,106 : INFO : EventManager : Event: ======'ball_save_ball_save_ball_save_disabled'====== Args={}
2024-05-07 07:07:04,417 : INFO : SwitchController : <<<<<<< 's_trough_1' active >>>>>>>
2024-05-07 07:07:04,417 : INFO : EventManager : Event: ======'machine_var_audits_switches_s_trough_1'====== Args={'value': 18, 'prev_value': 17, 'change': 1}
2024-05-07 07:07:04,550 : INFO : SwitchController : <<<<<<< 's_trough_1' inactive >>>>>>>
2024-05-07 07:07:04,814 : INFO : SwitchController : <<<<<<< 's_trough_1' active >>>>>>>
2024-05-07 07:07:04,815 : INFO : EventManager : Event: ======'machine_var_audits_switches_s_trough_1'====== Args={'value': 19, 'prev_value': 18, 'change': 1}
2024-05-07 07:07:05,314 : INFO : EventManager : Event: ======'balldevice_bd_trough_ball_count_changed'====== Args={'balls': 1}
2024-05-07 07:07:05,315 : INFO : ball_device.bd_trough : Received unexpected ball
2024-05-07 07:07:05,315 : INFO : EventManager : Event: ======'balldevice_captured_from_playfield'====== Args={'balls': 1}
2024-05-07 07:07:05,316 : INFO : EventManager : Event: ======'sw_playfield_active'====== Args={'balls': 1}
2024-05-07 07:07:05,317 : INFO : EventManager : Event: ======'playfield_ball_count_change'====== Args={'balls': 0, 'change': -1}
2024-05-07 07:07:05,317 : INFO : EventManager : Event: ======'balldevice_bd_trough_ball_enter'====== Args={'new_balls': 1, 'unclaimed_balls': 1, 'new_available_balls': 1, 'device': <ball_device.bd_trough>}
2024-05-07 07:07:05,318 : INFO : EventManager : Event: ======'ball_drain'====== Args={'device': <ball_device.bd_trough>, 'balls': 1}
2024-05-07 07:07:05,320 : INFO : EventManager : Event: ======'ball_will_end'====== Args={}
2024-05-07 07:07:05,321 : INFO : EventManager : Event: ======'balldevice_balls_available'====== Args={}
2024-05-07 07:07:05,321 : INFO : EventManager : Event: ======'balldevice_bd_trough_ball_entered'====== Args={'new_balls': 1, 'device': <ball_device.bd_trough>}
2024-05-07 07:07:05,322 : INFO : EventManager : Event: ======'mode_lane_rotate_will_stop'====== Args={}
2024-05-07 07:07:05,322 : INFO : EventManager : Event: ======'mode_lane_rotate_stopping'====== Args={}
2024-05-07 07:07:05,323 : INFO : Mode.lane_rotate : Stopped.
2024-05-07 07:07:05,323 : INFO : EventManager : Event: ======'modes_active_modes_changed'====== Args={}
2024-05-07 07:07:05,324 : INFO : EventManager : Event: ======'mode_lane_rotate_stopped'====== Args={}
2024-05-07 07:07:05,324 : INFO : EventManager : Event: ======'clear'====== Args={'key': 'lane_rotate'}
2024-05-07 07:07:05,325 : INFO : EventManager : Event: ======'ball_ending'====== Args={}
2024-05-07 07:07:05,326 : INFO : EventManager : Event: ======'mode_start_ball_save_will_stop'====== Args={}
2024-05-07 07:07:05,326 : INFO : EventManager : Event: ======'mode_start_ball_save_stopping'====== Args={}
2024-05-07 07:07:05,326 : INFO : EventManager : Event: ======'mode_mult_fleshy_qualify_will_stop'====== Args={}
2024-05-07 07:07:05,327 : INFO : EventManager : Event: ======'mode_mult_fleshy_qualify_stopping'====== Args={}
2024-05-07 07:07:05,327 : INFO : EventManager : Event: ======'mode_base_will_stop'====== Args={}
2024-05-07 07:07:05,327 : INFO : EventManager : Event: ======'mode_base_stopping'====== Args={}
2024-05-07 07:07:05,327 : INFO : Mode.base : Stopped.
2024-05-07 07:07:05,327 : INFO : EventManager : Event: ======'modes_active_modes_changed'====== Args={}
2024-05-07 07:07:05,329 : INFO : EventManager : Event: ======'mode_base_stopped'====== Args={}
2024-05-07 07:07:05,329 : INFO : EventManager : Event: ======'clear'====== Args={'key': 'base'}
2024-05-07 07:07:05,331 : INFO : Mode.mult_fleshy_qualify : Stopped.
2024-05-07 07:07:05,331 : INFO : EventManager : Event: ======'modes_active_modes_changed'====== Args={}
2024-05-07 07:07:05,332 : INFO : EventManager : Event: ======'mode_mult_fleshy_qualify_stopped'====== Args={}
2024-05-07 07:07:05,332 : INFO : EventManager : Event: ======'clear'====== Args={'key': 'mult_fleshy_qualify'}
2024-05-07 07:07:05,333 : INFO : Mode.start_ball_save : Stopped.
2024-05-07 07:07:05,333 : INFO : EventManager : Event: ======'modes_active_modes_changed'====== Args={}
2024-05-07 07:07:05,333 : INFO : EventManager : Event: ======'mode_start_ball_save_stopped'====== Args={}
2024-05-07 07:07:05,333 : INFO : EventManager : Event: ======'clear'====== Args={'key': 'start_ball_save'}
2024-05-07 07:07:05,334 : INFO : EventManager : Event: ======'ball_ended'====== Args={}
2024-05-07 07:07:05,336 : INFO : EventManager : Event: ======'player_turn_will_end'====== Args={'player': <Player 1>, 'number': 1}
2024-05-07 07:07:05,336 : INFO : EventManager : Event: ======'player_turn_ending'====== Args={'player': <Player 1>, 'number': 1}
2024-05-07 07:07:05,337 : INFO : EventManager : Event: ======'player_turn_ended'====== Args={'player': <Player 1>, 'number': 1}
2024-05-07 07:07:05,337 : INFO : EventManager : Event: ======'player_turn_will_start'====== Args={'player': <Player 1>, 'number': 1}
2024-05-07 07:07:05,337 : INFO : EventManager : Event: ======'player_turn_starting'====== Args={'player': <Player 1>, 'number': 1}
2024-05-07 07:07:05,337 : INFO : EventManager : Event: ======'player_ball'====== Args={'value': 3, 'prev_value': 2, 'change': 1, 'player_num': 1}
2024-05-07 07:07:05,338 : INFO : EventManager : Event: ======'player_turn_started'====== Args={'player': <Player 1>, 'number': 1}
2024-05-07 07:07:05,338 : INFO : EventManager : Event: ======'ball_will_start'====== Args={'player': 1, 'ball': 3, 'balls_remaining': 0, 'is_extra_ball': False}
2024-05-07 07:07:05,339 : INFO : EventManager : Event: ======'ball_starting'====== Args={'player': 1, 'ball': 3, 'balls_remaining': 0, 'is_extra_ball': False}
2024-05-07 07:07:05,339 : INFO : EventManager : Event: ======'mode_base_will_start'====== Args={'queue': <QueuedEvent>, 'player': 1, 'ball': 3, 'balls_remaining': 0, 'is_extra_ball': False}
2024-05-07 07:07:05,342 : INFO : EventManager : Event: ======'mode_base_starting'====== Args={'queue': <QueuedEvent>, 'player': 1, 'ball': 3, 'balls_remaining': 0, 'is_extra_ball': False}
2024-05-07 07:07:05,342 : INFO : EventManager : Event: ======'waiting_for_launch_press'====== Args={}
2024-05-07 07:07:05,342 : INFO : EventManager : Event: ======'mode_launch_shows_will_start'====== Args={}
2024-05-07 07:07:05,342 : INFO : EventManager : Event: ======'mode_launch_shows_starting'====== Args={}
2024-05-07 07:07:05,342 : INFO : Mode.launch_shows : Started. Priority: 200
2024-05-07 07:07:05,343 : INFO : EventManager : Event: ======'modes_active_modes_changed'====== Args={}
2024-05-07 07:07:05,343 : INFO : EventManager : Event: ======'mode_launch_shows_started'====== Args={}
2024-05-07 07:07:05,343 : INFO : Mode.base : Started. Priority: 100
2024-05-07 07:07:05,343 : INFO : EventManager : Event: ======'modes_active_modes_changed'====== Args={}
2024-05-07 07:07:05,343 : INFO : EventManager : Event: ======'mode_base_started'====== Args={'queue': <QueuedEvent>, 'player': 1, 'ball': 3, 'balls_remaining': 0, 'is_extra_ball': False}
2024-05-07 07:07:05,346 : INFO : EventManager : Event: ======'slide_launch_created'====== Args={'_from_bcp': True}
2024-05-07 07:07:05,347 : INFO : EventManager : Event: ======'slide_base_inactive'====== Args={'_from_bcp': True}
2024-05-07 07:07:05,347 : INFO : EventManager : Event: ======'slide_launch_active'====== Args={'original_context': 'launch_shows', 'original_calling_context': 'mode_launch_shows_started', 'cmd': 'slides_play', '_from_bcp': True}
2024-05-07 07:07:05,347 : INFO : EventManager : Event: ======'slide_base_removed'====== Args={'_from_bcp': True}
2024-05-07 07:07:06,633 : INFO : SwitchController : <<<<<<< 's_launch' active >>>>>>>
2024-05-07 07:07:06,634 : INFO : EventManager : Event: ======'e_launch_press'====== Args={}
2024-05-07 07:07:06,634 : INFO : EventManager : Event: ======'machine_var_audits_switches_s_launch'====== Args={'value': 53, 'prev_value': 52, 'change': 1}
2024-05-07 07:07:06,639 : INFO : EventManager : Event: ======'balls_in_play'====== Args={'balls': 1}
2024-05-07 07:07:06,640 : INFO : EventManager : Event: ======'ball_started'====== Args={'player': 1, 'ball': 3, 'balls_remaining': 0, 'is_extra_ball': False}
2024-05-07 07:07:06,640 : INFO : EventManager : Event: ======'mode_launch_shows_will_stop'====== Args={}
2024-05-07 07:07:06,640 : INFO : EventManager : Event: ======'mode_launch_shows_stopping'====== Args={}
2024-05-07 07:07:06,640 : INFO : EventManager : Event: ======'mode_lane_rotate_will_start'====== Args={'player': 1, 'ball': 3, 'balls_remaining': 0, 'is_extra_ball': False}
2024-05-07 07:07:06,643 : INFO : EventManager : Event: ======'mode_lane_rotate_starting'====== Args={'player': 1, 'ball': 3, 'balls_remaining': 0, 'is_extra_ball': False}
2024-05-07 07:07:06,644 : INFO : EventManager : Event: ======'mode_start_ball_save_will_start'====== Args={'player': 1, 'ball': 3, 'balls_remaining': 0, 'is_extra_ball': False}
2024-05-07 07:07:06,645 : INFO : EventManager : Event: ======'mode_start_ball_save_starting'====== Args={'player': 1, 'ball': 3, 'balls_remaining': 0, 'is_extra_ball': False}
2024-05-07 07:07:06,646 : INFO : EventManager : Event: ======'mode_mult_fleshy_qualify_will_start'====== Args={'player': 1, 'ball': 3, 'balls_remaining': 0, 'is_extra_ball': False}
2024-05-07 07:07:06,648 : INFO : EventManager : Event: ======'mode_mult_fleshy_qualify_starting'====== Args={'player': 1, 'ball': 3, 'balls_remaining': 0, 'is_extra_ball': False}
2024-05-07 07:07:06,650 : INFO : Mode.mult_fleshy_qualify : Started. Priority: 100
2024-05-07 07:07:06,650 : INFO : EventManager : Event: ======'modes_active_modes_changed'====== Args={}
2024-05-07 07:07:06,650 : INFO : EventManager : Event: ======'mode_mult_fleshy_qualify_started'====== Args={'player': 1, 'ball': 3, 'balls_remaining': 0, 'is_extra_ball': False}
2024-05-07 07:07:06,650 : INFO : Mode.start_ball_save : Started. Priority: 100
2024-05-07 07:07:06,650 : INFO : EventManager : Event: ======'modes_active_modes_changed'====== Args={}
2024-05-07 07:07:06,651 : INFO : EventManager : Event: ======'mode_start_ball_save_started'====== Args={'player': 1, 'ball': 3, 'balls_remaining': 0, 'is_extra_ball': False}
2024-05-07 07:07:06,651 : INFO : EventManager : Event: ======'ball_save_ball_save_ball_save_enabled'====== Args={}
2024-05-07 07:07:06,651 : INFO : Mode.lane_rotate : Started. Priority: 100
2024-05-07 07:07:06,651 : INFO : EventManager : Event: ======'modes_active_modes_changed'====== Args={}
2024-05-07 07:07:06,651 : INFO : EventManager : Event: ======'mode_lane_rotate_started'====== Args={'player': 1, 'ball': 3, 'balls_remaining': 0, 'is_extra_ball': False}
2024-05-07 07:07:06,651 : INFO : Mode.launch_shows : Stopped.
2024-05-07 07:07:06,651 : INFO : EventManager : Event: ======'modes_active_modes_changed'====== Args={}
2024-05-07 07:07:06,652 : INFO : EventManager : Event: ======'mode_launch_shows_stopped'====== Args={}
2024-05-07 07:07:06,652 : INFO : EventManager : Event: ======'clear'====== Args={'key': 'launch_shows'}
2024-05-07 07:07:06,653 : INFO : EventManager : Event: ======'single_player_ball_started'====== Args={}
2024-05-07 07:07:06,653 : INFO : EventManager : Event: ======'ball_start_target'====== Args={'target': 'playfield'}
2024-05-07 07:07:06,653 : INFO : ball_device.bd_trough : Setting up player-controlled eject. Balls: 1, Target: <playfield.playfield>, player_controlled_eject_event: None
2024-05-07 07:07:06,653 : INFO : ball_device.bd_trough : Adding 1 ball(s) to the eject_queue with target <playfield.playfield>.
2024-05-07 07:07:06,654 : INFO : EventManager : Event: ======'balldevice_balls_available'====== Args={}
2024-05-07 07:07:06,654 : INFO : ball_device.bd_trough : State: waiting_for_target_ready
2024-05-07 07:07:06,654 : INFO : EventManager : Event: ======'balldevice_bd_trough_ball_eject_attempt'====== Args={'balls': 1, 'target': <playfield.playfield>, 'source': <ball_device.bd_trough>, 'mechanical_eject': False, 'num_attempts': 0}
2024-05-07 07:07:06,655 : INFO : ball_device.bd_trough : State: ejecting
2024-05-07 07:07:06,655 : INFO : ball_device.bd_trough : Ejecting ball to <playfield.playfield>
2024-05-07 07:07:06,655 : INFO : EventManager : Event: ======'balldevice_bd_trough_ejecting_ball'====== Args={'balls': 1, 'target': <playfield.playfield>, 'source': <ball_device.bd_trough>, 'mechanical_eject': False, 'num_attempts': 0}
2024-05-07 07:07:06,656 : INFO : EventManager : Event: ======'ball_save_ball_save_ball_save_timer_start'====== Args={}
2024-05-07 07:07:06,656 : INFO : ball_device.bd_trough : Wait for ball to leave device
2024-05-07 07:07:06,656 : INFO : coil.c_trough : Pulsing Driver for 14ms (1.0 pulse_power)
2024-05-07 07:07:06,664 : INFO : EventManager : Event: ======'slide_base_created'====== Args={'_from_bcp': True}
2024-05-07 07:07:06,664 : INFO : EventManager : Event: ======'slide_launch_inactive'====== Args={'_from_bcp': True}
2024-05-07 07:07:06,664 : INFO : EventManager : Event: ======'slide_base_active'====== Args={'original_context': 'base', 'original_calling_context': 'mode_launch_shows_stopped', 'cmd': 'slides_play', '_from_bcp': True}
2024-05-07 07:07:06,665 : INFO : EventManager : Event: ======'slide_launch_removed'====== Args={'_from_bcp': True}
2024-05-07 07:07:06,749 : INFO : SwitchController : <<<<<<< 's_launch' inactive >>>>>>>
2024-05-07 07:07:07,642 : INFO : SwitchController : <<<<<<< 's_trough_1' inactive >>>>>>>
2024-05-07 07:07:07,643 : INFO : ball_device.bd_trough : State: ball_left
2024-05-07 07:07:07,643 : INFO : ball_device.bd_trough : Ball left
2024-05-07 07:07:07,643 : INFO : ball_device.bd_trough : Wait for confirm with timeout 2.0
2024-05-07 07:07:09,645 : INFO : ball_device.bd_trough : State: failed_confirm
2024-05-07 07:07:09,646 : INFO : ball_device.bd_trough : Got timeout (2.0s) before confirm from <playfield.playfield>
2024-05-07 07:07:09,657 : INFO : EventManager : Event: ======'ball_save_ball_save_ball_save_hurry_up'====== Args={}
2024-05-07 07:07:09,747 : INFO : ball_device.bd_trough : Confirming eject because target is playfield and ball did not return.
2024-05-07 07:07:09,747 : INFO : ball_device.bd_trough : Eject successful
2024-05-07 07:07:09,747 : INFO : EventManager : Event: ======'balldevice_bd_trough_ball_eject_success'====== Args={'balls': 1, 'target': <playfield.playfield>}
2024-05-07 07:07:09,748 : INFO : EventManager : Event: ======'balldevice_playfield_ball_enter'====== Args={'new_balls': 1, 'unclaimed_balls': 1, 'device': <playfield.playfield>}
2024-05-07 07:07:09,748 : INFO : EventManager : Event: ======'playfield_ball_count_change'====== Args={'balls': 1, 'change': 1}
2024-05-07 07:07:09,749 : INFO : EventManager : Event: ======'balldevice_bd_trough_ball_count_changed'====== Args={'balls': 0}
2024-05-07 07:07:09,749 : INFO : ball_device.bd_trough : State: idle
2024-05-07 07:07:11,657 : INFO : EventManager : Event: ======'ball_save_ball_save_ball_save_disabled'====== Args={}
2024-05-07 07:07:12,952 : INFO : SwitchController : <<<<<<< 's_trough_1' active >>>>>>>
2024-05-07 07:07:12,952 : INFO : EventManager : Event: ======'machine_var_audits_switches_s_trough_1'====== Args={'value': 20, 'prev_value': 19, 'change': 1}
2024-05-07 07:07:13,453 : INFO : EventManager : Event: ======'balldevice_bd_trough_ball_count_changed'====== Args={'balls': 1}
2024-05-07 07:07:13,454 : INFO : ball_device.bd_trough : Received unexpected ball
2024-05-07 07:07:13,454 : INFO : EventManager : Event: ======'balldevice_captured_from_playfield'====== Args={'balls': 1}
2024-05-07 07:07:13,454 : INFO : EventManager : Event: ======'sw_playfield_active'====== Args={'balls': 1}
2024-05-07 07:07:13,455 : INFO : EventManager : Event: ======'playfield_ball_count_change'====== Args={'balls': 0, 'change': -1}
2024-05-07 07:07:13,455 : INFO : EventManager : Event: ======'balldevice_bd_trough_ball_enter'====== Args={'new_balls': 1, 'unclaimed_balls': 1, 'new_available_balls': 1, 'device': <ball_device.bd_trough>}
2024-05-07 07:07:13,456 : INFO : EventManager : Event: ======'ball_drain'====== Args={'device': <ball_device.bd_trough>, 'balls': 1}
2024-05-07 07:07:13,456 : INFO : EventManager : Event: ======'ball_will_end'====== Args={}
2024-05-07 07:07:13,457 : INFO : EventManager : Event: ======'balldevice_balls_available'====== Args={}
2024-05-07 07:07:13,457 : INFO : EventManager : Event: ======'balldevice_bd_trough_ball_entered'====== Args={'new_balls': 1, 'device': <ball_device.bd_trough>}
2024-05-07 07:07:13,457 : INFO : EventManager : Event: ======'mode_lane_rotate_will_stop'====== Args={}
2024-05-07 07:07:13,458 : INFO : EventManager : Event: ======'mode_lane_rotate_stopping'====== Args={}
2024-05-07 07:07:13,458 : INFO : Mode.lane_rotate : Stopped.
2024-05-07 07:07:13,458 : INFO : EventManager : Event: ======'modes_active_modes_changed'====== Args={}
2024-05-07 07:07:13,459 : INFO : EventManager : Event: ======'mode_lane_rotate_stopped'====== Args={}
2024-05-07 07:07:13,459 : INFO : EventManager : Event: ======'clear'====== Args={'key': 'lane_rotate'}
2024-05-07 07:07:13,460 : INFO : EventManager : Event: ======'ball_ending'====== Args={}
2024-05-07 07:07:13,461 : INFO : EventManager : Event: ======'mode_start_ball_save_will_stop'====== Args={}
2024-05-07 07:07:13,461 : INFO : EventManager : Event: ======'mode_start_ball_save_stopping'====== Args={}
2024-05-07 07:07:13,461 : INFO : EventManager : Event: ======'mode_mult_fleshy_qualify_will_stop'====== Args={}
2024-05-07 07:07:13,461 : INFO : EventManager : Event: ======'mode_mult_fleshy_qualify_stopping'====== Args={}
2024-05-07 07:07:13,462 : INFO : EventManager : Event: ======'mode_base_will_stop'====== Args={}
2024-05-07 07:07:13,462 : INFO : EventManager : Event: ======'mode_base_stopping'====== Args={}
2024-05-07 07:07:13,462 : INFO : Mode.base : Stopped.
2024-05-07 07:07:13,462 : INFO : EventManager : Event: ======'modes_active_modes_changed'====== Args={}
2024-05-07 07:07:13,464 : INFO : EventManager : Event: ======'mode_base_stopped'====== Args={}
2024-05-07 07:07:13,464 : INFO : EventManager : Event: ======'clear'====== Args={'key': 'base'}
2024-05-07 07:07:13,466 : INFO : Mode.mult_fleshy_qualify : Stopped.
2024-05-07 07:07:13,466 : INFO : EventManager : Event: ======'modes_active_modes_changed'====== Args={}
2024-05-07 07:07:13,467 : INFO : EventManager : Event: ======'mode_mult_fleshy_qualify_stopped'====== Args={}
2024-05-07 07:07:13,467 : INFO : EventManager : Event: ======'clear'====== Args={'key': 'mult_fleshy_qualify'}
2024-05-07 07:07:13,468 : INFO : Mode.start_ball_save : Stopped.
2024-05-07 07:07:13,468 : INFO : EventManager : Event: ======'modes_active_modes_changed'====== Args={}
2024-05-07 07:07:13,469 : INFO : EventManager : Event: ======'mode_start_ball_save_stopped'====== Args={}
2024-05-07 07:07:13,469 : INFO : EventManager : Event: ======'clear'====== Args={'key': 'start_ball_save'}
2024-05-07 07:07:13,469 : INFO : EventManager : Event: ======'ball_ended'====== Args={}
2024-05-07 07:07:13,470 : INFO : EventManager : Event: ======'player_turn_will_end'====== Args={'player': <Player 1>, 'number': 1}
2024-05-07 07:07:13,470 : INFO : EventManager : Event: ======'player_turn_ending'====== Args={'player': <Player 1>, 'number': 1}
2024-05-07 07:07:13,470 : INFO : EventManager : Event: ======'player_turn_ended'====== Args={'player': <Player 1>, 'number': 1}
2024-05-07 07:07:13,471 : INFO : EventManager : Event: ======'game_will_end'====== Args={}
2024-05-07 07:07:13,471 : INFO : EventManager : Event: ======'game_ending'====== Args={}
2024-05-07 07:07:13,472 : INFO : EventManager : Event: ======'game_ended'====== Args={}
2024-05-07 07:07:13,472 : INFO : EventManager : Event: ======'mode_game_will_stop'====== Args={}
2024-05-07 07:07:13,472 : INFO : EventManager : Event: ======'mode_game_stopping'====== Args={}
2024-05-07 07:07:13,472 : INFO : EventManager : Event: ======'mode_attract_will_start'====== Args={}
2024-05-07 07:07:13,473 : INFO : EventManager : Event: ======'mode_attract_starting'====== Args={}
2024-05-07 07:07:13,473 : INFO : Mode.attract : Started. Priority: 10
2024-05-07 07:07:13,473 : INFO : EventManager : Event: ======'modes_active_modes_changed'====== Args={}
2024-05-07 07:07:13,473 : INFO : EventManager : Event: ======'mode_attract_started'====== Args={}
2024-05-07 07:07:13,475 : INFO : EventManager : Event: ======'collecting_balls_complete'====== Args={}
2024-05-07 07:07:13,475 : INFO : Mode.game : Stopped.
2024-05-07 07:07:13,475 : INFO : EventManager : Event: ======'modes_active_modes_changed'====== Args={}
2024-05-07 07:07:13,475 : INFO : EventManager : Event: ======'mode_game_stopped'====== Args={}
2024-05-07 07:07:13,475 : INFO : EventManager : Event: ======'clear'====== Args={'key': 'game'}
2024-05-07 07:07:13,480 : INFO : EventManager : Event: ======'slide_attract2_created'====== Args={'_from_bcp': True}
2024-05-07 07:07:13,480 : INFO : EventManager : Event: ======'slide_base_inactive'====== Args={'_from_bcp': True}
2024-05-07 07:07:13,481 : INFO : EventManager : Event: ======'slide_attract2_active'====== Args={'original_context': 'show_148', 'cmd': 'slides_play', '_from_bcp': True}
2024-05-07 07:07:13,481 : INFO : EventManager : Event: ======'slide_base_removed'====== Args={'_from_bcp': True}
2024-05-07 07:07:14,338 : INFO : SwitchController : <<<<<<< 's_launch' active >>>>>>>
2024-05-07 07:07:14,384 : INFO : SwitchController : <<<<<<< 's_launch' inactive >>>>>>>
2024-05-07 07:07:18,239 : INFO : SwitchController : <<<<<<< 's_trough_1' inactive >>>>>>>
2024-05-07 07:07:23,742 : INFO : EventManager : Event: ======'balldevice_bd_trough_ball_count_changed'====== Args={'balls': 0}
2024-05-07 07:07:23,742 : WARNING : ball_device.bd_trough : Ball disappeared while idle. This should not normally happen.
2024-05-07 07:07:23,742 : INFO : EventManager : Event: ======'balldevice_playfield_ball_enter'====== Args={'new_balls': 1, 'unclaimed_balls': 1, 'device': <playfield.playfield>}
2024-05-07 07:07:23,743 : INFO : EventManager : Event: ======'playfield_ball_count_change'====== Args={'balls': 1, 'change': 1}
2024-05-07 07:07:23,743 : INFO : ball_device.bd_trough : 1 ball(s) missing from device. Mechanical eject? False
2024-05-07 07:07:23,743 : INFO : EventManager : Event: ======'balldevice_bd_trough_ball_missing'====== Args={'balls': 1}
2024-05-07 07:07:23,743 : INFO : EventManager : Event: ======'balldevice_ball_missing'====== Args={'balls': 1, 'name': 'bd_trough'}
2024-05-07 07:13:52,034 : INFO : Machine : Shutting down...
2024-05-07 07:13:52,035 : INFO : EventManager : Event: ======'shutdown'====== Args={}
2024-05-07 07:13:52,044 : INFO : root : MPF run loop ended.
