2024-05-06 07:11:23,593 : INFO : root : Loading config.
2024-05-06 07:11:23,594 : INFO : YamlMultifileConfigLoader : Machine config file #1: config.yaml
2024-05-06 07:11:23,594 : INFO : ConfigProcessor : Loading config from cache: /var/folders/l2/q8hj_6s91xnb2jxg1sqm0h7r0000gn/T/479bffd5d2f40b527f859677e5b1aef9.mpf_cache
2024-05-06 07:11:23,616 : INFO : ConfigProcessor : Loading config from cache: /var/folders/l2/q8hj_6s91xnb2jxg1sqm0h7r0000gn/T/0481b880979d7ccc71369ad5f781c736.mpf_cache
2024-05-06 07:11:23,617 : INFO : ConfigProcessor : Loading config from cache: /var/folders/l2/q8hj_6s91xnb2jxg1sqm0h7r0000gn/T/9cfa8e96748dd80c23752180dbf36e5c.mpf_cache
2024-05-06 07:11:23,617 : INFO : ConfigProcessor : Loading config from cache: /var/folders/l2/q8hj_6s91xnb2jxg1sqm0h7r0000gn/T/0481b880979d7ccc71369ad5f781c736.mpf_cache
2024-05-06 07:11:23,617 : WARNING : ConfigProcessor : Config file in cache changed: /Users/tannerpetch/Documents/GitHub/lofab/modes/lane_rotate/config/lane_rotate.yaml
2024-05-06 07:11:23,617 : INFO : ConfigProcessor : Loading config from file /Users/tannerpetch/Documents/GitHub/lofab/modes/lane_rotate/config/lane_rotate.yaml.
2024-05-06 07:11:23,618 : INFO : ConfigProcessor : Loading config: /Users/tannerpetch/Documents/GitHub/lofab/modes/lane_rotate/config/lane_rotate.yaml
2024-05-06 07:11:23,618 : INFO : ConfigProcessor : Config file cache created: /var/folders/l2/q8hj_6s91xnb2jxg1sqm0h7r0000gn/T/1875c266911f801b691956fe9e9284d6.mpf_cache
2024-05-06 07:11:23,618 : INFO : ConfigProcessor : Loading config from cache: /var/folders/l2/q8hj_6s91xnb2jxg1sqm0h7r0000gn/T/f97c90855879603280fcc571f5c42639.mpf_cache
2024-05-06 07:11:23,619 : INFO : ConfigProcessor : Loading config from cache: /var/folders/l2/q8hj_6s91xnb2jxg1sqm0h7r0000gn/T/5336ce152edc820b26f3a51a9f95779b.mpf_cache
2024-05-06 07:11:23,619 : INFO : ConfigProcessor : Loading config from cache: /var/folders/l2/q8hj_6s91xnb2jxg1sqm0h7r0000gn/T/3dbc438e88423aa3ff742db2713b600f.mpf_cache
2024-05-06 07:11:23,620 : INFO : ConfigProcessor : Loading config from cache: /var/folders/l2/q8hj_6s91xnb2jxg1sqm0h7r0000gn/T/154d071a3850556c6f3eae37bf41c8b6.mpf_cache
2024-05-06 07:11:23,620 : INFO : ConfigProcessor : Loading config from cache: /var/folders/l2/q8hj_6s91xnb2jxg1sqm0h7r0000gn/T/ab100dbe0e16472b56f0213f3842a00f.mpf_cache
2024-05-06 07:11:23,622 : INFO : ConfigProcessor : Loading config from cache: /var/folders/l2/q8hj_6s91xnb2jxg1sqm0h7r0000gn/T/f03ad90ccd2c053e9e5d10795d01f4ba.mpf_cache
2024-05-06 07:11:23,622 : INFO : ConfigProcessor : Loading config from cache: /var/folders/l2/q8hj_6s91xnb2jxg1sqm0h7r0000gn/T/0f3c951d4c93079ae3fac6429c5bc2ee.mpf_cache
2024-05-06 07:11:23,622 : INFO : ConfigProcessor : Loading config from cache: /var/folders/l2/q8hj_6s91xnb2jxg1sqm0h7r0000gn/T/8bf004783a280ac33d17b88f37848116.mpf_cache
2024-05-06 07:11:23,623 : INFO : ConfigProcessor : Loading config from cache: /var/folders/l2/q8hj_6s91xnb2jxg1sqm0h7r0000gn/T/db98bdefe8a072cec23a2527f4303b09.mpf_cache
2024-05-06 07:11:23,623 : INFO : ConfigProcessor : Loading config from cache: /var/folders/l2/q8hj_6s91xnb2jxg1sqm0h7r0000gn/T/d5d50eaa09e055f3a827c6269a3aa165.mpf_cache
2024-05-06 07:11:23,623 : INFO : ConfigProcessor : Loading config from cache: /var/folders/l2/q8hj_6s91xnb2jxg1sqm0h7r0000gn/T/eefb91dd78a2b4d0f2b86f7f7cb501a3.mpf_cache
2024-05-06 07:11:23,624 : INFO : ConfigProcessor : Loading config from cache: /var/folders/l2/q8hj_6s91xnb2jxg1sqm0h7r0000gn/T/d32f8b43f49e3e57afbd189fbbccae80.mpf_cache
2024-05-06 07:11:23,624 : INFO : ConfigProcessor : Loading config from cache: /var/folders/l2/q8hj_6s91xnb2jxg1sqm0h7r0000gn/T/08db62a1c5938674fa894d468364ed3e.mpf_cache
2024-05-06 07:11:23,624 : INFO : Machine : Mission Pinball Framework Core Engine v0.80.0.dev1
2024-05-06 07:11:23,624 : INFO : Machine : Command line arguments: {'no_load_cache': False, 'create_config_cache': True, 'bcp': False, 'configfile': ['config.yaml'], 'force_assets_load': False, 'platform_integration_test': False, 'jsonlogging': False, 'logfile': 'logs/2024-05-06-07-11-23-mpf-Tanners-Laptop.local.log', 'pause': False, 'production': False, 'text_ui': True, 'loglevel': 15, 'consoleloglevel': 20, 'force_platform': 'virtual', 'syslog_address': None, 'mc_file_name': None, 'no_sound': False}
2024-05-06 07:11:23,624 : INFO : Machine : MPF path: /Users/tannerpetch/Documents/git/mpf/mpf
2024-05-06 07:11:23,624 : INFO : Machine : Machine path: /Users/tannerpetch/Documents/GitHub/lofab
2024-05-06 07:11:23,624 : INFO : Machine : Platform: darwin
2024-05-06 07:11:23,624 : INFO : Machine : Python executable location: /Users/tannerpetch/mpfenv/bin/python3
2024-05-06 07:11:23,624 : INFO : Machine : Python version: 3.9.13 (64-bit)
2024-05-06 07:11:23,624 : INFO : Machine : Initializing MPF...
2024-05-06 07:11:23,645 : INFO : EventManager : Event: ======'machine_var_credits_string'====== Args={'value': 'FREE PLAY', 'prev_value': None, 'change': True}
2024-05-06 07:11:23,651 : INFO : EventManager : Event: ======'machine_var_master_volume'====== Args={'value': 0.5, 'prev_value': None, 'change': True}
2024-05-06 07:11:23,651 : INFO : EventManager : Event: ======'machine_var_player1_score'====== Args={'value': 100, 'prev_value': None, 'change': True}
2024-05-06 07:11:23,651 : INFO : EventManager : Event: ======'machine_var_player2_score'====== Args={'value': 0, 'prev_value': None, 'change': True}
2024-05-06 07:11:23,651 : INFO : EventManager : Event: ======'machine_var_mpf_version'====== Args={'value': 'Mission Pinball Framework v0.80.0.dev1', 'prev_value': None, 'change': True}
2024-05-06 07:11:23,651 : INFO : EventManager : Event: ======'machine_var_mpf_extended_version'====== Args={'value': 'Mission Pinball Framework v0.80.0.dev1, Config version:6, Show version: 6, BCP version:1.1', 'prev_value': None, 'change': True}
2024-05-06 07:11:23,651 : INFO : EventManager : Event: ======'machine_var_python_version'====== Args={'value': '3.9.13', 'prev_value': None, 'change': True}
2024-05-06 07:11:23,657 : INFO : EventManager : Event: ======'machine_var_platform'====== Args={'value': 'macOS-14.3-arm64-arm-64bit', 'prev_value': None, 'change': True}
2024-05-06 07:11:23,657 : INFO : EventManager : Event: ======'machine_var_platform_system'====== Args={'value': 'Darwin', 'prev_value': None, 'change': True}
2024-05-06 07:11:23,657 : INFO : EventManager : Event: ======'machine_var_platform_release'====== Args={'value': '23.3.0', 'prev_value': None, 'change': True}
2024-05-06 07:11:23,657 : INFO : EventManager : Event: ======'machine_var_platform_version'====== Args={'value': 'Darwin Kernel Version 23.3.0: Thu Dec 21 02:29:41 PST 2023; root:xnu-10002.81.5~11/RELEASE_ARM64_T8122', 'prev_value': None, 'change': True}
2024-05-06 07:11:23,657 : INFO : EventManager : Event: ======'machine_var_platform_machine'====== Args={'value': 'arm64', 'prev_value': None, 'change': True}
2024-05-06 07:11:23,657 : INFO : EventManager : Event: ======'init_phase_1'====== Args={}
2024-05-06 07:11:23,669 : INFO : EventManager : Event: ======'init_phase_2'====== Args={}
2024-05-06 07:11:23,671 : INFO : ball_device.bd_vuk : BCH: Initial count: 0
2024-05-06 07:11:23,671 : INFO : ball_device.bd_vuk : State: idle
2024-05-06 07:11:23,671 : INFO : ball_device.bd_trough : BCH: Initial count: 0
2024-05-06 07:11:23,671 : INFO : ball_device.bd_trough : State: idle
2024-05-06 07:11:23,675 : INFO : EventManager : Event: ======'init_phase_3'====== Args={}
2024-05-06 07:11:23,812 : INFO : EventManager : Event: ======'init_phase_4'====== Args={}
2024-05-06 07:11:23,812 : INFO : BallController : Initial balls found: 0
2024-05-06 07:11:23,813 : INFO : EventManager : Event: ======'machine_var_audits_events_game_ended'====== Args={'value': 1, 'prev_value': None, 'change': True}
2024-05-06 07:11:23,813 : INFO : EventManager : Event: ======'machine_var_audits_events_game_started'====== Args={'value': 15, 'prev_value': None, 'change': True}
2024-05-06 07:11:23,813 : INFO : EventManager : Event: ======'machine_var_audits_missing_switches_s_e'====== Args={'value': 15, 'prev_value': None, 'change': True}
2024-05-06 07:11:23,813 : INFO : EventManager : Event: ======'machine_var_audits_missing_switches_s_flipper_r'====== Args={'value': 4, 'prev_value': None, 'change': True}
2024-05-06 07:11:23,813 : INFO : EventManager : Event: ======'machine_var_audits_missing_switches_s_h'====== Args={'value': 15, 'prev_value': None, 'change': True}
2024-05-06 07:11:23,813 : INFO : EventManager : Event: ======'machine_var_audits_missing_switches_s_pop'====== Args={'value': 15, 'prev_value': None, 'change': True}
2024-05-06 07:11:23,813 : INFO : EventManager : Event: ======'machine_var_audits_missing_switches_s_ramp_complete'====== Args={'value': 15, 'prev_value': None, 'change': True}
2024-05-06 07:11:23,813 : INFO : EventManager : Event: ======'machine_var_audits_missing_switches_s_ramp_l'====== Args={'value': 15, 'prev_value': None, 'change': True}
2024-05-06 07:11:23,813 : INFO : EventManager : Event: ======'machine_var_audits_missing_switches_s_ramp_r'====== Args={'value': 15, 'prev_value': None, 'change': True}
2024-05-06 07:11:23,813 : INFO : EventManager : Event: ======'machine_var_audits_missing_switches_s_sling_l'====== Args={'value': 15, 'prev_value': None, 'change': True}
2024-05-06 07:11:23,813 : INFO : EventManager : Event: ======'machine_var_audits_missing_switches_s_sling_r'====== Args={'value': 15, 'prev_value': None, 'change': True}
2024-05-06 07:11:23,813 : INFO : EventManager : Event: ======'machine_var_audits_missing_switches_s_spinner'====== Args={'value': 15, 'prev_value': None, 'change': True}
2024-05-06 07:11:23,813 : INFO : EventManager : Event: ======'machine_var_audits_missing_switches_s_start'====== Args={'value': 2, 'prev_value': None, 'change': True}
2024-05-06 07:11:23,813 : INFO : EventManager : Event: ======'machine_var_audits_missing_switches_s_stationary_back'====== Args={'value': 15, 'prev_value': None, 'change': True}
2024-05-06 07:11:23,813 : INFO : EventManager : Event: ======'machine_var_audits_missing_switches_s_stationary_s'====== Args={'value': 1, 'prev_value': None, 'change': True}
2024-05-06 07:11:23,813 : INFO : EventManager : Event: ======'machine_var_audits_missing_switches_s_stationary_u'====== Args={'value': 1, 'prev_value': None, 'change': True}
2024-05-06 07:11:23,814 : INFO : EventManager : Event: ======'machine_var_audits_missing_switches_s_tilt_l'====== Args={'value': 15, 'prev_value': None, 'change': True}
2024-05-06 07:11:23,814 : INFO : EventManager : Event: ======'machine_var_audits_missing_switches_s_tilt_r'====== Args={'value': 15, 'prev_value': None, 'change': True}
2024-05-06 07:11:23,814 : INFO : EventManager : Event: ======'machine_var_audits_missing_switches_s_trough_1'====== Args={'value': 2, 'prev_value': None, 'change': True}
2024-05-06 07:11:23,814 : INFO : EventManager : Event: ======'machine_var_audits_missing_switches_s_trough_2'====== Args={'value': 15, 'prev_value': None, 'change': True}
2024-05-06 07:11:23,814 : INFO : EventManager : Event: ======'machine_var_audits_missing_switches_s_trough_3'====== Args={'value': 15, 'prev_value': None, 'change': True}
2024-05-06 07:11:23,814 : INFO : EventManager : Event: ======'machine_var_audits_missing_switches_s_trough_4'====== Args={'value': 13, 'prev_value': None, 'change': True}
2024-05-06 07:11:23,814 : INFO : EventManager : Event: ======'machine_var_audits_missing_switches_s_vuk'====== Args={'value': 13, 'prev_value': None, 'change': True}
2024-05-06 07:11:23,814 : INFO : EventManager : Event: ======'machine_var_audits_player_score'====== Args={'value': {'average': 0, 'top': [100, 0], 'total': 2}, 'prev_value': None, 'change': True}
2024-05-06 07:11:23,814 : INFO : EventManager : Event: ======'machine_var_audits_shots_r_o'====== Args={'value': 39, 'prev_value': None, 'change': True}
2024-05-06 07:11:23,814 : INFO : EventManager : Event: ======'machine_var_audits_shots_r_o_fleshy'====== Args={'value': 36, 'prev_value': None, 'change': True}
2024-05-06 07:11:23,814 : INFO : EventManager : Event: ======'machine_var_audits_shots_r_s'====== Args={'value': 17, 'prev_value': None, 'change': True}
2024-05-06 07:11:23,814 : INFO : EventManager : Event: ======'machine_var_audits_shots_r_s_fleshy'====== Args={'value': 17, 'prev_value': None, 'change': True}
2024-05-06 07:11:23,814 : INFO : EventManager : Event: ======'machine_var_audits_shots_r_u'====== Args={'value': 4, 'prev_value': None, 'change': True}
2024-05-06 07:11:23,814 : INFO : EventManager : Event: ======'machine_var_audits_switches_s_e'====== Args={'value': 0, 'prev_value': None, 'change': True}
2024-05-06 07:11:23,814 : INFO : EventManager : Event: ======'machine_var_audits_switches_s_flipper_l'====== Args={'value': 9, 'prev_value': None, 'change': True}
2024-05-06 07:11:23,814 : INFO : EventManager : Event: ======'machine_var_audits_switches_s_flipper_r'====== Args={'value': 1, 'prev_value': None, 'change': True}
2024-05-06 07:11:23,814 : INFO : EventManager : Event: ======'machine_var_audits_switches_s_h'====== Args={'value': 0, 'prev_value': None, 'change': True}
2024-05-06 07:11:23,814 : INFO : EventManager : Event: ======'machine_var_audits_switches_s_launch'====== Args={'value': 15, 'prev_value': None, 'change': True}
2024-05-06 07:11:23,814 : INFO : EventManager : Event: ======'machine_var_audits_switches_s_pop'====== Args={'value': 0, 'prev_value': None, 'change': True}
2024-05-06 07:11:23,815 : INFO : EventManager : Event: ======'machine_var_audits_switches_s_ramp_complete'====== Args={'value': 0, 'prev_value': None, 'change': True}
2024-05-06 07:11:23,815 : INFO : EventManager : Event: ======'machine_var_audits_switches_s_ramp_l'====== Args={'value': 0, 'prev_value': None, 'change': True}
2024-05-06 07:11:23,815 : INFO : EventManager : Event: ======'machine_var_audits_switches_s_ramp_r'====== Args={'value': 0, 'prev_value': None, 'change': True}
2024-05-06 07:11:23,815 : INFO : EventManager : Event: ======'machine_var_audits_switches_s_sling_l'====== Args={'value': 0, 'prev_value': None, 'change': True}
2024-05-06 07:11:23,815 : INFO : EventManager : Event: ======'machine_var_audits_switches_s_sling_r'====== Args={'value': 0, 'prev_value': None, 'change': True}
2024-05-06 07:11:23,815 : INFO : EventManager : Event: ======'machine_var_audits_switches_s_spinner'====== Args={'value': 0, 'prev_value': None, 'change': True}
2024-05-06 07:11:23,815 : INFO : EventManager : Event: ======'machine_var_audits_switches_s_start'====== Args={'value': 5, 'prev_value': None, 'change': True}
2024-05-06 07:11:23,815 : INFO : EventManager : Event: ======'machine_var_audits_switches_s_stationary_back'====== Args={'value': 0, 'prev_value': None, 'change': True}
2024-05-06 07:11:23,815 : INFO : EventManager : Event: ======'machine_var_audits_switches_s_stationary_o'====== Args={'value': 40, 'prev_value': None, 'change': True}
2024-05-06 07:11:23,815 : INFO : EventManager : Event: ======'machine_var_audits_switches_s_stationary_s'====== Args={'value': 17, 'prev_value': None, 'change': True}
2024-05-06 07:11:23,815 : INFO : EventManager : Event: ======'machine_var_audits_switches_s_stationary_u'====== Args={'value': 23, 'prev_value': None, 'change': True}
2024-05-06 07:11:23,815 : INFO : EventManager : Event: ======'machine_var_audits_switches_s_tilt_l'====== Args={'value': 0, 'prev_value': None, 'change': True}
2024-05-06 07:11:23,815 : INFO : EventManager : Event: ======'machine_var_audits_switches_s_tilt_r'====== Args={'value': 0, 'prev_value': None, 'change': True}
2024-05-06 07:11:23,815 : INFO : EventManager : Event: ======'machine_var_audits_switches_s_trough_1'====== Args={'value': 5, 'prev_value': None, 'change': True}
2024-05-06 07:11:23,815 : INFO : EventManager : Event: ======'machine_var_audits_switches_s_trough_2'====== Args={'value': 0, 'prev_value': None, 'change': True}
2024-05-06 07:11:23,816 : INFO : EventManager : Event: ======'machine_var_audits_switches_s_trough_3'====== Args={'value': 0, 'prev_value': None, 'change': True}
2024-05-06 07:11:23,816 : INFO : EventManager : Event: ======'machine_var_audits_switches_s_trough_4'====== Args={'value': 1, 'prev_value': None, 'change': True}
2024-05-06 07:11:23,816 : INFO : EventManager : Event: ======'machine_var_audits_switches_s_vuk'====== Args={'value': 6, 'prev_value': None, 'change': True}
2024-05-06 07:11:23,816 : INFO : EventManager : Event: ======'init_phase_5'====== Args={}
2024-05-06 07:11:23,816 : INFO : EventManager : Event: ======'init_done'====== Args={}
2024-05-06 07:11:23,817 : INFO : EventManager : Event: ======'machine_reset_phase_1'====== Args={}
2024-05-06 07:11:23,817 : INFO : EventManager : Event: ======'machine_reset_phase_2'====== Args={}
2024-05-06 07:11:23,817 : INFO : EventManager : Event: ======'machine_reset_phase_3'====== Args={}
2024-05-06 07:11:23,817 : INFO : EventManager : Event: ======'reset_complete'====== Args={}
2024-05-06 07:11:23,817 : INFO : EventManager : Event: ======'mode_attract_will_start'====== Args={}
2024-05-06 07:11:23,817 : INFO : EventManager : Event: ======'mode_attract_starting'====== Args={}
2024-05-06 07:11:23,817 : INFO : Mode.attract : Started. Priority: 10
2024-05-06 07:11:23,817 : INFO : EventManager : Event: ======'modes_active_modes_changed'====== Args={}
2024-05-06 07:11:23,817 : INFO : EventManager : Event: ======'mode_attract_started'====== Args={}
2024-05-06 07:11:23,817 : INFO : EventManager : Event: ======'collecting_balls_complete'====== Args={}
2024-05-06 07:11:23,818 : INFO : Machine : Starting the main run loop.
2024-05-06 07:11:24,230 : INFO : BcpServer : New client connected.
2024-05-06 07:11:30,317 : INFO : SwitchController : <<<<<<< 's_trough_1' active >>>>>>>
2024-05-06 07:11:30,486 : INFO : SwitchController : <<<<<<< 's_trough_1' inactive >>>>>>>
2024-05-06 07:11:30,792 : INFO : SwitchController : <<<<<<< 's_trough_1' active >>>>>>>
2024-05-06 07:11:31,293 : INFO : EventManager : Event: ======'balldevice_bd_trough_ball_count_changed'====== Args={'balls': 1}
2024-05-06 07:11:31,293 : INFO : ball_device.bd_trough : Received unexpected ball
2024-05-06 07:11:31,293 : INFO : EventManager : Event: ======'balldevice_captured_from_playfield'====== Args={'balls': 1}
2024-05-06 07:11:31,294 : INFO : EventManager : Event: ======'sw_playfield_active'====== Args={'balls': 1}
2024-05-06 07:11:31,294 : INFO : EventManager : Event: ======'playfield_active'====== Args={}
2024-05-06 07:11:31,295 : INFO : EventManager : Event: ======'unexpected_ball_on_playfield'====== Args={}
2024-05-06 07:11:31,295 : INFO : EventManager : Event: ======'playfield_ball_count_change'====== Args={'balls': -1, 'change': -1}
2024-05-06 07:11:31,295 : INFO : EventManager : Event: ======'balldevice_playfield_ball_enter'====== Args={'new_balls': 1, 'unclaimed_balls': 1, 'device': <playfield.playfield>}
2024-05-06 07:11:31,296 : INFO : EventManager : Event: ======'playfield_ball_count_change'====== Args={'balls': 0, 'change': 1}
2024-05-06 07:11:31,296 : INFO : BallController : Found a new ball which was captured from playfield. Known balls: 1
2024-05-06 07:11:31,296 : INFO : EventManager : Event: ======'found_new_ball'====== Args={}
2024-05-06 07:11:31,296 : INFO : EventManager : Event: ======'balldevice_bd_trough_ball_enter'====== Args={'new_balls': 1, 'unclaimed_balls': 1, 'new_available_balls': 1, 'device': <ball_device.bd_trough>}
2024-05-06 07:11:31,297 : INFO : EventManager : Event: ======'ball_drain'====== Args={'device': <ball_device.bd_trough>, 'balls': 1}
2024-05-06 07:11:31,297 : INFO : EventManager : Event: ======'balldevice_balls_available'====== Args={}
2024-05-06 07:11:31,297 : INFO : EventManager : Event: ======'balldevice_bd_trough_ball_entered'====== Args={'new_balls': 1, 'device': <ball_device.bd_trough>}
2024-05-06 07:11:33,742 : INFO : SwitchController : <<<<<<< 's_start' active >>>>>>>
2024-05-06 07:11:33,900 : INFO : SwitchController : <<<<<<< 's_start' inactive >>>>>>>
2024-05-06 07:11:33,900 : INFO : EventManager : Event: ======'request_to_start_game'====== Args={}
2024-05-06 07:11:33,901 : INFO : EventManager : Event: ======'game_start'====== Args={'buttons': [], 'hold_time': 0.15771766599999992}
2024-05-06 07:11:33,901 : INFO : EventManager : Event: ======'mode_game_will_start'====== Args={'buttons': [], 'hold_time': 0.15771766599999992}
2024-05-06 07:11:33,902 : INFO : EventManager : Event: ======'mode_game_starting'====== Args={'buttons': [], 'hold_time': 0.15771766599999992}
2024-05-06 07:11:33,902 : INFO : EventManager : Event: ======'mode_attract_will_stop'====== Args={}
2024-05-06 07:11:33,902 : INFO : EventManager : Event: ======'mode_attract_stopping'====== Args={}
2024-05-06 07:11:33,902 : INFO : Mode.attract : Stopped.
2024-05-06 07:11:33,902 : INFO : EventManager : Event: ======'modes_active_modes_changed'====== Args={}
2024-05-06 07:11:33,903 : INFO : EventManager : Event: ======'mode_attract_stopped'====== Args={}
2024-05-06 07:11:33,904 : INFO : EventManager : Event: ======'clear'====== Args={'key': 'attract'}
2024-05-06 07:11:33,904 : INFO : Mode.game : Started. Priority: 20
2024-05-06 07:11:33,904 : INFO : EventManager : Event: ======'modes_active_modes_changed'====== Args={}
2024-05-06 07:11:33,904 : INFO : EventManager : Event: ======'mode_game_started'====== Args={'buttons': [], 'hold_time': 0.15771766599999992}
2024-05-06 07:11:33,905 : INFO : EventManager : Event: ======'game_will_start'====== Args={}
2024-05-06 07:11:33,908 : INFO : EventManager : Event: ======'game_starting'====== Args={'game': <Mode.game>}
2024-05-06 07:11:33,909 : INFO : EventManager : Unordered handler for class <Auditor> on event game_ended with priority 1. Handlers: [RegisteredHandler(callback=<bound method Auditor.disable of <Auditor>>, priority=1, kwargs={}, key=UUID('4bbf8d57-cfd9-411e-a630-2fc879e05472'), condition=None, blocking_facility=None), RegisteredHandler(callback=<bound method Auditor._save_audits of <Auditor>>, priority=1, kwargs={}, key=UUID('06200a6f-a7f4-42cd-9655-2ebd9baadf88'), condition=None, blocking_facility=None)]. The order of those handlers is not defined and they will be executed in random order. This might lead to race conditions and potential bugs.
2024-05-06 07:11:33,909 : INFO : EventManager : Event: ======'player_add_request'====== Args={}
2024-05-06 07:11:33,909 : INFO : EventManager : Event: ======'player_will_add'====== Args={'number': 1}
2024-05-06 07:11:33,909 : INFO : EventManager : Event: ======'player_adding'====== Args={'player': <Player 1>, 'number': 1}
2024-05-06 07:11:33,910 : INFO : EventManager : Event: ======'player_added'====== Args={'player': <Player 1>, 'num': 1}
2024-05-06 07:11:33,910 : INFO : Mode.game : Player added successfully. Total players: 1
2024-05-06 07:11:33,910 : INFO : EventManager : Event: ======'player_index'====== Args={'value': 0, 'prev_value': 0, 'change': 0, 'player_num': 1}
2024-05-06 07:11:33,910 : INFO : EventManager : Event: ======'player_number'====== Args={'value': 1, 'prev_value': 1, 'change': 0, 'player_num': 1}
2024-05-06 07:11:33,910 : INFO : EventManager : Event: ======'player_score'====== Args={'value': 0, 'prev_value': 0, 'change': 0, 'player_num': 1}
2024-05-06 07:11:33,911 : INFO : EventManager : Event: ======'game_started'====== Args={}
2024-05-06 07:11:33,918 : INFO : EventManager : Event: ======'player_turn_will_start'====== Args={'player': <Player 1>, 'number': 1}
2024-05-06 07:11:33,918 : INFO : EventManager : Event: ======'player_turn_starting'====== Args={'player': <Player 1>, 'number': 1}
2024-05-06 07:11:33,918 : INFO : EventManager : Event: ======'player_ball'====== Args={'value': 1, 'prev_value': 0, 'change': 1, 'player_num': 1}
2024-05-06 07:11:33,918 : INFO : EventManager : Event: ======'player_turn_started'====== Args={'player': <Player 1>, 'number': 1}
2024-05-06 07:11:33,919 : INFO : EventManager : Event: ======'ball_will_start'====== Args={'player': 1, 'ball': 1, 'balls_remaining': 2, 'is_extra_ball': False}
2024-05-06 07:11:33,919 : INFO : EventManager : Event: ======'ball_starting'====== Args={'player': 1, 'ball': 1, 'balls_remaining': 2, 'is_extra_ball': False}
2024-05-06 07:11:33,919 : INFO : EventManager : Event: ======'mode_base_will_start'====== Args={'queue': <QueuedEvent>, 'player': 1, 'ball': 1, 'balls_remaining': 2, 'is_extra_ball': False}
2024-05-06 07:11:33,919 : INFO : EventManager : Event: ======'player_shot_r_pop_enabled'====== Args={'value': True, 'prev_value': 0, 'change': 1, 'player_num': 1}
2024-05-06 07:11:33,919 : INFO : EventManager : Event: ======'player_shot_r_sling_l_enabled'====== Args={'value': True, 'prev_value': 0, 'change': 1, 'player_num': 1}
2024-05-06 07:11:33,920 : INFO : EventManager : Event: ======'player_shot_r_sling_r_enabled'====== Args={'value': True, 'prev_value': 0, 'change': 1, 'player_num': 1}
2024-05-06 07:11:33,920 : INFO : EventManager : Event: ======'mode_base_starting'====== Args={'queue': <QueuedEvent>, 'player': 1, 'ball': 1, 'balls_remaining': 2, 'is_extra_ball': False}
2024-05-06 07:11:33,920 : INFO : EventManager : Event: ======'waiting_for_launch_press'====== Args={}
2024-05-06 07:11:33,921 : INFO : Mode.base : Started. Priority: 100
2024-05-06 07:11:33,921 : INFO : EventManager : Event: ======'modes_active_modes_changed'====== Args={}
2024-05-06 07:11:33,921 : INFO : EventManager : Event: ======'mode_base_started'====== Args={'queue': <QueuedEvent>, 'player': 1, 'ball': 1, 'balls_remaining': 2, 'is_extra_ball': False}
2024-05-06 07:11:35,635 : INFO : SwitchController : <<<<<<< 's_launch' active >>>>>>>
2024-05-06 07:11:35,635 : INFO : EventManager : Event: ======'e_launch_press'====== Args={}
2024-05-06 07:11:35,636 : INFO : EventManager : Event: ======'machine_var_audits_switches_s_launch'====== Args={'value': 16, 'prev_value': 15, 'change': 1}
2024-05-06 07:11:35,637 : INFO : EventManager : Event: ======'balls_in_play'====== Args={'balls': 1}
2024-05-06 07:11:35,637 : INFO : EventManager : Event: ======'ball_started'====== Args={'player': 1, 'ball': 1, 'balls_remaining': 2, 'is_extra_ball': False}
2024-05-06 07:11:35,643 : INFO : EventManager : Event: ======'mode_mult_fleshy_qualify_will_start'====== Args={'player': 1, 'ball': 1, 'balls_remaining': 2, 'is_extra_ball': False}
2024-05-06 07:11:35,643 : INFO : EventManager : Event: ======'player_shot_r_o_fleshy_enabled'====== Args={'value': True, 'prev_value': 0, 'change': 1, 'player_num': 1}
2024-05-06 07:11:35,644 : INFO : EventManager : Event: ======'player_shot_r_s_fleshy_enabled'====== Args={'value': True, 'prev_value': 0, 'change': 1, 'player_num': 1}
2024-05-06 07:11:35,645 : INFO : EventManager : Event: ======'mode_mult_fleshy_qualify_starting'====== Args={'player': 1, 'ball': 1, 'balls_remaining': 2, 'is_extra_ball': False}
2024-05-06 07:11:35,645 : INFO : EventManager : Event: ======'mode_lane_rotate_will_start'====== Args={'player': 1, 'ball': 1, 'balls_remaining': 2, 'is_extra_ball': False}
2024-05-06 07:11:35,645 : INFO : EventManager : Event: ======'player_shot_r_h_enabled'====== Args={'value': True, 'prev_value': 0, 'change': 1, 'player_num': 1}
2024-05-06 07:11:35,646 : INFO : EventManager : Event: ======'player_shot_r_o_enabled'====== Args={'value': True, 'prev_value': 0, 'change': 1, 'player_num': 1}
2024-05-06 07:11:35,646 : INFO : EventManager : Event: ======'player_shot_r_u_enabled'====== Args={'value': True, 'prev_value': 0, 'change': 1, 'player_num': 1}
2024-05-06 07:11:35,646 : INFO : EventManager : Event: ======'player_shot_r_s_enabled'====== Args={'value': True, 'prev_value': 0, 'change': 1, 'player_num': 1}
2024-05-06 07:11:35,647 : INFO : EventManager : Event: ======'player_shot_r_e_enabled'====== Args={'value': True, 'prev_value': 0, 'change': 1, 'player_num': 1}
2024-05-06 07:11:35,649 : INFO : EventManager : Event: ======'mode_lane_rotate_starting'====== Args={'player': 1, 'ball': 1, 'balls_remaining': 2, 'is_extra_ball': False}
2024-05-06 07:11:35,650 : INFO : Mode.lane_rotate : Started. Priority: 100
2024-05-06 07:11:35,650 : INFO : EventManager : Event: ======'modes_active_modes_changed'====== Args={}
2024-05-06 07:11:35,651 : INFO : EventManager : Event: ======'mode_lane_rotate_started'====== Args={'player': 1, 'ball': 1, 'balls_remaining': 2, 'is_extra_ball': False}
2024-05-06 07:11:35,651 : INFO : Mode.mult_fleshy_qualify : Started. Priority: 100
2024-05-06 07:11:35,651 : INFO : EventManager : Event: ======'modes_active_modes_changed'====== Args={}
2024-05-06 07:11:35,651 : INFO : EventManager : Event: ======'mode_mult_fleshy_qualify_started'====== Args={'player': 1, 'ball': 1, 'balls_remaining': 2, 'is_extra_ball': False}
2024-05-06 07:11:35,652 : INFO : EventManager : Event: ======'single_player_ball_started'====== Args={}
2024-05-06 07:11:35,658 : INFO : EventManager : Event: ======'ball_start_target'====== Args={'target': 'playfield'}
2024-05-06 07:11:35,659 : INFO : ball_device.bd_trough : Setting up player-controlled eject. Balls: 1, Target: <playfield.playfield>, player_controlled_eject_event: None
2024-05-06 07:11:35,659 : INFO : ball_device.bd_trough : Adding 1 ball(s) to the eject_queue with target <playfield.playfield>.
2024-05-06 07:11:35,659 : INFO : EventManager : Event: ======'balldevice_balls_available'====== Args={}
2024-05-06 07:11:35,659 : INFO : ball_device.bd_trough : State: waiting_for_target_ready
2024-05-06 07:11:35,660 : INFO : EventManager : Event: ======'balldevice_bd_trough_ball_eject_attempt'====== Args={'balls': 1, 'target': <playfield.playfield>, 'source': <ball_device.bd_trough>, 'mechanical_eject': False, 'num_attempts': 0}
2024-05-06 07:11:35,660 : INFO : ball_device.bd_trough : State: ejecting
2024-05-06 07:11:35,660 : INFO : ball_device.bd_trough : Ejecting ball to <playfield.playfield>
2024-05-06 07:11:35,660 : INFO : EventManager : Event: ======'balldevice_bd_trough_ejecting_ball'====== Args={'balls': 1, 'target': <playfield.playfield>, 'source': <ball_device.bd_trough>, 'mechanical_eject': False, 'num_attempts': 0}
2024-05-06 07:11:35,660 : INFO : ball_device.bd_trough : Wait for ball to leave device
2024-05-06 07:11:35,661 : INFO : coil.c_trough : Pulsing Driver for 15ms (1.0 pulse_power)
2024-05-06 07:11:35,800 : INFO : SwitchController : <<<<<<< 's_launch' inactive >>>>>>>
2024-05-06 07:11:37,658 : INFO : SwitchController : <<<<<<< 's_stationary_o' active >>>>>>>
2024-05-06 07:11:37,658 : INFO : EventManager : Event: ======'playfield_active'====== Args={}
2024-05-06 07:11:37,659 : INFO : EventManager : Event: ======'playfield_active'====== Args={}
2024-05-06 07:11:37,659 : INFO : EventManager : Event: ======'s_stationary_o_active'====== Args={}
2024-05-06 07:11:37,659 : INFO : EventManager : Event: ======'sw_playfield_active'====== Args={}
2024-05-06 07:11:37,659 : INFO : EventManager : Event: ======'machine_var_audits_switches_s_stationary_o'====== Args={'value': 41, 'prev_value': 40, 'change': 1}
2024-05-06 07:11:37,660 : INFO : EventManager : Event: ======'player_shot_r_o_fleshy'====== Args={'value': 1, 'prev_value': 0, 'change': 1, 'player_num': 1}
2024-05-06 07:11:37,665 : INFO : EventManager : Event: ======'machine_var_audits_shots_r_o_fleshy'====== Args={'value': 37, 'prev_value': 36, 'change': 1}
2024-05-06 07:11:37,666 : INFO : EventManager : Event: ======'r_o_fleshy_hit'====== Args={'profile': 'fleshy_profile', 'state': 'unlit', 'advancing': True}
2024-05-06 07:11:37,667 : INFO : EventManager : Event: ======'r_o_fleshy_fleshy_profile_hit'====== Args={'profile': 'fleshy_profile', 'state': 'unlit', 'advancing': True}
2024-05-06 07:11:37,667 : INFO : EventManager : Event: ======'r_o_fleshy_fleshy_profile_unlit_hit'====== Args={'profile': 'fleshy_profile', 'state': 'unlit', 'advancing': True}
2024-05-06 07:11:37,667 : INFO : EventManager : Event: ======'r_o_fleshy_unlit_hit'====== Args={'profile': 'fleshy_profile', 'state': 'unlit', 'advancing': True}
2024-05-06 07:11:37,667 : INFO : EventManager : Event: ======'player_shot_r_o'====== Args={'value': 1, 'prev_value': 0, 'change': 1, 'player_num': 1}
2024-05-06 07:11:37,668 : INFO : EventManager : Event: ======'machine_var_audits_shots_r_o'====== Args={'value': 40, 'prev_value': 39, 'change': 1}
2024-05-06 07:11:37,668 : INFO : EventManager : Event: ======'r_o_hit'====== Args={'profile': 'rotate_profile', 'state': None, 'advancing': True}
2024-05-06 07:11:37,668 : INFO : EventManager : Event: ======'r_o_rotate_profile_hit'====== Args={'profile': 'rotate_profile', 'state': None, 'advancing': True}
2024-05-06 07:11:37,669 : INFO : EventManager : Event: ======'r_o_rotate_profile_None_hit'====== Args={'profile': 'rotate_profile', 'state': None, 'advancing': True}
2024-05-06 07:11:37,669 : INFO : EventManager : Event: ======'r_o_None_hit'====== Args={'profile': 'rotate_profile', 'state': None, 'advancing': True}
2024-05-06 07:11:37,669 : INFO : EventManager : Event: ======'player_score'====== Args={'value': 100, 'prev_value': 0, 'change': 100, 'player_num': 1, 'source': 'lane_rotate'}
2024-05-06 07:11:37,669 : INFO : EventManager : Event: ======'rotate_group_hit'====== Args={}
2024-05-06 07:11:37,669 : INFO : EventManager : Event: ======'rotate_group_None_hit'====== Args={}
2024-05-06 07:11:37,669 : INFO : EventManager : Event: ======'playfield_active'====== Args={}
2024-05-06 07:11:37,672 : INFO : EventManager : Event: ======'balldevice_bd_trough_ball_eject_failed'====== Args={'target': <playfield.playfield>, 'balls': 1, 'retry': True, 'num_attempts': 1}
2024-05-06 07:11:37,673 : INFO : ball_device.bd_trough : State: waiting_for_target_ready
2024-05-06 07:11:37,673 : INFO : EventManager : Event: ======'balldevice_bd_trough_ball_eject_attempt'====== Args={'balls': 1, 'target': <playfield.playfield>, 'source': <ball_device.bd_trough>, 'mechanical_eject': False, 'num_attempts': 1}
2024-05-06 07:11:37,673 : INFO : ball_device.bd_trough : State: ejecting
2024-05-06 07:11:37,673 : INFO : ball_device.bd_trough : Ejecting ball to <playfield.playfield>
2024-05-06 07:11:37,673 : INFO : EventManager : Event: ======'balldevice_bd_trough_ejecting_ball'====== Args={'balls': 1, 'target': <playfield.playfield>, 'source': <ball_device.bd_trough>, 'mechanical_eject': False, 'num_attempts': 1}
2024-05-06 07:11:37,673 : INFO : ball_device.bd_trough : Wait for ball to leave device
2024-05-06 07:11:37,673 : INFO : coil.c_trough : Pulsing Driver for 15ms (1.0 pulse_power)
2024-05-06 07:11:37,784 : INFO : SwitchController : <<<<<<< 's_stationary_o' inactive >>>>>>>
2024-05-06 07:11:38,985 : INFO : SwitchController : <<<<<<< 's_flipper_l' active >>>>>>>
2024-05-06 07:11:38,986 : INFO : EventManager : Event: ======'s_flipper_l_active'====== Args={}
2024-05-06 07:11:38,986 : INFO : EventManager : Event: ======'machine_var_audits_switches_s_flipper_l'====== Args={'value': 10, 'prev_value': 9, 'change': 1}
2024-05-06 07:11:38,987 : INFO : EventManager : Event: ======'player_shot_r_h'====== Args={'value': 1, 'prev_value': 0, 'change': 1, 'player_num': 1}
2024-05-06 07:11:38,987 : INFO : EventManager : Event: ======'player_shot_r_o'====== Args={'value': 0, 'prev_value': 1, 'change': -1, 'player_num': 1}
2024-05-06 07:11:39,116 : INFO : SwitchController : <<<<<<< 's_flipper_l' inactive >>>>>>>
2024-05-06 07:11:39,675 : INFO : EventManager : Event: ======'balldevice_bd_trough_ball_eject_failed'====== Args={'target': <playfield.playfield>, 'balls': 1, 'retry': True, 'num_attempts': 2}
2024-05-06 07:11:39,677 : INFO : ball_device.bd_trough : State: waiting_for_target_ready
2024-05-06 07:11:39,677 : INFO : EventManager : Event: ======'balldevice_bd_trough_ball_eject_attempt'====== Args={'balls': 1, 'target': <playfield.playfield>, 'source': <ball_device.bd_trough>, 'mechanical_eject': False, 'num_attempts': 2}
2024-05-06 07:11:39,678 : INFO : ball_device.bd_trough : State: ejecting
2024-05-06 07:11:39,678 : INFO : ball_device.bd_trough : Ejecting ball to <playfield.playfield>
2024-05-06 07:11:39,678 : INFO : EventManager : Event: ======'balldevice_bd_trough_ejecting_ball'====== Args={'balls': 1, 'target': <playfield.playfield>, 'source': <ball_device.bd_trough>, 'mechanical_eject': False, 'num_attempts': 2}
2024-05-06 07:11:39,679 : INFO : ball_device.bd_trough : Wait for ball to leave device
2024-05-06 07:11:39,679 : INFO : coil.c_trough : Pulsing Driver for 15ms (1.0 pulse_power)
2024-05-06 07:11:40,434 : INFO : SwitchController : <<<<<<< 's_stationary_o' active >>>>>>>
2024-05-06 07:11:40,435 : INFO : EventManager : Event: ======'playfield_active'====== Args={}
2024-05-06 07:11:40,435 : INFO : EventManager : Event: ======'playfield_active'====== Args={}
2024-05-06 07:11:40,435 : INFO : EventManager : Event: ======'s_stationary_o_active'====== Args={}
2024-05-06 07:11:40,435 : INFO : EventManager : Event: ======'sw_playfield_active'====== Args={}
2024-05-06 07:11:40,436 : INFO : EventManager : Event: ======'machine_var_audits_switches_s_stationary_o'====== Args={'value': 42, 'prev_value': 41, 'change': 1}
2024-05-06 07:11:40,436 : INFO : EventManager : Event: ======'player_shot_r_o_fleshy'====== Args={'value': 2, 'prev_value': 1, 'change': 1, 'player_num': 1}
2024-05-06 07:11:40,437 : INFO : EventManager : Event: ======'machine_var_audits_shots_r_o_fleshy'====== Args={'value': 38, 'prev_value': 37, 'change': 1}
2024-05-06 07:11:40,438 : INFO : EventManager : Event: ======'r_o_fleshy_hit'====== Args={'profile': 'fleshy_profile', 'state': 'light1lit', 'advancing': True}
2024-05-06 07:11:40,438 : INFO : EventManager : Event: ======'r_o_fleshy_fleshy_profile_hit'====== Args={'profile': 'fleshy_profile', 'state': 'light1lit', 'advancing': True}
2024-05-06 07:11:40,438 : INFO : EventManager : Event: ======'r_o_fleshy_fleshy_profile_light1lit_hit'====== Args={'profile': 'fleshy_profile', 'state': 'light1lit', 'advancing': True}
2024-05-06 07:11:40,438 : INFO : EventManager : Event: ======'r_o_fleshy_light1lit_hit'====== Args={'profile': 'fleshy_profile', 'state': 'light1lit', 'advancing': True}
2024-05-06 07:11:40,438 : INFO : EventManager : Event: ======'player_shot_r_o'====== Args={'value': 1, 'prev_value': 0, 'change': 1, 'player_num': 1}
2024-05-06 07:11:40,439 : INFO : EventManager : Event: ======'machine_var_audits_shots_r_o'====== Args={'value': 41, 'prev_value': 40, 'change': 1}
2024-05-06 07:11:40,439 : INFO : EventManager : Event: ======'r_o_hit'====== Args={'profile': 'rotate_profile', 'state': None, 'advancing': True}
2024-05-06 07:11:40,439 : INFO : EventManager : Event: ======'r_o_rotate_profile_hit'====== Args={'profile': 'rotate_profile', 'state': None, 'advancing': True}
2024-05-06 07:11:40,439 : INFO : EventManager : Event: ======'r_o_rotate_profile_None_hit'====== Args={'profile': 'rotate_profile', 'state': None, 'advancing': True}
2024-05-06 07:11:40,439 : INFO : EventManager : Event: ======'r_o_None_hit'====== Args={'profile': 'rotate_profile', 'state': None, 'advancing': True}
2024-05-06 07:11:40,440 : INFO : EventManager : Event: ======'player_score'====== Args={'value': 200, 'prev_value': 100, 'change': 100, 'player_num': 1, 'source': 'lane_rotate'}
2024-05-06 07:11:40,440 : INFO : EventManager : Event: ======'rotate_group_hit'====== Args={}
2024-05-06 07:11:40,440 : INFO : EventManager : Event: ======'rotate_group_None_hit'====== Args={}
2024-05-06 07:11:40,441 : INFO : EventManager : Event: ======'playfield_active'====== Args={}
2024-05-06 07:11:40,552 : INFO : SwitchController : <<<<<<< 's_stationary_o' inactive >>>>>>>
2024-05-06 07:11:41,681 : INFO : EventManager : Event: ======'balldevice_bd_trough_ball_eject_failed'====== Args={'target': <playfield.playfield>, 'balls': 1, 'retry': True, 'num_attempts': 3}
2024-05-06 07:11:41,683 : INFO : ball_device.bd_trough : State: waiting_for_target_ready
2024-05-06 07:11:41,684 : INFO : EventManager : Event: ======'balldevice_bd_trough_ball_eject_attempt'====== Args={'balls': 1, 'target': <playfield.playfield>, 'source': <ball_device.bd_trough>, 'mechanical_eject': False, 'num_attempts': 3}
2024-05-06 07:11:41,684 : INFO : ball_device.bd_trough : State: ejecting
2024-05-06 07:11:41,684 : INFO : ball_device.bd_trough : Ejecting ball to <playfield.playfield>
2024-05-06 07:11:41,685 : INFO : EventManager : Event: ======'balldevice_bd_trough_ejecting_ball'====== Args={'balls': 1, 'target': <playfield.playfield>, 'source': <ball_device.bd_trough>, 'mechanical_eject': False, 'num_attempts': 3}
2024-05-06 07:11:41,686 : INFO : ball_device.bd_trough : Wait for ball to leave device
2024-05-06 07:11:41,686 : INFO : coil.c_trough : Pulsing Driver for 15ms (1.0 pulse_power)
2024-05-06 07:11:41,969 : INFO : SwitchController : <<<<<<< 's_flipper_l' active >>>>>>>
2024-05-06 07:11:41,969 : INFO : EventManager : Event: ======'s_flipper_l_active'====== Args={}
2024-05-06 07:11:41,970 : INFO : EventManager : Event: ======'machine_var_audits_switches_s_flipper_l'====== Args={'value': 11, 'prev_value': 10, 'change': 1}
2024-05-06 07:11:41,971 : INFO : EventManager : Event: ======'player_shot_r_o'====== Args={'value': 0, 'prev_value': 1, 'change': -1, 'player_num': 1}
2024-05-06 07:11:41,976 : INFO : EventManager : Event: ======'player_shot_r_e'====== Args={'value': 1, 'prev_value': 0, 'change': 1, 'player_num': 1}
2024-05-06 07:11:42,135 : INFO : SwitchController : <<<<<<< 's_flipper_l' inactive >>>>>>>
2024-05-06 07:11:43,436 : INFO : SwitchController : <<<<<<< 's_stationary_o' active >>>>>>>
2024-05-06 07:11:43,436 : INFO : EventManager : Event: ======'playfield_active'====== Args={}
2024-05-06 07:11:43,437 : INFO : EventManager : Event: ======'playfield_active'====== Args={}
2024-05-06 07:11:43,437 : INFO : EventManager : Event: ======'s_stationary_o_active'====== Args={}
2024-05-06 07:11:43,437 : INFO : EventManager : Event: ======'sw_playfield_active'====== Args={}
2024-05-06 07:11:43,437 : INFO : EventManager : Event: ======'machine_var_audits_switches_s_stationary_o'====== Args={'value': 43, 'prev_value': 42, 'change': 1}
2024-05-06 07:11:43,438 : INFO : EventManager : Event: ======'player_shot_r_o_fleshy'====== Args={'value': 3, 'prev_value': 2, 'change': 1, 'player_num': 1}
2024-05-06 07:11:43,443 : INFO : EventManager : Event: ======'machine_var_audits_shots_r_o_fleshy'====== Args={'value': 39, 'prev_value': 38, 'change': 1}
2024-05-06 07:11:43,443 : INFO : EventManager : Event: ======'r_o_fleshy_hit'====== Args={'profile': 'fleshy_profile', 'state': 'light2lit', 'advancing': True}
2024-05-06 07:11:43,444 : INFO : EventManager : Event: ======'r_o_fleshy_fleshy_profile_hit'====== Args={'profile': 'fleshy_profile', 'state': 'light2lit', 'advancing': True}
2024-05-06 07:11:43,444 : INFO : EventManager : Event: ======'r_o_fleshy_fleshy_profile_light2lit_hit'====== Args={'profile': 'fleshy_profile', 'state': 'light2lit', 'advancing': True}
2024-05-06 07:11:43,444 : INFO : EventManager : Event: ======'r_o_fleshy_light2lit_hit'====== Args={'profile': 'fleshy_profile', 'state': 'light2lit', 'advancing': True}
2024-05-06 07:11:43,444 : INFO : EventManager : Event: ======'player_shot_r_o'====== Args={'value': 1, 'prev_value': 0, 'change': 1, 'player_num': 1}
2024-05-06 07:11:43,445 : INFO : EventManager : Event: ======'machine_var_audits_shots_r_o'====== Args={'value': 42, 'prev_value': 41, 'change': 1}
2024-05-06 07:11:43,445 : INFO : EventManager : Event: ======'r_o_hit'====== Args={'profile': 'rotate_profile', 'state': None, 'advancing': True}
2024-05-06 07:11:43,445 : INFO : EventManager : Event: ======'r_o_rotate_profile_hit'====== Args={'profile': 'rotate_profile', 'state': None, 'advancing': True}
2024-05-06 07:11:43,445 : INFO : EventManager : Event: ======'r_o_rotate_profile_None_hit'====== Args={'profile': 'rotate_profile', 'state': None, 'advancing': True}
2024-05-06 07:11:43,445 : INFO : EventManager : Event: ======'r_o_None_hit'====== Args={'profile': 'rotate_profile', 'state': None, 'advancing': True}
2024-05-06 07:11:43,448 : INFO : EventManager : Event: ======'player_score'====== Args={'value': 300, 'prev_value': 200, 'change': 100, 'player_num': 1, 'source': 'lane_rotate'}
2024-05-06 07:11:43,448 : INFO : EventManager : Event: ======'rotate_group_hit'====== Args={}
2024-05-06 07:11:43,448 : INFO : EventManager : Event: ======'rotate_group_None_hit'====== Args={}
2024-05-06 07:11:43,449 : INFO : EventManager : Event: ======'playfield_active'====== Args={}
2024-05-06 07:11:43,565 : INFO : SwitchController : <<<<<<< 's_stationary_o' inactive >>>>>>>
2024-05-06 07:11:43,687 : INFO : EventManager : Event: ======'balldevice_bd_trough_ball_eject_failed'====== Args={'target': <playfield.playfield>, 'balls': 1, 'retry': True, 'num_attempts': 4}
2024-05-06 07:11:43,688 : INFO : ball_device.bd_trough : State: waiting_for_target_ready
2024-05-06 07:11:43,688 : INFO : EventManager : Event: ======'balldevice_bd_trough_ball_eject_attempt'====== Args={'balls': 1, 'target': <playfield.playfield>, 'source': <ball_device.bd_trough>, 'mechanical_eject': False, 'num_attempts': 4}
2024-05-06 07:11:43,689 : INFO : ball_device.bd_trough : State: ejecting
2024-05-06 07:11:43,689 : INFO : ball_device.bd_trough : Ejecting ball to <playfield.playfield>
2024-05-06 07:11:43,689 : INFO : EventManager : Event: ======'balldevice_bd_trough_ejecting_ball'====== Args={'balls': 1, 'target': <playfield.playfield>, 'source': <ball_device.bd_trough>, 'mechanical_eject': False, 'num_attempts': 4}
2024-05-06 07:11:43,689 : INFO : ball_device.bd_trough : Wait for ball to leave device
2024-05-06 07:11:43,689 : INFO : coil.c_trough : Pulsing Driver for 15ms (1.0 pulse_power)
2024-05-06 07:11:45,626 : INFO : SwitchController : <<<<<<< 's_flipper_l' active >>>>>>>
2024-05-06 07:11:45,626 : INFO : EventManager : Event: ======'s_flipper_l_active'====== Args={}
2024-05-06 07:11:45,626 : INFO : EventManager : Event: ======'machine_var_audits_switches_s_flipper_l'====== Args={'value': 12, 'prev_value': 11, 'change': 1}
2024-05-06 07:11:45,632 : INFO : EventManager : Event: ======'player_shot_r_o'====== Args={'value': 0, 'prev_value': 1, 'change': -1, 'player_num': 1}
2024-05-06 07:11:45,633 : INFO : EventManager : Event: ======'player_shot_r_s'====== Args={'value': 1, 'prev_value': 0, 'change': 1, 'player_num': 1}
2024-05-06 07:11:45,690 : INFO : EventManager : Event: ======'balldevice_bd_trough_ball_eject_failed'====== Args={'target': <playfield.playfield>, 'balls': 1, 'retry': True, 'num_attempts': 5}
2024-05-06 07:11:45,690 : INFO : ball_device.bd_trough : State: waiting_for_target_ready
2024-05-06 07:11:45,690 : INFO : EventManager : Event: ======'balldevice_bd_trough_ball_eject_attempt'====== Args={'balls': 1, 'target': <playfield.playfield>, 'source': <ball_device.bd_trough>, 'mechanical_eject': False, 'num_attempts': 5}
2024-05-06 07:11:45,690 : INFO : ball_device.bd_trough : State: ejecting
2024-05-06 07:11:45,690 : INFO : ball_device.bd_trough : Ejecting ball to <playfield.playfield>
2024-05-06 07:11:45,690 : INFO : EventManager : Event: ======'balldevice_bd_trough_ejecting_ball'====== Args={'balls': 1, 'target': <playfield.playfield>, 'source': <ball_device.bd_trough>, 'mechanical_eject': False, 'num_attempts': 5}
2024-05-06 07:11:45,691 : INFO : ball_device.bd_trough : Wait for ball to leave device
2024-05-06 07:11:45,691 : INFO : coil.c_trough : Pulsing Driver for 15ms (1.0 pulse_power)
2024-05-06 07:11:45,768 : INFO : SwitchController : <<<<<<< 's_flipper_l' inactive >>>>>>>
2024-05-06 07:11:47,535 : INFO : SwitchController : <<<<<<< 's_stationary_o' active >>>>>>>
2024-05-06 07:11:47,536 : INFO : EventManager : Event: ======'playfield_active'====== Args={}
2024-05-06 07:11:47,536 : INFO : EventManager : Event: ======'playfield_active'====== Args={}
2024-05-06 07:11:47,537 : INFO : EventManager : Event: ======'s_stationary_o_active'====== Args={}
2024-05-06 07:11:47,537 : INFO : EventManager : Event: ======'sw_playfield_active'====== Args={}
2024-05-06 07:11:47,538 : INFO : EventManager : Event: ======'machine_var_audits_switches_s_stationary_o'====== Args={'value': 44, 'prev_value': 43, 'change': 1}
2024-05-06 07:11:47,539 : INFO : EventManager : Event: ======'machine_var_audits_shots_r_o_fleshy'====== Args={'value': 40, 'prev_value': 39, 'change': 1}
2024-05-06 07:11:47,546 : INFO : EventManager : Event: ======'r_o_fleshy_hit'====== Args={'profile': 'fleshy_profile', 'state': 'light3lit', 'advancing': False}
2024-05-06 07:11:47,547 : INFO : EventManager : Event: ======'r_o_fleshy_fleshy_profile_hit'====== Args={'profile': 'fleshy_profile', 'state': 'light3lit', 'advancing': False}
2024-05-06 07:11:47,547 : INFO : EventManager : Event: ======'r_o_fleshy_fleshy_profile_light3lit_hit'====== Args={'profile': 'fleshy_profile', 'state': 'light3lit', 'advancing': False}
2024-05-06 07:11:47,547 : INFO : EventManager : Event: ======'r_o_fleshy_light3lit_hit'====== Args={'profile': 'fleshy_profile', 'state': 'light3lit', 'advancing': False}
2024-05-06 07:11:47,548 : INFO : EventManager : Event: ======'player_shot_r_o'====== Args={'value': 1, 'prev_value': 0, 'change': 1, 'player_num': 1}
2024-05-06 07:11:47,549 : INFO : EventManager : Event: ======'machine_var_audits_shots_r_o'====== Args={'value': 43, 'prev_value': 42, 'change': 1}
2024-05-06 07:11:47,549 : INFO : EventManager : Event: ======'r_o_hit'====== Args={'profile': 'rotate_profile', 'state': None, 'advancing': True}
2024-05-06 07:11:47,550 : INFO : EventManager : Event: ======'r_o_rotate_profile_hit'====== Args={'profile': 'rotate_profile', 'state': None, 'advancing': True}
2024-05-06 07:11:47,550 : INFO : EventManager : Event: ======'r_o_rotate_profile_None_hit'====== Args={'profile': 'rotate_profile', 'state': None, 'advancing': True}
2024-05-06 07:11:47,550 : INFO : EventManager : Event: ======'r_o_None_hit'====== Args={'profile': 'rotate_profile', 'state': None, 'advancing': True}
2024-05-06 07:11:47,551 : INFO : EventManager : Event: ======'player_score'====== Args={'value': 400, 'prev_value': 300, 'change': 100, 'player_num': 1, 'source': 'lane_rotate'}
2024-05-06 07:11:47,551 : INFO : EventManager : Event: ======'rotate_group_hit'====== Args={}
2024-05-06 07:11:47,551 : INFO : EventManager : Event: ======'rotate_group_None_hit'====== Args={}
2024-05-06 07:11:47,552 : INFO : EventManager : Event: ======'playfield_active'====== Args={}
2024-05-06 07:11:47,648 : INFO : SwitchController : <<<<<<< 's_stationary_o' inactive >>>>>>>
2024-05-06 07:11:47,692 : INFO : EventManager : Event: ======'balldevice_bd_trough_ball_eject_failed'====== Args={'target': <playfield.playfield>, 'balls': 1, 'retry': True, 'num_attempts': 6}
2024-05-06 07:11:47,692 : INFO : ball_device.bd_trough : State: waiting_for_target_ready
2024-05-06 07:11:47,692 : INFO : EventManager : Event: ======'balldevice_bd_trough_ball_eject_attempt'====== Args={'balls': 1, 'target': <playfield.playfield>, 'source': <ball_device.bd_trough>, 'mechanical_eject': False, 'num_attempts': 6}
2024-05-06 07:11:47,692 : INFO : ball_device.bd_trough : State: ejecting
2024-05-06 07:11:47,693 : INFO : ball_device.bd_trough : Ejecting ball to <playfield.playfield>
2024-05-06 07:11:47,693 : INFO : EventManager : Event: ======'balldevice_bd_trough_ejecting_ball'====== Args={'balls': 1, 'target': <playfield.playfield>, 'source': <ball_device.bd_trough>, 'mechanical_eject': False, 'num_attempts': 6}
2024-05-06 07:11:47,693 : INFO : ball_device.bd_trough : Wait for ball to leave device
2024-05-06 07:11:47,693 : INFO : coil.c_trough : Pulsing Driver for 15ms (1.0 pulse_power)
2024-05-06 07:11:49,695 : INFO : EventManager : Event: ======'balldevice_bd_trough_ball_eject_failed'====== Args={'target': <playfield.playfield>, 'balls': 1, 'retry': True, 'num_attempts': 7}
2024-05-06 07:11:49,698 : INFO : ball_device.bd_trough : State: waiting_for_target_ready
2024-05-06 07:11:49,698 : INFO : EventManager : Event: ======'balldevice_bd_trough_ball_eject_attempt'====== Args={'balls': 1, 'target': <playfield.playfield>, 'source': <ball_device.bd_trough>, 'mechanical_eject': False, 'num_attempts': 7}
2024-05-06 07:11:49,700 : INFO : ball_device.bd_trough : State: ejecting
2024-05-06 07:11:49,700 : INFO : ball_device.bd_trough : Ejecting ball to <playfield.playfield>
2024-05-06 07:11:49,701 : INFO : EventManager : Event: ======'balldevice_bd_trough_ejecting_ball'====== Args={'balls': 1, 'target': <playfield.playfield>, 'source': <ball_device.bd_trough>, 'mechanical_eject': False, 'num_attempts': 7}
2024-05-06 07:11:49,703 : INFO : ball_device.bd_trough : Wait for ball to leave device
2024-05-06 07:11:49,703 : INFO : coil.c_trough : Pulsing Driver for 15ms (1.0 pulse_power)
2024-05-06 07:11:51,705 : INFO : EventManager : Event: ======'balldevice_bd_trough_ball_eject_failed'====== Args={'target': <playfield.playfield>, 'balls': 1, 'retry': True, 'num_attempts': 8}
2024-05-06 07:11:51,707 : INFO : ball_device.bd_trough : State: waiting_for_target_ready
2024-05-06 07:11:51,707 : INFO : EventManager : Event: ======'balldevice_bd_trough_ball_eject_attempt'====== Args={'balls': 1, 'target': <playfield.playfield>, 'source': <ball_device.bd_trough>, 'mechanical_eject': False, 'num_attempts': 8}
2024-05-06 07:11:51,708 : INFO : ball_device.bd_trough : State: ejecting
2024-05-06 07:11:51,708 : INFO : ball_device.bd_trough : Ejecting ball to <playfield.playfield>
2024-05-06 07:11:51,708 : INFO : EventManager : Event: ======'balldevice_bd_trough_ejecting_ball'====== Args={'balls': 1, 'target': <playfield.playfield>, 'source': <ball_device.bd_trough>, 'mechanical_eject': False, 'num_attempts': 8}
2024-05-06 07:11:51,709 : INFO : ball_device.bd_trough : Wait for ball to leave device
2024-05-06 07:11:51,709 : INFO : coil.c_trough : Pulsing Driver for 15ms (1.0 pulse_power)
2024-05-06 07:11:52,102 : INFO : SwitchController : <<<<<<< 's_flipper_l' active >>>>>>>
2024-05-06 07:11:52,102 : INFO : EventManager : Event: ======'s_flipper_l_active'====== Args={}
2024-05-06 07:11:52,103 : INFO : EventManager : Event: ======'machine_var_audits_switches_s_flipper_l'====== Args={'value': 13, 'prev_value': 12, 'change': 1}
2024-05-06 07:11:52,109 : INFO : EventManager : Event: ======'player_shot_r_o'====== Args={'value': 0, 'prev_value': 1, 'change': -1, 'player_num': 1}
2024-05-06 07:11:52,110 : INFO : EventManager : Event: ======'player_shot_r_u'====== Args={'value': 1, 'prev_value': 0, 'change': 1, 'player_num': 1}
2024-05-06 07:11:52,249 : INFO : SwitchController : <<<<<<< 's_flipper_l' inactive >>>>>>>
2024-05-06 07:11:53,710 : INFO : EventManager : Event: ======'balldevice_bd_trough_ball_eject_failed'====== Args={'target': <playfield.playfield>, 'balls': 1, 'retry': True, 'num_attempts': 9}
2024-05-06 07:11:53,712 : INFO : ball_device.bd_trough : State: waiting_for_target_ready
2024-05-06 07:11:53,713 : INFO : EventManager : Event: ======'balldevice_bd_trough_ball_eject_attempt'====== Args={'balls': 1, 'target': <playfield.playfield>, 'source': <ball_device.bd_trough>, 'mechanical_eject': False, 'num_attempts': 9}
2024-05-06 07:11:53,713 : INFO : ball_device.bd_trough : State: ejecting
2024-05-06 07:11:53,713 : INFO : ball_device.bd_trough : Ejecting ball to <playfield.playfield>
2024-05-06 07:11:53,713 : INFO : EventManager : Event: ======'balldevice_bd_trough_ejecting_ball'====== Args={'balls': 1, 'target': <playfield.playfield>, 'source': <ball_device.bd_trough>, 'mechanical_eject': False, 'num_attempts': 9}
2024-05-06 07:11:53,715 : INFO : ball_device.bd_trough : Wait for ball to leave device
2024-05-06 07:11:53,716 : INFO : coil.c_trough : Pulsing Driver for 15ms (1.0 pulse_power)
2024-05-06 07:11:54,051 : INFO : SwitchController : <<<<<<< 's_stationary_o' active >>>>>>>
2024-05-06 07:11:54,052 : INFO : EventManager : Event: ======'playfield_active'====== Args={}
2024-05-06 07:11:54,052 : INFO : EventManager : Event: ======'playfield_active'====== Args={}
2024-05-06 07:11:54,052 : INFO : EventManager : Event: ======'s_stationary_o_active'====== Args={}
2024-05-06 07:11:54,052 : INFO : EventManager : Event: ======'sw_playfield_active'====== Args={}
2024-05-06 07:11:54,052 : INFO : EventManager : Event: ======'machine_var_audits_switches_s_stationary_o'====== Args={'value': 45, 'prev_value': 44, 'change': 1}
2024-05-06 07:11:54,053 : INFO : EventManager : Event: ======'machine_var_audits_shots_r_o_fleshy'====== Args={'value': 41, 'prev_value': 40, 'change': 1}
2024-05-06 07:11:54,057 : INFO : EventManager : Event: ======'r_o_fleshy_hit'====== Args={'profile': 'fleshy_profile', 'state': 'light3lit', 'advancing': False}
2024-05-06 07:11:54,058 : INFO : EventManager : Event: ======'r_o_fleshy_fleshy_profile_hit'====== Args={'profile': 'fleshy_profile', 'state': 'light3lit', 'advancing': False}
2024-05-06 07:11:54,058 : INFO : EventManager : Event: ======'r_o_fleshy_fleshy_profile_light3lit_hit'====== Args={'profile': 'fleshy_profile', 'state': 'light3lit', 'advancing': False}
2024-05-06 07:11:54,058 : INFO : EventManager : Event: ======'r_o_fleshy_light3lit_hit'====== Args={'profile': 'fleshy_profile', 'state': 'light3lit', 'advancing': False}
2024-05-06 07:11:54,058 : INFO : EventManager : Event: ======'player_shot_r_o'====== Args={'value': 1, 'prev_value': 0, 'change': 1, 'player_num': 1}
2024-05-06 07:11:54,059 : INFO : EventManager : Event: ======'machine_var_audits_shots_r_o'====== Args={'value': 44, 'prev_value': 43, 'change': 1}
2024-05-06 07:11:54,059 : INFO : EventManager : Event: ======'r_o_hit'====== Args={'profile': 'rotate_profile', 'state': None, 'advancing': True}
2024-05-06 07:11:54,059 : INFO : EventManager : Event: ======'r_o_rotate_profile_hit'====== Args={'profile': 'rotate_profile', 'state': None, 'advancing': True}
2024-05-06 07:11:54,059 : INFO : EventManager : Event: ======'r_o_rotate_profile_None_hit'====== Args={'profile': 'rotate_profile', 'state': None, 'advancing': True}
2024-05-06 07:11:54,060 : INFO : EventManager : Event: ======'r_o_None_hit'====== Args={'profile': 'rotate_profile', 'state': None, 'advancing': True}
2024-05-06 07:11:54,060 : INFO : EventManager : Event: ======'rotate_group_complete'====== Args={'state': 'hit'}
2024-05-06 07:11:54,060 : INFO : EventManager : Event: ======'rotate_group_hit_complete'====== Args={}
2024-05-06 07:11:54,062 : INFO : EventManager : Event: ======'player_shot_r_h'====== Args={'value': 0, 'prev_value': 1, 'change': -1, 'player_num': 1}
2024-05-06 07:11:54,062 : INFO : EventManager : Event: ======'player_shot_r_o'====== Args={'value': 0, 'prev_value': 1, 'change': -1, 'player_num': 1}
2024-05-06 07:11:54,063 : INFO : EventManager : Event: ======'player_shot_r_u'====== Args={'value': 0, 'prev_value': 1, 'change': -1, 'player_num': 1}
2024-05-06 07:11:54,063 : INFO : EventManager : Event: ======'player_shot_r_s'====== Args={'value': 0, 'prev_value': 1, 'change': -1, 'player_num': 1}
2024-05-06 07:11:54,064 : INFO : EventManager : Event: ======'player_shot_r_e'====== Args={'value': 0, 'prev_value': 1, 'change': -1, 'player_num': 1}
2024-05-06 07:11:54,064 : INFO : EventManager : Event: ======'player_score'====== Args={'value': 1400, 'prev_value': 400, 'change': 1000, 'player_num': 1, 'source': 'lane_rotate'}
2024-05-06 07:11:54,069 : INFO : EventManager : Event: ======'player_score'====== Args={'value': 1500, 'prev_value': 1400, 'change': 100, 'player_num': 1, 'source': 'lane_rotate'}
2024-05-06 07:11:54,069 : INFO : EventManager : Event: ======'rotate_group_hit'====== Args={}
2024-05-06 07:11:54,069 : INFO : EventManager : Event: ======'rotate_group_None_hit'====== Args={}
2024-05-06 07:11:54,070 : INFO : EventManager : Event: ======'playfield_active'====== Args={}
2024-05-06 07:11:54,165 : INFO : SwitchController : <<<<<<< 's_stationary_o' inactive >>>>>>>
2024-05-06 07:11:55,718 : INFO : EventManager : Event: ======'balldevice_bd_trough_ball_eject_failed'====== Args={'target': <playfield.playfield>, 'balls': 1, 'retry': True, 'num_attempts': 10}
2024-05-06 07:11:55,719 : INFO : ball_device.bd_trough : State: waiting_for_target_ready
2024-05-06 07:11:55,720 : INFO : EventManager : Event: ======'balldevice_bd_trough_ball_eject_attempt'====== Args={'balls': 1, 'target': <playfield.playfield>, 'source': <ball_device.bd_trough>, 'mechanical_eject': False, 'num_attempts': 10}
2024-05-06 07:11:55,720 : INFO : ball_device.bd_trough : State: ejecting
2024-05-06 07:11:55,721 : INFO : ball_device.bd_trough : Ejecting ball to <playfield.playfield>
2024-05-06 07:11:55,721 : INFO : EventManager : Event: ======'balldevice_bd_trough_ejecting_ball'====== Args={'balls': 1, 'target': <playfield.playfield>, 'source': <ball_device.bd_trough>, 'mechanical_eject': False, 'num_attempts': 10}
2024-05-06 07:11:55,721 : INFO : ball_device.bd_trough : Wait for ball to leave device
2024-05-06 07:11:55,721 : INFO : coil.c_trough : Pulsing Driver for 15ms (1.0 pulse_power)
2024-05-06 07:11:57,723 : INFO : EventManager : Event: ======'balldevice_bd_trough_ball_eject_failed'====== Args={'target': <playfield.playfield>, 'balls': 1, 'retry': True, 'num_attempts': 11}
2024-05-06 07:11:57,726 : INFO : ball_device.bd_trough : State: waiting_for_target_ready
2024-05-06 07:11:57,726 : INFO : EventManager : Event: ======'balldevice_bd_trough_ball_eject_attempt'====== Args={'balls': 1, 'target': <playfield.playfield>, 'source': <ball_device.bd_trough>, 'mechanical_eject': False, 'num_attempts': 11}
2024-05-06 07:11:57,727 : INFO : ball_device.bd_trough : State: ejecting
2024-05-06 07:11:57,727 : INFO : ball_device.bd_trough : Ejecting ball to <playfield.playfield>
2024-05-06 07:11:57,727 : INFO : EventManager : Event: ======'balldevice_bd_trough_ejecting_ball'====== Args={'balls': 1, 'target': <playfield.playfield>, 'source': <ball_device.bd_trough>, 'mechanical_eject': False, 'num_attempts': 11}
2024-05-06 07:11:57,728 : INFO : ball_device.bd_trough : Wait for ball to leave device
2024-05-06 07:11:57,728 : INFO : coil.c_trough : Pulsing Driver for 15ms (1.0 pulse_power)
2024-05-06 07:11:59,729 : INFO : EventManager : Event: ======'balldevice_bd_trough_ball_eject_failed'====== Args={'target': <playfield.playfield>, 'balls': 1, 'retry': True, 'num_attempts': 12}
2024-05-06 07:11:59,731 : INFO : ball_device.bd_trough : State: waiting_for_target_ready
2024-05-06 07:11:59,732 : INFO : EventManager : Event: ======'balldevice_bd_trough_ball_eject_attempt'====== Args={'balls': 1, 'target': <playfield.playfield>, 'source': <ball_device.bd_trough>, 'mechanical_eject': False, 'num_attempts': 12}
2024-05-06 07:11:59,733 : INFO : ball_device.bd_trough : State: ejecting
2024-05-06 07:11:59,734 : INFO : ball_device.bd_trough : Ejecting ball to <playfield.playfield>
2024-05-06 07:11:59,734 : INFO : EventManager : Event: ======'balldevice_bd_trough_ejecting_ball'====== Args={'balls': 1, 'target': <playfield.playfield>, 'source': <ball_device.bd_trough>, 'mechanical_eject': False, 'num_attempts': 12}
2024-05-06 07:11:59,735 : INFO : ball_device.bd_trough : Wait for ball to leave device
2024-05-06 07:11:59,736 : INFO : coil.c_trough : Pulsing Driver for 15ms (1.0 pulse_power)
2024-05-06 07:12:01,737 : INFO : EventManager : Event: ======'balldevice_bd_trough_ball_eject_failed'====== Args={'target': <playfield.playfield>, 'balls': 1, 'retry': True, 'num_attempts': 13}
2024-05-06 07:12:01,738 : INFO : ball_device.bd_trough : State: waiting_for_target_ready
2024-05-06 07:12:01,738 : INFO : EventManager : Event: ======'balldevice_bd_trough_ball_eject_attempt'====== Args={'balls': 1, 'target': <playfield.playfield>, 'source': <ball_device.bd_trough>, 'mechanical_eject': False, 'num_attempts': 13}
2024-05-06 07:12:01,738 : INFO : ball_device.bd_trough : State: ejecting
2024-05-06 07:12:01,739 : INFO : ball_device.bd_trough : Ejecting ball to <playfield.playfield>
2024-05-06 07:12:01,739 : INFO : EventManager : Event: ======'balldevice_bd_trough_ejecting_ball'====== Args={'balls': 1, 'target': <playfield.playfield>, 'source': <ball_device.bd_trough>, 'mechanical_eject': False, 'num_attempts': 13}
2024-05-06 07:12:01,739 : INFO : ball_device.bd_trough : Wait for ball to leave device
2024-05-06 07:12:01,739 : INFO : coil.c_trough : Pulsing Driver for 15ms (1.0 pulse_power)
2024-05-06 07:12:03,741 : INFO : EventManager : Event: ======'balldevice_bd_trough_ball_eject_failed'====== Args={'target': <playfield.playfield>, 'balls': 1, 'retry': True, 'num_attempts': 14}
2024-05-06 07:12:03,743 : INFO : ball_device.bd_trough : State: waiting_for_target_ready
2024-05-06 07:12:03,743 : INFO : EventManager : Event: ======'balldevice_bd_trough_ball_eject_attempt'====== Args={'balls': 1, 'target': <playfield.playfield>, 'source': <ball_device.bd_trough>, 'mechanical_eject': False, 'num_attempts': 14}
2024-05-06 07:12:03,744 : INFO : ball_device.bd_trough : State: ejecting
2024-05-06 07:12:03,744 : INFO : ball_device.bd_trough : Ejecting ball to <playfield.playfield>
2024-05-06 07:12:03,744 : INFO : EventManager : Event: ======'balldevice_bd_trough_ejecting_ball'====== Args={'balls': 1, 'target': <playfield.playfield>, 'source': <ball_device.bd_trough>, 'mechanical_eject': False, 'num_attempts': 14}
2024-05-06 07:12:03,745 : INFO : ball_device.bd_trough : Wait for ball to leave device
2024-05-06 07:12:03,745 : INFO : coil.c_trough : Pulsing Driver for 15ms (1.0 pulse_power)
2024-05-06 07:12:05,746 : INFO : EventManager : Event: ======'balldevice_bd_trough_ball_eject_failed'====== Args={'target': <playfield.playfield>, 'balls': 1, 'retry': True, 'num_attempts': 15}
2024-05-06 07:12:05,749 : INFO : ball_device.bd_trough : State: waiting_for_target_ready
2024-05-06 07:12:05,750 : INFO : EventManager : Event: ======'balldevice_bd_trough_ball_eject_attempt'====== Args={'balls': 1, 'target': <playfield.playfield>, 'source': <ball_device.bd_trough>, 'mechanical_eject': False, 'num_attempts': 15}
2024-05-06 07:12:05,751 : INFO : ball_device.bd_trough : State: ejecting
2024-05-06 07:12:05,752 : INFO : ball_device.bd_trough : Ejecting ball to <playfield.playfield>
2024-05-06 07:12:05,752 : INFO : EventManager : Event: ======'balldevice_bd_trough_ejecting_ball'====== Args={'balls': 1, 'target': <playfield.playfield>, 'source': <ball_device.bd_trough>, 'mechanical_eject': False, 'num_attempts': 15}
2024-05-06 07:12:05,753 : INFO : ball_device.bd_trough : Wait for ball to leave device
2024-05-06 07:12:05,753 : INFO : coil.c_trough : Pulsing Driver for 15ms (1.0 pulse_power)
2024-05-06 07:12:07,755 : INFO : EventManager : Event: ======'balldevice_bd_trough_ball_eject_failed'====== Args={'target': <playfield.playfield>, 'balls': 1, 'retry': True, 'num_attempts': 16}
2024-05-06 07:12:07,758 : INFO : ball_device.bd_trough : State: waiting_for_target_ready
2024-05-06 07:12:07,758 : INFO : EventManager : Event: ======'balldevice_bd_trough_ball_eject_attempt'====== Args={'balls': 1, 'target': <playfield.playfield>, 'source': <ball_device.bd_trough>, 'mechanical_eject': False, 'num_attempts': 16}
2024-05-06 07:12:07,759 : INFO : ball_device.bd_trough : State: ejecting
2024-05-06 07:12:07,759 : INFO : ball_device.bd_trough : Ejecting ball to <playfield.playfield>
2024-05-06 07:12:07,759 : INFO : EventManager : Event: ======'balldevice_bd_trough_ejecting_ball'====== Args={'balls': 1, 'target': <playfield.playfield>, 'source': <ball_device.bd_trough>, 'mechanical_eject': False, 'num_attempts': 16}
2024-05-06 07:12:07,760 : INFO : ball_device.bd_trough : Wait for ball to leave device
2024-05-06 07:12:07,761 : INFO : coil.c_trough : Pulsing Driver for 15ms (1.0 pulse_power)
2024-05-06 07:12:09,587 : INFO : Machine : Shutting down...
2024-05-06 07:12:09,587 : INFO : EventManager : Event: ======'shutdown'====== Args={}
2024-05-06 07:12:09,592 : INFO : EventManager : Event: ======'mode_game_will_stop'====== Args={}
2024-05-06 07:12:09,592 : INFO : EventManager : Event: ======'mode_game_stopping'====== Args={}
2024-05-06 07:12:09,592 : INFO : EventManager : Event: ======'mode_mult_fleshy_qualify_will_stop'====== Args={}
2024-05-06 07:12:09,592 : INFO : EventManager : Event: ======'mode_mult_fleshy_qualify_stopping'====== Args={}
2024-05-06 07:12:09,593 : INFO : EventManager : Event: ======'mode_base_will_stop'====== Args={}
2024-05-06 07:12:09,593 : INFO : EventManager : Event: ======'mode_base_stopping'====== Args={}
2024-05-06 07:12:09,593 : INFO : EventManager : Event: ======'mode_lane_rotate_will_stop'====== Args={}
2024-05-06 07:12:09,593 : INFO : EventManager : Event: ======'mode_lane_rotate_stopping'====== Args={}
2024-05-06 07:12:09,594 : INFO : Mode.lane_rotate : Stopped.
2024-05-06 07:12:09,594 : INFO : EventManager : Event: ======'modes_active_modes_changed'====== Args={}
2024-05-06 07:12:09,594 : INFO : EventManager : Event: ======'mode_lane_rotate_stopped'====== Args={}
2024-05-06 07:12:09,594 : INFO : EventManager : Event: ======'clear'====== Args={'key': 'lane_rotate'}
2024-05-06 07:12:09,595 : INFO : Mode.base : Stopped.
2024-05-06 07:12:09,595 : INFO : EventManager : Event: ======'modes_active_modes_changed'====== Args={}
2024-05-06 07:12:09,596 : INFO : EventManager : Event: ======'mode_base_stopped'====== Args={}
2024-05-06 07:12:09,596 : INFO : EventManager : Event: ======'clear'====== Args={'key': 'base'}
2024-05-06 07:12:09,596 : INFO : Mode.mult_fleshy_qualify : Stopped.
2024-05-06 07:12:09,596 : INFO : EventManager : Event: ======'modes_active_modes_changed'====== Args={}
2024-05-06 07:12:09,596 : INFO : EventManager : Event: ======'mode_mult_fleshy_qualify_stopped'====== Args={}
2024-05-06 07:12:09,596 : INFO : EventManager : Event: ======'clear'====== Args={'key': 'mult_fleshy_qualify'}
2024-05-06 07:12:09,597 : INFO : Mode.game : Stopped.
2024-05-06 07:12:09,597 : INFO : EventManager : Event: ======'modes_active_modes_changed'====== Args={}
2024-05-06 07:12:09,597 : INFO : EventManager : Event: ======'mode_game_stopped'====== Args={}
2024-05-06 07:12:09,597 : INFO : EventManager : Event: ======'clear'====== Args={'key': 'game'}
2024-05-06 07:12:09,599 : INFO : root : MPF run loop ended.
