2024-02-01 13:53:38,003 : INFO : root : Loading config.
2024-02-01 13:53:38,006 : INFO : YamlMultifileConfigLoader : Machine config file #1: config.yaml
2024-02-01 13:53:38,007 : WARNING : ConfigProcessor : Config file in cache changed: C:\lofab\config\config.yaml
2024-02-01 13:53:38,007 : INFO : ConfigProcessor : Loading config from file C:\Users\Tanner\AppData\Local\Packages\PythonSoftwareFoundation.Python.3.11_qbz5n2kfra8p0\LocalCache\local-packages\Python311\site-packages\mpf\mpfconfig.yaml.
2024-02-01 13:53:38,018 : INFO : ConfigProcessor : Loading config: C:\Users\Tanner\AppData\Local\Packages\PythonSoftwareFoundation.Python.3.11_qbz5n2kfra8p0\LocalCache\local-packages\Python311\site-packages\mpf\mpfconfig.yaml
2024-02-01 13:53:38,019 : INFO : ConfigProcessor : Loading config from file C:\lofab\config\config.yaml.
2024-02-01 13:53:38,021 : INFO : ConfigProcessor : Loading config: C:\lofab\config\config.yaml
2024-02-01 13:53:38,023 : INFO : ConfigProcessor : Config file cache created: C:\Users\Tanner\AppData\Local\Temp\35bf7834a2cb30277765407e9f9dad35.mpf_cache
2024-02-01 13:53:38,092 : INFO : ConfigProcessor : Loading config from cache: C:\Users\Tanner\AppData\Local\Temp\165ae565642a148ddd3c4976ade4dd88.mpf_cache
2024-02-01 13:53:38,093 : INFO : ConfigProcessor : Loading config from cache: C:\Users\Tanner\AppData\Local\Temp\dfbe1b39ae456f06de73c859384050b2.mpf_cache
2024-02-01 13:53:38,094 : INFO : Machine : Mission Pinball Framework Core Engine v0.57.0.dev33
2024-02-01 13:53:38,094 : INFO : Machine : Command line arguments: {'no_load_cache': False, 'create_config_cache': True, 'bcp': False, 'configfile': ['config.yaml'], 'force_assets_load': False, 'jsonlogging': False, 'logfile': 'logs\\2024-02-01-13-53-38-mpf-DESKTOP-7HNFDQ5.log', 'pause': False, 'production': False, 'text_ui': True, 'loglevel': 15, 'consoleloglevel': 20, 'force_platform': None, 'syslog_address': None, 'mc_file_name': None, 'no_sound': False}
2024-02-01 13:53:38,094 : INFO : Machine : MPF path: C:\Users\Tanner\AppData\Local\Packages\PythonSoftwareFoundation.Python.3.11_qbz5n2kfra8p0\LocalCache\local-packages\Python311\site-packages\mpf
2024-02-01 13:53:38,094 : INFO : Machine : Machine path: C:\lofab
2024-02-01 13:53:38,094 : INFO : Machine : Platform: win32
2024-02-01 13:53:38,094 : INFO : Machine : Python executable location: C:\Users\Tanner\AppData\Local\Microsoft\WindowsApps\PythonSoftwareFoundation.Python.3.11_qbz5n2kfra8p0\python.exe
2024-02-01 13:53:38,094 : INFO : Machine : Python version: 3.11.7 (64-bit)
2024-02-01 13:53:38,097 : INFO : Machine : Initializing MPF...
2024-02-01 13:53:38,313 : INFO : [NET] : Trying to connect to com9 at 921600bps
2024-02-01 13:53:38,391 : INFO : [NET] : Connected to com9 at 921600bps
2024-02-01 13:53:38,407 : INFO : [NET] : Connected to FP-CPU-2000 with firmware v02.13
2024-02-01 13:53:38,438 : INFO : [NET] : Registered I/O Board 0: Model: FP-I/O-0804, Firmware: 01.10, Switches: 8, Drivers: 4
2024-02-01 13:53:38,454 : INFO : [NET] : Registered I/O Board 1: Model: FP-I/O-0804, Firmware: 01.09, Switches: 8, Drivers: 4
2024-02-01 13:53:38,470 : INFO : [NET] : Registered I/O Board 2: Model: FP-I/O-3208, Firmware: 01.10, Switches: 32, Drivers: 8
2024-02-01 13:53:38,471 : INFO : [EXP] : Trying to connect to com10 at 921600bps
2024-02-01 13:53:38,547 : INFO : [EXP] : Connected to com10 at 921600bps
2024-02-01 13:53:38,563 : INFO : [EXP] : Verifying hardware for EXP "pf" (FP-EXP-0081, @84) with ID string "EXP FP-EXP-0081  0.12", board address 84
2024-02-01 13:53:38,579 : INFO : [EXP] : Verifying hardware for EXP "pf" (FP-EXP-0081, @84) with ID string "BRK FP-EXP-0081  0.12", board address 840
2024-02-01 13:53:38,595 : INFO : [EXP] : Verifying hardware for EXP "pf" (FP-EXP-0081, @84) with ID string "BRK FP-EXP-0081  0.12", board address 841
2024-02-01 13:53:38,611 : INFO : EventManager : Event: ======'machine_var_credits_string'====== Args={'value': 'FREE PLAY', 'prev_value': None, 'change': True}
2024-02-01 13:53:38,625 : INFO : EventManager : Event: ======'machine_var_master_volume'====== Args={'value': 0.5, 'prev_value': None, 'change': True}
2024-02-01 13:53:38,625 : INFO : EventManager : Event: ======'machine_var_player1_score'====== Args={'value': 0, 'prev_value': None, 'change': True}
2024-02-01 13:53:38,625 : INFO : EventManager : Event: ======'machine_var_mpf_version'====== Args={'value': 'Mission Pinball Framework v0.57.0.dev33', 'prev_value': None, 'change': True}
2024-02-01 13:53:38,626 : INFO : EventManager : Event: ======'machine_var_mpf_extended_version'====== Args={'value': 'Mission Pinball Framework v0.57.0.dev33, Config version:6, Show version: 6, BCP version:1.1', 'prev_value': None, 'change': True}
2024-02-01 13:53:38,626 : INFO : EventManager : Event: ======'machine_var_python_version'====== Args={'value': '3.11.7', 'prev_value': None, 'change': True}
2024-02-01 13:53:38,634 : INFO : EventManager : Event: ======'machine_var_platform'====== Args={'value': 'Windows-10-10.0.19045-SP0', 'prev_value': None, 'change': True}
2024-02-01 13:53:38,634 : INFO : EventManager : Event: ======'machine_var_platform_system'====== Args={'value': 'Windows', 'prev_value': None, 'change': True}
2024-02-01 13:53:38,634 : INFO : EventManager : Event: ======'machine_var_platform_release'====== Args={'value': '10', 'prev_value': None, 'change': True}
2024-02-01 13:53:38,634 : INFO : EventManager : Event: ======'machine_var_platform_version'====== Args={'value': '10.0.19045', 'prev_value': None, 'change': True}
2024-02-01 13:53:38,634 : INFO : EventManager : Event: ======'machine_var_platform_machine'====== Args={'value': 'AMD64', 'prev_value': None, 'change': True}
2024-02-01 13:53:38,634 : INFO : EventManager : Event: ======'init_phase_1'====== Args={}
2024-02-01 13:53:41,098 : INFO : SwitchController : <<<<<<< 's_vuk' active >>>>>>>
2024-02-01 13:53:41,129 : INFO : EventManager : Event: ======'init_phase_2'====== Args={}
2024-02-01 13:53:41,129 : INFO : SwitchController : Found active switch: (30, [FAST Platform Interface]) <switch.s_vuk>
2024-02-01 13:53:41,599 : INFO : ball_device.bd_vuk : BCH: Initial count: 1
2024-02-01 13:53:41,599 : INFO : ball_device.bd_vuk : State: idle
2024-02-01 13:53:41,607 : INFO : EventManager : Event: ======'init_phase_3'====== Args={}
2024-02-01 13:53:41,609 : INFO : EventManager : Event: ======'init_phase_4'====== Args={}
2024-02-01 13:53:41,609 : INFO : BallController : Initial balls found: 1
2024-02-01 13:53:41,610 : INFO : EventManager : Event: ======'machine_var_audits_events_game_ended'====== Args={'value': 44, 'prev_value': None, 'change': True}
2024-02-01 13:53:41,610 : INFO : EventManager : Event: ======'machine_var_audits_events_game_started'====== Args={'value': 116, 'prev_value': None, 'change': True}
2024-02-01 13:53:41,610 : INFO : EventManager : Event: ======'machine_var_audits_player_score'====== Args={'value': {'average': 0.0, 'top': [0, 0, 0, 0, 0, 0, 0, 0, 0, 0], 'total': 44}, 'prev_value': None, 'change': True}
2024-02-01 13:53:41,610 : INFO : EventManager : Event: ======'machine_var_audits_switches_s_autolauncher'====== Args={'value': 422, 'prev_value': None, 'change': True}
2024-02-01 13:53:41,610 : INFO : EventManager : Event: ======'machine_var_audits_switches_s_b_eos'====== Args={'value': 2450, 'prev_value': None, 'change': True}
2024-02-01 13:53:41,610 : INFO : EventManager : Event: ======'machine_var_audits_switches_s_b_pop'====== Args={'value': 446, 'prev_value': None, 'change': True}
2024-02-01 13:53:41,610 : INFO : EventManager : Event: ======'machine_var_audits_switches_s_b_rollover_interchange'====== Args={'value': 10, 'prev_value': None, 'change': True}
2024-02-01 13:53:41,611 : INFO : EventManager : Event: ======'machine_var_audits_switches_s_b_rollover_loop'====== Args={'value': 24, 'prev_value': None, 'change': True}
2024-02-01 13:53:41,611 : INFO : EventManager : Event: ======'machine_var_audits_switches_s_b_rollover_misc'====== Args={'value': 33, 'prev_value': None, 'change': True}
2024-02-01 13:53:41,611 : INFO : EventManager : Event: ======'machine_var_audits_switches_s_b_target_left'====== Args={'value': 21, 'prev_value': None, 'change': True}
2024-02-01 13:53:41,611 : INFO : EventManager : Event: ======'machine_var_audits_switches_s_b_target_right'====== Args={'value': 39, 'prev_value': None, 'change': True}
2024-02-01 13:53:41,611 : INFO : EventManager : Event: ======'machine_var_audits_switches_s_drop_mid_center'====== Args={'value': 113, 'prev_value': None, 'change': True}
2024-02-01 13:53:41,611 : INFO : EventManager : Event: ======'machine_var_audits_switches_s_drop_mid_left'====== Args={'value': 76, 'prev_value': None, 'change': True}
2024-02-01 13:53:41,611 : INFO : EventManager : Event: ======'machine_var_audits_switches_s_drop_mid_right'====== Args={'value': 96, 'prev_value': None, 'change': True}
2024-02-01 13:53:41,611 : INFO : EventManager : Event: ======'machine_var_audits_switches_s_drop_right_left'====== Args={'value': 32, 'prev_value': None, 'change': True}
2024-02-01 13:53:41,611 : INFO : EventManager : Event: ======'machine_var_audits_switches_s_drop_right_right'====== Args={'value': 32, 'prev_value': None, 'change': True}
2024-02-01 13:53:41,611 : INFO : EventManager : Event: ======'machine_var_audits_switches_s_drop_scoop'====== Args={'value': 0, 'prev_value': None, 'change': True}
2024-02-01 13:53:41,611 : INFO : EventManager : Event: ======'machine_var_audits_switches_s_drop_single'====== Args={'value': 24, 'prev_value': None, 'change': True}
2024-02-01 13:53:41,611 : INFO : EventManager : Event: ======'machine_var_audits_switches_s_flip_left_eos'====== Args={'value': 25095, 'prev_value': None, 'change': True}
2024-02-01 13:53:41,612 : INFO : EventManager : Event: ======'machine_var_audits_switches_s_flip_left_top_eos'====== Args={'value': 1729, 'prev_value': None, 'change': True}
2024-02-01 13:53:41,612 : INFO : EventManager : Event: ======'machine_var_audits_switches_s_flip_right_eos'====== Args={'value': 2110, 'prev_value': None, 'change': True}
2024-02-01 13:53:41,612 : INFO : EventManager : Event: ======'machine_var_audits_switches_s_inlane_left'====== Args={'value': 31, 'prev_value': None, 'change': True}
2024-02-01 13:53:41,612 : INFO : EventManager : Event: ======'machine_var_audits_switches_s_inlane_right'====== Args={'value': 59, 'prev_value': None, 'change': True}
2024-02-01 13:53:41,612 : INFO : EventManager : Event: ======'machine_var_audits_switches_s_l_rollover'====== Args={'value': 9, 'prev_value': None, 'change': True}
2024-02-01 13:53:41,612 : INFO : EventManager : Event: ======'machine_var_audits_switches_s_l_target_far'====== Args={'value': 9, 'prev_value': None, 'change': True}
2024-02-01 13:53:41,612 : INFO : EventManager : Event: ======'machine_var_audits_switches_s_l_target_large'====== Args={'value': 9, 'prev_value': None, 'change': True}
2024-02-01 13:53:41,612 : INFO : EventManager : Event: ======'machine_var_audits_switches_s_l_target_left'====== Args={'value': 10, 'prev_value': None, 'change': True}
2024-02-01 13:53:41,612 : INFO : EventManager : Event: ======'machine_var_audits_switches_s_l_target_right'====== Args={'value': 9, 'prev_value': None, 'change': True}
2024-02-01 13:53:41,612 : INFO : EventManager : Event: ======'machine_var_audits_switches_s_l_vuk'====== Args={'value': 9, 'prev_value': None, 'change': True}
2024-02-01 13:53:41,613 : INFO : EventManager : Event: ======'machine_var_audits_switches_s_launch'====== Args={'value': 460, 'prev_value': None, 'change': True}
2024-02-01 13:53:41,613 : INFO : EventManager : Event: ======'machine_var_audits_switches_s_left_flipper_1'====== Args={'value': 1947, 'prev_value': None, 'change': True}
2024-02-01 13:53:41,613 : INFO : EventManager : Event: ======'machine_var_audits_switches_s_left_flipper_2'====== Args={'value': 651, 'prev_value': None, 'change': True}
2024-02-01 13:53:41,613 : INFO : EventManager : Event: ======'machine_var_audits_switches_s_lock_1'====== Args={'value': 1, 'prev_value': None, 'change': True}
2024-02-01 13:53:41,613 : INFO : EventManager : Event: ======'machine_var_audits_switches_s_lock_2'====== Args={'value': 1, 'prev_value': None, 'change': True}
2024-02-01 13:53:41,613 : INFO : EventManager : Event: ======'machine_var_audits_switches_s_lock_3'====== Args={'value': 1, 'prev_value': None, 'change': True}
2024-02-01 13:53:41,613 : INFO : EventManager : Event: ======'machine_var_audits_switches_s_outlane_left'====== Args={'value': 12, 'prev_value': None, 'change': True}
2024-02-01 13:53:41,613 : INFO : EventManager : Event: ======'machine_var_audits_switches_s_outlane_right'====== Args={'value': 28, 'prev_value': None, 'change': True}
2024-02-01 13:53:41,613 : INFO : EventManager : Event: ======'machine_var_audits_switches_s_pop_left'====== Args={'value': 152, 'prev_value': None, 'change': True}
2024-02-01 13:53:41,614 : INFO : EventManager : Event: ======'machine_var_audits_switches_s_pop_lower'====== Args={'value': 560, 'prev_value': None, 'change': True}
2024-02-01 13:53:41,614 : INFO : EventManager : Event: ======'machine_var_audits_switches_s_pop_right'====== Args={'value': 2348, 'prev_value': None, 'change': True}
2024-02-01 13:53:41,614 : INFO : EventManager : Event: ======'machine_var_audits_switches_s_right_flipper_1'====== Args={'value': 3494, 'prev_value': None, 'change': True}
2024-02-01 13:53:41,614 : INFO : EventManager : Event: ======'machine_var_audits_switches_s_right_flipper_2'====== Args={'value': 3304, 'prev_value': None, 'change': True}
2024-02-01 13:53:41,614 : INFO : EventManager : Event: ======'machine_var_audits_switches_s_rollover_left'====== Args={'value': 84, 'prev_value': None, 'change': True}
2024-02-01 13:53:41,614 : INFO : EventManager : Event: ======'machine_var_audits_switches_s_rollover_right'====== Args={'value': 488, 'prev_value': None, 'change': True}
2024-02-01 13:53:41,614 : INFO : EventManager : Event: ======'machine_var_audits_switches_s_sling_left'====== Args={'value': 159, 'prev_value': None, 'change': True}
2024-02-01 13:53:41,614 : INFO : EventManager : Event: ======'machine_var_audits_switches_s_sling_right'====== Args={'value': 237, 'prev_value': None, 'change': True}
2024-02-01 13:53:41,615 : INFO : EventManager : Event: ======'machine_var_audits_switches_s_start'====== Args={'value': 113, 'prev_value': None, 'change': True}
2024-02-01 13:53:41,615 : INFO : EventManager : Event: ======'machine_var_audits_switches_s_tilt'====== Args={'value': 2735, 'prev_value': None, 'change': True}
2024-02-01 13:53:41,615 : INFO : EventManager : Event: ======'machine_var_audits_switches_s_trough_1'====== Args={'value': 0, 'prev_value': None, 'change': True}
2024-02-01 13:53:41,615 : INFO : EventManager : Event: ======'machine_var_audits_switches_s_trough_2'====== Args={'value': 440, 'prev_value': None, 'change': True}
2024-02-01 13:53:41,615 : INFO : EventManager : Event: ======'machine_var_audits_switches_s_trough_3'====== Args={'value': 394, 'prev_value': None, 'change': True}
2024-02-01 13:53:41,615 : INFO : EventManager : Event: ======'machine_var_audits_switches_s_trough_4'====== Args={'value': 396, 'prev_value': None, 'change': True}
2024-02-01 13:53:41,616 : INFO : EventManager : Event: ======'machine_var_audits_switches_s_trough_5'====== Args={'value': 284, 'prev_value': None, 'change': True}
2024-02-01 13:53:41,616 : INFO : EventManager : Event: ======'machine_var_audits_switches_s_trough_6'====== Args={'value': 277, 'prev_value': None, 'change': True}
2024-02-01 13:53:41,616 : INFO : EventManager : Event: ======'machine_var_audits_switches_s_trough_jam'====== Args={'value': 344, 'prev_value': None, 'change': True}
2024-02-01 13:53:41,616 : INFO : EventManager : Event: ======'machine_var_audits_switches_s_u_lane_l'====== Args={'value': 15, 'prev_value': None, 'change': True}
2024-02-01 13:53:41,616 : INFO : EventManager : Event: ======'machine_var_audits_switches_s_u_lane_r'====== Args={'value': 20, 'prev_value': None, 'change': True}
2024-02-01 13:53:41,616 : INFO : EventManager : Event: ======'machine_var_audits_switches_s_u_rollover'====== Args={'value': 10, 'prev_value': None, 'change': True}
2024-02-01 13:53:41,616 : INFO : EventManager : Event: ======'machine_var_audits_switches_s_u_target'====== Args={'value': 8, 'prev_value': None, 'change': True}
2024-02-01 13:53:41,617 : INFO : EventManager : Event: ======'machine_var_audits_switches_s_vuk_back'====== Args={'value': 489, 'prev_value': None, 'change': True}
2024-02-01 13:53:41,617 : INFO : EventManager : Event: ======'machine_var_audits_switches_s_vuk_right'====== Args={'value': 1, 'prev_value': None, 'change': True}
2024-02-01 13:53:41,617 : INFO : EventManager : Event: ======'machine_var_audits_switches_s_left_flipper'====== Args={'value': 0, 'prev_value': None, 'change': True}
2024-02-01 13:53:41,617 : INFO : EventManager : Event: ======'machine_var_audits_switches_s_right_flipper'====== Args={'value': 0, 'prev_value': None, 'change': True}
2024-02-01 13:53:41,617 : INFO : EventManager : Event: ======'machine_var_audits_switches_s_sling_l'====== Args={'value': 0, 'prev_value': None, 'change': True}
2024-02-01 13:53:41,617 : INFO : EventManager : Event: ======'machine_var_audits_switches_s_stationary_l'====== Args={'value': 0, 'prev_value': None, 'change': True}
2024-02-01 13:53:41,618 : INFO : EventManager : Event: ======'machine_var_audits_switches_s_9'====== Args={'value': 0, 'prev_value': None, 'change': True}
2024-02-01 13:53:41,618 : INFO : EventManager : Event: ======'machine_var_audits_switches_s_pop'====== Args={'value': 0, 'prev_value': None, 'change': True}
2024-02-01 13:53:41,618 : INFO : EventManager : Event: ======'machine_var_audits_switches_s_stationary_right'====== Args={'value': 0, 'prev_value': None, 'change': True}
2024-02-01 13:53:41,618 : INFO : EventManager : Event: ======'machine_var_audits_switches_s_stationary_back'====== Args={'value': 0, 'prev_value': None, 'change': True}
2024-02-01 13:53:41,618 : INFO : EventManager : Event: ======'machine_var_audits_switches_s_sling_r'====== Args={'value': 0, 'prev_value': None, 'change': True}
2024-02-01 13:53:41,618 : INFO : EventManager : Event: ======'machine_var_audits_switches_s_vuk'====== Args={'value': 0, 'prev_value': None, 'change': True}
2024-02-01 13:53:41,619 : INFO : EventManager : Event: ======'init_phase_5'====== Args={}
2024-02-01 13:53:41,638 : INFO : EventManager : Event: ======'init_done'====== Args={}
2024-02-01 13:53:41,639 : INFO : EventManager : Event: ======'machine_reset_phase_1'====== Args={}
2024-02-01 13:53:41,639 : INFO : EventManager : Event: ======'machine_reset_phase_2'====== Args={}
2024-02-01 13:53:41,639 : INFO : EventManager : Event: ======'machine_reset_phase_3'====== Args={}
2024-02-01 13:53:41,640 : INFO : EventManager : Event: ======'reset_complete'====== Args={}
2024-02-01 13:53:41,640 : INFO : EventManager : Event: ======'mode_attract_will_start'====== Args={}
2024-02-01 13:53:41,641 : INFO : EventManager : Event: ======'mode_attract_starting'====== Args={}
2024-02-01 13:53:41,641 : INFO : Mode.attract : Started. Priority: 10
2024-02-01 13:53:41,641 : INFO : EventManager : Event: ======'modes_active_modes_changed'====== Args={}
2024-02-01 13:53:41,641 : INFO : EventManager : Event: ======'mode_attract_started'====== Args={}
2024-02-01 13:53:41,641 : INFO : EventManager : Event: ======'collecting_balls'====== Args={}
2024-02-01 13:53:41,641 : INFO : ball_device.bd_vuk : Adding 1 ball(s) to the eject_queue with target <playfield.playfield>.
2024-02-01 13:53:41,641 : INFO : EventManager : Event: ======'balldevice_balls_available'====== Args={}
2024-02-01 13:53:41,656 : INFO : Machine : Starting the main run loop.
2024-02-01 13:53:41,656 : INFO : ball_device.bd_vuk : State: waiting_for_target_ready
2024-02-01 13:53:41,656 : INFO : EventManager : Event: ======'balldevice_bd_vuk_ball_eject_attempt'====== Args={'balls': 1, 'target': <playfield.playfield>, 'source': <ball_device.bd_vuk>, 'mechanical_eject': False, 'num_attempts': 0}
2024-02-01 13:53:41,656 : INFO : ball_device.bd_vuk : State: ejecting
2024-02-01 13:53:41,657 : INFO : ball_device.bd_vuk : Ejecting ball to <playfield.playfield>
2024-02-01 13:53:41,657 : INFO : EventManager : Event: ======'balldevice_bd_vuk_ejecting_ball'====== Args={'balls': 1, 'target': <playfield.playfield>, 'source': <ball_device.bd_vuk>, 'mechanical_eject': False, 'num_attempts': 0}
2024-02-01 13:53:41,657 : INFO : ball_device.bd_vuk : Wait for ball to leave device
2024-02-01 13:53:41,657 : INFO : coil.c_vuk : Pulsing Driver for 10ms (1.0 pulse_power)
2024-02-01 13:53:41,692 : INFO : SwitchController : <<<<<<< 's_vuk' inactive >>>>>>>
2024-02-01 13:53:41,695 : INFO : ball_device.bd_vuk : State: ball_left
2024-02-01 13:53:41,695 : INFO : ball_device.bd_vuk : Ball left
2024-02-01 13:53:41,695 : INFO : ball_device.bd_vuk : Wait for confirm with timeout 2.0
2024-02-01 13:53:43,678 : INFO : ball_device.bd_vuk : State: failed_confirm
2024-02-01 13:53:43,678 : INFO : ball_device.bd_vuk : Got timeout (2.0s) before confirm from <playfield.playfield>
2024-02-01 13:53:43,772 : INFO : ball_device.bd_vuk : Confirming eject because target is playfield and ball did not return.
2024-02-01 13:53:43,772 : INFO : ball_device.bd_vuk : Eject successful
2024-02-01 13:53:43,772 : INFO : EventManager : Event: ======'balldevice_bd_vuk_ball_eject_success'====== Args={'balls': 1, 'target': <playfield.playfield>}
2024-02-01 13:53:43,772 : INFO : EventManager : Event: ======'balldevice_playfield_ball_enter'====== Args={'new_balls': 1, 'unclaimed_balls': 1, 'device': <playfield.playfield>}
2024-02-01 13:53:43,772 : INFO : EventManager : Event: ======'playfield_ball_count_change'====== Args={'balls': 1, 'change': 1}
2024-02-01 13:53:43,773 : INFO : EventManager : Event: ======'balldevice_bd_vuk_ball_count_changed'====== Args={'balls': 0}
2024-02-01 13:53:43,773 : INFO : ball_device.bd_vuk : State: idle
2024-02-01 13:53:44,553 : INFO : SwitchController : <<<<<<< 's_vuk' active >>>>>>>
2024-02-01 13:53:45,052 : INFO : EventManager : Event: ======'balldevice_bd_vuk_ball_count_changed'====== Args={'balls': 1}
2024-02-01 13:53:45,052 : INFO : ball_device.bd_vuk : Received unexpected ball
2024-02-01 13:53:45,052 : INFO : EventManager : Event: ======'balldevice_captured_from_playfield'====== Args={'balls': 1}
2024-02-01 13:53:45,053 : INFO : EventManager : Event: ======'sw_playfield_active'====== Args={'balls': 1}
2024-02-01 13:53:45,053 : INFO : EventManager : Event: ======'playfield_ball_count_change'====== Args={'balls': 0, 'change': -1}
2024-02-01 13:53:45,053 : INFO : EventManager : Event: ======'balldevice_bd_vuk_ball_enter'====== Args={'new_balls': 1, 'unclaimed_balls': 1, 'new_available_balls': 1, 'device': <ball_device.bd_vuk>}
2024-02-01 13:53:45,053 : INFO : ball_device.bd_vuk : Ejecting 1 unexpected balls using path deque([<ball_device.bd_vuk>, <playfield.playfield>])
2024-02-01 13:53:45,053 : INFO : EventManager : Event: ======'balldevice_balls_available'====== Args={}
2024-02-01 13:53:45,053 : INFO : EventManager : Event: ======'balldevice_balls_available'====== Args={}
2024-02-01 13:53:45,053 : INFO : EventManager : Event: ======'balldevice_bd_vuk_ball_entered'====== Args={'new_balls': 1, 'device': <ball_device.bd_vuk>}
2024-02-01 13:53:45,054 : INFO : ball_device.bd_vuk : State: waiting_for_target_ready
2024-02-01 13:53:45,054 : INFO : EventManager : Event: ======'balldevice_bd_vuk_ball_eject_attempt'====== Args={'balls': 1, 'target': <playfield.playfield>, 'source': <ball_device.bd_vuk>, 'mechanical_eject': False, 'num_attempts': 0}
2024-02-01 13:53:45,054 : INFO : ball_device.bd_vuk : State: ejecting
2024-02-01 13:53:45,054 : INFO : ball_device.bd_vuk : Ejecting ball to <playfield.playfield>
2024-02-01 13:53:45,054 : INFO : EventManager : Event: ======'balldevice_bd_vuk_ejecting_ball'====== Args={'balls': 1, 'target': <playfield.playfield>, 'source': <ball_device.bd_vuk>, 'mechanical_eject': False, 'num_attempts': 0}
2024-02-01 13:53:45,055 : INFO : ball_device.bd_vuk : Wait for ball to leave device
2024-02-01 13:53:45,055 : INFO : coil.c_vuk : Pulsing Driver for 10ms (1.0 pulse_power)
2024-02-01 13:53:45,083 : INFO : SwitchController : <<<<<<< 's_vuk' inactive >>>>>>>
2024-02-01 13:53:45,085 : INFO : ball_device.bd_vuk : State: ball_left
2024-02-01 13:53:45,085 : INFO : ball_device.bd_vuk : Ball left
2024-02-01 13:53:45,086 : INFO : ball_device.bd_vuk : Wait for confirm with timeout 2.0
2024-02-01 13:53:47,088 : INFO : ball_device.bd_vuk : State: failed_confirm
2024-02-01 13:53:47,088 : INFO : ball_device.bd_vuk : Got timeout (2.0s) before confirm from <playfield.playfield>
2024-02-01 13:53:47,192 : INFO : ball_device.bd_vuk : Confirming eject because target is playfield and ball did not return.
2024-02-01 13:53:47,192 : INFO : ball_device.bd_vuk : Eject successful
2024-02-01 13:53:47,192 : INFO : EventManager : Event: ======'balldevice_bd_vuk_ball_eject_success'====== Args={'balls': 1, 'target': <playfield.playfield>}
2024-02-01 13:53:47,195 : INFO : EventManager : Event: ======'balldevice_playfield_ball_enter'====== Args={'new_balls': 1, 'unclaimed_balls': 1, 'device': <playfield.playfield>}
2024-02-01 13:53:47,195 : INFO : EventManager : Event: ======'playfield_ball_count_change'====== Args={'balls': 1, 'change': 1}
2024-02-01 13:53:47,195 : INFO : EventManager : Event: ======'balldevice_bd_vuk_ball_count_changed'====== Args={'balls': 0}
2024-02-01 13:53:47,195 : INFO : ball_device.bd_vuk : State: idle
2024-02-01 13:53:47,623 : INFO : SwitchController : <<<<<<< 's_vuk' active >>>>>>>
2024-02-01 13:53:48,112 : INFO : EventManager : Event: ======'balldevice_bd_vuk_ball_count_changed'====== Args={'balls': 1}
2024-02-01 13:53:48,112 : INFO : ball_device.bd_vuk : Received unexpected ball
2024-02-01 13:53:48,112 : INFO : EventManager : Event: ======'balldevice_captured_from_playfield'====== Args={'balls': 1}
2024-02-01 13:53:48,113 : INFO : EventManager : Event: ======'sw_playfield_active'====== Args={'balls': 1}
2024-02-01 13:53:48,113 : INFO : EventManager : Event: ======'playfield_ball_count_change'====== Args={'balls': 0, 'change': -1}
2024-02-01 13:53:48,113 : INFO : EventManager : Event: ======'balldevice_bd_vuk_ball_enter'====== Args={'new_balls': 1, 'unclaimed_balls': 1, 'new_available_balls': 1, 'device': <ball_device.bd_vuk>}
2024-02-01 13:53:48,113 : INFO : ball_device.bd_vuk : Ejecting 1 unexpected balls using path deque([<ball_device.bd_vuk>, <playfield.playfield>])
2024-02-01 13:53:48,113 : INFO : EventManager : Event: ======'balldevice_balls_available'====== Args={}
2024-02-01 13:53:48,113 : INFO : EventManager : Event: ======'balldevice_balls_available'====== Args={}
2024-02-01 13:53:48,113 : INFO : EventManager : Event: ======'balldevice_bd_vuk_ball_entered'====== Args={'new_balls': 1, 'device': <ball_device.bd_vuk>}
2024-02-01 13:53:48,114 : INFO : ball_device.bd_vuk : State: waiting_for_target_ready
2024-02-01 13:53:48,114 : INFO : EventManager : Event: ======'balldevice_bd_vuk_ball_eject_attempt'====== Args={'balls': 1, 'target': <playfield.playfield>, 'source': <ball_device.bd_vuk>, 'mechanical_eject': False, 'num_attempts': 0}
2024-02-01 13:53:48,114 : INFO : ball_device.bd_vuk : State: ejecting
2024-02-01 13:53:48,114 : INFO : ball_device.bd_vuk : Ejecting ball to <playfield.playfield>
2024-02-01 13:53:48,114 : INFO : EventManager : Event: ======'balldevice_bd_vuk_ejecting_ball'====== Args={'balls': 1, 'target': <playfield.playfield>, 'source': <ball_device.bd_vuk>, 'mechanical_eject': False, 'num_attempts': 0}
2024-02-01 13:53:48,115 : INFO : ball_device.bd_vuk : Wait for ball to leave device
2024-02-01 13:53:48,115 : INFO : coil.c_vuk : Pulsing Driver for 10ms (1.0 pulse_power)
2024-02-01 13:53:48,143 : INFO : SwitchController : <<<<<<< 's_vuk' inactive >>>>>>>
2024-02-01 13:53:48,145 : INFO : ball_device.bd_vuk : State: ball_left
2024-02-01 13:53:48,145 : INFO : ball_device.bd_vuk : Ball left
2024-02-01 13:53:48,145 : INFO : ball_device.bd_vuk : Wait for confirm with timeout 2.0
2024-02-01 13:53:50,135 : INFO : ball_device.bd_vuk : State: failed_confirm
2024-02-01 13:53:50,135 : INFO : ball_device.bd_vuk : Got timeout (2.0s) before confirm from <playfield.playfield>
2024-02-01 13:53:50,228 : INFO : ball_device.bd_vuk : Confirming eject because target is playfield and ball did not return.
2024-02-01 13:53:50,228 : INFO : ball_device.bd_vuk : Eject successful
2024-02-01 13:53:50,228 : INFO : EventManager : Event: ======'balldevice_bd_vuk_ball_eject_success'====== Args={'balls': 1, 'target': <playfield.playfield>}
2024-02-01 13:53:50,228 : INFO : EventManager : Event: ======'balldevice_playfield_ball_enter'====== Args={'new_balls': 1, 'unclaimed_balls': 1, 'device': <playfield.playfield>}
2024-02-01 13:53:50,228 : INFO : EventManager : Event: ======'playfield_ball_count_change'====== Args={'balls': 1, 'change': 1}
2024-02-01 13:53:50,229 : INFO : EventManager : Event: ======'balldevice_bd_vuk_ball_count_changed'====== Args={'balls': 0}
2024-02-01 13:53:50,229 : INFO : ball_device.bd_vuk : State: idle
2024-02-01 13:53:53,348 : INFO : SwitchController : <<<<<<< 's_pop' active >>>>>>>
2024-02-01 13:53:53,380 : INFO : SwitchController : <<<<<<< 's_pop' inactive >>>>>>>
2024-02-01 13:53:54,983 : INFO : SwitchController : <<<<<<< 's_pop' active >>>>>>>
2024-02-01 13:53:55,001 : INFO : SwitchController : <<<<<<< 's_pop' inactive >>>>>>>
2024-02-01 13:53:55,016 : INFO : SwitchController : <<<<<<< 's_pop' active >>>>>>>
2024-02-01 13:53:55,016 : INFO : SwitchController : <<<<<<< 's_pop' inactive >>>>>>>
2024-02-01 13:54:01,962 : INFO : SwitchController : <<<<<<< 's_sling_l' active >>>>>>>
2024-02-01 13:54:01,982 : INFO : SwitchController : <<<<<<< 's_sling_l' inactive >>>>>>>
2024-02-01 13:54:02,058 : INFO : SwitchController : <<<<<<< 's_pop' active >>>>>>>
2024-02-01 13:54:02,090 : INFO : SwitchController : <<<<<<< 's_pop' inactive >>>>>>>
2024-02-01 13:54:02,090 : INFO : SwitchController : <<<<<<< 's_stationary_back' active >>>>>>>
2024-02-01 13:54:02,090 : INFO : EventManager : Event: ======'sw_playfield_active'====== Args={}
2024-02-01 13:54:02,091 : INFO : SwitchController : <<<<<<< 's_stationary_back' inactive >>>>>>>
2024-02-01 13:54:02,758 : INFO : SwitchController : <<<<<<< 's_trough_1' active >>>>>>>
2024-02-01 13:54:02,854 : INFO : SwitchController : <<<<<<< 's_trough_1' inactive >>>>>>>
2024-02-01 13:54:02,873 : INFO : SwitchController : <<<<<<< 's_trough_2' active >>>>>>>
2024-02-01 13:54:02,949 : INFO : SwitchController : <<<<<<< 's_trough_2' inactive >>>>>>>
2024-02-01 13:54:02,968 : INFO : SwitchController : <<<<<<< 's_trough_3' active >>>>>>>
2024-02-01 13:54:03,028 : INFO : SwitchController : <<<<<<< 's_trough_3' inactive >>>>>>>
2024-02-01 13:54:03,046 : INFO : SwitchController : <<<<<<< 's_trough_4' active >>>>>>>
2024-02-01 13:54:07,580 : INFO : Machine : Shutting down...
2024-02-01 13:54:07,580 : INFO : EventManager : Event: ======'shutdown'====== Args={}
2024-02-01 13:54:07,681 : INFO : root : MPF run loop ended.
