2024-04-19 20:20:00,084 : INFO : root : Loading config.
2024-04-19 20:20:00,086 : INFO : YamlMultifileConfigLoader : Machine config file #1: config.yaml
2024-04-19 20:20:00,086 : INFO : ConfigProcessor : Loading config from cache: /var/folders/l2/q8hj_6s91xnb2jxg1sqm0h7r0000gn/T/871505f0f2d2915bd502f0a1fb110f3b.mpf_cache
2024-04-19 20:20:00,113 : INFO : ConfigProcessor : Loading config from cache: /var/folders/l2/q8hj_6s91xnb2jxg1sqm0h7r0000gn/T/640347d32029b3f32c9ad31d7a1b4b81.mpf_cache
2024-04-19 20:20:00,114 : INFO : ConfigProcessor : Loading config from cache: /var/folders/l2/q8hj_6s91xnb2jxg1sqm0h7r0000gn/T/edcc5f1d3215b377c9faab88c62e4ce0.mpf_cache
2024-04-19 20:20:00,114 : INFO : ConfigProcessor : Loading config from cache: /var/folders/l2/q8hj_6s91xnb2jxg1sqm0h7r0000gn/T/640347d32029b3f32c9ad31d7a1b4b81.mpf_cache
2024-04-19 20:20:00,114 : INFO : ConfigProcessor : Loading config from cache: /var/folders/l2/q8hj_6s91xnb2jxg1sqm0h7r0000gn/T/1875c266911f801b691956fe9e9284d6.mpf_cache
2024-04-19 20:20:00,114 : INFO : ConfigProcessor : Loading config from cache: /var/folders/l2/q8hj_6s91xnb2jxg1sqm0h7r0000gn/T/f97c90855879603280fcc571f5c42639.mpf_cache
2024-04-19 20:20:00,114 : INFO : ConfigProcessor : Loading config from cache: /var/folders/l2/q8hj_6s91xnb2jxg1sqm0h7r0000gn/T/66764f8b68b26fdba6c1f2bce3638479.mpf_cache
2024-04-19 20:20:00,115 : INFO : ConfigProcessor : Loading config from cache: /var/folders/l2/q8hj_6s91xnb2jxg1sqm0h7r0000gn/T/3dbc438e88423aa3ff742db2713b600f.mpf_cache
2024-04-19 20:20:00,116 : INFO : ConfigProcessor : Loading config from cache: /var/folders/l2/q8hj_6s91xnb2jxg1sqm0h7r0000gn/T/91adfe62d94491e9c757b00a8e3b96af.mpf_cache
2024-04-19 20:20:00,116 : INFO : ConfigProcessor : Loading config from cache: /var/folders/l2/q8hj_6s91xnb2jxg1sqm0h7r0000gn/T/154d071a3850556c6f3eae37bf41c8b6.mpf_cache
2024-04-19 20:20:00,116 : INFO : ConfigProcessor : Loading config from cache: /var/folders/l2/q8hj_6s91xnb2jxg1sqm0h7r0000gn/T/ab100dbe0e16472b56f0213f3842a00f.mpf_cache
2024-04-19 20:20:00,118 : INFO : ConfigProcessor : Loading config from cache: /var/folders/l2/q8hj_6s91xnb2jxg1sqm0h7r0000gn/T/f03ad90ccd2c053e9e5d10795d01f4ba.mpf_cache
2024-04-19 20:20:00,119 : INFO : ConfigProcessor : Loading config from cache: /var/folders/l2/q8hj_6s91xnb2jxg1sqm0h7r0000gn/T/0f3c951d4c93079ae3fac6429c5bc2ee.mpf_cache
2024-04-19 20:20:00,119 : INFO : ConfigProcessor : Loading config from cache: /var/folders/l2/q8hj_6s91xnb2jxg1sqm0h7r0000gn/T/8bf004783a280ac33d17b88f37848116.mpf_cache
2024-04-19 20:20:00,121 : INFO : ConfigProcessor : Loading config from cache: /var/folders/l2/q8hj_6s91xnb2jxg1sqm0h7r0000gn/T/d5d50eaa09e055f3a827c6269a3aa165.mpf_cache
2024-04-19 20:20:00,121 : INFO : ConfigProcessor : Loading config from cache: /var/folders/l2/q8hj_6s91xnb2jxg1sqm0h7r0000gn/T/250153cb7d132f4134a2e9b694314568.mpf_cache
2024-04-19 20:20:00,121 : INFO : ConfigProcessor : Loading config from cache: /var/folders/l2/q8hj_6s91xnb2jxg1sqm0h7r0000gn/T/bbbe87a2f82c66174798be62d4e8058c.mpf_cache
2024-04-19 20:20:00,121 : INFO : Machine : Mission Pinball Framework Core Engine v0.57.1.dev3
2024-04-19 20:20:00,121 : INFO : Machine : Command line arguments: {'no_load_cache': False, 'create_config_cache': True, 'bcp': True, 'configfile': ['config.yaml'], 'force_assets_load': False, 'platform_integration_test': False, 'jsonlogging': False, 'logfile': 'logs/2024-04-19-20-20-00-mpf-Tanners-Laptop.local.log', 'pause': False, 'production': False, 'text_ui': True, 'loglevel': 15, 'consoleloglevel': 20, 'force_platform': 'smart_virtual', 'syslog_address': None, 'mc_file_name': None, 'no_sound': False}
2024-04-19 20:20:00,121 : INFO : Machine : MPF path: /Library/Frameworks/Python.framework/Versions/3.9/lib/python3.9/site-packages/mpf
2024-04-19 20:20:00,121 : INFO : Machine : Machine path: /Users/tannerpetch/Documents/GitHub/lofab
2024-04-19 20:20:00,121 : INFO : Machine : Platform: darwin
2024-04-19 20:20:00,122 : INFO : Machine : Python executable location: /Library/Frameworks/Python.framework/Versions/3.9/bin/python3.9
2024-04-19 20:20:00,122 : INFO : Machine : Python version: 3.9.13 (64-bit)
2024-04-19 20:20:00,122 : INFO : Machine : Initializing MPF...
2024-04-19 20:20:00,145 : INFO : EventManager : Event: ======'machine_var_credits_string'====== Args={'value': 'FREE PLAY', 'prev_value': None, 'change': True}
2024-04-19 20:20:00,161 : INFO : EventManager : Event: ======'machine_var_master_volume'====== Args={'value': 0.5, 'prev_value': None, 'change': True}
2024-04-19 20:20:00,161 : INFO : EventManager : Event: ======'machine_var_player1_score'====== Args={'value': 0, 'prev_value': None, 'change': True}
2024-04-19 20:20:00,161 : INFO : EventManager : Event: ======'machine_var_mpf_version'====== Args={'value': 'Mission Pinball Framework v0.57.1.dev3', 'prev_value': None, 'change': True}
2024-04-19 20:20:00,161 : INFO : EventManager : Event: ======'machine_var_mpf_extended_version'====== Args={'value': 'Mission Pinball Framework v0.57.1.dev3, Config version:6, Show version: 6, BCP version:1.1', 'prev_value': None, 'change': True}
2024-04-19 20:20:00,161 : INFO : EventManager : Event: ======'machine_var_python_version'====== Args={'value': '3.9.13', 'prev_value': None, 'change': True}
2024-04-19 20:20:00,169 : INFO : EventManager : Event: ======'machine_var_platform'====== Args={'value': 'macOS-14.3-arm64-arm-64bit', 'prev_value': None, 'change': True}
2024-04-19 20:20:00,170 : INFO : EventManager : Event: ======'machine_var_platform_system'====== Args={'value': 'Darwin', 'prev_value': None, 'change': True}
2024-04-19 20:20:00,170 : INFO : EventManager : Event: ======'machine_var_platform_release'====== Args={'value': '23.3.0', 'prev_value': None, 'change': True}
2024-04-19 20:20:00,170 : INFO : EventManager : Event: ======'machine_var_platform_version'====== Args={'value': 'Darwin Kernel Version 23.3.0: Thu Dec 21 02:29:41 PST 2023; root:xnu-10002.81.5~11/RELEASE_ARM64_T8122', 'prev_value': None, 'change': True}
2024-04-19 20:20:00,170 : INFO : EventManager : Event: ======'machine_var_platform_machine'====== Args={'value': 'arm64', 'prev_value': None, 'change': True}
2024-04-19 20:20:00,170 : INFO : EventManager : Event: ======'init_phase_1'====== Args={}
2024-04-19 20:20:00,185 : INFO : EventManager : Event: ======'init_phase_2'====== Args={}
2024-04-19 20:20:00,187 : INFO : EventManager : Event: ======'bcp_connection_attempt'====== Args={'name': 'local_display', 'host': 'localhost', 'port': 5050}
2024-04-19 20:20:00,187 : INFO : BCPClientSocket : Connecting BCP to 'local_display' at localhost:5050...
2024-04-19 20:20:02,247 : INFO : BCPClientSocket : Connected BCP to 'local_display' localhost:5050
2024-04-19 20:20:02,248 : INFO : EventManager : Event: ======'bcp_clients_connected'====== Args={}
2024-04-19 20:20:02,249 : INFO : ball_device.bd_vuk : BCH: Initial count: 0
2024-04-19 20:20:02,249 : INFO : ball_device.bd_vuk : State: idle
2024-04-19 20:20:02,249 : INFO : ball_device.bd_trough : BCH: Initial count: 0
2024-04-19 20:20:02,249 : INFO : ball_device.bd_trough : State: idle
2024-04-19 20:20:02,255 : INFO : EventManager : Event: ======'init_phase_3'====== Args={}
2024-04-19 20:20:02,402 : INFO : EventManager : Event: ======'machine_var_mc_version'====== Args={'value': 'MPF-MC v0.57.0', 'prev_value': None, 'change': True}
2024-04-19 20:20:02,402 : INFO : EventManager : Event: ======'machine_var_mc_extended_version'====== Args={'value': 'MPF-MC v0.57.0 (config_version=6, BCP v1.1,                      Requires MPF API compatibility v0.57.0 or newer)', 'prev_value': None, 'change': True}
2024-04-19 20:20:02,403 : INFO : EventManager : Event: ======'init_phase_4'====== Args={}
2024-04-19 20:20:02,407 : INFO : BallController : Initial balls found: 0
2024-04-19 20:20:02,407 : INFO : EventManager : Event: ======'machine_var_audits_events_game_ended'====== Args={'value': 0, 'prev_value': None, 'change': True}
2024-04-19 20:20:02,407 : INFO : EventManager : Event: ======'machine_var_audits_events_game_started'====== Args={'value': 2, 'prev_value': None, 'change': True}
2024-04-19 20:20:02,407 : INFO : EventManager : Event: ======'machine_var_audits_missing_switches_s_e'====== Args={'value': 2, 'prev_value': None, 'change': True}
2024-04-19 20:20:02,408 : INFO : EventManager : Event: ======'machine_var_audits_missing_switches_s_flipper_l'====== Args={'value': 2, 'prev_value': None, 'change': True}
2024-04-19 20:20:02,408 : INFO : EventManager : Event: ======'machine_var_audits_missing_switches_s_flipper_r'====== Args={'value': 2, 'prev_value': None, 'change': True}
2024-04-19 20:20:02,408 : INFO : EventManager : Event: ======'machine_var_audits_missing_switches_s_h'====== Args={'value': 2, 'prev_value': None, 'change': True}
2024-04-19 20:20:02,408 : INFO : EventManager : Event: ======'machine_var_audits_missing_switches_s_pop'====== Args={'value': 2, 'prev_value': None, 'change': True}
2024-04-19 20:20:02,408 : INFO : EventManager : Event: ======'machine_var_audits_missing_switches_s_ramp_complete'====== Args={'value': 2, 'prev_value': None, 'change': True}
2024-04-19 20:20:02,408 : INFO : EventManager : Event: ======'machine_var_audits_missing_switches_s_ramp_l'====== Args={'value': 2, 'prev_value': None, 'change': True}
2024-04-19 20:20:02,408 : INFO : EventManager : Event: ======'machine_var_audits_missing_switches_s_ramp_r'====== Args={'value': 2, 'prev_value': None, 'change': True}
2024-04-19 20:20:02,408 : INFO : EventManager : Event: ======'machine_var_audits_missing_switches_s_sling_l'====== Args={'value': 1, 'prev_value': None, 'change': True}
2024-04-19 20:20:02,408 : INFO : EventManager : Event: ======'machine_var_audits_missing_switches_s_sling_r'====== Args={'value': 1, 'prev_value': None, 'change': True}
2024-04-19 20:20:02,408 : INFO : EventManager : Event: ======'machine_var_audits_missing_switches_s_spinner'====== Args={'value': 2, 'prev_value': None, 'change': True}
2024-04-19 20:20:02,408 : INFO : EventManager : Event: ======'machine_var_audits_missing_switches_s_start'====== Args={'value': 2, 'prev_value': None, 'change': True}
2024-04-19 20:20:02,408 : INFO : EventManager : Event: ======'machine_var_audits_missing_switches_s_stationary_back'====== Args={'value': 2, 'prev_value': None, 'change': True}
2024-04-19 20:20:02,408 : INFO : EventManager : Event: ======'machine_var_audits_missing_switches_s_stationary_o'====== Args={'value': 2, 'prev_value': None, 'change': True}
2024-04-19 20:20:02,409 : INFO : EventManager : Event: ======'machine_var_audits_missing_switches_s_stationary_s'====== Args={'value': 2, 'prev_value': None, 'change': True}
2024-04-19 20:20:02,409 : INFO : EventManager : Event: ======'machine_var_audits_missing_switches_s_stationary_u'====== Args={'value': 2, 'prev_value': None, 'change': True}
2024-04-19 20:20:02,409 : INFO : EventManager : Event: ======'machine_var_audits_missing_switches_s_tilt_l'====== Args={'value': 2, 'prev_value': None, 'change': True}
2024-04-19 20:20:02,409 : INFO : EventManager : Event: ======'machine_var_audits_missing_switches_s_tilt_r'====== Args={'value': 2, 'prev_value': None, 'change': True}
2024-04-19 20:20:02,409 : INFO : EventManager : Event: ======'machine_var_audits_missing_switches_s_trough_1'====== Args={'value': 1, 'prev_value': None, 'change': True}
2024-04-19 20:20:02,409 : INFO : EventManager : Event: ======'machine_var_audits_missing_switches_s_trough_2'====== Args={'value': 2, 'prev_value': None, 'change': True}
2024-04-19 20:20:02,409 : INFO : EventManager : Event: ======'machine_var_audits_missing_switches_s_trough_3'====== Args={'value': 2, 'prev_value': None, 'change': True}
2024-04-19 20:20:02,409 : INFO : EventManager : Event: ======'machine_var_audits_missing_switches_s_trough_4'====== Args={'value': 2, 'prev_value': None, 'change': True}
2024-04-19 20:20:02,409 : INFO : EventManager : Event: ======'machine_var_audits_missing_switches_s_vuk'====== Args={'value': 2, 'prev_value': None, 'change': True}
2024-04-19 20:20:02,409 : INFO : EventManager : Event: ======'machine_var_audits_player_score'====== Args={'value': {'average': 0, 'top': [], 'total': 0}, 'prev_value': None, 'change': True}
2024-04-19 20:20:02,409 : INFO : EventManager : Event: ======'machine_var_audits_shots_r_sling_l'====== Args={'value': 7, 'prev_value': None, 'change': True}
2024-04-19 20:20:02,409 : INFO : EventManager : Event: ======'machine_var_audits_shots_r_sling_r'====== Args={'value': 9, 'prev_value': None, 'change': True}
2024-04-19 20:20:02,409 : INFO : EventManager : Event: ======'machine_var_audits_switches_s_e'====== Args={'value': 0, 'prev_value': None, 'change': True}
2024-04-19 20:20:02,409 : INFO : EventManager : Event: ======'machine_var_audits_switches_s_flipper_l'====== Args={'value': 0, 'prev_value': None, 'change': True}
2024-04-19 20:20:02,410 : INFO : EventManager : Event: ======'machine_var_audits_switches_s_flipper_r'====== Args={'value': 0, 'prev_value': None, 'change': True}
2024-04-19 20:20:02,410 : INFO : EventManager : Event: ======'machine_var_audits_switches_s_h'====== Args={'value': 0, 'prev_value': None, 'change': True}
2024-04-19 20:20:02,410 : INFO : EventManager : Event: ======'machine_var_audits_switches_s_launch'====== Args={'value': 4, 'prev_value': None, 'change': True}
2024-04-19 20:20:02,410 : INFO : EventManager : Event: ======'machine_var_audits_switches_s_pop'====== Args={'value': 0, 'prev_value': None, 'change': True}
2024-04-19 20:20:02,410 : INFO : EventManager : Event: ======'machine_var_audits_switches_s_ramp_complete'====== Args={'value': 0, 'prev_value': None, 'change': True}
2024-04-19 20:20:02,410 : INFO : EventManager : Event: ======'machine_var_audits_switches_s_ramp_l'====== Args={'value': 0, 'prev_value': None, 'change': True}
2024-04-19 20:20:02,410 : INFO : EventManager : Event: ======'machine_var_audits_switches_s_ramp_r'====== Args={'value': 0, 'prev_value': None, 'change': True}
2024-04-19 20:20:02,410 : INFO : EventManager : Event: ======'machine_var_audits_switches_s_sling_l'====== Args={'value': 7, 'prev_value': None, 'change': True}
2024-04-19 20:20:02,410 : INFO : EventManager : Event: ======'machine_var_audits_switches_s_sling_r'====== Args={'value': 9, 'prev_value': None, 'change': True}
2024-04-19 20:20:02,410 : INFO : EventManager : Event: ======'machine_var_audits_switches_s_spinner'====== Args={'value': 0, 'prev_value': None, 'change': True}
2024-04-19 20:20:02,410 : INFO : EventManager : Event: ======'machine_var_audits_switches_s_start'====== Args={'value': 0, 'prev_value': None, 'change': True}
2024-04-19 20:20:02,410 : INFO : EventManager : Event: ======'machine_var_audits_switches_s_stationary_back'====== Args={'value': 0, 'prev_value': None, 'change': True}
2024-04-19 20:20:02,411 : INFO : EventManager : Event: ======'machine_var_audits_switches_s_stationary_o'====== Args={'value': 0, 'prev_value': None, 'change': True}
2024-04-19 20:20:02,411 : INFO : EventManager : Event: ======'machine_var_audits_switches_s_stationary_s'====== Args={'value': 0, 'prev_value': None, 'change': True}
2024-04-19 20:20:02,411 : INFO : EventManager : Event: ======'machine_var_audits_switches_s_stationary_u'====== Args={'value': 0, 'prev_value': None, 'change': True}
2024-04-19 20:20:02,411 : INFO : EventManager : Event: ======'machine_var_audits_switches_s_tilt_l'====== Args={'value': 0, 'prev_value': None, 'change': True}
2024-04-19 20:20:02,411 : INFO : EventManager : Event: ======'machine_var_audits_switches_s_tilt_r'====== Args={'value': 0, 'prev_value': None, 'change': True}
2024-04-19 20:20:02,411 : INFO : EventManager : Event: ======'machine_var_audits_switches_s_trough_1'====== Args={'value': 3, 'prev_value': None, 'change': True}
2024-04-19 20:20:02,411 : INFO : EventManager : Event: ======'machine_var_audits_switches_s_trough_2'====== Args={'value': 0, 'prev_value': None, 'change': True}
2024-04-19 20:20:02,411 : INFO : EventManager : Event: ======'machine_var_audits_switches_s_trough_3'====== Args={'value': 0, 'prev_value': None, 'change': True}
2024-04-19 20:20:02,411 : INFO : EventManager : Event: ======'machine_var_audits_switches_s_trough_4'====== Args={'value': 0, 'prev_value': None, 'change': True}
2024-04-19 20:20:02,411 : INFO : EventManager : Event: ======'machine_var_audits_switches_s_vuk'====== Args={'value': 0, 'prev_value': None, 'change': True}
2024-04-19 20:20:02,412 : INFO : EventManager : Event: ======'init_phase_5'====== Args={}
2024-04-19 20:20:02,412 : INFO : EventManager : Event: ======'init_done'====== Args={}
2024-04-19 20:20:02,412 : INFO : EventManager : Event: ======'machine_reset_phase_1'====== Args={}
2024-04-19 20:20:02,421 : INFO : EventManager : Event: ======'machine_reset_phase_2'====== Args={}
2024-04-19 20:20:02,421 : INFO : EventManager : Event: ======'machine_reset_phase_3'====== Args={}
2024-04-19 20:20:02,421 : INFO : EventManager : Event: ======'reset_complete'====== Args={}
2024-04-19 20:20:02,421 : INFO : EventManager : Event: ======'mode_attract_will_start'====== Args={}
2024-04-19 20:20:02,421 : INFO : EventManager : Event: ======'mode_attract_starting'====== Args={}
2024-04-19 20:20:02,422 : INFO : Mode.attract : Started. Priority: 10
2024-04-19 20:20:02,422 : INFO : EventManager : Event: ======'modes_active_modes_changed'====== Args={}
2024-04-19 20:20:02,422 : INFO : EventManager : Event: ======'mode_attract_started'====== Args={}
2024-04-19 20:20:02,422 : INFO : EventManager : Event: ======'collecting_balls_complete'====== Args={}
2024-04-19 20:20:02,422 : INFO : Machine : Starting the main run loop.
2024-04-19 20:20:02,435 : INFO : EventManager : Event: ======'slide_fast_slide_created'====== Args={'_from_bcp': True}
2024-04-19 20:20:02,435 : INFO : EventManager : Event: ======'slide_fast_slide_active'====== Args={'_from_bcp': True}
2024-04-19 20:20:02,795 : INFO : BcpServer : New client connected.
2024-04-19 20:20:05,434 : INFO : EventManager : Event: ======'slide_hofab_title_created'====== Args={'_from_bcp': True}
2024-04-19 20:20:05,435 : INFO : EventManager : Event: ======'slide_hofab_title_active'====== Args={'_from_bcp': True}
2024-04-19 20:20:08,441 : INFO : EventManager : Event: ======'slide_fast_slide_removed'====== Args={'_from_bcp': True}
2024-04-19 20:20:08,442 : INFO : EventManager : Event: ======'slide_fast_slide_created'====== Args={'_from_bcp': True}
2024-04-19 20:20:08,442 : INFO : EventManager : Event: ======'slide_fast_slide_active'====== Args={'_from_bcp': True}
2024-04-19 20:20:11,431 : INFO : EventManager : Event: ======'slide_hofab_title_removed'====== Args={'_from_bcp': True}
2024-04-19 20:20:11,434 : INFO : EventManager : Event: ======'slide_hofab_title_created'====== Args={'_from_bcp': True}
2024-04-19 20:20:11,434 : INFO : EventManager : Event: ======'slide_hofab_title_active'====== Args={'_from_bcp': True}
2024-04-19 20:20:14,432 : INFO : EventManager : Event: ======'slide_fast_slide_removed'====== Args={'_from_bcp': True}
2024-04-19 20:20:14,433 : INFO : EventManager : Event: ======'slide_fast_slide_created'====== Args={'_from_bcp': True}
2024-04-19 20:20:14,437 : INFO : EventManager : Event: ======'slide_fast_slide_active'====== Args={'_from_bcp': True}
2024-04-19 20:20:17,430 : INFO : EventManager : Event: ======'slide_hofab_title_removed'====== Args={'_from_bcp': True}
2024-04-19 20:20:17,431 : INFO : EventManager : Event: ======'slide_hofab_title_created'====== Args={'_from_bcp': True}
2024-04-19 20:20:17,431 : INFO : EventManager : Event: ======'slide_hofab_title_active'====== Args={'_from_bcp': True}
2024-04-19 20:20:20,428 : INFO : EventManager : Event: ======'slide_fast_slide_removed'====== Args={'_from_bcp': True}
2024-04-19 20:20:20,430 : INFO : EventManager : Event: ======'slide_fast_slide_created'====== Args={'_from_bcp': True}
2024-04-19 20:20:20,434 : INFO : EventManager : Event: ======'slide_fast_slide_active'====== Args={'_from_bcp': True}
2024-04-19 20:20:23,434 : INFO : EventManager : Event: ======'slide_hofab_title_removed'====== Args={'_from_bcp': True}
2024-04-19 20:20:23,435 : INFO : EventManager : Event: ======'slide_hofab_title_created'====== Args={'_from_bcp': True}
2024-04-19 20:20:23,435 : INFO : EventManager : Event: ======'slide_hofab_title_active'====== Args={'_from_bcp': True}
2024-04-19 20:20:26,431 : INFO : EventManager : Event: ======'slide_fast_slide_removed'====== Args={'_from_bcp': True}
2024-04-19 20:20:26,436 : INFO : EventManager : Event: ======'slide_fast_slide_created'====== Args={'_from_bcp': True}
2024-04-19 20:20:26,436 : INFO : EventManager : Event: ======'slide_fast_slide_active'====== Args={'_from_bcp': True}
2024-04-19 20:20:29,432 : INFO : EventManager : Event: ======'slide_hofab_title_removed'====== Args={'_from_bcp': True}
2024-04-19 20:20:29,434 : INFO : EventManager : Event: ======'slide_hofab_title_created'====== Args={'_from_bcp': True}
2024-04-19 20:20:29,434 : INFO : EventManager : Event: ======'slide_hofab_title_active'====== Args={'_from_bcp': True}
2024-04-19 20:20:32,433 : INFO : EventManager : Event: ======'slide_fast_slide_removed'====== Args={'_from_bcp': True}
2024-04-19 20:20:32,435 : INFO : EventManager : Event: ======'slide_fast_slide_created'====== Args={'_from_bcp': True}
2024-04-19 20:20:32,436 : INFO : EventManager : Event: ======'slide_fast_slide_active'====== Args={'_from_bcp': True}
2024-04-19 20:20:35,426 : INFO : EventManager : Event: ======'slide_hofab_title_removed'====== Args={'_from_bcp': True}
2024-04-19 20:20:35,428 : INFO : EventManager : Event: ======'slide_hofab_title_created'====== Args={'_from_bcp': True}
2024-04-19 20:20:35,435 : INFO : EventManager : Event: ======'slide_hofab_title_active'====== Args={'_from_bcp': True}
2024-04-19 20:20:38,429 : INFO : EventManager : Event: ======'slide_fast_slide_removed'====== Args={'_from_bcp': True}
2024-04-19 20:20:38,430 : INFO : EventManager : Event: ======'slide_fast_slide_created'====== Args={'_from_bcp': True}
2024-04-19 20:20:38,430 : INFO : EventManager : Event: ======'slide_fast_slide_active'====== Args={'_from_bcp': True}
2024-04-19 20:20:40,656 : INFO : SwitchController : <<<<<<< 's_trough_1' active >>>>>>>
2024-04-19 20:20:40,756 : INFO : SwitchController : <<<<<<< 's_trough_1' inactive >>>>>>>
2024-04-19 20:20:41,020 : INFO : SwitchController : <<<<<<< 's_trough_1' active >>>>>>>
2024-04-19 20:20:41,426 : INFO : EventManager : Event: ======'slide_hofab_title_removed'====== Args={'_from_bcp': True}
2024-04-19 20:20:41,427 : INFO : EventManager : Event: ======'slide_hofab_title_created'====== Args={'_from_bcp': True}
2024-04-19 20:20:41,428 : INFO : EventManager : Event: ======'slide_hofab_title_active'====== Args={'_from_bcp': True}
2024-04-19 20:20:41,521 : INFO : EventManager : Event: ======'balldevice_bd_trough_ball_count_changed'====== Args={'balls': 1}
2024-04-19 20:20:41,521 : INFO : ball_device.bd_trough : Received unexpected ball
2024-04-19 20:20:41,521 : INFO : EventManager : Event: ======'balldevice_captured_from_playfield'====== Args={'balls': 1}
2024-04-19 20:20:41,522 : INFO : EventManager : Event: ======'sw_playfield_active'====== Args={'balls': 1}
2024-04-19 20:20:41,522 : INFO : EventManager : Event: ======'playfield_active'====== Args={}
2024-04-19 20:20:41,522 : INFO : EventManager : Event: ======'unexpected_ball_on_playfield'====== Args={}
2024-04-19 20:20:41,522 : INFO : EventManager : Event: ======'playfield_ball_count_change'====== Args={'balls': -1, 'change': -1}
2024-04-19 20:20:41,523 : INFO : EventManager : Event: ======'balldevice_playfield_ball_enter'====== Args={'new_balls': 1, 'unclaimed_balls': 1, 'device': <playfield.playfield>}
2024-04-19 20:20:41,523 : INFO : EventManager : Event: ======'playfield_ball_count_change'====== Args={'balls': 0, 'change': 1}
2024-04-19 20:20:41,523 : INFO : BallController : Found a new ball which was captured from playfield. Known balls: 1
2024-04-19 20:20:41,523 : INFO : EventManager : Event: ======'found_new_ball'====== Args={}
2024-04-19 20:20:41,523 : INFO : EventManager : Event: ======'balldevice_bd_trough_ball_enter'====== Args={'new_balls': 1, 'unclaimed_balls': 1, 'new_available_balls': 1, 'device': <ball_device.bd_trough>}
2024-04-19 20:20:41,524 : INFO : EventManager : Event: ======'ball_drain'====== Args={'device': <ball_device.bd_trough>, 'balls': 1}
2024-04-19 20:20:41,526 : INFO : EventManager : Event: ======'balldevice_balls_available'====== Args={}
2024-04-19 20:20:41,526 : INFO : EventManager : Event: ======'balldevice_bd_trough_ball_entered'====== Args={'new_balls': 1, 'device': <ball_device.bd_trough>}
2024-04-19 20:20:41,989 : INFO : SwitchController : <<<<<<< 's_start' active >>>>>>>
2024-04-19 20:20:42,122 : INFO : SwitchController : <<<<<<< 's_start' inactive >>>>>>>
2024-04-19 20:20:42,122 : INFO : EventManager : Event: ======'request_to_start_game'====== Args={}
2024-04-19 20:20:42,122 : INFO : EventManager : Event: ======'game_start'====== Args={'buttons': [], 'hold_time': 0.1322292090000019}
2024-04-19 20:20:42,123 : INFO : EventManager : Event: ======'mode_game_will_start'====== Args={'buttons': [], 'hold_time': 0.1322292090000019}
2024-04-19 20:20:42,123 : INFO : EventManager : Event: ======'mode_game_starting'====== Args={'buttons': [], 'hold_time': 0.1322292090000019}
2024-04-19 20:20:42,124 : INFO : EventManager : Event: ======'mode_attract_will_stop'====== Args={}
2024-04-19 20:20:42,124 : INFO : EventManager : Event: ======'mode_attract_stopping'====== Args={}
2024-04-19 20:20:42,124 : INFO : Mode.attract : Stopped.
2024-04-19 20:20:42,124 : INFO : EventManager : Event: ======'modes_active_modes_changed'====== Args={}
2024-04-19 20:20:42,125 : INFO : EventManager : Event: ======'mode_attract_stopped'====== Args={}
2024-04-19 20:20:42,125 : INFO : EventManager : Event: ======'clear'====== Args={'key': 'attract'}
2024-04-19 20:20:42,125 : INFO : Mode.game : Started. Priority: 20
2024-04-19 20:20:42,125 : INFO : EventManager : Event: ======'modes_active_modes_changed'====== Args={}
2024-04-19 20:20:42,125 : INFO : EventManager : Event: ======'mode_game_started'====== Args={'buttons': [], 'hold_time': 0.1322292090000019}
2024-04-19 20:20:42,129 : INFO : EventManager : Event: ======'game_will_start'====== Args={}
2024-04-19 20:20:42,129 : INFO : EventManager : Event: ======'game_starting'====== Args={'game': <Mode.game>}
2024-04-19 20:20:42,130 : INFO : EventManager : Unordered handler for class <Auditor> on event game_ended with priority 1. Handlers: [RegisteredHandler(callback=<bound method Auditor.disable of <Auditor>>, priority=1, kwargs={}, key=UUID('4f90545f-302e-421f-afef-65aba30a7439'), condition=None, blocking_facility=None), RegisteredHandler(callback=<bound method Auditor._save_audits of <Auditor>>, priority=1, kwargs={}, key=UUID('633bb31f-dcc9-4f2e-b8de-5b743b955f24'), condition=None, blocking_facility=None)]. The order of those handlers is not defined and they will be executed in random order. This might lead to race conditions and potential bugs.
2024-04-19 20:20:42,130 : INFO : EventManager : Event: ======'player_add_request'====== Args={}
2024-04-19 20:20:42,130 : INFO : EventManager : Event: ======'player_will_add'====== Args={'number': 1}
2024-04-19 20:20:42,130 : INFO : EventManager : Event: ======'player_adding'====== Args={'player': <Player 1>, 'number': 1}
2024-04-19 20:20:42,130 : INFO : EventManager : Event: ======'player_added'====== Args={'player': <Player 1>, 'num': 1}
2024-04-19 20:20:42,131 : INFO : Mode.game : Player added successfully. Total players: 1
2024-04-19 20:20:42,131 : INFO : EventManager : Event: ======'player_index'====== Args={'value': 0, 'prev_value': 0, 'change': 0, 'player_num': 1}
2024-04-19 20:20:42,131 : INFO : EventManager : Event: ======'player_number'====== Args={'value': 1, 'prev_value': 1, 'change': 0, 'player_num': 1}
2024-04-19 20:20:42,132 : INFO : EventManager : Event: ======'player_score'====== Args={'value': 0, 'prev_value': 0, 'change': 0, 'player_num': 1}
2024-04-19 20:20:42,133 : INFO : EventManager : Event: ======'game_started'====== Args={}
2024-04-19 20:20:42,139 : INFO : EventManager : Event: ======'player_turn_will_start'====== Args={'player': <Player 1>, 'number': 1}
2024-04-19 20:20:42,143 : INFO : EventManager : Event: ======'slide_fast_slide_removed'====== Args={'_from_bcp': True}
2024-04-19 20:20:42,143 : INFO : EventManager : Event: ======'slide_hofab_title_removed'====== Args={'_from_bcp': True}
2024-04-19 20:20:42,143 : INFO : EventManager : Event: ======'slide_window_blank_active'====== Args={'_from_bcp': True}
2024-04-19 20:20:42,143 : INFO : EventManager : Event: ======'player_turn_starting'====== Args={'player': <Player 1>, 'number': 1}
2024-04-19 20:20:42,143 : INFO : EventManager : Event: ======'player_ball'====== Args={'value': 1, 'prev_value': 0, 'change': 1, 'player_num': 1}
2024-04-19 20:20:42,144 : INFO : EventManager : Event: ======'player_turn_started'====== Args={'player': <Player 1>, 'number': 1}
2024-04-19 20:20:42,144 : INFO : EventManager : Event: ======'ball_will_start'====== Args={'player': 1, 'ball': 1, 'balls_remaining': 2, 'is_extra_ball': False}
2024-04-19 20:20:42,144 : INFO : EventManager : Event: ======'ball_starting'====== Args={'player': 1, 'ball': 1, 'balls_remaining': 2, 'is_extra_ball': False}
2024-04-19 20:20:42,145 : INFO : EventManager : Event: ======'mode_base_will_start'====== Args={'queue': <QueuedEvent>, 'player': 1, 'ball': 1, 'balls_remaining': 2, 'is_extra_ball': False}
2024-04-19 20:20:42,145 : INFO : EventManager : Event: ======'player_shot_r_pop_enabled'====== Args={'value': True, 'prev_value': 0, 'change': 1, 'player_num': 1}
2024-04-19 20:20:42,145 : INFO : EventManager : Event: ======'player_shot_r_sling_l_enabled'====== Args={'value': True, 'prev_value': 0, 'change': 1, 'player_num': 1}
2024-04-19 20:20:42,146 : INFO : EventManager : Event: ======'player_shot_r_sling_r_enabled'====== Args={'value': True, 'prev_value': 0, 'change': 1, 'player_num': 1}
2024-04-19 20:20:42,146 : INFO : EventManager : Event: ======'mode_base_starting'====== Args={'queue': <QueuedEvent>, 'player': 1, 'ball': 1, 'balls_remaining': 2, 'is_extra_ball': False}
2024-04-19 20:20:42,147 : INFO : EventManager : Event: ======'waiting_for_launch_press'====== Args={}
2024-04-19 20:20:42,147 : INFO : EventManager : Event: ======'mode_launch_shows_will_start'====== Args={}
2024-04-19 20:20:42,147 : INFO : EventManager : Event: ======'mode_launch_shows_starting'====== Args={}
2024-04-19 20:20:42,147 : INFO : Mode.launch_shows : Started. Priority: 180
2024-04-19 20:20:42,147 : INFO : EventManager : Event: ======'modes_active_modes_changed'====== Args={}
2024-04-19 20:20:42,148 : INFO : EventManager : Event: ======'mode_launch_shows_started'====== Args={}
2024-04-19 20:20:42,148 : INFO : Mode.base : Started. Priority: 100
2024-04-19 20:20:42,149 : INFO : EventManager : Event: ======'modes_active_modes_changed'====== Args={}
2024-04-19 20:20:42,149 : INFO : EventManager : Event: ======'mode_base_started'====== Args={'queue': <QueuedEvent>, 'player': 1, 'ball': 1, 'balls_remaining': 2, 'is_extra_ball': False}
2024-04-19 20:20:42,165 : INFO : EventManager : Event: ======'slide_launch_slide_created'====== Args={'_from_bcp': True}
2024-04-19 20:20:42,165 : INFO : EventManager : Event: ======'slide_launch_slide_active'====== Args={'_from_bcp': True}
2024-04-19 20:22:22,163 : INFO : EventManager : Event: ======'slide_launch_slide_removed'====== Args={'_from_bcp': True}
2024-04-19 20:22:22,166 : INFO : EventManager : Event: ======'slide_launch_slide_created'====== Args={'_from_bcp': True}
2024-04-19 20:22:22,169 : INFO : EventManager : Event: ======'slide_launch_slide_active'====== Args={'_from_bcp': True}
2024-04-19 20:24:02,162 : INFO : EventManager : Event: ======'slide_launch_slide_removed'====== Args={'_from_bcp': True}
2024-04-19 20:24:02,165 : INFO : EventManager : Event: ======'slide_launch_slide_created'====== Args={'_from_bcp': True}
2024-04-19 20:24:02,167 : INFO : EventManager : Event: ======'slide_launch_slide_active'====== Args={'_from_bcp': True}
2024-04-19 20:25:22,705 : INFO : Machine : Shutting down...
2024-04-19 20:25:22,706 : INFO : EventManager : Event: ======'shutdown'====== Args={}
2024-04-19 20:25:22,710 : INFO : EventManager : Event: ======'mode_game_will_stop'====== Args={}
2024-04-19 20:25:22,711 : INFO : EventManager : Event: ======'mode_game_stopping'====== Args={}
2024-04-19 20:25:22,712 : INFO : EventManager : Event: ======'mode_base_will_stop'====== Args={}
2024-04-19 20:25:22,712 : INFO : EventManager : Event: ======'mode_base_stopping'====== Args={}
2024-04-19 20:25:22,712 : INFO : EventManager : Event: ======'mode_launch_shows_will_stop'====== Args={}
2024-04-19 20:25:22,712 : INFO : EventManager : Event: ======'mode_launch_shows_stopping'====== Args={}
2024-04-19 20:25:22,713 : INFO : Mode.launch_shows : Stopped.
2024-04-19 20:25:22,713 : INFO : EventManager : Event: ======'modes_active_modes_changed'====== Args={}
2024-04-19 20:25:22,714 : INFO : EventManager : Event: ======'mode_launch_shows_stopped'====== Args={}
2024-04-19 20:25:22,714 : INFO : EventManager : Event: ======'clear'====== Args={'key': 'launch_shows'}
2024-04-19 20:25:22,714 : INFO : Mode.base : Stopped.
2024-04-19 20:25:22,714 : INFO : EventManager : Event: ======'modes_active_modes_changed'====== Args={}
2024-04-19 20:25:22,714 : INFO : EventManager : Event: ======'mode_base_stopped'====== Args={}
2024-04-19 20:25:22,714 : INFO : EventManager : Event: ======'clear'====== Args={'key': 'base'}
2024-04-19 20:25:22,715 : INFO : Mode.game : Stopped.
2024-04-19 20:25:22,715 : INFO : EventManager : Event: ======'modes_active_modes_changed'====== Args={}
2024-04-19 20:25:22,715 : INFO : EventManager : Event: ======'mode_game_stopped'====== Args={}
2024-04-19 20:25:22,715 : INFO : EventManager : Event: ======'clear'====== Args={'key': 'game'}
2024-04-19 20:25:23,717 : INFO : root : MPF run loop ended.
