2024-04-05 06:59:13,169 : INFO : root : Loading config.
2024-04-05 06:59:13,171 : INFO : YamlMultifileConfigLoader : Machine config file #1: config.yaml
2024-04-05 06:59:13,172 : INFO : ConfigProcessor : Loading config from cache: /var/folders/l2/q8hj_6s91xnb2jxg1sqm0h7r0000gn/T/871505f0f2d2915bd502f0a1fb110f3b.mpf_cache
2024-04-05 06:59:13,192 : INFO : ConfigProcessor : Loading config from cache: /var/folders/l2/q8hj_6s91xnb2jxg1sqm0h7r0000gn/T/640347d32029b3f32c9ad31d7a1b4b81.mpf_cache
2024-04-05 06:59:13,193 : INFO : ConfigProcessor : Loading config from cache: /var/folders/l2/q8hj_6s91xnb2jxg1sqm0h7r0000gn/T/edcc5f1d3215b377c9faab88c62e4ce0.mpf_cache
2024-04-05 06:59:13,193 : INFO : ConfigProcessor : Loading config from cache: /var/folders/l2/q8hj_6s91xnb2jxg1sqm0h7r0000gn/T/640347d32029b3f32c9ad31d7a1b4b81.mpf_cache
2024-04-05 06:59:13,193 : WARNING : ConfigProcessor : Config file in cache changed: /Users/tannerpetch/Documents/GitHub/lofab/modes/base/config/base.yaml
2024-04-05 06:59:13,193 : INFO : ConfigProcessor : Loading config from file /Users/tannerpetch/Documents/GitHub/lofab/modes/base/config/base.yaml.
2024-04-05 06:59:13,194 : INFO : ConfigProcessor : Loading config: /Users/tannerpetch/Documents/GitHub/lofab/modes/base/config/base.yaml
2024-04-05 06:59:13,195 : INFO : ConfigProcessor : Config file cache created: /var/folders/l2/q8hj_6s91xnb2jxg1sqm0h7r0000gn/T/f97c90855879603280fcc571f5c42639.mpf_cache
2024-04-05 06:59:13,195 : INFO : ConfigProcessor : Loading config from cache: /var/folders/l2/q8hj_6s91xnb2jxg1sqm0h7r0000gn/T/3dbc438e88423aa3ff742db2713b600f.mpf_cache
2024-04-05 06:59:13,196 : INFO : ConfigProcessor : Loading config from cache: /var/folders/l2/q8hj_6s91xnb2jxg1sqm0h7r0000gn/T/ab100dbe0e16472b56f0213f3842a00f.mpf_cache
2024-04-05 06:59:13,198 : INFO : ConfigProcessor : Loading config from cache: /var/folders/l2/q8hj_6s91xnb2jxg1sqm0h7r0000gn/T/0f3c951d4c93079ae3fac6429c5bc2ee.mpf_cache
2024-04-05 06:59:13,198 : INFO : ConfigProcessor : Loading config from cache: /var/folders/l2/q8hj_6s91xnb2jxg1sqm0h7r0000gn/T/8bf004783a280ac33d17b88f37848116.mpf_cache
2024-04-05 06:59:13,199 : INFO : ConfigProcessor : Loading config from cache: /var/folders/l2/q8hj_6s91xnb2jxg1sqm0h7r0000gn/T/d5d50eaa09e055f3a827c6269a3aa165.mpf_cache
2024-04-05 06:59:13,199 : INFO : Machine : Mission Pinball Framework Core Engine v0.57.1.dev3
2024-04-05 06:59:13,199 : INFO : Machine : Command line arguments: {'no_load_cache': False, 'create_config_cache': True, 'bcp': False, 'configfile': ['config.yaml'], 'force_assets_load': False, 'platform_integration_test': False, 'jsonlogging': False, 'logfile': 'logs/2024-04-05-06-59-13-mpf-Tanners-Laptop.local.log', 'pause': False, 'production': False, 'text_ui': True, 'loglevel': 15, 'consoleloglevel': 20, 'force_platform': 'virtual', 'syslog_address': None, 'mc_file_name': None, 'no_sound': False}
2024-04-05 06:59:13,199 : INFO : Machine : MPF path: /Library/Frameworks/Python.framework/Versions/3.9/lib/python3.9/site-packages/mpf
2024-04-05 06:59:13,199 : INFO : Machine : Machine path: /Users/tannerpetch/Documents/GitHub/lofab
2024-04-05 06:59:13,199 : INFO : Machine : Platform: darwin
2024-04-05 06:59:13,199 : INFO : Machine : Python executable location: /Library/Frameworks/Python.framework/Versions/3.9/bin/python3.9
2024-04-05 06:59:13,199 : INFO : Machine : Python version: 3.9.13 (64-bit)
2024-04-05 06:59:13,200 : INFO : Machine : Initializing MPF...
2024-04-05 06:59:13,219 : INFO : EventManager : Event: ======'machine_var_credits_string'====== Args={'value': 'FREE PLAY', 'prev_value': None, 'change': True}
2024-04-05 06:59:13,230 : INFO : EventManager : Event: ======'machine_var_master_volume'====== Args={'value': 0.5, 'prev_value': None, 'change': True}
2024-04-05 06:59:13,230 : INFO : EventManager : Event: ======'machine_var_player1_score'====== Args={'value': 0, 'prev_value': None, 'change': True}
2024-04-05 06:59:13,230 : INFO : EventManager : Event: ======'machine_var_mpf_version'====== Args={'value': 'Mission Pinball Framework v0.57.1.dev3', 'prev_value': None, 'change': True}
2024-04-05 06:59:13,230 : INFO : EventManager : Event: ======'machine_var_mpf_extended_version'====== Args={'value': 'Mission Pinball Framework v0.57.1.dev3, Config version:6, Show version: 6, BCP version:1.1', 'prev_value': None, 'change': True}
2024-04-05 06:59:13,230 : INFO : EventManager : Event: ======'machine_var_python_version'====== Args={'value': '3.9.13', 'prev_value': None, 'change': True}
2024-04-05 06:59:13,237 : INFO : EventManager : Event: ======'machine_var_platform'====== Args={'value': 'macOS-14.3-arm64-arm-64bit', 'prev_value': None, 'change': True}
2024-04-05 06:59:13,237 : INFO : EventManager : Event: ======'machine_var_platform_system'====== Args={'value': 'Darwin', 'prev_value': None, 'change': True}
2024-04-05 06:59:13,237 : INFO : EventManager : Event: ======'machine_var_platform_release'====== Args={'value': '23.3.0', 'prev_value': None, 'change': True}
2024-04-05 06:59:13,237 : INFO : EventManager : Event: ======'machine_var_platform_version'====== Args={'value': 'Darwin Kernel Version 23.3.0: Thu Dec 21 02:29:41 PST 2023; root:xnu-10002.81.5~11/RELEASE_ARM64_T8122', 'prev_value': None, 'change': True}
2024-04-05 06:59:13,237 : INFO : EventManager : Event: ======'machine_var_platform_machine'====== Args={'value': 'arm64', 'prev_value': None, 'change': True}
2024-04-05 06:59:13,237 : INFO : EventManager : Event: ======'init_phase_1'====== Args={}
2024-04-05 06:59:13,249 : INFO : EventManager : Event: ======'init_phase_2'====== Args={}
2024-04-05 06:59:13,250 : INFO : ball_device.bd_vuk : BCH: Initial count: 0
2024-04-05 06:59:13,250 : INFO : ball_device.bd_vuk : State: idle
2024-04-05 06:59:13,250 : INFO : ball_device.bd_trough : BCH: Initial count: 0
2024-04-05 06:59:13,250 : INFO : ball_device.bd_trough : State: idle
2024-04-05 06:59:13,254 : INFO : EventManager : Event: ======'init_phase_3'====== Args={}
2024-04-05 06:59:13,398 : INFO : EventManager : Event: ======'init_phase_4'====== Args={}
2024-04-05 06:59:13,399 : INFO : BallController : Initial balls found: 0
2024-04-05 06:59:13,400 : INFO : EventManager : Event: ======'machine_var_audits_events_game_ended'====== Args={'value': 44, 'prev_value': None, 'change': True}
2024-04-05 06:59:13,400 : INFO : EventManager : Event: ======'machine_var_audits_events_game_started'====== Args={'value': 121, 'prev_value': None, 'change': True}
2024-04-05 06:59:13,400 : INFO : EventManager : Event: ======'machine_var_audits_missing_switches_s_e'====== Args={'value': 1, 'prev_value': None, 'change': True}
2024-04-05 06:59:13,400 : INFO : EventManager : Event: ======'machine_var_audits_missing_switches_s_flipper_l'====== Args={'value': 1, 'prev_value': None, 'change': True}
2024-04-05 06:59:13,400 : INFO : EventManager : Event: ======'machine_var_audits_missing_switches_s_flipper_r'====== Args={'value': 1, 'prev_value': None, 'change': True}
2024-04-05 06:59:13,400 : INFO : EventManager : Event: ======'machine_var_audits_missing_switches_s_h'====== Args={'value': 1, 'prev_value': None, 'change': True}
2024-04-05 06:59:13,400 : INFO : EventManager : Event: ======'machine_var_audits_missing_switches_s_launch'====== Args={'value': 1, 'prev_value': None, 'change': True}
2024-04-05 06:59:13,400 : INFO : EventManager : Event: ======'machine_var_audits_missing_switches_s_pop'====== Args={'value': 1, 'prev_value': None, 'change': True}
2024-04-05 06:59:13,400 : INFO : EventManager : Event: ======'machine_var_audits_missing_switches_s_ramp_complete'====== Args={'value': 1, 'prev_value': None, 'change': True}
2024-04-05 06:59:13,400 : INFO : EventManager : Event: ======'machine_var_audits_missing_switches_s_ramp_l'====== Args={'value': 1, 'prev_value': None, 'change': True}
2024-04-05 06:59:13,400 : INFO : EventManager : Event: ======'machine_var_audits_missing_switches_s_ramp_r'====== Args={'value': 1, 'prev_value': None, 'change': True}
2024-04-05 06:59:13,400 : INFO : EventManager : Event: ======'machine_var_audits_missing_switches_s_sling_l'====== Args={'value': 1, 'prev_value': None, 'change': True}
2024-04-05 06:59:13,400 : INFO : EventManager : Event: ======'machine_var_audits_missing_switches_s_sling_r'====== Args={'value': 1, 'prev_value': None, 'change': True}
2024-04-05 06:59:13,400 : INFO : EventManager : Event: ======'machine_var_audits_missing_switches_s_spinner'====== Args={'value': 1, 'prev_value': None, 'change': True}
2024-04-05 06:59:13,400 : INFO : EventManager : Event: ======'machine_var_audits_missing_switches_s_start'====== Args={'value': 1, 'prev_value': None, 'change': True}
2024-04-05 06:59:13,400 : INFO : EventManager : Event: ======'machine_var_audits_missing_switches_s_stationary_S'====== Args={'value': 1, 'prev_value': None, 'change': True}
2024-04-05 06:59:13,400 : INFO : EventManager : Event: ======'machine_var_audits_missing_switches_s_stationary_back'====== Args={'value': 1, 'prev_value': None, 'change': True}
2024-04-05 06:59:13,400 : INFO : EventManager : Event: ======'machine_var_audits_missing_switches_s_stationary_o'====== Args={'value': 1, 'prev_value': None, 'change': True}
2024-04-05 06:59:13,400 : INFO : EventManager : Event: ======'machine_var_audits_missing_switches_s_stationay_u'====== Args={'value': 1, 'prev_value': None, 'change': True}
2024-04-05 06:59:13,400 : INFO : EventManager : Event: ======'machine_var_audits_missing_switches_s_trough_1'====== Args={'value': 1, 'prev_value': None, 'change': True}
2024-04-05 06:59:13,400 : INFO : EventManager : Event: ======'machine_var_audits_missing_switches_s_trough_2'====== Args={'value': 1, 'prev_value': None, 'change': True}
2024-04-05 06:59:13,401 : INFO : EventManager : Event: ======'machine_var_audits_missing_switches_s_trough_3'====== Args={'value': 1, 'prev_value': None, 'change': True}
2024-04-05 06:59:13,401 : INFO : EventManager : Event: ======'machine_var_audits_missing_switches_s_trough_4'====== Args={'value': 1, 'prev_value': None, 'change': True}
2024-04-05 06:59:13,401 : INFO : EventManager : Event: ======'machine_var_audits_missing_switches_s_vuk'====== Args={'value': 1, 'prev_value': None, 'change': True}
2024-04-05 06:59:13,401 : INFO : EventManager : Event: ======'machine_var_audits_player_score'====== Args={'value': {'average': 0.0, 'top': [0, 0, 0, 0, 0, 0, 0, 0, 0, 0], 'total': 44}, 'prev_value': None, 'change': True}
2024-04-05 06:59:13,401 : INFO : EventManager : Event: ======'machine_var_audits_switches_s_9'====== Args={'value': 0, 'prev_value': None, 'change': True}
2024-04-05 06:59:13,401 : INFO : EventManager : Event: ======'machine_var_audits_switches_s_autolauncher'====== Args={'value': 422, 'prev_value': None, 'change': True}
2024-04-05 06:59:13,401 : INFO : EventManager : Event: ======'machine_var_audits_switches_s_b_eos'====== Args={'value': 2450, 'prev_value': None, 'change': True}
2024-04-05 06:59:13,401 : INFO : EventManager : Event: ======'machine_var_audits_switches_s_b_pop'====== Args={'value': 446, 'prev_value': None, 'change': True}
2024-04-05 06:59:13,401 : INFO : EventManager : Event: ======'machine_var_audits_switches_s_b_rollover_interchange'====== Args={'value': 10, 'prev_value': None, 'change': True}
2024-04-05 06:59:13,401 : INFO : EventManager : Event: ======'machine_var_audits_switches_s_b_rollover_loop'====== Args={'value': 24, 'prev_value': None, 'change': True}
2024-04-05 06:59:13,401 : INFO : EventManager : Event: ======'machine_var_audits_switches_s_b_rollover_misc'====== Args={'value': 33, 'prev_value': None, 'change': True}
2024-04-05 06:59:13,401 : INFO : EventManager : Event: ======'machine_var_audits_switches_s_b_target_left'====== Args={'value': 21, 'prev_value': None, 'change': True}
2024-04-05 06:59:13,401 : INFO : EventManager : Event: ======'machine_var_audits_switches_s_b_target_right'====== Args={'value': 39, 'prev_value': None, 'change': True}
2024-04-05 06:59:13,401 : INFO : EventManager : Event: ======'machine_var_audits_switches_s_drop_mid_center'====== Args={'value': 113, 'prev_value': None, 'change': True}
2024-04-05 06:59:13,401 : INFO : EventManager : Event: ======'machine_var_audits_switches_s_drop_mid_left'====== Args={'value': 76, 'prev_value': None, 'change': True}
2024-04-05 06:59:13,401 : INFO : EventManager : Event: ======'machine_var_audits_switches_s_drop_mid_right'====== Args={'value': 96, 'prev_value': None, 'change': True}
2024-04-05 06:59:13,401 : INFO : EventManager : Event: ======'machine_var_audits_switches_s_drop_right_left'====== Args={'value': 32, 'prev_value': None, 'change': True}
2024-04-05 06:59:13,401 : INFO : EventManager : Event: ======'machine_var_audits_switches_s_drop_right_right'====== Args={'value': 32, 'prev_value': None, 'change': True}
2024-04-05 06:59:13,402 : INFO : EventManager : Event: ======'machine_var_audits_switches_s_drop_scoop'====== Args={'value': 0, 'prev_value': None, 'change': True}
2024-04-05 06:59:13,402 : INFO : EventManager : Event: ======'machine_var_audits_switches_s_drop_single'====== Args={'value': 24, 'prev_value': None, 'change': True}
2024-04-05 06:59:13,402 : INFO : EventManager : Event: ======'machine_var_audits_switches_s_e'====== Args={'value': 0, 'prev_value': None, 'change': True}
2024-04-05 06:59:13,402 : INFO : EventManager : Event: ======'machine_var_audits_switches_s_flip_left_eos'====== Args={'value': 25095, 'prev_value': None, 'change': True}
2024-04-05 06:59:13,402 : INFO : EventManager : Event: ======'machine_var_audits_switches_s_flip_left_top_eos'====== Args={'value': 1729, 'prev_value': None, 'change': True}
2024-04-05 06:59:13,402 : INFO : EventManager : Event: ======'machine_var_audits_switches_s_flip_right_eos'====== Args={'value': 2110, 'prev_value': None, 'change': True}
2024-04-05 06:59:13,402 : INFO : EventManager : Event: ======'machine_var_audits_switches_s_flipper_l'====== Args={'value': 251, 'prev_value': None, 'change': True}
2024-04-05 06:59:13,402 : INFO : EventManager : Event: ======'machine_var_audits_switches_s_flipper_r'====== Args={'value': 166, 'prev_value': None, 'change': True}
2024-04-05 06:59:13,402 : INFO : EventManager : Event: ======'machine_var_audits_switches_s_h'====== Args={'value': 0, 'prev_value': None, 'change': True}
2024-04-05 06:59:13,402 : INFO : EventManager : Event: ======'machine_var_audits_switches_s_inlane_left'====== Args={'value': 31, 'prev_value': None, 'change': True}
2024-04-05 06:59:13,402 : INFO : EventManager : Event: ======'machine_var_audits_switches_s_inlane_right'====== Args={'value': 59, 'prev_value': None, 'change': True}
2024-04-05 06:59:13,402 : INFO : EventManager : Event: ======'machine_var_audits_switches_s_l_rollover'====== Args={'value': 9, 'prev_value': None, 'change': True}
2024-04-05 06:59:13,402 : INFO : EventManager : Event: ======'machine_var_audits_switches_s_l_target_far'====== Args={'value': 9, 'prev_value': None, 'change': True}
2024-04-05 06:59:13,402 : INFO : EventManager : Event: ======'machine_var_audits_switches_s_l_target_large'====== Args={'value': 9, 'prev_value': None, 'change': True}
2024-04-05 06:59:13,402 : INFO : EventManager : Event: ======'machine_var_audits_switches_s_l_target_left'====== Args={'value': 10, 'prev_value': None, 'change': True}
2024-04-05 06:59:13,403 : INFO : EventManager : Event: ======'machine_var_audits_switches_s_l_target_right'====== Args={'value': 9, 'prev_value': None, 'change': True}
2024-04-05 06:59:13,403 : INFO : EventManager : Event: ======'machine_var_audits_switches_s_l_vuk'====== Args={'value': 9, 'prev_value': None, 'change': True}
2024-04-05 06:59:13,403 : INFO : EventManager : Event: ======'machine_var_audits_switches_s_launch'====== Args={'value': 460, 'prev_value': None, 'change': True}
2024-04-05 06:59:13,403 : INFO : EventManager : Event: ======'machine_var_audits_switches_s_left_flipper_1'====== Args={'value': 1947, 'prev_value': None, 'change': True}
2024-04-05 06:59:13,403 : INFO : EventManager : Event: ======'machine_var_audits_switches_s_left_flipper_2'====== Args={'value': 651, 'prev_value': None, 'change': True}
2024-04-05 06:59:13,403 : INFO : EventManager : Event: ======'machine_var_audits_switches_s_lock_1'====== Args={'value': 1, 'prev_value': None, 'change': True}
2024-04-05 06:59:13,403 : INFO : EventManager : Event: ======'machine_var_audits_switches_s_lock_2'====== Args={'value': 1, 'prev_value': None, 'change': True}
2024-04-05 06:59:13,403 : INFO : EventManager : Event: ======'machine_var_audits_switches_s_lock_3'====== Args={'value': 1, 'prev_value': None, 'change': True}
2024-04-05 06:59:13,403 : INFO : EventManager : Event: ======'machine_var_audits_switches_s_outlane_left'====== Args={'value': 12, 'prev_value': None, 'change': True}
2024-04-05 06:59:13,403 : INFO : EventManager : Event: ======'machine_var_audits_switches_s_outlane_right'====== Args={'value': 28, 'prev_value': None, 'change': True}
2024-04-05 06:59:13,403 : INFO : EventManager : Event: ======'machine_var_audits_switches_s_pop'====== Args={'value': 62, 'prev_value': None, 'change': True}
2024-04-05 06:59:13,403 : INFO : EventManager : Event: ======'machine_var_audits_switches_s_pop_left'====== Args={'value': 152, 'prev_value': None, 'change': True}
2024-04-05 06:59:13,404 : INFO : EventManager : Event: ======'machine_var_audits_switches_s_pop_lower'====== Args={'value': 560, 'prev_value': None, 'change': True}
2024-04-05 06:59:13,404 : INFO : EventManager : Event: ======'machine_var_audits_switches_s_pop_right'====== Args={'value': 2348, 'prev_value': None, 'change': True}
2024-04-05 06:59:13,404 : INFO : EventManager : Event: ======'machine_var_audits_switches_s_ramp_complete'====== Args={'value': 0, 'prev_value': None, 'change': True}
2024-04-05 06:59:13,404 : INFO : EventManager : Event: ======'machine_var_audits_switches_s_ramp_l'====== Args={'value': 0, 'prev_value': None, 'change': True}
2024-04-05 06:59:13,404 : INFO : EventManager : Event: ======'machine_var_audits_switches_s_ramp_r'====== Args={'value': 0, 'prev_value': None, 'change': True}
2024-04-05 06:59:13,404 : INFO : EventManager : Event: ======'machine_var_audits_switches_s_right_flipper_1'====== Args={'value': 3494, 'prev_value': None, 'change': True}
2024-04-05 06:59:13,404 : INFO : EventManager : Event: ======'machine_var_audits_switches_s_right_flipper_2'====== Args={'value': 3304, 'prev_value': None, 'change': True}
2024-04-05 06:59:13,404 : INFO : EventManager : Event: ======'machine_var_audits_switches_s_rollover_left'====== Args={'value': 84, 'prev_value': None, 'change': True}
2024-04-05 06:59:13,404 : INFO : EventManager : Event: ======'machine_var_audits_switches_s_rollover_right'====== Args={'value': 488, 'prev_value': None, 'change': True}
2024-04-05 06:59:13,404 : INFO : EventManager : Event: ======'machine_var_audits_switches_s_sling_l'====== Args={'value': 35, 'prev_value': None, 'change': True}
2024-04-05 06:59:13,404 : INFO : EventManager : Event: ======'machine_var_audits_switches_s_sling_left'====== Args={'value': 159, 'prev_value': None, 'change': True}
2024-04-05 06:59:13,405 : INFO : EventManager : Event: ======'machine_var_audits_switches_s_sling_r'====== Args={'value': 32, 'prev_value': None, 'change': True}
2024-04-05 06:59:13,405 : INFO : EventManager : Event: ======'machine_var_audits_switches_s_sling_right'====== Args={'value': 237, 'prev_value': None, 'change': True}
2024-04-05 06:59:13,405 : INFO : EventManager : Event: ======'machine_var_audits_switches_s_spinner'====== Args={'value': 0, 'prev_value': None, 'change': True}
2024-04-05 06:59:13,405 : INFO : EventManager : Event: ======'machine_var_audits_switches_s_start'====== Args={'value': 118, 'prev_value': None, 'change': True}
2024-04-05 06:59:13,405 : INFO : EventManager : Event: ======'machine_var_audits_switches_s_stationary_S'====== Args={'value': 0, 'prev_value': None, 'change': True}
2024-04-05 06:59:13,405 : INFO : EventManager : Event: ======'machine_var_audits_switches_s_stationary_back'====== Args={'value': 28, 'prev_value': None, 'change': True}
2024-04-05 06:59:13,405 : INFO : EventManager : Event: ======'machine_var_audits_switches_s_stationary_l'====== Args={'value': 43, 'prev_value': None, 'change': True}
2024-04-05 06:59:13,405 : INFO : EventManager : Event: ======'machine_var_audits_switches_s_stationary_o'====== Args={'value': 0, 'prev_value': None, 'change': True}
2024-04-05 06:59:13,405 : INFO : EventManager : Event: ======'machine_var_audits_switches_s_stationary_right'====== Args={'value': 23, 'prev_value': None, 'change': True}
2024-04-05 06:59:13,405 : INFO : EventManager : Event: ======'machine_var_audits_switches_s_stationay_u'====== Args={'value': 0, 'prev_value': None, 'change': True}
2024-04-05 06:59:13,406 : INFO : EventManager : Event: ======'machine_var_audits_switches_s_tilt'====== Args={'value': 2735, 'prev_value': None, 'change': True}
2024-04-05 06:59:13,406 : INFO : EventManager : Event: ======'machine_var_audits_switches_s_trough_1'====== Args={'value': 64, 'prev_value': None, 'change': True}
2024-04-05 06:59:13,406 : INFO : EventManager : Event: ======'machine_var_audits_switches_s_trough_2'====== Args={'value': 504, 'prev_value': None, 'change': True}
2024-04-05 06:59:13,406 : INFO : EventManager : Event: ======'machine_var_audits_switches_s_trough_3'====== Args={'value': 459, 'prev_value': None, 'change': True}
2024-04-05 06:59:13,406 : INFO : EventManager : Event: ======'machine_var_audits_switches_s_trough_4'====== Args={'value': 506, 'prev_value': None, 'change': True}
2024-04-05 06:59:13,406 : INFO : EventManager : Event: ======'machine_var_audits_switches_s_trough_5'====== Args={'value': 284, 'prev_value': None, 'change': True}
2024-04-05 06:59:13,406 : INFO : EventManager : Event: ======'machine_var_audits_switches_s_trough_6'====== Args={'value': 277, 'prev_value': None, 'change': True}
2024-04-05 06:59:13,407 : INFO : EventManager : Event: ======'machine_var_audits_switches_s_trough_jam'====== Args={'value': 344, 'prev_value': None, 'change': True}
2024-04-05 06:59:13,407 : INFO : EventManager : Event: ======'machine_var_audits_switches_s_u_lane_l'====== Args={'value': 15, 'prev_value': None, 'change': True}
2024-04-05 06:59:13,407 : INFO : EventManager : Event: ======'machine_var_audits_switches_s_u_lane_r'====== Args={'value': 20, 'prev_value': None, 'change': True}
2024-04-05 06:59:13,407 : INFO : EventManager : Event: ======'machine_var_audits_switches_s_u_rollover'====== Args={'value': 10, 'prev_value': None, 'change': True}
2024-04-05 06:59:13,407 : INFO : EventManager : Event: ======'machine_var_audits_switches_s_u_target'====== Args={'value': 8, 'prev_value': None, 'change': True}
2024-04-05 06:59:13,407 : INFO : EventManager : Event: ======'machine_var_audits_switches_s_vuk'====== Args={'value': 15, 'prev_value': None, 'change': True}
2024-04-05 06:59:13,407 : INFO : EventManager : Event: ======'machine_var_audits_switches_s_vuk_back'====== Args={'value': 489, 'prev_value': None, 'change': True}
2024-04-05 06:59:13,407 : INFO : EventManager : Event: ======'machine_var_audits_switches_s_vuk_right'====== Args={'value': 1, 'prev_value': None, 'change': True}
2024-04-05 06:59:13,408 : INFO : EventManager : Event: ======'init_phase_5'====== Args={}
2024-04-05 06:59:13,408 : INFO : EventManager : Event: ======'init_done'====== Args={}
2024-04-05 06:59:13,409 : INFO : EventManager : Event: ======'machine_reset_phase_1'====== Args={}
2024-04-05 06:59:13,409 : INFO : EventManager : Event: ======'machine_reset_phase_2'====== Args={}
2024-04-05 06:59:13,409 : INFO : EventManager : Event: ======'machine_reset_phase_3'====== Args={}
2024-04-05 06:59:13,409 : INFO : EventManager : Event: ======'reset_complete'====== Args={}
2024-04-05 06:59:13,409 : INFO : EventManager : Event: ======'mode_attract_will_start'====== Args={}
2024-04-05 06:59:13,409 : INFO : EventManager : Event: ======'mode_attract_starting'====== Args={}
2024-04-05 06:59:13,409 : INFO : Mode.attract : Started. Priority: 10
2024-04-05 06:59:13,409 : INFO : EventManager : Event: ======'modes_active_modes_changed'====== Args={}
2024-04-05 06:59:13,409 : INFO : EventManager : Event: ======'mode_attract_started'====== Args={}
2024-04-05 06:59:13,409 : INFO : EventManager : Event: ======'collecting_balls_complete'====== Args={}
2024-04-05 06:59:13,409 : INFO : Machine : Starting the main run loop.
2024-04-05 06:59:13,950 : INFO : BcpServer : New client connected.
2024-04-05 06:59:16,796 : INFO : SwitchController : <<<<<<< 's_trough_1' active >>>>>>>
2024-04-05 06:59:16,929 : INFO : SwitchController : <<<<<<< 's_trough_1' inactive >>>>>>>
2024-04-05 06:59:17,349 : INFO : SwitchController : <<<<<<< 's_trough_1' active >>>>>>>
2024-04-05 06:59:17,849 : INFO : EventManager : Event: ======'balldevice_bd_trough_ball_count_changed'====== Args={'balls': 1}
2024-04-05 06:59:17,850 : INFO : ball_device.bd_trough : Received unexpected ball
2024-04-05 06:59:17,850 : INFO : EventManager : Event: ======'balldevice_captured_from_playfield'====== Args={'balls': 1}
2024-04-05 06:59:17,850 : INFO : EventManager : Event: ======'sw_playfield_active'====== Args={'balls': 1}
2024-04-05 06:59:17,850 : INFO : EventManager : Event: ======'playfield_active'====== Args={}
2024-04-05 06:59:17,851 : INFO : EventManager : Event: ======'unexpected_ball_on_playfield'====== Args={}
2024-04-05 06:59:17,851 : INFO : EventManager : Event: ======'playfield_ball_count_change'====== Args={'balls': -1, 'change': -1}
2024-04-05 06:59:17,851 : INFO : EventManager : Event: ======'balldevice_playfield_ball_enter'====== Args={'new_balls': 1, 'unclaimed_balls': 1, 'device': <playfield.playfield>}
2024-04-05 06:59:17,852 : INFO : EventManager : Event: ======'playfield_ball_count_change'====== Args={'balls': 0, 'change': 1}
2024-04-05 06:59:17,852 : INFO : BallController : Found a new ball which was captured from playfield. Known balls: 1
2024-04-05 06:59:17,852 : INFO : EventManager : Event: ======'found_new_ball'====== Args={}
2024-04-05 06:59:17,852 : INFO : EventManager : Event: ======'balldevice_bd_trough_ball_enter'====== Args={'new_balls': 1, 'unclaimed_balls': 1, 'new_available_balls': 1, 'device': <ball_device.bd_trough>}
2024-04-05 06:59:17,852 : INFO : EventManager : Event: ======'ball_drain'====== Args={'device': <ball_device.bd_trough>, 'balls': 1}
2024-04-05 06:59:17,853 : INFO : EventManager : Event: ======'balldevice_balls_available'====== Args={}
2024-04-05 06:59:17,853 : INFO : EventManager : Event: ======'balldevice_bd_trough_ball_entered'====== Args={'new_balls': 1, 'device': <ball_device.bd_trough>}
2024-04-05 06:59:18,791 : INFO : SwitchController : <<<<<<< 's_trough_2' active >>>>>>>
2024-04-05 06:59:19,292 : INFO : EventManager : Event: ======'balldevice_bd_trough_ball_count_changed'====== Args={'balls': 2}
2024-04-05 06:59:19,292 : INFO : ball_device.bd_trough : Received unexpected ball
2024-04-05 06:59:19,292 : INFO : EventManager : Event: ======'balldevice_captured_from_playfield'====== Args={'balls': 1}
2024-04-05 06:59:19,293 : INFO : EventManager : Event: ======'sw_playfield_active'====== Args={'balls': 1}
2024-04-05 06:59:19,293 : INFO : EventManager : Event: ======'playfield_active'====== Args={}
2024-04-05 06:59:19,294 : INFO : EventManager : Event: ======'unexpected_ball_on_playfield'====== Args={}
2024-04-05 06:59:19,294 : INFO : EventManager : Event: ======'playfield_ball_count_change'====== Args={'balls': -1, 'change': -1}
2024-04-05 06:59:19,295 : INFO : EventManager : Event: ======'balldevice_playfield_ball_enter'====== Args={'new_balls': 1, 'unclaimed_balls': 1, 'device': <playfield.playfield>}
2024-04-05 06:59:19,295 : INFO : EventManager : Event: ======'playfield_ball_count_change'====== Args={'balls': 0, 'change': 1}
2024-04-05 06:59:19,295 : INFO : BallController : Found a new ball which was captured from playfield. Known balls: 2
2024-04-05 06:59:19,295 : INFO : EventManager : Event: ======'found_new_ball'====== Args={}
2024-04-05 06:59:19,296 : INFO : EventManager : Event: ======'balldevice_bd_trough_ball_enter'====== Args={'new_balls': 1, 'unclaimed_balls': 1, 'new_available_balls': 1, 'device': <ball_device.bd_trough>}
2024-04-05 06:59:19,296 : INFO : EventManager : Event: ======'ball_drain'====== Args={'device': <ball_device.bd_trough>, 'balls': 1}
2024-04-05 06:59:19,296 : INFO : EventManager : Event: ======'balldevice_balls_available'====== Args={}
2024-04-05 06:59:19,297 : INFO : EventManager : Event: ======'balldevice_bd_trough_ball_entered'====== Args={'new_balls': 1, 'device': <ball_device.bd_trough>}
2024-04-05 06:59:19,600 : INFO : SwitchController : <<<<<<< 's_trough_3' active >>>>>>>
2024-04-05 06:59:20,101 : INFO : EventManager : Event: ======'balldevice_bd_trough_ball_count_changed'====== Args={'balls': 3}
2024-04-05 06:59:20,101 : INFO : ball_device.bd_trough : Received unexpected ball
2024-04-05 06:59:20,101 : INFO : EventManager : Event: ======'balldevice_captured_from_playfield'====== Args={'balls': 1}
2024-04-05 06:59:20,102 : INFO : EventManager : Event: ======'sw_playfield_active'====== Args={'balls': 1}
2024-04-05 06:59:20,102 : INFO : EventManager : Event: ======'playfield_active'====== Args={}
2024-04-05 06:59:20,102 : INFO : EventManager : Event: ======'unexpected_ball_on_playfield'====== Args={}
2024-04-05 06:59:20,103 : INFO : EventManager : Event: ======'playfield_ball_count_change'====== Args={'balls': -1, 'change': -1}
2024-04-05 06:59:20,103 : INFO : EventManager : Event: ======'balldevice_playfield_ball_enter'====== Args={'new_balls': 1, 'unclaimed_balls': 1, 'device': <playfield.playfield>}
2024-04-05 06:59:20,103 : INFO : EventManager : Event: ======'playfield_ball_count_change'====== Args={'balls': 0, 'change': 1}
2024-04-05 06:59:20,104 : INFO : BallController : Found a new ball which was captured from playfield. Known balls: 3
2024-04-05 06:59:20,104 : INFO : EventManager : Event: ======'found_new_ball'====== Args={}
2024-04-05 06:59:20,104 : INFO : EventManager : Event: ======'balldevice_bd_trough_ball_enter'====== Args={'new_balls': 1, 'unclaimed_balls': 1, 'new_available_balls': 1, 'device': <ball_device.bd_trough>}
2024-04-05 06:59:20,104 : INFO : EventManager : Event: ======'ball_drain'====== Args={'device': <ball_device.bd_trough>, 'balls': 1}
2024-04-05 06:59:20,104 : INFO : EventManager : Event: ======'balldevice_balls_available'====== Args={}
2024-04-05 06:59:20,105 : INFO : EventManager : Event: ======'balldevice_bd_trough_ball_entered'====== Args={'new_balls': 1, 'device': <ball_device.bd_trough>}
2024-04-05 06:59:21,273 : INFO : SwitchController : <<<<<<< 's_trough_4' active >>>>>>>
2024-04-05 06:59:21,774 : INFO : EventManager : Event: ======'balldevice_bd_trough_ball_count_changed'====== Args={'balls': 4}
2024-04-05 06:59:21,774 : INFO : ball_device.bd_trough : Received unexpected ball
2024-04-05 06:59:21,774 : INFO : EventManager : Event: ======'balldevice_captured_from_playfield'====== Args={'balls': 1}
2024-04-05 06:59:21,775 : INFO : EventManager : Event: ======'sw_playfield_active'====== Args={'balls': 1}
2024-04-05 06:59:21,775 : INFO : EventManager : Event: ======'playfield_active'====== Args={}
2024-04-05 06:59:21,775 : INFO : EventManager : Event: ======'unexpected_ball_on_playfield'====== Args={}
2024-04-05 06:59:21,775 : INFO : EventManager : Event: ======'playfield_ball_count_change'====== Args={'balls': -1, 'change': -1}
2024-04-05 06:59:21,776 : INFO : EventManager : Event: ======'balldevice_playfield_ball_enter'====== Args={'new_balls': 1, 'unclaimed_balls': 1, 'device': <playfield.playfield>}
2024-04-05 06:59:21,776 : INFO : EventManager : Event: ======'playfield_ball_count_change'====== Args={'balls': 0, 'change': 1}
2024-04-05 06:59:21,776 : INFO : BallController : Found a new ball which was captured from playfield. Known balls: 4
2024-04-05 06:59:21,776 : INFO : EventManager : Event: ======'found_new_ball'====== Args={}
2024-04-05 06:59:21,777 : INFO : EventManager : Event: ======'balldevice_bd_trough_ball_enter'====== Args={'new_balls': 1, 'unclaimed_balls': 1, 'new_available_balls': 1, 'device': <ball_device.bd_trough>}
2024-04-05 06:59:21,777 : INFO : EventManager : Event: ======'ball_drain'====== Args={'device': <ball_device.bd_trough>, 'balls': 1}
2024-04-05 06:59:21,778 : INFO : EventManager : Event: ======'balldevice_balls_available'====== Args={}
2024-04-05 06:59:21,778 : INFO : EventManager : Event: ======'balldevice_bd_trough_ball_entered'====== Args={'new_balls': 1, 'device': <ball_device.bd_trough>}
2024-04-05 06:59:24,779 : INFO : SwitchController : <<<<<<< 's_start' active >>>>>>>
2024-04-05 06:59:24,931 : INFO : SwitchController : <<<<<<< 's_start' inactive >>>>>>>
2024-04-05 06:59:24,931 : INFO : EventManager : Event: ======'request_to_start_game'====== Args={}
2024-04-05 06:59:24,931 : INFO : EventManager : Event: ======'game_start'====== Args={'buttons': [], 'hold_time': 0.150991874999999}
2024-04-05 06:59:24,931 : INFO : EventManager : Event: ======'mode_game_will_start'====== Args={'buttons': [], 'hold_time': 0.150991874999999}
2024-04-05 06:59:24,932 : INFO : EventManager : Event: ======'mode_game_starting'====== Args={'buttons': [], 'hold_time': 0.150991874999999}
2024-04-05 06:59:24,932 : INFO : EventManager : Event: ======'mode_attract_will_stop'====== Args={}
2024-04-05 06:59:24,932 : INFO : EventManager : Event: ======'mode_attract_stopping'====== Args={}
2024-04-05 06:59:24,932 : INFO : Mode.attract : Stopped.
2024-04-05 06:59:24,932 : INFO : EventManager : Event: ======'modes_active_modes_changed'====== Args={}
2024-04-05 06:59:24,933 : INFO : EventManager : Event: ======'mode_attract_stopped'====== Args={}
2024-04-05 06:59:24,933 : INFO : EventManager : Event: ======'clear'====== Args={'key': 'attract'}
2024-04-05 06:59:24,933 : INFO : Mode.game : Started. Priority: 20
2024-04-05 06:59:24,933 : INFO : EventManager : Event: ======'modes_active_modes_changed'====== Args={}
2024-04-05 06:59:24,933 : INFO : EventManager : Event: ======'mode_game_started'====== Args={'buttons': [], 'hold_time': 0.150991874999999}
2024-04-05 06:59:24,934 : INFO : EventManager : Event: ======'game_will_start'====== Args={}
2024-04-05 06:59:24,934 : INFO : EventManager : Event: ======'game_starting'====== Args={'game': <Mode.game>}
2024-04-05 06:59:24,935 : INFO : EventManager : Unordered handler for class <Auditor> on event game_ended with priority 1. Handlers: [RegisteredHandler(callback=<bound method Auditor.disable of <Auditor>>, priority=1, kwargs={}, key=UUID('e1c7fa4c-40eb-45df-9f7a-ce395c60935f'), condition=None, blocking_facility=None), RegisteredHandler(callback=<bound method Auditor._save_audits of <Auditor>>, priority=1, kwargs={}, key=UUID('066f6552-b611-4323-b93e-563c4452f7c2'), condition=None, blocking_facility=None)]. The order of those handlers is not defined and they will be executed in random order. This might lead to race conditions and potential bugs.
2024-04-05 06:59:24,935 : INFO : EventManager : Event: ======'player_add_request'====== Args={}
2024-04-05 06:59:24,935 : INFO : EventManager : Event: ======'player_will_add'====== Args={'number': 1}
2024-04-05 06:59:24,935 : INFO : EventManager : Event: ======'player_adding'====== Args={'player': <Player 1>, 'number': 1}
2024-04-05 06:59:24,935 : INFO : EventManager : Event: ======'player_added'====== Args={'player': <Player 1>, 'num': 1}
2024-04-05 06:59:24,935 : INFO : Mode.game : Player added successfully. Total players: 1
2024-04-05 06:59:24,935 : INFO : EventManager : Event: ======'player_index'====== Args={'value': 0, 'prev_value': 0, 'change': 0, 'player_num': 1}
2024-04-05 06:59:24,936 : INFO : EventManager : Event: ======'player_number'====== Args={'value': 1, 'prev_value': 1, 'change': 0, 'player_num': 1}
2024-04-05 06:59:24,936 : INFO : EventManager : Event: ======'player_score'====== Args={'value': 0, 'prev_value': 0, 'change': 0, 'player_num': 1}
2024-04-05 06:59:24,938 : INFO : EventManager : Event: ======'game_started'====== Args={}
2024-04-05 06:59:24,939 : INFO : EventManager : Event: ======'player_turn_will_start'====== Args={'player': <Player 1>, 'number': 1}
2024-04-05 06:59:24,942 : INFO : EventManager : Event: ======'player_turn_starting'====== Args={'player': <Player 1>, 'number': 1}
2024-04-05 06:59:24,948 : INFO : EventManager : Event: ======'player_ball'====== Args={'value': 1, 'prev_value': 0, 'change': 1, 'player_num': 1}
2024-04-05 06:59:24,948 : INFO : EventManager : Event: ======'player_turn_started'====== Args={'player': <Player 1>, 'number': 1}
2024-04-05 06:59:24,948 : INFO : EventManager : Event: ======'ball_will_start'====== Args={'player': 1, 'ball': 1, 'balls_remaining': 2, 'is_extra_ball': False}
2024-04-05 06:59:24,949 : INFO : EventManager : Event: ======'ball_starting'====== Args={'player': 1, 'ball': 1, 'balls_remaining': 2, 'is_extra_ball': False}
2024-04-05 06:59:24,949 : INFO : EventManager : Event: ======'mode_base_will_start'====== Args={'queue': <QueuedEvent>, 'player': 1, 'ball': 1, 'balls_remaining': 2, 'is_extra_ball': False}
2024-04-05 06:59:24,949 : INFO : EventManager : Event: ======'player_shot_left_inlane_h_enabled'====== Args={'value': True, 'prev_value': 0, 'change': 1, 'player_num': 1}
2024-04-05 06:59:24,949 : INFO : EventManager : Event: ======'player_shot_right_inlane_enabled'====== Args={'value': True, 'prev_value': 0, 'change': 1, 'player_num': 1}
2024-04-05 06:59:24,950 : ERROR : asyncio : Exception in callback EventManager._queue_task_done(<Task finishe...l_tlane_r']")>)
handle: <Handle EventManager._queue_task_done(<Task finishe...l_tlane_r']")>)>
Traceback (most recent call last):
  File "/Library/Frameworks/Python.framework/Versions/3.9/lib/python3.9/asyncio/events.py", line 80, in _run
    self._context.run(self._callback, *self._args)
  File "/Library/Frameworks/Python.framework/Versions/3.9/lib/python3.9/site-packages/mpf/core/events.py", line 795, in _queue_task_done
    future.result()
  File "/Library/Frameworks/Python.framework/Versions/3.9/lib/python3.9/site-packages/mpf/core/events.py", line 708, in _run_handlers_sequential
    handler.callback(queue=queue, **merged_kwargs)
  File "/Library/Frameworks/Python.framework/Versions/3.9/lib/python3.9/site-packages/mpf/core/mode.py", line 198, in start
    self._add_mode_devices()
  File "/Library/Frameworks/Python.framework/Versions/3.9/lib/python3.9/site-packages/mpf/core/mode.py", line 408, in _add_mode_devices
    device.device_loaded_in_mode(mode=self, player=self.player)
  File "/Library/Frameworks/Python.framework/Versions/3.9/lib/python3.9/site-packages/mpf/devices/shot.py", line 68, in device_loaded_in_mode
    self._update_show()
  File "/Library/Frameworks/Python.framework/Versions/3.9/lib/python3.9/site-packages/mpf/devices/shot.py", line 207, in _update_show
    self._play_show(settings=state_settings)
  File "/Library/Frameworks/Python.framework/Versions/3.9/lib/python3.9/site-packages/mpf/devices/shot.py", line 261, in _play_show
    self.running_show = self.machine.show_controller.replace_or_advance_show(self.running_show, show_config,
  File "/Library/Frameworks/Python.framework/Versions/3.9/lib/python3.9/site-packages/mpf/core/show_controller.py", line 135, in replace_or_advance_show
    return show_obj.play_with_config(
  File "/Library/Frameworks/Python.framework/Versions/3.9/lib/python3.9/site-packages/mpf/assets/show.py", line 291, in play_with_config
    running_show = RunningShow(machine=self.machine,
  File "/Library/Frameworks/Python.framework/Versions/3.9/lib/python3.9/site-packages/mpf/assets/show.py", line 518, in __init__
    self.show_steps = self.show.get_show_steps_with_token(self.show_config.show_tokens)
  File "/Library/Frameworks/Python.framework/Versions/3.9/lib/python3.9/site-packages/mpf/assets/show.py", line 424, in get_show_steps_with_token
    step[key] = self.machine.show_controller.show_players[key].expand_config_entry(value)
  File "/Library/Frameworks/Python.framework/Versions/3.9/lib/python3.9/site-packages/mpf/config_players/device_config_player.py", line 27, in expand_config_entry
    devices = self._expand_device(device)
  File "/Library/Frameworks/Python.framework/Versions/3.9/lib/python3.9/site-packages/mpf/config_players/device_config_player.py", line 114, in _expand_device
    return self.raise_config_error(
  File "/Library/Frameworks/Python.framework/Versions/3.9/lib/python3.9/site-packages/mpf/core/logging.py", line 174, in raise_config_error
    raise ConfigFileError(msg, error_no, self.log.name if self.log else "", context, self._url_base) \
mpf.exceptions.config_file_error.ConfigFileError: Config File Error in light_player: Could not find a lights device with name or tag l_tlane_r, from list ['l_tlane_r'] Error Code: CFE-light_player-101 (https://missionpinball.org/logs)
2024-04-05 06:59:24,953 : INFO : Machine : Shutting down...
2024-04-05 06:59:24,953 : INFO : EventManager : Event: ======'shutdown'====== Args={}
2024-04-05 06:59:24,954 : INFO : EventManager : Event: ======'mode_game_will_stop'====== Args={}
2024-04-05 06:59:24,954 : INFO : EventManager : Event: ======'mode_game_stopping'====== Args={}
2024-04-05 06:59:24,954 : INFO : Mode.game : Stopped.
2024-04-05 06:59:24,954 : INFO : EventManager : Event: ======'modes_active_modes_changed'====== Args={}
2024-04-05 06:59:24,954 : INFO : EventManager : Event: ======'mode_game_stopped'====== Args={}
2024-04-05 06:59:24,954 : INFO : EventManager : Event: ======'clear'====== Args={'key': 'game'}
2024-04-05 06:59:24,959 : ERROR : Machine : Runtime Exception
Traceback (most recent call last):
  File "/Library/Frameworks/Python.framework/Versions/3.9/lib/python3.9/site-packages/mpf/core/machine.py", line 793, in _run_loop
    raise self._exception['exception']
  File "/Library/Frameworks/Python.framework/Versions/3.9/lib/python3.9/asyncio/events.py", line 80, in _run
    self._context.run(self._callback, *self._args)
  File "/Library/Frameworks/Python.framework/Versions/3.9/lib/python3.9/site-packages/mpf/core/events.py", line 795, in _queue_task_done
    future.result()
  File "/Library/Frameworks/Python.framework/Versions/3.9/lib/python3.9/site-packages/mpf/core/events.py", line 708, in _run_handlers_sequential
    handler.callback(queue=queue, **merged_kwargs)
  File "/Library/Frameworks/Python.framework/Versions/3.9/lib/python3.9/site-packages/mpf/core/mode.py", line 198, in start
    self._add_mode_devices()
  File "/Library/Frameworks/Python.framework/Versions/3.9/lib/python3.9/site-packages/mpf/core/mode.py", line 408, in _add_mode_devices
    device.device_loaded_in_mode(mode=self, player=self.player)
  File "/Library/Frameworks/Python.framework/Versions/3.9/lib/python3.9/site-packages/mpf/devices/shot.py", line 68, in device_loaded_in_mode
    self._update_show()
  File "/Library/Frameworks/Python.framework/Versions/3.9/lib/python3.9/site-packages/mpf/devices/shot.py", line 207, in _update_show
    self._play_show(settings=state_settings)
  File "/Library/Frameworks/Python.framework/Versions/3.9/lib/python3.9/site-packages/mpf/devices/shot.py", line 261, in _play_show
    self.running_show = self.machine.show_controller.replace_or_advance_show(self.running_show, show_config,
  File "/Library/Frameworks/Python.framework/Versions/3.9/lib/python3.9/site-packages/mpf/core/show_controller.py", line 135, in replace_or_advance_show
    return show_obj.play_with_config(
  File "/Library/Frameworks/Python.framework/Versions/3.9/lib/python3.9/site-packages/mpf/assets/show.py", line 291, in play_with_config
    running_show = RunningShow(machine=self.machine,
  File "/Library/Frameworks/Python.framework/Versions/3.9/lib/python3.9/site-packages/mpf/assets/show.py", line 518, in __init__
    self.show_steps = self.show.get_show_steps_with_token(self.show_config.show_tokens)
  File "/Library/Frameworks/Python.framework/Versions/3.9/lib/python3.9/site-packages/mpf/assets/show.py", line 424, in get_show_steps_with_token
    step[key] = self.machine.show_controller.show_players[key].expand_config_entry(value)
  File "/Library/Frameworks/Python.framework/Versions/3.9/lib/python3.9/site-packages/mpf/config_players/device_config_player.py", line 27, in expand_config_entry
    devices = self._expand_device(device)
  File "/Library/Frameworks/Python.framework/Versions/3.9/lib/python3.9/site-packages/mpf/config_players/device_config_player.py", line 114, in _expand_device
    return self.raise_config_error(
  File "/Library/Frameworks/Python.framework/Versions/3.9/lib/python3.9/site-packages/mpf/core/logging.py", line 174, in raise_config_error
    raise ConfigFileError(msg, error_no, self.log.name if self.log else "", context, self._url_base) \
mpf.exceptions.config_file_error.ConfigFileError: Config File Error in light_player: Could not find a lights device with name or tag l_tlane_r, from list ['l_tlane_r'] Error Code: CFE-light_player-101 (https://missionpinball.org/logs)
2024-04-05 06:59:47,164 : INFO : root : MPF run loop ended.
