2024-02-08 10:13:51,871 : INFO : root : Loading config.
2024-02-08 10:13:51,874 : INFO : YamlMultifileConfigLoader : Machine config file #1: config.yaml
2024-02-08 10:13:51,875 : INFO : ConfigProcessor : Loading config from cache: C:\Users\Tanner\AppData\Local\Temp\ae594c12e5b61ed7124eed45950049a7.mpf_cache
2024-02-08 10:13:51,943 : INFO : ConfigProcessor : Loading config from cache: C:\Users\Tanner\AppData\Local\Temp\e981666969e170eb9e0a37595fe7075e.mpf_cache
2024-02-08 10:13:51,944 : INFO : ConfigProcessor : Loading config from cache: C:\Users\Tanner\AppData\Local\Temp\dfbe1b39ae456f06de73c859384050b2.mpf_cache
2024-02-08 10:13:51,945 : INFO : ConfigProcessor : Loading config from cache: C:\Users\Tanner\AppData\Local\Temp\e981666969e170eb9e0a37595fe7075e.mpf_cache
2024-02-08 10:13:51,946 : INFO : ConfigProcessor : Loading config from cache: C:\Users\Tanner\AppData\Local\Temp\cacbc1766a696e848da166f75f474858.mpf_cache
2024-02-08 10:13:51,947 : INFO : Machine : Mission Pinball Framework Core Engine v0.57.0.dev33
2024-02-08 10:13:51,947 : INFO : Machine : Command line arguments: {'no_load_cache': False, 'create_config_cache': True, 'bcp': False, 'configfile': ['config.yaml'], 'force_assets_load': False, 'jsonlogging': False, 'logfile': 'logs\\2024-02-08-10-13-51-mpf-DESKTOP-7HNFDQ5.log', 'pause': False, 'production': False, 'text_ui': True, 'loglevel': 15, 'consoleloglevel': 20, 'force_platform': None, 'syslog_address': None, 'mc_file_name': None, 'no_sound': False}
2024-02-08 10:13:51,947 : INFO : Machine : MPF path: C:\Users\Tanner\AppData\Local\Packages\PythonSoftwareFoundation.Python.3.11_qbz5n2kfra8p0\LocalCache\local-packages\Python311\site-packages\mpf
2024-02-08 10:13:51,947 : INFO : Machine : Machine path: c:\lofab
2024-02-08 10:13:51,947 : INFO : Machine : Platform: win32
2024-02-08 10:13:51,947 : INFO : Machine : Python executable location: C:\Users\Tanner\AppData\Local\Microsoft\WindowsApps\PythonSoftwareFoundation.Python.3.11_qbz5n2kfra8p0\python.exe
2024-02-08 10:13:51,947 : INFO : Machine : Python version: 3.11.8 (64-bit)
2024-02-08 10:13:51,949 : INFO : Machine : Initializing MPF...
2024-02-08 10:13:52,179 : INFO : [NET] : Trying to connect to com9 at 921600bps
2024-02-08 10:13:52,256 : INFO : [NET] : Connected to com9 at 921600bps
2024-02-08 10:13:52,261 : INFO : [NET] : Connected to FP-CPU-2000 with firmware v02.13
2024-02-08 10:13:52,291 : INFO : [NET] : Registered I/O Board 0: Model: FP-I/O-0804, Firmware: 01.10, Switches: 8, Drivers: 4
2024-02-08 10:13:52,307 : INFO : [NET] : Registered I/O Board 1: Model: FP-I/O-0804, Firmware: 01.09, Switches: 8, Drivers: 4
2024-02-08 10:13:52,323 : INFO : [NET] : Registered I/O Board 2: Model: FP-I/O-3208, Firmware: 01.10, Switches: 32, Drivers: 8
2024-02-08 10:13:52,324 : INFO : [EXP] : Trying to connect to com10 at 921600bps
2024-02-08 10:13:52,401 : INFO : [EXP] : Connected to com10 at 921600bps
2024-02-08 10:13:52,417 : INFO : [EXP] : Verifying hardware for EXP "pf" (FP-EXP-0081, @84) with ID string "EXP FP-EXP-0081  0.12", board address 84
2024-02-08 10:13:52,433 : INFO : [EXP] : Verifying hardware for EXP "pf" (FP-EXP-0081, @84) with ID string "BRK FP-EXP-0081  0.12", board address 840
2024-02-08 10:13:52,448 : INFO : [EXP] : Verifying hardware for EXP "pf" (FP-EXP-0081, @84) with ID string "BRK FP-EXP-0081  0.12", board address 841
2024-02-08 10:13:52,464 : INFO : EventManager : Event: ======'machine_var_credits_string'====== Args={'value': 'FREE PLAY', 'prev_value': None, 'change': True}
2024-02-08 10:13:52,477 : INFO : EventManager : Event: ======'machine_var_master_volume'====== Args={'value': 0.5, 'prev_value': None, 'change': True}
2024-02-08 10:13:52,478 : INFO : EventManager : Event: ======'machine_var_player1_score'====== Args={'value': 0, 'prev_value': None, 'change': True}
2024-02-08 10:13:52,478 : INFO : EventManager : Event: ======'machine_var_mpf_version'====== Args={'value': 'Mission Pinball Framework v0.57.0.dev33', 'prev_value': None, 'change': True}
2024-02-08 10:13:52,478 : INFO : EventManager : Event: ======'machine_var_mpf_extended_version'====== Args={'value': 'Mission Pinball Framework v0.57.0.dev33, Config version:6, Show version: 6, BCP version:1.1', 'prev_value': None, 'change': True}
2024-02-08 10:13:52,478 : INFO : EventManager : Event: ======'machine_var_python_version'====== Args={'value': '3.11.8', 'prev_value': None, 'change': True}
2024-02-08 10:13:52,486 : INFO : EventManager : Event: ======'machine_var_platform'====== Args={'value': 'Windows-10-10.0.19045-SP0', 'prev_value': None, 'change': True}
2024-02-08 10:13:52,486 : INFO : EventManager : Event: ======'machine_var_platform_system'====== Args={'value': 'Windows', 'prev_value': None, 'change': True}
2024-02-08 10:13:52,486 : INFO : EventManager : Event: ======'machine_var_platform_release'====== Args={'value': '10', 'prev_value': None, 'change': True}
2024-02-08 10:13:52,486 : INFO : EventManager : Event: ======'machine_var_platform_version'====== Args={'value': '10.0.19045', 'prev_value': None, 'change': True}
2024-02-08 10:13:52,486 : INFO : EventManager : Event: ======'machine_var_platform_machine'====== Args={'value': 'AMD64', 'prev_value': None, 'change': True}
2024-02-08 10:13:52,486 : INFO : EventManager : Event: ======'init_phase_1'====== Args={}
2024-02-08 10:13:54,981 : INFO : SwitchController : <<<<<<< 's_trough_4' active >>>>>>>
2024-02-08 10:13:55,013 : INFO : EventManager : Event: ======'init_phase_2'====== Args={}
2024-02-08 10:13:55,014 : INFO : SwitchController : Found active switch: (19, [FAST Platform Interface]) <switch.s_trough_4>
2024-02-08 10:13:55,016 : INFO : ball_device.bd_vuk : BCH: Initial count: 0
2024-02-08 10:13:55,016 : INFO : ball_device.bd_vuk : State: idle
2024-02-08 10:13:55,472 : INFO : ball_device.bd_trough : BCH: Initial count: 1
2024-02-08 10:13:55,472 : INFO : ball_device.bd_trough : State: idle
2024-02-08 10:13:55,481 : INFO : EventManager : Event: ======'init_phase_3'====== Args={}
2024-02-08 10:13:55,484 : INFO : EventManager : Event: ======'init_phase_4'====== Args={}
2024-02-08 10:13:55,484 : INFO : BallController : Initial balls found: 1
2024-02-08 10:13:55,485 : INFO : EventManager : Event: ======'machine_var_audits_events_game_ended'====== Args={'value': 44, 'prev_value': None, 'change': True}
2024-02-08 10:13:55,485 : INFO : EventManager : Event: ======'machine_var_audits_events_game_started'====== Args={'value': 120, 'prev_value': None, 'change': True}
2024-02-08 10:13:55,485 : INFO : EventManager : Event: ======'machine_var_audits_player_score'====== Args={'value': {'average': 0.0, 'top': [0, 0, 0, 0, 0, 0, 0, 0, 0, 0], 'total': 44}, 'prev_value': None, 'change': True}
2024-02-08 10:13:55,485 : INFO : EventManager : Event: ======'machine_var_audits_switches_s_9'====== Args={'value': 0, 'prev_value': None, 'change': True}
2024-02-08 10:13:55,485 : INFO : EventManager : Event: ======'machine_var_audits_switches_s_autolauncher'====== Args={'value': 422, 'prev_value': None, 'change': True}
2024-02-08 10:13:55,485 : INFO : EventManager : Event: ======'machine_var_audits_switches_s_b_eos'====== Args={'value': 2450, 'prev_value': None, 'change': True}
2024-02-08 10:13:55,486 : INFO : EventManager : Event: ======'machine_var_audits_switches_s_b_pop'====== Args={'value': 446, 'prev_value': None, 'change': True}
2024-02-08 10:13:55,486 : INFO : EventManager : Event: ======'machine_var_audits_switches_s_b_rollover_interchange'====== Args={'value': 10, 'prev_value': None, 'change': True}
2024-02-08 10:13:55,486 : INFO : EventManager : Event: ======'machine_var_audits_switches_s_b_rollover_loop'====== Args={'value': 24, 'prev_value': None, 'change': True}
2024-02-08 10:13:55,486 : INFO : EventManager : Event: ======'machine_var_audits_switches_s_b_rollover_misc'====== Args={'value': 33, 'prev_value': None, 'change': True}
2024-02-08 10:13:55,486 : INFO : EventManager : Event: ======'machine_var_audits_switches_s_b_target_left'====== Args={'value': 21, 'prev_value': None, 'change': True}
2024-02-08 10:13:55,486 : INFO : EventManager : Event: ======'machine_var_audits_switches_s_b_target_right'====== Args={'value': 39, 'prev_value': None, 'change': True}
2024-02-08 10:13:55,486 : INFO : EventManager : Event: ======'machine_var_audits_switches_s_drop_mid_center'====== Args={'value': 113, 'prev_value': None, 'change': True}
2024-02-08 10:13:55,486 : INFO : EventManager : Event: ======'machine_var_audits_switches_s_drop_mid_left'====== Args={'value': 76, 'prev_value': None, 'change': True}
2024-02-08 10:13:55,486 : INFO : EventManager : Event: ======'machine_var_audits_switches_s_drop_mid_right'====== Args={'value': 96, 'prev_value': None, 'change': True}
2024-02-08 10:13:55,486 : INFO : EventManager : Event: ======'machine_var_audits_switches_s_drop_right_left'====== Args={'value': 32, 'prev_value': None, 'change': True}
2024-02-08 10:13:55,486 : INFO : EventManager : Event: ======'machine_var_audits_switches_s_drop_right_right'====== Args={'value': 32, 'prev_value': None, 'change': True}
2024-02-08 10:13:55,486 : INFO : EventManager : Event: ======'machine_var_audits_switches_s_drop_scoop'====== Args={'value': 0, 'prev_value': None, 'change': True}
2024-02-08 10:13:55,487 : INFO : EventManager : Event: ======'machine_var_audits_switches_s_drop_single'====== Args={'value': 24, 'prev_value': None, 'change': True}
2024-02-08 10:13:55,487 : INFO : EventManager : Event: ======'machine_var_audits_switches_s_flip_left_eos'====== Args={'value': 25095, 'prev_value': None, 'change': True}
2024-02-08 10:13:55,487 : INFO : EventManager : Event: ======'machine_var_audits_switches_s_flip_left_top_eos'====== Args={'value': 1729, 'prev_value': None, 'change': True}
2024-02-08 10:13:55,487 : INFO : EventManager : Event: ======'machine_var_audits_switches_s_flip_right_eos'====== Args={'value': 2110, 'prev_value': None, 'change': True}
2024-02-08 10:13:55,487 : INFO : EventManager : Event: ======'machine_var_audits_switches_s_flipper_l'====== Args={'value': 251, 'prev_value': None, 'change': True}
2024-02-08 10:13:55,487 : INFO : EventManager : Event: ======'machine_var_audits_switches_s_flipper_r'====== Args={'value': 166, 'prev_value': None, 'change': True}
2024-02-08 10:13:55,487 : INFO : EventManager : Event: ======'machine_var_audits_switches_s_inlane_left'====== Args={'value': 31, 'prev_value': None, 'change': True}
2024-02-08 10:13:55,487 : INFO : EventManager : Event: ======'machine_var_audits_switches_s_inlane_right'====== Args={'value': 59, 'prev_value': None, 'change': True}
2024-02-08 10:13:55,487 : INFO : EventManager : Event: ======'machine_var_audits_switches_s_l_rollover'====== Args={'value': 9, 'prev_value': None, 'change': True}
2024-02-08 10:13:55,487 : INFO : EventManager : Event: ======'machine_var_audits_switches_s_l_target_far'====== Args={'value': 9, 'prev_value': None, 'change': True}
2024-02-08 10:13:55,488 : INFO : EventManager : Event: ======'machine_var_audits_switches_s_l_target_large'====== Args={'value': 9, 'prev_value': None, 'change': True}
2024-02-08 10:13:55,488 : INFO : EventManager : Event: ======'machine_var_audits_switches_s_l_target_left'====== Args={'value': 10, 'prev_value': None, 'change': True}
2024-02-08 10:13:55,488 : INFO : EventManager : Event: ======'machine_var_audits_switches_s_l_target_right'====== Args={'value': 9, 'prev_value': None, 'change': True}
2024-02-08 10:13:55,488 : INFO : EventManager : Event: ======'machine_var_audits_switches_s_l_vuk'====== Args={'value': 9, 'prev_value': None, 'change': True}
2024-02-08 10:13:55,488 : INFO : EventManager : Event: ======'machine_var_audits_switches_s_launch'====== Args={'value': 460, 'prev_value': None, 'change': True}
2024-02-08 10:13:55,488 : INFO : EventManager : Event: ======'machine_var_audits_switches_s_left_flipper_1'====== Args={'value': 1947, 'prev_value': None, 'change': True}
2024-02-08 10:13:55,488 : INFO : EventManager : Event: ======'machine_var_audits_switches_s_left_flipper_2'====== Args={'value': 651, 'prev_value': None, 'change': True}
2024-02-08 10:13:55,488 : INFO : EventManager : Event: ======'machine_var_audits_switches_s_lock_1'====== Args={'value': 1, 'prev_value': None, 'change': True}
2024-02-08 10:13:55,488 : INFO : EventManager : Event: ======'machine_var_audits_switches_s_lock_2'====== Args={'value': 1, 'prev_value': None, 'change': True}
2024-02-08 10:13:55,489 : INFO : EventManager : Event: ======'machine_var_audits_switches_s_lock_3'====== Args={'value': 1, 'prev_value': None, 'change': True}
2024-02-08 10:13:55,489 : INFO : EventManager : Event: ======'machine_var_audits_switches_s_outlane_left'====== Args={'value': 12, 'prev_value': None, 'change': True}
2024-02-08 10:13:55,489 : INFO : EventManager : Event: ======'machine_var_audits_switches_s_outlane_right'====== Args={'value': 28, 'prev_value': None, 'change': True}
2024-02-08 10:13:55,489 : INFO : EventManager : Event: ======'machine_var_audits_switches_s_pop'====== Args={'value': 62, 'prev_value': None, 'change': True}
2024-02-08 10:13:55,489 : INFO : EventManager : Event: ======'machine_var_audits_switches_s_pop_left'====== Args={'value': 152, 'prev_value': None, 'change': True}
2024-02-08 10:13:55,489 : INFO : EventManager : Event: ======'machine_var_audits_switches_s_pop_lower'====== Args={'value': 560, 'prev_value': None, 'change': True}
2024-02-08 10:13:55,489 : INFO : EventManager : Event: ======'machine_var_audits_switches_s_pop_right'====== Args={'value': 2348, 'prev_value': None, 'change': True}
2024-02-08 10:13:55,489 : INFO : EventManager : Event: ======'machine_var_audits_switches_s_right_flipper_1'====== Args={'value': 3494, 'prev_value': None, 'change': True}
2024-02-08 10:13:55,489 : INFO : EventManager : Event: ======'machine_var_audits_switches_s_right_flipper_2'====== Args={'value': 3304, 'prev_value': None, 'change': True}
2024-02-08 10:13:55,490 : INFO : EventManager : Event: ======'machine_var_audits_switches_s_rollover_left'====== Args={'value': 84, 'prev_value': None, 'change': True}
2024-02-08 10:13:55,490 : INFO : EventManager : Event: ======'machine_var_audits_switches_s_rollover_right'====== Args={'value': 488, 'prev_value': None, 'change': True}
2024-02-08 10:13:55,490 : INFO : EventManager : Event: ======'machine_var_audits_switches_s_sling_l'====== Args={'value': 35, 'prev_value': None, 'change': True}
2024-02-08 10:13:55,490 : INFO : EventManager : Event: ======'machine_var_audits_switches_s_sling_left'====== Args={'value': 159, 'prev_value': None, 'change': True}
2024-02-08 10:13:55,490 : INFO : EventManager : Event: ======'machine_var_audits_switches_s_sling_r'====== Args={'value': 32, 'prev_value': None, 'change': True}
2024-02-08 10:13:55,490 : INFO : EventManager : Event: ======'machine_var_audits_switches_s_sling_right'====== Args={'value': 237, 'prev_value': None, 'change': True}
2024-02-08 10:13:55,490 : INFO : EventManager : Event: ======'machine_var_audits_switches_s_start'====== Args={'value': 118, 'prev_value': None, 'change': True}
2024-02-08 10:13:55,491 : INFO : EventManager : Event: ======'machine_var_audits_switches_s_stationary_back'====== Args={'value': 28, 'prev_value': None, 'change': True}
2024-02-08 10:13:55,491 : INFO : EventManager : Event: ======'machine_var_audits_switches_s_stationary_l'====== Args={'value': 43, 'prev_value': None, 'change': True}
2024-02-08 10:13:55,491 : INFO : EventManager : Event: ======'machine_var_audits_switches_s_stationary_right'====== Args={'value': 23, 'prev_value': None, 'change': True}
2024-02-08 10:13:55,491 : INFO : EventManager : Event: ======'machine_var_audits_switches_s_tilt'====== Args={'value': 2735, 'prev_value': None, 'change': True}
2024-02-08 10:13:55,491 : INFO : EventManager : Event: ======'machine_var_audits_switches_s_trough_1'====== Args={'value': 64, 'prev_value': None, 'change': True}
2024-02-08 10:13:55,491 : INFO : EventManager : Event: ======'machine_var_audits_switches_s_trough_2'====== Args={'value': 504, 'prev_value': None, 'change': True}
2024-02-08 10:13:55,491 : INFO : EventManager : Event: ======'machine_var_audits_switches_s_trough_3'====== Args={'value': 459, 'prev_value': None, 'change': True}
2024-02-08 10:13:55,491 : INFO : EventManager : Event: ======'machine_var_audits_switches_s_trough_4'====== Args={'value': 506, 'prev_value': None, 'change': True}
2024-02-08 10:13:55,492 : INFO : EventManager : Event: ======'machine_var_audits_switches_s_trough_5'====== Args={'value': 284, 'prev_value': None, 'change': True}
2024-02-08 10:13:55,492 : INFO : EventManager : Event: ======'machine_var_audits_switches_s_trough_6'====== Args={'value': 277, 'prev_value': None, 'change': True}
2024-02-08 10:13:55,492 : INFO : EventManager : Event: ======'machine_var_audits_switches_s_trough_jam'====== Args={'value': 344, 'prev_value': None, 'change': True}
2024-02-08 10:13:55,492 : INFO : EventManager : Event: ======'machine_var_audits_switches_s_u_lane_l'====== Args={'value': 15, 'prev_value': None, 'change': True}
2024-02-08 10:13:55,492 : INFO : EventManager : Event: ======'machine_var_audits_switches_s_u_lane_r'====== Args={'value': 20, 'prev_value': None, 'change': True}
2024-02-08 10:13:55,492 : INFO : EventManager : Event: ======'machine_var_audits_switches_s_u_rollover'====== Args={'value': 10, 'prev_value': None, 'change': True}
2024-02-08 10:13:55,493 : INFO : EventManager : Event: ======'machine_var_audits_switches_s_u_target'====== Args={'value': 8, 'prev_value': None, 'change': True}
2024-02-08 10:13:55,493 : INFO : EventManager : Event: ======'machine_var_audits_switches_s_vuk'====== Args={'value': 15, 'prev_value': None, 'change': True}
2024-02-08 10:13:55,493 : INFO : EventManager : Event: ======'machine_var_audits_switches_s_vuk_back'====== Args={'value': 489, 'prev_value': None, 'change': True}
2024-02-08 10:13:55,493 : INFO : EventManager : Event: ======'machine_var_audits_switches_s_vuk_right'====== Args={'value': 1, 'prev_value': None, 'change': True}
2024-02-08 10:13:55,494 : INFO : EventManager : Event: ======'init_phase_5'====== Args={}
2024-02-08 10:13:55,517 : INFO : EventManager : Event: ======'init_done'====== Args={}
2024-02-08 10:13:55,517 : INFO : EventManager : Event: ======'machine_reset_phase_1'====== Args={}
2024-02-08 10:13:55,518 : INFO : EventManager : Event: ======'machine_reset_phase_2'====== Args={}
2024-02-08 10:13:55,518 : INFO : EventManager : Event: ======'machine_reset_phase_3'====== Args={}
2024-02-08 10:13:55,519 : INFO : EventManager : Event: ======'reset_complete'====== Args={}
2024-02-08 10:13:55,519 : INFO : EventManager : Event: ======'mode_attract_will_start'====== Args={}
2024-02-08 10:13:55,520 : INFO : EventManager : Event: ======'mode_attract_starting'====== Args={}
2024-02-08 10:13:55,520 : INFO : Mode.attract : Started. Priority: 10
2024-02-08 10:13:55,520 : INFO : EventManager : Event: ======'modes_active_modes_changed'====== Args={}
2024-02-08 10:13:55,520 : INFO : EventManager : Event: ======'mode_attract_started'====== Args={}
2024-02-08 10:13:55,520 : INFO : EventManager : Event: ======'collecting_balls'====== Args={}
2024-02-08 10:13:55,520 : INFO : ball_device.bd_trough : Adding 1 ball(s) to the eject_queue with target <playfield.playfield>.
2024-02-08 10:13:55,521 : INFO : EventManager : Event: ======'balldevice_balls_available'====== Args={}
2024-02-08 10:13:55,538 : INFO : Machine : Starting the main run loop.
2024-02-08 10:13:55,539 : INFO : ball_device.bd_trough : State: waiting_for_target_ready
2024-02-08 10:13:55,539 : INFO : EventManager : Event: ======'balldevice_bd_trough_ball_eject_attempt'====== Args={'balls': 1, 'target': <playfield.playfield>, 'source': <ball_device.bd_trough>, 'mechanical_eject': False, 'num_attempts': 0}
2024-02-08 10:13:55,539 : INFO : ball_device.bd_trough : State: ejecting
2024-02-08 10:13:55,539 : INFO : ball_device.bd_trough : Ejecting ball to <playfield.playfield>
2024-02-08 10:13:55,540 : INFO : EventManager : Event: ======'balldevice_bd_trough_ejecting_ball'====== Args={'balls': 1, 'target': <playfield.playfield>, 'source': <ball_device.bd_trough>, 'mechanical_eject': False, 'num_attempts': 0}
2024-02-08 10:13:55,540 : INFO : ball_device.bd_trough : Wait for ball to leave device
2024-02-08 10:13:55,540 : INFO : coil.c_trough : Pulsing Driver for 15ms (1.0 pulse_power)
2024-02-08 10:13:55,581 : INFO : SwitchController : <<<<<<< 's_trough_4' inactive >>>>>>>
2024-02-08 10:13:55,584 : INFO : ball_device.bd_trough : State: ball_left
2024-02-08 10:13:55,584 : INFO : ball_device.bd_trough : Ball left
2024-02-08 10:13:55,584 : INFO : ball_device.bd_trough : Wait for confirm with timeout 10.0
2024-02-08 10:13:58,115 : INFO : SwitchController : <<<<<<< 's_trough_4' active >>>>>>>
2024-02-08 10:14:05,584 : INFO : ball_device.bd_trough : State: failed_confirm
2024-02-08 10:14:05,584 : INFO : ball_device.bd_trough : Got timeout (10.0s) before confirm from <playfield.playfield>
2024-02-08 10:14:05,676 : INFO : ball_device.bd_trough : Got unknown balls. Assuming a ball returned.
2024-02-08 10:14:05,676 : INFO : EventManager : Event: ======'balldevice_bd_trough_ball_eject_failed'====== Args={'target': <playfield.playfield>, 'balls': 1, 'retry': True, 'num_attempts': 1}
2024-02-08 10:14:05,676 : INFO : ball_device.bd_trough : State: waiting_for_target_ready
2024-02-08 10:14:05,677 : INFO : EventManager : Event: ======'balldevice_bd_trough_ball_eject_attempt'====== Args={'balls': 1, 'target': <playfield.playfield>, 'source': <ball_device.bd_trough>, 'mechanical_eject': False, 'num_attempts': 1}
2024-02-08 10:14:05,677 : INFO : ball_device.bd_trough : State: ejecting
2024-02-08 10:14:05,677 : INFO : ball_device.bd_trough : Ejecting ball to <playfield.playfield>
2024-02-08 10:14:05,677 : INFO : EventManager : Event: ======'balldevice_bd_trough_ejecting_ball'====== Args={'balls': 1, 'target': <playfield.playfield>, 'source': <ball_device.bd_trough>, 'mechanical_eject': False, 'num_attempts': 1}
2024-02-08 10:14:05,677 : INFO : ball_device.bd_trough : Wait for ball to leave device
2024-02-08 10:14:05,677 : INFO : coil.c_trough : Pulsing Driver for 15ms (1.0 pulse_power)
2024-02-08 10:14:05,724 : INFO : SwitchController : <<<<<<< 's_trough_4' inactive >>>>>>>
2024-02-08 10:14:05,727 : INFO : ball_device.bd_trough : State: ball_left
2024-02-08 10:14:05,727 : INFO : ball_device.bd_trough : Ball left
2024-02-08 10:14:05,727 : INFO : ball_device.bd_trough : Wait for confirm with timeout 10.0
2024-02-08 10:14:09,472 : INFO : SwitchController : <<<<<<< 's_trough_4' active >>>>>>>
2024-02-08 10:14:09,518 : INFO : SwitchController : <<<<<<< 's_trough_4' inactive >>>>>>>
2024-02-08 10:14:09,518 : INFO : SwitchController : <<<<<<< 's_trough_3' active >>>>>>>
2024-02-08 10:14:09,564 : INFO : SwitchController : <<<<<<< 's_trough_3' inactive >>>>>>>
2024-02-08 10:14:09,580 : INFO : SwitchController : <<<<<<< 's_trough_2' active >>>>>>>
2024-02-08 10:14:09,657 : INFO : SwitchController : <<<<<<< 's_trough_2' inactive >>>>>>>
2024-02-08 10:14:09,675 : INFO : SwitchController : <<<<<<< 's_trough_1' active >>>>>>>
2024-02-08 10:14:09,782 : INFO : SwitchController : <<<<<<< 's_trough_1' inactive >>>>>>>
2024-02-08 10:14:10,138 : INFO : SwitchController : <<<<<<< 's_trough_1' active >>>>>>>
2024-02-08 10:14:10,248 : INFO : SwitchController : <<<<<<< 's_trough_1' inactive >>>>>>>
2024-02-08 10:14:10,279 : INFO : SwitchController : <<<<<<< 's_trough_2' active >>>>>>>
2024-02-08 10:14:10,356 : INFO : SwitchController : <<<<<<< 's_trough_2' inactive >>>>>>>
2024-02-08 10:14:10,374 : INFO : SwitchController : <<<<<<< 's_trough_3' active >>>>>>>
2024-02-08 10:14:10,450 : INFO : SwitchController : <<<<<<< 's_trough_3' inactive >>>>>>>
2024-02-08 10:14:10,467 : INFO : SwitchController : <<<<<<< 's_trough_4' active >>>>>>>
2024-02-08 10:14:15,711 : INFO : ball_device.bd_trough : State: failed_confirm
2024-02-08 10:14:15,711 : INFO : ball_device.bd_trough : Got timeout (10.0s) before confirm from <playfield.playfield>
2024-02-08 10:14:15,806 : INFO : ball_device.bd_trough : Got unknown balls. Assuming a ball returned.
2024-02-08 10:14:15,806 : INFO : EventManager : Event: ======'balldevice_bd_trough_ball_eject_failed'====== Args={'target': <playfield.playfield>, 'balls': 1, 'retry': True, 'num_attempts': 2}
2024-02-08 10:14:15,807 : INFO : ball_device.bd_trough : State: waiting_for_target_ready
2024-02-08 10:14:15,807 : INFO : EventManager : Event: ======'balldevice_bd_trough_ball_eject_attempt'====== Args={'balls': 1, 'target': <playfield.playfield>, 'source': <ball_device.bd_trough>, 'mechanical_eject': False, 'num_attempts': 2}
2024-02-08 10:14:15,807 : INFO : ball_device.bd_trough : State: ejecting
2024-02-08 10:14:15,807 : INFO : ball_device.bd_trough : Ejecting ball to <playfield.playfield>
2024-02-08 10:14:15,807 : INFO : EventManager : Event: ======'balldevice_bd_trough_ejecting_ball'====== Args={'balls': 1, 'target': <playfield.playfield>, 'source': <ball_device.bd_trough>, 'mechanical_eject': False, 'num_attempts': 2}
2024-02-08 10:14:15,808 : INFO : ball_device.bd_trough : Wait for ball to leave device
2024-02-08 10:14:15,808 : INFO : coil.c_trough : Pulsing Driver for 15ms (1.0 pulse_power)
2024-02-08 10:14:15,852 : INFO : SwitchController : <<<<<<< 's_trough_4' inactive >>>>>>>
2024-02-08 10:14:15,855 : INFO : ball_device.bd_trough : State: ball_left
2024-02-08 10:14:15,855 : INFO : ball_device.bd_trough : Ball left
2024-02-08 10:14:15,855 : INFO : ball_device.bd_trough : Wait for confirm with timeout 10.0
2024-02-08 10:14:18,604 : INFO : SwitchController : <<<<<<< 's_trough_1' active >>>>>>>
2024-02-08 10:14:18,713 : INFO : SwitchController : <<<<<<< 's_trough_1' inactive >>>>>>>
2024-02-08 10:14:18,731 : INFO : SwitchController : <<<<<<< 's_trough_2' active >>>>>>>
2024-02-08 10:14:18,806 : INFO : SwitchController : <<<<<<< 's_trough_2' inactive >>>>>>>
2024-02-08 10:14:18,821 : INFO : SwitchController : <<<<<<< 's_trough_3' active >>>>>>>
2024-02-08 10:14:18,883 : INFO : SwitchController : <<<<<<< 's_trough_3' inactive >>>>>>>
2024-02-08 10:14:18,901 : INFO : SwitchController : <<<<<<< 's_trough_4' active >>>>>>>
2024-02-08 10:14:25,839 : INFO : ball_device.bd_trough : State: failed_confirm
2024-02-08 10:14:25,839 : INFO : ball_device.bd_trough : Got timeout (10.0s) before confirm from <playfield.playfield>
2024-02-08 10:14:25,935 : INFO : ball_device.bd_trough : Got unknown balls. Assuming a ball returned.
2024-02-08 10:14:25,935 : INFO : EventManager : Event: ======'balldevice_bd_trough_ball_eject_failed'====== Args={'target': <playfield.playfield>, 'balls': 1, 'retry': True, 'num_attempts': 3}
2024-02-08 10:14:25,936 : INFO : ball_device.bd_trough : State: waiting_for_target_ready
2024-02-08 10:14:25,936 : INFO : EventManager : Event: ======'balldevice_bd_trough_ball_eject_attempt'====== Args={'balls': 1, 'target': <playfield.playfield>, 'source': <ball_device.bd_trough>, 'mechanical_eject': False, 'num_attempts': 3}
2024-02-08 10:14:25,936 : INFO : ball_device.bd_trough : State: ejecting
2024-02-08 10:14:25,936 : INFO : ball_device.bd_trough : Ejecting ball to <playfield.playfield>
2024-02-08 10:14:25,937 : INFO : EventManager : Event: ======'balldevice_bd_trough_ejecting_ball'====== Args={'balls': 1, 'target': <playfield.playfield>, 'source': <ball_device.bd_trough>, 'mechanical_eject': False, 'num_attempts': 3}
2024-02-08 10:14:25,937 : INFO : ball_device.bd_trough : Wait for ball to leave device
2024-02-08 10:14:25,937 : INFO : coil.c_trough : Pulsing Driver for 15ms (1.0 pulse_power)
2024-02-08 10:14:25,982 : INFO : SwitchController : <<<<<<< 's_trough_4' inactive >>>>>>>
2024-02-08 10:14:25,985 : INFO : ball_device.bd_trough : State: ball_left
2024-02-08 10:14:25,985 : INFO : ball_device.bd_trough : Ball left
2024-02-08 10:14:25,985 : INFO : ball_device.bd_trough : Wait for confirm with timeout 10.0
2024-02-08 10:14:30,546 : INFO : SwitchController : <<<<<<< 's_trough_4' active >>>>>>>
2024-02-08 10:14:35,961 : INFO : ball_device.bd_trough : State: failed_confirm
2024-02-08 10:14:35,961 : INFO : ball_device.bd_trough : Got timeout (10.0s) before confirm from <playfield.playfield>
2024-02-08 10:14:36,050 : INFO : ball_device.bd_trough : Got unknown balls. Assuming a ball returned.
2024-02-08 10:14:36,050 : INFO : EventManager : Event: ======'balldevice_bd_trough_ball_eject_failed'====== Args={'target': <playfield.playfield>, 'balls': 1, 'retry': True, 'num_attempts': 4}
2024-02-08 10:14:36,050 : INFO : ball_device.bd_trough : State: waiting_for_target_ready
2024-02-08 10:14:36,050 : INFO : EventManager : Event: ======'balldevice_bd_trough_ball_eject_attempt'====== Args={'balls': 1, 'target': <playfield.playfield>, 'source': <ball_device.bd_trough>, 'mechanical_eject': False, 'num_attempts': 4}
2024-02-08 10:14:36,051 : INFO : ball_device.bd_trough : State: ejecting
2024-02-08 10:14:36,051 : INFO : ball_device.bd_trough : Ejecting ball to <playfield.playfield>
2024-02-08 10:14:36,051 : INFO : EventManager : Event: ======'balldevice_bd_trough_ejecting_ball'====== Args={'balls': 1, 'target': <playfield.playfield>, 'source': <ball_device.bd_trough>, 'mechanical_eject': False, 'num_attempts': 4}
2024-02-08 10:14:36,051 : INFO : ball_device.bd_trough : Wait for ball to leave device
2024-02-08 10:14:36,051 : INFO : coil.c_trough : Pulsing Driver for 15ms (1.0 pulse_power)
2024-02-08 10:14:36,103 : INFO : SwitchController : <<<<<<< 's_trough_4' inactive >>>>>>>
2024-02-08 10:14:36,106 : INFO : ball_device.bd_trough : State: ball_left
2024-02-08 10:14:36,106 : INFO : ball_device.bd_trough : Ball left
2024-02-08 10:14:36,106 : INFO : ball_device.bd_trough : Wait for confirm with timeout 10.0
2024-02-08 10:14:46,094 : INFO : ball_device.bd_trough : State: failed_confirm
2024-02-08 10:14:46,094 : INFO : ball_device.bd_trough : Got timeout (10.0s) before confirm from <playfield.playfield>
2024-02-08 10:14:46,173 : INFO : ball_device.bd_trough : Confirming eject because target is playfield and ball did not return.
2024-02-08 10:14:46,173 : INFO : ball_device.bd_trough : Eject successful
2024-02-08 10:14:46,173 : INFO : EventManager : Event: ======'balldevice_bd_trough_ball_eject_success'====== Args={'balls': 1, 'target': <playfield.playfield>}
2024-02-08 10:14:46,173 : INFO : EventManager : Event: ======'balldevice_playfield_ball_enter'====== Args={'new_balls': 1, 'unclaimed_balls': 1, 'device': <playfield.playfield>}
2024-02-08 10:14:46,173 : INFO : EventManager : Event: ======'playfield_ball_count_change'====== Args={'balls': 1, 'change': 1}
2024-02-08 10:14:46,173 : INFO : EventManager : Event: ======'balldevice_bd_trough_ball_count_changed'====== Args={'balls': 0}
2024-02-08 10:14:46,173 : INFO : ball_device.bd_trough : State: idle
2024-02-08 10:14:47,174 : INFO : SwitchController : <<<<<<< 's_trough_4' active >>>>>>>
2024-02-08 10:14:47,205 : INFO : SwitchController : <<<<<<< 's_trough_4' inactive >>>>>>>
2024-02-08 10:14:47,223 : INFO : SwitchController : <<<<<<< 's_trough_3' active >>>>>>>
2024-02-08 10:14:47,267 : INFO : SwitchController : <<<<<<< 's_trough_3' inactive >>>>>>>
2024-02-08 10:14:47,282 : INFO : SwitchController : <<<<<<< 's_trough_2' active >>>>>>>
2024-02-08 10:14:47,329 : INFO : SwitchController : <<<<<<< 's_trough_2' inactive >>>>>>>
2024-02-08 10:14:47,345 : INFO : SwitchController : <<<<<<< 's_trough_1' active >>>>>>>
2024-02-08 10:14:47,406 : INFO : SwitchController : <<<<<<< 's_trough_1' inactive >>>>>>>
2024-02-08 10:14:47,736 : INFO : SwitchController : <<<<<<< 's_trough_1' active >>>>>>>
2024-02-08 10:14:47,831 : INFO : SwitchController : <<<<<<< 's_trough_1' inactive >>>>>>>
2024-02-08 10:14:47,845 : INFO : SwitchController : <<<<<<< 's_trough_2' active >>>>>>>
2024-02-08 10:14:47,922 : INFO : SwitchController : <<<<<<< 's_trough_2' inactive >>>>>>>
2024-02-08 10:14:47,940 : INFO : SwitchController : <<<<<<< 's_trough_3' active >>>>>>>
2024-02-08 10:14:48,016 : INFO : SwitchController : <<<<<<< 's_trough_3' inactive >>>>>>>
2024-02-08 10:14:48,031 : INFO : SwitchController : <<<<<<< 's_trough_4' active >>>>>>>
2024-02-08 10:14:48,519 : INFO : EventManager : Event: ======'balldevice_bd_trough_ball_count_changed'====== Args={'balls': 1}
2024-02-08 10:14:48,519 : INFO : ball_device.bd_trough : Received unexpected ball
2024-02-08 10:14:48,519 : INFO : EventManager : Event: ======'balldevice_captured_from_playfield'====== Args={'balls': 1}
2024-02-08 10:14:48,519 : INFO : EventManager : Event: ======'sw_playfield_active'====== Args={'balls': 1}
2024-02-08 10:14:48,519 : INFO : EventManager : Event: ======'playfield_ball_count_change'====== Args={'balls': 0, 'change': -1}
2024-02-08 10:14:48,519 : INFO : EventManager : Event: ======'balldevice_bd_trough_ball_enter'====== Args={'new_balls': 1, 'unclaimed_balls': 1, 'new_available_balls': 1, 'device': <ball_device.bd_trough>}
2024-02-08 10:14:48,520 : INFO : ball_device.bd_trough : Ejecting 1 unexpected balls using path deque([<ball_device.bd_trough>, <playfield.playfield>])
2024-02-08 10:14:48,520 : INFO : EventManager : Event: ======'balldevice_balls_available'====== Args={}
2024-02-08 10:14:48,520 : INFO : EventManager : Event: ======'balldevice_balls_available'====== Args={}
2024-02-08 10:14:48,520 : INFO : EventManager : Event: ======'balldevice_bd_trough_ball_entered'====== Args={'new_balls': 1, 'device': <ball_device.bd_trough>}
2024-02-08 10:14:48,520 : INFO : ball_device.bd_trough : State: waiting_for_target_ready
2024-02-08 10:14:48,521 : INFO : EventManager : Event: ======'balldevice_bd_trough_ball_eject_attempt'====== Args={'balls': 1, 'target': <playfield.playfield>, 'source': <ball_device.bd_trough>, 'mechanical_eject': False, 'num_attempts': 0}
2024-02-08 10:14:48,521 : INFO : ball_device.bd_trough : State: ejecting
2024-02-08 10:14:48,521 : INFO : ball_device.bd_trough : Ejecting ball to <playfield.playfield>
2024-02-08 10:14:48,521 : INFO : EventManager : Event: ======'balldevice_bd_trough_ejecting_ball'====== Args={'balls': 1, 'target': <playfield.playfield>, 'source': <ball_device.bd_trough>, 'mechanical_eject': False, 'num_attempts': 0}
2024-02-08 10:14:48,521 : INFO : ball_device.bd_trough : Wait for ball to leave device
2024-02-08 10:14:48,521 : INFO : coil.c_trough : Pulsing Driver for 15ms (1.0 pulse_power)
2024-02-08 10:14:48,566 : INFO : SwitchController : <<<<<<< 's_trough_4' inactive >>>>>>>
2024-02-08 10:14:48,569 : INFO : ball_device.bd_trough : State: ball_left
2024-02-08 10:14:48,569 : INFO : ball_device.bd_trough : Ball left
2024-02-08 10:14:48,569 : INFO : ball_device.bd_trough : Wait for confirm with timeout 10.0
2024-02-08 10:14:48,720 : INFO : SwitchController : <<<<<<< 's_trough_4' active >>>>>>>
2024-02-08 10:14:48,720 : INFO : SwitchController : <<<<<<< 's_trough_4' inactive >>>>>>>
2024-02-08 10:14:48,751 : INFO : SwitchController : <<<<<<< 's_trough_3' active >>>>>>>
2024-02-08 10:14:48,937 : INFO : SwitchController : <<<<<<< 's_trough_3' inactive >>>>>>>
2024-02-08 10:14:49,202 : INFO : SwitchController : <<<<<<< 's_trough_3' active >>>>>>>
2024-02-08 10:14:49,389 : INFO : SwitchController : <<<<<<< 's_trough_3' inactive >>>>>>>
2024-02-08 10:14:49,407 : INFO : SwitchController : <<<<<<< 's_trough_4' active >>>>>>>
2024-02-08 10:14:52,772 : INFO : SwitchController : <<<<<<< 's_flipper_l' active >>>>>>>
2024-02-08 10:14:52,850 : INFO : SwitchController : <<<<<<< 's_flipper_r' active >>>>>>>
2024-02-08 10:14:52,850 : INFO : EventManager : Event: ======'flipper_cancel'====== Args={'triggering_group': 2, 'triggering_switch': 's_flipper_r'}
2024-02-08 10:14:53,021 : INFO : SwitchController : <<<<<<< 's_flipper_r' inactive >>>>>>>
2024-02-08 10:14:53,021 : INFO : EventManager : Event: ======'both_flippers_one'====== Args={'triggering_group': 2, 'triggering_switch': 's_flipper_r'}
2024-02-08 10:14:53,047 : INFO : SwitchController : <<<<<<< 's_flipper_l' inactive >>>>>>>
2024-02-08 10:14:53,047 : INFO : EventManager : Event: ======'both_flippers_inactive'====== Args={'triggering_group': 1, 'triggering_switch': 's_flipper_l'}
2024-02-08 10:14:58,573 : INFO : ball_device.bd_trough : State: failed_confirm
2024-02-08 10:14:58,573 : INFO : ball_device.bd_trough : Got timeout (10.0s) before confirm from <playfield.playfield>
2024-02-08 10:14:58,667 : INFO : ball_device.bd_trough : Got unknown balls. Assuming a ball returned.
2024-02-08 10:14:58,667 : INFO : EventManager : Event: ======'balldevice_bd_trough_ball_eject_failed'====== Args={'target': <playfield.playfield>, 'balls': 1, 'retry': True, 'num_attempts': 1}
2024-02-08 10:14:58,668 : INFO : ball_device.bd_trough : State: waiting_for_target_ready
2024-02-08 10:14:58,668 : INFO : EventManager : Event: ======'balldevice_bd_trough_ball_eject_attempt'====== Args={'balls': 1, 'target': <playfield.playfield>, 'source': <ball_device.bd_trough>, 'mechanical_eject': False, 'num_attempts': 1}
2024-02-08 10:14:58,668 : INFO : ball_device.bd_trough : State: ejecting
2024-02-08 10:14:58,668 : INFO : ball_device.bd_trough : Ejecting ball to <playfield.playfield>
2024-02-08 10:14:58,668 : INFO : EventManager : Event: ======'balldevice_bd_trough_ejecting_ball'====== Args={'balls': 1, 'target': <playfield.playfield>, 'source': <ball_device.bd_trough>, 'mechanical_eject': False, 'num_attempts': 1}
2024-02-08 10:14:58,669 : INFO : ball_device.bd_trough : Wait for ball to leave device
2024-02-08 10:14:58,669 : INFO : coil.c_trough : Pulsing Driver for 15ms (1.0 pulse_power)
2024-02-08 10:14:58,713 : INFO : SwitchController : <<<<<<< 's_trough_4' inactive >>>>>>>
2024-02-08 10:14:58,717 : INFO : ball_device.bd_trough : State: ball_left
2024-02-08 10:14:58,717 : INFO : ball_device.bd_trough : Ball left
2024-02-08 10:14:58,717 : INFO : ball_device.bd_trough : Wait for confirm with timeout 10.0
2024-02-08 10:15:06,754 : INFO : SwitchController : <<<<<<< 's_trough_1' active >>>>>>>
2024-02-08 10:15:06,832 : INFO : SwitchController : <<<<<<< 's_trough_1' inactive >>>>>>>
2024-02-08 10:15:06,847 : INFO : SwitchController : <<<<<<< 's_trough_2' active >>>>>>>
2024-02-08 10:15:06,909 : INFO : SwitchController : <<<<<<< 's_trough_2' inactive >>>>>>>
2024-02-08 10:15:06,927 : INFO : SwitchController : <<<<<<< 's_trough_3' active >>>>>>>
2024-02-08 10:15:06,988 : INFO : SwitchController : <<<<<<< 's_trough_3' inactive >>>>>>>
2024-02-08 10:15:07,005 : INFO : SwitchController : <<<<<<< 's_trough_4' active >>>>>>>
2024-02-08 10:15:08,705 : INFO : ball_device.bd_trough : State: failed_confirm
2024-02-08 10:15:08,705 : INFO : ball_device.bd_trough : Got timeout (10.0s) before confirm from <playfield.playfield>
2024-02-08 10:15:08,799 : INFO : ball_device.bd_trough : Got unknown balls. Assuming a ball returned.
2024-02-08 10:15:08,799 : INFO : EventManager : Event: ======'balldevice_bd_trough_ball_eject_failed'====== Args={'target': <playfield.playfield>, 'balls': 1, 'retry': True, 'num_attempts': 2}
2024-02-08 10:15:08,800 : INFO : ball_device.bd_trough : State: waiting_for_target_ready
2024-02-08 10:15:08,800 : INFO : EventManager : Event: ======'balldevice_bd_trough_ball_eject_attempt'====== Args={'balls': 1, 'target': <playfield.playfield>, 'source': <ball_device.bd_trough>, 'mechanical_eject': False, 'num_attempts': 2}
2024-02-08 10:15:08,800 : INFO : ball_device.bd_trough : State: ejecting
2024-02-08 10:15:08,800 : INFO : ball_device.bd_trough : Ejecting ball to <playfield.playfield>
2024-02-08 10:15:08,801 : INFO : EventManager : Event: ======'balldevice_bd_trough_ejecting_ball'====== Args={'balls': 1, 'target': <playfield.playfield>, 'source': <ball_device.bd_trough>, 'mechanical_eject': False, 'num_attempts': 2}
2024-02-08 10:15:08,801 : INFO : ball_device.bd_trough : Wait for ball to leave device
2024-02-08 10:15:08,801 : INFO : coil.c_trough : Pulsing Driver for 15ms (1.0 pulse_power)
2024-02-08 10:15:08,846 : INFO : SwitchController : <<<<<<< 's_trough_4' inactive >>>>>>>
2024-02-08 10:15:08,850 : INFO : ball_device.bd_trough : State: ball_left
2024-02-08 10:15:08,850 : INFO : ball_device.bd_trough : Ball left
2024-02-08 10:15:08,850 : INFO : ball_device.bd_trough : Wait for confirm with timeout 10.0
2024-02-08 10:15:13,398 : INFO : SwitchController : <<<<<<< 's_trough_4' active >>>>>>>
2024-02-08 10:15:13,413 : INFO : SwitchController : <<<<<<< 's_trough_4' inactive >>>>>>>
2024-02-08 10:15:13,557 : INFO : SwitchController : <<<<<<< 's_trough_4' active >>>>>>>
2024-02-08 10:15:18,833 : INFO : ball_device.bd_trough : State: failed_confirm
2024-02-08 10:15:18,833 : INFO : ball_device.bd_trough : Got timeout (10.0s) before confirm from <playfield.playfield>
2024-02-08 10:15:18,925 : INFO : ball_device.bd_trough : Got unknown balls. Assuming a ball returned.
2024-02-08 10:15:18,925 : INFO : EventManager : Event: ======'balldevice_bd_trough_ball_eject_failed'====== Args={'target': <playfield.playfield>, 'balls': 1, 'retry': True, 'num_attempts': 3}
2024-02-08 10:15:18,926 : INFO : ball_device.bd_trough : State: waiting_for_target_ready
2024-02-08 10:15:18,926 : INFO : EventManager : Event: ======'balldevice_bd_trough_ball_eject_attempt'====== Args={'balls': 1, 'target': <playfield.playfield>, 'source': <ball_device.bd_trough>, 'mechanical_eject': False, 'num_attempts': 3}
2024-02-08 10:15:18,926 : INFO : ball_device.bd_trough : State: ejecting
2024-02-08 10:15:18,926 : INFO : ball_device.bd_trough : Ejecting ball to <playfield.playfield>
2024-02-08 10:15:18,926 : INFO : EventManager : Event: ======'balldevice_bd_trough_ejecting_ball'====== Args={'balls': 1, 'target': <playfield.playfield>, 'source': <ball_device.bd_trough>, 'mechanical_eject': False, 'num_attempts': 3}
2024-02-08 10:15:18,927 : INFO : ball_device.bd_trough : Wait for ball to leave device
2024-02-08 10:15:18,927 : INFO : coil.c_trough : Pulsing Driver for 15ms (1.0 pulse_power)
2024-02-08 10:15:18,973 : INFO : SwitchController : <<<<<<< 's_trough_4' inactive >>>>>>>
2024-02-08 10:15:18,976 : INFO : ball_device.bd_trough : State: ball_left
2024-02-08 10:15:18,976 : INFO : ball_device.bd_trough : Ball left
2024-02-08 10:15:18,976 : INFO : ball_device.bd_trough : Wait for confirm with timeout 10.0
2024-02-08 10:15:21,623 : INFO : SwitchController : <<<<<<< 's_trough_1' active >>>>>>>
2024-02-08 10:15:21,732 : INFO : SwitchController : <<<<<<< 's_trough_1' inactive >>>>>>>
2024-02-08 10:15:21,750 : INFO : SwitchController : <<<<<<< 's_trough_2' active >>>>>>>
2024-02-08 10:15:21,824 : INFO : SwitchController : <<<<<<< 's_trough_2' inactive >>>>>>>
2024-02-08 10:15:21,842 : INFO : SwitchController : <<<<<<< 's_trough_3' active >>>>>>>
2024-02-08 10:15:21,917 : INFO : SwitchController : <<<<<<< 's_trough_3' inactive >>>>>>>
2024-02-08 10:15:21,935 : INFO : SwitchController : <<<<<<< 's_trough_4' active >>>>>>>
2024-02-08 10:15:28,955 : INFO : ball_device.bd_trough : State: failed_confirm
2024-02-08 10:15:28,955 : INFO : ball_device.bd_trough : Got timeout (10.0s) before confirm from <playfield.playfield>
2024-02-08 10:15:29,056 : INFO : ball_device.bd_trough : Got unknown balls. Assuming a ball returned.
2024-02-08 10:15:29,056 : INFO : EventManager : Event: ======'balldevice_bd_trough_ball_eject_failed'====== Args={'target': <playfield.playfield>, 'balls': 1, 'retry': True, 'num_attempts': 4}
2024-02-08 10:15:29,057 : INFO : ball_device.bd_trough : State: waiting_for_target_ready
2024-02-08 10:15:29,057 : INFO : EventManager : Event: ======'balldevice_bd_trough_ball_eject_attempt'====== Args={'balls': 1, 'target': <playfield.playfield>, 'source': <ball_device.bd_trough>, 'mechanical_eject': False, 'num_attempts': 4}
2024-02-08 10:15:29,057 : INFO : ball_device.bd_trough : State: ejecting
2024-02-08 10:15:29,057 : INFO : ball_device.bd_trough : Ejecting ball to <playfield.playfield>
2024-02-08 10:15:29,057 : INFO : EventManager : Event: ======'balldevice_bd_trough_ejecting_ball'====== Args={'balls': 1, 'target': <playfield.playfield>, 'source': <ball_device.bd_trough>, 'mechanical_eject': False, 'num_attempts': 4}
2024-02-08 10:15:29,058 : INFO : ball_device.bd_trough : Wait for ball to leave device
2024-02-08 10:15:29,058 : INFO : coil.c_trough : Pulsing Driver for 15ms (1.0 pulse_power)
2024-02-08 10:15:29,111 : INFO : SwitchController : <<<<<<< 's_trough_4' inactive >>>>>>>
2024-02-08 10:15:29,114 : INFO : ball_device.bd_trough : State: ball_left
2024-02-08 10:15:29,114 : INFO : ball_device.bd_trough : Ball left
2024-02-08 10:15:29,114 : INFO : ball_device.bd_trough : Wait for confirm with timeout 10.0
2024-02-08 10:15:30,003 : INFO : SwitchController : <<<<<<< 's_trough_1' active >>>>>>>
2024-02-08 10:15:30,110 : INFO : SwitchController : <<<<<<< 's_trough_1' inactive >>>>>>>
2024-02-08 10:15:30,128 : INFO : SwitchController : <<<<<<< 's_trough_2' active >>>>>>>
2024-02-08 10:15:30,217 : INFO : SwitchController : <<<<<<< 's_trough_2' inactive >>>>>>>
2024-02-08 10:15:30,235 : INFO : SwitchController : <<<<<<< 's_trough_3' active >>>>>>>
2024-02-08 10:15:30,311 : INFO : SwitchController : <<<<<<< 's_trough_3' inactive >>>>>>>
2024-02-08 10:15:30,312 : INFO : SwitchController : <<<<<<< 's_trough_4' active >>>>>>>
2024-02-08 10:15:39,122 : INFO : ball_device.bd_trough : State: failed_confirm
2024-02-08 10:15:39,122 : INFO : ball_device.bd_trough : Got timeout (10.0s) before confirm from <playfield.playfield>
2024-02-08 10:15:39,216 : INFO : ball_device.bd_trough : Got unknown balls. Assuming a ball returned.
2024-02-08 10:15:39,216 : INFO : EventManager : Event: ======'balldevice_bd_trough_ball_eject_failed'====== Args={'target': <playfield.playfield>, 'balls': 1, 'retry': True, 'num_attempts': 5}
2024-02-08 10:15:39,217 : INFO : ball_device.bd_trough : State: waiting_for_target_ready
2024-02-08 10:15:39,217 : INFO : EventManager : Event: ======'balldevice_bd_trough_ball_eject_attempt'====== Args={'balls': 1, 'target': <playfield.playfield>, 'source': <ball_device.bd_trough>, 'mechanical_eject': False, 'num_attempts': 5}
2024-02-08 10:15:39,217 : INFO : ball_device.bd_trough : State: ejecting
2024-02-08 10:15:39,217 : INFO : ball_device.bd_trough : Ejecting ball to <playfield.playfield>
2024-02-08 10:15:39,217 : INFO : EventManager : Event: ======'balldevice_bd_trough_ejecting_ball'====== Args={'balls': 1, 'target': <playfield.playfield>, 'source': <ball_device.bd_trough>, 'mechanical_eject': False, 'num_attempts': 5}
2024-02-08 10:15:39,218 : INFO : ball_device.bd_trough : Wait for ball to leave device
2024-02-08 10:15:39,218 : INFO : coil.c_trough : Pulsing Driver for 15ms (1.0 pulse_power)
2024-02-08 10:15:39,261 : INFO : SwitchController : <<<<<<< 's_trough_4' inactive >>>>>>>
2024-02-08 10:15:39,264 : INFO : ball_device.bd_trough : State: ball_left
2024-02-08 10:15:39,264 : INFO : ball_device.bd_trough : Ball left
2024-02-08 10:15:39,264 : INFO : ball_device.bd_trough : Wait for confirm with timeout 10.0
2024-02-08 10:15:49,260 : INFO : ball_device.bd_trough : State: failed_confirm
2024-02-08 10:15:49,260 : INFO : ball_device.bd_trough : Got timeout (10.0s) before confirm from <playfield.playfield>
2024-02-08 10:15:49,355 : INFO : ball_device.bd_trough : Confirming eject because target is playfield and ball did not return.
2024-02-08 10:15:49,355 : INFO : ball_device.bd_trough : Eject successful
2024-02-08 10:15:49,355 : INFO : EventManager : Event: ======'balldevice_bd_trough_ball_eject_success'====== Args={'balls': 1, 'target': <playfield.playfield>}
2024-02-08 10:15:49,355 : INFO : EventManager : Event: ======'balldevice_playfield_ball_enter'====== Args={'new_balls': 1, 'unclaimed_balls': 1, 'device': <playfield.playfield>}
2024-02-08 10:15:49,355 : INFO : EventManager : Event: ======'playfield_ball_count_change'====== Args={'balls': 1, 'change': 1}
2024-02-08 10:15:49,356 : INFO : EventManager : Event: ======'balldevice_bd_trough_ball_count_changed'====== Args={'balls': 0}
2024-02-08 10:15:49,356 : INFO : ball_device.bd_trough : State: idle
2024-02-08 10:16:44,266 : INFO : SwitchController : <<<<<<< 's_trough_1' active >>>>>>>
2024-02-08 10:16:44,358 : INFO : SwitchController : <<<<<<< 's_trough_1' inactive >>>>>>>
2024-02-08 10:16:44,376 : INFO : SwitchController : <<<<<<< 's_trough_2' active >>>>>>>
2024-02-08 10:16:44,436 : INFO : SwitchController : <<<<<<< 's_trough_2' inactive >>>>>>>
2024-02-08 10:16:44,451 : INFO : SwitchController : <<<<<<< 's_trough_3' active >>>>>>>
2024-02-08 10:16:44,514 : INFO : SwitchController : <<<<<<< 's_trough_3' inactive >>>>>>>
2024-02-08 10:16:44,530 : INFO : SwitchController : <<<<<<< 's_trough_4' active >>>>>>>
2024-02-08 10:16:45,030 : INFO : EventManager : Event: ======'balldevice_bd_trough_ball_count_changed'====== Args={'balls': 1}
2024-02-08 10:16:45,030 : INFO : ball_device.bd_trough : Received unexpected ball
2024-02-08 10:16:45,030 : INFO : EventManager : Event: ======'balldevice_captured_from_playfield'====== Args={'balls': 1}
2024-02-08 10:16:45,030 : INFO : EventManager : Event: ======'sw_playfield_active'====== Args={'balls': 1}
2024-02-08 10:16:45,030 : INFO : EventManager : Event: ======'playfield_ball_count_change'====== Args={'balls': 0, 'change': -1}
2024-02-08 10:16:45,031 : INFO : EventManager : Event: ======'balldevice_bd_trough_ball_enter'====== Args={'new_balls': 1, 'unclaimed_balls': 1, 'new_available_balls': 1, 'device': <ball_device.bd_trough>}
2024-02-08 10:16:45,031 : INFO : ball_device.bd_trough : Ejecting 1 unexpected balls using path deque([<ball_device.bd_trough>, <playfield.playfield>])
2024-02-08 10:16:45,031 : INFO : EventManager : Event: ======'balldevice_balls_available'====== Args={}
2024-02-08 10:16:45,031 : INFO : EventManager : Event: ======'balldevice_balls_available'====== Args={}
2024-02-08 10:16:45,031 : INFO : EventManager : Event: ======'balldevice_bd_trough_ball_entered'====== Args={'new_balls': 1, 'device': <ball_device.bd_trough>}
2024-02-08 10:16:45,042 : INFO : ball_device.bd_trough : State: waiting_for_target_ready
2024-02-08 10:16:45,042 : INFO : EventManager : Event: ======'balldevice_bd_trough_ball_eject_attempt'====== Args={'balls': 1, 'target': <playfield.playfield>, 'source': <ball_device.bd_trough>, 'mechanical_eject': False, 'num_attempts': 0}
2024-02-08 10:16:45,042 : INFO : ball_device.bd_trough : State: ejecting
2024-02-08 10:16:45,042 : INFO : ball_device.bd_trough : Ejecting ball to <playfield.playfield>
2024-02-08 10:16:45,042 : INFO : EventManager : Event: ======'balldevice_bd_trough_ejecting_ball'====== Args={'balls': 1, 'target': <playfield.playfield>, 'source': <ball_device.bd_trough>, 'mechanical_eject': False, 'num_attempts': 0}
2024-02-08 10:16:45,042 : INFO : ball_device.bd_trough : Wait for ball to leave device
2024-02-08 10:16:45,042 : INFO : coil.c_trough : Pulsing Driver for 15ms (1.0 pulse_power)
2024-02-08 10:16:45,078 : INFO : SwitchController : <<<<<<< 's_trough_4' inactive >>>>>>>
2024-02-08 10:16:45,081 : INFO : ball_device.bd_trough : State: ball_left
2024-02-08 10:16:45,081 : INFO : ball_device.bd_trough : Ball left
2024-02-08 10:16:45,081 : INFO : ball_device.bd_trough : Wait for confirm with timeout 10.0
2024-02-08 10:16:47,050 : INFO : SwitchController : <<<<<<< 's_trough_1' active >>>>>>>
2024-02-08 10:16:47,158 : INFO : SwitchController : <<<<<<< 's_trough_1' inactive >>>>>>>
2024-02-08 10:16:47,174 : INFO : SwitchController : <<<<<<< 's_trough_2' active >>>>>>>
2024-02-08 10:16:47,253 : INFO : SwitchController : <<<<<<< 's_trough_2' inactive >>>>>>>
2024-02-08 10:16:47,271 : INFO : SwitchController : <<<<<<< 's_trough_3' active >>>>>>>
2024-02-08 10:16:47,344 : INFO : SwitchController : <<<<<<< 's_trough_3' inactive >>>>>>>
2024-02-08 10:16:47,362 : INFO : SwitchController : <<<<<<< 's_trough_4' active >>>>>>>
2024-02-08 10:16:51,198 : INFO : SwitchController : <<<<<<< 's_flipper_l' active >>>>>>>
2024-02-08 10:16:51,214 : INFO : SwitchController : <<<<<<< 's_flipper_r' active >>>>>>>
2024-02-08 10:16:51,214 : INFO : EventManager : Event: ======'flipper_cancel'====== Args={'triggering_group': 2, 'triggering_switch': 's_flipper_r'}
2024-02-08 10:16:51,354 : INFO : SwitchController : <<<<<<< 's_flipper_l' inactive >>>>>>>
2024-02-08 10:16:51,354 : INFO : EventManager : Event: ======'both_flippers_one'====== Args={'triggering_group': 1, 'triggering_switch': 's_flipper_l'}
2024-02-08 10:16:51,371 : INFO : SwitchController : <<<<<<< 's_flipper_r' inactive >>>>>>>
2024-02-08 10:16:51,371 : INFO : EventManager : Event: ======'both_flippers_inactive'====== Args={'triggering_group': 2, 'triggering_switch': 's_flipper_r'}
2024-02-08 10:16:55,092 : INFO : ball_device.bd_trough : State: failed_confirm
2024-02-08 10:16:55,092 : INFO : ball_device.bd_trough : Got timeout (10.0s) before confirm from <playfield.playfield>
2024-02-08 10:16:55,186 : INFO : ball_device.bd_trough : Got unknown balls. Assuming a ball returned.
2024-02-08 10:16:55,186 : INFO : EventManager : Event: ======'balldevice_bd_trough_ball_eject_failed'====== Args={'target': <playfield.playfield>, 'balls': 1, 'retry': True, 'num_attempts': 1}
2024-02-08 10:16:55,187 : INFO : ball_device.bd_trough : State: waiting_for_target_ready
2024-02-08 10:16:55,187 : INFO : EventManager : Event: ======'balldevice_bd_trough_ball_eject_attempt'====== Args={'balls': 1, 'target': <playfield.playfield>, 'source': <ball_device.bd_trough>, 'mechanical_eject': False, 'num_attempts': 1}
2024-02-08 10:16:55,187 : INFO : ball_device.bd_trough : State: ejecting
2024-02-08 10:16:55,187 : INFO : ball_device.bd_trough : Ejecting ball to <playfield.playfield>
2024-02-08 10:16:55,187 : INFO : EventManager : Event: ======'balldevice_bd_trough_ejecting_ball'====== Args={'balls': 1, 'target': <playfield.playfield>, 'source': <ball_device.bd_trough>, 'mechanical_eject': False, 'num_attempts': 1}
2024-02-08 10:16:55,187 : INFO : ball_device.bd_trough : Wait for ball to leave device
2024-02-08 10:16:55,187 : INFO : coil.c_trough : Pulsing Driver for 15ms (1.0 pulse_power)
2024-02-08 10:16:55,231 : INFO : SwitchController : <<<<<<< 's_trough_4' inactive >>>>>>>
2024-02-08 10:16:55,234 : INFO : ball_device.bd_trough : State: ball_left
2024-02-08 10:16:55,234 : INFO : ball_device.bd_trough : Ball left
2024-02-08 10:16:55,235 : INFO : ball_device.bd_trough : Wait for confirm with timeout 10.0
2024-02-08 10:16:55,796 : INFO : SwitchController : <<<<<<< 's_sling_l' active >>>>>>>
2024-02-08 10:16:55,796 : INFO : EventManager : Event: ======'playfield_active'====== Args={}
2024-02-08 10:16:55,799 : INFO : ball_device.bd_trough : Got eject confirm
2024-02-08 10:16:55,799 : INFO : ball_device.bd_trough : Eject successful
2024-02-08 10:16:55,799 : INFO : EventManager : Event: ======'balldevice_bd_trough_ball_eject_success'====== Args={'balls': 1, 'target': <playfield.playfield>}
2024-02-08 10:16:55,799 : INFO : EventManager : Event: ======'balldevice_playfield_ball_enter'====== Args={'new_balls': 1, 'unclaimed_balls': 1, 'device': <playfield.playfield>}
2024-02-08 10:16:55,799 : INFO : EventManager : Event: ======'playfield_ball_count_change'====== Args={'balls': 1, 'change': 1}
2024-02-08 10:16:55,799 : INFO : EventManager : Event: ======'balldevice_bd_trough_ball_count_changed'====== Args={'balls': 0}
2024-02-08 10:16:55,799 : INFO : ball_device.bd_trough : State: idle
2024-02-08 10:16:55,811 : INFO : SwitchController : <<<<<<< 's_sling_l' inactive >>>>>>>
2024-02-08 10:16:57,052 : INFO : SwitchController : <<<<<<< 's_flipper_r' active >>>>>>>
2024-02-08 10:16:57,278 : INFO : SwitchController : <<<<<<< 's_stationary_back' active >>>>>>>
2024-02-08 10:16:57,278 : INFO : EventManager : Event: ======'sw_playfield_active'====== Args={}
2024-02-08 10:16:57,293 : INFO : SwitchController : <<<<<<< 's_stationary_back' inactive >>>>>>>
2024-02-08 10:16:57,746 : INFO : SwitchController : <<<<<<< 's_sling_r' active >>>>>>>
2024-02-08 10:16:57,761 : INFO : SwitchController : <<<<<<< 's_sling_r' inactive >>>>>>>
2024-02-08 10:16:58,634 : INFO : SwitchController : <<<<<<< 's_flipper_r' inactive >>>>>>>
2024-02-08 10:16:58,993 : INFO : SwitchController : <<<<<<< 's_flipper_l' active >>>>>>>
2024-02-08 10:16:59,667 : INFO : SwitchController : <<<<<<< 's_flipper_l' inactive >>>>>>>
2024-02-08 10:17:00,575 : INFO : SwitchController : <<<<<<< 's_flipper_l' active >>>>>>>
2024-02-08 10:17:01,557 : INFO : SwitchController : <<<<<<< 's_flipper_l' inactive >>>>>>>
2024-02-08 10:17:01,652 : INFO : SwitchController : <<<<<<< 's_flipper_r' active >>>>>>>
2024-02-08 10:17:01,871 : INFO : SwitchController : <<<<<<< 's_flipper_r' inactive >>>>>>>
2024-02-08 10:17:02,184 : INFO : SwitchController : <<<<<<< 's_flipper_l' active >>>>>>>
2024-02-08 10:17:03,537 : INFO : SwitchController : <<<<<<< 's_flipper_l' inactive >>>>>>>
2024-02-08 10:17:03,631 : INFO : SwitchController : <<<<<<< 's_flipper_l' active >>>>>>>
2024-02-08 10:17:03,848 : INFO : SwitchController : <<<<<<< 's_stationary_right' active >>>>>>>
2024-02-08 10:17:03,848 : INFO : EventManager : Event: ======'sw_playfield_active'====== Args={}
2024-02-08 10:17:03,863 : INFO : SwitchController : <<<<<<< 's_flipper_l' inactive >>>>>>>
2024-02-08 10:17:03,863 : INFO : SwitchController : <<<<<<< 's_stationary_right' inactive >>>>>>>
2024-02-08 10:17:04,191 : INFO : SwitchController : <<<<<<< 's_vuk' active >>>>>>>
2024-02-08 10:17:04,693 : INFO : EventManager : Event: ======'balldevice_bd_vuk_ball_count_changed'====== Args={'balls': 1}
2024-02-08 10:17:04,693 : INFO : ball_device.bd_vuk : Received unexpected ball
2024-02-08 10:17:04,693 : INFO : EventManager : Event: ======'balldevice_captured_from_playfield'====== Args={'balls': 1}
2024-02-08 10:17:04,693 : INFO : EventManager : Event: ======'sw_playfield_active'====== Args={'balls': 1}
2024-02-08 10:17:04,693 : INFO : EventManager : Event: ======'playfield_ball_count_change'====== Args={'balls': 0, 'change': -1}
2024-02-08 10:17:04,694 : INFO : EventManager : Event: ======'balldevice_bd_vuk_ball_enter'====== Args={'new_balls': 1, 'unclaimed_balls': 1, 'new_available_balls': 1, 'device': <ball_device.bd_vuk>}
2024-02-08 10:17:04,694 : INFO : ball_device.bd_vuk : Ejecting 1 unexpected balls using path deque([<ball_device.bd_vuk>, <playfield.playfield>])
2024-02-08 10:17:04,694 : INFO : EventManager : Event: ======'balldevice_balls_available'====== Args={}
2024-02-08 10:17:04,694 : INFO : EventManager : Event: ======'balldevice_balls_available'====== Args={}
2024-02-08 10:17:04,694 : INFO : EventManager : Event: ======'balldevice_bd_vuk_ball_entered'====== Args={'new_balls': 1, 'device': <ball_device.bd_vuk>}
2024-02-08 10:17:04,695 : INFO : ball_device.bd_vuk : State: waiting_for_target_ready
2024-02-08 10:17:04,695 : INFO : EventManager : Event: ======'balldevice_bd_vuk_ball_eject_attempt'====== Args={'balls': 1, 'target': <playfield.playfield>, 'source': <ball_device.bd_vuk>, 'mechanical_eject': False, 'num_attempts': 0}
2024-02-08 10:17:04,695 : INFO : ball_device.bd_vuk : State: ejecting
2024-02-08 10:17:04,695 : INFO : ball_device.bd_vuk : Ejecting ball to <playfield.playfield>
2024-02-08 10:17:04,695 : INFO : EventManager : Event: ======'balldevice_bd_vuk_ejecting_ball'====== Args={'balls': 1, 'target': <playfield.playfield>, 'source': <ball_device.bd_vuk>, 'mechanical_eject': False, 'num_attempts': 0}
2024-02-08 10:17:04,695 : INFO : ball_device.bd_vuk : Wait for ball to leave device
2024-02-08 10:17:04,695 : INFO : coil.c_vuk : Pulsing Driver for 10ms (1.0 pulse_power)
2024-02-08 10:17:04,724 : INFO : SwitchController : <<<<<<< 's_vuk' inactive >>>>>>>
2024-02-08 10:17:04,728 : INFO : ball_device.bd_vuk : State: ball_left
2024-02-08 10:17:04,728 : INFO : ball_device.bd_vuk : Ball left
2024-02-08 10:17:04,728 : INFO : ball_device.bd_vuk : Wait for confirm with timeout 2.0
2024-02-08 10:17:04,741 : INFO : SwitchController : <<<<<<< 's_vuk' active >>>>>>>
2024-02-08 10:17:04,756 : INFO : SwitchController : <<<<<<< 's_vuk' inactive >>>>>>>
2024-02-08 10:17:05,254 : INFO : SwitchController : <<<<<<< 's_flipper_l' active >>>>>>>
2024-02-08 10:17:06,708 : INFO : ball_device.bd_vuk : State: failed_confirm
2024-02-08 10:17:06,708 : INFO : ball_device.bd_vuk : Got timeout (2.0s) before confirm from <playfield.playfield>
2024-02-08 10:17:06,802 : INFO : ball_device.bd_vuk : Confirming eject because target is playfield and ball did not return.
2024-02-08 10:17:06,802 : INFO : ball_device.bd_vuk : Eject successful
2024-02-08 10:17:06,802 : INFO : EventManager : Event: ======'balldevice_bd_vuk_ball_eject_success'====== Args={'balls': 1, 'target': <playfield.playfield>}
2024-02-08 10:17:06,802 : INFO : EventManager : Event: ======'balldevice_playfield_ball_enter'====== Args={'new_balls': 1, 'unclaimed_balls': 1, 'device': <playfield.playfield>}
2024-02-08 10:17:06,802 : INFO : EventManager : Event: ======'playfield_ball_count_change'====== Args={'balls': 1, 'change': 1}
2024-02-08 10:17:06,803 : INFO : EventManager : Event: ======'balldevice_bd_vuk_ball_count_changed'====== Args={'balls': 0}
2024-02-08 10:17:06,803 : INFO : ball_device.bd_vuk : State: idle
2024-02-08 10:17:06,993 : INFO : SwitchController : <<<<<<< 's_flipper_l' inactive >>>>>>>
2024-02-08 10:17:07,402 : INFO : SwitchController : <<<<<<< 's_flipper_r' active >>>>>>>
2024-02-08 10:17:07,776 : INFO : SwitchController : <<<<<<< 's_flipper_l' active >>>>>>>
2024-02-08 10:17:07,776 : INFO : EventManager : Event: ======'flipper_cancel'====== Args={'triggering_group': 1, 'triggering_switch': 's_flipper_l'}
2024-02-08 10:17:07,806 : INFO : SwitchController : <<<<<<< 's_flipper_r' inactive >>>>>>>
2024-02-08 10:17:07,806 : INFO : EventManager : Event: ======'both_flippers_one'====== Args={'triggering_group': 2, 'triggering_switch': 's_flipper_r'}
2024-02-08 10:17:08,011 : INFO : SwitchController : <<<<<<< 's_flipper_l' inactive >>>>>>>
2024-02-08 10:17:08,011 : INFO : EventManager : Event: ======'both_flippers_inactive'====== Args={'triggering_group': 1, 'triggering_switch': 's_flipper_l'}
2024-02-08 10:17:08,136 : INFO : SwitchController : <<<<<<< 's_stationary_right' active >>>>>>>
2024-02-08 10:17:08,136 : INFO : EventManager : Event: ======'sw_playfield_active'====== Args={}
2024-02-08 10:17:08,136 : INFO : SwitchController : <<<<<<< 's_stationary_right' inactive >>>>>>>
2024-02-08 10:17:08,554 : INFO : SwitchController : <<<<<<< 's_sling_r' active >>>>>>>
2024-02-08 10:17:08,573 : INFO : SwitchController : <<<<<<< 's_sling_r' inactive >>>>>>>
2024-02-08 10:17:08,649 : INFO : SwitchController : <<<<<<< 's_stationary_right' active >>>>>>>
2024-02-08 10:17:08,649 : INFO : EventManager : Event: ======'sw_playfield_active'====== Args={}
2024-02-08 10:17:08,664 : INFO : SwitchController : <<<<<<< 's_stationary_right' inactive >>>>>>>
2024-02-08 10:17:08,960 : INFO : SwitchController : <<<<<<< 's_flipper_l' active >>>>>>>
2024-02-08 10:17:09,255 : INFO : SwitchController : <<<<<<< 's_flipper_l' inactive >>>>>>>
2024-02-08 10:17:09,255 : INFO : SwitchController : <<<<<<< 's_stationary_l' active >>>>>>>
2024-02-08 10:17:09,255 : INFO : EventManager : Event: ======'sw_playfield_active'====== Args={}
2024-02-08 10:17:09,272 : INFO : SwitchController : <<<<<<< 's_stationary_l' inactive >>>>>>>
2024-02-08 10:17:09,649 : INFO : SwitchController : <<<<<<< 's_flipper_l' active >>>>>>>
2024-02-08 10:17:09,927 : INFO : SwitchController : <<<<<<< 's_flipper_l' inactive >>>>>>>
2024-02-08 10:17:10,068 : INFO : SwitchController : <<<<<<< 's_flipper_l' active >>>>>>>
2024-02-08 10:17:10,237 : INFO : SwitchController : <<<<<<< 's_stationary_l' active >>>>>>>
2024-02-08 10:17:10,237 : INFO : EventManager : Event: ======'sw_playfield_active'====== Args={}
2024-02-08 10:17:10,253 : INFO : SwitchController : <<<<<<< 's_stationary_l' inactive >>>>>>>
2024-02-08 10:17:10,410 : INFO : SwitchController : <<<<<<< 's_sling_l' active >>>>>>>
2024-02-08 10:17:10,429 : INFO : SwitchController : <<<<<<< 's_sling_l' inactive >>>>>>>
2024-02-08 10:17:10,695 : INFO : SwitchController : <<<<<<< 's_sling_r' active >>>>>>>
2024-02-08 10:17:10,711 : INFO : SwitchController : <<<<<<< 's_sling_r' inactive >>>>>>>
2024-02-08 10:17:10,789 : INFO : SwitchController : <<<<<<< 's_stationary_right' active >>>>>>>
2024-02-08 10:17:10,789 : INFO : EventManager : Event: ======'sw_playfield_active'====== Args={}
2024-02-08 10:17:10,789 : INFO : SwitchController : <<<<<<< 's_flipper_l' inactive >>>>>>>
2024-02-08 10:17:10,789 : INFO : SwitchController : <<<<<<< 's_stationary_right' inactive >>>>>>>
2024-02-08 10:17:10,945 : INFO : SwitchController : <<<<<<< 's_sling_r' active >>>>>>>
2024-02-08 10:17:10,963 : INFO : SwitchController : <<<<<<< 's_sling_r' inactive >>>>>>>
2024-02-08 10:17:11,429 : INFO : SwitchController : <<<<<<< 's_sling_l' active >>>>>>>
2024-02-08 10:17:11,430 : INFO : SwitchController : <<<<<<< 's_sling_l' inactive >>>>>>>
2024-02-08 10:17:11,601 : INFO : SwitchController : <<<<<<< 's_pop' active >>>>>>>
2024-02-08 10:17:11,618 : INFO : SwitchController : <<<<<<< 's_pop' inactive >>>>>>>
2024-02-08 10:17:11,618 : INFO : SwitchController : <<<<<<< 's_pop' active >>>>>>>
2024-02-08 10:17:11,618 : INFO : SwitchController : <<<<<<< 's_pop' inactive >>>>>>>
2024-02-08 10:17:12,616 : INFO : SwitchController : <<<<<<< 's_trough_1' active >>>>>>>
2024-02-08 10:17:12,710 : INFO : SwitchController : <<<<<<< 's_trough_1' inactive >>>>>>>
2024-02-08 10:17:12,727 : INFO : SwitchController : <<<<<<< 's_trough_2' active >>>>>>>
2024-02-08 10:17:12,804 : INFO : SwitchController : <<<<<<< 's_trough_2' inactive >>>>>>>
2024-02-08 10:17:12,819 : INFO : SwitchController : <<<<<<< 's_trough_3' active >>>>>>>
2024-02-08 10:17:12,882 : INFO : SwitchController : <<<<<<< 's_trough_3' inactive >>>>>>>
2024-02-08 10:17:12,900 : INFO : SwitchController : <<<<<<< 's_trough_4' active >>>>>>>
2024-02-08 10:17:13,397 : INFO : EventManager : Event: ======'balldevice_bd_trough_ball_count_changed'====== Args={'balls': 1}
2024-02-08 10:17:13,397 : INFO : ball_device.bd_trough : Received unexpected ball
2024-02-08 10:17:13,397 : INFO : EventManager : Event: ======'balldevice_captured_from_playfield'====== Args={'balls': 1}
2024-02-08 10:17:13,398 : INFO : EventManager : Event: ======'sw_playfield_active'====== Args={'balls': 1}
2024-02-08 10:17:13,398 : INFO : EventManager : Event: ======'playfield_ball_count_change'====== Args={'balls': 0, 'change': -1}
2024-02-08 10:17:13,398 : INFO : EventManager : Event: ======'balldevice_bd_trough_ball_enter'====== Args={'new_balls': 1, 'unclaimed_balls': 1, 'new_available_balls': 1, 'device': <ball_device.bd_trough>}
2024-02-08 10:17:13,398 : INFO : ball_device.bd_trough : Ejecting 1 unexpected balls using path deque([<ball_device.bd_trough>, <playfield.playfield>])
2024-02-08 10:17:13,398 : INFO : EventManager : Event: ======'balldevice_balls_available'====== Args={}
2024-02-08 10:17:13,398 : INFO : EventManager : Event: ======'balldevice_balls_available'====== Args={}
2024-02-08 10:17:13,399 : INFO : EventManager : Event: ======'balldevice_bd_trough_ball_entered'====== Args={'new_balls': 1, 'device': <ball_device.bd_trough>}
2024-02-08 10:17:13,399 : INFO : ball_device.bd_trough : State: waiting_for_target_ready
2024-02-08 10:17:13,399 : INFO : EventManager : Event: ======'balldevice_bd_trough_ball_eject_attempt'====== Args={'balls': 1, 'target': <playfield.playfield>, 'source': <ball_device.bd_trough>, 'mechanical_eject': False, 'num_attempts': 0}
2024-02-08 10:17:13,399 : INFO : ball_device.bd_trough : State: ejecting
2024-02-08 10:17:13,399 : INFO : ball_device.bd_trough : Ejecting ball to <playfield.playfield>
2024-02-08 10:17:13,400 : INFO : EventManager : Event: ======'balldevice_bd_trough_ejecting_ball'====== Args={'balls': 1, 'target': <playfield.playfield>, 'source': <ball_device.bd_trough>, 'mechanical_eject': False, 'num_attempts': 0}
2024-02-08 10:17:13,400 : INFO : ball_device.bd_trough : Wait for ball to leave device
2024-02-08 10:17:13,400 : INFO : coil.c_trough : Pulsing Driver for 15ms (1.0 pulse_power)
2024-02-08 10:17:13,443 : INFO : SwitchController : <<<<<<< 's_trough_4' inactive >>>>>>>
2024-02-08 10:17:13,446 : INFO : ball_device.bd_trough : State: ball_left
2024-02-08 10:17:13,446 : INFO : ball_device.bd_trough : Ball left
2024-02-08 10:17:13,446 : INFO : ball_device.bd_trough : Wait for confirm with timeout 10.0
2024-02-08 10:17:14,314 : INFO : SwitchController : <<<<<<< 's_trough_1' active >>>>>>>
2024-02-08 10:17:14,407 : INFO : SwitchController : <<<<<<< 's_trough_1' inactive >>>>>>>
2024-02-08 10:17:14,425 : INFO : SwitchController : <<<<<<< 's_trough_2' active >>>>>>>
2024-02-08 10:17:14,501 : INFO : SwitchController : <<<<<<< 's_trough_2' inactive >>>>>>>
2024-02-08 10:17:14,516 : INFO : SwitchController : <<<<<<< 's_trough_3' active >>>>>>>
2024-02-08 10:17:14,594 : INFO : SwitchController : <<<<<<< 's_trough_3' inactive >>>>>>>
2024-02-08 10:17:14,611 : INFO : SwitchController : <<<<<<< 's_trough_4' active >>>>>>>
2024-02-08 10:17:17,766 : INFO : SwitchController : <<<<<<< 's_flipper_l' active >>>>>>>
2024-02-08 10:17:17,786 : INFO : SwitchController : <<<<<<< 's_flipper_r' active >>>>>>>
2024-02-08 10:17:17,786 : INFO : EventManager : Event: ======'flipper_cancel'====== Args={'triggering_group': 2, 'triggering_switch': 's_flipper_r'}
2024-02-08 10:17:17,953 : INFO : SwitchController : <<<<<<< 's_flipper_l' inactive >>>>>>>
2024-02-08 10:17:17,953 : INFO : EventManager : Event: ======'both_flippers_one'====== Args={'triggering_group': 1, 'triggering_switch': 's_flipper_l'}
2024-02-08 10:17:17,953 : INFO : SwitchController : <<<<<<< 's_flipper_r' inactive >>>>>>>
2024-02-08 10:17:17,953 : INFO : EventManager : Event: ======'both_flippers_inactive'====== Args={'triggering_group': 2, 'triggering_switch': 's_flipper_r'}
2024-02-08 10:17:23,443 : INFO : ball_device.bd_trough : State: failed_confirm
2024-02-08 10:17:23,443 : INFO : ball_device.bd_trough : Got timeout (10.0s) before confirm from <playfield.playfield>
2024-02-08 10:17:23,538 : INFO : ball_device.bd_trough : Got unknown balls. Assuming a ball returned.
2024-02-08 10:17:23,538 : INFO : EventManager : Event: ======'balldevice_bd_trough_ball_eject_failed'====== Args={'target': <playfield.playfield>, 'balls': 1, 'retry': True, 'num_attempts': 1}
2024-02-08 10:17:23,539 : INFO : ball_device.bd_trough : State: waiting_for_target_ready
2024-02-08 10:17:23,539 : INFO : EventManager : Event: ======'balldevice_bd_trough_ball_eject_attempt'====== Args={'balls': 1, 'target': <playfield.playfield>, 'source': <ball_device.bd_trough>, 'mechanical_eject': False, 'num_attempts': 1}
2024-02-08 10:17:23,540 : INFO : ball_device.bd_trough : State: ejecting
2024-02-08 10:17:23,540 : INFO : ball_device.bd_trough : Ejecting ball to <playfield.playfield>
2024-02-08 10:17:23,540 : INFO : EventManager : Event: ======'balldevice_bd_trough_ejecting_ball'====== Args={'balls': 1, 'target': <playfield.playfield>, 'source': <ball_device.bd_trough>, 'mechanical_eject': False, 'num_attempts': 1}
2024-02-08 10:17:23,540 : INFO : ball_device.bd_trough : Wait for ball to leave device
2024-02-08 10:17:23,540 : INFO : coil.c_trough : Pulsing Driver for 15ms (1.0 pulse_power)
2024-02-08 10:17:23,584 : INFO : SwitchController : <<<<<<< 's_trough_4' inactive >>>>>>>
2024-02-08 10:17:23,587 : INFO : ball_device.bd_trough : State: ball_left
2024-02-08 10:17:23,587 : INFO : ball_device.bd_trough : Ball left
2024-02-08 10:17:23,587 : INFO : ball_device.bd_trough : Wait for confirm with timeout 10.0
2024-02-08 10:17:24,348 : INFO : SwitchController : <<<<<<< 's_flipper_l' active >>>>>>>
2024-02-08 10:17:24,428 : INFO : SwitchController : <<<<<<< 's_flipper_r' active >>>>>>>
2024-02-08 10:17:24,428 : INFO : EventManager : Event: ======'flipper_cancel'====== Args={'triggering_group': 2, 'triggering_switch': 's_flipper_r'}
2024-02-08 10:17:24,458 : INFO : SwitchController : <<<<<<< 's_flipper_l' inactive >>>>>>>
2024-02-08 10:17:24,458 : INFO : EventManager : Event: ======'both_flippers_one'====== Args={'triggering_group': 1, 'triggering_switch': 's_flipper_l'}
2024-02-08 10:17:24,709 : INFO : SwitchController : <<<<<<< 's_flipper_r' inactive >>>>>>>
2024-02-08 10:17:24,709 : INFO : EventManager : Event: ======'both_flippers_inactive'====== Args={'triggering_group': 2, 'triggering_switch': 's_flipper_r'}
2024-02-08 10:17:25,641 : INFO : SwitchController : <<<<<<< 's_flipper_l' active >>>>>>>
2024-02-08 10:17:26,250 : INFO : SwitchController : <<<<<<< 's_flipper_l' inactive >>>>>>>
2024-02-08 10:17:26,358 : INFO : SwitchController : <<<<<<< 's_flipper_l' active >>>>>>>
2024-02-08 10:17:26,530 : INFO : SwitchController : <<<<<<< 's_flipper_l' inactive >>>>>>>
2024-02-08 10:17:26,561 : INFO : SwitchController : <<<<<<< 's_pop' active >>>>>>>
2024-02-08 10:17:26,562 : INFO : EventManager : Event: ======'playfield_active'====== Args={}
2024-02-08 10:17:26,564 : INFO : ball_device.bd_trough : Got eject confirm
2024-02-08 10:17:26,564 : INFO : ball_device.bd_trough : Eject successful
2024-02-08 10:17:26,564 : INFO : EventManager : Event: ======'balldevice_bd_trough_ball_eject_success'====== Args={'balls': 1, 'target': <playfield.playfield>}
2024-02-08 10:17:26,564 : INFO : EventManager : Event: ======'balldevice_playfield_ball_enter'====== Args={'new_balls': 1, 'unclaimed_balls': 1, 'device': <playfield.playfield>}
2024-02-08 10:17:26,565 : INFO : EventManager : Event: ======'playfield_ball_count_change'====== Args={'balls': 1, 'change': 1}
2024-02-08 10:17:26,565 : INFO : EventManager : Event: ======'balldevice_bd_trough_ball_count_changed'====== Args={'balls': 0}
2024-02-08 10:17:26,565 : INFO : ball_device.bd_trough : State: idle
2024-02-08 10:17:26,577 : INFO : SwitchController : <<<<<<< 's_pop' inactive >>>>>>>
2024-02-08 10:17:26,608 : INFO : SwitchController : <<<<<<< 's_pop' active >>>>>>>
2024-02-08 10:17:26,624 : INFO : SwitchController : <<<<<<< 's_pop' inactive >>>>>>>
2024-02-08 10:17:27,406 : INFO : SwitchController : <<<<<<< 's_flipper_l' active >>>>>>>
2024-02-08 10:17:28,252 : INFO : SwitchController : <<<<<<< 's_flipper_l' inactive >>>>>>>
2024-02-08 10:17:28,614 : INFO : SwitchController : <<<<<<< 's_flipper_r' active >>>>>>>
2024-02-08 10:17:28,785 : INFO : SwitchController : <<<<<<< 's_flipper_r' inactive >>>>>>>
2024-02-08 10:17:28,956 : INFO : SwitchController : <<<<<<< 's_flipper_l' active >>>>>>>
2024-02-08 10:17:29,238 : INFO : SwitchController : <<<<<<< 's_flipper_l' inactive >>>>>>>
2024-02-08 10:18:24,876 : INFO : SwitchController : <<<<<<< 's_flipper_l' active >>>>>>>
2024-02-08 10:18:25,377 : INFO : SwitchController : <<<<<<< 's_flipper_l' inactive >>>>>>>
2024-02-08 10:19:21,634 : INFO : SwitchController : <<<<<<< 's_flipper_l' active >>>>>>>
2024-02-08 10:19:21,681 : INFO : SwitchController : <<<<<<< 's_flipper_r' active >>>>>>>
2024-02-08 10:19:21,681 : INFO : EventManager : Event: ======'flipper_cancel'====== Args={'triggering_group': 2, 'triggering_switch': 's_flipper_r'}
2024-02-08 10:19:21,820 : INFO : SwitchController : <<<<<<< 's_flipper_l' inactive >>>>>>>
2024-02-08 10:19:21,820 : INFO : EventManager : Event: ======'both_flippers_one'====== Args={'triggering_group': 1, 'triggering_switch': 's_flipper_l'}
2024-02-08 10:19:21,882 : INFO : SwitchController : <<<<<<< 's_flipper_r' inactive >>>>>>>
2024-02-08 10:19:21,882 : INFO : EventManager : Event: ======'both_flippers_inactive'====== Args={'triggering_group': 2, 'triggering_switch': 's_flipper_r'}
2024-02-08 10:38:15,496 : INFO : Machine : Shutting down...
2024-02-08 10:38:15,497 : INFO : EventManager : Event: ======'shutdown'====== Args={}
2024-02-08 10:38:15,605 : INFO : root : MPF run loop ended.
