2024-04-19 16:58:58,953 : kivy : Kivy: v2.2.1
2024-04-19 16:58:58,953 : kivy : Kivy: Installed at "/Library/Frameworks/Python.framework/Versions/3.9/lib/python3.9/site-packages/kivy/__init__.py"
2024-04-19 16:58:58,953 : kivy : Python: v3.9.13 (v3.9.13:6de2ca5339, May 17 2022, 11:37:23) 
[Clang 13.0.0 (clang-1300.0.29.30)]
2024-04-19 16:58:58,953 : kivy : Python: Interpreter at "/Library/Frameworks/Python.framework/Versions/3.9/bin/python3.9"
2024-04-19 16:58:58,959 : kivy : Factory: 190 symbols loaded
2024-04-19 16:58:59,036 : kivy : ImageLoaderFFPy: Using ffpyplayer 4.5.1
2024-04-19 16:58:59,036 : kivy : Image: Providers: img_tex, img_imageio, img_dds, img_sdl2, img_pil, img_ffpyplayer 
2024-04-19 16:58:59,087 : kivy : VideoFFPy: Using ffpyplayer 4.5.1
2024-04-19 16:58:59,087 : kivy : Video: Provider: ffpyplayer(['video_ffmpeg'] ignored)
2024-04-19 16:58:59,109 : root : Loading MPF-MC controller
2024-04-19 16:58:59,132 : ConfigProcessor : Config spec file cache created: /var/folders/l2/q8hj_6s91xnb2jxg1sqm0h7r0000gn/T/config_spec.mpf_cache
2024-04-19 16:58:59,132 : YamlMultifileConfigLoader : Machine config file #1: config
2024-04-19 16:58:59,133 : ConfigProcessor : Loading config from file /Library/Frameworks/Python.framework/Versions/3.9/lib/python3.9/site-packages/mpfmc/mcconfig.yaml.
2024-04-19 16:58:59,136 : ConfigProcessor : Loading config: /Library/Frameworks/Python.framework/Versions/3.9/lib/python3.9/site-packages/mpfmc/mcconfig.yaml
2024-04-19 16:58:59,136 : ConfigProcessor : Loading config from file /Users/tannerpetch/Documents/GitHub/lofab/config/config.
2024-04-19 16:58:59,139 : ConfigProcessor : Loading config: /Users/tannerpetch/Documents/GitHub/lofab/config/config
2024-04-19 16:58:59,140 : ConfigProcessor : Config file cache created: /var/folders/l2/q8hj_6s91xnb2jxg1sqm0h7r0000gn/T/d2eff62569ef5a6216970672da69648f.mpf_cache
2024-04-19 16:58:59,140 : ConfigProcessor : Loading config from file /Library/Frameworks/Python.framework/Versions/3.9/lib/python3.9/site-packages/mpf/modes/attract/config/attract.yaml.
2024-04-19 16:58:59,140 : ConfigProcessor : Loading config: /Library/Frameworks/Python.framework/Versions/3.9/lib/python3.9/site-packages/mpf/modes/attract/config/attract.yaml
2024-04-19 16:58:59,140 : ConfigProcessor : Loading config from file /Users/tannerpetch/Documents/GitHub/lofab/modes/attract/config/attract.yaml.
2024-04-19 16:58:59,140 : ConfigProcessor : Loading config: /Users/tannerpetch/Documents/GitHub/lofab/modes/attract/config/attract.yaml
2024-04-19 16:58:59,140 : ConfigProcessor : Config file cache created: /var/folders/l2/q8hj_6s91xnb2jxg1sqm0h7r0000gn/T/640347d32029b3f32c9ad31d7a1b4b81.mpf_cache
2024-04-19 16:58:59,141 : ConfigProcessor : Loading config from file /Library/Frameworks/Python.framework/Versions/3.9/lib/python3.9/site-packages/mpf/modes/game/config/game.yaml.
2024-04-19 16:58:59,141 : ConfigProcessor : Loading config: /Library/Frameworks/Python.framework/Versions/3.9/lib/python3.9/site-packages/mpf/modes/game/config/game.yaml
2024-04-19 16:58:59,141 : ConfigProcessor : Config file cache created: /var/folders/l2/q8hj_6s91xnb2jxg1sqm0h7r0000gn/T/edcc5f1d3215b377c9faab88c62e4ce0.mpf_cache
2024-04-19 16:58:59,141 : ConfigProcessor : Loading config from file /Library/Frameworks/Python.framework/Versions/3.9/lib/python3.9/site-packages/mpf/modes/attract/config/attract.yaml.
2024-04-19 16:58:59,141 : ConfigProcessor : Loading config: /Library/Frameworks/Python.framework/Versions/3.9/lib/python3.9/site-packages/mpf/modes/attract/config/attract.yaml
2024-04-19 16:58:59,141 : ConfigProcessor : Loading config from file /Users/tannerpetch/Documents/GitHub/lofab/modes/attract/config/attract.yaml.
2024-04-19 16:58:59,141 : ConfigProcessor : Loading config: /Users/tannerpetch/Documents/GitHub/lofab/modes/attract/config/attract.yaml
2024-04-19 16:58:59,141 : ConfigProcessor : Config file cache created: /var/folders/l2/q8hj_6s91xnb2jxg1sqm0h7r0000gn/T/640347d32029b3f32c9ad31d7a1b4b81.mpf_cache
2024-04-19 16:58:59,141 : ConfigProcessor : Loading config from file /Users/tannerpetch/Documents/GitHub/lofab/modes/lane_rotate/config/lane_rotate.yaml.
2024-04-19 16:58:59,142 : ConfigProcessor : Loading config: /Users/tannerpetch/Documents/GitHub/lofab/modes/lane_rotate/config/lane_rotate.yaml
2024-04-19 16:58:59,142 : ConfigProcessor : Config file cache created: /var/folders/l2/q8hj_6s91xnb2jxg1sqm0h7r0000gn/T/1875c266911f801b691956fe9e9284d6.mpf_cache
2024-04-19 16:58:59,142 : ConfigProcessor : Loading config from file /Users/tannerpetch/Documents/GitHub/lofab/modes/base/config/base.yaml.
2024-04-19 16:58:59,143 : ConfigProcessor : Loading config: /Users/tannerpetch/Documents/GitHub/lofab/modes/base/config/base.yaml
2024-04-19 16:58:59,143 : ConfigProcessor : Config file cache created: /var/folders/l2/q8hj_6s91xnb2jxg1sqm0h7r0000gn/T/f97c90855879603280fcc571f5c42639.mpf_cache
2024-04-19 16:58:59,143 : ConfigProcessor : Loading config from file /Users/tannerpetch/Documents/GitHub/lofab/modes/launch_shows/config/launch_shows.yaml.
2024-04-19 16:58:59,143 : ConfigProcessor : Loading config: /Users/tannerpetch/Documents/GitHub/lofab/modes/launch_shows/config/launch_shows.yaml
2024-04-19 16:58:59,143 : ConfigProcessor : Config file cache created: /var/folders/l2/q8hj_6s91xnb2jxg1sqm0h7r0000gn/T/66764f8b68b26fdba6c1f2bce3638479.mpf_cache
2024-04-19 16:58:59,143 : mpfmc : Mission Pinball Framework Media Controller (MPF-MC) v0.57.0. Requires MPF v0.57.0 or newer.
2024-04-19 16:58:59,143 : mpfmc : Found MPF v0.57.1.dev3
2024-04-19 16:58:59,143 : mpfmc : Machine path: /Users/tannerpetch/Documents/GitHub/lofab
2024-04-19 16:58:59,143 : mpfmc : Starting clock at 60.0Hz
2024-04-19 16:58:59,148 : kivy : Text: Provider: sdl2
2024-04-19 16:58:59,160 : kivy : Window: Provider: sdl2
2024-04-19 16:58:59,234 : kivy : GL: Using the "OpenGL ES 2" graphics system
2024-04-19 16:58:59,234 : kivy : GL: Backend used <sdl2>
2024-04-19 16:58:59,234 : kivy : GL: OpenGL version <b'2.1 Metal - 88'>
2024-04-19 16:58:59,234 : kivy : GL: OpenGL vendor <b'Apple'>
2024-04-19 16:58:59,234 : kivy : GL: OpenGL renderer <b'Apple M3'>
2024-04-19 16:58:59,234 : kivy : GL: OpenGL parsed version: 2, 1
2024-04-19 16:58:59,234 : kivy : GL: Shading version <b'1.20'>
2024-04-19 16:58:59,234 : kivy : GL: Texture max size <16384>
2024-04-19 16:58:59,234 : kivy : GL: Texture max units <16>
2024-04-19 16:58:59,243 : kivy : Window: auto add sdl2 input provider
2024-04-19 16:58:59,243 : kivy : Window: virtual keyboard not allowed, single mode, not docked
2024-04-19 16:58:59,246 : SoundSystem : SoundSystem: Using default 'sound_system' settings
2024-04-19 16:58:59,327 : AudioInterface : Initialized
2024-04-19 16:58:59,327 : AudioInterface : Loaded SDL 2.30.1
2024-04-19 16:58:59,327 : AudioInterface : Loaded SDL_Mixer 2.8.0
2024-04-19 16:58:59,327 : AudioInterface : Loaded GStreamer 1.22.10.0
2024-04-19 16:58:59,327 : AudioInterface : Loaded GLib 2.80.0
2024-04-19 16:58:59,327 : AudioInterface : Settings requested - rate: 44100, channels: 1, buffer: 2048 samples
2024-04-19 16:58:59,327 : AudioInterface : Settings in use - rate: 44100, channels: 1, buffer: 2048 samples (4096 bytes @ 2 bytes per sample)
2024-04-19 16:58:59,327 : SoundSystem : No audio tracks are specified in your machine config file. a track named 'default' has been created.
2024-04-19 16:58:59,327 : SoundSystem : Setting master volume to 0.0
2024-04-19 16:58:59,327 : AudioInterface : Enabling audio playback
2024-04-19 16:58:59,330 : kivy : Base: Start application main loop
2024-04-19 16:58:59,330 : EventManager : Event: ======'display_window_initialized'====== Args={}
2024-04-19 16:58:59,659 : mpfmc : Display: Setting 'window' as default display
2024-04-19 16:58:59,666 : EventManager : Event: ======'displays_initialized'====== Args={}
2024-04-19 16:58:59,667 : EventManager : Event: ======'slide_window_blank_created'====== Args={}
2024-04-19 16:58:59,667 : EventManager : Event: ======'display_window_ready'====== Args={}
2024-04-19 16:58:59,675 : EventManager : Event: ======'init_phase_1'====== Args={}
2024-04-19 16:58:59,678 : EventManager : Event: ======'mc_ready'====== Args={}
2024-04-19 16:58:59,678 : EventManager : Event: ======'init_phase_2'====== Args={}
2024-04-19 16:58:59,679 : EventManager : Event: ======'init_phase_3'====== Args={}
2024-04-19 16:58:59,679 : EventManager : Event: ======'init_phase_4'====== Args={}
2024-04-19 16:58:59,680 : EventManager : Event: ======'init_phase_5'====== Args={}
2024-04-19 16:58:59,745 : kivy : GL: NPOT texture support is available
2024-04-19 16:58:59,748 : EventManager : Event: ======'loading_assets'====== Args={'total': 2, 'loaded': 1, 'remaining': 1, 'percent': 50}
2024-04-19 16:58:59,748 : AssetManager : Loading assets: 1/2 (50%)
2024-04-19 16:58:59,750 : EventManager : Event: ======'loading_assets'====== Args={'total': 2, 'loaded': 2, 'remaining': 0, 'percent': 100}
2024-04-19 16:58:59,750 : AssetManager : Asset loading took: 0.4227759838104248
2024-04-19 16:58:59,750 : EventManager : Event: ======'asset_loading_complete'====== Args={}
2024-04-19 16:58:59,750 : AssetManager : Loading assets: 2/2 (100%)
2024-04-19 16:58:59,750 : EventManager : Event: ======'init_done'====== Args={}
2024-04-19 16:58:59,751 : MPF-MC BCP Server : Starting up on localhost port 5050
2024-04-19 16:58:59,751 : MPF-MC BCP Server : Waiting for a connection...
2024-04-19 16:58:59,758 : EventManager : Event: ======'client_disconnected'====== Args={'host': '127.0.0.1', 'port': 5050}
2024-04-19 16:58:59,835 : MPF-MC BCP Server : Received connection from: 127.0.0.1:54838
2024-04-19 16:58:59,838 : EventManager : Event: ======'client_connected'====== Args={'host': '127.0.0.1', 'port': 54838}
2024-04-19 16:58:59,851 : EventManager : Event: ======'machine_var_credits_string'====== Args={'value': 'FREE PLAY', 'prev_value': None, 'change': True}
2024-04-19 16:58:59,851 : EventManager : Event: ======'machine_var_master_volume'====== Args={'value': 0.5, 'prev_value': None, 'change': True}
2024-04-19 16:58:59,851 : EventManager : Event: ======'machine_var_player1_score'====== Args={'value': 0, 'prev_value': None, 'change': True}
2024-04-19 16:58:59,851 : EventManager : Event: ======'machine_var_mpf_version'====== Args={'value': 'Mission Pinball Framework v0.57.1.dev3', 'prev_value': None, 'change': True}
2024-04-19 16:58:59,851 : EventManager : Event: ======'machine_var_mpf_extended_version'====== Args={'value': 'Mission Pinball Framework v0.57.1.dev3, Config version:6, Show version: 6, BCP version:1.1', 'prev_value': None, 'change': True}
2024-04-19 16:58:59,851 : EventManager : Event: ======'machine_var_python_version'====== Args={'value': '3.9.13', 'prev_value': None, 'change': True}
2024-04-19 16:58:59,851 : EventManager : Event: ======'machine_var_platform'====== Args={'value': 'macOS-14.3-arm64-arm-64bit', 'prev_value': None, 'change': True}
2024-04-19 16:58:59,851 : EventManager : Event: ======'machine_var_platform_system'====== Args={'value': 'Darwin', 'prev_value': None, 'change': True}
2024-04-19 16:58:59,851 : EventManager : Event: ======'machine_var_platform_release'====== Args={'value': '23.3.0', 'prev_value': None, 'change': True}
2024-04-19 16:58:59,851 : EventManager : Event: ======'machine_var_platform_version'====== Args={'value': 'Darwin Kernel Version 23.3.0: Thu Dec 21 02:29:41 PST 2023; root:xnu-10002.81.5~11/RELEASE_ARM64_T8122', 'prev_value': None, 'change': True}
2024-04-19 16:58:59,851 : EventManager : Event: ======'machine_var_platform_machine'====== Args={'value': 'arm64', 'prev_value': None, 'change': True}
2024-04-19 16:58:59,851 : EventManager : Event: ======'machine_var_mc_version'====== Args={'value': 'MPF-MC v0.57.0', 'prev_value': None, 'change': True}
2024-04-19 16:58:59,851 : EventManager : Event: ======'machine_var_mc_extended_version'====== Args={'value': 'MPF-MC v0.57.0 (config_version=6, BCP v1.1,                      Requires MPF API compatibility v0.57.0 or newer)', 'prev_value': None, 'change': True}
2024-04-19 16:58:59,851 : EventManager : Event: ======'machine_var_credits_string'====== Args={'value': 'FREE PLAY', 'prev_value': None, 'change': True}
2024-04-19 16:58:59,851 : EventManager : Event: ======'machine_var_master_volume'====== Args={'value': 0.5, 'prev_value': None, 'change': True}
2024-04-19 16:58:59,852 : EventManager : Event: ======'machine_var_player1_score'====== Args={'value': 0, 'prev_value': None, 'change': True}
2024-04-19 16:58:59,852 : EventManager : Event: ======'machine_var_mpf_version'====== Args={'value': 'Mission Pinball Framework v0.57.1.dev3', 'prev_value': None, 'change': True}
2024-04-19 16:58:59,852 : EventManager : Event: ======'machine_var_mpf_extended_version'====== Args={'value': 'Mission Pinball Framework v0.57.1.dev3, Config version:6, Show version: 6, BCP version:1.1', 'prev_value': None, 'change': True}
2024-04-19 16:58:59,852 : EventManager : Event: ======'machine_var_python_version'====== Args={'value': '3.9.13', 'prev_value': None, 'change': True}
2024-04-19 16:58:59,852 : EventManager : Event: ======'machine_var_platform'====== Args={'value': 'macOS-14.3-arm64-arm-64bit', 'prev_value': None, 'change': True}
2024-04-19 16:58:59,852 : EventManager : Event: ======'machine_var_platform_system'====== Args={'value': 'Darwin', 'prev_value': None, 'change': True}
2024-04-19 16:58:59,852 : EventManager : Event: ======'machine_var_platform_release'====== Args={'value': '23.3.0', 'prev_value': None, 'change': True}
2024-04-19 16:58:59,852 : EventManager : Event: ======'machine_var_platform_version'====== Args={'value': 'Darwin Kernel Version 23.3.0: Thu Dec 21 02:29:41 PST 2023; root:xnu-10002.81.5~11/RELEASE_ARM64_T8122', 'prev_value': None, 'change': True}
2024-04-19 16:58:59,852 : EventManager : Event: ======'machine_var_platform_machine'====== Args={'value': 'arm64', 'prev_value': None, 'change': True}
2024-04-19 16:58:59,852 : EventManager : Event: ======'machine_var_mc_version'====== Args={'value': 'MPF-MC v0.57.0', 'prev_value': None, 'change': True}
2024-04-19 16:58:59,852 : EventManager : Event: ======'machine_var_mc_extended_version'====== Args={'value': 'MPF-MC v0.57.0 (config_version=6, BCP v1.1,                      Requires MPF API compatibility v0.57.0 or newer)', 'prev_value': None, 'change': True}
2024-04-19 16:58:59,852 : EventManager : Event: ======'machine_var_credits_string'====== Args={'value': 'FREE PLAY', 'prev_value': None, 'change': True}
2024-04-19 16:58:59,852 : EventManager : Event: ======'machine_var_master_volume'====== Args={'value': 0.5, 'prev_value': None, 'change': True}
2024-04-19 16:58:59,852 : EventManager : Event: ======'machine_var_player1_score'====== Args={'value': 0, 'prev_value': None, 'change': True}
2024-04-19 16:58:59,852 : EventManager : Event: ======'machine_var_mpf_version'====== Args={'value': 'Mission Pinball Framework v0.57.1.dev3', 'prev_value': None, 'change': True}
2024-04-19 16:58:59,852 : EventManager : Event: ======'machine_var_mpf_extended_version'====== Args={'value': 'Mission Pinball Framework v0.57.1.dev3, Config version:6, Show version: 6, BCP version:1.1', 'prev_value': None, 'change': True}
2024-04-19 16:58:59,852 : EventManager : Event: ======'machine_var_python_version'====== Args={'value': '3.9.13', 'prev_value': None, 'change': True}
2024-04-19 16:58:59,852 : EventManager : Event: ======'machine_var_platform'====== Args={'value': 'macOS-14.3-arm64-arm-64bit', 'prev_value': None, 'change': True}
2024-04-19 16:58:59,852 : EventManager : Event: ======'machine_var_platform_system'====== Args={'value': 'Darwin', 'prev_value': None, 'change': True}
2024-04-19 16:58:59,852 : EventManager : Event: ======'machine_var_platform_release'====== Args={'value': '23.3.0', 'prev_value': None, 'change': True}
2024-04-19 16:58:59,852 : EventManager : Event: ======'machine_var_platform_version'====== Args={'value': 'Darwin Kernel Version 23.3.0: Thu Dec 21 02:29:41 PST 2023; root:xnu-10002.81.5~11/RELEASE_ARM64_T8122', 'prev_value': None, 'change': True}
2024-04-19 16:58:59,852 : EventManager : Event: ======'machine_var_platform_machine'====== Args={'value': 'arm64', 'prev_value': None, 'change': True}
2024-04-19 16:58:59,852 : EventManager : Event: ======'machine_var_mc_version'====== Args={'value': 'MPF-MC v0.57.0', 'prev_value': None, 'change': True}
2024-04-19 16:58:59,852 : EventManager : Event: ======'machine_var_mc_extended_version'====== Args={'value': 'MPF-MC v0.57.0 (config_version=6, BCP v1.1,                      Requires MPF API compatibility v0.57.0 or newer)', 'prev_value': None, 'change': True}
2024-04-19 16:58:59,852 : EventManager : Event: ======'machine_var_credits_string'====== Args={'value': 'FREE PLAY', 'prev_value': None, 'change': True}
2024-04-19 16:58:59,852 : EventManager : Event: ======'machine_var_master_volume'====== Args={'value': 0.5, 'prev_value': None, 'change': True}
2024-04-19 16:58:59,852 : EventManager : Event: ======'machine_var_player1_score'====== Args={'value': 0, 'prev_value': None, 'change': True}
2024-04-19 16:58:59,852 : EventManager : Event: ======'machine_var_mpf_version'====== Args={'value': 'Mission Pinball Framework v0.57.1.dev3', 'prev_value': None, 'change': True}
2024-04-19 16:58:59,852 : EventManager : Event: ======'machine_var_mpf_extended_version'====== Args={'value': 'Mission Pinball Framework v0.57.1.dev3, Config version:6, Show version: 6, BCP version:1.1', 'prev_value': None, 'change': True}
2024-04-19 16:58:59,852 : EventManager : Event: ======'machine_var_python_version'====== Args={'value': '3.9.13', 'prev_value': None, 'change': True}
2024-04-19 16:58:59,852 : EventManager : Event: ======'machine_var_platform'====== Args={'value': 'macOS-14.3-arm64-arm-64bit', 'prev_value': None, 'change': True}
2024-04-19 16:58:59,852 : EventManager : Event: ======'machine_var_platform_system'====== Args={'value': 'Darwin', 'prev_value': None, 'change': True}
2024-04-19 16:58:59,852 : EventManager : Event: ======'machine_var_platform_release'====== Args={'value': '23.3.0', 'prev_value': None, 'change': True}
2024-04-19 16:58:59,852 : EventManager : Event: ======'machine_var_platform_version'====== Args={'value': 'Darwin Kernel Version 23.3.0: Thu Dec 21 02:29:41 PST 2023; root:xnu-10002.81.5~11/RELEASE_ARM64_T8122', 'prev_value': None, 'change': True}
2024-04-19 16:58:59,852 : EventManager : Event: ======'machine_var_platform_machine'====== Args={'value': 'arm64', 'prev_value': None, 'change': True}
2024-04-19 16:58:59,852 : EventManager : Event: ======'machine_var_mc_version'====== Args={'value': 'MPF-MC v0.57.0', 'prev_value': None, 'change': True}
2024-04-19 16:58:59,852 : EventManager : Event: ======'machine_var_mc_extended_version'====== Args={'value': 'MPF-MC v0.57.0 (config_version=6, BCP v1.1,                      Requires MPF API compatibility v0.57.0 or newer)', 'prev_value': None, 'change': True}
2024-04-19 16:58:59,852 : SoundSystem : Setting master volume to 0.5
2024-04-19 16:58:59,852 : SoundSystem : Setting master volume to 0.5
2024-04-19 16:58:59,852 : SoundSystem : Setting master volume to 0.5
2024-04-19 16:58:59,852 : SoundSystem : Setting master volume to 0.5
2024-04-19 16:59:00,010 : EventManager : Event: ======'machine_var_audits_events_game_ended'====== Args={'value': 44, 'prev_value': None, 'change': True}
2024-04-19 16:59:00,010 : EventManager : Event: ======'machine_var_audits_events_game_started'====== Args={'value': 165, 'prev_value': None, 'change': True}
2024-04-19 16:59:00,010 : EventManager : Event: ======'machine_var_audits_missing_switches_s_e'====== Args={'value': 45, 'prev_value': None, 'change': True}
2024-04-19 16:59:00,010 : EventManager : Event: ======'machine_var_audits_missing_switches_s_flipper_l'====== Args={'value': 45, 'prev_value': None, 'change': True}
2024-04-19 16:59:00,010 : EventManager : Event: ======'machine_var_audits_missing_switches_s_flipper_r'====== Args={'value': 6, 'prev_value': None, 'change': True}
2024-04-19 16:59:00,010 : EventManager : Event: ======'machine_var_audits_missing_switches_s_h'====== Args={'value': 45, 'prev_value': None, 'change': True}
2024-04-19 16:59:00,010 : EventManager : Event: ======'machine_var_audits_missing_switches_s_launch'====== Args={'value': 1, 'prev_value': None, 'change': True}
2024-04-19 16:59:00,010 : EventManager : Event: ======'machine_var_audits_missing_switches_s_pop'====== Args={'value': 45, 'prev_value': None, 'change': True}
2024-04-19 16:59:00,010 : EventManager : Event: ======'machine_var_audits_missing_switches_s_ramp_complete'====== Args={'value': 45, 'prev_value': None, 'change': True}
2024-04-19 16:59:00,010 : EventManager : Event: ======'machine_var_audits_missing_switches_s_ramp_l'====== Args={'value': 45, 'prev_value': None, 'change': True}
2024-04-19 16:59:00,010 : EventManager : Event: ======'machine_var_audits_missing_switches_s_ramp_r'====== Args={'value': 45, 'prev_value': None, 'change': True}
2024-04-19 16:59:00,010 : EventManager : Event: ======'machine_var_audits_missing_switches_s_sling_l'====== Args={'value': 5, 'prev_value': None, 'change': True}
2024-04-19 16:59:00,010 : EventManager : Event: ======'machine_var_audits_missing_switches_s_sling_r'====== Args={'value': 6, 'prev_value': None, 'change': True}
2024-04-19 16:59:00,010 : EventManager : Event: ======'machine_var_audits_missing_switches_s_spinner'====== Args={'value': 45, 'prev_value': None, 'change': True}
2024-04-19 16:59:00,010 : EventManager : Event: ======'machine_var_audits_missing_switches_s_start'====== Args={'value': 27, 'prev_value': None, 'change': True}
2024-04-19 16:59:00,010 : EventManager : Event: ======'machine_var_audits_missing_switches_s_stationary_S'====== Args={'value': 6, 'prev_value': None, 'change': True}
2024-04-19 16:59:00,010 : EventManager : Event: ======'machine_var_audits_missing_switches_s_stationary_back'====== Args={'value': 45, 'prev_value': None, 'change': True}
2024-04-19 16:59:00,010 : EventManager : Event: ======'machine_var_audits_missing_switches_s_stationary_o'====== Args={'value': 45, 'prev_value': None, 'change': True}
2024-04-19 16:59:00,010 : EventManager : Event: ======'machine_var_audits_missing_switches_s_stationary_s'====== Args={'value': 39, 'prev_value': None, 'change': True}
2024-04-19 16:59:00,010 : EventManager : Event: ======'machine_var_audits_missing_switches_s_stationary_u'====== Args={'value': 39, 'prev_value': None, 'change': True}
2024-04-19 16:59:00,010 : EventManager : Event: ======'machine_var_audits_missing_switches_s_stationay_u'====== Args={'value': 6, 'prev_value': None, 'change': True}
2024-04-19 16:59:00,010 : EventManager : Event: ======'machine_var_audits_missing_switches_s_tilt_l'====== Args={'value': 39, 'prev_value': None, 'change': True}
2024-04-19 16:59:00,010 : EventManager : Event: ======'machine_var_audits_missing_switches_s_tilt_r'====== Args={'value': 39, 'prev_value': None, 'change': True}
2024-04-19 16:59:00,010 : EventManager : Event: ======'machine_var_audits_missing_switches_s_trough_1'====== Args={'value': 6, 'prev_value': None, 'change': True}
2024-04-19 16:59:00,010 : EventManager : Event: ======'machine_var_audits_missing_switches_s_trough_2'====== Args={'value': 45, 'prev_value': None, 'change': True}
2024-04-19 16:59:00,010 : EventManager : Event: ======'machine_var_audits_missing_switches_s_trough_3'====== Args={'value': 45, 'prev_value': None, 'change': True}
2024-04-19 16:59:00,010 : EventManager : Event: ======'machine_var_audits_missing_switches_s_trough_4'====== Args={'value': 27, 'prev_value': None, 'change': True}
2024-04-19 16:59:00,010 : EventManager : Event: ======'machine_var_audits_missing_switches_s_vuk'====== Args={'value': 45, 'prev_value': None, 'change': True}
2024-04-19 16:59:00,010 : EventManager : Event: ======'machine_var_audits_player_score'====== Args={'value': {'average': 0.0, 'top': [0, 0, 0, 0, 0, 0, 0, 0, 0, 0], 'total': 44}, 'prev_value': None, 'change': True}
2024-04-19 16:59:00,010 : EventManager : Event: ======'machine_var_audits_shots_r_sling_l'====== Args={'value': 6, 'prev_value': None, 'change': True}
2024-04-19 16:59:00,010 : EventManager : Event: ======'machine_var_audits_shots_r_sling_r'====== Args={'value': 1, 'prev_value': None, 'change': True}
2024-04-19 16:59:00,010 : EventManager : Event: ======'machine_var_audits_switches_s_9'====== Args={'value': 0, 'prev_value': None, 'change': True}
2024-04-19 16:59:00,011 : EventManager : Event: ======'machine_var_audits_switches_s_autolauncher'====== Args={'value': 422, 'prev_value': None, 'change': True}
2024-04-19 16:59:00,011 : EventManager : Event: ======'machine_var_audits_switches_s_b_eos'====== Args={'value': 2450, 'prev_value': None, 'change': True}
2024-04-19 16:59:00,011 : EventManager : Event: ======'machine_var_audits_switches_s_b_pop'====== Args={'value': 446, 'prev_value': None, 'change': True}
2024-04-19 16:59:00,011 : EventManager : Event: ======'machine_var_audits_switches_s_b_rollover_interchange'====== Args={'value': 10, 'prev_value': None, 'change': True}
2024-04-19 16:59:00,011 : EventManager : Event: ======'machine_var_audits_switches_s_b_rollover_loop'====== Args={'value': 24, 'prev_value': None, 'change': True}
2024-04-19 16:59:00,011 : EventManager : Event: ======'machine_var_audits_switches_s_b_rollover_misc'====== Args={'value': 33, 'prev_value': None, 'change': True}
2024-04-19 16:59:00,011 : EventManager : Event: ======'machine_var_audits_switches_s_b_target_left'====== Args={'value': 21, 'prev_value': None, 'change': True}
2024-04-19 16:59:00,011 : EventManager : Event: ======'machine_var_audits_switches_s_b_target_right'====== Args={'value': 39, 'prev_value': None, 'change': True}
2024-04-19 16:59:00,011 : EventManager : Event: ======'machine_var_audits_switches_s_drop_mid_center'====== Args={'value': 113, 'prev_value': None, 'change': True}
2024-04-19 16:59:00,011 : EventManager : Event: ======'machine_var_audits_switches_s_drop_mid_left'====== Args={'value': 76, 'prev_value': None, 'change': True}
2024-04-19 16:59:00,011 : EventManager : Event: ======'machine_var_audits_switches_s_drop_mid_right'====== Args={'value': 96, 'prev_value': None, 'change': True}
2024-04-19 16:59:00,011 : EventManager : Event: ======'machine_var_audits_switches_s_drop_right_left'====== Args={'value': 32, 'prev_value': None, 'change': True}
2024-04-19 16:59:00,011 : EventManager : Event: ======'machine_var_audits_switches_s_drop_right_right'====== Args={'value': 32, 'prev_value': None, 'change': True}
2024-04-19 16:59:00,011 : EventManager : Event: ======'machine_var_audits_switches_s_drop_scoop'====== Args={'value': 0, 'prev_value': None, 'change': True}
2024-04-19 16:59:00,011 : EventManager : Event: ======'machine_var_audits_switches_s_drop_single'====== Args={'value': 24, 'prev_value': None, 'change': True}
2024-04-19 16:59:00,011 : EventManager : Event: ======'machine_var_audits_switches_s_e'====== Args={'value': 0, 'prev_value': None, 'change': True}
2024-04-19 16:59:00,011 : EventManager : Event: ======'machine_var_audits_switches_s_flip_left_eos'====== Args={'value': 25095, 'prev_value': None, 'change': True}
2024-04-19 16:59:00,011 : EventManager : Event: ======'machine_var_audits_switches_s_flip_left_top_eos'====== Args={'value': 1729, 'prev_value': None, 'change': True}
2024-04-19 16:59:00,011 : EventManager : Event: ======'machine_var_audits_switches_s_flip_right_eos'====== Args={'value': 2110, 'prev_value': None, 'change': True}
2024-04-19 16:59:00,011 : EventManager : Event: ======'machine_var_audits_switches_s_flipper_l'====== Args={'value': 251, 'prev_value': None, 'change': True}
2024-04-19 16:59:00,011 : EventManager : Event: ======'machine_var_audits_switches_s_flipper_r'====== Args={'value': 168, 'prev_value': None, 'change': True}
2024-04-19 16:59:00,011 : EventManager : Event: ======'machine_var_audits_switches_s_h'====== Args={'value': 0, 'prev_value': None, 'change': True}
2024-04-19 16:59:00,011 : EventManager : Event: ======'machine_var_audits_switches_s_inlane_left'====== Args={'value': 31, 'prev_value': None, 'change': True}
2024-04-19 16:59:00,011 : EventManager : Event: ======'machine_var_audits_switches_s_inlane_right'====== Args={'value': 59, 'prev_value': None, 'change': True}
2024-04-19 16:59:00,011 : EventManager : Event: ======'machine_var_audits_switches_s_l_rollover'====== Args={'value': 9, 'prev_value': None, 'change': True}
2024-04-19 16:59:00,011 : EventManager : Event: ======'machine_var_audits_switches_s_l_target_far'====== Args={'value': 9, 'prev_value': None, 'change': True}
2024-04-19 16:59:00,011 : EventManager : Event: ======'machine_var_audits_switches_s_l_target_large'====== Args={'value': 9, 'prev_value': None, 'change': True}
2024-04-19 16:59:00,011 : EventManager : Event: ======'machine_var_audits_switches_s_l_target_left'====== Args={'value': 10, 'prev_value': None, 'change': True}
2024-04-19 16:59:00,011 : EventManager : Event: ======'machine_var_audits_switches_s_l_target_right'====== Args={'value': 9, 'prev_value': None, 'change': True}
2024-04-19 16:59:00,023 : EventManager : Event: ======'machine_var_audits_switches_s_l_vuk'====== Args={'value': 9, 'prev_value': None, 'change': True}
2024-04-19 16:59:00,023 : EventManager : Event: ======'machine_var_audits_switches_s_launch'====== Args={'value': 465, 'prev_value': None, 'change': True}
2024-04-19 16:59:00,023 : EventManager : Event: ======'machine_var_audits_switches_s_left_flipper_1'====== Args={'value': 1947, 'prev_value': None, 'change': True}
2024-04-19 16:59:00,023 : EventManager : Event: ======'machine_var_audits_switches_s_left_flipper_2'====== Args={'value': 651, 'prev_value': None, 'change': True}
2024-04-19 16:59:00,023 : EventManager : Event: ======'machine_var_audits_switches_s_lock_1'====== Args={'value': 1, 'prev_value': None, 'change': True}
2024-04-19 16:59:00,023 : EventManager : Event: ======'machine_var_audits_switches_s_lock_2'====== Args={'value': 1, 'prev_value': None, 'change': True}
2024-04-19 16:59:00,023 : EventManager : Event: ======'machine_var_audits_switches_s_lock_3'====== Args={'value': 1, 'prev_value': None, 'change': True}
2024-04-19 16:59:00,023 : EventManager : Event: ======'machine_var_audits_switches_s_outlane_left'====== Args={'value': 12, 'prev_value': None, 'change': True}
2024-04-19 16:59:00,023 : EventManager : Event: ======'machine_var_audits_switches_s_outlane_right'====== Args={'value': 28, 'prev_value': None, 'change': True}
2024-04-19 16:59:00,023 : EventManager : Event: ======'machine_var_audits_switches_s_pop'====== Args={'value': 62, 'prev_value': None, 'change': True}
2024-04-19 16:59:00,023 : EventManager : Event: ======'machine_var_audits_switches_s_pop_left'====== Args={'value': 152, 'prev_value': None, 'change': True}
2024-04-19 16:59:00,023 : EventManager : Event: ======'machine_var_audits_switches_s_pop_lower'====== Args={'value': 560, 'prev_value': None, 'change': True}
2024-04-19 16:59:00,023 : EventManager : Event: ======'machine_var_audits_switches_s_pop_right'====== Args={'value': 2348, 'prev_value': None, 'change': True}
2024-04-19 16:59:00,023 : EventManager : Event: ======'machine_var_audits_switches_s_ramp_complete'====== Args={'value': 0, 'prev_value': None, 'change': True}
2024-04-19 16:59:00,023 : EventManager : Event: ======'machine_var_audits_switches_s_ramp_l'====== Args={'value': 0, 'prev_value': None, 'change': True}
2024-04-19 16:59:00,023 : EventManager : Event: ======'machine_var_audits_switches_s_ramp_r'====== Args={'value': 0, 'prev_value': None, 'change': True}
2024-04-19 16:59:00,023 : EventManager : Event: ======'machine_var_audits_switches_s_right_flipper_1'====== Args={'value': 3494, 'prev_value': None, 'change': True}
2024-04-19 16:59:00,023 : EventManager : Event: ======'machine_var_audits_switches_s_right_flipper_2'====== Args={'value': 3304, 'prev_value': None, 'change': True}
2024-04-19 16:59:00,023 : EventManager : Event: ======'machine_var_audits_switches_s_rollover_left'====== Args={'value': 84, 'prev_value': None, 'change': True}
2024-04-19 16:59:00,023 : EventManager : Event: ======'machine_var_audits_switches_s_rollover_right'====== Args={'value': 488, 'prev_value': None, 'change': True}
2024-04-19 16:59:00,023 : EventManager : Event: ======'machine_var_audits_switches_s_sling_l'====== Args={'value': 41, 'prev_value': None, 'change': True}
2024-04-19 16:59:00,023 : EventManager : Event: ======'machine_var_audits_switches_s_sling_left'====== Args={'value': 159, 'prev_value': None, 'change': True}
2024-04-19 16:59:00,023 : EventManager : Event: ======'machine_var_audits_switches_s_sling_r'====== Args={'value': 33, 'prev_value': None, 'change': True}
2024-04-19 16:59:00,023 : EventManager : Event: ======'machine_var_audits_switches_s_sling_right'====== Args={'value': 237, 'prev_value': None, 'change': True}
2024-04-19 16:59:00,023 : EventManager : Event: ======'machine_var_audits_switches_s_spinner'====== Args={'value': 0, 'prev_value': None, 'change': True}
2024-04-19 16:59:00,023 : EventManager : Event: ======'machine_var_audits_switches_s_start'====== Args={'value': 125, 'prev_value': None, 'change': True}
2024-04-19 16:59:00,023 : EventManager : Event: ======'machine_var_audits_switches_s_stationary_S'====== Args={'value': 0, 'prev_value': None, 'change': True}
2024-04-19 16:59:00,023 : EventManager : Event: ======'machine_var_audits_switches_s_stationary_back'====== Args={'value': 28, 'prev_value': None, 'change': True}
2024-04-19 16:59:00,023 : EventManager : Event: ======'machine_var_audits_switches_s_stationary_l'====== Args={'value': 43, 'prev_value': None, 'change': True}
2024-04-19 16:59:00,023 : EventManager : Event: ======'machine_var_audits_switches_s_stationary_o'====== Args={'value': 0, 'prev_value': None, 'change': True}
2024-04-19 16:59:00,023 : EventManager : Event: ======'machine_var_audits_switches_s_stationary_right'====== Args={'value': 23, 'prev_value': None, 'change': True}
2024-04-19 16:59:00,023 : EventManager : Event: ======'machine_var_audits_switches_s_stationary_s'====== Args={'value': 0, 'prev_value': None, 'change': True}
2024-04-19 16:59:00,023 : EventManager : Event: ======'machine_var_audits_switches_s_stationary_u'====== Args={'value': 0, 'prev_value': None, 'change': True}
2024-04-19 16:59:00,023 : EventManager : Event: ======'machine_var_audits_switches_s_stationay_u'====== Args={'value': 0, 'prev_value': None, 'change': True}
2024-04-19 16:59:00,024 : EventManager : Event: ======'machine_var_audits_switches_s_tilt'====== Args={'value': 2735, 'prev_value': None, 'change': True}
2024-04-19 16:59:00,024 : EventManager : Event: ======'machine_var_audits_switches_s_tilt_l'====== Args={'value': 0, 'prev_value': None, 'change': True}
2024-04-19 16:59:00,024 : EventManager : Event: ======'machine_var_audits_switches_s_tilt_r'====== Args={'value': 0, 'prev_value': None, 'change': True}
2024-04-19 16:59:00,024 : EventManager : Event: ======'machine_var_audits_switches_s_trough_1'====== Args={'value': 69, 'prev_value': None, 'change': True}
2024-04-19 16:59:00,024 : EventManager : Event: ======'machine_var_audits_switches_s_trough_2'====== Args={'value': 504, 'prev_value': None, 'change': True}
2024-04-19 16:59:00,024 : EventManager : Event: ======'machine_var_audits_switches_s_trough_3'====== Args={'value': 459, 'prev_value': None, 'change': True}
2024-04-19 16:59:00,024 : EventManager : Event: ======'machine_var_audits_switches_s_trough_4'====== Args={'value': 508, 'prev_value': None, 'change': True}
2024-04-19 16:59:00,024 : EventManager : Event: ======'machine_var_audits_switches_s_trough_5'====== Args={'value': 284, 'prev_value': None, 'change': True}
2024-04-19 16:59:00,024 : EventManager : Event: ======'machine_var_audits_switches_s_trough_6'====== Args={'value': 277, 'prev_value': None, 'change': True}
2024-04-19 16:59:00,024 : EventManager : Event: ======'machine_var_audits_switches_s_trough_jam'====== Args={'value': 344, 'prev_value': None, 'change': True}
2024-04-19 16:59:00,024 : EventManager : Event: ======'machine_var_audits_switches_s_u_lane_l'====== Args={'value': 15, 'prev_value': None, 'change': True}
2024-04-19 16:59:00,024 : EventManager : Event: ======'machine_var_audits_switches_s_u_lane_r'====== Args={'value': 20, 'prev_value': None, 'change': True}
2024-04-19 16:59:00,024 : EventManager : Event: ======'machine_var_audits_switches_s_u_rollover'====== Args={'value': 10, 'prev_value': None, 'change': True}
2024-04-19 16:59:00,024 : EventManager : Event: ======'machine_var_audits_switches_s_u_target'====== Args={'value': 8, 'prev_value': None, 'change': True}
2024-04-19 16:59:00,024 : EventManager : Event: ======'machine_var_audits_switches_s_vuk'====== Args={'value': 15, 'prev_value': None, 'change': True}
2024-04-19 16:59:00,024 : EventManager : Event: ======'machine_var_audits_switches_s_vuk_back'====== Args={'value': 489, 'prev_value': None, 'change': True}
2024-04-19 16:59:00,024 : EventManager : Event: ======'machine_var_audits_switches_s_vuk_right'====== Args={'value': 1, 'prev_value': None, 'change': True}
2024-04-19 16:59:00,024 : EventManager : Event: ======'mc_reset_phase_1'====== Args={}
2024-04-19 16:59:00,024 : EventManager : Event: ======'mc_reset_phase_2'====== Args={}
2024-04-19 16:59:00,024 : EventManager : Event: ======'mc_reset_phase_3'====== Args={}
2024-04-19 16:59:00,024 : EventManager : Event: ======'mc_reset_complete'====== Args={}
2024-04-19 16:59:00,036 : EventManager : Event: ======'slides_play'====== Args={'settings': {'fast_slide': {'widgets': [{'type': 'image', 'image': 'fast_slide', '_default_settings': ['type', 'image'], 'x': None, 'y': None, 'anchor_x': 'center', 'anchor_y': 'center', 'round_anchor_x': None, 'round_anchor_y': None, 'opacity': 1.0, 'z': 0, 'reset_animations_events': {}, 'color': [1.0, 1.0, 1.0, 1.0], 'style': [], 'adjust_top': 0, 'adjust_bottom': 0, 'adjust_left': 0, 'adjust_right': 0, 'expire': None, 'key': None, 'widget': None, 'events_when_added': [], 'events_when_removed': [], 'fps': 10, 'loops': -1, 'auto_play': True, 'start_frame': 0, 'rotation': 0, 'scale': 1.0, 'animations': None}], 'target': None, 'background_color': [0.0, 0.0, 0.0, 1.0], 'priority': None, 'show': True, 'force': False, 'expire': None, 'slide': None, 'tokens': {}, 'action': 'play'}}, 'context': 'show_3', 'calling_context': 0, 'priority': 10, 'show_tokens': {}, 'start_time': 1.294543833}
2024-04-19 16:59:00,037 : EventManager : Event: ======'slide_fast_slide_created'====== Args={}
2024-04-19 16:59:00,037 : EventManager : Event: ======'slide_fast_slide_active'====== Args={}
2024-04-19 16:59:03,029 : EventManager : Event: ======'slides_play'====== Args={'settings': {'hofab_title': {'widgets': [{'type': 'image', 'image': 'hofab_title', '_default_settings': ['type', 'image'], 'x': None, 'y': None, 'anchor_x': 'center', 'anchor_y': 'center', 'round_anchor_x': None, 'round_anchor_y': None, 'opacity': 1.0, 'z': 0, 'reset_animations_events': {}, 'color': [1.0, 1.0, 1.0, 1.0], 'style': [], 'adjust_top': 0, 'adjust_bottom': 0, 'adjust_left': 0, 'adjust_right': 0, 'expire': None, 'key': None, 'widget': None, 'events_when_added': [], 'events_when_removed': [], 'fps': 10, 'loops': -1, 'auto_play': True, 'start_frame': 0, 'rotation': 0, 'scale': 1.0, 'animations': None}], 'target': None, 'background_color': [0.0, 0.0, 0.0, 1.0], 'priority': None, 'show': True, 'force': False, 'expire': None, 'slide': None, 'tokens': {}, 'action': 'play'}}, 'context': 'show_3', 'calling_context': 1, 'priority': 10, 'show_tokens': {}, 'start_time': 4.2945438330000005}
2024-04-19 16:59:03,031 : EventManager : Event: ======'slide_hofab_title_created'====== Args={}
2024-04-19 16:59:03,032 : EventManager : Event: ======'slide_hofab_title_active'====== Args={}
2024-04-19 16:59:06,039 : EventManager : Event: ======'slides_play'====== Args={'settings': {'fast_slide': {'widgets': [{'type': 'image', 'image': 'fast_slide', '_default_settings': ['type', 'image'], 'x': None, 'y': None, 'anchor_x': 'center', 'anchor_y': 'center', 'round_anchor_x': None, 'round_anchor_y': None, 'opacity': 1.0, 'z': 0, 'reset_animations_events': {}, 'color': [1.0, 1.0, 1.0, 1.0], 'style': [], 'adjust_top': 0, 'adjust_bottom': 0, 'adjust_left': 0, 'adjust_right': 0, 'expire': None, 'key': None, 'widget': None, 'events_when_added': [], 'events_when_removed': [], 'fps': 10, 'loops': -1, 'auto_play': True, 'start_frame': 0, 'rotation': 0, 'scale': 1.0, 'animations': None}], 'target': None, 'background_color': [0.0, 0.0, 0.0, 1.0], 'priority': None, 'show': True, 'force': False, 'expire': None, 'slide': None, 'tokens': {}, 'action': 'play'}}, 'context': 'show_3', 'calling_context': 0, 'priority': 10, 'show_tokens': {}, 'start_time': 7.2945438330000005}
2024-04-19 16:59:06,040 : EventManager : Event: ======'slide_fast_slide_removed'====== Args={}
2024-04-19 16:59:06,042 : EventManager : Event: ======'slide_fast_slide_created'====== Args={}
2024-04-19 16:59:06,042 : EventManager : Event: ======'slide_fast_slide_active'====== Args={}
2024-04-19 16:59:09,033 : EventManager : Event: ======'slides_play'====== Args={'settings': {'hofab_title': {'widgets': [{'type': 'image', 'image': 'hofab_title', '_default_settings': ['type', 'image'], 'x': None, 'y': None, 'anchor_x': 'center', 'anchor_y': 'center', 'round_anchor_x': None, 'round_anchor_y': None, 'opacity': 1.0, 'z': 0, 'reset_animations_events': {}, 'color': [1.0, 1.0, 1.0, 1.0], 'style': [], 'adjust_top': 0, 'adjust_bottom': 0, 'adjust_left': 0, 'adjust_right': 0, 'expire': None, 'key': None, 'widget': None, 'events_when_added': [], 'events_when_removed': [], 'fps': 10, 'loops': -1, 'auto_play': True, 'start_frame': 0, 'rotation': 0, 'scale': 1.0, 'animations': None}], 'target': None, 'background_color': [0.0, 0.0, 0.0, 1.0], 'priority': None, 'show': True, 'force': False, 'expire': None, 'slide': None, 'tokens': {}, 'action': 'play'}}, 'context': 'show_3', 'calling_context': 1, 'priority': 10, 'show_tokens': {}, 'start_time': 10.294543833}
2024-04-19 16:59:09,034 : EventManager : Event: ======'slide_hofab_title_removed'====== Args={}
2024-04-19 16:59:09,036 : EventManager : Event: ======'slide_hofab_title_created'====== Args={}
2024-04-19 16:59:09,036 : EventManager : Event: ======'slide_hofab_title_active'====== Args={}
2024-04-19 16:59:12,035 : EventManager : Event: ======'slides_play'====== Args={'settings': {'fast_slide': {'widgets': [{'type': 'image', 'image': 'fast_slide', '_default_settings': ['type', 'image'], 'x': None, 'y': None, 'anchor_x': 'center', 'anchor_y': 'center', 'round_anchor_x': None, 'round_anchor_y': None, 'opacity': 1.0, 'z': 0, 'reset_animations_events': {}, 'color': [1.0, 1.0, 1.0, 1.0], 'style': [], 'adjust_top': 0, 'adjust_bottom': 0, 'adjust_left': 0, 'adjust_right': 0, 'expire': None, 'key': None, 'widget': None, 'events_when_added': [], 'events_when_removed': [], 'fps': 10, 'loops': -1, 'auto_play': True, 'start_frame': 0, 'rotation': 0, 'scale': 1.0, 'animations': None}], 'target': None, 'background_color': [0.0, 0.0, 0.0, 1.0], 'priority': None, 'show': True, 'force': False, 'expire': None, 'slide': None, 'tokens': {}, 'action': 'play'}}, 'context': 'show_3', 'calling_context': 0, 'priority': 10, 'show_tokens': {}, 'start_time': 13.294543833}
2024-04-19 16:59:12,037 : EventManager : Event: ======'slide_fast_slide_removed'====== Args={}
2024-04-19 16:59:12,039 : EventManager : Event: ======'slide_fast_slide_created'====== Args={}
2024-04-19 16:59:12,042 : EventManager : Event: ======'slide_fast_slide_active'====== Args={}
2024-04-19 16:59:15,033 : EventManager : Event: ======'slides_play'====== Args={'settings': {'hofab_title': {'widgets': [{'type': 'image', 'image': 'hofab_title', '_default_settings': ['type', 'image'], 'x': None, 'y': None, 'anchor_x': 'center', 'anchor_y': 'center', 'round_anchor_x': None, 'round_anchor_y': None, 'opacity': 1.0, 'z': 0, 'reset_animations_events': {}, 'color': [1.0, 1.0, 1.0, 1.0], 'style': [], 'adjust_top': 0, 'adjust_bottom': 0, 'adjust_left': 0, 'adjust_right': 0, 'expire': None, 'key': None, 'widget': None, 'events_when_added': [], 'events_when_removed': [], 'fps': 10, 'loops': -1, 'auto_play': True, 'start_frame': 0, 'rotation': 0, 'scale': 1.0, 'animations': None}], 'target': None, 'background_color': [0.0, 0.0, 0.0, 1.0], 'priority': None, 'show': True, 'force': False, 'expire': None, 'slide': None, 'tokens': {}, 'action': 'play'}}, 'context': 'show_3', 'calling_context': 1, 'priority': 10, 'show_tokens': {}, 'start_time': 16.294543833}
2024-04-19 16:59:15,035 : EventManager : Event: ======'slide_hofab_title_removed'====== Args={}
2024-04-19 16:59:15,036 : EventManager : Event: ======'slide_hofab_title_created'====== Args={}
2024-04-19 16:59:15,037 : EventManager : Event: ======'slide_hofab_title_active'====== Args={}
2024-04-19 16:59:18,031 : EventManager : Event: ======'slides_play'====== Args={'settings': {'fast_slide': {'widgets': [{'type': 'image', 'image': 'fast_slide', '_default_settings': ['type', 'image'], 'x': None, 'y': None, 'anchor_x': 'center', 'anchor_y': 'center', 'round_anchor_x': None, 'round_anchor_y': None, 'opacity': 1.0, 'z': 0, 'reset_animations_events': {}, 'color': [1.0, 1.0, 1.0, 1.0], 'style': [], 'adjust_top': 0, 'adjust_bottom': 0, 'adjust_left': 0, 'adjust_right': 0, 'expire': None, 'key': None, 'widget': None, 'events_when_added': [], 'events_when_removed': [], 'fps': 10, 'loops': -1, 'auto_play': True, 'start_frame': 0, 'rotation': 0, 'scale': 1.0, 'animations': None}], 'target': None, 'background_color': [0.0, 0.0, 0.0, 1.0], 'priority': None, 'show': True, 'force': False, 'expire': None, 'slide': None, 'tokens': {}, 'action': 'play'}}, 'context': 'show_3', 'calling_context': 0, 'priority': 10, 'show_tokens': {}, 'start_time': 19.294543833}
2024-04-19 16:59:18,032 : EventManager : Event: ======'slide_fast_slide_removed'====== Args={}
2024-04-19 16:59:18,034 : EventManager : Event: ======'slide_fast_slide_created'====== Args={}
2024-04-19 16:59:18,034 : EventManager : Event: ======'slide_fast_slide_active'====== Args={}
2024-04-19 16:59:21,027 : EventManager : Event: ======'slides_play'====== Args={'settings': {'hofab_title': {'widgets': [{'type': 'image', 'image': 'hofab_title', '_default_settings': ['type', 'image'], 'x': None, 'y': None, 'anchor_x': 'center', 'anchor_y': 'center', 'round_anchor_x': None, 'round_anchor_y': None, 'opacity': 1.0, 'z': 0, 'reset_animations_events': {}, 'color': [1.0, 1.0, 1.0, 1.0], 'style': [], 'adjust_top': 0, 'adjust_bottom': 0, 'adjust_left': 0, 'adjust_right': 0, 'expire': None, 'key': None, 'widget': None, 'events_when_added': [], 'events_when_removed': [], 'fps': 10, 'loops': -1, 'auto_play': True, 'start_frame': 0, 'rotation': 0, 'scale': 1.0, 'animations': None}], 'target': None, 'background_color': [0.0, 0.0, 0.0, 1.0], 'priority': None, 'show': True, 'force': False, 'expire': None, 'slide': None, 'tokens': {}, 'action': 'play'}}, 'context': 'show_3', 'calling_context': 1, 'priority': 10, 'show_tokens': {}, 'start_time': 22.294543833}
2024-04-19 16:59:21,028 : EventManager : Event: ======'slide_hofab_title_removed'====== Args={}
2024-04-19 16:59:21,030 : EventManager : Event: ======'slide_hofab_title_created'====== Args={}
2024-04-19 16:59:21,031 : EventManager : Event: ======'slide_hofab_title_active'====== Args={}
2024-04-19 16:59:24,036 : EventManager : Event: ======'slides_play'====== Args={'settings': {'fast_slide': {'widgets': [{'type': 'image', 'image': 'fast_slide', '_default_settings': ['type', 'image'], 'x': None, 'y': None, 'anchor_x': 'center', 'anchor_y': 'center', 'round_anchor_x': None, 'round_anchor_y': None, 'opacity': 1.0, 'z': 0, 'reset_animations_events': {}, 'color': [1.0, 1.0, 1.0, 1.0], 'style': [], 'adjust_top': 0, 'adjust_bottom': 0, 'adjust_left': 0, 'adjust_right': 0, 'expire': None, 'key': None, 'widget': None, 'events_when_added': [], 'events_when_removed': [], 'fps': 10, 'loops': -1, 'auto_play': True, 'start_frame': 0, 'rotation': 0, 'scale': 1.0, 'animations': None}], 'target': None, 'background_color': [0.0, 0.0, 0.0, 1.0], 'priority': None, 'show': True, 'force': False, 'expire': None, 'slide': None, 'tokens': {}, 'action': 'play'}}, 'context': 'show_3', 'calling_context': 0, 'priority': 10, 'show_tokens': {}, 'start_time': 25.294543833}
2024-04-19 16:59:24,037 : EventManager : Event: ======'slide_fast_slide_removed'====== Args={}
2024-04-19 16:59:24,039 : EventManager : Event: ======'slide_fast_slide_created'====== Args={}
2024-04-19 16:59:24,039 : EventManager : Event: ======'slide_fast_slide_active'====== Args={}
2024-04-19 16:59:27,038 : EventManager : Event: ======'slides_play'====== Args={'settings': {'hofab_title': {'widgets': [{'type': 'image', 'image': 'hofab_title', '_default_settings': ['type', 'image'], 'x': None, 'y': None, 'anchor_x': 'center', 'anchor_y': 'center', 'round_anchor_x': None, 'round_anchor_y': None, 'opacity': 1.0, 'z': 0, 'reset_animations_events': {}, 'color': [1.0, 1.0, 1.0, 1.0], 'style': [], 'adjust_top': 0, 'adjust_bottom': 0, 'adjust_left': 0, 'adjust_right': 0, 'expire': None, 'key': None, 'widget': None, 'events_when_added': [], 'events_when_removed': [], 'fps': 10, 'loops': -1, 'auto_play': True, 'start_frame': 0, 'rotation': 0, 'scale': 1.0, 'animations': None}], 'target': None, 'background_color': [0.0, 0.0, 0.0, 1.0], 'priority': None, 'show': True, 'force': False, 'expire': None, 'slide': None, 'tokens': {}, 'action': 'play'}}, 'context': 'show_3', 'calling_context': 1, 'priority': 10, 'show_tokens': {}, 'start_time': 28.294543833}
2024-04-19 16:59:27,039 : EventManager : Event: ======'slide_hofab_title_removed'====== Args={}
2024-04-19 16:59:27,041 : EventManager : Event: ======'slide_hofab_title_created'====== Args={}
2024-04-19 16:59:27,042 : EventManager : Event: ======'slide_hofab_title_active'====== Args={}
2024-04-19 16:59:30,033 : EventManager : Event: ======'slides_play'====== Args={'settings': {'fast_slide': {'widgets': [{'type': 'image', 'image': 'fast_slide', '_default_settings': ['type', 'image'], 'x': None, 'y': None, 'anchor_x': 'center', 'anchor_y': 'center', 'round_anchor_x': None, 'round_anchor_y': None, 'opacity': 1.0, 'z': 0, 'reset_animations_events': {}, 'color': [1.0, 1.0, 1.0, 1.0], 'style': [], 'adjust_top': 0, 'adjust_bottom': 0, 'adjust_left': 0, 'adjust_right': 0, 'expire': None, 'key': None, 'widget': None, 'events_when_added': [], 'events_when_removed': [], 'fps': 10, 'loops': -1, 'auto_play': True, 'start_frame': 0, 'rotation': 0, 'scale': 1.0, 'animations': None}], 'target': None, 'background_color': [0.0, 0.0, 0.0, 1.0], 'priority': None, 'show': True, 'force': False, 'expire': None, 'slide': None, 'tokens': {}, 'action': 'play'}}, 'context': 'show_3', 'calling_context': 0, 'priority': 10, 'show_tokens': {}, 'start_time': 31.294543833}
2024-04-19 16:59:30,034 : EventManager : Event: ======'slide_fast_slide_removed'====== Args={}
2024-04-19 16:59:30,036 : EventManager : Event: ======'slide_fast_slide_created'====== Args={}
2024-04-19 16:59:30,037 : EventManager : Event: ======'slide_fast_slide_active'====== Args={}
2024-04-19 16:59:31,906 : EventManager : Event: ======'game_started'====== Args={}
2024-04-19 16:59:31,906 : EventManager : Event: ======'slides_clear'====== Args={'context': 'show_3'}
2024-04-19 16:59:31,906 : EventManager : Event: ======'slide_hofab_title_removed'====== Args={}
2024-04-19 16:59:31,907 : EventManager : Event: ======'slide_fast_slide_removed'====== Args={}
2024-04-19 16:59:31,907 : EventManager : Event: ======'slide_window_blank_active'====== Args={}
2024-04-19 16:59:31,917 : EventManager : Event: ======'player_added'====== Args={'player': <Player 1>, 'num': 1}
2024-04-19 16:59:31,918 : EventManager : Event: ======'player_index'====== Args={'value': 0, 'prev_value': 0, 'change': 0, 'player_num': 1}
2024-04-19 16:59:31,918 : EventManager : Event: ======'player_number'====== Args={'value': 1, 'prev_value': 1, 'change': 0, 'player_num': 1}
2024-04-19 16:59:31,918 : EventManager : Event: ======'player_score'====== Args={'value': 0, 'prev_value': 0, 'change': 0, 'player_num': 1}
2024-04-19 16:59:31,918 : EventManager : Event: ======'player_ball'====== Args={'value': 1, 'prev_value': 0, 'change': 1, 'player_num': 1}
2024-04-19 16:59:31,931 : EventManager : Event: ======'player_turn_start'====== Args={'number': 1, 'player': <Player 1>}
2024-04-19 16:59:31,931 : EventManager : Event: ======'player_shot_r_pop_enabled'====== Args={'value': True, 'prev_value': 0, 'change': 1, 'player_num': 1}
2024-04-19 16:59:31,931 : EventManager : Event: ======'player_shot_r_sling_l_enabled'====== Args={'value': True, 'prev_value': 0, 'change': 1, 'player_num': 1}
2024-04-19 16:59:31,931 : EventManager : Event: ======'player_shot_r_sling_r_enabled'====== Args={'value': True, 'prev_value': 0, 'change': 1, 'player_num': 1}
2024-04-19 16:59:31,931 : EventManager : Event: ======'slides_play'====== Args={'settings': {'launch_slide': {'widgets': [{'type': 'text', 'text': 'PRESS LAUNCH BUTTON', 'color': [1.0, 0.0, 0.0, 1], 'font_size': 50, '_default_settings': ['type', 'text', 'color', 'font_size'], 'x': None, 'y': None, 'anchor_x': 'center', 'anchor_y': 'center', 'round_anchor_x': None, 'round_anchor_y': None, 'opacity': 1.0, 'z': 0, 'reset_animations_events': {}, 'style': [], 'adjust_top': 0, 'adjust_bottom': 0, 'adjust_left': 0, 'adjust_right': 0, 'expire': None, 'key': None, 'widget': None, 'events_when_added': [], 'events_when_removed': [], 'bitmap_font': False, 'font_kerning': True, 'bold': False, 'italic': False, 'number_grouping': False, 'min_digits': 0, 'halign': 'center', 'valign': 'middle', 'rotation': 0, 'scale': 1.0, 'casing': None, 'outline_color': [1.0, 1.0, 1.0, 1.0], 'outline_width': 0, 'animations': None}], 'target': None, 'background_color': [0.0, 0.0, 0.0, 1.0], 'priority': None, 'show': True, 'force': False, 'expire': None, 'slide': None, 'tokens': {}, 'action': 'play'}}, 'context': 'show_10', 'calling_context': 0, 'priority': 180, 'show_tokens': {}, 'start_time': 33.194726833}
2024-04-19 16:59:31,942 : EventManager : Event: ======'slide_launch_slide_created'====== Args={}
2024-04-19 16:59:31,943 : EventManager : Event: ======'slide_launch_slide_active'====== Args={}
2024-04-19 16:59:39,506 : EventManager : Event: ======'machine_var_audits_switches_s_launch'====== Args={'value': 466, 'prev_value': 465, 'change': 1}
2024-04-19 16:59:39,519 : EventManager : Event: ======'player_shot_r_h_enabled'====== Args={'value': True, 'prev_value': 0, 'change': 1, 'player_num': 1}
2024-04-19 16:59:39,519 : EventManager : Event: ======'player_shot_r_o_enabled'====== Args={'value': True, 'prev_value': 0, 'change': 1, 'player_num': 1}
2024-04-19 16:59:39,519 : EventManager : Event: ======'player_shot_r_u_enabled'====== Args={'value': True, 'prev_value': 0, 'change': 1, 'player_num': 1}
2024-04-19 16:59:39,520 : EventManager : Event: ======'player_shot_r_s_enabled'====== Args={'value': True, 'prev_value': 0, 'change': 1, 'player_num': 1}
2024-04-19 16:59:39,520 : EventManager : Event: ======'player_shot_r_e_enabled'====== Args={'value': True, 'prev_value': 0, 'change': 1, 'player_num': 1}
2024-04-19 16:59:39,532 : EventManager : Event: ======'slides_clear'====== Args={'context': 'show_10'}
2024-04-19 16:59:39,532 : EventManager : Event: ======'slide_launch_slide_removed'====== Args={}
2024-04-19 16:59:39,532 : EventManager : Event: ======'slide_window_blank_active'====== Args={}
