2024-04-20 08:59:48,277 : INFO : root : Loading config.
2024-04-20 08:59:48,279 : INFO : YamlMultifileConfigLoader : Machine config file #1: config.yaml
2024-04-20 08:59:48,279 : INFO : ConfigProcessor : Loading config from cache: /var/folders/l2/q8hj_6s91xnb2jxg1sqm0h7r0000gn/T/871505f0f2d2915bd502f0a1fb110f3b.mpf_cache
2024-04-20 08:59:48,306 : INFO : ConfigProcessor : Loading config from cache: /var/folders/l2/q8hj_6s91xnb2jxg1sqm0h7r0000gn/T/640347d32029b3f32c9ad31d7a1b4b81.mpf_cache
2024-04-20 08:59:48,306 : INFO : ConfigProcessor : Loading config from cache: /var/folders/l2/q8hj_6s91xnb2jxg1sqm0h7r0000gn/T/edcc5f1d3215b377c9faab88c62e4ce0.mpf_cache
2024-04-20 08:59:48,306 : INFO : ConfigProcessor : Loading config from cache: /var/folders/l2/q8hj_6s91xnb2jxg1sqm0h7r0000gn/T/640347d32029b3f32c9ad31d7a1b4b81.mpf_cache
2024-04-20 08:59:48,306 : INFO : ConfigProcessor : Loading config from cache: /var/folders/l2/q8hj_6s91xnb2jxg1sqm0h7r0000gn/T/1875c266911f801b691956fe9e9284d6.mpf_cache
2024-04-20 08:59:48,307 : WARNING : ConfigProcessor : Config file in cache changed: /Users/tannerpetch/Documents/GitHub/lofab/modes/base/config/base.yaml
2024-04-20 08:59:48,307 : INFO : ConfigProcessor : Loading config from file /Users/tannerpetch/Documents/GitHub/lofab/modes/base/config/base.yaml.
2024-04-20 08:59:48,309 : INFO : ConfigProcessor : Loading config: /Users/tannerpetch/Documents/GitHub/lofab/modes/base/config/base.yaml
2024-04-20 08:59:48,310 : INFO : ConfigProcessor : Config file cache created: /var/folders/l2/q8hj_6s91xnb2jxg1sqm0h7r0000gn/T/f97c90855879603280fcc571f5c42639.mpf_cache
2024-04-20 08:59:48,310 : INFO : ConfigProcessor : Loading config from cache: /var/folders/l2/q8hj_6s91xnb2jxg1sqm0h7r0000gn/T/66764f8b68b26fdba6c1f2bce3638479.mpf_cache
2024-04-20 08:59:48,310 : INFO : ConfigProcessor : Loading config from cache: /var/folders/l2/q8hj_6s91xnb2jxg1sqm0h7r0000gn/T/3dbc438e88423aa3ff742db2713b600f.mpf_cache
2024-04-20 08:59:48,311 : INFO : ConfigProcessor : Loading config from cache: /var/folders/l2/q8hj_6s91xnb2jxg1sqm0h7r0000gn/T/91adfe62d94491e9c757b00a8e3b96af.mpf_cache
2024-04-20 08:59:48,311 : INFO : ConfigProcessor : Loading config from cache: /var/folders/l2/q8hj_6s91xnb2jxg1sqm0h7r0000gn/T/154d071a3850556c6f3eae37bf41c8b6.mpf_cache
2024-04-20 08:59:48,311 : INFO : ConfigProcessor : Loading config from cache: /var/folders/l2/q8hj_6s91xnb2jxg1sqm0h7r0000gn/T/ab100dbe0e16472b56f0213f3842a00f.mpf_cache
2024-04-20 08:59:48,313 : INFO : ConfigProcessor : Loading config from cache: /var/folders/l2/q8hj_6s91xnb2jxg1sqm0h7r0000gn/T/f03ad90ccd2c053e9e5d10795d01f4ba.mpf_cache
2024-04-20 08:59:48,313 : INFO : ConfigProcessor : Loading config from cache: /var/folders/l2/q8hj_6s91xnb2jxg1sqm0h7r0000gn/T/0f3c951d4c93079ae3fac6429c5bc2ee.mpf_cache
2024-04-20 08:59:48,314 : INFO : ConfigProcessor : Loading config from cache: /var/folders/l2/q8hj_6s91xnb2jxg1sqm0h7r0000gn/T/8bf004783a280ac33d17b88f37848116.mpf_cache
2024-04-20 08:59:48,315 : INFO : ConfigProcessor : Loading config from cache: /var/folders/l2/q8hj_6s91xnb2jxg1sqm0h7r0000gn/T/d5d50eaa09e055f3a827c6269a3aa165.mpf_cache
2024-04-20 08:59:48,315 : INFO : ConfigProcessor : Loading config from cache: /var/folders/l2/q8hj_6s91xnb2jxg1sqm0h7r0000gn/T/250153cb7d132f4134a2e9b694314568.mpf_cache
2024-04-20 08:59:48,316 : INFO : ConfigProcessor : Loading config from cache: /var/folders/l2/q8hj_6s91xnb2jxg1sqm0h7r0000gn/T/bbbe87a2f82c66174798be62d4e8058c.mpf_cache
2024-04-20 08:59:48,316 : INFO : Machine : Mission Pinball Framework Core Engine v0.57.1.dev3
2024-04-20 08:59:48,316 : INFO : Machine : Command line arguments: {'no_load_cache': False, 'create_config_cache': True, 'bcp': True, 'configfile': ['config.yaml'], 'force_assets_load': False, 'platform_integration_test': False, 'jsonlogging': False, 'logfile': 'logs/2024-04-20-08-59-48-mpf-Tanners-Laptop.home.log', 'pause': False, 'production': False, 'text_ui': True, 'loglevel': 15, 'consoleloglevel': 20, 'force_platform': 'smart_virtual', 'syslog_address': None, 'mc_file_name': None, 'no_sound': False}
2024-04-20 08:59:48,316 : INFO : Machine : MPF path: /Library/Frameworks/Python.framework/Versions/3.9/lib/python3.9/site-packages/mpf
2024-04-20 08:59:48,316 : INFO : Machine : Machine path: /Users/tannerpetch/Documents/GitHub/lofab
2024-04-20 08:59:48,316 : INFO : Machine : Platform: darwin
2024-04-20 08:59:48,316 : INFO : Machine : Python executable location: /Library/Frameworks/Python.framework/Versions/3.9/bin/python3.9
2024-04-20 08:59:48,316 : INFO : Machine : Python version: 3.9.13 (64-bit)
2024-04-20 08:59:48,316 : INFO : Machine : Initializing MPF...
2024-04-20 08:59:48,343 : INFO : EventManager : Event: ======'machine_var_credits_string'====== Args={'value': 'FREE PLAY', 'prev_value': None, 'change': True}
2024-04-20 08:59:48,356 : INFO : EventManager : Event: ======'machine_var_master_volume'====== Args={'value': 0.5, 'prev_value': None, 'change': True}
2024-04-20 08:59:48,356 : INFO : EventManager : Event: ======'machine_var_player1_score'====== Args={'value': 0, 'prev_value': None, 'change': True}
2024-04-20 08:59:48,356 : INFO : EventManager : Event: ======'machine_var_mpf_version'====== Args={'value': 'Mission Pinball Framework v0.57.1.dev3', 'prev_value': None, 'change': True}
2024-04-20 08:59:48,357 : INFO : EventManager : Event: ======'machine_var_mpf_extended_version'====== Args={'value': 'Mission Pinball Framework v0.57.1.dev3, Config version:6, Show version: 6, BCP version:1.1', 'prev_value': None, 'change': True}
2024-04-20 08:59:48,357 : INFO : EventManager : Event: ======'machine_var_python_version'====== Args={'value': '3.9.13', 'prev_value': None, 'change': True}
2024-04-20 08:59:48,364 : INFO : EventManager : Event: ======'machine_var_platform'====== Args={'value': 'macOS-14.3-arm64-arm-64bit', 'prev_value': None, 'change': True}
2024-04-20 08:59:48,364 : INFO : EventManager : Event: ======'machine_var_platform_system'====== Args={'value': 'Darwin', 'prev_value': None, 'change': True}
2024-04-20 08:59:48,364 : INFO : EventManager : Event: ======'machine_var_platform_release'====== Args={'value': '23.3.0', 'prev_value': None, 'change': True}
2024-04-20 08:59:48,364 : INFO : EventManager : Event: ======'machine_var_platform_version'====== Args={'value': 'Darwin Kernel Version 23.3.0: Thu Dec 21 02:29:41 PST 2023; root:xnu-10002.81.5~11/RELEASE_ARM64_T8122', 'prev_value': None, 'change': True}
2024-04-20 08:59:48,364 : INFO : EventManager : Event: ======'machine_var_platform_machine'====== Args={'value': 'arm64', 'prev_value': None, 'change': True}
2024-04-20 08:59:48,364 : INFO : EventManager : Event: ======'init_phase_1'====== Args={}
2024-04-20 08:59:48,377 : INFO : EventManager : Event: ======'init_phase_2'====== Args={}
2024-04-20 08:59:48,379 : INFO : EventManager : Event: ======'bcp_connection_attempt'====== Args={'name': 'local_display', 'host': 'localhost', 'port': 5050}
2024-04-20 08:59:48,380 : INFO : BCPClientSocket : Connecting BCP to 'local_display' at localhost:5050...
2024-04-20 08:59:49,301 : INFO : BCPClientSocket : Connected BCP to 'local_display' localhost:5050
2024-04-20 08:59:49,301 : INFO : EventManager : Event: ======'bcp_clients_connected'====== Args={}
2024-04-20 08:59:49,303 : INFO : ball_device.bd_vuk : BCH: Initial count: 0
2024-04-20 08:59:49,303 : INFO : ball_device.bd_vuk : State: idle
2024-04-20 08:59:49,303 : INFO : ball_device.bd_trough : BCH: Initial count: 0
2024-04-20 08:59:49,303 : INFO : ball_device.bd_trough : State: idle
2024-04-20 08:59:49,309 : INFO : EventManager : Event: ======'init_phase_3'====== Args={}
2024-04-20 08:59:49,458 : INFO : EventManager : Event: ======'machine_var_mc_version'====== Args={'value': 'MPF-MC v0.57.0', 'prev_value': None, 'change': True}
2024-04-20 08:59:49,458 : INFO : EventManager : Event: ======'machine_var_mc_extended_version'====== Args={'value': 'MPF-MC v0.57.0 (config_version=6, BCP v1.1,                      Requires MPF API compatibility v0.57.0 or newer)', 'prev_value': None, 'change': True}
2024-04-20 08:59:49,459 : INFO : EventManager : Event: ======'init_phase_4'====== Args={}
2024-04-20 08:59:49,463 : INFO : BallController : Initial balls found: 0
2024-04-20 08:59:49,464 : INFO : EventManager : Event: ======'machine_var_audits_events_game_ended'====== Args={'value': 0, 'prev_value': None, 'change': True}
2024-04-20 08:59:49,464 : INFO : EventManager : Event: ======'machine_var_audits_events_game_started'====== Args={'value': 4, 'prev_value': None, 'change': True}
2024-04-20 08:59:49,464 : INFO : EventManager : Event: ======'machine_var_audits_missing_switches_s_e'====== Args={'value': 4, 'prev_value': None, 'change': True}
2024-04-20 08:59:49,464 : INFO : EventManager : Event: ======'machine_var_audits_missing_switches_s_flipper_l'====== Args={'value': 4, 'prev_value': None, 'change': True}
2024-04-20 08:59:49,464 : INFO : EventManager : Event: ======'machine_var_audits_missing_switches_s_flipper_r'====== Args={'value': 4, 'prev_value': None, 'change': True}
2024-04-20 08:59:49,464 : INFO : EventManager : Event: ======'machine_var_audits_missing_switches_s_h'====== Args={'value': 4, 'prev_value': None, 'change': True}
2024-04-20 08:59:49,464 : INFO : EventManager : Event: ======'machine_var_audits_missing_switches_s_pop'====== Args={'value': 4, 'prev_value': None, 'change': True}
2024-04-20 08:59:49,464 : INFO : EventManager : Event: ======'machine_var_audits_missing_switches_s_ramp_complete'====== Args={'value': 4, 'prev_value': None, 'change': True}
2024-04-20 08:59:49,464 : INFO : EventManager : Event: ======'machine_var_audits_missing_switches_s_ramp_l'====== Args={'value': 4, 'prev_value': None, 'change': True}
2024-04-20 08:59:49,464 : INFO : EventManager : Event: ======'machine_var_audits_missing_switches_s_ramp_r'====== Args={'value': 4, 'prev_value': None, 'change': True}
2024-04-20 08:59:49,465 : INFO : EventManager : Event: ======'machine_var_audits_missing_switches_s_sling_l'====== Args={'value': 3, 'prev_value': None, 'change': True}
2024-04-20 08:59:49,465 : INFO : EventManager : Event: ======'machine_var_audits_missing_switches_s_sling_r'====== Args={'value': 3, 'prev_value': None, 'change': True}
2024-04-20 08:59:49,465 : INFO : EventManager : Event: ======'machine_var_audits_missing_switches_s_spinner'====== Args={'value': 4, 'prev_value': None, 'change': True}
2024-04-20 08:59:49,465 : INFO : EventManager : Event: ======'machine_var_audits_missing_switches_s_start'====== Args={'value': 4, 'prev_value': None, 'change': True}
2024-04-20 08:59:49,465 : INFO : EventManager : Event: ======'machine_var_audits_missing_switches_s_stationary_back'====== Args={'value': 4, 'prev_value': None, 'change': True}
2024-04-20 08:59:49,465 : INFO : EventManager : Event: ======'machine_var_audits_missing_switches_s_stationary_o'====== Args={'value': 4, 'prev_value': None, 'change': True}
2024-04-20 08:59:49,465 : INFO : EventManager : Event: ======'machine_var_audits_missing_switches_s_stationary_s'====== Args={'value': 4, 'prev_value': None, 'change': True}
2024-04-20 08:59:49,465 : INFO : EventManager : Event: ======'machine_var_audits_missing_switches_s_stationary_u'====== Args={'value': 4, 'prev_value': None, 'change': True}
2024-04-20 08:59:49,465 : INFO : EventManager : Event: ======'machine_var_audits_missing_switches_s_tilt_l'====== Args={'value': 4, 'prev_value': None, 'change': True}
2024-04-20 08:59:49,465 : INFO : EventManager : Event: ======'machine_var_audits_missing_switches_s_tilt_r'====== Args={'value': 4, 'prev_value': None, 'change': True}
2024-04-20 08:59:49,465 : INFO : EventManager : Event: ======'machine_var_audits_missing_switches_s_trough_1'====== Args={'value': 3, 'prev_value': None, 'change': True}
2024-04-20 08:59:49,466 : INFO : EventManager : Event: ======'machine_var_audits_missing_switches_s_trough_2'====== Args={'value': 4, 'prev_value': None, 'change': True}
2024-04-20 08:59:49,466 : INFO : EventManager : Event: ======'machine_var_audits_missing_switches_s_trough_3'====== Args={'value': 4, 'prev_value': None, 'change': True}
2024-04-20 08:59:49,466 : INFO : EventManager : Event: ======'machine_var_audits_missing_switches_s_trough_4'====== Args={'value': 4, 'prev_value': None, 'change': True}
2024-04-20 08:59:49,466 : INFO : EventManager : Event: ======'machine_var_audits_missing_switches_s_vuk'====== Args={'value': 4, 'prev_value': None, 'change': True}
2024-04-20 08:59:49,466 : INFO : EventManager : Event: ======'machine_var_audits_player_score'====== Args={'value': {'average': 0, 'top': [], 'total': 0}, 'prev_value': None, 'change': True}
2024-04-20 08:59:49,466 : INFO : EventManager : Event: ======'machine_var_audits_shots_r_sling_l'====== Args={'value': 7, 'prev_value': None, 'change': True}
2024-04-20 08:59:49,466 : INFO : EventManager : Event: ======'machine_var_audits_shots_r_sling_r'====== Args={'value': 9, 'prev_value': None, 'change': True}
2024-04-20 08:59:49,466 : INFO : EventManager : Event: ======'machine_var_audits_switches_s_e'====== Args={'value': 0, 'prev_value': None, 'change': True}
2024-04-20 08:59:49,466 : INFO : EventManager : Event: ======'machine_var_audits_switches_s_flipper_l'====== Args={'value': 0, 'prev_value': None, 'change': True}
2024-04-20 08:59:49,466 : INFO : EventManager : Event: ======'machine_var_audits_switches_s_flipper_r'====== Args={'value': 0, 'prev_value': None, 'change': True}
2024-04-20 08:59:49,466 : INFO : EventManager : Event: ======'machine_var_audits_switches_s_h'====== Args={'value': 0, 'prev_value': None, 'change': True}
2024-04-20 08:59:49,466 : INFO : EventManager : Event: ======'machine_var_audits_switches_s_launch'====== Args={'value': 5, 'prev_value': None, 'change': True}
2024-04-20 08:59:49,466 : INFO : EventManager : Event: ======'machine_var_audits_switches_s_pop'====== Args={'value': 0, 'prev_value': None, 'change': True}
2024-04-20 08:59:49,467 : INFO : EventManager : Event: ======'machine_var_audits_switches_s_ramp_complete'====== Args={'value': 0, 'prev_value': None, 'change': True}
2024-04-20 08:59:49,467 : INFO : EventManager : Event: ======'machine_var_audits_switches_s_ramp_l'====== Args={'value': 0, 'prev_value': None, 'change': True}
2024-04-20 08:59:49,467 : INFO : EventManager : Event: ======'machine_var_audits_switches_s_ramp_r'====== Args={'value': 0, 'prev_value': None, 'change': True}
2024-04-20 08:59:49,467 : INFO : EventManager : Event: ======'machine_var_audits_switches_s_sling_l'====== Args={'value': 7, 'prev_value': None, 'change': True}
2024-04-20 08:59:49,467 : INFO : EventManager : Event: ======'machine_var_audits_switches_s_sling_r'====== Args={'value': 9, 'prev_value': None, 'change': True}
2024-04-20 08:59:49,467 : INFO : EventManager : Event: ======'machine_var_audits_switches_s_spinner'====== Args={'value': 0, 'prev_value': None, 'change': True}
2024-04-20 08:59:49,467 : INFO : EventManager : Event: ======'machine_var_audits_switches_s_start'====== Args={'value': 0, 'prev_value': None, 'change': True}
2024-04-20 08:59:49,467 : INFO : EventManager : Event: ======'machine_var_audits_switches_s_stationary_back'====== Args={'value': 0, 'prev_value': None, 'change': True}
2024-04-20 08:59:49,468 : INFO : EventManager : Event: ======'machine_var_audits_switches_s_stationary_o'====== Args={'value': 0, 'prev_value': None, 'change': True}
2024-04-20 08:59:49,468 : INFO : EventManager : Event: ======'machine_var_audits_switches_s_stationary_s'====== Args={'value': 0, 'prev_value': None, 'change': True}
2024-04-20 08:59:49,468 : INFO : EventManager : Event: ======'machine_var_audits_switches_s_stationary_u'====== Args={'value': 0, 'prev_value': None, 'change': True}
2024-04-20 08:59:49,468 : INFO : EventManager : Event: ======'machine_var_audits_switches_s_tilt_l'====== Args={'value': 0, 'prev_value': None, 'change': True}
2024-04-20 08:59:49,468 : INFO : EventManager : Event: ======'machine_var_audits_switches_s_tilt_r'====== Args={'value': 0, 'prev_value': None, 'change': True}
2024-04-20 08:59:49,468 : INFO : EventManager : Event: ======'machine_var_audits_switches_s_trough_1'====== Args={'value': 3, 'prev_value': None, 'change': True}
2024-04-20 08:59:49,468 : INFO : EventManager : Event: ======'machine_var_audits_switches_s_trough_2'====== Args={'value': 0, 'prev_value': None, 'change': True}
2024-04-20 08:59:49,468 : INFO : EventManager : Event: ======'machine_var_audits_switches_s_trough_3'====== Args={'value': 0, 'prev_value': None, 'change': True}
2024-04-20 08:59:49,468 : INFO : EventManager : Event: ======'machine_var_audits_switches_s_trough_4'====== Args={'value': 0, 'prev_value': None, 'change': True}
2024-04-20 08:59:49,468 : INFO : EventManager : Event: ======'machine_var_audits_switches_s_vuk'====== Args={'value': 0, 'prev_value': None, 'change': True}
2024-04-20 08:59:49,469 : INFO : EventManager : Event: ======'init_phase_5'====== Args={}
2024-04-20 08:59:49,469 : INFO : EventManager : Event: ======'init_done'====== Args={}
2024-04-20 08:59:49,469 : INFO : EventManager : Event: ======'machine_reset_phase_1'====== Args={}
2024-04-20 08:59:49,476 : INFO : EventManager : Event: ======'machine_reset_phase_2'====== Args={}
2024-04-20 08:59:49,477 : INFO : EventManager : Event: ======'machine_reset_phase_3'====== Args={}
2024-04-20 08:59:49,477 : INFO : EventManager : Event: ======'reset_complete'====== Args={}
2024-04-20 08:59:49,477 : INFO : EventManager : Event: ======'mode_attract_will_start'====== Args={}
2024-04-20 08:59:49,477 : INFO : EventManager : Event: ======'mode_attract_starting'====== Args={}
2024-04-20 08:59:49,477 : INFO : Mode.attract : Started. Priority: 10
2024-04-20 08:59:49,477 : INFO : EventManager : Event: ======'modes_active_modes_changed'====== Args={}
2024-04-20 08:59:49,477 : INFO : EventManager : Event: ======'mode_attract_started'====== Args={}
2024-04-20 08:59:49,477 : INFO : EventManager : Event: ======'collecting_balls_complete'====== Args={}
2024-04-20 08:59:49,478 : INFO : Machine : Starting the main run loop.
2024-04-20 08:59:49,490 : INFO : EventManager : Event: ======'slide_fast_slide_created'====== Args={'_from_bcp': True}
2024-04-20 08:59:49,490 : INFO : EventManager : Event: ======'slide_fast_slide_active'====== Args={'_from_bcp': True}
2024-04-20 08:59:50,449 : INFO : BcpServer : New client connected.
2024-04-20 08:59:52,492 : INFO : EventManager : Event: ======'slide_hofab_title_created'====== Args={'_from_bcp': True}
2024-04-20 08:59:52,493 : INFO : EventManager : Event: ======'slide_hofab_title_active'====== Args={'_from_bcp': True}
2024-04-20 08:59:52,738 : INFO : SwitchController : <<<<<<< 's_trough_1' active >>>>>>>
2024-04-20 08:59:52,838 : INFO : SwitchController : <<<<<<< 's_trough_1' inactive >>>>>>>
2024-04-20 08:59:53,163 : INFO : SwitchController : <<<<<<< 's_trough_1' active >>>>>>>
2024-04-20 08:59:53,664 : INFO : EventManager : Event: ======'balldevice_bd_trough_ball_count_changed'====== Args={'balls': 1}
2024-04-20 08:59:53,664 : INFO : ball_device.bd_trough : Received unexpected ball
2024-04-20 08:59:53,664 : INFO : EventManager : Event: ======'balldevice_captured_from_playfield'====== Args={'balls': 1}
2024-04-20 08:59:53,665 : INFO : EventManager : Event: ======'sw_playfield_active'====== Args={'balls': 1}
2024-04-20 08:59:53,665 : INFO : EventManager : Event: ======'playfield_active'====== Args={}
2024-04-20 08:59:53,665 : INFO : EventManager : Event: ======'unexpected_ball_on_playfield'====== Args={}
2024-04-20 08:59:53,665 : INFO : EventManager : Event: ======'playfield_ball_count_change'====== Args={'balls': -1, 'change': -1}
2024-04-20 08:59:53,666 : INFO : EventManager : Event: ======'balldevice_playfield_ball_enter'====== Args={'new_balls': 1, 'unclaimed_balls': 1, 'device': <playfield.playfield>}
2024-04-20 08:59:53,666 : INFO : EventManager : Event: ======'playfield_ball_count_change'====== Args={'balls': 0, 'change': 1}
2024-04-20 08:59:53,666 : INFO : BallController : Found a new ball which was captured from playfield. Known balls: 1
2024-04-20 08:59:53,666 : INFO : EventManager : Event: ======'found_new_ball'====== Args={}
2024-04-20 08:59:53,667 : INFO : EventManager : Event: ======'balldevice_bd_trough_ball_enter'====== Args={'new_balls': 1, 'unclaimed_balls': 1, 'new_available_balls': 1, 'device': <ball_device.bd_trough>}
2024-04-20 08:59:53,667 : INFO : EventManager : Event: ======'ball_drain'====== Args={'device': <ball_device.bd_trough>, 'balls': 1}
2024-04-20 08:59:53,667 : INFO : EventManager : Event: ======'balldevice_balls_available'====== Args={}
2024-04-20 08:59:53,667 : INFO : EventManager : Event: ======'balldevice_bd_trough_ball_entered'====== Args={'new_balls': 1, 'device': <ball_device.bd_trough>}
2024-04-20 08:59:55,485 : INFO : EventManager : Event: ======'slide_fast_slide_removed'====== Args={'_from_bcp': True}
2024-04-20 08:59:55,487 : INFO : EventManager : Event: ======'slide_fast_slide_created'====== Args={'_from_bcp': True}
2024-04-20 08:59:55,487 : INFO : EventManager : Event: ======'slide_fast_slide_active'====== Args={'_from_bcp': True}
2024-04-20 08:59:55,689 : INFO : SwitchController : <<<<<<< 's_start' active >>>>>>>
2024-04-20 08:59:55,838 : INFO : SwitchController : <<<<<<< 's_start' inactive >>>>>>>
2024-04-20 08:59:55,839 : INFO : EventManager : Event: ======'request_to_start_game'====== Args={}
2024-04-20 08:59:55,839 : INFO : EventManager : Event: ======'game_start'====== Args={'buttons': [], 'hold_time': 0.14975649999999963}
2024-04-20 08:59:55,839 : INFO : EventManager : Event: ======'mode_game_will_start'====== Args={'buttons': [], 'hold_time': 0.14975649999999963}
2024-04-20 08:59:55,840 : INFO : EventManager : Event: ======'mode_game_starting'====== Args={'buttons': [], 'hold_time': 0.14975649999999963}
2024-04-20 08:59:55,840 : INFO : EventManager : Event: ======'mode_attract_will_stop'====== Args={}
2024-04-20 08:59:55,840 : INFO : EventManager : Event: ======'mode_attract_stopping'====== Args={}
2024-04-20 08:59:55,840 : INFO : Mode.attract : Stopped.
2024-04-20 08:59:55,840 : INFO : EventManager : Event: ======'modes_active_modes_changed'====== Args={}
2024-04-20 08:59:55,842 : INFO : EventManager : Event: ======'mode_attract_stopped'====== Args={}
2024-04-20 08:59:55,842 : INFO : EventManager : Event: ======'clear'====== Args={'key': 'attract'}
2024-04-20 08:59:55,843 : INFO : Mode.game : Started. Priority: 20
2024-04-20 08:59:55,843 : INFO : EventManager : Event: ======'modes_active_modes_changed'====== Args={}
2024-04-20 08:59:55,843 : INFO : EventManager : Event: ======'mode_game_started'====== Args={'buttons': [], 'hold_time': 0.14975649999999963}
2024-04-20 08:59:55,844 : INFO : EventManager : Event: ======'game_will_start'====== Args={}
2024-04-20 08:59:55,844 : INFO : EventManager : Event: ======'game_starting'====== Args={'game': <Mode.game>}
2024-04-20 08:59:55,845 : INFO : EventManager : Unordered handler for class <Auditor> on event game_ended with priority 1. Handlers: [RegisteredHandler(callback=<bound method Auditor.disable of <Auditor>>, priority=1, kwargs={}, key=UUID('1342f104-fff1-451f-a879-a525fb182643'), condition=None, blocking_facility=None), RegisteredHandler(callback=<bound method Auditor._save_audits of <Auditor>>, priority=1, kwargs={}, key=UUID('9150d1a7-acb8-4880-aee6-4cc33f831ec5'), condition=None, blocking_facility=None)]. The order of those handlers is not defined and they will be executed in random order. This might lead to race conditions and potential bugs.
2024-04-20 08:59:55,845 : INFO : EventManager : Event: ======'player_add_request'====== Args={}
2024-04-20 08:59:55,846 : INFO : EventManager : Event: ======'player_will_add'====== Args={'number': 1}
2024-04-20 08:59:55,846 : INFO : EventManager : Event: ======'player_adding'====== Args={'player': <Player 1>, 'number': 1}
2024-04-20 08:59:55,846 : INFO : EventManager : Event: ======'player_added'====== Args={'player': <Player 1>, 'num': 1}
2024-04-20 08:59:55,846 : INFO : Mode.game : Player added successfully. Total players: 1
2024-04-20 08:59:55,846 : INFO : EventManager : Event: ======'player_index'====== Args={'value': 0, 'prev_value': 0, 'change': 0, 'player_num': 1}
2024-04-20 08:59:55,846 : INFO : EventManager : Event: ======'player_number'====== Args={'value': 1, 'prev_value': 1, 'change': 0, 'player_num': 1}
2024-04-20 08:59:55,847 : INFO : EventManager : Event: ======'player_score'====== Args={'value': 0, 'prev_value': 0, 'change': 0, 'player_num': 1}
2024-04-20 08:59:55,847 : INFO : EventManager : Event: ======'game_started'====== Args={}
2024-04-20 08:59:55,848 : INFO : EventManager : Event: ======'player_turn_will_start'====== Args={'player': <Player 1>, 'number': 1}
2024-04-20 08:59:55,858 : INFO : EventManager : Event: ======'player_turn_starting'====== Args={'player': <Player 1>, 'number': 1}
2024-04-20 08:59:55,859 : INFO : EventManager : Event: ======'slide_hofab_title_removed'====== Args={'_from_bcp': True}
2024-04-20 08:59:55,859 : INFO : EventManager : Event: ======'slide_fast_slide_removed'====== Args={'_from_bcp': True}
2024-04-20 08:59:55,859 : INFO : EventManager : Event: ======'slide_window_blank_active'====== Args={'_from_bcp': True}
2024-04-20 08:59:55,859 : INFO : EventManager : Event: ======'player_ball'====== Args={'value': 1, 'prev_value': 0, 'change': 1, 'player_num': 1}
2024-04-20 08:59:55,859 : INFO : EventManager : Event: ======'player_turn_started'====== Args={'player': <Player 1>, 'number': 1}
2024-04-20 08:59:55,860 : INFO : EventManager : Event: ======'ball_will_start'====== Args={'player': 1, 'ball': 1, 'balls_remaining': 2, 'is_extra_ball': False}
2024-04-20 08:59:55,860 : INFO : EventManager : Event: ======'ball_starting'====== Args={'player': 1, 'ball': 1, 'balls_remaining': 2, 'is_extra_ball': False}
2024-04-20 08:59:55,860 : INFO : EventManager : Event: ======'mode_base_will_start'====== Args={'queue': <QueuedEvent>, 'player': 1, 'ball': 1, 'balls_remaining': 2, 'is_extra_ball': False}
2024-04-20 08:59:55,861 : INFO : EventManager : Event: ======'player_shot_r_pop_enabled'====== Args={'value': True, 'prev_value': 0, 'change': 1, 'player_num': 1}
2024-04-20 08:59:55,861 : INFO : EventManager : Event: ======'player_shot_r_sling_l_enabled'====== Args={'value': True, 'prev_value': 0, 'change': 1, 'player_num': 1}
2024-04-20 08:59:55,861 : INFO : EventManager : Event: ======'player_shot_r_sling_r_enabled'====== Args={'value': True, 'prev_value': 0, 'change': 1, 'player_num': 1}
2024-04-20 08:59:55,862 : INFO : EventManager : Event: ======'mode_base_starting'====== Args={'queue': <QueuedEvent>, 'player': 1, 'ball': 1, 'balls_remaining': 2, 'is_extra_ball': False}
2024-04-20 08:59:55,862 : INFO : EventManager : Event: ======'waiting_for_launch_press'====== Args={}
2024-04-20 08:59:55,862 : INFO : EventManager : Event: ======'mode_launch_shows_will_start'====== Args={}
2024-04-20 08:59:55,863 : INFO : EventManager : Event: ======'mode_launch_shows_starting'====== Args={}
2024-04-20 08:59:55,863 : INFO : Mode.launch_shows : Started. Priority: 180
2024-04-20 08:59:55,863 : INFO : EventManager : Event: ======'modes_active_modes_changed'====== Args={}
2024-04-20 08:59:55,863 : INFO : EventManager : Event: ======'mode_launch_shows_started'====== Args={}
2024-04-20 08:59:55,864 : INFO : Mode.base : Started. Priority: 100
2024-04-20 08:59:55,864 : INFO : EventManager : Event: ======'modes_active_modes_changed'====== Args={}
2024-04-20 08:59:55,864 : INFO : EventManager : Event: ======'mode_base_started'====== Args={'queue': <QueuedEvent>, 'player': 1, 'ball': 1, 'balls_remaining': 2, 'is_extra_ball': False}
2024-04-20 08:59:55,875 : INFO : EventManager : Event: ======'slide_launch_slide_created'====== Args={'_from_bcp': True}
2024-04-20 08:59:55,876 : INFO : EventManager : Event: ======'slide_launch_slide_active'====== Args={'_from_bcp': True}
2024-04-20 08:59:55,881 : INFO : EventManager : Event: ======'slide_base.slide_player-mode_base_started_created'====== Args={'_from_bcp': True}
2024-04-20 08:59:59,740 : INFO : SwitchController : <<<<<<< 's_launch' active >>>>>>>
2024-04-20 08:59:59,740 : INFO : EventManager : Event: ======'e_launch_press'====== Args={}
2024-04-20 08:59:59,741 : INFO : EventManager : Event: ======'machine_var_audits_switches_s_launch'====== Args={'value': 6, 'prev_value': 5, 'change': 1}
2024-04-20 08:59:59,743 : INFO : EventManager : Event: ======'balls_in_play'====== Args={'balls': 1}
2024-04-20 08:59:59,747 : INFO : EventManager : Event: ======'ball_started'====== Args={'player': 1, 'ball': 1, 'balls_remaining': 2, 'is_extra_ball': False}
2024-04-20 08:59:59,748 : INFO : EventManager : Event: ======'mode_launch_shows_will_stop'====== Args={}
2024-04-20 08:59:59,748 : INFO : EventManager : Event: ======'mode_launch_shows_stopping'====== Args={}
2024-04-20 08:59:59,748 : INFO : EventManager : Event: ======'mode_lane_rotate_will_start'====== Args={'player': 1, 'ball': 1, 'balls_remaining': 2, 'is_extra_ball': False}
2024-04-20 08:59:59,749 : INFO : EventManager : Event: ======'player_shot_r_h_enabled'====== Args={'value': True, 'prev_value': 0, 'change': 1, 'player_num': 1}
2024-04-20 08:59:59,750 : INFO : EventManager : Event: ======'player_shot_r_o_enabled'====== Args={'value': True, 'prev_value': 0, 'change': 1, 'player_num': 1}
2024-04-20 08:59:59,750 : INFO : EventManager : Event: ======'player_shot_r_u_enabled'====== Args={'value': True, 'prev_value': 0, 'change': 1, 'player_num': 1}
2024-04-20 08:59:59,751 : INFO : EventManager : Event: ======'player_shot_r_s_enabled'====== Args={'value': True, 'prev_value': 0, 'change': 1, 'player_num': 1}
2024-04-20 08:59:59,751 : INFO : EventManager : Event: ======'player_shot_r_e_enabled'====== Args={'value': True, 'prev_value': 0, 'change': 1, 'player_num': 1}
2024-04-20 08:59:59,753 : INFO : EventManager : Event: ======'mode_lane_rotate_starting'====== Args={'player': 1, 'ball': 1, 'balls_remaining': 2, 'is_extra_ball': False}
2024-04-20 08:59:59,755 : INFO : Mode.lane_rotate : Started. Priority: 100
2024-04-20 08:59:59,755 : INFO : EventManager : Event: ======'modes_active_modes_changed'====== Args={}
2024-04-20 08:59:59,755 : INFO : EventManager : Event: ======'mode_lane_rotate_started'====== Args={'player': 1, 'ball': 1, 'balls_remaining': 2, 'is_extra_ball': False}
2024-04-20 08:59:59,755 : INFO : Mode.launch_shows : Stopped.
2024-04-20 08:59:59,756 : INFO : EventManager : Event: ======'modes_active_modes_changed'====== Args={}
2024-04-20 08:59:59,756 : INFO : EventManager : Event: ======'mode_launch_shows_stopped'====== Args={}
2024-04-20 08:59:59,756 : INFO : EventManager : Event: ======'clear'====== Args={'key': 'launch_shows'}
2024-04-20 08:59:59,757 : INFO : EventManager : Event: ======'single_player_ball_started'====== Args={}
2024-04-20 08:59:59,765 : INFO : EventManager : Event: ======'ball_start_target'====== Args={'target': 'playfield'}
2024-04-20 08:59:59,765 : INFO : EventManager : Event: ======'slide_launch_slide_removed'====== Args={'_from_bcp': True}
2024-04-20 08:59:59,765 : INFO : EventManager : Event: ======'slide_base.slide_player-mode_base_started_active'====== Args={'_from_bcp': True}
2024-04-20 08:59:59,765 : INFO : ball_device.bd_trough : Setting up player-controlled eject. Balls: 1, Target: <playfield.playfield>, player_controlled_eject_event: None
2024-04-20 08:59:59,765 : INFO : ball_device.bd_trough : Adding 1 ball(s) to the eject_queue with target <playfield.playfield>.
2024-04-20 08:59:59,766 : INFO : EventManager : Event: ======'balldevice_balls_available'====== Args={}
2024-04-20 08:59:59,766 : INFO : ball_device.bd_trough : State: waiting_for_target_ready
2024-04-20 08:59:59,766 : INFO : EventManager : Event: ======'balldevice_bd_trough_ball_eject_attempt'====== Args={'balls': 1, 'target': <playfield.playfield>, 'source': <ball_device.bd_trough>, 'mechanical_eject': False, 'num_attempts': 0}
2024-04-20 08:59:59,767 : INFO : ball_device.bd_trough : State: ejecting
2024-04-20 08:59:59,767 : INFO : ball_device.bd_trough : Ejecting ball to <playfield.playfield>
2024-04-20 08:59:59,767 : INFO : EventManager : Event: ======'balldevice_bd_trough_ejecting_ball'====== Args={'balls': 1, 'target': <playfield.playfield>, 'source': <ball_device.bd_trough>, 'mechanical_eject': False, 'num_attempts': 0}
2024-04-20 08:59:59,767 : INFO : ball_device.bd_trough : Wait for ball to leave device
2024-04-20 08:59:59,768 : INFO : coil.c_trough : Pulsing Driver for 15ms (1.0 pulse_power)
2024-04-20 08:59:59,768 : INFO : SwitchController : <<<<<<< 's_trough_1' inactive >>>>>>>
2024-04-20 08:59:59,768 : INFO : ball_device.bd_trough : State: ball_left
2024-04-20 08:59:59,768 : INFO : ball_device.bd_trough : Ball left
2024-04-20 08:59:59,768 : INFO : ball_device.bd_trough : Wait for confirm with timeout 10.0
2024-04-20 08:59:59,871 : INFO : SwitchController : <<<<<<< 's_launch' inactive >>>>>>>
2024-04-20 09:00:03,907 : INFO : SwitchController : <<<<<<< 's_sling_r' active >>>>>>>
2024-04-20 09:00:03,907 : INFO : EventManager : Event: ======'playfield_active'====== Args={}
2024-04-20 09:00:03,908 : INFO : EventManager : Event: ======'s_sling_r_active'====== Args={}
2024-04-20 09:00:03,908 : INFO : EventManager : Event: ======'playfield_active'====== Args={}
2024-04-20 09:00:03,909 : INFO : EventManager : Event: ======'machine_var_audits_switches_s_sling_r'====== Args={'value': 10, 'prev_value': 9, 'change': 1}
2024-04-20 09:00:03,910 : INFO : EventManager : Event: ======'player_shot_r_sling_r'====== Args={'value': 1, 'prev_value': 0, 'change': 1, 'player_num': 1}
2024-04-20 09:00:03,916 : INFO : EventManager : Event: ======'machine_var_audits_shots_r_sling_r'====== Args={'value': 10, 'prev_value': 9, 'change': 1}
2024-04-20 09:00:03,917 : INFO : EventManager : Event: ======'r_sling_r_hit'====== Args={'profile': 'default', 'state': 'unlit', 'advancing': True}
2024-04-20 09:00:03,917 : INFO : EventManager : Event: ======'r_sling_r_default_hit'====== Args={'profile': 'default', 'state': 'unlit', 'advancing': True}
2024-04-20 09:00:03,918 : INFO : EventManager : Event: ======'r_sling_r_default_unlit_hit'====== Args={'profile': 'default', 'state': 'unlit', 'advancing': True}
2024-04-20 09:00:03,918 : INFO : EventManager : Event: ======'r_sling_r_unlit_hit'====== Args={'profile': 'default', 'state': 'unlit', 'advancing': True}
2024-04-20 09:00:03,918 : INFO : EventManager : Event: ======'player_score'====== Args={'value': 10, 'prev_value': 0, 'change': 10, 'player_num': 1, 'source': 'base'}
2024-04-20 09:00:03,927 : INFO : ball_device.bd_trough : Got eject confirm
2024-04-20 09:00:03,927 : INFO : ball_device.bd_trough : Eject successful
2024-04-20 09:00:03,927 : INFO : EventManager : Event: ======'balldevice_bd_trough_ball_eject_success'====== Args={'balls': 1, 'target': <playfield.playfield>}
2024-04-20 09:00:03,928 : INFO : EventManager : Event: ======'balldevice_playfield_ball_enter'====== Args={'new_balls': 1, 'unclaimed_balls': 1, 'device': <playfield.playfield>}
2024-04-20 09:00:03,928 : INFO : EventManager : Event: ======'playfield_ball_count_change'====== Args={'balls': 1, 'change': 1}
2024-04-20 09:00:03,928 : INFO : EventManager : Event: ======'balldevice_bd_trough_ball_count_changed'====== Args={'balls': 0}
2024-04-20 09:00:03,928 : INFO : ball_device.bd_trough : State: idle
2024-04-20 09:00:04,056 : INFO : SwitchController : <<<<<<< 's_sling_r' inactive >>>>>>>
2024-04-20 09:00:04,173 : INFO : SwitchController : <<<<<<< 's_sling_r' active >>>>>>>
2024-04-20 09:00:04,173 : INFO : EventManager : Event: ======'s_sling_r_active'====== Args={}
2024-04-20 09:00:04,174 : INFO : EventManager : Event: ======'machine_var_audits_switches_s_sling_r'====== Args={'value': 11, 'prev_value': 10, 'change': 1}
2024-04-20 09:00:04,175 : INFO : EventManager : Event: ======'machine_var_audits_shots_r_sling_r'====== Args={'value': 11, 'prev_value': 10, 'change': 1}
2024-04-20 09:00:04,176 : INFO : EventManager : Event: ======'r_sling_r_hit'====== Args={'profile': 'default', 'state': 'lit', 'advancing': False}
2024-04-20 09:00:04,177 : INFO : EventManager : Event: ======'r_sling_r_default_hit'====== Args={'profile': 'default', 'state': 'lit', 'advancing': False}
2024-04-20 09:00:04,177 : INFO : EventManager : Event: ======'r_sling_r_default_lit_hit'====== Args={'profile': 'default', 'state': 'lit', 'advancing': False}
2024-04-20 09:00:04,177 : INFO : EventManager : Event: ======'r_sling_r_lit_hit'====== Args={'profile': 'default', 'state': 'lit', 'advancing': False}
2024-04-20 09:00:04,178 : INFO : EventManager : Event: ======'player_score'====== Args={'value': 20, 'prev_value': 10, 'change': 10, 'player_num': 1, 'source': 'base'}
2024-04-20 09:00:04,288 : INFO : SwitchController : <<<<<<< 's_sling_r' inactive >>>>>>>
2024-04-20 09:00:04,408 : INFO : SwitchController : <<<<<<< 's_sling_r' active >>>>>>>
2024-04-20 09:00:04,408 : INFO : EventManager : Event: ======'s_sling_r_active'====== Args={}
2024-04-20 09:00:04,409 : INFO : EventManager : Event: ======'machine_var_audits_switches_s_sling_r'====== Args={'value': 12, 'prev_value': 11, 'change': 1}
2024-04-20 09:00:04,410 : INFO : EventManager : Event: ======'machine_var_audits_shots_r_sling_r'====== Args={'value': 12, 'prev_value': 11, 'change': 1}
2024-04-20 09:00:04,411 : INFO : EventManager : Event: ======'r_sling_r_hit'====== Args={'profile': 'default', 'state': 'lit', 'advancing': False}
2024-04-20 09:00:04,411 : INFO : EventManager : Event: ======'r_sling_r_default_hit'====== Args={'profile': 'default', 'state': 'lit', 'advancing': False}
2024-04-20 09:00:04,412 : INFO : EventManager : Event: ======'r_sling_r_default_lit_hit'====== Args={'profile': 'default', 'state': 'lit', 'advancing': False}
2024-04-20 09:00:04,412 : INFO : EventManager : Event: ======'r_sling_r_lit_hit'====== Args={'profile': 'default', 'state': 'lit', 'advancing': False}
2024-04-20 09:00:04,412 : INFO : EventManager : Event: ======'player_score'====== Args={'value': 30, 'prev_value': 20, 'change': 10, 'player_num': 1, 'source': 'base'}
2024-04-20 09:00:04,521 : INFO : SwitchController : <<<<<<< 's_sling_r' inactive >>>>>>>
2024-04-20 09:00:04,659 : INFO : SwitchController : <<<<<<< 's_sling_r' active >>>>>>>
2024-04-20 09:00:04,659 : INFO : EventManager : Event: ======'s_sling_r_active'====== Args={}
2024-04-20 09:00:04,660 : INFO : EventManager : Event: ======'machine_var_audits_switches_s_sling_r'====== Args={'value': 13, 'prev_value': 12, 'change': 1}
2024-04-20 09:00:04,661 : INFO : EventManager : Event: ======'machine_var_audits_shots_r_sling_r'====== Args={'value': 13, 'prev_value': 12, 'change': 1}
2024-04-20 09:00:04,663 : INFO : EventManager : Event: ======'r_sling_r_hit'====== Args={'profile': 'default', 'state': 'lit', 'advancing': False}
2024-04-20 09:00:04,663 : INFO : EventManager : Event: ======'r_sling_r_default_hit'====== Args={'profile': 'default', 'state': 'lit', 'advancing': False}
2024-04-20 09:00:04,663 : INFO : EventManager : Event: ======'r_sling_r_default_lit_hit'====== Args={'profile': 'default', 'state': 'lit', 'advancing': False}
2024-04-20 09:00:04,664 : INFO : EventManager : Event: ======'r_sling_r_lit_hit'====== Args={'profile': 'default', 'state': 'lit', 'advancing': False}
2024-04-20 09:00:04,664 : INFO : EventManager : Event: ======'player_score'====== Args={'value': 40, 'prev_value': 30, 'change': 10, 'player_num': 1, 'source': 'base'}
2024-04-20 09:00:04,772 : INFO : SwitchController : <<<<<<< 's_sling_r' inactive >>>>>>>
2024-04-20 09:00:05,174 : INFO : SwitchController : <<<<<<< 's_sling_r' active >>>>>>>
2024-04-20 09:00:05,174 : INFO : EventManager : Event: ======'s_sling_r_active'====== Args={}
2024-04-20 09:00:05,175 : INFO : EventManager : Event: ======'machine_var_audits_switches_s_sling_r'====== Args={'value': 14, 'prev_value': 13, 'change': 1}
2024-04-20 09:00:05,176 : INFO : EventManager : Event: ======'machine_var_audits_shots_r_sling_r'====== Args={'value': 14, 'prev_value': 13, 'change': 1}
2024-04-20 09:00:05,177 : INFO : EventManager : Event: ======'r_sling_r_hit'====== Args={'profile': 'default', 'state': 'lit', 'advancing': False}
2024-04-20 09:00:05,178 : INFO : EventManager : Event: ======'r_sling_r_default_hit'====== Args={'profile': 'default', 'state': 'lit', 'advancing': False}
2024-04-20 09:00:05,178 : INFO : EventManager : Event: ======'r_sling_r_default_lit_hit'====== Args={'profile': 'default', 'state': 'lit', 'advancing': False}
2024-04-20 09:00:05,178 : INFO : EventManager : Event: ======'r_sling_r_lit_hit'====== Args={'profile': 'default', 'state': 'lit', 'advancing': False}
2024-04-20 09:00:05,179 : INFO : EventManager : Event: ======'player_score'====== Args={'value': 50, 'prev_value': 40, 'change': 10, 'player_num': 1, 'source': 'base'}
2024-04-20 09:00:05,271 : INFO : SwitchController : <<<<<<< 's_sling_r' inactive >>>>>>>
2024-04-20 09:00:05,423 : INFO : SwitchController : <<<<<<< 's_sling_r' active >>>>>>>
2024-04-20 09:00:05,423 : INFO : EventManager : Event: ======'s_sling_r_active'====== Args={}
2024-04-20 09:00:05,424 : INFO : EventManager : Event: ======'machine_var_audits_switches_s_sling_r'====== Args={'value': 15, 'prev_value': 14, 'change': 1}
2024-04-20 09:00:05,425 : INFO : EventManager : Event: ======'machine_var_audits_shots_r_sling_r'====== Args={'value': 15, 'prev_value': 14, 'change': 1}
2024-04-20 09:00:05,426 : INFO : EventManager : Event: ======'r_sling_r_hit'====== Args={'profile': 'default', 'state': 'lit', 'advancing': False}
2024-04-20 09:00:05,427 : INFO : EventManager : Event: ======'r_sling_r_default_hit'====== Args={'profile': 'default', 'state': 'lit', 'advancing': False}
2024-04-20 09:00:05,427 : INFO : EventManager : Event: ======'r_sling_r_default_lit_hit'====== Args={'profile': 'default', 'state': 'lit', 'advancing': False}
2024-04-20 09:00:05,427 : INFO : EventManager : Event: ======'r_sling_r_lit_hit'====== Args={'profile': 'default', 'state': 'lit', 'advancing': False}
2024-04-20 09:00:05,428 : INFO : EventManager : Event: ======'player_score'====== Args={'value': 60, 'prev_value': 50, 'change': 10, 'player_num': 1, 'source': 'base'}
2024-04-20 09:00:05,556 : INFO : SwitchController : <<<<<<< 's_sling_r' inactive >>>>>>>
2024-04-20 09:00:05,655 : INFO : SwitchController : <<<<<<< 's_sling_r' active >>>>>>>
2024-04-20 09:00:05,656 : INFO : EventManager : Event: ======'s_sling_r_active'====== Args={}
2024-04-20 09:00:05,656 : INFO : EventManager : Event: ======'machine_var_audits_switches_s_sling_r'====== Args={'value': 16, 'prev_value': 15, 'change': 1}
2024-04-20 09:00:05,657 : INFO : EventManager : Event: ======'machine_var_audits_shots_r_sling_r'====== Args={'value': 16, 'prev_value': 15, 'change': 1}
2024-04-20 09:00:05,658 : INFO : EventManager : Event: ======'r_sling_r_hit'====== Args={'profile': 'default', 'state': 'lit', 'advancing': False}
2024-04-20 09:00:05,658 : INFO : EventManager : Event: ======'r_sling_r_default_hit'====== Args={'profile': 'default', 'state': 'lit', 'advancing': False}
2024-04-20 09:00:05,658 : INFO : EventManager : Event: ======'r_sling_r_default_lit_hit'====== Args={'profile': 'default', 'state': 'lit', 'advancing': False}
2024-04-20 09:00:05,658 : INFO : EventManager : Event: ======'r_sling_r_lit_hit'====== Args={'profile': 'default', 'state': 'lit', 'advancing': False}
2024-04-20 09:00:05,659 : INFO : EventManager : Event: ======'player_score'====== Args={'value': 70, 'prev_value': 60, 'change': 10, 'player_num': 1, 'source': 'base'}
2024-04-20 09:00:05,793 : INFO : SwitchController : <<<<<<< 's_sling_r' inactive >>>>>>>
2024-04-20 09:00:05,872 : INFO : SwitchController : <<<<<<< 's_sling_r' active >>>>>>>
2024-04-20 09:00:05,873 : INFO : EventManager : Event: ======'s_sling_r_active'====== Args={}
2024-04-20 09:00:05,873 : INFO : EventManager : Event: ======'machine_var_audits_switches_s_sling_r'====== Args={'value': 17, 'prev_value': 16, 'change': 1}
2024-04-20 09:00:05,874 : INFO : EventManager : Event: ======'machine_var_audits_shots_r_sling_r'====== Args={'value': 17, 'prev_value': 16, 'change': 1}
2024-04-20 09:00:05,874 : INFO : EventManager : Event: ======'r_sling_r_hit'====== Args={'profile': 'default', 'state': 'lit', 'advancing': False}
2024-04-20 09:00:05,875 : INFO : EventManager : Event: ======'r_sling_r_default_hit'====== Args={'profile': 'default', 'state': 'lit', 'advancing': False}
2024-04-20 09:00:05,875 : INFO : EventManager : Event: ======'r_sling_r_default_lit_hit'====== Args={'profile': 'default', 'state': 'lit', 'advancing': False}
2024-04-20 09:00:05,875 : INFO : EventManager : Event: ======'r_sling_r_lit_hit'====== Args={'profile': 'default', 'state': 'lit', 'advancing': False}
2024-04-20 09:00:05,876 : INFO : EventManager : Event: ======'player_score'====== Args={'value': 80, 'prev_value': 70, 'change': 10, 'player_num': 1, 'source': 'base'}
2024-04-20 09:00:06,005 : INFO : SwitchController : <<<<<<< 's_sling_r' inactive >>>>>>>
2024-04-20 09:00:09,273 : INFO : SwitchController : <<<<<<< 's_trough_4' active >>>>>>>
2024-04-20 09:00:09,274 : INFO : EventManager : Event: ======'machine_var_audits_switches_s_trough_4'====== Args={'value': 1, 'prev_value': 0, 'change': 1}
2024-04-20 09:00:09,421 : INFO : SwitchController : <<<<<<< 's_trough_4' inactive >>>>>>>
2024-04-20 09:00:09,746 : INFO : SwitchController : <<<<<<< 's_trough_4' active >>>>>>>
2024-04-20 09:00:09,747 : INFO : EventManager : Event: ======'machine_var_audits_switches_s_trough_4'====== Args={'value': 2, 'prev_value': 1, 'change': 1}
2024-04-20 09:00:10,247 : INFO : EventManager : Event: ======'balldevice_bd_trough_ball_count_changed'====== Args={'balls': 1}
2024-04-20 09:00:10,248 : INFO : ball_device.bd_trough : Received unexpected ball
2024-04-20 09:00:10,248 : INFO : EventManager : Event: ======'balldevice_captured_from_playfield'====== Args={'balls': 1}
2024-04-20 09:00:10,249 : INFO : EventManager : Event: ======'sw_playfield_active'====== Args={'balls': 1}
2024-04-20 09:00:10,250 : INFO : EventManager : Event: ======'playfield_ball_count_change'====== Args={'balls': 0, 'change': -1}
2024-04-20 09:00:10,251 : INFO : EventManager : Event: ======'balldevice_bd_trough_ball_enter'====== Args={'new_balls': 1, 'unclaimed_balls': 1, 'new_available_balls': 1, 'device': <ball_device.bd_trough>}
2024-04-20 09:00:10,251 : INFO : EventManager : Event: ======'ball_drain'====== Args={'device': <ball_device.bd_trough>, 'balls': 1}
2024-04-20 09:00:10,252 : INFO : EventManager : Event: ======'ball_will_end'====== Args={}
2024-04-20 09:00:10,253 : INFO : EventManager : Event: ======'balldevice_balls_available'====== Args={}
2024-04-20 09:00:10,254 : INFO : EventManager : Event: ======'balldevice_bd_trough_ball_entered'====== Args={'new_balls': 1, 'device': <ball_device.bd_trough>}
2024-04-20 09:00:10,254 : INFO : EventManager : Event: ======'mode_lane_rotate_will_stop'====== Args={}
2024-04-20 09:00:10,255 : INFO : EventManager : Event: ======'mode_lane_rotate_stopping'====== Args={}
2024-04-20 09:00:10,256 : INFO : Mode.lane_rotate : Stopped.
2024-04-20 09:00:10,256 : INFO : EventManager : Event: ======'modes_active_modes_changed'====== Args={}
2024-04-20 09:00:10,256 : INFO : EventManager : Event: ======'mode_lane_rotate_stopped'====== Args={}
2024-04-20 09:00:10,257 : INFO : EventManager : Event: ======'clear'====== Args={'key': 'lane_rotate'}
2024-04-20 09:00:10,258 : INFO : EventManager : Event: ======'ball_ending'====== Args={}
2024-04-20 09:00:10,259 : INFO : EventManager : Event: ======'mode_base_will_stop'====== Args={}
2024-04-20 09:00:10,259 : INFO : EventManager : Event: ======'mode_base_stopping'====== Args={}
2024-04-20 09:00:10,259 : INFO : Mode.base : Stopped.
2024-04-20 09:00:10,259 : INFO : EventManager : Event: ======'modes_active_modes_changed'====== Args={}
2024-04-20 09:00:10,261 : INFO : EventManager : Event: ======'mode_base_stopped'====== Args={}
2024-04-20 09:00:10,261 : INFO : EventManager : Event: ======'clear'====== Args={'key': 'base'}
2024-04-20 09:00:10,263 : INFO : EventManager : Event: ======'ball_ended'====== Args={}
2024-04-20 09:00:10,267 : INFO : EventManager : Event: ======'player_turn_will_end'====== Args={'player': <Player 1>, 'number': 1}
2024-04-20 09:00:10,267 : INFO : EventManager : Event: ======'player_turn_ending'====== Args={'player': <Player 1>, 'number': 1}
2024-04-20 09:00:10,273 : INFO : EventManager : Event: ======'player_turn_ended'====== Args={'player': <Player 1>, 'number': 1}
2024-04-20 09:00:10,274 : INFO : EventManager : Event: ======'slide_base.slide_player-mode_base_started_removed'====== Args={'_from_bcp': True}
2024-04-20 09:00:10,274 : INFO : EventManager : Event: ======'slide_window_blank_active'====== Args={'_from_bcp': True}
2024-04-20 09:00:10,274 : INFO : EventManager : Event: ======'player_turn_will_start'====== Args={'player': <Player 1>, 'number': 1}
2024-04-20 09:00:10,275 : INFO : EventManager : Event: ======'player_turn_starting'====== Args={'player': <Player 1>, 'number': 1}
2024-04-20 09:00:10,275 : INFO : EventManager : Event: ======'player_ball'====== Args={'value': 2, 'prev_value': 1, 'change': 1, 'player_num': 1}
2024-04-20 09:00:10,275 : INFO : EventManager : Event: ======'player_turn_started'====== Args={'player': <Player 1>, 'number': 1}
2024-04-20 09:00:10,276 : INFO : EventManager : Event: ======'ball_will_start'====== Args={'player': 1, 'ball': 2, 'balls_remaining': 1, 'is_extra_ball': False}
2024-04-20 09:00:10,276 : INFO : EventManager : Event: ======'ball_starting'====== Args={'player': 1, 'ball': 2, 'balls_remaining': 1, 'is_extra_ball': False}
2024-04-20 09:00:10,276 : INFO : EventManager : Event: ======'mode_base_will_start'====== Args={'queue': <QueuedEvent>, 'player': 1, 'ball': 2, 'balls_remaining': 1, 'is_extra_ball': False}
2024-04-20 09:00:10,277 : INFO : EventManager : Event: ======'mode_base_starting'====== Args={'queue': <QueuedEvent>, 'player': 1, 'ball': 2, 'balls_remaining': 1, 'is_extra_ball': False}
2024-04-20 09:00:10,278 : INFO : EventManager : Event: ======'waiting_for_launch_press'====== Args={}
2024-04-20 09:00:10,278 : INFO : EventManager : Event: ======'mode_launch_shows_will_start'====== Args={}
2024-04-20 09:00:10,278 : INFO : EventManager : Event: ======'mode_launch_shows_starting'====== Args={}
2024-04-20 09:00:10,278 : INFO : Mode.launch_shows : Started. Priority: 180
2024-04-20 09:00:10,278 : INFO : EventManager : Event: ======'modes_active_modes_changed'====== Args={}
2024-04-20 09:00:10,279 : INFO : EventManager : Event: ======'mode_launch_shows_started'====== Args={}
2024-04-20 09:00:10,279 : INFO : Mode.base : Started. Priority: 100
2024-04-20 09:00:10,279 : INFO : EventManager : Event: ======'modes_active_modes_changed'====== Args={}
2024-04-20 09:00:10,279 : INFO : EventManager : Event: ======'mode_base_started'====== Args={'queue': <QueuedEvent>, 'player': 1, 'ball': 2, 'balls_remaining': 1, 'is_extra_ball': False}
2024-04-20 09:00:10,291 : INFO : EventManager : Event: ======'slide_launch_slide_created'====== Args={'_from_bcp': True}
2024-04-20 09:00:10,291 : INFO : EventManager : Event: ======'slide_base.slide_player-mode_base_started_created'====== Args={'_from_bcp': True}
2024-04-20 09:00:10,291 : INFO : EventManager : Event: ======'slide_launch_slide_active'====== Args={'_from_bcp': True}
2024-04-20 09:00:12,040 : INFO : SwitchController : <<<<<<< 's_launch' active >>>>>>>
2024-04-20 09:00:12,041 : INFO : EventManager : Event: ======'e_launch_press'====== Args={}
2024-04-20 09:00:12,042 : INFO : EventManager : Event: ======'machine_var_audits_switches_s_launch'====== Args={'value': 7, 'prev_value': 6, 'change': 1}
2024-04-20 09:00:12,049 : INFO : EventManager : Event: ======'balls_in_play'====== Args={'balls': 1}
2024-04-20 09:00:12,049 : INFO : EventManager : Event: ======'ball_started'====== Args={'player': 1, 'ball': 2, 'balls_remaining': 1, 'is_extra_ball': False}
2024-04-20 09:00:12,050 : INFO : EventManager : Event: ======'mode_launch_shows_will_stop'====== Args={}
2024-04-20 09:00:12,050 : INFO : EventManager : Event: ======'mode_launch_shows_stopping'====== Args={}
2024-04-20 09:00:12,050 : INFO : EventManager : Event: ======'mode_lane_rotate_will_start'====== Args={'player': 1, 'ball': 2, 'balls_remaining': 1, 'is_extra_ball': False}
2024-04-20 09:00:12,052 : INFO : EventManager : Event: ======'mode_lane_rotate_starting'====== Args={'player': 1, 'ball': 2, 'balls_remaining': 1, 'is_extra_ball': False}
2024-04-20 09:00:12,054 : INFO : Mode.lane_rotate : Started. Priority: 100
2024-04-20 09:00:12,054 : INFO : EventManager : Event: ======'modes_active_modes_changed'====== Args={}
2024-04-20 09:00:12,054 : INFO : EventManager : Event: ======'mode_lane_rotate_started'====== Args={'player': 1, 'ball': 2, 'balls_remaining': 1, 'is_extra_ball': False}
2024-04-20 09:00:12,055 : INFO : Mode.launch_shows : Stopped.
2024-04-20 09:00:12,055 : INFO : EventManager : Event: ======'modes_active_modes_changed'====== Args={}
2024-04-20 09:00:12,055 : INFO : EventManager : Event: ======'mode_launch_shows_stopped'====== Args={}
2024-04-20 09:00:12,055 : INFO : EventManager : Event: ======'clear'====== Args={'key': 'launch_shows'}
2024-04-20 09:00:12,056 : INFO : EventManager : Event: ======'single_player_ball_started'====== Args={}
2024-04-20 09:00:12,062 : INFO : EventManager : Event: ======'ball_start_target'====== Args={'target': 'playfield'}
2024-04-20 09:00:12,062 : INFO : EventManager : Event: ======'slide_launch_slide_removed'====== Args={'_from_bcp': True}
2024-04-20 09:00:12,062 : INFO : EventManager : Event: ======'slide_base.slide_player-mode_base_started_active'====== Args={'_from_bcp': True}
2024-04-20 09:00:12,062 : INFO : ball_device.bd_trough : Setting up player-controlled eject. Balls: 1, Target: <playfield.playfield>, player_controlled_eject_event: None
2024-04-20 09:00:12,063 : INFO : ball_device.bd_trough : Adding 1 ball(s) to the eject_queue with target <playfield.playfield>.
2024-04-20 09:00:12,063 : INFO : EventManager : Event: ======'balldevice_balls_available'====== Args={}
2024-04-20 09:00:12,063 : INFO : ball_device.bd_trough : State: waiting_for_target_ready
2024-04-20 09:00:12,064 : INFO : EventManager : Event: ======'balldevice_bd_trough_ball_eject_attempt'====== Args={'balls': 1, 'target': <playfield.playfield>, 'source': <ball_device.bd_trough>, 'mechanical_eject': False, 'num_attempts': 0}
2024-04-20 09:00:12,064 : INFO : ball_device.bd_trough : State: ejecting
2024-04-20 09:00:12,064 : INFO : ball_device.bd_trough : Ejecting ball to <playfield.playfield>
2024-04-20 09:00:12,064 : INFO : EventManager : Event: ======'balldevice_bd_trough_ejecting_ball'====== Args={'balls': 1, 'target': <playfield.playfield>, 'source': <ball_device.bd_trough>, 'mechanical_eject': False, 'num_attempts': 0}
2024-04-20 09:00:12,064 : INFO : ball_device.bd_trough : Wait for ball to leave device
2024-04-20 09:00:12,065 : INFO : coil.c_trough : Pulsing Driver for 15ms (1.0 pulse_power)
2024-04-20 09:00:12,065 : INFO : SwitchController : <<<<<<< 's_trough_4' inactive >>>>>>>
2024-04-20 09:00:12,065 : INFO : ball_device.bd_trough : State: ball_left
2024-04-20 09:00:12,065 : INFO : ball_device.bd_trough : Ball left
2024-04-20 09:00:12,065 : INFO : ball_device.bd_trough : Wait for confirm with timeout 10.0
2024-04-20 09:00:12,141 : INFO : SwitchController : <<<<<<< 's_launch' inactive >>>>>>>
2024-04-20 09:00:22,066 : INFO : ball_device.bd_trough : State: failed_confirm
2024-04-20 09:00:22,067 : INFO : ball_device.bd_trough : Got timeout (10.0s) before confirm from <playfield.playfield>
2024-04-20 09:00:22,167 : INFO : ball_device.bd_trough : Confirming eject because target is playfield and ball did not return.
2024-04-20 09:00:22,168 : INFO : ball_device.bd_trough : Eject successful
2024-04-20 09:00:22,168 : INFO : EventManager : Event: ======'balldevice_bd_trough_ball_eject_success'====== Args={'balls': 1, 'target': <playfield.playfield>}
2024-04-20 09:00:22,168 : INFO : EventManager : Event: ======'balldevice_playfield_ball_enter'====== Args={'new_balls': 1, 'unclaimed_balls': 1, 'device': <playfield.playfield>}
2024-04-20 09:00:22,169 : INFO : EventManager : Event: ======'playfield_ball_count_change'====== Args={'balls': 1, 'change': 1}
2024-04-20 09:00:22,170 : INFO : EventManager : Event: ======'balldevice_bd_trough_ball_count_changed'====== Args={'balls': 0}
2024-04-20 09:00:22,171 : INFO : ball_device.bd_trough : State: idle
