2024-05-06 08:26:20,556 : INFO : root : Loading config.
2024-05-06 08:26:20,558 : INFO : YamlMultifileConfigLoader : Machine config file #1: config.yaml
2024-05-06 08:26:20,558 : INFO : ConfigProcessor : Loading config from cache: /var/folders/l2/q8hj_6s91xnb2jxg1sqm0h7r0000gn/T/479bffd5d2f40b527f859677e5b1aef9.mpf_cache
2024-05-06 08:26:20,583 : INFO : ConfigProcessor : Loading config from cache: /var/folders/l2/q8hj_6s91xnb2jxg1sqm0h7r0000gn/T/0481b880979d7ccc71369ad5f781c736.mpf_cache
2024-05-06 08:26:20,583 : INFO : ConfigProcessor : Loading config from cache: /var/folders/l2/q8hj_6s91xnb2jxg1sqm0h7r0000gn/T/9cfa8e96748dd80c23752180dbf36e5c.mpf_cache
2024-05-06 08:26:20,583 : INFO : ConfigProcessor : Loading config from cache: /var/folders/l2/q8hj_6s91xnb2jxg1sqm0h7r0000gn/T/0481b880979d7ccc71369ad5f781c736.mpf_cache
2024-05-06 08:26:20,583 : INFO : ConfigProcessor : Loading config from cache: /var/folders/l2/q8hj_6s91xnb2jxg1sqm0h7r0000gn/T/1875c266911f801b691956fe9e9284d6.mpf_cache
2024-05-06 08:26:20,583 : INFO : ConfigProcessor : Loading config from cache: /var/folders/l2/q8hj_6s91xnb2jxg1sqm0h7r0000gn/T/f97c90855879603280fcc571f5c42639.mpf_cache
2024-05-06 08:26:20,584 : WARNING : ConfigProcessor : Config file in cache changed: /Users/tannerpetch/Documents/GitHub/lofab/modes/mult_fleshy_qualify/config/mult_fleshy_qualify.yaml
2024-05-06 08:26:20,584 : INFO : ConfigProcessor : Loading config from file /Users/tannerpetch/Documents/GitHub/lofab/modes/mult_fleshy_qualify/config/mult_fleshy_qualify.yaml.
2024-05-06 08:26:20,585 : INFO : ConfigProcessor : Loading config: /Users/tannerpetch/Documents/GitHub/lofab/modes/mult_fleshy_qualify/config/mult_fleshy_qualify.yaml
2024-05-06 08:26:20,585 : INFO : ConfigProcessor : Config file cache created: /var/folders/l2/q8hj_6s91xnb2jxg1sqm0h7r0000gn/T/5336ce152edc820b26f3a51a9f95779b.mpf_cache
2024-05-06 08:26:20,585 : INFO : ConfigProcessor : Loading config from cache: /var/folders/l2/q8hj_6s91xnb2jxg1sqm0h7r0000gn/T/584196ece55f676a535bfbda3a88171a.mpf_cache
2024-05-06 08:26:20,586 : INFO : ConfigProcessor : Loading config from cache: /var/folders/l2/q8hj_6s91xnb2jxg1sqm0h7r0000gn/T/3dbc438e88423aa3ff742db2713b600f.mpf_cache
2024-05-06 08:26:20,587 : INFO : ConfigProcessor : Loading config from cache: /var/folders/l2/q8hj_6s91xnb2jxg1sqm0h7r0000gn/T/154d071a3850556c6f3eae37bf41c8b6.mpf_cache
2024-05-06 08:26:20,587 : INFO : ConfigProcessor : Loading config from cache: /var/folders/l2/q8hj_6s91xnb2jxg1sqm0h7r0000gn/T/ab100dbe0e16472b56f0213f3842a00f.mpf_cache
2024-05-06 08:26:20,589 : INFO : ConfigProcessor : Loading config from cache: /var/folders/l2/q8hj_6s91xnb2jxg1sqm0h7r0000gn/T/f03ad90ccd2c053e9e5d10795d01f4ba.mpf_cache
2024-05-06 08:26:20,589 : INFO : ConfigProcessor : Loading config from cache: /var/folders/l2/q8hj_6s91xnb2jxg1sqm0h7r0000gn/T/0f3c951d4c93079ae3fac6429c5bc2ee.mpf_cache
2024-05-06 08:26:20,589 : INFO : ConfigProcessor : Loading config from cache: /var/folders/l2/q8hj_6s91xnb2jxg1sqm0h7r0000gn/T/8bf004783a280ac33d17b88f37848116.mpf_cache
2024-05-06 08:26:20,590 : INFO : ConfigProcessor : Loading config from cache: /var/folders/l2/q8hj_6s91xnb2jxg1sqm0h7r0000gn/T/db98bdefe8a072cec23a2527f4303b09.mpf_cache
2024-05-06 08:26:20,590 : INFO : ConfigProcessor : Loading config from cache: /var/folders/l2/q8hj_6s91xnb2jxg1sqm0h7r0000gn/T/d5d50eaa09e055f3a827c6269a3aa165.mpf_cache
2024-05-06 08:26:20,591 : INFO : ConfigProcessor : Loading config from cache: /var/folders/l2/q8hj_6s91xnb2jxg1sqm0h7r0000gn/T/eefb91dd78a2b4d0f2b86f7f7cb501a3.mpf_cache
2024-05-06 08:26:20,591 : INFO : ConfigProcessor : Loading config from cache: /var/folders/l2/q8hj_6s91xnb2jxg1sqm0h7r0000gn/T/d32f8b43f49e3e57afbd189fbbccae80.mpf_cache
2024-05-06 08:26:20,591 : INFO : ConfigProcessor : Loading config from cache: /var/folders/l2/q8hj_6s91xnb2jxg1sqm0h7r0000gn/T/08db62a1c5938674fa894d468364ed3e.mpf_cache
2024-05-06 08:26:20,592 : INFO : Machine : Mission Pinball Framework Core Engine v0.80.0.dev1
2024-05-06 08:26:20,592 : INFO : Machine : Command line arguments: {'no_load_cache': False, 'create_config_cache': True, 'bcp': False, 'configfile': ['config.yaml'], 'force_assets_load': False, 'platform_integration_test': False, 'jsonlogging': False, 'logfile': 'logs/2024-05-06-08-26-20-mpf-Tanners-Laptop.local.log', 'pause': False, 'production': False, 'text_ui': True, 'loglevel': 15, 'consoleloglevel': 20, 'force_platform': 'virtual', 'syslog_address': None, 'mc_file_name': None, 'no_sound': False}
2024-05-06 08:26:20,592 : INFO : Machine : MPF path: /Users/tannerpetch/Documents/git/mpf/mpf
2024-05-06 08:26:20,592 : INFO : Machine : Machine path: /Users/tannerpetch/Documents/GitHub/lofab
2024-05-06 08:26:20,592 : INFO : Machine : Platform: darwin
2024-05-06 08:26:20,592 : INFO : Machine : Python executable location: /Users/tannerpetch/mpfenv/bin/python3
2024-05-06 08:26:20,592 : INFO : Machine : Python version: 3.9.13 (64-bit)
2024-05-06 08:26:20,592 : INFO : Machine : Initializing MPF...
2024-05-06 08:26:20,615 : INFO : EventManager : Event: ======'machine_var_credits_string'====== Args={'value': 'FREE PLAY', 'prev_value': None, 'change': True}
2024-05-06 08:26:20,621 : INFO : EventManager : Event: ======'machine_var_master_volume'====== Args={'value': 0.5, 'prev_value': None, 'change': True}
2024-05-06 08:26:20,621 : INFO : EventManager : Event: ======'machine_var_player1_score'====== Args={'value': 100, 'prev_value': None, 'change': True}
2024-05-06 08:26:20,621 : INFO : EventManager : Event: ======'machine_var_player2_score'====== Args={'value': 0, 'prev_value': None, 'change': True}
2024-05-06 08:26:20,621 : INFO : EventManager : Event: ======'machine_var_mpf_version'====== Args={'value': 'Mission Pinball Framework v0.80.0.dev1', 'prev_value': None, 'change': True}
2024-05-06 08:26:20,621 : INFO : EventManager : Event: ======'machine_var_mpf_extended_version'====== Args={'value': 'Mission Pinball Framework v0.80.0.dev1, Config version:6, Show version: 6, BCP version:1.1', 'prev_value': None, 'change': True}
2024-05-06 08:26:20,621 : INFO : EventManager : Event: ======'machine_var_python_version'====== Args={'value': '3.9.13', 'prev_value': None, 'change': True}
2024-05-06 08:26:20,627 : INFO : EventManager : Event: ======'machine_var_platform'====== Args={'value': 'macOS-14.3-arm64-arm-64bit', 'prev_value': None, 'change': True}
2024-05-06 08:26:20,627 : INFO : EventManager : Event: ======'machine_var_platform_system'====== Args={'value': 'Darwin', 'prev_value': None, 'change': True}
2024-05-06 08:26:20,627 : INFO : EventManager : Event: ======'machine_var_platform_release'====== Args={'value': '23.3.0', 'prev_value': None, 'change': True}
2024-05-06 08:26:20,627 : INFO : EventManager : Event: ======'machine_var_platform_version'====== Args={'value': 'Darwin Kernel Version 23.3.0: Thu Dec 21 02:29:41 PST 2023; root:xnu-10002.81.5~11/RELEASE_ARM64_T8122', 'prev_value': None, 'change': True}
2024-05-06 08:26:20,627 : INFO : EventManager : Event: ======'machine_var_platform_machine'====== Args={'value': 'arm64', 'prev_value': None, 'change': True}
2024-05-06 08:26:20,627 : INFO : EventManager : Event: ======'init_phase_1'====== Args={}
2024-05-06 08:26:20,641 : INFO : EventManager : Event: ======'init_phase_2'====== Args={}
2024-05-06 08:26:20,643 : INFO : ball_device.bd_vuk : BCH: Initial count: 0
2024-05-06 08:26:20,643 : INFO : ball_device.bd_vuk : State: idle
2024-05-06 08:26:20,643 : INFO : ball_device.bd_trough : BCH: Initial count: 0
2024-05-06 08:26:20,643 : INFO : ball_device.bd_trough : State: idle
2024-05-06 08:26:20,647 : INFO : EventManager : Event: ======'init_phase_3'====== Args={}
2024-05-06 08:26:20,786 : INFO : EventManager : Event: ======'init_phase_4'====== Args={}
2024-05-06 08:26:20,787 : INFO : BallController : Initial balls found: 0
2024-05-06 08:26:20,787 : INFO : EventManager : Event: ======'machine_var_audits_events_game_ended'====== Args={'value': 1, 'prev_value': None, 'change': True}
2024-05-06 08:26:20,787 : INFO : EventManager : Event: ======'machine_var_audits_events_game_started'====== Args={'value': 18, 'prev_value': None, 'change': True}
2024-05-06 08:26:20,787 : INFO : EventManager : Event: ======'machine_var_audits_missing_switches_s_e'====== Args={'value': 18, 'prev_value': None, 'change': True}
2024-05-06 08:26:20,787 : INFO : EventManager : Event: ======'machine_var_audits_missing_switches_s_flipper_l'====== Args={'value': 1, 'prev_value': None, 'change': True}
2024-05-06 08:26:20,787 : INFO : EventManager : Event: ======'machine_var_audits_missing_switches_s_flipper_r'====== Args={'value': 7, 'prev_value': None, 'change': True}
2024-05-06 08:26:20,787 : INFO : EventManager : Event: ======'machine_var_audits_missing_switches_s_h'====== Args={'value': 18, 'prev_value': None, 'change': True}
2024-05-06 08:26:20,787 : INFO : EventManager : Event: ======'machine_var_audits_missing_switches_s_pop'====== Args={'value': 18, 'prev_value': None, 'change': True}
2024-05-06 08:26:20,787 : INFO : EventManager : Event: ======'machine_var_audits_missing_switches_s_ramp_complete'====== Args={'value': 18, 'prev_value': None, 'change': True}
2024-05-06 08:26:20,788 : INFO : EventManager : Event: ======'machine_var_audits_missing_switches_s_ramp_l'====== Args={'value': 18, 'prev_value': None, 'change': True}
2024-05-06 08:26:20,788 : INFO : EventManager : Event: ======'machine_var_audits_missing_switches_s_ramp_r'====== Args={'value': 18, 'prev_value': None, 'change': True}
2024-05-06 08:26:20,788 : INFO : EventManager : Event: ======'machine_var_audits_missing_switches_s_sling_l'====== Args={'value': 18, 'prev_value': None, 'change': True}
2024-05-06 08:26:20,788 : INFO : EventManager : Event: ======'machine_var_audits_missing_switches_s_sling_r'====== Args={'value': 18, 'prev_value': None, 'change': True}
2024-05-06 08:26:20,788 : INFO : EventManager : Event: ======'machine_var_audits_missing_switches_s_spinner'====== Args={'value': 18, 'prev_value': None, 'change': True}
2024-05-06 08:26:20,788 : INFO : EventManager : Event: ======'machine_var_audits_missing_switches_s_start'====== Args={'value': 5, 'prev_value': None, 'change': True}
2024-05-06 08:26:20,788 : INFO : EventManager : Event: ======'machine_var_audits_missing_switches_s_stationary_back'====== Args={'value': 18, 'prev_value': None, 'change': True}
2024-05-06 08:26:20,788 : INFO : EventManager : Event: ======'machine_var_audits_missing_switches_s_stationary_u'====== Args={'value': 4, 'prev_value': None, 'change': True}
2024-05-06 08:26:20,788 : INFO : EventManager : Event: ======'machine_var_audits_missing_switches_s_tilt_l'====== Args={'value': 18, 'prev_value': None, 'change': True}
2024-05-06 08:26:20,788 : INFO : EventManager : Event: ======'machine_var_audits_missing_switches_s_tilt_r'====== Args={'value': 18, 'prev_value': None, 'change': True}
2024-05-06 08:26:20,788 : INFO : EventManager : Event: ======'machine_var_audits_missing_switches_s_trough_1'====== Args={'value': 5, 'prev_value': None, 'change': True}
2024-05-06 08:26:20,788 : INFO : EventManager : Event: ======'machine_var_audits_missing_switches_s_trough_2'====== Args={'value': 18, 'prev_value': None, 'change': True}
2024-05-06 08:26:20,788 : INFO : EventManager : Event: ======'machine_var_audits_missing_switches_s_trough_3'====== Args={'value': 18, 'prev_value': None, 'change': True}
2024-05-06 08:26:20,788 : INFO : EventManager : Event: ======'machine_var_audits_missing_switches_s_trough_4'====== Args={'value': 16, 'prev_value': None, 'change': True}
2024-05-06 08:26:20,788 : INFO : EventManager : Event: ======'machine_var_audits_missing_switches_s_vuk'====== Args={'value': 16, 'prev_value': None, 'change': True}
2024-05-06 08:26:20,788 : INFO : EventManager : Event: ======'machine_var_audits_player_score'====== Args={'value': {'average': 0, 'top': [100, 0], 'total': 2}, 'prev_value': None, 'change': True}
2024-05-06 08:26:20,788 : INFO : EventManager : Event: ======'machine_var_audits_shots_r_o'====== Args={'value': 52, 'prev_value': None, 'change': True}
2024-05-06 08:26:20,788 : INFO : EventManager : Event: ======'machine_var_audits_shots_r_o_fleshy'====== Args={'value': 49, 'prev_value': None, 'change': True}
2024-05-06 08:26:20,788 : INFO : EventManager : Event: ======'machine_var_audits_shots_r_s'====== Args={'value': 20, 'prev_value': None, 'change': True}
2024-05-06 08:26:20,788 : INFO : EventManager : Event: ======'machine_var_audits_shots_r_s_fleshy'====== Args={'value': 20, 'prev_value': None, 'change': True}
2024-05-06 08:26:20,788 : INFO : EventManager : Event: ======'machine_var_audits_shots_r_u'====== Args={'value': 4, 'prev_value': None, 'change': True}
2024-05-06 08:26:20,789 : INFO : EventManager : Event: ======'machine_var_audits_switches_s_e'====== Args={'value': 0, 'prev_value': None, 'change': True}
2024-05-06 08:26:20,789 : INFO : EventManager : Event: ======'machine_var_audits_switches_s_flipper_l'====== Args={'value': 17, 'prev_value': None, 'change': True}
2024-05-06 08:26:20,789 : INFO : EventManager : Event: ======'machine_var_audits_switches_s_flipper_r'====== Args={'value': 1, 'prev_value': None, 'change': True}
2024-05-06 08:26:20,789 : INFO : EventManager : Event: ======'machine_var_audits_switches_s_h'====== Args={'value': 0, 'prev_value': None, 'change': True}
2024-05-06 08:26:20,789 : INFO : EventManager : Event: ======'machine_var_audits_switches_s_launch'====== Args={'value': 18, 'prev_value': None, 'change': True}
2024-05-06 08:26:20,789 : INFO : EventManager : Event: ======'machine_var_audits_switches_s_pop'====== Args={'value': 0, 'prev_value': None, 'change': True}
2024-05-06 08:26:20,789 : INFO : EventManager : Event: ======'machine_var_audits_switches_s_ramp_complete'====== Args={'value': 0, 'prev_value': None, 'change': True}
2024-05-06 08:26:20,789 : INFO : EventManager : Event: ======'machine_var_audits_switches_s_ramp_l'====== Args={'value': 0, 'prev_value': None, 'change': True}
2024-05-06 08:26:20,789 : INFO : EventManager : Event: ======'machine_var_audits_switches_s_ramp_r'====== Args={'value': 0, 'prev_value': None, 'change': True}
2024-05-06 08:26:20,789 : INFO : EventManager : Event: ======'machine_var_audits_switches_s_sling_l'====== Args={'value': 0, 'prev_value': None, 'change': True}
2024-05-06 08:26:20,789 : INFO : EventManager : Event: ======'machine_var_audits_switches_s_sling_r'====== Args={'value': 0, 'prev_value': None, 'change': True}
2024-05-06 08:26:20,789 : INFO : EventManager : Event: ======'machine_var_audits_switches_s_spinner'====== Args={'value': 0, 'prev_value': None, 'change': True}
2024-05-06 08:26:20,789 : INFO : EventManager : Event: ======'machine_var_audits_switches_s_start'====== Args={'value': 5, 'prev_value': None, 'change': True}
2024-05-06 08:26:20,789 : INFO : EventManager : Event: ======'machine_var_audits_switches_s_stationary_back'====== Args={'value': 0, 'prev_value': None, 'change': True}
2024-05-06 08:26:20,789 : INFO : EventManager : Event: ======'machine_var_audits_switches_s_stationary_o'====== Args={'value': 53, 'prev_value': None, 'change': True}
2024-05-06 08:26:20,789 : INFO : EventManager : Event: ======'machine_var_audits_switches_s_stationary_s'====== Args={'value': 20, 'prev_value': None, 'change': True}
2024-05-06 08:26:20,790 : INFO : EventManager : Event: ======'machine_var_audits_switches_s_stationary_u'====== Args={'value': 23, 'prev_value': None, 'change': True}
2024-05-06 08:26:20,790 : INFO : EventManager : Event: ======'machine_var_audits_switches_s_tilt_l'====== Args={'value': 0, 'prev_value': None, 'change': True}
2024-05-06 08:26:20,790 : INFO : EventManager : Event: ======'machine_var_audits_switches_s_tilt_r'====== Args={'value': 0, 'prev_value': None, 'change': True}
2024-05-06 08:26:20,790 : INFO : EventManager : Event: ======'machine_var_audits_switches_s_trough_1'====== Args={'value': 5, 'prev_value': None, 'change': True}
2024-05-06 08:26:20,790 : INFO : EventManager : Event: ======'machine_var_audits_switches_s_trough_2'====== Args={'value': 0, 'prev_value': None, 'change': True}
2024-05-06 08:26:20,790 : INFO : EventManager : Event: ======'machine_var_audits_switches_s_trough_3'====== Args={'value': 0, 'prev_value': None, 'change': True}
2024-05-06 08:26:20,790 : INFO : EventManager : Event: ======'machine_var_audits_switches_s_trough_4'====== Args={'value': 1, 'prev_value': None, 'change': True}
2024-05-06 08:26:20,790 : INFO : EventManager : Event: ======'machine_var_audits_switches_s_vuk'====== Args={'value': 6, 'prev_value': None, 'change': True}
2024-05-06 08:26:20,790 : INFO : EventManager : Event: ======'init_phase_5'====== Args={}
2024-05-06 08:26:20,790 : INFO : EventManager : Event: ======'init_done'====== Args={}
2024-05-06 08:26:20,791 : INFO : EventManager : Event: ======'machine_reset_phase_1'====== Args={}
2024-05-06 08:26:20,791 : INFO : EventManager : Event: ======'machine_reset_phase_2'====== Args={}
2024-05-06 08:26:20,791 : INFO : EventManager : Event: ======'machine_reset_phase_3'====== Args={}
2024-05-06 08:26:20,791 : INFO : EventManager : Event: ======'reset_complete'====== Args={}
2024-05-06 08:26:20,791 : INFO : EventManager : Event: ======'mode_attract_will_start'====== Args={}
2024-05-06 08:26:20,791 : INFO : EventManager : Event: ======'mode_attract_starting'====== Args={}
2024-05-06 08:26:20,792 : INFO : Mode.attract : Started. Priority: 10
2024-05-06 08:26:20,792 : INFO : EventManager : Event: ======'modes_active_modes_changed'====== Args={}
2024-05-06 08:26:20,792 : INFO : EventManager : Event: ======'mode_attract_started'====== Args={}
2024-05-06 08:26:20,792 : INFO : EventManager : Event: ======'collecting_balls_complete'====== Args={}
2024-05-06 08:26:20,792 : INFO : Machine : Starting the main run loop.
2024-05-06 08:26:21,194 : INFO : BcpServer : New client connected.
2024-05-06 08:26:27,650 : INFO : SwitchController : <<<<<<< 's_trough_1' active >>>>>>>
2024-05-06 08:26:28,151 : INFO : EventManager : Event: ======'balldevice_bd_trough_ball_count_changed'====== Args={'balls': 1}
2024-05-06 08:26:28,152 : INFO : ball_device.bd_trough : Received unexpected ball
2024-05-06 08:26:28,152 : INFO : EventManager : Event: ======'balldevice_captured_from_playfield'====== Args={'balls': 1}
2024-05-06 08:26:28,152 : INFO : EventManager : Event: ======'sw_playfield_active'====== Args={'balls': 1}
2024-05-06 08:26:28,153 : INFO : EventManager : Event: ======'playfield_active'====== Args={}
2024-05-06 08:26:28,154 : INFO : EventManager : Event: ======'unexpected_ball_on_playfield'====== Args={}
2024-05-06 08:26:28,154 : INFO : EventManager : Event: ======'playfield_ball_count_change'====== Args={'balls': -1, 'change': -1}
2024-05-06 08:26:28,156 : INFO : EventManager : Event: ======'balldevice_playfield_ball_enter'====== Args={'new_balls': 1, 'unclaimed_balls': 1, 'device': <playfield.playfield>}
2024-05-06 08:26:28,156 : INFO : EventManager : Event: ======'playfield_ball_count_change'====== Args={'balls': 0, 'change': 1}
2024-05-06 08:26:28,157 : INFO : BallController : Found a new ball which was captured from playfield. Known balls: 1
2024-05-06 08:26:28,157 : INFO : EventManager : Event: ======'found_new_ball'====== Args={}
2024-05-06 08:26:28,157 : INFO : EventManager : Event: ======'balldevice_bd_trough_ball_enter'====== Args={'new_balls': 1, 'unclaimed_balls': 1, 'new_available_balls': 1, 'device': <ball_device.bd_trough>}
2024-05-06 08:26:28,157 : INFO : EventManager : Event: ======'ball_drain'====== Args={'device': <ball_device.bd_trough>, 'balls': 1}
2024-05-06 08:26:28,158 : INFO : EventManager : Event: ======'balldevice_balls_available'====== Args={}
2024-05-06 08:26:28,158 : INFO : EventManager : Event: ======'balldevice_bd_trough_ball_entered'====== Args={'new_balls': 1, 'device': <ball_device.bd_trough>}
2024-05-06 08:26:28,794 : INFO : SwitchController : <<<<<<< 's_start' active >>>>>>>
2024-05-06 08:26:28,891 : INFO : SwitchController : <<<<<<< 's_start' inactive >>>>>>>
2024-05-06 08:26:28,891 : INFO : EventManager : Event: ======'request_to_start_game'====== Args={}
2024-05-06 08:26:28,892 : INFO : EventManager : Event: ======'game_start'====== Args={'buttons': [], 'hold_time': 0.09730508300000018}
2024-05-06 08:26:28,892 : INFO : EventManager : Event: ======'mode_game_will_start'====== Args={'buttons': [], 'hold_time': 0.09730508300000018}
2024-05-06 08:26:28,893 : INFO : EventManager : Event: ======'mode_game_starting'====== Args={'buttons': [], 'hold_time': 0.09730508300000018}
2024-05-06 08:26:28,893 : INFO : EventManager : Event: ======'mode_attract_will_stop'====== Args={}
2024-05-06 08:26:28,893 : INFO : EventManager : Event: ======'mode_attract_stopping'====== Args={}
2024-05-06 08:26:28,893 : INFO : Mode.attract : Stopped.
2024-05-06 08:26:28,893 : INFO : EventManager : Event: ======'modes_active_modes_changed'====== Args={}
2024-05-06 08:26:28,894 : INFO : EventManager : Event: ======'mode_attract_stopped'====== Args={}
2024-05-06 08:26:28,894 : INFO : EventManager : Event: ======'clear'====== Args={'key': 'attract'}
2024-05-06 08:26:28,895 : INFO : Mode.game : Started. Priority: 20
2024-05-06 08:26:28,895 : INFO : EventManager : Event: ======'modes_active_modes_changed'====== Args={}
2024-05-06 08:26:28,895 : INFO : EventManager : Event: ======'mode_game_started'====== Args={'buttons': [], 'hold_time': 0.09730508300000018}
2024-05-06 08:26:28,895 : INFO : EventManager : Event: ======'game_will_start'====== Args={}
2024-05-06 08:26:28,895 : INFO : EventManager : Event: ======'game_starting'====== Args={'game': <Mode.game>}
2024-05-06 08:26:28,896 : INFO : EventManager : Unordered handler for class <Auditor> on event game_ended with priority 1. Handlers: [RegisteredHandler(callback=<bound method Auditor.disable of <Auditor>>, priority=1, kwargs={}, key=UUID('3954e0f2-e275-4a12-acc3-ebcab4a9a008'), condition=None, blocking_facility=None), RegisteredHandler(callback=<bound method Auditor._save_audits of <Auditor>>, priority=1, kwargs={}, key=UUID('92e977fe-7764-443e-bfa4-fdeb558b066a'), condition=None, blocking_facility=None)]. The order of those handlers is not defined and they will be executed in random order. This might lead to race conditions and potential bugs.
2024-05-06 08:26:28,896 : INFO : EventManager : Event: ======'player_add_request'====== Args={}
2024-05-06 08:26:28,896 : INFO : EventManager : Event: ======'player_will_add'====== Args={'number': 1}
2024-05-06 08:26:28,896 : INFO : EventManager : Event: ======'player_adding'====== Args={'player': <Player 1>, 'number': 1}
2024-05-06 08:26:28,897 : INFO : EventManager : Event: ======'player_added'====== Args={'player': <Player 1>, 'num': 1}
2024-05-06 08:26:28,897 : INFO : Mode.game : Player added successfully. Total players: 1
2024-05-06 08:26:28,897 : INFO : EventManager : Event: ======'player_index'====== Args={'value': 0, 'prev_value': 0, 'change': 0, 'player_num': 1}
2024-05-06 08:26:28,897 : INFO : EventManager : Event: ======'player_number'====== Args={'value': 1, 'prev_value': 1, 'change': 0, 'player_num': 1}
2024-05-06 08:26:28,897 : INFO : EventManager : Event: ======'player_score'====== Args={'value': 0, 'prev_value': 0, 'change': 0, 'player_num': 1}
2024-05-06 08:26:28,898 : INFO : EventManager : Event: ======'game_started'====== Args={}
2024-05-06 08:26:28,898 : INFO : EventManager : Event: ======'player_turn_will_start'====== Args={'player': <Player 1>, 'number': 1}
2024-05-06 08:26:28,900 : INFO : EventManager : Event: ======'player_turn_starting'====== Args={'player': <Player 1>, 'number': 1}
2024-05-06 08:26:28,903 : INFO : EventManager : Event: ======'player_ball'====== Args={'value': 1, 'prev_value': 0, 'change': 1, 'player_num': 1}
2024-05-06 08:26:28,903 : INFO : EventManager : Event: ======'player_turn_started'====== Args={'player': <Player 1>, 'number': 1}
2024-05-06 08:26:28,907 : INFO : EventManager : Event: ======'ball_will_start'====== Args={'player': 1, 'ball': 1, 'balls_remaining': 2, 'is_extra_ball': False}
2024-05-06 08:26:28,907 : INFO : EventManager : Event: ======'ball_starting'====== Args={'player': 1, 'ball': 1, 'balls_remaining': 2, 'is_extra_ball': False}
2024-05-06 08:26:28,907 : INFO : EventManager : Event: ======'mode_base_will_start'====== Args={'queue': <QueuedEvent>, 'player': 1, 'ball': 1, 'balls_remaining': 2, 'is_extra_ball': False}
2024-05-06 08:26:28,907 : INFO : EventManager : Event: ======'player_shot_r_pop_enabled'====== Args={'value': True, 'prev_value': 0, 'change': 1, 'player_num': 1}
2024-05-06 08:26:28,907 : INFO : EventManager : Event: ======'player_shot_r_sling_l_enabled'====== Args={'value': True, 'prev_value': 0, 'change': 1, 'player_num': 1}
2024-05-06 08:26:28,908 : INFO : EventManager : Event: ======'player_shot_r_sling_r_enabled'====== Args={'value': True, 'prev_value': 0, 'change': 1, 'player_num': 1}
2024-05-06 08:26:28,908 : INFO : EventManager : Event: ======'mode_base_starting'====== Args={'queue': <QueuedEvent>, 'player': 1, 'ball': 1, 'balls_remaining': 2, 'is_extra_ball': False}
2024-05-06 08:26:28,908 : INFO : EventManager : Event: ======'waiting_for_launch_press'====== Args={}
2024-05-06 08:26:28,908 : INFO : Mode.base : Started. Priority: 100
2024-05-06 08:26:28,908 : INFO : EventManager : Event: ======'modes_active_modes_changed'====== Args={}
2024-05-06 08:26:28,909 : INFO : EventManager : Event: ======'mode_base_started'====== Args={'queue': <QueuedEvent>, 'player': 1, 'ball': 1, 'balls_remaining': 2, 'is_extra_ball': False}
2024-05-06 08:26:31,712 : INFO : SwitchController : <<<<<<< 's_launch' active >>>>>>>
2024-05-06 08:26:31,712 : INFO : EventManager : Event: ======'e_launch_press'====== Args={}
2024-05-06 08:26:31,713 : INFO : EventManager : Event: ======'machine_var_audits_switches_s_launch'====== Args={'value': 19, 'prev_value': 18, 'change': 1}
2024-05-06 08:26:31,714 : INFO : EventManager : Event: ======'balls_in_play'====== Args={'balls': 1}
2024-05-06 08:26:31,715 : INFO : EventManager : Event: ======'ball_started'====== Args={'player': 1, 'ball': 1, 'balls_remaining': 2, 'is_extra_ball': False}
2024-05-06 08:26:31,719 : INFO : EventManager : Event: ======'mode_lane_rotate_will_start'====== Args={'player': 1, 'ball': 1, 'balls_remaining': 2, 'is_extra_ball': False}
2024-05-06 08:26:31,720 : INFO : EventManager : Event: ======'player_shot_r_h_enabled'====== Args={'value': True, 'prev_value': 0, 'change': 1, 'player_num': 1}
2024-05-06 08:26:31,721 : INFO : EventManager : Event: ======'player_shot_r_o_enabled'====== Args={'value': True, 'prev_value': 0, 'change': 1, 'player_num': 1}
2024-05-06 08:26:31,722 : INFO : EventManager : Event: ======'player_shot_r_u_enabled'====== Args={'value': True, 'prev_value': 0, 'change': 1, 'player_num': 1}
2024-05-06 08:26:31,722 : INFO : EventManager : Event: ======'player_shot_r_s_enabled'====== Args={'value': True, 'prev_value': 0, 'change': 1, 'player_num': 1}
2024-05-06 08:26:31,723 : INFO : EventManager : Event: ======'player_shot_r_e_enabled'====== Args={'value': True, 'prev_value': 0, 'change': 1, 'player_num': 1}
2024-05-06 08:26:31,727 : INFO : EventManager : Event: ======'mode_lane_rotate_starting'====== Args={'player': 1, 'ball': 1, 'balls_remaining': 2, 'is_extra_ball': False}
2024-05-06 08:26:31,727 : INFO : EventManager : Event: ======'mode_mult_fleshy_qualify_will_start'====== Args={'player': 1, 'ball': 1, 'balls_remaining': 2, 'is_extra_ball': False}
2024-05-06 08:26:31,728 : INFO : EventManager : Event: ======'player_shot_r_o_fleshy_enabled'====== Args={'value': True, 'prev_value': 0, 'change': 1, 'player_num': 1}
2024-05-06 08:26:31,728 : INFO : EventManager : Event: ======'player_shot_r_s_fleshy_enabled'====== Args={'value': True, 'prev_value': 0, 'change': 1, 'player_num': 1}
2024-05-06 08:26:31,729 : INFO : EventManager : Event: ======'fleshy_shots_complete'====== Args={'state': 'unlit'}
2024-05-06 08:26:31,729 : INFO : EventManager : Event: ======'fleshy_shots_unlit_complete'====== Args={}
2024-05-06 08:26:31,729 : INFO : EventManager : Event: ======'mode_mult_fleshy_qualify_starting'====== Args={'player': 1, 'ball': 1, 'balls_remaining': 2, 'is_extra_ball': False}
2024-05-06 08:26:31,730 : INFO : Mode.mult_fleshy_qualify : Started. Priority: 100
2024-05-06 08:26:31,730 : INFO : EventManager : Event: ======'modes_active_modes_changed'====== Args={}
2024-05-06 08:26:31,730 : INFO : EventManager : Event: ======'mode_mult_fleshy_qualify_started'====== Args={'player': 1, 'ball': 1, 'balls_remaining': 2, 'is_extra_ball': False}
2024-05-06 08:26:31,731 : INFO : Mode.lane_rotate : Started. Priority: 100
2024-05-06 08:26:31,731 : INFO : EventManager : Event: ======'modes_active_modes_changed'====== Args={}
2024-05-06 08:26:31,731 : INFO : EventManager : Event: ======'mode_lane_rotate_started'====== Args={'player': 1, 'ball': 1, 'balls_remaining': 2, 'is_extra_ball': False}
2024-05-06 08:26:31,732 : INFO : EventManager : Event: ======'single_player_ball_started'====== Args={}
2024-05-06 08:26:31,737 : INFO : EventManager : Event: ======'ball_start_target'====== Args={'target': 'playfield'}
2024-05-06 08:26:31,738 : INFO : ball_device.bd_trough : Setting up player-controlled eject. Balls: 1, Target: <playfield.playfield>, player_controlled_eject_event: None
2024-05-06 08:26:31,738 : INFO : ball_device.bd_trough : Adding 1 ball(s) to the eject_queue with target <playfield.playfield>.
2024-05-06 08:26:31,738 : INFO : EventManager : Event: ======'balldevice_balls_available'====== Args={}
2024-05-06 08:26:31,739 : INFO : ball_device.bd_trough : State: waiting_for_target_ready
2024-05-06 08:26:31,739 : INFO : EventManager : Event: ======'balldevice_bd_trough_ball_eject_attempt'====== Args={'balls': 1, 'target': <playfield.playfield>, 'source': <ball_device.bd_trough>, 'mechanical_eject': False, 'num_attempts': 0}
2024-05-06 08:26:31,739 : INFO : ball_device.bd_trough : State: ejecting
2024-05-06 08:26:31,739 : INFO : ball_device.bd_trough : Ejecting ball to <playfield.playfield>
2024-05-06 08:26:31,739 : INFO : EventManager : Event: ======'balldevice_bd_trough_ejecting_ball'====== Args={'balls': 1, 'target': <playfield.playfield>, 'source': <ball_device.bd_trough>, 'mechanical_eject': False, 'num_attempts': 0}
2024-05-06 08:26:31,740 : INFO : ball_device.bd_trough : Wait for ball to leave device
2024-05-06 08:26:31,740 : INFO : coil.c_trough : Pulsing Driver for 10ms (1.0 pulse_power)
2024-05-06 08:26:31,840 : INFO : SwitchController : <<<<<<< 's_launch' inactive >>>>>>>
2024-05-06 08:26:33,740 : INFO : EventManager : Event: ======'balldevice_bd_trough_ball_eject_failed'====== Args={'target': <playfield.playfield>, 'balls': 1, 'retry': True, 'num_attempts': 1}
2024-05-06 08:26:33,743 : INFO : ball_device.bd_trough : State: waiting_for_target_ready
2024-05-06 08:26:33,743 : INFO : EventManager : Event: ======'balldevice_bd_trough_ball_eject_attempt'====== Args={'balls': 1, 'target': <playfield.playfield>, 'source': <ball_device.bd_trough>, 'mechanical_eject': False, 'num_attempts': 1}
2024-05-06 08:26:33,744 : INFO : ball_device.bd_trough : State: ejecting
2024-05-06 08:26:33,745 : INFO : ball_device.bd_trough : Ejecting ball to <playfield.playfield>
2024-05-06 08:26:33,745 : INFO : EventManager : Event: ======'balldevice_bd_trough_ejecting_ball'====== Args={'balls': 1, 'target': <playfield.playfield>, 'source': <ball_device.bd_trough>, 'mechanical_eject': False, 'num_attempts': 1}
2024-05-06 08:26:33,746 : INFO : ball_device.bd_trough : Wait for ball to leave device
2024-05-06 08:26:33,746 : INFO : coil.c_trough : Pulsing Driver for 10ms (1.0 pulse_power)
2024-05-06 08:26:34,082 : INFO : SwitchController : <<<<<<< 's_trough_1' inactive >>>>>>>
2024-05-06 08:26:34,082 : INFO : ball_device.bd_trough : State: ball_left
2024-05-06 08:26:34,083 : INFO : ball_device.bd_trough : Ball left
2024-05-06 08:26:34,083 : INFO : ball_device.bd_trough : Wait for confirm with timeout 2.0
2024-05-06 08:26:36,084 : INFO : ball_device.bd_trough : State: failed_confirm
2024-05-06 08:26:36,085 : INFO : ball_device.bd_trough : Got timeout (2.0s) before confirm from <playfield.playfield>
2024-05-06 08:26:36,185 : INFO : ball_device.bd_trough : Confirming eject because target is playfield and ball did not return.
2024-05-06 08:26:36,186 : INFO : ball_device.bd_trough : Eject successful
2024-05-06 08:26:36,186 : INFO : EventManager : Event: ======'balldevice_bd_trough_ball_eject_success'====== Args={'balls': 1, 'target': <playfield.playfield>}
2024-05-06 08:26:36,187 : INFO : EventManager : Event: ======'balldevice_playfield_ball_enter'====== Args={'new_balls': 1, 'unclaimed_balls': 1, 'device': <playfield.playfield>}
2024-05-06 08:26:36,187 : INFO : EventManager : Event: ======'playfield_ball_count_change'====== Args={'balls': 1, 'change': 1}
2024-05-06 08:26:36,188 : INFO : EventManager : Event: ======'balldevice_bd_trough_ball_count_changed'====== Args={'balls': 0}
2024-05-06 08:26:36,188 : INFO : ball_device.bd_trough : State: idle
2024-05-06 08:26:36,811 : INFO : SwitchController : <<<<<<< 's_stationary_o' active >>>>>>>
2024-05-06 08:26:36,811 : INFO : EventManager : Event: ======'s_stationary_o_active'====== Args={}
2024-05-06 08:26:36,811 : INFO : EventManager : Event: ======'sw_playfield_active'====== Args={}
2024-05-06 08:26:36,812 : INFO : EventManager : Event: ======'machine_var_audits_switches_s_stationary_o'====== Args={'value': 54, 'prev_value': 53, 'change': 1}
2024-05-06 08:26:36,812 : INFO : EventManager : Event: ======'player_shot_r_o'====== Args={'value': 1, 'prev_value': 0, 'change': 1, 'player_num': 1}
2024-05-06 08:26:36,813 : INFO : EventManager : Event: ======'machine_var_audits_shots_r_o'====== Args={'value': 53, 'prev_value': 52, 'change': 1}
2024-05-06 08:26:36,814 : INFO : EventManager : Event: ======'r_o_hit'====== Args={'profile': 'rotate_profile', 'state': None, 'advancing': True}
2024-05-06 08:26:36,818 : INFO : EventManager : Event: ======'r_o_rotate_profile_hit'====== Args={'profile': 'rotate_profile', 'state': None, 'advancing': True}
2024-05-06 08:26:36,818 : INFO : EventManager : Event: ======'r_o_rotate_profile_None_hit'====== Args={'profile': 'rotate_profile', 'state': None, 'advancing': True}
2024-05-06 08:26:36,819 : INFO : EventManager : Event: ======'r_o_None_hit'====== Args={'profile': 'rotate_profile', 'state': None, 'advancing': True}
2024-05-06 08:26:36,819 : INFO : EventManager : Event: ======'player_shot_r_o_fleshy'====== Args={'value': 1, 'prev_value': 0, 'change': 1, 'player_num': 1}
2024-05-06 08:26:36,820 : INFO : EventManager : Event: ======'machine_var_audits_shots_r_o_fleshy'====== Args={'value': 50, 'prev_value': 49, 'change': 1}
2024-05-06 08:26:36,820 : INFO : EventManager : Event: ======'r_o_fleshy_hit'====== Args={'profile': 'fleshy_profile', 'state': 'unlit', 'advancing': True}
2024-05-06 08:26:36,820 : INFO : EventManager : Event: ======'r_o_fleshy_fleshy_profile_hit'====== Args={'profile': 'fleshy_profile', 'state': 'unlit', 'advancing': True}
2024-05-06 08:26:36,820 : INFO : EventManager : Event: ======'r_o_fleshy_fleshy_profile_unlit_hit'====== Args={'profile': 'fleshy_profile', 'state': 'unlit', 'advancing': True}
2024-05-06 08:26:36,820 : INFO : EventManager : Event: ======'r_o_fleshy_unlit_hit'====== Args={'profile': 'fleshy_profile', 'state': 'unlit', 'advancing': True}
2024-05-06 08:26:36,821 : INFO : EventManager : Event: ======'player_score'====== Args={'value': 100, 'prev_value': 0, 'change': 100, 'player_num': 1, 'source': 'lane_rotate'}
2024-05-06 08:26:36,821 : INFO : EventManager : Event: ======'rotate_group_hit'====== Args={}
2024-05-06 08:26:36,821 : INFO : EventManager : Event: ======'rotate_group_None_hit'====== Args={}
2024-05-06 08:26:36,823 : INFO : EventManager : Event: ======'fleshy_shots_hit'====== Args={}
2024-05-06 08:26:36,823 : INFO : EventManager : Event: ======'fleshy_shots_unlit_hit'====== Args={}
2024-05-06 08:26:36,946 : INFO : SwitchController : <<<<<<< 's_stationary_o' inactive >>>>>>>
2024-05-06 08:26:37,661 : INFO : SwitchController : <<<<<<< 's_stationary_o' active >>>>>>>
2024-05-06 08:26:37,662 : INFO : EventManager : Event: ======'s_stationary_o_active'====== Args={}
2024-05-06 08:26:37,662 : INFO : EventManager : Event: ======'sw_playfield_active'====== Args={}
2024-05-06 08:26:37,662 : INFO : EventManager : Event: ======'machine_var_audits_switches_s_stationary_o'====== Args={'value': 55, 'prev_value': 54, 'change': 1}
2024-05-06 08:26:37,663 : INFO : EventManager : Event: ======'machine_var_audits_shots_r_o'====== Args={'value': 54, 'prev_value': 53, 'change': 1}
2024-05-06 08:26:37,664 : INFO : EventManager : Event: ======'r_o_hit'====== Args={'profile': 'rotate_profile', 'state': 'hit', 'advancing': False}
2024-05-06 08:26:37,664 : INFO : EventManager : Event: ======'r_o_rotate_profile_hit'====== Args={'profile': 'rotate_profile', 'state': 'hit', 'advancing': False}
2024-05-06 08:26:37,665 : INFO : EventManager : Event: ======'r_o_rotate_profile_hit_hit'====== Args={'profile': 'rotate_profile', 'state': 'hit', 'advancing': False}
2024-05-06 08:26:37,665 : INFO : EventManager : Event: ======'r_o_hit_hit'====== Args={'profile': 'rotate_profile', 'state': 'hit', 'advancing': False}
2024-05-06 08:26:37,665 : INFO : EventManager : Event: ======'player_shot_r_o_fleshy'====== Args={'value': 2, 'prev_value': 1, 'change': 1, 'player_num': 1}
2024-05-06 08:26:37,666 : INFO : EventManager : Event: ======'machine_var_audits_shots_r_o_fleshy'====== Args={'value': 51, 'prev_value': 50, 'change': 1}
2024-05-06 08:26:37,667 : INFO : EventManager : Event: ======'r_o_fleshy_hit'====== Args={'profile': 'fleshy_profile', 'state': 'light1lit', 'advancing': True}
2024-05-06 08:26:37,668 : INFO : EventManager : Event: ======'r_o_fleshy_fleshy_profile_hit'====== Args={'profile': 'fleshy_profile', 'state': 'light1lit', 'advancing': True}
2024-05-06 08:26:37,669 : INFO : EventManager : Event: ======'r_o_fleshy_fleshy_profile_light1lit_hit'====== Args={'profile': 'fleshy_profile', 'state': 'light1lit', 'advancing': True}
2024-05-06 08:26:37,669 : INFO : EventManager : Event: ======'r_o_fleshy_light1lit_hit'====== Args={'profile': 'fleshy_profile', 'state': 'light1lit', 'advancing': True}
2024-05-06 08:26:37,669 : INFO : EventManager : Event: ======'player_score'====== Args={'value': 200, 'prev_value': 100, 'change': 100, 'player_num': 1, 'source': 'lane_rotate'}
2024-05-06 08:26:37,670 : INFO : EventManager : Event: ======'rotate_group_hit'====== Args={}
2024-05-06 08:26:37,670 : INFO : EventManager : Event: ======'rotate_group_hit_hit'====== Args={}
2024-05-06 08:26:37,672 : INFO : EventManager : Event: ======'fleshy_shots_hit'====== Args={}
2024-05-06 08:26:37,672 : INFO : EventManager : Event: ======'fleshy_shots_light1lit_hit'====== Args={}
2024-05-06 08:26:37,782 : INFO : SwitchController : <<<<<<< 's_stationary_o' inactive >>>>>>>
2024-05-06 08:26:38,094 : INFO : SwitchController : <<<<<<< 's_stationary_o' active >>>>>>>
2024-05-06 08:26:38,095 : INFO : EventManager : Event: ======'s_stationary_o_active'====== Args={}
2024-05-06 08:26:38,095 : INFO : EventManager : Event: ======'sw_playfield_active'====== Args={}
2024-05-06 08:26:38,096 : INFO : EventManager : Event: ======'machine_var_audits_switches_s_stationary_o'====== Args={'value': 56, 'prev_value': 55, 'change': 1}
2024-05-06 08:26:38,097 : INFO : EventManager : Event: ======'machine_var_audits_shots_r_o'====== Args={'value': 55, 'prev_value': 54, 'change': 1}
2024-05-06 08:26:38,097 : INFO : EventManager : Event: ======'r_o_hit'====== Args={'profile': 'rotate_profile', 'state': 'hit', 'advancing': False}
2024-05-06 08:26:38,098 : INFO : EventManager : Event: ======'r_o_rotate_profile_hit'====== Args={'profile': 'rotate_profile', 'state': 'hit', 'advancing': False}
2024-05-06 08:26:38,098 : INFO : EventManager : Event: ======'r_o_rotate_profile_hit_hit'====== Args={'profile': 'rotate_profile', 'state': 'hit', 'advancing': False}
2024-05-06 08:26:38,098 : INFO : EventManager : Event: ======'r_o_hit_hit'====== Args={'profile': 'rotate_profile', 'state': 'hit', 'advancing': False}
2024-05-06 08:26:38,098 : INFO : EventManager : Event: ======'player_shot_r_o_fleshy'====== Args={'value': 3, 'prev_value': 2, 'change': 1, 'player_num': 1}
2024-05-06 08:26:38,099 : INFO : EventManager : Event: ======'machine_var_audits_shots_r_o_fleshy'====== Args={'value': 52, 'prev_value': 51, 'change': 1}
2024-05-06 08:26:38,100 : INFO : EventManager : Event: ======'r_o_fleshy_hit'====== Args={'profile': 'fleshy_profile', 'state': 'light2lit', 'advancing': True}
2024-05-06 08:26:38,100 : INFO : EventManager : Event: ======'r_o_fleshy_fleshy_profile_hit'====== Args={'profile': 'fleshy_profile', 'state': 'light2lit', 'advancing': True}
2024-05-06 08:26:38,100 : INFO : EventManager : Event: ======'r_o_fleshy_fleshy_profile_light2lit_hit'====== Args={'profile': 'fleshy_profile', 'state': 'light2lit', 'advancing': True}
2024-05-06 08:26:38,100 : INFO : EventManager : Event: ======'r_o_fleshy_light2lit_hit'====== Args={'profile': 'fleshy_profile', 'state': 'light2lit', 'advancing': True}
2024-05-06 08:26:38,100 : INFO : EventManager : Event: ======'player_score'====== Args={'value': 300, 'prev_value': 200, 'change': 100, 'player_num': 1, 'source': 'lane_rotate'}
2024-05-06 08:26:38,101 : INFO : EventManager : Event: ======'rotate_group_hit'====== Args={}
2024-05-06 08:26:38,101 : INFO : EventManager : Event: ======'rotate_group_hit_hit'====== Args={}
2024-05-06 08:26:38,104 : INFO : EventManager : Event: ======'fleshy_shots_hit'====== Args={}
2024-05-06 08:26:38,104 : INFO : EventManager : Event: ======'fleshy_shots_light2lit_hit'====== Args={}
2024-05-06 08:26:38,226 : INFO : SwitchController : <<<<<<< 's_stationary_o' inactive >>>>>>>
2024-05-06 08:26:39,327 : INFO : SwitchController : <<<<<<< 's_stationary_s' active >>>>>>>
2024-05-06 08:26:39,328 : INFO : EventManager : Event: ======'s_stationary_s_active'====== Args={}
2024-05-06 08:26:39,328 : INFO : EventManager : Event: ======'sw_playfield_active'====== Args={}
2024-05-06 08:26:39,328 : INFO : EventManager : Event: ======'machine_var_audits_switches_s_stationary_s'====== Args={'value': 21, 'prev_value': 20, 'change': 1}
2024-05-06 08:26:39,329 : INFO : EventManager : Event: ======'player_shot_r_s'====== Args={'value': 1, 'prev_value': 0, 'change': 1, 'player_num': 1}
2024-05-06 08:26:39,330 : INFO : EventManager : Event: ======'machine_var_audits_shots_r_s'====== Args={'value': 21, 'prev_value': 20, 'change': 1}
2024-05-06 08:26:39,330 : INFO : EventManager : Event: ======'r_s_hit'====== Args={'profile': 'rotate_profile', 'state': None, 'advancing': True}
2024-05-06 08:26:39,330 : INFO : EventManager : Event: ======'r_s_rotate_profile_hit'====== Args={'profile': 'rotate_profile', 'state': None, 'advancing': True}
2024-05-06 08:26:39,331 : INFO : EventManager : Event: ======'r_s_rotate_profile_None_hit'====== Args={'profile': 'rotate_profile', 'state': None, 'advancing': True}
2024-05-06 08:26:39,331 : INFO : EventManager : Event: ======'r_s_None_hit'====== Args={'profile': 'rotate_profile', 'state': None, 'advancing': True}
2024-05-06 08:26:39,331 : INFO : EventManager : Event: ======'player_shot_r_s_fleshy'====== Args={'value': 1, 'prev_value': 0, 'change': 1, 'player_num': 1}
2024-05-06 08:26:39,332 : INFO : EventManager : Event: ======'machine_var_audits_shots_r_s_fleshy'====== Args={'value': 21, 'prev_value': 20, 'change': 1}
2024-05-06 08:26:39,332 : INFO : EventManager : Event: ======'r_s_fleshy_hit'====== Args={'profile': 'fleshy_profile', 'state': 'unlit', 'advancing': True}
2024-05-06 08:26:39,332 : INFO : EventManager : Event: ======'r_s_fleshy_fleshy_profile_hit'====== Args={'profile': 'fleshy_profile', 'state': 'unlit', 'advancing': True}
2024-05-06 08:26:39,333 : INFO : EventManager : Event: ======'r_s_fleshy_fleshy_profile_unlit_hit'====== Args={'profile': 'fleshy_profile', 'state': 'unlit', 'advancing': True}
2024-05-06 08:26:39,333 : INFO : EventManager : Event: ======'r_s_fleshy_unlit_hit'====== Args={'profile': 'fleshy_profile', 'state': 'unlit', 'advancing': True}
2024-05-06 08:26:39,333 : INFO : EventManager : Event: ======'player_score'====== Args={'value': 400, 'prev_value': 300, 'change': 100, 'player_num': 1, 'source': 'lane_rotate'}
2024-05-06 08:26:39,333 : INFO : EventManager : Event: ======'rotate_group_hit'====== Args={}
2024-05-06 08:26:39,333 : INFO : EventManager : Event: ======'rotate_group_None_hit'====== Args={}
2024-05-06 08:26:39,335 : INFO : EventManager : Event: ======'fleshy_shots_hit'====== Args={}
2024-05-06 08:26:39,335 : INFO : EventManager : Event: ======'fleshy_shots_unlit_hit'====== Args={}
2024-05-06 08:26:39,445 : INFO : SwitchController : <<<<<<< 's_stationary_s' inactive >>>>>>>
2024-05-06 08:26:39,677 : INFO : SwitchController : <<<<<<< 's_stationary_s' active >>>>>>>
2024-05-06 08:26:39,678 : INFO : EventManager : Event: ======'s_stationary_s_active'====== Args={}
2024-05-06 08:26:39,678 : INFO : EventManager : Event: ======'sw_playfield_active'====== Args={}
2024-05-06 08:26:39,678 : INFO : EventManager : Event: ======'machine_var_audits_switches_s_stationary_s'====== Args={'value': 22, 'prev_value': 21, 'change': 1}
2024-05-06 08:26:39,679 : INFO : EventManager : Event: ======'machine_var_audits_shots_r_s'====== Args={'value': 22, 'prev_value': 21, 'change': 1}
2024-05-06 08:26:39,679 : INFO : EventManager : Event: ======'r_s_hit'====== Args={'profile': 'rotate_profile', 'state': 'hit', 'advancing': False}
2024-05-06 08:26:39,680 : INFO : EventManager : Event: ======'r_s_rotate_profile_hit'====== Args={'profile': 'rotate_profile', 'state': 'hit', 'advancing': False}
2024-05-06 08:26:39,680 : INFO : EventManager : Event: ======'r_s_rotate_profile_hit_hit'====== Args={'profile': 'rotate_profile', 'state': 'hit', 'advancing': False}
2024-05-06 08:26:39,680 : INFO : EventManager : Event: ======'r_s_hit_hit'====== Args={'profile': 'rotate_profile', 'state': 'hit', 'advancing': False}
2024-05-06 08:26:39,680 : INFO : EventManager : Event: ======'player_shot_r_s_fleshy'====== Args={'value': 2, 'prev_value': 1, 'change': 1, 'player_num': 1}
2024-05-06 08:26:39,681 : INFO : EventManager : Event: ======'machine_var_audits_shots_r_s_fleshy'====== Args={'value': 22, 'prev_value': 21, 'change': 1}
2024-05-06 08:26:39,681 : INFO : EventManager : Event: ======'r_s_fleshy_hit'====== Args={'profile': 'fleshy_profile', 'state': 'light1lit', 'advancing': True}
2024-05-06 08:26:39,681 : INFO : EventManager : Event: ======'r_s_fleshy_fleshy_profile_hit'====== Args={'profile': 'fleshy_profile', 'state': 'light1lit', 'advancing': True}
2024-05-06 08:26:39,682 : INFO : EventManager : Event: ======'r_s_fleshy_fleshy_profile_light1lit_hit'====== Args={'profile': 'fleshy_profile', 'state': 'light1lit', 'advancing': True}
2024-05-06 08:26:39,682 : INFO : EventManager : Event: ======'r_s_fleshy_light1lit_hit'====== Args={'profile': 'fleshy_profile', 'state': 'light1lit', 'advancing': True}
2024-05-06 08:26:39,682 : INFO : EventManager : Event: ======'player_score'====== Args={'value': 500, 'prev_value': 400, 'change': 100, 'player_num': 1, 'source': 'lane_rotate'}
2024-05-06 08:26:39,682 : INFO : EventManager : Event: ======'rotate_group_hit'====== Args={}
2024-05-06 08:26:39,682 : INFO : EventManager : Event: ======'rotate_group_hit_hit'====== Args={}
2024-05-06 08:26:39,684 : INFO : EventManager : Event: ======'fleshy_shots_hit'====== Args={}
2024-05-06 08:26:39,684 : INFO : EventManager : Event: ======'fleshy_shots_light1lit_hit'====== Args={}
2024-05-06 08:26:39,795 : INFO : SwitchController : <<<<<<< 's_stationary_s' inactive >>>>>>>
2024-05-06 08:26:39,991 : INFO : SwitchController : <<<<<<< 's_stationary_s' active >>>>>>>
2024-05-06 08:26:39,991 : INFO : EventManager : Event: ======'s_stationary_s_active'====== Args={}
2024-05-06 08:26:39,991 : INFO : EventManager : Event: ======'sw_playfield_active'====== Args={}
2024-05-06 08:26:39,992 : INFO : EventManager : Event: ======'machine_var_audits_switches_s_stationary_s'====== Args={'value': 23, 'prev_value': 22, 'change': 1}
2024-05-06 08:26:39,992 : INFO : EventManager : Event: ======'machine_var_audits_shots_r_s'====== Args={'value': 23, 'prev_value': 22, 'change': 1}
2024-05-06 08:26:39,993 : INFO : EventManager : Event: ======'r_s_hit'====== Args={'profile': 'rotate_profile', 'state': 'hit', 'advancing': False}
2024-05-06 08:26:39,993 : INFO : EventManager : Event: ======'r_s_rotate_profile_hit'====== Args={'profile': 'rotate_profile', 'state': 'hit', 'advancing': False}
2024-05-06 08:26:39,993 : INFO : EventManager : Event: ======'r_s_rotate_profile_hit_hit'====== Args={'profile': 'rotate_profile', 'state': 'hit', 'advancing': False}
2024-05-06 08:26:39,993 : INFO : EventManager : Event: ======'r_s_hit_hit'====== Args={'profile': 'rotate_profile', 'state': 'hit', 'advancing': False}
2024-05-06 08:26:39,993 : INFO : EventManager : Event: ======'player_shot_r_s_fleshy'====== Args={'value': 3, 'prev_value': 2, 'change': 1, 'player_num': 1}
2024-05-06 08:26:39,994 : INFO : EventManager : Event: ======'machine_var_audits_shots_r_s_fleshy'====== Args={'value': 23, 'prev_value': 22, 'change': 1}
2024-05-06 08:26:39,994 : INFO : EventManager : Event: ======'r_s_fleshy_hit'====== Args={'profile': 'fleshy_profile', 'state': 'light2lit', 'advancing': True}
2024-05-06 08:26:39,994 : INFO : EventManager : Event: ======'r_s_fleshy_fleshy_profile_hit'====== Args={'profile': 'fleshy_profile', 'state': 'light2lit', 'advancing': True}
2024-05-06 08:26:39,995 : INFO : EventManager : Event: ======'r_s_fleshy_fleshy_profile_light2lit_hit'====== Args={'profile': 'fleshy_profile', 'state': 'light2lit', 'advancing': True}
2024-05-06 08:26:39,995 : INFO : EventManager : Event: ======'r_s_fleshy_light2lit_hit'====== Args={'profile': 'fleshy_profile', 'state': 'light2lit', 'advancing': True}
2024-05-06 08:26:39,995 : INFO : EventManager : Event: ======'player_score'====== Args={'value': 600, 'prev_value': 500, 'change': 100, 'player_num': 1, 'source': 'lane_rotate'}
2024-05-06 08:26:39,995 : INFO : EventManager : Event: ======'rotate_group_hit'====== Args={}
2024-05-06 08:26:39,995 : INFO : EventManager : Event: ======'rotate_group_hit_hit'====== Args={}
2024-05-06 08:26:39,996 : INFO : EventManager : Event: ======'fleshy_shots_complete'====== Args={'state': 'light3lit'}
2024-05-06 08:26:39,996 : INFO : EventManager : Event: ======'fleshy_shots_light3lit_complete'====== Args={}
2024-05-06 08:26:39,997 : INFO : EventManager : Event: ======'mult_fleshy_start'====== Args={'priority': 0}
2024-05-06 08:26:39,997 : INFO : EventManager : Event: ======'fleshy_qualify_stop'====== Args={'priority': 0}
2024-05-06 08:26:39,998 : INFO : EventManager : Event: ======'mode_mult_fleshy_will_start'====== Args={'priority': 0}
2024-05-06 08:26:39,998 : INFO : EventManager : Event: ======'mode_mult_fleshy_starting'====== Args={'priority': 0}
2024-05-06 08:26:39,999 : INFO : EventManager : Event: ======'mode_mult_fleshy_qualify_will_stop'====== Args={}
2024-05-06 08:26:39,999 : INFO : EventManager : Event: ======'mode_mult_fleshy_qualify_stopping'====== Args={}
2024-05-06 08:26:39,999 : INFO : EventManager : Event: ======'fleshy_shots_hit'====== Args={}
2024-05-06 08:26:39,999 : INFO : EventManager : Event: ======'fleshy_shots_light2lit_hit'====== Args={}
2024-05-06 08:26:39,999 : INFO : Mode.mult_fleshy_qualify : Stopped.
2024-05-06 08:26:39,999 : INFO : EventManager : Event: ======'modes_active_modes_changed'====== Args={}
2024-05-06 08:26:40,000 : INFO : EventManager : Event: ======'mode_mult_fleshy_qualify_stopped'====== Args={}
2024-05-06 08:26:40,000 : INFO : EventManager : Event: ======'clear'====== Args={'key': 'mult_fleshy_qualify'}
2024-05-06 08:26:40,000 : INFO : Mode.mult_fleshy : Started. Priority: 100
2024-05-06 08:26:40,000 : INFO : EventManager : Event: ======'modes_active_modes_changed'====== Args={}
2024-05-06 08:26:40,000 : INFO : EventManager : Event: ======'mode_mult_fleshy_started'====== Args={'priority': 0}
2024-05-06 08:26:40,001 : INFO : EventManager : Event: ======'ball_save_fleshy_save_enabled'====== Args={}
2024-05-06 08:26:40,001 : WARNING : Mode.game : Balls in play have been capped by num_balls_known.
2024-05-06 08:26:40,001 : INFO : EventManager : Event: ======'balls_in_play'====== Args={'balls': 1}
2024-05-06 08:26:40,001 : INFO : ball_device.bd_trough : Adding 1 ball(s) to the eject_queue with target <playfield.playfield>.
2024-05-06 08:26:40,002 : INFO : EventManager : Event: ======'multiball_fleshy_multiball_shoot_again_ended'====== Args={}
2024-05-06 08:26:40,002 : INFO : EventManager : Event: ======'multiball_fleshy_multiball_started'====== Args={'balls': 2}
2024-05-06 08:26:40,002 : INFO : EventManager : Event: ======'ball_save_fleshy_save_timer_start'====== Args={}
2024-05-06 08:26:40,141 : INFO : SwitchController : <<<<<<< 's_stationary_s' inactive >>>>>>>
2024-05-06 08:26:48,003 : INFO : EventManager : Event: ======'ball_save_fleshy_save_hurry_up'====== Args={}
2024-05-06 08:26:50,004 : INFO : EventManager : Event: ======'ball_save_fleshy_save_disabled'====== Args={}
2024-05-06 10:19:20,471 : INFO : Machine : Shutting down...
2024-05-06 10:19:20,472 : INFO : EventManager : Event: ======'shutdown'====== Args={}
2024-05-06 10:19:20,477 : INFO : EventManager : Event: ======'mode_game_will_stop'====== Args={}
2024-05-06 10:19:20,477 : INFO : EventManager : Event: ======'mode_game_stopping'====== Args={}
2024-05-06 10:19:20,478 : INFO : EventManager : Event: ======'mode_lane_rotate_will_stop'====== Args={}
2024-05-06 10:19:20,478 : INFO : EventManager : Event: ======'mode_lane_rotate_stopping'====== Args={}
2024-05-06 10:19:20,478 : INFO : EventManager : Event: ======'mode_base_will_stop'====== Args={}
2024-05-06 10:19:20,478 : INFO : EventManager : Event: ======'mode_base_stopping'====== Args={}
2024-05-06 10:19:20,478 : INFO : EventManager : Event: ======'mode_mult_fleshy_will_stop'====== Args={}
2024-05-06 10:19:20,479 : INFO : EventManager : Event: ======'mode_mult_fleshy_stopping'====== Args={}
2024-05-06 10:19:20,479 : INFO : Mode.mult_fleshy : Stopped.
2024-05-06 10:19:20,479 : INFO : EventManager : Event: ======'modes_active_modes_changed'====== Args={}
2024-05-06 10:19:20,479 : INFO : EventManager : Event: ======'mode_mult_fleshy_stopped'====== Args={}
2024-05-06 10:19:20,479 : INFO : EventManager : Event: ======'clear'====== Args={'key': 'mult_fleshy'}
2024-05-06 10:19:20,480 : INFO : Mode.base : Stopped.
2024-05-06 10:19:20,480 : INFO : EventManager : Event: ======'modes_active_modes_changed'====== Args={}
2024-05-06 10:19:20,480 : INFO : EventManager : Event: ======'mode_base_stopped'====== Args={}
2024-05-06 10:19:20,480 : INFO : EventManager : Event: ======'clear'====== Args={'key': 'base'}
2024-05-06 10:19:20,481 : INFO : Mode.lane_rotate : Stopped.
2024-05-06 10:19:20,481 : INFO : EventManager : Event: ======'modes_active_modes_changed'====== Args={}
2024-05-06 10:19:20,481 : INFO : EventManager : Event: ======'mode_lane_rotate_stopped'====== Args={}
2024-05-06 10:19:20,481 : INFO : EventManager : Event: ======'clear'====== Args={'key': 'lane_rotate'}
2024-05-06 10:19:20,482 : INFO : Mode.game : Stopped.
2024-05-06 10:19:20,482 : INFO : EventManager : Event: ======'modes_active_modes_changed'====== Args={}
2024-05-06 10:19:20,482 : INFO : EventManager : Event: ======'mode_game_stopped'====== Args={}
2024-05-06 10:19:20,482 : INFO : EventManager : Event: ======'clear'====== Args={'key': 'game'}
2024-05-06 10:19:20,484 : INFO : root : MPF run loop ended.
