2025-04-19 14:58:18,610 : INFO : root : Loading config.
2025-04-19 14:58:18,613 : INFO : YamlMultifileConfigLoader : Machine config file #1: config.yaml
2025-04-19 14:58:18,613 : INFO : ConfigProcessor : Loading config from cache: /var/folders/l2/q8hj_6s91xnb2jxg1sqm0h7r0000gn/T/6ff7b030602f0995afddaebb699d5ec1.mpf_cache
2025-04-19 14:58:18,645 : INFO : ConfigProcessor : Loading config from cache: /var/folders/l2/q8hj_6s91xnb2jxg1sqm0h7r0000gn/T/5734f584a69cbb232024905ea29487b8.mpf_cache
2025-04-19 14:58:18,645 : INFO : ConfigProcessor : Loading config from cache: /var/folders/l2/q8hj_6s91xnb2jxg1sqm0h7r0000gn/T/bd1387dfa7de7ffc5bacad015019c743.mpf_cache
2025-04-19 14:58:18,645 : INFO : ConfigProcessor : Loading config from cache: /var/folders/l2/q8hj_6s91xnb2jxg1sqm0h7r0000gn/T/f97c90855879603280fcc571f5c42639.mpf_cache
2025-04-19 14:58:18,645 : INFO : ConfigProcessor : Loading config from cache: /var/folders/l2/q8hj_6s91xnb2jxg1sqm0h7r0000gn/T/5734f584a69cbb232024905ea29487b8.mpf_cache
2025-04-19 14:58:18,646 : WARNING : ConfigProcessor : Config file in cache changed: /Users/tannerpetch/Documents/GitHub/lofab/modes/lane_rotate/config/lane_rotate.yaml
2025-04-19 14:58:18,646 : INFO : ConfigProcessor : Loading config from file /Users/tannerpetch/Documents/GitHub/lofab/modes/lane_rotate/config/lane_rotate.yaml.
2025-04-19 14:58:18,647 : INFO : ConfigProcessor : Loading config: /Users/tannerpetch/Documents/GitHub/lofab/modes/lane_rotate/config/lane_rotate.yaml
2025-04-19 14:58:18,647 : INFO : ConfigProcessor : Config file cache created: /var/folders/l2/q8hj_6s91xnb2jxg1sqm0h7r0000gn/T/1875c266911f801b691956fe9e9284d6.mpf_cache
2025-04-19 14:58:18,647 : INFO : ConfigProcessor : Loading config from cache: /var/folders/l2/q8hj_6s91xnb2jxg1sqm0h7r0000gn/T/5336ce152edc820b26f3a51a9f95779b.mpf_cache
2025-04-19 14:58:18,648 : INFO : ConfigProcessor : Loading config from cache: /var/folders/l2/q8hj_6s91xnb2jxg1sqm0h7r0000gn/T/584196ece55f676a535bfbda3a88171a.mpf_cache
2025-04-19 14:58:18,648 : INFO : ConfigProcessor : Loading config from cache: /var/folders/l2/q8hj_6s91xnb2jxg1sqm0h7r0000gn/T/580ec13747cbd889de997403d41329e7.mpf_cache
2025-04-19 14:58:18,648 : INFO : ConfigProcessor : Loading config from cache: /var/folders/l2/q8hj_6s91xnb2jxg1sqm0h7r0000gn/T/4b1e343fa9806c398ec7ee103dcfa7e2.mpf_cache
2025-04-19 14:58:18,648 : INFO : ConfigProcessor : Loading config from cache: /var/folders/l2/q8hj_6s91xnb2jxg1sqm0h7r0000gn/T/66764f8b68b26fdba6c1f2bce3638479.mpf_cache
2025-04-19 14:58:18,648 : INFO : ConfigProcessor : Loading config from cache: /var/folders/l2/q8hj_6s91xnb2jxg1sqm0h7r0000gn/T/da25988703320750b4162c9008d660a0.mpf_cache
2025-04-19 14:58:18,648 : INFO : ConfigProcessor : Loading config from cache: /var/folders/l2/q8hj_6s91xnb2jxg1sqm0h7r0000gn/T/c3c7ba911a0619b65be5584a0c6df5cc.mpf_cache
2025-04-19 14:58:18,649 : INFO : ConfigProcessor : Loading config from cache: /var/folders/l2/q8hj_6s91xnb2jxg1sqm0h7r0000gn/T/a3ab7d74d06f7d14292ebc77e3ada161.mpf_cache
2025-04-19 14:58:18,649 : INFO : ConfigProcessor : Loading config from cache: /var/folders/l2/q8hj_6s91xnb2jxg1sqm0h7r0000gn/T/2b5fdb8fd0e736387486af32f8df92fd.mpf_cache
2025-04-19 14:58:18,650 : INFO : ConfigProcessor : Loading config from cache: /var/folders/l2/q8hj_6s91xnb2jxg1sqm0h7r0000gn/T/3dbc438e88423aa3ff742db2713b600f.mpf_cache
2025-04-19 14:58:18,651 : INFO : ConfigProcessor : Loading config from cache: /var/folders/l2/q8hj_6s91xnb2jxg1sqm0h7r0000gn/T/154d071a3850556c6f3eae37bf41c8b6.mpf_cache
2025-04-19 14:58:18,651 : INFO : ConfigProcessor : Loading config from cache: /var/folders/l2/q8hj_6s91xnb2jxg1sqm0h7r0000gn/T/ab100dbe0e16472b56f0213f3842a00f.mpf_cache
2025-04-19 14:58:18,653 : INFO : ConfigProcessor : Loading config from cache: /var/folders/l2/q8hj_6s91xnb2jxg1sqm0h7r0000gn/T/f03ad90ccd2c053e9e5d10795d01f4ba.mpf_cache
2025-04-19 14:58:18,653 : INFO : ConfigProcessor : Loading config from cache: /var/folders/l2/q8hj_6s91xnb2jxg1sqm0h7r0000gn/T/0f3c951d4c93079ae3fac6429c5bc2ee.mpf_cache
2025-04-19 14:58:18,653 : INFO : ConfigProcessor : Loading config from cache: /var/folders/l2/q8hj_6s91xnb2jxg1sqm0h7r0000gn/T/8bf004783a280ac33d17b88f37848116.mpf_cache
2025-04-19 14:58:18,654 : INFO : ConfigProcessor : Loading config from cache: /var/folders/l2/q8hj_6s91xnb2jxg1sqm0h7r0000gn/T/d5d50eaa09e055f3a827c6269a3aa165.mpf_cache
2025-04-19 14:58:18,654 : INFO : ConfigProcessor : Loading config from cache: /var/folders/l2/q8hj_6s91xnb2jxg1sqm0h7r0000gn/T/db98bdefe8a072cec23a2527f4303b09.mpf_cache
2025-04-19 14:58:18,655 : INFO : ConfigProcessor : Loading config from cache: /var/folders/l2/q8hj_6s91xnb2jxg1sqm0h7r0000gn/T/eefb91dd78a2b4d0f2b86f7f7cb501a3.mpf_cache
2025-04-19 14:58:18,655 : INFO : ConfigProcessor : Loading config from cache: /var/folders/l2/q8hj_6s91xnb2jxg1sqm0h7r0000gn/T/d32f8b43f49e3e57afbd189fbbccae80.mpf_cache
2025-04-19 14:58:18,655 : INFO : ConfigProcessor : Loading config from cache: /var/folders/l2/q8hj_6s91xnb2jxg1sqm0h7r0000gn/T/08db62a1c5938674fa894d468364ed3e.mpf_cache
2025-04-19 14:58:18,655 : INFO : ConfigProcessor : Loading config from cache: /var/folders/l2/q8hj_6s91xnb2jxg1sqm0h7r0000gn/T/98754ca8fa1663afefe3af8297a0d59a.mpf_cache
2025-04-19 14:58:18,655 : INFO : ConfigProcessor : Loading config from cache: /var/folders/l2/q8hj_6s91xnb2jxg1sqm0h7r0000gn/T/0b5d87cc943a75a2ef030b7892588c99.mpf_cache
2025-04-19 14:58:18,656 : INFO : ConfigProcessor : Loading config from cache: /var/folders/l2/q8hj_6s91xnb2jxg1sqm0h7r0000gn/T/5545c5ff302318fa3a4687589808743d.mpf_cache
2025-04-19 14:58:18,656 : INFO : ConfigProcessor : Loading config from cache: /var/folders/l2/q8hj_6s91xnb2jxg1sqm0h7r0000gn/T/89af055c57b135455281acad4d6d7133.mpf_cache
2025-04-19 14:58:18,657 : INFO : ConfigProcessor : Loading config from cache: /var/folders/l2/q8hj_6s91xnb2jxg1sqm0h7r0000gn/T/250153cb7d132f4134a2e9b694314568.mpf_cache
2025-04-19 14:58:18,657 : INFO : ConfigProcessor : Loading config from cache: /var/folders/l2/q8hj_6s91xnb2jxg1sqm0h7r0000gn/T/bbbe87a2f82c66174798be62d4e8058c.mpf_cache
2025-04-19 14:58:18,658 : INFO : ConfigProcessor : Loading config from cache: /var/folders/l2/q8hj_6s91xnb2jxg1sqm0h7r0000gn/T/19163f2ade63f89c343f09937767f090.mpf_cache
2025-04-19 14:58:18,658 : INFO : ConfigProcessor : Loading config from cache: /var/folders/l2/q8hj_6s91xnb2jxg1sqm0h7r0000gn/T/3d6042441f881be1a2f7349307e61edc.mpf_cache
2025-04-19 14:58:18,658 : INFO : ConfigProcessor : Loading config from cache: /var/folders/l2/q8hj_6s91xnb2jxg1sqm0h7r0000gn/T/ec8975352144a60f813d3d7569bfc183.mpf_cache
2025-04-19 14:58:18,658 : INFO : Machine : Mission Pinball Framework Core Engine v0.80.0.dev4
2025-04-19 14:58:18,658 : INFO : Machine : Command line arguments: {'no_load_cache': False, 'create_config_cache': True, 'bcp': False, 'configfile': ['config.yaml'], 'force_assets_load': False, 'platform_integration_test': False, 'jsonlogging': False, 'logfile': 'logs/2025-04-19-14-58-18-mpf-Tanners-Laptop.local.log', 'pause': False, 'production': False, 'text_ui': True, 'loglevel': 15, 'consoleloglevel': 20, 'force_platform': 'virtual', 'syslog_address': None, 'mc_file_name': None, 'no_sound': False, 'full_logfile_path': '/Users/tannerpetch/Documents/GitHub/lofab/logs/2025-04-19-14-58-18-mpf-Tanners-Laptop.local.log'}
2025-04-19 14:58:18,658 : INFO : Machine : MPF path: /Library/Frameworks/Python.framework/Versions/3.11/lib/python3.11/site-packages/mpf
2025-04-19 14:58:18,658 : INFO : Machine : Machine path: /Users/tannerpetch/Documents/GitHub/lofab
2025-04-19 14:58:18,658 : INFO : Machine : Platform: darwin
2025-04-19 14:58:18,658 : INFO : Machine : Python executable location: /Library/Frameworks/Python.framework/Versions/3.11/bin/python3.11
2025-04-19 14:58:18,658 : INFO : Machine : Python version: 3.11.9 (64-bit)
2025-04-19 14:58:18,659 : INFO : Machine : Initializing MPF...
2025-04-19 14:58:18,692 : INFO : EventManager : Event: ======'machine_var_credits_string'====== Args={'value': 'FREE PLAY', 'prev_value': None, 'change': True}
2025-04-19 14:58:18,697 : INFO : EventManager : Event: ======'machine_var_master_volume'====== Args={'value': 0.5, 'prev_value': None, 'change': True}
2025-04-19 14:58:18,697 : INFO : EventManager : Event: ======'machine_var_player1_score'====== Args={'value': 1500, 'prev_value': None, 'change': True}
2025-04-19 14:58:18,697 : INFO : EventManager : Event: ======'machine_var_mpf_version'====== Args={'value': 'Mission Pinball Framework v0.80.0.dev4', 'prev_value': None, 'change': True}
2025-04-19 14:58:18,697 : INFO : EventManager : Event: ======'machine_var_mpf_extended_version'====== Args={'value': 'Mission Pinball Framework v0.80.0.dev4, Config version:6, Show version: 6, BCP version:1.1', 'prev_value': None, 'change': True}
2025-04-19 14:58:18,697 : INFO : EventManager : Event: ======'machine_var_python_version'====== Args={'value': '3.11.9', 'prev_value': None, 'change': True}
2025-04-19 14:58:18,709 : INFO : EventManager : Event: ======'machine_var_platform'====== Args={'value': 'macOS-14.3-arm64-arm-64bit', 'prev_value': None, 'change': True}
2025-04-19 14:58:18,709 : INFO : EventManager : Event: ======'machine_var_platform_system'====== Args={'value': 'Darwin', 'prev_value': None, 'change': True}
2025-04-19 14:58:18,709 : INFO : EventManager : Event: ======'machine_var_platform_release'====== Args={'value': '23.3.0', 'prev_value': None, 'change': True}
2025-04-19 14:58:18,709 : INFO : EventManager : Event: ======'machine_var_platform_version'====== Args={'value': 'Darwin Kernel Version 23.3.0: Thu Dec 21 02:29:41 PST 2023; root:xnu-10002.81.5~11/RELEASE_ARM64_T8122', 'prev_value': None, 'change': True}
2025-04-19 14:58:18,709 : INFO : EventManager : Event: ======'machine_var_platform_machine'====== Args={'value': 'arm64', 'prev_value': None, 'change': True}
2025-04-19 14:58:18,709 : INFO : EventManager : Event: ======'machine_var_log_file_path'====== Args={'value': '/Users/tannerpetch/Documents/GitHub/lofab/logs/2025-04-19-14-58-18-mpf-Tanners-Laptop.local.log', 'prev_value': None, 'change': True}
2025-04-19 14:58:18,709 : INFO : EventManager : Event: ======'init_phase_1'====== Args={}
2025-04-19 14:58:18,731 : INFO : EventManager : Event: ======'drop_target_bank_dt_drop_up'====== Args={}
2025-04-19 14:58:18,732 : INFO : EventManager : Event: ======'init_phase_2'====== Args={}
2025-04-19 14:58:18,735 : INFO : ball_device.bd_vuk : BCH: Initial count: 0
2025-04-19 14:58:18,735 : INFO : ball_device.bd_vuk : State: idle
2025-04-19 14:58:18,735 : INFO : ball_device.bd_trough : BCH: Initial count: 0
2025-04-19 14:58:18,735 : INFO : ball_device.bd_trough : State: idle
2025-04-19 14:58:18,738 : INFO : EventManager : Event: ======'init_phase_3'====== Args={}
2025-04-19 14:58:18,874 : INFO : EventManager : Event: ======'init_phase_4'====== Args={}
2025-04-19 14:58:18,874 : INFO : BallController : Initial balls found: 0
2025-04-19 14:58:18,875 : INFO : EventManager : Event: ======'machine_var_audits_events_game_ended'====== Args={'value': 1, 'prev_value': None, 'change': True}
2025-04-19 14:58:18,875 : INFO : EventManager : Event: ======'machine_var_audits_events_game_started'====== Args={'value': 11, 'prev_value': None, 'change': True}
2025-04-19 14:58:18,875 : INFO : EventManager : Event: ======'machine_var_audits_missing_switches_s_change_room'====== Args={'value': 11, 'prev_value': None, 'change': True}
2025-04-19 14:58:18,875 : INFO : EventManager : Event: ======'machine_var_audits_missing_switches_s_drop'====== Args={'value': 11, 'prev_value': None, 'change': True}
2025-04-19 14:58:18,875 : INFO : EventManager : Event: ======'machine_var_audits_missing_switches_s_e'====== Args={'value': 7, 'prev_value': None, 'change': True}
2025-04-19 14:58:18,875 : INFO : EventManager : Event: ======'machine_var_audits_missing_switches_s_flipper_l'====== Args={'value': 9, 'prev_value': None, 'change': True}
2025-04-19 14:58:18,875 : INFO : EventManager : Event: ======'machine_var_audits_missing_switches_s_h'====== Args={'value': 11, 'prev_value': None, 'change': True}
2025-04-19 14:58:18,875 : INFO : EventManager : Event: ======'machine_var_audits_missing_switches_s_pop'====== Args={'value': 11, 'prev_value': None, 'change': True}
2025-04-19 14:58:18,875 : INFO : EventManager : Event: ======'machine_var_audits_missing_switches_s_ramp_complete'====== Args={'value': 11, 'prev_value': None, 'change': True}
2025-04-19 14:58:18,875 : INFO : EventManager : Event: ======'machine_var_audits_missing_switches_s_ramp_l'====== Args={'value': 11, 'prev_value': None, 'change': True}
2025-04-19 14:58:18,875 : INFO : EventManager : Event: ======'machine_var_audits_missing_switches_s_ramp_middle'====== Args={'value': 11, 'prev_value': None, 'change': True}
2025-04-19 14:58:18,875 : INFO : EventManager : Event: ======'machine_var_audits_missing_switches_s_ramp_r'====== Args={'value': 11, 'prev_value': None, 'change': True}
2025-04-19 14:58:18,875 : INFO : EventManager : Event: ======'machine_var_audits_missing_switches_s_sling_l'====== Args={'value': 11, 'prev_value': None, 'change': True}
2025-04-19 14:58:18,875 : INFO : EventManager : Event: ======'machine_var_audits_missing_switches_s_sling_r'====== Args={'value': 11, 'prev_value': None, 'change': True}
2025-04-19 14:58:18,875 : INFO : EventManager : Event: ======'machine_var_audits_missing_switches_s_spinner'====== Args={'value': 11, 'prev_value': None, 'change': True}
2025-04-19 14:58:18,875 : INFO : EventManager : Event: ======'machine_var_audits_missing_switches_s_start'====== Args={'value': 9, 'prev_value': None, 'change': True}
2025-04-19 14:58:18,875 : INFO : EventManager : Event: ======'machine_var_audits_missing_switches_s_stationary_s'====== Args={'value': 6, 'prev_value': None, 'change': True}
2025-04-19 14:58:18,875 : INFO : EventManager : Event: ======'machine_var_audits_missing_switches_s_tilt_l'====== Args={'value': 11, 'prev_value': None, 'change': True}
2025-04-19 14:58:18,875 : INFO : EventManager : Event: ======'machine_var_audits_missing_switches_s_tilt_r'====== Args={'value': 11, 'prev_value': None, 'change': True}
2025-04-19 14:58:18,875 : INFO : EventManager : Event: ======'machine_var_audits_missing_switches_s_trough_1'====== Args={'value': 6, 'prev_value': None, 'change': True}
2025-04-19 14:58:18,875 : INFO : EventManager : Event: ======'machine_var_audits_missing_switches_s_trough_2'====== Args={'value': 11, 'prev_value': None, 'change': True}
2025-04-19 14:58:18,875 : INFO : EventManager : Event: ======'machine_var_audits_missing_switches_s_trough_3'====== Args={'value': 11, 'prev_value': None, 'change': True}
2025-04-19 14:58:18,875 : INFO : EventManager : Event: ======'machine_var_audits_missing_switches_s_trough_4'====== Args={'value': 6, 'prev_value': None, 'change': True}
2025-04-19 14:58:18,875 : INFO : EventManager : Event: ======'machine_var_audits_player_score'====== Args={'value': {'average': 1500, 'top': [1500], 'total': 1}, 'prev_value': None, 'change': True}
2025-04-19 14:58:18,875 : INFO : EventManager : Event: ======'machine_var_audits_shots_r_3_ball'====== Args={'value': 3, 'prev_value': None, 'change': True}
2025-04-19 14:58:18,875 : INFO : EventManager : Event: ======'machine_var_audits_shots_r_e'====== Args={'value': 2, 'prev_value': None, 'change': True}
2025-04-19 14:58:18,875 : INFO : EventManager : Event: ======'machine_var_audits_shots_r_e_rotate'====== Args={'value': 2, 'prev_value': None, 'change': True}
2025-04-19 14:58:18,876 : INFO : EventManager : Event: ======'machine_var_audits_shots_r_flipper_r_reset'====== Args={'value': 29, 'prev_value': None, 'change': True}
2025-04-19 14:58:18,876 : INFO : EventManager : Event: ======'machine_var_audits_shots_r_o'====== Args={'value': 49, 'prev_value': None, 'change': True}
2025-04-19 14:58:18,876 : INFO : EventManager : Event: ======'machine_var_audits_shots_r_o_fleshy'====== Args={'value': 49, 'prev_value': None, 'change': True}
2025-04-19 14:58:18,876 : INFO : EventManager : Event: ======'machine_var_audits_shots_r_o_rotate'====== Args={'value': 49, 'prev_value': None, 'change': True}
2025-04-19 14:58:18,876 : INFO : EventManager : Event: ======'machine_var_audits_shots_r_s'====== Args={'value': 3, 'prev_value': None, 'change': True}
2025-04-19 14:58:18,876 : INFO : EventManager : Event: ======'machine_var_audits_shots_r_s_fleshy'====== Args={'value': 3, 'prev_value': None, 'change': True}
2025-04-19 14:58:18,876 : INFO : EventManager : Event: ======'machine_var_audits_shots_r_s_rotate'====== Args={'value': 3, 'prev_value': None, 'change': True}
2025-04-19 14:58:18,876 : INFO : EventManager : Event: ======'machine_var_audits_shots_r_u'====== Args={'value': 29, 'prev_value': None, 'change': True}
2025-04-19 14:58:18,876 : INFO : EventManager : Event: ======'machine_var_audits_shots_r_u_rotate'====== Args={'value': 29, 'prev_value': None, 'change': True}
2025-04-19 14:58:18,876 : INFO : EventManager : Event: ======'machine_var_audits_shots_r_vuk'====== Args={'value': 3, 'prev_value': None, 'change': True}
2025-04-19 14:58:18,876 : INFO : EventManager : Event: ======'machine_var_audits_switches_s_change_room'====== Args={'value': 0, 'prev_value': None, 'change': True}
2025-04-19 14:58:18,876 : INFO : EventManager : Event: ======'machine_var_audits_switches_s_drop'====== Args={'value': 0, 'prev_value': None, 'change': True}
2025-04-19 14:58:18,876 : INFO : EventManager : Event: ======'machine_var_audits_switches_s_e'====== Args={'value': 2, 'prev_value': None, 'change': True}
2025-04-19 14:58:18,876 : INFO : EventManager : Event: ======'machine_var_audits_switches_s_flipper_l'====== Args={'value': 3, 'prev_value': None, 'change': True}
2025-04-19 14:58:18,876 : INFO : EventManager : Event: ======'machine_var_audits_switches_s_flipper_r'====== Args={'value': 62, 'prev_value': None, 'change': True}
2025-04-19 14:58:18,876 : INFO : EventManager : Event: ======'machine_var_audits_switches_s_h'====== Args={'value': 0, 'prev_value': None, 'change': True}
2025-04-19 14:58:18,876 : INFO : EventManager : Event: ======'machine_var_audits_switches_s_launch'====== Args={'value': 10, 'prev_value': None, 'change': True}
2025-04-19 14:58:18,876 : INFO : EventManager : Event: ======'machine_var_audits_switches_s_pop'====== Args={'value': 0, 'prev_value': None, 'change': True}
2025-04-19 14:58:18,876 : INFO : EventManager : Event: ======'machine_var_audits_switches_s_ramp_complete'====== Args={'value': 0, 'prev_value': None, 'change': True}
2025-04-19 14:58:18,876 : INFO : EventManager : Event: ======'machine_var_audits_switches_s_ramp_l'====== Args={'value': 0, 'prev_value': None, 'change': True}
2025-04-19 14:58:18,876 : INFO : EventManager : Event: ======'machine_var_audits_switches_s_ramp_middle'====== Args={'value': 0, 'prev_value': None, 'change': True}
2025-04-19 14:58:18,876 : INFO : EventManager : Event: ======'machine_var_audits_switches_s_ramp_r'====== Args={'value': 0, 'prev_value': None, 'change': True}
2025-04-19 14:58:18,876 : INFO : EventManager : Event: ======'machine_var_audits_switches_s_sling_l'====== Args={'value': 0, 'prev_value': None, 'change': True}
2025-04-19 14:58:18,876 : INFO : EventManager : Event: ======'machine_var_audits_switches_s_sling_r'====== Args={'value': 0, 'prev_value': None, 'change': True}
2025-04-19 14:58:18,876 : INFO : EventManager : Event: ======'machine_var_audits_switches_s_spinner'====== Args={'value': 0, 'prev_value': None, 'change': True}
2025-04-19 14:58:18,876 : INFO : EventManager : Event: ======'machine_var_audits_switches_s_start'====== Args={'value': 0, 'prev_value': None, 'change': True}
2025-04-19 14:58:18,876 : INFO : EventManager : Event: ======'machine_var_audits_switches_s_stationary_o'====== Args={'value': 49, 'prev_value': None, 'change': True}
2025-04-19 14:58:18,876 : INFO : EventManager : Event: ======'machine_var_audits_switches_s_stationary_s'====== Args={'value': 3, 'prev_value': None, 'change': True}
2025-04-19 14:58:18,877 : INFO : EventManager : Event: ======'machine_var_audits_switches_s_stationary_u'====== Args={'value': 29, 'prev_value': None, 'change': True}
2025-04-19 14:58:18,877 : INFO : EventManager : Event: ======'machine_var_audits_switches_s_tilt_l'====== Args={'value': 0, 'prev_value': None, 'change': True}
2025-04-19 14:58:18,877 : INFO : EventManager : Event: ======'machine_var_audits_switches_s_tilt_r'====== Args={'value': 0, 'prev_value': None, 'change': True}
2025-04-19 14:58:18,877 : INFO : EventManager : Event: ======'machine_var_audits_switches_s_trough_1'====== Args={'value': 3, 'prev_value': None, 'change': True}
2025-04-19 14:58:18,877 : INFO : EventManager : Event: ======'machine_var_audits_switches_s_trough_2'====== Args={'value': 0, 'prev_value': None, 'change': True}
2025-04-19 14:58:18,877 : INFO : EventManager : Event: ======'machine_var_audits_switches_s_trough_3'====== Args={'value': 0, 'prev_value': None, 'change': True}
2025-04-19 14:58:18,877 : INFO : EventManager : Event: ======'machine_var_audits_switches_s_trough_4'====== Args={'value': 7, 'prev_value': None, 'change': True}
2025-04-19 14:58:18,877 : INFO : EventManager : Event: ======'machine_var_audits_switches_s_vuk'====== Args={'value': 3, 'prev_value': None, 'change': True}
2025-04-19 14:58:18,877 : INFO : EventManager : Event: ======'init_phase_5'====== Args={}
2025-04-19 14:58:18,877 : INFO : EventManager : Event: ======'init_done'====== Args={}
2025-04-19 14:58:18,877 : INFO : EventManager : Event: ======'machine_reset_phase_1'====== Args={}
2025-04-19 14:58:18,877 : INFO : EventManager : Event: ======'machine_reset_phase_2'====== Args={}
2025-04-19 14:58:18,877 : INFO : EventManager : Event: ======'machine_reset_phase_3'====== Args={}
2025-04-19 14:58:18,877 : INFO : EventManager : Event: ======'reset_complete'====== Args={}
2025-04-19 14:58:18,877 : INFO : EventManager : Event: ======'mode_attract_will_start'====== Args={}
2025-04-19 14:58:18,878 : INFO : EventManager : Event: ======'mode_attract_starting'====== Args={}
2025-04-19 14:58:18,878 : INFO : Mode.attract : Started. Priority: 10
2025-04-19 14:58:18,878 : INFO : EventManager : Event: ======'modes_active_modes_changed'====== Args={}
2025-04-19 14:58:18,878 : INFO : EventManager : Event: ======'mode_attract_started'====== Args={}
2025-04-19 14:58:18,878 : INFO : coil.c_launch_light : Enabling Driver with power 1.0 (pulse_ms 10ms and pulse_power 1.0)
2025-04-19 14:58:18,878 : INFO : coil.c_start_light : Disabling Driver
2025-04-19 14:58:18,878 : INFO : EventManager : Event: ======'collecting_balls_complete'====== Args={}
2025-04-19 14:58:18,879 : INFO : Machine : Starting the main run loop.
2025-04-19 14:58:18,979 : INFO : coil.c_start_light : Disabling Driver
2025-04-19 14:58:18,979 : INFO : coil.c_launch_light : Disabling Driver
2025-04-19 14:58:19,736 : INFO : BcpServer : New client connected.
2025-04-19 14:58:19,979 : INFO : coil.c_launch_light : Enabling Driver with power 1.0 (pulse_ms 10ms and pulse_power 1.0)
2025-04-19 14:58:19,979 : INFO : coil.c_start_light : Disabling Driver
2025-04-19 14:58:20,079 : INFO : coil.c_start_light : Disabling Driver
2025-04-19 14:58:20,079 : INFO : coil.c_launch_light : Disabling Driver
2025-04-19 14:58:21,079 : INFO : coil.c_launch_light : Enabling Driver with power 1.0 (pulse_ms 10ms and pulse_power 1.0)
2025-04-19 14:58:21,079 : INFO : coil.c_start_light : Disabling Driver
2025-04-19 14:58:21,179 : INFO : coil.c_start_light : Disabling Driver
2025-04-19 14:58:21,179 : INFO : coil.c_launch_light : Disabling Driver
2025-04-19 14:58:22,179 : INFO : coil.c_launch_light : Enabling Driver with power 1.0 (pulse_ms 10ms and pulse_power 1.0)
2025-04-19 14:58:22,179 : INFO : coil.c_start_light : Disabling Driver
2025-04-19 14:58:22,279 : INFO : coil.c_start_light : Disabling Driver
2025-04-19 14:58:22,279 : INFO : coil.c_launch_light : Disabling Driver
2025-04-19 14:58:23,278 : INFO : coil.c_launch_light : Enabling Driver with power 1.0 (pulse_ms 10ms and pulse_power 1.0)
2025-04-19 14:58:23,278 : INFO : coil.c_start_light : Disabling Driver
2025-04-19 14:58:23,379 : INFO : coil.c_start_light : Disabling Driver
2025-04-19 14:58:23,379 : INFO : coil.c_launch_light : Disabling Driver
2025-04-19 14:58:23,565 : INFO : SwitchController : <<<<<<< 's_trough_4' active >>>>>>>
2025-04-19 14:58:23,653 : INFO : SwitchController : <<<<<<< 's_trough_4' inactive >>>>>>>
2025-04-19 14:58:23,888 : INFO : SwitchController : <<<<<<< 's_trough_4' active >>>>>>>
2025-04-19 14:58:24,378 : INFO : coil.c_launch_light : Enabling Driver with power 1.0 (pulse_ms 10ms and pulse_power 1.0)
2025-04-19 14:58:24,378 : INFO : coil.c_start_light : Disabling Driver
2025-04-19 14:58:24,390 : INFO : EventManager : Event: ======'balldevice_bd_trough_ball_count_changed'====== Args={'balls': 1}
2025-04-19 14:58:24,390 : INFO : ball_device.bd_trough : Received unexpected ball
2025-04-19 14:58:24,390 : INFO : EventManager : Event: ======'balldevice_captured_from_playfield'====== Args={'balls': 1}
2025-04-19 14:58:24,390 : INFO : EventManager : Event: ======'sw_playfield_active'====== Args={'balls': 1}
2025-04-19 14:58:24,390 : INFO : EventManager : Event: ======'playfield_active'====== Args={'source': None}
2025-04-19 14:58:24,390 : INFO : EventManager : Event: ======'unexpected_ball_on_playfield'====== Args={}
2025-04-19 14:58:24,391 : INFO : EventManager : Event: ======'playfield_ball_count_change'====== Args={'balls': -1, 'change': -1}
2025-04-19 14:58:24,391 : INFO : EventManager : Event: ======'balldevice_playfield_ball_enter'====== Args={'new_balls': 1, 'unclaimed_balls': 1, 'device': <playfield.playfield>}
2025-04-19 14:58:24,391 : INFO : EventManager : Event: ======'playfield_ball_count_change'====== Args={'balls': 0, 'change': 1}
2025-04-19 14:58:24,391 : INFO : BallController : Found a new ball which was captured from playfield. Known balls: 1
2025-04-19 14:58:24,391 : INFO : EventManager : Event: ======'found_new_ball'====== Args={}
2025-04-19 14:58:24,391 : INFO : EventManager : Event: ======'balldevice_bd_trough_ball_enter'====== Args={'new_balls': 1, 'unclaimed_balls': 1, 'new_available_balls': 1, 'device': <ball_device.bd_trough>}
2025-04-19 14:58:24,391 : INFO : EventManager : Event: ======'ball_drain'====== Args={'device': <ball_device.bd_trough>, 'balls': 1}
2025-04-19 14:58:24,391 : INFO : EventManager : Event: ======'balldevice_balls_available'====== Args={}
2025-04-19 14:58:24,391 : INFO : EventManager : Event: ======'balldevice_bd_trough_ball_entered'====== Args={'new_balls': 1, 'device': <ball_device.bd_trough>}
2025-04-19 14:58:24,478 : INFO : coil.c_start_light : Disabling Driver
2025-04-19 14:58:24,478 : INFO : coil.c_launch_light : Disabling Driver
2025-04-19 14:58:24,697 : INFO : SwitchController : <<<<<<< 's_start' active >>>>>>>
2025-04-19 14:58:24,797 : INFO : SwitchController : <<<<<<< 's_start' inactive >>>>>>>
2025-04-19 14:58:24,797 : INFO : EventManager : Event: ======'request_to_start_game'====== Args={}
2025-04-19 14:58:24,798 : INFO : EventManager : Event: ======'game_start'====== Args={'buttons': [], 'hold_time': 0.09939541714265943}
2025-04-19 14:58:24,798 : INFO : EventManager : Event: ======'mode_game_will_start'====== Args={'buttons': [], 'hold_time': 0.09939541714265943}
2025-04-19 14:58:24,799 : INFO : EventManager : Event: ======'mode_game_starting'====== Args={'buttons': [], 'hold_time': 0.09939541714265943}
2025-04-19 14:58:24,799 : INFO : EventManager : Event: ======'mode_attract_will_stop'====== Args={}
2025-04-19 14:58:24,799 : INFO : EventManager : Event: ======'mode_attract_stopping'====== Args={}
2025-04-19 14:58:24,800 : INFO : Mode.attract : Stopped.
2025-04-19 14:58:24,800 : INFO : EventManager : Event: ======'modes_active_modes_changed'====== Args={}
2025-04-19 14:58:24,801 : INFO : EventManager : Event: ======'mode_attract_stopped'====== Args={}
2025-04-19 14:58:24,801 : INFO : EventManager : Event: ======'clear'====== Args={'key': 'attract'}
2025-04-19 14:58:24,801 : INFO : Mode.game : Started. Priority: 20
2025-04-19 14:58:24,801 : INFO : EventManager : Event: ======'modes_active_modes_changed'====== Args={}
2025-04-19 14:58:24,801 : INFO : EventManager : Event: ======'mode_game_started'====== Args={'buttons': [], 'hold_time': 0.09939541714265943}
2025-04-19 14:58:24,802 : INFO : EventManager : Event: ======'game_will_start'====== Args={}
2025-04-19 14:58:24,803 : INFO : EventManager : Event: ======'game_starting'====== Args={'game': <Mode.game>}
2025-04-19 14:58:24,803 : INFO : EventManager : Unordered handler for class <Auditor> on event game_ended with priority 1. Handlers: [RegisteredHandler(callback=<bound method Auditor.disable of <Auditor>>, priority=1, kwargs={}, key=UUID('c1bd712a-b05e-4ecd-a70d-ef7687475489'), condition=None, blocking_facility=None), RegisteredHandler(callback=<bound method Auditor._save_audits of <Auditor>>, priority=1, kwargs={}, key=UUID('818dccf8-bce3-457e-b52d-a7ef3926334c'), condition=None, blocking_facility=None)]. The order of those handlers is not defined and they will be executed in random order. This might lead to race conditions and potential bugs.
2025-04-19 14:58:24,803 : INFO : EventManager : Event: ======'player_add_request'====== Args={}
2025-04-19 14:58:24,803 : INFO : EventManager : Event: ======'player_will_add'====== Args={'number': 1}
2025-04-19 14:58:24,803 : INFO : EventManager : Event: ======'player_adding'====== Args={'player': <Player 1>, 'number': 1}
2025-04-19 14:58:24,803 : INFO : EventManager : Event: ======'player_added'====== Args={'player': <Player 1>, 'num': 1}
2025-04-19 14:58:24,804 : INFO : Mode.game : Player added successfully. Total players: 1
2025-04-19 14:58:24,804 : INFO : EventManager : Event: ======'player_index'====== Args={'value': 0, 'prev_value': 0, 'change': 0, 'player_num': 1}
2025-04-19 14:58:24,804 : INFO : EventManager : Event: ======'player_number'====== Args={'value': 1, 'prev_value': 1, 'change': 0, 'player_num': 1}
2025-04-19 14:58:24,804 : INFO : EventManager : Event: ======'player_current_room'====== Args={'value': 'LIVING ROOM', 'prev_value': 'LIVING ROOM', 'change': False, 'player_num': 1}
2025-04-19 14:58:24,804 : INFO : EventManager : Event: ======'player_house_completes'====== Args={'value': 0, 'prev_value': 0, 'change': 0, 'player_num': 1}
2025-04-19 14:58:24,804 : INFO : EventManager : Event: ======'player_threeballmultiplier'====== Args={'value': 1, 'prev_value': 1, 'change': 0, 'player_num': 1}
2025-04-19 14:58:24,804 : INFO : EventManager : Event: ======'player_score'====== Args={'value': 0, 'prev_value': 0, 'change': 0, 'player_num': 1}
2025-04-19 14:58:24,804 : INFO : EventManager : Event: ======'game_started'====== Args={}
2025-04-19 14:58:24,804 : INFO : EventManager : Event: ======'player_turn_will_start'====== Args={'player': <Player 1>, 'number': 1}
2025-04-19 14:58:24,806 : INFO : EventManager : Event: ======'player_turn_starting'====== Args={'player': <Player 1>, 'number': 1}
2025-04-19 14:58:24,806 : INFO : EventManager : Event: ======'player_ball'====== Args={'value': 1, 'prev_value': 0, 'change': 1, 'player_num': 1}
2025-04-19 14:58:24,806 : INFO : EventManager : Event: ======'player_turn_started'====== Args={'player': <Player 1>, 'number': 1}
2025-04-19 14:58:24,807 : INFO : EventManager : Event: ======'ball_will_start'====== Args={'player': 1, 'ball': 1, 'balls_remaining': 2, 'is_extra_ball': False}
2025-04-19 14:58:24,807 : INFO : EventManager : Event: ======'ball_starting'====== Args={'player': 1, 'ball': 1, 'balls_remaining': 2, 'is_extra_ball': False}
2025-04-19 14:58:24,807 : INFO : EventManager : Event: ======'mode_base_will_start'====== Args={'queue': <QueuedEvent>, 'player': 1, 'ball': 1, 'balls_remaining': 2, 'is_extra_ball': False}
2025-04-19 14:58:24,808 : INFO : EventManager : Event: ======'player_shot_r_pop_enabled'====== Args={'value': True, 'prev_value': 0, 'change': 1, 'player_num': 1}
2025-04-19 14:58:24,808 : INFO : EventManager : Event: ======'player_shot_r_sling_l_enabled'====== Args={'value': True, 'prev_value': 0, 'change': 1, 'player_num': 1}
2025-04-19 14:58:24,808 : INFO : EventManager : Event: ======'player_shot_r_sling_r_enabled'====== Args={'value': True, 'prev_value': 0, 'change': 1, 'player_num': 1}
2025-04-19 14:58:24,808 : INFO : EventManager : Event: ======'player_shot_r_h_enabled'====== Args={'value': True, 'prev_value': 0, 'change': 1, 'player_num': 1}
2025-04-19 14:58:24,809 : INFO : EventManager : Event: ======'player_shot_r_o_enabled'====== Args={'value': True, 'prev_value': 0, 'change': 1, 'player_num': 1}
2025-04-19 14:58:24,809 : INFO : EventManager : Event: ======'player_shot_r_u_enabled'====== Args={'value': True, 'prev_value': 0, 'change': 1, 'player_num': 1}
2025-04-19 14:58:24,810 : INFO : EventManager : Event: ======'player_shot_r_s_enabled'====== Args={'value': True, 'prev_value': 0, 'change': 1, 'player_num': 1}
2025-04-19 14:58:24,810 : INFO : EventManager : Event: ======'player_shot_r_e_enabled'====== Args={'value': True, 'prev_value': 0, 'change': 1, 'player_num': 1}
2025-04-19 14:58:24,810 : INFO : EventManager : Event: ======'player_shot_r_ramp_r_enabled'====== Args={'value': True, 'prev_value': 0, 'change': 1, 'player_num': 1}
2025-04-19 14:58:24,810 : INFO : EventManager : Event: ======'player_shot_r_ramp_l_enabled'====== Args={'value': True, 'prev_value': 0, 'change': 1, 'player_num': 1}
2025-04-19 14:58:24,811 : INFO : EventManager : Event: ======'player_shot_r_vuk_enabled'====== Args={'value': True, 'prev_value': 0, 'change': 1, 'player_num': 1}
2025-04-19 14:58:24,811 : INFO : EventManager : Event: ======'player_shot_r_vuk_bank_enabled'====== Args={'value': True, 'prev_value': 0, 'change': 1, 'player_num': 1}
2025-04-19 14:58:24,811 : INFO : EventManager : Event: ======'player_shot_r_right_orbit_enabled'====== Args={'value': True, 'prev_value': 0, 'change': 1, 'player_num': 1}
2025-04-19 14:58:24,811 : INFO : EventManager : Event: ======'player_shot_r_stationary_back_enabled'====== Args={'value': True, 'prev_value': 0, 'change': 1, 'player_num': 1}
2025-04-19 14:58:24,813 : INFO : EventManager : Event: ======'mode_base_starting'====== Args={'queue': <QueuedEvent>, 'player': 1, 'ball': 1, 'balls_remaining': 2, 'is_extra_ball': False}
2025-04-19 14:58:24,813 : INFO : EventManager : Event: ======'waiting_for_launch_press'====== Args={}
2025-04-19 14:58:24,814 : INFO : EventManager : Event: ======'mode_launch_shows_will_start'====== Args={}
2025-04-19 14:58:24,814 : INFO : EventManager : Event: ======'mode_launch_shows_starting'====== Args={}
2025-04-19 14:58:24,814 : INFO : Mode.launch_shows : Started. Priority: 200
2025-04-19 14:58:24,814 : INFO : EventManager : Event: ======'modes_active_modes_changed'====== Args={}
2025-04-19 14:58:24,814 : INFO : EventManager : Event: ======'mode_launch_shows_started'====== Args={}
2025-04-19 14:58:24,815 : INFO : Mode.base : Started. Priority: 100
2025-04-19 14:58:24,815 : INFO : EventManager : Event: ======'modes_active_modes_changed'====== Args={}
2025-04-19 14:58:24,815 : INFO : EventManager : Event: ======'mode_base_started'====== Args={'queue': <QueuedEvent>, 'player': 1, 'ball': 1, 'balls_remaining': 2, 'is_extra_ball': False}
2025-04-19 14:58:24,815 : INFO : EventManager : Event: ======'ball_save_ball_save_pop_enabled'====== Args={}
2025-04-19 14:58:25,615 : INFO : SwitchController : <<<<<<< 's_launch' active >>>>>>>
2025-04-19 14:58:25,615 : INFO : EventManager : Event: ======'e_launch_press'====== Args={}
2025-04-19 14:58:25,616 : INFO : EventManager : Event: ======'machine_var_audits_switches_s_launch'====== Args={'value': 11, 'prev_value': 10, 'change': 1}
2025-04-19 14:58:25,617 : INFO : EventManager : Event: ======'balls_in_play'====== Args={'balls': 1}
2025-04-19 14:58:25,617 : INFO : EventManager : Event: ======'ball_started'====== Args={'player': 1, 'ball': 1, 'balls_remaining': 2, 'is_extra_ball': False}
2025-04-19 14:58:25,617 : INFO : EventManager : Event: ======'mode_launch_shows_will_stop'====== Args={}
2025-04-19 14:58:25,618 : INFO : EventManager : Event: ======'mode_launch_shows_stopping'====== Args={}
2025-04-19 14:58:25,618 : INFO : EventManager : Event: ======'mode_mult_fleshy_qualify_will_start'====== Args={'player': 1, 'ball': 1, 'balls_remaining': 2, 'is_extra_ball': False}
2025-04-19 14:58:25,618 : INFO : EventManager : Event: ======'player_shot_r_o_fleshy_enabled'====== Args={'value': True, 'prev_value': 0, 'change': 1, 'player_num': 1}
2025-04-19 14:58:25,618 : INFO : EventManager : Event: ======'player_shot_r_s_fleshy_enabled'====== Args={'value': True, 'prev_value': 0, 'change': 1, 'player_num': 1}
2025-04-19 14:58:25,619 : INFO : EventManager : Event: ======'fleshy_shots_complete'====== Args={'state': 'light1lit'}
2025-04-19 14:58:25,619 : INFO : EventManager : Event: ======'fleshy_shots_light1lit_complete'====== Args={}
2025-04-19 14:58:25,619 : INFO : EventManager : Event: ======'mode_mult_fleshy_qualify_starting'====== Args={'player': 1, 'ball': 1, 'balls_remaining': 2, 'is_extra_ball': False}
2025-04-19 14:58:25,620 : INFO : EventManager : Event: ======'mode_start_ball_save_will_start'====== Args={'player': 1, 'ball': 1, 'balls_remaining': 2, 'is_extra_ball': False}
2025-04-19 14:58:25,620 : INFO : EventManager : Event: ======'mode_start_ball_save_starting'====== Args={'player': 1, 'ball': 1, 'balls_remaining': 2, 'is_extra_ball': False}
2025-04-19 14:58:25,620 : INFO : EventManager : Event: ======'mode_lane_rotate_will_start'====== Args={'player': 1, 'ball': 1, 'balls_remaining': 2, 'is_extra_ball': False}
2025-04-19 14:58:25,620 : INFO : EventManager : Event: ======'player_shot_r_h_rotate_enabled'====== Args={'value': True, 'prev_value': 0, 'change': 1, 'player_num': 1}
2025-04-19 14:58:25,621 : INFO : EventManager : Event: ======'player_shot_r_o_rotate_enabled'====== Args={'value': True, 'prev_value': 0, 'change': 1, 'player_num': 1}
2025-04-19 14:58:25,621 : INFO : EventManager : Event: ======'player_shot_r_u_rotate_enabled'====== Args={'value': True, 'prev_value': 0, 'change': 1, 'player_num': 1}
2025-04-19 14:58:25,621 : INFO : EventManager : Event: ======'player_shot_r_s_rotate_enabled'====== Args={'value': True, 'prev_value': 0, 'change': 1, 'player_num': 1}
2025-04-19 14:58:25,621 : INFO : EventManager : Event: ======'player_shot_r_e_rotate_enabled'====== Args={'value': True, 'prev_value': 0, 'change': 1, 'player_num': 1}
2025-04-19 14:58:25,621 : INFO : EventManager : Event: ======'rotate_group_complete'====== Args={'state': 'unlit'}
2025-04-19 14:58:25,621 : INFO : EventManager : Event: ======'rotate_group_unlit_complete'====== Args={}
2025-04-19 14:58:25,622 : INFO : EventManager : Event: ======'mode_lane_rotate_starting'====== Args={'player': 1, 'ball': 1, 'balls_remaining': 2, 'is_extra_ball': False}
2025-04-19 14:58:25,623 : INFO : drop_target_bank.dt_drop : All targets are already up. Will not reset bank.
2025-04-19 14:58:25,623 : INFO : Mode.lane_rotate : Started. Priority: 100
2025-04-19 14:58:25,623 : INFO : EventManager : Event: ======'modes_active_modes_changed'====== Args={}
2025-04-19 14:58:25,624 : INFO : EventManager : Event: ======'mode_lane_rotate_started'====== Args={'player': 1, 'ball': 1, 'balls_remaining': 2, 'is_extra_ball': False}
2025-04-19 14:58:25,624 : INFO : Mode.start_ball_save : Started. Priority: 100
2025-04-19 14:58:25,624 : INFO : EventManager : Event: ======'modes_active_modes_changed'====== Args={}
2025-04-19 14:58:25,624 : INFO : EventManager : Event: ======'mode_start_ball_save_started'====== Args={'player': 1, 'ball': 1, 'balls_remaining': 2, 'is_extra_ball': False}
2025-04-19 14:58:25,624 : INFO : EventManager : Event: ======'ball_save_ball_save_ball_save_enabled'====== Args={}
2025-04-19 14:58:25,624 : INFO : Mode.mult_fleshy_qualify : Started. Priority: 200
2025-04-19 14:58:25,624 : INFO : EventManager : Event: ======'modes_active_modes_changed'====== Args={}
2025-04-19 14:58:25,625 : INFO : EventManager : Event: ======'mode_mult_fleshy_qualify_started'====== Args={'player': 1, 'ball': 1, 'balls_remaining': 2, 'is_extra_ball': False}
2025-04-19 14:58:25,625 : INFO : Mode.launch_shows : Stopped.
2025-04-19 14:58:25,625 : INFO : EventManager : Event: ======'modes_active_modes_changed'====== Args={}
2025-04-19 14:58:25,625 : INFO : EventManager : Event: ======'mode_launch_shows_stopped'====== Args={}
2025-04-19 14:58:25,625 : INFO : EventManager : Event: ======'clear'====== Args={'key': 'launch_shows'}
2025-04-19 14:58:25,625 : INFO : EventManager : Event: ======'single_player_ball_started'====== Args={}
2025-04-19 14:58:25,627 : INFO : EventManager : Event: ======'ball_start_target'====== Args={'target': 'playfield'}
2025-04-19 14:58:25,628 : INFO : ball_device.bd_trough : Setting up player-controlled eject. Balls: 1, Target: <playfield.playfield>, player_controlled_eject_event: None
2025-04-19 14:58:25,628 : INFO : ball_device.bd_trough : Adding 1 ball(s) to the eject_queue with target <playfield.playfield>.
2025-04-19 14:58:25,628 : INFO : EventManager : Event: ======'balldevice_balls_available'====== Args={}
2025-04-19 14:58:25,629 : INFO : ball_device.bd_trough : State: waiting_for_target_ready
2025-04-19 14:58:25,629 : INFO : EventManager : Event: ======'balldevice_bd_trough_ball_eject_attempt'====== Args={'balls': 1, 'target': <playfield.playfield>, 'source': <ball_device.bd_trough>, 'mechanical_eject': False, 'num_attempts': 0}
2025-04-19 14:58:25,629 : INFO : ball_device.bd_trough : State: ejecting
2025-04-19 14:58:25,629 : INFO : ball_device.bd_trough : Ejecting ball to <playfield.playfield>
2025-04-19 14:58:25,630 : INFO : EventManager : Event: ======'balldevice_bd_trough_ejecting_ball'====== Args={'balls': 1, 'target': <playfield.playfield>, 'source': <ball_device.bd_trough>, 'mechanical_eject': False, 'num_attempts': 0}
2025-04-19 14:58:25,630 : INFO : EventManager : Event: ======'ball_save_ball_save_ball_save_timer_start'====== Args={}
2025-04-19 14:58:25,631 : INFO : ball_device.bd_trough : Wait for ball to leave device
2025-04-19 14:58:25,631 : INFO : coil.c_trough : Pulsing Driver for 20ms (1.0 pulse_power)
2025-04-19 14:58:25,717 : INFO : SwitchController : <<<<<<< 's_launch' inactive >>>>>>>
2025-04-19 14:58:26,631 : INFO : EventManager : Event: ======'balldevice_bd_trough_ball_eject_failed'====== Args={'target': <playfield.playfield>, 'balls': 1, 'retry': True, 'num_attempts': 1}
2025-04-19 14:58:26,633 : INFO : ball_device.bd_trough : State: waiting_for_target_ready
2025-04-19 14:58:26,633 : INFO : EventManager : Event: ======'balldevice_bd_trough_ball_eject_attempt'====== Args={'balls': 1, 'target': <playfield.playfield>, 'source': <ball_device.bd_trough>, 'mechanical_eject': False, 'num_attempts': 1}
2025-04-19 14:58:26,634 : INFO : ball_device.bd_trough : State: ejecting
2025-04-19 14:58:26,634 : INFO : ball_device.bd_trough : Ejecting ball to <playfield.playfield>
2025-04-19 14:58:26,634 : INFO : EventManager : Event: ======'balldevice_bd_trough_ejecting_ball'====== Args={'balls': 1, 'target': <playfield.playfield>, 'source': <ball_device.bd_trough>, 'mechanical_eject': False, 'num_attempts': 1}
2025-04-19 14:58:26,635 : INFO : ball_device.bd_trough : Wait for ball to leave device
2025-04-19 14:58:26,635 : INFO : coil.c_trough : Pulsing Driver for 20ms (1.0 pulse_power)
2025-04-19 14:58:27,447 : INFO : SwitchController : <<<<<<< 's_trough_4' inactive >>>>>>>
2025-04-19 14:58:27,447 : INFO : ball_device.bd_trough : State: ball_left
2025-04-19 14:58:27,447 : INFO : ball_device.bd_trough : Ball left
2025-04-19 14:58:27,447 : INFO : ball_device.bd_trough : Wait for confirm with timeout 1.0
2025-04-19 14:58:28,448 : INFO : ball_device.bd_trough : State: failed_confirm
2025-04-19 14:58:28,448 : INFO : ball_device.bd_trough : Got timeout (1.0s) before confirm from <playfield.playfield>
2025-04-19 14:58:28,550 : INFO : ball_device.bd_trough : Confirming eject because target is playfield and ball did not return.
2025-04-19 14:58:28,550 : INFO : ball_device.bd_trough : Eject successful
2025-04-19 14:58:28,550 : INFO : EventManager : Event: ======'balldevice_bd_trough_ball_eject_success'====== Args={'balls': 1, 'target': <playfield.playfield>}
2025-04-19 14:58:28,551 : INFO : EventManager : Event: ======'balldevice_playfield_ball_enter'====== Args={'new_balls': 1, 'unclaimed_balls': 1, 'device': <playfield.playfield>}
2025-04-19 14:58:28,551 : INFO : EventManager : Event: ======'playfield_ball_count_change'====== Args={'balls': 1, 'change': 1}
2025-04-19 14:58:28,552 : INFO : EventManager : Event: ======'balldevice_bd_trough_ball_count_changed'====== Args={'balls': 0}
2025-04-19 14:58:28,552 : INFO : ball_device.bd_trough : State: idle
2025-04-19 14:58:28,764 : INFO : SwitchController : <<<<<<< 's_stationary_o' active >>>>>>>
2025-04-19 14:58:28,764 : INFO : EventManager : Event: ======'s_stationary_o_active'====== Args={}
2025-04-19 14:58:28,765 : INFO : EventManager : Event: ======'sw_playfield_active'====== Args={}
2025-04-19 14:58:28,765 : INFO : EventManager : Event: ======'machine_var_audits_switches_s_stationary_o'====== Args={'value': 50, 'prev_value': 49, 'change': 1}
2025-04-19 14:58:28,766 : INFO : EventManager : Event: ======'player_shot_r_o_fleshy'====== Args={'value': 1, 'prev_value': 0, 'change': 1, 'player_num': 1}
2025-04-19 14:58:28,769 : INFO : EventManager : Event: ======'machine_var_audits_shots_r_o_fleshy'====== Args={'value': 50, 'prev_value': 49, 'change': 1}
2025-04-19 14:58:28,769 : INFO : EventManager : Event: ======'r_o_fleshy_hit'====== Args={'profile': 'fleshy_profile', 'state': 'light1lit', 'advancing': True}
2025-04-19 14:58:28,769 : INFO : EventManager : Event: ======'r_o_fleshy_fleshy_profile_hit'====== Args={'profile': 'fleshy_profile', 'state': 'light1lit', 'advancing': True}
2025-04-19 14:58:28,769 : INFO : EventManager : Event: ======'r_o_fleshy_fleshy_profile_light1lit_hit'====== Args={'profile': 'fleshy_profile', 'state': 'light1lit', 'advancing': True}
2025-04-19 14:58:28,769 : INFO : EventManager : Event: ======'r_o_fleshy_light1lit_hit'====== Args={'profile': 'fleshy_profile', 'state': 'light1lit', 'advancing': True}
2025-04-19 14:58:28,769 : INFO : EventManager : Event: ======'machine_var_audits_shots_r_o'====== Args={'value': 50, 'prev_value': 49, 'change': 1}
2025-04-19 14:58:28,769 : INFO : EventManager : Event: ======'r_o_hit'====== Args={'profile': 'sp_base', 'state': 'state_base', 'advancing': False}
2025-04-19 14:58:28,769 : INFO : EventManager : Event: ======'r_o_sp_base_hit'====== Args={'profile': 'sp_base', 'state': 'state_base', 'advancing': False}
2025-04-19 14:58:28,769 : INFO : EventManager : Event: ======'r_o_sp_base_state_base_hit'====== Args={'profile': 'sp_base', 'state': 'state_base', 'advancing': False}
2025-04-19 14:58:28,769 : INFO : EventManager : Event: ======'r_o_state_base_hit'====== Args={'profile': 'sp_base', 'state': 'state_base', 'advancing': False}
2025-04-19 14:58:28,770 : INFO : EventManager : Event: ======'player_shot_r_o_rotate'====== Args={'value': 1, 'prev_value': 0, 'change': 1, 'player_num': 1}
2025-04-19 14:58:28,770 : INFO : EventManager : Event: ======'machine_var_audits_shots_r_o_rotate'====== Args={'value': 50, 'prev_value': 49, 'change': 1}
2025-04-19 14:58:28,770 : INFO : EventManager : Event: ======'r_o_rotate_hit'====== Args={'profile': 'rotate_profile', 'state': 'unlit', 'advancing': True}
2025-04-19 14:58:28,770 : INFO : EventManager : Event: ======'r_o_rotate_rotate_profile_hit'====== Args={'profile': 'rotate_profile', 'state': 'unlit', 'advancing': True}
2025-04-19 14:58:28,770 : INFO : EventManager : Event: ======'r_o_rotate_rotate_profile_unlit_hit'====== Args={'profile': 'rotate_profile', 'state': 'unlit', 'advancing': True}
2025-04-19 14:58:28,770 : INFO : EventManager : Event: ======'r_o_rotate_unlit_hit'====== Args={'profile': 'rotate_profile', 'state': 'unlit', 'advancing': True}
2025-04-19 14:58:28,770 : INFO : EventManager : Event: ======'fleshy_shots_hit'====== Args={'shot': 'r_o_fleshy'}
2025-04-19 14:58:28,770 : INFO : EventManager : Event: ======'fleshy_shots_light1lit_hit'====== Args={'shot': 'r_o_fleshy'}
2025-04-19 14:58:28,771 : INFO : EventManager : Event: ======'player_score'====== Args={'value': 100, 'prev_value': 0, 'change': 100, 'player_num': 1, 'source': 'base'}
2025-04-19 14:58:28,772 : INFO : EventManager : Event: ======'rotate_group_hit'====== Args={'shot': 'r_o_rotate'}
2025-04-19 14:58:28,772 : INFO : EventManager : Event: ======'rotate_group_unlit_hit'====== Args={'shot': 'r_o_rotate'}
2025-04-19 14:58:28,850 : INFO : SwitchController : <<<<<<< 's_stationary_o' inactive >>>>>>>
2025-04-19 14:58:29,531 : INFO : SwitchController : <<<<<<< 's_stationary_u' active >>>>>>>
2025-04-19 14:58:29,532 : INFO : EventManager : Event: ======'s_stationary_u_active'====== Args={}
2025-04-19 14:58:29,532 : INFO : EventManager : Event: ======'sw_playfield_active'====== Args={}
2025-04-19 14:58:29,532 : INFO : EventManager : Event: ======'machine_var_audits_switches_s_stationary_u'====== Args={'value': 30, 'prev_value': 29, 'change': 1}
2025-04-19 14:58:29,533 : INFO : EventManager : Event: ======'machine_var_audits_shots_r_u'====== Args={'value': 30, 'prev_value': 29, 'change': 1}
2025-04-19 14:58:29,533 : INFO : EventManager : Event: ======'r_u_hit'====== Args={'profile': 'sp_base', 'state': 'state_base', 'advancing': False}
2025-04-19 14:58:29,534 : INFO : EventManager : Event: ======'r_u_sp_base_hit'====== Args={'profile': 'sp_base', 'state': 'state_base', 'advancing': False}
2025-04-19 14:58:29,534 : INFO : EventManager : Event: ======'r_u_sp_base_state_base_hit'====== Args={'profile': 'sp_base', 'state': 'state_base', 'advancing': False}
2025-04-19 14:58:29,534 : INFO : EventManager : Event: ======'r_u_state_base_hit'====== Args={'profile': 'sp_base', 'state': 'state_base', 'advancing': False}
2025-04-19 14:58:29,534 : INFO : EventManager : Event: ======'player_shot_r_u_rotate'====== Args={'value': 1, 'prev_value': 0, 'change': 1, 'player_num': 1}
2025-04-19 14:58:29,534 : INFO : EventManager : Event: ======'machine_var_audits_shots_r_u_rotate'====== Args={'value': 30, 'prev_value': 29, 'change': 1}
2025-04-19 14:58:29,535 : INFO : EventManager : Event: ======'r_u_rotate_hit'====== Args={'profile': 'rotate_profile', 'state': 'unlit', 'advancing': True}
2025-04-19 14:58:29,535 : INFO : EventManager : Event: ======'r_u_rotate_rotate_profile_hit'====== Args={'profile': 'rotate_profile', 'state': 'unlit', 'advancing': True}
2025-04-19 14:58:29,535 : INFO : EventManager : Event: ======'r_u_rotate_rotate_profile_unlit_hit'====== Args={'profile': 'rotate_profile', 'state': 'unlit', 'advancing': True}
2025-04-19 14:58:29,535 : INFO : EventManager : Event: ======'r_u_rotate_unlit_hit'====== Args={'profile': 'rotate_profile', 'state': 'unlit', 'advancing': True}
2025-04-19 14:58:29,535 : INFO : EventManager : Event: ======'player_score'====== Args={'value': 200, 'prev_value': 100, 'change': 100, 'player_num': 1, 'source': 'base'}
2025-04-19 14:58:29,538 : INFO : EventManager : Event: ======'rotate_group_hit'====== Args={'shot': 'r_u_rotate'}
2025-04-19 14:58:29,538 : INFO : EventManager : Event: ======'rotate_group_unlit_hit'====== Args={'shot': 'r_u_rotate'}
2025-04-19 14:58:29,620 : INFO : SwitchController : <<<<<<< 's_stationary_u' inactive >>>>>>>
2025-04-19 14:58:30,631 : INFO : EventManager : Event: ======'ball_save_ball_save_ball_save_hurry_up'====== Args={}
2025-04-19 14:58:30,730 : INFO : SwitchController : <<<<<<< 's_flipper_r' active >>>>>>>
2025-04-19 14:58:30,731 : INFO : EventManager : Event: ======'s_flipper_r_active'====== Args={}
2025-04-19 14:58:30,731 : INFO : EventManager : Event: ======'machine_var_audits_switches_s_flipper_r'====== Args={'value': 63, 'prev_value': 62, 'change': 1}
2025-04-19 14:58:30,732 : INFO : EventManager : Event: ======'player_shot_r_o_rotate'====== Args={'value': 0, 'prev_value': 1, 'change': -1, 'player_num': 1}
2025-04-19 14:58:30,733 : INFO : EventManager : Event: ======'player_shot_r_s_rotate'====== Args={'value': 1, 'prev_value': 0, 'change': 1, 'player_num': 1}
2025-04-19 14:58:30,847 : INFO : SwitchController : <<<<<<< 's_flipper_r' inactive >>>>>>>
2025-04-19 14:58:31,932 : INFO : SwitchController : <<<<<<< 's_flipper_r' active >>>>>>>
2025-04-19 14:58:31,932 : INFO : EventManager : Event: ======'s_flipper_r_active'====== Args={}
2025-04-19 14:58:31,933 : INFO : EventManager : Event: ======'machine_var_audits_switches_s_flipper_r'====== Args={'value': 64, 'prev_value': 63, 'change': 1}
2025-04-19 14:58:31,934 : INFO : EventManager : Event: ======'player_shot_r_u_rotate'====== Args={'value': 0, 'prev_value': 1, 'change': -1, 'player_num': 1}
2025-04-19 14:58:31,935 : INFO : EventManager : Event: ======'player_shot_r_e_rotate'====== Args={'value': 1, 'prev_value': 0, 'change': 1, 'player_num': 1}
2025-04-19 14:58:32,065 : INFO : SwitchController : <<<<<<< 's_flipper_r' inactive >>>>>>>
2025-04-19 14:58:33,065 : INFO : SwitchController : <<<<<<< 's_stationary_o' active >>>>>>>
2025-04-19 14:58:33,065 : INFO : EventManager : Event: ======'s_stationary_o_active'====== Args={}
2025-04-19 14:58:33,065 : INFO : EventManager : Event: ======'sw_playfield_active'====== Args={}
2025-04-19 14:58:33,065 : INFO : EventManager : Event: ======'machine_var_audits_switches_s_stationary_o'====== Args={'value': 51, 'prev_value': 50, 'change': 1}
2025-04-19 14:58:33,066 : INFO : EventManager : Event: ======'player_shot_r_o_fleshy'====== Args={'value': 2, 'prev_value': 1, 'change': 1, 'player_num': 1}
2025-04-19 14:58:33,067 : INFO : EventManager : Event: ======'machine_var_audits_shots_r_o_fleshy'====== Args={'value': 51, 'prev_value': 50, 'change': 1}
2025-04-19 14:58:33,069 : INFO : EventManager : Event: ======'r_o_fleshy_hit'====== Args={'profile': 'fleshy_profile', 'state': 'light2lit', 'advancing': True}
2025-04-19 14:58:33,069 : INFO : EventManager : Event: ======'r_o_fleshy_fleshy_profile_hit'====== Args={'profile': 'fleshy_profile', 'state': 'light2lit', 'advancing': True}
2025-04-19 14:58:33,069 : INFO : EventManager : Event: ======'r_o_fleshy_fleshy_profile_light2lit_hit'====== Args={'profile': 'fleshy_profile', 'state': 'light2lit', 'advancing': True}
2025-04-19 14:58:33,069 : INFO : EventManager : Event: ======'r_o_fleshy_light2lit_hit'====== Args={'profile': 'fleshy_profile', 'state': 'light2lit', 'advancing': True}
2025-04-19 14:58:33,070 : INFO : EventManager : Event: ======'machine_var_audits_shots_r_o'====== Args={'value': 51, 'prev_value': 50, 'change': 1}
2025-04-19 14:58:33,070 : INFO : EventManager : Event: ======'r_o_hit'====== Args={'profile': 'sp_base', 'state': 'state_base', 'advancing': False}
2025-04-19 14:58:33,070 : INFO : EventManager : Event: ======'r_o_sp_base_hit'====== Args={'profile': 'sp_base', 'state': 'state_base', 'advancing': False}
2025-04-19 14:58:33,070 : INFO : EventManager : Event: ======'r_o_sp_base_state_base_hit'====== Args={'profile': 'sp_base', 'state': 'state_base', 'advancing': False}
2025-04-19 14:58:33,070 : INFO : EventManager : Event: ======'r_o_state_base_hit'====== Args={'profile': 'sp_base', 'state': 'state_base', 'advancing': False}
2025-04-19 14:58:33,070 : INFO : EventManager : Event: ======'player_shot_r_o_rotate'====== Args={'value': 1, 'prev_value': 0, 'change': 1, 'player_num': 1}
2025-04-19 14:58:33,071 : INFO : EventManager : Event: ======'machine_var_audits_shots_r_o_rotate'====== Args={'value': 51, 'prev_value': 50, 'change': 1}
2025-04-19 14:58:33,071 : INFO : EventManager : Event: ======'r_o_rotate_hit'====== Args={'profile': 'rotate_profile', 'state': 'unlit', 'advancing': True}
2025-04-19 14:58:33,071 : INFO : EventManager : Event: ======'r_o_rotate_rotate_profile_hit'====== Args={'profile': 'rotate_profile', 'state': 'unlit', 'advancing': True}
2025-04-19 14:58:33,071 : INFO : EventManager : Event: ======'r_o_rotate_rotate_profile_unlit_hit'====== Args={'profile': 'rotate_profile', 'state': 'unlit', 'advancing': True}
2025-04-19 14:58:33,071 : INFO : EventManager : Event: ======'r_o_rotate_unlit_hit'====== Args={'profile': 'rotate_profile', 'state': 'unlit', 'advancing': True}
2025-04-19 14:58:33,073 : INFO : EventManager : Event: ======'fleshy_shots_hit'====== Args={'shot': 'r_o_fleshy'}
2025-04-19 14:58:33,073 : INFO : EventManager : Event: ======'fleshy_shots_light2lit_hit'====== Args={'shot': 'r_o_fleshy'}
2025-04-19 14:58:33,073 : INFO : EventManager : Event: ======'player_score'====== Args={'value': 300, 'prev_value': 200, 'change': 100, 'player_num': 1, 'source': 'base'}
2025-04-19 14:58:33,075 : INFO : EventManager : Event: ======'rotate_group_hit'====== Args={'shot': 'r_o_rotate'}
2025-04-19 14:58:33,075 : INFO : EventManager : Event: ======'rotate_group_unlit_hit'====== Args={'shot': 'r_o_rotate'}
2025-04-19 14:58:33,160 : INFO : SwitchController : <<<<<<< 's_stationary_o' inactive >>>>>>>
2025-04-19 14:58:35,631 : INFO : EventManager : Event: ======'ball_save_ball_save_ball_save_grace_period'====== Args={}
2025-04-19 14:58:36,267 : INFO : SwitchController : <<<<<<< 's_stationary_u' active >>>>>>>
2025-04-19 14:58:36,267 : INFO : EventManager : Event: ======'s_stationary_u_active'====== Args={}
2025-04-19 14:58:36,267 : INFO : EventManager : Event: ======'sw_playfield_active'====== Args={}
2025-04-19 14:58:36,267 : INFO : EventManager : Event: ======'machine_var_audits_switches_s_stationary_u'====== Args={'value': 31, 'prev_value': 30, 'change': 1}
2025-04-19 14:58:36,268 : INFO : EventManager : Event: ======'machine_var_audits_shots_r_u'====== Args={'value': 31, 'prev_value': 30, 'change': 1}
2025-04-19 14:58:36,268 : INFO : EventManager : Event: ======'r_u_hit'====== Args={'profile': 'sp_base', 'state': 'state_base', 'advancing': False}
2025-04-19 14:58:36,269 : INFO : EventManager : Event: ======'r_u_sp_base_hit'====== Args={'profile': 'sp_base', 'state': 'state_base', 'advancing': False}
2025-04-19 14:58:36,271 : INFO : EventManager : Event: ======'r_u_sp_base_state_base_hit'====== Args={'profile': 'sp_base', 'state': 'state_base', 'advancing': False}
2025-04-19 14:58:36,272 : INFO : EventManager : Event: ======'r_u_state_base_hit'====== Args={'profile': 'sp_base', 'state': 'state_base', 'advancing': False}
2025-04-19 14:58:36,272 : INFO : EventManager : Event: ======'player_shot_r_u_rotate'====== Args={'value': 1, 'prev_value': 0, 'change': 1, 'player_num': 1}
2025-04-19 14:58:36,272 : INFO : EventManager : Event: ======'machine_var_audits_shots_r_u_rotate'====== Args={'value': 31, 'prev_value': 30, 'change': 1}
2025-04-19 14:58:36,272 : INFO : EventManager : Event: ======'r_u_rotate_hit'====== Args={'profile': 'rotate_profile', 'state': 'unlit', 'advancing': True}
2025-04-19 14:58:36,272 : INFO : EventManager : Event: ======'r_u_rotate_rotate_profile_hit'====== Args={'profile': 'rotate_profile', 'state': 'unlit', 'advancing': True}
2025-04-19 14:58:36,273 : INFO : EventManager : Event: ======'r_u_rotate_rotate_profile_unlit_hit'====== Args={'profile': 'rotate_profile', 'state': 'unlit', 'advancing': True}
2025-04-19 14:58:36,273 : INFO : EventManager : Event: ======'r_u_rotate_unlit_hit'====== Args={'profile': 'rotate_profile', 'state': 'unlit', 'advancing': True}
2025-04-19 14:58:36,273 : INFO : EventManager : Event: ======'player_score'====== Args={'value': 400, 'prev_value': 300, 'change': 100, 'player_num': 1, 'source': 'base'}
2025-04-19 14:58:36,273 : INFO : EventManager : Event: ======'rotate_group_hit'====== Args={'shot': 'r_u_rotate'}
2025-04-19 14:58:36,274 : INFO : EventManager : Event: ======'rotate_group_unlit_hit'====== Args={'shot': 'r_u_rotate'}
2025-04-19 14:58:36,366 : INFO : SwitchController : <<<<<<< 's_stationary_u' inactive >>>>>>>
2025-04-19 14:58:37,631 : INFO : EventManager : Event: ======'ball_save_ball_save_ball_save_disabled'====== Args={}
2025-04-19 14:58:38,197 : INFO : SwitchController : <<<<<<< 's_flipper_r' active >>>>>>>
2025-04-19 14:58:38,197 : INFO : EventManager : Event: ======'s_flipper_r_active'====== Args={}
2025-04-19 14:58:38,198 : INFO : EventManager : Event: ======'machine_var_audits_switches_s_flipper_r'====== Args={'value': 65, 'prev_value': 64, 'change': 1}
2025-04-19 14:58:38,198 : INFO : EventManager : Event: ======'player_shot_r_h_rotate'====== Args={'value': 1, 'prev_value': 0, 'change': 1, 'player_num': 1}
2025-04-19 14:58:38,198 : INFO : EventManager : Event: ======'player_shot_r_o_rotate'====== Args={'value': 0, 'prev_value': 1, 'change': -1, 'player_num': 1}
2025-04-19 14:58:38,314 : INFO : SwitchController : <<<<<<< 's_flipper_r' inactive >>>>>>>
2025-04-19 14:58:39,531 : INFO : SwitchController : <<<<<<< 's_stationary_o' active >>>>>>>
2025-04-19 14:58:39,531 : INFO : EventManager : Event: ======'s_stationary_o_active'====== Args={}
2025-04-19 14:58:39,532 : INFO : EventManager : Event: ======'sw_playfield_active'====== Args={}
2025-04-19 14:58:39,532 : INFO : EventManager : Event: ======'machine_var_audits_switches_s_stationary_o'====== Args={'value': 52, 'prev_value': 51, 'change': 1}
2025-04-19 14:58:39,532 : INFO : EventManager : Event: ======'machine_var_audits_shots_r_o_fleshy'====== Args={'value': 52, 'prev_value': 51, 'change': 1}
2025-04-19 14:58:39,533 : INFO : EventManager : Event: ======'r_o_fleshy_hit'====== Args={'profile': 'fleshy_profile', 'state': 'light3lit', 'advancing': False}
2025-04-19 14:58:39,533 : INFO : EventManager : Event: ======'r_o_fleshy_fleshy_profile_hit'====== Args={'profile': 'fleshy_profile', 'state': 'light3lit', 'advancing': False}
2025-04-19 14:58:39,536 : INFO : EventManager : Event: ======'r_o_fleshy_fleshy_profile_light3lit_hit'====== Args={'profile': 'fleshy_profile', 'state': 'light3lit', 'advancing': False}
2025-04-19 14:58:39,536 : INFO : EventManager : Event: ======'r_o_fleshy_light3lit_hit'====== Args={'profile': 'fleshy_profile', 'state': 'light3lit', 'advancing': False}
2025-04-19 14:58:39,537 : INFO : EventManager : Event: ======'machine_var_audits_shots_r_o'====== Args={'value': 52, 'prev_value': 51, 'change': 1}
2025-04-19 14:58:39,537 : INFO : EventManager : Event: ======'r_o_hit'====== Args={'profile': 'sp_base', 'state': 'state_base', 'advancing': False}
2025-04-19 14:58:39,537 : INFO : EventManager : Event: ======'r_o_sp_base_hit'====== Args={'profile': 'sp_base', 'state': 'state_base', 'advancing': False}
2025-04-19 14:58:39,537 : INFO : EventManager : Event: ======'r_o_sp_base_state_base_hit'====== Args={'profile': 'sp_base', 'state': 'state_base', 'advancing': False}
2025-04-19 14:58:39,537 : INFO : EventManager : Event: ======'r_o_state_base_hit'====== Args={'profile': 'sp_base', 'state': 'state_base', 'advancing': False}
2025-04-19 14:58:39,537 : INFO : EventManager : Event: ======'player_shot_r_o_rotate'====== Args={'value': 1, 'prev_value': 0, 'change': 1, 'player_num': 1}
2025-04-19 14:58:39,538 : INFO : EventManager : Event: ======'machine_var_audits_shots_r_o_rotate'====== Args={'value': 52, 'prev_value': 51, 'change': 1}
2025-04-19 14:58:39,538 : INFO : EventManager : Event: ======'r_o_rotate_hit'====== Args={'profile': 'rotate_profile', 'state': 'unlit', 'advancing': True}
2025-04-19 14:58:39,538 : INFO : EventManager : Event: ======'r_o_rotate_rotate_profile_hit'====== Args={'profile': 'rotate_profile', 'state': 'unlit', 'advancing': True}
2025-04-19 14:58:39,538 : INFO : EventManager : Event: ======'r_o_rotate_rotate_profile_unlit_hit'====== Args={'profile': 'rotate_profile', 'state': 'unlit', 'advancing': True}
2025-04-19 14:58:39,538 : INFO : EventManager : Event: ======'r_o_rotate_unlit_hit'====== Args={'profile': 'rotate_profile', 'state': 'unlit', 'advancing': True}
2025-04-19 14:58:39,539 : INFO : EventManager : Event: ======'fleshy_shots_hit'====== Args={'shot': 'r_o_fleshy'}
2025-04-19 14:58:39,539 : INFO : EventManager : Event: ======'fleshy_shots_light3lit_hit'====== Args={'shot': 'r_o_fleshy'}
2025-04-19 14:58:39,539 : INFO : EventManager : Event: ======'player_score'====== Args={'value': 500, 'prev_value': 400, 'change': 100, 'player_num': 1, 'source': 'base'}
2025-04-19 14:58:39,540 : INFO : EventManager : Event: ======'rotate_group_complete'====== Args={'state': 'hit'}
2025-04-19 14:58:39,540 : INFO : EventManager : Event: ======'rotate_group_hit_complete'====== Args={}
2025-04-19 14:58:39,541 : INFO : EventManager : Event: ======'player_shot_r_h_rotate'====== Args={'value': 0, 'prev_value': 1, 'change': -1, 'player_num': 1}
2025-04-19 14:58:39,541 : INFO : EventManager : Event: ======'player_shot_r_o_rotate'====== Args={'value': 0, 'prev_value': 1, 'change': -1, 'player_num': 1}
2025-04-19 14:58:39,542 : INFO : EventManager : Event: ======'player_shot_r_u_rotate'====== Args={'value': 0, 'prev_value': 1, 'change': -1, 'player_num': 1}
2025-04-19 14:58:39,542 : INFO : EventManager : Event: ======'player_shot_r_s_rotate'====== Args={'value': 0, 'prev_value': 1, 'change': -1, 'player_num': 1}
2025-04-19 14:58:39,542 : INFO : EventManager : Event: ======'player_shot_r_e_rotate'====== Args={'value': 0, 'prev_value': 1, 'change': -1, 'player_num': 1}
2025-04-19 14:58:39,543 : INFO : EventManager : Event: ======'player_score'====== Args={'value': 1500, 'prev_value': 500, 'change': 1000, 'player_num': 1, 'source': 'lane_rotate'}
2025-04-19 14:58:39,543 : INFO : EventManager : Event: ======'player_house_completes'====== Args={'value': 1, 'prev_value': 0, 'change': 1, 'player_num': 1, 'source': 'lane_rotate'}
2025-04-19 14:58:39,543 : INFO : EventManager : Event: ======'rotate_group_complete'====== Args={'state': 'unlit'}
2025-04-19 14:58:39,543 : INFO : EventManager : Event: ======'rotate_group_unlit_complete'====== Args={}
2025-04-19 14:58:39,556 : INFO : EventManager : Event: ======'rotate_group_hit'====== Args={'shot': 'r_o_rotate'}
2025-04-19 14:58:39,556 : INFO : EventManager : Event: ======'rotate_group_unlit_hit'====== Args={'shot': 'r_o_rotate'}
2025-04-19 14:58:39,635 : INFO : SwitchController : <<<<<<< 's_stationary_o' inactive >>>>>>>
2025-04-19 14:58:44,516 : INFO : SwitchController : <<<<<<< 's_stationary_o' active >>>>>>>
2025-04-19 14:58:44,516 : INFO : EventManager : Event: ======'s_stationary_o_active'====== Args={}
2025-04-19 14:58:44,517 : INFO : EventManager : Event: ======'sw_playfield_active'====== Args={}
2025-04-19 14:58:44,517 : INFO : EventManager : Event: ======'machine_var_audits_switches_s_stationary_o'====== Args={'value': 53, 'prev_value': 52, 'change': 1}
2025-04-19 14:58:44,519 : INFO : EventManager : Event: ======'machine_var_audits_shots_r_o_fleshy'====== Args={'value': 53, 'prev_value': 52, 'change': 1}
2025-04-19 14:58:44,519 : INFO : EventManager : Event: ======'r_o_fleshy_hit'====== Args={'profile': 'fleshy_profile', 'state': 'light3lit', 'advancing': False}
2025-04-19 14:58:44,522 : INFO : EventManager : Event: ======'r_o_fleshy_fleshy_profile_hit'====== Args={'profile': 'fleshy_profile', 'state': 'light3lit', 'advancing': False}
2025-04-19 14:58:44,522 : INFO : EventManager : Event: ======'r_o_fleshy_fleshy_profile_light3lit_hit'====== Args={'profile': 'fleshy_profile', 'state': 'light3lit', 'advancing': False}
2025-04-19 14:58:44,522 : INFO : EventManager : Event: ======'r_o_fleshy_light3lit_hit'====== Args={'profile': 'fleshy_profile', 'state': 'light3lit', 'advancing': False}
2025-04-19 14:58:44,522 : INFO : EventManager : Event: ======'machine_var_audits_shots_r_o'====== Args={'value': 53, 'prev_value': 52, 'change': 1}
2025-04-19 14:58:44,522 : INFO : EventManager : Event: ======'r_o_hit'====== Args={'profile': 'sp_base', 'state': 'state_base', 'advancing': False}
2025-04-19 14:58:44,523 : INFO : EventManager : Event: ======'r_o_sp_base_hit'====== Args={'profile': 'sp_base', 'state': 'state_base', 'advancing': False}
2025-04-19 14:58:44,523 : INFO : EventManager : Event: ======'r_o_sp_base_state_base_hit'====== Args={'profile': 'sp_base', 'state': 'state_base', 'advancing': False}
2025-04-19 14:58:44,523 : INFO : EventManager : Event: ======'r_o_state_base_hit'====== Args={'profile': 'sp_base', 'state': 'state_base', 'advancing': False}
2025-04-19 14:58:44,523 : INFO : EventManager : Event: ======'player_shot_r_o_rotate'====== Args={'value': 1, 'prev_value': 0, 'change': 1, 'player_num': 1}
2025-04-19 14:58:44,524 : INFO : EventManager : Event: ======'machine_var_audits_shots_r_o_rotate'====== Args={'value': 53, 'prev_value': 52, 'change': 1}
2025-04-19 14:58:44,524 : INFO : EventManager : Event: ======'r_o_rotate_hit'====== Args={'profile': 'rotate_profile', 'state': 'unlit', 'advancing': True}
2025-04-19 14:58:44,524 : INFO : EventManager : Event: ======'r_o_rotate_rotate_profile_hit'====== Args={'profile': 'rotate_profile', 'state': 'unlit', 'advancing': True}
2025-04-19 14:58:44,524 : INFO : EventManager : Event: ======'r_o_rotate_rotate_profile_unlit_hit'====== Args={'profile': 'rotate_profile', 'state': 'unlit', 'advancing': True}
2025-04-19 14:58:44,524 : INFO : EventManager : Event: ======'r_o_rotate_unlit_hit'====== Args={'profile': 'rotate_profile', 'state': 'unlit', 'advancing': True}
2025-04-19 14:58:44,524 : INFO : EventManager : Event: ======'fleshy_shots_hit'====== Args={'shot': 'r_o_fleshy'}
2025-04-19 14:58:44,524 : INFO : EventManager : Event: ======'fleshy_shots_light3lit_hit'====== Args={'shot': 'r_o_fleshy'}
2025-04-19 14:58:44,524 : INFO : EventManager : Event: ======'player_score'====== Args={'value': 1600, 'prev_value': 1500, 'change': 100, 'player_num': 1, 'source': 'base'}
2025-04-19 14:58:44,527 : INFO : EventManager : Event: ======'rotate_group_hit'====== Args={'shot': 'r_o_rotate'}
2025-04-19 14:58:44,527 : INFO : EventManager : Event: ======'rotate_group_unlit_hit'====== Args={'shot': 'r_o_rotate'}
2025-04-19 14:58:44,614 : INFO : SwitchController : <<<<<<< 's_stationary_o' inactive >>>>>>>
2025-04-19 14:58:45,214 : INFO : SwitchController : <<<<<<< 's_stationary_u' active >>>>>>>
2025-04-19 14:58:45,214 : INFO : EventManager : Event: ======'s_stationary_u_active'====== Args={}
2025-04-19 14:58:45,214 : INFO : EventManager : Event: ======'sw_playfield_active'====== Args={}
2025-04-19 14:58:45,214 : INFO : EventManager : Event: ======'machine_var_audits_switches_s_stationary_u'====== Args={'value': 32, 'prev_value': 31, 'change': 1}
2025-04-19 14:58:45,215 : INFO : EventManager : Event: ======'machine_var_audits_shots_r_u'====== Args={'value': 32, 'prev_value': 31, 'change': 1}
2025-04-19 14:58:45,215 : INFO : EventManager : Event: ======'r_u_hit'====== Args={'profile': 'sp_base', 'state': 'state_base', 'advancing': False}
2025-04-19 14:58:45,215 : INFO : EventManager : Event: ======'r_u_sp_base_hit'====== Args={'profile': 'sp_base', 'state': 'state_base', 'advancing': False}
2025-04-19 14:58:45,216 : INFO : EventManager : Event: ======'r_u_sp_base_state_base_hit'====== Args={'profile': 'sp_base', 'state': 'state_base', 'advancing': False}
2025-04-19 14:58:45,216 : INFO : EventManager : Event: ======'r_u_state_base_hit'====== Args={'profile': 'sp_base', 'state': 'state_base', 'advancing': False}
2025-04-19 14:58:45,216 : INFO : EventManager : Event: ======'player_shot_r_u_rotate'====== Args={'value': 1, 'prev_value': 0, 'change': 1, 'player_num': 1}
2025-04-19 14:58:45,216 : INFO : EventManager : Event: ======'machine_var_audits_shots_r_u_rotate'====== Args={'value': 32, 'prev_value': 31, 'change': 1}
2025-04-19 14:58:45,216 : INFO : EventManager : Event: ======'r_u_rotate_hit'====== Args={'profile': 'rotate_profile', 'state': 'unlit', 'advancing': True}
2025-04-19 14:58:45,217 : INFO : EventManager : Event: ======'r_u_rotate_rotate_profile_hit'====== Args={'profile': 'rotate_profile', 'state': 'unlit', 'advancing': True}
2025-04-19 14:58:45,217 : INFO : EventManager : Event: ======'r_u_rotate_rotate_profile_unlit_hit'====== Args={'profile': 'rotate_profile', 'state': 'unlit', 'advancing': True}
2025-04-19 14:58:45,217 : INFO : EventManager : Event: ======'r_u_rotate_unlit_hit'====== Args={'profile': 'rotate_profile', 'state': 'unlit', 'advancing': True}
2025-04-19 14:58:45,217 : INFO : EventManager : Event: ======'player_score'====== Args={'value': 1700, 'prev_value': 1600, 'change': 100, 'player_num': 1, 'source': 'base'}
2025-04-19 14:58:45,219 : INFO : EventManager : Event: ======'rotate_group_hit'====== Args={'shot': 'r_u_rotate'}
2025-04-19 14:58:45,219 : INFO : EventManager : Event: ======'rotate_group_unlit_hit'====== Args={'shot': 'r_u_rotate'}
2025-04-19 14:58:45,316 : INFO : SwitchController : <<<<<<< 's_stationary_u' inactive >>>>>>>
2025-04-19 14:58:46,414 : INFO : SwitchController : <<<<<<< 's_flipper_r' active >>>>>>>
2025-04-19 14:58:46,414 : INFO : EventManager : Event: ======'s_flipper_r_active'====== Args={}
2025-04-19 14:58:46,415 : INFO : EventManager : Event: ======'machine_var_audits_switches_s_flipper_r'====== Args={'value': 66, 'prev_value': 65, 'change': 1}
2025-04-19 14:58:46,415 : INFO : EventManager : Event: ======'player_shot_r_o_rotate'====== Args={'value': 0, 'prev_value': 1, 'change': -1, 'player_num': 1}
2025-04-19 14:58:46,416 : INFO : EventManager : Event: ======'player_shot_r_s_rotate'====== Args={'value': 1, 'prev_value': 0, 'change': 1, 'player_num': 1}
2025-04-19 14:58:46,547 : INFO : SwitchController : <<<<<<< 's_flipper_r' inactive >>>>>>>
2025-04-19 14:58:46,667 : INFO : SwitchController : <<<<<<< 's_flipper_r' active >>>>>>>
2025-04-19 14:58:46,667 : INFO : EventManager : Event: ======'s_flipper_r_active'====== Args={}
2025-04-19 14:58:46,667 : INFO : EventManager : Event: ======'machine_var_audits_switches_s_flipper_r'====== Args={'value': 67, 'prev_value': 66, 'change': 1}
2025-04-19 14:58:46,668 : INFO : EventManager : Event: ======'player_shot_r_u_rotate'====== Args={'value': 0, 'prev_value': 1, 'change': -1, 'player_num': 1}
2025-04-19 14:58:46,668 : INFO : EventManager : Event: ======'player_shot_r_e_rotate'====== Args={'value': 1, 'prev_value': 0, 'change': 1, 'player_num': 1}
2025-04-19 14:58:46,764 : INFO : SwitchController : <<<<<<< 's_flipper_r' inactive >>>>>>>
2025-04-19 14:58:47,766 : INFO : SwitchController : <<<<<<< 's_stationary_o' active >>>>>>>
2025-04-19 14:58:47,767 : INFO : EventManager : Event: ======'s_stationary_o_active'====== Args={}
2025-04-19 14:58:47,767 : INFO : EventManager : Event: ======'sw_playfield_active'====== Args={}
2025-04-19 14:58:47,767 : INFO : EventManager : Event: ======'machine_var_audits_switches_s_stationary_o'====== Args={'value': 54, 'prev_value': 53, 'change': 1}
2025-04-19 14:58:47,768 : INFO : EventManager : Event: ======'machine_var_audits_shots_r_o_fleshy'====== Args={'value': 54, 'prev_value': 53, 'change': 1}
2025-04-19 14:58:47,769 : INFO : EventManager : Event: ======'r_o_fleshy_hit'====== Args={'profile': 'fleshy_profile', 'state': 'light3lit', 'advancing': False}
2025-04-19 14:58:47,769 : INFO : EventManager : Event: ======'r_o_fleshy_fleshy_profile_hit'====== Args={'profile': 'fleshy_profile', 'state': 'light3lit', 'advancing': False}
2025-04-19 14:58:47,769 : INFO : EventManager : Event: ======'r_o_fleshy_fleshy_profile_light3lit_hit'====== Args={'profile': 'fleshy_profile', 'state': 'light3lit', 'advancing': False}
2025-04-19 14:58:47,769 : INFO : EventManager : Event: ======'r_o_fleshy_light3lit_hit'====== Args={'profile': 'fleshy_profile', 'state': 'light3lit', 'advancing': False}
2025-04-19 14:58:47,769 : INFO : EventManager : Event: ======'machine_var_audits_shots_r_o'====== Args={'value': 54, 'prev_value': 53, 'change': 1}
2025-04-19 14:58:47,770 : INFO : EventManager : Event: ======'r_o_hit'====== Args={'profile': 'sp_base', 'state': 'state_base', 'advancing': False}
2025-04-19 14:58:47,770 : INFO : EventManager : Event: ======'r_o_sp_base_hit'====== Args={'profile': 'sp_base', 'state': 'state_base', 'advancing': False}
2025-04-19 14:58:47,770 : INFO : EventManager : Event: ======'r_o_sp_base_state_base_hit'====== Args={'profile': 'sp_base', 'state': 'state_base', 'advancing': False}
2025-04-19 14:58:47,770 : INFO : EventManager : Event: ======'r_o_state_base_hit'====== Args={'profile': 'sp_base', 'state': 'state_base', 'advancing': False}
2025-04-19 14:58:47,770 : INFO : EventManager : Event: ======'player_shot_r_o_rotate'====== Args={'value': 1, 'prev_value': 0, 'change': 1, 'player_num': 1}
2025-04-19 14:58:47,771 : INFO : EventManager : Event: ======'machine_var_audits_shots_r_o_rotate'====== Args={'value': 54, 'prev_value': 53, 'change': 1}
2025-04-19 14:58:47,771 : INFO : EventManager : Event: ======'r_o_rotate_hit'====== Args={'profile': 'rotate_profile', 'state': 'unlit', 'advancing': True}
2025-04-19 14:58:47,771 : INFO : EventManager : Event: ======'r_o_rotate_rotate_profile_hit'====== Args={'profile': 'rotate_profile', 'state': 'unlit', 'advancing': True}
2025-04-19 14:58:47,771 : INFO : EventManager : Event: ======'r_o_rotate_rotate_profile_unlit_hit'====== Args={'profile': 'rotate_profile', 'state': 'unlit', 'advancing': True}
2025-04-19 14:58:47,771 : INFO : EventManager : Event: ======'r_o_rotate_unlit_hit'====== Args={'profile': 'rotate_profile', 'state': 'unlit', 'advancing': True}
2025-04-19 14:58:47,771 : INFO : EventManager : Event: ======'fleshy_shots_hit'====== Args={'shot': 'r_o_fleshy'}
2025-04-19 14:58:47,772 : INFO : EventManager : Event: ======'fleshy_shots_light3lit_hit'====== Args={'shot': 'r_o_fleshy'}
2025-04-19 14:58:47,772 : INFO : EventManager : Event: ======'player_score'====== Args={'value': 1800, 'prev_value': 1700, 'change': 100, 'player_num': 1, 'source': 'base'}
2025-04-19 14:58:47,775 : INFO : EventManager : Event: ======'rotate_group_hit'====== Args={'shot': 'r_o_rotate'}
2025-04-19 14:58:47,775 : INFO : EventManager : Event: ======'rotate_group_unlit_hit'====== Args={'shot': 'r_o_rotate'}
2025-04-19 14:58:47,854 : INFO : SwitchController : <<<<<<< 's_stationary_o' inactive >>>>>>>
2025-04-19 14:58:48,431 : INFO : SwitchController : <<<<<<< 's_stationary_u' active >>>>>>>
2025-04-19 14:58:48,432 : INFO : EventManager : Event: ======'s_stationary_u_active'====== Args={}
2025-04-19 14:58:48,432 : INFO : EventManager : Event: ======'sw_playfield_active'====== Args={}
2025-04-19 14:58:48,432 : INFO : EventManager : Event: ======'machine_var_audits_switches_s_stationary_u'====== Args={'value': 33, 'prev_value': 32, 'change': 1}
2025-04-19 14:58:48,433 : INFO : EventManager : Event: ======'machine_var_audits_shots_r_u'====== Args={'value': 33, 'prev_value': 32, 'change': 1}
2025-04-19 14:58:48,433 : INFO : EventManager : Event: ======'r_u_hit'====== Args={'profile': 'sp_base', 'state': 'state_base', 'advancing': False}
2025-04-19 14:58:48,433 : INFO : EventManager : Event: ======'r_u_sp_base_hit'====== Args={'profile': 'sp_base', 'state': 'state_base', 'advancing': False}
2025-04-19 14:58:48,434 : INFO : EventManager : Event: ======'r_u_sp_base_state_base_hit'====== Args={'profile': 'sp_base', 'state': 'state_base', 'advancing': False}
2025-04-19 14:58:48,434 : INFO : EventManager : Event: ======'r_u_state_base_hit'====== Args={'profile': 'sp_base', 'state': 'state_base', 'advancing': False}
2025-04-19 14:58:48,434 : INFO : EventManager : Event: ======'player_shot_r_u_rotate'====== Args={'value': 1, 'prev_value': 0, 'change': 1, 'player_num': 1}
2025-04-19 14:58:48,434 : INFO : EventManager : Event: ======'machine_var_audits_shots_r_u_rotate'====== Args={'value': 33, 'prev_value': 32, 'change': 1}
2025-04-19 14:58:48,435 : INFO : EventManager : Event: ======'r_u_rotate_hit'====== Args={'profile': 'rotate_profile', 'state': 'unlit', 'advancing': True}
2025-04-19 14:58:48,435 : INFO : EventManager : Event: ======'r_u_rotate_rotate_profile_hit'====== Args={'profile': 'rotate_profile', 'state': 'unlit', 'advancing': True}
2025-04-19 14:58:48,435 : INFO : EventManager : Event: ======'r_u_rotate_rotate_profile_unlit_hit'====== Args={'profile': 'rotate_profile', 'state': 'unlit', 'advancing': True}
2025-04-19 14:58:48,435 : INFO : EventManager : Event: ======'r_u_rotate_unlit_hit'====== Args={'profile': 'rotate_profile', 'state': 'unlit', 'advancing': True}
2025-04-19 14:58:48,435 : INFO : EventManager : Event: ======'player_score'====== Args={'value': 1900, 'prev_value': 1800, 'change': 100, 'player_num': 1, 'source': 'base'}
2025-04-19 14:58:48,437 : INFO : EventManager : Event: ======'rotate_group_hit'====== Args={'shot': 'r_u_rotate'}
2025-04-19 14:58:48,437 : INFO : EventManager : Event: ======'rotate_group_unlit_hit'====== Args={'shot': 'r_u_rotate'}
2025-04-19 14:58:48,533 : INFO : SwitchController : <<<<<<< 's_stationary_u' inactive >>>>>>>
2025-04-19 14:58:49,466 : INFO : SwitchController : <<<<<<< 's_flipper_r' active >>>>>>>
2025-04-19 14:58:49,466 : INFO : EventManager : Event: ======'s_flipper_r_active'====== Args={}
2025-04-19 14:58:49,467 : INFO : EventManager : Event: ======'machine_var_audits_switches_s_flipper_r'====== Args={'value': 68, 'prev_value': 67, 'change': 1}
2025-04-19 14:58:49,467 : INFO : EventManager : Event: ======'player_shot_r_h_rotate'====== Args={'value': 1, 'prev_value': 0, 'change': 1, 'player_num': 1}
2025-04-19 14:58:49,467 : INFO : EventManager : Event: ======'player_shot_r_o_rotate'====== Args={'value': 0, 'prev_value': 1, 'change': -1, 'player_num': 1}
2025-04-19 14:58:49,580 : INFO : SwitchController : <<<<<<< 's_flipper_r' inactive >>>>>>>
2025-04-19 14:58:50,600 : INFO : SwitchController : <<<<<<< 's_stationary_o' active >>>>>>>
2025-04-19 14:58:50,600 : INFO : EventManager : Event: ======'s_stationary_o_active'====== Args={}
2025-04-19 14:58:50,600 : INFO : EventManager : Event: ======'sw_playfield_active'====== Args={}
2025-04-19 14:58:50,601 : INFO : EventManager : Event: ======'machine_var_audits_switches_s_stationary_o'====== Args={'value': 55, 'prev_value': 54, 'change': 1}
2025-04-19 14:58:50,601 : INFO : EventManager : Event: ======'machine_var_audits_shots_r_o_fleshy'====== Args={'value': 55, 'prev_value': 54, 'change': 1}
2025-04-19 14:58:50,602 : INFO : EventManager : Event: ======'r_o_fleshy_hit'====== Args={'profile': 'fleshy_profile', 'state': 'light3lit', 'advancing': False}
2025-04-19 14:58:50,605 : INFO : EventManager : Event: ======'r_o_fleshy_fleshy_profile_hit'====== Args={'profile': 'fleshy_profile', 'state': 'light3lit', 'advancing': False}
2025-04-19 14:58:50,605 : INFO : EventManager : Event: ======'r_o_fleshy_fleshy_profile_light3lit_hit'====== Args={'profile': 'fleshy_profile', 'state': 'light3lit', 'advancing': False}
2025-04-19 14:58:50,605 : INFO : EventManager : Event: ======'r_o_fleshy_light3lit_hit'====== Args={'profile': 'fleshy_profile', 'state': 'light3lit', 'advancing': False}
2025-04-19 14:58:50,606 : INFO : EventManager : Event: ======'machine_var_audits_shots_r_o'====== Args={'value': 55, 'prev_value': 54, 'change': 1}
2025-04-19 14:58:50,606 : INFO : EventManager : Event: ======'r_o_hit'====== Args={'profile': 'sp_base', 'state': 'state_base', 'advancing': False}
2025-04-19 14:58:50,606 : INFO : EventManager : Event: ======'r_o_sp_base_hit'====== Args={'profile': 'sp_base', 'state': 'state_base', 'advancing': False}
2025-04-19 14:58:50,606 : INFO : EventManager : Event: ======'r_o_sp_base_state_base_hit'====== Args={'profile': 'sp_base', 'state': 'state_base', 'advancing': False}
2025-04-19 14:58:50,606 : INFO : EventManager : Event: ======'r_o_state_base_hit'====== Args={'profile': 'sp_base', 'state': 'state_base', 'advancing': False}
2025-04-19 14:58:50,606 : INFO : EventManager : Event: ======'player_shot_r_o_rotate'====== Args={'value': 1, 'prev_value': 0, 'change': 1, 'player_num': 1}
2025-04-19 14:58:50,606 : INFO : EventManager : Event: ======'machine_var_audits_shots_r_o_rotate'====== Args={'value': 55, 'prev_value': 54, 'change': 1}
2025-04-19 14:58:50,607 : INFO : EventManager : Event: ======'r_o_rotate_hit'====== Args={'profile': 'rotate_profile', 'state': 'unlit', 'advancing': True}
2025-04-19 14:58:50,607 : INFO : EventManager : Event: ======'r_o_rotate_rotate_profile_hit'====== Args={'profile': 'rotate_profile', 'state': 'unlit', 'advancing': True}
2025-04-19 14:58:50,607 : INFO : EventManager : Event: ======'r_o_rotate_rotate_profile_unlit_hit'====== Args={'profile': 'rotate_profile', 'state': 'unlit', 'advancing': True}
2025-04-19 14:58:50,607 : INFO : EventManager : Event: ======'r_o_rotate_unlit_hit'====== Args={'profile': 'rotate_profile', 'state': 'unlit', 'advancing': True}
2025-04-19 14:58:50,607 : INFO : EventManager : Event: ======'fleshy_shots_hit'====== Args={'shot': 'r_o_fleshy'}
2025-04-19 14:58:50,607 : INFO : EventManager : Event: ======'fleshy_shots_light3lit_hit'====== Args={'shot': 'r_o_fleshy'}
2025-04-19 14:58:50,607 : INFO : EventManager : Event: ======'player_score'====== Args={'value': 2000, 'prev_value': 1900, 'change': 100, 'player_num': 1, 'source': 'base'}
2025-04-19 14:58:50,607 : INFO : EventManager : Event: ======'rotate_group_complete'====== Args={'state': 'hit'}
2025-04-19 14:58:50,607 : INFO : EventManager : Event: ======'rotate_group_hit_complete'====== Args={}
2025-04-19 14:58:50,608 : INFO : EventManager : Event: ======'player_shot_r_h_rotate'====== Args={'value': 0, 'prev_value': 1, 'change': -1, 'player_num': 1}
2025-04-19 14:58:50,608 : INFO : EventManager : Event: ======'player_shot_r_o_rotate'====== Args={'value': 0, 'prev_value': 1, 'change': -1, 'player_num': 1}
2025-04-19 14:58:50,608 : INFO : EventManager : Event: ======'player_shot_r_u_rotate'====== Args={'value': 0, 'prev_value': 1, 'change': -1, 'player_num': 1}
2025-04-19 14:58:50,608 : INFO : EventManager : Event: ======'player_shot_r_s_rotate'====== Args={'value': 0, 'prev_value': 1, 'change': -1, 'player_num': 1}
2025-04-19 14:58:50,608 : INFO : EventManager : Event: ======'player_shot_r_e_rotate'====== Args={'value': 0, 'prev_value': 1, 'change': -1, 'player_num': 1}
2025-04-19 14:58:50,609 : INFO : EventManager : Event: ======'3_ball_qualify_start'====== Args={'priority': 0}
2025-04-19 14:58:50,609 : INFO : EventManager : Event: ======'player_score'====== Args={'value': 3000, 'prev_value': 2000, 'change': 1000, 'player_num': 1, 'source': 'lane_rotate'}
2025-04-19 14:58:50,609 : INFO : EventManager : Event: ======'player_house_completes'====== Args={'value': 2, 'prev_value': 1, 'change': 1, 'player_num': 1, 'source': 'lane_rotate'}
2025-04-19 14:58:50,609 : INFO : EventManager : Event: ======'rotate_group_complete'====== Args={'state': 'unlit'}
2025-04-19 14:58:50,609 : INFO : EventManager : Event: ======'rotate_group_unlit_complete'====== Args={}
2025-04-19 14:58:50,613 : INFO : EventManager : Event: ======'mode_mult_3_ball_qualify_will_start'====== Args={'priority': 0}
2025-04-19 14:58:50,613 : INFO : EventManager : Event: ======'player_shot_r_3_ball_enabled'====== Args={'value': True, 'prev_value': 0, 'change': 1, 'player_num': 1}
2025-04-19 14:58:50,613 : INFO : EventManager : Event: ======'mode_mult_3_ball_qualify_starting'====== Args={'priority': 0}
2025-04-19 14:58:50,615 : INFO : EventManager : Event: ======'rotate_group_hit'====== Args={'shot': 'r_o_rotate'}
2025-04-19 14:58:50,615 : INFO : EventManager : Event: ======'rotate_group_unlit_hit'====== Args={'shot': 'r_o_rotate'}
2025-04-19 14:58:50,615 : INFO : Mode.mult_3_ball_qualify : Started. Priority: 190
2025-04-19 14:58:50,615 : INFO : EventManager : Event: ======'modes_active_modes_changed'====== Args={}
2025-04-19 14:58:50,615 : INFO : EventManager : Event: ======'mode_mult_3_ball_qualify_started'====== Args={'priority': 0}
2025-04-19 14:58:50,697 : INFO : SwitchController : <<<<<<< 's_stationary_o' inactive >>>>>>>
2025-04-19 14:58:54,731 : INFO : SwitchController : <<<<<<< 's_vuk' active >>>>>>>
2025-04-19 14:58:54,731 : INFO : EventManager : Event: ======'s_vuk_active'====== Args={}
2025-04-19 14:58:54,732 : INFO : EventManager : Event: ======'machine_var_audits_switches_s_vuk'====== Args={'value': 4, 'prev_value': 3, 'change': 1}
2025-04-19 14:58:54,733 : INFO : EventManager : Event: ======'machine_var_audits_shots_r_3_ball'====== Args={'value': 4, 'prev_value': 3, 'change': 1}
2025-04-19 14:58:54,735 : INFO : EventManager : Event: ======'r_3_ball_hit'====== Args={'profile': '3_ball_qualify_profile', 'state': 'light3balllit', 'advancing': False}
2025-04-19 14:58:54,735 : INFO : EventManager : Event: ======'r_3_ball_3_ball_qualify_profile_hit'====== Args={'profile': '3_ball_qualify_profile', 'state': 'light3balllit', 'advancing': False}
2025-04-19 14:58:54,735 : INFO : EventManager : Event: ======'r_3_ball_3_ball_qualify_profile_light3balllit_hit'====== Args={'profile': '3_ball_qualify_profile', 'state': 'light3balllit', 'advancing': False}
2025-04-19 14:58:54,735 : INFO : EventManager : Event: ======'r_3_ball_light3balllit_hit'====== Args={'profile': '3_ball_qualify_profile', 'state': 'light3balllit', 'advancing': False}
2025-04-19 14:58:54,735 : INFO : EventManager : Event: ======'machine_var_audits_shots_r_vuk'====== Args={'value': 4, 'prev_value': 3, 'change': 1}
2025-04-19 14:58:54,735 : INFO : EventManager : Event: ======'r_vuk_hit'====== Args={'profile': 'sp_base', 'state': 'state_base', 'advancing': False}
2025-04-19 14:58:54,735 : INFO : EventManager : Event: ======'r_vuk_sp_base_hit'====== Args={'profile': 'sp_base', 'state': 'state_base', 'advancing': False}
2025-04-19 14:58:54,735 : INFO : EventManager : Event: ======'r_vuk_sp_base_state_base_hit'====== Args={'profile': 'sp_base', 'state': 'state_base', 'advancing': False}
2025-04-19 14:58:54,735 : INFO : EventManager : Event: ======'r_vuk_state_base_hit'====== Args={'profile': 'sp_base', 'state': 'state_base', 'advancing': False}
2025-04-19 14:58:54,735 : INFO : EventManager : Event: ======'mult_3_ball_start'====== Args={'priority': 0}
2025-04-19 14:58:54,736 : INFO : EventManager : Event: ======'3_ball_qualify_stop'====== Args={'priority': 0}
2025-04-19 14:58:54,736 : INFO : EventManager : Event: ======'mode_mult_3_ball_will_start'====== Args={'priority': 0}
2025-04-19 14:58:54,736 : INFO : EventManager : Event: ======'player_shot_r_right_orbit_3_ball_enabled'====== Args={'value': True, 'prev_value': 0, 'change': 1, 'player_num': 1}
2025-04-19 14:58:54,737 : INFO : EventManager : Event: ======'player_shot_r_pop_fleshy_enabled'====== Args={'value': True, 'prev_value': 0, 'change': 1, 'player_num': 1}
2025-04-19 14:58:54,738 : INFO : EventManager : Event: ======'mode_mult_3_ball_starting'====== Args={'priority': 0}
2025-04-19 14:58:54,738 : INFO : EventManager : Event: ======'mode_mult_3_ball_qualify_will_stop'====== Args={}
2025-04-19 14:58:54,738 : INFO : EventManager : Event: ======'mode_mult_3_ball_qualify_stopping'====== Args={}
2025-04-19 14:58:54,738 : INFO : Mode.mult_3_ball_qualify : Stopped.
2025-04-19 14:58:54,738 : INFO : EventManager : Event: ======'modes_active_modes_changed'====== Args={}
2025-04-19 14:58:54,739 : INFO : EventManager : Event: ======'mode_mult_3_ball_qualify_stopped'====== Args={}
2025-04-19 14:58:54,739 : INFO : EventManager : Event: ======'clear'====== Args={'key': 'mult_3_ball_qualify'}
2025-04-19 14:58:54,739 : INFO : Mode.mult_3_ball : Started. Priority: 190
2025-04-19 14:58:54,739 : INFO : EventManager : Event: ======'modes_active_modes_changed'====== Args={}
2025-04-19 14:58:54,739 : INFO : EventManager : Event: ======'fleshy_qualify_stop'====== Args={}
2025-04-19 14:58:54,739 : INFO : EventManager : Event: ======'mode_mult_3_ball_started'====== Args={'priority': 0}
2025-04-19 14:58:54,739 : INFO : EventManager : Event: ======'mode_mult_fleshy_qualify_will_stop'====== Args={}
2025-04-19 14:58:54,739 : INFO : EventManager : Event: ======'mode_mult_fleshy_qualify_stopping'====== Args={}
2025-04-19 14:58:54,740 : INFO : EventManager : Event: ======'ball_save_3_ball_save_enabled'====== Args={}
2025-04-19 14:58:54,740 : WARNING : Mode.game : Balls in play have been capped by num_balls_known.
2025-04-19 14:58:54,740 : INFO : EventManager : Event: ======'balls_in_play'====== Args={'balls': 1}
2025-04-19 14:58:54,740 : INFO : ball_device.bd_trough : Adding 2 ball(s) to the eject_queue with target <playfield.playfield>.
2025-04-19 14:58:54,740 : INFO : EventManager : Event: ======'multiball_3_ball_multiball_shoot_again_ended'====== Args={}
2025-04-19 14:58:54,740 : INFO : EventManager : Event: ======'multiball_3_ball_multiball_started'====== Args={'balls': 3}
2025-04-19 14:58:54,740 : INFO : EventManager : Event: ======'player_house_completes'====== Args={'value': 0, 'prev_value': 2, 'change': -2, 'player_num': 1, 'source': 'mult_3_ball'}
2025-04-19 14:58:54,740 : INFO : EventManager : Event: ======'stop_modes_during_multiball'====== Args={'priority': 0}
2025-04-19 14:58:54,741 : INFO : Mode.mult_fleshy_qualify : Stopped.
2025-04-19 14:58:54,741 : INFO : EventManager : Event: ======'modes_active_modes_changed'====== Args={}
2025-04-19 14:58:54,741 : INFO : EventManager : Event: ======'mode_mult_fleshy_qualify_stopped'====== Args={}
2025-04-19 14:58:54,741 : INFO : EventManager : Event: ======'clear'====== Args={'key': 'mult_fleshy_qualify'}
2025-04-19 14:58:54,834 : INFO : SwitchController : <<<<<<< 's_vuk' inactive >>>>>>>
2025-04-19 14:58:55,964 : INFO : SwitchController : <<<<<<< 's_vuk' active >>>>>>>
2025-04-19 14:58:55,964 : INFO : EventManager : Event: ======'s_vuk_active'====== Args={}
2025-04-19 14:58:55,964 : INFO : EventManager : Event: ======'machine_var_audits_switches_s_vuk'====== Args={'value': 5, 'prev_value': 4, 'change': 1}
2025-04-19 14:58:55,965 : INFO : EventManager : Event: ======'machine_var_audits_shots_r_vuk'====== Args={'value': 5, 'prev_value': 4, 'change': 1}
2025-04-19 14:58:55,965 : INFO : EventManager : Event: ======'r_vuk_hit'====== Args={'profile': 'sp_base', 'state': 'state_base', 'advancing': False}
2025-04-19 14:58:55,965 : INFO : EventManager : Event: ======'r_vuk_sp_base_hit'====== Args={'profile': 'sp_base', 'state': 'state_base', 'advancing': False}
2025-04-19 14:58:55,966 : INFO : EventManager : Event: ======'r_vuk_sp_base_state_base_hit'====== Args={'profile': 'sp_base', 'state': 'state_base', 'advancing': False}
2025-04-19 14:58:55,966 : INFO : EventManager : Event: ======'r_vuk_state_base_hit'====== Args={'profile': 'sp_base', 'state': 'state_base', 'advancing': False}
2025-04-19 14:58:56,114 : INFO : SwitchController : <<<<<<< 's_vuk' inactive >>>>>>>
2025-04-19 14:58:57,937 : INFO : Machine : Shutting down...
2025-04-19 14:58:57,937 : INFO : EventManager : Event: ======'shutdown'====== Args={}
2025-04-19 14:58:57,939 : INFO : EventManager : Event: ======'mode_game_will_stop'====== Args={}
2025-04-19 14:58:57,939 : INFO : EventManager : Event: ======'mode_game_stopping'====== Args={}
2025-04-19 14:58:57,940 : INFO : EventManager : Event: ======'mode_start_ball_save_will_stop'====== Args={}
2025-04-19 14:58:57,940 : INFO : EventManager : Event: ======'mode_start_ball_save_stopping'====== Args={}
2025-04-19 14:58:57,940 : INFO : EventManager : Event: ======'mode_mult_3_ball_will_stop'====== Args={}
2025-04-19 14:58:57,940 : INFO : EventManager : Event: ======'mode_mult_3_ball_stopping'====== Args={}
2025-04-19 14:58:57,940 : INFO : EventManager : Event: ======'mode_base_will_stop'====== Args={}
2025-04-19 14:58:57,940 : INFO : EventManager : Event: ======'mode_base_stopping'====== Args={}
2025-04-19 14:58:57,940 : INFO : EventManager : Event: ======'mode_lane_rotate_will_stop'====== Args={}
2025-04-19 14:58:57,940 : INFO : EventManager : Event: ======'mode_lane_rotate_stopping'====== Args={}
2025-04-19 14:58:57,940 : INFO : Mode.lane_rotate : Stopped.
2025-04-19 14:58:57,940 : INFO : EventManager : Event: ======'modes_active_modes_changed'====== Args={}
2025-04-19 14:58:57,940 : INFO : EventManager : Event: ======'mode_lane_rotate_stopped'====== Args={}
2025-04-19 14:58:57,940 : INFO : EventManager : Event: ======'clear'====== Args={'key': 'lane_rotate'}
2025-04-19 14:58:57,940 : INFO : Mode.base : Stopped.
2025-04-19 14:58:57,940 : INFO : EventManager : Event: ======'modes_active_modes_changed'====== Args={}
2025-04-19 14:58:57,940 : INFO : EventManager : Event: ======'mode_base_stopped'====== Args={}
2025-04-19 14:58:57,940 : INFO : EventManager : Event: ======'clear'====== Args={'key': 'base'}
2025-04-19 14:58:57,941 : INFO : EventManager : Event: ======'ball_save_ball_save_pop_disabled'====== Args={}
2025-04-19 14:58:57,941 : INFO : Mode.mult_3_ball : Stopped.
2025-04-19 14:58:57,941 : INFO : EventManager : Event: ======'modes_active_modes_changed'====== Args={}
2025-04-19 14:58:57,941 : INFO : EventManager : Event: ======'fleshy_qualify_start'====== Args={}
2025-04-19 14:58:57,941 : INFO : EventManager : Event: ======'mode_mult_3_ball_stopped'====== Args={}
2025-04-19 14:58:57,941 : INFO : EventManager : Event: ======'clear'====== Args={'key': 'mult_3_ball'}
2025-04-19 14:58:57,941 : INFO : EventManager : Event: ======'mode_mult_fleshy_qualify_will_start'====== Args={}
2025-04-19 14:58:57,941 : INFO : EventManager : Event: ======'mode_mult_fleshy_qualify_starting'====== Args={}
2025-04-19 14:58:57,942 : INFO : EventManager : Event: ======'ball_save_3_ball_save_disabled'====== Args={}
2025-04-19 14:58:57,942 : INFO : Mode.mult_fleshy_qualify : Will not start because machine is shutting down.
2025-04-19 14:58:57,942 : INFO : Mode.start_ball_save : Stopped.
2025-04-19 14:58:57,942 : INFO : EventManager : Event: ======'modes_active_modes_changed'====== Args={}
2025-04-19 14:58:57,942 : INFO : EventManager : Event: ======'mode_start_ball_save_stopped'====== Args={}
2025-04-19 14:58:57,942 : INFO : EventManager : Event: ======'clear'====== Args={'key': 'start_ball_save'}
2025-04-19 14:58:57,942 : INFO : Mode.game : Stopped.
2025-04-19 14:58:57,942 : INFO : EventManager : Event: ======'modes_active_modes_changed'====== Args={}
2025-04-19 14:58:57,942 : INFO : EventManager : Event: ======'mode_game_stopped'====== Args={}
2025-04-19 14:58:57,942 : INFO : EventManager : Event: ======'clear'====== Args={'key': 'game'}
2025-04-19 14:58:57,949 : INFO : root : MPF run loop ended.
