2025-04-19 07:03:23,988 : INFO : root : Loading config.
2025-04-19 07:03:23,991 : INFO : YamlMultifileConfigLoader : Machine config file #1: config.yaml
2025-04-19 07:03:23,991 : INFO : ConfigProcessor : Loading config from cache: /var/folders/l2/q8hj_6s91xnb2jxg1sqm0h7r0000gn/T/6ff7b030602f0995afddaebb699d5ec1.mpf_cache
2025-04-19 07:03:24,021 : INFO : ConfigProcessor : Loading config from cache: /var/folders/l2/q8hj_6s91xnb2jxg1sqm0h7r0000gn/T/5734f584a69cbb232024905ea29487b8.mpf_cache
2025-04-19 07:03:24,022 : INFO : ConfigProcessor : Loading config from cache: /var/folders/l2/q8hj_6s91xnb2jxg1sqm0h7r0000gn/T/bd1387dfa7de7ffc5bacad015019c743.mpf_cache
2025-04-19 07:03:24,022 : INFO : ConfigProcessor : Loading config from cache: /var/folders/l2/q8hj_6s91xnb2jxg1sqm0h7r0000gn/T/f97c90855879603280fcc571f5c42639.mpf_cache
2025-04-19 07:03:24,022 : INFO : ConfigProcessor : Loading config from cache: /var/folders/l2/q8hj_6s91xnb2jxg1sqm0h7r0000gn/T/5734f584a69cbb232024905ea29487b8.mpf_cache
2025-04-19 07:03:24,022 : INFO : ConfigProcessor : Loading config from cache: /var/folders/l2/q8hj_6s91xnb2jxg1sqm0h7r0000gn/T/1875c266911f801b691956fe9e9284d6.mpf_cache
2025-04-19 07:03:24,022 : INFO : ConfigProcessor : Loading config from cache: /var/folders/l2/q8hj_6s91xnb2jxg1sqm0h7r0000gn/T/5336ce152edc820b26f3a51a9f95779b.mpf_cache
2025-04-19 07:03:24,023 : INFO : ConfigProcessor : Loading config from cache: /var/folders/l2/q8hj_6s91xnb2jxg1sqm0h7r0000gn/T/584196ece55f676a535bfbda3a88171a.mpf_cache
2025-04-19 07:03:24,023 : INFO : ConfigProcessor : Loading config from cache: /var/folders/l2/q8hj_6s91xnb2jxg1sqm0h7r0000gn/T/580ec13747cbd889de997403d41329e7.mpf_cache
2025-04-19 07:03:24,023 : INFO : ConfigProcessor : Loading config from cache: /var/folders/l2/q8hj_6s91xnb2jxg1sqm0h7r0000gn/T/4b1e343fa9806c398ec7ee103dcfa7e2.mpf_cache
2025-04-19 07:03:24,023 : INFO : ConfigProcessor : Loading config from cache: /var/folders/l2/q8hj_6s91xnb2jxg1sqm0h7r0000gn/T/66764f8b68b26fdba6c1f2bce3638479.mpf_cache
2025-04-19 07:03:24,024 : INFO : ConfigProcessor : Loading config from cache: /var/folders/l2/q8hj_6s91xnb2jxg1sqm0h7r0000gn/T/da25988703320750b4162c9008d660a0.mpf_cache
2025-04-19 07:03:24,024 : INFO : ConfigProcessor : Loading config from cache: /var/folders/l2/q8hj_6s91xnb2jxg1sqm0h7r0000gn/T/c3c7ba911a0619b65be5584a0c6df5cc.mpf_cache
2025-04-19 07:03:24,024 : INFO : ConfigProcessor : Loading config from cache: /var/folders/l2/q8hj_6s91xnb2jxg1sqm0h7r0000gn/T/9154f5307000602af503103d48882de0.mpf_cache
2025-04-19 07:03:24,025 : INFO : ConfigProcessor : Loading config from cache: /var/folders/l2/q8hj_6s91xnb2jxg1sqm0h7r0000gn/T/a3ab7d74d06f7d14292ebc77e3ada161.mpf_cache
2025-04-19 07:03:24,025 : INFO : ConfigProcessor : Loading config from cache: /var/folders/l2/q8hj_6s91xnb2jxg1sqm0h7r0000gn/T/2b5fdb8fd0e736387486af32f8df92fd.mpf_cache
2025-04-19 07:03:24,025 : INFO : ConfigProcessor : Loading config from cache: /var/folders/l2/q8hj_6s91xnb2jxg1sqm0h7r0000gn/T/3dbc438e88423aa3ff742db2713b600f.mpf_cache
2025-04-19 07:03:24,027 : INFO : ConfigProcessor : Loading config from cache: /var/folders/l2/q8hj_6s91xnb2jxg1sqm0h7r0000gn/T/154d071a3850556c6f3eae37bf41c8b6.mpf_cache
2025-04-19 07:03:24,027 : INFO : ConfigProcessor : Loading config from cache: /var/folders/l2/q8hj_6s91xnb2jxg1sqm0h7r0000gn/T/ab100dbe0e16472b56f0213f3842a00f.mpf_cache
2025-04-19 07:03:24,029 : INFO : ConfigProcessor : Loading config from cache: /var/folders/l2/q8hj_6s91xnb2jxg1sqm0h7r0000gn/T/f03ad90ccd2c053e9e5d10795d01f4ba.mpf_cache
2025-04-19 07:03:24,029 : INFO : ConfigProcessor : Loading config from cache: /var/folders/l2/q8hj_6s91xnb2jxg1sqm0h7r0000gn/T/0f3c951d4c93079ae3fac6429c5bc2ee.mpf_cache
2025-04-19 07:03:24,029 : INFO : ConfigProcessor : Loading config from cache: /var/folders/l2/q8hj_6s91xnb2jxg1sqm0h7r0000gn/T/8bf004783a280ac33d17b88f37848116.mpf_cache
2025-04-19 07:03:24,030 : INFO : ConfigProcessor : Loading config from cache: /var/folders/l2/q8hj_6s91xnb2jxg1sqm0h7r0000gn/T/d5d50eaa09e055f3a827c6269a3aa165.mpf_cache
2025-04-19 07:03:24,030 : INFO : ConfigProcessor : Loading config from cache: /var/folders/l2/q8hj_6s91xnb2jxg1sqm0h7r0000gn/T/db98bdefe8a072cec23a2527f4303b09.mpf_cache
2025-04-19 07:03:24,030 : INFO : ConfigProcessor : Loading config from cache: /var/folders/l2/q8hj_6s91xnb2jxg1sqm0h7r0000gn/T/eefb91dd78a2b4d0f2b86f7f7cb501a3.mpf_cache
2025-04-19 07:03:24,031 : INFO : ConfigProcessor : Loading config from cache: /var/folders/l2/q8hj_6s91xnb2jxg1sqm0h7r0000gn/T/d32f8b43f49e3e57afbd189fbbccae80.mpf_cache
2025-04-19 07:03:24,031 : INFO : ConfigProcessor : Loading config from cache: /var/folders/l2/q8hj_6s91xnb2jxg1sqm0h7r0000gn/T/08db62a1c5938674fa894d468364ed3e.mpf_cache
2025-04-19 07:03:24,031 : INFO : ConfigProcessor : Loading config from cache: /var/folders/l2/q8hj_6s91xnb2jxg1sqm0h7r0000gn/T/98754ca8fa1663afefe3af8297a0d59a.mpf_cache
2025-04-19 07:03:24,031 : INFO : ConfigProcessor : Loading config from cache: /var/folders/l2/q8hj_6s91xnb2jxg1sqm0h7r0000gn/T/0b5d87cc943a75a2ef030b7892588c99.mpf_cache
2025-04-19 07:03:24,032 : INFO : ConfigProcessor : Loading config from cache: /var/folders/l2/q8hj_6s91xnb2jxg1sqm0h7r0000gn/T/5545c5ff302318fa3a4687589808743d.mpf_cache
2025-04-19 07:03:24,032 : INFO : ConfigProcessor : Loading config from cache: /var/folders/l2/q8hj_6s91xnb2jxg1sqm0h7r0000gn/T/89af055c57b135455281acad4d6d7133.mpf_cache
2025-04-19 07:03:24,033 : INFO : ConfigProcessor : Loading config from cache: /var/folders/l2/q8hj_6s91xnb2jxg1sqm0h7r0000gn/T/250153cb7d132f4134a2e9b694314568.mpf_cache
2025-04-19 07:03:24,033 : INFO : ConfigProcessor : Loading config from cache: /var/folders/l2/q8hj_6s91xnb2jxg1sqm0h7r0000gn/T/bbbe87a2f82c66174798be62d4e8058c.mpf_cache
2025-04-19 07:03:24,034 : INFO : ConfigProcessor : Loading config from cache: /var/folders/l2/q8hj_6s91xnb2jxg1sqm0h7r0000gn/T/19163f2ade63f89c343f09937767f090.mpf_cache
2025-04-19 07:03:24,034 : INFO : ConfigProcessor : Loading config from cache: /var/folders/l2/q8hj_6s91xnb2jxg1sqm0h7r0000gn/T/3d6042441f881be1a2f7349307e61edc.mpf_cache
2025-04-19 07:03:24,034 : INFO : ConfigProcessor : Loading config from cache: /var/folders/l2/q8hj_6s91xnb2jxg1sqm0h7r0000gn/T/ec8975352144a60f813d3d7569bfc183.mpf_cache
2025-04-19 07:03:24,034 : INFO : Machine : Mission Pinball Framework Core Engine v0.80.0.dev4
2025-04-19 07:03:24,034 : INFO : Machine : Command line arguments: {'no_load_cache': False, 'create_config_cache': True, 'bcp': False, 'configfile': ['config.yaml'], 'force_assets_load': False, 'platform_integration_test': False, 'jsonlogging': False, 'logfile': 'logs/2025-04-19-07-03-23-mpf-Tanners-Laptop.home.local.log', 'pause': False, 'production': False, 'text_ui': True, 'loglevel': 15, 'consoleloglevel': 20, 'force_platform': 'virtual', 'syslog_address': None, 'mc_file_name': None, 'no_sound': False, 'full_logfile_path': '/Users/tannerpetch/Documents/GitHub/lofab/logs/2025-04-19-07-03-23-mpf-Tanners-Laptop.home.local.log'}
2025-04-19 07:03:24,034 : INFO : Machine : MPF path: /Library/Frameworks/Python.framework/Versions/3.11/lib/python3.11/site-packages/mpf
2025-04-19 07:03:24,034 : INFO : Machine : Machine path: /Users/tannerpetch/Documents/GitHub/lofab
2025-04-19 07:03:24,034 : INFO : Machine : Platform: darwin
2025-04-19 07:03:24,034 : INFO : Machine : Python executable location: /Library/Frameworks/Python.framework/Versions/3.11/bin/python3.11
2025-04-19 07:03:24,034 : INFO : Machine : Python version: 3.11.9 (64-bit)
2025-04-19 07:03:24,035 : INFO : Machine : Initializing MPF...
2025-04-19 07:03:24,063 : INFO : EventManager : Event: ======'machine_var_credits_string'====== Args={'value': 'FREE PLAY', 'prev_value': None, 'change': True}
2025-04-19 07:03:24,069 : INFO : EventManager : Event: ======'machine_var_master_volume'====== Args={'value': 0.5, 'prev_value': None, 'change': True}
2025-04-19 07:03:24,069 : INFO : EventManager : Event: ======'machine_var_player1_score'====== Args={'value': 1500, 'prev_value': None, 'change': True}
2025-04-19 07:03:24,069 : INFO : EventManager : Event: ======'machine_var_mpf_version'====== Args={'value': 'Mission Pinball Framework v0.80.0.dev4', 'prev_value': None, 'change': True}
2025-04-19 07:03:24,069 : INFO : EventManager : Event: ======'machine_var_mpf_extended_version'====== Args={'value': 'Mission Pinball Framework v0.80.0.dev4, Config version:6, Show version: 6, BCP version:1.1', 'prev_value': None, 'change': True}
2025-04-19 07:03:24,069 : INFO : EventManager : Event: ======'machine_var_python_version'====== Args={'value': '3.11.9', 'prev_value': None, 'change': True}
2025-04-19 07:03:24,079 : INFO : EventManager : Event: ======'machine_var_platform'====== Args={'value': 'macOS-14.3-arm64-arm-64bit', 'prev_value': None, 'change': True}
2025-04-19 07:03:24,079 : INFO : EventManager : Event: ======'machine_var_platform_system'====== Args={'value': 'Darwin', 'prev_value': None, 'change': True}
2025-04-19 07:03:24,079 : INFO : EventManager : Event: ======'machine_var_platform_release'====== Args={'value': '23.3.0', 'prev_value': None, 'change': True}
2025-04-19 07:03:24,079 : INFO : EventManager : Event: ======'machine_var_platform_version'====== Args={'value': 'Darwin Kernel Version 23.3.0: Thu Dec 21 02:29:41 PST 2023; root:xnu-10002.81.5~11/RELEASE_ARM64_T8122', 'prev_value': None, 'change': True}
2025-04-19 07:03:24,079 : INFO : EventManager : Event: ======'machine_var_platform_machine'====== Args={'value': 'arm64', 'prev_value': None, 'change': True}
2025-04-19 07:03:24,079 : INFO : EventManager : Event: ======'machine_var_log_file_path'====== Args={'value': '/Users/tannerpetch/Documents/GitHub/lofab/logs/2025-04-19-07-03-23-mpf-Tanners-Laptop.home.local.log', 'prev_value': None, 'change': True}
2025-04-19 07:03:24,079 : INFO : EventManager : Event: ======'init_phase_1'====== Args={}
2025-04-19 07:03:24,103 : INFO : EventManager : Event: ======'drop_target_bank_dt_drop_up'====== Args={}
2025-04-19 07:03:24,103 : INFO : EventManager : Event: ======'init_phase_2'====== Args={}
2025-04-19 07:03:24,107 : INFO : ball_device.bd_vuk : BCH: Initial count: 0
2025-04-19 07:03:24,107 : INFO : ball_device.bd_vuk : State: idle
2025-04-19 07:03:24,108 : INFO : ball_device.bd_trough : BCH: Initial count: 0
2025-04-19 07:03:24,108 : INFO : ball_device.bd_trough : State: idle
2025-04-19 07:03:24,111 : INFO : EventManager : Event: ======'init_phase_3'====== Args={}
2025-04-19 07:03:24,268 : INFO : EventManager : Event: ======'init_phase_4'====== Args={}
2025-04-19 07:03:24,268 : INFO : BallController : Initial balls found: 0
2025-04-19 07:03:24,269 : INFO : EventManager : Event: ======'machine_var_audits_events_game_ended'====== Args={'value': 1, 'prev_value': None, 'change': True}
2025-04-19 07:03:24,269 : INFO : EventManager : Event: ======'machine_var_audits_events_game_started'====== Args={'value': 5, 'prev_value': None, 'change': True}
2025-04-19 07:03:24,269 : INFO : EventManager : Event: ======'machine_var_audits_missing_switches_s_change_room'====== Args={'value': 5, 'prev_value': None, 'change': True}
2025-04-19 07:03:24,269 : INFO : EventManager : Event: ======'machine_var_audits_missing_switches_s_drop'====== Args={'value': 5, 'prev_value': None, 'change': True}
2025-04-19 07:03:24,269 : INFO : EventManager : Event: ======'machine_var_audits_missing_switches_s_e'====== Args={'value': 1, 'prev_value': None, 'change': True}
2025-04-19 07:03:24,269 : INFO : EventManager : Event: ======'machine_var_audits_missing_switches_s_flipper_l'====== Args={'value': 3, 'prev_value': None, 'change': True}
2025-04-19 07:03:24,269 : INFO : EventManager : Event: ======'machine_var_audits_missing_switches_s_h'====== Args={'value': 5, 'prev_value': None, 'change': True}
2025-04-19 07:03:24,269 : INFO : EventManager : Event: ======'machine_var_audits_missing_switches_s_pop'====== Args={'value': 5, 'prev_value': None, 'change': True}
2025-04-19 07:03:24,269 : INFO : EventManager : Event: ======'machine_var_audits_missing_switches_s_ramp_complete'====== Args={'value': 5, 'prev_value': None, 'change': True}
2025-04-19 07:03:24,269 : INFO : EventManager : Event: ======'machine_var_audits_missing_switches_s_ramp_l'====== Args={'value': 5, 'prev_value': None, 'change': True}
2025-04-19 07:03:24,269 : INFO : EventManager : Event: ======'machine_var_audits_missing_switches_s_ramp_middle'====== Args={'value': 5, 'prev_value': None, 'change': True}
2025-04-19 07:03:24,269 : INFO : EventManager : Event: ======'machine_var_audits_missing_switches_s_ramp_r'====== Args={'value': 5, 'prev_value': None, 'change': True}
2025-04-19 07:03:24,269 : INFO : EventManager : Event: ======'machine_var_audits_missing_switches_s_sling_l'====== Args={'value': 5, 'prev_value': None, 'change': True}
2025-04-19 07:03:24,269 : INFO : EventManager : Event: ======'machine_var_audits_missing_switches_s_sling_r'====== Args={'value': 5, 'prev_value': None, 'change': True}
2025-04-19 07:03:24,269 : INFO : EventManager : Event: ======'machine_var_audits_missing_switches_s_spinner'====== Args={'value': 5, 'prev_value': None, 'change': True}
2025-04-19 07:03:24,269 : INFO : EventManager : Event: ======'machine_var_audits_missing_switches_s_start'====== Args={'value': 3, 'prev_value': None, 'change': True}
2025-04-19 07:03:24,269 : INFO : EventManager : Event: ======'machine_var_audits_missing_switches_s_tilt_l'====== Args={'value': 5, 'prev_value': None, 'change': True}
2025-04-19 07:03:24,270 : INFO : EventManager : Event: ======'machine_var_audits_missing_switches_s_tilt_r'====== Args={'value': 5, 'prev_value': None, 'change': True}
2025-04-19 07:03:24,270 : INFO : EventManager : Event: ======'machine_var_audits_missing_switches_s_trough_2'====== Args={'value': 5, 'prev_value': None, 'change': True}
2025-04-19 07:03:24,270 : INFO : EventManager : Event: ======'machine_var_audits_missing_switches_s_trough_3'====== Args={'value': 5, 'prev_value': None, 'change': True}
2025-04-19 07:03:24,270 : INFO : EventManager : Event: ======'machine_var_audits_missing_switches_s_vuk'====== Args={'value': 5, 'prev_value': None, 'change': True}
2025-04-19 07:03:24,270 : INFO : EventManager : Event: ======'machine_var_audits_player_score'====== Args={'value': {'average': 1500, 'top': [1500], 'total': 1}, 'prev_value': None, 'change': True}
2025-04-19 07:03:24,270 : INFO : EventManager : Event: ======'machine_var_audits_shots_r_e'====== Args={'value': 2, 'prev_value': None, 'change': True}
2025-04-19 07:03:24,270 : INFO : EventManager : Event: ======'machine_var_audits_shots_r_e_rotate'====== Args={'value': 2, 'prev_value': None, 'change': True}
2025-04-19 07:03:24,270 : INFO : EventManager : Event: ======'machine_var_audits_shots_r_flipper_r_reset'====== Args={'value': 16, 'prev_value': None, 'change': True}
2025-04-19 07:03:24,270 : INFO : EventManager : Event: ======'machine_var_audits_shots_r_o'====== Args={'value': 17, 'prev_value': None, 'change': True}
2025-04-19 07:03:24,270 : INFO : EventManager : Event: ======'machine_var_audits_shots_r_o_fleshy'====== Args={'value': 17, 'prev_value': None, 'change': True}
2025-04-19 07:03:24,270 : INFO : EventManager : Event: ======'machine_var_audits_shots_r_o_rotate'====== Args={'value': 17, 'prev_value': None, 'change': True}
2025-04-19 07:03:24,270 : INFO : EventManager : Event: ======'machine_var_audits_shots_r_s'====== Args={'value': 3, 'prev_value': None, 'change': True}
2025-04-19 07:03:24,270 : INFO : EventManager : Event: ======'machine_var_audits_shots_r_s_fleshy'====== Args={'value': 3, 'prev_value': None, 'change': True}
2025-04-19 07:03:24,270 : INFO : EventManager : Event: ======'machine_var_audits_shots_r_s_rotate'====== Args={'value': 3, 'prev_value': None, 'change': True}
2025-04-19 07:03:24,270 : INFO : EventManager : Event: ======'machine_var_audits_shots_r_u'====== Args={'value': 5, 'prev_value': None, 'change': True}
2025-04-19 07:03:24,270 : INFO : EventManager : Event: ======'machine_var_audits_shots_r_u_rotate'====== Args={'value': 5, 'prev_value': None, 'change': True}
2025-04-19 07:03:24,270 : INFO : EventManager : Event: ======'machine_var_audits_switches_s_change_room'====== Args={'value': 0, 'prev_value': None, 'change': True}
2025-04-19 07:03:24,270 : INFO : EventManager : Event: ======'machine_var_audits_switches_s_drop'====== Args={'value': 0, 'prev_value': None, 'change': True}
2025-04-19 07:03:24,270 : INFO : EventManager : Event: ======'machine_var_audits_switches_s_e'====== Args={'value': 2, 'prev_value': None, 'change': True}
2025-04-19 07:03:24,270 : INFO : EventManager : Event: ======'machine_var_audits_switches_s_flipper_l'====== Args={'value': 3, 'prev_value': None, 'change': True}
2025-04-19 07:03:24,270 : INFO : EventManager : Event: ======'machine_var_audits_switches_s_flipper_r'====== Args={'value': 22, 'prev_value': None, 'change': True}
2025-04-19 07:03:24,270 : INFO : EventManager : Event: ======'machine_var_audits_switches_s_h'====== Args={'value': 0, 'prev_value': None, 'change': True}
2025-04-19 07:03:24,270 : INFO : EventManager : Event: ======'machine_var_audits_switches_s_launch'====== Args={'value': 5, 'prev_value': None, 'change': True}
2025-04-19 07:03:24,270 : INFO : EventManager : Event: ======'machine_var_audits_switches_s_pop'====== Args={'value': 0, 'prev_value': None, 'change': True}
2025-04-19 07:03:24,270 : INFO : EventManager : Event: ======'machine_var_audits_switches_s_ramp_complete'====== Args={'value': 0, 'prev_value': None, 'change': True}
2025-04-19 07:03:24,270 : INFO : EventManager : Event: ======'machine_var_audits_switches_s_ramp_l'====== Args={'value': 0, 'prev_value': None, 'change': True}
2025-04-19 07:03:24,270 : INFO : EventManager : Event: ======'machine_var_audits_switches_s_ramp_middle'====== Args={'value': 0, 'prev_value': None, 'change': True}
2025-04-19 07:03:24,270 : INFO : EventManager : Event: ======'machine_var_audits_switches_s_ramp_r'====== Args={'value': 0, 'prev_value': None, 'change': True}
2025-04-19 07:03:24,270 : INFO : EventManager : Event: ======'machine_var_audits_switches_s_sling_l'====== Args={'value': 0, 'prev_value': None, 'change': True}
2025-04-19 07:03:24,270 : INFO : EventManager : Event: ======'machine_var_audits_switches_s_sling_r'====== Args={'value': 0, 'prev_value': None, 'change': True}
2025-04-19 07:03:24,270 : INFO : EventManager : Event: ======'machine_var_audits_switches_s_spinner'====== Args={'value': 0, 'prev_value': None, 'change': True}
2025-04-19 07:03:24,271 : INFO : EventManager : Event: ======'machine_var_audits_switches_s_start'====== Args={'value': 0, 'prev_value': None, 'change': True}
2025-04-19 07:03:24,271 : INFO : EventManager : Event: ======'machine_var_audits_switches_s_stationary_o'====== Args={'value': 17, 'prev_value': None, 'change': True}
2025-04-19 07:03:24,271 : INFO : EventManager : Event: ======'machine_var_audits_switches_s_stationary_s'====== Args={'value': 3, 'prev_value': None, 'change': True}
2025-04-19 07:03:24,271 : INFO : EventManager : Event: ======'machine_var_audits_switches_s_stationary_u'====== Args={'value': 5, 'prev_value': None, 'change': True}
2025-04-19 07:03:24,271 : INFO : EventManager : Event: ======'machine_var_audits_switches_s_tilt_l'====== Args={'value': 0, 'prev_value': None, 'change': True}
2025-04-19 07:03:24,271 : INFO : EventManager : Event: ======'machine_var_audits_switches_s_tilt_r'====== Args={'value': 0, 'prev_value': None, 'change': True}
2025-04-19 07:03:24,271 : INFO : EventManager : Event: ======'machine_var_audits_switches_s_trough_1'====== Args={'value': 3, 'prev_value': None, 'change': True}
2025-04-19 07:03:24,271 : INFO : EventManager : Event: ======'machine_var_audits_switches_s_trough_2'====== Args={'value': 0, 'prev_value': None, 'change': True}
2025-04-19 07:03:24,271 : INFO : EventManager : Event: ======'machine_var_audits_switches_s_trough_3'====== Args={'value': 0, 'prev_value': None, 'change': True}
2025-04-19 07:03:24,271 : INFO : EventManager : Event: ======'machine_var_audits_switches_s_trough_4'====== Args={'value': 7, 'prev_value': None, 'change': True}
2025-04-19 07:03:24,271 : INFO : EventManager : Event: ======'machine_var_audits_switches_s_vuk'====== Args={'value': 0, 'prev_value': None, 'change': True}
2025-04-19 07:03:24,272 : INFO : EventManager : Event: ======'init_phase_5'====== Args={}
2025-04-19 07:03:24,273 : INFO : EventManager : Event: ======'init_done'====== Args={}
2025-04-19 07:03:24,273 : INFO : EventManager : Event: ======'machine_reset_phase_1'====== Args={}
2025-04-19 07:03:24,274 : INFO : EventManager : Event: ======'machine_reset_phase_2'====== Args={}
2025-04-19 07:03:24,274 : INFO : EventManager : Event: ======'machine_reset_phase_3'====== Args={}
2025-04-19 07:03:24,274 : INFO : EventManager : Event: ======'reset_complete'====== Args={}
2025-04-19 07:03:24,274 : INFO : EventManager : Event: ======'mode_attract_will_start'====== Args={}
2025-04-19 07:03:24,275 : INFO : EventManager : Event: ======'mode_attract_starting'====== Args={}
2025-04-19 07:03:24,275 : INFO : Mode.attract : Started. Priority: 10
2025-04-19 07:03:24,275 : INFO : EventManager : Event: ======'modes_active_modes_changed'====== Args={}
2025-04-19 07:03:24,275 : INFO : EventManager : Event: ======'mode_attract_started'====== Args={}
2025-04-19 07:03:24,275 : INFO : coil.c_launch_light : Enabling Driver with power 1.0 (pulse_ms 10ms and pulse_power 1.0)
2025-04-19 07:03:24,275 : INFO : coil.c_start_light : Disabling Driver
2025-04-19 07:03:24,276 : INFO : EventManager : Event: ======'collecting_balls_complete'====== Args={}
2025-04-19 07:03:24,276 : INFO : Machine : Starting the main run loop.
2025-04-19 07:03:24,376 : INFO : coil.c_start_light : Disabling Driver
2025-04-19 07:03:24,377 : INFO : coil.c_launch_light : Disabling Driver
2025-04-19 07:03:24,740 : INFO : BcpServer : New client connected.
2025-04-19 07:03:25,376 : INFO : coil.c_launch_light : Enabling Driver with power 1.0 (pulse_ms 10ms and pulse_power 1.0)
2025-04-19 07:03:25,376 : INFO : coil.c_start_light : Disabling Driver
2025-04-19 07:03:25,476 : INFO : coil.c_start_light : Disabling Driver
2025-04-19 07:03:25,476 : INFO : coil.c_launch_light : Disabling Driver
2025-04-19 07:03:26,476 : INFO : coil.c_launch_light : Enabling Driver with power 1.0 (pulse_ms 10ms and pulse_power 1.0)
2025-04-19 07:03:26,476 : INFO : coil.c_start_light : Disabling Driver
2025-04-19 07:03:26,576 : INFO : coil.c_start_light : Disabling Driver
2025-04-19 07:03:26,576 : INFO : coil.c_launch_light : Disabling Driver
2025-04-19 07:03:27,367 : INFO : SwitchController : <<<<<<< 's_trough_4' active >>>>>>>
2025-04-19 07:03:27,576 : INFO : coil.c_launch_light : Enabling Driver with power 1.0 (pulse_ms 10ms and pulse_power 1.0)
2025-04-19 07:03:27,576 : INFO : coil.c_start_light : Disabling Driver
2025-04-19 07:03:27,677 : INFO : coil.c_start_light : Disabling Driver
2025-04-19 07:03:27,677 : INFO : coil.c_launch_light : Disabling Driver
2025-04-19 07:03:27,869 : INFO : EventManager : Event: ======'balldevice_bd_trough_ball_count_changed'====== Args={'balls': 1}
2025-04-19 07:03:27,870 : INFO : ball_device.bd_trough : Received unexpected ball
2025-04-19 07:03:27,870 : INFO : EventManager : Event: ======'balldevice_captured_from_playfield'====== Args={'balls': 1}
2025-04-19 07:03:27,870 : INFO : EventManager : Event: ======'sw_playfield_active'====== Args={'balls': 1}
2025-04-19 07:03:27,870 : INFO : EventManager : Event: ======'playfield_active'====== Args={'source': None}
2025-04-19 07:03:27,870 : INFO : EventManager : Event: ======'unexpected_ball_on_playfield'====== Args={}
2025-04-19 07:03:27,871 : INFO : EventManager : Event: ======'playfield_ball_count_change'====== Args={'balls': -1, 'change': -1}
2025-04-19 07:03:27,871 : INFO : EventManager : Event: ======'balldevice_playfield_ball_enter'====== Args={'new_balls': 1, 'unclaimed_balls': 1, 'device': <playfield.playfield>}
2025-04-19 07:03:27,871 : INFO : EventManager : Event: ======'playfield_ball_count_change'====== Args={'balls': 0, 'change': 1}
2025-04-19 07:03:27,871 : INFO : BallController : Found a new ball which was captured from playfield. Known balls: 1
2025-04-19 07:03:27,871 : INFO : EventManager : Event: ======'found_new_ball'====== Args={}
2025-04-19 07:03:27,874 : INFO : EventManager : Event: ======'balldevice_bd_trough_ball_enter'====== Args={'new_balls': 1, 'unclaimed_balls': 1, 'new_available_balls': 1, 'device': <ball_device.bd_trough>}
2025-04-19 07:03:27,874 : INFO : EventManager : Event: ======'ball_drain'====== Args={'device': <ball_device.bd_trough>, 'balls': 1}
2025-04-19 07:03:27,875 : INFO : EventManager : Event: ======'balldevice_balls_available'====== Args={}
2025-04-19 07:03:27,875 : INFO : EventManager : Event: ======'balldevice_bd_trough_ball_entered'====== Args={'new_balls': 1, 'device': <ball_device.bd_trough>}
2025-04-19 07:03:28,324 : INFO : SwitchController : <<<<<<< 's_start' active >>>>>>>
2025-04-19 07:03:28,439 : INFO : SwitchController : <<<<<<< 's_start' inactive >>>>>>>
2025-04-19 07:03:28,439 : INFO : EventManager : Event: ======'request_to_start_game'====== Args={}
2025-04-19 07:03:28,440 : INFO : EventManager : Event: ======'game_start'====== Args={'buttons': [], 'hold_time': 0.1154168751090765}
2025-04-19 07:03:28,440 : INFO : EventManager : Event: ======'mode_game_will_start'====== Args={'buttons': [], 'hold_time': 0.1154168751090765}
2025-04-19 07:03:28,440 : INFO : EventManager : Event: ======'mode_game_starting'====== Args={'buttons': [], 'hold_time': 0.1154168751090765}
2025-04-19 07:03:28,441 : INFO : EventManager : Event: ======'mode_attract_will_stop'====== Args={}
2025-04-19 07:03:28,441 : INFO : EventManager : Event: ======'mode_attract_stopping'====== Args={}
2025-04-19 07:03:28,441 : INFO : Mode.attract : Stopped.
2025-04-19 07:03:28,441 : INFO : EventManager : Event: ======'modes_active_modes_changed'====== Args={}
2025-04-19 07:03:28,441 : INFO : EventManager : Event: ======'mode_attract_stopped'====== Args={}
2025-04-19 07:03:28,441 : INFO : EventManager : Event: ======'clear'====== Args={'key': 'attract'}
2025-04-19 07:03:28,441 : INFO : Mode.game : Started. Priority: 20
2025-04-19 07:03:28,441 : INFO : EventManager : Event: ======'modes_active_modes_changed'====== Args={}
2025-04-19 07:03:28,441 : INFO : EventManager : Event: ======'mode_game_started'====== Args={'buttons': [], 'hold_time': 0.1154168751090765}
2025-04-19 07:03:28,442 : INFO : EventManager : Event: ======'game_will_start'====== Args={}
2025-04-19 07:03:28,442 : INFO : EventManager : Event: ======'game_starting'====== Args={'game': <Mode.game>}
2025-04-19 07:03:28,443 : INFO : EventManager : Unordered handler for class <Auditor> on event game_ended with priority 1. Handlers: [RegisteredHandler(callback=<bound method Auditor.disable of <Auditor>>, priority=1, kwargs={}, key=UUID('d452bdf7-a077-4e3a-bdad-72b9bebf4c3b'), condition=None, blocking_facility=None), RegisteredHandler(callback=<bound method Auditor._save_audits of <Auditor>>, priority=1, kwargs={}, key=UUID('0bbfea70-477f-4952-8c3a-040a59de8c44'), condition=None, blocking_facility=None)]. The order of those handlers is not defined and they will be executed in random order. This might lead to race conditions and potential bugs.
2025-04-19 07:03:28,443 : INFO : EventManager : Event: ======'player_add_request'====== Args={}
2025-04-19 07:03:28,443 : INFO : EventManager : Event: ======'player_will_add'====== Args={'number': 1}
2025-04-19 07:03:28,444 : INFO : EventManager : Event: ======'player_adding'====== Args={'player': <Player 1>, 'number': 1}
2025-04-19 07:03:28,444 : INFO : EventManager : Event: ======'player_added'====== Args={'player': <Player 1>, 'num': 1}
2025-04-19 07:03:28,444 : INFO : Mode.game : Player added successfully. Total players: 1
2025-04-19 07:03:28,444 : INFO : EventManager : Event: ======'player_index'====== Args={'value': 0, 'prev_value': 0, 'change': 0, 'player_num': 1}
2025-04-19 07:03:28,444 : INFO : EventManager : Event: ======'player_number'====== Args={'value': 1, 'prev_value': 1, 'change': 0, 'player_num': 1}
2025-04-19 07:03:28,444 : INFO : EventManager : Event: ======'player_current_room'====== Args={'value': 'LIVING ROOM', 'prev_value': 'LIVING ROOM', 'change': False, 'player_num': 1}
2025-04-19 07:03:28,445 : INFO : EventManager : Event: ======'player_house_completes'====== Args={'value': 0, 'prev_value': 0, 'change': 0, 'player_num': 1}
2025-04-19 07:03:28,445 : INFO : EventManager : Event: ======'player_3ballmultiplier'====== Args={'value': 1, 'prev_value': 1, 'change': 0, 'player_num': 1}
2025-04-19 07:03:28,445 : INFO : EventManager : Event: ======'player_score'====== Args={'value': 0, 'prev_value': 0, 'change': 0, 'player_num': 1}
2025-04-19 07:03:28,445 : INFO : EventManager : Event: ======'game_started'====== Args={}
2025-04-19 07:03:28,446 : INFO : EventManager : Event: ======'player_turn_will_start'====== Args={'player': <Player 1>, 'number': 1}
2025-04-19 07:03:28,448 : INFO : EventManager : Event: ======'player_turn_starting'====== Args={'player': <Player 1>, 'number': 1}
2025-04-19 07:03:28,448 : INFO : EventManager : Event: ======'player_ball'====== Args={'value': 1, 'prev_value': 0, 'change': 1, 'player_num': 1}
2025-04-19 07:03:28,448 : INFO : EventManager : Event: ======'player_turn_started'====== Args={'player': <Player 1>, 'number': 1}
2025-04-19 07:03:28,449 : INFO : EventManager : Event: ======'ball_will_start'====== Args={'player': 1, 'ball': 1, 'balls_remaining': 2, 'is_extra_ball': False}
2025-04-19 07:03:28,449 : INFO : EventManager : Event: ======'ball_starting'====== Args={'player': 1, 'ball': 1, 'balls_remaining': 2, 'is_extra_ball': False}
2025-04-19 07:03:28,449 : INFO : EventManager : Event: ======'mode_base_will_start'====== Args={'queue': <QueuedEvent>, 'player': 1, 'ball': 1, 'balls_remaining': 2, 'is_extra_ball': False}
2025-04-19 07:03:28,449 : INFO : EventManager : Event: ======'player_shot_r_pop_enabled'====== Args={'value': True, 'prev_value': 0, 'change': 1, 'player_num': 1}
2025-04-19 07:03:28,450 : INFO : EventManager : Event: ======'player_shot_r_sling_l_enabled'====== Args={'value': True, 'prev_value': 0, 'change': 1, 'player_num': 1}
2025-04-19 07:03:28,450 : INFO : EventManager : Event: ======'player_shot_r_sling_r_enabled'====== Args={'value': True, 'prev_value': 0, 'change': 1, 'player_num': 1}
2025-04-19 07:03:28,450 : INFO : EventManager : Event: ======'player_shot_r_h_enabled'====== Args={'value': True, 'prev_value': 0, 'change': 1, 'player_num': 1}
2025-04-19 07:03:28,451 : INFO : EventManager : Event: ======'player_shot_r_o_enabled'====== Args={'value': True, 'prev_value': 0, 'change': 1, 'player_num': 1}
2025-04-19 07:03:28,451 : INFO : EventManager : Event: ======'player_shot_r_u_enabled'====== Args={'value': True, 'prev_value': 0, 'change': 1, 'player_num': 1}
2025-04-19 07:03:28,451 : INFO : EventManager : Event: ======'player_shot_r_s_enabled'====== Args={'value': True, 'prev_value': 0, 'change': 1, 'player_num': 1}
2025-04-19 07:03:28,451 : INFO : EventManager : Event: ======'player_shot_r_e_enabled'====== Args={'value': True, 'prev_value': 0, 'change': 1, 'player_num': 1}
2025-04-19 07:03:28,452 : INFO : EventManager : Event: ======'player_shot_r_ramp_r_enabled'====== Args={'value': True, 'prev_value': 0, 'change': 1, 'player_num': 1}
2025-04-19 07:03:28,452 : INFO : EventManager : Event: ======'player_shot_r_ramp_l_enabled'====== Args={'value': True, 'prev_value': 0, 'change': 1, 'player_num': 1}
2025-04-19 07:03:28,452 : INFO : EventManager : Event: ======'player_shot_r_vuk_enabled'====== Args={'value': True, 'prev_value': 0, 'change': 1, 'player_num': 1}
2025-04-19 07:03:28,452 : INFO : EventManager : Event: ======'player_shot_r_vuk_bank_enabled'====== Args={'value': True, 'prev_value': 0, 'change': 1, 'player_num': 1}
2025-04-19 07:03:28,453 : INFO : EventManager : Event: ======'player_shot_r_right_orbit_enabled'====== Args={'value': True, 'prev_value': 0, 'change': 1, 'player_num': 1}
2025-04-19 07:03:28,453 : INFO : EventManager : Event: ======'player_shot_r_stationary_back_enabled'====== Args={'value': True, 'prev_value': 0, 'change': 1, 'player_num': 1}
2025-04-19 07:03:28,455 : INFO : EventManager : Event: ======'mode_base_starting'====== Args={'queue': <QueuedEvent>, 'player': 1, 'ball': 1, 'balls_remaining': 2, 'is_extra_ball': False}
2025-04-19 07:03:28,456 : INFO : EventManager : Event: ======'waiting_for_launch_press'====== Args={}
2025-04-19 07:03:28,456 : INFO : EventManager : Event: ======'mode_launch_shows_will_start'====== Args={}
2025-04-19 07:03:28,457 : INFO : EventManager : Event: ======'mode_launch_shows_starting'====== Args={}
2025-04-19 07:03:28,457 : INFO : Mode.launch_shows : Started. Priority: 200
2025-04-19 07:03:28,457 : INFO : EventManager : Event: ======'modes_active_modes_changed'====== Args={}
2025-04-19 07:03:28,457 : INFO : EventManager : Event: ======'mode_launch_shows_started'====== Args={}
2025-04-19 07:03:28,458 : INFO : Mode.base : Started. Priority: 100
2025-04-19 07:03:28,458 : INFO : EventManager : Event: ======'modes_active_modes_changed'====== Args={}
2025-04-19 07:03:28,458 : INFO : EventManager : Event: ======'mode_base_started'====== Args={'queue': <QueuedEvent>, 'player': 1, 'ball': 1, 'balls_remaining': 2, 'is_extra_ball': False}
2025-04-19 07:03:28,458 : INFO : EventManager : Event: ======'ball_save_ball_save_pop_enabled'====== Args={}
2025-04-19 07:03:54,250 : INFO : Machine : Shutting down...
2025-04-19 07:03:54,250 : INFO : EventManager : Event: ======'shutdown'====== Args={}
2025-04-19 07:03:54,260 : INFO : EventManager : Event: ======'mode_game_will_stop'====== Args={}
2025-04-19 07:03:54,260 : INFO : EventManager : Event: ======'mode_game_stopping'====== Args={}
2025-04-19 07:03:54,261 : INFO : EventManager : Event: ======'mode_base_will_stop'====== Args={}
2025-04-19 07:03:54,261 : INFO : EventManager : Event: ======'mode_base_stopping'====== Args={}
2025-04-19 07:03:54,261 : INFO : EventManager : Event: ======'mode_launch_shows_will_stop'====== Args={}
2025-04-19 07:03:54,261 : INFO : EventManager : Event: ======'mode_launch_shows_stopping'====== Args={}
2025-04-19 07:03:54,261 : INFO : Mode.launch_shows : Stopped.
2025-04-19 07:03:54,261 : INFO : EventManager : Event: ======'modes_active_modes_changed'====== Args={}
2025-04-19 07:03:54,261 : INFO : EventManager : Event: ======'mode_launch_shows_stopped'====== Args={}
2025-04-19 07:03:54,261 : INFO : EventManager : Event: ======'clear'====== Args={'key': 'launch_shows'}
2025-04-19 07:03:54,262 : INFO : Mode.base : Stopped.
2025-04-19 07:03:54,262 : INFO : EventManager : Event: ======'modes_active_modes_changed'====== Args={}
2025-04-19 07:03:54,262 : INFO : EventManager : Event: ======'mode_base_stopped'====== Args={}
2025-04-19 07:03:54,262 : INFO : EventManager : Event: ======'clear'====== Args={'key': 'base'}
2025-04-19 07:03:54,262 : INFO : EventManager : Event: ======'ball_save_ball_save_pop_disabled'====== Args={}
2025-04-19 07:03:54,263 : INFO : Mode.game : Stopped.
2025-04-19 07:03:54,263 : INFO : EventManager : Event: ======'modes_active_modes_changed'====== Args={}
2025-04-19 07:03:54,263 : INFO : EventManager : Event: ======'mode_game_stopped'====== Args={}
2025-04-19 07:03:54,263 : INFO : EventManager : Event: ======'clear'====== Args={'key': 'game'}
2025-04-19 07:03:55,265 : INFO : root : MPF run loop ended.
