2025-04-19 07:50:49,469 : INFO : root : Loading config.
2025-04-19 07:50:49,471 : INFO : YamlMultifileConfigLoader : Machine config file #1: config.yaml
2025-04-19 07:50:49,471 : INFO : ConfigProcessor : Loading config from cache: /var/folders/l2/q8hj_6s91xnb2jxg1sqm0h7r0000gn/T/6ff7b030602f0995afddaebb699d5ec1.mpf_cache
2025-04-19 07:50:49,505 : INFO : ConfigProcessor : Loading config from cache: /var/folders/l2/q8hj_6s91xnb2jxg1sqm0h7r0000gn/T/5734f584a69cbb232024905ea29487b8.mpf_cache
2025-04-19 07:50:49,505 : INFO : ConfigProcessor : Loading config from cache: /var/folders/l2/q8hj_6s91xnb2jxg1sqm0h7r0000gn/T/bd1387dfa7de7ffc5bacad015019c743.mpf_cache
2025-04-19 07:50:49,505 : INFO : ConfigProcessor : Loading config from cache: /var/folders/l2/q8hj_6s91xnb2jxg1sqm0h7r0000gn/T/f97c90855879603280fcc571f5c42639.mpf_cache
2025-04-19 07:50:49,505 : INFO : ConfigProcessor : Loading config from cache: /var/folders/l2/q8hj_6s91xnb2jxg1sqm0h7r0000gn/T/5734f584a69cbb232024905ea29487b8.mpf_cache
2025-04-19 07:50:49,506 : INFO : ConfigProcessor : Loading config from cache: /var/folders/l2/q8hj_6s91xnb2jxg1sqm0h7r0000gn/T/1875c266911f801b691956fe9e9284d6.mpf_cache
2025-04-19 07:50:49,506 : INFO : ConfigProcessor : Loading config from cache: /var/folders/l2/q8hj_6s91xnb2jxg1sqm0h7r0000gn/T/5336ce152edc820b26f3a51a9f95779b.mpf_cache
2025-04-19 07:50:49,506 : INFO : ConfigProcessor : Loading config from cache: /var/folders/l2/q8hj_6s91xnb2jxg1sqm0h7r0000gn/T/584196ece55f676a535bfbda3a88171a.mpf_cache
2025-04-19 07:50:49,506 : INFO : ConfigProcessor : Loading config from cache: /var/folders/l2/q8hj_6s91xnb2jxg1sqm0h7r0000gn/T/580ec13747cbd889de997403d41329e7.mpf_cache
2025-04-19 07:50:49,506 : INFO : ConfigProcessor : Loading config from cache: /var/folders/l2/q8hj_6s91xnb2jxg1sqm0h7r0000gn/T/4b1e343fa9806c398ec7ee103dcfa7e2.mpf_cache
2025-04-19 07:50:49,507 : INFO : ConfigProcessor : Loading config from cache: /var/folders/l2/q8hj_6s91xnb2jxg1sqm0h7r0000gn/T/66764f8b68b26fdba6c1f2bce3638479.mpf_cache
2025-04-19 07:50:49,507 : WARNING : ConfigProcessor : Config file in cache changed: /Users/tannerpetch/Documents/GitHub/lofab/modes/mult_3_ball/config/mult_3_ball.yaml
2025-04-19 07:50:49,507 : INFO : ConfigProcessor : Loading config from file /Users/tannerpetch/Documents/GitHub/lofab/modes/mult_3_ball/config/mult_3_ball.yaml.
2025-04-19 07:50:49,508 : INFO : ConfigProcessor : Loading config: /Users/tannerpetch/Documents/GitHub/lofab/modes/mult_3_ball/config/mult_3_ball.yaml
2025-04-19 07:50:49,509 : INFO : ConfigProcessor : Config file cache created: /var/folders/l2/q8hj_6s91xnb2jxg1sqm0h7r0000gn/T/da25988703320750b4162c9008d660a0.mpf_cache
2025-04-19 07:50:49,509 : INFO : ConfigProcessor : Loading config from cache: /var/folders/l2/q8hj_6s91xnb2jxg1sqm0h7r0000gn/T/c3c7ba911a0619b65be5584a0c6df5cc.mpf_cache
2025-04-19 07:50:49,509 : INFO : ConfigProcessor : Loading config from cache: /var/folders/l2/q8hj_6s91xnb2jxg1sqm0h7r0000gn/T/9154f5307000602af503103d48882de0.mpf_cache
2025-04-19 07:50:49,510 : INFO : ConfigProcessor : Loading config from cache: /var/folders/l2/q8hj_6s91xnb2jxg1sqm0h7r0000gn/T/a3ab7d74d06f7d14292ebc77e3ada161.mpf_cache
2025-04-19 07:50:49,510 : INFO : ConfigProcessor : Loading config from cache: /var/folders/l2/q8hj_6s91xnb2jxg1sqm0h7r0000gn/T/2b5fdb8fd0e736387486af32f8df92fd.mpf_cache
2025-04-19 07:50:49,510 : INFO : ConfigProcessor : Loading config from cache: /var/folders/l2/q8hj_6s91xnb2jxg1sqm0h7r0000gn/T/3dbc438e88423aa3ff742db2713b600f.mpf_cache
2025-04-19 07:50:49,511 : INFO : ConfigProcessor : Loading config from cache: /var/folders/l2/q8hj_6s91xnb2jxg1sqm0h7r0000gn/T/154d071a3850556c6f3eae37bf41c8b6.mpf_cache
2025-04-19 07:50:49,511 : INFO : ConfigProcessor : Loading config from cache: /var/folders/l2/q8hj_6s91xnb2jxg1sqm0h7r0000gn/T/ab100dbe0e16472b56f0213f3842a00f.mpf_cache
2025-04-19 07:50:49,513 : INFO : ConfigProcessor : Loading config from cache: /var/folders/l2/q8hj_6s91xnb2jxg1sqm0h7r0000gn/T/f03ad90ccd2c053e9e5d10795d01f4ba.mpf_cache
2025-04-19 07:50:49,513 : INFO : ConfigProcessor : Loading config from cache: /var/folders/l2/q8hj_6s91xnb2jxg1sqm0h7r0000gn/T/0f3c951d4c93079ae3fac6429c5bc2ee.mpf_cache
2025-04-19 07:50:49,514 : INFO : ConfigProcessor : Loading config from cache: /var/folders/l2/q8hj_6s91xnb2jxg1sqm0h7r0000gn/T/8bf004783a280ac33d17b88f37848116.mpf_cache
2025-04-19 07:50:49,515 : INFO : ConfigProcessor : Loading config from cache: /var/folders/l2/q8hj_6s91xnb2jxg1sqm0h7r0000gn/T/d5d50eaa09e055f3a827c6269a3aa165.mpf_cache
2025-04-19 07:50:49,516 : INFO : ConfigProcessor : Loading config from cache: /var/folders/l2/q8hj_6s91xnb2jxg1sqm0h7r0000gn/T/db98bdefe8a072cec23a2527f4303b09.mpf_cache
2025-04-19 07:50:49,517 : INFO : ConfigProcessor : Loading config from cache: /var/folders/l2/q8hj_6s91xnb2jxg1sqm0h7r0000gn/T/eefb91dd78a2b4d0f2b86f7f7cb501a3.mpf_cache
2025-04-19 07:50:49,517 : INFO : ConfigProcessor : Loading config from cache: /var/folders/l2/q8hj_6s91xnb2jxg1sqm0h7r0000gn/T/d32f8b43f49e3e57afbd189fbbccae80.mpf_cache
2025-04-19 07:50:49,517 : INFO : ConfigProcessor : Loading config from cache: /var/folders/l2/q8hj_6s91xnb2jxg1sqm0h7r0000gn/T/08db62a1c5938674fa894d468364ed3e.mpf_cache
2025-04-19 07:50:49,517 : INFO : ConfigProcessor : Loading config from cache: /var/folders/l2/q8hj_6s91xnb2jxg1sqm0h7r0000gn/T/98754ca8fa1663afefe3af8297a0d59a.mpf_cache
2025-04-19 07:50:49,517 : INFO : ConfigProcessor : Loading config from cache: /var/folders/l2/q8hj_6s91xnb2jxg1sqm0h7r0000gn/T/0b5d87cc943a75a2ef030b7892588c99.mpf_cache
2025-04-19 07:50:49,518 : INFO : ConfigProcessor : Loading config from cache: /var/folders/l2/q8hj_6s91xnb2jxg1sqm0h7r0000gn/T/5545c5ff302318fa3a4687589808743d.mpf_cache
2025-04-19 07:50:49,518 : INFO : ConfigProcessor : Loading config from cache: /var/folders/l2/q8hj_6s91xnb2jxg1sqm0h7r0000gn/T/89af055c57b135455281acad4d6d7133.mpf_cache
2025-04-19 07:50:49,519 : INFO : ConfigProcessor : Loading config from cache: /var/folders/l2/q8hj_6s91xnb2jxg1sqm0h7r0000gn/T/250153cb7d132f4134a2e9b694314568.mpf_cache
2025-04-19 07:50:49,520 : INFO : ConfigProcessor : Loading config from cache: /var/folders/l2/q8hj_6s91xnb2jxg1sqm0h7r0000gn/T/bbbe87a2f82c66174798be62d4e8058c.mpf_cache
2025-04-19 07:50:49,520 : INFO : ConfigProcessor : Loading config from cache: /var/folders/l2/q8hj_6s91xnb2jxg1sqm0h7r0000gn/T/19163f2ade63f89c343f09937767f090.mpf_cache
2025-04-19 07:50:49,520 : INFO : ConfigProcessor : Loading config from cache: /var/folders/l2/q8hj_6s91xnb2jxg1sqm0h7r0000gn/T/3d6042441f881be1a2f7349307e61edc.mpf_cache
2025-04-19 07:50:49,520 : INFO : ConfigProcessor : Loading config from cache: /var/folders/l2/q8hj_6s91xnb2jxg1sqm0h7r0000gn/T/ec8975352144a60f813d3d7569bfc183.mpf_cache
2025-04-19 07:50:49,520 : INFO : Machine : Mission Pinball Framework Core Engine v0.80.0.dev4
2025-04-19 07:50:49,520 : INFO : Machine : Command line arguments: {'no_load_cache': False, 'create_config_cache': True, 'bcp': False, 'configfile': ['config.yaml'], 'force_assets_load': False, 'platform_integration_test': False, 'jsonlogging': False, 'logfile': 'logs/2025-04-19-07-50-49-mpf-Tanners-Laptop.home.local.log', 'pause': False, 'production': False, 'text_ui': True, 'loglevel': 15, 'consoleloglevel': 20, 'force_platform': 'virtual', 'syslog_address': None, 'mc_file_name': None, 'no_sound': False, 'full_logfile_path': '/Users/tannerpetch/Documents/GitHub/lofab/logs/2025-04-19-07-50-49-mpf-Tanners-Laptop.home.local.log'}
2025-04-19 07:50:49,520 : INFO : Machine : MPF path: /Library/Frameworks/Python.framework/Versions/3.11/lib/python3.11/site-packages/mpf
2025-04-19 07:50:49,520 : INFO : Machine : Machine path: /Users/tannerpetch/Documents/GitHub/lofab
2025-04-19 07:50:49,520 : INFO : Machine : Platform: darwin
2025-04-19 07:50:49,520 : INFO : Machine : Python executable location: /Library/Frameworks/Python.framework/Versions/3.11/bin/python3.11
2025-04-19 07:50:49,521 : INFO : Machine : Python version: 3.11.9 (64-bit)
2025-04-19 07:50:49,521 : INFO : Machine : Initializing MPF...
2025-04-19 07:50:49,553 : INFO : EventManager : Event: ======'machine_var_credits_string'====== Args={'value': 'FREE PLAY', 'prev_value': None, 'change': True}
2025-04-19 07:50:49,558 : INFO : EventManager : Event: ======'machine_var_master_volume'====== Args={'value': 0.5, 'prev_value': None, 'change': True}
2025-04-19 07:50:49,558 : INFO : EventManager : Event: ======'machine_var_player1_score'====== Args={'value': 1500, 'prev_value': None, 'change': True}
2025-04-19 07:50:49,558 : INFO : EventManager : Event: ======'machine_var_mpf_version'====== Args={'value': 'Mission Pinball Framework v0.80.0.dev4', 'prev_value': None, 'change': True}
2025-04-19 07:50:49,558 : INFO : EventManager : Event: ======'machine_var_mpf_extended_version'====== Args={'value': 'Mission Pinball Framework v0.80.0.dev4, Config version:6, Show version: 6, BCP version:1.1', 'prev_value': None, 'change': True}
2025-04-19 07:50:49,558 : INFO : EventManager : Event: ======'machine_var_python_version'====== Args={'value': '3.11.9', 'prev_value': None, 'change': True}
2025-04-19 07:50:49,569 : INFO : EventManager : Event: ======'machine_var_platform'====== Args={'value': 'macOS-14.3-arm64-arm-64bit', 'prev_value': None, 'change': True}
2025-04-19 07:50:49,569 : INFO : EventManager : Event: ======'machine_var_platform_system'====== Args={'value': 'Darwin', 'prev_value': None, 'change': True}
2025-04-19 07:50:49,569 : INFO : EventManager : Event: ======'machine_var_platform_release'====== Args={'value': '23.3.0', 'prev_value': None, 'change': True}
2025-04-19 07:50:49,569 : INFO : EventManager : Event: ======'machine_var_platform_version'====== Args={'value': 'Darwin Kernel Version 23.3.0: Thu Dec 21 02:29:41 PST 2023; root:xnu-10002.81.5~11/RELEASE_ARM64_T8122', 'prev_value': None, 'change': True}
2025-04-19 07:50:49,569 : INFO : EventManager : Event: ======'machine_var_platform_machine'====== Args={'value': 'arm64', 'prev_value': None, 'change': True}
2025-04-19 07:50:49,569 : INFO : EventManager : Event: ======'machine_var_log_file_path'====== Args={'value': '/Users/tannerpetch/Documents/GitHub/lofab/logs/2025-04-19-07-50-49-mpf-Tanners-Laptop.home.local.log', 'prev_value': None, 'change': True}
2025-04-19 07:50:49,569 : INFO : EventManager : Event: ======'init_phase_1'====== Args={}
2025-04-19 07:50:49,593 : INFO : EventManager : Event: ======'drop_target_bank_dt_drop_up'====== Args={}
2025-04-19 07:50:49,593 : INFO : EventManager : Event: ======'init_phase_2'====== Args={}
2025-04-19 07:50:49,596 : INFO : ball_device.bd_vuk : BCH: Initial count: 0
2025-04-19 07:50:49,596 : INFO : ball_device.bd_vuk : State: idle
2025-04-19 07:50:49,597 : INFO : ball_device.bd_trough : BCH: Initial count: 0
2025-04-19 07:50:49,597 : INFO : ball_device.bd_trough : State: idle
2025-04-19 07:50:49,600 : INFO : EventManager : Event: ======'init_phase_3'====== Args={}
2025-04-19 07:50:49,730 : INFO : EventManager : Event: ======'init_phase_4'====== Args={}
2025-04-19 07:50:49,731 : INFO : BallController : Initial balls found: 0
2025-04-19 07:50:49,731 : INFO : EventManager : Event: ======'machine_var_audits_events_game_ended'====== Args={'value': 1, 'prev_value': None, 'change': True}
2025-04-19 07:50:49,731 : INFO : EventManager : Event: ======'machine_var_audits_events_game_started'====== Args={'value': 8, 'prev_value': None, 'change': True}
2025-04-19 07:50:49,731 : INFO : EventManager : Event: ======'machine_var_audits_missing_switches_s_change_room'====== Args={'value': 8, 'prev_value': None, 'change': True}
2025-04-19 07:50:49,731 : INFO : EventManager : Event: ======'machine_var_audits_missing_switches_s_drop'====== Args={'value': 8, 'prev_value': None, 'change': True}
2025-04-19 07:50:49,731 : INFO : EventManager : Event: ======'machine_var_audits_missing_switches_s_e'====== Args={'value': 4, 'prev_value': None, 'change': True}
2025-04-19 07:50:49,731 : INFO : EventManager : Event: ======'machine_var_audits_missing_switches_s_flipper_l'====== Args={'value': 6, 'prev_value': None, 'change': True}
2025-04-19 07:50:49,732 : INFO : EventManager : Event: ======'machine_var_audits_missing_switches_s_h'====== Args={'value': 8, 'prev_value': None, 'change': True}
2025-04-19 07:50:49,732 : INFO : EventManager : Event: ======'machine_var_audits_missing_switches_s_pop'====== Args={'value': 8, 'prev_value': None, 'change': True}
2025-04-19 07:50:49,732 : INFO : EventManager : Event: ======'machine_var_audits_missing_switches_s_ramp_complete'====== Args={'value': 8, 'prev_value': None, 'change': True}
2025-04-19 07:50:49,732 : INFO : EventManager : Event: ======'machine_var_audits_missing_switches_s_ramp_l'====== Args={'value': 8, 'prev_value': None, 'change': True}
2025-04-19 07:50:49,732 : INFO : EventManager : Event: ======'machine_var_audits_missing_switches_s_ramp_middle'====== Args={'value': 8, 'prev_value': None, 'change': True}
2025-04-19 07:50:49,732 : INFO : EventManager : Event: ======'machine_var_audits_missing_switches_s_ramp_r'====== Args={'value': 8, 'prev_value': None, 'change': True}
2025-04-19 07:50:49,732 : INFO : EventManager : Event: ======'machine_var_audits_missing_switches_s_sling_l'====== Args={'value': 8, 'prev_value': None, 'change': True}
2025-04-19 07:50:49,732 : INFO : EventManager : Event: ======'machine_var_audits_missing_switches_s_sling_r'====== Args={'value': 8, 'prev_value': None, 'change': True}
2025-04-19 07:50:49,732 : INFO : EventManager : Event: ======'machine_var_audits_missing_switches_s_spinner'====== Args={'value': 8, 'prev_value': None, 'change': True}
2025-04-19 07:50:49,732 : INFO : EventManager : Event: ======'machine_var_audits_missing_switches_s_start'====== Args={'value': 6, 'prev_value': None, 'change': True}
2025-04-19 07:50:49,732 : INFO : EventManager : Event: ======'machine_var_audits_missing_switches_s_stationary_s'====== Args={'value': 3, 'prev_value': None, 'change': True}
2025-04-19 07:50:49,732 : INFO : EventManager : Event: ======'machine_var_audits_missing_switches_s_stationary_u'====== Args={'value': 1, 'prev_value': None, 'change': True}
2025-04-19 07:50:49,732 : INFO : EventManager : Event: ======'machine_var_audits_missing_switches_s_tilt_l'====== Args={'value': 8, 'prev_value': None, 'change': True}
2025-04-19 07:50:49,732 : INFO : EventManager : Event: ======'machine_var_audits_missing_switches_s_tilt_r'====== Args={'value': 8, 'prev_value': None, 'change': True}
2025-04-19 07:50:49,732 : INFO : EventManager : Event: ======'machine_var_audits_missing_switches_s_trough_1'====== Args={'value': 3, 'prev_value': None, 'change': True}
2025-04-19 07:50:49,732 : INFO : EventManager : Event: ======'machine_var_audits_missing_switches_s_trough_2'====== Args={'value': 8, 'prev_value': None, 'change': True}
2025-04-19 07:50:49,732 : INFO : EventManager : Event: ======'machine_var_audits_missing_switches_s_trough_3'====== Args={'value': 8, 'prev_value': None, 'change': True}
2025-04-19 07:50:49,732 : INFO : EventManager : Event: ======'machine_var_audits_missing_switches_s_trough_4'====== Args={'value': 3, 'prev_value': None, 'change': True}
2025-04-19 07:50:49,732 : INFO : EventManager : Event: ======'machine_var_audits_player_score'====== Args={'value': {'average': 1500, 'top': [1500], 'total': 1}, 'prev_value': None, 'change': True}
2025-04-19 07:50:49,732 : INFO : EventManager : Event: ======'machine_var_audits_shots_r_3_ball'====== Args={'value': 1, 'prev_value': None, 'change': True}
2025-04-19 07:50:49,732 : INFO : EventManager : Event: ======'machine_var_audits_shots_r_e'====== Args={'value': 2, 'prev_value': None, 'change': True}
2025-04-19 07:50:49,732 : INFO : EventManager : Event: ======'machine_var_audits_shots_r_e_rotate'====== Args={'value': 2, 'prev_value': None, 'change': True}
2025-04-19 07:50:49,732 : INFO : EventManager : Event: ======'machine_var_audits_shots_r_flipper_r_reset'====== Args={'value': 29, 'prev_value': None, 'change': True}
2025-04-19 07:50:49,732 : INFO : EventManager : Event: ======'machine_var_audits_shots_r_o'====== Args={'value': 27, 'prev_value': None, 'change': True}
2025-04-19 07:50:49,732 : INFO : EventManager : Event: ======'machine_var_audits_shots_r_o_fleshy'====== Args={'value': 27, 'prev_value': None, 'change': True}
2025-04-19 07:50:49,732 : INFO : EventManager : Event: ======'machine_var_audits_shots_r_o_rotate'====== Args={'value': 27, 'prev_value': None, 'change': True}
2025-04-19 07:50:49,732 : INFO : EventManager : Event: ======'machine_var_audits_shots_r_s'====== Args={'value': 3, 'prev_value': None, 'change': True}
2025-04-19 07:50:49,732 : INFO : EventManager : Event: ======'machine_var_audits_shots_r_s_fleshy'====== Args={'value': 3, 'prev_value': None, 'change': True}
2025-04-19 07:50:49,732 : INFO : EventManager : Event: ======'machine_var_audits_shots_r_s_rotate'====== Args={'value': 3, 'prev_value': None, 'change': True}
2025-04-19 07:50:49,732 : INFO : EventManager : Event: ======'machine_var_audits_shots_r_u'====== Args={'value': 10, 'prev_value': None, 'change': True}
2025-04-19 07:50:49,732 : INFO : EventManager : Event: ======'machine_var_audits_shots_r_u_rotate'====== Args={'value': 10, 'prev_value': None, 'change': True}
2025-04-19 07:50:49,732 : INFO : EventManager : Event: ======'machine_var_audits_shots_r_vuk'====== Args={'value': 1, 'prev_value': None, 'change': True}
2025-04-19 07:50:49,732 : INFO : EventManager : Event: ======'machine_var_audits_switches_s_change_room'====== Args={'value': 0, 'prev_value': None, 'change': True}
2025-04-19 07:50:49,732 : INFO : EventManager : Event: ======'machine_var_audits_switches_s_drop'====== Args={'value': 0, 'prev_value': None, 'change': True}
2025-04-19 07:50:49,732 : INFO : EventManager : Event: ======'machine_var_audits_switches_s_e'====== Args={'value': 2, 'prev_value': None, 'change': True}
2025-04-19 07:50:49,732 : INFO : EventManager : Event: ======'machine_var_audits_switches_s_flipper_l'====== Args={'value': 3, 'prev_value': None, 'change': True}
2025-04-19 07:50:49,733 : INFO : EventManager : Event: ======'machine_var_audits_switches_s_flipper_r'====== Args={'value': 35, 'prev_value': None, 'change': True}
2025-04-19 07:50:49,733 : INFO : EventManager : Event: ======'machine_var_audits_switches_s_h'====== Args={'value': 0, 'prev_value': None, 'change': True}
2025-04-19 07:50:49,733 : INFO : EventManager : Event: ======'machine_var_audits_switches_s_launch'====== Args={'value': 7, 'prev_value': None, 'change': True}
2025-04-19 07:50:49,733 : INFO : EventManager : Event: ======'machine_var_audits_switches_s_pop'====== Args={'value': 0, 'prev_value': None, 'change': True}
2025-04-19 07:50:49,733 : INFO : EventManager : Event: ======'machine_var_audits_switches_s_ramp_complete'====== Args={'value': 0, 'prev_value': None, 'change': True}
2025-04-19 07:50:49,733 : INFO : EventManager : Event: ======'machine_var_audits_switches_s_ramp_l'====== Args={'value': 0, 'prev_value': None, 'change': True}
2025-04-19 07:50:49,733 : INFO : EventManager : Event: ======'machine_var_audits_switches_s_ramp_middle'====== Args={'value': 0, 'prev_value': None, 'change': True}
2025-04-19 07:50:49,733 : INFO : EventManager : Event: ======'machine_var_audits_switches_s_ramp_r'====== Args={'value': 0, 'prev_value': None, 'change': True}
2025-04-19 07:50:49,733 : INFO : EventManager : Event: ======'machine_var_audits_switches_s_sling_l'====== Args={'value': 0, 'prev_value': None, 'change': True}
2025-04-19 07:50:49,733 : INFO : EventManager : Event: ======'machine_var_audits_switches_s_sling_r'====== Args={'value': 0, 'prev_value': None, 'change': True}
2025-04-19 07:50:49,733 : INFO : EventManager : Event: ======'machine_var_audits_switches_s_spinner'====== Args={'value': 0, 'prev_value': None, 'change': True}
2025-04-19 07:50:49,733 : INFO : EventManager : Event: ======'machine_var_audits_switches_s_start'====== Args={'value': 0, 'prev_value': None, 'change': True}
2025-04-19 07:50:49,733 : INFO : EventManager : Event: ======'machine_var_audits_switches_s_stationary_o'====== Args={'value': 27, 'prev_value': None, 'change': True}
2025-04-19 07:50:49,733 : INFO : EventManager : Event: ======'machine_var_audits_switches_s_stationary_s'====== Args={'value': 3, 'prev_value': None, 'change': True}
2025-04-19 07:50:49,733 : INFO : EventManager : Event: ======'machine_var_audits_switches_s_stationary_u'====== Args={'value': 10, 'prev_value': None, 'change': True}
2025-04-19 07:50:49,733 : INFO : EventManager : Event: ======'machine_var_audits_switches_s_tilt_l'====== Args={'value': 0, 'prev_value': None, 'change': True}
2025-04-19 07:50:49,733 : INFO : EventManager : Event: ======'machine_var_audits_switches_s_tilt_r'====== Args={'value': 0, 'prev_value': None, 'change': True}
2025-04-19 07:50:49,733 : INFO : EventManager : Event: ======'machine_var_audits_switches_s_trough_1'====== Args={'value': 3, 'prev_value': None, 'change': True}
2025-04-19 07:50:49,733 : INFO : EventManager : Event: ======'machine_var_audits_switches_s_trough_2'====== Args={'value': 0, 'prev_value': None, 'change': True}
2025-04-19 07:50:49,733 : INFO : EventManager : Event: ======'machine_var_audits_switches_s_trough_3'====== Args={'value': 0, 'prev_value': None, 'change': True}
2025-04-19 07:50:49,733 : INFO : EventManager : Event: ======'machine_var_audits_switches_s_trough_4'====== Args={'value': 7, 'prev_value': None, 'change': True}
2025-04-19 07:50:49,733 : INFO : EventManager : Event: ======'machine_var_audits_switches_s_vuk'====== Args={'value': 1, 'prev_value': None, 'change': True}
2025-04-19 07:50:49,734 : INFO : EventManager : Event: ======'init_phase_5'====== Args={}
2025-04-19 07:50:49,734 : INFO : EventManager : Event: ======'init_done'====== Args={}
2025-04-19 07:50:49,734 : INFO : EventManager : Event: ======'machine_reset_phase_1'====== Args={}
2025-04-19 07:50:49,734 : INFO : EventManager : Event: ======'machine_reset_phase_2'====== Args={}
2025-04-19 07:50:49,734 : INFO : EventManager : Event: ======'machine_reset_phase_3'====== Args={}
2025-04-19 07:50:49,734 : INFO : EventManager : Event: ======'reset_complete'====== Args={}
2025-04-19 07:50:49,734 : INFO : EventManager : Event: ======'mode_attract_will_start'====== Args={}
2025-04-19 07:50:49,734 : INFO : EventManager : Event: ======'mode_attract_starting'====== Args={}
2025-04-19 07:50:49,734 : INFO : Mode.attract : Started. Priority: 10
2025-04-19 07:50:49,734 : INFO : EventManager : Event: ======'modes_active_modes_changed'====== Args={}
2025-04-19 07:50:49,734 : INFO : EventManager : Event: ======'mode_attract_started'====== Args={}
2025-04-19 07:50:49,734 : INFO : coil.c_launch_light : Enabling Driver with power 1.0 (pulse_ms 10ms and pulse_power 1.0)
2025-04-19 07:50:49,734 : INFO : coil.c_start_light : Disabling Driver
2025-04-19 07:50:49,735 : INFO : EventManager : Event: ======'collecting_balls_complete'====== Args={}
2025-04-19 07:50:49,735 : INFO : Machine : Starting the main run loop.
2025-04-19 07:50:49,836 : INFO : coil.c_start_light : Disabling Driver
2025-04-19 07:50:49,836 : INFO : coil.c_launch_light : Disabling Driver
2025-04-19 07:50:50,265 : INFO : BcpServer : New client connected.
2025-04-19 07:50:50,836 : INFO : coil.c_launch_light : Enabling Driver with power 1.0 (pulse_ms 10ms and pulse_power 1.0)
2025-04-19 07:50:50,836 : INFO : coil.c_start_light : Disabling Driver
2025-04-19 07:50:50,935 : INFO : coil.c_start_light : Disabling Driver
2025-04-19 07:50:50,935 : INFO : coil.c_launch_light : Disabling Driver
2025-04-19 07:50:51,553 : INFO : Machine : Shutting down...
2025-04-19 07:50:51,553 : INFO : EventManager : Event: ======'shutdown'====== Args={}
2025-04-19 07:50:51,562 : INFO : root : MPF run loop ended.
